<?xml version="1.0" encoding="UTF-8"?>
<testsuites>
  <testsuite name="examples" timestamp="2024-11-23T23:28:05Z" hostname="ab3f7aea7c81" tests="110" skipped="110" failures="0" errors="0" time="1.467">
    <testcase time="0.0100000000000002" classname="examples" name="example_add_expr.Rd">
      <skipped message="Reason: On CRAN ('test-examples.R:120:7')"/>
    </testcase>
    <testcase time="0.0590000000000002" classname="examples" name="example_arm_ref_comp_observer.Rd">
      <skipped message="Reason: On CRAN ('test-examples.R:120:7')"/>
    </testcase>
    <testcase time="0.0329999999999999" classname="examples" name="example_as_num.Rd">
      <skipped message="Reason: On CRAN ('test-examples.R:120:7')"/>
    </testcase>
    <testcase time="0.016" classname="examples" name="example_bracket_expr.Rd">
      <skipped message="Reason: On CRAN ('test-examples.R:120:7')"/>
    </testcase>
    <testcase time="0.0149999999999997" classname="examples" name="example_call_concatenate.Rd">
      <skipped message="Reason: On CRAN ('test-examples.R:120:7')"/>
    </testcase>
    <testcase time="0.0150000000000001" classname="examples" name="example_check_arm_ref_comp.Rd">
      <skipped message="Reason: On CRAN ('test-examples.R:120:7')"/>
    </testcase>
    <testcase time="0.0150000000000001" classname="examples" name="example_clean_description.Rd">
      <skipped message="Reason: On CRAN ('test-examples.R:120:7')"/>
    </testcase>
    <testcase time="0.016" classname="examples" name="example_color_lab_values.Rd">
      <skipped message="Reason: On CRAN ('test-examples.R:120:7')"/>
    </testcase>
    <testcase time="0.016" classname="examples" name="example_column_annotation_label.Rd">
      <skipped message="Reason: On CRAN ('test-examples.R:120:7')"/>
    </testcase>
    <testcase time="0.016" classname="examples" name="example_control_tte.Rd">
      <skipped message="Reason: On CRAN ('test-examples.R:120:7')"/>
    </testcase>
    <testcase time="0.016" classname="examples" name="example_cs_to_des_filter.Rd">
      <skipped message="Reason: On CRAN ('test-examples.R:120:7')"/>
    </testcase>
    <testcase time="0.016" classname="examples" name="example_cs_to_des_select.Rd">
      <skipped message="Reason: On CRAN ('test-examples.R:120:7')"/>
    </testcase>
    <testcase time="0.0269999999999997" classname="examples" name="example_cs_to_filter_spec.Rd">
      <skipped message="Reason: On CRAN ('test-examples.R:120:7')"/>
    </testcase>
    <testcase time="0.0130000000000003" classname="examples" name="example_cs_to_select_spec.Rd">
      <skipped message="Reason: On CRAN ('test-examples.R:120:7')"/>
    </testcase>
    <testcase time="0.012" classname="examples" name="example_default_total_label.Rd">
      <skipped message="Reason: On CRAN ('test-examples.R:120:7')"/>
    </testcase>
    <testcase time="0.0129999999999999" classname="examples" name="example_ex_data.Rd">
      <skipped message="Reason: On CRAN ('test-examples.R:120:7')"/>
    </testcase>
    <testcase time="0.0129999999999999" classname="examples" name="example_extract_input.Rd">
      <skipped message="Reason: On CRAN ('test-examples.R:120:7')"/>
    </testcase>
    <testcase time="0.012" classname="examples" name="example_facet_grid_formula.Rd">
      <skipped message="Reason: On CRAN ('test-examples.R:120:7')"/>
    </testcase>
    <testcase time="0.012" classname="examples" name="example_get_g_forest_obj_var_name.Rd">
      <skipped message="Reason: On CRAN ('test-examples.R:120:7')"/>
    </testcase>
    <testcase time="0.012" classname="examples" name="example_get_paramcd_label.Rd">
      <skipped message="Reason: On CRAN ('test-examples.R:120:7')"/>
    </testcase>
    <testcase time="0.012" classname="examples" name="example_get_var_labels.Rd">
      <skipped message="Reason: On CRAN ('test-examples.R:120:7')"/>
    </testcase>
    <testcase time="0.012" classname="examples" name="example_h_concat_expr.Rd">
      <skipped message="Reason: On CRAN ('test-examples.R:120:7')"/>
    </testcase>
    <testcase time="0.012" classname="examples" name="example_is.cs_or_des.Rd">
      <skipped message="Reason: On CRAN ('test-examples.R:120:7')"/>
    </testcase>
    <testcase time="0.0110000000000001" classname="examples" name="example_make_barchart_simple_call.Rd">
      <skipped message="Reason: On CRAN ('test-examples.R:120:7')"/>
    </testcase>
    <testcase time="0.012" classname="examples" name="example_module_arguments.Rd">
      <skipped message="Reason: On CRAN ('test-examples.R:120:7')"/>
    </testcase>
    <testcase time="0.012" classname="examples" name="example_pipe_expr.Rd">
      <skipped message="Reason: On CRAN ('test-examples.R:120:7')"/>
    </testcase>
    <testcase time="0.0109999999999997" classname="examples" name="example_prepare_arm.Rd">
      <skipped message="Reason: On CRAN ('test-examples.R:120:7')"/>
    </testcase>
    <testcase time="0.012" classname="examples" name="example_prepare_arm_levels.Rd">
      <skipped message="Reason: On CRAN ('test-examples.R:120:7')"/>
    </testcase>
    <testcase time="0.012" classname="examples" name="example_split_choices.Rd">
      <skipped message="Reason: On CRAN ('test-examples.R:120:7')"/>
    </testcase>
    <testcase time="0.012" classname="examples" name="example_split_col_expr.Rd">
      <skipped message="Reason: On CRAN ('test-examples.R:120:7')"/>
    </testcase>
    <testcase time="0.0110000000000001" classname="examples" name="example_split_interactions.Rd">
      <skipped message="Reason: On CRAN ('test-examples.R:120:7')"/>
    </testcase>
    <testcase time="0.012" classname="examples" name="example_substitute_names.Rd">
      <skipped message="Reason: On CRAN ('test-examples.R:120:7')"/>
    </testcase>
    <testcase time="0.0110000000000001" classname="examples" name="example_substitute_q.Rd">
      <skipped message="Reason: On CRAN ('test-examples.R:120:7')"/>
    </testcase>
    <testcase time="0.012" classname="examples" name="example_teal.modules.clinical_package.Rd">
      <skipped message="Reason: On CRAN ('test-examples.R:120:7')"/>
    </testcase>
    <testcase time="0.016" classname="examples" name="example_template_a_gee.Rd">
      <skipped message="Reason: On CRAN ('test-examples.R:120:7')"/>
    </testcase>
    <testcase time="0.012" classname="examples" name="example_template_abnormality.Rd">
      <skipped message="Reason: On CRAN ('test-examples.R:120:7')"/>
    </testcase>
    <testcase time="0.012" classname="examples" name="example_template_abnormality_by_worst_grade.Rd">
      <skipped message="Reason: On CRAN ('test-examples.R:120:7')"/>
    </testcase>
    <testcase time="0.0109999999999997" classname="examples" name="example_template_adverse_events.Rd">
      <skipped message="Reason: On CRAN ('test-examples.R:120:7')"/>
    </testcase>
    <testcase time="0.012" classname="examples" name="example_template_ancova.Rd">
      <skipped message="Reason: On CRAN ('test-examples.R:120:7')"/>
    </testcase>
    <testcase time="0.012" classname="examples" name="example_template_arguments.Rd">
      <skipped message="Reason: On CRAN ('test-examples.R:120:7')"/>
    </testcase>
    <testcase time="0.012" classname="examples" name="example_template_basic_info.Rd">
      <skipped message="Reason: On CRAN ('test-examples.R:120:7')"/>
    </testcase>
    <testcase time="0.012" classname="examples" name="example_template_binary_outcome.Rd">
      <skipped message="Reason: On CRAN ('test-examples.R:120:7')"/>
    </testcase>
    <testcase time="0.0110000000000001" classname="examples" name="example_template_coxreg_m.Rd">
      <skipped message="Reason: On CRAN ('test-examples.R:120:7')"/>
    </testcase>
    <testcase time="0.012" classname="examples" name="example_template_coxreg_u.Rd">
      <skipped message="Reason: On CRAN ('test-examples.R:120:7')"/>
    </testcase>
    <testcase time="0.012" classname="examples" name="example_template_events.Rd">
      <skipped message="Reason: On CRAN ('test-examples.R:120:7')"/>
    </testcase>
    <testcase time="0.012" classname="examples" name="example_template_events_by_grade.Rd">
      <skipped message="Reason: On CRAN ('test-examples.R:120:7')"/>
    </testcase>
    <testcase time="0.0110000000000001" classname="examples" name="example_template_events_col_by_grade.Rd">
      <skipped message="Reason: On CRAN ('test-examples.R:120:7')"/>
    </testcase>
    <testcase time="0.012" classname="examples" name="example_template_events_patyear.Rd">
      <skipped message="Reason: On CRAN ('test-examples.R:120:7')"/>
    </testcase>
    <testcase time="0.0129999999999999" classname="examples" name="example_template_events_summary.Rd">
      <skipped message="Reason: On CRAN ('test-examples.R:120:7')"/>
    </testcase>
    <testcase time="0.012" classname="examples" name="example_template_exposure.Rd">
      <skipped message="Reason: On CRAN ('test-examples.R:120:7')"/>
    </testcase>
    <testcase time="0.012" classname="examples" name="example_template_fit_mmrm.Rd">
      <skipped message="Reason: On CRAN ('test-examples.R:120:7')"/>
    </testcase>
    <testcase time="0.012" classname="examples" name="example_template_forest_rsp.Rd">
      <skipped message="Reason: On CRAN ('test-examples.R:120:7')"/>
    </testcase>
    <testcase time="0.012" classname="examples" name="example_template_forest_tte.Rd">
      <skipped message="Reason: On CRAN ('test-examples.R:120:7')"/>
    </testcase>
    <testcase time="0.012" classname="examples" name="example_template_g_ci.Rd">
      <skipped message="Reason: On CRAN ('test-examples.R:120:7')"/>
    </testcase>
    <testcase time="0.012" classname="examples" name="example_template_g_ipp.Rd">
      <skipped message="Reason: On CRAN ('test-examples.R:120:7')"/>
    </testcase>
    <testcase time="0.0109999999999997" classname="examples" name="example_template_g_km.Rd">
      <skipped message="Reason: On CRAN ('test-examples.R:120:7')"/>
    </testcase>
    <testcase time="0.0350000000000001" classname="examples" name="example_template_g_lineplot.Rd">
      <skipped message="Reason: On CRAN ('test-examples.R:120:7')"/>
    </testcase>
    <testcase time="0.012" classname="examples" name="example_template_laboratory.Rd">
      <skipped message="Reason: On CRAN ('test-examples.R:120:7')"/>
    </testcase>
    <testcase time="0.0129999999999999" classname="examples" name="example_template_logistic.Rd">
      <skipped message="Reason: On CRAN ('test-examples.R:120:7')"/>
    </testcase>
    <testcase time="0.012" classname="examples" name="example_template_medical_history.Rd">
      <skipped message="Reason: On CRAN ('test-examples.R:120:7')"/>
    </testcase>
    <testcase time="0.012" classname="examples" name="example_template_mult_events.Rd">
      <skipped message="Reason: On CRAN ('test-examples.R:120:7')"/>
    </testcase>
    <testcase time="0.012" classname="examples" name="example_template_patient_timeline.Rd">
      <skipped message="Reason: On CRAN ('test-examples.R:120:7')"/>
    </testcase>
    <testcase time="0.0110000000000001" classname="examples" name="example_template_prior_medication.Rd">
      <skipped message="Reason: On CRAN ('test-examples.R:120:7')"/>
    </testcase>
    <testcase time="0.012" classname="examples" name="example_template_shift_by_arm.Rd">
      <skipped message="Reason: On CRAN ('test-examples.R:120:7')"/>
    </testcase>
    <testcase time="0.012" classname="examples" name="example_template_shift_by_arm_by_worst.Rd">
      <skipped message="Reason: On CRAN ('test-examples.R:120:7')"/>
    </testcase>
    <testcase time="0.012" classname="examples" name="example_template_shift_by_grade.Rd">
      <skipped message="Reason: On CRAN ('test-examples.R:120:7')"/>
    </testcase>
    <testcase time="0.012" classname="examples" name="example_template_smq.Rd">
      <skipped message="Reason: On CRAN ('test-examples.R:120:7')"/>
    </testcase>
    <testcase time="0.012" classname="examples" name="example_template_summary.Rd">
      <skipped message="Reason: On CRAN ('test-examples.R:120:7')"/>
    </testcase>
    <testcase time="0.012" classname="examples" name="example_template_summary_by.Rd">
      <skipped message="Reason: On CRAN ('test-examples.R:120:7')"/>
    </testcase>
    <testcase time="0.012" classname="examples" name="example_template_therapy.Rd">
      <skipped message="Reason: On CRAN ('test-examples.R:120:7')"/>
    </testcase>
    <testcase time="0.0129999999999999" classname="examples" name="example_template_tte.Rd">
      <skipped message="Reason: On CRAN ('test-examples.R:120:7')"/>
    </testcase>
    <testcase time="0.012" classname="examples" name="example_template_vitals.Rd">
      <skipped message="Reason: On CRAN ('test-examples.R:120:7')"/>
    </testcase>
    <testcase time="0.012" classname="examples" name="example_tm_a_gee.Rd">
      <skipped message="Reason: On CRAN ('test-examples.R:120:7')"/>
    </testcase>
    <testcase time="0.012" classname="examples" name="example_tm_a_mmrm.Rd">
      <skipped message="Reason: On CRAN ('test-examples.R:120:7')"/>
    </testcase>
    <testcase time="0.012" classname="examples" name="example_tm_g_barchart_simple.Rd">
      <skipped message="Reason: On CRAN ('test-examples.R:120:7')"/>
    </testcase>
    <testcase time="0.012" classname="examples" name="example_tm_g_ci.Rd">
      <skipped message="Reason: On CRAN ('test-examples.R:120:7')"/>
    </testcase>
    <testcase time="0.012" classname="examples" name="example_tm_g_forest_rsp.Rd">
      <skipped message="Reason: On CRAN ('test-examples.R:120:7')"/>
    </testcase>
    <testcase time="0.0170000000000003" classname="examples" name="example_tm_g_forest_tte.Rd">
      <skipped message="Reason: On CRAN ('test-examples.R:120:7')"/>
    </testcase>
    <testcase time="0.012" classname="examples" name="example_tm_g_ipp.Rd">
      <skipped message="Reason: On CRAN ('test-examples.R:120:7')"/>
    </testcase>
    <testcase time="0.0119999999999996" classname="examples" name="example_tm_g_km.Rd">
      <skipped message="Reason: On CRAN ('test-examples.R:120:7')"/>
    </testcase>
    <testcase time="0.012" classname="examples" name="example_tm_g_lineplot.Rd">
      <skipped message="Reason: On CRAN ('test-examples.R:120:7')"/>
    </testcase>
    <testcase time="0.012" classname="examples" name="example_tm_g_pp_adverse_events.Rd">
      <skipped message="Reason: On CRAN ('test-examples.R:120:7')"/>
    </testcase>
    <testcase time="0.012" classname="examples" name="example_tm_g_pp_patient_timeline.Rd">
      <skipped message="Reason: On CRAN ('test-examples.R:120:7')"/>
    </testcase>
    <testcase time="0.012" classname="examples" name="example_tm_g_pp_therapy.Rd">
      <skipped message="Reason: On CRAN ('test-examples.R:120:7')"/>
    </testcase>
    <testcase time="0.0129999999999999" classname="examples" name="example_tm_g_pp_vitals.Rd">
      <skipped message="Reason: On CRAN ('test-examples.R:120:7')"/>
    </testcase>
    <testcase time="0.012" classname="examples" name="example_tm_t_abnormality.Rd">
      <skipped message="Reason: On CRAN ('test-examples.R:120:7')"/>
    </testcase>
    <testcase time="0.012" classname="examples" name="example_tm_t_abnormality_by_worst_grade.Rd">
      <skipped message="Reason: On CRAN ('test-examples.R:120:7')"/>
    </testcase>
    <testcase time="0.012" classname="examples" name="example_tm_t_ancova.Rd">
      <skipped message="Reason: On CRAN ('test-examples.R:120:7')"/>
    </testcase>
    <testcase time="0.012" classname="examples" name="example_tm_t_binary_outcome.Rd">
      <skipped message="Reason: On CRAN ('test-examples.R:120:7')"/>
    </testcase>
    <testcase time="0.012" classname="examples" name="example_tm_t_coxreg.Rd">
      <skipped message="Reason: On CRAN ('test-examples.R:120:7')"/>
    </testcase>
    <testcase time="0.012" classname="examples" name="example_tm_t_events.Rd">
      <skipped message="Reason: On CRAN ('test-examples.R:120:7')"/>
    </testcase>
    <testcase time="0.0109999999999997" classname="examples" name="example_tm_t_events_by_grade.Rd">
      <skipped message="Reason: On CRAN ('test-examples.R:120:7')"/>
    </testcase>
    <testcase time="0.012" classname="examples" name="example_tm_t_events_patyear.Rd">
      <skipped message="Reason: On CRAN ('test-examples.R:120:7')"/>
    </testcase>
    <testcase time="0.012" classname="examples" name="example_tm_t_events_summary.Rd">
      <skipped message="Reason: On CRAN ('test-examples.R:120:7')"/>
    </testcase>
    <testcase time="0.012" classname="examples" name="example_tm_t_exposure.Rd">
      <skipped message="Reason: On CRAN ('test-examples.R:120:7')"/>
    </testcase>
    <testcase time="0.012" classname="examples" name="example_tm_t_logistic.Rd">
      <skipped message="Reason: On CRAN ('test-examples.R:120:7')"/>
    </testcase>
    <testcase time="0.012" classname="examples" name="example_tm_t_mult_events.Rd">
      <skipped message="Reason: On CRAN ('test-examples.R:120:7')"/>
    </testcase>
    <testcase time="0.012" classname="examples" name="example_tm_t_pp_basic_info.Rd">
      <skipped message="Reason: On CRAN ('test-examples.R:120:7')"/>
    </testcase>
    <testcase time="0.016" classname="examples" name="example_tm_t_pp_laboratory.Rd">
      <skipped message="Reason: On CRAN ('test-examples.R:120:7')"/>
    </testcase>
    <testcase time="0.012" classname="examples" name="example_tm_t_pp_medical_history.Rd">
      <skipped message="Reason: On CRAN ('test-examples.R:120:7')"/>
    </testcase>
    <testcase time="0.012" classname="examples" name="example_tm_t_pp_prior_medication.Rd">
      <skipped message="Reason: On CRAN ('test-examples.R:120:7')"/>
    </testcase>
    <testcase time="0.012" classname="examples" name="example_tm_t_shift_by_arm.Rd">
      <skipped message="Reason: On CRAN ('test-examples.R:120:7')"/>
    </testcase>
    <testcase time="0.012" classname="examples" name="example_tm_t_shift_by_arm_by_worst.Rd">
      <skipped message="Reason: On CRAN ('test-examples.R:120:7')"/>
    </testcase>
    <testcase time="0.012" classname="examples" name="example_tm_t_shift_by_grade.Rd">
      <skipped message="Reason: On CRAN ('test-examples.R:120:7')"/>
    </testcase>
    <testcase time="0.012" classname="examples" name="example_tm_t_smq.Rd">
      <skipped message="Reason: On CRAN ('test-examples.R:120:7')"/>
    </testcase>
    <testcase time="0.012" classname="examples" name="example_tm_t_summary.Rd">
      <skipped message="Reason: On CRAN ('test-examples.R:120:7')"/>
    </testcase>
    <testcase time="0.012" classname="examples" name="example_tm_t_summary_by.Rd">
      <skipped message="Reason: On CRAN ('test-examples.R:120:7')"/>
    </testcase>
    <testcase time="0.012" classname="examples" name="example_tm_t_tte.Rd">
      <skipped message="Reason: On CRAN ('test-examples.R:120:7')"/>
    </testcase>
    <testcase time="0.012" classname="examples" name="example_validate_arm.Rd">
      <skipped message="Reason: On CRAN ('test-examples.R:120:7')"/>
    </testcase>
    <testcase time="0.012" classname="examples" name="example_validate_standard_inputs.Rd">
      <skipped message="Reason: On CRAN ('test-examples.R:120:7')"/>
    </testcase>
  </testsuite>
  <testsuite name="facet_grid_formula" timestamp="2024-11-23T23:28:06Z" hostname="ab3f7aea7c81" tests="4" skipped="0" failures="0" errors="0" time="0.031">
    <testcase time="0.0230000000000001" classname="facet_grid_formula" name="facet_grid_formula_works"/>
    <testcase time="0.00199999999999978" classname="facet_grid_formula" name="facet_grid_formula_works"/>
    <testcase time="0.00300000000000011" classname="facet_grid_formula" name="facet_grid_formula_works"/>
    <testcase time="0.00300000000000011" classname="facet_grid_formula" name="facet_grid_formula_works"/>
  </testsuite>
  <testsuite name="shinytest2-tm_a_gee" timestamp="2024-11-23T23:28:06Z" hostname="ab3f7aea7c81" tests="48" skipped="0" failures="0" errors="0" time="135.569">
    <testcase time="7.646" classname="shinytest2_tm_a_gee" name="e2e_tm_a_gee_Module_initializes_in_teal_without_errors_and_produces_table_output."/>
    <testcase time="0.00599999999999845" classname="shinytest2_tm_a_gee" name="e2e_tm_a_gee_Module_initializes_in_teal_without_errors_and_produces_table_output."/>
    <testcase time="2.097" classname="shinytest2_tm_a_gee" name="e2e_tm_a_gee_Module_initializes_in_teal_without_errors_and_produces_table_output."/>
    <testcase time="6.971" classname="shinytest2_tm_a_gee" name="e2e_tm_a_gee_Starts_with_specified_label_id_var_arm_var_visit_var_paramcd_cov_var_conf_level_and_conf_struct."/>
    <testcase time="0.0910000000000011" classname="shinytest2_tm_a_gee" name="e2e_tm_a_gee_Starts_with_specified_label_id_var_arm_var_visit_var_paramcd_cov_var_conf_level_and_conf_struct."/>
    <testcase time="0.0519999999999996" classname="shinytest2_tm_a_gee" name="e2e_tm_a_gee_Starts_with_specified_label_id_var_arm_var_visit_var_paramcd_cov_var_conf_level_and_conf_struct."/>
    <testcase time="0.0560000000000009" classname="shinytest2_tm_a_gee" name="e2e_tm_a_gee_Starts_with_specified_label_id_var_arm_var_visit_var_paramcd_cov_var_conf_level_and_conf_struct."/>
    <testcase time="0.0519999999999996" classname="shinytest2_tm_a_gee" name="e2e_tm_a_gee_Starts_with_specified_label_id_var_arm_var_visit_var_paramcd_cov_var_conf_level_and_conf_struct."/>
    <testcase time="0.0519999999999996" classname="shinytest2_tm_a_gee" name="e2e_tm_a_gee_Starts_with_specified_label_id_var_arm_var_visit_var_paramcd_cov_var_conf_level_and_conf_struct."/>
    <testcase time="0.0510000000000019" classname="shinytest2_tm_a_gee" name="e2e_tm_a_gee_Starts_with_specified_label_id_var_arm_var_visit_var_paramcd_cov_var_conf_level_and_conf_struct."/>
    <testcase time="0.0519999999999996" classname="shinytest2_tm_a_gee" name="e2e_tm_a_gee_Starts_with_specified_label_id_var_arm_var_visit_var_paramcd_cov_var_conf_level_and_conf_struct."/>
    <testcase time="0.0519999999999996" classname="shinytest2_tm_a_gee" name="e2e_tm_a_gee_Starts_with_specified_label_id_var_arm_var_visit_var_paramcd_cov_var_conf_level_and_conf_struct."/>
    <testcase time="0.00499999999999901" classname="shinytest2_tm_a_gee" name="e2e_tm_a_gee_Starts_with_specified_label_id_var_arm_var_visit_var_paramcd_cov_var_conf_level_and_conf_struct."/>
    <testcase time="8.19" classname="shinytest2_tm_a_gee" name="e2e_tm_a_gee_Selection_of_id_var_does_not_change_the_table_and_does_not_throw_validation_errors."/>
    <testcase time="0.00600000000000023" classname="shinytest2_tm_a_gee" name="e2e_tm_a_gee_Selection_of_id_var_does_not_change_the_table_and_does_not_throw_validation_errors."/>
    <testcase time="7.584" classname="shinytest2_tm_a_gee" name="e2e_tm_a_gee_Deselection_of_id_var_throws_validation_error."/>
    <testcase time="0.00500000000000256" classname="shinytest2_tm_a_gee" name="e2e_tm_a_gee_Deselection_of_id_var_throws_validation_error."/>
    <testcase time="0.0069999999999979" classname="shinytest2_tm_a_gee" name="e2e_tm_a_gee_Deselection_of_id_var_throws_validation_error."/>
    <testcase time="7.985" classname="shinytest2_tm_a_gee" name="e2e_tm_a_gee_Change_in_arm_var_changes_the_table_and_does_not_throw_validation_errors."/>
    <testcase time="0.00600000000000023" classname="shinytest2_tm_a_gee" name="e2e_tm_a_gee_Change_in_arm_var_changes_the_table_and_does_not_throw_validation_errors."/>
    <testcase time="7.581" classname="shinytest2_tm_a_gee" name="e2e_tm_a_gee_Deselection_of_arm_var_throws_validation_error."/>
    <testcase time="0.00500000000000256" classname="shinytest2_tm_a_gee" name="e2e_tm_a_gee_Deselection_of_arm_var_throws_validation_error."/>
    <testcase time="0.00600000000000023" classname="shinytest2_tm_a_gee" name="e2e_tm_a_gee_Deselection_of_arm_var_throws_validation_error."/>
    <testcase time="8.16999999999999" classname="shinytest2_tm_a_gee" name="e2e_tm_a_gee_Selection_of_visit_var_does_not_change_the_table_and_does_not_throw_validation_errors."/>
    <testcase time="0.00600000000000023" classname="shinytest2_tm_a_gee" name="e2e_tm_a_gee_Selection_of_visit_var_does_not_change_the_table_and_does_not_throw_validation_errors."/>
    <testcase time="8.11200000000001" classname="shinytest2_tm_a_gee" name="e2e_tm_a_gee_Deselection_of_visit_var_throws_validation_error."/>
    <testcase time="0.00699999999999079" classname="shinytest2_tm_a_gee" name="e2e_tm_a_gee_Deselection_of_visit_var_throws_validation_error."/>
    <testcase time="0.00600000000000023" classname="shinytest2_tm_a_gee" name="e2e_tm_a_gee_Deselection_of_visit_var_throws_validation_error."/>
    <testcase time="8.14400000000001" classname="shinytest2_tm_a_gee" name="e2e_tm_a_gee_Selection_of_paramcd_changes_the_table_and_does_not_throw_validation_errors."/>
    <testcase time="0.00600000000000023" classname="shinytest2_tm_a_gee" name="e2e_tm_a_gee_Selection_of_paramcd_changes_the_table_and_does_not_throw_validation_errors."/>
    <testcase time="7.64100000000001" classname="shinytest2_tm_a_gee" name="e2e_tm_a_gee_Deselection_of_paramcd_throws_validation_error."/>
    <testcase time="0.00600000000000023" classname="shinytest2_tm_a_gee" name="e2e_tm_a_gee_Deselection_of_paramcd_throws_validation_error."/>
    <testcase time="0.00600000000000023" classname="shinytest2_tm_a_gee" name="e2e_tm_a_gee_Deselection_of_paramcd_throws_validation_error."/>
    <testcase time="8.22" classname="shinytest2_tm_a_gee" name="e2e_tm_a_gee_Selection_of_cov_var_changes_the_table_and_does_not_throw_validation_errors."/>
    <testcase time="0.00600000000000023" classname="shinytest2_tm_a_gee" name="e2e_tm_a_gee_Selection_of_cov_var_changes_the_table_and_does_not_throw_validation_errors."/>
    <testcase time="7.96000000000001" classname="shinytest2_tm_a_gee" name="e2e_tm_a_gee_Selection_of_conf_level_changes_the_table_and_does_not_throw_validation_errors."/>
    <testcase time="0.00600000000000023" classname="shinytest2_tm_a_gee" name="e2e_tm_a_gee_Selection_of_conf_level_changes_the_table_and_does_not_throw_validation_errors."/>
    <testcase time="7.68199999999999" classname="shinytest2_tm_a_gee" name="e2e_tm_a_gee_Selection_of_conf_level_out_of_0_1_range_throws_validation_error."/>
    <testcase time="0.00600000000000023" classname="shinytest2_tm_a_gee" name="e2e_tm_a_gee_Selection_of_conf_level_out_of_0_1_range_throws_validation_error."/>
    <testcase time="0.00600000000000023" classname="shinytest2_tm_a_gee" name="e2e_tm_a_gee_Selection_of_conf_level_out_of_0_1_range_throws_validation_error."/>
    <testcase time="7.655" classname="shinytest2_tm_a_gee" name="e2e_tm_a_gee_Deselection_of_conf_level_throws_validation_error."/>
    <testcase time="0.00500000000000966" classname="shinytest2_tm_a_gee" name="e2e_tm_a_gee_Deselection_of_conf_level_throws_validation_error."/>
    <testcase time="0.00600000000000023" classname="shinytest2_tm_a_gee" name="e2e_tm_a_gee_Deselection_of_conf_level_throws_validation_error."/>
    <testcase time="7.999" classname="shinytest2_tm_a_gee" name="e2e_tm_a_gee_Selection_of_cor_struct_changes_the_table_and_does_not_throw_validation_errors."/>
    <testcase time="0.00600000000000023" classname="shinytest2_tm_a_gee" name="e2e_tm_a_gee_Selection_of_cor_struct_changes_the_table_and_does_not_throw_validation_errors."/>
    <testcase time="7.66799999999999" classname="shinytest2_tm_a_gee" name="e2e_tm_a_gee_Deselection_of_cor_struct_does_not_throw_validation_error."/>
    <testcase time="7.67600000000002" classname="shinytest2_tm_a_gee" name="e2e_tm_a_gee_Selection_of_output_table_changes_the_table_and_doesn_t_throw_validation_error."/>
    <testcase time="0.00600000000000023" classname="shinytest2_tm_a_gee" name="e2e_tm_a_gee_Selection_of_output_table_changes_the_table_and_doesn_t_throw_validation_error."/>
  </testsuite>
  <testsuite name="shinytest2-tm_a_mmrm" timestamp="2024-11-23T23:30:22Z" hostname="ab3f7aea7c81" tests="309" skipped="0" failures="0" errors="0" time="732.843">
    <testcase time="6.22999999999999" classname="shinytest2_tm_a_mmrm" name="e2e_tm_a_mmrm_Module_initializes_in_teal_without_errors_and_displays_a_message_to_click_Fit_Model_."/>
    <testcase time="0.00499999999999545" classname="shinytest2_tm_a_mmrm" name="e2e_tm_a_mmrm_Module_initializes_in_teal_without_errors_and_displays_a_message_to_click_Fit_Model_."/>
    <testcase time="0.0040000000000191" classname="shinytest2_tm_a_mmrm" name="e2e_tm_a_mmrm_Module_initializes_in_teal_without_errors_and_displays_a_message_to_click_Fit_Model_."/>
    <testcase time="6.298" classname="shinytest2_tm_a_mmrm" name="e2e_tm_a_mmrm_Module_initializes_with_specified_label_aval_var_paramcd_visit_var_cov_var_arm_var_buckets_combine_comp_arms_id_var_cor_struct_weights_emmeans_conf_level_method_parallel_and_output_function."/>
    <testcase time="0.0929999999999893" classname="shinytest2_tm_a_mmrm" name="e2e_tm_a_mmrm_Module_initializes_with_specified_label_aval_var_paramcd_visit_var_cov_var_arm_var_buckets_combine_comp_arms_id_var_cor_struct_weights_emmeans_conf_level_method_parallel_and_output_function."/>
    <testcase time="0.0509999999999877" classname="shinytest2_tm_a_mmrm" name="e2e_tm_a_mmrm_Module_initializes_with_specified_label_aval_var_paramcd_visit_var_cov_var_arm_var_buckets_combine_comp_arms_id_var_cor_struct_weights_emmeans_conf_level_method_parallel_and_output_function."/>
    <testcase time="0.0520000000000209" classname="shinytest2_tm_a_mmrm" name="e2e_tm_a_mmrm_Module_initializes_with_specified_label_aval_var_paramcd_visit_var_cov_var_arm_var_buckets_combine_comp_arms_id_var_cor_struct_weights_emmeans_conf_level_method_parallel_and_output_function."/>
    <testcase time="0.0519999999999925" classname="shinytest2_tm_a_mmrm" name="e2e_tm_a_mmrm_Module_initializes_with_specified_label_aval_var_paramcd_visit_var_cov_var_arm_var_buckets_combine_comp_arms_id_var_cor_struct_weights_emmeans_conf_level_method_parallel_and_output_function."/>
    <testcase time="0.0519999999999925" classname="shinytest2_tm_a_mmrm" name="e2e_tm_a_mmrm_Module_initializes_with_specified_label_aval_var_paramcd_visit_var_cov_var_arm_var_buckets_combine_comp_arms_id_var_cor_struct_weights_emmeans_conf_level_method_parallel_and_output_function."/>
    <testcase time="0.0519999999999925" classname="shinytest2_tm_a_mmrm" name="e2e_tm_a_mmrm_Module_initializes_with_specified_label_aval_var_paramcd_visit_var_cov_var_arm_var_buckets_combine_comp_arms_id_var_cor_struct_weights_emmeans_conf_level_method_parallel_and_output_function."/>
    <testcase time="0.0520000000000209" classname="shinytest2_tm_a_mmrm" name="e2e_tm_a_mmrm_Module_initializes_with_specified_label_aval_var_paramcd_visit_var_cov_var_arm_var_buckets_combine_comp_arms_id_var_cor_struct_weights_emmeans_conf_level_method_parallel_and_output_function."/>
    <testcase time="0.0519999999999925" classname="shinytest2_tm_a_mmrm" name="e2e_tm_a_mmrm_Module_initializes_with_specified_label_aval_var_paramcd_visit_var_cov_var_arm_var_buckets_combine_comp_arms_id_var_cor_struct_weights_emmeans_conf_level_method_parallel_and_output_function."/>
    <testcase time="0.0519999999999925" classname="shinytest2_tm_a_mmrm" name="e2e_tm_a_mmrm_Module_initializes_with_specified_label_aval_var_paramcd_visit_var_cov_var_arm_var_buckets_combine_comp_arms_id_var_cor_struct_weights_emmeans_conf_level_method_parallel_and_output_function."/>
    <testcase time="0.0529999999999973" classname="shinytest2_tm_a_mmrm" name="e2e_tm_a_mmrm_Module_initializes_with_specified_label_aval_var_paramcd_visit_var_cov_var_arm_var_buckets_combine_comp_arms_id_var_cor_struct_weights_emmeans_conf_level_method_parallel_and_output_function."/>
    <testcase time="0.0510000000000161" classname="shinytest2_tm_a_mmrm" name="e2e_tm_a_mmrm_Module_initializes_with_specified_label_aval_var_paramcd_visit_var_cov_var_arm_var_buckets_combine_comp_arms_id_var_cor_struct_weights_emmeans_conf_level_method_parallel_and_output_function."/>
    <testcase time="0.0519999999999925" classname="shinytest2_tm_a_mmrm" name="e2e_tm_a_mmrm_Module_initializes_with_specified_label_aval_var_paramcd_visit_var_cov_var_arm_var_buckets_combine_comp_arms_id_var_cor_struct_weights_emmeans_conf_level_method_parallel_and_output_function."/>
    <testcase time="0.0519999999999925" classname="shinytest2_tm_a_mmrm" name="e2e_tm_a_mmrm_Module_initializes_with_specified_label_aval_var_paramcd_visit_var_cov_var_arm_var_buckets_combine_comp_arms_id_var_cor_struct_weights_emmeans_conf_level_method_parallel_and_output_function."/>
    <testcase time="0.0519999999999925" classname="shinytest2_tm_a_mmrm" name="e2e_tm_a_mmrm_Module_initializes_with_specified_label_aval_var_paramcd_visit_var_cov_var_arm_var_buckets_combine_comp_arms_id_var_cor_struct_weights_emmeans_conf_level_method_parallel_and_output_function."/>
    <testcase time="9.67500000000001" classname="shinytest2_tm_a_mmrm" name="e2e_tm_a_mmrm_Click_on_fit_model_shows_table_for_default_selection."/>
    <testcase time="0.0900000000000034" classname="shinytest2_tm_a_mmrm" name="e2e_tm_a_mmrm_Click_on_fit_model_shows_table_for_default_selection."/>
    <testcase time="0.00499999999999545" classname="shinytest2_tm_a_mmrm" name="e2e_tm_a_mmrm_Click_on_fit_model_shows_table_for_default_selection."/>
    <testcase time="11.976" classname="shinytest2_tm_a_mmrm" name="e2e_tm_a_mmrm_Function_t_mmrm_lsmeans_selection_shows_output_settings_changing_settings_throws_no_validation_errors_and_verify_visibility_of_generated_tables."/>
    <testcase time="0.519000000000005" classname="shinytest2_tm_a_mmrm" name="e2e_tm_a_mmrm_Function_t_mmrm_lsmeans_selection_shows_output_settings_changing_settings_throws_no_validation_errors_and_verify_visibility_of_generated_tables."/>
    <testcase time="0.0809999999999889" classname="shinytest2_tm_a_mmrm" name="e2e_tm_a_mmrm_Function_t_mmrm_lsmeans_selection_shows_output_settings_changing_settings_throws_no_validation_errors_and_verify_visibility_of_generated_tables."/>
    <testcase time="0.933000000000021" classname="shinytest2_tm_a_mmrm" name="e2e_tm_a_mmrm_Function_t_mmrm_lsmeans_selection_shows_output_settings_changing_settings_throws_no_validation_errors_and_verify_visibility_of_generated_tables."/>
    <testcase time="11.645" classname="shinytest2_tm_a_mmrm" name="e2e_tm_a_mmrm_Function_g_mmrm_lsmeans_selection_shows_output_settings_changing_settings_throws_no_validation_errors_and_verify_visibility_of_generated_plots."/>
    <testcase time="1.15000000000001" classname="shinytest2_tm_a_mmrm" name="e2e_tm_a_mmrm_Function_g_mmrm_lsmeans_selection_shows_output_settings_changing_settings_throws_no_validation_errors_and_verify_visibility_of_generated_plots."/>
    <testcase time="0.0529999999999973" classname="shinytest2_tm_a_mmrm" name="e2e_tm_a_mmrm_Function_g_mmrm_lsmeans_selection_shows_output_settings_changing_settings_throws_no_validation_errors_and_verify_visibility_of_generated_plots."/>
    <testcase time="0.896000000000015" classname="shinytest2_tm_a_mmrm" name="e2e_tm_a_mmrm_Function_g_mmrm_lsmeans_selection_shows_output_settings_changing_settings_throws_no_validation_errors_and_verify_visibility_of_generated_plots."/>
    <testcase time="0.794999999999987" classname="shinytest2_tm_a_mmrm" name="e2e_tm_a_mmrm_Function_g_mmrm_lsmeans_selection_shows_output_settings_changing_settings_throws_no_validation_errors_and_verify_visibility_of_generated_plots."/>
    <testcase time="0.861999999999995" classname="shinytest2_tm_a_mmrm" name="e2e_tm_a_mmrm_Function_g_mmrm_lsmeans_selection_shows_output_settings_changing_settings_throws_no_validation_errors_and_verify_visibility_of_generated_plots."/>
    <testcase time="0.850999999999999" classname="shinytest2_tm_a_mmrm" name="e2e_tm_a_mmrm_Function_g_mmrm_lsmeans_selection_shows_output_settings_changing_settings_throws_no_validation_errors_and_verify_visibility_of_generated_plots."/>
    <testcase time="0.876000000000005" classname="shinytest2_tm_a_mmrm" name="e2e_tm_a_mmrm_Function_g_mmrm_lsmeans_selection_shows_output_settings_changing_settings_throws_no_validation_errors_and_verify_visibility_of_generated_plots."/>
    <testcase time="0.0229999999999961" classname="shinytest2_tm_a_mmrm" name="e2e_tm_a_mmrm_Function_g_mmrm_lsmeans_selection_shows_output_settings_changing_settings_throws_no_validation_errors_and_verify_visibility_of_generated_plots."/>
    <testcase time="0.00200000000000955" classname="shinytest2_tm_a_mmrm" name="e2e_tm_a_mmrm_Function_g_mmrm_lsmeans_selection_shows_output_settings_changing_settings_throws_no_validation_errors_and_verify_visibility_of_generated_plots."/>
    <testcase time="11.535" classname="shinytest2_tm_a_mmrm" name="e2e_tm_a_mmrm_Function_g_mmrm_diagnostic_selection_shows_output_settings_changing_settings_throws_no_validation_errors_and_verify_visibility_of_generated_plots."/>
    <testcase time="1.233" classname="shinytest2_tm_a_mmrm" name="e2e_tm_a_mmrm_Function_g_mmrm_diagnostic_selection_shows_output_settings_changing_settings_throws_no_validation_errors_and_verify_visibility_of_generated_plots."/>
    <testcase time="0.025999999999982" classname="shinytest2_tm_a_mmrm" name="e2e_tm_a_mmrm_Function_g_mmrm_diagnostic_selection_shows_output_settings_changing_settings_throws_no_validation_errors_and_verify_visibility_of_generated_plots."/>
    <testcase time="0.779000000000025" classname="shinytest2_tm_a_mmrm" name="e2e_tm_a_mmrm_Function_g_mmrm_diagnostic_selection_shows_output_settings_changing_settings_throws_no_validation_errors_and_verify_visibility_of_generated_plots."/>
    <testcase time="0.0229999999999961" classname="shinytest2_tm_a_mmrm" name="e2e_tm_a_mmrm_Function_g_mmrm_diagnostic_selection_shows_output_settings_changing_settings_throws_no_validation_errors_and_verify_visibility_of_generated_plots."/>
    <testcase time="0.0029999999999859" classname="shinytest2_tm_a_mmrm" name="e2e_tm_a_mmrm_Function_g_mmrm_diagnostic_selection_shows_output_settings_changing_settings_throws_no_validation_errors_and_verify_visibility_of_generated_plots."/>
    <testcase time="9.91" classname="shinytest2_tm_a_mmrm" name="e2e_tm_a_mmrm_Deselection_of_aval_var_throws_validation_error_in_method_t_mmrm_lsmeans."/>
    <testcase time="0.834000000000003" classname="shinytest2_tm_a_mmrm" name="e2e_tm_a_mmrm_Deselection_of_aval_var_throws_validation_error_in_method_t_mmrm_lsmeans."/>
    <testcase time="0.007000000000005" classname="shinytest2_tm_a_mmrm" name="e2e_tm_a_mmrm_Deselection_of_aval_var_throws_validation_error_in_method_t_mmrm_lsmeans."/>
    <testcase time="0.00499999999999545" classname="shinytest2_tm_a_mmrm" name="e2e_tm_a_mmrm_Deselection_of_aval_var_throws_validation_error_in_method_t_mmrm_lsmeans."/>
    <testcase time="10.093" classname="shinytest2_tm_a_mmrm" name="e2e_tm_a_mmrm_Deselection_paramcd_throws_validation_error_in_method_t_mmrm_lsmeans."/>
    <testcase time="0.615999999999985" classname="shinytest2_tm_a_mmrm" name="e2e_tm_a_mmrm_Deselection_paramcd_throws_validation_error_in_method_t_mmrm_lsmeans."/>
    <testcase time="0.00800000000000978" classname="shinytest2_tm_a_mmrm" name="e2e_tm_a_mmrm_Deselection_paramcd_throws_validation_error_in_method_t_mmrm_lsmeans."/>
    <testcase time="0.00499999999999545" classname="shinytest2_tm_a_mmrm" name="e2e_tm_a_mmrm_Deselection_paramcd_throws_validation_error_in_method_t_mmrm_lsmeans."/>
    <testcase time="9.90000000000001" classname="shinytest2_tm_a_mmrm" name="e2e_tm_a_mmrm_Deselection_of_visit_var_throws_validation_error_in_method_t_mmrm_lsmeans."/>
    <testcase time="0.596000000000004" classname="shinytest2_tm_a_mmrm" name="e2e_tm_a_mmrm_Deselection_of_visit_var_throws_validation_error_in_method_t_mmrm_lsmeans."/>
    <testcase time="0.00699999999997658" classname="shinytest2_tm_a_mmrm" name="e2e_tm_a_mmrm_Deselection_of_visit_var_throws_validation_error_in_method_t_mmrm_lsmeans."/>
    <testcase time="0.00600000000000023" classname="shinytest2_tm_a_mmrm" name="e2e_tm_a_mmrm_Deselection_of_visit_var_throws_validation_error_in_method_t_mmrm_lsmeans."/>
    <testcase time="10.009" classname="shinytest2_tm_a_mmrm" name="e2e_tm_a_mmrm_Deselection_of_arm_var_throws_validation_error_in_method_t_mmrm_lsmeans."/>
    <testcase time="0.635999999999996" classname="shinytest2_tm_a_mmrm" name="e2e_tm_a_mmrm_Deselection_of_arm_var_throws_validation_error_in_method_t_mmrm_lsmeans."/>
    <testcase time="0.007000000000005" classname="shinytest2_tm_a_mmrm" name="e2e_tm_a_mmrm_Deselection_of_arm_var_throws_validation_error_in_method_t_mmrm_lsmeans."/>
    <testcase time="0.00600000000000023" classname="shinytest2_tm_a_mmrm" name="e2e_tm_a_mmrm_Deselection_of_arm_var_throws_validation_error_in_method_t_mmrm_lsmeans."/>
    <testcase time="9.94799999999998" classname="shinytest2_tm_a_mmrm" name="e2e_tm_a_mmrm_Deselection_of_id_var_throws_validation_error_in_method_t_mmrm_lsmeans."/>
    <testcase time="0.593000000000018" classname="shinytest2_tm_a_mmrm" name="e2e_tm_a_mmrm_Deselection_of_id_var_throws_validation_error_in_method_t_mmrm_lsmeans."/>
    <testcase time="0.007000000000005" classname="shinytest2_tm_a_mmrm" name="e2e_tm_a_mmrm_Deselection_of_id_var_throws_validation_error_in_method_t_mmrm_lsmeans."/>
    <testcase time="0.00599999999997181" classname="shinytest2_tm_a_mmrm" name="e2e_tm_a_mmrm_Deselection_of_id_var_throws_validation_error_in_method_t_mmrm_lsmeans."/>
    <testcase time="9.90600000000001" classname="shinytest2_tm_a_mmrm" name="e2e_tm_a_mmrm_Deselection_of_conf_level_throws_validation_error_in_method_t_mmrm_lsmeans."/>
    <testcase time="0.581000000000017" classname="shinytest2_tm_a_mmrm" name="e2e_tm_a_mmrm_Deselection_of_conf_level_throws_validation_error_in_method_t_mmrm_lsmeans."/>
    <testcase time="0.007000000000005" classname="shinytest2_tm_a_mmrm" name="e2e_tm_a_mmrm_Deselection_of_conf_level_throws_validation_error_in_method_t_mmrm_lsmeans."/>
    <testcase time="0.00599999999997181" classname="shinytest2_tm_a_mmrm" name="e2e_tm_a_mmrm_Deselection_of_conf_level_throws_validation_error_in_method_t_mmrm_lsmeans."/>
    <testcase time="10.84" classname="shinytest2_tm_a_mmrm" name="e2e_tm_a_mmrm_Deselection_of_aval_var_throws_validation_error_in_method_g_mmrm_lsmeans."/>
    <testcase time="0.644000000000005" classname="shinytest2_tm_a_mmrm" name="e2e_tm_a_mmrm_Deselection_of_aval_var_throws_validation_error_in_method_g_mmrm_lsmeans."/>
    <testcase time="0.007000000000005" classname="shinytest2_tm_a_mmrm" name="e2e_tm_a_mmrm_Deselection_of_aval_var_throws_validation_error_in_method_g_mmrm_lsmeans."/>
    <testcase time="0.00599999999997181" classname="shinytest2_tm_a_mmrm" name="e2e_tm_a_mmrm_Deselection_of_aval_var_throws_validation_error_in_method_g_mmrm_lsmeans."/>
    <testcase time="10.918" classname="shinytest2_tm_a_mmrm" name="e2e_tm_a_mmrm_Deselection_paramcd_throws_validation_error_in_method_g_mmrm_lsmeans."/>
    <testcase time="0.656999999999982" classname="shinytest2_tm_a_mmrm" name="e2e_tm_a_mmrm_Deselection_paramcd_throws_validation_error_in_method_g_mmrm_lsmeans."/>
    <testcase time="0.0080000000000382" classname="shinytest2_tm_a_mmrm" name="e2e_tm_a_mmrm_Deselection_paramcd_throws_validation_error_in_method_g_mmrm_lsmeans."/>
    <testcase time="0.00599999999997181" classname="shinytest2_tm_a_mmrm" name="e2e_tm_a_mmrm_Deselection_paramcd_throws_validation_error_in_method_g_mmrm_lsmeans."/>
    <testcase time="10.934" classname="shinytest2_tm_a_mmrm" name="e2e_tm_a_mmrm_Deselection_of_visit_var_throws_validation_error_in_method_g_mmrm_lsmeans."/>
    <testcase time="0.653999999999996" classname="shinytest2_tm_a_mmrm" name="e2e_tm_a_mmrm_Deselection_of_visit_var_throws_validation_error_in_method_g_mmrm_lsmeans."/>
    <testcase time="0.00799999999998136" classname="shinytest2_tm_a_mmrm" name="e2e_tm_a_mmrm_Deselection_of_visit_var_throws_validation_error_in_method_g_mmrm_lsmeans."/>
    <testcase time="0.00600000000002865" classname="shinytest2_tm_a_mmrm" name="e2e_tm_a_mmrm_Deselection_of_visit_var_throws_validation_error_in_method_g_mmrm_lsmeans."/>
    <testcase time="10.711" classname="shinytest2_tm_a_mmrm" name="e2e_tm_a_mmrm_Deselection_of_arm_var_throws_validation_error_in_method_g_mmrm_lsmeans."/>
    <testcase time="0.682000000000016" classname="shinytest2_tm_a_mmrm" name="e2e_tm_a_mmrm_Deselection_of_arm_var_throws_validation_error_in_method_g_mmrm_lsmeans."/>
    <testcase time="0.00799999999998136" classname="shinytest2_tm_a_mmrm" name="e2e_tm_a_mmrm_Deselection_of_arm_var_throws_validation_error_in_method_g_mmrm_lsmeans."/>
    <testcase time="0.00600000000002865" classname="shinytest2_tm_a_mmrm" name="e2e_tm_a_mmrm_Deselection_of_arm_var_throws_validation_error_in_method_g_mmrm_lsmeans."/>
    <testcase time="10.522" classname="shinytest2_tm_a_mmrm" name="e2e_tm_a_mmrm_Deselection_of_id_var_throws_validation_error_in_method_g_mmrm_lsmeans."/>
    <testcase time="0.675999999999988" classname="shinytest2_tm_a_mmrm" name="e2e_tm_a_mmrm_Deselection_of_id_var_throws_validation_error_in_method_g_mmrm_lsmeans."/>
    <testcase time="0.007000000000005" classname="shinytest2_tm_a_mmrm" name="e2e_tm_a_mmrm_Deselection_of_id_var_throws_validation_error_in_method_g_mmrm_lsmeans."/>
    <testcase time="0.00600000000002865" classname="shinytest2_tm_a_mmrm" name="e2e_tm_a_mmrm_Deselection_of_id_var_throws_validation_error_in_method_g_mmrm_lsmeans."/>
    <testcase time="10.855" classname="shinytest2_tm_a_mmrm" name="e2e_tm_a_mmrm_Deselection_of_conf_level_throws_validation_error_in_method_g_mmrm_lsmeans."/>
    <testcase time="0.629999999999995" classname="shinytest2_tm_a_mmrm" name="e2e_tm_a_mmrm_Deselection_of_conf_level_throws_validation_error_in_method_g_mmrm_lsmeans."/>
    <testcase time="0.007000000000005" classname="shinytest2_tm_a_mmrm" name="e2e_tm_a_mmrm_Deselection_of_conf_level_throws_validation_error_in_method_g_mmrm_lsmeans."/>
    <testcase time="0.00600000000002865" classname="shinytest2_tm_a_mmrm" name="e2e_tm_a_mmrm_Deselection_of_conf_level_throws_validation_error_in_method_g_mmrm_lsmeans."/>
    <testcase time="10.069" classname="shinytest2_tm_a_mmrm" name="e2e_tm_a_mmrm_Deselection_of_aval_var_throws_validation_error_in_method_t_mmrm_cov."/>
    <testcase time="0.596000000000004" classname="shinytest2_tm_a_mmrm" name="e2e_tm_a_mmrm_Deselection_of_aval_var_throws_validation_error_in_method_t_mmrm_cov."/>
    <testcase time="0.00699999999994816" classname="shinytest2_tm_a_mmrm" name="e2e_tm_a_mmrm_Deselection_of_aval_var_throws_validation_error_in_method_t_mmrm_cov."/>
    <testcase time="0.00600000000002865" classname="shinytest2_tm_a_mmrm" name="e2e_tm_a_mmrm_Deselection_of_aval_var_throws_validation_error_in_method_t_mmrm_cov."/>
    <testcase time="10.287" classname="shinytest2_tm_a_mmrm" name="e2e_tm_a_mmrm_Deselection_paramcd_throws_validation_error_in_method_t_mmrm_cov."/>
    <testcase time="0.831000000000017" classname="shinytest2_tm_a_mmrm" name="e2e_tm_a_mmrm_Deselection_paramcd_throws_validation_error_in_method_t_mmrm_cov."/>
    <testcase time="0.007000000000005" classname="shinytest2_tm_a_mmrm" name="e2e_tm_a_mmrm_Deselection_paramcd_throws_validation_error_in_method_t_mmrm_cov."/>
    <testcase time="0.00599999999997181" classname="shinytest2_tm_a_mmrm" name="e2e_tm_a_mmrm_Deselection_paramcd_throws_validation_error_in_method_t_mmrm_cov."/>
    <testcase time="10.218" classname="shinytest2_tm_a_mmrm" name="e2e_tm_a_mmrm_Deselection_of_visit_var_throws_validation_error_in_method_t_mmrm_cov."/>
    <testcase time="0.615999999999985" classname="shinytest2_tm_a_mmrm" name="e2e_tm_a_mmrm_Deselection_of_visit_var_throws_validation_error_in_method_t_mmrm_cov."/>
    <testcase time="0.007000000000005" classname="shinytest2_tm_a_mmrm" name="e2e_tm_a_mmrm_Deselection_of_visit_var_throws_validation_error_in_method_t_mmrm_cov."/>
    <testcase time="0.00600000000002865" classname="shinytest2_tm_a_mmrm" name="e2e_tm_a_mmrm_Deselection_of_visit_var_throws_validation_error_in_method_t_mmrm_cov."/>
    <testcase time="10.051" classname="shinytest2_tm_a_mmrm" name="e2e_tm_a_mmrm_Deselection_of_arm_var_throws_validation_error_in_method_t_mmrm_cov."/>
    <testcase time="0.629999999999995" classname="shinytest2_tm_a_mmrm" name="e2e_tm_a_mmrm_Deselection_of_arm_var_throws_validation_error_in_method_t_mmrm_cov."/>
    <testcase time="0.00799999999998136" classname="shinytest2_tm_a_mmrm" name="e2e_tm_a_mmrm_Deselection_of_arm_var_throws_validation_error_in_method_t_mmrm_cov."/>
    <testcase time="0.00600000000002865" classname="shinytest2_tm_a_mmrm" name="e2e_tm_a_mmrm_Deselection_of_arm_var_throws_validation_error_in_method_t_mmrm_cov."/>
    <testcase time="10.383" classname="shinytest2_tm_a_mmrm" name="e2e_tm_a_mmrm_Deselection_of_id_var_throws_validation_error_in_method_t_mmrm_cov."/>
    <testcase time="0.593999999999994" classname="shinytest2_tm_a_mmrm" name="e2e_tm_a_mmrm_Deselection_of_id_var_throws_validation_error_in_method_t_mmrm_cov."/>
    <testcase time="0.0080000000000382" classname="shinytest2_tm_a_mmrm" name="e2e_tm_a_mmrm_Deselection_of_id_var_throws_validation_error_in_method_t_mmrm_cov."/>
    <testcase time="0.00599999999997181" classname="shinytest2_tm_a_mmrm" name="e2e_tm_a_mmrm_Deselection_of_id_var_throws_validation_error_in_method_t_mmrm_cov."/>
    <testcase time="10.055" classname="shinytest2_tm_a_mmrm" name="e2e_tm_a_mmrm_Deselection_of_conf_level_throws_validation_error_in_method_t_mmrm_cov."/>
    <testcase time="0.565999999999974" classname="shinytest2_tm_a_mmrm" name="e2e_tm_a_mmrm_Deselection_of_conf_level_throws_validation_error_in_method_t_mmrm_cov."/>
    <testcase time="0.0080000000000382" classname="shinytest2_tm_a_mmrm" name="e2e_tm_a_mmrm_Deselection_of_conf_level_throws_validation_error_in_method_t_mmrm_cov."/>
    <testcase time="0.00599999999997181" classname="shinytest2_tm_a_mmrm" name="e2e_tm_a_mmrm_Deselection_of_conf_level_throws_validation_error_in_method_t_mmrm_cov."/>
    <testcase time="10.355" classname="shinytest2_tm_a_mmrm" name="e2e_tm_a_mmrm_Deselection_of_aval_var_throws_validation_error_in_method_t_mmrm_fixed."/>
    <testcase time="0.593000000000018" classname="shinytest2_tm_a_mmrm" name="e2e_tm_a_mmrm_Deselection_of_aval_var_throws_validation_error_in_method_t_mmrm_fixed."/>
    <testcase time="0.007000000000005" classname="shinytest2_tm_a_mmrm" name="e2e_tm_a_mmrm_Deselection_of_aval_var_throws_validation_error_in_method_t_mmrm_fixed."/>
    <testcase time="0.00599999999997181" classname="shinytest2_tm_a_mmrm" name="e2e_tm_a_mmrm_Deselection_of_aval_var_throws_validation_error_in_method_t_mmrm_fixed."/>
    <testcase time="10.385" classname="shinytest2_tm_a_mmrm" name="e2e_tm_a_mmrm_Deselection_paramcd_throws_validation_error_in_method_t_mmrm_fixed."/>
    <testcase time="0.619000000000028" classname="shinytest2_tm_a_mmrm" name="e2e_tm_a_mmrm_Deselection_paramcd_throws_validation_error_in_method_t_mmrm_fixed."/>
    <testcase time="0.007000000000005" classname="shinytest2_tm_a_mmrm" name="e2e_tm_a_mmrm_Deselection_paramcd_throws_validation_error_in_method_t_mmrm_fixed."/>
    <testcase time="0.00599999999997181" classname="shinytest2_tm_a_mmrm" name="e2e_tm_a_mmrm_Deselection_paramcd_throws_validation_error_in_method_t_mmrm_fixed."/>
    <testcase time="10.22" classname="shinytest2_tm_a_mmrm" name="e2e_tm_a_mmrm_Deselection_of_visit_var_throws_validation_error_in_method_t_mmrm_fixed."/>
    <testcase time="0.589999999999975" classname="shinytest2_tm_a_mmrm" name="e2e_tm_a_mmrm_Deselection_of_visit_var_throws_validation_error_in_method_t_mmrm_fixed."/>
    <testcase time="0.00799999999998136" classname="shinytest2_tm_a_mmrm" name="e2e_tm_a_mmrm_Deselection_of_visit_var_throws_validation_error_in_method_t_mmrm_fixed."/>
    <testcase time="0.0050000000000523" classname="shinytest2_tm_a_mmrm" name="e2e_tm_a_mmrm_Deselection_of_visit_var_throws_validation_error_in_method_t_mmrm_fixed."/>
    <testcase time="10.435" classname="shinytest2_tm_a_mmrm" name="e2e_tm_a_mmrm_Deselection_of_arm_var_throws_validation_error_in_method_t_mmrm_fixed."/>
    <testcase time="0.635999999999967" classname="shinytest2_tm_a_mmrm" name="e2e_tm_a_mmrm_Deselection_of_arm_var_throws_validation_error_in_method_t_mmrm_fixed."/>
    <testcase time="0.00799999999998136" classname="shinytest2_tm_a_mmrm" name="e2e_tm_a_mmrm_Deselection_of_arm_var_throws_validation_error_in_method_t_mmrm_fixed."/>
    <testcase time="0.00600000000002865" classname="shinytest2_tm_a_mmrm" name="e2e_tm_a_mmrm_Deselection_of_arm_var_throws_validation_error_in_method_t_mmrm_fixed."/>
    <testcase time="10.485" classname="shinytest2_tm_a_mmrm" name="e2e_tm_a_mmrm_Deselection_of_id_var_throws_validation_error_in_method_t_mmrm_fixed."/>
    <testcase time="0.60899999999998" classname="shinytest2_tm_a_mmrm" name="e2e_tm_a_mmrm_Deselection_of_id_var_throws_validation_error_in_method_t_mmrm_fixed."/>
    <testcase time="0.007000000000005" classname="shinytest2_tm_a_mmrm" name="e2e_tm_a_mmrm_Deselection_of_id_var_throws_validation_error_in_method_t_mmrm_fixed."/>
    <testcase time="0.00599999999997181" classname="shinytest2_tm_a_mmrm" name="e2e_tm_a_mmrm_Deselection_of_id_var_throws_validation_error_in_method_t_mmrm_fixed."/>
    <testcase time="10.175" classname="shinytest2_tm_a_mmrm" name="e2e_tm_a_mmrm_Deselection_of_conf_level_throws_validation_error_in_method_t_mmrm_fixed."/>
    <testcase time="0.569999999999993" classname="shinytest2_tm_a_mmrm" name="e2e_tm_a_mmrm_Deselection_of_conf_level_throws_validation_error_in_method_t_mmrm_fixed."/>
    <testcase time="0.007000000000005" classname="shinytest2_tm_a_mmrm" name="e2e_tm_a_mmrm_Deselection_of_conf_level_throws_validation_error_in_method_t_mmrm_fixed."/>
    <testcase time="0.00600000000002865" classname="shinytest2_tm_a_mmrm" name="e2e_tm_a_mmrm_Deselection_of_conf_level_throws_validation_error_in_method_t_mmrm_fixed."/>
    <testcase time="10.331" classname="shinytest2_tm_a_mmrm" name="e2e_tm_a_mmrm_Deselection_of_aval_var_throws_validation_error_in_method_t_mmrm_diagnostic."/>
    <testcase time="0.612000000000023" classname="shinytest2_tm_a_mmrm" name="e2e_tm_a_mmrm_Deselection_of_aval_var_throws_validation_error_in_method_t_mmrm_diagnostic."/>
    <testcase time="0.00799999999998136" classname="shinytest2_tm_a_mmrm" name="e2e_tm_a_mmrm_Deselection_of_aval_var_throws_validation_error_in_method_t_mmrm_diagnostic."/>
    <testcase time="0.00600000000002865" classname="shinytest2_tm_a_mmrm" name="e2e_tm_a_mmrm_Deselection_of_aval_var_throws_validation_error_in_method_t_mmrm_diagnostic."/>
    <testcase time="10.091" classname="shinytest2_tm_a_mmrm" name="e2e_tm_a_mmrm_Deselection_paramcd_throws_validation_error_in_method_t_mmrm_diagnostic."/>
    <testcase time="0.59499999999997" classname="shinytest2_tm_a_mmrm" name="e2e_tm_a_mmrm_Deselection_paramcd_throws_validation_error_in_method_t_mmrm_diagnostic."/>
    <testcase time="0.0080000000000382" classname="shinytest2_tm_a_mmrm" name="e2e_tm_a_mmrm_Deselection_paramcd_throws_validation_error_in_method_t_mmrm_diagnostic."/>
    <testcase time="0.00599999999997181" classname="shinytest2_tm_a_mmrm" name="e2e_tm_a_mmrm_Deselection_paramcd_throws_validation_error_in_method_t_mmrm_diagnostic."/>
    <testcase time="10.066" classname="shinytest2_tm_a_mmrm" name="e2e_tm_a_mmrm_Deselection_of_visit_var_throws_validation_error_in_method_t_mmrm_diagnostic."/>
    <testcase time="0.612000000000023" classname="shinytest2_tm_a_mmrm" name="e2e_tm_a_mmrm_Deselection_of_visit_var_throws_validation_error_in_method_t_mmrm_diagnostic."/>
    <testcase time="0.00799999999998136" classname="shinytest2_tm_a_mmrm" name="e2e_tm_a_mmrm_Deselection_of_visit_var_throws_validation_error_in_method_t_mmrm_diagnostic."/>
    <testcase time="0.00599999999997181" classname="shinytest2_tm_a_mmrm" name="e2e_tm_a_mmrm_Deselection_of_visit_var_throws_validation_error_in_method_t_mmrm_diagnostic."/>
    <testcase time="10.297" classname="shinytest2_tm_a_mmrm" name="e2e_tm_a_mmrm_Deselection_of_arm_var_throws_validation_error_in_method_t_mmrm_diagnostic."/>
    <testcase time="0.65300000000002" classname="shinytest2_tm_a_mmrm" name="e2e_tm_a_mmrm_Deselection_of_arm_var_throws_validation_error_in_method_t_mmrm_diagnostic."/>
    <testcase time="0.0109999999999673" classname="shinytest2_tm_a_mmrm" name="e2e_tm_a_mmrm_Deselection_of_arm_var_throws_validation_error_in_method_t_mmrm_diagnostic."/>
    <testcase time="0.00599999999997181" classname="shinytest2_tm_a_mmrm" name="e2e_tm_a_mmrm_Deselection_of_arm_var_throws_validation_error_in_method_t_mmrm_diagnostic."/>
    <testcase time="10.239" classname="shinytest2_tm_a_mmrm" name="e2e_tm_a_mmrm_Deselection_of_id_var_throws_validation_error_in_method_t_mmrm_diagnostic."/>
    <testcase time="0.591999999999985" classname="shinytest2_tm_a_mmrm" name="e2e_tm_a_mmrm_Deselection_of_id_var_throws_validation_error_in_method_t_mmrm_diagnostic."/>
    <testcase time="0.00700000000006185" classname="shinytest2_tm_a_mmrm" name="e2e_tm_a_mmrm_Deselection_of_id_var_throws_validation_error_in_method_t_mmrm_diagnostic."/>
    <testcase time="0.00599999999997181" classname="shinytest2_tm_a_mmrm" name="e2e_tm_a_mmrm_Deselection_of_id_var_throws_validation_error_in_method_t_mmrm_diagnostic."/>
    <testcase time="10.355" classname="shinytest2_tm_a_mmrm" name="e2e_tm_a_mmrm_Deselection_of_conf_level_throws_validation_error_in_method_t_mmrm_diagnostic."/>
    <testcase time="0.581000000000017" classname="shinytest2_tm_a_mmrm" name="e2e_tm_a_mmrm_Deselection_of_conf_level_throws_validation_error_in_method_t_mmrm_diagnostic."/>
    <testcase time="0.00799999999992451" classname="shinytest2_tm_a_mmrm" name="e2e_tm_a_mmrm_Deselection_of_conf_level_throws_validation_error_in_method_t_mmrm_diagnostic."/>
    <testcase time="0.00600000000008549" classname="shinytest2_tm_a_mmrm" name="e2e_tm_a_mmrm_Deselection_of_conf_level_throws_validation_error_in_method_t_mmrm_diagnostic."/>
    <testcase time="10.429" classname="shinytest2_tm_a_mmrm" name="e2e_tm_a_mmrm_Deselection_of_aval_var_throws_validation_error_in_method_g_mmrm_diagnostic."/>
    <testcase time="0.668000000000006" classname="shinytest2_tm_a_mmrm" name="e2e_tm_a_mmrm_Deselection_of_aval_var_throws_validation_error_in_method_g_mmrm_diagnostic."/>
    <testcase time="0.00699999999994816" classname="shinytest2_tm_a_mmrm" name="e2e_tm_a_mmrm_Deselection_of_aval_var_throws_validation_error_in_method_g_mmrm_diagnostic."/>
    <testcase time="0.00700000000006185" classname="shinytest2_tm_a_mmrm" name="e2e_tm_a_mmrm_Deselection_of_aval_var_throws_validation_error_in_method_g_mmrm_diagnostic."/>
    <testcase time="10.673" classname="shinytest2_tm_a_mmrm" name="e2e_tm_a_mmrm_Deselection_paramcd_throws_validation_error_in_method_g_mmrm_diagnostic."/>
    <testcase time="0.654999999999973" classname="shinytest2_tm_a_mmrm" name="e2e_tm_a_mmrm_Deselection_paramcd_throws_validation_error_in_method_g_mmrm_diagnostic."/>
    <testcase time="0.0080000000000382" classname="shinytest2_tm_a_mmrm" name="e2e_tm_a_mmrm_Deselection_paramcd_throws_validation_error_in_method_g_mmrm_diagnostic."/>
    <testcase time="0.00699999999994816" classname="shinytest2_tm_a_mmrm" name="e2e_tm_a_mmrm_Deselection_paramcd_throws_validation_error_in_method_g_mmrm_diagnostic."/>
    <testcase time="10.5550000000001" classname="shinytest2_tm_a_mmrm" name="e2e_tm_a_mmrm_Deselection_of_visit_var_throws_validation_error_in_method_g_mmrm_diagnostic."/>
    <testcase time="0.672000000000025" classname="shinytest2_tm_a_mmrm" name="e2e_tm_a_mmrm_Deselection_of_visit_var_throws_validation_error_in_method_g_mmrm_diagnostic."/>
    <testcase time="0.00799999999992451" classname="shinytest2_tm_a_mmrm" name="e2e_tm_a_mmrm_Deselection_of_visit_var_throws_validation_error_in_method_g_mmrm_diagnostic."/>
    <testcase time="0.0110000000000809" classname="shinytest2_tm_a_mmrm" name="e2e_tm_a_mmrm_Deselection_of_visit_var_throws_validation_error_in_method_g_mmrm_diagnostic."/>
    <testcase time="10.728" classname="shinytest2_tm_a_mmrm" name="e2e_tm_a_mmrm_Deselection_of_arm_var_throws_validation_error_in_method_g_mmrm_diagnostic."/>
    <testcase time="0.692000000000007" classname="shinytest2_tm_a_mmrm" name="e2e_tm_a_mmrm_Deselection_of_arm_var_throws_validation_error_in_method_g_mmrm_diagnostic."/>
    <testcase time="0.0080000000000382" classname="shinytest2_tm_a_mmrm" name="e2e_tm_a_mmrm_Deselection_of_arm_var_throws_validation_error_in_method_g_mmrm_diagnostic."/>
    <testcase time="0.00599999999997181" classname="shinytest2_tm_a_mmrm" name="e2e_tm_a_mmrm_Deselection_of_arm_var_throws_validation_error_in_method_g_mmrm_diagnostic."/>
    <testcase time="10.639" classname="shinytest2_tm_a_mmrm" name="e2e_tm_a_mmrm_Deselection_of_id_var_throws_validation_error_in_method_g_mmrm_diagnostic."/>
    <testcase time="0.640999999999963" classname="shinytest2_tm_a_mmrm" name="e2e_tm_a_mmrm_Deselection_of_id_var_throws_validation_error_in_method_g_mmrm_diagnostic."/>
    <testcase time="0.0080000000000382" classname="shinytest2_tm_a_mmrm" name="e2e_tm_a_mmrm_Deselection_of_id_var_throws_validation_error_in_method_g_mmrm_diagnostic."/>
    <testcase time="0.00599999999997181" classname="shinytest2_tm_a_mmrm" name="e2e_tm_a_mmrm_Deselection_of_id_var_throws_validation_error_in_method_g_mmrm_diagnostic."/>
    <testcase time="10.811" classname="shinytest2_tm_a_mmrm" name="e2e_tm_a_mmrm_Deselection_of_conf_level_throws_validation_error_in_method_g_mmrm_diagnostic."/>
    <testcase time="0.620000000000005" classname="shinytest2_tm_a_mmrm" name="e2e_tm_a_mmrm_Deselection_of_conf_level_throws_validation_error_in_method_g_mmrm_diagnostic."/>
    <testcase time="0.0119999999999436" classname="shinytest2_tm_a_mmrm" name="e2e_tm_a_mmrm_Deselection_of_conf_level_throws_validation_error_in_method_g_mmrm_diagnostic."/>
    <testcase time="0.00599999999997181" classname="shinytest2_tm_a_mmrm" name="e2e_tm_a_mmrm_Deselection_of_conf_level_throws_validation_error_in_method_g_mmrm_diagnostic."/>
    <testcase time="10.1700000000001" classname="shinytest2_tm_a_mmrm" name="e2e_tm_a_mmrm_Validate_output_on_different_selection_on_method_t_mmrm_lsmeans."/>
    <testcase time="3.755" classname="shinytest2_tm_a_mmrm" name="e2e_tm_a_mmrm_Validate_output_on_different_selection_on_method_t_mmrm_lsmeans."/>
    <testcase time="0.00999999999999091" classname="shinytest2_tm_a_mmrm" name="e2e_tm_a_mmrm_Validate_output_on_different_selection_on_method_t_mmrm_lsmeans."/>
    <testcase time="3.56099999999992" classname="shinytest2_tm_a_mmrm" name="e2e_tm_a_mmrm_Validate_output_on_different_selection_on_method_t_mmrm_lsmeans."/>
    <testcase time="0.0100000000001046" classname="shinytest2_tm_a_mmrm" name="e2e_tm_a_mmrm_Validate_output_on_different_selection_on_method_t_mmrm_lsmeans."/>
    <testcase time="3.54199999999992" classname="shinytest2_tm_a_mmrm" name="e2e_tm_a_mmrm_Validate_output_on_different_selection_on_method_t_mmrm_lsmeans."/>
    <testcase time="0.00999999999999091" classname="shinytest2_tm_a_mmrm" name="e2e_tm_a_mmrm_Validate_output_on_different_selection_on_method_t_mmrm_lsmeans."/>
    <testcase time="3.61500000000001" classname="shinytest2_tm_a_mmrm" name="e2e_tm_a_mmrm_Validate_output_on_different_selection_on_method_t_mmrm_lsmeans."/>
    <testcase time="0.00999999999999091" classname="shinytest2_tm_a_mmrm" name="e2e_tm_a_mmrm_Validate_output_on_different_selection_on_method_t_mmrm_lsmeans."/>
    <testcase time="3.77200000000005" classname="shinytest2_tm_a_mmrm" name="e2e_tm_a_mmrm_Validate_output_on_different_selection_on_method_t_mmrm_lsmeans."/>
    <testcase time="0.00999999999999091" classname="shinytest2_tm_a_mmrm" name="e2e_tm_a_mmrm_Validate_output_on_different_selection_on_method_t_mmrm_lsmeans."/>
    <testcase time="3.31100000000004" classname="shinytest2_tm_a_mmrm" name="e2e_tm_a_mmrm_Validate_output_on_different_selection_on_method_t_mmrm_lsmeans."/>
    <testcase time="0.00999999999999091" classname="shinytest2_tm_a_mmrm" name="e2e_tm_a_mmrm_Validate_output_on_different_selection_on_method_t_mmrm_lsmeans."/>
    <testcase time="3.56200000000001" classname="shinytest2_tm_a_mmrm" name="e2e_tm_a_mmrm_Validate_output_on_different_selection_on_method_t_mmrm_lsmeans."/>
    <testcase time="0.00999999999999091" classname="shinytest2_tm_a_mmrm" name="e2e_tm_a_mmrm_Validate_output_on_different_selection_on_method_t_mmrm_lsmeans."/>
    <testcase time="3.33299999999997" classname="shinytest2_tm_a_mmrm" name="e2e_tm_a_mmrm_Validate_output_on_different_selection_on_method_t_mmrm_lsmeans."/>
    <testcase time="0.0130000000000337" classname="shinytest2_tm_a_mmrm" name="e2e_tm_a_mmrm_Validate_output_on_different_selection_on_method_t_mmrm_lsmeans."/>
    <testcase time="3.31700000000001" classname="shinytest2_tm_a_mmrm" name="e2e_tm_a_mmrm_Validate_output_on_different_selection_on_method_t_mmrm_lsmeans."/>
    <testcase time="0.00999999999999091" classname="shinytest2_tm_a_mmrm" name="e2e_tm_a_mmrm_Validate_output_on_different_selection_on_method_t_mmrm_lsmeans."/>
    <testcase time="3.37599999999998" classname="shinytest2_tm_a_mmrm" name="e2e_tm_a_mmrm_Validate_output_on_different_selection_on_method_t_mmrm_lsmeans."/>
    <testcase time="0.00999999999999091" classname="shinytest2_tm_a_mmrm" name="e2e_tm_a_mmrm_Validate_output_on_different_selection_on_method_t_mmrm_lsmeans."/>
    <testcase time="3.322" classname="shinytest2_tm_a_mmrm" name="e2e_tm_a_mmrm_Validate_output_on_different_selection_on_method_t_mmrm_lsmeans."/>
    <testcase time="0.00900000000001455" classname="shinytest2_tm_a_mmrm" name="e2e_tm_a_mmrm_Validate_output_on_different_selection_on_method_t_mmrm_lsmeans."/>
    <testcase time="10.547" classname="shinytest2_tm_a_mmrm" name="e2e_tm_a_mmrm_Validate_output_on_different_selection_on_method_g_mmrm_lsmeans."/>
    <testcase time="3.82899999999995" classname="shinytest2_tm_a_mmrm" name="e2e_tm_a_mmrm_Validate_output_on_different_selection_on_method_g_mmrm_lsmeans."/>
    <testcase time="0.0220000000000482" classname="shinytest2_tm_a_mmrm" name="e2e_tm_a_mmrm_Validate_output_on_different_selection_on_method_g_mmrm_lsmeans."/>
    <testcase time="3.56899999999996" classname="shinytest2_tm_a_mmrm" name="e2e_tm_a_mmrm_Validate_output_on_different_selection_on_method_g_mmrm_lsmeans."/>
    <testcase time="0.0209999999999582" classname="shinytest2_tm_a_mmrm" name="e2e_tm_a_mmrm_Validate_output_on_different_selection_on_method_g_mmrm_lsmeans."/>
    <testcase time="3.60500000000002" classname="shinytest2_tm_a_mmrm" name="e2e_tm_a_mmrm_Validate_output_on_different_selection_on_method_g_mmrm_lsmeans."/>
    <testcase time="0.0240000000000009" classname="shinytest2_tm_a_mmrm" name="e2e_tm_a_mmrm_Validate_output_on_different_selection_on_method_g_mmrm_lsmeans."/>
    <testcase time="3.89800000000002" classname="shinytest2_tm_a_mmrm" name="e2e_tm_a_mmrm_Validate_output_on_different_selection_on_method_g_mmrm_lsmeans."/>
    <testcase time="0.0220000000000482" classname="shinytest2_tm_a_mmrm" name="e2e_tm_a_mmrm_Validate_output_on_different_selection_on_method_g_mmrm_lsmeans."/>
    <testcase time="4.14699999999993" classname="shinytest2_tm_a_mmrm" name="e2e_tm_a_mmrm_Validate_output_on_different_selection_on_method_g_mmrm_lsmeans."/>
    <testcase time="0.0220000000000482" classname="shinytest2_tm_a_mmrm" name="e2e_tm_a_mmrm_Validate_output_on_different_selection_on_method_g_mmrm_lsmeans."/>
    <testcase time="3.59199999999998" classname="shinytest2_tm_a_mmrm" name="e2e_tm_a_mmrm_Validate_output_on_different_selection_on_method_g_mmrm_lsmeans."/>
    <testcase time="0.0230000000000246" classname="shinytest2_tm_a_mmrm" name="e2e_tm_a_mmrm_Validate_output_on_different_selection_on_method_g_mmrm_lsmeans."/>
    <testcase time="3.59799999999996" classname="shinytest2_tm_a_mmrm" name="e2e_tm_a_mmrm_Validate_output_on_different_selection_on_method_g_mmrm_lsmeans."/>
    <testcase time="0.0230000000000246" classname="shinytest2_tm_a_mmrm" name="e2e_tm_a_mmrm_Validate_output_on_different_selection_on_method_g_mmrm_lsmeans."/>
    <testcase time="3.59199999999998" classname="shinytest2_tm_a_mmrm" name="e2e_tm_a_mmrm_Validate_output_on_different_selection_on_method_g_mmrm_lsmeans."/>
    <testcase time="0.0230000000000246" classname="shinytest2_tm_a_mmrm" name="e2e_tm_a_mmrm_Validate_output_on_different_selection_on_method_g_mmrm_lsmeans."/>
    <testcase time="3.65699999999993" classname="shinytest2_tm_a_mmrm" name="e2e_tm_a_mmrm_Validate_output_on_different_selection_on_method_g_mmrm_lsmeans."/>
    <testcase time="0.0230000000000246" classname="shinytest2_tm_a_mmrm" name="e2e_tm_a_mmrm_Validate_output_on_different_selection_on_method_g_mmrm_lsmeans."/>
    <testcase time="3.596" classname="shinytest2_tm_a_mmrm" name="e2e_tm_a_mmrm_Validate_output_on_different_selection_on_method_g_mmrm_lsmeans."/>
    <testcase time="0.0230000000000246" classname="shinytest2_tm_a_mmrm" name="e2e_tm_a_mmrm_Validate_output_on_different_selection_on_method_g_mmrm_lsmeans."/>
    <testcase time="10.316" classname="shinytest2_tm_a_mmrm" name="e2e_tm_a_mmrm_Validate_output_on_different_selection_on_method_t_mmrm_cov."/>
    <testcase time="3.33699999999999" classname="shinytest2_tm_a_mmrm" name="e2e_tm_a_mmrm_Validate_output_on_different_selection_on_method_t_mmrm_cov."/>
    <testcase time="0.00799999999992451" classname="shinytest2_tm_a_mmrm" name="e2e_tm_a_mmrm_Validate_output_on_different_selection_on_method_t_mmrm_cov."/>
    <testcase time="3.30000000000007" classname="shinytest2_tm_a_mmrm" name="e2e_tm_a_mmrm_Validate_output_on_different_selection_on_method_t_mmrm_cov."/>
    <testcase time="0.00900000000001455" classname="shinytest2_tm_a_mmrm" name="e2e_tm_a_mmrm_Validate_output_on_different_selection_on_method_t_mmrm_cov."/>
    <testcase time="3.34199999999998" classname="shinytest2_tm_a_mmrm" name="e2e_tm_a_mmrm_Validate_output_on_different_selection_on_method_t_mmrm_cov."/>
    <testcase time="0.0080000000000382" classname="shinytest2_tm_a_mmrm" name="e2e_tm_a_mmrm_Validate_output_on_different_selection_on_method_t_mmrm_cov."/>
    <testcase time="3.45999999999992" classname="shinytest2_tm_a_mmrm" name="e2e_tm_a_mmrm_Validate_output_on_different_selection_on_method_t_mmrm_cov."/>
    <testcase time="0.0080000000000382" classname="shinytest2_tm_a_mmrm" name="e2e_tm_a_mmrm_Validate_output_on_different_selection_on_method_t_mmrm_cov."/>
    <testcase time="3.68700000000001" classname="shinytest2_tm_a_mmrm" name="e2e_tm_a_mmrm_Validate_output_on_different_selection_on_method_t_mmrm_cov."/>
    <testcase time="0.00900000000001455" classname="shinytest2_tm_a_mmrm" name="e2e_tm_a_mmrm_Validate_output_on_different_selection_on_method_t_mmrm_cov."/>
    <testcase time="3.31399999999996" classname="shinytest2_tm_a_mmrm" name="e2e_tm_a_mmrm_Validate_output_on_different_selection_on_method_t_mmrm_cov."/>
    <testcase time="0.00900000000001455" classname="shinytest2_tm_a_mmrm" name="e2e_tm_a_mmrm_Validate_output_on_different_selection_on_method_t_mmrm_cov."/>
    <testcase time="3.55899999999997" classname="shinytest2_tm_a_mmrm" name="e2e_tm_a_mmrm_Validate_output_on_different_selection_on_method_t_mmrm_cov."/>
    <testcase time="0.0080000000000382" classname="shinytest2_tm_a_mmrm" name="e2e_tm_a_mmrm_Validate_output_on_different_selection_on_method_t_mmrm_cov."/>
    <testcase time="3.33299999999997" classname="shinytest2_tm_a_mmrm" name="e2e_tm_a_mmrm_Validate_output_on_different_selection_on_method_t_mmrm_cov."/>
    <testcase time="0.00699999999994816" classname="shinytest2_tm_a_mmrm" name="e2e_tm_a_mmrm_Validate_output_on_different_selection_on_method_t_mmrm_cov."/>
    <testcase time="3.33600000000001" classname="shinytest2_tm_a_mmrm" name="e2e_tm_a_mmrm_Validate_output_on_different_selection_on_method_t_mmrm_cov."/>
    <testcase time="0.00899999999990087" classname="shinytest2_tm_a_mmrm" name="e2e_tm_a_mmrm_Validate_output_on_different_selection_on_method_t_mmrm_cov."/>
    <testcase time="3.197" classname="shinytest2_tm_a_mmrm" name="e2e_tm_a_mmrm_Validate_output_on_different_selection_on_method_t_mmrm_cov."/>
    <testcase time="0.0080000000000382" classname="shinytest2_tm_a_mmrm" name="e2e_tm_a_mmrm_Validate_output_on_different_selection_on_method_t_mmrm_cov."/>
    <testcase time="3.31399999999996" classname="shinytest2_tm_a_mmrm" name="e2e_tm_a_mmrm_Validate_output_on_different_selection_on_method_t_mmrm_cov."/>
    <testcase time="0.0080000000000382" classname="shinytest2_tm_a_mmrm" name="e2e_tm_a_mmrm_Validate_output_on_different_selection_on_method_t_mmrm_cov."/>
    <testcase time="10.35" classname="shinytest2_tm_a_mmrm" name="e2e_tm_a_mmrm_Validate_output_on_different_selection_on_method_t_mmrm_fixed."/>
    <testcase time="3.56399999999996" classname="shinytest2_tm_a_mmrm" name="e2e_tm_a_mmrm_Validate_output_on_different_selection_on_method_t_mmrm_fixed."/>
    <testcase time="0.00900000000001455" classname="shinytest2_tm_a_mmrm" name="e2e_tm_a_mmrm_Validate_output_on_different_selection_on_method_t_mmrm_fixed."/>
    <testcase time="3.54700000000003" classname="shinytest2_tm_a_mmrm" name="e2e_tm_a_mmrm_Validate_output_on_different_selection_on_method_t_mmrm_fixed."/>
    <testcase time="0.00900000000001455" classname="shinytest2_tm_a_mmrm" name="e2e_tm_a_mmrm_Validate_output_on_different_selection_on_method_t_mmrm_fixed."/>
    <testcase time="3.54099999999994" classname="shinytest2_tm_a_mmrm" name="e2e_tm_a_mmrm_Validate_output_on_different_selection_on_method_t_mmrm_fixed."/>
    <testcase time="0.0080000000000382" classname="shinytest2_tm_a_mmrm" name="e2e_tm_a_mmrm_Validate_output_on_different_selection_on_method_t_mmrm_fixed."/>
    <testcase time="3.59100000000001" classname="shinytest2_tm_a_mmrm" name="e2e_tm_a_mmrm_Validate_output_on_different_selection_on_method_t_mmrm_fixed."/>
    <testcase time="0.0080000000000382" classname="shinytest2_tm_a_mmrm" name="e2e_tm_a_mmrm_Validate_output_on_different_selection_on_method_t_mmrm_fixed."/>
    <testcase time="3.70000000000005" classname="shinytest2_tm_a_mmrm" name="e2e_tm_a_mmrm_Validate_output_on_different_selection_on_method_t_mmrm_fixed."/>
    <testcase time="0.00799999999992451" classname="shinytest2_tm_a_mmrm" name="e2e_tm_a_mmrm_Validate_output_on_different_selection_on_method_t_mmrm_fixed."/>
    <testcase time="3.31799999999998" classname="shinytest2_tm_a_mmrm" name="e2e_tm_a_mmrm_Validate_output_on_different_selection_on_method_t_mmrm_fixed."/>
    <testcase time="0.0080000000000382" classname="shinytest2_tm_a_mmrm" name="e2e_tm_a_mmrm_Validate_output_on_different_selection_on_method_t_mmrm_fixed."/>
    <testcase time="3.577" classname="shinytest2_tm_a_mmrm" name="e2e_tm_a_mmrm_Validate_output_on_different_selection_on_method_t_mmrm_fixed."/>
    <testcase time="0.00900000000001455" classname="shinytest2_tm_a_mmrm" name="e2e_tm_a_mmrm_Validate_output_on_different_selection_on_method_t_mmrm_fixed."/>
    <testcase time="3.31899999999996" classname="shinytest2_tm_a_mmrm" name="e2e_tm_a_mmrm_Validate_output_on_different_selection_on_method_t_mmrm_fixed."/>
    <testcase time="0.00900000000001455" classname="shinytest2_tm_a_mmrm" name="e2e_tm_a_mmrm_Validate_output_on_different_selection_on_method_t_mmrm_fixed."/>
    <testcase time="3.32500000000005" classname="shinytest2_tm_a_mmrm" name="e2e_tm_a_mmrm_Validate_output_on_different_selection_on_method_t_mmrm_fixed."/>
    <testcase time="0.00900000000001455" classname="shinytest2_tm_a_mmrm" name="e2e_tm_a_mmrm_Validate_output_on_different_selection_on_method_t_mmrm_fixed."/>
    <testcase time="3.39499999999998" classname="shinytest2_tm_a_mmrm" name="e2e_tm_a_mmrm_Validate_output_on_different_selection_on_method_t_mmrm_fixed."/>
    <testcase time="0.01400000000001" classname="shinytest2_tm_a_mmrm" name="e2e_tm_a_mmrm_Validate_output_on_different_selection_on_method_t_mmrm_fixed."/>
    <testcase time="3.31899999999996" classname="shinytest2_tm_a_mmrm" name="e2e_tm_a_mmrm_Validate_output_on_different_selection_on_method_t_mmrm_fixed."/>
    <testcase time="0.00900000000001455" classname="shinytest2_tm_a_mmrm" name="e2e_tm_a_mmrm_Validate_output_on_different_selection_on_method_t_mmrm_fixed."/>
    <testcase time="10.274" classname="shinytest2_tm_a_mmrm" name="e2e_tm_a_mmrm_Validate_output_on_different_selection_on_method_t_mmrm_diagnostic."/>
    <testcase time="3.34799999999996" classname="shinytest2_tm_a_mmrm" name="e2e_tm_a_mmrm_Validate_output_on_different_selection_on_method_t_mmrm_diagnostic."/>
    <testcase time="0.00900000000001455" classname="shinytest2_tm_a_mmrm" name="e2e_tm_a_mmrm_Validate_output_on_different_selection_on_method_t_mmrm_diagnostic."/>
    <testcase time="3.31600000000003" classname="shinytest2_tm_a_mmrm" name="e2e_tm_a_mmrm_Validate_output_on_different_selection_on_method_t_mmrm_diagnostic."/>
    <testcase time="0.0080000000000382" classname="shinytest2_tm_a_mmrm" name="e2e_tm_a_mmrm_Validate_output_on_different_selection_on_method_t_mmrm_diagnostic."/>
    <testcase time="3.32299999999998" classname="shinytest2_tm_a_mmrm" name="e2e_tm_a_mmrm_Validate_output_on_different_selection_on_method_t_mmrm_diagnostic."/>
    <testcase time="0.00799999999992451" classname="shinytest2_tm_a_mmrm" name="e2e_tm_a_mmrm_Validate_output_on_different_selection_on_method_t_mmrm_diagnostic."/>
    <testcase time="3.79200000000003" classname="shinytest2_tm_a_mmrm" name="e2e_tm_a_mmrm_Validate_output_on_different_selection_on_method_t_mmrm_diagnostic."/>
    <testcase time="0.0080000000000382" classname="shinytest2_tm_a_mmrm" name="e2e_tm_a_mmrm_Validate_output_on_different_selection_on_method_t_mmrm_diagnostic."/>
    <testcase time="3.46799999999996" classname="shinytest2_tm_a_mmrm" name="e2e_tm_a_mmrm_Validate_output_on_different_selection_on_method_t_mmrm_diagnostic."/>
    <testcase time="0.0080000000000382" classname="shinytest2_tm_a_mmrm" name="e2e_tm_a_mmrm_Validate_output_on_different_selection_on_method_t_mmrm_diagnostic."/>
    <testcase time="3.30999999999995" classname="shinytest2_tm_a_mmrm" name="e2e_tm_a_mmrm_Validate_output_on_different_selection_on_method_t_mmrm_diagnostic."/>
    <testcase time="0.00900000000001455" classname="shinytest2_tm_a_mmrm" name="e2e_tm_a_mmrm_Validate_output_on_different_selection_on_method_t_mmrm_diagnostic."/>
    <testcase time="3.56100000000004" classname="shinytest2_tm_a_mmrm" name="e2e_tm_a_mmrm_Validate_output_on_different_selection_on_method_t_mmrm_diagnostic."/>
    <testcase time="0.0080000000000382" classname="shinytest2_tm_a_mmrm" name="e2e_tm_a_mmrm_Validate_output_on_different_selection_on_method_t_mmrm_diagnostic."/>
    <testcase time="3.32999999999993" classname="shinytest2_tm_a_mmrm" name="e2e_tm_a_mmrm_Validate_output_on_different_selection_on_method_t_mmrm_diagnostic."/>
    <testcase time="0.0130000000000337" classname="shinytest2_tm_a_mmrm" name="e2e_tm_a_mmrm_Validate_output_on_different_selection_on_method_t_mmrm_diagnostic."/>
    <testcase time="3.33100000000002" classname="shinytest2_tm_a_mmrm" name="e2e_tm_a_mmrm_Validate_output_on_different_selection_on_method_t_mmrm_diagnostic."/>
    <testcase time="0.0080000000000382" classname="shinytest2_tm_a_mmrm" name="e2e_tm_a_mmrm_Validate_output_on_different_selection_on_method_t_mmrm_diagnostic."/>
    <testcase time="3.16499999999996" classname="shinytest2_tm_a_mmrm" name="e2e_tm_a_mmrm_Validate_output_on_different_selection_on_method_t_mmrm_diagnostic."/>
    <testcase time="0.0080000000000382" classname="shinytest2_tm_a_mmrm" name="e2e_tm_a_mmrm_Validate_output_on_different_selection_on_method_t_mmrm_diagnostic."/>
    <testcase time="3.32799999999997" classname="shinytest2_tm_a_mmrm" name="e2e_tm_a_mmrm_Validate_output_on_different_selection_on_method_t_mmrm_diagnostic."/>
    <testcase time="0.00799999999992451" classname="shinytest2_tm_a_mmrm" name="e2e_tm_a_mmrm_Validate_output_on_different_selection_on_method_t_mmrm_diagnostic."/>
    <testcase time="10.7" classname="shinytest2_tm_a_mmrm" name="e2e_tm_a_mmrm_Validate_output_on_different_selection_on_method_g_mmrm_diagnostic."/>
    <testcase time="3.61800000000005" classname="shinytest2_tm_a_mmrm" name="e2e_tm_a_mmrm_Validate_output_on_different_selection_on_method_g_mmrm_diagnostic."/>
    <testcase time="0.0240000000000009" classname="shinytest2_tm_a_mmrm" name="e2e_tm_a_mmrm_Validate_output_on_different_selection_on_method_g_mmrm_diagnostic."/>
    <testcase time="3.60799999999995" classname="shinytest2_tm_a_mmrm" name="e2e_tm_a_mmrm_Validate_output_on_different_selection_on_method_g_mmrm_diagnostic."/>
    <testcase time="0.0240000000000009" classname="shinytest2_tm_a_mmrm" name="e2e_tm_a_mmrm_Validate_output_on_different_selection_on_method_g_mmrm_diagnostic."/>
    <testcase time="3.61199999999997" classname="shinytest2_tm_a_mmrm" name="e2e_tm_a_mmrm_Validate_output_on_different_selection_on_method_g_mmrm_diagnostic."/>
    <testcase time="0.0260000000000673" classname="shinytest2_tm_a_mmrm" name="e2e_tm_a_mmrm_Validate_output_on_different_selection_on_method_g_mmrm_diagnostic."/>
    <testcase time="3.72199999999998" classname="shinytest2_tm_a_mmrm" name="e2e_tm_a_mmrm_Validate_output_on_different_selection_on_method_g_mmrm_diagnostic."/>
    <testcase time="0.0249999999999773" classname="shinytest2_tm_a_mmrm" name="e2e_tm_a_mmrm_Validate_output_on_different_selection_on_method_g_mmrm_diagnostic."/>
    <testcase time="3.42499999999995" classname="shinytest2_tm_a_mmrm" name="e2e_tm_a_mmrm_Validate_output_on_different_selection_on_method_g_mmrm_diagnostic."/>
    <testcase time="0.02800000000002" classname="shinytest2_tm_a_mmrm" name="e2e_tm_a_mmrm_Validate_output_on_different_selection_on_method_g_mmrm_diagnostic."/>
  </testsuite>
  <testsuite name="shinytest2-tm_g_barchart_simple" timestamp="2024-11-23T23:42:35Z" hostname="ab3f7aea7c81" tests="73" skipped="0" failures="0" errors="0" time="230.683">
    <testcase time="7.74700000000007" classname="shinytest2_tm_g_barchart_simple" name="e2e_tm_g_barchart_simple_Module_initializes_in_teal_without_errors_and_produces_output."/>
    <testcase time="0.00599999999997181" classname="shinytest2_tm_g_barchart_simple" name="e2e_tm_g_barchart_simple_Module_initializes_in_teal_without_errors_and_produces_output."/>
    <testcase time="2.13900000000001" classname="shinytest2_tm_g_barchart_simple" name="e2e_tm_g_barchart_simple_Module_initializes_in_teal_without_errors_and_produces_output."/>
    <testcase time="2.12599999999998" classname="shinytest2_tm_g_barchart_simple" name="e2e_tm_g_barchart_simple_Module_initializes_in_teal_without_errors_and_produces_output."/>
    <testcase time="7.86000000000001" classname="shinytest2_tm_g_barchart_simple" name="e2e_tm_g_barchart_simple_Starts_with_specified_label_id_var_arm_var_visit_var_paramcd_cov_var_conf_level_and_conf_struct."/>
    <testcase time="0.0819999999999936" classname="shinytest2_tm_g_barchart_simple" name="e2e_tm_g_barchart_simple_Starts_with_specified_label_id_var_arm_var_visit_var_paramcd_cov_var_conf_level_and_conf_struct."/>
    <testcase time="0.0579999999999927" classname="shinytest2_tm_g_barchart_simple" name="e2e_tm_g_barchart_simple_Starts_with_specified_label_id_var_arm_var_visit_var_paramcd_cov_var_conf_level_and_conf_struct."/>
    <testcase time="0.05600000000004" classname="shinytest2_tm_g_barchart_simple" name="e2e_tm_g_barchart_simple_Starts_with_specified_label_id_var_arm_var_visit_var_paramcd_cov_var_conf_level_and_conf_struct."/>
    <testcase time="0.0520000000000209" classname="shinytest2_tm_g_barchart_simple" name="e2e_tm_g_barchart_simple_Starts_with_specified_label_id_var_arm_var_visit_var_paramcd_cov_var_conf_level_and_conf_struct."/>
    <testcase time="0.0519999999999072" classname="shinytest2_tm_g_barchart_simple" name="e2e_tm_g_barchart_simple_Starts_with_specified_label_id_var_arm_var_visit_var_paramcd_cov_var_conf_level_and_conf_struct."/>
    <testcase time="0.0520000000000209" classname="shinytest2_tm_g_barchart_simple" name="e2e_tm_g_barchart_simple_Starts_with_specified_label_id_var_arm_var_visit_var_paramcd_cov_var_conf_level_and_conf_struct."/>
    <testcase time="0.0520000000000209" classname="shinytest2_tm_g_barchart_simple" name="e2e_tm_g_barchart_simple_Starts_with_specified_label_id_var_arm_var_visit_var_paramcd_cov_var_conf_level_and_conf_struct."/>
    <testcase time="0.05600000000004" classname="shinytest2_tm_g_barchart_simple" name="e2e_tm_g_barchart_simple_Starts_with_specified_label_id_var_arm_var_visit_var_paramcd_cov_var_conf_level_and_conf_struct."/>
    <testcase time="0.0519999999999072" classname="shinytest2_tm_g_barchart_simple" name="e2e_tm_g_barchart_simple_Starts_with_specified_label_id_var_arm_var_visit_var_paramcd_cov_var_conf_level_and_conf_struct."/>
    <testcase time="0.0520000000000209" classname="shinytest2_tm_g_barchart_simple" name="e2e_tm_g_barchart_simple_Starts_with_specified_label_id_var_arm_var_visit_var_paramcd_cov_var_conf_level_and_conf_struct."/>
    <testcase time="0.0510000000000446" classname="shinytest2_tm_g_barchart_simple" name="e2e_tm_g_barchart_simple_Starts_with_specified_label_id_var_arm_var_visit_var_paramcd_cov_var_conf_level_and_conf_struct."/>
    <testcase time="0.0520000000000209" classname="shinytest2_tm_g_barchart_simple" name="e2e_tm_g_barchart_simple_Starts_with_specified_label_id_var_arm_var_visit_var_paramcd_cov_var_conf_level_and_conf_struct."/>
    <testcase time="0.0529999999999973" classname="shinytest2_tm_g_barchart_simple" name="e2e_tm_g_barchart_simple_Starts_with_specified_label_id_var_arm_var_visit_var_paramcd_cov_var_conf_level_and_conf_struct."/>
    <testcase time="0.0509999999999309" classname="shinytest2_tm_g_barchart_simple" name="e2e_tm_g_barchart_simple_Starts_with_specified_label_id_var_arm_var_visit_var_paramcd_cov_var_conf_level_and_conf_struct."/>
    <testcase time="9.89200000000005" classname="shinytest2_tm_g_barchart_simple" name="e2e_tm_g_barchart_simple_Selection_of_x_changes_the_element_and_does_not_throw_validation_errors."/>
    <testcase time="0.00599999999997181" classname="shinytest2_tm_g_barchart_simple" name="e2e_tm_g_barchart_simple_Selection_of_x_changes_the_element_and_does_not_throw_validation_errors."/>
    <testcase time="8.29899999999998" classname="shinytest2_tm_g_barchart_simple" name="e2e_tm_g_barchart_simple_Deselection_of_x_throws_validation_error."/>
    <testcase time="0.00700000000006185" classname="shinytest2_tm_g_barchart_simple" name="e2e_tm_g_barchart_simple_Deselection_of_x_throws_validation_error."/>
    <testcase time="9.72000000000003" classname="shinytest2_tm_g_barchart_simple" name="e2e_tm_g_barchart_simple_Selection_of_fill_dataset_changes_the_element_and_does_not_throw_validation_errors."/>
    <testcase time="0.0839999999999463" classname="shinytest2_tm_g_barchart_simple" name="e2e_tm_g_barchart_simple_Selection_of_fill_dataset_changes_the_element_and_does_not_throw_validation_errors."/>
    <testcase time="2.16099999999994" classname="shinytest2_tm_g_barchart_simple" name="e2e_tm_g_barchart_simple_Selection_of_fill_dataset_changes_the_element_and_does_not_throw_validation_errors."/>
    <testcase time="0.00600000000008549" classname="shinytest2_tm_g_barchart_simple" name="e2e_tm_g_barchart_simple_Selection_of_fill_dataset_changes_the_element_and_does_not_throw_validation_errors."/>
    <testcase time="9.78800000000001" classname="shinytest2_tm_g_barchart_simple" name="e2e_tm_g_barchart_simple_Deselection_of_fill_dataset_changes_the_element_and_does_not_throw_validation_errors."/>
    <testcase time="0.0240000000000009" classname="shinytest2_tm_g_barchart_simple" name="e2e_tm_g_barchart_simple_Deselection_of_fill_dataset_changes_the_element_and_does_not_throw_validation_errors."/>
    <testcase time="0.00599999999997181" classname="shinytest2_tm_g_barchart_simple" name="e2e_tm_g_barchart_simple_Deselection_of_fill_dataset_changes_the_element_and_does_not_throw_validation_errors."/>
    <testcase time="8.98199999999997" classname="shinytest2_tm_g_barchart_simple" name="e2e_tm_g_barchart_simple_Selection_of_x_facet_dataset_changes_the_element_and_does_not_throw_validation_errors."/>
    <testcase time="0.0819999999999936" classname="shinytest2_tm_g_barchart_simple" name="e2e_tm_g_barchart_simple_Selection_of_x_facet_dataset_changes_the_element_and_does_not_throw_validation_errors."/>
    <testcase time="2.21600000000001" classname="shinytest2_tm_g_barchart_simple" name="e2e_tm_g_barchart_simple_Selection_of_x_facet_dataset_changes_the_element_and_does_not_throw_validation_errors."/>
    <testcase time="0.00700000000006185" classname="shinytest2_tm_g_barchart_simple" name="e2e_tm_g_barchart_simple_Selection_of_x_facet_dataset_changes_the_element_and_does_not_throw_validation_errors."/>
    <testcase time="9.33499999999992" classname="shinytest2_tm_g_barchart_simple" name="e2e_tm_g_barchart_simple_Deselection_of_x_facet_dataset_changes_the_element_and_does_not_throw_validation_errors."/>
    <testcase time="0.0220000000000482" classname="shinytest2_tm_g_barchart_simple" name="e2e_tm_g_barchart_simple_Deselection_of_x_facet_dataset_changes_the_element_and_does_not_throw_validation_errors."/>
    <testcase time="0.00599999999997181" classname="shinytest2_tm_g_barchart_simple" name="e2e_tm_g_barchart_simple_Deselection_of_x_facet_dataset_changes_the_element_and_does_not_throw_validation_errors."/>
    <testcase time="9.18500000000006" classname="shinytest2_tm_g_barchart_simple" name="e2e_tm_g_barchart_simple_Selection_of_y_facet_dataset_changes_the_element_and_does_not_throw_validation_errors."/>
    <testcase time="0.0879999999999654" classname="shinytest2_tm_g_barchart_simple" name="e2e_tm_g_barchart_simple_Selection_of_y_facet_dataset_changes_the_element_and_does_not_throw_validation_errors."/>
    <testcase time="1.95600000000002" classname="shinytest2_tm_g_barchart_simple" name="e2e_tm_g_barchart_simple_Selection_of_y_facet_dataset_changes_the_element_and_does_not_throw_validation_errors."/>
    <testcase time="0.00699999999994816" classname="shinytest2_tm_g_barchart_simple" name="e2e_tm_g_barchart_simple_Selection_of_y_facet_dataset_changes_the_element_and_does_not_throw_validation_errors."/>
    <testcase time="9.22300000000007" classname="shinytest2_tm_g_barchart_simple" name="e2e_tm_g_barchart_simple_Deselection_of_y_facet_dataset_changes_the_element_and_does_not_throw_validation_errors."/>
    <testcase time="0.0229999999999109" classname="shinytest2_tm_g_barchart_simple" name="e2e_tm_g_barchart_simple_Deselection_of_y_facet_dataset_changes_the_element_and_does_not_throw_validation_errors."/>
    <testcase time="0.00600000000008549" classname="shinytest2_tm_g_barchart_simple" name="e2e_tm_g_barchart_simple_Deselection_of_y_facet_dataset_changes_the_element_and_does_not_throw_validation_errors."/>
    <testcase time="9.62699999999995" classname="shinytest2_tm_g_barchart_simple" name="e2e_tm_g_barchart_simple_Duplicate_between_x_and_fill_selection_throws_validation_error."/>
    <testcase time="0.0080000000000382" classname="shinytest2_tm_g_barchart_simple" name="e2e_tm_g_barchart_simple_Duplicate_between_x_and_fill_selection_throws_validation_error."/>
    <testcase time="0.00699999999994816" classname="shinytest2_tm_g_barchart_simple" name="e2e_tm_g_barchart_simple_Duplicate_between_x_and_fill_selection_throws_validation_error."/>
    <testcase time="10.388" classname="shinytest2_tm_g_barchart_simple" name="e2e_tm_g_barchart_simple_Duplicate_between_x_and_x_facet_selection_throws_validation_error."/>
    <testcase time="0.00699999999994816" classname="shinytest2_tm_g_barchart_simple" name="e2e_tm_g_barchart_simple_Duplicate_between_x_and_x_facet_selection_throws_validation_error."/>
    <testcase time="0.00700000000006185" classname="shinytest2_tm_g_barchart_simple" name="e2e_tm_g_barchart_simple_Duplicate_between_x_and_x_facet_selection_throws_validation_error."/>
    <testcase time="10.303" classname="shinytest2_tm_g_barchart_simple" name="e2e_tm_g_barchart_simple_Duplicate_between_x_and_y_facet_selection_throws_validation_error."/>
    <testcase time="0.00699999999994816" classname="shinytest2_tm_g_barchart_simple" name="e2e_tm_g_barchart_simple_Duplicate_between_x_and_y_facet_selection_throws_validation_error."/>
    <testcase time="0.00700000000006185" classname="shinytest2_tm_g_barchart_simple" name="e2e_tm_g_barchart_simple_Duplicate_between_x_and_y_facet_selection_throws_validation_error."/>
    <testcase time="9.82399999999996" classname="shinytest2_tm_g_barchart_simple" name="e2e_tm_g_barchart_simple_Changing_barlayout_changes_the_plot_and_does_not_throw_validation_errors."/>
    <testcase time="0.00599999999997181" classname="shinytest2_tm_g_barchart_simple" name="e2e_tm_g_barchart_simple_Changing_barlayout_changes_the_plot_and_does_not_throw_validation_errors."/>
    <testcase time="9.78500000000008" classname="shinytest2_tm_g_barchart_simple" name="e2e_tm_g_barchart_simple_Changing_expand_y_range_changes_the_plot_and_does_not_throw_validation_errors."/>
    <testcase time="0.00499999999999545" classname="shinytest2_tm_g_barchart_simple" name="e2e_tm_g_barchart_simple_Changing_expand_y_range_changes_the_plot_and_does_not_throw_validation_errors."/>
    <testcase time="9.58499999999992" classname="shinytest2_tm_g_barchart_simple" name="e2e_tm_g_barchart_simple_Changing_facet_scale_x_changes_the_plot_and_does_not_throw_validation_errors."/>
    <testcase time="0.00600000000008549" classname="shinytest2_tm_g_barchart_simple" name="e2e_tm_g_barchart_simple_Changing_facet_scale_x_changes_the_plot_and_does_not_throw_validation_errors."/>
    <testcase time="9.53099999999995" classname="shinytest2_tm_g_barchart_simple" name="e2e_tm_g_barchart_simple_Changing_facet_scale_y_changes_the_plot_and_does_not_throw_validation_errors."/>
    <testcase time="0.00600000000008549" classname="shinytest2_tm_g_barchart_simple" name="e2e_tm_g_barchart_simple_Changing_facet_scale_y_changes_the_plot_and_does_not_throw_validation_errors."/>
    <testcase time="9.76999999999998" classname="shinytest2_tm_g_barchart_simple" name="e2e_tm_g_barchart_simple_Changing_label_bars_changes_the_plot_and_does_not_throw_validation_errors."/>
    <testcase time="0.00599999999985812" classname="shinytest2_tm_g_barchart_simple" name="e2e_tm_g_barchart_simple_Changing_label_bars_changes_the_plot_and_does_not_throw_validation_errors."/>
    <testcase time="9.49600000000009" classname="shinytest2_tm_g_barchart_simple" name="e2e_tm_g_barchart_simple_Changing_rotate_x_label_changes_the_plot_and_does_not_throw_validation_errors."/>
    <testcase time="0.00600000000008549" classname="shinytest2_tm_g_barchart_simple" name="e2e_tm_g_barchart_simple_Changing_rotate_x_label_changes_the_plot_and_does_not_throw_validation_errors."/>
    <testcase time="9.41299999999978" classname="shinytest2_tm_g_barchart_simple" name="e2e_tm_g_barchart_simple_Changing_rotate_y_label_changes_the_plot_and_does_not_throw_validation_errors."/>
    <testcase time="0.00600000000008549" classname="shinytest2_tm_g_barchart_simple" name="e2e_tm_g_barchart_simple_Changing_rotate_y_label_changes_the_plot_and_does_not_throw_validation_errors."/>
    <testcase time="9.60599999999999" classname="shinytest2_tm_g_barchart_simple" name="e2e_tm_g_barchart_simple_Changing_flip_axis_changes_the_plot_and_does_not_throw_validation_errors."/>
    <testcase time="0.00600000000008549" classname="shinytest2_tm_g_barchart_simple" name="e2e_tm_g_barchart_simple_Changing_flip_axis_changes_the_plot_and_does_not_throw_validation_errors."/>
    <testcase time="9.74399999999991" classname="shinytest2_tm_g_barchart_simple" name="e2e_tm_g_barchart_simple_Changing_show_n_changes_the_plot_and_does_not_throw_validation_errors."/>
    <testcase time="0.00600000000008549" classname="shinytest2_tm_g_barchart_simple" name="e2e_tm_g_barchart_simple_Changing_show_n_changes_the_plot_and_does_not_throw_validation_errors."/>
    <testcase time="11.729" classname="shinytest2_tm_g_barchart_simple" name="e2e_tm_g_barchart_simple_Changing_rotate_bar_labels_changes_the_plot_and_does_not_throw_validation_errors."/>
    <testcase time="0.00599999999985812" classname="shinytest2_tm_g_barchart_simple" name="e2e_tm_g_barchart_simple_Changing_rotate_bar_labels_changes_the_plot_and_does_not_throw_validation_errors."/>
  </testsuite>
  <testsuite name="shinytest2-tm_g_ci" timestamp="2024-11-23T23:46:25Z" hostname="ab3f7aea7c81" tests="41" skipped="0" failures="0" errors="0" time="100.431">
    <testcase time="6.44100000000003" classname="shinytest2_tm_g_ci" name="e2e_tm_g_ci_Module_initializes_in_teal_without_errors_and_produces_plot_output."/>
    <testcase time="0.00600000000008549" classname="shinytest2_tm_g_ci" name="e2e_tm_g_ci_Module_initializes_in_teal_without_errors_and_produces_plot_output."/>
    <testcase time="0.0329999999999018" classname="shinytest2_tm_g_ci" name="e2e_tm_g_ci_Module_initializes_in_teal_without_errors_and_produces_plot_output."/>
    <testcase time="6.46900000000005" classname="shinytest2_tm_g_ci" name="e2e_tm_g_ci_Module_initializes_with_specified_label_x_var_y_var_ADLB_filters_color_conf_level_and_stat."/>
    <testcase time="0.0860000000000127" classname="shinytest2_tm_g_ci" name="e2e_tm_g_ci_Module_initializes_with_specified_label_x_var_y_var_ADLB_filters_color_conf_level_and_stat."/>
    <testcase time="0.0509999999999309" classname="shinytest2_tm_g_ci" name="e2e_tm_g_ci_Module_initializes_with_specified_label_x_var_y_var_ADLB_filters_color_conf_level_and_stat."/>
    <testcase time="0.0520000000001346" classname="shinytest2_tm_g_ci" name="e2e_tm_g_ci_Module_initializes_with_specified_label_x_var_y_var_ADLB_filters_color_conf_level_and_stat."/>
    <testcase time="0.0529999999998836" classname="shinytest2_tm_g_ci" name="e2e_tm_g_ci_Module_initializes_with_specified_label_x_var_y_var_ADLB_filters_color_conf_level_and_stat."/>
    <testcase time="0.0509999999999309" classname="shinytest2_tm_g_ci" name="e2e_tm_g_ci_Module_initializes_with_specified_label_x_var_y_var_ADLB_filters_color_conf_level_and_stat."/>
    <testcase time="0.0520000000001346" classname="shinytest2_tm_g_ci" name="e2e_tm_g_ci_Module_initializes_with_specified_label_x_var_y_var_ADLB_filters_color_conf_level_and_stat."/>
    <testcase time="0.0529999999998836" classname="shinytest2_tm_g_ci" name="e2e_tm_g_ci_Module_initializes_with_specified_label_x_var_y_var_ADLB_filters_color_conf_level_and_stat."/>
    <testcase time="0.0510000000001583" classname="shinytest2_tm_g_ci" name="e2e_tm_g_ci_Module_initializes_with_specified_label_x_var_y_var_ADLB_filters_color_conf_level_and_stat."/>
    <testcase time="0.0529999999998836" classname="shinytest2_tm_g_ci" name="e2e_tm_g_ci_Module_initializes_with_specified_label_x_var_y_var_ADLB_filters_color_conf_level_and_stat."/>
    <testcase time="7.548" classname="shinytest2_tm_g_ci" name="e2e_tm_g_ci_Selecting_x_var_column_changes_plot_and_doesn_t_throw_validation_errors."/>
    <testcase time="0.00600000000008549" classname="shinytest2_tm_g_ci" name="e2e_tm_g_ci_Selecting_x_var_column_changes_plot_and_doesn_t_throw_validation_errors."/>
    <testcase time="7.02199999999993" classname="shinytest2_tm_g_ci" name="e2e_tm_g_ci_Deselecting_x_var_column_throws_validation_error."/>
    <testcase time="0.00500000000010914" classname="shinytest2_tm_g_ci" name="e2e_tm_g_ci_Deselecting_x_var_column_throws_validation_error."/>
    <testcase time="0.00499999999988177" classname="shinytest2_tm_g_ci" name="e2e_tm_g_ci_Deselecting_x_var_column_throws_validation_error."/>
    <testcase time="7.82899999999995" classname="shinytest2_tm_g_ci" name="e2e_tm_g_ci_Selecting_y_var_column_changes_plot_and_doesn_t_throw_validation_errors."/>
    <testcase time="0.00600000000008549" classname="shinytest2_tm_g_ci" name="e2e_tm_g_ci_Selecting_y_var_column_changes_plot_and_doesn_t_throw_validation_errors."/>
    <testcase time="6.95900000000006" classname="shinytest2_tm_g_ci" name="e2e_tm_g_ci_Deselecting_y_var_column_throws_validation_error."/>
    <testcase time="0.00499999999988177" classname="shinytest2_tm_g_ci" name="e2e_tm_g_ci_Deselecting_y_var_column_throws_validation_error."/>
    <testcase time="0.00600000000008549" classname="shinytest2_tm_g_ci" name="e2e_tm_g_ci_Deselecting_y_var_column_throws_validation_error."/>
    <testcase time="7.40999999999985" classname="shinytest2_tm_g_ci" name="e2e_tm_g_ci_Selecting_PARAMCD_filter_value_changes_plot_and_doesn_t_throw_validation_errors."/>
    <testcase time="0.00600000000008549" classname="shinytest2_tm_g_ci" name="e2e_tm_g_ci_Selecting_PARAMCD_filter_value_changes_plot_and_doesn_t_throw_validation_errors."/>
    <testcase time="6.80300000000011" classname="shinytest2_tm_g_ci" name="e2e_tm_g_ci_Deselecting_PARAMCD_filter_value_throws_validation_error."/>
    <testcase time="0.00599999999985812" classname="shinytest2_tm_g_ci" name="e2e_tm_g_ci_Deselecting_PARAMCD_filter_value_throws_validation_error."/>
    <testcase time="0.00500000000010914" classname="shinytest2_tm_g_ci" name="e2e_tm_g_ci_Deselecting_PARAMCD_filter_value_throws_validation_error."/>
    <testcase time="7.40200000000004" classname="shinytest2_tm_g_ci" name="e2e_tm_g_ci_Selecting_AVISIT_filter_value_doesn_t_throw_validation_errors."/>
    <testcase time="0.00599999999985812" classname="shinytest2_tm_g_ci" name="e2e_tm_g_ci_Selecting_AVISIT_filter_value_doesn_t_throw_validation_errors."/>
    <testcase time="6.83400000000006" classname="shinytest2_tm_g_ci" name="e2e_tm_g_ci_Deselecting_AVISIT_filter_value_throws_validation_error."/>
    <testcase time="0.00599999999985812" classname="shinytest2_tm_g_ci" name="e2e_tm_g_ci_Deselecting_AVISIT_filter_value_throws_validation_error."/>
    <testcase time="0.00500000000010914" classname="shinytest2_tm_g_ci" name="e2e_tm_g_ci_Deselecting_AVISIT_filter_value_throws_validation_error."/>
    <testcase time="7.35899999999992" classname="shinytest2_tm_g_ci" name="e2e_tm_g_ci_Selecting_color_column_changes_plot_output_and_doesn_t_throw_validation_errors."/>
    <testcase time="0.00600000000008549" classname="shinytest2_tm_g_ci" name="e2e_tm_g_ci_Selecting_color_column_changes_plot_output_and_doesn_t_throw_validation_errors."/>
    <testcase time="7.24000000000001" classname="shinytest2_tm_g_ci" name="e2e_tm_g_ci_Deselecting_color_column_changes_plot_output_and_doesn_t_throw_validation_error."/>
    <testcase time="0.00600000000008549" classname="shinytest2_tm_g_ci" name="e2e_tm_g_ci_Deselecting_color_column_changes_plot_output_and_doesn_t_throw_validation_error."/>
    <testcase time="7.19599999999991" classname="shinytest2_tm_g_ci" name="e2e_tm_g_ci_Selecting_confidence_interval_value_changes_plot_and_doesn_t_throw_any_errors."/>
    <testcase time="0.00600000000008549" classname="shinytest2_tm_g_ci" name="e2e_tm_g_ci_Selecting_confidence_interval_value_changes_plot_and_doesn_t_throw_any_errors."/>
    <testcase time="7.28699999999981" classname="shinytest2_tm_g_ci" name="e2e_tm_g_ci_Selecting_statistic_to_use_changes_a_plot_and_doesn_t_throw_any_errors."/>
    <testcase time="0.00600000000008549" classname="shinytest2_tm_g_ci" name="e2e_tm_g_ci_Selecting_statistic_to_use_changes_a_plot_and_doesn_t_throw_any_errors."/>
  </testsuite>
  <testsuite name="shinytest2-tm_g_forest_rsp" timestamp="2024-11-23T23:48:06Z" hostname="ab3f7aea7c81" tests="48" skipped="0" failures="13" errors="0" time="142.348">
    <testcase time="7.00600000000009" classname="shinytest2_tm_g_forest_rsp" name="e2e_tm_g_forest_rsp_Module_initializes_in_teal_without_errors_and_produces_plot_output.">
      <failure type="failure" message="self$get_html(&quot;.shiny-output-error:not(.shiny-output-error-validation)&quot;) is not NULL ('test-shinytest2-tm_g_forest_rsp.R:91:3')">self$get_html(".shiny-output-error:not(.shiny-output-error-validation)") is not NULL

`actual` is a character vector ('&lt;div class="shiny-html-output plot_out_container shiny-bound-output shiny-output-error" id="teal-teal_modules-forest_response-module-myplot-plot_out_main" width="100%" aria-live="polite"&gt;unable to find an inherited method for function ‘eval_code’ for signature ‘object = "teal_data", code = "list"’&lt;/div&gt;')
`expected` is NULL
Shiny error is observed
Backtrace:
    x
 1. \-app_driver$expect_no_shiny_error() at test-shinytest2-tm_g_forest_rsp.R:91:3
 2.   \-testthat::expect_null(...)</failure>
    </testcase>
    <testcase time="0.0209999999999582" classname="shinytest2_tm_g_forest_rsp" name="e2e_tm_g_forest_rsp_Module_initializes_in_teal_without_errors_and_produces_plot_output."/>
    <testcase time="2.11500000000001" classname="shinytest2_tm_g_forest_rsp" name="e2e_tm_g_forest_rsp_Module_initializes_in_teal_without_errors_and_produces_plot_output.">
      <failure type="failure" message="app_driver$is_visible(app_driver$active_module_element(&quot;myplot-plot_main&quot;)) is not TRUE ('test-shinytest2-tm_g_forest_rsp.R:93:3')">app_driver$is_visible(app_driver$active_module_element("myplot-plot_main")) is not TRUE

`actual` is NULL
`expected` is a logical vector (TRUE)</failure>
    </testcase>
    <testcase time="6.57099999999991" classname="shinytest2_tm_g_forest_rsp" name="e2e_tm_g_forest_rsp_Module_initializes_with_specified_label_arm_var_paramcd_aval_var_responders_subgroup_var_strata_var_conf_level_fixed_symbol_size_rel_width_forest_font_size."/>
    <testcase time="0.0850000000000364" classname="shinytest2_tm_g_forest_rsp" name="e2e_tm_g_forest_rsp_Module_initializes_with_specified_label_arm_var_paramcd_aval_var_responders_subgroup_var_strata_var_conf_level_fixed_symbol_size_rel_width_forest_font_size."/>
    <testcase time="0.0540000000000873" classname="shinytest2_tm_g_forest_rsp" name="e2e_tm_g_forest_rsp_Module_initializes_with_specified_label_arm_var_paramcd_aval_var_responders_subgroup_var_strata_var_conf_level_fixed_symbol_size_rel_width_forest_font_size."/>
    <testcase time="0.0509999999999309" classname="shinytest2_tm_g_forest_rsp" name="e2e_tm_g_forest_rsp_Module_initializes_with_specified_label_arm_var_paramcd_aval_var_responders_subgroup_var_strata_var_conf_level_fixed_symbol_size_rel_width_forest_font_size."/>
    <testcase time="0.0519999999999072" classname="shinytest2_tm_g_forest_rsp" name="e2e_tm_g_forest_rsp_Module_initializes_with_specified_label_arm_var_paramcd_aval_var_responders_subgroup_var_strata_var_conf_level_fixed_symbol_size_rel_width_forest_font_size."/>
    <testcase time="0.0520000000001346" classname="shinytest2_tm_g_forest_rsp" name="e2e_tm_g_forest_rsp_Module_initializes_with_specified_label_arm_var_paramcd_aval_var_responders_subgroup_var_strata_var_conf_level_fixed_symbol_size_rel_width_forest_font_size."/>
    <testcase time="0.0519999999999072" classname="shinytest2_tm_g_forest_rsp" name="e2e_tm_g_forest_rsp_Module_initializes_with_specified_label_arm_var_paramcd_aval_var_responders_subgroup_var_strata_var_conf_level_fixed_symbol_size_rel_width_forest_font_size."/>
    <testcase time="0.053000000000111" classname="shinytest2_tm_g_forest_rsp" name="e2e_tm_g_forest_rsp_Module_initializes_with_specified_label_arm_var_paramcd_aval_var_responders_subgroup_var_strata_var_conf_level_fixed_symbol_size_rel_width_forest_font_size."/>
    <testcase time="0.0509999999999309" classname="shinytest2_tm_g_forest_rsp" name="e2e_tm_g_forest_rsp_Module_initializes_with_specified_label_arm_var_paramcd_aval_var_responders_subgroup_var_strata_var_conf_level_fixed_symbol_size_rel_width_forest_font_size."/>
    <testcase time="0.053000000000111" classname="shinytest2_tm_g_forest_rsp" name="e2e_tm_g_forest_rsp_Module_initializes_with_specified_label_arm_var_paramcd_aval_var_responders_subgroup_var_strata_var_conf_level_fixed_symbol_size_rel_width_forest_font_size."/>
    <testcase time="0.0519999999999072" classname="shinytest2_tm_g_forest_rsp" name="e2e_tm_g_forest_rsp_Module_initializes_with_specified_label_arm_var_paramcd_aval_var_responders_subgroup_var_strata_var_conf_level_fixed_symbol_size_rel_width_forest_font_size."/>
    <testcase time="8.24900000000002" classname="shinytest2_tm_g_forest_rsp" name="e2e_tm_g_forest_rsp_Selecting_arm_var_changes_plot_and_doesn_t_throw_validation_errors.">
      <failure type="failure" message="identical(plot_before, app_driver$get_active_module_plot_output(&quot;myplot&quot;)) is not FALSE ('test-shinytest2-tm_g_forest_rsp.R:163:3')">identical(plot_before, app_driver$get_active_module_plot_output("myplot")) is not FALSE

`actual`:   TRUE 
`expected`: FALSE</failure>
    </testcase>
    <testcase time="0.0139999999998963" classname="shinytest2_tm_g_forest_rsp" name="e2e_tm_g_forest_rsp_Selecting_arm_var_changes_plot_and_doesn_t_throw_validation_errors."/>
    <testcase time="7.45299999999997" classname="shinytest2_tm_g_forest_rsp" name="e2e_tm_g_forest_rsp_Deselecting_arm_var_throws_validation_error."/>
    <testcase time="0.00700000000006185" classname="shinytest2_tm_g_forest_rsp" name="e2e_tm_g_forest_rsp_Deselecting_arm_var_throws_validation_error."/>
    <testcase time="8.81400000000008" classname="shinytest2_tm_g_forest_rsp" name="e2e_tm_g_forest_rsp_Selecting_paramcd_changes_plot_and_doesn_t_throw_validation_errors.">
      <failure type="failure" message="identical(plot_before, app_driver$get_active_module_plot_output(&quot;myplot&quot;)) is not FALSE ('test-shinytest2-tm_g_forest_rsp.R:185:3')">identical(plot_before, app_driver$get_active_module_plot_output("myplot")) is not FALSE

`actual`:   TRUE 
`expected`: FALSE</failure>
    </testcase>
    <testcase time="0.0139999999998963" classname="shinytest2_tm_g_forest_rsp" name="e2e_tm_g_forest_rsp_Selecting_paramcd_changes_plot_and_doesn_t_throw_validation_errors."/>
    <testcase time="7.49800000000005" classname="shinytest2_tm_g_forest_rsp" name="e2e_tm_g_forest_rsp_Deselecting_paramcd_throws_validation_error."/>
    <testcase time="0.00700000000006185" classname="shinytest2_tm_g_forest_rsp" name="e2e_tm_g_forest_rsp_Deselecting_paramcd_throws_validation_error."/>
    <testcase time="7.71000000000004" classname="shinytest2_tm_g_forest_rsp" name="e2e_tm_g_forest_rsp_Selecting_responders_changes_plot_and_doesn_t_throw_validation_errors.">
      <failure type="failure" message="identical(plot_before, app_driver$get_active_module_plot_output(&quot;myplot&quot;)) is not FALSE ('test-shinytest2-tm_g_forest_rsp.R:207:3')">identical(plot_before, app_driver$get_active_module_plot_output("myplot")) is not FALSE

`actual`:   TRUE 
`expected`: FALSE</failure>
    </testcase>
    <testcase time="0.0139999999998963" classname="shinytest2_tm_g_forest_rsp" name="e2e_tm_g_forest_rsp_Selecting_responders_changes_plot_and_doesn_t_throw_validation_errors."/>
    <testcase time="7.16699999999992" classname="shinytest2_tm_g_forest_rsp" name="e2e_tm_g_forest_rsp_Deselecting_responders_throws_validation_error."/>
    <testcase time="0.00700000000006185" classname="shinytest2_tm_g_forest_rsp" name="e2e_tm_g_forest_rsp_Deselecting_responders_throws_validation_error."/>
    <testcase time="8.46299999999997" classname="shinytest2_tm_g_forest_rsp" name="e2e_tm_g_forest_rsp_Selecting_subgroup_var_changes_plot_and_doesn_t_throw_validation_errors.">
      <failure type="failure" message="identical(plot_before, app_driver$get_active_module_plot_output(&quot;myplot&quot;)) is not FALSE ('test-shinytest2-tm_g_forest_rsp.R:229:3')">identical(plot_before, app_driver$get_active_module_plot_output("myplot")) is not FALSE

`actual`:   TRUE 
`expected`: FALSE</failure>
    </testcase>
    <testcase time="0.0140000000001237" classname="shinytest2_tm_g_forest_rsp" name="e2e_tm_g_forest_rsp_Selecting_subgroup_var_changes_plot_and_doesn_t_throw_validation_errors."/>
    <testcase time="7.31999999999994" classname="shinytest2_tm_g_forest_rsp" name="e2e_tm_g_forest_rsp_Selecting_a_non_factors_column_in_subgroup_var_throws_validation_error."/>
    <testcase time="0.00900000000001455" classname="shinytest2_tm_g_forest_rsp" name="e2e_tm_g_forest_rsp_Selecting_a_non_factors_column_in_subgroup_var_throws_validation_error."/>
    <testcase time="7.72700000000009" classname="shinytest2_tm_g_forest_rsp" name="e2e_tm_g_forest_rsp_Deselecting_subgroup_var_changes_plot_and_doesn_t_throw_validation_errors.">
      <failure type="failure" message="identical(plot_before, app_driver$get_active_module_plot_output(&quot;myplot&quot;)) is not FALSE ('test-shinytest2-tm_g_forest_rsp.R:251:3')">identical(plot_before, app_driver$get_active_module_plot_output("myplot")) is not FALSE

`actual`:   TRUE 
`expected`: FALSE</failure>
    </testcase>
    <testcase time="0.0139999999998963" classname="shinytest2_tm_g_forest_rsp" name="e2e_tm_g_forest_rsp_Deselecting_subgroup_var_changes_plot_and_doesn_t_throw_validation_errors."/>
    <testcase time="8.16499999999996" classname="shinytest2_tm_g_forest_rsp" name="e2e_tm_g_forest_rsp_Selecting_strata_var_changes_plot_and_doesn_t_throw_validation_errors.">
      <failure type="failure" message="identical(plot_before, app_driver$get_active_module_plot_output(&quot;myplot&quot;)) is not FALSE ('test-shinytest2-tm_g_forest_rsp.R:261:3')">identical(plot_before, app_driver$get_active_module_plot_output("myplot")) is not FALSE

`actual`:   TRUE 
`expected`: FALSE</failure>
    </testcase>
    <testcase time="0.0190000000000055" classname="shinytest2_tm_g_forest_rsp" name="e2e_tm_g_forest_rsp_Selecting_strata_var_changes_plot_and_doesn_t_throw_validation_errors."/>
    <testcase time="8.096" classname="shinytest2_tm_g_forest_rsp" name="e2e_tm_g_forest_rsp_Deselecting_strata_var_changes_plot_and_doesn_t_throw_validation_errors.">
      <failure type="failure" message="identical(plot_before, app_driver$get_active_module_plot_output(&quot;myplot&quot;)) is not FALSE ('test-shinytest2-tm_g_forest_rsp.R:271:3')">identical(plot_before, app_driver$get_active_module_plot_output("myplot")) is not FALSE

`actual`:   TRUE 
`expected`: FALSE</failure>
    </testcase>
    <testcase time="0.0140000000001237" classname="shinytest2_tm_g_forest_rsp" name="e2e_tm_g_forest_rsp_Deselecting_strata_var_changes_plot_and_doesn_t_throw_validation_errors."/>
    <testcase time="7.7199999999998" classname="shinytest2_tm_g_forest_rsp" name="e2e_tm_g_forest_rsp_Selecting_conf_level_changes_plot_and_doesn_t_throw_validation_errors.">
      <failure type="failure" message="identical(plot_before, app_driver$get_active_module_plot_output(&quot;myplot&quot;)) is not FALSE ('test-shinytest2-tm_g_forest_rsp.R:281:3')">identical(plot_before, app_driver$get_active_module_plot_output("myplot")) is not FALSE

`actual`:   TRUE 
`expected`: FALSE</failure>
    </testcase>
    <testcase time="0.0140000000001237" classname="shinytest2_tm_g_forest_rsp" name="e2e_tm_g_forest_rsp_Selecting_conf_level_changes_plot_and_doesn_t_throw_validation_errors."/>
    <testcase time="7.0920000000001" classname="shinytest2_tm_g_forest_rsp" name="e2e_tm_g_forest_rsp_Deselecting_conf_level_or_selecting_outside_the_range_of_0_1_throws_validation_error."/>
    <testcase time="0.00799999999981083" classname="shinytest2_tm_g_forest_rsp" name="e2e_tm_g_forest_rsp_Deselecting_conf_level_or_selecting_outside_the_range_of_0_1_throws_validation_error."/>
    <testcase time="0.551000000000158" classname="shinytest2_tm_g_forest_rsp" name="e2e_tm_g_forest_rsp_Deselecting_conf_level_or_selecting_outside_the_range_of_0_1_throws_validation_error."/>
    <testcase time="0.00799999999981083" classname="shinytest2_tm_g_forest_rsp" name="e2e_tm_g_forest_rsp_Deselecting_conf_level_or_selecting_outside_the_range_of_0_1_throws_validation_error."/>
    <testcase time="7.91800000000012" classname="shinytest2_tm_g_forest_rsp" name="e2e_tm_g_forest_rsp_Unsetting_fixed_symbol_size_changes_plot_and_doesn_t_throw_validation_errors.">
      <failure type="failure" message="identical(plot_before, app_driver$get_active_module_plot_output(&quot;myplot&quot;)) is not FALSE ('test-shinytest2-tm_g_forest_rsp.R:309:3')">identical(plot_before, app_driver$get_active_module_plot_output("myplot")) is not FALSE

`actual`:   TRUE 
`expected`: FALSE</failure>
    </testcase>
    <testcase time="0.0150000000001" classname="shinytest2_tm_g_forest_rsp" name="e2e_tm_g_forest_rsp_Unsetting_fixed_symbol_size_changes_plot_and_doesn_t_throw_validation_errors."/>
    <testcase time="7.98999999999978" classname="shinytest2_tm_g_forest_rsp" name="e2e_tm_g_forest_rsp_Changing_rel_width_forest_changes_plot_and_doesn_t_throw_validation_errors.">
      <failure type="failure" message="identical(plot_before, app_driver$get_active_module_plot_output(&quot;myplot&quot;)) is not FALSE ('test-shinytest2-tm_g_forest_rsp.R:319:3')">identical(plot_before, app_driver$get_active_module_plot_output("myplot")) is not FALSE

`actual`:   TRUE 
`expected`: FALSE</failure>
    </testcase>
    <testcase time="0.0140000000001237" classname="shinytest2_tm_g_forest_rsp" name="e2e_tm_g_forest_rsp_Changing_rel_width_forest_changes_plot_and_doesn_t_throw_validation_errors."/>
    <testcase time="7.94100000000003" classname="shinytest2_tm_g_forest_rsp" name="e2e_tm_g_forest_rsp_Changing_font_size_changes_plot_and_doesn_t_throw_validation_errors.">
      <failure type="failure" message="identical(plot_before, app_driver$get_active_module_plot_output(&quot;myplot&quot;)) is not FALSE ('test-shinytest2-tm_g_forest_rsp.R:329:3')">identical(plot_before, app_driver$get_active_module_plot_output("myplot")) is not FALSE

`actual`:   TRUE 
`expected`: FALSE</failure>
    </testcase>
    <testcase time="0.0139999999998963" classname="shinytest2_tm_g_forest_rsp" name="e2e_tm_g_forest_rsp_Changing_font_size_changes_plot_and_doesn_t_throw_validation_errors."/>
  </testsuite>
  <testsuite name="shinytest2-tm_g_forest_tte" timestamp="2024-11-23T23:50:28Z" hostname="ab3f7aea7c81" tests="26" skipped="0" failures="4" errors="0" time="54.519">
    <testcase time="6.79700000000003" classname="shinytest2_tm_g_forest_tte" name="e2e_tm_g_forest_tte_Module_initializes_in_teal_without_errors_and_produces_output.">
      <failure type="failure" message="self$get_html(&quot;.shiny-output-error:not(.shiny-output-error-validation)&quot;) is not NULL ('test-shinytest2-tm_g_forest_tte.R:79:3')">self$get_html(".shiny-output-error:not(.shiny-output-error-validation)") is not NULL

`actual` is a character vector ('&lt;div class="shiny-html-output plot_out_container shiny-bound-output shiny-output-error" id="teal-teal_modules-forest_survival__e2e_-module-myplot-plot_out_main" width="100%" aria-live="polite"&gt;unable to find an inherited method for function ‘eval_code’ for signature ‘object = "teal_data", code = "list"’&lt;/div&gt;')
`expected` is NULL
Shiny error is observed
Backtrace:
    x
 1. \-app_driver$expect_no_shiny_error() at test-shinytest2-tm_g_forest_tte.R:79:3
 2.   \-testthat::expect_null(...)</failure>
    </testcase>
    <testcase time="0.0190000000000055" classname="shinytest2_tm_g_forest_tte" name="e2e_tm_g_forest_tte_Module_initializes_in_teal_without_errors_and_produces_output."/>
    <testcase time="2.10599999999999" classname="shinytest2_tm_g_forest_tte" name="e2e_tm_g_forest_tte_Module_initializes_in_teal_without_errors_and_produces_output."/>
    <testcase time="6.78999999999996" classname="shinytest2_tm_g_forest_tte" name="e2e_tm_g_forest_tte_Starts_with_specified_label_paramcd_arm_var_buckets_paramcd_subgroup_var_strata_var_and_plot_settings."/>
    <testcase time="0.0850000000000364" classname="shinytest2_tm_g_forest_tte" name="e2e_tm_g_forest_tte_Starts_with_specified_label_paramcd_arm_var_buckets_paramcd_subgroup_var_strata_var_and_plot_settings."/>
    <testcase time="0.0550000000000637" classname="shinytest2_tm_g_forest_tte" name="e2e_tm_g_forest_tte_Starts_with_specified_label_paramcd_arm_var_buckets_paramcd_subgroup_var_strata_var_and_plot_settings."/>
    <testcase time="0.0519999999999072" classname="shinytest2_tm_g_forest_tte" name="e2e_tm_g_forest_tte_Starts_with_specified_label_paramcd_arm_var_buckets_paramcd_subgroup_var_strata_var_and_plot_settings."/>
    <testcase time="0.0520000000001346" classname="shinytest2_tm_g_forest_tte" name="e2e_tm_g_forest_tte_Starts_with_specified_label_paramcd_arm_var_buckets_paramcd_subgroup_var_strata_var_and_plot_settings."/>
    <testcase time="0.0519999999999072" classname="shinytest2_tm_g_forest_tte" name="e2e_tm_g_forest_tte_Starts_with_specified_label_paramcd_arm_var_buckets_paramcd_subgroup_var_strata_var_and_plot_settings."/>
    <testcase time="0.0499999999999545" classname="shinytest2_tm_g_forest_tte" name="e2e_tm_g_forest_tte_Starts_with_specified_label_paramcd_arm_var_buckets_paramcd_subgroup_var_strata_var_and_plot_settings."/>
    <testcase time="0.0540000000000873" classname="shinytest2_tm_g_forest_tte" name="e2e_tm_g_forest_tte_Starts_with_specified_label_paramcd_arm_var_buckets_paramcd_subgroup_var_strata_var_and_plot_settings."/>
    <testcase time="0.0519999999999072" classname="shinytest2_tm_g_forest_tte" name="e2e_tm_g_forest_tte_Starts_with_specified_label_paramcd_arm_var_buckets_paramcd_subgroup_var_strata_var_and_plot_settings."/>
    <testcase time="0.0510000000001583" classname="shinytest2_tm_g_forest_tte" name="e2e_tm_g_forest_tte_Starts_with_specified_label_paramcd_arm_var_buckets_paramcd_subgroup_var_strata_var_and_plot_settings."/>
    <testcase time="0.0529999999998836" classname="shinytest2_tm_g_forest_tte" name="e2e_tm_g_forest_tte_Starts_with_specified_label_paramcd_arm_var_buckets_paramcd_subgroup_var_strata_var_and_plot_settings."/>
    <testcase time="0.0520000000001346" classname="shinytest2_tm_g_forest_tte" name="e2e_tm_g_forest_tte_Starts_with_specified_label_paramcd_arm_var_buckets_paramcd_subgroup_var_strata_var_and_plot_settings."/>
    <testcase time="8.19399999999996" classname="shinytest2_tm_g_forest_tte" name="e2e_tm_g_forest_tte_Selection_of_paramcd_changes_the_element_and_does_not_throw_validation_errors.">
      <failure type="failure" message="identical(plot_before, app_driver$get_active_module_plot_output(&quot;myplot&quot;)) is not FALSE ('test-shinytest2-tm_g_forest_tte.R:154:5')">identical(plot_before, app_driver$get_active_module_plot_output("myplot")) is not FALSE

`actual`:   TRUE 
`expected`: FALSE</failure>
    </testcase>
    <testcase time="0.0139999999998963" classname="shinytest2_tm_g_forest_tte" name="e2e_tm_g_forest_tte_Selection_of_paramcd_changes_the_element_and_does_not_throw_validation_errors."/>
    <testcase time="7.32200000000012" classname="shinytest2_tm_g_forest_tte" name="e2e_tm_g_forest_tte_Deselection_of_paramcd_filter_throws_validation_error."/>
    <testcase time="0.00599999999985812" classname="shinytest2_tm_g_forest_tte" name="e2e_tm_g_forest_tte_Deselection_of_paramcd_filter_throws_validation_error."/>
    <testcase time="8.125" classname="shinytest2_tm_g_forest_tte" name="e2e_tm_g_forest_tte_Selection_of_arm_var_changes_the_element_and_does_not_throw_validation_errors.">
      <failure type="failure" message="identical(plot_before, app_driver$get_active_module_plot_output(&quot;myplot&quot;)) is not FALSE ('test-shinytest2-tm_g_forest_tte.R:185:5')">identical(plot_before, app_driver$get_active_module_plot_output("myplot")) is not FALSE

`actual`:   TRUE 
`expected`: FALSE</failure>
    </testcase>
    <testcase time="0.0140000000001237" classname="shinytest2_tm_g_forest_tte" name="e2e_tm_g_forest_tte_Selection_of_arm_var_changes_the_element_and_does_not_throw_validation_errors."/>
    <testcase time="7.39200000000005" classname="shinytest2_tm_g_forest_tte" name="e2e_tm_g_forest_tte_Deselection_of_paramcd_var_throws_validation_error."/>
    <testcase time="0.00699999999983447" classname="shinytest2_tm_g_forest_tte" name="e2e_tm_g_forest_tte_Deselection_of_paramcd_var_throws_validation_error."/>
    <testcase time="7.10400000000004" classname="shinytest2_tm_g_forest_tte" name="e2e_tm_g_forest_tte_Selecting_conf_level_does_not_throw_validation_errors_and_changes_a_plot.">
      <failure type="failure" message="identical(plot_before, app_driver$get_active_module_plot_output(&quot;myplot&quot;)) is not FALSE ('test-shinytest2-tm_g_forest_tte.R:217:5')">identical(plot_before, app_driver$get_active_module_plot_output("myplot")) is not FALSE

`actual`:   TRUE 
`expected`: FALSE</failure>
    </testcase>
    <testcase time="0.0140000000001237" classname="shinytest2_tm_g_forest_tte" name="e2e_tm_g_forest_tte_Selecting_conf_level_does_not_throw_validation_errors_and_changes_a_plot."/>
    <testcase time="0.00699999999983447" classname="shinytest2_tm_g_forest_tte" name="e2e_tm_g_forest_tte_Selecting_conf_level_does_not_throw_validation_errors_and_changes_a_plot."/>
  </testsuite>
  <testsuite name="shinytest2-tm_g_ipp" timestamp="2024-11-23T23:51:23Z" hostname="ab3f7aea7c81" tests="45" skipped="0" failures="0" errors="0" time="109.065">
    <testcase time="6.69000000000005" classname="shinytest2_tm_g_ipp" name="e2e_tm_g_ipp_Module_initializes_in_teal_without_errors_and_produces_plot_output."/>
    <testcase time="0.00500000000010914" classname="shinytest2_tm_g_ipp" name="e2e_tm_g_ipp_Module_initializes_in_teal_without_errors_and_produces_plot_output."/>
    <testcase time="0.043999999999869" classname="shinytest2_tm_g_ipp" name="e2e_tm_g_ipp_Module_initializes_in_teal_without_errors_and_produces_plot_output."/>
    <testcase time="6.92200000000003" classname="shinytest2_tm_g_ipp" name="e2e_tm_g_ipp_Starts_with_specified_label_parentname_arm_var_paramcd_id_var_visit_var_aval_var_avalu_var_baseline_var_add_baseline_hline_separate_by_obs_suppress_legend_add_avalu."/>
    <testcase time="0.0879999999999654" classname="shinytest2_tm_g_ipp" name="e2e_tm_g_ipp_Starts_with_specified_label_parentname_arm_var_paramcd_id_var_visit_var_aval_var_avalu_var_baseline_var_add_baseline_hline_separate_by_obs_suppress_legend_add_avalu."/>
    <testcase time="0.0520000000001346" classname="shinytest2_tm_g_ipp" name="e2e_tm_g_ipp_Starts_with_specified_label_parentname_arm_var_paramcd_id_var_visit_var_aval_var_avalu_var_baseline_var_add_baseline_hline_separate_by_obs_suppress_legend_add_avalu."/>
    <testcase time="0.0519999999999072" classname="shinytest2_tm_g_ipp" name="e2e_tm_g_ipp_Starts_with_specified_label_parentname_arm_var_paramcd_id_var_visit_var_aval_var_avalu_var_baseline_var_add_baseline_hline_separate_by_obs_suppress_legend_add_avalu."/>
    <testcase time="0.0509999999999309" classname="shinytest2_tm_g_ipp" name="e2e_tm_g_ipp_Starts_with_specified_label_parentname_arm_var_paramcd_id_var_visit_var_aval_var_avalu_var_baseline_var_add_baseline_hline_separate_by_obs_suppress_legend_add_avalu."/>
    <testcase time="0.053000000000111" classname="shinytest2_tm_g_ipp" name="e2e_tm_g_ipp_Starts_with_specified_label_parentname_arm_var_paramcd_id_var_visit_var_aval_var_avalu_var_baseline_var_add_baseline_hline_separate_by_obs_suppress_legend_add_avalu."/>
    <testcase time="0.0519999999999072" classname="shinytest2_tm_g_ipp" name="e2e_tm_g_ipp_Starts_with_specified_label_parentname_arm_var_paramcd_id_var_visit_var_aval_var_avalu_var_baseline_var_add_baseline_hline_separate_by_obs_suppress_legend_add_avalu."/>
    <testcase time="0.0520000000001346" classname="shinytest2_tm_g_ipp" name="e2e_tm_g_ipp_Starts_with_specified_label_parentname_arm_var_paramcd_id_var_visit_var_aval_var_avalu_var_baseline_var_add_baseline_hline_separate_by_obs_suppress_legend_add_avalu."/>
    <testcase time="0.0519999999999072" classname="shinytest2_tm_g_ipp" name="e2e_tm_g_ipp_Starts_with_specified_label_parentname_arm_var_paramcd_id_var_visit_var_aval_var_avalu_var_baseline_var_add_baseline_hline_separate_by_obs_suppress_legend_add_avalu."/>
    <testcase time="0.05600000000004" classname="shinytest2_tm_g_ipp" name="e2e_tm_g_ipp_Starts_with_specified_label_parentname_arm_var_paramcd_id_var_visit_var_aval_var_avalu_var_baseline_var_add_baseline_hline_separate_by_obs_suppress_legend_add_avalu."/>
    <testcase time="0.0509999999999309" classname="shinytest2_tm_g_ipp" name="e2e_tm_g_ipp_Starts_with_specified_label_parentname_arm_var_paramcd_id_var_visit_var_aval_var_avalu_var_baseline_var_add_baseline_hline_separate_by_obs_suppress_legend_add_avalu."/>
    <testcase time="0.053000000000111" classname="shinytest2_tm_g_ipp" name="e2e_tm_g_ipp_Starts_with_specified_label_parentname_arm_var_paramcd_id_var_visit_var_aval_var_avalu_var_baseline_var_add_baseline_hline_separate_by_obs_suppress_legend_add_avalu."/>
    <testcase time="0.0519999999999072" classname="shinytest2_tm_g_ipp" name="e2e_tm_g_ipp_Starts_with_specified_label_parentname_arm_var_paramcd_id_var_visit_var_aval_var_avalu_var_baseline_var_add_baseline_hline_separate_by_obs_suppress_legend_add_avalu."/>
    <testcase time="0.0509999999999309" classname="shinytest2_tm_g_ipp" name="e2e_tm_g_ipp_Starts_with_specified_label_parentname_arm_var_paramcd_id_var_visit_var_aval_var_avalu_var_baseline_var_add_baseline_hline_separate_by_obs_suppress_legend_add_avalu."/>
    <testcase time="8.327" classname="shinytest2_tm_g_ipp" name="e2e_tm_g_ipp_Selecting_arm_var_changes_plot_and_doesn_t_throw_validation_errors."/>
    <testcase time="0.00600000000008549" classname="shinytest2_tm_g_ipp" name="e2e_tm_g_ipp_Selecting_arm_var_changes_plot_and_doesn_t_throw_validation_errors."/>
    <testcase time="7.48000000000002" classname="shinytest2_tm_g_ipp" name="e2e_tm_g_ipp_Deselecting_arm_var_column_throws_validation_error."/>
    <testcase time="0.00600000000008549" classname="shinytest2_tm_g_ipp" name="e2e_tm_g_ipp_Deselecting_arm_var_column_throws_validation_error."/>
    <testcase time="0.00499999999988177" classname="shinytest2_tm_g_ipp" name="e2e_tm_g_ipp_Deselecting_arm_var_column_throws_validation_error."/>
    <testcase time="8.09699999999998" classname="shinytest2_tm_g_ipp" name="e2e_tm_g_ipp_Selecting_paramcd_changes_plot_and_doesn_t_throw_validation_errors."/>
    <testcase time="0.00700000000006185" classname="shinytest2_tm_g_ipp" name="e2e_tm_g_ipp_Selecting_paramcd_changes_plot_and_doesn_t_throw_validation_errors."/>
    <testcase time="7.45000000000005" classname="shinytest2_tm_g_ipp" name="e2e_tm_g_ipp_Deselecting_paramcd_throws_validation_error."/>
    <testcase time="0.00599999999985812" classname="shinytest2_tm_g_ipp" name="e2e_tm_g_ipp_Deselecting_paramcd_throws_validation_error."/>
    <testcase time="0.00600000000008549" classname="shinytest2_tm_g_ipp" name="e2e_tm_g_ipp_Deselecting_paramcd_throws_validation_error."/>
    <testcase time="8.24299999999994" classname="shinytest2_tm_g_ipp" name="e2e_tm_g_ipp_Selecting_visit_var_changes_plot_and_doesn_t_throw_validation_errors."/>
    <testcase time="0.00500000000010914" classname="shinytest2_tm_g_ipp" name="e2e_tm_g_ipp_Selecting_visit_var_changes_plot_and_doesn_t_throw_validation_errors."/>
    <testcase time="7.28199999999993" classname="shinytest2_tm_g_ipp" name="e2e_tm_g_ipp_Deselecting_visit_var_throws_validation_error."/>
    <testcase time="0.00600000000008549" classname="shinytest2_tm_g_ipp" name="e2e_tm_g_ipp_Deselecting_visit_var_throws_validation_error."/>
    <testcase time="0.00499999999988177" classname="shinytest2_tm_g_ipp" name="e2e_tm_g_ipp_Deselecting_visit_var_throws_validation_error."/>
    <testcase time="8.29200000000014" classname="shinytest2_tm_g_ipp" name="e2e_tm_g_ipp_Selecting_aval_var_changes_plot_and_doesn_t_throw_validation_errors."/>
    <testcase time="0.00599999999985812" classname="shinytest2_tm_g_ipp" name="e2e_tm_g_ipp_Selecting_aval_var_changes_plot_and_doesn_t_throw_validation_errors."/>
    <testcase time="7.48700000000008" classname="shinytest2_tm_g_ipp" name="e2e_tm_g_ipp_Deselecting_aval_var_throws_validation_error."/>
    <testcase time="0.00599999999985812" classname="shinytest2_tm_g_ipp" name="e2e_tm_g_ipp_Deselecting_aval_var_throws_validation_error."/>
    <testcase time="0.00500000000010914" classname="shinytest2_tm_g_ipp" name="e2e_tm_g_ipp_Deselecting_aval_var_throws_validation_error."/>
    <testcase time="8.08199999999988" classname="shinytest2_tm_g_ipp" name="e2e_tm_g_ipp_Changing_add_baseline_hline_changes_plot_and_doesn_t_throw_validation_errors."/>
    <testcase time="0.00700000000006185" classname="shinytest2_tm_g_ipp" name="e2e_tm_g_ipp_Changing_add_baseline_hline_changes_plot_and_doesn_t_throw_validation_errors."/>
    <testcase time="7.95500000000015" classname="shinytest2_tm_g_ipp" name="e2e_tm_g_ipp_Changing_separate_by_obs_changes_plot_and_doesn_t_throw_validation_errors."/>
    <testcase time="0.00499999999988177" classname="shinytest2_tm_g_ipp" name="e2e_tm_g_ipp_Changing_separate_by_obs_changes_plot_and_doesn_t_throw_validation_errors."/>
    <testcase time="7.90699999999993" classname="shinytest2_tm_g_ipp" name="e2e_tm_g_ipp_Changing_suppress_legend_changes_plot_and_doesn_t_throw_validation_errors."/>
    <testcase time="0.00600000000008549" classname="shinytest2_tm_g_ipp" name="e2e_tm_g_ipp_Changing_suppress_legend_changes_plot_and_doesn_t_throw_validation_errors."/>
    <testcase time="7.99399999999991" classname="shinytest2_tm_g_ipp" name="e2e_tm_g_ipp_Changing_add_avalu_changes_plot_and_doesn_t_throw_validation_errors."/>
    <testcase time="0.00600000000008549" classname="shinytest2_tm_g_ipp" name="e2e_tm_g_ipp_Changing_add_avalu_changes_plot_and_doesn_t_throw_validation_errors."/>
  </testsuite>
  <testsuite name="shinytest2-tm_g_km" timestamp="2024-11-23T23:53:12Z" hostname="ab3f7aea7c81" tests="80" skipped="0" failures="0" errors="0" time="267.712">
    <testcase time="7.93499999999995" classname="shinytest2_tm_g_km" name="e2e_tm_g_km_Module_initializes_in_teal_without_errors_and_produces_plot_output."/>
    <testcase time="0.00600000000008549" classname="shinytest2_tm_g_km" name="e2e_tm_g_km_Module_initializes_in_teal_without_errors_and_produces_plot_output."/>
    <testcase time="0.0450000000000728" classname="shinytest2_tm_g_km" name="e2e_tm_g_km_Module_initializes_in_teal_without_errors_and_produces_plot_output."/>
    <testcase time="7.56099999999992" classname="shinytest2_tm_g_km" name="e2e_tm_g_km_Starts_with_specified_paramcd_aval_var_cnsr_var_facet_var_arm_var_compare_arms_strata_var."/>
    <testcase time="0.0869999999999891" classname="shinytest2_tm_g_km" name="e2e_tm_g_km_Starts_with_specified_paramcd_aval_var_cnsr_var_facet_var_arm_var_compare_arms_strata_var."/>
    <testcase time="0.0529999999998836" classname="shinytest2_tm_g_km" name="e2e_tm_g_km_Starts_with_specified_paramcd_aval_var_cnsr_var_facet_var_arm_var_compare_arms_strata_var."/>
    <testcase time="0.053000000000111" classname="shinytest2_tm_g_km" name="e2e_tm_g_km_Starts_with_specified_paramcd_aval_var_cnsr_var_facet_var_arm_var_compare_arms_strata_var."/>
    <testcase time="0.0519999999999072" classname="shinytest2_tm_g_km" name="e2e_tm_g_km_Starts_with_specified_paramcd_aval_var_cnsr_var_facet_var_arm_var_compare_arms_strata_var."/>
    <testcase time="0.0520000000001346" classname="shinytest2_tm_g_km" name="e2e_tm_g_km_Starts_with_specified_paramcd_aval_var_cnsr_var_facet_var_arm_var_compare_arms_strata_var."/>
    <testcase time="0.05600000000004" classname="shinytest2_tm_g_km" name="e2e_tm_g_km_Starts_with_specified_paramcd_aval_var_cnsr_var_facet_var_arm_var_compare_arms_strata_var."/>
    <testcase time="0.0519999999999072" classname="shinytest2_tm_g_km" name="e2e_tm_g_km_Starts_with_specified_paramcd_aval_var_cnsr_var_facet_var_arm_var_compare_arms_strata_var."/>
    <testcase time="9.62400000000002" classname="shinytest2_tm_g_km" name="e2e_tm_g_km_Changing_paramcd_changes_the_plot_without_errors."/>
    <testcase time="0.0229999999999109" classname="shinytest2_tm_g_km" name="e2e_tm_g_km_Changing_paramcd_changes_the_plot_without_errors."/>
    <testcase time="10.21" classname="shinytest2_tm_g_km" name="e2e_tm_g_km_Changing_facet_var_changes_the_plot_without_errors."/>
    <testcase time="0.0240000000001146" classname="shinytest2_tm_g_km" name="e2e_tm_g_km_Changing_facet_var_changes_the_plot_without_errors."/>
    <testcase time="9.56899999999996" classname="shinytest2_tm_g_km" name="e2e_tm_g_km_Changing_arm_var_changes_the_plot_without_errors."/>
    <testcase time="0.0209999999999582" classname="shinytest2_tm_g_km" name="e2e_tm_g_km_Changing_arm_var_changes_the_plot_without_errors."/>
    <testcase time="9.423" classname="shinytest2_tm_g_km" name="e2e_tm_g_km_Changing_compare_arms_changes_the_plot_without_errors."/>
    <testcase time="0.0199999999999818" classname="shinytest2_tm_g_km" name="e2e_tm_g_km_Changing_compare_arms_changes_the_plot_without_errors."/>
    <testcase time="9.31899999999996" classname="shinytest2_tm_g_km" name="e2e_tm_g_km_Changing_strata_var_changes_the_plot_without_errors."/>
    <testcase time="0.0209999999999582" classname="shinytest2_tm_g_km" name="e2e_tm_g_km_Changing_strata_var_changes_the_plot_without_errors."/>
    <testcase time="8.32200000000012" classname="shinytest2_tm_g_km" name="e2e_tm_g_km_Deselecting_paramcd_throws_validation_error."/>
    <testcase time="0.00700000000006185" classname="shinytest2_tm_g_km" name="e2e_tm_g_km_Deselecting_paramcd_throws_validation_error."/>
    <testcase time="0.00699999999983447" classname="shinytest2_tm_g_km" name="e2e_tm_g_km_Deselecting_paramcd_throws_validation_error."/>
    <testcase time="8.39499999999998" classname="shinytest2_tm_g_km" name="e2e_tm_g_km_Deselecting_arm_var_throws_validation_error."/>
    <testcase time="0.00700000000006185" classname="shinytest2_tm_g_km" name="e2e_tm_g_km_Deselecting_arm_var_throws_validation_error."/>
    <testcase time="9.423" classname="shinytest2_tm_g_km" name="e2e_tm_g_km_Deselecting_compare_arms_sets_it_to_FALSE."/>
    <testcase time="0.0879999999999654" classname="shinytest2_tm_g_km" name="e2e_tm_g_km_Deselecting_compare_arms_sets_it_to_FALSE."/>
    <testcase time="9.58699999999999" classname="shinytest2_tm_g_km" name="e2e_tm_g_km_Deselecting_strata_var_does_not_throw_errors."/>
    <testcase time="7.86800000000017" classname="shinytest2_tm_g_km" name="e2e_tm_g_km_Starts_with_specified_groups."/>
    <testcase time="0.0529999999998836" classname="shinytest2_tm_g_km" name="e2e_tm_g_km_Starts_with_specified_groups."/>
    <testcase time="12.1970000000001" classname="shinytest2_tm_g_km" name="e2e_tm_g_km_Starts_with_specified_collapsed_comparison_settings."/>
    <testcase time="0.00599999999985812" classname="shinytest2_tm_g_km" name="e2e_tm_g_km_Starts_with_specified_collapsed_comparison_settings."/>
    <testcase time="0.053000000000111" classname="shinytest2_tm_g_km" name="e2e_tm_g_km_Starts_with_specified_collapsed_comparison_settings."/>
    <testcase time="0.00599999999985812" classname="shinytest2_tm_g_km" name="e2e_tm_g_km_Starts_with_specified_collapsed_comparison_settings."/>
    <testcase time="9.37900000000013" classname="shinytest2_tm_g_km" name="e2e_tm_g_km_Changing_pval_method_coxph_changes_the_plot_without_errors."/>
    <testcase time="0.0209999999999582" classname="shinytest2_tm_g_km" name="e2e_tm_g_km_Changing_pval_method_coxph_changes_the_plot_without_errors."/>
    <testcase time="9.45800000000008" classname="shinytest2_tm_g_km" name="e2e_tm_g_km_Changing_ties_coxph_changes_the_plot_without_errors."/>
    <testcase time="0.0209999999999582" classname="shinytest2_tm_g_km" name="e2e_tm_g_km_Changing_ties_coxph_changes_the_plot_without_errors."/>
    <testcase time="9.46900000000005" classname="shinytest2_tm_g_km" name="e2e_tm_g_km_Deselecting_pval_method_coxph_gives_no_validation_error."/>
    <testcase time="9.49499999999989" classname="shinytest2_tm_g_km" name="e2e_tm_g_km_Deselecting_ties_coxph_gives_no_validation_error."/>
    <testcase time="10.114" classname="shinytest2_tm_g_km" name="e2e_tm_g_km_Starts_with_specified_collapsed_additional_plot_settings."/>
    <testcase time="2.13499999999999" classname="shinytest2_tm_g_km" name="e2e_tm_g_km_Starts_with_specified_collapsed_additional_plot_settings."/>
    <testcase time="2.12799999999993" classname="shinytest2_tm_g_km" name="e2e_tm_g_km_Starts_with_specified_collapsed_additional_plot_settings."/>
    <testcase time="2.14900000000011" classname="shinytest2_tm_g_km" name="e2e_tm_g_km_Starts_with_specified_collapsed_additional_plot_settings."/>
    <testcase time="2.12599999999998" classname="shinytest2_tm_g_km" name="e2e_tm_g_km_Starts_with_specified_collapsed_additional_plot_settings."/>
    <testcase time="2.14599999999996" classname="shinytest2_tm_g_km" name="e2e_tm_g_km_Starts_with_specified_collapsed_additional_plot_settings."/>
    <testcase time="2.13300000000004" classname="shinytest2_tm_g_km" name="e2e_tm_g_km_Starts_with_specified_collapsed_additional_plot_settings."/>
    <testcase time="2.13799999999992" classname="shinytest2_tm_g_km" name="e2e_tm_g_km_Starts_with_specified_collapsed_additional_plot_settings."/>
    <testcase time="0.0880000000001928" classname="shinytest2_tm_g_km" name="e2e_tm_g_km_Starts_with_specified_collapsed_additional_plot_settings."/>
    <testcase time="0.0539999999998599" classname="shinytest2_tm_g_km" name="e2e_tm_g_km_Starts_with_specified_collapsed_additional_plot_settings."/>
    <testcase time="0.0520000000001346" classname="shinytest2_tm_g_km" name="e2e_tm_g_km_Starts_with_specified_collapsed_additional_plot_settings."/>
    <testcase time="0.0519999999999072" classname="shinytest2_tm_g_km" name="e2e_tm_g_km_Starts_with_specified_collapsed_additional_plot_settings."/>
    <testcase time="0.0519999999999072" classname="shinytest2_tm_g_km" name="e2e_tm_g_km_Starts_with_specified_collapsed_additional_plot_settings."/>
    <testcase time="0.0520000000001346" classname="shinytest2_tm_g_km" name="e2e_tm_g_km_Starts_with_specified_collapsed_additional_plot_settings."/>
    <testcase time="0.0519999999999072" classname="shinytest2_tm_g_km" name="e2e_tm_g_km_Starts_with_specified_collapsed_additional_plot_settings."/>
    <testcase time="0.0520000000001346" classname="shinytest2_tm_g_km" name="e2e_tm_g_km_Starts_with_specified_collapsed_additional_plot_settings."/>
    <testcase time="0.00599999999985812" classname="shinytest2_tm_g_km" name="e2e_tm_g_km_Starts_with_specified_collapsed_additional_plot_settings."/>
    <testcase time="0.00700000000006185" classname="shinytest2_tm_g_km" name="e2e_tm_g_km_Starts_with_specified_collapsed_additional_plot_settings."/>
    <testcase time="0.00600000000008549" classname="shinytest2_tm_g_km" name="e2e_tm_g_km_Starts_with_specified_collapsed_additional_plot_settings."/>
    <testcase time="0.00499999999988177" classname="shinytest2_tm_g_km" name="e2e_tm_g_km_Starts_with_specified_collapsed_additional_plot_settings."/>
    <testcase time="0.00600000000008549" classname="shinytest2_tm_g_km" name="e2e_tm_g_km_Starts_with_specified_collapsed_additional_plot_settings."/>
    <testcase time="10.0619999999999" classname="shinytest2_tm_g_km" name="e2e_tm_g_km_Changing_xticks_changes_the_plot_and_does_not_throw_validation_errors."/>
    <testcase time="0.00600000000008549" classname="shinytest2_tm_g_km" name="e2e_tm_g_km_Changing_xticks_changes_the_plot_and_does_not_throw_validation_errors."/>
    <testcase time="9.39999999999986" classname="shinytest2_tm_g_km" name="e2e_tm_g_km_Changing_yval_changes_the_plot_and_does_not_throw_validation_errors."/>
    <testcase time="0.00600000000008549" classname="shinytest2_tm_g_km" name="e2e_tm_g_km_Changing_yval_changes_the_plot_and_does_not_throw_validation_errors."/>
    <testcase time="9.37300000000005" classname="shinytest2_tm_g_km" name="e2e_tm_g_km_Changing_font_size_changes_the_plot_and_does_not_throw_validation_errors."/>
    <testcase time="0.00599999999985812" classname="shinytest2_tm_g_km" name="e2e_tm_g_km_Changing_font_size_changes_the_plot_and_does_not_throw_validation_errors."/>
    <testcase time="9.43600000000015" classname="shinytest2_tm_g_km" name="e2e_tm_g_km_Changing_rel_height_plot_changes_the_plot_and_does_not_throw_validation_errors."/>
    <testcase time="0.00599999999985812" classname="shinytest2_tm_g_km" name="e2e_tm_g_km_Changing_rel_height_plot_changes_the_plot_and_does_not_throw_validation_errors."/>
    <testcase time="9.28500000000008" classname="shinytest2_tm_g_km" name="e2e_tm_g_km_Changing_show_ci_ribbon_changes_the_plot_and_does_not_throw_validation_errors."/>
    <testcase time="0.00600000000008549" classname="shinytest2_tm_g_km" name="e2e_tm_g_km_Changing_show_ci_ribbon_changes_the_plot_and_does_not_throw_validation_errors."/>
    <testcase time="9.14099999999985" classname="shinytest2_tm_g_km" name="e2e_tm_g_km_Changing_show_km_table_changes_the_plot_and_does_not_throw_validation_errors."/>
    <testcase time="0.00600000000008549" classname="shinytest2_tm_g_km" name="e2e_tm_g_km_Changing_show_km_table_changes_the_plot_and_does_not_throw_validation_errors."/>
    <testcase time="9.29899999999998" classname="shinytest2_tm_g_km" name="e2e_tm_g_km_Changing_conf_level_changes_the_plot_and_does_not_throw_validation_errors."/>
    <testcase time="0.00600000000008549" classname="shinytest2_tm_g_km" name="e2e_tm_g_km_Changing_conf_level_changes_the_plot_and_does_not_throw_validation_errors."/>
    <testcase time="9.49199999999996" classname="shinytest2_tm_g_km" name="e2e_tm_g_km_Changing_xlab_changes_the_plot_and_does_not_throw_validation_errors."/>
    <testcase time="0.00600000000008549" classname="shinytest2_tm_g_km" name="e2e_tm_g_km_Changing_xlab_changes_the_plot_and_does_not_throw_validation_errors."/>
    <testcase time="8.548" classname="shinytest2_tm_g_km" name="e2e_tm_g_km_Deselecting_conf_level_throws_validation_error."/>
    <testcase time="0.00699999999983447" classname="shinytest2_tm_g_km" name="e2e_tm_g_km_Deselecting_conf_level_throws_validation_error."/>
  </testsuite>
  <testsuite name="shinytest2-tm_g_lineplot" timestamp="2024-11-23T23:57:39Z" hostname="ab3f7aea7c81" tests="49" skipped="0" failures="5" errors="0" time="87.03">
    <testcase time="0.143000000000029" classname="shinytest2_tm_g_lineplot" name="e2e_tm_g_lineplot_Module_initializes_in_teal_without_errors."/>
    <testcase time="7.57100000000014" classname="shinytest2_tm_g_lineplot" name="e2e_tm_g_lineplot_Module_initializes_in_teal_without_errors."/>
    <testcase time="0.00499999999988177" classname="shinytest2_tm_g_lineplot" name="e2e_tm_g_lineplot_Module_initializes_in_teal_without_errors."/>
    <testcase time="2.12300000000005" classname="shinytest2_tm_g_lineplot" name="e2e_tm_g_lineplot_Module_initializes_in_teal_without_errors."/>
    <testcase time="0.136999999999944" classname="shinytest2_tm_g_lineplot" name="e2e_tm_g_lineplot_Starts_with_specified_label_param_strata_y_x_mid_interval_incl_screen_plot_settings_and_table_settings."/>
    <testcase time="7.57600000000002" classname="shinytest2_tm_g_lineplot" name="e2e_tm_g_lineplot_Starts_with_specified_label_param_strata_y_x_mid_interval_incl_screen_plot_settings_and_table_settings."/>
    <testcase time="0.0830000000000837" classname="shinytest2_tm_g_lineplot" name="e2e_tm_g_lineplot_Starts_with_specified_label_param_strata_y_x_mid_interval_incl_screen_plot_settings_and_table_settings."/>
    <testcase time="0.0549999999998363" classname="shinytest2_tm_g_lineplot" name="e2e_tm_g_lineplot_Starts_with_specified_label_param_strata_y_x_mid_interval_incl_screen_plot_settings_and_table_settings.">
      <failure type="failure" message="app_driver$get_active_module_input(&quot;strata-dataset_ADSL_singleextract-select&quot;) (`actual`) not equal to &quot;ARM&quot; (`expected`). ('test-shinytest2-tm_g_lineplot.R:88:5')">app_driver$get_active_module_input("strata-dataset_ADSL_singleextract-select") (`actual`) not equal to "ARM" (`expected`).

`actual` is NULL
`expected` is a character vector ('ARM')</failure>
    </testcase>
    <testcase time="0.0610000000001492" classname="shinytest2_tm_g_lineplot" name="e2e_tm_g_lineplot_Starts_with_specified_label_param_strata_y_x_mid_interval_incl_screen_plot_settings_and_table_settings."/>
    <testcase time="0.0519999999999072" classname="shinytest2_tm_g_lineplot" name="e2e_tm_g_lineplot_Starts_with_specified_label_param_strata_y_x_mid_interval_incl_screen_plot_settings_and_table_settings."/>
    <testcase time="0.0509999999999309" classname="shinytest2_tm_g_lineplot" name="e2e_tm_g_lineplot_Starts_with_specified_label_param_strata_y_x_mid_interval_incl_screen_plot_settings_and_table_settings."/>
    <testcase time="0.053000000000111" classname="shinytest2_tm_g_lineplot" name="e2e_tm_g_lineplot_Starts_with_specified_label_param_strata_y_x_mid_interval_incl_screen_plot_settings_and_table_settings."/>
    <testcase time="0.0509999999999309" classname="shinytest2_tm_g_lineplot" name="e2e_tm_g_lineplot_Starts_with_specified_label_param_strata_y_x_mid_interval_incl_screen_plot_settings_and_table_settings."/>
    <testcase time="0.0570000000000164" classname="shinytest2_tm_g_lineplot" name="e2e_tm_g_lineplot_Starts_with_specified_label_param_strata_y_x_mid_interval_incl_screen_plot_settings_and_table_settings."/>
    <testcase time="0.053000000000111" classname="shinytest2_tm_g_lineplot" name="e2e_tm_g_lineplot_Starts_with_specified_label_param_strata_y_x_mid_interval_incl_screen_plot_settings_and_table_settings."/>
    <testcase time="0.0589999999999691" classname="shinytest2_tm_g_lineplot" name="e2e_tm_g_lineplot_Starts_with_specified_label_param_strata_y_x_mid_interval_incl_screen_plot_settings_and_table_settings."/>
    <testcase time="0.0519999999999072" classname="shinytest2_tm_g_lineplot" name="e2e_tm_g_lineplot_Starts_with_specified_label_param_strata_y_x_mid_interval_incl_screen_plot_settings_and_table_settings."/>
    <testcase time="0.0520000000001346" classname="shinytest2_tm_g_lineplot" name="e2e_tm_g_lineplot_Starts_with_specified_label_param_strata_y_x_mid_interval_incl_screen_plot_settings_and_table_settings."/>
    <testcase time="0.0519999999999072" classname="shinytest2_tm_g_lineplot" name="e2e_tm_g_lineplot_Starts_with_specified_label_param_strata_y_x_mid_interval_incl_screen_plot_settings_and_table_settings."/>
    <testcase time="0.0519999999999072" classname="shinytest2_tm_g_lineplot" name="e2e_tm_g_lineplot_Starts_with_specified_label_param_strata_y_x_mid_interval_incl_screen_plot_settings_and_table_settings."/>
    <testcase time="0.0520000000001346" classname="shinytest2_tm_g_lineplot" name="e2e_tm_g_lineplot_Starts_with_specified_label_param_strata_y_x_mid_interval_incl_screen_plot_settings_and_table_settings."/>
    <testcase time="0.118999999999915" classname="shinytest2_tm_g_lineplot" name="e2e_tm_g_lineplot_Selecting_param_changes_plot_and_doesn_t_throw_validation_errors."/>
    <testcase time="9.02300000000014" classname="shinytest2_tm_g_lineplot" name="e2e_tm_g_lineplot_Selecting_param_changes_plot_and_doesn_t_throw_validation_errors."/>
    <testcase time="0.00599999999985812" classname="shinytest2_tm_g_lineplot" name="e2e_tm_g_lineplot_Selecting_param_changes_plot_and_doesn_t_throw_validation_errors."/>
    <testcase time="0.120000000000118" classname="shinytest2_tm_g_lineplot" name="e2e_tm_g_lineplot_Deselecting_param_throws_validation_error."/>
    <testcase time="8.23900000000003" classname="shinytest2_tm_g_lineplot" name="e2e_tm_g_lineplot_Deselecting_param_throws_validation_error."/>
    <testcase time="0.00599999999985812" classname="shinytest2_tm_g_lineplot" name="e2e_tm_g_lineplot_Deselecting_param_throws_validation_error."/>
    <testcase time="0.00600000000008549" classname="shinytest2_tm_g_lineplot" name="e2e_tm_g_lineplot_Deselecting_param_throws_validation_error."/>
    <testcase time="0.119999999999891" classname="shinytest2_tm_g_lineplot" name="e2e_tm_g_lineplot_Selecting_strata_changes_plot_and_doesn_t_throw_validation_errors."/>
    <testcase time="8.15100000000007" classname="shinytest2_tm_g_lineplot" name="e2e_tm_g_lineplot_Selecting_strata_changes_plot_and_doesn_t_throw_validation_errors.">
      <failure type="failure" message="identical(plot_before, app_driver$get_active_module_plot_output(&quot;myplot&quot;)) is not FALSE ('test-shinytest2-tm_g_lineplot.R:146:5')">identical(plot_before, app_driver$get_active_module_plot_output("myplot")) is not FALSE

`actual`:   TRUE 
`expected`: FALSE</failure>
    </testcase>
    <testcase time="0.0139999999998963" classname="shinytest2_tm_g_lineplot" name="e2e_tm_g_lineplot_Selecting_strata_changes_plot_and_doesn_t_throw_validation_errors."/>
    <testcase time="0.121000000000095" classname="shinytest2_tm_g_lineplot" name="e2e_tm_g_lineplot_Deselecting_strata_throws_validation_error."/>
    <testcase time="8.16699999999992" classname="shinytest2_tm_g_lineplot" name="e2e_tm_g_lineplot_Deselecting_strata_throws_validation_error.">
      <failure type="failure" message="app_driver$get_active_module_plot_output(&quot;myplot&quot;) (`actual`) not identical to character(0) (`expected`). ('test-shinytest2-tm_g_lineplot.R:161:3')">app_driver$get_active_module_plot_output("myplot") (`actual`) not identical to character(0) (`expected`).

actual vs expected
- "data:image/png;base64,iVBORw0KGgoAAAANSUhEUgAAAcgAAAPoCAIAAADV8PmiAAAABmJLR0QA/wD/AP+gvaeTAAAACXBIWXMAAAsSAAALEgHS3X78AAAgAElEQVR4nOydd1hT1xvH33uzE7YIuLXiRLEOrAMn4KwDEAfWun5OtNqqdbWOum0ddVSte9RRFffee+AuKipaq6ggAkIg847fH0EMWSQhyYnxfB6fx+Tce8/9cpP75tz3vOd9CZZlAYPBYDC2g0QtAIPBYFwNbFgxGAzGxri+Ye3Ro8fVq1dt3i3LstOnT/f09Gzbtq3NO0eCSqXi8/kURaEW8mkza9YsDw8PE98KfJ3B8rvSeW63r7/++vbt20XuxnWAFLRQFGUPP/L9+/dPnz6dkZHB5brONVSr1aglfNo8evTo+PHjmZmZXC733bt3VapUycrK0t8NX2dL70rnud3MVO46I9a4uDg+n8/n8z08PKKjo58/f27+sVFRUQkJCRad7tatW+3btzf4MWuUXLt2raAlOzubz+f7+/tbdAonQalUTp8+vVSpUqVLl54zZw5N0wWbli5dytfi1KlTmvaTJ09WrFixXr16jx8/Lth5/Pjx9+/fN3YWhBft3bt3Y8eO/eKLLyQSSdOmTXfu3MkwjHVd3bx5s+Bb4evra9CqoiIuLm7NmjVF7mbFveAATNxuGvbv38/n82/cuKF5O3bs2Llz5+rsM3DgwD/++MPg/hrMvETm4DqGlWGYJUuWqFSqzMzMiIiI4OBg88cFVjyXSaVSkUhkTEloaOisWbMKWjZv3ty8efNPdJwSExOTmZn5/Pnzp0+fPnv2bNKkSQWbGIZZsGCB6gNhYWEAoFQq+/Tpk5iYuHv37q+//lqz57179wAgKCjI2FlQXbR///23QoUK9evXT0xMzM3NPXbsGEmSDx48sK63rKwsY98K5DAMY84PhnP6KEzcbhqmTp06bdq0X3/9VfN2yJAhs2fP1h4E5Obmrlu3rlevXgb312DmJTIL1lUYOnToqlWrNK9pmuZwOHfv3mVZNioq6vLly5p2hUIxfvx4Pz+/gICAn3/+WaVSsSw7depUACBJksfjde/eXadbg4eMHj1ac/V4PN727dv1lWzatCkoKOjt27caMQEBAWfOnPH29i7Yh6KoxYsXV6pUycvLa/jw4bm5uZr20aNH83g8Ho9Xs2bNrVu3FuzfsWPHDRs2xMTEuLu7N2vW7MmTJ/pXwIpj5XL5oEGDJBJJ3bp1Dx06BABqtVq7z7y8PADIyMjQvH3z5g0AaC4Cy7KLFy9etmyZjoznz5/HxsZqXvv6+qrVapVK1bRp04KjDFLkRbPHFWNZtn79+mvWrDG4yeBHb6Jn7W+FBi8vL9PX2dgfZUK85pDAwEBvb2/NA4SJfnSucMENYqx//XvBhMI1a9ZERUVJJJK1a9d27Nix4ER5eXlCoTAvL8/Ep6N9VxZ5zU3fbizLPn36tG3btgzDBAYGvn//XtMYFBR05syZgn02bNgQFRVlYn+dS2SMtm3b/vnnn507d5ZIJK1atfrvv/9Ylr1w4ULbtm0L9pFKpa5sWO/cucMW/gi7dOkycuRIuVyel5c3YMCAPn36aNo7dux45coVg90aO2TJkiULFiwwpmTr1q179uyZM2cOy7Lnz5//7rvvHj9+rG1Yhw4dOmLEiNzcXIqi1q1b17RpU+0eGIZJT09v3Lhxgaq2bdsGBwenpqbSNB0fH//FF18Yuw4WHdupU6dJkyYplUqpVBoZGalvWHNzcwEgMzNT8zY1NRUAkpOTNW8XL17s6+vr7u5epUqVhQsXao6Vy+VlypSRy+WvXr3SnGvSpEm3b982JtjMi2aPK5adnQ0A6enpBiUZ++hN9Kz9rUhNTZVIJKavs7E/ysQpNEqysrJomr527dqjR4+KvDgFF7DgBjHRv869YEJhtWrVXr9+zTCMWq0Wi8UFv75///13v379TH86xgyrFbcby7Jjxoy5fv06y7Lx8fErVqzQNO7cubNNmzYFAipVqnT16lUT+7NmG9YyZcq8ePGCpukDBw54eHgoFAqapkuUKPHmzRvNPuvWrXNBw8owzMaNG8VisUKhYLU+wpycHADQ/JCyLKvxf8lkMpZlO3XqpLnQOpg4ZNmyZYsXLzamZOvWrUql0s/PT61Wt2nTJjk5WdtGaKyVRp6GgIAAzUhNm5MnT44ZM0bzum3btkePHtW81jysaWQYw5xjNX+dUqnUbPrvv//0DSvLss2bNx8/frzmYX/kyJEAoGMlGYZ5+/Ztx44dBw0apGnZv3+/r69vtWrV7t+/n5iY+P333yuVyv79+7u7u48bN04zyLLootnpir148UL7Cmhj4qM30bP2tyI9PV1jWI1dZxN/lOmPTCqVaks18+LoGFZjf4L2vWBaYXx8fEH7hAkTCjr/8ssvb968qX9JtT8dg4bVuttNoVAEBQUxDMOyrEqlqlatmua1QqHgcDgatf/884+fn5/mi2dsf9Zsw7pp06aCt82aNdOMi5csWTJz5kyWZRmGKV++vOv4WAFgyJAhfD6fx+P99ddft27dEggE2lszMzMlEolYLNa89fLyAoD379+b6NCKQwrg8/mDBg2aOnVqRkZG5cqVtTe9e/cOANzd3QumfVJTUzMzMwHg9u3bXbp08fT05PP5bdq00dyEGkqWLKl5QZIkAOg7gyw9NjMzMyAggM/nazYZmyY6ePCgVCr18PCoVKlSq1at+Hy+p6en9g4EQZQsWXLlypWrV6/WuEQ7deqUnp6elJRUtWrVIUOGzJ07d+PGjbVr187KyqIo6vjx45ZeNDtdMQ8PDwCQSqX6Skx/9EX2rNOVwets4o8ydoqMjAyxWOzm5qbdv+l+jGHOn2C65/Llyxfs+b///W/27Nksy758+fL169d169bVtJv4dAxeKCtut8OHD9+/f18gEPD5fIlE8ujRI82UlEAg+O677zZu3AgAv//++5QpUzR/qbH9zad69eoFr0NCQl6+fAkAffr0mTdvHkVRd+/e5XA4LmVYV6xYoVKpKIo6duxYtWrVdLZ6e3vn5eUpFArNW81jYIGNYA2FUJg+pEiGDRs2e/bsX375Rb9bDoeTl5dXMO3Dsmy1atWUSmWTJk3mzp2bkZGhUqmOHj1qvivdimO9vb1TU1MLZofS09MN7ubu7r58+XK5XJ6SklKrVi0ej6d9RxWg+dbqXMaZM2cuWrSIz+dfvXq1c+fOHA4nOjradBigwYtmjysGAJ6ensHBwYcPH9bfVMyPXqcrg9fZ2B9loisfHx+ZTKZxfGv3b2k/pin4EE33TBBEwSGVK1cWiURJSUmbNm2aNGmSZpOln45113zq1KmZmZkFCp89ezZ//nzNpri4uNmzZ2dmZq5Zs6Z3795F7m8mT548KXh9+/btsmXLAoCXl1enTp3OnDnz66+/Tps2zaUMq+beNoYmbHvatGma6ZSJEyfGxMRofh4rVqyYmJho0SHmUKZMGZZlO3TooN9tbGzszz//LJPJACAnJ2fWrFksy1IUpVKpPD09uVxuenr6xIkTzTwRAFhxrIeHR5s2bebOnUtRlGbSwOBuZ86cSUtLA4BXr159880369ev53A4mk2zZs3SPC2+f/9+1KhRsbGxBeMyAHj06FF6enpISAgAhISEHDt2jGXZAwcOBAcHm1Bl8KLZ44pp2LVr17Bhw/bt26dUKgFAoVAcPnz4wYMHxfzodcQbvM7G/ijTXcXGxo4ePVoziXT37t2nT59a0Y8JtO8Fi3qePHny/Pnz58+fHxsbq2mx9NOx4ponJycDgLe3t7b+U6dOaca5lStXLleuXNu2bWNiYjTjX9P7m8mkSZPS0tJYlj116tT169cbN26saR8/frzGoxUVFeVShrVI9uzZo/HiBQQEuLm5bd68WdM+duzYtWvX8vn8Hj16mHlIMVm3bl2ZMmXq1asnEomio6Pbt29PEIREItmxY0doaKhEIhk4cOCAAQPM79C6Y+Pj4588eSKRSOrXrx8VFWVwn5CQkB9++EEgEERHR8+ePTsmJqZgU6dOnSIjI0UiUcOGDRs0aLBhw4aCTRRFDRw4cOHChZq3/fv3v3Tpklgslslk7dq1M//vKsDmV0xDlSpVnj59eurUqcqVKwsEgtDQ0KysLM2zng0/emPX2eAfZbqrDRs2fPHFF1WrVvXy8tq7d2/FihWt68cYOveC+T137dp1w4YN9erVK3AyWPHpWHrN//jjj/79+2u3EATRr1+/LVu2aN5Onz79xo0b48aNM3N/jTuxAM2oWYdx48Z98803AoFgypQpd+/eFQqFmvbatWsDQL9+/dzc3Airf9kwGAwGUwDLsuXLlz948GCdOnU+rxErBoPB2IkTJ064ublpPF2us84dg8FgUOHm5ubv73/s2DGNqwS7AjAYDMbGYFcABoPB2BhsWDEYDMbGYMOKwWAwNgYbVgwGg7Ex2LBiMBiMjcGGFYPBYGwMNqwYDAZjY7BhxWAwGBuDDSsGg8HYGGxYMRgMxsZgw4rBYDA2BhtWDAaDsTHYsGIwGIyNwYYVg8FgbAw2rBgMBmNjsGHFYDAYG4MNKwaDwdgYbFgxGAzGxmDDisFgMDYGG1YMBoOxMdiwFg3Lsmq1GrUKU1AUxTAMahVGYRiGoijUKkyBP1+MbcGGtWgYhsnJyUGtwhS5ubnObLmUSqVcLketwigMw2RnZ6NWYYq8vDwnN/0YHbBhxWAwGBuDDSsGg8HYGGxYMRgMxsZgw4rBYDA2BhtWDAaDsTHYsGIwGIyNwYYVg8FgbAw2rBgMBmNjsGHFYDAYG4MNKwaDwdgYbFgxGAzGxmDDisFgMDYGG1YMBoOxMdiwYjAYjI3BhhWDwWBsDDasGAwGY2OwYcVgMBgbgw0rBoPB2BguagGYTx6GgbGT8l+rVcASwOcBAJAE/DYHoS4MBhnYsGJsQOsW+S9OnAIOJ/8tQSBUhMGgBBtWTHEhSfi6ff7rp8+Ax/v4FoP5PME+VgwGg7Ex2LBiMBiMjcGuAMznSuJ9ePoUKlaE2rXId+/g0mWQSCA8DLUsjCuADSvmcyU9HR4/AbEYpFKvqb9Ag/rg7YVaE8ZFwIYV87nSqiW0agkA8P49KZXCuDGI9WBcCOxjxXz2iMXZkyeiFoFxKbBhxXz2cLnqalVRi8C4FNiwWkZubm7aBzIzMwGApum0tLTc3FzU0jDWIpe7/7kGtQiMS4ENq2Vs2rQp7AOdO3dWq9UZGRlhYWEbN25ELQ1jLWq14OIl1CIwLgWevLKM4cOHDx8+HACUSmVQUBBN035+fomJiah1YYoBny/r2kWMWgXGlcAjVsxnj1Aoi+qKWgTGpcCGFfPZo1IJLl9BLQLjUmDDaiUkSbZu3Zok8QX89FEo3Ff+iVoExqXAPlYr4fF4f/6J70aXgMNRBwbyUKvAuBJ4wGUlDMM8efKEYRjUQjDFRiLJnjIZtQiMS4ENq5Wo1er27durVCrUQjDFhmXJ7GzUIjAuBTasmM8eqdRn5GjUIjAuBTasGAwGY2OwYcV89ri7Z6xZhVoExqXAhtVK+Hz+5cuXBQIBaiGYYkMQLJ+PWgTGpcCG1UoIgvDz8yNwJVIXIDfXa9JPqEVgXApsWK1EpVJ1794dRwW4AgzDTXmFWgTGpcCG1UpYlr116xaOY3UFRKKcUSNRi8C4FNiwYj57eDxV/XqoRWBcCmxYMZ89coXkr22oRWBcCmxYrYTL5X733XdcLk628OmjVomOHUctAuNSuIhdUCqVFEXZqXOWZVmWzcvL02kfOHCgUqlUKpV2Oq/5MAyjUCjUajVqIaBW8wEgL6/QnB5FUQzD6F9AZ4GiORFhtNPKA6Bp2q7fcJIkRSKRnTr/PHERwyoQCOwXUqr5WkskEp3G/fv3d+7cmcPh2Om85qNWq4VCId8JgjF5PODxQCIplCtKLpdTFKVzAZ0HRiTK7PONr7PKAwCKouz6DcfYHOwKsBKKosaNG+cMg0RMcaEo/t17qEVgXApsWDGfPTKZx4JFqEVgXApsWDGfPSRJlyqFWgTGpcCG1XpKliyJWgLGFri5Zc2bjVoExqVwkckrxyMQCK5cwRXoXAKWBbtNuGM+T/CIFfPZI5X6DhiEWgTGpcCG1UqUSmVQUJBCoUAtBIPBOB3YsFqPMywNwNgAN7fMRQtQi8C4FNiwYj57SJIp4YNaBMalwIYV89mTl+c5ey5qERiXAhtWK+FyuatWreLxeEXvinFyaJqX9Ai1CIxLgQ2rlXA4nLCwMGdIFIApLkJh7qCBqEVgXApsWK2EoqiZM2fiXAGuAJ+vaBaKWgTGpcCG1Upomt6wYQNN06iFYIqNUinefwC1CIxLgQ3rJ8u9f6BLFPxvCADwr1zlx/SELlHw+g1qWZ8gSqV4VzxqERiXAi9p/WSpUR3WrQGSBADBocPUyDhu3brg5Yla1icIj6ds3AjnOsXYEGxYrYQkyZYtW5IkuiE/jwcfoi+patXIMmUAB2Nah0gkHTYEG1aMDcGG1Up4PN6aNWtQq8hH3qe3WCxGreKThaK4ycng64taB8Z1wD5WK2EY5unTpwzDoBYCAEC+fQtynLXAWmQyr19moRaBcSmwYbUStVrdtm1blUpV9K72R7JkGZmUhFrFpwvBuLuj1oBxKbBhdQVYDhcIArWKTxYP98zlS1CLMIv3798Hf6BWrVqHDh0CgB9++KF58+aopWEKgX2srkDu9CnYx/o54O7ufvToUc3refPmvXz5EgB++uknJ3lywhSADSvmsydHWmLwMIjfiVpH0XA4nNKlS2tei8VizYpqHx8cDeJ0YFeAlfD5/IsXLzpJqXfJ3F/JxPuoVXy6sAROWI6xKdiwWglBEAEBAYRzeDbJXCngrAVWI5G8n/kLahEW4+vr6+mJ14M4KdiwWolKperVq5eT+LZk/xvAVAlEreKThcOhypdDLcJixowZ0717d9QqMIbBhtVKWJZNSEhwkjhWumJFcHNDreKTRSbzWLIMtQiLYRjGSb5+GH2wYXUFhLviif/+Q63ik4Wi+DduohZhMZMnT167di1qFRjDYMPqCvDu3CEys1Cr+GQRCPJ69kAtAuNSYMNqJRwOZ8SIEVyuU8SrKVu1ZAMCUKv4ZBEI5B3aoRaBcSmwYbUSLpc7evRoJzGsqrDWbClsWK1FpRKeOo1aBMalwIbVSmia3rdvn5NUEODduYtdAdajULht3IxahMX873//69ixI2oVGMNgw2olFEWNGTPGSWpeCXftxpNX1sPhqGrXRi3CYipXrlywCgvjbGDD6grQ5cqxEpwrwFokkpxxP6AWYTG7d+8+f/48ahUYw2DD6grIhgxiq1ZFreKThWE4qWmoRVjMjRs3Hj16hFoFxjDYsFpPiRIlUEvIh5Dm4iWt1pOb6/3jBNQiMC4FNqxWIhAIrl27JhQKUQsBAHCbNx8nYSkWCGuXYVwRp4gWwmBQ4uHxbsPaT67iVXBwsL+/P2oVGMNgw2olSqWyQYMGCQkJzjBozZ36swgXF/nM6NWrF2oJGKPgJyDrkcvlqCXkw/J4+GHWeqRS7+/HohZhMSkpKW/fvkWtAmMYfDe6AuIly4iHD1Gr+GRhWU5GBmoRFrN8+fJ9+/ahVoExDHYFuAKct29ZhRK1Cj2SkoCioFIlIEny1Wug1ODnB35+qGXpIRZnT/gRp4zG2BBsWK2Ey+WuWLGCx+OhFgIAIO8dK/iiEmoVeqzfCDk5MPYHTsor/sHDkCuFjh3ga+dbhcnlqmvWQC0C41Jgw2olHA4nIiICtYp8qBrV+U5YpXXeHM3/xK07jI8359e5aOUYRS53W7sexo9DrQPjOmAfq5VQFDVr1iyKolALAQAQHD5CpLxCrcIoTK2aVPNmqFUYR60Wnvv01oZOmTKlb9++qFVgDIMNq5XQNL1+/XonMaz8y1eI9HTUKozCVKxIBTtxlhM+X9bJ+RwURSESifh8PmoVGMNgw+oKqL5qyPo6y/pafch//+XeuYtahXGEQllMN9QiLGbJkiXx8fGoVWAMgw2rK6Ds9DVbznnrjJL3H3IvXkKtwjhqteDaddQiLObNmzcZn2CU2GcCNqxWQpJk8+bNSecIy+c+fgzZ2ahVGIX192MqVUStwjhyufvyFahFYFwKp7ALnyI8Hm/dunVO4uQSbdpCPvsXtQqj0CENVB07oFZhHA6HcsJgNcynjJMa1idPnkRGRvbs2XPbtm2aFpVKFRkZGRkZ6SS11BmGefbsmbOI8fVlBQLUKoxCSKWEMz+0SiTvp01BLcJi2rdv37BhQ9QqMIZxUsNapUqVPXv2bN26NTMzMysrCwD4fP6ePXvCw8NRS8tHrVa3adNGpVKhFgIAkDf6O9aJQ9w55y4Itu1ArcI4LEtIc1GLsJjmzZvXqVMHtQqMYZx6gQBJkp6enp6entotBvdkGIZlWTvJ0FQM1KkbWNDoDPUEWbWacRIlLMmyQNOFBvIsSRBcrjPIMwjz/n2JuJH0gb0AIJVKsz94q7lcbkBAAMMwr1+/dnNz8/LyQqWQZVmGYXQu4PXr1z08PKpXr26TU3A4HJv0g9HgvIaVZdnDhw9HRkaaM0Ekk8nsOnhkWTa78OyQ5nQ5OTlKJfpF+h7TfpF1i5bVCUYtBJRKMU2z2dmF8n6xLVuwLZqTTju9JpX6AGg+3127dv3xxx+aZj6fv3PnToFA0KVLl6ioqBEjRqASqLGqOtnUdu7cWaFChVKlShW/fw6Hoz18wRQfJzWsNE1v27YtKipKbN5KTTc3N7uKef/+vY+Pj3ajxp56e3s7Qz5WmiDEYjG3sEIkCIXA44GPj0i7US6XUxTl7qwZYxlPz4yVy0v4+ADA4MGDBw8erGkPCgoSiUR+fn537txBKhCys7OFQqGgsBtdIBCIxWIfJ/jQMfo4qY81KSnp77//7t27d2Rk5Js3bzSNkZGRR44ciYqKevbsGVp5AMDn88+fP+8kUQG5Y8cwQTVRqzAK9+Qpwbr1qFUYhyBYJ8y0gPmUcdIRa1BQ0P79+3Ua9+zZg0SMQQiCcJ6q7qyXJziHiTeMQknInCUpuAFyc72mTIM/lqHWYRklSpRw2ocAjJOOWJ0ftVodGxvrJFEB4jXriMdPUKswCt2ksSo6ErUK4zAM9/l/+s1t2rRxkicSg4wdO7Znz56oVWAM46QjVueHYZjr1687SRwr5/lzNi8PtQqjsD7ejIcTj61EIunIOH19ixYtQiDGbDRhMARBoBaCMQAesboCiqhItkJ51CqMwrlzl3f8JGoVxuHxlCEN9JsfPHigVqsdL8dMJk2atGbNGtQqMIbBhtUVUNeryzrx7DCR8orz+DFqFcZRKCQ7/tZvjomJ0SxOwWAsBRtWK+FwOMOGDeNyncKXwj97jkhNRa3CKEzVQKphCGoVxlGpRIeOoBaBcSmcwi58inC53DFjxqBWkY/g5Cm2VCko76TeAKZqVeoLp8gIbhgeX9G6JfpoZIwLgUesVkLT9IEDB5xkmaY6OJhFt+CySIiUFE7SI9QqjCMS5vb79GqcDBw4sH379qhVYAyDDatxaBooCjSmk2GAokCrEAtFUd9//72TTG4oundjK1VErcIonDv3eCdPoVZhHIri/ZOo33zp0iVfX1/HyzGTwMDAsmXLolaBMQw2rMZZsgw6dYUtf0GO1H3lKujUFcY4aSFPzsuX4OThVgEBqFUYRybz/HWBfrOXl5eTJDI3yJ49ey5cuIBaBcYwzvu9Qc+I4bBnF/SOBamUd+8f2LMLfp2HWpNhxKtWk06+QKBbFGoVxiEI2q+kfnOPHj0yMzMdL8dMrl+/npSUhFoFxjDYsBqHxwOhELhcEIuUISEgFOosG0WYR04HViIB54hPMIxcQTjxgBrc3bN+m6/fnJiY6CRVeDGfHNiwmoG3d97A/jptAoHgxo0bzpDaCgByJ45natdCrcIo3FOnBes3olZhHJYFuyXzxXyeYMNqBioV14krSmGKi1Tq23cAahEWU6tWrUqVcKkuJwUbVjNIf+fx6286bUqlsk6dOgqFAokiHdx+mUnevYdahVGo9m0VQwejVmExo0aNkkgkqFUYpXfv3s5TqQijAzasZsAhGUP52fKcxm9IqFTgHOlgDMPhOLUL2M0ta4EBH+vgwYOd2bCmpKSkp6ejVoExDDasZhAQ8H7+XNQiTJEXN4ypVhW1CqNwzp4TbN2OWoVxSJIuaSAqYNeuXTrVUJyK5cuX7927F7UKjGGwYXUFmFKlwIlz4BO5eYQTxy1BXp7nfF1XDwBMnTpVKpU6Xg7GBcCG1Qxev/Ee/YNOG5fLXbZsGY/HQ6JIB9Ff2wgnKFdjDDqkvqqjEy++pGle4n3UIjAuhRN7vpwHliX0SrFyOJx27dohkaMP9+FDtkF91CpAmgtJj4HLgbw80HZOsv7+TIkS6HQVhVCYO6CfHatRYj4/8IjVDPxKZk+epNNGUdTcuXOdJIBc2a4ti7oAl0oN3XrDjVtwNQG699FOqwDk/Qe8CxfRSSsKPl/RsoV+c6lSpZx5SeuUKVP69OmDWgXGMM77vXEieDy6bBmdNpqm16xZ4ySGVRXalPX3Q6vhzDko8KO+TYeLlz9uIv99znHiaDBQKkUHD+k3nzx50pmTsIhEIidZn4LRBxtWM8jIdFuxSrth3759miKy+/fvd4aZWd6160T6O7QadFbba79lKlagg2s7WI8FKJWSv3ehFmExy5Ytc6q6xRhtsI/VDBQK/r1CA64ff/xRk4l10qRJBEF07doVkbJ8hAcOsl5eUAalN+DLYGjaCC5dBQAIaQA1a3zcxNQKoqhqzju44nKVDUMEes21a9c+deqUnx/iRwFjvHr1SiDQV41xCvCI1Qw8PWTRTpycCYAKDGTdEc++EAS0bgklS0D1qlCicP0tIu0t+a8TrwkWi6Ujhus3O0kJXsynCDasZuDmpggPQy3CFPJ+37KBgahVwLmLUKECBNeCM+fgffbHdk7CDb4zF5Wiae6/z1GLwLgU2LCaQV6e4Ow51CJMQb7LANRZCxQKuArRVyoAACAASURBVJYA5cqARAIN68OBwx83sW4S1tsbnbSiyMvzmjodtQiLadu2bcOGDVGrwBgGG1YzeJ+tUx45JiYmKioKALy8vLp3745I1kcki38nHyLOeZxwE8qXzQ9fje4K8fs+Zi+gW7ZQ9u6FUFtREKyhnACrVq3y9PR0vBozadmyZZ06dVCrwBgGG1YzEArUQUHaDTNnzpwxYwYAyOXykSNHIpKlBYH+czx3EZqH5r9u/BXQNFy/8WGbpnqY0+LhnrFimX5zaGioM88OJSQkPHz4ELUKjGGQ3ZA5OTmPHz9+/PhxTk4OKg3mUqKEwckNANi8eXMJJ1hTJJ0xjan7JUIBDAMXLkGLD4aVJCGqM+zel/+We+SYcOWfqLRZzYwZM5z5yxkfH3/xohMvu/i8cXS4FUVRe/bsmTZtmkAgqF27NgA8ePBAKpVOnTo1JiaGiyi53M54eP4CAIBlgWGAw8lv7xYJlSoAUBQn7S0YMqA1a9Z0knQBaLn/EDgcqFYVjn8oxtq5I6zZCOnpYChvlJORIy0xfAT8rZt/a/v27UOGDPHw8EAiCvNJ4+gRa/fu3b28vG7fvn3r1q2NGzdu3LgxISHhn3/+CQgIiI6OdrCYAiQS8PIEL0+QyeHshfzXXp7A1VjYtLee03QnN/h8/tmzZwmCiImJQT6ukfy6gECaRuT8RWgeCtrrP318oHko7D0IAECFtVb2+xaVtqJhGUKai1oExqVw9AgxPj5ev5HH47Vo0aJVq1YOFlNAh7b5LxJuwZNkGKRb4ApYgiQKtxAEUVDV/dy5c506dbKzRlOQ2dmsWo1QwLmLMDpOtzG6C/w8AwZ8CyASsjznXYpCJNwAALh1G+rVRa3FAnx8fNwN5V/HOAPoJz00OPWq5zKls/5YqtOmVqv79OmjUqnCw8NPnjyJRFcBsgH9mMqVUZ39ZQqkpkKDerrt9b4EiRguXAbO5Sv83QZ+UJ0CuYLYtBkAYNVqoGntLeHh4fzCdXmdinHjxvXs2RO1CoxhnMWwfnIwDHPlyhWGYcLDw8+dO6dGOmCkv/gCPJANXs5fgsZfgb4JIgiI7gK79wKRmUW+SUUhzQz+3gkZmQAAL15A4VUMv//+u/NUOMd8WmDDagapaV6TfjK2sXLlynPnzmWR1k8W7tlL/PcC1dnPawVa6dChHdy5B29KB6vDWjtWVCFUKpDJDfyjXqWB9lB68xbI+VgyICkpyUmylxlk0qRJq1evRq0CYxgEni+D5S6cel02TZNZWSa2I894zbt5i61ZE8mps7Phn/swf6bhrR7uENEadt2sNKg/yuJRU2fBydMG2mc1TWzj4Q40xSpVhKa2zcFDEJv/fB0dHX3mzBmnTcKC9rccYxoEhrVmzZr6A4GSzhyV41si5/tROktwOBzO0KFDNfFhmZmZM2fOXLBgAUEQBjuwN6oWzbmI8rFeugq1aoKJBUrdusIfY5OhxhuIQDY5OXMKzPgZAOBxMkz4GeK3AQCASkX+9QJ+XsGIRJkZGb4nT0GXzs5cOgzzCYHAsL58+dLxJy0WAgFVVbcGKpfLHTt2rOa1p6fnpUuXEhMTNZG5jkcZEc5BZBFM+AE01KgOX0kevT/02B2dYS0ITNa8yI+W/m0xZGcDjwcqlfDcebhzF7y8oL2zlNvBfNIg8LFu2bIlNdVZpzIMkvVesmmLThtN04cOHdJkZeVwOGFhYSdOnEAhDgCAe+8fwqSzwk6o1HDl2scFVwYhCKgYGnAmHY2nwhQx0TD1Z+DzQaFwW7cBYrrBJzVVNWDAgPbtnbhE4+cNAsNavXr1hQsXhoSELFiwIDk5+RNwFclkgitXdNooiho1alRBMADaoCvR3zuJ5/85/rw3b4G/H5QrW8RuQX2C177rkOw8ZWR37AS5HCpXBk2QH4ejDqoJDepD40bae124cMEZ1isbo0qVKgWR1BhnA4FhbdCgwfz5869fv965c+d9+/Y1atRowoQJt27dogtHEToR7m7ydm1N79KkSZOYmBhUU3B06dKsSOT4854ryg+gQSzL6tn4Rfy+ovd0BFIpXLwI2p+URJI9fhwAwLNncPzjY4ePjw+nwIngfOzduxfnCnBakIVbEQRRpUqVMWPGXLt2bfTo0YmJiREREajEFIGHh7xLZ9O7CIXC/v37oyrqKRs+lK1ezcEnZVk4f7EIP4AGzuUrvagdh4+BDGVowAeEQpg1s1B5bobhaCqGMSysWQcfnkJ69eqVWVAf0fm4du0azm7ltCAwBFRhWJYNCAj49ttvT582FBHjDMjl/OsJ+s06yTpfv379xx9/OEpTIQiZzPF5+ZIeA01DkDm+UwFfUlJUNRCOI1yhxrJw5CioVMDj6S6myM31HjMOACCwMnTtDPL8lOH37t1z5jhWjDODwLCKxWJeYQYNGiSXO8NgxgiZWW7rN+i0CQSCmzdvaq/EFYvFS5cuzUIxieQ2ey75T6KDT3r+IjRrCuaM0amIcMWAflFdYNceQOZR3/wX7NxddJ2F2F4I17BhXAYEhlWlUrFa5Obm1q5de8KECY5XYi48HlWxYpF7eXl51atX78yZM/YX5BScuwjNm1qwf+uWkPYWHqAqdBBcG+bOBoM5AN3d321c9/Ht3zshLc1hugBArYYcqYF/pj0ntWrVqmjG1xKDBPRLWoVCYVxc3KZNm1ALMY5fyRzN5IYWSqWybt26isIjoPDwcCRBV7k/TWZq13LkGd+kwouX0LCBWTtzjxwVrvyTz4POHWHXHjsr0+fiJVCp4Ms64GdkEQpBgPbKjuf/aXwWI0eOlBgq2WJzrlyDsA4G/v00zdRRvXv3dt5pic8eZ0nmhmrNklkwDCHN1U90rb82t02bNrm5CDJ7skIBODZH+PlL8FUImJuSjGY0LuCoLtCzL3w/0oFP23v3w987ITAQAvyN7iOVeo8bD+vX5r/t2gVSUwFg6NChDpEIzUMh4UL+6+7fwOTxUMeMhSavX7/m8/m+vr521YaxDgQjVrYweXl5ixcv7tu3r+OVmMubVO8fx5uzY5kyZZCUwBIv+4NwbDHB85b4AegWzZQ9ewBAmdJQNxgcWgm7VADMmWXKqgIAy3LS3n58W7UKNG8GAHv27HFm1//SpUv37HH8+B9jFggMq0AgILXw8fFJTk6eM2eO45XYg5cvXx46dMjBJ+WkphIOLH8tzYXbd6FZE3P3Z93dWd/88X50JOze55AprDt3gaLgq4ZQoXwRe4rF2ePGFGp5mQK7dv/0008GEwZhMEWCwLDK5XLtcCulUrlixQqnTnRdKiBr0QKdNi6Xu3TpUv2CV9nZ2dOnT3fwYgd5zx5spYoOO92Va1C9Gvj4mLs/58ZN/uH8YWpoY5DL4eZte2nL58xZmDkbXr82a2cuV63joRYJYfNf9tCF+UxwtGHNzc3lFEZ7k4PFmAtJsnp2n8PhtG/fXn9lTlBQEJ/Pv3PnjqPEAQBQtYJYB65zt8gPAABEahr57F/Naw4HIrUKuNoLLhd+mQrlixqrapAr3DYUnjv19YWBA9CFhmE+eRw9efX999+7ubn1798/MDBQLBYDgEwme/bs2fr169+9e7dx40brulUqlTYZJCqVHIbhyWSFHqvZtDSPJctks2ZoN1IUtXTp0pEjR+pXlm3ZsuXhw4dr1KhRfD1mwj96TF33S6pcOQeci6Lg4mVR755KmczA+l21mgcAMlmhegpMlUAoWUItk2netmlNxA4QpbyS+3jb3nKRT58yFStC/XoAAB/OWIBCQbKsQKYTxyTNEZ8+IxteeKoqvLWfv79CoZDpdWJXGEaoUKh0ri1N0/rf8DFjxhAEYRN5BEGIUCyJdmEcbVhXr1796tWr1atX79ixIykpCQCqVasWExMzevTocsWwCwKBwCbyBAIgSRAXTsFHc7jkq1e8wo1KpXL9+vVjxozRd2J06dLlypUrYgfm8aMvXmIrVeJWc8Sq1oSb4OMD1asKDcZx8HjA44FYXMhDIq9WlaKoggtSvjw0aQQnTov697G1uJu3YPZcmDcHAg1XABMKgSB0P18GQN6hvf7ndWbkKFCqHJyhlSRBKBTqnFOtVgsEAp0vuSO/YBhLQeBjLVOmzLRp0x4+fMgwDMMwSUlJM2bMKI5VtTs+PrmDB5m/e0hIyHfffWc/OfqoG4awjsrDdO4CNG8KFkXHkc//4977R7slugvE7wPbp6zJzoYfxxqzqkYRCvN6djfQnpkBhx0ZwWAZy5cv37t3L2oVGMOgXCBAEIRTh68WIBKq6n5p0RGvXr26fdveEzQfUXTuxJZ3xC8Ty8L5S9CimWVHkYn3uecvaLeE1AceDy5fs52ylBRgGGjdCr5qaPGxarVAUwG7MMG/L37rkKtqHSkpKenp6ahVYAyDfuXVJ0B2tni3bsAgSZJNmjQxls7qzp07M2caqQNlBzjJyZCT44ATJT+DPBkEW7jIi/UryRSOeSJJiOoMehfVWh49htFjIMnaSF653H3pcv1mmmGgqdkxZRiMFtiwmkFunlAviTWPx9u0aZOxuvMtWrR4+PDh27dvDW61OeINm8injsgjfe4ChDYGS5OU0g1DVJ2+1mn8ugMk3ALbVMX+7wUMHgRWl1MkScpYrOu7d7BmneFNGIxxsGE1A4lY0Uw37SjDMC9fvjSW2drNze2rr75yWCJExtub5etG1NoDK/wAAEDk5elXjvHyhNYtYM/+4gl69w5YFtqEQ5tw6ztxc3s/Y7qRTe5w+Ai8TLG+c7vRpk2bBg3MS9aAcTgIDOvgwYMdf9Ji4eUli+2l06ZWq1u1aqVSqYwd1LFjx3fv3tlZWT55Y75ng4LsfZb0dHj6DBqFWHwg58w5wV/b9Nu7RcK+QwV5pS3n1Sv4bjTcuWvt8R9gWcLQ0tUVK1Z4+vvByDhwyI+WpbRq1apu3bqoVWAMg8CwbtiwwfEnLRYKBe/BA0sP6tat24gRI+whxwAs64Bo9vOXoEE9q6KPSMJg3tbaQeDjBecu6G8xj38SIbIrWDivaACptMSQ4frNzZs3FwgE0Kol+JtMNYCIhISEJKvdyhg7g10BZpCRaXByo+jjMjJSUhzxFOn+81Sy+AO3ojh/ybIFVwVQHdorhhvIFEUQ+akDLEYqBZaFdm0hpps1gsxj1qxZOZopwUOH4eYt+53IOuLj4y9csPpHCWNf0BjWGjVqBOmBRIlZcDm0r5FUnibZsWPHokWLbC4HCTIZ3LhppWE1QfsIePAQLKswm5EJo34AQ8VyrMTdPfOPpfrNW7duzc+3q1TBvmI6gzGfF2jysZ49e1ZnlT2q+qZm4e+fPWOaTvw9j8c7ffq0sagADeHh4WvWrKEoSn/Zq23JG/O90M55Oa8mQOXKUNKa3xfgnDzFef4cRhpwjEgk0K4NxO+HH8zPtpiQAF81hIaW+3qNQRCMm5upHcJagbvJHTCYwqAZsfr7+/sWxqkrpBvyYJIkWb58edNlWatUqeLl5ZWQYLuxlREYb2+w0aJeY1iaeEUbQqEkcvOMbY3uAgcPg1JpRkcKRb4HYPD/LFv7ZZq8PK9pM0zt4OkJEcWIOrAPXl5ejilwgLEC7GM1g9dvfIbrjrbUanXfvn1NRAUAAEEQbdq0eWD5xJeliNZtIJ4k269/moYLl60JtMo/vPFXqsguxrZWrQIVK8CJIiPT8vJg7Hi4dBkAbGlVAYCmuc8MRAG3atXq4xNJdjYsXOxU+a7Gjx8fGxuLWgXGMAhcAUqzBifODsMwly5dKtKDMX78eAcs2+U+e8baM+nivUSQiCHwCysPZ0uUYAqXCtchqgvs3gtftzfZy8VLUL4cNGlspQgTiETS4UP1i8UsW7bs4xt3d7hzB+79A3WCbS8A43IgGLHm5uZK9XBuH6vf+xm/WHcoQRAKhSLHzutN1XXqsKVK2a9/jR/A6h8I8s5d3ilTI9KI1vDiJTx6YmQzRQEAtG0D48aYVW7bUng8ZaOv9JsfP35MaU4NACQJI0dY6WO2jmf/QtdoiO0DALwbN/n9B0LXaHjy8RpNnjx5zZo1jtODsQQEhrVmzZpV9SjpyK+spXC5jK/1uaOmT59u39DdvDzBqdPktet26p5l4dxF6/0AAECmvOKYLMklEMDX7WG3wVRNKhX8NBXOnAWwtQegAIVCvHO3fnNkZGRmZubH9yENoLQdf710KV8OVq+CJYsAgH/8BN2jO6xeBVr1rhmGYZ3JNYHRBoFhffny5RtDOF6Jubx7577od502DoczaNAgc6b7W7dubd+a2Nt2ENnZnG3b4f17e3T//AVkZUHdOtb3wARWphrUN71PVBc4dgLy9Ke4zp0HDmnfZCgqlfjAQbP2PHESTp+xoxJtuFwo6Qu+vgBAV67MlisHJX1BrxQQxjlxlskrpzasShXv8WOdNi6XO378eHMMa2ho6L///vvq1Su7aHv1Kj/EUi6HjZvtcYZzF6BJo2JV12aqV6M+PGs/evTozgfS0tIAICMj486dO74l8oJqwJHjWodphmPhYTB9KpgMaysuPJ6iuXkDcoEA4hGkQFX0iGGCPqaYWbduXdeuXU+ePLlx48auXbsePXrU8ZIwpkFsWFUq1aFDh5o2bdq2bVu0Skzh5ZnXW3f6labpo0ePmlMPRiQSNW3a9PLly3bRtnotFPgBjx2Hp08/vrUR1iVe0YZIecV5nO8cXLp06bhx48aNG/fdd99NmjQJABISEsaNG/fixYvoSNi198PEO03D3Plw+gwQRLGMujmIRLn/G2DWno0bQdfOjo8NIDMytcvMvH79OjExMSsrKzU1NTExMSMjw8F6MEWCZoEAy7JJSUkrV66Mj49PSUl5/vx5hQoVkCgxC4lEGdpUJ0CcoqgRI0YkJibq1xPUZ9GiRXapKfTXNtB2rbIsrPwT+HygGRjYH6oEFv8MmZnw6BE0NjC1YwGcO3c5ycmaOlQFU+3Hjh3btGkTALRr165du3YAUKUK/LoI7iVCndoA5y9Aaqo1WautgKJ4Dx6C3qD17NmzPjqlaHk8CA9zhKTCiFb9yUaEIzk1xjoQGNb169fPmzevVatWw4YNW7x4sUAgcGqrCgBSqfDoMdAbtJqPWCxmGIamaVsuwbp1G/YfgLE/QIP60kePBP7+fE2hVoKAS5dBEzp+/ARIJNAwxGrf3IXL8GWd4i47Yr08zcljwuVC106way/UqQ3QsgU0bgSOKYouk3nOna9vWA1PqCqVMO9XmPCjfb0TOpCcgom7jIyMmzdvOu7UGKtA4AoYNWpU+/btp0+fHhwc/GmUZsmRiou9VHzYsGGHDh2yiRx49i+wLNT9ElavhLDW4Okp3rSFTE0DT0/w9AQPD2jfLn/+mqLgr61w5SoAQFaWFUWmzl+C5rqpaC2GDm2qjIk2Z8+uX7NfXlwpO3gaCMJBVhUACIIxVDEsNja2UFSABoEAMjLy1yk4irwJ45jQpgqFYuXKleHh4Q4uHIuxAgQj1oyMjLNnz8bGxqrV6vHjx9ukbLV9EQlV9evrrxh1d9cPKjdKSEjIiRMnunQxugDJBKlpH2I8WRaOHYd/EmHwIPD08PfzqO4BAMAKRYbT+ndoDx3a5/sEV6yCBw/g+9H5paHNQKGAawkwdpQVkgujVBIqFRS+XOXLlw8P110nGpB8ubno9uG3PeyYtEofd/fMRb/pp1q4e/cuZdBhPWQQeHjYX5YucXFxCoVi06ZN/v7+mZmZv//+e9myZaOjowMCAhwvBmMaBIaVx+NFRERERES8e/du27Ztfn5+vXr1iouLCw0t9tDITvj45P5vgI5hFQgEFpULDA8PX7JkiUqlMp23xSD/Poe/tmteEs8etS5bLox/hAsAjRpC9aoAALk/TTRVDFnzWDBxPDx4CH5+AAB/7wSahvBwKGkqdcv1G1C+HJQq9m3LPXGKm5wME8drN9aoUaNGjRq6uzZt8kwZ/Ndq96h+dlkKYBusrgFjFZcuXQqM3yvu0vm3337z8vLSPOT5+fl5eXn5+flVr17dkWIwZoLyy+vr6zty5MjXr19PmDBh48aNCJUUgUrFffGimH1UrFixdOnSV65cseLYxnVVf9Zb/2fIpj+XAVfMmzqF++cy+HMZDPjWkl4IAoJq5lvSKlXgvxfw9CkAwPP/IDvb4BHnL0ELu/3Ypaen372rlUN2+99w6jQQREgrd5qG6waqptqNnBzf/v+z7JALF21XCtEojx8/Hjhw4A8//ADZ2aBSeXt7a7vOgoKCKmqtF8A4FehHBQRB1KlTZ/Xq1aiFGCf9nceceTptSqWyQYMG+fk6zWPt2rVWjspv3ISkR2A8Is1t1hzy3j8WdFj3S5jwI2hiS0+fhj79QG/JKcPABWszW+tAtWujGKxruW7dujV//vz8Nwk34MBBqFEDCgq4WpH9ujgY8kfFxcUZTR/l7Q179hg8ylacPn26W7dutWrVOn36tGTUd2xwbZ0dvvnmm4iICPsJwBQHNOFWnxgkwYjE+i7M9xaudCpTpoxl56UoOH0WIsKgcSNo3MjEgk5CLmetvskH9IeoyPwH7zVrITMLIrtAlSr3HwCHA9WrWdlrIYqMhWhQH35fCB9SynbuCGs2Qnq6o5bmu7llzZ/jrdc8fLiBei35BNWEwYPsEdDKMMz16zfq1G7YuHHjEydO+Pv7A0B2+XKs3lTemzdv+Hx+CUPTbhjkoB+xfgKUKvV+4a826alfv3537twxa1eGgR8nwOHDIJUCQZheJi8bNoSpWgUA0tLS+n+gV69eT58+BYD58+ePHz/exOHg5ZU/G9OxA5QrC7l5AJC8P7FXrYcE2MB2cM5fEGz/2/C2o8fgzFkgCNBK1O3jA81DYa95q0xtAEnShuZ/9u3bJzdUZBAAgCCgeTPbrlygaXrHjh0vXrw4deoUTdMikcj/Q4ya4OBh8oluipolS5bEx8fbUADGhiAzrLt3G0h74fKUK1fu5MmTRezEMKBUAknC/wbAgl/NmYCmy5TRBK66ublFfUCpVGpcuqGhoeYubCtVCnr11JTny7z1X49HcyB+DwAUczUXkSMl9ArWEgRBymSwdj2UK6d/SLeusOeAXR+1tcjL8/htoX7zpEmTpFKp0aMYBqZMgyzb5GdQq9Vdu3bdvHmzn5/fxIkTdVadcO/dg9Q0m5wI4xiQGdZRo0Y5dapAbd688f5hrE4bl8v9/fffeRYG3oeHhxeRkOX1Gxg3AXbsBACoWdNwEJUewm07iH//BQCJRNLpA6VKldJEIDRp0qR169YW6XyZAptyOsLmDfB1RwCA1Wsg7juwNoEWXb+eukM7ncY2bdps3rULFv0GgZX1D6lbB9zEcMEx0aI0zbfIQ62BJIHLhVOninnyBw8eSKVSHo83bdq0ffv2GYzuUDdtwhr6+cE4LcgM68KFC7dv3/5p2FbGQN15DofTsWNHc9azatO4ceM3b948f/7c6B6vX0NwbYjtaVG3vPv3ifeGZ/at4/wlaNQQ+AIyv+LLwAHQqwd4egAAXLkKR4+BJXm12VIB9BeFs2RfuQoXLgKHA0ZK8hAERHU1kkjQ5giFud9+Y82B335TnEW3b968GTduXGxsbGJiIgDUr1/f2NdJ1aI5W9G5VydiCoPMsPbv3793794cDof/AVRKiqakb85EXR8lRVG//fab4QBy4/D5/A0bNvjrr+98mw4rVgJFQYP60LePpc47ZZsI1qapQs9dKJx4hc+H0KagCZkkSTh7Dg4eAgBNGFCRvZEPHvK0lyolJcFvC88lPxk1ytTag47t4O49SLFPUrBC8PkKQ8vw/fz8ilgZWLGiQT+GOWzfvr1t27YikejkyZONGxdRFoF7/z6Rnq7TOHny5G++ser3AGN/kBnWvLw8lmUpipLL5SqVynTxKMTw+VT58jptNE2vXLnSUsMKAPXq1dNNyKJWw9hxQHKsWHKqQdW8GatnrOfOndu5c2cresvOhsQH0LSRkc1fNYS5s6FHdwCAg4eg1zdw6IjpDsln/3Jua03ZBQbCnFmK0qXf6TletXF3g4gwiHdA3JVKJTpyTL/5zJkzRedfv3ED1qwz/1QURb18+RIAgoOD4+Pjf/nlF18zyusK9h0gkh7pNLq5udklsw/GFiAzrLm5uT169HBzc3Nzc4uOjrZ38ZJikZnpttpmNTAYhunfv39+qresLMh6DzweLP0dhgyyOq8H78ZN4p1u7jh3d3ehVcvtL16BWjXBZJGqD6u5esfC4gVQOwgA4OQpWLUaDH2OrJcH6+0FAJCYCFevAZcLVauYoyS6C+w/DCq1hX+ApSgUkm3brTy2VGk4dBjMWLzPsuyJEyfat2//22+/AUDNmjUDA81NP8aULg1666dXrFixb5+Dw30x5oLMsI4ZM6ZDhw4ymUwmk/Xo0cP0UyFi5Ar+LQtWr5qGJEmapk+fPg03bsDQOLh8BQCKMmNFINy7j3j5Uqfx119/LToCwRDnLSrEUq4caIbzX3wBNA3p7wAA3ryB1x8zl3OuJXBv3ILkpzBthjmugwJq1oDSAfbP2c/lqgzlT6hbt+7bt2+LOLZMaZg8sUjXTWpqamxs7IwZM0aMGLFo0SJLBcr7fct8qVvC4cWLF0XLwyACmWHdtm1bnz59CIIgCCImJmb7dmuHDA7Aw13WVTd5CkmSjRo1Iq1a0B4eFnby5Enw8IRxP0BH07VJzYKqVIl1003t9/z5cwPJmYpCpYKr161acPVFJRg+FCp/AQBw9x7EjYSNmwAAEhM5ly6Tr17B3bsweWJBdr6goKBBgwYV2WtUV/uvwhKLc0aN1G821z3VoL6JRw3NR+Dt7d2uXbvjx4936dLFiu8MIZNZ9IOEQQ4yw1q/fv2CyfGUlJR69cxNuYQAd3dF2zY6bTweb8uWLdbMuV27Hnb9xqVLl+TlykKDBjYRKB/Yn7VFWmsAuHEL/P2hnOG5erNp1xa2bYGvOwLDwLzf8hu3LYuvCAAAIABJREFU7cg3uwAAULZs2ZYtWxbZU9twSH4Kyc+Kp8c0NM19mVKsHmbMguf/6bRlZ2fPmTOnZcuWb968EQgEffv2tc4zAwDixUvsVywSYw+QGdbly5c3bNhw+PDhcXFxdevWXbFiBSolRZOXJ7hwUaeNZdmUlBSLw8XkCli/oUxsrzlz5tiwxCaZlQVKpU26slniFaEQSpSA4yegYIYqLw82/1Ww/enTp+a4CEVC6NDOzlNYeXlek38uVg/e3nBMu1wXbN68OSwsLCUlZf/+/aXsU5k8IiKifv0iSjRiUOFow1qQfbVmzZpv3rwZNGjQwIEDX79+HRwc7GAlFvA+W7J1m06bSqVq2bKlBcEMd+/C6zcgEsKK5dC0SadOnUwl+rMQyYJF5IOHOo2dOnWqVauWRf2wLJy/aJvEKwAAMhlsKlzf8PAR+PCYkpyc/PffRta5Fia6Cxw+BjIji0ttAivQT7cLy5cv9zTT990tGjq0AwCWZZUffuFWrVq1fPlymySgko39gWmsG6XRunVrp37O+7xxtGEtCBCJiori8Xh169atV6+eUwexAoCAr65WvGQke/fDzDnw+jVA/nx6Xl7ejz/+aNck3+3atatpYebQpEdA0xBkq3SjYjFs3QJHDsp3/y3dsRWOHIRD+8FyQ/NFJagaCMetmYczDw+PjNUr9ZtbtmwpMGRwDRDgD+XK3bhxo1u3bn/++ScA9OnTx4bDSZbP158fu3HjxqNHujFYGCfB0Ya1Vq1aN2/efP/+/f79+zMzM7O1cLASC/D1lY7+zspj5QoAgIYhsGIZNPh4p4nF4mvXrt26dcsW+kA6Y7r+rPHly5efPbPMN3n+EjRravsM09xDR4TLi+Xqie4Ku/Y4ujrqnDlzTOUK0OLly5dxffoM7dfv66+/HjJkiM2ViNasI/XiUnbv3n3+/HmbnwtjExxtWA8cOLBly5ZevXrRNN2rV68eWjhYiQVQFKm37qVo1GpYtwG+Gw0MA6VLQeE4cIIgis4bYD6G0l/99ddfN25Yli/63AU7ZrbWwdPTs3JlA1kCDNKqBbxNhwdJ9pGSI/UZYeCHc8uWLUazW31A42R/9+5duSpVTlWs3L9jR3s8fpFv30Jens27xdgPRxvWMmXKLFq06MiRI998882xY8eOauFgJRaQ9tZryjSdNh6Pd/LkSVN3EUXBu3cwY5qxEaDGsNpkCkuycDFx/34xO3mTCi9SIMQO0yFU65ZKvcX4jRo1+uWXX8zsgc+Dzh1hl71y9rNkjlkjU20UCsWqVau6du1K03TdunUnTJniOX8OaArl2hpldBSrX8bG+bh1ByZOgXkL4N/nFhwVEhJiYgSQlpbG5/NFIlFISIiZTnmDZGRkaL5vCoUiLi7O6n7MBFlUwObNm4veyYkhSbJixYoGYhIpCrZugyfJIBLBj2PBeKG3kJCQbt26WbEo1oCYzEyi2OuTzl+Cr0LsUxpVLGb1kh+qVCozH7Q1RHaGk2fAcgNoBmLx+58nm787wzD79u2LiIg4e/bszJkzP2ZOqVnTTjWxqWpVWV/dhNaenp42nP8sPm9SYdgoOHkGdu2FuO/NzTT54sWLb7/9dt06U8uCFyxYIJPJTp06dfLkyYSEBOvklShRomzZsklJSZMmTZo7d651nZgPTnRtBmVKZ65YrtOmVqv79etnICpg7Tq4dh1ERdsnLpcbFxdnaeJBg8j7fctU/kKn0cvLy6K15PbzA3CuXOXv0Q2YOnPmzNChQ83vpExpqFunyLQEVsHlUoaigFu2bGnwiYSm6QMHDkydOnXr1q260Sy/LQTbLdIrgH/qNKHnLp8wYULv3r1tfi7zoSho1PLjv649Pua6SH8HoWEfN0V8bbSTzZs39+nTh8fjaaoc0TTdp08fnX1IkiQIwsPDY8aMGUeOHHnx4sXkyZOrV6+enJz86NGjixcvAkBCQsK9e/cAQKlUdunSpWzZstOnT9cp99m/f/8hQ4aEhYVZVF/ZOrBhtRKGYS5evPgxjpVh8kPEY3vBwt+MZcPT4d27dytXGpiPthQqMFA/H/asWbM6depkZg/SXLhzD0KLyLJkJURGJvnKBlmqorvC7n12mMKSy91XrNJvXr58uZfWo31ycvLgwYMTEhJ4PN6aNWvCw8MN5L4qU1onoNUm8K5dJ169tnm3xYQkYfrPH/8N6PtxE5cHE8Z+3DTFyPMAwzBXrlzx8vLq06fPsWPHAIDD4Zh4liUIgmEYlmXlcvn9+/cDAwNZltVxph05cmT06NEvXrzw9vbW2SSXy93d3ZOS7OSqLwSueWUGaWmeM2fDH8uM7pD1HmbNBoKA+XP1k2WYQCQSLV26NDIy0kAiQUsQ7j9ANGliMGO0mVy5BtWrgY9PcVQYhQmuTZcrW/yReWhjmL8Qbt6GBrYN31SrBVeuajdcvHhRpVKlpqaWLFmSw+HUrFlz+fLl+/bt69u3r4GS3dp0aG8Pb4W6Xl2OXhXyn376qVKlSgMHDrT56cyEJKGtVrZFlgWFHPYeAIkE+veBrmb8pt+4cePQoUN8Pp9hmIYNG3bportwXBuZTDZjxozY2FgAiIiI0HhghEJhcnJyaGjolStXNAv5WJbl8XgkSeo/bYwbN2779u3r1q178eJFeb18dbYF/YhV8/uDWoVJKJpjLMGd5ifRTQJNm8DsmaYrU+kjkUgaNWpkXaoUbXjXE4gM3exWI0eO3Llzp5k92DUegClfjrZFcCyHA5H2KOAqEMiiI7Ubvv/++8GDB0+ZMmXYsGGDBw/euHGjUqk8duzYmDFj3PRyMhTC07PYy4ENoGrXltVLhUXTtFPliScIGBUHR/bCvr8huqtZh6xYsSIzM1OlUlEUFRoampaWZtAVMGLECIFA0KhRo5CQEE3u2oJnhfLly+/evbtMmTIFKSjbt28/c+ZMf3//R48ecbWCf0+fPh0dHe3m5jZixIiffvrJ3pcO2Yi1adOmly5dYlm2UaNGr169WrRoUUxMDCoxReBbQvrdSJ0nbQ6HMzA2ljtjFvTqCbVrQaR5XyU9IiIijh07VkxnmSq0KddPN3Oo5qHJnMPVarh8Ff7XvzgSTEEmP+VmZEDLFtqNjRs3rmb5sosuHSGyF2RkQgkbDq4FAlmXziamgYYNG+ZhRuWxfP59DitXwdzZlv7KmoDz7BlRqpSJiVDnwaLJz/Xr1xe8LqiFruMK8Pf31/kaV6hQoUKF/HoKJEkePFio6qRQKDx69ChN0yNHjtRe9lZQnYgkyU2bNlmg0iqQjVg1s3sPHz6sV6/e06dPJ0+2YFrW0QgE6hrVddq4XO7EEiW5FSqYmVrUGGFhYRpXUXE6UbZry1paW1uL23fB2xsq2u3ZiEx6xC38rA0AHh4eViz3LFkSmjSC/YdsIywflUo/F4Q2RdQR0KFcWfjvBTzWLapaHITb/yYSixtO95nAsixBEG5ubsHBwRb8HNoaZIbV09OToqiLFy926tRJIBBYukbIoWS9l6xdr/0WrlylafpYtSr0/waAmasejVCyZMnJkydbduvqwb1/n3hvfbnQ8xehRagNB1i6sKVL0Xr+3zt37ixevNiK3qK7QPw+q4stGEKhcF+9VruhWM+JXC7MngmVKhZPUyEYb2/9oWDfvn3NLb77OUEQhMa7aFHMic1BZliHDBkyZMiQefPmtWjRAgB0AkKfPHkSGRnZs2fPbds+Zj/Zu3dvz549N27caMO8UOZAJD8VnjsHCgUAQEoKDB0Od+5QFBU3YoRabYPs9m/fvi3m+gjRth2EXkz2sGHDmjUrOmE1y8L5S9Dcnguu6Hp11e10TUBaWpp1MYkh9YHHg8vXbKFMA4ejrlZVu6FGjRoVKlRo0aJFREREmzZtuBaWIIMvKgGfb8PwBfmwIUyIbobJ6tWr23sGBmM1yHysM2bMePDgwdSpUyUSCQAcP14oSKVKlSp79uxhGGbFihVZWVne3t4ZGRnp6elbt27dvXv3ixcvCpwsdodlid27gWFh29/Q/1soXRp+ngy1gmyVpg8ApFLpxIkTw8LCrI5ppQMCCL0RjZmprZKfgkwOwZalwbIM4n02KcuzKF7CBCQJUZ1h9x7bBYdJJNmTJ2qvON6yZUtx+1yxEqpUAUM1Cq2BYfTN9P79+0uUKNG0qa1ykWFsCTLDmpyc3L179wcPHmiGn3369HmpV1yEJElPT09N6raUlJSWLVuSJNmsWbOHDx/qGFa1Wm2TTFEqFckwXIXiY9g/ee06X+Pe2rlTXaki3aghBFYGhUKTHU4T1VxMSpcu7ePjc+HChSZNmhS5M8sKlEqVQlHoNpMNH8rn8+nCYnbt2hUYGPjll1+a7vDUWW7jhoRabZPBN1AUlyBAoSi87Obced6zZ4ofRmu3qdVqhmGsu4ARYcTKtYLn/ykD/C0bFapUJMvyFIpCP4osTZOZmQo3NwB48uTJtm3bfv75Z4IgBgwYsHDhQi+rVqlyypfnHD6iCrXY6rGsQKVSKxSFfBHiOfPosNaKFs21Gy9evFipUiWb5NAiCMLcPF4Y80BmWIcPH37q1KmCZ5m0tDSdHViWPXz4cGRkpMZLUPD4r/Gh6OxM07RNDANFcQC4H7tSqyXrNhQIIi5cUNev+2GLWiQSqdVqY7XgLaJly5anTp0KCQkxY18BRVFqdWEnoFxBa10iDRcuXGAYJigoyHR3Fy7zYrur1GobrKwFAIYhGQZ0PgsOl0MIBDqN/v7+zZs3t+5TE4ugWRNy7wFiYF/LCpao1STLcnVPmpPjM3qMdMdWpVL5448/tm/fXrPO+O7duzKZTPNEZSnUVw2JwMqM5X8dy/IpilKrC40SOAAMw9CFe2MYxlZfe5IksWG1LcgM65UrVwqi4lmW1TFPNE1v27YtKiqqYDV02bJlDx48GBgYePny5bp16+r0JhQKra57oY1YDCQJH1e87dwFWvXauJevuEd2hVpBAODu7v7PP/8U/4waOnfuvH//fnNW2hEESCQSnR3piZPZPt9wv2qo3cjlcoVCoek+09Ph+X/QqoVIbKM6ynw+8Hjg7l4oNlvesYOKonSUhISEmPdDYphe3WHcZIgbwrfIfSKRFP58AQCAoWkAcHd3X7JkiY+PT1xcXMG30c3Nzcrlj+7u4OsLLGvpnCBJglgs1jlnTtxwgZenTiuPxxMIBA5YnYn5P3v3HdbU2QUA/NwsCFOGKKCiUkRcuBVERQW1Wge4d3F97i1qW7XWXffWarVa90LrXoCKW1GpFRBUXKBsgUD2/f6IpeEmgYTccJN4fk+f7wk3N/eehM/DzXvf95xyYCyxBgYGFre6e/r0aUhIiRnaCQkJR48ePXHiBABs3brV1dXV2dnZxsamf//+Xbt2rbgBVjc3mDldnvuZvHiRPXAAABjo3rmvr6+vL7WgagW4cQuaNwW6sqpOMjMz9ekc0bA+OFaC6zchqKPeodjaZu7eKU5NPXPmTEREBC1fQQAA0jPgpwWwdVOZPVzLRFayV50V4OPjo+eCPWQ4jCXWbdu2hYSESCSSUaNGnT59mlLyuX79+n/99RflJX379u3bt28FxgjQxh8ASJkst0N7J6cS5YVEIlFAQMDNmzdpuVIGgMzMzA8fPpQvvRb8MJevMhTYsGFDNze30l94PQYCte90XV6cS5c5r15DyTHWR48e7du378CBA5peVTqCgD4hcOI0HYmVIIDDcXN2vnbtmvIX//Hjx+tVPqqyMxAEPHgIKl1VdGV54BCrZXNK68nhw4freVhkOIxNt6pevXpUVNTTp08nTpyYmppq1BNH5HKisFB1c05ODo0niYuLK/cqCdLKSvWyaNy4cQEBpc2iKiyER7HQtuwbZnqTSGmcRFHs22B4Hq/aHVVnZH4+e8JkgUBAGU6dNGlSGQtYS0cQsOAn5bYR5cZ+8wZyqS02Pn36VI725gZ34ya8eWu4w3/48OHcOZ3Xh7x9+1ZR5KXCMFkrgM1mN2rUyAR6XqV9dJg529An8ff3f/Pmzfv35enDbLVtB5FAbX/04cOH3FJXDdx9AJ6eUJm6FJZ+srZtxAPoX69sbQ1dO8NJ6hcbnZ05fdo+L0/1juhff/2lbxULdzfgcvWf0Crq1lW1vfn69esVY2VGRCiEnb/Dbzu1fMuKItY8Hs/f3z9LpdiF8j4WFhYdO3b8/PmzajkrbZTvVfpgLLFWqVLFsSSmIjESlpaWbdu2LV+zFvaHD4RKCli2bBlldjBFhTViIe3t5YbJ3316wdnzel0Nv379eum6dc/6hqpenM6bN0+nUtzq7f0Tjh7X8xjSxo1JUygUAMdOQGYmxD6Ge/e1fMWaNWvEYvGuXbtKqZ+5Zs0aoVA4bty48+fP0xSowTGWWD9+/JiVlaWY9r9lyxZaypIaimvVnFUrKds4HM7atWtpKVNdrEuXLqmp5Sm7WdS/H1lTtxt6MhnE3DHsgqti7EexvIvUL2JdunQp9wBrsTpeUNMDrkSW8+UkSc6ZM2fIiBFuvUsrWKeX+vXg8mU9L1q5t24TKrO8mSeXw9jxMHY8KIrt/jAfDh3+8tTadTBmHKxaAwDwzz8wV+MYl2IyJZfLVUxvUFvdasqUKRwOZ9WqVcpLeDMzM3k8np2d3axZswBAKpWOHz/exsZGUddRKpVOmDDBxsamS5cuir+OUVFRnp6ewcHBhYWFACAWiwcPHmxjYzN58mRDVLpiLLES/2Kz2QMHDpw6dSpTkZSNxSJVLmfYbHbPnj1pu4MMAAC9evUq3zCrtFFD0sFBp5c8/RusreAbatsBgyDSPrKSXxro4KG94MSpcr6WIIhFixZNCBtpvU/vpVaaNG0Ci3/RczIJ7/oNQv+xZENwqQwulb80pPn48b+/H/kFAOSXYSY+H6q4aDrApEmTOBxOo0aNFMVY1Ra63rhxo0wme/DggfL3WkUhwfz8/DVr1uTl5V24cKFr1675+fnx8fEAcPHixW3btgkEgsuXLyu+t7FYrKSkpJUrVx48eBAALly4MGLEiLy8vCZNmjx69IjGj0SB+XqsAPDx40edmohUtPQMu+XUK1apVLp27VpaOlYpKygo+KB7sX2Lq9eI1DSdXmLowivK5D7eUpU74zdu3Jg2bZra/XUS3BHevoNE3YtJJScnFxYW+vj4cEg5/+o11R2cnZ31LI4DAMBigZurnjVjpD51obIzZeO8efOYbc0CLBYs+QWW/AKVK8PrFJDLoUqV//7jcKFfHwCA2rVhusbLpo0bN0ql0k+fPpUyyUFNZzmAq1evLlmyRCKRjB49miRJuVzO4/GKf1+KvmSKypl9+vQBAC6XSxCEoqg2AJAkyePxWCyWpaWlIYZfGUusPj4+Xl5eXl5etWvXbtmypf7fCg1IIuG8pd7olMlkW7dupT2xHj16dNmyZbq+ihd9nVBZurZs2TJNrVlIEq7HVNA4AADIPT2lzahF/4uKijLK0VRchYUFfPetzhet+fn5o0aNunbtGgAAl1fUOVh1n+vXr1emZWhYIIDhYfr0rxaF9JbXpRautLOzM6JmgrVqwh+/l/hv22bQYtGa4mu+t7f35MmTQcNQgFoBAQFhYWHFt767det2+PBhCwsLxVBAt27dzp07Z2Njw+Pxnj9/DgAFBQU1atSYMGGCogfBt99+u3nzZj6fHx0d3bw5tcANDUiGSJQwFYOq+4/IwWHUjdL8/LyLlygbhUKhp6dnUVERvQG8efOmQYMGpRy2S0/y1WvqxqLde8QvkrQ/y6vXZGAX0hAf/PrN5JYd1I3ChATB7duUjRcvXhw8eDAtJ015Q7YLJgsKyt4z4QXZoy9JkuSMGTMmTpyouKKRyWQZGRm0RKLR3B/Ic+e12bHfEPJJHHVj3vPnooxMysZt27adOnWKlugQ7Ri7YuUoYSoGbfH5YjpmI2qjRo0a1atXv337tk6vEob0Jj2oE4FXr1795YpMxfUYaOOn/4IgbbHinnGjbxju+B41oL4PXNC6id9ff/119+7dJUuWfPnmKJHw1LVWbdasWbrSgma9zJwO6i6KtcT/Yx/x5All45s3b2gLD9GtohOrtbU1T4MKjkQHeXn8U9RGSwRBtGjRQu3oj56Cg4OfqPwrKh371SvVHnavX7/WNDfQ0AVYKUhnJ7lKJ6j69evT2AivTwgcP6XtvfcaNWqsX7/+v7JVRUV26zeq7kZL6bIvnJ2Bw4HyFmAj+fyK+zOI6FDRvy2BHiNNjMkv4F+6DKNGKm/j8XjKRbhpNGXKFF0nG1jt/oMcNhScncreFSA7GxITwV/fZZY6kLVuJZVKKdWTqlWrVk27JuHaaB8Aq9ZB3DPwbVjabnK5nCQJailFFkvq7m7wfwknIuDTJ5hQnrL2hdOn0rVyGlUMo5gVYOysrERtqAs/SZJMS0szxAw4Npstk8kKCgq0f4nc3p7UekbtzdvQ2BdsylMMr5yIwkJCZUXmq1evVMtBlBuHA717wPGybmGdOHFCzUJkG5vc5UvoikSjJo0hKhrou9sZFBTUtCm9fcARbRj7fiGRSPbv3//gwQPy3+9v27ZtYyqYMjhUEgwdQrlgEIvFbdu2ffbsmSEuJVasWMHlcsPDw7XcXzB7puoN4u7du6stA1aR8wEU2JHR7ORkmDdHeWNSUtKRI0d69uxJ11l694C+QyB3ClSyV79DXFzc8ePH3TxCqE+QJKGuqummTZvo7EZXuxZsKWelK6s166BDIHQIVN7YqRNN7QmQATB2xRoeHs7hcHbs2DFp0qSCggJGiuZpSyTiJr6oyBO2b9/+6tWreh6kW7duqlWuhUK4/xDamWM7j6pVoGVzOKNh0WNhYeGMGTNGjBih5mZpfr7TqLGqL+nYsSPNfzVdKpfvipUQiVTHZ2NjY5OS6OwFi2jEWGLdu3fv4MGD2Wx2vXr1du3atXnzZqYiKVtmlu36DYqHp0+fDgsLCwsLGzt2rIODA0EQubm5YWFhp06Vd/WPOq1atUpPT3/5UtvVSjbzf2Y9eUrZePfu3devX1M23n8INaqDa8WuO5d+1004aUIFnKiUBq5paWn+/v7ffvut9kdbuXIlDbUClEml8P0oSNNtKQcAFIV9L29MvfI4duxYdHQ0PYEhujGWWAsKCthstpeXl0Ag4HA4qinAiLDZMocva+nq1q0bGhoaGhrat2/fdevWWVhYWFpahoaGKqYl04XL5QYGBt64oe0UJYJU02zuzz//VG2Dej2mggqvlMnOzq5WrVr0HtOvFchkcP+hmqc8PT1/+eUX9SupbG2zN65T3bxv3z59q1tRcDjQ2BeionV9ndy1Kl2tGFHFYGyMtXr16gAwZ86c7t278/n8KVOmMBVJ2apW+bxsseKOu7e3t7e3t/KTlpaWmhY46WPRokXad90QTJtq6VL2GiG5HG7egg2r9YtMd+xrUew3KTCxxEWrn5+fnx9dfVa/+NLA9TS0VmpSk56ePmXKlN27d2tcp0QQ8nJ1DCyPsaNB9+VSFiciWE2bgMpFKzJaDFyxpqWlAYDie+7w4cMPHjy4ZcuWcqzjpF1iEuzcA69TYPc+oKVlqT7s7e0JgtCy9azc2Um1dYeqf54Dhwt16+gdnI6IoiJCZZqtRCIxxNy7nt3hzj0oXisrl8vDw8O9vb1LW/0pENgvXkp7JOrZ2QGHA2LdeiByEhMhM5Oy0dbW1oiWtBqliq9vXYyBxNq9e3d/f/8zZ84oOki7u7t7enrSUO1CPyQJi5fD4ycgkcC2nRB5Xem5D6kO4ydVfEhz5sw5flyrUp78vX8SKuWj7O3tKfdersdA+zb0F16Ry+GHn7/8d/cBxNz98vjHn7/sIGvVUtyTelEfGRk5dqyaW0Z6cnSEdgFw6uyXH/fu3ZuWljZ37tzSXiOTcZOSVTe3bdvWIOtWLl+Flat0eoW4QyBZqyZl4w8//MBwEZaSXr58GaNEy1Vh9+/f9/f3d3Z23rFjhz77qKVYXaq8RdcGBOVrWACMDAXExsa+efPmjz/+CAsLGzx48Lhx43x8fBhPrOkZJSokRd+ELkH//UhAhZYfV/D19b169eqAAQPK3JOTlES2bkXZqPol4EYMTJ9MW3jKmjamPgCA4t8oWdlZ7lBR37UB+vaGn36BkcOBJKXHjh1bt25dGbXTLC3z/zdGddjFUDWCmzeFrdtAINCmRomCxK812+gXCFA6mC1btqx///6lvyQrK2v+/Pnnz5+3s7OLiooqKChQLTeuzT7ac3d3d3d3L3O3Dx8+PHnypHv37lrurwaDdQqkUmlMTEzfvn1r1aq1c+dOBiMhSVIuJ4eOJJsHfPnv3MX/npIKhTnPn1d8SGlpafXq1RMIBMob1RZhKbhwUfz+Q+lHe/uObBdMisR0Rqgl4d17RafPUDbSWISFQi4n+w0ho26QJElKpVLlp4qLsCjTVITl5cuXhqoQlJur6Rm1RVgKIqNEr1MoG+fPn797927aQ9OeTCZbqWTatGmeSsLCwo4dO0aS5Nu3b3/77Te1Rzh27JhiJnsxqVQ6dOjQ0vcRiUSDBg2ytraeNGmSTCZ78+bNjz/+6OXlFRYWFhMT4+Li8ssvvyj2TElJCQ8Pr127dlBQkOLf0fv378+ePfvmzZuffvrJy8urU6dOil9xRkaGotj2zJkzSZLs168fi8VycXFR7K/2pJQjUDDc86pNmzYrV65s2LDhxIkTGYwEAAgCfpoLTRoDhwtVq8DTOKXnOByZi8ZKvYZTtWrVOnXq3Lx5s8w9Ja1bkSr1OqdOnao8knA9BvxaAY/OjgfaYr19x/7nnwo7HUFAaG9YvXpXcnKyVouDRSKrCDWz5Xr06GGobn329iASad9WwOLiJSKZOlghkUhor1qpE7lcfkgJ5bO6f/9+REQEACQnJx89elTtEUiSpFTbUC10rboPpUY1SZISiSQhIaFZs2bv3r1LS0tLSUkp/mQo9a2LE5/iJePHj//nn3/4BdY8AAAgAElEQVRApWz26tWrT548+enTJ8XOpZy0+AgUTE63OnDgQP369UePHj1x4kSdVnAaiLcXjAmD2jXhj9/g5h04WVx3JSvLdiMz02zXr1/fvn37Mnfj3bpNqAxpSaVS5RW3Nyp8wVUxuWdtadMmlI2tW7devHixgc7oaHfzRcL2/ALtvjOKRFYR1CI7hkWSMHkqxCdoubusZk2osHkLWuNwOI+V1KxZU/nZBQsWKEYGOnTooKmTW2Bg4IIFCwoKCkiSjImJUZsEVPchVWpUd+jQgcVieXt7t2zZksVi+fj4FN/1pdS3Vj4si8WqW7euolMLpWw2m82mzLRTPSnlCBQMJNa7d+8OGDDAy8srKysrOjo6MjKyc+fO9DaP0pOTI6xZBhu3wWPFpHuhiBsfz0gkHh4e2iz+sbhwkfhQWrOs3M/w7DkE0Dy7SVtyn7pSf+q57e3ta9c2SGeY7OzshQvD2wUuvnlbu4UQXK5qLQjDIgho3RquXy97TwAAEA4eKG/YwKAR6a9OnTqBStzc3Mp8SeXKlcPDwwMDAytVqhQbG2tjY6Na6Fp1H51qVFPqW2tCKZtdpUqVlStXVqlSpXgHnQtjlz2UQrexY8fGxsYqagwbG+VC1xcukZ17kGkfSennz/knTjIV0pQpU+7du1f8o9oxVuHmreL4eMrGCRMmHDlyRPH47AVy7CTDxViGouSXgtjHlI1PnjzZsGGDIU73448/zp49+5/nZKfu1DFlncZY69WrV/xlkH6FhWorjasvdP06RZiTQ9n4/PnzlBTqwCsyEgzMCtB1zgRTunaGF8kw+wfYvtFa1L5d+e9E6sfFxeXy5cstW7YsZZ+iIYNUpzSOGzfOyelLIUEGxwEAgB37mJ2cDE1KFOv7+PHjvXv3DHG62bNnczgca2twqwqRUdC1c1kvkEq5L5LAmTpIfe3ateIPkH6KiQpFRaBFtzf+tu1kcBAElai6Qu9iP0QvLBtYmknjwMEB1q0otLisb0mUcgsKCrp69SpZ6o0OVtpHUFl82bBhQ8XXMbEY7txjciUraWdL0tI8qiwpKSmJiYn29vbW1tYAENobTmgzdlpYaL9EzfqUqlWr0tuFl+ruPZj3U7lfffbs2Tt37tAYDqIRJtbSsFiwZCGkJeZzDkcwFUPz5s0LCgoSExNL2cd6y1ZWAnWHY8eOxcbGAsDDWKhaFaqVazYeLWTt2ooG9DP0WaRS6fTp05VX2nQJguSXkPyqzJcScnWlBkeMGKGmeCuNmjSGDx9ApQukKsEPc+VtqX8Yb9269ezZM8NEhvSFibUMdrYwey73hqjlLYYuDths9rZt20q/FUByeaDSJCY6Ojo5ORkUC67aGjDCskkkhEhE2VatWrWOHTvSeJINGzaw2WzleXt8S+jWVWl2hyZ2ttkb16tufvjwocSgS5stLGDvblC6Q4LMBmOJ9fnz502aNOHz+Tb/YiqSMlX3dZROGzP/F3hD7YFdQVq0aFF6xeWChT/JfRupfUpReIXZAqycS1csdv5O2Uhvz6sHDx7s379/3bp1lC/vfXrB+UtQSGuNKjpZWYFQWGaRVv6WbawH6mp2IWPFWGLt37//wYMHi4qKCv7FVCRlk0j8q74aNhhmzIV8JsIkSXLKlCmpqaVNqNIk8QXI5FDf+O5zZGVl0fhN1svLa9u2bYqSacpq14I630AZI+R5eWoLXVeQHxfAnbul78L6/BlUOhvWrVtX9f0iI8FYYs3NzaXU3zNe6Rn2y5Z/PxTqfAPzf1FfR9mgCIIQCoWaelkDgM3ylay/qUlKcfPqegy081cdJ6hQ0s5BotHUi9OHDx8uX76cluOnpaVVqlSpdWv1/RH79IbjEWWsclLbmuV///tfRZSPahcAt8rodi4cNJBUmcc6YsSIrl27GiwspBfG/sFt3rz5xIkTpd/sNhYEQVpYEAQs+AEyMmHbTgZCUMwN0PQsIRCofp0cN25cQEAAsxOtvuDxSEuLsncrl9OnTw8dOrSU+ood2kN6BjwvZZWTtXXOMjXNBKdMmVIRI1TfdoXZM0vfRVarJqmy8io9PT03N9dgYSG9MJZYhwwZ0r9/fxaLxfsXU5GUzc01Z/1aAOBbwuplcPosXKrwyVcdO3a8f/9+Xl6e2mcL/zdGXseLsjE1NfVF0ud3H6BFM8PHVyr2zRiLo8cMceT3798vWrRo6dKlpcyL4nGhZ3c4Xsq0DjZbpm7OxLlz52juIKAWjwdsNqjUq1VmceEioVLYcN26dceOGeRTRfpjLLEWF20S/4upSHTiWhVWLIblqyGhQrsLgrOz89KlSzVd4MuqV1etQbd06dKduy61aq5NCWzDIj7nEekZZe+nI5lMNmvWrAEDBmgaBCgW0hOuRmnOXYWFdus2qG4ODw+nueeVJvEJMHmqWEz+eQg+pMKePyHlTYnnOY+fEB8/VkQkiCY43UoLHz9WmvVf6+amjWHSOJg5FwxU+UiT0NBQe3v1nZ0tjx4nKP8WAQDgRZIRjAMAyJo2lnQJpmzs3Lnz/v379TmsUChs0qTJ9OnTy9zT3Q2a+MK5Cxqelkp5j5/oE4m+6noDm/3g8MuNW0EsgVt3YFnJQtiS1q1IBuchI90x1vNKIpHs379fUWlRsWXbtm1MBVMGmZwlKDEboE8veJEEc+bD1vVQYdVjxGLx4sWLSfIXpRLSX3Dj4kiV6VZSKbz7AAEVW11ELdLNTbXuop6lzWUymbW19Zw5c8reFQAA+vSGTdsoq2r/ZWkpGDJY26LTehMKISsbsrIhK+vLg8wsIs95y/1D/42GPX4KOblQXBxc3LEDzY24kYExlljDw8ObNm26Y8eOuLi4FStWtGljxK3uKzvnhc9WvlYkCJg9DcZPhdUbYN6sCoqCx+Pdv39fwpIAUMejRZ06clVaWmdlg2sVcHSooPBKwUpI4KRnQJcSi/Zv3rwZERGxdu3achywsLCwf//+a9eurVNH2wZeAX7w61qIV7t+jccr6hKsmlgdHR3Lkf3lcsjJ/ZI0M7P+faCURhWtA5wcwdkJnJzAyRHc3cC3Ia9aVeHxCCgESwCo7wPKLRc4CQmEezXK4rm5c+dyOIz9+0WlY+wXs3fv3tWrV48aNapevXq7du1q1qzZuHHjmAqmDDyetFZNyjYuF35dAsNGw4lT0Kd3BQUSFBR0+qJYNbGKOwRyVCYG1fxmaV1vQ92L1wkr+RUrOZmSWAsLCz9psZpTrSVLlri6unp5Ue/XlYLNhpCecC1a3XNiMf/KVRg0kLJZbYlxkoTCQsjMolxy/ve/ubnAYoGT45ekqUigHh7g7Phlo6OD+lFv2d3VjVs3mv2gZ8P6MKNkz2KLk6fI4CBKYtU0LoSMAWOJtaCggM1me3l5CQQCPp//+vVrpiIpW06O9e97YM5symZHR1i9HMZPhdq1oEmFdCYOCgo6elokl1tRBse5sY+Jej5Q9b+LVokEHj6uNMk4/lTJq1cjebQNmVy+fPnatWvnz5/X9XLSryXs/APYBBw6Cn16Ay/yEsTcgpYtIbCd5ZWr8M9zcHKE6dMkEsjOKZk0syBT6cu7SAT29v9ecjqCkxN41oZWzb9kUmcnsLUtT8dGdnCHthcu1qjWc9I48Ck5w1tetSqhMvFrx44drq6uPXv21PlMyPAYS6yKRSNz5szp3r07n8+fMmVKmS9hTGGRxaNHap/x8YZ5s2DOT7B3J6h8F6efr6+vpWWRWCwGKHHNY3kygrS2Vk6sj5+CWLDmZXKTmh50rscvH7lvI6lUStcYYWRk5MqVK8tR0G/nHyCXgRxg7SYoLIJWjt9IXSzT3rgl7rMtqLzELTUxI4l/uTvk5YGFBTg7QWJci+Bu59zdXZycwNsbnBzB2RGcnMChkmEG1v1ag19rGKHmmaKR36uOsaakpLCYXfiBNGMssb58+RIAhg8f3qlTJ6FQaKBi8vSwsy3q0UPTEpwuQZCUDLN+gF1bgW/gGwwsFsva2lr1i6TMw4MoOd3qRgzY2rzKyjKKJY9EZharIB9K1g+tV6/eyJEjy3G0FStWlONVAgHcVlo4+vteiKrp6eTk6eQIjo6kaz3bGtXbN3GCwU7g5Ah8PhAE1K9f+NMcqLhuZ4qpuDIZAHVOLiEUAYcDFkYxsIO0weTgN0mSeXl55ewuW5FsbYu6dS1lbeOEsZD0En5ZDst+Ls93QJ2QJHn8+InZs/oqbywcM0p58SVJwvUYcDZYjWZdse/eYycnUxJr9erVdV3qfuDAAQcHh27dupUjBmtraNQAnv795ceJ/4Mh/7YVl8vJ7OwiZ+cKmxegWWoapMlBXJkyjG61dp1qoWtkzBj7KpGUlNSgQYNK/y7UM+pyEgKBxe3SigYqyra+SIK9es3L1Nb+/fvfvCkxa5XI/QxKKyySX0KREOxLq4dVoUi+JWlrS9n4+vXrM2fOaH+QhISEX3/9tVatWuUOY+ZU8G0ELBb0C4Ve35X7MIbk5gpcLqSkaLNvx44dmzShtmhERoKxxDphwoRr164V9xAs9w3iipD72frPMlKmrQ2sWQ77DsLNMupp6IsgiObNm1PqBtisXsP653nxj9djoK0/dOv2bb169QwbjXZknTqKRgyjbHzx4sXhw4e1PIJQKJwxY8bkyZP16Ufi4w2zp0EVFwifDjZaXJ5u2LCh9GqNBuFSGVTmkBVOnypv3YqyMTg4WKuudogJjCXWO3fuFDdBJEnSsD0w9GTBk3zzTZl71fSAXxbAwsXwWs0aKDr5+fmVUpAFFB2u2sB3333XoIGxt/bU0qlTp5ycnMo3JltuQUFBDEzLJwgQiSjLb0k+X/V+2ePHj5OSkiowMqQDxhJrYGBg9r9rQp8+fRoSEsJUJGVzds6fWfa6SQAI8IPhQ2Cmgcu2tmzZ0sPDQ7lPev7PC+SNv0z4Ss+Al6+hVUu4f/9+inZfKg2Nc/a85eat+hxhwIAB27dvr+Cb4L/++msF1Qqg+OssHD+uvIG/Zy9LZdHt0aNHo6OjKy4qpAvGEuu2bdtCQkIkEsmoUaOCgoLKd6u3gkilLK17H40YAj7e8OPPBizbamtru2LFihJZhsMpvmt24xa0aAZWfNi7d+/9+/cNFYTebG1tPTw8ytwtOzv7xIkTBEFYq1SZMbS9e/dWRHUrVS2aw5M45QqyrLQ0MOZK8EgFY4m1evXqUVFRT58+nThxYmpqao0aNZiKpGyf0iv9oG03TYKA+XMhOxu2GLLJd05OzpUrV4p/tN6wiXger3isGAcwKrKOgaKhQygb/f39ly1T0xtVGUmS8+bNM+Y/DwbhUQPWr1GeXyIK6U3WrctgREhXDEy3iomJoZS/U/SXb9uW2Y53tLG0hNXLYcQY8PLUoql9uQgEghkzZty/f5/P5wMAKyODFIkAoLAQHsXC/LkGOWm5kVZWpEq9XalUKhaLSy/Rf+TIkRcvXpw9e9aQ0RkfggACIDUN3FwVG6Q+dTkqo702NjaK3z4yQgwk1o4dO/bq1auuyl9gfRKrVCqV0/HdWyplkSRbLC7RqENe2VmwaYOtLhVjHR1g8QIi/Ceum6ukrjedXRJIkiuRSN3dXDw8PK5fv65odCoaOoTjUUMuFt+8zfL0ZNvbScRisLGxYbPZxlDolrhzl/shVVyyA/aVK1f279+/d+9eTa9KTU1dsWLFzp07uVwuXe9CIiFIkkP9/crlAKB6Cj8/P7XbDUrx+xVn5fHGT5Ts2EY6OgAANypa7uUl9ipxB3X27Nl0hUcQBLfCqrR9HRhIrFeuXFm+fHlubu7kyZO1r05UOoIg9CxDRzlaiR9ZLOBwdD1+E1+YOFY2dwFn93apkyNdoX15pwQBnTp1ioyM7NSpEwBIveuwLSwIgoi5zQrwkytCXbJETbsRRhAZmaz37ylrJ4jid6KBm5vb7t27GzZsSGckBAGqv191G4G5OpYEQRD2dvKWLVjx8fKANgDAu3NXZmVFqDSJoPGMBjryV4uBxNq+ffv27dt/+vTp999/P3v27MyZM/v06aPnMdlsNi0TthQ3gSh/vWWpqfbLVnA2b9T1aP1C4eVr+PFn7raNwKPvgoDD4XC50LVr199//10RquW58xx/P5ZH7dv3YMdQ4HKNa+6ayLeRpHo1q5KfKpvNLuVC6dmzZ/Xr12/atCm9kaj9/SquWFUjSUlJqV69egVPBCSIL79f+GEuEITi3MLGvixXV0qECxcurFmzZlhYWEWGh7TE2M2rKlWqzJgxY/jw4aNHj2YqBm1JZez09PK9dOYUYLNh1doyuoSWg4+Pz+rVqxWPeXfvERmZT/8Gayvw/Hdp0rRp046XnLXDFLlHDZlKk9FSPHjwYNiwYRkZ9Hdz0Un37t2zsrIYOz1BgEAAWVkAIOr2LalyuSoWi6UqHSSRkWAmsSYnJ0+fPv27776rU6dOZmYmIzHowMkxf8L48r2Uy4UVi+HuAzhxit6YAADy8vKePXsGAGI/P7Jy5Rsx0D7gvy/cEomElnFn/bFevuLEPqZsbNWq1S+//KK6c15e3owZMxYsWOBSceVPjNXJCNj9BwCwU1IIbMhqUhhIrC1atFiwYMHw4cPPnj3bpk0bqVQqEolEIlHFR6ItS0uJLhdcFI4OsHo5bN4Bj6i5RV9///331KlTSZIUdf9W7u5+PQbaGeXEClZ8Akel2EKlSpU8PT0pG0mSXLBgQZMmTXr3rqji4cYsOBiSkkEutzx4mPj7GdPRIB0wMMb68ePH9+/fR0VFUbanpaVVfDBayc21OnwEJk4o9wG8veDH2TB3PuzbRWfZ1latWmVnZ798+bJqZuZ7nufnz5WbUBtfGQWyahVS5dr56dOnN27cmDx5MmV7y5Ytu3fvjrdTAACqVoEdW4EgyEqVVLsODBs2rPTJaohBDCTWd+/eVfxJ9SIotLx+Q5/ECgDBneDFS5g5F37fTlvZVg6H06FDhytXroz9Jz652vA2fpWVeyCNHTvW2dmZnjPpR9a8mVQqpRQT/fjx4927d5UTa2FhIZ/PHzx4cAWHp8mVK1fKUU6bfq9TikZ+b1GpEmWzkVTYQWphBXIt2FgLO9FQCnP8aKjiAouW0nkjKzg4OCUlRe7i8iiBT1lw5evrayS1bom8PFZZI+kymSwsLOyvv/6qmJC04ebmxnxtIIkEwudabdjEehpHeebcuXN3795V+yLEOEysWrC3L+wbqv9hWCxYvBCSX8GeP/U/2Bddu3ZduXLl++FTzr2t79e6xFPHjx9/8oRauYMR7BsxvMNHS99n+/btRUVF5StibSDff/99jtY1IgyFx4OmTTmPn3A2bQaZTPmZmJiYv//+W9PrELMwsWqhSMh9+pSWI9lYw5rlcOAw3Iih5XhAEIRYLL568WOTRlJKjdGoqKgXL17Qcxo9cTmqVe/c3d3bt2+vePz06dOdO3euW7fOqNb/PHjwQCKRlL2fQZEkpKUBAJGZBecvMBwM0pqxJFYjmRikXna27fbf6DqYRw1YvAB+XgqvU+g54IkTJ9qcDO/rYRQXp2pJu3QW/m8MZWODBg3Gjh2rePzy5ct58+apThJAcPUaFBdd3befUqcVGS1jSawMVBTWHpcjc3Oj8Xj+rSFsOMycR88/k4CATlKJwLN2IQ3HqkDZ2dnPn3/pehAaGjpgwIDS9/8aFRbCnj/++7GgAA4cKP6pTp06Rt3Q6OtmLInVqLm4fJ7/I72HHDoQ6vvAjz9Txs3K49Ubl8l5tk/l1DVC9evXd3V11ffodOBcvmK5azdl44MHD5YuXXrp0qXFixczElWZxowZw/B8pg8foEsXGDhA5l1HHtgeBg4AWzv4d7VVWFhY165dmQwPacZkl1aTQZIE3esXCAJ+mgOjJ8Dm7TB1ol6HuhEDNRp0uBcb+13JLgwTJug1P4xOYgkIhcU/xcTEjBw5kiRJkiTv3bvn6+vLYGilmDZtGsMReHmBlxcAkM+fy5s1ZZXs0pqRkcHlciupTMNCxoCBK9Z8dYx6jDU1zWHaDNqPamEBq5fD+Utw/lL5DyKXw81bsNpduEDlq/THjx/z8vL0CpEmsgB/cb8SdXbkcnlxTV5HR/pqf9HqwoULQqW/BwwSdelMqgxAr1279tixY4zEg8rEwBVrvXr1VItHVK5cueIjYVwVF1i5BKbOhpo1oF652o8+ew4cLjh9fkcWCIqKipQrHy9evLh9+/b9+/enLdzyIitVktvYFP9oKqVDZs2aFRUVZQyj/9JmTVULXSNjZiwrr4x3PSsAVK2Su2K5g2GO3bgRTJ8Es36AfbvAWfdlPjdioH0bEDXrczA6OvXSxYULFxogRn2xHz8mUtMkvXpGRkaePHkSZ1/qinv3HvGNJ+CsCdPB8M0rsVh87ty5Nm3adOnShdlISsNmy+0N2F++dw9o3xbCfwKx7pMmFYVXJI1967dre/XqVZL26oR0ID6kFT1+4ufnt3HjxpYtW/7444+skpgO0NjxIqMIumbnoQrBzM0rkiQTEhK2b99+8uTJ9+/fp6SkaNOwkzEZmXbrN8CKMjrf6WPmFJg4HX5dCz+Gg/blR96+g/R0aNYEpGeimjZuLBQK4+PjjWcJeXp6+unTp+Pi4laNHsNzdNg3ZJCPj4+iukr37t1jYmIiIiLWrFnDdJga2dvbMx3CF1LvOmxnZwDIz8+fOPHLvU6pVDp8+HAA2LhxY3x8PFP9DpBaDCTWPXv2rFy5skOHDuPHj1+/fr2FhYVRZ1UAEIs5r14Z9AwcDqxYDCPGwLGT0F/rdgo3boFfK+BxgR0ZRbq7d+rU6dq1a8WJdenSpRYWFqUfwUDev3+/YMGCe/futWvXLjQ0VO71jbx2rXq2tsr7CASCjx8/MhKelm7fvs10CF+I+oQqhnotLCwGDRpUvN3NzQ0AAgICjOevKVJgILFOnTp11KhR8+bNM5lKxg6VCr4fYVv2fnqeBFYvg7GToVYtaKFdR5IbMRDSEwBA0rgx29Fhzpw5Nkr3iCp4Ig5Jkk+ePHny5ElYWJiTk1NgYODq1asVd/xFL5IgJwdatazIeMwJ69MncHICCwsej/ftt99SnqW9gQ3SHwPDW1lZWd26dRs8eHD79u3Pnz8v03+KvKFZWYkrJCnU8YKf5sC8BZCqxZ28/EcvZidNCY76GQCEfUM5GzY5/LSQm5NbPMy6bt26yMhIQ8b7RW5u7rZt24KDg8ePH5+enk6SJJ/PHz58ePE8KtbTOG4ktfyu8WvVqlV6eVvy0Iv/+x7WY+NdsoxUMZBYuVxucHDw1atXT5w48fLlSxcXl0GDBsXE0FSVxBDy8vlnKqi1fVAH6NMLZs6FwqIy9rz91vVsjVGcYV+mr8rCRsDYUb/u2L5v3z7FluTkZIO2vSkqKnr48CEAiMXi+Pj4n3766datW3PmzFGtUU06OcpV1gTXq1fv+++/N1x4+isoKGA6hC9IHg8YL2CIdMFAYi2eWeXs7Dx58uTU1NS5c+eW0l+eefn5/AosLPS/UeDqCouWQulrJq49sq0S7Fs8/VXesCH4+tb28bly5YpBw5PL5ffv3587d27r1q3Xr19PkqSLi8vGjRsDAwM1VS+V+bUWh1JbrVSvXj04ONigoZqNwlkz5P5+TEeBdMBAYu3evbu/v/+ZM2cUfa4IgvD19d25c2fFR6ItK76oVasKOxuLBYvnw+sU2L1P4z5iMdy9B5TK1gDQsWPHR48e5Rqm8Vx+fj4AvH79esaMGc7OzidPnty/f79WPVQKC4l86tVfSkrK+fPnDREnQoxjILHGxsYeOnQoNjbW3d19ypQpz58/N87Zl/9xcBB8P7wiT2htDWtWwKFjcF3DAMmDR+DqCtVU+gM4Ojo2btw4OjoaALp27erjU67lXCUVFBQcO3Zs0KBBPXr0IEnS09Pzxo0bs2bN0r7KHycy2mIv9a9EYmLiAaVaTUZo7dq1dnYGnL+sPat1G1h3sFmAKWFmbraHh8fChQs/ffo0YMCAhQsXenp67tq1i5FItCIWc5KSK/ic1avBkoXw8xJ49VrNszduQbsA9S9csmRJx44dAaBHjx4NGzbUM4yXL1/6+fmdPHkyNDT07NmziuvTr2RKf5cuXYxhPSsAEEVFYCLrgJECk/9C2Gx2mzZtVq5c2bBhw+Jpz8YoI9Nu7bqKP61fSxj1PcycB5RSKorCK6rjAAqenp6K66wHDx68efOmHOd99erV6tWrR4wYQZJkrVq1zp8/f+jQoX79+inP5dKJtFtX4fj/le+1DFq9erVi9INxRSOGk40bMx0F0gFjibWgoODAgQP169cfPXr0xIkTjecOrBpslpyhRThDBkDD+jBvYYmyra9TQCaH+pq/5S9cuPDmzZt//PHHvXv3dDrdu3fv+vbt27t378zMTMWfOhaLRUM1ZRZL9aa2ra1tjRo19D2yIe3Zs6eoqKzJGRVC7u5G2pbzrxpiBAOJ9e7duwMGDPDy8srKyoqOjo6MjOzcubNRNTuiqlo115DrWUtBEPBjOOQXwMat/218GAvt/KGUr+N2dnYXL17U8hQymSw6Onrjxo0A4OLiMmzYsHv37q1YsaJly5Za3ZjSAjsq2mL/QcpGf3//5cuX03J8s2dx6i9WQiLTUSAdMJBY9+zZM3fu3NTU1ClTphRXCzTq6laMsrCA1cvg4lU4+++Mr4ex0K5taS8JCgqKjIws85ZgVlbWihUrAgIClixZwuVySZK0sLDo1auXcu1BWhCCQkJlooJUKjWS60Hjx3n+HDIymI4C6YCBxLpjx44mTZooroZMo7pVaprD5KkMnt+lMqxaCqvWQ9wzEInhYzq0bFba/g0bNiQIQiKRqK0VkJOTExUVBQAsFksgEGzduvXKlSvjx4+n6/r0P7+uhgU/w9u3spbNSVs7WPAzREUXP3nt2rXRo0fTfEZa+fv783g8pqMAABC3b0caeT0NVBJWt9ICSRJM35Nt1ACGDaX3T4oAACAASURBVIKxE0EmBzYLIq/Dt5017vz58+e5c+fWqlXLwcHh/fv3Tk5OfD5fIpFcv379xIkTN27caNu2bWBgoIODg2H7Tfn7gVgMdnakhYW0dQteXj7UrGnA09HNeOZWS9r4s41jfgLSEjNDAT4+Phs3bhw1atTbt2+5XK5RZ1UAcKn8ecFPTAcBn9JBJgcAkMlh557S1mUtW7ZsxowZISEhgYGBgYGBJ06cAIAPHz6sWbOmadOmUVFR27dvp//6VFVAG+jYASpVAgCZtzd07AC1ahr8pPR59+6dkRSy4DyNIz59YjoKpAMGEuvUqVO//fbbRYsWNWrUqCL+eeuPy5UZQbtT5XX/nz/rMK9xy5YtJEnWrFnzwoULY8aMMZmiYkzr2rVrVha19y0jLM6dJ14kMR0F0gFWt9JCVpbNFuarCPcL/e9xz+9A+9E/tYVRGNeqVatFixYxHYVpkNWoAZWMpeo20gZWt9KCUMR79ozpIMC/NRzbD3w+LJgHU8br8EJNtVGYValSpW+++YbpKEyDcOhgud6L6FBFYnLllclUt6pkX9i/H9NBAADU9AArPjSoV0b7lsqVK9esWdPa2trZ2blmzZrlXjFlUE+fPt2yZQvTUZgG4vNnMI5G3EhLzMwKUGYC1a2srYUdAq2ZjkJ74eHh4eHhT58+dXJyqlatGtPhqPfx48fbt28b81LmS5cuOTnp3jjXAKy2bCODgyCoE9OBIG19FdU09FVQYGmCBfB9fX2NNquahGrVqhnnKAoyfphYtfA5z+rYcaaD0NmJEyeePMF+HuU3atSonJwcpqMAABDMDZcHaCi6g4wSJlYtWFqKGzRgOgidRUZGvnjxgukoNHJ3d2/Xrh3TUZTm7t27EomE6SgAAIDF0qErOjICzI+xGq+sLMgvAHt7cHIUhI2wSHkDFjwwggmt5qFBgwYNTPDPFSP4238jAtpAG3+mA0HawitWzU5GwE/z4epVAODGJ8BP82HbDqZjMh/Z2dnx8fFMR2EaWNnZgAVrTApesWo2ZjSMGQ0AIJOJmzWFzibW+c7Hx6dq1apMR6HRgwcP9u3bZ2zdWR48eHD58mXF4yZNmlhZWUml0pUrV7Zo0aJzZ83VGQxMOKA/D78qmRRMrGZr0qRJTIdgethsdnHVxKCgIBsbG6lUyufzORwm/6XIPGuTWITFpGBiNVvp6el8Pt/W1pbpQExJ06ZNmzZtqryFw+HMmDGDqXgUeBcvEw3qQf36zIaBtIdjrGZr0aJFFy5cKHs/ZPS4sbFE2kemo0A6wCtWxIzg4OBOnXApkVYkLVuw3d2YjgLpABMrYgaLxfpK2mjrTxzUyUgacSMt4f+zETNiYmJmzZrFdBSmgZ34gjCOyrBIS3jFarYWL16stueVkRAIBNhBUkuWJ06SwUHghqMBJsNIr1jFYnFISEhISIj83w4kYrF4+fLlAwYMOHbsGLOxmQpHR0draxOqyYU0kru4gLUV01EgHRhpYuXxeBEREUFBQcVb4uLi/P39Dx8+zOVyU1NTGYzNVKxfv17RjRWZuqLRI+UlJ4EhI2fUQwHKNzfq16+/cOHCzZs3d+/e/fXr124lvxYVFRXRUi+jsJAjk1nk5QmUN5IkSZJkXl6e/sfXH0naFhQI8vJKtBKUyWSFhYXCkrWQnz9/7uDgYAxhy2Qy1Q+wevXq/fr1q+DwBAK2XM7PyytQ3kiSJAAYwwcFAHK5jUBQlJdXol+RrKioSCIRiUQGOimbzcYvN/Qy6sSqjM/n//rrrwBw79491TZZHA6HlrZOHA6LIAhKN3m5XC6RSIykxTwAcLlcHo9U3iKVSjkcDmV1EIvF4nA4xhC2WCyWy+WUSGrXrl27du0KjoTLVfP7JUnSeH6/BEFwuVwer0QdWP6SZbJOHaG9oYqBGWFLNFNnMolVQSwWHzlyZP78+ZTtXC6Xy+Xqf3weD1gsoExtkclkRUVFRjLfhSDAwsKCEotQKOTxeJTUwGazuVyuMYRNkqRUKqVEkpKSEh8f/+2331ZkJDweEAT19yuXywUCgTF8UABAEMDj8SixSAmCzWZzjSNCpA0jHWMFgJCQkAsXLoSGhr569Qr+vZ01ZsyYPn36ODg4MB2dCejcuXPdunWZjkKjxMTE/fv3Mx2FaSicOlneqiXTUSAdGO8Va0REhPKPittZTAVjinr16sV0CIgepLW1Du3OkREw3itWpKeHDx++ffuW6SgQDSz37mM9ecp0FEgHmFjN1p49e+7evct0FBrZ2Nhgr0MtsT+kQn4+01EgHRjvUAAyb23atGnTBhvkaUXUqwe3enWmo0A6wMSKmCGTyaRSqTEvujUe0vr1OTglwKTgUIDZsra2NpK5mWpdvXp15MiRTEdhGng3Y4g3b5iOAukAr1jNlmI9BTID3JsxpKUl1KnDdCBIW3jFipCxkzZqCFWrMB0F0gEmVrM1c+bMkydPMh0FooHou+5yLy+mo0A6wKEAAIALl+FDKgDAhzTIzoZdf3zZ3jUYqrkzF5Z+hEKhVCplOgqNWrVqVatWLaajMA3sd+8IFxdwcWE6EKQtvGIFAMjPh+wcyM4BSwtoF/DlcXYO0FEwC6lXqVKlOjhoqB3LPw8QcX8zHQXSAV6xAgD078N0BF+fuLi4W7dujR8/nulATABpZ4dLWk0LXrGardGjR/v7+zMdhUZpaWkxMTFMR2EaCidNwCIspgWvWM1WkyZNmA4Boa8UXrGarYiIiKdPsXKHObD+dTUr5hbTUSAdYGI1W1evXk1MTGQ6Co3c3Nzatm3LdBQmQioFkix7N2Q0cCgAMaNhw4YNGzZkOgrTUDR2DM+hEtNRIB3gFStiRk5OjjFfUBsVubMTYLM/k4KJ1WzVrVu3ShXjXQd5//79X375hekoTIPl0eOsf54zHQXSAQ4FmK3JkyczHQKiBzs5maxVk+kokA7witVsZWRkFBQUMB0FooG4czDpWdGtwpE+MLGarZ9//vn8+fNMR4FoIGnejHRzYzoKpAMcCkDMCAoK6tixI9NRmAbug4dE7VpQGy9aTQZesSJmsNlsLpfLdBSmgXflKvHqNdNRIB1gYkXMiImJCQ8PZzoK0yDz8gInR6ajQDrAoQCztWjRIj6fz3QUGgkEgg8fPjAdhWkQ9utjic0ETQomVrPl7OzMdAiIHqyMDHB0BOxoazpwKMBsbdy4MTo6mukoEA34O39nxT5mOgqkA7xiNVuJiYlVq1ZlOgqN6tatO2zYMKajMAp37sH8xV8eC0UwfQ6wWAAArVvAkoUAAMDlftmETAQmVsQMDw8PDw8PpqMwCr6NYM92NduLh1UFs2fiGKtpwcSKmPHmzZv4+PiuXbsyHQjzrPhgVY3pIBCt8PuF2ercubO3tzfTUWiUkJDw559/Mh2FabDauJl17z7TUSAd4BWr2erVqxfTISB6EAUFpFjMdBRIB3jFarYePXr07t07pqNANBAOH0b6NmI6CqQDTKxma/fu3Xfu3GE6Co2sra3d3d2ZjsI0yKq5k3Z2TEeBdIBDAYgZAQEBAQEBTEdhGiz+Ostq3Aiwk43pwCtWxAyZTCaRSJiOwjRwnj2DT+lMR4F0gInVbPH5fGMuH3X16tXvv/+e6ShMgzigDVmjBtNRIB3gUIDZWr16NdMhIHpI2rVl4wIBk4JXrAgZO87fzwgcCjApmFjN1qxZsyIiIpiOAtHA4sxZ4sULpqNAOsChALNVVFRkzHeHWrZsibUCtCRzd2fhdCuTgokVMcPBwcHBwYHpKEyDcMQwLMJiWnAoADHj77//3r5dXU0npILILwBc0mpSMLGarZEjR/r5+TEdhUapqak3b95kOgrTYLUJi7CYGBwKMFvNmjVjOgSEvlJ4xWq2Tp8+/fTpU6ajQDQQzJ4p9zfeLx9IFSZWs3X58uXExESmo9DI1dW1TZs2TEdhIrhcYLOZDgLpAIcCEDMaNWrUqFEFlcL7dR3E3AYAkMlAIICe/b5snz0N2ppCbuf/toto4w940Wo6MLEiZuTm5qanp9epU6cCzjV0IPT6Ts12V+PttVgCKzOTLCxkOgqkA0ysZsvb29vFxYXpKDS6d+/evn37Dhw4UAHncnOtgJMYkLBvH141rF1rSswksYpEIqlUaqCDkyRJkqRAIDDQ8XVCklZFRUKBQK68US6XC4VCyjqrUaNGAYAxhC2VSuVyOSUSkUgkk8mMITySJME4PihNxJ615RyOxGARslgsPp9voIN/ncwksVpYWFhYWBjo4DKZTCQSWVtbG+j4OiEI4PP5lFgkEomlpSWPx1PemJmZyefzjSHsoqIiqVRKicTCwoLNZhtDeIo/S8YQiSasCxfZ9erx6vkwHQjSFs4KMFsLFy48d+4c01EgGnAfPCRSU5mOAunATK5YkckJCgpq374901GYBknzZmxXEx8n/spgYkXMYLPZbJybqR1x52AswmJacCgAMePWrVtz585lOgrTwE5OJrJzmI4C6QCvWM3WwoULjflWb0FBwbt375iOwoi9eg2zwsHKCvbvZSe/5K5ZD0IhrFwGXl5MR4bKhonVbBnzJFZUthrVYfsWAAIAxF27sAMCeFwOYAVbE4FDAWZr06ZN169fZzoKVF4cDri4gEtlxU+ksxO4uIARt91FyjCxmq2EhIRPnz4xHYVG3t7eQ4cOZToKhAwChwIQM2rWrFmzZk2mo0DIIPCKFTHj7du3ly9fZjoKhAwCr1jNVlBQUO3atZmOgmrSpEmKKrEikcjLy6tz584XL15cs2bNxo0bfXxwySYyE5hYzVZISAjTIagxefLkoqIixWNXV1cAaNGixapVq2rUqMFoXAjRCROr2Xr8+HHlypWrVavGdCAleHt7U7Y4OTk5OTkxEgxCBoJjrGZr165dt2/fZjoKhL5GmFgRQohmmFgRQohmmFjNlqWlJYeDY+gIMQD/4ZmtNWvWMB0CQl8pvGJFCCGaYWI1W+Hh4adOnWI6CoS+RphYzZZAIBCLxUxHgdDXCBMrQgjRDBMrQgjRDGcFmK2wsDBsIoAQIzCxmq3mzZszHQJCXykcCjBbp0+fjouLYzoKhL5GmFjN1uXLlxMSEpiOAqGvESZWhBCiGSZWhBCiGSZWs+Xl5VW5cmWmo0Doa4SzAszWtGnTmA4Boa8UXrGarezsbIFAwHQUCH2NMLGarfnz5587d47pKBD6GmFiRQghmmFiRQghmmFiRQghmuGsALO1cOFCPp/PdBQIfY0wsZotLG2FEFNwKMBsbd68+caNG0xHgdDXCK9YzVZ8fDxetCLECEysZiUjI2PVqlWKxwkJCW3atAGAHTt25Obmzpkzh9HQEPqKYGI1Kzwez8fHR/HYx8enR48eAODh4eHo6MhoXAh9XTCxmoAXSXA95svjoiI4FgEOlQAAvDwhsF2JPe3t7cPCwigv79q1awUEiRAqhonVBIgl8Pnzl8fdugABX34sLGIwKISQRphYTUCDetCgHtNBIIS0htOtEEKIZphYEUKIZphYEUKIZphYEUKIZphYEUKIZphYEUKIZkaaWMVicUhISEhIiFwuL964b9++AQMGbNmyhSRJBmNDCKHSGWli5fF4ERERQUFBxVsyMzMJgjh8+HCNGjVSUlKYCw0hhMpg1AsEWKz/8r6lpSWHwwEADodjZWVF2bOgoEAkEhkuEpIks7KyDHd8PZEkmZeXRxAE04Gop/iGIRaLmQ5EPUV4Rv77lUqlBQUFBjo+m82uVKmSgQ7+dTLqxKrM2tr606dPvXr1atKkieridysrK8NVy5fJZPn5+cb8/7y8vDw+n8/lcpkORD2hUCiTyaytrZkORD25XP7582dj/v3m5+dbWFjweDwDHd9o/ySbLpNJrPHx8T4+PlOnTr1///6dO3f8/f2Vn1W+tjUQNptt6FOUG0EQLBbLaCNksVhyudxow1OkFaMND4z+94tUGekYKwCEhIRcuHAhNDT01atXAFC7du2YmJjQ0NBjx441bNiQ6egQQkgjAu+wl0kmk+Xm5jo5OTEdiEa5ublWVlaG+6qop6KiIqlUamtry3Qg6snl8uzsbGdnZ6YD0ejz58+WlpYWFhZMB4K0ZbxXrAghZKIwsSKEEM0wsSKEEM0wsSKEEM0wsSKEEM1wVoBWZDKZMc8ilMvlBEEY7TRvkiRJkqyAucblhr9fRC9MrAghRDPjvYhACCEThYkVIYRohokVIYRoZs6JVSaTbdiwoV+/fiEhIZ8+fQKAFy9ehIeHDxky5OLFiwCQm5sbEhISGho6b968/Pz84i0KDx8+1LRl4MCBiiJ4ly9fzsvLy83NvXDhgtqnFCedM2fOwIED//jjD5lMpjbU4rOEh4crIlGYMWNGcnKyprejNjZFJMqP1Ual+tqIiAiBQAAAZ8+evXHjBgCkp6dHR0er7lzKed+8eXPo0KHigXu1BcuV33Lfvn1nzJgRExOj9i0fOnTo6NGjAoEgIyPj119/VY5q3759/fv379WrVym/LE1RAUBSUlJISMjAgQMPHTqkTVTKgR06dKiwsBAAMjIyLly4UPy5nT59unfv3iEhIR8/foyOjlYcqmfPnj179uzfv3/pvy9KhIo9BwwYcPToUV0/N0p4yq+lvGtNHwKiAWm+4uLioqKi5HK54se8vLwFCxYUFBTI5fInT54UFRXl5OScOXNGLpffvn37xo0bJEkqtigfRO2WdevWRUREkCR58eLFz58/5+TknD17Vu1TeXl5CxcuzM/Pl8vlb9++ffv2rdpQi8/y9u3bI0eOKDamp6efOXNm69atat+OptgUkSg/Vo1K7WtfvHgRFxdHkuTBgwcVMVy/fj01NVV1Z03nTU5OPnz4sOq727x5s0wmU/uW5XK5QCDYvHnzixcvVN+yWCxeunTp06dP161bd+DAgeKo/vnnn3379mVnZy9fvvzVq1eaAis9KpIkZTLZ5s2bs7OzS4+KEphYLFa8o3Xr1snlcsrntnnz5ujo6NTU1JycnJMnTyo+9vJ9bnK5/Pfff8/MzNTpc6OEV+a7Vv0QkP7M+YrV3d391q1bsbGximvAuLi4YcOGWVtbEwTh6+traWkJAL/99lvv3r0PHTrUunVrxatUJ7WobmnQoEF+fr5QKFQ9KeWpuLi4oUOH2tjYXL9+fcqUKUlJSZqiLS5eV1xYNioqqkOHDhwOR3GxSXk7mmJTS23AlNfWqFHjyZMnMpnM0dGRy+WSJPn48eMqVaqo3Vn1vFFRUffv3x8wYIDq2TVNtFJMIbKyshoyZMijR49U3zKXy+3Zs+e6dev69+/v5ORUHFW1atUUVc/ZbDal6jklsFKiUgRmb29vb29felSUwLhcbnBw8Ny5cwcNGkQQBOVzIwii+HMjCOLIkSODBw8+fvx4OT43AFBbhrX0z40SXpnvWu2HgPRkzonV0dFx9uzZNjY2e/bsUWQ01f+fjR079tSpUy1atMjNzVVs2bFjh+LLmqJcodotANCnT5/Tp0+rPS/lKUVaCQwM3Llzp+o34mI7duzo3bv3lClTWrVqBQAkSSYkJFhbW3fo0OHx48dq346m2LSJSvW1FhYWb9++TU1NrVevnre3d0ZGhkgkKs6JlJ1Vz1urVq23b9+Wr00AQRCKv/OUtwwADRo0kEqlMplMOSpbW9tPnz6NGDHi5s2b48aNK+WXVUpUJEmeO3cuJCSklLxPkiSo+13UqVPHyspKkT0pn5tQKCz+3Hbv3i0UCouKitLT01NTU3X63JKSknr16vXx40cbGxtdPzfl8Ep/12V+CKh8TKbQdfnweDxvb2+CIP75558OHTps2LAhPDzcwsIiPj6+du3a8O8f/379+v35559jxowBgLFjx3733XfKB1HdAgBWVlYEQSQmJvr5+ZXyVIMGDTZt2jRz5kw+n196aw3FWQoLCxcvXrx8+fKkpKSHDx+GhISQJFmnTh1FtlV+O15eXppiU0s1YNXXfvPNN+fOnRszZoxIJNq7d2/jxo3Vfgi5ubmqr61Zs2aHDh3WrVs3Y8YMnXoZiESiw4cPt2/fXu1bBgBbW1tKVIqq5yNGjDh48GCTJk2Uq55T4tQUlUwmO3ToUGhoqGqbH0pUAKA2MMUls+rn9urVqx49eigHQ5LkiRMnFDla+8/Ny8vr9OnT58+fj4+Pr1evnq6fm3J4mt51mR8CKjdz/jMVGxuruDr4888/O3XqZG9v36dPnx9++GHQoEEvX75UDAUoWFpaSqVSRdes3377TfGqyMhIxbOqWxR69uypuLejqvgpe3v7Xr16/fjjj/369Tt16lRAQICmaBWDEuPHj1f8w7tw4cLBgwcjIiJOnTpVr1693NxcytvRFFvxNVF8fLymqDS91tfX982bN4rv1w8ePKhfv76mndV+JlZWVhMmTFi7dq1UKi3eGFKyYLmyHTt2hIaGzpo1y8vLq27duqpvWbGbnZ0dJSpF1fORI0deunRp1apVpf+y1EaVkJBw9OjRIUOGhISEpKWllRKV2t8F5Y0Uf25Dhgx5+/bttm3bFG/2t99+69mzZ69evRITE93c3LT/3BITE0NCQvr37x8XF/fNN9+U73NTRXnXpXwISE+48gohhGhmzlesCCHECEysCCFEM0ysCCFEM0ysCCFEM0ysCCFEM0ysCCFEM0ysCCFEM0ysCCFEM0ysCCFEM0ysCCFEM0ysCCFEM0ysCCFEMzMpG6go2cl0FAiZJIIgVMtpI32YT2KVSCRMR4GQSWKxWJhY6YVDAQghRDOzSqxSqbR58+bHjh0rc8/g4OAGDRo0bNiwW7dua9euLaU2cPnC6NmzZ/ExL126tH79ehqPjxAycmaVWBUNKnbt2lVm9W6pVHrr1q24uLiTJ082bNgwKChI0RSaFhwOZ+3atdOnTydJMjs7e9OmTZMmTaLr4Agh42dWifX3338fO3ZsQEBAcWN6AFi+fPn9+/dVd2az2QRBWFpaBgcHjx49+siRI4rtDRo0uHTpUmBg4Pnz52UyWXBwcPFLWrRooXiQmJjYq1evtm3bXrp0SbkxVLFvvvnG19f35MmTU6ZM2bJli9oGRAghc2U+ifXz58/5+fmVK1ceMGDAoUOHirfPmzevZcuWpb+2TZs2sbGxisdSqVQoFEZGRnbr1k3xY/FuisdSqXTkyJHbt2+Pjo7Ozc1V3kHZpEmT1q9fHxAQ4OHhoedbQwiZFvNJrOfOnRs7diwAeHl5RUVF6dqHWbkxdY8ePUrpBvzy5cvvvvvO1dWVzWb36dNH027p6eksFuvOnTvYVQyhr42ZfEUlSXLHjh0ZGRmKhCiVSmNiYjp27Kjly+/cudO0adPiH5WzanHCLX6gnCgJglB7QJlMNn78+KNHjx46dOjcuXNadqhGCJkHM7liffHiRePGjZ8/f/7s2bNnz55FRUVt27ZNmxeKxeIbN27s2LFjwIABqs+y2Ww2m/3p0yeSJC9duqTY6Onpef78+czMTJIkz549q/aw27dvDwsLq1KlyqRJk7Zs2ZKTk1Put4YQMjlmklj3798/ZMiQ4h9dXV1lMtmnT59A882rVq1aNWjQoFu3brdv37506VKlSpXUHnnDhg1Dhw4NCAgovjjlcrlbt24dPny4n5+fWCzm8/mUl7x48eLRo0e9evUCAA6Hs2nTpmnTpuGAAEJfD8I8/sELhcKKX3kll8svXrz44MGDhQsXVvCpEaIRi8WytrZmOgqzYiZXrBVszZo1devW9fX1jYyMnDVrFtPhIISMi5lcsYrFYk3TnhBCpWOxWJaWlkxHYVbMJLEihJDxwKEAhBCiGSZWhBCiGSZWhBCiGSZWhBCiGSZWhBCiGSZWhBCiGSZWhBCiGSZWhBCiGSZWhBCiGSZWhBCiGSZWhBCiGSZWhBCiGSZWhBCiGSZWhBCiGSZWhBCiGSZWhBCiGSZWNRTNtD08PHg8XnH31ri4uHbt2tnZ2Y0ZM0YkEmGEGN7XHCEqA4lUrF+/fvjw4fn5+cVbRCKRnZ3d69evZTLZkSNHRo8ezWB4pNFHiOHpyfgjRKUzpcTau3fve/fuff/99xMnTkxJSTHQWWQymaWl5efPn5U3JiUldenSRfFY0Q5WJpMZKIAyGXmEGJ6ejD9CVCZTGgqQyWQikWj37t3z5s1btWqVgc6SnZ3t4uJy8OBBR0fH1q1bP3r0CACqVasWExOTlpYGABcvXgSA3NxcAwVg6hFieGYfISqTKSVWAAgICCAIwt3dPSMjgzRMG0SSJN++fVu5cuXMzMxDhw61b99eJBJZWlpeuXKlS5cu1tbWr169cnV1NcSpzSNCDM/sI0RlY/JyWUc9evQofjxo0CC5XG6Isyi+Z0kkEsWPXbp0SUpKUt4hJyfH2traQGfXhpFHiOHpyfgjRGUysSvWCsDhcAYOHHjx4kWSJN+/f3/79u3q1asXP1tUVDR16tSlS5cSBIERYnhfZ4SobIymdd1UzBUrSZIFBQWDBw+2tLT08/OLjY1VbAwJCWGz2VWrVt20aRPjFwtGHiGGZ/YRotIRpGFGKhFC6KuFQwEIIUQzTKwIIUQzTKwIIUQzTKwIIUQzTKwIIUQzTKwIIUQzTKwIIUQzTKwIIUQzTKwIIUQzTKwIIUQzTKwIIUQzTKwIIUQzTKwIIUQzTKwIIUQzTKwIIfR/9u49KIoz3xt4zwwz4Aw7QhArrhh1UzmmjkZIIhguonVSMp5VlGEAwbJQZ8VaLqIxx1TiJZ6UUCQxxUbceKvNbkU3sCxqKNEMRl0QE+9kK5gVj8NtZZaBBYTBAebW/bx/dJ1+Z+cO9CjxfD9/zTzz9PN8++nmR083JjxDYQUA4BkKKwAAz1BYAQB4hsIKAMAzFFYAAJ6hsAIA8AyFFQCAZyisAAA8Q2EFAODZ0yysR44cGR0dHceGJSUlNE3znscXubm5jx8/nsgIqampNpuNrzzOJphwksej/JxwksejJv3xBZZjKqZR5wAAIABJREFUYd2yZcv27du5t83NzUql8u7du7xPPDAwIBQKp0yZQlGUVqvdvXt3RkZGSUnJP//5Ty6JUqlMTU3Ny8s7ceKE/cm0cuXKa9eueRg8NTVVIpFIJJKenh779qampsTERLlcnpOTYzabnTdkO8hkssTExKamJodP9Xp9QEDAz372M/Zta2vr8uXL5XK5SqXS6/U+jlZQUHDq1CmXCb3Ga2hoiI6OnjZt2o4dO0wmk3MHh4QURdXW1kokEpfxVq1aJflfFy5csI/ncqKhoSGVShUcHJyRkWE0Gse6ei7jeUjo7iBOZAEJIceOHZs9e7ZEIlm7du1E4rnr4L94Dgkncvq52xfgDflXarX6448/1ul07NsPPvjgww8/bGpqInyrrKxsaWkhhJhMpvT09K6uLoZhDAZDVVUVl2RoaIhhGJPJdO3atbVr1z5+/Jj9yGaz/frXv/Y6xaJFi7q7u7m3ZrNZLpe3t7fTNF1ZWbl582aH/gzDhISENDc3Mwxz7969kJAQhmHsOxQVFTU2NnJvS0pKDAYDTdPnzp2Li4vzcTSLxTJv3jznhF7jGY3GsrIyo9FotVr37du3Y8cO5112SGgwGHJycmJjY7u6upw7KxSK3t5eh0aLxfLSSy+5nEihUJSXl9M0XV5erlQqx7p6zvG8JiROB5FMYAEJIZ9++ml2djZ3Ik08nnMH/8VzSDjx0w/8x0VhbWlpOXr0KCFkcHDw8OHDFRUVXGHt7e3dv39/enr6nj17uOKbm5ubkpKSmZl5/Phxq9XKNqakpNy8eXPjxo35+fkdHR3OExcUFIyOjhJCHj16tG3bNucOarV6eHiYe1tZWXnq1Cnu7dtvv23/qUsxMTH2P5NarVahULCvrVYrRVE0TTtsEhUV1draSghpaWmJiopy+PSVV15xedLX1dVlZmY6t7sbLSYmZnBw0CGhL/E4bW1tSUlJzu0OCbOzs41GY3x8vLvC2t/f79zOxbOfaGRkRCqVsj+cDMNIpVKTyeTj/rqL5zUhcTqIDgnHtIA0TQcFBRkMBpcTjS+eyw5+iucyIZnA6Qf+46Kwmkymffv2mc3m06dPd3Z2coWVpul33nnHYDAwDDMwMJCbm2t/SULT9JUrV2pra9m3ycnJDQ0NDMPodLr8/HyHWRiGSU5O5jY/ePDgb3/728bGxr6+Pvsk9qXzwYMH+/fv594ePHjw4cOHnvfN4WdydHRUJpOxPwA1NTUURTmXFb1eHxYWRlFUWFiYXq93yExRlMNVWEZGBkVRc+fOdfnz4G40tVp97949h4S+xOMUFhZqNBqHRoeEZ8+evXTpEiHEQ2GdMWNGaGjo1q1b7X9cuXj2Ez18+HDJkiVcn/j4eO43q9f9dRnPl4TETWEd3wL29va+8MILR44cCQ0NXbx48Z07dyYYz10Hf8RzmXCCpx/4j4uHVwKBQKVSXbp06caNGxEREVy7Tqdrbm7esGFDamrqpk2bdDrd8PAwRVH19fUFBQUqlaq0tLSlpYXrn5CQIBAIZs6cyX7f9HA7orCwMDs7e8qUKWfOnCkuLnbXmT2xWELhmB+7BQUFXbx4UaFQyGSytra2GTNmOI8fFxd35coVhmHq6uri4uLsZ3SpsrLSZrOVlZWtWLHC99Fchvcaj1NWVjZ9+nTnGe0ZDIazZ8+++eabHvrU1tZ2dXX19PS8/PLL2dnZXDsXz34ih4PivAtjXT1fErozvgUkhDx8+DA8PLyvr6+iomLp0qUub3T6GM9DhycQj8Xj6Qc8cyi0arXabDbTNJ2VlXX16lVCCHfF2t7eXlpa6tD/0aNHO3fuHBkZYRims7Pz4MGDbHtycjLXJysry/l2W35+PnsrwMG7777LXoo6XLFWVVVxt18JITt37jQajZ5/abi82GENDAzIZDKHVF1dXfbfmKKiohyuU+bPn+9uUqFQ6PDV2MNosbGxAwMDHhK6jMcqKSlhf/e4xCWsqakRCoVisVgsFlMUJRKJbt265W4ri8Vifyaw8RwmGh4e5iK5vBXgdfXIvy6gjwldLtH4FpD9As7drVIoFFqtdtzxPHTwUzzi/gwc3+kH/uP6d5dQKCwvL09ISLBvnDVr1p07d9gnTlyj1WoNDAyUSCQ0TY/paWN8fDz7KHNgYKChoYH92e7v729vbw8ODrbvabVaGxsbq6qqFAoF20LTtMFgkMlkvk9nb3R0dNu2bcXFxQKBwL49PDz8wYMHra2tFEVptVqtVhseHm7fIT09nbskNxqNGo2GYRiGYc6fPx8ZGRkYGOjLaDabrbe3NyQkZKzxKIp6//33KYratWuXu225hKtWraJp2mKxWCyWuLi4jo6O6Ohol5vQNH3ixInVq1ezb9l4paWlDhNJpdKYmJjq6mpCSHV19bJly3zcX5fxxpTQwbgXMCAgIDMzk71bpdPprl27NmvWrHHHc9fBf/HsE/rv9AN+OBRa9orVvsXh4dUnn3yiUqlSUlLWr1/PNp48eTItLS0vL0+j0fh+xdrX13f8+HFCCMMwN2/e3Lp1q1Kp3Llz5/Xr17kka9asSUlJ2bx58+eff27/O/bu3bt1dXUefl0UFRVx1xFSqZRrVyqVIpHo+eefP3ToEBcpKSnp/v377Ovbt2/Hx8eLxeL4+HiHB8Ts6V5YWMi9raqqmj17tlwuV6vV3N1hr6PV19efPHnSZULP8fr7+9n+7FXSwoULnXfcISHL/g4gN9rQ0JBYLBaJRKGhoXl5edxNuvr6+iNHjricaGBgYOXKlWKxODk52f6mHjem59VzF89dQncHcdwLSAgxGo3r1q0LCgqKjY39/vvvJxLPXQf/xXNIOJHTz3lk4JdjYX2SDh486PXJvktFRUU2m433PL5Qq9Wen9t6tWbNGovFwlceZxNMOMnjET8nnOTxyKQ/vsASEI+PlQAAYKzwfBAAgGcorAAAPENhBQDgGQorAADPUFgBAHiGwgoAwDMUVgAAnqGwAgDwDIUVAIBnKKwAADxDYQUA4BkKKwAAz1BYAQB4hsIKAMAzFFYAAJ6hsAIA8AyFFQCAZyisAAA8Q2EFAOAZCisAAM9QWAEAeIbCCgDAMxRWAACeobACAPBsUhTW9PT0px0BAIA3/BTWLVu2bN++nXvb3NysVCrv3r3r4+Y2m419kZWVRQjhJdKYpKamSiQSiUTS09PDNTY1NSUmJsrl8pycHLPZ7LxVa2vr8uXL5XK5SqXS6/WTLd7Q0JBKpQoODs7IyDAajf6L19DQEB0dPW3atB07dphMprEGqK2tlUgkk20BLRaLxM7UqVP9d2aO7/iuWrWKi3fhwgU/ZYPx4aew0jQ9c+bMf/zjH+zbqqqqN954YxzjVFRUCAQCXiKNyZkzZywWS2RkJNdisViWLFly4sSJwcHB5cuXFxQUOG9VVVV1+vTpwcFBtVqdlpY22eJlZGSkpaUNDQ0plcrs7Gw/ZRseHv7hhx/q6+u7u7vlcvnu3bvHFGBoaOjMmTOLFi3yUzzWOBZQIpFY/tfZs2e3bt3qvzNzfMfXZrN1dXWxCRUKhZ+ywTgRPqjV6paWlqNHjxJCBgcHDx8+XFFR0dTUxH7a29u7f//+9PT0PXv26HQ6trGjo2Pbtm3Z2dnfffddSkoK25iZmckwDCEkNzc3JSUlMzPz+PHjVquV/TQlJeXmzZsbN27Mz8/v6OjgJbm9mJiY7u5u9rVWq1UoFOxrq9VKURRN0+42rKury8zM5D3PROKNjIxIpVJ2MRmGkUqlJpPJ3wnb2tqSkpLGFCA7O9toNMbHx3d1dfk73riP77Jly9rb2ydbPIVC0d/f7+9UMD683WONiIjQ6/UWi+Xy5cvJyclcO8MwBw4cKCwsrKysfPvtt4uLiwkhNE3v2bNn165df/jDHwwGA9eZpmn2xeHDh7/66qsvv/xy3rx5ly9f5j41m82///3v33vvvQMHDvCV3N3ufPvtt+z309raWoqiBgcHnbutXbtWIBCo1epjx475Nc9Y4/X19b3++uvsRZZAIHj11Vf7+vr8nerTTz996623fA9QU1OTnZ0tk8n8HcyZj8eXoqju7u5Hjx7NmTNnEsZbsGDBc889V1hY6NdbPTAOvBVWgUCgUqkuXbp048aNiIgIrl2n0zU3N2/YsCE1NXXTpk06nW54eLizszMxMXH69OlCoTApKcl5tPr6+oKCApVKVVpa2tLSwrUnJCQIBIKZM2f29vYSf96NDQoKunjxokKhkMlkbW1tM2bMcNmtsrLSZrOVlZWtWLHCf2HGEc9hcYRCvz+lLCsrmz59OrcOXgMYDIazZ8+++eab/g7mko/Hl6KoL774Yu/evU8yG+VbvNra2q6urp6enpdfftl/t3pgnHi57lWr1WazmabprKysq1evEkK4WwHt7e2lpaUO/dva2n73u9+xr202G3crID09nWGYR48e7dy5c2RkhGGYzs7OgwcPsp8mJydzI2RlZbFfM3lk/13M3sDAgEwm8zydUCj093ftMcUbHh7mGp/ArYCSkhL2u4jvAWpqaoRCoVgsFovFFEWJRKJbt275LyEZ1/GlaTosLGx0dNSvwVjjPv0sFgtfP8jAFz4vZIRCYXl5eUJCgn3jrFmz7ty509LSQuwuYWbNmlVfX8/eIaqrq3MYx2q1BgYGSiQSmqZPnTrFY8JxGB0d3bZtW3FxscOzC6PRqNFoGIZhGOb8+fORkZGBgYGTJ55UKo2JiamuriaEVFdXL1u2zH/x3n//fYqidu3aNaYAq1atommaffYSFxfX0dERHR3tp4QeuFtA1vXr11UqVVBQ0JMPxvIcj6IomqZPnDixevXqJxwMvOClPLNXrPYtDg+vPvnkE5VKlZKSsn79eraxtbU1Pz9/3bp1dXV1DleshJCTJ0+mpaXl5eVpNJoncMVaVFTEXTdJpVK2UalUikSi559//tChQ9xcSUlJ9+/fZ19XVVXNnj1bLper1eq+vj6+wkwknn3CgYGBlStXisXi5ORkg8Hgp2z9/f1sMPbac+HChdxHLgPYLyDH3w+vxnd8CSFr1qzhTuPJEI9LODQ0JBaLRSJRaGhoXl6e/44vjI+API2/GwUAeIZNin95BQDwLEFhBQDgGQorAADPUFgBAHiGwgoAwDMUVgAAnqGwAgDwDIUVAIBnKKwAADxDYQUA4BkKKwAAz1BYAQB4hsIKAMAzFFYAAJ6hsAIA8AyFFQCAZyisAAA8Q2EFAOAZCisAAM9QWAEAeIbCCgDAMxRWAACeobACAPAMhRUAgGcorAAAPPNSWLds2bJ9+3bubXNzs1KpvHv3LkVRWVlZhJCJzO1h8PFJTU2VSCQSiaSnp8e+vaGhITo6etq0aTt27DCZTA5bNTU1JSYmymSyxMTEpqYm36dzOazX0dgOU6ZMCQkJmTJlirtunjOPKZXFYpHYmTp1qvOBY1OJxWKRSOSwgF6TjHsBW1tbly9fLpfLVSqVXq+3/6i2tlYikTg0csf3wIEDs2fPlkgka9eupShqaGhIpVIFBwdnZGQYjUbnibx28D2eu3PM4dOKigouv9cF9DymOy6H9eVYe1h24A3xSK1Wf/zxxzqdjn37wQcffPjhh01NTZ638pGfBl+0aFF3dzf31mg0lpWVGY1Gq9W6b9++HTt22HdmGCYkJKS5uZlhmHv37oWEhDAM48ssLof1Ohrbgf3o3LlzISEhf/vb35y7ec481lT2NBrN7t27HRrNZrNcLm9vb6dpurKyctq0adwCeh1w3AtICCkpKTEYDDRNnzt3Li4ujms3GAw5OTmxsbFdXV3OW82aNSsjI+Px48dci0KhKC8vp2m6vLxcqVQ6b+K1w5jiEadzzMGrr766fv16Nr/vh9LzmA58Gdblsfa8X8AX74W1paXl6NGjhJDBwcHDhw9XVFSwtS8zM5P7EUpJSbl58+bGjRvz8/M7Ojp8nNvD4ISQ3NzclJSUzMzM48ePW61WQsjw8PDWrVvNZjMh5Nq1a3/84x9dDhsTE+PuBG1ra0tKSnJojIqKam1tJYS0tLRERUX5GN7dsF5HYztERUXV1dVFRUV5ndRl5rGm4ixbtqy9vd2hUavVKhQK9rXVaqUoymVFc5dk4gtYV1eXmZnJvc3OzjYajfHx8c4xaJoWCoVarZZrGRkZkUql7KnIMIxUKjWZTPabeO0w1njE4zlGCJk2bVpbW5tzfs+H0vOYHrgb1uWxtue8X8AX74XVZDLt27fPbDafPn26s7OTq33p6elcYU1OTm5oaGAYRqfT5efn+zi3h8E5NE1fuXKltraWffvgwYMPP/ywp6fn7bffpmna5bAeTtDCwkKNRuPQqNfrw8LCKIoKCwvT6/U+hnc3rNfRuA4CgcCXSV1mHmsqbuqFCxc69xwdHZXJZGwVqKmpoSjq/v37vieZyAJmZGRQFDV37lyDwcC2nD179tKlS4QQl4W1t7dXIpF89NFHoaGhixcvvnPnzsOHD5csWcJ1iI+P574Dsbx2GFM8lodz7OzZsy+//HJ3d7dzfs+HctyF1d1Z7fJYs9ztF/DF+8MrgUCgUqkuXbp048aNiIgId90SEhIEAsHMmTN7e3uJ3W2dO3fuKJVKpVL5ww8/jGnw+vr6goIClUpVWlra0tLCNr700ktz5szZunXr3r17hcKxPXkrKyubPn36ihUr7BsZhomLi7ty5QrDMHV1dXFxcQzD2Hc4f/48e7vq8uXLXof1Ohrboa6ubu7cuWfOnJk7d+7ly5edu3nOPNZUnC+++GLv3r3OnYOCgi5evKhQKGQyWVtbm1gs9j3JBBewsrLSZrOVlZWxIxsMhrNnz7755psud4qiKEKIxWIJCwvr6+urqKhYunSp2Wy27+B8VpB/vcno0GFM8bxi88vlcueP3C2gV54TuhvW3bFmjXW/YMw81121Wm02m2mazsrKunr1KiHE3RUrt0lWVpaPd9k8DP7o0aOdO3eOjIwwDNPZ2Xnw4EF2E4ZhioqKcnJyPFwZufzNX1JSUlxc7Ny5q6vL/ttrVFSUy2/B7jgM63U0tgPXjXvtclJ3mceaikXTdFhY2OjoqOdtBwYGhEKhw/J6SDLBBeQIhUKTyVRTUyMUCsViMVvcRSLRrVu37Luxdyq4S06FQtHU1CSTyTx80x8eHvbcwfd43Ft3V5dsfoFA4JDfl0M5jitWd8P6eKyJ034BX3y66BMKheXl5QkJCf6o7C4Ht1qtgYGBEomEpulTp05x7d988838+fN/85vfFBUVWSwWH6d4//33KYratWuX80fh4eEPHjxobW2lKEqr1Wq12vDw8HEP63U0tsPjx48fPHhw+fJlrVZrMBhcTuoh81hTsa5fv65SqYKCgjxsOzo6um3btoiICPY2hS9Jxr2ARqNRo9EwDMMwzPnz5yMjIwMDA1etWkXTtMVisVgscXFxHR0d0dHR9lsFBASEhYXV1dURQnQ63bVr1/7t3/4tJiamurqaEFJdXb1s2bLAwED7TaRSqecOvsfzuhWbPzo6urOzk8s/7kPpmYdhPRzr8e0XjJnnusteVNq38H7F6nJwQsjJkyfT0tLy8vI0Gg17xfrw4cM9e/awgzc3N3/00UcOAxYVFXFXClKplG3s7+9nW9jrIO7GU1JSEnsn8fbt2/Hx8WKxOD4+vrGx0ZfkHoZ1N5rDdAEBAXK5PCAgwGU3d4OPOxUhZM2aNQ73r7lIhBClUikSiYKDg0Uikf0CehhwggtICKmqqpo9e7ZcLler1X19fQ6f2t+jZOfiji9b92NjY7///ntCyMDAwMqVK8VicXJyMnfT0H7vXHYYXzyX55hzQpFIJBQKu7q6vJ5+Hsb0wPMZ4vlYe1524IWATOxvUQEAwAH+5RUAAM9QWAEAeIbCCgDAMxRWAACeobACAPAMhRUAgGcorAAAPENhBQDgGQorAADPUFgBAHiGwgoAwDMUVgAAnqGwAgDwDIUVAIBnKKwAADxDYQUA4BkKKwAAz1BYAQB4hsIKAMAzFFYAAJ6hsAIA8CzgaQfgh9VqpWn6aacA+EkSCoUSieRpp3imPCOFlaZpq9X6tFMA/CShsPIOtwL+v+joaELIxMdZsGDBxAcBgJ+uZ+SKlaKo5cuX6/V6iqLCw8OzsrJycnIEAoHX/gKBIDIycteuXf/+7/9us9l4ScLXOADwE/XsFFabzfbdd99NnTrVZDJt3rw5Pj5+/vz5XvvL5fIHDx5kZGQ0NjY+sagA8Gx7pm4FiEQiiqICAgJEIpFMJmMbS0pKbt265a6/QCCYN2/ec889NzAwYP/RL3/5ywULFkRHRxcXF3N3b/V6fV5eXlRU1IIFC+7du0dRVHd3d25u7quvvrpp06aOjg5u8wsXLixZsiQ1NbWlpYVtaW9v37Bhw+uvv753797h4WGe9xwAJpNn54qVoqjFixdTFEXT9K9+9as5c+awje+9957nrdra2vr6+kJDQ+0bv/76a3ao2trar776KiMjg6bptLS0Y8eOffbZZ+xNBpqmd+zY8dlnn4WEhPT392dnZ587d04oFFIUZTAY6uvr9Xr92rVrr1y5QlFUVlbWn//854iIiHPnzr377ruHDh3if/8BYHJ4pgrrtWvXpk6darFY/vu///vq1atLlizx3J8txPPmzTt58mRAwL8sRU1NzfHjx9vb2wkhKpUqIyOjtbU1MTHR/sFUW1vb999/z81is9mMRqNcLqcoKjU1VSQSRUREJCUldXR00DS9fPnyF154gaKo5OTkffv22Ww2hxkB4JnxTP1ss7cCJBKJSqU6deqU18LKFmLn9t7e3vLy8j/96U9SqbS9vf3zzz+nKIoQwl6NchiGWbNmzUcffeQ8AvfcTCAQsH9p4LAtADzDnsGfdpvNVlNT48vfPLGF2JnFYgkKCgoMDLTZbMeOHWMbX3zxxfr6eq1Wy3V78cUXr1y58re//c35j7TOnTtHCOnu7r5w4cLcuXNffPHFCxcudHV1EUK++eabN954A5erAM+wZ6qwLl68eP78+QkJCcHBwWvXrmUbPTy8cmfmzJmRkZGLFi1SKpWvvfYa2xgQEPDnP/+5tLT0lVdeYR9eBQQEfPXVV3/4wx/Yx1nx8fHcCAKBIDY2Nicn5/PPPw8ICAgICDh58uR//dd/RUVF/eUvfzlw4ABfuwwAk5CAlz+Jf+pMJhP+5RXA+AiFQu6vaIAXz9QVKwDAZPCM3OkTCoW4awkwPp7/jSKMwzNyKwAAYPLArQAAAJ6hsAIA8AyFFQCAZyisAAA8Q2EFAOAZCisAAM9QWAEAeIbCCgDAMxRWAACeobACAPAMhRUAgGcorAAAPENhBQDgGQorAADPUFgBAHiGwurIYrFI7EydOpX9T9a2trYuX75cLperVCq9Xo+EiPd/NiF4hf/qviOJRGKxWNjXtbW13377LfvfV6+qqjp9+nRwcLBGo0lLS/vuu++QEPH+byYE78hPR0pKys2bNzdu3Jifn9/R0fEEZly2bFl7e7tDY11dXWZm5hOY3ReTPCHiTdDkTwgu/ZQKa3JyckNDA8MwOp0uPz/f39Pp9fqFCxfat2RkZFAUNXfuXIPB4O/ZfTHJEyLeBE3+hODOT6ywMgzDvs7IyOBe+8mHH35YVVXl0Giz2WpqamJjY/06tY8meULEm6DJnxDc+Sn9zwRXr1599uxZ9vW6deu+/PJL//3fJRmGmT59uk6nCwoKcv5UJBKNjIwEBgb6aXZfTPKEiDdBkz8heIC/CnDt+vXrKpWKO6eNRqNGo2EYhmGY8+fPR0ZGPvVzepInRLxnPiF4gMLq2oEDBwoKCri3wcHBw8PDv/jFL0JDQ8+cOXPx4sWnmI01yRMi3gRN/oTgwU/pVgAAwE8CrlgBAHiGwgoAwDMUVgAAnqGwAgDwDIUVAIBnKKwAADxDYQUA4BkKKwAAz1BYAQB4hsIKAMAzFFYAAJ6hsAIA8AyFFQCAZyisAAA8Q2EFAOAZCisAAM9QWAEAeIbCCgDAMxRWAACeobACAPAMhRUAgGcorAAAPENhBQDgGQorAADPUFgBAHj2NAvrkSNHRkdHx7FhSUkJTdO85/FFbm7u48ePJzJCamqqzWbjK4+zCSac5PEoPyec5PGoSX98geVYWLds2bJ9+3bubXNzs1KpvHv3Lu8TDwwMCIXCKVOmUBSl1Wp3796dkZFRUlLyz3/+k0uiVCpTU1Pz8vJOnDhhfzKtXLny2rVrHgZvaGiIjo6eNm3ajh07TCYT1z40NKRSqYKDgzMyMoxGo/OGnjvo9fqAgICf/exn7NvW1tbly5fL5XKVSqXX651Ha2pqSkxMlMlkiYmJTU1NbGNBQcGpU6dcJvQaz+uMDgkpiqqtrZVIJC47u+wwkXjult1DPA8JU1NTJRKJRCLp6emxbx93QovFIrEzdepUQsi441EUtWrVKm60Cxcu2MdzGZ49H+RyeU5Ojtlsdh7Q64xjOr4uM7Dx3E0NvCH/Sq1Wf/zxxzqdjn37wQcffPjhh01NTYRvlZWVLS0thBCTyZSent7V1cUwjMFgqKqq4pIMDQ0xDGMyma5du7Z27drHjx+zH9lstl//+tfuRjYajWVlZUaj0Wq17tu3b8eOHdxHCoWivLycpuny8nKlUum8recORUVFjY2N3NuSkhKDwUDT9Llz5+Li4hw6MwwTEhLS3NzMMMy9e/dCQkIYhiGEWCyWl156yWVCr/E8z+ic0GAw5OTkxMbGdnV1uVwr5w7jjudh2d3F8yXhokWLuru77VsmsoAcjUaze/fuCcZTKBS9vb0OjRaLZd68ec7hzWazXC5vb2+nabqysnLz5s0ug3mecazHlzgtoH088B8XhbWlpeXo0aOEkMHBwcOHD1dUVHCFtbe3d//+/enp6Xv27OGKb25ubkpKSmZm5vHjx61WK9uYkpJy8+bNjRs35ufnd3R0OE9cUFAwOjpKCHn06NG2bducMSlGAAAgAElEQVScO6jV6uHhYe5tZWXlqVOnuLdvv/22/afutLW1JSUlsa9HRkakUilb3RiGkUqlJpPJvrPXDq+88gpX3O3V1dVlZmY6t0dFRbW2thJCWlpaoqKiuPaYmJjBwUGHhF5n92VGh4TZ2dlGozE+Pt7dD57LDhOPZ7/sHuL5kjAmJsahsPKScNmyZe3t7ROMp1Ao+vv7XWZm49mH12q1CoWCfW21WimKomnaeVvPM471+BJXC2i/euAnLu6xRkRE6PV6i8Vy+fLl5ORkrp1hmAMHDhQWFlZWVr799tvFxcWEEIqiDh8+/NVXX3355Zfz5s27fPky25mmabPZ/Pvf//699947cOCA82Xy3//+98DAQIqiQkNDf/GLX3z22Wfff/99f3+/uyvrV199tbm5mXv7wgsveOjM+fTTT9966y32dV9f3+uvvy4QCCiKEggEr776al9fn31nzx0IIXfv3pXJZPabrF27ViAQqNXqY8eOOc+u0WhiYmIEAsHixYs1Gg3XvmDBgq6uLoeEXuN5ndEhYU1NTXZ2tkNge+46TCSew1Ye4vmS0J0JJuzu7n706NGcOXMmHm/BggXPPfdcYWGh/Z0H+3iciIiIb7/9lv3OXltbS1HU4OCgQx/PM471+HrI7BwP+OWisAoEApVKdenSpRs3bkRERHDtOp2uubl5w4YNqampmzZt0ul0w8PDFEXV19cXFBSoVKrS0tKWlhauf0JCgkAgmDlzJvt1yUOIwsLC7OzsKVOmnDlzhqvXzhiG+f+5hd4fu5WVlU2fPn3FihXsW4dhnUfw2sFZZWWlzWYrKyvjZrFPGxcXd+XKFYZh6urq4uLiuPzcyPYJfZzdw4z2DAbD2bNn33zzzXF0mEg8ymnZx53Qgwkm/OKLL/bu3TvxeLW1tV1dXT09PS+//HJ2drbnqYOCgi5evKhQKGQyWVtb24wZM8Yx4/g6O/DlxIaJcriCVavVZrOZpumsrKyrV68SQrhbAe3t7aWlpQ79Hz16tHPnzpGREYZhOjs7Dx48yLYnJydzfbKystgvaPby8/PZWwEO3n333YcPHxKnWwFVVVXc7VdCyM6dO41Go4dL8ZKSErZGc4aHh2UymYevil47zJ8/392kQqHQoXNXV5f91/+oqCju+1psbOzAwIBDQq+ze53RPmFNTY1QKBSLxWKxmKIokUh069Yt+54eOkwknvOyu4znS0KWy1sBE0lI03RYWJjLc28c8VgWi8X+R4mN5y48IWRgYICLyvFlRt+PL8c5AxcP/Mf17y6hUFheXp6QkGDfOGvWrDt37rBPnLhGq9UaGBgokUhomh7T08b4+Hj2a9HAwEBDQwN7avb397e3twcHB9v3tFqtjY2NVVVVCoWCbaFp2mAwePgS9P7771MUtWvXLvtGqVQaExNTXV1NCKmurl62bBl7L8L3Dunp6dwludFo1Gg0DMMwDHP+/PnIyEiHzuHh4Q8ePGhtbaUoSqvVarXa8PBwiqJsNltvb29paalDQq+ze53RPuGqVatomrZYLBaLJS4urqOjIzo62r6nuw7jjudu2d0toNeE7kwkIUVR169fV6lUQUFBfMWjafrEiROrV6+2jxcSEuIu/+jo6LZt24qLi9m7FhxfZvT9+LrjNR7ww6HQsles9i0OD68++eQTlUqVkpKyfv16tvHkyZNpaWl5eXkajcb3K9a+vr7jx48TQhiGuXnz5tatW5VK5c6dO69fv84lWbNmTUpKyubNmz///HP737F3796tq6tz97uCvfcqEonY3+cLFy7kPhoYGFi5cqVYLE5OTjYYDGxjUlLS/fv3PXTg6HS6wsJC7m1VVdXs2bPlcrlare7r63Me7fbt2/Hx8WKxOD4+nnuYW19ff+TIEZcJvcZzOaOHhCz7hxv2o7nsMNZ43Jgelt1zPHcJi4qKuMsxqVTKdZ7IAhJC1qxZ4+6vXMYUb2hoSCwWi0Si0NDQvLw8brr6+vqTJ0+6DK9UKkUi0fPPP3/o0CHuJ8LrEfGa0N3xdZmBjedy94FHjoX1STp48KAvT/adFRUV2Ww23vP4Qq1WOxfcMVmzZo3FYuErj7MJJpzk8YifE07yeGTSH19gCYjHx0oAADBWeD4IAMAzFFYAAJ6hsAIA8AyFFQCAZyisAAA8Q2EFAOAZCisAAM9QWAEAeIbCCgDAMxRWAACeobACAPAMhRUAgGcorAAAPENhBQDgGQorAADPUFgBAHiGwgoAwDMUVgAAnqGwAgDwDIUVAIBnKKwAADxDYQUA4BkKKwAAz1BYAQB4NikKa3p6+tOOAADAG34K65YtW7Zv3869bW5uViqVd+/e9XFzm83GvsjKyiKE8BJpTFJTUyUSiUQi6enp4RqbmpoSExPlcnlOTo7ZbHbeiu0gk8kSExObmpr8F6+hoSE6OnratGk7duwwmUxs49DQkEqlCg4OzsjIMBqNzlu1trYuX75cLperVCq9Xv+E4/mS0GsHvyb0OvuqVask/+vChQv+ize+0++JHV8YB34KK03TM2fO/Mc//sG+raqqeuONN8YxTkVFhUAg4CXSmJw5c8ZisURGRnItFotlyZIlJ06cGBwcXL58eUFBgcMmhJClS5ceP37caDQeO3Zs6dKlfvqVMDw8/MMPP9TX13d3d8vl8t27d7PtGRkZaWlpQ0NDSqUyOzvbecOqqqrTp08PDg6q1eq0tDR/ZPMQz5eEXjv4NaHX2W02W1dXl8VisVgsCoXCT/GocZ1+1JM6vjBOhA9qtbqlpeXo0aOEkMHBwcOHD1dUVDQ1NbGf9vb27t+/Pz09fc+ePTqdjm3s6OjYtm1bdnb2d999l5KSwjZmZmYyDEMIyc3NTUlJyczMPH78uNVqZT9NSUm5efPmxo0b8/PzOzo6eEluLyYmpru7m32t1WoVCgX72mq1UhRF07RD/6ioqNbWVkJIS0tLVFQU73mctbW1JSUlEUJGRkakUim7VgzDSKVSk8nkbqu6urrMzMwnGc+XhGPaBd4T+jK7QqHo7+/3dyTOWE8/zhM7vuA73gqryWTat2+f2Ww+ffp0Z2cnV1hpmn7nnXcMBgPDMAMDA7m5uQzD2Gy29evX9/T00DT99ddfc4U1PT2dPddZNE1fuXKltraWfZucnNzQ0MAwjE6ny8/P5yW5Pfsze3R0VCaTdXV1EUJqamooinL+GdPr9WFhYRRFhYWF6fV63vM4Kyws1Gg0hJCHDx8uWbKEa4+Pj+d+Y9nLyMigKGru3LkGg+FJxvMloY+74KeEvsyuUChmzJgRGhq6devWx48f+zvbWE8/8sSPL/iOt4dXAoFApVJdunTpxo0bERERXLtOp2tubt6wYUNqauqmTZt0Ot3w8HBnZ2diYuL06dOFQmFSUpLzaPX19QUFBSqVqrS0tKWlhWtPSEgQCAQzZ87s7e0l/rwbGxQUdPHiRYVCIZPJ2traZsyY4dCBYZi4uLgrV64wDFNXVxcXF8cwjP/yUBRVVlY2ffr0FStWUBTlsO9CoevjWFlZabPZysrK2K2eWDxfEvq4Czwa6wLW1tZ2dXX19PS8/PLL/rtT4ZLX04/1JI8vjA0v5VmtVpvNZpqms7Kyrl69Sgjhrljb29tLS0sd+re1tf3ud79jX9tsNocr1kePHu3cuXNkZIRhmM7OzoMHD7KfJicncyNkZWXZX9vywv6Swd7AwIBMJnOYrqury/7rf1RUFHt94SclJSXFxcXc2+HhYS6SL9+jhUKhX79oO8TzJeFYd4HfhGOa3WKx8PWT4sGYTj8H/j6+MFZ8XiYIhcLy8vKEhAT7xlmzZt25c6elpYXYXSPMmjWrvr6e/XZTV1fnMI7Vag0MDJRIJDRNnzp1iseE4zA6Orpt27bi4mKHp2rh4eEPHjxobW2lKEqr1Wq12vDwcD9leP/99ymK2rVrF9cilUpjYmKqq6sJIdXV1cuWLQsMDLTfxGg0ajQahmEYhjl//nxkZKRDB7/G8yWh1w5+Tej77DRNnzhxYvXq1X7K5pm70+9JHl8YD17KM3vFat/i8PDqk08+UalUKSkp69evZxtbW1vz8/PXrVtXV1fnfI/15MmTaWlpeXl5Go3mCVyxFhUVicViiqJEIpFUKmUblUqlSCR6/vnnDx06xM2VlJR0//599vXt27fj4+PFYnF8fHxjYyNfYRz09/ezwcRisVgsXrhwIds+MDCwcuVKsVicnJxsf4uNS1hVVTV79my5XK5Wq/v6+p5wPHcJ7RfQ3S48mYSe4w0NDYnFYpFIFBoampeX59ebmL6ffuSJH18YHwF5Gn83CgDwDJsU//IKAOBZgsIKAMAzFFYAAJ6hsAIA8AyFFQCAZyisAAA8Q2EFAOAZCisAAM9QWAEAeIbCCgDAMxRWAACeobACAPAMhRUAgGcorAAAPENhBQDgGQorAADPUFgBAHiGwgoAwDMUVgAAnqGwAgDwDIUVAIBnKKwAADxDYQUA4BkKKwAAz1BYAQB45qWwbtmyZfv27dzb5uZmpVJ59+5diqKysrIIIROZ28Pg45OamiqRSCQSSU9Pjy/tvnzqQUNDQ3R09LRp03bs2GEymdjGpqamxMREuVyek5NjNpudtyKEHDt27Oc//7lQKBSLxZ67zZ49WyKRrF271vdUra2ty5cvl8vlKpVKr9ezjUNDQyqVKjg4OCMjw2g0OmxisVjYFRCJRAKBQCAQdHd3e95NXqKOdQG5I7Vq1Sr7ffG8d5za2lqJRMKtiVcuV9Lz2cKtpFAoZFdSIpFcuHDBuSe7mzKZLDExsampycdIlKtF4yZlTZ061fkH0+W+gP94Kaw0Tc+cOfMf//gH+7aqquqNN95gX1dUVAgEgonM7WHw8Tlz5ozFYomMjPSx3ZdP3RkeHv7hhx/q6+u7u7vlcvnu3bspirJYLEuWLDlx4sTg4ODy5csLCgqcNywrK/v222+NRmNbW5vZbPbQ7dq1a3/7298sFktlZaXvwaqqqk6fPj04OKhWq9PS0tjGjIyMtLS0oaEhpVKZnZ3tsIlEIrFYLBaLhaZpjUYzY8YM7si63E1eoo5jAdkjNWXKlFWrVtnvi+e9Yw0NDZ05c2bRokU+xqPcrKTns4VbyaSkpMrKyt27d1ssFoVC4dCNELJ06dLjx48bjcZjx44tXbrUx2sUl4vGTWqxWM6ePbt161bnH0yX+wJ+RDxSq9UtLS1Hjx4lhAwODh4+fLiioqKpqYkQkpmZyTAM2y0lJeXmzZsbN27Mz8/v6OjwPKYvgxNCcnNzU1JSMjMzjx8/brVaCSHDw8Nbt241m82EkGvXrv3xj390OWxMTEx3d7fv7b586llbW1tSUhIhRKvVKhQKttFqtVIURdO0fU+apoOCgv7617/60s1gMIwvD6uuri4zM5MQMjIyIpVK2YPFMIxUKjWZTO62WrZsWWRkpMul4HaT96i+L+DIyIhQKNTr9dy+DAwM+LJ32dnZRqMxPj6+q6trrPG4leR4PVsUCkV8fHx7e7u7DlFRUa2trYSQlpaWqKiosUYibg7HsmXLPExKXO0L+IP3e6wRERF6vd5isVy+fDk5OZlrp2na/rXZbP7973//3nvvHThwwPey7m5wiqIOHz781Vdfffnll/Pmzbt8+TJFUVKpdOvWrb/5zW/++c9/nj59Oisry/eJ/OrTTz996623KIqKiIj49ttv2a9atbW1FEUNDg7a93z06NH06dOvXr36zTffvP76642NjR66lZeXP/fcc2+88UZjY+OY8qxdu1YgEKjV6mPHjlEU1dfX9/rrr7NXMQKB4NVXX+3r63O5YXd396NHjwIDAz3vJo9RHUb2uoB9fX0ymcx+X7Rarde9q6mpyc7OlslkYw3msJK+M5vNt27deu211woLC13endBoNDExMQKBYPHixRqNZqzBKFeHgz18c+bMcdl/3PsC4+C9sAoEApVKdenSpRs3bkRERLjrlpCQIBAIZs6c2dvbS+y+19y5c0epVCqVyh9++GFMg9fX1xcUFKhUqtLS0paWFrbxpZdemjNnztatW/fu3SsUPoknb+fPn2dvXbHF3VlZWdn06dNXrFhBUVRQUNDFixcVCoVMJmtra5sxY4ZDZ0LIw4cPf/7zn1+9enV4eHjRokUPHjxw1y08PLyvr6+iomLp0qUOdxs9p6qsrLTZbGVlZWwq8q9fMz2s2xdffLF3716vu8ljVGrsC+iwL173zmAwnD179s0333Q5+5hW0ncrVqwoLy/v6el5+eWXne9OMAwTFxd35coVhmHq6uri4uIYhvE9FeXmcHg4fBPZFxgPzxe0arXabDbTNJ2VlXX16lVCCPdtPT09nbsVkJyczG2SlZXFtY978EePHu3cuXNkZIRhmM7OzoMHD7KbMAxTVFSUk5PDfhl06UneCigpKSkuLnb50cDAgEwmc1gK9uste2eDEKJQKBobG33pptVqx5qNECIUCk0m0/DwMDeFhy/LNE2HhYWNjo46L4WH3Zxg1LEu4PDwsMOtgEePHnneu5qaGvY5oVgspihKJBLdunXL94QsdiW5t57PFm4lCSEWi8X5p6yrq8v+639UVNSYblC4XDT7ST1z2BfwB58u+oRCYXl5eUJCgj8qu8vBrVZrYGCgRCKhafrUqVNc+zfffDN//vzf/OY3RUVF7Cn7FL3//vsURe3atcv5o9HR0W3bthUXFzs8RggICMjMzKytrSWE6HS6a9eulZaW+tJt1qxZvkQyGo0ajYZhGIZhzp8/HxkZGRgYKJVKY2JiqqurCSHV1dXLli1z+WX/+vXrKpUqKCjI992cSFTPI7tbQKlUGhwcrNFouH0JDQ31vHerVq2iaZp9thMXF9fR0REdHe01m8uV9HG/uJWkafrEiROrV6926BAeHv7gwYPW1laKorRarVarDQ8P93Fwd4vm7vBNcF9gnDzXXfai0r6F9ytWl4MTQk6ePJmWlpaXl6fRaNgr1ocPH+7Zs4cdvLm5+aOPPnIYsKioiLsqkUqlntuTkpLu37/vYSvP+vv72U3YS6GFCxey7UqlUiQSPf/884cOHbJfB246o9G4bt069g+bwsLCPHcLCgqKjY39/vvvfUxFCKmqqpo9e7ZcLler1X19fWzjwMDAypUrxWJxcnIy96CJm4u1Zs2arVu3OiyFu92ceNQxLSA7F3ek2GrL7Ysve8ca08Mrlyvp7myxn27lypUBAQEikSg0NDQvL8/+yR7X7fbt2/Hx8WKxOD4+vrGxcYKLRghZs2YN97PjHMnlvoD/CMjE/hYVAAAc4F9eAQDwDIUVAIBnKKwAADxDYQUA4BkKKwAAz1BYAQB4hsIKAMAzFFYAAJ6hsAIA8AyFFQCAZyisAAA8Q2EFAOAZCisAAM9QWAEAeIbCCgDAMxRWAACeobACAPAMhRUAgGcorAAAPENhBQDgGQorAADPAp52AH5YrVabzfa0UwD8JAmFwsDAwKed4pnyjBRWmqZRWAHGB4WVd7gVwI8FCxY87QgAMFk8O4WVEHLhwoW0tLTIyMj169f/9a9/5be/Zy6vl6OjowkhYxonKipqgiMAwFP3jNwKoCjqyJEjWq32+PHjoaGhIyMjp06deuWVVwIC3O7gWPuPw+3bt8e6iUOBHscIAPDUPSNXrCMjI5999tlHH3303HPPCQQCmUy2YcMGtkqWlJTcunXLof/o6Ki7/u3t7Rs2bHj99df37t07PDzM9l+wYMHFixeXLl26Zs0avV7/5ZdfxsbGZmdnG41GbswLFy4sWbIkNTW1paWFbeGuNxcsWFBXV7d06dLk5OQHDx6wn/7yl79csGBBdHR0cXGx1Wplo9pstvnz5y9YsIBhGPsR3KVyHhYAnrpnpLA+fPjwjTfekEgkzh+99957MTExPva32WxZWVn79++/fft2dHT0u+++y7XTNF1XV/fuu+/+53/+57x587777juVSnXixAluW4PBUF9fX1ZWtmHDBvbCk7v8tNlsIyMjdXV1hw4devvtt9nGr7/++scff7xx40ZUVNRXX33FRhWJRD/++OOPP/4oFAq5ETykch4WAJ66Z6SwUhQlEAgm3r+1tXX58uUvvPCCUChMTk7+9ttvueKoUCiEQuFrr70WGhq6aNEioVAYFxf3P//zP9y2qampIpEoIiIiKSmpo6PDYeRf/vKXQqFwzpw5XV1d7EVoTU1NcnJyZGTkO++88+OPP3KpnIN5SOU8LAA8dc9IYZ01a9b169d9/4srD/3ZS0VnbL1j7xtwLfa1jCuIDu0On4pEIoqient7y8vL//SnP929e7empoamac+BPafihgWAyeAZKawymexXv/rV3r17BwcHKYoymUyVlZUe6qxUKnXZ/8UXX7xw4QJ79ffNN9+88cYbvj/OOnfuHCGku7v7woULc+fO9dzZYrEEBQUFBgbabLZjx45x7aGhoaOjow6dJ5IKAJ68Z6SwUhT11ltvxcXFbdiw4ZVXXlm/fv2cOXM8PLxy1z8gIODkyZP/9V//FRUV9Ze//OXAgQO+BxAIBLGxsTk5OZ9//rnXwjdz5szIyMhFixYplcrXXnuNa9+1a9d//Md/cA+vWBNJBQBPnosvrT9FJpOJfbAOAGMlFAq5G1zAi2fnihUAYJJ4Rm7V4dENwLiN9S9qwKtn5FYAAMDkgVsBAAA8Q2EFAOAZCisAAM9QWAEAeIbCCgDAMxRWAACeobACAPAMhRUAgGcorAAAPENhBQDgGQorAADPUFgBAHiGwgoAwDMUVgAAnqGwAgDwDIXVhVWrVkn+14ULF9jGpqamxMREmUyWmJjY1NSEhIj3fzkheEHAiUKh6O3ttW9hGCYkJKS5uZlhmHv37oWEhDAM87TikUmfEPEmaPInBM9+SlesSqXy1q1bmzZtKigo+Pvf/+7XuYTCf1kZgUAwZ84ciUQiEAgkEsmcOXOe+v/NYpInRLwJmvwJwZOnXdnHIDk5uaGhgWEYnU6Xn5/vv4kUCsWMGTNCQ0O3bt36+PFjtlGv14eFhVEUFRYWptfr/Tf7M5AQ8Z75hODZT6ywcl9/MjIy/P1VyGKxfPbZZ0qlkhBC0/TcuXN//PFHhmGamprmzp1L07RfZ38GEiLeM58Q3PmJFVbudVZW1hO4x2SxWNiL+q6urqioKK49Kiqqq6vL37P7YpInRLwJmvwJwaWf0j3WJ4ym6RMnTqxevZqiqPDw8AcPHrS2tlIUpdVqtVpteHj40w442RMi3gRN/oTg1tOu7GPwZK5Yh4aGxGKxSCQKDQ3Ny8szGAxs++3bt+Pj48VicXx8fGNjoz+mfjYSIt4znxC8EhBCnnZtBwB4puBWAAAAz1BYAQB4hsIKAMAzFFYAAJ6hsAIA8AyFFQCAZyisAAA8Q2EFAOAZCisAAM9QWAEAeIbCCgDAMxRWAACeobACAPAMhRUAgGcorAAAPENhBQDgGQorAADPUFgBAHiGwgoAwDMUVgAAnqGwAgDwDIUVAIBnKKwAADxDYQUA4BkKKwAAz55mYT1y5Mjo6Og4NiwpKaFpmvc8vsjNzX38+PFERkhNTbXZbHzlcTbBhJM8HuXnhJM8HjXpjy+wHAvrli1btm/fzr1tbm5WKpV3797lfeKBgQGhUDhlyhSKorRa7e7duzMyMkpKSv75z39ySZRKZWpqal5e3okTJ+xPppUrV167ds3D4A0NDdHR0dOmTduxY4fJZOLah4aGVCpVcHBwRkaG0Wh02MpisUjsTJ06lRBi30Gv1wcEBPzsZz9j37a2ti5fvlwul6tUKr1e7xxj1apV3GgXLlxgGwsKCk6dOpWamsq29/T0cP2bmpoSExPlcnlOTo7ZbPZ9v9wlpCiqtrZWIpG4jOdyNSYSz+uMvi+gh2PBJnS5FJ6Pr9cOYz2+hJBjx47Nnj1bIpGsXbt24vG8zmif0HNndwvIxnMeGXhG/pVarf744491Oh379oMPPvjwww+bmpoI3yorK1taWgghJpMpPT29q6uLYRiDwVBVVcUlGRoaYhjGZDJdu3Zt7dq1jx8/Zj+y2Wy//vWv3Y1sNBrLysqMRqPVat23b9+OHTu4jxQKRXl5OU3T5eXlSqXSQzyNRrN7926HxqKiosbGRu5tSUmJwWCgafrcuXNxcXHOgygUit7eXodGi8Uyb9489vWiRYu6u7vZ12azWS6Xt7e30zRdWVm5efNm3/fLXUKDwZCTkxMbG9vV1eUynvNqjDueLzOOdQFZDsfCYrG89NJLLpfC6/H13GGs8T799NPs7GzutJx4PK8z2if0cfXIvy6g/fEF/3FRWFtaWo4ePUoIGRwcPHz4cEVFBVdYe3t79+/fn56evmfPHq745ubmpqSkZGZmHj9+3Gq1so0pKSk3b97cuHFjfn5+R0eH88QFBQWjo6OEkEePHm3bts25g1qtHh4e5t5WVlaeOnWKe/v222/bf+pOW1tbUlIS+3pkZEQqlTIMQwhhGEYqlZpMJncbLlu2rL293aHxlVdecfgpYtXV1WVmZjq3KxSK/v5+5/aYmJjBwUH2BVe5tFqtQqFgX1utVoqiaJr2Zb88JMzOzjYajfHx8c5lzsNqTCSehxmd43HcLSDL+VhwCYndUng9vl47jCkeTdNBQUEGg8G5//jieZ3RXULPq0ecFtA+HviJi8JqMpn27dtnNptPnz7d2dnJFVaapt955x2DwcAwzMDAQG5uLnuWsGiavnLlSm1tLfs2OTm5oaGBYRidTpefn+8wC8MwycnJ3OYHDx787W9/29jY2NfXZ5/EvnQ+ePBg//793NuDBw8+fPjQ6+4VFhZqNBr29cOHD5csWcJ9FB8fz/1ucKDX6xcuXOicmaIo+10mhGRkZFAUNXfuXJc/YAqFYsaMGaGhoVu3brX/eVCr1ffu3SP/WrlGR0dlMhlbj2pqaiiKclmUnffLXcKzZ89eunSJ3VPnMudhNcYdz/OM41hA4uejxLYAABQUSURBVOZYcAntl8Lr8fXcYazxent7X3jhhSNHjoSGhi5evPjOnTsTjOd1RueEXlePuFpA+3jgJy4eXgkEApVKdenSpRs3bkRERHDtOp2uubl5w4YNqampmzZt0ul0w8PDFEXV19cXFBSoVKrS0tKWlhauf0JCgkAgmDlzJvt12MPtiMLCwuzs7ClTppw5c6a4uNhdZ/bEYgmF3h+7lZWVTZ8+fcWKFexbh2E9jPDFF1/s3bvX6/gURVVWVtpstrKyMm4We7W1tV1dXT09PS+//HJ2drbnqYOCgi5evKhQKGQyWVtb24wZM9xN6rBfLhkMhrNnz7755pvuOnhYjfHF8zqjS54XkHJzLLiE9kvh9fj6fgL4Eo8Q8vDhw/Dw8L6+voqKiqVLl3L3nccXz+uM4+vsvIC+7DhMlEOhVavVZrOZpumsrKyrV68SQrgr1vb29tLSUof+jx492rlz58jICMMwnZ2dBw8eZNuTk5O5PllZWQ4XAoSQ/Px89laAg3fffZe9FHW4Yq2qquJuvxJCdu7caTQaPfzGKCkpYWs0Z3h4WCaTef0uRtN0WFiYy2zz5893N6lQKPTwzc5isdgvdWxs7MDAAPnXS0J7AwMDXFSv++UyYU1NjVAoFIvFYrGYoiiRSHTr1i37nh5WY3zxvM5Ixr6A7o4Fm9BhKbweX68dxhSPvR/C3ftSKBRarXYi8XxZEHcJ3Z1+LheQO77gP65/dwmFwvLy8oSEBPvGWbNm3blzh33ixDVardbAwECJRELT9JieNsbHx7OPMgcGBhoaGtjS09/f397eHhwcbN/TarU2NjZWVVUpFAq2haZpg8Egk8ncDf7+++9TFLVr1y77RqlUGhMTU11dTQiprq5etmxZYGCg87bXr19XqVRBQUHOH6Wnp3OX5EajUaPRMAzDMMz58+cjIyNdjsamPXHixOrVq9m3Nputt7c3JCTEXfjR0dFt27YVFxcLBAJf9stlwlWrVtE0bbFYLBZLXFxcR0dHdHS0L6sx7nheZ6TGvoAujwWbsLS01GEpvB5frx3GFC8gICAzM5O996XT6a5duzZr1qyJxPNlQbiEPp5+zgvo9fgCPxwKLXvFat/i8PDqk08+UalUKSkp69evZxtPnjyZlpaWl5en0Wh8v2Lt6+s7fvw4IYRhmJs3b27dulWpVO7cufP69etckjVr1qSkpGzevPnzzz+3/x179+7duro6d78r+vv7KYoSiUTs1ZP9DaaBgYGVK1eKxeLk5GTutlRSUtL9+/e5PmvWrHH3VxA6na6wsJB7W1VVNXv2bLlcrlarubvD3GhDQ0NisVgkEoWGhubl5XHT1dfXnzx5sqioiLuyk0ql7EdKpVIkEj3//POHDh3iVowb0MN+uUvIsr/jab+zLldjrPGcF5C4ucc61gUkbo5FfX39kSNHXC6F1+PrssO44xmNxnXr1gUFBcXGxn7//fcTj+dyRncJvcZzuYDs8XUeGfjlWFifpIMHD/ryZN9ZUVGRzWbjPY8v1Gq1hwcFvlizZo3FYuErj7MJJpzk8YifE07yeGTSH19gCYjHx0oAADBWeD4IAMAzFFYAAJ6hsAIA8AyFFQCAZyisAAA8Q2EFAOAZCisAAM9QWAEAeIbCCgDAMxRWAACeobACAPAMhRUAgGcorAAAPENhBQDgGQorAADPUFgBAHiGwgoAwDMUVgAAnqGwAgDwDIUVAIBnKKwAADxDYQUA4BkKKwAAzyZFYU1PT3/aEQAAeMNPYd2yZcv27du5t83NzUql8u7duz5ubrPZ2BdZWVmEEF4ijUlDQ0N0dPS0adN27NhhMpnYxqGhIZVKFRwcnJGRYTQanbdqbW1dvny5XC5XqVR6vd5/8VJTUyUSiUQi6enp4RqbmpoSExNlMlliYmJTU5PzVoSQY8eOzZ49WyKRrF279gnH4xLK5fKcnByz2ey8odcV9mtCr/G8duDL+E4/d8sOkwLhg1qt/vjjj3U6Hfv2gw8++PDDD5uamnzcPCUlhZcY42M0GsvKyoxGo9Vq3bdv344dO9h2hUJRXl5O03R5eblSqXTesKSkxGAw0DR97ty5uLg4f+dctGhRd3c3+5phmJCQkObmZoZh7t27FxISwjCMQ/9PP/00Ozv78ePH/g7mHI8QYjab5XJ5e3s7TdOVlZWbN2923sTrCvsvodd4vuTnxbhPP+edgsmDt8La0tJy9OhRQsjg4ODhw4crKiq4wtrb27t///709PQ9e/Zwxbejo2Pbtm3Z2dnfffcdV1gzMzPZApGbm5uSkpKZmXn8+HGr1cp+mpKScvPmzY0bN+bn53d0dPCS3EFbW1tSUhIhZGRkRCqVsmEYhpFKpSaTyd1WdXV1mZmZ/shjLyYmxv5HKCoqqrW1lRDS0tISFRXl0Jmm6aCgIIPB4O9U7uJptVqFQsG+tlqtFEXRNG3ff0wrzHtCr/G8dvCHcZx+DssOkwRvhdVkMu3bt89sNp8+fbqzs5MrrDRNv/POOwaDgWGYgYGB3NxchmFsNtv69et7enpomv7666+5wpqenm5/5UXT9JUrV2pra9m3ycnJDQ0NDMPodLr8/HxekjsoLCzUaDSEkIcPHy5ZsoRrj4+P534l2MvIyKAoau7cuU+ghDn8COn1+rCwMIqiwsLC9Hq9Q+fe3t4XXnjhyJEjoaGhixcvvnPnzhOONzo6KpPJurq6CCE1NTUURfX399v393GF/ZTQazyvHfxhrKcfQWGdrHh7eCUQCFQq1aVLl27cuBEREcG163S65ubmDRs2pKambtq0SafTDQ8Pd3Z2JiYmTp8+XSgUJiUlOY9WX19fUFCgUqlKS0tbWlq49oSEBIFAMHPmzN7eXsL33diysrLp06evWLGCoiiHwYVC1wtVWVlps9nKysrYrZ4YhmHi4uKuXLnCMExdXV1cXBzDMPYdCCEPHz4MDw/v6+urqKhYunSpX+8SOgsKCrp48aJCoZDJZG1tbTNmzHDo4OMK+4nXeF478G4cpx9MXryUZ7VabTabaZrOysq6evUqIYS7Ym1vby8tLXXo39bW9rvf/Y59bbPZHK5YHz16tHPnzpGREYZhOjs7Dx48yH6anJzMjZCVleV8V3EiSkpKiouLubfDw8Mymcz3L6pCofBJfpPt6uqy//ofFRXFXltx2G+v3F0UhUKh1WqfWDwHAwMD3GJyxrrC/kvoMt6YOkzcuE8/XLFOTnz+JhQKheXl5QkJCfaNs2bNunPnTktLC7H7JTxr1qz6+nr2u1VdXZ3DOFarNTAwUCKR0DR96tQpHhO68/7771MUtWvXLq5FKpXGxMRUV1cTQqqrq5ctWxYYGGi/idFo1Gg0DMMwDHP+/PnIyEiHDn4VHh7+4MGD1tZWiqK0Wq1Wqw0PD7fvEBAQkJmZyd5F0el0165dmzVr1hOLZ290dHTbtm3FxcUCgcC+3esKP914vneYuHGcfjDZ8VKe2StW+xaHh1effPKJSqVKSUlZv34929ja2pqfn79u3bq6ujrne6wnT55MS0vLy8vTaDT+vmLt7++nKEokEonFYrFYvHDhQrZ9YGBg5cqVYrE4OTmZu4WalJR0//599nVVVdXs2bPlcrlare7r6+MljEtFRUVisZgNKZVK2cbbt2/Hx8eLxeL4+PjGxkauM5fQaDSuW7cuKCgoNjb2+++/f8LxCCFKpVIkEj3//POHDh3iDpb9Arpc4SeW0Gs8lx3+X/v2GhLF18cBfGZ1V1nLVFIKDYWIf5GkXbS8YEKlRRquVq69kJAMsowSetHFIlDsAmkGlr0Iuil2Iclk7SJ2Ae1mkGFKXhIT18tqaqvp2sx5Xgz/YZ/Z26ydeuTh+3mVc86c8ztnlq8zs0adUx8/8wptbTvMBiz5X/zdKADA/zG8FAcAoAzBCgBAGYIVAIAyBCsAAGUIVgAAyhCsAACUIVgBAChDsAIAUIZgBQCgDMEKAEAZghUAgDIEKwAAZQhWAADKEKwAAJQhWAEAKEOwAgBQhmAFAKAMwQoAQBmCFQCAMgQrAABlCFYAAMoQrAAAlCFYAQAoQ7ACAFCGYAUAoAzBCgBAmYNg3bt376FDh8QfW1paNBrNp0+fGIZJS0sjhPzO3HYGn5nk5GSVSqVSqfr7+82Pv3z5MiwsbP78+Tk5OZOTk5KzOjo6Nm3a5OnpmZKSotfr5U9nddimpqaYmBgPD4+YmJimpibJKUlJSSzLsiwr1Dlv3jxCiK2yRWNjYykpKXPmzNm5c6fRaPyd8uxXmJycrFQqFQqFWq0WWx2WRwgpLS0NDAxUqVSpqakyy2Ns7LzMxV6+fFmhUMydOzczM3NqasqyQ0JCgupfjx8/ll+V1X1zuEahg4eHB8uyLi4u5ns1e66vuZqaGpVK5dQHHpxA7MrIyDh37lxPT4/w4+nTp8+cOdPU1GT/LJn+0OBr1qzp6+sTfzQajcXFxUajcXp6+tSpUzk5OZL+BQUFo6OjHMc9evQoMjJS5ixWh+V53svLq6Wlhef5z58/e3l58Txvq0KdTnf8+HFbZZuLj48vKyvjOK6srEyj0cy4PIcVCq3BwcF6vV7Saqe8oqKi9PT0Hz9+yCnMnNWdl7PYwcFBlUq1atWqnp6eioqKPXv2WPaJj48fHBx0tiRb++ZwjeYdrO7VbLi+otHR0czMzIiIiN7eXjnTgbMcB2t7e/uVK1cIISMjIyUlJeXl5UL2abVa8ZolJSW9efNm9+7d+/fv7+rqkjm3ncEJIfv27UtKStJqtVevXp2eniaEjI+PZ2dnT01NEULq6+tv3bplddjw8HBbn+DOzs64uDhb9dTV1Wm1WpnF2xo2NDS0o6ODENLe3h4aGmqnwtjY2K9fvzose2JiQq1WC1vN87xarZ6cnJxxeQ4rDA0NDQkJ6evrk7TaKo/jOHd399HRUadKkhB3XuZiNRrNxo0bo6Kient7p6enGYbhOE7SJz4+fmho6HeqEvfN4RolHazu1Sy5voL09HSj0ShsoFNzgUyO37EGBATo9XqTyVRbW5uYmCge5zjO/N9TU1PXrl07evTo+fPn5d8v2xqcYZiSkpIHDx7cvn37n3/+qa2tZRhGrVZnZ2cXFhYODAzcv38/LS1N/kSCoqKiw4cPWx5PTU1lWTYjI6O0tNTZMSXD6nS68PBwlmXXrl2r0+lsnTIwMDA8PBwUFORwcIPBsHr1apZlGYZhWXblypUGg2HG5TmsUKfTNTc3L1iwwH79ouHhYT8/v7KyMh8fn3Xr1jU2NjpVm2Tn5Sy2qqoqMzOzoaHBZDIxDFNTU8MwzMjIiOXgwcHBPj4+Bw8elP98bU7cN4drlHQYHx+XP8tfvr4Mw1RVVaWnp3t4eDg1CzjFcbCyLJuSkvLs2bPXr18HBATY6hYdHc2yrL+/v/D8JR5///69RqPRaDQfP350avDnz58fOHAgJSXlwoUL7e3twsElS5YEBQVlZ2fn5uYqFM5981ZcXOzn57d582bLpoqKil+/fhUXF1u2VldXCy/IhHC3PyzP85GRkS9evOB5vq6uLjIykud5q2fduXMnNzdXTtnkv19kW67afoWSVduvUGhdtmyZXq+3X795ed3d3b6+vgaDoby8fP369ZI3nvbLk+y8w8WOjo4+fPhwy5YtT58+bW5uXrx4cWdn58KFCy1Hrqmp6e3t7e/vX7p0aXp6uqTVqcvqcI2SDi0tLULoy/E3ry/z7wZu2LBBZnkwQ/ZvaDMyMqampjiOS0tLe/XqFSFEfFrfsWOH+CogMTFRPCUtLc3qax2nBh8eHj5y5MjExATP89++fbt48aJwCs/zeXl5mZmZer3e1rBWn7kKCgry8/MdlqRQKJx6EJMM29vba/7wFRoaavVRKzw83Nvb++fPnw7LJoSMj497eHjM7FHRctX2KxRaxUrMW22VJzyJC+9qCCHx8fFtbW0yyzMn7LzDxVZVVSkUCqVSqVQqGYZxcXGpra0VT7FKyDinipHsm8M1SjrMmzevoaFBMuZsuL7E2ga+fftW5nQgn6ybPoVCUVZWFh0d/SeS3erg09PTbm5uKpWK47h79+6Jx588ebJ8+fLCwsK8vDz5NwUnT55kGObYsWOWTUajUafT8TzP83x1dXVISIibm9uMh/X19f3y5UtHRwfDMG1tbW1tbb6+vlYnTUhIcHd3lzOLWq0ODw+vrKwkhFRWVsbGxsqs0Oqq7VcotAq3Y3bqN+fq6qrVamtqagghPT099fX1ixYtklOe1Z13uNiEhASO40wmk8lkioyMbG1tvX79en5+vvAobYnjuBs3bmzbtk1OSQLLfXO4RkkHo9Ho7+8vc7q/eX0Ziw3s6uoKCwuTWSo4wX7uCjeV5keo37FaHZwQcvPmze3bt2dlZel0OuGOtbu7+8SJE8LgLS0tZ8+elQyYl5cn/h5Wq9XCwaGhIeGI8Ft6xYoVwvG4uLjW1lZCyN27dwMDAz09PTMyMgwGg5zK7Qz77t27qKgopVIZFRXV2Ngo9hemEysU/qTJTtlieYSQ79+/b926ValUJiYmyvyayFZ5tioUy3N1dRU+GAqFQmi1Wp55hUajcdeuXe7u7hERER8+fJC5gcTGzltdrPluCDQaDcuyfn5+ly5dEj9vYrexsTGlUuni4uLt7Z2VlSX/uzVb+2Z1jeZVCR1cXV2FiDffq9lzfSWD4MurP4clv/e3qAAAIIH/eQUAQBmCFQCAMgQrAABlCFYAAMoQrAAAlCFYAQAoQ7ACAFCGYAUAoAzBCgBAGYIVAIAyBCsAAGUIVgAAyhCsAACUIVgBAChDsAIAUIZgBQCgDMEKAEAZghUAgDIEKwAAZQhWAADKEKwAAJQhWAEAKEOwAgBQhmAFAKDsP076N9hocBa9AAAAAElFTkSuQmCC"</failure>
    </testcase>
    <testcase time="0.0180000000000291" classname="shinytest2_tm_g_lineplot" name="e2e_tm_g_lineplot_Deselecting_strata_throws_validation_error.">
      <failure type="failure" message="app_driver$active_module_element_text(&quot;strata-dataset_ADSL_singleextract-select_input &gt; div &gt; span&quot;) (`actual`) not identical to &quot;Please select a treatment variable&quot; (`expected`). ('test-shinytest2-tm_g_lineplot.R:162:3')">app_driver$active_module_element_text("strata-dataset_ADSL_singleextract-select_input &gt; div &gt; span") (`actual`) not identical to "Please select a treatment variable" (`expected`).

`actual` is NULL
`expected` is a character vector ('Please select a treatment variable')</failure>
    </testcase>
    <testcase time="0.0230000000001382" classname="shinytest2_tm_g_lineplot" name="e2e_tm_g_lineplot_Deselecting_strata_throws_validation_error.">
      <failure type="failure" message="is.null(self$get_html(&quot;.shiny-output-error-validation&quot;)) is not FALSE ('test-shinytest2-tm_g_lineplot.R:168:3')">is.null(self$get_html(".shiny-output-error-validation")) is not FALSE

`actual`:   TRUE 
`expected`: FALSE
Validation error is not observed
Backtrace:
    x
 1. \-app_driver$expect_validation_error() at test-shinytest2-tm_g_lineplot.R:168:3
 2.   \-testthat::expect_false(...)</failure>
    </testcase>
    <testcase time="0.134999999999991" classname="shinytest2_tm_g_lineplot" name="e2e_tm_g_lineplot_Selecting_y_changes_plot_and_doesn_t_throw_validation_errors."/>
    <testcase time="8.95100000000002" classname="shinytest2_tm_g_lineplot" name="e2e_tm_g_lineplot_Selecting_y_changes_plot_and_doesn_t_throw_validation_errors."/>
    <testcase time="0.00599999999985812" classname="shinytest2_tm_g_lineplot" name="e2e_tm_g_lineplot_Selecting_y_changes_plot_and_doesn_t_throw_validation_errors."/>
    <testcase time="0.120000000000118" classname="shinytest2_tm_g_lineplot" name="e2e_tm_g_lineplot_Deselecting_y_throws_validation_error."/>
    <testcase time="8.19399999999996" classname="shinytest2_tm_g_lineplot" name="e2e_tm_g_lineplot_Deselecting_y_throws_validation_error."/>
    <testcase time="0.00499999999988177" classname="shinytest2_tm_g_lineplot" name="e2e_tm_g_lineplot_Deselecting_y_throws_validation_error."/>
    <testcase time="0.00600000000008549" classname="shinytest2_tm_g_lineplot" name="e2e_tm_g_lineplot_Deselecting_y_throws_validation_error."/>
    <testcase time="0.121000000000095" classname="shinytest2_tm_g_lineplot" name="e2e_tm_g_lineplot_Selecting_conf_level_changes_plot_and_doesn_t_throw_validation_errors."/>
    <testcase time="8.71599999999989" classname="shinytest2_tm_g_lineplot" name="e2e_tm_g_lineplot_Selecting_conf_level_changes_plot_and_doesn_t_throw_validation_errors."/>
    <testcase time="0.00600000000008549" classname="shinytest2_tm_g_lineplot" name="e2e_tm_g_lineplot_Selecting_conf_level_changes_plot_and_doesn_t_throw_validation_errors."/>
    <testcase time="0.27800000000002" classname="shinytest2_tm_g_lineplot" name="e2e_tm_g_lineplot_Deselecting_conf_level_validation_error."/>
    <testcase time="7.95799999999986" classname="shinytest2_tm_g_lineplot" name="e2e_tm_g_lineplot_Deselecting_conf_level_validation_error."/>
    <testcase time="0.00600000000008549" classname="shinytest2_tm_g_lineplot" name="e2e_tm_g_lineplot_Deselecting_conf_level_validation_error."/>
    <testcase time="0.00499999999988177" classname="shinytest2_tm_g_lineplot" name="e2e_tm_g_lineplot_Deselecting_conf_level_validation_error."/>
  </testsuite>
  <testsuite name="shinytest2-tm_g_pp_adverse_events" timestamp="2024-11-23T23:59:06Z" hostname="ab3f7aea7c81" tests="48" skipped="0" failures="0" errors="0" time="122.607">
    <testcase time="6.6550000000002" classname="shinytest2_tm_g_pp_adverse_events" name="e2e_tm_g_pp_adverse_events_Module_initializes_in_teal_without_any_errors_and_produces_the_plot_and_table."/>
    <testcase time="0.00599999999985812" classname="shinytest2_tm_g_pp_adverse_events" name="e2e_tm_g_pp_adverse_events_Module_initializes_in_teal_without_any_errors_and_produces_the_plot_and_table."/>
    <testcase time="0.0360000000000582" classname="shinytest2_tm_g_pp_adverse_events" name="e2e_tm_g_pp_adverse_events_Module_initializes_in_teal_without_any_errors_and_produces_the_plot_and_table."/>
    <testcase time="2.10599999999999" classname="shinytest2_tm_g_pp_adverse_events" name="e2e_tm_g_pp_adverse_events_Module_initializes_in_teal_without_any_errors_and_produces_the_plot_and_table."/>
    <testcase time="6.54299999999989" classname="shinytest2_tm_g_pp_adverse_events" name="e2e_tm_g_pp_adverse_events_Module_initializes_with_specific_label_patient_id_aeterm_tox_grade_causality_outcome_action_time_decod."/>
    <testcase time="0.0489999999999782" classname="shinytest2_tm_g_pp_adverse_events" name="e2e_tm_g_pp_adverse_events_Module_initializes_with_specific_label_patient_id_aeterm_tox_grade_causality_outcome_action_time_decod."/>
    <testcase time="0.053000000000111" classname="shinytest2_tm_g_pp_adverse_events" name="e2e_tm_g_pp_adverse_events_Module_initializes_with_specific_label_patient_id_aeterm_tox_grade_causality_outcome_action_time_decod."/>
    <testcase time="0.0509999999999309" classname="shinytest2_tm_g_pp_adverse_events" name="e2e_tm_g_pp_adverse_events_Module_initializes_with_specific_label_patient_id_aeterm_tox_grade_causality_outcome_action_time_decod."/>
    <testcase time="0.0520000000001346" classname="shinytest2_tm_g_pp_adverse_events" name="e2e_tm_g_pp_adverse_events_Module_initializes_with_specific_label_patient_id_aeterm_tox_grade_causality_outcome_action_time_decod."/>
    <testcase time="0.0519999999999072" classname="shinytest2_tm_g_pp_adverse_events" name="e2e_tm_g_pp_adverse_events_Module_initializes_with_specific_label_patient_id_aeterm_tox_grade_causality_outcome_action_time_decod."/>
    <testcase time="0.05600000000004" classname="shinytest2_tm_g_pp_adverse_events" name="e2e_tm_g_pp_adverse_events_Module_initializes_with_specific_label_patient_id_aeterm_tox_grade_causality_outcome_action_time_decod."/>
    <testcase time="0.0519999999999072" classname="shinytest2_tm_g_pp_adverse_events" name="e2e_tm_g_pp_adverse_events_Module_initializes_with_specific_label_patient_id_aeterm_tox_grade_causality_outcome_action_time_decod."/>
    <testcase time="0.0520000000001346" classname="shinytest2_tm_g_pp_adverse_events" name="e2e_tm_g_pp_adverse_events_Module_initializes_with_specific_label_patient_id_aeterm_tox_grade_causality_outcome_action_time_decod."/>
    <testcase time="8.36500000000001" classname="shinytest2_tm_g_pp_adverse_events" name="e2e_tm_g_pp_adverse_events_Selecting_patient_id_doesn_t_throw_errors_and_changes_the_plot_and_table."/>
    <testcase time="0.0080000000000382" classname="shinytest2_tm_g_pp_adverse_events" name="e2e_tm_g_pp_adverse_events_Selecting_patient_id_doesn_t_throw_errors_and_changes_the_plot_and_table."/>
    <testcase time="0.00499999999988177" classname="shinytest2_tm_g_pp_adverse_events" name="e2e_tm_g_pp_adverse_events_Selecting_patient_id_doesn_t_throw_errors_and_changes_the_plot_and_table."/>
    <testcase time="7.28800000000001" classname="shinytest2_tm_g_pp_adverse_events" name="e2e_tm_g_pp_adverse_events_Deselecting_patient_id_throw_validation_error"/>
    <testcase time="0.00600000000008549" classname="shinytest2_tm_g_pp_adverse_events" name="e2e_tm_g_pp_adverse_events_Deselecting_patient_id_throw_validation_error"/>
    <testcase time="7.80099999999993" classname="shinytest2_tm_g_pp_adverse_events" name="e2e_tm_g_pp_adverse_events_Selecting_aeterm_column_doesn_t_throw_errors_and_changes_the_plot_and_table."/>
    <testcase time="0.00700000000006185" classname="shinytest2_tm_g_pp_adverse_events" name="e2e_tm_g_pp_adverse_events_Selecting_aeterm_column_doesn_t_throw_errors_and_changes_the_plot_and_table."/>
    <testcase time="0.00599999999985812" classname="shinytest2_tm_g_pp_adverse_events" name="e2e_tm_g_pp_adverse_events_Selecting_aeterm_column_doesn_t_throw_errors_and_changes_the_plot_and_table."/>
    <testcase time="7.30700000000002" classname="shinytest2_tm_g_pp_adverse_events" name="e2e_tm_g_pp_adverse_events_Deselecting_aeterm_column_throw_validation_error"/>
    <testcase time="0.00600000000008549" classname="shinytest2_tm_g_pp_adverse_events" name="e2e_tm_g_pp_adverse_events_Deselecting_aeterm_column_throw_validation_error"/>
    <testcase time="7.84999999999991" classname="shinytest2_tm_g_pp_adverse_events" name="e2e_tm_g_pp_adverse_events_Selecting_tox_grade_column_doesn_t_throw_errors_and_changes_the_plot_and_table."/>
    <testcase time="0.0080000000000382" classname="shinytest2_tm_g_pp_adverse_events" name="e2e_tm_g_pp_adverse_events_Selecting_tox_grade_column_doesn_t_throw_errors_and_changes_the_plot_and_table."/>
    <testcase time="0.00500000000010914" classname="shinytest2_tm_g_pp_adverse_events" name="e2e_tm_g_pp_adverse_events_Selecting_tox_grade_column_doesn_t_throw_errors_and_changes_the_plot_and_table."/>
    <testcase time="7.40699999999993" classname="shinytest2_tm_g_pp_adverse_events" name="e2e_tm_g_pp_adverse_events_Deselecting_tox_grade_column_throw_validation_error"/>
    <testcase time="0.00600000000008549" classname="shinytest2_tm_g_pp_adverse_events" name="e2e_tm_g_pp_adverse_events_Deselecting_tox_grade_column_throw_validation_error"/>
    <testcase time="7.83299999999986" classname="shinytest2_tm_g_pp_adverse_events" name="e2e_tm_g_pp_adverse_events_Selecting_causality_column_doesn_t_throw_errors_and_changes_the_plot_and_table."/>
    <testcase time="0.00700000000006185" classname="shinytest2_tm_g_pp_adverse_events" name="e2e_tm_g_pp_adverse_events_Selecting_causality_column_doesn_t_throw_errors_and_changes_the_plot_and_table."/>
    <testcase time="0.00600000000008549" classname="shinytest2_tm_g_pp_adverse_events" name="e2e_tm_g_pp_adverse_events_Selecting_causality_column_doesn_t_throw_errors_and_changes_the_plot_and_table."/>
    <testcase time="7.11500000000001" classname="shinytest2_tm_g_pp_adverse_events" name="e2e_tm_g_pp_adverse_events_Deselecting_causality_column_throw_validation_error"/>
    <testcase time="0.00599999999985812" classname="shinytest2_tm_g_pp_adverse_events" name="e2e_tm_g_pp_adverse_events_Deselecting_causality_column_throw_validation_error"/>
    <testcase time="8.01900000000001" classname="shinytest2_tm_g_pp_adverse_events" name="e2e_tm_g_pp_adverse_events_Selecting_outcome_column_doesn_t_throw_errors_and_changes_the_plot_and_table."/>
    <testcase time="0.00700000000006185" classname="shinytest2_tm_g_pp_adverse_events" name="e2e_tm_g_pp_adverse_events_Selecting_outcome_column_doesn_t_throw_errors_and_changes_the_plot_and_table."/>
    <testcase time="0.00499999999988177" classname="shinytest2_tm_g_pp_adverse_events" name="e2e_tm_g_pp_adverse_events_Selecting_outcome_column_doesn_t_throw_errors_and_changes_the_plot_and_table."/>
    <testcase time="7.20100000000002" classname="shinytest2_tm_g_pp_adverse_events" name="e2e_tm_g_pp_adverse_events_Deselecting_outcome_column_throw_validation_error"/>
    <testcase time="0.00600000000008549" classname="shinytest2_tm_g_pp_adverse_events" name="e2e_tm_g_pp_adverse_events_Deselecting_outcome_column_throw_validation_error"/>
    <testcase time="8.22299999999996" classname="shinytest2_tm_g_pp_adverse_events" name="e2e_tm_g_pp_adverse_events_Selecting_action_column_doesn_t_throw_errors_and_changes_the_plot_and_table."/>
    <testcase time="0.00700000000006185" classname="shinytest2_tm_g_pp_adverse_events" name="e2e_tm_g_pp_adverse_events_Selecting_action_column_doesn_t_throw_errors_and_changes_the_plot_and_table."/>
    <testcase time="0.00599999999985812" classname="shinytest2_tm_g_pp_adverse_events" name="e2e_tm_g_pp_adverse_events_Selecting_action_column_doesn_t_throw_errors_and_changes_the_plot_and_table."/>
    <testcase time="7.06700000000001" classname="shinytest2_tm_g_pp_adverse_events" name="e2e_tm_g_pp_adverse_events_Deselecting_action_column_throw_validation_error"/>
    <testcase time="0.00600000000008549" classname="shinytest2_tm_g_pp_adverse_events" name="e2e_tm_g_pp_adverse_events_Deselecting_action_column_throw_validation_error"/>
    <testcase time="8.01600000000008" classname="shinytest2_tm_g_pp_adverse_events" name="e2e_tm_g_pp_adverse_events_Selecting_time_column_doesn_t_throw_errors_and_changes_the_plot_and_table."/>
    <testcase time="0.00699999999983447" classname="shinytest2_tm_g_pp_adverse_events" name="e2e_tm_g_pp_adverse_events_Selecting_time_column_doesn_t_throw_errors_and_changes_the_plot_and_table."/>
    <testcase time="0.00600000000008549" classname="shinytest2_tm_g_pp_adverse_events" name="e2e_tm_g_pp_adverse_events_Selecting_time_column_doesn_t_throw_errors_and_changes_the_plot_and_table."/>
    <testcase time="7.22000000000003" classname="shinytest2_tm_g_pp_adverse_events" name="e2e_tm_g_pp_adverse_events_Deselecting_time_column_throw_validation_error"/>
    <testcase time="0.00600000000008549" classname="shinytest2_tm_g_pp_adverse_events" name="e2e_tm_g_pp_adverse_events_Deselecting_time_column_throw_validation_error"/>
  </testsuite>
  <testsuite name="shinytest2-tm_g_pp_patient_timeline" timestamp="2024-11-24T00:01:09Z" hostname="ab3f7aea7c81" tests="74" skipped="0" failures="0" errors="0" time="245.348">
    <testcase time="6.6389999999999" classname="shinytest2_tm_g_pp_patient_timeline" name="e2e_tm_g_pp_patient_timeline_Module_initializes_in_teal_without_errors_and_produces_plot_output."/>
    <testcase time="0.00600000000008549" classname="shinytest2_tm_g_pp_patient_timeline" name="e2e_tm_g_pp_patient_timeline_Module_initializes_in_teal_without_errors_and_produces_plot_output."/>
    <testcase time="0.0339999999998781" classname="shinytest2_tm_g_pp_patient_timeline" name="e2e_tm_g_pp_patient_timeline_Module_initializes_in_teal_without_errors_and_produces_plot_output."/>
    <testcase time="6.79899999999998" classname="shinytest2_tm_g_pp_patient_timeline" name="e2e_tm_g_pp_patient_timeline_Starts_with_specified_label_patient_id_cmdecod_aeterm_aetime_start_aetime_end_dstime_start_dstime_end_aerelday_start_aerelday_end_dsrelday_start_dsrelday_en."/>
    <testcase time="0.0879999999999654" classname="shinytest2_tm_g_pp_patient_timeline" name="e2e_tm_g_pp_patient_timeline_Starts_with_specified_label_patient_id_cmdecod_aeterm_aetime_start_aetime_end_dstime_start_dstime_end_aerelday_start_aerelday_end_dsrelday_start_dsrelday_en."/>
    <testcase time="0.0500000000001819" classname="shinytest2_tm_g_pp_patient_timeline" name="e2e_tm_g_pp_patient_timeline_Starts_with_specified_label_patient_id_cmdecod_aeterm_aetime_start_aetime_end_dstime_start_dstime_end_aerelday_start_aerelday_end_dsrelday_start_dsrelday_en."/>
    <testcase time="0.0519999999999072" classname="shinytest2_tm_g_pp_patient_timeline" name="e2e_tm_g_pp_patient_timeline_Starts_with_specified_label_patient_id_cmdecod_aeterm_aetime_start_aetime_end_dstime_start_dstime_end_aerelday_start_aerelday_end_dsrelday_start_dsrelday_en."/>
    <testcase time="0.0519999999999072" classname="shinytest2_tm_g_pp_patient_timeline" name="e2e_tm_g_pp_patient_timeline_Starts_with_specified_label_patient_id_cmdecod_aeterm_aetime_start_aetime_end_dstime_start_dstime_end_aerelday_start_aerelday_end_dsrelday_start_dsrelday_en."/>
    <testcase time="0.0520000000001346" classname="shinytest2_tm_g_pp_patient_timeline" name="e2e_tm_g_pp_patient_timeline_Starts_with_specified_label_patient_id_cmdecod_aeterm_aetime_start_aetime_end_dstime_start_dstime_end_aerelday_start_aerelday_end_dsrelday_start_dsrelday_en."/>
    <testcase time="0.0529999999998836" classname="shinytest2_tm_g_pp_patient_timeline" name="e2e_tm_g_pp_patient_timeline_Starts_with_specified_label_patient_id_cmdecod_aeterm_aetime_start_aetime_end_dstime_start_dstime_end_aerelday_start_aerelday_end_dsrelday_start_dsrelday_en."/>
    <testcase time="0.0520000000001346" classname="shinytest2_tm_g_pp_patient_timeline" name="e2e_tm_g_pp_patient_timeline_Starts_with_specified_label_patient_id_cmdecod_aeterm_aetime_start_aetime_end_dstime_start_dstime_end_aerelday_start_aerelday_end_dsrelday_start_dsrelday_en."/>
    <testcase time="0.0529999999998836" classname="shinytest2_tm_g_pp_patient_timeline" name="e2e_tm_g_pp_patient_timeline_Starts_with_specified_label_patient_id_cmdecod_aeterm_aetime_start_aetime_end_dstime_start_dstime_end_aerelday_start_aerelday_end_dsrelday_start_dsrelday_en."/>
    <testcase time="0.0550000000000637" classname="shinytest2_tm_g_pp_patient_timeline" name="e2e_tm_g_pp_patient_timeline_Starts_with_specified_label_patient_id_cmdecod_aeterm_aetime_start_aetime_end_dstime_start_dstime_end_aerelday_start_aerelday_end_dsrelday_start_dsrelday_en."/>
    <testcase time="0.0519999999999072" classname="shinytest2_tm_g_pp_patient_timeline" name="e2e_tm_g_pp_patient_timeline_Starts_with_specified_label_patient_id_cmdecod_aeterm_aetime_start_aetime_end_dstime_start_dstime_end_aerelday_start_aerelday_end_dsrelday_start_dsrelday_en."/>
    <testcase time="0.0520000000001346" classname="shinytest2_tm_g_pp_patient_timeline" name="e2e_tm_g_pp_patient_timeline_Starts_with_specified_label_patient_id_cmdecod_aeterm_aetime_start_aetime_end_dstime_start_dstime_end_aerelday_start_aerelday_end_dsrelday_start_dsrelday_en."/>
    <testcase time="0.0519999999999072" classname="shinytest2_tm_g_pp_patient_timeline" name="e2e_tm_g_pp_patient_timeline_Starts_with_specified_label_patient_id_cmdecod_aeterm_aetime_start_aetime_end_dstime_start_dstime_end_aerelday_start_aerelday_end_dsrelday_start_dsrelday_en."/>
    <testcase time="0.0510000000001583" classname="shinytest2_tm_g_pp_patient_timeline" name="e2e_tm_g_pp_patient_timeline_Starts_with_specified_label_patient_id_cmdecod_aeterm_aetime_start_aetime_end_dstime_start_dstime_end_aerelday_start_aerelday_end_dsrelday_start_dsrelday_en."/>
    <testcase time="15.1989999999998" classname="shinytest2_tm_g_pp_patient_timeline" name="e2e_tm_g_pp_patient_timeline_Encodings_aerelday_start_aerelday_end_dsrelday_start_dsrelday_end_are_shown_only_when_relday_x_axis_is_checked."/>
    <testcase time="9.82000000000016" classname="shinytest2_tm_g_pp_patient_timeline" name="e2e_tm_g_pp_patient_timeline_Encodings_aerelday_start_aerelday_end_dsrelday_start_dsrelday_end_are_shown_only_when_relday_x_axis_is_checked."/>
    <testcase time="15.154" classname="shinytest2_tm_g_pp_patient_timeline" name="e2e_tm_g_pp_patient_timeline_Encodings_aetime_start_aetime_end_dstime_start_dstime_end_are_shown_only_when_relday_x_axis_is_unchecked."/>
    <testcase time="9.80700000000002" classname="shinytest2_tm_g_pp_patient_timeline" name="e2e_tm_g_pp_patient_timeline_Encodings_aetime_start_aetime_end_dstime_start_dstime_end_are_shown_only_when_relday_x_axis_is_unchecked."/>
    <testcase time="7.82999999999993" classname="shinytest2_tm_g_pp_patient_timeline" name="e2e_tm_g_pp_patient_timeline_Selecting_patient_id_changes_plot_and_doesn_t_throw_validation_errors."/>
    <testcase time="0.00599999999985812" classname="shinytest2_tm_g_pp_patient_timeline" name="e2e_tm_g_pp_patient_timeline_Selecting_patient_id_changes_plot_and_doesn_t_throw_validation_errors."/>
    <testcase time="7.19200000000001" classname="shinytest2_tm_g_pp_patient_timeline" name="e2e_tm_g_pp_patient_timeline_Deselecting_patient_id_column_throws_validation_error."/>
    <testcase time="0.00600000000031287" classname="shinytest2_tm_g_pp_patient_timeline" name="e2e_tm_g_pp_patient_timeline_Deselecting_patient_id_column_throws_validation_error."/>
    <testcase time="0.00499999999965439" classname="shinytest2_tm_g_pp_patient_timeline" name="e2e_tm_g_pp_patient_timeline_Deselecting_patient_id_column_throws_validation_error."/>
    <testcase time="8.29500000000007" classname="shinytest2_tm_g_pp_patient_timeline" name="e2e_tm_g_pp_patient_timeline_Selecting_cmdecod_changes_plot_and_doesn_t_throw_validation_errors."/>
    <testcase time="0.00599999999985812" classname="shinytest2_tm_g_pp_patient_timeline" name="e2e_tm_g_pp_patient_timeline_Selecting_cmdecod_changes_plot_and_doesn_t_throw_validation_errors."/>
    <testcase time="8.07700000000023" classname="shinytest2_tm_g_pp_patient_timeline" name="e2e_tm_g_pp_patient_timeline_Deselecting_cmdecod_changes_plot_and_doesn_t_throw_validation_error."/>
    <testcase time="0.0109999999999673" classname="shinytest2_tm_g_pp_patient_timeline" name="e2e_tm_g_pp_patient_timeline_Deselecting_cmdecod_changes_plot_and_doesn_t_throw_validation_error."/>
    <testcase time="7.9409999999998" classname="shinytest2_tm_g_pp_patient_timeline" name="e2e_tm_g_pp_patient_timeline_Selecting_aeterm_changes_plot_and_doesn_t_throw_validation_errors."/>
    <testcase time="0.00599999999985812" classname="shinytest2_tm_g_pp_patient_timeline" name="e2e_tm_g_pp_patient_timeline_Selecting_aeterm_changes_plot_and_doesn_t_throw_validation_errors."/>
    <testcase time="8.03400000000011" classname="shinytest2_tm_g_pp_patient_timeline" name="e2e_tm_g_pp_patient_timeline_Deselecting_aeterm_changes_plot_and_doesn_t_throw_validation_error."/>
    <testcase time="0.00599999999985812" classname="shinytest2_tm_g_pp_patient_timeline" name="e2e_tm_g_pp_patient_timeline_Deselecting_aeterm_changes_plot_and_doesn_t_throw_validation_error."/>
    <testcase time="9.37300000000005" classname="shinytest2_tm_g_pp_patient_timeline" name="e2e_tm_g_pp_patient_timeline_Selecting_aetime_start_changes_plot_and_doesn_t_throw_validation_errors."/>
    <testcase time="0.00600000000031287" classname="shinytest2_tm_g_pp_patient_timeline" name="e2e_tm_g_pp_patient_timeline_Selecting_aetime_start_changes_plot_and_doesn_t_throw_validation_errors."/>
    <testcase time="8.69999999999982" classname="shinytest2_tm_g_pp_patient_timeline" name="e2e_tm_g_pp_patient_timeline_Deselecting_aetime_start_throws_validation_error."/>
    <testcase time="0.00599999999985812" classname="shinytest2_tm_g_pp_patient_timeline" name="e2e_tm_g_pp_patient_timeline_Deselecting_aetime_start_throws_validation_error."/>
    <testcase time="0.00500000000010914" classname="shinytest2_tm_g_pp_patient_timeline" name="e2e_tm_g_pp_patient_timeline_Deselecting_aetime_start_throws_validation_error."/>
    <testcase time="9.12800000000016" classname="shinytest2_tm_g_pp_patient_timeline" name="e2e_tm_g_pp_patient_timeline_Selecting_aetime_end_changes_plot_and_doesn_t_throw_validation_errors."/>
    <testcase time="0.00599999999985812" classname="shinytest2_tm_g_pp_patient_timeline" name="e2e_tm_g_pp_patient_timeline_Selecting_aetime_end_changes_plot_and_doesn_t_throw_validation_errors."/>
    <testcase time="8.74400000000014" classname="shinytest2_tm_g_pp_patient_timeline" name="e2e_tm_g_pp_patient_timeline_Deselecting_aetime_end_throws_validation_error."/>
    <testcase time="0.00500000000010914" classname="shinytest2_tm_g_pp_patient_timeline" name="e2e_tm_g_pp_patient_timeline_Deselecting_aetime_end_throws_validation_error."/>
    <testcase time="0.00599999999985812" classname="shinytest2_tm_g_pp_patient_timeline" name="e2e_tm_g_pp_patient_timeline_Deselecting_aetime_end_throws_validation_error."/>
    <testcase time="8.14399999999978" classname="shinytest2_tm_g_pp_patient_timeline" name="e2e_tm_g_pp_patient_timeline_Selecting_aerelday_start_changes_plot_and_doesn_t_throw_validation_errors."/>
    <testcase time="0.00600000000031287" classname="shinytest2_tm_g_pp_patient_timeline" name="e2e_tm_g_pp_patient_timeline_Selecting_aerelday_start_changes_plot_and_doesn_t_throw_validation_errors."/>
    <testcase time="7.39599999999973" classname="shinytest2_tm_g_pp_patient_timeline" name="e2e_tm_g_pp_patient_timeline_Deselecting_aerelday_start_throws_validation_error."/>
    <testcase time="0.00600000000031287" classname="shinytest2_tm_g_pp_patient_timeline" name="e2e_tm_g_pp_patient_timeline_Deselecting_aerelday_start_throws_validation_error."/>
    <testcase time="0.00499999999965439" classname="shinytest2_tm_g_pp_patient_timeline" name="e2e_tm_g_pp_patient_timeline_Deselecting_aerelday_start_throws_validation_error."/>
    <testcase time="8.30099999999993" classname="shinytest2_tm_g_pp_patient_timeline" name="e2e_tm_g_pp_patient_timeline_Selecting_aerelday_end_changes_plot_and_doesn_t_throw_validation_errors."/>
    <testcase time="0.00600000000031287" classname="shinytest2_tm_g_pp_patient_timeline" name="e2e_tm_g_pp_patient_timeline_Selecting_aerelday_end_changes_plot_and_doesn_t_throw_validation_errors."/>
    <testcase time="7.39599999999973" classname="shinytest2_tm_g_pp_patient_timeline" name="e2e_tm_g_pp_patient_timeline_Deselecting_aerelday_end_throws_validation_error."/>
    <testcase time="0.00600000000031287" classname="shinytest2_tm_g_pp_patient_timeline" name="e2e_tm_g_pp_patient_timeline_Deselecting_aerelday_end_throws_validation_error."/>
    <testcase time="0.00599999999985812" classname="shinytest2_tm_g_pp_patient_timeline" name="e2e_tm_g_pp_patient_timeline_Deselecting_aerelday_end_throws_validation_error."/>
    <testcase time="9.03600000000006" classname="shinytest2_tm_g_pp_patient_timeline" name="e2e_tm_g_pp_patient_timeline_Selecting_dstime_start_changes_plot_and_doesn_t_throw_validation_errors."/>
    <testcase time="0.00700000000006185" classname="shinytest2_tm_g_pp_patient_timeline" name="e2e_tm_g_pp_patient_timeline_Selecting_dstime_start_changes_plot_and_doesn_t_throw_validation_errors."/>
    <testcase time="8.47299999999996" classname="shinytest2_tm_g_pp_patient_timeline" name="e2e_tm_g_pp_patient_timeline_Deselecting_dstime_start_throws_validation_error."/>
    <testcase time="0.00599999999985812" classname="shinytest2_tm_g_pp_patient_timeline" name="e2e_tm_g_pp_patient_timeline_Deselecting_dstime_start_throws_validation_error."/>
    <testcase time="0.00500000000010914" classname="shinytest2_tm_g_pp_patient_timeline" name="e2e_tm_g_pp_patient_timeline_Deselecting_dstime_start_throws_validation_error."/>
    <testcase time="9.13799999999992" classname="shinytest2_tm_g_pp_patient_timeline" name="e2e_tm_g_pp_patient_timeline_Selecting_dstime_end_changes_plot_and_doesn_t_throw_validation_errors."/>
    <testcase time="0.00599999999985812" classname="shinytest2_tm_g_pp_patient_timeline" name="e2e_tm_g_pp_patient_timeline_Selecting_dstime_end_changes_plot_and_doesn_t_throw_validation_errors."/>
    <testcase time="8.67700000000013" classname="shinytest2_tm_g_pp_patient_timeline" name="e2e_tm_g_pp_patient_timeline_Deselecting_dstime_end_throws_validation_error."/>
    <testcase time="0.00599999999985812" classname="shinytest2_tm_g_pp_patient_timeline" name="e2e_tm_g_pp_patient_timeline_Deselecting_dstime_end_throws_validation_error."/>
    <testcase time="0.00600000000031287" classname="shinytest2_tm_g_pp_patient_timeline" name="e2e_tm_g_pp_patient_timeline_Deselecting_dstime_end_throws_validation_error."/>
    <testcase time="8.21799999999985" classname="shinytest2_tm_g_pp_patient_timeline" name="e2e_tm_g_pp_patient_timeline_Selecting_dsrelday_start_changes_plot_and_doesn_t_throw_validation_errors."/>
    <testcase time="0.00599999999985812" classname="shinytest2_tm_g_pp_patient_timeline" name="e2e_tm_g_pp_patient_timeline_Selecting_dsrelday_start_changes_plot_and_doesn_t_throw_validation_errors."/>
    <testcase time="7.40000000000009" classname="shinytest2_tm_g_pp_patient_timeline" name="e2e_tm_g_pp_patient_timeline_Deselecting_dsrelday_start_throws_validation_error."/>
    <testcase time="0.00599999999985812" classname="shinytest2_tm_g_pp_patient_timeline" name="e2e_tm_g_pp_patient_timeline_Deselecting_dsrelday_start_throws_validation_error."/>
    <testcase time="0.00600000000031287" classname="shinytest2_tm_g_pp_patient_timeline" name="e2e_tm_g_pp_patient_timeline_Deselecting_dsrelday_start_throws_validation_error."/>
    <testcase time="8.11400000000003" classname="shinytest2_tm_g_pp_patient_timeline" name="e2e_tm_g_pp_patient_timeline_Selecting_dsrelday_end_changes_plot_and_doesn_t_throw_validation_errors."/>
    <testcase time="0.00599999999985812" classname="shinytest2_tm_g_pp_patient_timeline" name="e2e_tm_g_pp_patient_timeline_Selecting_dsrelday_end_changes_plot_and_doesn_t_throw_validation_errors."/>
    <testcase time="7.38200000000006" classname="shinytest2_tm_g_pp_patient_timeline" name="e2e_tm_g_pp_patient_timeline_Deselecting_dsrelday_end_throws_validation_error."/>
    <testcase time="0.00599999999985812" classname="shinytest2_tm_g_pp_patient_timeline" name="e2e_tm_g_pp_patient_timeline_Deselecting_dsrelday_end_throws_validation_error."/>
    <testcase time="0.00599999999985812" classname="shinytest2_tm_g_pp_patient_timeline" name="e2e_tm_g_pp_patient_timeline_Deselecting_dsrelday_end_throws_validation_error."/>
  </testsuite>
  <testsuite name="shinytest2-tm_g_pp_therapy" timestamp="2024-11-24T00:05:14Z" hostname="ab3f7aea7c81" tests="59" skipped="0" failures="23" errors="0" time="169.561">
    <testcase time="6.26100000000042" classname="shinytest2_tm_g_pp_therapy" name="e2e_tm_g_pp_therapy_Module_initializes_in_teal_without_errors_and_produces_output."/>
    <testcase time="0.00900000000001455" classname="shinytest2_tm_g_pp_therapy" name="e2e_tm_g_pp_therapy_Module_initializes_in_teal_without_errors_and_produces_output.">
      <failure type="failure" message="self$get_html(&quot;.shiny-output-error-validation&quot;) is not NULL ('test-shinytest2-tm_g_pp_therapy.R:94:3')">self$get_html(".shiny-output-error-validation") is not NULL

`actual` is a character vector ('&lt;div id="teal-teal_modules-therapy__e2e_-module-title" class="shiny-html-output shiny-bound-output shiny-output-error shiny-output-error-validation shiny-output-error-try-error" aria-live="polite"&gt;One or more variables in the dataframe have class \'difftime\'. Please convert to factor or character. \n when evaluating qenv code:\ntherapy_table &amp;lt;- rlistings::as_listing(therapy_table, key_cols = NULL, default_formatting = list(all = fmt_config(align = "left")))&lt;/div&gt;', '&lt;div class="shiny-output-error shiny-output-error-validation shiny-output-error-try-error htmlwidgets-error" style="position: absolute; top: 100px; left: 0px; max-width: 488px; height: 0px;"&gt;One or more variables in the dataframe have class \'difftime\'. Please convert to factor or character. \n when evaluating qenv code:\ntherapy_table &amp;lt;- rlistings::as_listing(therapy_table, key_cols = NULL, default_formatting = list(all = fmt_config(align = "left")))&lt;/div&gt;', '&lt;div class="shiny-html-output plot_out_container shiny-bound-output shiny-output-error shiny-output-error-validation shiny-output-error-try-error" id="teal-teal_modules-therapy__e2e_-module-therapy_plot-plot_out_main" width="100%" aria-live="polite"&gt;One or more variables in the dataframe have class \'difftime\'. Please convert to factor or character. \n when evaluating qenv code:\ntherapy_table &amp;lt;- rlistings::as_listing(therapy_table, key_cols = NULL, default_formatting = list(all = fmt_config(align = "left")))&lt;/div&gt;')
`expected` is NULL
No validation error is observed
Backtrace:
    x
 1. \-app_driver$expect_no_validation_error() at test-shinytest2-tm_g_pp_therapy.R:94:3
 2.   \-testthat::expect_null(...)</failure>
    </testcase>
    <testcase time="2.10099999999966" classname="shinytest2_tm_g_pp_therapy" name="e2e_tm_g_pp_therapy_Module_initializes_in_teal_without_errors_and_produces_output."/>
    <testcase time="2.08899999999994" classname="shinytest2_tm_g_pp_therapy" name="e2e_tm_g_pp_therapy_Module_initializes_in_teal_without_errors_and_produces_output."/>
    <testcase time="6.27300000000014" classname="shinytest2_tm_g_pp_therapy" name="e2e_tm_g_pp_therapy_Starts_with_specified_label_paramcd_arm_var_buckets_paramcd_subgroup_var_strata_var_and_plot_settings."/>
    <testcase time="0.0859999999997854" classname="shinytest2_tm_g_pp_therapy" name="e2e_tm_g_pp_therapy_Starts_with_specified_label_paramcd_arm_var_buckets_paramcd_subgroup_var_strata_var_and_plot_settings."/>
    <testcase time="0.0509999999999309" classname="shinytest2_tm_g_pp_therapy" name="e2e_tm_g_pp_therapy_Starts_with_specified_label_paramcd_arm_var_buckets_paramcd_subgroup_var_strata_var_and_plot_settings."/>
    <testcase time="0.0520000000001346" classname="shinytest2_tm_g_pp_therapy" name="e2e_tm_g_pp_therapy_Starts_with_specified_label_paramcd_arm_var_buckets_paramcd_subgroup_var_strata_var_and_plot_settings."/>
    <testcase time="0.0520000000001346" classname="shinytest2_tm_g_pp_therapy" name="e2e_tm_g_pp_therapy_Starts_with_specified_label_paramcd_arm_var_buckets_paramcd_subgroup_var_strata_var_and_plot_settings."/>
    <testcase time="0.0519999999996799" classname="shinytest2_tm_g_pp_therapy" name="e2e_tm_g_pp_therapy_Starts_with_specified_label_paramcd_arm_var_buckets_paramcd_subgroup_var_strata_var_and_plot_settings."/>
    <testcase time="0.0520000000001346" classname="shinytest2_tm_g_pp_therapy" name="e2e_tm_g_pp_therapy_Starts_with_specified_label_paramcd_arm_var_buckets_paramcd_subgroup_var_strata_var_and_plot_settings."/>
    <testcase time="0.0520000000001346" classname="shinytest2_tm_g_pp_therapy" name="e2e_tm_g_pp_therapy_Starts_with_specified_label_paramcd_arm_var_buckets_paramcd_subgroup_var_strata_var_and_plot_settings."/>
    <testcase time="0.0520000000001346" classname="shinytest2_tm_g_pp_therapy" name="e2e_tm_g_pp_therapy_Starts_with_specified_label_paramcd_arm_var_buckets_paramcd_subgroup_var_strata_var_and_plot_settings."/>
    <testcase time="0.0519999999996799" classname="shinytest2_tm_g_pp_therapy" name="e2e_tm_g_pp_therapy_Starts_with_specified_label_paramcd_arm_var_buckets_paramcd_subgroup_var_strata_var_and_plot_settings."/>
    <testcase time="0.0520000000001346" classname="shinytest2_tm_g_pp_therapy" name="e2e_tm_g_pp_therapy_Starts_with_specified_label_paramcd_arm_var_buckets_paramcd_subgroup_var_strata_var_and_plot_settings."/>
    <testcase time="0.0520000000001346" classname="shinytest2_tm_g_pp_therapy" name="e2e_tm_g_pp_therapy_Starts_with_specified_label_paramcd_arm_var_buckets_paramcd_subgroup_var_strata_var_and_plot_settings."/>
    <testcase time="0.0519999999996799" classname="shinytest2_tm_g_pp_therapy" name="e2e_tm_g_pp_therapy_Starts_with_specified_label_paramcd_arm_var_buckets_paramcd_subgroup_var_strata_var_and_plot_settings."/>
    <testcase time="7.32100000000037" classname="shinytest2_tm_g_pp_therapy" name="e2e_tm_g_pp_therapy_Selection_of_patient_id_changes_the_plot_and_table_without_any_validation_errors.">
      <failure type="failure" message="identical(...) is not FALSE ('test-shinytest2-tm_g_pp_therapy.R:159:7')">identical(...) is not FALSE

`actual`:   TRUE 
`expected`: FALSE</failure>
    </testcase>
    <testcase time="0.0169999999998254" classname="shinytest2_tm_g_pp_therapy" name="e2e_tm_g_pp_therapy_Selection_of_patient_id_changes_the_plot_and_table_without_any_validation_errors.">
      <failure type="failure" message="self$get_html(&quot;.shiny-output-error-validation&quot;) is not NULL ('test-shinytest2-tm_g_pp_therapy.R:168:7')">self$get_html(".shiny-output-error-validation") is not NULL

`actual` is a character vector ('&lt;div id="teal-teal_modules-therapy__e2e_-module-title" class="shiny-html-output shiny-bound-output shiny-output-error shiny-output-error-validation shiny-output-error-try-error" aria-live="polite"&gt;One or more variables in the dataframe have class \'difftime\'. Please convert to factor or character. \n when evaluating qenv code:\ntherapy_table &amp;lt;- rlistings::as_listing(therapy_table, key_cols = NULL, default_formatting = list(all = fmt_config(align = "left")))&lt;/div&gt;', '&lt;div class="shiny-output-error shiny-output-error-validation shiny-output-error-try-error htmlwidgets-error" style="position: absolute; top: 100px; left: 0px; max-width: 488px; height: 0px;"&gt;One or more variables in the dataframe have class \'difftime\'. Please convert to factor or character. \n when evaluating qenv code:\ntherapy_table &amp;lt;- rlistings::as_listing(therapy_table, key_cols = NULL, default_formatting = list(all = fmt_config(align = "left")))&lt;/div&gt;', '&lt;div class="shiny-html-output plot_out_container shiny-bound-output shiny-output-error shiny-output-error-validation shiny-output-error-try-error" id="teal-teal_modules-therapy__e2e_-module-therapy_plot-plot_out_main" width="100%" aria-live="polite"&gt;One or more variables in the dataframe have class \'difftime\'. Please convert to factor or character. \n when evaluating qenv code:\ntherapy_table &amp;lt;- rlistings::as_listing(therapy_table, key_cols = NULL, default_formatting = list(all = fmt_config(align = "left")))&lt;/div&gt;')
`expected` is NULL
No validation error is observed
Backtrace:
    x
 1. \-app_driver$expect_no_validation_error() at test-shinytest2-tm_g_pp_therapy.R:168:7
 2.   \-testthat::expect_null(...)</failure>
    </testcase>
    <testcase time="7.43499999999995" classname="shinytest2_tm_g_pp_therapy" name="e2e_tm_g_pp_therapy_Selection_of_cmdecod_changes_the_plot_and_table_without_any_validation_errors.">
      <failure type="failure" message="identical(...) is not FALSE ('test-shinytest2-tm_g_pp_therapy.R:159:7')">identical(...) is not FALSE

`actual`:   TRUE 
`expected`: FALSE</failure>
    </testcase>
    <testcase time="0.0169999999998254" classname="shinytest2_tm_g_pp_therapy" name="e2e_tm_g_pp_therapy_Selection_of_cmdecod_changes_the_plot_and_table_without_any_validation_errors.">
      <failure type="failure" message="self$get_html(&quot;.shiny-output-error-validation&quot;) is not NULL ('test-shinytest2-tm_g_pp_therapy.R:168:7')">self$get_html(".shiny-output-error-validation") is not NULL

`actual` is a character vector ('&lt;div id="teal-teal_modules-therapy__e2e_-module-title" class="shiny-html-output shiny-bound-output shiny-output-error shiny-output-error-validation shiny-output-error-try-error" aria-live="polite"&gt;One or more variables in the dataframe have class \'difftime\'. Please convert to factor or character. \n when evaluating qenv code:\ntherapy_table &amp;lt;- rlistings::as_listing(therapy_table, key_cols = NULL, default_formatting = list(all = fmt_config(align = "left")))&lt;/div&gt;', '&lt;div class="shiny-output-error shiny-output-error-validation shiny-output-error-try-error htmlwidgets-error" style="position: absolute; top: 100px; left: 0px; max-width: 488px; height: 0px;"&gt;One or more variables in the dataframe have class \'difftime\'. Please convert to factor or character. \n when evaluating qenv code:\ntherapy_table &amp;lt;- rlistings::as_listing(therapy_table, key_cols = NULL, default_formatting = list(all = fmt_config(align = "left")))&lt;/div&gt;', '&lt;div class="shiny-html-output plot_out_container shiny-bound-output shiny-output-error shiny-output-error-validation shiny-output-error-try-error" id="teal-teal_modules-therapy__e2e_-module-therapy_plot-plot_out_main" width="100%" aria-live="polite"&gt;One or more variables in the dataframe have class \'difftime\'. Please convert to factor or character. \n when evaluating qenv code:\ntherapy_table &amp;lt;- rlistings::as_listing(therapy_table, key_cols = NULL, default_formatting = list(all = fmt_config(align = "left")))&lt;/div&gt;')
`expected` is NULL
No validation error is observed
Backtrace:
    x
 1. \-app_driver$expect_no_validation_error() at test-shinytest2-tm_g_pp_therapy.R:168:7
 2.   \-testthat::expect_null(...)</failure>
    </testcase>
    <testcase time="7.43100000000004" classname="shinytest2_tm_g_pp_therapy" name="e2e_tm_g_pp_therapy_Selection_of_atirel_changes_the_plot_and_table_without_any_validation_errors.">
      <failure type="failure" message="identical(...) is not FALSE ('test-shinytest2-tm_g_pp_therapy.R:159:7')">identical(...) is not FALSE

`actual`:   TRUE 
`expected`: FALSE</failure>
    </testcase>
    <testcase time="0.0170000000002801" classname="shinytest2_tm_g_pp_therapy" name="e2e_tm_g_pp_therapy_Selection_of_atirel_changes_the_plot_and_table_without_any_validation_errors.">
      <failure type="failure" message="self$get_html(&quot;.shiny-output-error-validation&quot;) is not NULL ('test-shinytest2-tm_g_pp_therapy.R:168:7')">self$get_html(".shiny-output-error-validation") is not NULL

`actual` is a character vector ('&lt;div id="teal-teal_modules-therapy__e2e_-module-title" class="shiny-html-output shiny-bound-output shiny-output-error shiny-output-error-validation shiny-output-error-try-error" aria-live="polite"&gt;One or more variables in the dataframe have class \'difftime\'. Please convert to factor or character. \n when evaluating qenv code:\ntherapy_table &amp;lt;- rlistings::as_listing(therapy_table, key_cols = NULL, default_formatting = list(all = fmt_config(align = "left")))&lt;/div&gt;', '&lt;div class="shiny-output-error shiny-output-error-validation shiny-output-error-try-error htmlwidgets-error" style="position: absolute; top: 100px; left: 0px; max-width: 488px; height: 0px;"&gt;One or more variables in the dataframe have class \'difftime\'. Please convert to factor or character. \n when evaluating qenv code:\ntherapy_table &amp;lt;- rlistings::as_listing(therapy_table, key_cols = NULL, default_formatting = list(all = fmt_config(align = "left")))&lt;/div&gt;', '&lt;div class="shiny-html-output plot_out_container shiny-bound-output shiny-output-error shiny-output-error-validation shiny-output-error-try-error" id="teal-teal_modules-therapy__e2e_-module-therapy_plot-plot_out_main" width="100%" aria-live="polite"&gt;One or more variables in the dataframe have class \'difftime\'. Please convert to factor or character. \n when evaluating qenv code:\ntherapy_table &amp;lt;- rlistings::as_listing(therapy_table, key_cols = NULL, default_formatting = list(all = fmt_config(align = "left")))&lt;/div&gt;')
`expected` is NULL
No validation error is observed
Backtrace:
    x
 1. \-app_driver$expect_no_validation_error() at test-shinytest2-tm_g_pp_therapy.R:168:7
 2.   \-testthat::expect_null(...)</failure>
    </testcase>
    <testcase time="7.50599999999986" classname="shinytest2_tm_g_pp_therapy" name="e2e_tm_g_pp_therapy_Selection_of_cmindc_changes_the_plot_and_table_without_any_validation_errors.">
      <failure type="failure" message="identical(...) is not FALSE ('test-shinytest2-tm_g_pp_therapy.R:159:7')">identical(...) is not FALSE

`actual`:   TRUE 
`expected`: FALSE</failure>
    </testcase>
    <testcase time="0.0169999999998254" classname="shinytest2_tm_g_pp_therapy" name="e2e_tm_g_pp_therapy_Selection_of_cmindc_changes_the_plot_and_table_without_any_validation_errors.">
      <failure type="failure" message="self$get_html(&quot;.shiny-output-error-validation&quot;) is not NULL ('test-shinytest2-tm_g_pp_therapy.R:168:7')">self$get_html(".shiny-output-error-validation") is not NULL

`actual` is a character vector ('&lt;div id="teal-teal_modules-therapy__e2e_-module-title" class="shiny-html-output shiny-bound-output shiny-output-error shiny-output-error-validation shiny-output-error-try-error" aria-live="polite"&gt;One or more variables in the dataframe have class \'difftime\'. Please convert to factor or character. \n when evaluating qenv code:\ntherapy_table &amp;lt;- rlistings::as_listing(therapy_table, key_cols = NULL, default_formatting = list(all = fmt_config(align = "left")))&lt;/div&gt;', '&lt;div class="shiny-output-error shiny-output-error-validation shiny-output-error-try-error htmlwidgets-error" style="position: absolute; top: 100px; left: 0px; max-width: 488px; height: 0px;"&gt;One or more variables in the dataframe have class \'difftime\'. Please convert to factor or character. \n when evaluating qenv code:\ntherapy_table &amp;lt;- rlistings::as_listing(therapy_table, key_cols = NULL, default_formatting = list(all = fmt_config(align = "left")))&lt;/div&gt;', '&lt;div class="shiny-html-output plot_out_container shiny-bound-output shiny-output-error shiny-output-error-validation shiny-output-error-try-error" id="teal-teal_modules-therapy__e2e_-module-therapy_plot-plot_out_main" width="100%" aria-live="polite"&gt;One or more variables in the dataframe have class \'difftime\'. Please convert to factor or character. \n when evaluating qenv code:\ntherapy_table &amp;lt;- rlistings::as_listing(therapy_table, key_cols = NULL, default_formatting = list(all = fmt_config(align = "left")))&lt;/div&gt;')
`expected` is NULL
No validation error is observed
Backtrace:
    x
 1. \-app_driver$expect_no_validation_error() at test-shinytest2-tm_g_pp_therapy.R:168:7
 2.   \-testthat::expect_null(...)</failure>
    </testcase>
    <testcase time="7.39400000000023" classname="shinytest2_tm_g_pp_therapy" name="e2e_tm_g_pp_therapy_Selection_of_cmdose_changes_the_plot_and_table_without_any_validation_errors.">
      <failure type="failure" message="identical(...) is not FALSE ('test-shinytest2-tm_g_pp_therapy.R:159:7')">identical(...) is not FALSE

`actual`:   TRUE 
`expected`: FALSE</failure>
    </testcase>
    <testcase time="0.0169999999998254" classname="shinytest2_tm_g_pp_therapy" name="e2e_tm_g_pp_therapy_Selection_of_cmdose_changes_the_plot_and_table_without_any_validation_errors.">
      <failure type="failure" message="self$get_html(&quot;.shiny-output-error-validation&quot;) is not NULL ('test-shinytest2-tm_g_pp_therapy.R:168:7')">self$get_html(".shiny-output-error-validation") is not NULL

`actual` is a character vector ('&lt;div id="teal-teal_modules-therapy__e2e_-module-title" class="shiny-html-output shiny-bound-output shiny-output-error shiny-output-error-validation shiny-output-error-try-error" aria-live="polite"&gt;One or more variables in the dataframe have class \'difftime\'. Please convert to factor or character. \n when evaluating qenv code:\ntherapy_table &amp;lt;- rlistings::as_listing(therapy_table, key_cols = NULL, default_formatting = list(all = fmt_config(align = "left")))&lt;/div&gt;', '&lt;div class="shiny-output-error shiny-output-error-validation shiny-output-error-try-error htmlwidgets-error" style="position: absolute; top: 100px; left: 0px; max-width: 488px; height: 0px;"&gt;One or more variables in the dataframe have class \'difftime\'. Please convert to factor or character. \n when evaluating qenv code:\ntherapy_table &amp;lt;- rlistings::as_listing(therapy_table, key_cols = NULL, default_formatting = list(all = fmt_config(align = "left")))&lt;/div&gt;', '&lt;div class="shiny-html-output plot_out_container shiny-bound-output shiny-output-error shiny-output-error-validation shiny-output-error-try-error" id="teal-teal_modules-therapy__e2e_-module-therapy_plot-plot_out_main" width="100%" aria-live="polite"&gt;One or more variables in the dataframe have class \'difftime\'. Please convert to factor or character. \n when evaluating qenv code:\ntherapy_table &amp;lt;- rlistings::as_listing(therapy_table, key_cols = NULL, default_formatting = list(all = fmt_config(align = "left")))&lt;/div&gt;')
`expected` is NULL
No validation error is observed
Backtrace:
    x
 1. \-app_driver$expect_no_validation_error() at test-shinytest2-tm_g_pp_therapy.R:168:7
 2.   \-testthat::expect_null(...)</failure>
    </testcase>
    <testcase time="7.33300000000008" classname="shinytest2_tm_g_pp_therapy" name="e2e_tm_g_pp_therapy_Selection_of_cmdosu_changes_the_plot_and_table_without_any_validation_errors.">
      <failure type="failure" message="identical(...) is not FALSE ('test-shinytest2-tm_g_pp_therapy.R:159:7')">identical(...) is not FALSE

`actual`:   TRUE 
`expected`: FALSE</failure>
    </testcase>
    <testcase time="0.0219999999999345" classname="shinytest2_tm_g_pp_therapy" name="e2e_tm_g_pp_therapy_Selection_of_cmdosu_changes_the_plot_and_table_without_any_validation_errors.">
      <failure type="failure" message="self$get_html(&quot;.shiny-output-error-validation&quot;) is not NULL ('test-shinytest2-tm_g_pp_therapy.R:168:7')">self$get_html(".shiny-output-error-validation") is not NULL

`actual` is a character vector ('&lt;div id="teal-teal_modules-therapy__e2e_-module-title" class="shiny-html-output shiny-bound-output shiny-output-error shiny-output-error-validation shiny-output-error-try-error" aria-live="polite"&gt;One or more variables in the dataframe have class \'difftime\'. Please convert to factor or character. \n when evaluating qenv code:\ntherapy_table &amp;lt;- rlistings::as_listing(therapy_table, key_cols = NULL, default_formatting = list(all = fmt_config(align = "left")))&lt;/div&gt;', '&lt;div class="shiny-output-error shiny-output-error-validation shiny-output-error-try-error htmlwidgets-error" style="position: absolute; top: 100px; left: 0px; max-width: 488px; height: 0px;"&gt;One or more variables in the dataframe have class \'difftime\'. Please convert to factor or character. \n when evaluating qenv code:\ntherapy_table &amp;lt;- rlistings::as_listing(therapy_table, key_cols = NULL, default_formatting = list(all = fmt_config(align = "left")))&lt;/div&gt;', '&lt;div class="shiny-html-output plot_out_container shiny-bound-output shiny-output-error shiny-output-error-validation shiny-output-error-try-error" id="teal-teal_modules-therapy__e2e_-module-therapy_plot-plot_out_main" width="100%" aria-live="polite"&gt;One or more variables in the dataframe have class \'difftime\'. Please convert to factor or character. \n when evaluating qenv code:\ntherapy_table &amp;lt;- rlistings::as_listing(therapy_table, key_cols = NULL, default_formatting = list(all = fmt_config(align = "left")))&lt;/div&gt;')
`expected` is NULL
No validation error is observed
Backtrace:
    x
 1. \-app_driver$expect_no_validation_error() at test-shinytest2-tm_g_pp_therapy.R:168:7
 2.   \-testthat::expect_null(...)</failure>
    </testcase>
    <testcase time="7.43200000000024" classname="shinytest2_tm_g_pp_therapy" name="e2e_tm_g_pp_therapy_Selection_of_cmroute_changes_the_plot_and_table_without_any_validation_errors.">
      <failure type="failure" message="identical(...) is not FALSE ('test-shinytest2-tm_g_pp_therapy.R:159:7')">identical(...) is not FALSE

`actual`:   TRUE 
`expected`: FALSE</failure>
    </testcase>
    <testcase time="0.0169999999998254" classname="shinytest2_tm_g_pp_therapy" name="e2e_tm_g_pp_therapy_Selection_of_cmroute_changes_the_plot_and_table_without_any_validation_errors.">
      <failure type="failure" message="self$get_html(&quot;.shiny-output-error-validation&quot;) is not NULL ('test-shinytest2-tm_g_pp_therapy.R:168:7')">self$get_html(".shiny-output-error-validation") is not NULL

`actual` is a character vector ('&lt;div id="teal-teal_modules-therapy__e2e_-module-title" class="shiny-html-output shiny-bound-output shiny-output-error shiny-output-error-validation shiny-output-error-try-error" aria-live="polite"&gt;One or more variables in the dataframe have class \'difftime\'. Please convert to factor or character. \n when evaluating qenv code:\ntherapy_table &amp;lt;- rlistings::as_listing(therapy_table, key_cols = NULL, default_formatting = list(all = fmt_config(align = "left")))&lt;/div&gt;', '&lt;div class="shiny-output-error shiny-output-error-validation shiny-output-error-try-error htmlwidgets-error" style="position: absolute; top: 100px; left: 0px; max-width: 488px; height: 0px;"&gt;One or more variables in the dataframe have class \'difftime\'. Please convert to factor or character. \n when evaluating qenv code:\ntherapy_table &amp;lt;- rlistings::as_listing(therapy_table, key_cols = NULL, default_formatting = list(all = fmt_config(align = "left")))&lt;/div&gt;', '&lt;div class="shiny-html-output plot_out_container shiny-bound-output shiny-output-error shiny-output-error-validation shiny-output-error-try-error" id="teal-teal_modules-therapy__e2e_-module-therapy_plot-plot_out_main" width="100%" aria-live="polite"&gt;One or more variables in the dataframe have class \'difftime\'. Please convert to factor or character. \n when evaluating qenv code:\ntherapy_table &amp;lt;- rlistings::as_listing(therapy_table, key_cols = NULL, default_formatting = list(all = fmt_config(align = "left")))&lt;/div&gt;')
`expected` is NULL
No validation error is observed
Backtrace:
    x
 1. \-app_driver$expect_no_validation_error() at test-shinytest2-tm_g_pp_therapy.R:168:7
 2.   \-testthat::expect_null(...)</failure>
    </testcase>
    <testcase time="7.35800000000017" classname="shinytest2_tm_g_pp_therapy" name="e2e_tm_g_pp_therapy_Selection_of_cmdosfrq_changes_the_plot_and_table_without_any_validation_errors.">
      <failure type="failure" message="identical(...) is not FALSE ('test-shinytest2-tm_g_pp_therapy.R:159:7')">identical(...) is not FALSE

`actual`:   TRUE 
`expected`: FALSE</failure>
    </testcase>
    <testcase time="0.0169999999998254" classname="shinytest2_tm_g_pp_therapy" name="e2e_tm_g_pp_therapy_Selection_of_cmdosfrq_changes_the_plot_and_table_without_any_validation_errors.">
      <failure type="failure" message="self$get_html(&quot;.shiny-output-error-validation&quot;) is not NULL ('test-shinytest2-tm_g_pp_therapy.R:168:7')">self$get_html(".shiny-output-error-validation") is not NULL

`actual` is a character vector ('&lt;div id="teal-teal_modules-therapy__e2e_-module-title" class="shiny-html-output shiny-bound-output shiny-output-error shiny-output-error-validation shiny-output-error-try-error" aria-live="polite"&gt;One or more variables in the dataframe have class \'difftime\'. Please convert to factor or character. \n when evaluating qenv code:\ntherapy_table &amp;lt;- rlistings::as_listing(therapy_table, key_cols = NULL, default_formatting = list(all = fmt_config(align = "left")))&lt;/div&gt;', '&lt;div class="shiny-output-error shiny-output-error-validation shiny-output-error-try-error htmlwidgets-error" style="position: absolute; top: 100px; left: 0px; max-width: 488px; height: 0px;"&gt;One or more variables in the dataframe have class \'difftime\'. Please convert to factor or character. \n when evaluating qenv code:\ntherapy_table &amp;lt;- rlistings::as_listing(therapy_table, key_cols = NULL, default_formatting = list(all = fmt_config(align = "left")))&lt;/div&gt;', '&lt;div class="shiny-html-output plot_out_container shiny-bound-output shiny-output-error shiny-output-error-validation shiny-output-error-try-error" id="teal-teal_modules-therapy__e2e_-module-therapy_plot-plot_out_main" width="100%" aria-live="polite"&gt;One or more variables in the dataframe have class \'difftime\'. Please convert to factor or character. \n when evaluating qenv code:\ntherapy_table &amp;lt;- rlistings::as_listing(therapy_table, key_cols = NULL, default_formatting = list(all = fmt_config(align = "left")))&lt;/div&gt;')
`expected` is NULL
No validation error is observed
Backtrace:
    x
 1. \-app_driver$expect_no_validation_error() at test-shinytest2-tm_g_pp_therapy.R:168:7
 2.   \-testthat::expect_null(...)</failure>
    </testcase>
    <testcase time="7.29899999999998" classname="shinytest2_tm_g_pp_therapy" name="e2e_tm_g_pp_therapy_Selection_of_cmstdy_changes_the_plot_and_table_without_any_validation_errors.">
      <failure type="failure" message="identical(...) is not FALSE ('test-shinytest2-tm_g_pp_therapy.R:159:7')">identical(...) is not FALSE

`actual`:   TRUE 
`expected`: FALSE</failure>
    </testcase>
    <testcase time="0.0180000000000291" classname="shinytest2_tm_g_pp_therapy" name="e2e_tm_g_pp_therapy_Selection_of_cmstdy_changes_the_plot_and_table_without_any_validation_errors.">
      <failure type="failure" message="self$get_html(&quot;.shiny-output-error-validation&quot;) is not NULL ('test-shinytest2-tm_g_pp_therapy.R:168:7')">self$get_html(".shiny-output-error-validation") is not NULL

`actual` is a character vector ('&lt;div id="teal-teal_modules-therapy__e2e_-module-title" class="shiny-html-output shiny-bound-output shiny-output-error shiny-output-error-validation shiny-output-error-try-error" aria-live="polite"&gt;One or more variables in the dataframe have class \'difftime\'. Please convert to factor or character. \n when evaluating qenv code:\ntherapy_table &amp;lt;- rlistings::as_listing(therapy_table, key_cols = NULL, default_formatting = list(all = fmt_config(align = "left")))&lt;/div&gt;', '&lt;div class="shiny-output-error shiny-output-error-validation shiny-output-error-try-error htmlwidgets-error" style="position: absolute; top: 100px; left: 0px; max-width: 488px; height: 0px;"&gt;One or more variables in the dataframe have class \'difftime\'. Please convert to factor or character. \n when evaluating qenv code:\ntherapy_table &amp;lt;- rlistings::as_listing(therapy_table, key_cols = NULL, default_formatting = list(all = fmt_config(align = "left")))&lt;/div&gt;', '&lt;div class="shiny-html-output plot_out_container shiny-bound-output shiny-output-error shiny-output-error-validation shiny-output-error-try-error" id="teal-teal_modules-therapy__e2e_-module-therapy_plot-plot_out_main" width="100%" aria-live="polite"&gt;One or more variables in the dataframe have class \'difftime\'. Please convert to factor or character. \n when evaluating qenv code:\ntherapy_table &amp;lt;- rlistings::as_listing(therapy_table, key_cols = NULL, default_formatting = list(all = fmt_config(align = "left")))&lt;/div&gt;')
`expected` is NULL
No validation error is observed
Backtrace:
    x
 1. \-app_driver$expect_no_validation_error() at test-shinytest2-tm_g_pp_therapy.R:168:7
 2.   \-testthat::expect_null(...)</failure>
    </testcase>
    <testcase time="7.58199999999988" classname="shinytest2_tm_g_pp_therapy" name="e2e_tm_g_pp_therapy_Selection_of_cmendy_changes_the_plot_and_table_without_any_validation_errors.">
      <failure type="failure" message="identical(...) is not FALSE ('test-shinytest2-tm_g_pp_therapy.R:159:7')">identical(...) is not FALSE

`actual`:   TRUE 
`expected`: FALSE</failure>
    </testcase>
    <testcase time="0.0180000000000291" classname="shinytest2_tm_g_pp_therapy" name="e2e_tm_g_pp_therapy_Selection_of_cmendy_changes_the_plot_and_table_without_any_validation_errors.">
      <failure type="failure" message="self$get_html(&quot;.shiny-output-error-validation&quot;) is not NULL ('test-shinytest2-tm_g_pp_therapy.R:168:7')">self$get_html(".shiny-output-error-validation") is not NULL

`actual` is a character vector ('&lt;div id="teal-teal_modules-therapy__e2e_-module-title" class="shiny-html-output shiny-bound-output shiny-output-error shiny-output-error-validation shiny-output-error-try-error" aria-live="polite"&gt;One or more variables in the dataframe have class \'difftime\'. Please convert to factor or character. \n when evaluating qenv code:\ntherapy_table &amp;lt;- rlistings::as_listing(therapy_table, key_cols = NULL, default_formatting = list(all = fmt_config(align = "left")))&lt;/div&gt;', '&lt;div class="shiny-output-error shiny-output-error-validation shiny-output-error-try-error htmlwidgets-error" style="position: absolute; top: 100px; left: 0px; max-width: 488px; height: 0px;"&gt;One or more variables in the dataframe have class \'difftime\'. Please convert to factor or character. \n when evaluating qenv code:\ntherapy_table &amp;lt;- rlistings::as_listing(therapy_table, key_cols = NULL, default_formatting = list(all = fmt_config(align = "left")))&lt;/div&gt;', '&lt;div class="shiny-html-output plot_out_container shiny-bound-output shiny-output-error shiny-output-error-validation shiny-output-error-try-error" id="teal-teal_modules-therapy__e2e_-module-therapy_plot-plot_out_main" width="100%" aria-live="polite"&gt;One or more variables in the dataframe have class \'difftime\'. Please convert to factor or character. \n when evaluating qenv code:\ntherapy_table &amp;lt;- rlistings::as_listing(therapy_table, key_cols = NULL, default_formatting = list(all = fmt_config(align = "left")))&lt;/div&gt;')
`expected` is NULL
No validation error is observed
Backtrace:
    x
 1. \-app_driver$expect_no_validation_error() at test-shinytest2-tm_g_pp_therapy.R:168:7
 2.   \-testthat::expect_null(...)</failure>
    </testcase>
    <testcase time="7.34799999999996" classname="shinytest2_tm_g_pp_therapy" name="e2e_tm_g_pp_therapy_Changing_font_size_changes_the_plot_and_does_not_throw_validation_errors.">
      <failure type="failure" message="identical(plot_before, app_driver$get_active_module_plot_output(&quot;therapy_plot&quot;)) is not FALSE ('test-shinytest2-tm_g_pp_therapy.R:192:5')">identical(plot_before, app_driver$get_active_module_plot_output("therapy_plot")) is not FALSE

`actual`:   TRUE 
`expected`: FALSE</failure>
    </testcase>
    <testcase time="0.0170000000002801" classname="shinytest2_tm_g_pp_therapy" name="e2e_tm_g_pp_therapy_Changing_font_size_changes_the_plot_and_does_not_throw_validation_errors.">
      <failure type="failure" message="self$get_html(&quot;.shiny-output-error-validation&quot;) is not NULL ('test-shinytest2-tm_g_pp_therapy.R:193:5')">self$get_html(".shiny-output-error-validation") is not NULL

`actual` is a character vector ('&lt;div id="teal-teal_modules-therapy__e2e_-module-title" class="shiny-html-output shiny-bound-output shiny-output-error shiny-output-error-validation shiny-output-error-try-error" aria-live="polite"&gt;One or more variables in the dataframe have class \'difftime\'. Please convert to factor or character. \n when evaluating qenv code:\ntherapy_table &amp;lt;- rlistings::as_listing(therapy_table, key_cols = NULL, default_formatting = list(all = fmt_config(align = "left")))&lt;/div&gt;', '&lt;div class="shiny-output-error shiny-output-error-validation shiny-output-error-try-error htmlwidgets-error" style="position: absolute; top: 100px; left: 0px; max-width: 488px; height: 0px;"&gt;One or more variables in the dataframe have class \'difftime\'. Please convert to factor or character. \n when evaluating qenv code:\ntherapy_table &amp;lt;- rlistings::as_listing(therapy_table, key_cols = NULL, default_formatting = list(all = fmt_config(align = "left")))&lt;/div&gt;', '&lt;div class="shiny-html-output plot_out_container shiny-bound-output shiny-output-error shiny-output-error-validation shiny-output-error-try-error" id="teal-teal_modules-therapy__e2e_-module-therapy_plot-plot_out_main" width="100%" aria-live="polite"&gt;One or more variables in the dataframe have class \'difftime\'. Please convert to factor or character. \n when evaluating qenv code:\ntherapy_table &amp;lt;- rlistings::as_listing(therapy_table, key_cols = NULL, default_formatting = list(all = fmt_config(align = "left")))&lt;/div&gt;')
`expected` is NULL
No validation error is observed
Backtrace:
    x
 1. \-app_driver$expect_no_validation_error() at test-shinytest2-tm_g_pp_therapy.R:193:5
 2.   \-testthat::expect_null(...)</failure>
    </testcase>
    <testcase time="7.096" classname="shinytest2_tm_g_pp_therapy" name="e2e_tm_g_pp_therapy_Deselection_of_patient_id_throws_validation_error."/>
    <testcase time="0.00599999999985812" classname="shinytest2_tm_g_pp_therapy" name="e2e_tm_g_pp_therapy_Deselection_of_patient_id_throws_validation_error."/>
    <testcase time="7.14699999999993" classname="shinytest2_tm_g_pp_therapy" name="e2e_tm_g_pp_therapy_Deselection_of_cmdecod_throws_validation_error."/>
    <testcase time="0.00500000000010914" classname="shinytest2_tm_g_pp_therapy" name="e2e_tm_g_pp_therapy_Deselection_of_cmdecod_throws_validation_error."/>
    <testcase time="6.88799999999992" classname="shinytest2_tm_g_pp_therapy" name="e2e_tm_g_pp_therapy_Deselection_of_atirel_throws_validation_error."/>
    <testcase time="0.00599999999985812" classname="shinytest2_tm_g_pp_therapy" name="e2e_tm_g_pp_therapy_Deselection_of_atirel_throws_validation_error."/>
    <testcase time="7.19500000000016" classname="shinytest2_tm_g_pp_therapy" name="e2e_tm_g_pp_therapy_Deselection_of_cmindc_throws_validation_error."/>
    <testcase time="0.00599999999985812" classname="shinytest2_tm_g_pp_therapy" name="e2e_tm_g_pp_therapy_Deselection_of_cmindc_throws_validation_error."/>
    <testcase time="7.13800000000037" classname="shinytest2_tm_g_pp_therapy" name="e2e_tm_g_pp_therapy_Deselection_of_cmdose_throws_validation_error."/>
    <testcase time="0.00599999999985812" classname="shinytest2_tm_g_pp_therapy" name="e2e_tm_g_pp_therapy_Deselection_of_cmdose_throws_validation_error."/>
    <testcase time="6.94500000000016" classname="shinytest2_tm_g_pp_therapy" name="e2e_tm_g_pp_therapy_Deselection_of_cmdosu_throws_validation_error."/>
    <testcase time="0.00599999999985812" classname="shinytest2_tm_g_pp_therapy" name="e2e_tm_g_pp_therapy_Deselection_of_cmdosu_throws_validation_error."/>
    <testcase time="6.92599999999993" classname="shinytest2_tm_g_pp_therapy" name="e2e_tm_g_pp_therapy_Deselection_of_cmroute_throws_validation_error."/>
    <testcase time="0.00599999999985812" classname="shinytest2_tm_g_pp_therapy" name="e2e_tm_g_pp_therapy_Deselection_of_cmroute_throws_validation_error."/>
    <testcase time="7.09100000000035" classname="shinytest2_tm_g_pp_therapy" name="e2e_tm_g_pp_therapy_Deselection_of_cmdosfrq_throws_validation_error."/>
    <testcase time="0.00599999999985812" classname="shinytest2_tm_g_pp_therapy" name="e2e_tm_g_pp_therapy_Deselection_of_cmdosfrq_throws_validation_error."/>
    <testcase time="7.18499999999995" classname="shinytest2_tm_g_pp_therapy" name="e2e_tm_g_pp_therapy_Deselection_of_cmstdy_throws_validation_error."/>
    <testcase time="0.00599999999985812" classname="shinytest2_tm_g_pp_therapy" name="e2e_tm_g_pp_therapy_Deselection_of_cmstdy_throws_validation_error."/>
    <testcase time="6.86799999999994" classname="shinytest2_tm_g_pp_therapy" name="e2e_tm_g_pp_therapy_Deselection_of_cmendy_throws_validation_error."/>
    <testcase time="0.00600000000031287" classname="shinytest2_tm_g_pp_therapy" name="e2e_tm_g_pp_therapy_Deselection_of_cmendy_throws_validation_error."/>
  </testsuite>
  <testsuite name="shinytest2-tm_g_pp_vitals" timestamp="2024-11-24T00:08:04Z" hostname="ab3f7aea7c81" tests="34" skipped="0" failures="0" errors="0" time="87.042">
    <testcase time="7.21399999999994" classname="shinytest2_tm_g_pp_vitals" name="e2e_tm_g_pp_vitals_Module_initializes_in_teal_without_errors_and_produces_plot_output."/>
    <testcase time="0.00599999999985812" classname="shinytest2_tm_g_pp_vitals" name="e2e_tm_g_pp_vitals_Module_initializes_in_teal_without_errors_and_produces_plot_output."/>
    <testcase time="0.0480000000002292" classname="shinytest2_tm_g_pp_vitals" name="e2e_tm_g_pp_vitals_Module_initializes_in_teal_without_errors_and_produces_plot_output."/>
    <testcase time="6.72899999999981" classname="shinytest2_tm_g_pp_vitals" name="e2e_tm_g_pp_vitals_Starts_with_specified_label_patient_id_paramcd_xaxis_aval_var_font_size_parentname_patient_col."/>
    <testcase time="0.0839999999998327" classname="shinytest2_tm_g_pp_vitals" name="e2e_tm_g_pp_vitals_Starts_with_specified_label_patient_id_paramcd_xaxis_aval_var_font_size_parentname_patient_col."/>
    <testcase time="0.0530000000003383" classname="shinytest2_tm_g_pp_vitals" name="e2e_tm_g_pp_vitals_Starts_with_specified_label_patient_id_paramcd_xaxis_aval_var_font_size_parentname_patient_col."/>
    <testcase time="0.0519999999996799" classname="shinytest2_tm_g_pp_vitals" name="e2e_tm_g_pp_vitals_Starts_with_specified_label_patient_id_paramcd_xaxis_aval_var_font_size_parentname_patient_col."/>
    <testcase time="0.0520000000001346" classname="shinytest2_tm_g_pp_vitals" name="e2e_tm_g_pp_vitals_Starts_with_specified_label_patient_id_paramcd_xaxis_aval_var_font_size_parentname_patient_col."/>
    <testcase time="0.0500000000001819" classname="shinytest2_tm_g_pp_vitals" name="e2e_tm_g_pp_vitals_Starts_with_specified_label_patient_id_paramcd_xaxis_aval_var_font_size_parentname_patient_col."/>
    <testcase time="0.0529999999998836" classname="shinytest2_tm_g_pp_vitals" name="e2e_tm_g_pp_vitals_Starts_with_specified_label_patient_id_paramcd_xaxis_aval_var_font_size_parentname_patient_col."/>
    <testcase time="8.14800000000014" classname="shinytest2_tm_g_pp_vitals" name="e2e_tm_g_pp_vitals_Selecting_patient_id_changes_plot_and_doesn_t_throw_validation_errors."/>
    <testcase time="0.00599999999985812" classname="shinytest2_tm_g_pp_vitals" name="e2e_tm_g_pp_vitals_Selecting_patient_id_changes_plot_and_doesn_t_throw_validation_errors."/>
    <testcase time="7.8739999999998" classname="shinytest2_tm_g_pp_vitals" name="e2e_tm_g_pp_vitals_Deselecting_patient_id_column_throws_validation_error."/>
    <testcase time="0.00600000000031287" classname="shinytest2_tm_g_pp_vitals" name="e2e_tm_g_pp_vitals_Deselecting_patient_id_column_throws_validation_error."/>
    <testcase time="0.00499999999965439" classname="shinytest2_tm_g_pp_vitals" name="e2e_tm_g_pp_vitals_Deselecting_patient_id_column_throws_validation_error."/>
    <testcase time="7.92500000000018" classname="shinytest2_tm_g_pp_vitals" name="e2e_tm_g_pp_vitals_Selecting_valid_paramcd_and_paramcd_levels_vals_changes_plot_and_doesn_t_throw_validation_errors."/>
    <testcase time="0.0100000000002183" classname="shinytest2_tm_g_pp_vitals" name="e2e_tm_g_pp_vitals_Selecting_valid_paramcd_and_paramcd_levels_vals_changes_plot_and_doesn_t_throw_validation_errors."/>
    <testcase time="1.19999999999982" classname="shinytest2_tm_g_pp_vitals" name="e2e_tm_g_pp_vitals_Selecting_valid_paramcd_and_paramcd_levels_vals_changes_plot_and_doesn_t_throw_validation_errors."/>
    <testcase time="0.00599999999985812" classname="shinytest2_tm_g_pp_vitals" name="e2e_tm_g_pp_vitals_Selecting_valid_paramcd_and_paramcd_levels_vals_changes_plot_and_doesn_t_throw_validation_errors."/>
    <testcase time="7.43299999999999" classname="shinytest2_tm_g_pp_vitals" name="e2e_tm_g_pp_vitals_Deselecting_paramcd_throws_validation_error."/>
    <testcase time="0.00600000000031287" classname="shinytest2_tm_g_pp_vitals" name="e2e_tm_g_pp_vitals_Deselecting_paramcd_throws_validation_error."/>
    <testcase time="0.00499999999965439" classname="shinytest2_tm_g_pp_vitals" name="e2e_tm_g_pp_vitals_Deselecting_paramcd_throws_validation_error."/>
    <testcase time="8.11700000000019" classname="shinytest2_tm_g_pp_vitals" name="e2e_tm_g_pp_vitals_Selecting_xaxis_changes_plot_and_doesn_t_throw_validation_errors."/>
    <testcase time="0.00599999999985812" classname="shinytest2_tm_g_pp_vitals" name="e2e_tm_g_pp_vitals_Selecting_xaxis_changes_plot_and_doesn_t_throw_validation_errors."/>
    <testcase time="7.81800000000021" classname="shinytest2_tm_g_pp_vitals" name="e2e_tm_g_pp_vitals_Deselecting_xaxis_column_throws_validation_error."/>
    <testcase time="0.00599999999985812" classname="shinytest2_tm_g_pp_vitals" name="e2e_tm_g_pp_vitals_Deselecting_xaxis_column_throws_validation_error."/>
    <testcase time="0.00599999999985812" classname="shinytest2_tm_g_pp_vitals" name="e2e_tm_g_pp_vitals_Deselecting_xaxis_column_throws_validation_error."/>
    <testcase time="8.25600000000031" classname="shinytest2_tm_g_pp_vitals" name="e2e_tm_g_pp_vitals_Selecting_aval_var_changes_plot_and_doesn_t_throw_validation_errors."/>
    <testcase time="0.00599999999985812" classname="shinytest2_tm_g_pp_vitals" name="e2e_tm_g_pp_vitals_Selecting_aval_var_changes_plot_and_doesn_t_throw_validation_errors."/>
    <testcase time="7.76600000000008" classname="shinytest2_tm_g_pp_vitals" name="e2e_tm_g_pp_vitals_Deselecting_aval_var_column_throws_validation_error."/>
    <testcase time="0.00500000000010914" classname="shinytest2_tm_g_pp_vitals" name="e2e_tm_g_pp_vitals_Deselecting_aval_var_column_throws_validation_error."/>
    <testcase time="0.00500000000010914" classname="shinytest2_tm_g_pp_vitals" name="e2e_tm_g_pp_vitals_Deselecting_aval_var_column_throws_validation_error."/>
    <testcase time="8.07999999999993" classname="shinytest2_tm_g_pp_vitals" name="e2e_tm_g_pp_vitals_Changing_font_size_changes_plot_and_doesn_t_throw_validation_error."/>
    <testcase time="0.00599999999985812" classname="shinytest2_tm_g_pp_vitals" name="e2e_tm_g_pp_vitals_Changing_font_size_changes_plot_and_doesn_t_throw_validation_error."/>
  </testsuite>
  <testsuite name="shinytest2-tm_t_abnormality" timestamp="2024-11-24T00:09:31Z" hostname="ab3f7aea7c81" tests="27" skipped="0" failures="0" errors="0" time="68.21">
    <testcase time="6.62700000000041" classname="shinytest2_tm_t_abnormality" name="e2e_tm_t_abnormality_Module_initializes_in_teal_without_errors_and_produces_table_output."/>
    <testcase time="0.00499999999965439" classname="shinytest2_tm_t_abnormality" name="e2e_tm_t_abnormality_Module_initializes_in_teal_without_errors_and_produces_table_output."/>
    <testcase time="2.09000000000015" classname="shinytest2_tm_t_abnormality" name="e2e_tm_t_abnormality_Module_initializes_in_teal_without_errors_and_produces_table_output."/>
    <testcase time="6.5949999999998" classname="shinytest2_tm_t_abnormality" name="e2e_tm_t_abnormality_Starts_with_specified_label_arm_var_by_vars_add_total_exclude_base_abn_drop_arm_levels."/>
    <testcase time="0.0820000000003347" classname="shinytest2_tm_t_abnormality" name="e2e_tm_t_abnormality_Starts_with_specified_label_arm_var_by_vars_add_total_exclude_base_abn_drop_arm_levels."/>
    <testcase time="0.0499999999997272" classname="shinytest2_tm_t_abnormality" name="e2e_tm_t_abnormality_Starts_with_specified_label_arm_var_by_vars_add_total_exclude_base_abn_drop_arm_levels."/>
    <testcase time="0.0520000000001346" classname="shinytest2_tm_t_abnormality" name="e2e_tm_t_abnormality_Starts_with_specified_label_arm_var_by_vars_add_total_exclude_base_abn_drop_arm_levels."/>
    <testcase time="0.0520000000001346" classname="shinytest2_tm_t_abnormality" name="e2e_tm_t_abnormality_Starts_with_specified_label_arm_var_by_vars_add_total_exclude_base_abn_drop_arm_levels."/>
    <testcase time="0.0519999999996799" classname="shinytest2_tm_t_abnormality" name="e2e_tm_t_abnormality_Starts_with_specified_label_arm_var_by_vars_add_total_exclude_base_abn_drop_arm_levels."/>
    <testcase time="0.0530000000003383" classname="shinytest2_tm_t_abnormality" name="e2e_tm_t_abnormality_Starts_with_specified_label_arm_var_by_vars_add_total_exclude_base_abn_drop_arm_levels."/>
    <testcase time="0.0519999999996799" classname="shinytest2_tm_t_abnormality" name="e2e_tm_t_abnormality_Starts_with_specified_label_arm_var_by_vars_add_total_exclude_base_abn_drop_arm_levels."/>
    <testcase time="7.75300000000016" classname="shinytest2_tm_t_abnormality" name="e2e_tm_t_abnormality_Selecting_arm_var_changes_the_table_and_does_not_throw_validation_errors."/>
    <testcase time="0.00500000000010914" classname="shinytest2_tm_t_abnormality" name="e2e_tm_t_abnormality_Selecting_arm_var_changes_the_table_and_does_not_throw_validation_errors."/>
    <testcase time="7.23799999999983" classname="shinytest2_tm_t_abnormality" name="e2e_arm_var_Deselection_of_arm_var_throws_validation_error."/>
    <testcase time="0.00500000000010914" classname="shinytest2_tm_t_abnormality" name="e2e_arm_var_Deselection_of_arm_var_throws_validation_error."/>
    <testcase time="0.00599999999985812" classname="shinytest2_tm_t_abnormality" name="e2e_arm_var_Deselection_of_arm_var_throws_validation_error."/>
    <testcase time="7.78999999999996" classname="shinytest2_tm_t_abnormality" name="e2e_tm_t_abnormality_Selecting_by_vars_changes_the_table_and_does_not_throw_validation_errors."/>
    <testcase time="0.00500000000010914" classname="shinytest2_tm_t_abnormality" name="e2e_tm_t_abnormality_Selecting_by_vars_changes_the_table_and_does_not_throw_validation_errors."/>
    <testcase time="7.29700000000003" classname="shinytest2_tm_t_abnormality" name="e2e_tm_t_abnormality_Deselection_of_by_vars_throws_validation_error."/>
    <testcase time="0.00599999999985812" classname="shinytest2_tm_t_abnormality" name="e2e_tm_t_abnormality_Deselection_of_by_vars_throws_validation_error."/>
    <testcase time="0.00500000000010914" classname="shinytest2_tm_t_abnormality" name="e2e_tm_t_abnormality_Deselection_of_by_vars_throws_validation_error."/>
    <testcase time="7.30099999999993" classname="shinytest2_tm_t_abnormality" name="e2e_tm_t_abnormality_Changing_add_total_changes_the_table_and_does_not_throw_validation_errors."/>
    <testcase time="0.00600000000031287" classname="shinytest2_tm_t_abnormality" name="e2e_tm_t_abnormality_Changing_add_total_changes_the_table_and_does_not_throw_validation_errors."/>
    <testcase time="7.51899999999978" classname="shinytest2_tm_t_abnormality" name="e2e_tm_t_abnormality_Changing_exclude_base_abn_changes_the_table_and_does_not_throw_validation_errors."/>
    <testcase time="0.00500000000010914" classname="shinytest2_tm_t_abnormality" name="e2e_tm_t_abnormality_Changing_exclude_base_abn_changes_the_table_and_does_not_throw_validation_errors."/>
    <testcase time="7.55299999999988" classname="shinytest2_tm_t_abnormality" name="e2e_tm_t_abnormality_Changing_drop_arm_levels_does_not_change_the_table_and_does_not_throw_validation_errors."/>
    <testcase time="0.00599999999985812" classname="shinytest2_tm_t_abnormality" name="e2e_tm_t_abnormality_Changing_drop_arm_levels_does_not_change_the_table_and_does_not_throw_validation_errors."/>
  </testsuite>
  <testsuite name="shinytest2-tm_t_abnormality_by_worst_grade" timestamp="2024-11-24T00:10:39Z" hostname="ab3f7aea7c81" tests="27" skipped="0" failures="0" errors="0" time="67.84">
    <testcase time="7.27800000000025" classname="shinytest2_tm_t_abnormality_by_worst_grade" name="e2e_tm_t_abnormality_by_worst_grade_Module_initializes_in_teal_without_errors_and_produces_table_output."/>
    <testcase time="0.00599999999985812" classname="shinytest2_tm_t_abnormality_by_worst_grade" name="e2e_tm_t_abnormality_by_worst_grade_Module_initializes_in_teal_without_errors_and_produces_table_output."/>
    <testcase time="2.0920000000001" classname="shinytest2_tm_t_abnormality_by_worst_grade" name="e2e_tm_t_abnormality_by_worst_grade_Module_initializes_in_teal_without_errors_and_produces_table_output."/>
    <testcase time="7.32699999999977" classname="shinytest2_tm_t_abnormality_by_worst_grade" name="e2e_tm_t_abnormality_by_worst_grade_Starts_with_specified_label_arm_var_paramcd_id_var_atoxgr_var_worst_high_flag_var_worst_low_flag_var_worst_flag_indicator_add_total_drop_arm_levels."/>
    <testcase time="0.0910000000003492" classname="shinytest2_tm_t_abnormality_by_worst_grade" name="e2e_tm_t_abnormality_by_worst_grade_Starts_with_specified_label_arm_var_paramcd_id_var_atoxgr_var_worst_high_flag_var_worst_low_flag_var_worst_flag_indicator_add_total_drop_arm_levels."/>
    <testcase time="0.0539999999996326" classname="shinytest2_tm_t_abnormality_by_worst_grade" name="e2e_tm_t_abnormality_by_worst_grade_Starts_with_specified_label_arm_var_paramcd_id_var_atoxgr_var_worst_high_flag_var_worst_low_flag_var_worst_flag_indicator_add_total_drop_arm_levels."/>
    <testcase time="0.0520000000001346" classname="shinytest2_tm_t_abnormality_by_worst_grade" name="e2e_tm_t_abnormality_by_worst_grade_Starts_with_specified_label_arm_var_paramcd_id_var_atoxgr_var_worst_high_flag_var_worst_low_flag_var_worst_flag_indicator_add_total_drop_arm_levels."/>
    <testcase time="0.0509999999999309" classname="shinytest2_tm_t_abnormality_by_worst_grade" name="e2e_tm_t_abnormality_by_worst_grade_Starts_with_specified_label_arm_var_paramcd_id_var_atoxgr_var_worst_high_flag_var_worst_low_flag_var_worst_flag_indicator_add_total_drop_arm_levels."/>
    <testcase time="0.0520000000001346" classname="shinytest2_tm_t_abnormality_by_worst_grade" name="e2e_tm_t_abnormality_by_worst_grade_Starts_with_specified_label_arm_var_paramcd_id_var_atoxgr_var_worst_high_flag_var_worst_low_flag_var_worst_flag_indicator_add_total_drop_arm_levels."/>
    <testcase time="0.0529999999998836" classname="shinytest2_tm_t_abnormality_by_worst_grade" name="e2e_tm_t_abnormality_by_worst_grade_Starts_with_specified_label_arm_var_paramcd_id_var_atoxgr_var_worst_high_flag_var_worst_low_flag_var_worst_flag_indicator_add_total_drop_arm_levels."/>
    <testcase time="0.0509999999999309" classname="shinytest2_tm_t_abnormality_by_worst_grade" name="e2e_tm_t_abnormality_by_worst_grade_Starts_with_specified_label_arm_var_paramcd_id_var_atoxgr_var_worst_high_flag_var_worst_low_flag_var_worst_flag_indicator_add_total_drop_arm_levels."/>
    <testcase time="0.0520000000001346" classname="shinytest2_tm_t_abnormality_by_worst_grade" name="e2e_tm_t_abnormality_by_worst_grade_Starts_with_specified_label_arm_var_paramcd_id_var_atoxgr_var_worst_high_flag_var_worst_low_flag_var_worst_flag_indicator_add_total_drop_arm_levels."/>
    <testcase time="0.0520000000001346" classname="shinytest2_tm_t_abnormality_by_worst_grade" name="e2e_tm_t_abnormality_by_worst_grade_Starts_with_specified_label_arm_var_paramcd_id_var_atoxgr_var_worst_high_flag_var_worst_low_flag_var_worst_flag_indicator_add_total_drop_arm_levels."/>
    <testcase time="8.78699999999981" classname="shinytest2_tm_t_abnormality_by_worst_grade" name="e2e_tm_t_abnormality_by_worst_grade_Selecting_arm_var_changes_the_table_and_does_not_throw_validation_errors."/>
    <testcase time="0.00600000000031287" classname="shinytest2_tm_t_abnormality_by_worst_grade" name="e2e_tm_t_abnormality_by_worst_grade_Selecting_arm_var_changes_the_table_and_does_not_throw_validation_errors."/>
    <testcase time="8.62899999999991" classname="shinytest2_tm_t_abnormality_by_worst_grade" name="e2e_tm_t_abnormality_by_worst_grade_Selecting_paramcd_changes_the_table_and_does_not_throw_validation_errors."/>
    <testcase time="0.00599999999985812" classname="shinytest2_tm_t_abnormality_by_worst_grade" name="e2e_tm_t_abnormality_by_worst_grade_Selecting_paramcd_changes_the_table_and_does_not_throw_validation_errors."/>
    <testcase time="8.03099999999995" classname="shinytest2_tm_t_abnormality_by_worst_grade" name="e2e_tm_t_abnormality_by_worst_grade_Deselection_of_arm_var_throws_validation_error."/>
    <testcase time="0.00500000000010914" classname="shinytest2_tm_t_abnormality_by_worst_grade" name="e2e_tm_t_abnormality_by_worst_grade_Deselection_of_arm_var_throws_validation_error."/>
    <testcase time="0.00599999999985812" classname="shinytest2_tm_t_abnormality_by_worst_grade" name="e2e_tm_t_abnormality_by_worst_grade_Deselection_of_arm_var_throws_validation_error."/>
    <testcase time="7.98300000000017" classname="shinytest2_tm_t_abnormality_by_worst_grade" name="e2e_tm_t_abnormality_by_worst_grade_Deselection_of_paramcd_throws_validation_error."/>
    <testcase time="0.00500000000010914" classname="shinytest2_tm_t_abnormality_by_worst_grade" name="e2e_tm_t_abnormality_by_worst_grade_Deselection_of_paramcd_throws_validation_error."/>
    <testcase time="0.00600000000031287" classname="shinytest2_tm_t_abnormality_by_worst_grade" name="e2e_tm_t_abnormality_by_worst_grade_Deselection_of_paramcd_throws_validation_error."/>
    <testcase time="8.61599999999999" classname="shinytest2_tm_t_abnormality_by_worst_grade" name="e2e_tm_t_abnormality_by_worst_grade_Changing_add_total_changes_the_table_and_does_not_throw_validation_errors."/>
    <testcase time="0.00500000000010914" classname="shinytest2_tm_t_abnormality_by_worst_grade" name="e2e_tm_t_abnormality_by_worst_grade_Changing_add_total_changes_the_table_and_does_not_throw_validation_errors."/>
    <testcase time="8.53800000000001" classname="shinytest2_tm_t_abnormality_by_worst_grade" name="e2e_tm_t_abnormality_by_worst_grade_Changing_drop_arm_levels_does_not_change_the_table_and_does_not_throw_validation_errors."/>
    <testcase time="0.00599999999985812" classname="shinytest2_tm_t_abnormality_by_worst_grade" name="e2e_tm_t_abnormality_by_worst_grade_Changing_drop_arm_levels_does_not_change_the_table_and_does_not_throw_validation_errors."/>
  </testsuite>
  <testsuite name="shinytest2-tm_t_ancova" timestamp="2024-11-24T00:11:47Z" hostname="ab3f7aea7c81" tests="39" skipped="0" failures="0" errors="0" time="96.471">
    <testcase time="6.49499999999989" classname="shinytest2_tm_t_ancova" name="e2e_tm_t_ancova_Module_initializes_in_teal_without_errors_and_produces_table_output."/>
    <testcase time="0.00500000000010914" classname="shinytest2_tm_t_ancova" name="e2e_tm_t_ancova_Module_initializes_in_teal_without_errors_and_produces_table_output."/>
    <testcase time="2.08699999999999" classname="shinytest2_tm_t_ancova" name="e2e_tm_t_ancova_Module_initializes_in_teal_without_errors_and_produces_table_output."/>
    <testcase time="6.61400000000003" classname="shinytest2_tm_t_ancova" name="e2e_tm_t_ancova_Starts_with_specified_label_avisit_paramcd_aval_var_aval_var_arm_var_buckets_combine_comp_arms_interact_var_cov_var_conf_level_include_interact."/>
    <testcase time="0.133000000000266" classname="shinytest2_tm_t_ancova" name="e2e_tm_t_ancova_Starts_with_specified_label_avisit_paramcd_aval_var_aval_var_arm_var_buckets_combine_comp_arms_interact_var_cov_var_conf_level_include_interact."/>
    <testcase time="0.0509999999999309" classname="shinytest2_tm_t_ancova" name="e2e_tm_t_ancova_Starts_with_specified_label_avisit_paramcd_aval_var_aval_var_arm_var_buckets_combine_comp_arms_interact_var_cov_var_conf_level_include_interact."/>
    <testcase time="0.0520000000001346" classname="shinytest2_tm_t_ancova" name="e2e_tm_t_ancova_Starts_with_specified_label_avisit_paramcd_aval_var_aval_var_arm_var_buckets_combine_comp_arms_interact_var_cov_var_conf_level_include_interact."/>
    <testcase time="0.0529999999998836" classname="shinytest2_tm_t_ancova" name="e2e_tm_t_ancova_Starts_with_specified_label_avisit_paramcd_aval_var_aval_var_arm_var_buckets_combine_comp_arms_interact_var_cov_var_conf_level_include_interact."/>
    <testcase time="0.0540000000000873" classname="shinytest2_tm_t_ancova" name="e2e_tm_t_ancova_Starts_with_specified_label_avisit_paramcd_aval_var_aval_var_arm_var_buckets_combine_comp_arms_interact_var_cov_var_conf_level_include_interact."/>
    <testcase time="0.0520000000001346" classname="shinytest2_tm_t_ancova" name="e2e_tm_t_ancova_Starts_with_specified_label_avisit_paramcd_aval_var_aval_var_arm_var_buckets_combine_comp_arms_interact_var_cov_var_conf_level_include_interact."/>
    <testcase time="0.0519999999996799" classname="shinytest2_tm_t_ancova" name="e2e_tm_t_ancova_Starts_with_specified_label_avisit_paramcd_aval_var_aval_var_arm_var_buckets_combine_comp_arms_interact_var_cov_var_conf_level_include_interact."/>
    <testcase time="0.0570000000002437" classname="shinytest2_tm_t_ancova" name="e2e_tm_t_ancova_Starts_with_specified_label_avisit_paramcd_aval_var_aval_var_arm_var_buckets_combine_comp_arms_interact_var_cov_var_conf_level_include_interact."/>
    <testcase time="0.0509999999999309" classname="shinytest2_tm_t_ancova" name="e2e_tm_t_ancova_Starts_with_specified_label_avisit_paramcd_aval_var_aval_var_arm_var_buckets_combine_comp_arms_interact_var_cov_var_conf_level_include_interact."/>
    <testcase time="0.0520000000001346" classname="shinytest2_tm_t_ancova" name="e2e_tm_t_ancova_Starts_with_specified_label_avisit_paramcd_aval_var_aval_var_arm_var_buckets_combine_comp_arms_interact_var_cov_var_conf_level_include_interact."/>
    <testcase time="0.0529999999998836" classname="shinytest2_tm_t_ancova" name="e2e_tm_t_ancova_Starts_with_specified_label_avisit_paramcd_aval_var_aval_var_arm_var_buckets_combine_comp_arms_interact_var_cov_var_conf_level_include_interact."/>
    <testcase time="8.46399999999994" classname="shinytest2_tm_t_ancova" name="e2e_tm_t_ancova_Selecting_avisit_changes_the_table_and_does_not_throw_validation_errors."/>
    <testcase time="0.00599999999985812" classname="shinytest2_tm_t_ancova" name="e2e_tm_t_ancova_Selecting_avisit_changes_the_table_and_does_not_throw_validation_errors."/>
    <testcase time="7.69900000000007" classname="shinytest2_tm_t_ancova" name="e2e_tm_t_ancova_Deselection_of_avisit_throws_validation_error."/>
    <testcase time="0.00600000000031287" classname="shinytest2_tm_t_ancova" name="e2e_tm_t_ancova_Deselection_of_avisit_throws_validation_error."/>
    <testcase time="0.00499999999965439" classname="shinytest2_tm_t_ancova" name="e2e_tm_t_ancova_Deselection_of_avisit_throws_validation_error."/>
    <testcase time="8.44600000000037" classname="shinytest2_tm_t_ancova" name="e2e_tm_t_ancova_Selecting_paramcd_changes_the_table_and_does_not_throw_validation_errors."/>
    <testcase time="0.00499999999965439" classname="shinytest2_tm_t_ancova" name="e2e_tm_t_ancova_Selecting_paramcd_changes_the_table_and_does_not_throw_validation_errors."/>
    <testcase time="7.62000000000035" classname="shinytest2_tm_t_ancova" name="e2e_tm_t_ancova_Deselection_of_paramcd_throws_validation_error."/>
    <testcase time="0.00599999999985812" classname="shinytest2_tm_t_ancova" name="e2e_tm_t_ancova_Deselection_of_paramcd_throws_validation_error."/>
    <testcase time="0.00599999999985812" classname="shinytest2_tm_t_ancova" name="e2e_tm_t_ancova_Deselection_of_paramcd_throws_validation_error."/>
    <testcase time="8.26900000000023" classname="shinytest2_tm_t_ancova" name="e2e_tm_t_ancova_Selecting_aval_var_changes_the_table_and_does_not_throw_validation_errors."/>
    <testcase time="0.00599999999985812" classname="shinytest2_tm_t_ancova" name="e2e_tm_t_ancova_Selecting_aval_var_changes_the_table_and_does_not_throw_validation_errors."/>
    <testcase time="7.67799999999988" classname="shinytest2_tm_t_ancova" name="e2e_tm_t_ancova_Deselection_of_aval_var_throws_validation_error."/>
    <testcase time="0.00600000000031287" classname="shinytest2_tm_t_ancova" name="e2e_tm_t_ancova_Deselection_of_aval_var_throws_validation_error."/>
    <testcase time="0.00599999999985812" classname="shinytest2_tm_t_ancova" name="e2e_tm_t_ancova_Deselection_of_aval_var_throws_validation_error."/>
    <testcase time="8.21599999999989" classname="shinytest2_tm_t_ancova" name="e2e_tm_t_ancova_Selecting_arm_var_changes_the_table_and_does_not_throw_validation_errors."/>
    <testcase time="0.00599999999985812" classname="shinytest2_tm_t_ancova" name="e2e_tm_t_ancova_Selecting_arm_var_changes_the_table_and_does_not_throw_validation_errors."/>
    <testcase time="7.72600000000011" classname="shinytest2_tm_t_ancova" name="e2e_tm_t_ancova_Deselection_of_arm_var_throws_validation_error."/>
    <testcase time="0.00599999999985812" classname="shinytest2_tm_t_ancova" name="e2e_tm_t_ancova_Deselection_of_arm_var_throws_validation_error."/>
    <testcase time="0.00600000000031287" classname="shinytest2_tm_t_ancova" name="e2e_tm_t_ancova_Deselection_of_arm_var_throws_validation_error."/>
    <testcase time="8.21900000000005" classname="shinytest2_tm_t_ancova" name="e2e_tm_t_ancova_Selecting_cov_var_changes_the_table_and_does_not_throw_validation_errors."/>
    <testcase time="0.00599999999985812" classname="shinytest2_tm_t_ancova" name="e2e_tm_t_ancova_Selecting_cov_var_changes_the_table_and_does_not_throw_validation_errors."/>
    <testcase time="8.1909999999998" classname="shinytest2_tm_t_ancova" name="e2e_tm_t_ancova_Deselection_of_cov_var_changes_table_and_doesn_t_throw_validation_error."/>
    <testcase time="0.00600000000031287" classname="shinytest2_tm_t_ancova" name="e2e_tm_t_ancova_Deselection_of_cov_var_changes_table_and_doesn_t_throw_validation_error."/>
  </testsuite>
  <testsuite name="shinytest2-tm_t_binary_outcome" timestamp="2024-11-24T00:13:23Z" hostname="ab3f7aea7c81" tests="38" skipped="0" failures="0" errors="0" time="76.818">
    <testcase time="6.55299999999988" classname="shinytest2_tm_t_binary_outcome" name="e2e_tm_t_binary_outcome_Module_initializes_in_teal_without_errors_and_produces_table_output."/>
    <testcase time="0.00599999999985812" classname="shinytest2_tm_t_binary_outcome" name="e2e_tm_t_binary_outcome_Module_initializes_in_teal_without_errors_and_produces_table_output."/>
    <testcase time="2.09400000000005" classname="shinytest2_tm_t_binary_outcome" name="e2e_tm_t_binary_outcome_Module_initializes_in_teal_without_errors_and_produces_table_output."/>
    <testcase time="6.31600000000026" classname="shinytest2_tm_t_binary_outcome" name="e2e_tm_t_binary_outcome_Starts_with_specified_label_paramcd_responders_arm_var_buckets_u_diff_ci_u_diff_test_strata_var_s_diff_ci_prop_ci_method_conf_level_aval_var_compare_arms_combine_comp_arms_u_odds_ratio_show_rsp_cat."/>
    <testcase time="0.0850000000000364" classname="shinytest2_tm_t_binary_outcome" name="e2e_tm_t_binary_outcome_Starts_with_specified_label_paramcd_responders_arm_var_buckets_u_diff_ci_u_diff_test_strata_var_s_diff_ci_prop_ci_method_conf_level_aval_var_compare_arms_combine_comp_arms_u_odds_ratio_show_rsp_cat."/>
    <testcase time="0.0519999999996799" classname="shinytest2_tm_t_binary_outcome" name="e2e_tm_t_binary_outcome_Starts_with_specified_label_paramcd_responders_arm_var_buckets_u_diff_ci_u_diff_test_strata_var_s_diff_ci_prop_ci_method_conf_level_aval_var_compare_arms_combine_comp_arms_u_odds_ratio_show_rsp_cat."/>
    <testcase time="0.0520000000001346" classname="shinytest2_tm_t_binary_outcome" name="e2e_tm_t_binary_outcome_Starts_with_specified_label_paramcd_responders_arm_var_buckets_u_diff_ci_u_diff_test_strata_var_s_diff_ci_prop_ci_method_conf_level_aval_var_compare_arms_combine_comp_arms_u_odds_ratio_show_rsp_cat."/>
    <testcase time="0.0520000000001346" classname="shinytest2_tm_t_binary_outcome" name="e2e_tm_t_binary_outcome_Starts_with_specified_label_paramcd_responders_arm_var_buckets_u_diff_ci_u_diff_test_strata_var_s_diff_ci_prop_ci_method_conf_level_aval_var_compare_arms_combine_comp_arms_u_odds_ratio_show_rsp_cat."/>
    <testcase time="0.0519999999996799" classname="shinytest2_tm_t_binary_outcome" name="e2e_tm_t_binary_outcome_Starts_with_specified_label_paramcd_responders_arm_var_buckets_u_diff_ci_u_diff_test_strata_var_s_diff_ci_prop_ci_method_conf_level_aval_var_compare_arms_combine_comp_arms_u_odds_ratio_show_rsp_cat."/>
    <testcase time="0.0520000000001346" classname="shinytest2_tm_t_binary_outcome" name="e2e_tm_t_binary_outcome_Starts_with_specified_label_paramcd_responders_arm_var_buckets_u_diff_ci_u_diff_test_strata_var_s_diff_ci_prop_ci_method_conf_level_aval_var_compare_arms_combine_comp_arms_u_odds_ratio_show_rsp_cat."/>
    <testcase time="0.0520000000001346" classname="shinytest2_tm_t_binary_outcome" name="e2e_tm_t_binary_outcome_Starts_with_specified_label_paramcd_responders_arm_var_buckets_u_diff_ci_u_diff_test_strata_var_s_diff_ci_prop_ci_method_conf_level_aval_var_compare_arms_combine_comp_arms_u_odds_ratio_show_rsp_cat."/>
    <testcase time="0.0519999999996799" classname="shinytest2_tm_t_binary_outcome" name="e2e_tm_t_binary_outcome_Starts_with_specified_label_paramcd_responders_arm_var_buckets_u_diff_ci_u_diff_test_strata_var_s_diff_ci_prop_ci_method_conf_level_aval_var_compare_arms_combine_comp_arms_u_odds_ratio_show_rsp_cat."/>
    <testcase time="0.0520000000001346" classname="shinytest2_tm_t_binary_outcome" name="e2e_tm_t_binary_outcome_Starts_with_specified_label_paramcd_responders_arm_var_buckets_u_diff_ci_u_diff_test_strata_var_s_diff_ci_prop_ci_method_conf_level_aval_var_compare_arms_combine_comp_arms_u_odds_ratio_show_rsp_cat."/>
    <testcase time="0.0520000000001346" classname="shinytest2_tm_t_binary_outcome" name="e2e_tm_t_binary_outcome_Starts_with_specified_label_paramcd_responders_arm_var_buckets_u_diff_ci_u_diff_test_strata_var_s_diff_ci_prop_ci_method_conf_level_aval_var_compare_arms_combine_comp_arms_u_odds_ratio_show_rsp_cat."/>
    <testcase time="0.0520000000001346" classname="shinytest2_tm_t_binary_outcome" name="e2e_tm_t_binary_outcome_Starts_with_specified_label_paramcd_responders_arm_var_buckets_u_diff_ci_u_diff_test_strata_var_s_diff_ci_prop_ci_method_conf_level_aval_var_compare_arms_combine_comp_arms_u_odds_ratio_show_rsp_cat."/>
    <testcase time="0.0509999999999309" classname="shinytest2_tm_t_binary_outcome" name="e2e_tm_t_binary_outcome_Starts_with_specified_label_paramcd_responders_arm_var_buckets_u_diff_ci_u_diff_test_strata_var_s_diff_ci_prop_ci_method_conf_level_aval_var_compare_arms_combine_comp_arms_u_odds_ratio_show_rsp_cat."/>
    <testcase time="0.0529999999998836" classname="shinytest2_tm_t_binary_outcome" name="e2e_tm_t_binary_outcome_Starts_with_specified_label_paramcd_responders_arm_var_buckets_u_diff_ci_u_diff_test_strata_var_s_diff_ci_prop_ci_method_conf_level_aval_var_compare_arms_combine_comp_arms_u_odds_ratio_show_rsp_cat."/>
    <testcase time="0.0509999999999309" classname="shinytest2_tm_t_binary_outcome" name="e2e_tm_t_binary_outcome_Starts_with_specified_label_paramcd_responders_arm_var_buckets_u_diff_ci_u_diff_test_strata_var_s_diff_ci_prop_ci_method_conf_level_aval_var_compare_arms_combine_comp_arms_u_odds_ratio_show_rsp_cat."/>
    <testcase time="0.0520000000001346" classname="shinytest2_tm_t_binary_outcome" name="e2e_tm_t_binary_outcome_Starts_with_specified_label_paramcd_responders_arm_var_buckets_u_diff_ci_u_diff_test_strata_var_s_diff_ci_prop_ci_method_conf_level_aval_var_compare_arms_combine_comp_arms_u_odds_ratio_show_rsp_cat."/>
    <testcase time="8.2489999999998" classname="shinytest2_tm_t_binary_outcome" name="e2e_tm_t_binary_outcome_Selecting_paramcd_changes_the_table_and_does_not_throw_validation_errors."/>
    <testcase time="0.00600000000031287" classname="shinytest2_tm_t_binary_outcome" name="e2e_tm_t_binary_outcome_Selecting_paramcd_changes_the_table_and_does_not_throw_validation_errors."/>
    <testcase time="7.43399999999974" classname="shinytest2_tm_t_binary_outcome" name="e2e_tm_t_binary_outcome_Deselection_of_paramcd_throws_validation_error."/>
    <testcase time="0.00500000000010914" classname="shinytest2_tm_t_binary_outcome" name="e2e_tm_t_binary_outcome_Deselection_of_paramcd_throws_validation_error."/>
    <testcase time="0.00599999999985812" classname="shinytest2_tm_t_binary_outcome" name="e2e_tm_t_binary_outcome_Deselection_of_paramcd_throws_validation_error."/>
    <testcase time="7.63300000000027" classname="shinytest2_tm_t_binary_outcome" name="e2e_tm_t_binary_outcome_Selecting_responders_changes_the_table_and_does_not_throw_validation_errors."/>
    <testcase time="0.00599999999985812" classname="shinytest2_tm_t_binary_outcome" name="e2e_tm_t_binary_outcome_Selecting_responders_changes_the_table_and_does_not_throw_validation_errors."/>
    <testcase time="6.97299999999996" classname="shinytest2_tm_t_binary_outcome" name="e2e_tm_t_binary_outcome_Deselection_of_responders_throws_validation_error."/>
    <testcase time="0.00500000000010914" classname="shinytest2_tm_t_binary_outcome" name="e2e_tm_t_binary_outcome_Deselection_of_responders_throws_validation_error."/>
    <testcase time="0.00599999999985812" classname="shinytest2_tm_t_binary_outcome" name="e2e_tm_t_binary_outcome_Deselection_of_responders_throws_validation_error."/>
    <testcase time="7.88999999999987" classname="shinytest2_tm_t_binary_outcome" name="e2e_tm_t_binary_outcome_Selecting_arm_var_changes_the_table_and_does_not_throw_validation_errors."/>
    <testcase time="0.00600000000031287" classname="shinytest2_tm_t_binary_outcome" name="e2e_tm_t_binary_outcome_Selecting_arm_var_changes_the_table_and_does_not_throw_validation_errors."/>
    <testcase time="7.01299999999992" classname="shinytest2_tm_t_binary_outcome" name="e2e_tm_t_binary_outcome_Deselection_of_arm_var_throws_validation_error."/>
    <testcase time="0.00599999999985812" classname="shinytest2_tm_t_binary_outcome" name="e2e_tm_t_binary_outcome_Deselection_of_arm_var_throws_validation_error."/>
    <testcase time="0.00500000000010914" classname="shinytest2_tm_t_binary_outcome" name="e2e_tm_t_binary_outcome_Deselection_of_arm_var_throws_validation_error."/>
    <testcase time="8.13799999999992" classname="shinytest2_tm_t_binary_outcome" name="e2e_tm_t_binary_outcome_Selecting_strata_var_changes_the_table_and_does_not_throw_validation_errors."/>
    <testcase time="0.00599999999985812" classname="shinytest2_tm_t_binary_outcome" name="e2e_tm_t_binary_outcome_Selecting_strata_var_changes_the_table_and_does_not_throw_validation_errors."/>
    <testcase time="7.64400000000023" classname="shinytest2_tm_t_binary_outcome" name="e2e_tm_t_binary_outcome_Deselection_of_strata_var_changes_the_table_and_does_not_throw_validation_errors."/>
    <testcase time="0.00599999999985812" classname="shinytest2_tm_t_binary_outcome" name="e2e_tm_t_binary_outcome_Deselection_of_strata_var_changes_the_table_and_does_not_throw_validation_errors."/>
  </testsuite>
  <testsuite name="shinytest2-tm_t_coxreg" timestamp="2024-11-24T00:14:40Z" hostname="ab3f7aea7c81" tests="32" skipped="0" failures="0" errors="0" time="73.798">
    <testcase time="6.33400000000029" classname="shinytest2_tm_t_coxreg" name="e2e_tm_t_coxreg_Module_initializes_in_teal_without_errors_and_produces_table_output."/>
    <testcase time="0.00499999999965439" classname="shinytest2_tm_t_coxreg" name="e2e_tm_t_coxreg_Module_initializes_in_teal_without_errors_and_produces_table_output."/>
    <testcase time="2.08500000000004" classname="shinytest2_tm_t_coxreg" name="e2e_tm_t_coxreg_Module_initializes_in_teal_without_errors_and_produces_table_output."/>
    <testcase time="6.09799999999996" classname="shinytest2_tm_t_coxreg" name="e2e_tm_t_coxreg_Starts_with_specified_label_type_paramcd_arm_var_buckets_cov_var_strata_var_pval_method_ties_conf_level_combine_comp_arms."/>
    <testcase time="0.0850000000000364" classname="shinytest2_tm_t_coxreg" name="e2e_tm_t_coxreg_Starts_with_specified_label_type_paramcd_arm_var_buckets_cov_var_strata_var_pval_method_ties_conf_level_combine_comp_arms."/>
    <testcase time="0.0520000000001346" classname="shinytest2_tm_t_coxreg" name="e2e_tm_t_coxreg_Starts_with_specified_label_type_paramcd_arm_var_buckets_cov_var_strata_var_pval_method_ties_conf_level_combine_comp_arms."/>
    <testcase time="0.0529999999998836" classname="shinytest2_tm_t_coxreg" name="e2e_tm_t_coxreg_Starts_with_specified_label_type_paramcd_arm_var_buckets_cov_var_strata_var_pval_method_ties_conf_level_combine_comp_arms."/>
    <testcase time="0.0509999999999309" classname="shinytest2_tm_t_coxreg" name="e2e_tm_t_coxreg_Starts_with_specified_label_type_paramcd_arm_var_buckets_cov_var_strata_var_pval_method_ties_conf_level_combine_comp_arms."/>
    <testcase time="0.0520000000001346" classname="shinytest2_tm_t_coxreg" name="e2e_tm_t_coxreg_Starts_with_specified_label_type_paramcd_arm_var_buckets_cov_var_strata_var_pval_method_ties_conf_level_combine_comp_arms."/>
    <testcase time="0.0520000000001346" classname="shinytest2_tm_t_coxreg" name="e2e_tm_t_coxreg_Starts_with_specified_label_type_paramcd_arm_var_buckets_cov_var_strata_var_pval_method_ties_conf_level_combine_comp_arms."/>
    <testcase time="0.0520000000001346" classname="shinytest2_tm_t_coxreg" name="e2e_tm_t_coxreg_Starts_with_specified_label_type_paramcd_arm_var_buckets_cov_var_strata_var_pval_method_ties_conf_level_combine_comp_arms."/>
    <testcase time="0.0519999999996799" classname="shinytest2_tm_t_coxreg" name="e2e_tm_t_coxreg_Starts_with_specified_label_type_paramcd_arm_var_buckets_cov_var_strata_var_pval_method_ties_conf_level_combine_comp_arms."/>
    <testcase time="0.0520000000001346" classname="shinytest2_tm_t_coxreg" name="e2e_tm_t_coxreg_Starts_with_specified_label_type_paramcd_arm_var_buckets_cov_var_strata_var_pval_method_ties_conf_level_combine_comp_arms."/>
    <testcase time="0.0520000000001346" classname="shinytest2_tm_t_coxreg" name="e2e_tm_t_coxreg_Starts_with_specified_label_type_paramcd_arm_var_buckets_cov_var_strata_var_pval_method_ties_conf_level_combine_comp_arms."/>
    <testcase time="7.44900000000007" classname="shinytest2_tm_t_coxreg" name="e2e_tm_t_coxreg_Selecting_paramcd_changes_the_table_and_does_not_throw_validation_errors."/>
    <testcase time="0.00599999999985812" classname="shinytest2_tm_t_coxreg" name="e2e_tm_t_coxreg_Selecting_paramcd_changes_the_table_and_does_not_throw_validation_errors."/>
    <testcase time="6.99499999999989" classname="shinytest2_tm_t_coxreg" name="e2e_tm_t_coxreg_Deselection_of_paramcd_throws_validation_error."/>
    <testcase time="0.00599999999985812" classname="shinytest2_tm_t_coxreg" name="e2e_tm_t_coxreg_Deselection_of_paramcd_throws_validation_error."/>
    <testcase time="0.00500000000010914" classname="shinytest2_tm_t_coxreg" name="e2e_tm_t_coxreg_Deselection_of_paramcd_throws_validation_error."/>
    <testcase time="7.48700000000008" classname="shinytest2_tm_t_coxreg" name="e2e_tm_t_coxreg_Selecting_arm_var_changes_the_table_and_does_not_throw_validation_errors."/>
    <testcase time="0.00599999999985812" classname="shinytest2_tm_t_coxreg" name="e2e_tm_t_coxreg_Selecting_arm_var_changes_the_table_and_does_not_throw_validation_errors."/>
    <testcase time="6.73500000000013" classname="shinytest2_tm_t_coxreg" name="e2e_tm_t_coxreg_Deselection_of_arm_var_throws_validation_error."/>
    <testcase time="0.00599999999985812" classname="shinytest2_tm_t_coxreg" name="e2e_tm_t_coxreg_Deselection_of_arm_var_throws_validation_error."/>
    <testcase time="0.00600000000031287" classname="shinytest2_tm_t_coxreg" name="e2e_tm_t_coxreg_Deselection_of_arm_var_throws_validation_error."/>
    <testcase time="7.5659999999998" classname="shinytest2_tm_t_coxreg" name="e2e_tm_t_coxreg_Selecting_cov_var_changes_the_table_and_does_not_throw_validation_errors."/>
    <testcase time="0.00599999999985812" classname="shinytest2_tm_t_coxreg" name="e2e_tm_t_coxreg_Selecting_cov_var_changes_the_table_and_does_not_throw_validation_errors."/>
    <testcase time="7.39699999999993" classname="shinytest2_tm_t_coxreg" name="e2e_tm_t_coxreg_Deselection_of_cov_var_changes_the_table_and_does_not_throw_validation_errors."/>
    <testcase time="0.00500000000010914" classname="shinytest2_tm_t_coxreg" name="e2e_tm_t_coxreg_Deselection_of_cov_var_changes_the_table_and_does_not_throw_validation_errors."/>
    <testcase time="7.5619999999999" classname="shinytest2_tm_t_coxreg" name="e2e_tm_t_coxreg_Selecting_strata_var_changes_the_table_and_does_not_throw_validation_errors."/>
    <testcase time="0.00600000000031287" classname="shinytest2_tm_t_coxreg" name="e2e_tm_t_coxreg_Selecting_strata_var_changes_the_table_and_does_not_throw_validation_errors."/>
    <testcase time="7.47399999999971" classname="shinytest2_tm_t_coxreg" name="e2e_tm_t_coxreg_Deselection_of_strata_var_changes_the_table_and_does_not_throw_validation_errors."/>
    <testcase time="0.00600000000031287" classname="shinytest2_tm_t_coxreg" name="e2e_tm_t_coxreg_Deselection_of_strata_var_changes_the_table_and_does_not_throw_validation_errors."/>
  </testsuite>
  <testsuite name="shinytest2-tm_t_events" timestamp="2024-11-24T00:15:54Z" hostname="ab3f7aea7c81" tests="25" skipped="0" failures="0" errors="0" time="60.891">
    <testcase time="6.21399999999994" classname="shinytest2_tm_t_events" name="e2e_tm_t_events_Module_initializes_in_teal_without_errors_and_produces_table_output."/>
    <testcase time="0.00599999999985812" classname="shinytest2_tm_t_events" name="e2e_tm_t_events_Module_initializes_in_teal_without_errors_and_produces_table_output."/>
    <testcase time="2.0920000000001" classname="shinytest2_tm_t_events" name="e2e_tm_t_events_Module_initializes_in_teal_without_errors_and_produces_table_output."/>
    <testcase time="6.4050000000002" classname="shinytest2_tm_t_events" name="e2e_tm_t_events_Starts_with_specified_label_arm_var_hlt_llt_sort_criteria_prune_freq_prune_diff_add_total_drop_arm_levels."/>
    <testcase time="0.0859999999997854" classname="shinytest2_tm_t_events" name="e2e_tm_t_events_Starts_with_specified_label_arm_var_hlt_llt_sort_criteria_prune_freq_prune_diff_add_total_drop_arm_levels."/>
    <testcase time="0.0500000000001819" classname="shinytest2_tm_t_events" name="e2e_tm_t_events_Starts_with_specified_label_arm_var_hlt_llt_sort_criteria_prune_freq_prune_diff_add_total_drop_arm_levels."/>
    <testcase time="0.0520000000001346" classname="shinytest2_tm_t_events" name="e2e_tm_t_events_Starts_with_specified_label_arm_var_hlt_llt_sort_criteria_prune_freq_prune_diff_add_total_drop_arm_levels."/>
    <testcase time="0.0509999999999309" classname="shinytest2_tm_t_events" name="e2e_tm_t_events_Starts_with_specified_label_arm_var_hlt_llt_sort_criteria_prune_freq_prune_diff_add_total_drop_arm_levels."/>
    <testcase time="0.056999999999789" classname="shinytest2_tm_t_events" name="e2e_tm_t_events_Starts_with_specified_label_arm_var_hlt_llt_sort_criteria_prune_freq_prune_diff_add_total_drop_arm_levels."/>
    <testcase time="0.0520000000001346" classname="shinytest2_tm_t_events" name="e2e_tm_t_events_Starts_with_specified_label_arm_var_hlt_llt_sort_criteria_prune_freq_prune_diff_add_total_drop_arm_levels."/>
    <testcase time="0.0509999999999309" classname="shinytest2_tm_t_events" name="e2e_tm_t_events_Starts_with_specified_label_arm_var_hlt_llt_sort_criteria_prune_freq_prune_diff_add_total_drop_arm_levels."/>
    <testcase time="0.0520000000001346" classname="shinytest2_tm_t_events" name="e2e_tm_t_events_Starts_with_specified_label_arm_var_hlt_llt_sort_criteria_prune_freq_prune_diff_add_total_drop_arm_levels."/>
    <testcase time="8.02500000000009" classname="shinytest2_tm_t_events" name="e2e_tm_t_events_Selecting_arm_var_changes_the_table_and_does_not_throw_validation_errors."/>
    <testcase time="0.00599999999985812" classname="shinytest2_tm_t_events" name="e2e_tm_t_events_Selecting_arm_var_changes_the_table_and_does_not_throw_validation_errors."/>
    <testcase time="7.2510000000002" classname="shinytest2_tm_t_events" name="e2e_tm_t_events_Deselection_of_arm_var_throws_validation_error."/>
    <testcase time="0.00599999999985812" classname="shinytest2_tm_t_events" name="e2e_tm_t_events_Deselection_of_arm_var_throws_validation_error."/>
    <testcase time="0.00500000000010914" classname="shinytest2_tm_t_events" name="e2e_tm_t_events_Deselection_of_arm_var_throws_validation_error."/>
    <testcase time="7.61899999999969" classname="shinytest2_tm_t_events" name="e2e_tm_t_events_Selecting_hlt_changes_the_table_and_does_not_throw_validation_errors."/>
    <testcase time="0.00600000000031287" classname="shinytest2_tm_t_events" name="e2e_tm_t_events_Selecting_hlt_changes_the_table_and_does_not_throw_validation_errors."/>
    <testcase time="7.33599999999979" classname="shinytest2_tm_t_events" name="e2e_tm_t_events_Deselection_of_hlt_changes_the_table_and_does_not_throw_validation_errors."/>
    <testcase time="0.00500000000010914" classname="shinytest2_tm_t_events" name="e2e_tm_t_events_Deselection_of_hlt_changes_the_table_and_does_not_throw_validation_errors."/>
    <testcase time="8.01000000000022" classname="shinytest2_tm_t_events" name="e2e_tm_t_events_Selecting_llt_changes_the_table_and_does_not_throw_validation_errors."/>
    <testcase time="0.00499999999965439" classname="shinytest2_tm_t_events" name="e2e_tm_t_events_Selecting_llt_changes_the_table_and_does_not_throw_validation_errors."/>
    <testcase time="7.44300000000021" classname="shinytest2_tm_t_events" name="e2e_tm_t_events_Deselection_of_llt_changes_the_table_and_does_not_throw_validation_errors."/>
    <testcase time="0.00599999999985812" classname="shinytest2_tm_t_events" name="e2e_tm_t_events_Deselection_of_llt_changes_the_table_and_does_not_throw_validation_errors."/>
  </testsuite>
  <testsuite name="shinytest2-tm_t_events_by_grade" timestamp="2024-11-24T00:16:55Z" hostname="ab3f7aea7c81" tests="31" skipped="0" failures="0" errors="0" time="88.972">
    <testcase time="7.1880000000001" classname="shinytest2_tm_t_events_by_grade" name="e2e_tm_t_events_by_grade_Module_initializes_in_teal_without_errors_and_produces_table_output."/>
    <testcase time="0.00500000000010914" classname="shinytest2_tm_t_events_by_grade" name="e2e_tm_t_events_by_grade_Module_initializes_in_teal_without_errors_and_produces_table_output."/>
    <testcase time="2.09799999999996" classname="shinytest2_tm_t_events_by_grade" name="e2e_tm_t_events_by_grade_Module_initializes_in_teal_without_errors_and_produces_table_output."/>
    <testcase time="7.404" classname="shinytest2_tm_t_events_by_grade" name="e2e_tm_t_events_by_grade_Starts_with_specified_label_arm_var_hlt_llt_grade_prune_freq_prune_diff_add_total_col_by_grade_drop_arm_levels."/>
    <testcase time="0.0850000000000364" classname="shinytest2_tm_t_events_by_grade" name="e2e_tm_t_events_by_grade_Starts_with_specified_label_arm_var_hlt_llt_grade_prune_freq_prune_diff_add_total_col_by_grade_drop_arm_levels."/>
    <testcase time="0.0520000000001346" classname="shinytest2_tm_t_events_by_grade" name="e2e_tm_t_events_by_grade_Starts_with_specified_label_arm_var_hlt_llt_grade_prune_freq_prune_diff_add_total_col_by_grade_drop_arm_levels."/>
    <testcase time="0.0520000000001346" classname="shinytest2_tm_t_events_by_grade" name="e2e_tm_t_events_by_grade_Starts_with_specified_label_arm_var_hlt_llt_grade_prune_freq_prune_diff_add_total_col_by_grade_drop_arm_levels."/>
    <testcase time="0.0519999999996799" classname="shinytest2_tm_t_events_by_grade" name="e2e_tm_t_events_by_grade_Starts_with_specified_label_arm_var_hlt_llt_grade_prune_freq_prune_diff_add_total_col_by_grade_drop_arm_levels."/>
    <testcase time="0.0530000000003383" classname="shinytest2_tm_t_events_by_grade" name="e2e_tm_t_events_by_grade_Starts_with_specified_label_arm_var_hlt_llt_grade_prune_freq_prune_diff_add_total_col_by_grade_drop_arm_levels."/>
    <testcase time="0.0519999999996799" classname="shinytest2_tm_t_events_by_grade" name="e2e_tm_t_events_by_grade_Starts_with_specified_label_arm_var_hlt_llt_grade_prune_freq_prune_diff_add_total_col_by_grade_drop_arm_levels."/>
    <testcase time="0.0509999999999309" classname="shinytest2_tm_t_events_by_grade" name="e2e_tm_t_events_by_grade_Starts_with_specified_label_arm_var_hlt_llt_grade_prune_freq_prune_diff_add_total_col_by_grade_drop_arm_levels."/>
    <testcase time="0.0530000000003383" classname="shinytest2_tm_t_events_by_grade" name="e2e_tm_t_events_by_grade_Starts_with_specified_label_arm_var_hlt_llt_grade_prune_freq_prune_diff_add_total_col_by_grade_drop_arm_levels."/>
    <testcase time="0.0509999999999309" classname="shinytest2_tm_t_events_by_grade" name="e2e_tm_t_events_by_grade_Starts_with_specified_label_arm_var_hlt_llt_grade_prune_freq_prune_diff_add_total_col_by_grade_drop_arm_levels."/>
    <testcase time="9.6579999999999" classname="shinytest2_tm_t_events_by_grade" name="e2e_tm_t_events_by_grade_Selecting_arm_var_changes_the_table_and_does_not_throw_validation_errors."/>
    <testcase time="0.00500000000010914" classname="shinytest2_tm_t_events_by_grade" name="e2e_tm_t_events_by_grade_Selecting_arm_var_changes_the_table_and_does_not_throw_validation_errors."/>
    <testcase time="7.98799999999983" classname="shinytest2_tm_t_events_by_grade" name="e2e_tm_t_events_by_grade_Deselection_of_arm_var_throws_validation_error."/>
    <testcase time="0.00600000000031287" classname="shinytest2_tm_t_events_by_grade" name="e2e_tm_t_events_by_grade_Deselection_of_arm_var_throws_validation_error."/>
    <testcase time="0.00499999999965439" classname="shinytest2_tm_t_events_by_grade" name="e2e_tm_t_events_by_grade_Deselection_of_arm_var_throws_validation_error."/>
    <testcase time="9.61000000000013" classname="shinytest2_tm_t_events_by_grade" name="e2e_tm_t_events_by_grade_Selecting_hlt_changes_the_table_and_does_not_throw_validation_errors."/>
    <testcase time="0.00599999999985812" classname="shinytest2_tm_t_events_by_grade" name="e2e_tm_t_events_by_grade_Selecting_hlt_changes_the_table_and_does_not_throw_validation_errors."/>
    <testcase time="8.90100000000029" classname="shinytest2_tm_t_events_by_grade" name="e2e_tm_t_events_by_grade_Deselection_of_hlt_changes_the_table_and_does_not_throw_validation_errors."/>
    <testcase time="0.00599999999985812" classname="shinytest2_tm_t_events_by_grade" name="e2e_tm_t_events_by_grade_Deselection_of_hlt_changes_the_table_and_does_not_throw_validation_errors."/>
    <testcase time="9.48199999999997" classname="shinytest2_tm_t_events_by_grade" name="e2e_tm_t_events_by_grade_Selecting_llt_changes_the_table_and_does_not_throw_validation_errors."/>
    <testcase time="0.00700000000006185" classname="shinytest2_tm_t_events_by_grade" name="e2e_tm_t_events_by_grade_Selecting_llt_changes_the_table_and_does_not_throw_validation_errors."/>
    <testcase time="8.79199999999992" classname="shinytest2_tm_t_events_by_grade" name="e2e_tm_t_events_by_grade_Deselection_of_llt_changes_the_table_and_does_not_throw_validation_errors."/>
    <testcase time="0.00599999999985812" classname="shinytest2_tm_t_events_by_grade" name="e2e_tm_t_events_by_grade_Deselection_of_llt_changes_the_table_and_does_not_throw_validation_errors."/>
    <testcase time="9.53600000000006" classname="shinytest2_tm_t_events_by_grade" name="e2e_tm_t_events_by_grade_Selecting_grade_changes_the_table_and_does_not_throw_validation_errors."/>
    <testcase time="0.00600000000031287" classname="shinytest2_tm_t_events_by_grade" name="e2e_tm_t_events_by_grade_Selecting_grade_changes_the_table_and_does_not_throw_validation_errors."/>
    <testcase time="7.75" classname="shinytest2_tm_t_events_by_grade" name="e2e_tm_t_events_by_grade_Deselection_of_grade_throws_validation_error."/>
    <testcase time="0.0069999999996071" classname="shinytest2_tm_t_events_by_grade" name="e2e_tm_t_events_by_grade_Deselection_of_grade_throws_validation_error."/>
    <testcase time="0.00500000000010914" classname="shinytest2_tm_t_events_by_grade" name="e2e_tm_t_events_by_grade_Deselection_of_grade_throws_validation_error."/>
  </testsuite>
  <testsuite name="shinytest2-tm_t_events_patyear" timestamp="2024-11-24T00:18:24Z" hostname="ab3f7aea7c81" tests="24" skipped="0" failures="0" errors="0" time="50.519">
    <testcase time="6.20400000000018" classname="shinytest2_tm_t_events_patyear" name="e2e_tm_t_events_patyear_Module_initializes_in_teal_without_errors_and_produces_table_output."/>
    <testcase time="0.00599999999985812" classname="shinytest2_tm_t_events_patyear" name="e2e_tm_t_events_patyear_Module_initializes_in_teal_without_errors_and_produces_table_output."/>
    <testcase time="2.08400000000029" classname="shinytest2_tm_t_events_patyear" name="e2e_tm_t_events_patyear_Module_initializes_in_teal_without_errors_and_produces_table_output."/>
    <testcase time="6.09199999999964" classname="shinytest2_tm_t_events_patyear" name="e2e_tm_t_events_patyear_Starts_with_specified_label_arm_var_paramcd_conf_level_conf_method_num_pt_year_input_time_unit_add_total_drop_arm_levels."/>
    <testcase time="0.0840000000002874" classname="shinytest2_tm_t_events_patyear" name="e2e_tm_t_events_patyear_Starts_with_specified_label_arm_var_paramcd_conf_level_conf_method_num_pt_year_input_time_unit_add_total_drop_arm_levels."/>
    <testcase time="0.0509999999999309" classname="shinytest2_tm_t_events_patyear" name="e2e_tm_t_events_patyear_Starts_with_specified_label_arm_var_paramcd_conf_level_conf_method_num_pt_year_input_time_unit_add_total_drop_arm_levels."/>
    <testcase time="0.0509999999999309" classname="shinytest2_tm_t_events_patyear" name="e2e_tm_t_events_patyear_Starts_with_specified_label_arm_var_paramcd_conf_level_conf_method_num_pt_year_input_time_unit_add_total_drop_arm_levels."/>
    <testcase time="0.0520000000001346" classname="shinytest2_tm_t_events_patyear" name="e2e_tm_t_events_patyear_Starts_with_specified_label_arm_var_paramcd_conf_level_conf_method_num_pt_year_input_time_unit_add_total_drop_arm_levels."/>
    <testcase time="0.0519999999996799" classname="shinytest2_tm_t_events_patyear" name="e2e_tm_t_events_patyear_Starts_with_specified_label_arm_var_paramcd_conf_level_conf_method_num_pt_year_input_time_unit_add_total_drop_arm_levels."/>
    <testcase time="0.0570000000002437" classname="shinytest2_tm_t_events_patyear" name="e2e_tm_t_events_patyear_Starts_with_specified_label_arm_var_paramcd_conf_level_conf_method_num_pt_year_input_time_unit_add_total_drop_arm_levels."/>
    <testcase time="0.0520000000001346" classname="shinytest2_tm_t_events_patyear" name="e2e_tm_t_events_patyear_Starts_with_specified_label_arm_var_paramcd_conf_level_conf_method_num_pt_year_input_time_unit_add_total_drop_arm_levels."/>
    <testcase time="0.0509999999999309" classname="shinytest2_tm_t_events_patyear" name="e2e_tm_t_events_patyear_Starts_with_specified_label_arm_var_paramcd_conf_level_conf_method_num_pt_year_input_time_unit_add_total_drop_arm_levels."/>
    <testcase time="7.13499999999976" classname="shinytest2_tm_t_events_patyear" name="e2e_tm_t_events_patyear_Selecting_paramcd_changes_the_table_and_does_not_throw_validation_errors."/>
    <testcase time="0.00600000000031287" classname="shinytest2_tm_t_events_patyear" name="e2e_tm_t_events_patyear_Selecting_paramcd_changes_the_table_and_does_not_throw_validation_errors."/>
    <testcase time="7.11699999999973" classname="shinytest2_tm_t_events_patyear" name="e2e_tm_t_events_patyear_Deselection_of_paramcd_throws_validation_error."/>
    <testcase time="0.00500000000010914" classname="shinytest2_tm_t_events_patyear" name="e2e_tm_t_events_patyear_Deselection_of_paramcd_throws_validation_error."/>
    <testcase time="0.00599999999985812" classname="shinytest2_tm_t_events_patyear" name="e2e_tm_t_events_patyear_Deselection_of_paramcd_throws_validation_error."/>
    <testcase time="7.31700000000001" classname="shinytest2_tm_t_events_patyear" name="e2e_tm_t_events_patyear_Selecting_arm_var_changes_the_table_and_does_not_throw_validation_errors."/>
    <testcase time="0.00599999999985812" classname="shinytest2_tm_t_events_patyear" name="e2e_tm_t_events_patyear_Selecting_arm_var_changes_the_table_and_does_not_throw_validation_errors."/>
    <testcase time="6.86300000000028" classname="shinytest2_tm_t_events_patyear" name="e2e_tm_t_events_patyear_Deselection_of_arm_var_throws_validation_error."/>
    <testcase time="0.00599999999985812" classname="shinytest2_tm_t_events_patyear" name="e2e_tm_t_events_patyear_Deselection_of_arm_var_throws_validation_error."/>
    <testcase time="0.00500000000010914" classname="shinytest2_tm_t_events_patyear" name="e2e_tm_t_events_patyear_Deselection_of_arm_var_throws_validation_error."/>
    <testcase time="7.21099999999979" classname="shinytest2_tm_t_events_patyear" name="e2e_tm_t_events_patyear_Selecting_2_variables_as_arm_var_changes_the_table_and_does_not_throw_validation_errors."/>
    <testcase time="0.00600000000031287" classname="shinytest2_tm_t_events_patyear" name="e2e_tm_t_events_patyear_Selecting_2_variables_as_arm_var_changes_the_table_and_does_not_throw_validation_errors."/>
  </testsuite>
  <testsuite name="shinytest2-tm_t_events_summary" timestamp="2024-11-24T00:19:14Z" hostname="ab3f7aea7c81" tests="24" skipped="0" failures="0" errors="0" time="66.807">
    <testcase time="6.95499999999993" classname="shinytest2_tm_t_events_summary" name="e2e_tm_t_events_summary_Module_initializes_in_teal_without_errors_and_produces_table_output."/>
    <testcase time="0.00500000000010914" classname="shinytest2_tm_t_events_summary" name="e2e_tm_t_events_summary_Module_initializes_in_teal_without_errors_and_produces_table_output."/>
    <testcase time="2.09799999999996" classname="shinytest2_tm_t_events_summary" name="e2e_tm_t_events_summary_Module_initializes_in_teal_without_errors_and_produces_table_output."/>
    <testcase time="7.01099999999997" classname="shinytest2_tm_t_events_summary" name="e2e_tm_t_events_summary_Starts_with_specified_label_arm_var_flag_var_anl_flag_var_aesi_add_total_count_subj_count_pt_count_events."/>
    <testcase time="0.0850000000000364" classname="shinytest2_tm_t_events_summary" name="e2e_tm_t_events_summary_Starts_with_specified_label_arm_var_flag_var_anl_flag_var_aesi_add_total_count_subj_count_pt_count_events."/>
    <testcase time="0.0519999999996799" classname="shinytest2_tm_t_events_summary" name="e2e_tm_t_events_summary_Starts_with_specified_label_arm_var_flag_var_anl_flag_var_aesi_add_total_count_subj_count_pt_count_events."/>
    <testcase time="0.0510000000003856" classname="shinytest2_tm_t_events_summary" name="e2e_tm_t_events_summary_Starts_with_specified_label_arm_var_flag_var_anl_flag_var_aesi_add_total_count_subj_count_pt_count_events."/>
    <testcase time="0.0509999999999309" classname="shinytest2_tm_t_events_summary" name="e2e_tm_t_events_summary_Starts_with_specified_label_arm_var_flag_var_anl_flag_var_aesi_add_total_count_subj_count_pt_count_events."/>
    <testcase time="0.0530000000003383" classname="shinytest2_tm_t_events_summary" name="e2e_tm_t_events_summary_Starts_with_specified_label_arm_var_flag_var_anl_flag_var_aesi_add_total_count_subj_count_pt_count_events."/>
    <testcase time="0.0519999999996799" classname="shinytest2_tm_t_events_summary" name="e2e_tm_t_events_summary_Starts_with_specified_label_arm_var_flag_var_anl_flag_var_aesi_add_total_count_subj_count_pt_count_events."/>
    <testcase time="0.0520000000001346" classname="shinytest2_tm_t_events_summary" name="e2e_tm_t_events_summary_Starts_with_specified_label_arm_var_flag_var_anl_flag_var_aesi_add_total_count_subj_count_pt_count_events."/>
    <testcase time="8.57299999999987" classname="shinytest2_tm_t_events_summary" name="e2e_tm_t_events_summary_Selecting_arm_var_changes_the_table_and_does_not_throw_validation_errors."/>
    <testcase time="0.00600000000031287" classname="shinytest2_tm_t_events_summary" name="e2e_tm_t_events_summary_Selecting_arm_var_changes_the_table_and_does_not_throw_validation_errors."/>
    <testcase time="7.53999999999996" classname="shinytest2_tm_t_events_summary" name="e2e_tm_t_events_summary_Deselection_of_arm_var_throws_validation_error."/>
    <testcase time="0.00599999999985812" classname="shinytest2_tm_t_events_summary" name="e2e_tm_t_events_summary_Deselection_of_arm_var_throws_validation_error."/>
    <testcase time="0.00599999999985812" classname="shinytest2_tm_t_events_summary" name="e2e_tm_t_events_summary_Deselection_of_arm_var_throws_validation_error."/>
    <testcase time="8.72200000000021" classname="shinytest2_tm_t_events_summary" name="e2e_tm_t_events_summary_Selecting_flag_var_anl_changes_the_table_and_does_not_throw_validation_errors."/>
    <testcase time="0.00500000000010914" classname="shinytest2_tm_t_events_summary" name="e2e_tm_t_events_summary_Selecting_flag_var_anl_changes_the_table_and_does_not_throw_validation_errors."/>
    <testcase time="8.4689999999996" classname="shinytest2_tm_t_events_summary" name="e2e_tm_t_events_summary_Deselection_of_flag_var_anl_changes_the_table_and_does_not_throw_validation_errors."/>
    <testcase time="0.00500000000010914" classname="shinytest2_tm_t_events_summary" name="e2e_tm_t_events_summary_Deselection_of_flag_var_anl_changes_the_table_and_does_not_throw_validation_errors."/>
    <testcase time="8.57000000000016" classname="shinytest2_tm_t_events_summary" name="e2e_tm_t_events_summary_Selecting_flag_var_aesi_changes_the_table_and_does_not_throw_validation_errors."/>
    <testcase time="0.00500000000010914" classname="shinytest2_tm_t_events_summary" name="e2e_tm_t_events_summary_Selecting_flag_var_aesi_changes_the_table_and_does_not_throw_validation_errors."/>
    <testcase time="8.42899999999963" classname="shinytest2_tm_t_events_summary" name="e2e_tm_t_events_summary_Deselection_of_flag_var_aesi_changes_the_table_and_does_not_throw_validation_errors."/>
    <testcase time="0.00600000000031287" classname="shinytest2_tm_t_events_summary" name="e2e_tm_t_events_summary_Deselection_of_flag_var_aesi_changes_the_table_and_does_not_throw_validation_errors."/>
  </testsuite>
  <testsuite name="shinytest2-tm_t_exposure" timestamp="2024-11-24T00:20:21Z" hostname="ab3f7aea7c81" tests="29" skipped="0" failures="0" errors="0" time="76.52">
    <testcase time="6.58399999999983" classname="shinytest2_tm_t_exposure" name="e2e_tm_t_exposure_Module_initializes_in_teal_without_errors_and_produces_table_output."/>
    <testcase time="0.00500000000010914" classname="shinytest2_tm_t_exposure" name="e2e_tm_t_exposure_Module_initializes_in_teal_without_errors_and_produces_table_output."/>
    <testcase time="2.08799999999974" classname="shinytest2_tm_t_exposure" name="e2e_tm_t_exposure_Module_initializes_in_teal_without_errors_and_produces_table_output."/>
    <testcase time="6.5310000000004" classname="shinytest2_tm_t_exposure" name="e2e_tm_t_exposure_Starts_with_specified_label_paramcd_parcat_col_by_var_row_by_var_add_total_row_add_total"/>
    <testcase time="0.0819999999998799" classname="shinytest2_tm_t_exposure" name="e2e_tm_t_exposure_Starts_with_specified_label_paramcd_parcat_col_by_var_row_by_var_add_total_row_add_total"/>
    <testcase time="0.0520000000001346" classname="shinytest2_tm_t_exposure" name="e2e_tm_t_exposure_Starts_with_specified_label_paramcd_parcat_col_by_var_row_by_var_add_total_row_add_total"/>
    <testcase time="0.0519999999996799" classname="shinytest2_tm_t_exposure" name="e2e_tm_t_exposure_Starts_with_specified_label_paramcd_parcat_col_by_var_row_by_var_add_total_row_add_total"/>
    <testcase time="0.0509999999999309" classname="shinytest2_tm_t_exposure" name="e2e_tm_t_exposure_Starts_with_specified_label_paramcd_parcat_col_by_var_row_by_var_add_total_row_add_total"/>
    <testcase time="0.0520000000001346" classname="shinytest2_tm_t_exposure" name="e2e_tm_t_exposure_Starts_with_specified_label_paramcd_parcat_col_by_var_row_by_var_add_total_row_add_total"/>
    <testcase time="0.0529999999998836" classname="shinytest2_tm_t_exposure" name="e2e_tm_t_exposure_Starts_with_specified_label_paramcd_parcat_col_by_var_row_by_var_add_total_row_add_total"/>
    <testcase time="7.89900000000034" classname="shinytest2_tm_t_exposure" name="e2e_tm_t_exposure_Selecting_paramcd_changes_the_table_and_does_not_throw_validation_errors."/>
    <testcase time="0.00599999999985812" classname="shinytest2_tm_t_exposure" name="e2e_tm_t_exposure_Selecting_paramcd_changes_the_table_and_does_not_throw_validation_errors."/>
    <testcase time="7.471" classname="shinytest2_tm_t_exposure" name="e2e_tm_t_exposure_Deselection_of_paramcd_throws_validation_error."/>
    <testcase time="0.00500000000010914" classname="shinytest2_tm_t_exposure" name="e2e_tm_t_exposure_Deselection_of_paramcd_throws_validation_error."/>
    <testcase time="0.00599999999985812" classname="shinytest2_tm_t_exposure" name="e2e_tm_t_exposure_Deselection_of_paramcd_throws_validation_error."/>
    <testcase time="7.70299999999997" classname="shinytest2_tm_t_exposure" name="e2e_tm_t_exposure_Selecting_parcat_changes_the_table_and_does_not_throw_validation_errors."/>
    <testcase time="0.00500000000010914" classname="shinytest2_tm_t_exposure" name="e2e_tm_t_exposure_Selecting_parcat_changes_the_table_and_does_not_throw_validation_errors."/>
    <testcase time="7.44000000000005" classname="shinytest2_tm_t_exposure" name="e2e_tm_t_exposure_Deselection_of_parcat_throws_validation_error."/>
    <testcase time="0.00599999999985812" classname="shinytest2_tm_t_exposure" name="e2e_tm_t_exposure_Deselection_of_parcat_throws_validation_error."/>
    <testcase time="0.00599999999985812" classname="shinytest2_tm_t_exposure" name="e2e_tm_t_exposure_Deselection_of_parcat_throws_validation_error."/>
    <testcase time="7.74299999999994" classname="shinytest2_tm_t_exposure" name="e2e_tm_t_exposure_Selecting_col_by_var_changes_the_table_and_does_not_throw_validation_errors."/>
    <testcase time="0.00600000000031287" classname="shinytest2_tm_t_exposure" name="e2e_tm_t_exposure_Selecting_col_by_var_changes_the_table_and_does_not_throw_validation_errors."/>
    <testcase time="7.59799999999996" classname="shinytest2_tm_t_exposure" name="e2e_tm_t_exposure_Deselection_of_col_by_var_changes_the_table_and_does_not_throw_validation_errors."/>
    <testcase time="0.00599999999985812" classname="shinytest2_tm_t_exposure" name="e2e_tm_t_exposure_Deselection_of_col_by_var_changes_the_table_and_does_not_throw_validation_errors."/>
    <testcase time="7.60899999999992" classname="shinytest2_tm_t_exposure" name="e2e_tm_t_exposure_Selecting_row_by_var_changes_the_table_and_does_not_throw_validation_errors."/>
    <testcase time="0.00500000000010914" classname="shinytest2_tm_t_exposure" name="e2e_tm_t_exposure_Selecting_row_by_var_changes_the_table_and_does_not_throw_validation_errors."/>
    <testcase time="7.44500000000016" classname="shinytest2_tm_t_exposure" name="e2e_tm_t_exposure_Deselection_of_row_by_var_throws_validation_error."/>
    <testcase time="0.00499999999965439" classname="shinytest2_tm_t_exposure" name="e2e_tm_t_exposure_Deselection_of_row_by_var_throws_validation_error."/>
    <testcase time="0.00600000000031287" classname="shinytest2_tm_t_exposure" name="e2e_tm_t_exposure_Deselection_of_row_by_var_throws_validation_error."/>
  </testsuite>
  <testsuite name="shinytest2-tm_t_logistic" timestamp="2024-11-24T00:21:38Z" hostname="ab3f7aea7c81" tests="27" skipped="0" failures="0" errors="0" time="59.701">
    <testcase time="6.50900000000001" classname="shinytest2_tm_t_logistic" name="e2e_tm_t_logistic_Module_initializes_in_teal_without_errors_and_produces_table_output."/>
    <testcase time="0.00599999999985812" classname="shinytest2_tm_t_logistic" name="e2e_tm_t_logistic_Module_initializes_in_teal_without_errors_and_produces_table_output."/>
    <testcase time="2.08500000000004" classname="shinytest2_tm_t_logistic" name="e2e_tm_t_logistic_Module_initializes_in_teal_without_errors_and_produces_table_output."/>
    <testcase time="6.20800000000008" classname="shinytest2_tm_t_logistic" name="e2e_tm_t_logistic_Starts_with_specified_label_paramcd_responders_arm_var_buckets_cov_var_interaction_var_conf_level_combine_comp_arms."/>
    <testcase time="0.0830000000000837" classname="shinytest2_tm_t_logistic" name="e2e_tm_t_logistic_Starts_with_specified_label_paramcd_responders_arm_var_buckets_cov_var_interaction_var_conf_level_combine_comp_arms."/>
    <testcase time="0.0499999999997272" classname="shinytest2_tm_t_logistic" name="e2e_tm_t_logistic_Starts_with_specified_label_paramcd_responders_arm_var_buckets_cov_var_interaction_var_conf_level_combine_comp_arms."/>
    <testcase time="0.0529999999998836" classname="shinytest2_tm_t_logistic" name="e2e_tm_t_logistic_Starts_with_specified_label_paramcd_responders_arm_var_buckets_cov_var_interaction_var_conf_level_combine_comp_arms."/>
    <testcase time="0.0520000000001346" classname="shinytest2_tm_t_logistic" name="e2e_tm_t_logistic_Starts_with_specified_label_paramcd_responders_arm_var_buckets_cov_var_interaction_var_conf_level_combine_comp_arms."/>
    <testcase time="0.0520000000001346" classname="shinytest2_tm_t_logistic" name="e2e_tm_t_logistic_Starts_with_specified_label_paramcd_responders_arm_var_buckets_cov_var_interaction_var_conf_level_combine_comp_arms."/>
    <testcase time="0.0520000000001346" classname="shinytest2_tm_t_logistic" name="e2e_tm_t_logistic_Starts_with_specified_label_paramcd_responders_arm_var_buckets_cov_var_interaction_var_conf_level_combine_comp_arms."/>
    <testcase time="0.0599999999999454" classname="shinytest2_tm_t_logistic" name="e2e_tm_t_logistic_Starts_with_specified_label_paramcd_responders_arm_var_buckets_cov_var_interaction_var_conf_level_combine_comp_arms."/>
    <testcase time="0.0519999999996799" classname="shinytest2_tm_t_logistic" name="e2e_tm_t_logistic_Starts_with_specified_label_paramcd_responders_arm_var_buckets_cov_var_interaction_var_conf_level_combine_comp_arms."/>
    <testcase time="7.61700000000019" classname="shinytest2_tm_t_logistic" name="e2e_tm_t_logistic_Selecting_paramcd_changes_the_table_and_does_not_throw_validation_errors."/>
    <testcase time="0.00500000000010914" classname="shinytest2_tm_t_logistic" name="e2e_tm_t_logistic_Selecting_paramcd_changes_the_table_and_does_not_throw_validation_errors."/>
    <testcase time="7.54899999999998" classname="shinytest2_tm_t_logistic" name="e2e_tm_t_logistic_Deselection_of_paramcd_throws_validation_error."/>
    <testcase time="0.00500000000010914" classname="shinytest2_tm_t_logistic" name="e2e_tm_t_logistic_Deselection_of_paramcd_throws_validation_error."/>
    <testcase time="0.00599999999985812" classname="shinytest2_tm_t_logistic" name="e2e_tm_t_logistic_Deselection_of_paramcd_throws_validation_error."/>
    <testcase time="7.71000000000004" classname="shinytest2_tm_t_logistic" name="e2e_tm_t_logistic_Selecting_arm_var_changes_the_table_and_does_not_throw_validation_errors."/>
    <testcase time="0.00599999999985812" classname="shinytest2_tm_t_logistic" name="e2e_tm_t_logistic_Selecting_arm_var_changes_the_table_and_does_not_throw_validation_errors."/>
    <testcase time="7.08199999999988" classname="shinytest2_tm_t_logistic" name="e2e_tm_t_logistic_Deselection_of_arm_var_throws_validation_error."/>
    <testcase time="0.00500000000010914" classname="shinytest2_tm_t_logistic" name="e2e_tm_t_logistic_Deselection_of_arm_var_throws_validation_error."/>
    <testcase time="0.00599999999985812" classname="shinytest2_tm_t_logistic" name="e2e_tm_t_logistic_Deselection_of_arm_var_throws_validation_error."/>
    <testcase time="7.4970000000003" classname="shinytest2_tm_t_logistic" name="e2e_tm_t_logistic_Selecting_cov_var_changes_the_table_and_does_not_throw_validation_errors."/>
    <testcase time="0.00599999999985812" classname="shinytest2_tm_t_logistic" name="e2e_tm_t_logistic_Selecting_cov_var_changes_the_table_and_does_not_throw_validation_errors."/>
    <testcase time="6.9340000000002" classname="shinytest2_tm_t_logistic" name="e2e_tm_t_logistic_Deselection_of_cov_var_throws_validation_error."/>
    <testcase time="0.00499999999965439" classname="shinytest2_tm_t_logistic" name="e2e_tm_t_logistic_Deselection_of_cov_var_throws_validation_error."/>
    <testcase time="0.00600000000031287" classname="shinytest2_tm_t_logistic" name="e2e_tm_t_logistic_Deselection_of_cov_var_throws_validation_error."/>
  </testsuite>
  <testsuite name="shinytest2-tm_t_mult_events" timestamp="2024-11-24T00:22:37Z" hostname="ab3f7aea7c81" tests="20" skipped="0" failures="0" errors="0" time="56.716">
    <testcase time="6.86299999999983" classname="shinytest2_tm_t_mult_events" name="e2e_tm_t_mult_events_Module_initializes_in_teal_without_errors_and_produces_table_output."/>
    <testcase time="0.00599999999985812" classname="shinytest2_tm_t_mult_events" name="e2e_tm_t_mult_events_Module_initializes_in_teal_without_errors_and_produces_table_output."/>
    <testcase time="2.09100000000035" classname="shinytest2_tm_t_mult_events" name="e2e_tm_t_mult_events_Module_initializes_in_teal_without_errors_and_produces_table_output."/>
    <testcase time="6.86999999999989" classname="shinytest2_tm_t_mult_events" name="e2e_tm_t_mult_events_Starts_with_specified_label_arm_var_hlt_llt_add_total_drop_arm_levels."/>
    <testcase time="0.0839999999998327" classname="shinytest2_tm_t_mult_events" name="e2e_tm_t_mult_events_Starts_with_specified_label_arm_var_hlt_llt_add_total_drop_arm_levels."/>
    <testcase time="0.0500000000001819" classname="shinytest2_tm_t_mult_events" name="e2e_tm_t_mult_events_Starts_with_specified_label_arm_var_hlt_llt_add_total_drop_arm_levels."/>
    <testcase time="0.0520000000001346" classname="shinytest2_tm_t_mult_events" name="e2e_tm_t_mult_events_Starts_with_specified_label_arm_var_hlt_llt_add_total_drop_arm_levels."/>
    <testcase time="0.0519999999996799" classname="shinytest2_tm_t_mult_events" name="e2e_tm_t_mult_events_Starts_with_specified_label_arm_var_hlt_llt_add_total_drop_arm_levels."/>
    <testcase time="0.0520000000001346" classname="shinytest2_tm_t_mult_events" name="e2e_tm_t_mult_events_Starts_with_specified_label_arm_var_hlt_llt_add_total_drop_arm_levels."/>
    <testcase time="9.154" classname="shinytest2_tm_t_mult_events" name="e2e_tm_t_mult_events_Selecting_arm_var_changes_the_table_and_does_not_throw_validation_errors."/>
    <testcase time="0.00599999999985812" classname="shinytest2_tm_t_mult_events" name="e2e_tm_t_mult_events_Selecting_arm_var_changes_the_table_and_does_not_throw_validation_errors."/>
    <testcase time="7.42200000000003" classname="shinytest2_tm_t_mult_events" name="e2e_tm_t_mult_events_Deselection_of_arm_var_throws_validation_error."/>
    <testcase time="0.00600000000031287" classname="shinytest2_tm_t_mult_events" name="e2e_tm_t_mult_events_Deselection_of_arm_var_throws_validation_error."/>
    <testcase time="0.00599999999985812" classname="shinytest2_tm_t_mult_events" name="e2e_tm_t_mult_events_Deselection_of_arm_var_throws_validation_error."/>
    <testcase time="8.63299999999981" classname="shinytest2_tm_t_mult_events" name="e2e_tm_t_mult_events_Selecting_hlt_changes_the_table_and_does_not_throw_validation_errors."/>
    <testcase time="0.00600000000031287" classname="shinytest2_tm_t_mult_events" name="e2e_tm_t_mult_events_Selecting_hlt_changes_the_table_and_does_not_throw_validation_errors."/>
    <testcase time="7.8739999999998" classname="shinytest2_tm_t_mult_events" name="e2e_tm_t_mult_events_Deselection_of_hlt_changes_the_table_and_does_not_throw_validation_errors."/>
    <testcase time="0.00599999999985812" classname="shinytest2_tm_t_mult_events" name="e2e_tm_t_mult_events_Deselection_of_hlt_changes_the_table_and_does_not_throw_validation_errors."/>
    <testcase time="7.47800000000007" classname="shinytest2_tm_t_mult_events" name="e2e_tm_t_mult_events_Deselection_of_llt_throws_validation_error."/>
    <testcase time="0.00500000000010914" classname="shinytest2_tm_t_mult_events" name="e2e_tm_t_mult_events_Deselection_of_llt_throws_validation_error."/>
  </testsuite>
  <testsuite name="shinytest2-tm_t_pp_basic_info" timestamp="2024-11-24T00:23:34Z" hostname="ab3f7aea7c81" tests="16" skipped="0" failures="0" errors="0" time="40.703">
    <testcase time="5.32799999999997" classname="shinytest2_tm_t_pp_basic_info" name="e2e_tm_t_pp_basic_info_Module_initializes_in_teal_without_errors_and_produces_table_output."/>
    <testcase time="0.00599999999985812" classname="shinytest2_tm_t_pp_basic_info" name="e2e_tm_t_pp_basic_info_Module_initializes_in_teal_without_errors_and_produces_table_output."/>
    <testcase time="2.08199999999988" classname="shinytest2_tm_t_pp_basic_info" name="e2e_tm_t_pp_basic_info_Module_initializes_in_teal_without_errors_and_produces_table_output."/>
    <testcase time="5.24000000000024" classname="shinytest2_tm_t_pp_basic_info" name="e2e_tm_t_pp_basic_info_Starts_with_specified_label_patient_id_vars."/>
    <testcase time="0.0489999999999782" classname="shinytest2_tm_t_pp_basic_info" name="e2e_tm_t_pp_basic_info_Starts_with_specified_label_patient_id_vars."/>
    <testcase time="0.0509999999999309" classname="shinytest2_tm_t_pp_basic_info" name="e2e_tm_t_pp_basic_info_Starts_with_specified_label_patient_id_vars."/>
    <testcase time="5.95600000000013" classname="shinytest2_tm_t_pp_basic_info" name="e2e_tm_t_pp_basic_info_Selecting_patient_id_changes_the_table_and_does_not_throw_validation_errors."/>
    <testcase time="0.00599999999985812" classname="shinytest2_tm_t_pp_basic_info" name="e2e_tm_t_pp_basic_info_Selecting_patient_id_changes_the_table_and_does_not_throw_validation_errors."/>
    <testcase time="7.91499999999996" classname="shinytest2_tm_t_pp_basic_info" name="e2e_tm_t_pp_basic_info_Deselection_of_patient_id_throws_validation_error_and_table_is_not_visible."/>
    <testcase time="0.00599999999985812" classname="shinytest2_tm_t_pp_basic_info" name="e2e_tm_t_pp_basic_info_Deselection_of_patient_id_throws_validation_error_and_table_is_not_visible."/>
    <testcase time="0.00600000000031287" classname="shinytest2_tm_t_pp_basic_info" name="e2e_tm_t_pp_basic_info_Deselection_of_patient_id_throws_validation_error_and_table_is_not_visible."/>
    <testcase time="6.04299999999967" classname="shinytest2_tm_t_pp_basic_info" name="e2e_tm_t_pp_basic_info_Selecting_cov_var_changes_the_table_and_does_not_throw_validation_errors."/>
    <testcase time="0.00500000000010914" classname="shinytest2_tm_t_pp_basic_info" name="e2e_tm_t_pp_basic_info_Selecting_cov_var_changes_the_table_and_does_not_throw_validation_errors."/>
    <testcase time="7.99900000000025" classname="shinytest2_tm_t_pp_basic_info" name="e2e_tm_t_pp_basic_info_Deselection_of_cov_var_throws_validation_error."/>
    <testcase time="0.00599999999985812" classname="shinytest2_tm_t_pp_basic_info" name="e2e_tm_t_pp_basic_info_Deselection_of_cov_var_throws_validation_error."/>
    <testcase time="0.00500000000010914" classname="shinytest2_tm_t_pp_basic_info" name="e2e_tm_t_pp_basic_info_Deselection_of_cov_var_throws_validation_error."/>
  </testsuite>
  <testsuite name="shinytest2-tm_t_pp_laboratory" timestamp="2024-11-24T00:24:15Z" hostname="ab3f7aea7c81" tests="47" skipped="0" failures="0" errors="0" time="129.021">
    <testcase time="6.25699999999961" classname="shinytest2_tm_t_pp_laboratory" name="e2e_tm_t_pp_laboratory_Module_initializes_in_teal_without_errors_and_produces_table_output."/>
    <testcase time="0.0100000000002183" classname="shinytest2_tm_t_pp_laboratory" name="e2e_tm_t_pp_laboratory_Module_initializes_in_teal_without_errors_and_produces_table_output."/>
    <testcase time="2.09400000000005" classname="shinytest2_tm_t_pp_laboratory" name="e2e_tm_t_pp_laboratory_Module_initializes_in_teal_without_errors_and_produces_table_output."/>
    <testcase time="6.32600000000002" classname="shinytest2_tm_t_pp_laboratory" name="e2e_tm_t_pp_laboratory_Starts_with_specified_label_patient_id_paramcd_param_timepoints_aval_var_avalu_var_anrind_round_value."/>
    <testcase time="0.0470000000000255" classname="shinytest2_tm_t_pp_laboratory" name="e2e_tm_t_pp_laboratory_Starts_with_specified_label_patient_id_paramcd_param_timepoints_aval_var_avalu_var_anrind_round_value."/>
    <testcase time="0.0509999999999309" classname="shinytest2_tm_t_pp_laboratory" name="e2e_tm_t_pp_laboratory_Starts_with_specified_label_patient_id_paramcd_param_timepoints_aval_var_avalu_var_anrind_round_value."/>
    <testcase time="0.0520000000001346" classname="shinytest2_tm_t_pp_laboratory" name="e2e_tm_t_pp_laboratory_Starts_with_specified_label_patient_id_paramcd_param_timepoints_aval_var_avalu_var_anrind_round_value."/>
    <testcase time="0.0509999999999309" classname="shinytest2_tm_t_pp_laboratory" name="e2e_tm_t_pp_laboratory_Starts_with_specified_label_patient_id_paramcd_param_timepoints_aval_var_avalu_var_anrind_round_value."/>
    <testcase time="0.0519999999996799" classname="shinytest2_tm_t_pp_laboratory" name="e2e_tm_t_pp_laboratory_Starts_with_specified_label_patient_id_paramcd_param_timepoints_aval_var_avalu_var_anrind_round_value."/>
    <testcase time="0.0530000000003383" classname="shinytest2_tm_t_pp_laboratory" name="e2e_tm_t_pp_laboratory_Starts_with_specified_label_patient_id_paramcd_param_timepoints_aval_var_avalu_var_anrind_round_value."/>
    <testcase time="0.0519999999996799" classname="shinytest2_tm_t_pp_laboratory" name="e2e_tm_t_pp_laboratory_Starts_with_specified_label_patient_id_paramcd_param_timepoints_aval_var_avalu_var_anrind_round_value."/>
    <testcase time="0.05600000000004" classname="shinytest2_tm_t_pp_laboratory" name="e2e_tm_t_pp_laboratory_Starts_with_specified_label_patient_id_paramcd_param_timepoints_aval_var_avalu_var_anrind_round_value."/>
    <testcase time="7.24099999999999" classname="shinytest2_tm_t_pp_laboratory" name="e2e_tm_t_pp_laboratory_Selecting_patient_id_changes_the_table_and_does_not_throw_validation_errors."/>
    <testcase time="0.00600000000031287" classname="shinytest2_tm_t_pp_laboratory" name="e2e_tm_t_pp_laboratory_Selecting_patient_id_changes_the_table_and_does_not_throw_validation_errors."/>
    <testcase time="9.00999999999976" classname="shinytest2_tm_t_pp_laboratory" name="e2e_tm_t_pp_laboratory_Deselection_of_patient_id_throws_validation_error."/>
    <testcase time="0.00500000000010914" classname="shinytest2_tm_t_pp_laboratory" name="e2e_tm_t_pp_laboratory_Deselection_of_patient_id_throws_validation_error."/>
    <testcase time="0.00599999999985812" classname="shinytest2_tm_t_pp_laboratory" name="e2e_tm_t_pp_laboratory_Deselection_of_patient_id_throws_validation_error."/>
    <testcase time="6.98800000000028" classname="shinytest2_tm_t_pp_laboratory" name="e2e_tm_t_pp_laboratory_Selecting_paramcd_changes_the_table_and_does_not_throw_validation_errors."/>
    <testcase time="0.00599999999985812" classname="shinytest2_tm_t_pp_laboratory" name="e2e_tm_t_pp_laboratory_Selecting_paramcd_changes_the_table_and_does_not_throw_validation_errors."/>
    <testcase time="8.82499999999982" classname="shinytest2_tm_t_pp_laboratory" name="e2e_tm_t_pp_laboratory_Deselection_of_paramcd_throws_validation_error."/>
    <testcase time="0.00600000000031287" classname="shinytest2_tm_t_pp_laboratory" name="e2e_tm_t_pp_laboratory_Deselection_of_paramcd_throws_validation_error."/>
    <testcase time="0.00499999999965439" classname="shinytest2_tm_t_pp_laboratory" name="e2e_tm_t_pp_laboratory_Deselection_of_paramcd_throws_validation_error."/>
    <testcase time="7.25" classname="shinytest2_tm_t_pp_laboratory" name="e2e_tm_t_pp_laboratory_Selecting_param_changes_the_table_and_does_not_throw_validation_errors."/>
    <testcase time="0.00600000000031287" classname="shinytest2_tm_t_pp_laboratory" name="e2e_tm_t_pp_laboratory_Selecting_param_changes_the_table_and_does_not_throw_validation_errors."/>
    <testcase time="8.9670000000001" classname="shinytest2_tm_t_pp_laboratory" name="e2e_tm_t_pp_laboratory_Deselection_of_param_throws_validation_error."/>
    <testcase time="0.00599999999985812" classname="shinytest2_tm_t_pp_laboratory" name="e2e_tm_t_pp_laboratory_Deselection_of_param_throws_validation_error."/>
    <testcase time="0.00500000000010914" classname="shinytest2_tm_t_pp_laboratory" name="e2e_tm_t_pp_laboratory_Deselection_of_param_throws_validation_error."/>
    <testcase time="7.31899999999996" classname="shinytest2_tm_t_pp_laboratory" name="e2e_tm_t_pp_laboratory_Selecting_timepoints_changes_the_table_and_does_not_throw_validation_errors."/>
    <testcase time="0.00599999999985812" classname="shinytest2_tm_t_pp_laboratory" name="e2e_tm_t_pp_laboratory_Selecting_timepoints_changes_the_table_and_does_not_throw_validation_errors."/>
    <testcase time="9.36200000000008" classname="shinytest2_tm_t_pp_laboratory" name="e2e_tm_t_pp_laboratory_Deselection_of_timepoints_throws_validation_error."/>
    <testcase time="0.00500000000010914" classname="shinytest2_tm_t_pp_laboratory" name="e2e_tm_t_pp_laboratory_Deselection_of_timepoints_throws_validation_error."/>
    <testcase time="0.00599999999985812" classname="shinytest2_tm_t_pp_laboratory" name="e2e_tm_t_pp_laboratory_Deselection_of_timepoints_throws_validation_error."/>
    <testcase time="7.11900000000014" classname="shinytest2_tm_t_pp_laboratory" name="e2e_tm_t_pp_laboratory_Selecting_avalu_changes_the_table_and_does_not_throw_validation_errors."/>
    <testcase time="0.00599999999985812" classname="shinytest2_tm_t_pp_laboratory" name="e2e_tm_t_pp_laboratory_Selecting_avalu_changes_the_table_and_does_not_throw_validation_errors."/>
    <testcase time="9.18299999999999" classname="shinytest2_tm_t_pp_laboratory" name="e2e_tm_t_pp_laboratory_Deselection_of_avalu_throws_validation_error."/>
    <testcase time="0.00500000000010914" classname="shinytest2_tm_t_pp_laboratory" name="e2e_tm_t_pp_laboratory_Deselection_of_avalu_throws_validation_error."/>
    <testcase time="0.00599999999985812" classname="shinytest2_tm_t_pp_laboratory" name="e2e_tm_t_pp_laboratory_Deselection_of_avalu_throws_validation_error."/>
    <testcase time="7.24299999999994" classname="shinytest2_tm_t_pp_laboratory" name="e2e_tm_t_pp_laboratory_Selecting_aval_var_changes_the_table_and_does_not_throw_validation_errors."/>
    <testcase time="0.00599999999985812" classname="shinytest2_tm_t_pp_laboratory" name="e2e_tm_t_pp_laboratory_Selecting_aval_var_changes_the_table_and_does_not_throw_validation_errors."/>
    <testcase time="9.05200000000013" classname="shinytest2_tm_t_pp_laboratory" name="e2e_tm_t_pp_laboratory_Deselection_of_aval_var_throws_validation_error."/>
    <testcase time="0.00500000000010914" classname="shinytest2_tm_t_pp_laboratory" name="e2e_tm_t_pp_laboratory_Deselection_of_aval_var_throws_validation_error."/>
    <testcase time="0.00599999999985812" classname="shinytest2_tm_t_pp_laboratory" name="e2e_tm_t_pp_laboratory_Deselection_of_aval_var_throws_validation_error."/>
    <testcase time="7.23800000000028" classname="shinytest2_tm_t_pp_laboratory" name="e2e_tm_t_pp_laboratory_Selecting_arind_changes_the_table_and_does_not_throw_validation_errors."/>
    <testcase time="0.00599999999985812" classname="shinytest2_tm_t_pp_laboratory" name="e2e_tm_t_pp_laboratory_Selecting_arind_changes_the_table_and_does_not_throw_validation_errors."/>
    <testcase time="9.00300000000016" classname="shinytest2_tm_t_pp_laboratory" name="e2e_tm_t_pp_laboratory_Deselection_of_arind_throws_validation_error."/>
    <testcase time="0.00599999999985812" classname="shinytest2_tm_t_pp_laboratory" name="e2e_tm_t_pp_laboratory_Deselection_of_arind_throws_validation_error."/>
    <testcase time="0.00599999999985812" classname="shinytest2_tm_t_pp_laboratory" name="e2e_tm_t_pp_laboratory_Deselection_of_arind_throws_validation_error."/>
  </testsuite>
  <testsuite name="shinytest2-tm_t_pp_medical_history" timestamp="2024-11-24T00:26:24Z" hostname="ab3f7aea7c81" tests="28" skipped="0" failures="0" errors="0" time="65.514">
    <testcase time="5.69500000000016" classname="shinytest2_tm_t_pp_medical_history" name="e2e_tm_t_pp_medical_history_Module_initializes_in_teal_without_errors_and_produces_table_output."/>
    <testcase time="0.00500000000010914" classname="shinytest2_tm_t_pp_medical_history" name="e2e_tm_t_pp_medical_history_Module_initializes_in_teal_without_errors_and_produces_table_output."/>
    <testcase time="2.07799999999997" classname="shinytest2_tm_t_pp_medical_history" name="e2e_tm_t_pp_medical_history_Module_initializes_in_teal_without_errors_and_produces_table_output."/>
    <testcase time="5.56299999999965" classname="shinytest2_tm_t_pp_medical_history" name="e2e_tm_t_pp_medical_history_Starts_with_specified_label_patient_id_mhterm_mhbodsys_mhdistat."/>
    <testcase time="0.0890000000003965" classname="shinytest2_tm_t_pp_medical_history" name="e2e_tm_t_pp_medical_history_Starts_with_specified_label_patient_id_mhterm_mhbodsys_mhdistat."/>
    <testcase time="0.0529999999998836" classname="shinytest2_tm_t_pp_medical_history" name="e2e_tm_t_pp_medical_history_Starts_with_specified_label_patient_id_mhterm_mhbodsys_mhdistat."/>
    <testcase time="0.0520000000001346" classname="shinytest2_tm_t_pp_medical_history" name="e2e_tm_t_pp_medical_history_Starts_with_specified_label_patient_id_mhterm_mhbodsys_mhdistat."/>
    <testcase time="0.0519999999996799" classname="shinytest2_tm_t_pp_medical_history" name="e2e_tm_t_pp_medical_history_Starts_with_specified_label_patient_id_mhterm_mhbodsys_mhdistat."/>
    <testcase time="6.69299999999976" classname="shinytest2_tm_t_pp_medical_history" name="e2e_tm_t_pp_medical_history_Selecting_patient_id_changes_the_table_and_does_not_throw_validation_errors."/>
    <testcase time="0.00500000000010914" classname="shinytest2_tm_t_pp_medical_history" name="e2e_tm_t_pp_medical_history_Selecting_patient_id_changes_the_table_and_does_not_throw_validation_errors."/>
    <testcase time="6.26299999999992" classname="shinytest2_tm_t_pp_medical_history" name="e2e_tm_t_pp_medical_history_Deselection_of_patient_id_throws_validation_error."/>
    <testcase time="0.00800000000026557" classname="shinytest2_tm_t_pp_medical_history" name="e2e_tm_t_pp_medical_history_Deselection_of_patient_id_throws_validation_error."/>
    <testcase time="0.00700000000006185" classname="shinytest2_tm_t_pp_medical_history" name="e2e_tm_t_pp_medical_history_Deselection_of_patient_id_throws_validation_error."/>
    <testcase time="6.41199999999981" classname="shinytest2_tm_t_pp_medical_history" name="e2e_tm_t_pp_medical_history_Selecting_mhterm_changes_the_table_and_does_not_throw_validation_errors."/>
    <testcase time="0.00599999999985812" classname="shinytest2_tm_t_pp_medical_history" name="e2e_tm_t_pp_medical_history_Selecting_mhterm_changes_the_table_and_does_not_throw_validation_errors."/>
    <testcase time="6.14600000000019" classname="shinytest2_tm_t_pp_medical_history" name="e2e_tm_t_pp_medical_history_Deselection_of_mhterm_throws_validation_error."/>
    <testcase time="0.00500000000010914" classname="shinytest2_tm_t_pp_medical_history" name="e2e_tm_t_pp_medical_history_Deselection_of_mhterm_throws_validation_error."/>
    <testcase time="0.00599999999985812" classname="shinytest2_tm_t_pp_medical_history" name="e2e_tm_t_pp_medical_history_Deselection_of_mhterm_throws_validation_error."/>
    <testcase time="6.79599999999982" classname="shinytest2_tm_t_pp_medical_history" name="e2e_tm_t_pp_medical_history_Selecting_mhbodsys_changes_the_table_and_does_not_throw_validation_errors."/>
    <testcase time="0.00600000000031287" classname="shinytest2_tm_t_pp_medical_history" name="e2e_tm_t_pp_medical_history_Selecting_mhbodsys_changes_the_table_and_does_not_throw_validation_errors."/>
    <testcase time="6.40999999999985" classname="shinytest2_tm_t_pp_medical_history" name="e2e_tm_t_pp_medical_history_Deselection_of_mhbodsys_throws_validation_error."/>
    <testcase time="0.00599999999985812" classname="shinytest2_tm_t_pp_medical_history" name="e2e_tm_t_pp_medical_history_Deselection_of_mhbodsys_throws_validation_error."/>
    <testcase time="0.0100000000002183" classname="shinytest2_tm_t_pp_medical_history" name="e2e_tm_t_pp_medical_history_Deselection_of_mhbodsys_throws_validation_error."/>
    <testcase time="6.98000000000002" classname="shinytest2_tm_t_pp_medical_history" name="e2e_tm_t_pp_medical_history_Selecting_mhbodsys_changes_the_table_and_does_not_throw_validation_errors."/>
    <testcase time="0.00499999999965439" classname="shinytest2_tm_t_pp_medical_history" name="e2e_tm_t_pp_medical_history_Selecting_mhbodsys_changes_the_table_and_does_not_throw_validation_errors."/>
    <testcase time="6.15200000000004" classname="shinytest2_tm_t_pp_medical_history" name="e2e_tm_t_pp_medical_history_Deselection_of_mhdistat_throws_validation_error."/>
    <testcase time="0.00600000000031287" classname="shinytest2_tm_t_pp_medical_history" name="e2e_tm_t_pp_medical_history_Deselection_of_mhdistat_throws_validation_error."/>
    <testcase time="0.00499999999965439" classname="shinytest2_tm_t_pp_medical_history" name="e2e_tm_t_pp_medical_history_Deselection_of_mhdistat_throws_validation_error."/>
  </testsuite>
  <testsuite name="shinytest2-tm_t_pp_prior_medication" timestamp="2024-11-24T00:27:29Z" hostname="ab3f7aea7c81" tests="29" skipped="0" failures="0" errors="0" time="75.701">
    <testcase time="5.52100000000019" classname="shinytest2_tm_t_pp_prior_medication" name="e2e_tm_t_pp_prior_medication_Module_initializes_in_teal_without_errors_and_produces_table_output."/>
    <testcase time="0.00500000000010914" classname="shinytest2_tm_t_pp_prior_medication" name="e2e_tm_t_pp_prior_medication_Module_initializes_in_teal_without_errors_and_produces_table_output."/>
    <testcase time="2.09099999999989" classname="shinytest2_tm_t_pp_prior_medication" name="e2e_tm_t_pp_prior_medication_Module_initializes_in_teal_without_errors_and_produces_table_output."/>
    <testcase time="5.51499999999987" classname="shinytest2_tm_t_pp_prior_medication" name="e2e_tm_t_pp_prior_medication_Starts_with_specified_label_patient_id_cmdecod_atirel_cmindc_cmstdy."/>
    <testcase time="0.0500000000001819" classname="shinytest2_tm_t_pp_prior_medication" name="e2e_tm_t_pp_prior_medication_Starts_with_specified_label_patient_id_cmdecod_atirel_cmindc_cmstdy."/>
    <testcase time="0.0509999999999309" classname="shinytest2_tm_t_pp_prior_medication" name="e2e_tm_t_pp_prior_medication_Starts_with_specified_label_patient_id_cmdecod_atirel_cmindc_cmstdy."/>
    <testcase time="0.0520000000001346" classname="shinytest2_tm_t_pp_prior_medication" name="e2e_tm_t_pp_prior_medication_Starts_with_specified_label_patient_id_cmdecod_atirel_cmindc_cmstdy."/>
    <testcase time="0.0519999999996799" classname="shinytest2_tm_t_pp_prior_medication" name="e2e_tm_t_pp_prior_medication_Starts_with_specified_label_patient_id_cmdecod_atirel_cmindc_cmstdy."/>
    <testcase time="0.0520000000001346" classname="shinytest2_tm_t_pp_prior_medication" name="e2e_tm_t_pp_prior_medication_Starts_with_specified_label_patient_id_cmdecod_atirel_cmindc_cmstdy."/>
    <testcase time="6.20600000000013" classname="shinytest2_tm_t_pp_prior_medication" name="e2e_tm_t_pp_prior_medication_Selecting_patient_id_changes_the_table_and_does_not_throw_validation_errors."/>
    <testcase time="0.00599999999985812" classname="shinytest2_tm_t_pp_prior_medication" name="e2e_tm_t_pp_prior_medication_Selecting_patient_id_changes_the_table_and_does_not_throw_validation_errors."/>
    <testcase time="6.08600000000024" classname="shinytest2_tm_t_pp_prior_medication" name="e2e_tm_t_pp_prior_medication_Deselection_of_patient_id_throws_validation_error."/>
    <testcase time="0.00599999999985812" classname="shinytest2_tm_t_pp_prior_medication" name="e2e_tm_t_pp_prior_medication_Deselection_of_patient_id_throws_validation_error."/>
    <testcase time="6.2170000000001" classname="shinytest2_tm_t_pp_prior_medication" name="e2e_tm_t_pp_prior_medication_Selecting_cmdecod_changes_the_table_and_does_not_throw_validation_errors."/>
    <testcase time="0.00599999999985812" classname="shinytest2_tm_t_pp_prior_medication" name="e2e_tm_t_pp_prior_medication_Selecting_cmdecod_changes_the_table_and_does_not_throw_validation_errors."/>
    <testcase time="6.11999999999989" classname="shinytest2_tm_t_pp_prior_medication" name="e2e_tm_t_pp_prior_medication_Deselection_of_cmdecod_throws_validation_error."/>
    <testcase time="0.00600000000031287" classname="shinytest2_tm_t_pp_prior_medication" name="e2e_tm_t_pp_prior_medication_Deselection_of_cmdecod_throws_validation_error."/>
    <testcase time="6.49699999999984" classname="shinytest2_tm_t_pp_prior_medication" name="e2e_tm_t_pp_prior_medication_Selecting_atirel_changes_the_table_and_does_not_throw_validation_errors."/>
    <testcase time="0.00599999999985812" classname="shinytest2_tm_t_pp_prior_medication" name="e2e_tm_t_pp_prior_medication_Selecting_atirel_changes_the_table_and_does_not_throw_validation_errors."/>
    <testcase time="6.34500000000025" classname="shinytest2_tm_t_pp_prior_medication" name="e2e_tm_t_pp_prior_medication_Deselection_of_atirel_throws_validation_error."/>
    <testcase time="0.00599999999985812" classname="shinytest2_tm_t_pp_prior_medication" name="e2e_tm_t_pp_prior_medication_Deselection_of_atirel_throws_validation_error."/>
    <testcase time="6.25399999999991" classname="shinytest2_tm_t_pp_prior_medication" name="e2e_tm_t_pp_prior_medication_Selecting_cmindc_changes_the_table_and_does_not_throw_validation_errors."/>
    <testcase time="0.00600000000031287" classname="shinytest2_tm_t_pp_prior_medication" name="e2e_tm_t_pp_prior_medication_Selecting_cmindc_changes_the_table_and_does_not_throw_validation_errors."/>
    <testcase time="6.14499999999998" classname="shinytest2_tm_t_pp_prior_medication" name="e2e_tm_t_pp_prior_medication_Deselection_of_cmindc_throws_validation_error."/>
    <testcase time="0.00599999999985812" classname="shinytest2_tm_t_pp_prior_medication" name="e2e_tm_t_pp_prior_medication_Deselection_of_cmindc_throws_validation_error."/>
    <testcase time="6.26800000000003" classname="shinytest2_tm_t_pp_prior_medication" name="e2e_tm_t_pp_prior_medication_Selecting_cmstdy_changes_the_table_and_does_not_throw_validation_errors."/>
    <testcase time="0.00500000000010914" classname="shinytest2_tm_t_pp_prior_medication" name="e2e_tm_t_pp_prior_medication_Selecting_cmstdy_changes_the_table_and_does_not_throw_validation_errors."/>
    <testcase time="6.11599999999999" classname="shinytest2_tm_t_pp_prior_medication" name="e2e_tm_t_pp_prior_medication_Deselection_of_cmstdy_throws_validation_error."/>
    <testcase time="0.00499999999965439" classname="shinytest2_tm_t_pp_prior_medication" name="e2e_tm_t_pp_prior_medication_Deselection_of_cmstdy_throws_validation_error."/>
  </testsuite>
  <testsuite name="shinytest2-tm_t_shift_by_arm" timestamp="2024-11-24T00:28:45Z" hostname="ab3f7aea7c81" tests="25" skipped="0" failures="0" errors="0" time="58.121">
    <testcase time="6.20299999999997" classname="shinytest2_tm_t_shift_by_arm" name="e2e_tm_t_shift_by_arm_Module_initializes_in_teal_without_errors_and_produces_table_output."/>
    <testcase time="0.00600000000031287" classname="shinytest2_tm_t_shift_by_arm" name="e2e_tm_t_shift_by_arm_Module_initializes_in_teal_without_errors_and_produces_table_output."/>
    <testcase time="2.08599999999979" classname="shinytest2_tm_t_shift_by_arm" name="e2e_tm_t_shift_by_arm_Module_initializes_in_teal_without_errors_and_produces_table_output."/>
    <testcase time="6.42700000000013" classname="shinytest2_tm_t_shift_by_arm" name="e2e_tm_t_shift_by_arm_Starts_with_specified_label_arm_varparamcd_visit_var_useNA_treatment_flag_var_add_total."/>
    <testcase time="0.0920000000000982" classname="shinytest2_tm_t_shift_by_arm" name="e2e_tm_t_shift_by_arm_Starts_with_specified_label_arm_varparamcd_visit_var_useNA_treatment_flag_var_add_total."/>
    <testcase time="0.0529999999998836" classname="shinytest2_tm_t_shift_by_arm" name="e2e_tm_t_shift_by_arm_Starts_with_specified_label_arm_varparamcd_visit_var_useNA_treatment_flag_var_add_total."/>
    <testcase time="0.0529999999998836" classname="shinytest2_tm_t_shift_by_arm" name="e2e_tm_t_shift_by_arm_Starts_with_specified_label_arm_varparamcd_visit_var_useNA_treatment_flag_var_add_total."/>
    <testcase time="0.0520000000001346" classname="shinytest2_tm_t_shift_by_arm" name="e2e_tm_t_shift_by_arm_Starts_with_specified_label_arm_varparamcd_visit_var_useNA_treatment_flag_var_add_total."/>
    <testcase time="0.0520000000001346" classname="shinytest2_tm_t_shift_by_arm" name="e2e_tm_t_shift_by_arm_Starts_with_specified_label_arm_varparamcd_visit_var_useNA_treatment_flag_var_add_total."/>
    <testcase time="0.0519999999996799" classname="shinytest2_tm_t_shift_by_arm" name="e2e_tm_t_shift_by_arm_Starts_with_specified_label_arm_varparamcd_visit_var_useNA_treatment_flag_var_add_total."/>
    <testcase time="7.39400000000023" classname="shinytest2_tm_t_shift_by_arm" name="e2e_tm_t_shift_by_arm_Selecting_arm_var_changes_the_table_and_does_not_throw_validation_errors."/>
    <testcase time="0.00599999999985812" classname="shinytest2_tm_t_shift_by_arm" name="e2e_tm_t_shift_by_arm_Selecting_arm_var_changes_the_table_and_does_not_throw_validation_errors."/>
    <testcase time="6.72499999999991" classname="shinytest2_tm_t_shift_by_arm" name="e2e_tm_t_shift_by_arm_Deselection_of_arm_var_throws_validation_error."/>
    <testcase time="0.00600000000031287" classname="shinytest2_tm_t_shift_by_arm" name="e2e_tm_t_shift_by_arm_Deselection_of_arm_var_throws_validation_error."/>
    <testcase time="0.00599999999985812" classname="shinytest2_tm_t_shift_by_arm" name="e2e_tm_t_shift_by_arm_Deselection_of_arm_var_throws_validation_error."/>
    <testcase time="7.64300000000003" classname="shinytest2_tm_t_shift_by_arm" name="e2e_tm_t_shift_by_arm_Selecting_paramcd_changes_the_table_and_does_not_throw_validation_errors."/>
    <testcase time="0.00599999999985812" classname="shinytest2_tm_t_shift_by_arm" name="e2e_tm_t_shift_by_arm_Selecting_paramcd_changes_the_table_and_does_not_throw_validation_errors."/>
    <testcase time="7.01600000000008" classname="shinytest2_tm_t_shift_by_arm" name="e2e_tm_t_shift_by_arm_Deselection_of_paramcd_throws_validation_error."/>
    <testcase time="0.00599999999985812" classname="shinytest2_tm_t_shift_by_arm" name="e2e_tm_t_shift_by_arm_Deselection_of_paramcd_throws_validation_error."/>
    <testcase time="0.00500000000010914" classname="shinytest2_tm_t_shift_by_arm" name="e2e_tm_t_shift_by_arm_Deselection_of_paramcd_throws_validation_error."/>
    <testcase time="7.40599999999995" classname="shinytest2_tm_t_shift_by_arm" name="e2e_tm_t_shift_by_arm_Selecting_visit_var_changes_the_table_and_does_not_throw_validation_errors."/>
    <testcase time="0.00600000000031287" classname="shinytest2_tm_t_shift_by_arm" name="e2e_tm_t_shift_by_arm_Selecting_visit_var_changes_the_table_and_does_not_throw_validation_errors."/>
    <testcase time="6.80899999999974" classname="shinytest2_tm_t_shift_by_arm" name="e2e_tm_t_shift_by_arm_Deselection_of_visit_var_throws_validation_error."/>
    <testcase time="0.00599999999985812" classname="shinytest2_tm_t_shift_by_arm" name="e2e_tm_t_shift_by_arm_Deselection_of_visit_var_throws_validation_error."/>
    <testcase time="0.00500000000010914" classname="shinytest2_tm_t_shift_by_arm" name="e2e_tm_t_shift_by_arm_Deselection_of_visit_var_throws_validation_error."/>
  </testsuite>
  <testsuite name="shinytest2-tm_t_shift_by_arm_by_worst" timestamp="2024-11-24T00:29:43Z" hostname="ab3f7aea7c81" tests="37" skipped="0" failures="0" errors="0" time="88.313">
    <testcase time="6.41000000000031" classname="shinytest2_tm_t_shift_by_arm_by_worst" name="e2e_tm_t_shift_by_arm_by_worst_Module_initializes_in_teal_without_errors_and_produces_table_output."/>
    <testcase time="0.00599999999985812" classname="shinytest2_tm_t_shift_by_arm_by_worst" name="e2e_tm_t_shift_by_arm_by_worst_Module_initializes_in_teal_without_errors_and_produces_table_output."/>
    <testcase time="2.09999999999991" classname="shinytest2_tm_t_shift_by_arm_by_worst" name="e2e_tm_t_shift_by_arm_by_worst_Module_initializes_in_teal_without_errors_and_produces_table_output."/>
    <testcase time="6.53400000000011" classname="shinytest2_tm_t_shift_by_arm_by_worst" name="e2e_tm_t_shift_by_arm_by_worst_Starts_with_specified_label_arm_var_paramcd_worst_flag_var_aval_var_baseline_var_useNA_treatment_flag_var_add_total."/>
    <testcase time="0.0850000000000364" classname="shinytest2_tm_t_shift_by_arm_by_worst" name="e2e_tm_t_shift_by_arm_by_worst_Starts_with_specified_label_arm_var_paramcd_worst_flag_var_aval_var_baseline_var_useNA_treatment_flag_var_add_total."/>
    <testcase time="0.0509999999999309" classname="shinytest2_tm_t_shift_by_arm_by_worst" name="e2e_tm_t_shift_by_arm_by_worst_Starts_with_specified_label_arm_var_paramcd_worst_flag_var_aval_var_baseline_var_useNA_treatment_flag_var_add_total."/>
    <testcase time="0.0529999999998836" classname="shinytest2_tm_t_shift_by_arm_by_worst" name="e2e_tm_t_shift_by_arm_by_worst_Starts_with_specified_label_arm_var_paramcd_worst_flag_var_aval_var_baseline_var_useNA_treatment_flag_var_add_total."/>
    <testcase time="0.0520000000001346" classname="shinytest2_tm_t_shift_by_arm_by_worst" name="e2e_tm_t_shift_by_arm_by_worst_Starts_with_specified_label_arm_var_paramcd_worst_flag_var_aval_var_baseline_var_useNA_treatment_flag_var_add_total."/>
    <testcase time="0.0509999999999309" classname="shinytest2_tm_t_shift_by_arm_by_worst" name="e2e_tm_t_shift_by_arm_by_worst_Starts_with_specified_label_arm_var_paramcd_worst_flag_var_aval_var_baseline_var_useNA_treatment_flag_var_add_total."/>
    <testcase time="0.0520000000001346" classname="shinytest2_tm_t_shift_by_arm_by_worst" name="e2e_tm_t_shift_by_arm_by_worst_Starts_with_specified_label_arm_var_paramcd_worst_flag_var_aval_var_baseline_var_useNA_treatment_flag_var_add_total."/>
    <testcase time="0.0529999999998836" classname="shinytest2_tm_t_shift_by_arm_by_worst" name="e2e_tm_t_shift_by_arm_by_worst_Starts_with_specified_label_arm_var_paramcd_worst_flag_var_aval_var_baseline_var_useNA_treatment_flag_var_add_total."/>
    <testcase time="0.0509999999999309" classname="shinytest2_tm_t_shift_by_arm_by_worst" name="e2e_tm_t_shift_by_arm_by_worst_Starts_with_specified_label_arm_var_paramcd_worst_flag_var_aval_var_baseline_var_useNA_treatment_flag_var_add_total."/>
    <testcase time="7.66699999999992" classname="shinytest2_tm_t_shift_by_arm_by_worst" name="e2e_tm_t_shift_by_arm_by_worst_Selecting_arm_var_changes_the_table_and_does_not_throw_validation_errors."/>
    <testcase time="0.00500000000010914" classname="shinytest2_tm_t_shift_by_arm_by_worst" name="e2e_tm_t_shift_by_arm_by_worst_Selecting_arm_var_changes_the_table_and_does_not_throw_validation_errors."/>
    <testcase time="7.01600000000008" classname="shinytest2_tm_t_shift_by_arm_by_worst" name="e2e_tm_t_shift_by_arm_by_worst_Deselection_of_arm_var_throws_validation_error."/>
    <testcase time="0.00599999999985812" classname="shinytest2_tm_t_shift_by_arm_by_worst" name="e2e_tm_t_shift_by_arm_by_worst_Deselection_of_arm_var_throws_validation_error."/>
    <testcase time="0.00500000000010914" classname="shinytest2_tm_t_shift_by_arm_by_worst" name="e2e_tm_t_shift_by_arm_by_worst_Deselection_of_arm_var_throws_validation_error."/>
    <testcase time="7.65099999999984" classname="shinytest2_tm_t_shift_by_arm_by_worst" name="e2e_tm_t_shift_by_arm_by_worst_Selecting_paramcd_changes_the_table_and_does_not_throw_validation_errors."/>
    <testcase time="0.00600000000031287" classname="shinytest2_tm_t_shift_by_arm_by_worst" name="e2e_tm_t_shift_by_arm_by_worst_Selecting_paramcd_changes_the_table_and_does_not_throw_validation_errors."/>
    <testcase time="6.94799999999987" classname="shinytest2_tm_t_shift_by_arm_by_worst" name="e2e_tm_t_shift_by_arm_by_worst_Deselection_of_paramcd_throws_validation_error."/>
    <testcase time="0.00599999999985812" classname="shinytest2_tm_t_shift_by_arm_by_worst" name="e2e_tm_t_shift_by_arm_by_worst_Deselection_of_paramcd_throws_validation_error."/>
    <testcase time="0.00500000000010914" classname="shinytest2_tm_t_shift_by_arm_by_worst" name="e2e_tm_t_shift_by_arm_by_worst_Deselection_of_paramcd_throws_validation_error."/>
    <testcase time="7.62699999999995" classname="shinytest2_tm_t_shift_by_arm_by_worst" name="e2e_tm_t_shift_by_arm_by_worst_Selecting_worst_flag_changes_the_table_and_does_not_throw_validation_errors."/>
    <testcase time="0.00599999999985812" classname="shinytest2_tm_t_shift_by_arm_by_worst" name="e2e_tm_t_shift_by_arm_by_worst_Selecting_worst_flag_changes_the_table_and_does_not_throw_validation_errors."/>
    <testcase time="6.92900000000009" classname="shinytest2_tm_t_shift_by_arm_by_worst" name="e2e_tm_t_shift_by_arm_by_worst_Deselection_of_worst_flag_throws_validation_error."/>
    <testcase time="0.00600000000031287" classname="shinytest2_tm_t_shift_by_arm_by_worst" name="e2e_tm_t_shift_by_arm_by_worst_Deselection_of_worst_flag_throws_validation_error."/>
    <testcase time="0.00499999999965439" classname="shinytest2_tm_t_shift_by_arm_by_worst" name="e2e_tm_t_shift_by_arm_by_worst_Deselection_of_worst_flag_throws_validation_error."/>
    <testcase time="7.56200000000035" classname="shinytest2_tm_t_shift_by_arm_by_worst" name="e2e_tm_t_shift_by_arm_by_worst_Selecting_aval_var_changes_the_table_and_does_not_throw_validation_errors."/>
    <testcase time="0.00599999999985812" classname="shinytest2_tm_t_shift_by_arm_by_worst" name="e2e_tm_t_shift_by_arm_by_worst_Selecting_aval_var_changes_the_table_and_does_not_throw_validation_errors."/>
    <testcase time="6.90099999999984" classname="shinytest2_tm_t_shift_by_arm_by_worst" name="e2e_tm_t_shift_by_arm_by_worst_Deselection_of_aval_var_throws_validation_error."/>
    <testcase time="0.00500000000010914" classname="shinytest2_tm_t_shift_by_arm_by_worst" name="e2e_tm_t_shift_by_arm_by_worst_Deselection_of_aval_var_throws_validation_error."/>
    <testcase time="0.00599999999985812" classname="shinytest2_tm_t_shift_by_arm_by_worst" name="e2e_tm_t_shift_by_arm_by_worst_Deselection_of_aval_var_throws_validation_error."/>
    <testcase time="7.50199999999995" classname="shinytest2_tm_t_shift_by_arm_by_worst" name="e2e_tm_t_shift_by_arm_by_worst_Selecting_baseline_var_changes_the_table_and_does_not_throw_validation_errors."/>
    <testcase time="0.00500000000010914" classname="shinytest2_tm_t_shift_by_arm_by_worst" name="e2e_tm_t_shift_by_arm_by_worst_Selecting_baseline_var_changes_the_table_and_does_not_throw_validation_errors."/>
    <testcase time="6.92900000000009" classname="shinytest2_tm_t_shift_by_arm_by_worst" name="e2e_tm_t_shift_by_arm_by_worst_Deselection_of_baseline_var_throws_validation_error."/>
    <testcase time="0.00500000000010914" classname="shinytest2_tm_t_shift_by_arm_by_worst" name="e2e_tm_t_shift_by_arm_by_worst_Deselection_of_baseline_var_throws_validation_error."/>
    <testcase time="0.00600000000031287" classname="shinytest2_tm_t_shift_by_arm_by_worst" name="e2e_tm_t_shift_by_arm_by_worst_Deselection_of_baseline_var_throws_validation_error."/>
  </testsuite>
  <testsuite name="shinytest2-tm_t_shift_by_grade" timestamp="2024-11-24T00:31:12Z" hostname="ab3f7aea7c81" tests="28" skipped="0" failures="0" errors="0" time="79.861">
    <testcase time="8.45499999999993" classname="shinytest2_tm_t_shift_by_grade" name="e2e_tm_t_shift_by_grade_Module_initializes_in_teal_without_errors_and_produces_table_output."/>
    <testcase time="0.00599999999985812" classname="shinytest2_tm_t_shift_by_grade" name="e2e_tm_t_shift_by_grade_Module_initializes_in_teal_without_errors_and_produces_table_output."/>
    <testcase time="2.09900000000016" classname="shinytest2_tm_t_shift_by_grade" name="e2e_tm_t_shift_by_grade_Module_initializes_in_teal_without_errors_and_produces_table_output."/>
    <testcase time="8.39999999999964" classname="shinytest2_tm_t_shift_by_grade" name="e2e_tm_t_shift_by_grade_Starts_with_specified_label_arm_var_paramcd_worst_flag_var_anl_toxgrade_var_base_toxgrade_var_worst_flag_indicator_add_total_drop_arm_levels_code_missing_baseline."/>
    <testcase time="0.0830000000000837" classname="shinytest2_tm_t_shift_by_grade" name="e2e_tm_t_shift_by_grade_Starts_with_specified_label_arm_var_paramcd_worst_flag_var_anl_toxgrade_var_base_toxgrade_var_worst_flag_indicator_add_total_drop_arm_levels_code_missing_baseline."/>
    <testcase time="0.0540000000000873" classname="shinytest2_tm_t_shift_by_grade" name="e2e_tm_t_shift_by_grade_Starts_with_specified_label_arm_var_paramcd_worst_flag_var_anl_toxgrade_var_base_toxgrade_var_worst_flag_indicator_add_total_drop_arm_levels_code_missing_baseline."/>
    <testcase time="0.0520000000001346" classname="shinytest2_tm_t_shift_by_grade" name="e2e_tm_t_shift_by_grade_Starts_with_specified_label_arm_var_paramcd_worst_flag_var_anl_toxgrade_var_base_toxgrade_var_worst_flag_indicator_add_total_drop_arm_levels_code_missing_baseline."/>
    <testcase time="0.0520000000001346" classname="shinytest2_tm_t_shift_by_grade" name="e2e_tm_t_shift_by_grade_Starts_with_specified_label_arm_var_paramcd_worst_flag_var_anl_toxgrade_var_base_toxgrade_var_worst_flag_indicator_add_total_drop_arm_levels_code_missing_baseline."/>
    <testcase time="0.0519999999996799" classname="shinytest2_tm_t_shift_by_grade" name="e2e_tm_t_shift_by_grade_Starts_with_specified_label_arm_var_paramcd_worst_flag_var_anl_toxgrade_var_base_toxgrade_var_worst_flag_indicator_add_total_drop_arm_levels_code_missing_baseline."/>
    <testcase time="0.0599999999999454" classname="shinytest2_tm_t_shift_by_grade" name="e2e_tm_t_shift_by_grade_Starts_with_specified_label_arm_var_paramcd_worst_flag_var_anl_toxgrade_var_base_toxgrade_var_worst_flag_indicator_add_total_drop_arm_levels_code_missing_baseline."/>
    <testcase time="0.0520000000001346" classname="shinytest2_tm_t_shift_by_grade" name="e2e_tm_t_shift_by_grade_Starts_with_specified_label_arm_var_paramcd_worst_flag_var_anl_toxgrade_var_base_toxgrade_var_worst_flag_indicator_add_total_drop_arm_levels_code_missing_baseline."/>
    <testcase time="0.0509999999999309" classname="shinytest2_tm_t_shift_by_grade" name="e2e_tm_t_shift_by_grade_Starts_with_specified_label_arm_var_paramcd_worst_flag_var_anl_toxgrade_var_base_toxgrade_var_worst_flag_indicator_add_total_drop_arm_levels_code_missing_baseline."/>
    <testcase time="0.0509999999999309" classname="shinytest2_tm_t_shift_by_grade" name="e2e_tm_t_shift_by_grade_Starts_with_specified_label_arm_var_paramcd_worst_flag_var_anl_toxgrade_var_base_toxgrade_var_worst_flag_indicator_add_total_drop_arm_levels_code_missing_baseline."/>
    <testcase time="11.453" classname="shinytest2_tm_t_shift_by_grade" name="e2e_tm_t_shift_by_grade_Selecting_arm_var_changes_the_table_and_does_not_throw_validation_errors."/>
    <testcase time="0.00599999999985812" classname="shinytest2_tm_t_shift_by_grade" name="e2e_tm_t_shift_by_grade_Selecting_arm_var_changes_the_table_and_does_not_throw_validation_errors."/>
    <testcase time="9.08800000000019" classname="shinytest2_tm_t_shift_by_grade" name="e2e_tm_t_shift_by_grade_Deselection_of_arm_var_throws_validation_error."/>
    <testcase time="0.00599999999985812" classname="shinytest2_tm_t_shift_by_grade" name="e2e_tm_t_shift_by_grade_Deselection_of_arm_var_throws_validation_error."/>
    <testcase time="0.00500000000010914" classname="shinytest2_tm_t_shift_by_grade" name="e2e_tm_t_shift_by_grade_Deselection_of_arm_var_throws_validation_error."/>
    <testcase time="11.4870000000001" classname="shinytest2_tm_t_shift_by_grade" name="e2e_tm_t_shift_by_grade_Selecting_paramcd_changes_the_table_and_does_not_throw_validation_errors."/>
    <testcase time="0.00599999999985812" classname="shinytest2_tm_t_shift_by_grade" name="e2e_tm_t_shift_by_grade_Selecting_paramcd_changes_the_table_and_does_not_throw_validation_errors."/>
    <testcase time="9.09799999999996" classname="shinytest2_tm_t_shift_by_grade" name="e2e_tm_t_shift_by_grade_Deselection_of_paramcd_throws_validation_error."/>
    <testcase time="0.00599999999985812" classname="shinytest2_tm_t_shift_by_grade" name="e2e_tm_t_shift_by_grade_Deselection_of_paramcd_throws_validation_error."/>
    <testcase time="0.00600000000031287" classname="shinytest2_tm_t_shift_by_grade" name="e2e_tm_t_shift_by_grade_Deselection_of_paramcd_throws_validation_error."/>
    <testcase time="10.096" classname="shinytest2_tm_t_shift_by_grade" name="e2e_tm_t_shift_by_grade_Selecting_worst_flag_changes_the_table_and_does_not_throw_validation_errors."/>
    <testcase time="0.00799999999981083" classname="shinytest2_tm_t_shift_by_grade" name="e2e_tm_t_shift_by_grade_Selecting_worst_flag_changes_the_table_and_does_not_throw_validation_errors."/>
    <testcase time="9.11700000000019" classname="shinytest2_tm_t_shift_by_grade" name="e2e_tm_t_shift_by_grade_Deselection_of_worst_flag_throws_validation_error."/>
    <testcase time="0.00599999999985812" classname="shinytest2_tm_t_shift_by_grade" name="e2e_tm_t_shift_by_grade_Deselection_of_worst_flag_throws_validation_error."/>
    <testcase time="0.00599999999985812" classname="shinytest2_tm_t_shift_by_grade" name="e2e_tm_t_shift_by_grade_Deselection_of_worst_flag_throws_validation_error."/>
  </testsuite>
  <testsuite name="shinytest2-tm_t_smq" timestamp="2024-11-24T00:32:31Z" hostname="ab3f7aea7c81" tests="25" skipped="0" failures="0" errors="0" time="58.493">
    <testcase time="6.55400000000009" classname="shinytest2_tm_t_smq" name="e2e_tm_t_smq_Module_initializes_in_teal_without_errors_and_produces_table_output."/>
    <testcase time="0.00500000000010914" classname="shinytest2_tm_t_smq" name="e2e_tm_t_smq_Module_initializes_in_teal_without_errors_and_produces_table_output."/>
    <testcase time="2.08399999999983" classname="shinytest2_tm_t_smq" name="e2e_tm_t_smq_Module_initializes_in_teal_without_errors_and_produces_table_output."/>
    <testcase time="6.22800000000007" classname="shinytest2_tm_t_smq" name="e2e_tm_t_smq_Starts_with_specified_label_arm_var_llt_baskets_sort_criteria_add_total_drop_arm_levels."/>
    <testcase time="0.0850000000000364" classname="shinytest2_tm_t_smq" name="e2e_tm_t_smq_Starts_with_specified_label_arm_var_llt_baskets_sort_criteria_add_total_drop_arm_levels."/>
    <testcase time="0.0509999999999309" classname="shinytest2_tm_t_smq" name="e2e_tm_t_smq_Starts_with_specified_label_arm_var_llt_baskets_sort_criteria_add_total_drop_arm_levels."/>
    <testcase time="0.0509999999999309" classname="shinytest2_tm_t_smq" name="e2e_tm_t_smq_Starts_with_specified_label_arm_var_llt_baskets_sort_criteria_add_total_drop_arm_levels."/>
    <testcase time="0.0530000000003383" classname="shinytest2_tm_t_smq" name="e2e_tm_t_smq_Starts_with_specified_label_arm_var_llt_baskets_sort_criteria_add_total_drop_arm_levels."/>
    <testcase time="0.0519999999996799" classname="shinytest2_tm_t_smq" name="e2e_tm_t_smq_Starts_with_specified_label_arm_var_llt_baskets_sort_criteria_add_total_drop_arm_levels."/>
    <testcase time="0.0520000000001346" classname="shinytest2_tm_t_smq" name="e2e_tm_t_smq_Starts_with_specified_label_arm_var_llt_baskets_sort_criteria_add_total_drop_arm_levels."/>
    <testcase time="7.60199999999986" classname="shinytest2_tm_t_smq" name="e2e_tm_t_smq_Selecting_arm_var_changes_the_table_and_does_not_throw_validation_errors."/>
    <testcase time="0.00500000000010914" classname="shinytest2_tm_t_smq" name="e2e_tm_t_smq_Selecting_arm_var_changes_the_table_and_does_not_throw_validation_errors."/>
    <testcase time="7.01299999999992" classname="shinytest2_tm_t_smq" name="e2e_tm_t_smq_Deselection_of_arm_var_throws_validation_error."/>
    <testcase time="0.00600000000031287" classname="shinytest2_tm_t_smq" name="e2e_tm_t_smq_Deselection_of_arm_var_throws_validation_error."/>
    <testcase time="0.00499999999965439" classname="shinytest2_tm_t_smq" name="e2e_tm_t_smq_Deselection_of_arm_var_throws_validation_error."/>
    <testcase time="7.52300000000014" classname="shinytest2_tm_t_smq" name="e2e_tm_t_smq_Selecting_paramcd_changes_the_table_and_does_not_throw_validation_errors."/>
    <testcase time="0.00599999999985812" classname="shinytest2_tm_t_smq" name="e2e_tm_t_smq_Selecting_paramcd_changes_the_table_and_does_not_throw_validation_errors."/>
    <testcase time="7.00800000000027" classname="shinytest2_tm_t_smq" name="e2e_tm_t_smq_Deselection_of_paramcd_throws_validation_error."/>
    <testcase time="0.00599999999985812" classname="shinytest2_tm_t_smq" name="e2e_tm_t_smq_Deselection_of_paramcd_throws_validation_error."/>
    <testcase time="0.00500000000010914" classname="shinytest2_tm_t_smq" name="e2e_tm_t_smq_Deselection_of_paramcd_throws_validation_error."/>
    <testcase time="7.28899999999976" classname="shinytest2_tm_t_smq" name="e2e_tm_t_smq_Selecting_worst_flag_changes_the_table_and_does_not_throw_validation_errors."/>
    <testcase time="0.00600000000031287" classname="shinytest2_tm_t_smq" name="e2e_tm_t_smq_Selecting_worst_flag_changes_the_table_and_does_not_throw_validation_errors."/>
    <testcase time="6.79299999999967" classname="shinytest2_tm_t_smq" name="e2e_tm_t_smq_Deselection_of_worst_flag_throws_validation_error."/>
    <testcase time="0.00500000000010914" classname="shinytest2_tm_t_smq" name="e2e_tm_t_smq_Deselection_of_worst_flag_throws_validation_error."/>
    <testcase time="0.00600000000031287" classname="shinytest2_tm_t_smq" name="e2e_tm_t_smq_Deselection_of_worst_flag_throws_validation_error."/>
  </testsuite>
  <testsuite name="shinytest2-tm_t_summary" timestamp="2024-11-24T00:33:30Z" hostname="ab3f7aea7c81" tests="18" skipped="0" failures="0" errors="0" time="39.476">
    <testcase time="5.6869999999999" classname="shinytest2_tm_t_summary" name="e2e_tm_t_summary_Module_initializes_in_teal_without_errors_and_produces_table_output."/>
    <testcase time="0.00500000000010914" classname="shinytest2_tm_t_summary" name="e2e_tm_t_summary_Module_initializes_in_teal_without_errors_and_produces_table_output."/>
    <testcase time="2.07399999999961" classname="shinytest2_tm_t_summary" name="e2e_tm_t_summary_Module_initializes_in_teal_without_errors_and_produces_table_output."/>
    <testcase time="5.52800000000025" classname="shinytest2_tm_t_summary" name="e2e_tm_t_summary_Starts_with_specified_label_arm_var_summarize_vars_useNA_denominator."/>
    <testcase time="0.0830000000000837" classname="shinytest2_tm_t_summary" name="e2e_tm_t_summary_Starts_with_specified_label_arm_var_summarize_vars_useNA_denominator."/>
    <testcase time="0.0529999999998836" classname="shinytest2_tm_t_summary" name="e2e_tm_t_summary_Starts_with_specified_label_arm_var_summarize_vars_useNA_denominator."/>
    <testcase time="0.0520000000001346" classname="shinytest2_tm_t_summary" name="e2e_tm_t_summary_Starts_with_specified_label_arm_var_summarize_vars_useNA_denominator."/>
    <testcase time="0.0519999999996799" classname="shinytest2_tm_t_summary" name="e2e_tm_t_summary_Starts_with_specified_label_arm_var_summarize_vars_useNA_denominator."/>
    <testcase time="6.86400000000003" classname="shinytest2_tm_t_summary" name="e2e_tm_t_summary_Selecting_arm_var_changes_the_table_and_does_not_throw_validation_errors."/>
    <testcase time="0.00500000000010914" classname="shinytest2_tm_t_summary" name="e2e_tm_t_summary_Selecting_arm_var_changes_the_table_and_does_not_throw_validation_errors."/>
    <testcase time="6.16600000000017" classname="shinytest2_tm_t_summary" name="e2e_tm_t_summary_Deselection_of_arm_var_throws_validation_error."/>
    <testcase time="0.00599999999985812" classname="shinytest2_tm_t_summary" name="e2e_tm_t_summary_Deselection_of_arm_var_throws_validation_error."/>
    <testcase time="0.00500000000010914" classname="shinytest2_tm_t_summary" name="e2e_tm_t_summary_Deselection_of_arm_var_throws_validation_error."/>
    <testcase time="6.80500000000029" classname="shinytest2_tm_t_summary" name="e2e_tm_t_summary_Selecting_summarize_vars_changes_the_table_and_does_not_throw_validation_errors."/>
    <testcase time="0.00499999999965439" classname="shinytest2_tm_t_summary" name="e2e_tm_t_summary_Selecting_summarize_vars_changes_the_table_and_does_not_throw_validation_errors."/>
    <testcase time="6.07500000000027" classname="shinytest2_tm_t_summary" name="e2e_tm_t_summary_Deselection_of_summarize_vars_throws_validation_error."/>
    <testcase time="0.00500000000010914" classname="shinytest2_tm_t_summary" name="e2e_tm_t_summary_Deselection_of_summarize_vars_throws_validation_error."/>
    <testcase time="0.00599999999985812" classname="shinytest2_tm_t_summary" name="e2e_tm_t_summary_Deselection_of_summarize_vars_throws_validation_error."/>
  </testsuite>
  <testsuite name="shinytest2-tm_t_summary_by" timestamp="2024-11-24T00:34:09Z" hostname="ab3f7aea7c81" tests="33" skipped="0" failures="0" errors="0" time="81.219">
    <testcase time="6.88599999999997" classname="shinytest2_tm_t_summary_by" name="e2e_tm_t_summary_by_Module_initializes_in_teal_without_errors_and_produces_table_output."/>
    <testcase time="0.00599999999985812" classname="shinytest2_tm_t_summary_by" name="e2e_tm_t_summary_by_Module_initializes_in_teal_without_errors_and_produces_table_output."/>
    <testcase time="2.10300000000007" classname="shinytest2_tm_t_summary_by" name="e2e_tm_t_summary_by_Module_initializes_in_teal_without_errors_and_produces_table_output."/>
    <testcase time="6.92999999999984" classname="shinytest2_tm_t_summary_by" name="e2e_tm_t_summary_by_Starts_with_specified_label_arm_var_paramcd_by_vars_summarize_vars_useNA_numeric_stats_add_total_parallel_vars_row_groups_drop_zero_levels."/>
    <testcase time="0.0920000000000982" classname="shinytest2_tm_t_summary_by" name="e2e_tm_t_summary_by_Starts_with_specified_label_arm_var_paramcd_by_vars_summarize_vars_useNA_numeric_stats_add_total_parallel_vars_row_groups_drop_zero_levels."/>
    <testcase time="0.0509999999999309" classname="shinytest2_tm_t_summary_by" name="e2e_tm_t_summary_by_Starts_with_specified_label_arm_var_paramcd_by_vars_summarize_vars_useNA_numeric_stats_add_total_parallel_vars_row_groups_drop_zero_levels."/>
    <testcase time="0.0520000000001346" classname="shinytest2_tm_t_summary_by" name="e2e_tm_t_summary_by_Starts_with_specified_label_arm_var_paramcd_by_vars_summarize_vars_useNA_numeric_stats_add_total_parallel_vars_row_groups_drop_zero_levels."/>
    <testcase time="0.0520000000001346" classname="shinytest2_tm_t_summary_by" name="e2e_tm_t_summary_by_Starts_with_specified_label_arm_var_paramcd_by_vars_summarize_vars_useNA_numeric_stats_add_total_parallel_vars_row_groups_drop_zero_levels."/>
    <testcase time="0.0519999999996799" classname="shinytest2_tm_t_summary_by" name="e2e_tm_t_summary_by_Starts_with_specified_label_arm_var_paramcd_by_vars_summarize_vars_useNA_numeric_stats_add_total_parallel_vars_row_groups_drop_zero_levels."/>
    <testcase time="0.0530000000003383" classname="shinytest2_tm_t_summary_by" name="e2e_tm_t_summary_by_Starts_with_specified_label_arm_var_paramcd_by_vars_summarize_vars_useNA_numeric_stats_add_total_parallel_vars_row_groups_drop_zero_levels."/>
    <testcase time="0.0519999999996799" classname="shinytest2_tm_t_summary_by" name="e2e_tm_t_summary_by_Starts_with_specified_label_arm_var_paramcd_by_vars_summarize_vars_useNA_numeric_stats_add_total_parallel_vars_row_groups_drop_zero_levels."/>
    <testcase time="0.0520000000001346" classname="shinytest2_tm_t_summary_by" name="e2e_tm_t_summary_by_Starts_with_specified_label_arm_var_paramcd_by_vars_summarize_vars_useNA_numeric_stats_add_total_parallel_vars_row_groups_drop_zero_levels."/>
    <testcase time="0.0509999999999309" classname="shinytest2_tm_t_summary_by" name="e2e_tm_t_summary_by_Starts_with_specified_label_arm_var_paramcd_by_vars_summarize_vars_useNA_numeric_stats_add_total_parallel_vars_row_groups_drop_zero_levels."/>
    <testcase time="0.0520000000001346" classname="shinytest2_tm_t_summary_by" name="e2e_tm_t_summary_by_Starts_with_specified_label_arm_var_paramcd_by_vars_summarize_vars_useNA_numeric_stats_add_total_parallel_vars_row_groups_drop_zero_levels."/>
    <testcase time="8.45999999999958" classname="shinytest2_tm_t_summary_by" name="e2e_tm_t_summary_by_Selecting_arm_var_changes_the_table_and_does_not_throw_validation_errors."/>
    <testcase time="0.00600000000031287" classname="shinytest2_tm_t_summary_by" name="e2e_tm_t_summary_by_Selecting_arm_var_changes_the_table_and_does_not_throw_validation_errors."/>
    <testcase time="7.44900000000007" classname="shinytest2_tm_t_summary_by" name="e2e_tm_t_summary_by_Deselection_of_arm_var_throws_validation_error."/>
    <testcase time="0.00599999999985812" classname="shinytest2_tm_t_summary_by" name="e2e_tm_t_summary_by_Deselection_of_arm_var_throws_validation_error."/>
    <testcase time="0.00500000000010914" classname="shinytest2_tm_t_summary_by" name="e2e_tm_t_summary_by_Deselection_of_arm_var_throws_validation_error."/>
    <testcase time="8.42299999999977" classname="shinytest2_tm_t_summary_by" name="e2e_tm_t_summary_by_Selecting_arm_var_changes_the_table_and_does_not_throw_validation_errors."/>
    <testcase time="0.00600000000031287" classname="shinytest2_tm_t_summary_by" name="e2e_tm_t_summary_by_Selecting_arm_var_changes_the_table_and_does_not_throw_validation_errors."/>
    <testcase time="7.83399999999983" classname="shinytest2_tm_t_summary_by" name="e2e_tm_t_summary_by_Deselection_of_arm_var_throws_validation_error."/>
    <testcase time="0.00599999999985812" classname="shinytest2_tm_t_summary_by" name="e2e_tm_t_summary_by_Deselection_of_arm_var_throws_validation_error."/>
    <testcase time="0.00600000000031287" classname="shinytest2_tm_t_summary_by" name="e2e_tm_t_summary_by_Deselection_of_arm_var_throws_validation_error."/>
    <testcase time="8.3159999999998" classname="shinytest2_tm_t_summary_by" name="e2e_tm_t_summary_by_Selecting_arm_var_changes_the_table_and_does_not_throw_validation_errors."/>
    <testcase time="0.00500000000010914" classname="shinytest2_tm_t_summary_by" name="e2e_tm_t_summary_by_Selecting_arm_var_changes_the_table_and_does_not_throw_validation_errors."/>
    <testcase time="8.07299999999987" classname="shinytest2_tm_t_summary_by" name="e2e_tm_t_summary_by_Deselection_of_arm_var_changes_the_table_and_does_not_throw_validation_errors."/>
    <testcase time="0.00500000000010914" classname="shinytest2_tm_t_summary_by" name="e2e_tm_t_summary_by_Deselection_of_arm_var_changes_the_table_and_does_not_throw_validation_errors."/>
    <testcase time="8.56399999999985" classname="shinytest2_tm_t_summary_by" name="e2e_tm_t_summary_by_Selecting_summarize_vars_changes_the_table_and_does_not_throw_validation_errors."/>
    <testcase time="0.0109999999999673" classname="shinytest2_tm_t_summary_by" name="e2e_tm_t_summary_by_Selecting_summarize_vars_changes_the_table_and_does_not_throw_validation_errors."/>
    <testcase time="7.54800000000023" classname="shinytest2_tm_t_summary_by" name="e2e_tm_t_summary_by_Deselection_of_summarize_vars_throws_validation_error."/>
    <testcase time="0.00600000000031287" classname="shinytest2_tm_t_summary_by" name="e2e_tm_t_summary_by_Deselection_of_summarize_vars_throws_validation_error."/>
    <testcase time="0.00599999999985812" classname="shinytest2_tm_t_summary_by" name="e2e_tm_t_summary_by_Deselection_of_summarize_vars_throws_validation_error."/>
  </testsuite>
  <testsuite name="shinytest2-tm_t_tte" timestamp="2024-11-24T00:35:31Z" hostname="ab3f7aea7c81" tests="32" skipped="0" failures="0" errors="0" time="67.501">
    <testcase time="7.3779999999997" classname="shinytest2_tm_t_tte" name="e2e_tm_t_tte_Module_initializes_in_teal_without_errors_and_produces_table_output."/>
    <testcase time="0.00600000000031287" classname="shinytest2_tm_t_tte" name="e2e_tm_t_tte_Module_initializes_in_teal_without_errors_and_produces_table_output."/>
    <testcase time="2.0949999999998" classname="shinytest2_tm_t_tte" name="e2e_tm_t_tte_Module_initializes_in_teal_without_errors_and_produces_table_output."/>
    <testcase time="7.0329999999999" classname="shinytest2_tm_t_tte" name="e2e_tm_t_tte_Starts_with_specified_label_paramcd_event_desc_var_arm_var_buckets_strata_var_time_points_pval_method_coxph_ties_coxph_conf_level_coxph_conf_level_survfit_conf_type_survfit_probs_survfit_compare_arms_combine_comp_arms."/>
    <testcase time="0.0990000000001601" classname="shinytest2_tm_t_tte" name="e2e_tm_t_tte_Starts_with_specified_label_paramcd_event_desc_var_arm_var_buckets_strata_var_time_points_pval_method_coxph_ties_coxph_conf_level_coxph_conf_level_survfit_conf_type_survfit_probs_survfit_compare_arms_combine_comp_arms."/>
    <testcase time="0.0529999999998836" classname="shinytest2_tm_t_tte" name="e2e_tm_t_tte_Starts_with_specified_label_paramcd_event_desc_var_arm_var_buckets_strata_var_time_points_pval_method_coxph_ties_coxph_conf_level_coxph_conf_level_survfit_conf_type_survfit_probs_survfit_compare_arms_combine_comp_arms."/>
    <testcase time="0.0520000000001346" classname="shinytest2_tm_t_tte" name="e2e_tm_t_tte_Starts_with_specified_label_paramcd_event_desc_var_arm_var_buckets_strata_var_time_points_pval_method_coxph_ties_coxph_conf_level_coxph_conf_level_survfit_conf_type_survfit_probs_survfit_compare_arms_combine_comp_arms."/>
    <testcase time="0.0520000000001346" classname="shinytest2_tm_t_tte" name="e2e_tm_t_tte_Starts_with_specified_label_paramcd_event_desc_var_arm_var_buckets_strata_var_time_points_pval_method_coxph_ties_coxph_conf_level_coxph_conf_level_survfit_conf_type_survfit_probs_survfit_compare_arms_combine_comp_arms."/>
    <testcase time="0.0639999999998508" classname="shinytest2_tm_t_tte" name="e2e_tm_t_tte_Starts_with_specified_label_paramcd_event_desc_var_arm_var_buckets_strata_var_time_points_pval_method_coxph_ties_coxph_conf_level_coxph_conf_level_survfit_conf_type_survfit_probs_survfit_compare_arms_combine_comp_arms."/>
    <testcase time="0.0520000000001346" classname="shinytest2_tm_t_tte" name="e2e_tm_t_tte_Starts_with_specified_label_paramcd_event_desc_var_arm_var_buckets_strata_var_time_points_pval_method_coxph_ties_coxph_conf_level_coxph_conf_level_survfit_conf_type_survfit_probs_survfit_compare_arms_combine_comp_arms."/>
    <testcase time="0.0519999999996799" classname="shinytest2_tm_t_tte" name="e2e_tm_t_tte_Starts_with_specified_label_paramcd_event_desc_var_arm_var_buckets_strata_var_time_points_pval_method_coxph_ties_coxph_conf_level_coxph_conf_level_survfit_conf_type_survfit_probs_survfit_compare_arms_combine_comp_arms."/>
    <testcase time="0.0520000000001346" classname="shinytest2_tm_t_tte" name="e2e_tm_t_tte_Starts_with_specified_label_paramcd_event_desc_var_arm_var_buckets_strata_var_time_points_pval_method_coxph_ties_coxph_conf_level_coxph_conf_level_survfit_conf_type_survfit_probs_survfit_compare_arms_combine_comp_arms."/>
    <testcase time="0.0520000000001346" classname="shinytest2_tm_t_tte" name="e2e_tm_t_tte_Starts_with_specified_label_paramcd_event_desc_var_arm_var_buckets_strata_var_time_points_pval_method_coxph_ties_coxph_conf_level_coxph_conf_level_survfit_conf_type_survfit_probs_survfit_compare_arms_combine_comp_arms."/>
    <testcase time="0.0520000000001346" classname="shinytest2_tm_t_tte" name="e2e_tm_t_tte_Starts_with_specified_label_paramcd_event_desc_var_arm_var_buckets_strata_var_time_points_pval_method_coxph_ties_coxph_conf_level_coxph_conf_level_survfit_conf_type_survfit_probs_survfit_compare_arms_combine_comp_arms."/>
    <testcase time="0.0519999999996799" classname="shinytest2_tm_t_tte" name="e2e_tm_t_tte_Starts_with_specified_label_paramcd_event_desc_var_arm_var_buckets_strata_var_time_points_pval_method_coxph_ties_coxph_conf_level_coxph_conf_level_survfit_conf_type_survfit_probs_survfit_compare_arms_combine_comp_arms."/>
    <testcase time="0.0520000000001346" classname="shinytest2_tm_t_tte" name="e2e_tm_t_tte_Starts_with_specified_label_paramcd_event_desc_var_arm_var_buckets_strata_var_time_points_pval_method_coxph_ties_coxph_conf_level_coxph_conf_level_survfit_conf_type_survfit_probs_survfit_compare_arms_combine_comp_arms."/>
    <testcase time="0.0520000000001346" classname="shinytest2_tm_t_tte" name="e2e_tm_t_tte_Starts_with_specified_label_paramcd_event_desc_var_arm_var_buckets_strata_var_time_points_pval_method_coxph_ties_coxph_conf_level_coxph_conf_level_survfit_conf_type_survfit_probs_survfit_compare_arms_combine_comp_arms."/>
    <testcase time="0.0519999999996799" classname="shinytest2_tm_t_tte" name="e2e_tm_t_tte_Starts_with_specified_label_paramcd_event_desc_var_arm_var_buckets_strata_var_time_points_pval_method_coxph_ties_coxph_conf_level_coxph_conf_level_survfit_conf_type_survfit_probs_survfit_compare_arms_combine_comp_arms."/>
    <testcase time="8.86599999999999" classname="shinytest2_tm_t_tte" name="e2e_tm_t_tte_Selecting_paramcd_changes_the_table_and_does_not_throw_validation_errors."/>
    <testcase time="0.00500000000010914" classname="shinytest2_tm_t_tte" name="e2e_tm_t_tte_Selecting_paramcd_changes_the_table_and_does_not_throw_validation_errors."/>
    <testcase time="7.68600000000015" classname="shinytest2_tm_t_tte" name="e2e_tm_t_tte_Deselection_of_paramcd_throws_validation_error."/>
    <testcase time="0.00599999999985812" classname="shinytest2_tm_t_tte" name="e2e_tm_t_tte_Deselection_of_paramcd_throws_validation_error."/>
    <testcase time="0.00500000000010914" classname="shinytest2_tm_t_tte" name="e2e_tm_t_tte_Deselection_of_paramcd_throws_validation_error."/>
    <testcase time="8.76800000000003" classname="shinytest2_tm_t_tte" name="e2e_tm_t_tte_Selecting_arm_var_changes_the_table_and_does_not_throw_validation_errors."/>
    <testcase time="0.00599999999985812" classname="shinytest2_tm_t_tte" name="e2e_tm_t_tte_Selecting_arm_var_changes_the_table_and_does_not_throw_validation_errors."/>
    <testcase time="7.62900000000036" classname="shinytest2_tm_t_tte" name="e2e_tm_t_tte_Deselection_of_arm_var_throws_validation_error."/>
    <testcase time="0.00599999999940337" classname="shinytest2_tm_t_tte" name="e2e_tm_t_tte_Deselection_of_arm_var_throws_validation_error."/>
    <testcase time="0.00500000000010914" classname="shinytest2_tm_t_tte" name="e2e_tm_t_tte_Deselection_of_arm_var_throws_validation_error."/>
    <testcase time="8.54700000000048" classname="shinytest2_tm_t_tte" name="e2e_tm_t_tte_Selecting_strata_var_changes_the_table_and_does_not_throw_validation_errors."/>
    <testcase time="0.00599999999940337" classname="shinytest2_tm_t_tte" name="e2e_tm_t_tte_Selecting_strata_var_changes_the_table_and_does_not_throw_validation_errors."/>
    <testcase time="8.66000000000076" classname="shinytest2_tm_t_tte" name="e2e_tm_t_tte_Deselection_of_strata_var_changes_the_table_and_throw_validation_errors."/>
    <testcase time="0.00599999999940337" classname="shinytest2_tm_t_tte" name="e2e_tm_t_tte_Deselection_of_strata_var_changes_the_table_and_throw_validation_errors."/>
  </testsuite>
  <testsuite name="string_ops" timestamp="2024-11-24T00:36:38Z" hostname="ab3f7aea7c81" tests="1" skipped="0" failures="0" errors="0" time="0.093">
    <testcase time="0.0929999999998472" classname="string_ops" name="_as_num_as_a_wide_interpretation_of_input_to_extract_numerics."/>
  </testsuite>
  <testsuite name="substitute_names" timestamp="2024-11-24T00:36:38Z" hostname="ab3f7aea7c81" tests="9" skipped="0" failures="0" errors="0" time="0.056">
    <testcase time="0.00800000000072032" classname="substitute_names" name="substitute_q_works_as_expected"/>
    <testcase time="0.00799999999981083" classname="substitute_names" name="substitute_q_fails_on_unquoted_call"/>
    <testcase time="0.00599999999940337" classname="substitute_names" name="h_subst_lhs_names_works_as_expected"/>
    <testcase time="0.00600000000031287" classname="substitute_names" name="substitute_lhs_names_works_as_expected_with_nested_expressions"/>
    <testcase time="0.00500000000010914" classname="substitute_names" name="substitute_lhs_names_does_not_lead_to_infinite_recursion"/>
    <testcase time="0.00600000000031287" classname="substitute_names" name="substitute_rhs_works_as_expected"/>
    <testcase time="0.00599999999940337" classname="substitute_names" name="substitute_names_works_as_expected"/>
    <testcase time="0.00600000000031287" classname="substitute_names" name="substitute_names_can_also_substitute_other_expressions_if_requested"/>
    <testcase time="0.00500000000010914" classname="substitute_names" name="substitute_names_works_as_expected_with_nested_expressions"/>
  </testsuite>
  <testsuite name="tm_a_gee" timestamp="2024-11-24T00:36:38Z" hostname="ab3f7aea7c81" tests="8" skipped="4" failures="0" errors="0" time="0.098">
    <testcase time="0.0100000000002183" classname="tm_a_gee" name="template_a_gee_t_gee_cov_table_works_as_expected_with_default_input"/>
    <testcase time="0.032999999999447" classname="tm_a_gee" name="template_a_gee_t_gee_cov_table_works_as_expected_with_default_input">
      <skipped message="Reason: On CRAN ('test-tm_a_gee.R:13:3')"/>
    </testcase>
    <testcase time="0.0140000000001237" classname="tm_a_gee" name="template_a_gee_t_gee_coef_table_works_as_expected_with_default_input"/>
    <testcase time="0.00500000000010914" classname="tm_a_gee" name="template_a_gee_t_gee_coef_table_works_as_expected_with_default_input">
      <skipped message="Reason: On CRAN ('test-tm_a_gee.R:28:3')"/>
    </testcase>
    <testcase time="0.01299999999992" classname="tm_a_gee" name="template_a_gee_works_as_expected_with_non_default_reference_arm"/>
    <testcase time="0.00500000000010914" classname="tm_a_gee" name="template_a_gee_works_as_expected_with_non_default_reference_arm">
      <skipped message="Reason: On CRAN ('test-tm_a_gee.R:44:3')"/>
    </testcase>
    <testcase time="0.01299999999992" classname="tm_a_gee" name="template_a_gee_works_as_expected_when_arm_is_not_considered_in_the_model"/>
    <testcase time="0.00500000000010914" classname="tm_a_gee" name="template_a_gee_works_as_expected_when_arm_is_not_considered_in_the_model">
      <skipped message="Reason: On CRAN ('test-tm_a_gee.R:60:3')"/>
    </testcase>
  </testsuite>
  <testsuite name="tm_a_mmrm" timestamp="2024-11-24T00:36:38Z" hostname="ab3f7aea7c81" tests="10" skipped="5" failures="0" errors="0" time="0.102">
    <testcase time="0.0180000000000291" classname="tm_a_mmrm" name="template_fit_mmrm_works_as_expected_when_not_combining_comparison_arms"/>
    <testcase time="0.00500000000010914" classname="tm_a_mmrm" name="template_fit_mmrm_works_as_expected_when_not_combining_comparison_arms">
      <skipped message="Reason: On CRAN ('test-tm_a_mmrm.R:16:3')"/>
    </testcase>
    <testcase time="0.0149999999994179" classname="tm_a_mmrm" name="template_fit_mmrm_works_as_expected_when_combining_combination_arms"/>
    <testcase time="0.011000000000422" classname="tm_a_mmrm" name="template_fit_mmrm_works_as_expected_when_combining_combination_arms">
      <skipped message="Reason: On CRAN ('test-tm_a_mmrm.R:35:3')"/>
    </testcase>
    <testcase time="0.01299999999992" classname="tm_a_mmrm" name="template_mmrm_tables_works_as_expected"/>
    <testcase time="0.00500000000010914" classname="tm_a_mmrm" name="template_mmrm_tables_works_as_expected">
      <skipped message="Reason: On CRAN ('test-tm_a_mmrm.R:51:3')"/>
    </testcase>
    <testcase time="0.0119999999997162" classname="tm_a_mmrm" name="template_mmrm_tables_works_as_expected_when_arm_is_not_considered_in_the_model"/>
    <testcase time="0.00500000000010914" classname="tm_a_mmrm" name="template_mmrm_tables_works_as_expected_when_arm_is_not_considered_in_the_model">
      <skipped message="Reason: On CRAN ('test-tm_a_mmrm.R:67:3')"/>
    </testcase>
    <testcase time="0.01299999999992" classname="tm_a_mmrm" name="template_mmrm_plots_works_as_expected"/>
    <testcase time="0.00500000000010914" classname="tm_a_mmrm" name="template_mmrm_plots_works_as_expected">
      <skipped message="Reason: On CRAN ('test-tm_a_mmrm.R:85:3')"/>
    </testcase>
  </testsuite>
  <testsuite name="tm_g_ci" timestamp="2024-11-24T00:36:38Z" hostname="ab3f7aea7c81" tests="8" skipped="4" failures="0" errors="0" time="0.074">
    <testcase time="0.0159999999996217" classname="tm_g_ci" name="1._and_2._Mean_and_95_CIs_for_mean"/>
    <testcase time="0.00500000000010914" classname="tm_g_ci" name="1._and_2._Mean_and_95_CIs_for_mean">
      <skipped message="Reason: On CRAN ('test-tm_g_ci.R:12:3')"/>
    </testcase>
    <testcase time="0.01299999999992" classname="tm_g_ci" name="3._Confidence_Interval_Plot_using_different_stratification_variable_"/>
    <testcase time="0.00400000000081491" classname="tm_g_ci" name="3._Confidence_Interval_Plot_using_different_stratification_variable_">
      <skipped message="Reason: On CRAN ('test-tm_g_ci.R:27:3')"/>
    </testcase>
    <testcase time="0.01299999999992" classname="tm_g_ci" name="4._Median_and_95_CIs_for_median"/>
    <testcase time="0.00499999999919964" classname="tm_g_ci" name="4._Median_and_95_CIs_for_median">
      <skipped message="Reason: On CRAN ('test-tm_g_ci.R:42:3')"/>
    </testcase>
    <testcase time="0.0130000000008295" classname="tm_g_ci" name="5._Using_different_alpha_level"/>
    <testcase time="0.00499999999919964" classname="tm_g_ci" name="5._Using_different_alpha_level">
      <skipped message="Reason: On CRAN ('test-tm_g_ci.R:58:3')"/>
    </testcase>
  </testsuite>
  <testsuite name="tm_g_forest_rsp" timestamp="2024-11-24T00:36:38Z" hostname="ab3f7aea7c81" tests="4" skipped="2" failures="0" errors="0" time="0.044">
    <testcase time="0.0180000000000291" classname="tm_g_forest_rsp" name="template_forest_rsp_generates_correct_expressions"/>
    <testcase time="0.00500000000010914" classname="tm_g_forest_rsp" name="template_forest_rsp_generates_correct_expressions">
      <skipped message="Reason: On CRAN ('test-tm_g_forest_rsp.R:16:3')"/>
    </testcase>
    <testcase time="0.0160000000005311" classname="tm_g_forest_rsp" name="template_forest_rsp_works_with_risk_difference_column_added"/>
    <testcase time="0.00500000000010914" classname="tm_g_forest_rsp" name="template_forest_rsp_works_with_risk_difference_column_added">
      <skipped message="Reason: On CRAN ('test-tm_g_forest_rsp.R:36:3')"/>
    </testcase>
  </testsuite>
  <testsuite name="tm_g_forest_tte" timestamp="2024-11-24T00:36:39Z" hostname="ab3f7aea7c81" tests="4" skipped="2" failures="0" errors="0" time="0.045">
    <testcase time="0.0189999999993233" classname="tm_g_forest_tte" name="template_forest_tte_generates_correct_expressions"/>
    <testcase time="0.00500000000010914" classname="tm_g_forest_tte" name="template_forest_tte_generates_correct_expressions">
      <skipped message="Reason: On CRAN ('test-tm_g_forest_tte.R:14:3')"/>
    </testcase>
    <testcase time="0.0160000000005311" classname="tm_g_forest_tte" name="template_forest_tte_works_with_risk_difference_column_added"/>
    <testcase time="0.00500000000010914" classname="tm_g_forest_tte" name="template_forest_tte_works_with_risk_difference_column_added">
      <skipped message="Reason: On CRAN ('test-tm_g_forest_tte.R:32:3')"/>
    </testcase>
  </testsuite>
  <testsuite name="tm_g_ipp" timestamp="2024-11-24T00:36:39Z" hostname="ab3f7aea7c81" tests="4" skipped="2" failures="0" errors="0" time="0.045">
    <testcase time="0.0229999999992287" classname="tm_g_ipp" name="template_g_ipp_works_as_expected_with_default_arguments"/>
    <testcase time="0.00399999999990541" classname="tm_g_ipp" name="template_g_ipp_works_as_expected_with_default_arguments">
      <skipped message="Reason: On CRAN ('test-tm_g_ipp.R:8:3')"/>
    </testcase>
    <testcase time="0.0130000000008295" classname="tm_g_ipp" name="template_g_ipp_works_as_expected_with_non_default_arguments"/>
    <testcase time="0.00499999999919964" classname="tm_g_ipp" name="template_g_ipp_works_as_expected_with_non_default_arguments">
      <skipped message="Reason: On CRAN ('test-tm_g_ipp.R:30:3')"/>
    </testcase>
  </testsuite>
  <testsuite name="tm_g_km" timestamp="2024-11-24T00:36:39Z" hostname="ab3f7aea7c81" tests="6" skipped="3" failures="0" errors="0" time="0.065">
    <testcase time="0.0170000000007349" classname="tm_g_km" name="template_g_km_works_as_expected_with_default_arguments"/>
    <testcase time="0.00499999999919964" classname="tm_g_km" name="template_g_km_works_as_expected_with_default_arguments">
      <skipped message="Reason: On CRAN ('test-tm_g_km.R:5:3')"/>
    </testcase>
    <testcase time="0.0180000000000291" classname="tm_g_km" name="template_g_km_gives_correct_data_expression_when_we_want_to_compare_versus_reference_arms"/>
    <testcase time="0.00500000000010914" classname="tm_g_km" name="template_g_km_gives_correct_data_expression_when_we_want_to_compare_versus_reference_arms">
      <skipped message="Reason: On CRAN ('test-tm_g_km.R:16:3')"/>
    </testcase>
    <testcase time="0.0150000000003274" classname="tm_g_km" name="template_g_km_gives_correct_data_expression_when_we_want_to_combine_comparison_arms"/>
    <testcase time="0.00500000000010914" classname="tm_g_km" name="template_g_km_gives_correct_data_expression_when_we_want_to_combine_comparison_arms">
      <skipped message="Reason: On CRAN ('test-tm_g_km.R:28:3')"/>
    </testcase>
  </testsuite>
  <testsuite name="tm_g_lineplot" timestamp="2024-11-24T00:36:39Z" hostname="ab3f7aea7c81" tests="4" skipped="2" failures="0" errors="0" time="0.04">
    <testcase time="0.0169999999998254" classname="tm_g_lineplot" name="template_g_lineplot_works_as_expected_with_default_arguments"/>
    <testcase time="0.00500000000010914" classname="tm_g_lineplot" name="template_g_lineplot_works_as_expected_with_default_arguments">
      <skipped message="Reason: On CRAN ('test-tm_g_lineplot.R:5:3')"/>
    </testcase>
    <testcase time="0.0140000000001237" classname="tm_g_lineplot" name="template_g_lineplot_gives_correct_data_expression_with_custom_arguments"/>
    <testcase time="0.00399999999990541" classname="tm_g_lineplot" name="template_g_lineplot_gives_correct_data_expression_with_custom_arguments">
      <skipped message="Reason: On CRAN ('test-tm_g_lineplot.R:23:3')"/>
    </testcase>
  </testsuite>
  <testsuite name="tm_t_abnormality" timestamp="2024-11-24T00:36:39Z" hostname="ab3f7aea7c81" tests="6" skipped="3" failures="0" errors="0" time="0.066">
    <testcase time="0.0190000000002328" classname="tm_t_abnormality" name="template_abnormality_generates_correct_expressions_with_default_arguments"/>
    <testcase time="0.00599999999940337" classname="tm_t_abnormality" name="template_abnormality_generates_correct_expressions_with_default_arguments">
      <skipped message="Reason: On CRAN ('test-tm_t_abnormality.R:17:3')"/>
    </testcase>
    <testcase time="0.0160000000005311" classname="tm_t_abnormality" name="template_abnormality_generates_correct_expressions_with_custom_arguments"/>
    <testcase time="0.00500000000010914" classname="tm_t_abnormality" name="template_abnormality_generates_correct_expressions_with_custom_arguments">
      <skipped message="Reason: On CRAN ('test-tm_t_abnormality.R:39:3')"/>
    </testcase>
    <testcase time="0.0149999999994179" classname="tm_t_abnormality" name="template_abnormality_generates_correct_expressions_with_customized_na_level"/>
    <testcase time="0.00500000000010914" classname="tm_t_abnormality" name="template_abnormality_generates_correct_expressions_with_customized_na_level">
      <skipped message="Reason: On CRAN ('test-tm_t_abnormality.R:59:3')"/>
    </testcase>
  </testsuite>
  <testsuite name="tm_t_abnormality_by_worst_grade" timestamp="2024-11-24T00:36:39Z" hostname="ab3f7aea7c81" tests="5" skipped="2" failures="0" errors="0" time="0.075">
    <testcase time="0.0190000000002328" classname="tm_t_abnormality_by_worst_grade" name="template_abnormality_by_worst_grade_generates_correct_expressions_with_default_arguments"/>
    <testcase time="0.00600000000031287" classname="tm_t_abnormality_by_worst_grade" name="template_abnormality_by_worst_grade_generates_correct_expressions_with_default_arguments">
      <skipped message="Reason: On CRAN ('test-tm_t_abnormality_by_worst_grade.R:17:3')"/>
    </testcase>
    <testcase time="0.0149999999994179" classname="tm_t_abnormality_by_worst_grade" name="template_abnormality_by_worst_grade_generates_correct_expressions_with_custom_arguments"/>
    <testcase time="0.0119999999997162" classname="tm_t_abnormality_by_worst_grade" name="template_abnormality_by_worst_grade_generates_correct_expressions_with_custom_arguments">
      <skipped message="Reason: On CRAN ('test-tm_t_abnormality_by_worst_grade.R:36:3')"/>
    </testcase>
    <testcase time="0.0230000000001382" classname="tm_t_abnormality_by_worst_grade" name="template_abnormality_by_worst_grade_throws_an_error_when_ATOXGR_contains_NA_values"/>
  </testsuite>
  <testsuite name="tm_t_ancova" timestamp="2024-11-24T00:36:39Z" hostname="ab3f7aea7c81" tests="14" skipped="7" failures="0" errors="0" time="0.135">
    <testcase time="0.0120000000006257" classname="tm_t_ancova" name="template_ancova_generates_expressions_with_multiple_endpoints"/>
    <testcase time="0.00500000000010914" classname="tm_t_ancova" name="template_ancova_generates_expressions_with_multiple_endpoints">
      <skipped message="Reason: On CRAN ('test-tm_t_ancova.R:20:3')"/>
    </testcase>
    <testcase time="0.0149999999994179" classname="tm_t_ancova" name="template_ancova_generates_expressions_with_multiple_endpoints_with_combined_comparison_arms"/>
    <testcase time="0.00500000000010914" classname="tm_t_ancova" name="template_ancova_generates_expressions_with_multiple_endpoints_with_combined_comparison_arms">
      <skipped message="Reason: On CRAN ('test-tm_t_ancova.R:42:3')"/>
    </testcase>
    <testcase time="0.0150000000003274" classname="tm_t_ancova" name="template_ancova_generates_expressions_with_multiple_endpoints_with_combined_reference_arms"/>
    <testcase time="0.00500000000010914" classname="tm_t_ancova" name="template_ancova_generates_expressions_with_multiple_endpoints_with_combined_reference_arms">
      <skipped message="Reason: On CRAN ('test-tm_t_ancova.R:64:3')"/>
    </testcase>
    <testcase time="0.0139999999992142" classname="tm_t_ancova" name="template_ancova_generates_expressions_with_single_endpoint"/>
    <testcase time="0.00500000000010914" classname="tm_t_ancova" name="template_ancova_generates_expressions_with_single_endpoint">
      <skipped message="Reason: On CRAN ('test-tm_t_ancova.R:86:3')"/>
    </testcase>
    <testcase time="0.0150000000003274" classname="tm_t_ancova" name="template_ancova_generates_expressions_with_multiple_endpoints"/>
    <testcase time="0.00500000000010914" classname="tm_t_ancova" name="template_ancova_generates_expressions_with_multiple_endpoints">
      <skipped message="Reason: On CRAN ('test-tm_t_ancova.R:111:3')"/>
    </testcase>
    <testcase time="0.0140000000001237" classname="tm_t_ancova" name="template_ancova_generates_expressions_with_discrete_interaction_variable"/>
    <testcase time="0.00500000000010914" classname="tm_t_ancova" name="template_ancova_generates_expressions_with_discrete_interaction_variable">
      <skipped message="Reason: On CRAN ('test-tm_t_ancova.R:136:3')"/>
    </testcase>
    <testcase time="0.0149999999994179" classname="tm_t_ancova" name="template_ancova_generates_expressions_with_continuous_interaction_variable"/>
    <testcase time="0.00500000000010914" classname="tm_t_ancova" name="template_ancova_generates_expressions_with_continuous_interaction_variable">
      <skipped message="Reason: On CRAN ('test-tm_t_ancova.R:160:3')"/>
    </testcase>
  </testsuite>
  <testsuite name="tm_t_binary_outcome" timestamp="2024-11-24T00:36:39Z" hostname="ab3f7aea7c81" tests="16" skipped="8" failures="0" errors="0" time="0.173">
    <testcase time="0.0190000000002328" classname="tm_t_binary_outcome" name="template_binary_outcome_generates_standard_expressions"/>
    <testcase time="0.00500000000010914" classname="tm_t_binary_outcome" name="template_binary_outcome_generates_standard_expressions">
      <skipped message="Reason: On CRAN ('test-tm_t_binary_outcome.R:16:3')"/>
    </testcase>
    <testcase time="0.0149999999994179" classname="tm_t_binary_outcome" name="template_binary_outcome_generates_right_expressions_with_non_default"/>
    <testcase time="0.00500000000010914" classname="tm_t_binary_outcome" name="template_binary_outcome_generates_right_expressions_with_non_default">
      <skipped message="Reason: On CRAN ('test-tm_t_binary_outcome.R:35:3')"/>
    </testcase>
    <testcase time="0.0140000000001237" classname="tm_t_binary_outcome" name="template_binary_outcome_generates_expression_without_arm_comparison"/>
    <testcase time="0.00500000000010914" classname="tm_t_binary_outcome" name="template_binary_outcome_generates_expression_without_arm_comparison">
      <skipped message="Reason: On CRAN ('test-tm_t_binary_outcome.R:52:3')"/>
    </testcase>
    <testcase time="0.0289999999995416" classname="tm_t_binary_outcome" name="template_binary_outcome_generates_expression_with_non_default_controls_and_strata."/>
    <testcase time="0.00500000000010914" classname="tm_t_binary_outcome" name="template_binary_outcome_generates_expression_with_non_default_controls_and_strata.">
      <skipped message="Reason: On CRAN ('test-tm_t_binary_outcome.R:76:3')"/>
    </testcase>
    <testcase time="0.0150000000003274" classname="tm_t_binary_outcome" name="template_binary_outcome_can_combine_comparison_arms"/>
    <testcase time="0.00500000000010914" classname="tm_t_binary_outcome" name="template_binary_outcome_can_combine_comparison_arms">
      <skipped message="Reason: On CRAN ('test-tm_t_binary_outcome.R:94:3')"/>
    </testcase>
    <testcase time="0.0140000000001237" classname="tm_t_binary_outcome" name="template_binary_outcome_can_combine_comparison_arms_when_compare_arms_is_FALSE"/>
    <testcase time="0.00500000000010914" classname="tm_t_binary_outcome" name="template_binary_outcome_can_combine_comparison_arms_when_compare_arms_is_FALSE">
      <skipped message="Reason: On CRAN ('test-tm_t_binary_outcome.R:112:3')"/>
    </testcase>
    <testcase time="0.0119999999997162" classname="tm_t_binary_outcome" name="split_col_expr_prepare_the_right_four_possible_expressions"/>
    <testcase time="0.00399999999990541" classname="tm_t_binary_outcome" name="split_col_expr_prepare_the_right_four_possible_expressions">
      <skipped message="Reason: On CRAN ('test-tm_t_binary_outcome.R:124:3')"/>
    </testcase>
    <testcase time="0.0159999999996217" classname="tm_t_binary_outcome" name="template_binary_outcome_can_combine_refs"/>
    <testcase time="0.00500000000010914" classname="tm_t_binary_outcome" name="template_binary_outcome_can_combine_refs">
      <skipped message="Reason: On CRAN ('test-tm_t_binary_outcome.R:141:3')"/>
    </testcase>
  </testsuite>
  <testsuite name="tm_t_coxreg" timestamp="2024-11-24T00:36:39Z" hostname="ab3f7aea7c81" tests="6" skipped="3" failures="0" errors="0" time="0.061">
    <testcase time="0.0170000000007349" classname="tm_t_coxreg" name="template_coxreg_generates_correct_univariate_cox_regression_expressions"/>
    <testcase time="0.00499999999919964" classname="tm_t_coxreg" name="template_coxreg_generates_correct_univariate_cox_regression_expressions">
      <skipped message="Reason: On CRAN ('test-tm_t_coxreg.R:21:3')"/>
    </testcase>
    <testcase time="0.0140000000001237" classname="tm_t_coxreg" name="template_coxreg_generates_correct_univariate_cox_regression_expressions_with_interactions"/>
    <testcase time="0.00500000000010914" classname="tm_t_coxreg" name="template_coxreg_generates_correct_univariate_cox_regression_expressions_with_interactions">
      <skipped message="Reason: On CRAN ('test-tm_t_coxreg.R:45:3')"/>
    </testcase>
    <testcase time="0.0150000000003274" classname="tm_t_coxreg" name="template_coxreg_generates_correct_multivariate_cox_regression_expressions"/>
    <testcase time="0.00500000000010914" classname="tm_t_coxreg" name="template_coxreg_generates_correct_multivariate_cox_regression_expressions">
      <skipped message="Reason: On CRAN ('test-tm_t_coxreg.R:63:3')"/>
    </testcase>
  </testsuite>
  <testsuite name="tm_t_events" timestamp="2024-11-24T00:36:39Z" hostname="ab3f7aea7c81" tests="12" skipped="6" failures="0" errors="0" time="0.137">
    <testcase time="0.0189999999993233" classname="tm_t_events" name="template_events_generates_correct_expressions"/>
    <testcase time="0.00500000000010914" classname="tm_t_events" name="template_events_generates_correct_expressions">
      <skipped message="Reason: On CRAN ('test-tm_t_events.R:15:3')"/>
    </testcase>
    <testcase time="0.0169999999998254" classname="tm_t_events" name="template_events_generates_correct_expressions_for_nested_columns"/>
    <testcase time="0.00500000000010914" classname="tm_t_events" name="template_events_generates_correct_expressions_for_nested_columns">
      <skipped message="Reason: On CRAN ('test-tm_t_events.R:32:3')"/>
    </testcase>
    <testcase time="0.0150000000003274" classname="tm_t_events" name="template_events_can_generate_customized_table"/>
    <testcase time="0.00500000000010914" classname="tm_t_events" name="template_events_can_generate_customized_table">
      <skipped message="Reason: On CRAN ('test-tm_t_events.R:50:3')"/>
    </testcase>
    <testcase time="0.0219999999999345" classname="tm_t_events" name="template_events_can_generate_customized_table_with_alphabetical_sorting"/>
    <testcase time="0.00500000000010914" classname="tm_t_events" name="template_events_can_generate_customized_table_with_alphabetical_sorting">
      <skipped message="Reason: On CRAN ('test-tm_t_events.R:69:3')"/>
    </testcase>
    <testcase time="0.0159999999996217" classname="tm_t_events" name="template_events_can_generate_customized_table_with_pruning"/>
    <testcase time="0.00600000000031287" classname="tm_t_events" name="template_events_can_generate_customized_table_with_pruning">
      <skipped message="Reason: On CRAN ('test-tm_t_events.R:89:3')"/>
    </testcase>
    <testcase time="0.0159999999996217" classname="tm_t_events" name="template_events_can_generate_customized_table_with_pruning_for_nested_column"/>
    <testcase time="0.00600000000031287" classname="tm_t_events" name="template_events_can_generate_customized_table_with_pruning_for_nested_column">
      <skipped message="Reason: On CRAN ('test-tm_t_events.R:109:3')"/>
    </testcase>
  </testsuite>
  <testsuite name="tm_t_events_by_grade" timestamp="2024-11-24T00:36:39Z" hostname="ab3f7aea7c81" tests="16" skipped="8" failures="0" errors="0" time="0.171">
    <testcase time="0.0199999999995271" classname="tm_t_events_by_grade" name="template_events_by_grade_generates_standard_expressions"/>
    <testcase time="0.00500000000010914" classname="tm_t_events_by_grade" name="template_events_by_grade_generates_standard_expressions">
      <skipped message="Reason: On CRAN ('test-tm_t_events_by_grade.R:17:3')"/>
    </testcase>
    <testcase time="0.0150000000003274" classname="tm_t_events_by_grade" name="template_events_by_grade_generates_standard_expressions_with_pruning_conditions"/>
    <testcase time="0.00600000000031287" classname="tm_t_events_by_grade" name="template_events_by_grade_generates_standard_expressions_with_pruning_conditions">
      <skipped message="Reason: On CRAN ('test-tm_t_events_by_grade.R:38:3')"/>
    </testcase>
    <testcase time="0.0140000000001237" classname="tm_t_events_by_grade" name="template_events_by_grade_without_adding_total_column_option_works_as_expected"/>
    <testcase time="0.00499999999919964" classname="tm_t_events_by_grade" name="template_events_by_grade_without_adding_total_column_option_works_as_expected">
      <skipped message="Reason: On CRAN ('test-tm_t_events_by_grade.R:57:3')"/>
    </testcase>
    <testcase time="0.0150000000003274" classname="tm_t_events_by_grade" name="template_events_by_grade_with_hlt_only_works"/>
    <testcase time="0.00500000000010914" classname="tm_t_events_by_grade" name="template_events_by_grade_with_hlt_only_works">
      <skipped message="Reason: On CRAN ('test-tm_t_events_by_grade.R:76:3')"/>
    </testcase>
    <testcase time="0.0169999999998254" classname="tm_t_events_by_grade" name="template_events_col_by_grade_generates_standard_expressions"/>
    <testcase time="0.00600000000031287" classname="tm_t_events_by_grade" name="template_events_col_by_grade_generates_standard_expressions">
      <skipped message="Reason: On CRAN ('test-tm_t_events_by_grade.R:95:3')"/>
    </testcase>
    <testcase time="0.0159999999996217" classname="tm_t_events_by_grade" name="template_events_col_by_grade_works_with_custom_values"/>
    <testcase time="0.00500000000010914" classname="tm_t_events_by_grade" name="template_events_col_by_grade_works_with_custom_values">
      <skipped message="Reason: On CRAN ('test-tm_t_events_by_grade.R:114:3')"/>
    </testcase>
    <testcase time="0.0159999999996217" classname="tm_t_events_by_grade" name="template_events_col_by_grade_without_adding_total_column_option_works_as_expected"/>
    <testcase time="0.00500000000010914" classname="tm_t_events_by_grade" name="template_events_col_by_grade_without_adding_total_column_option_works_as_expected">
      <skipped message="Reason: On CRAN ('test-tm_t_events_by_grade.R:133:3')"/>
    </testcase>
    <testcase time="0.0160000000005311" classname="tm_t_events_by_grade" name="template_events_col_by_grade_without_dropping_arm_levels_option_works_as_expected"/>
    <testcase time="0.00500000000010914" classname="tm_t_events_by_grade" name="template_events_col_by_grade_without_dropping_arm_levels_option_works_as_expected">
      <skipped message="Reason: On CRAN ('test-tm_t_events_by_grade.R:152:3')"/>
    </testcase>
  </testsuite>
  <testsuite name="tm_t_events_patyear" timestamp="2024-11-24T00:36:40Z" hostname="ab3f7aea7c81" tests="6" skipped="3" failures="0" errors="0" time="0.069">
    <testcase time="0.0249999999996362" classname="tm_t_events_patyear" name="template_events_patyear_generates_standard_expressions"/>
    <testcase time="0.00500000000010914" classname="tm_t_events_patyear" name="template_events_patyear_generates_standard_expressions">
      <skipped message="Reason: On CRAN ('test-tm_t_events_patyear.R:15:3')"/>
    </testcase>
    <testcase time="0.0140000000001237" classname="tm_t_events_patyear" name="template_events_patyear_generates_right_expressions_with_non_default"/>
    <testcase time="0.00500000000010914" classname="tm_t_events_patyear" name="template_events_patyear_generates_right_expressions_with_non_default">
      <skipped message="Reason: On CRAN ('test-tm_t_events_patyear.R:32:3')"/>
    </testcase>
    <testcase time="0.0149999999994179" classname="tm_t_events_patyear" name="template_events_patyear_generates_right_expressions_with_non_default_controls"/>
    <testcase time="0.00500000000010914" classname="tm_t_events_patyear" name="template_events_patyear_generates_right_expressions_with_non_default_controls">
      <skipped message="Reason: On CRAN ('test-tm_t_events_patyear.R:54:3')"/>
    </testcase>
  </testsuite>
  <testsuite name="tm_t_events_summary" timestamp="2024-11-24T00:36:40Z" hostname="ab3f7aea7c81" tests="4" skipped="2" failures="0" errors="0" time="0.046">
    <testcase time="0.0190000000002328" classname="tm_t_events_summary" name="template_events_summary_generates_minimal_table"/>
    <testcase time="0.00600000000031287" classname="tm_t_events_summary" name="template_events_summary_generates_minimal_table">
      <skipped message="Reason: On CRAN ('test-tm_t_events_summary.R:9:3')"/>
    </testcase>
    <testcase time="0.0159999999996217" classname="tm_t_events_summary" name="template_events_summary_generates_table_with_multiple_flags"/>
    <testcase time="0.00500000000010914" classname="tm_t_events_summary" name="template_events_summary_generates_table_with_multiple_flags">
      <skipped message="Reason: On CRAN ('test-tm_t_events_summary.R:28:3')"/>
    </testcase>
  </testsuite>
  <testsuite name="tm_t_exposure" timestamp="2024-11-24T00:36:40Z" hostname="ab3f7aea7c81" tests="6" skipped="3" failures="0" errors="0" time="0.057">
    <testcase time="0.0159999999996217" classname="tm_t_exposure" name="template_exposure_generates_correct_expressions_with_default_arguments"/>
    <testcase time="0.00500000000010914" classname="tm_t_exposure" name="template_exposure_generates_correct_expressions_with_default_arguments">
      <skipped message="Reason: On CRAN ('test-tm_t_exposure.R:17:3')"/>
    </testcase>
    <testcase time="0.01299999999992" classname="tm_t_exposure" name="template_exposure_generates_correct_expressions_with_custom_arguments"/>
    <testcase time="0.00500000000010914" classname="tm_t_exposure" name="template_exposure_generates_correct_expressions_with_custom_arguments">
      <skipped message="Reason: On CRAN ('test-tm_t_exposure.R:36:3')"/>
    </testcase>
    <testcase time="0.01299999999992" classname="tm_t_exposure" name="template_exposure_generates_correct_expressions_with_paramcd_label"/>
    <testcase time="0.00500000000010914" classname="tm_t_exposure" name="template_exposure_generates_correct_expressions_with_paramcd_label">
      <skipped message="Reason: On CRAN ('test-tm_t_exposure.R:56:3')"/>
    </testcase>
  </testsuite>
  <testsuite name="tm_t_logisitic" timestamp="2024-11-24T00:36:40Z" hostname="ab3f7aea7c81" tests="6" skipped="3" failures="0" errors="0" time="0.06">
    <testcase time="0.0169999999998254" classname="tm_t_logisitic" name="template_logistic_generates_correct_expressions"/>
    <testcase time="0.00500000000010914" classname="tm_t_logisitic" name="template_logistic_generates_correct_expressions">
      <skipped message="Reason: On CRAN ('test-tm_t_logisitic.R:19:3')"/>
    </testcase>
    <testcase time="0.0140000000001237" classname="tm_t_logisitic" name="template_logistic_generates_correct_expressions_for_no_arm_variable"/>
    <testcase time="0.00500000000010914" classname="tm_t_logisitic" name="template_logistic_generates_correct_expressions_for_no_arm_variable">
      <skipped message="Reason: On CRAN ('test-tm_t_logisitic.R:38:3')"/>
    </testcase>
    <testcase time="0.0140000000001237" classname="tm_t_logisitic" name="template_logistic_generates_correct_expressions"/>
    <testcase time="0.00500000000010914" classname="tm_t_logisitic" name="template_logistic_generates_correct_expressions">
      <skipped message="Reason: On CRAN ('test-tm_t_logisitic.R:59:3')"/>
    </testcase>
  </testsuite>
  <testsuite name="tm_t_mult_events" timestamp="2024-11-24T00:36:40Z" hostname="ab3f7aea7c81" tests="12" skipped="6" failures="0" errors="0" time="0.129">
    <testcase time="0.0259999999998399" classname="tm_t_mult_events" name="template_mult_events_generates_correct_expressions_with_1_HLT_parameter"/>
    <testcase time="0.00500000000010914" classname="tm_t_mult_events" name="template_mult_events_generates_correct_expressions_with_1_HLT_parameter">
      <skipped message="Reason: On CRAN ('test-tm_t_mult_events.R:15:3')"/>
    </testcase>
    <testcase time="0.0149999999994179" classname="tm_t_mult_events" name="template_mult_events_generates_correct_expressions_with_2_HLT_parameters_and_drop_arm_levels_FALSE"/>
    <testcase time="0.00500000000010914" classname="tm_t_mult_events" name="template_mult_events_generates_correct_expressions_with_2_HLT_parameters_and_drop_arm_levels_FALSE">
      <skipped message="Reason: On CRAN ('test-tm_t_mult_events.R:34:5')"/>
    </testcase>
    <testcase time="0.0150000000003274" classname="tm_t_mult_events" name="template_mult_events_generates_correct_expressions_with_3_HLT_parameters"/>
    <testcase time="0.00500000000010914" classname="tm_t_mult_events" name="template_mult_events_generates_correct_expressions_with_3_HLT_parameters">
      <skipped message="Reason: On CRAN ('test-tm_t_mult_events.R:52:3')"/>
    </testcase>
    <testcase time="0.0149999999994179" classname="tm_t_mult_events" name="template_mult_events_generates_correct_expressions_with_4_HLT_parameters"/>
    <testcase time="0.00500000000010914" classname="tm_t_mult_events" name="template_mult_events_generates_correct_expressions_with_4_HLT_parameters">
      <skipped message="Reason: On CRAN ('test-tm_t_mult_events.R:69:3')"/>
    </testcase>
    <testcase time="0.0150000000003274" classname="tm_t_mult_events" name="template_mult_events_generates_correct_expressions_with_no_HLT_parameters"/>
    <testcase time="0.00500000000010914" classname="tm_t_mult_events" name="template_mult_events_generates_correct_expressions_with_no_HLT_parameters">
      <skipped message="Reason: On CRAN ('test-tm_t_mult_events.R:86:3')"/>
    </testcase>
    <testcase time="0.0140000000001237" classname="tm_t_mult_events" name="template_mult_events_generates_correct_expressions_with_1_HLT_parameter_and_without_All_Patients_column"/>
    <testcase time="0.00400000000081491" classname="tm_t_mult_events" name="template_mult_events_generates_correct_expressions_with_1_HLT_parameter_and_without_All_Patients_column">
      <skipped message="Reason: On CRAN ('test-tm_t_mult_events.R:105:5')"/>
    </testcase>
  </testsuite>
  <testsuite name="tm_t_pp_medical_history" timestamp="2024-11-24T00:36:40Z" hostname="ab3f7aea7c81" tests="9" skipped="1" failures="0" errors="0" time="0.042">
    <testcase time="0.0169999999998254" classname="tm_t_pp_medical_history" name="template_medical_history_outputs_a_list_with_one_named_element"/>
    <testcase time="0.00199999999949796" classname="tm_t_pp_medical_history" name="template_medical_history_outputs_a_list_with_one_named_element"/>
    <testcase time="0.00100000000020373" classname="tm_t_pp_medical_history" name="template_medical_history_outputs_a_list_with_one_named_element"/>
    <testcase time="0.00299999999970169" classname="tm_t_pp_medical_history" name="template_medical_history_outputs_a_list_with_one_named_element"/>
    <testcase time="0.00500000000010914" classname="tm_t_pp_medical_history" name="template_medical_history_s_output_has_element_table_which_is_of_class_call"/>
    <testcase time="0.00300000000061118" classname="tm_t_pp_medical_history" name="template_medical_history_s_output_has_element_table_which_is_of_class_call"/>
    <testcase time="0.00500000000010914" classname="tm_t_pp_medical_history" name="template_medical_history_non_default_parameters"/>
    <testcase time="0.00199999999949796" classname="tm_t_pp_medical_history" name="template_medical_history_non_default_parameters"/>
    <testcase time="0.00399999999990541" classname="tm_t_pp_medical_history" name="template_medical_history_non_default_parameters">
      <skipped message="Reason: On CRAN ('test-tm_t_pp_medical_history.R:17:3')"/>
    </testcase>
  </testsuite>
  <testsuite name="tm_t_shift_by_arm" timestamp="2024-11-24T00:36:40Z" hostname="ab3f7aea7c81" tests="6" skipped="3" failures="0" errors="0" time="0.057">
    <testcase time="0.0169999999998254" classname="tm_t_shift_by_arm" name="template_shift_by_arm_generates_correct_expressions_with_default_arguments"/>
    <testcase time="0.00399999999990541" classname="tm_t_shift_by_arm" name="template_shift_by_arm_generates_correct_expressions_with_default_arguments">
      <skipped message="Reason: On CRAN ('test-tm_t_shift_by_arm.R:14:3')"/>
    </testcase>
    <testcase time="0.0130000000008295" classname="tm_t_shift_by_arm" name="template_shift_by_arm_generates_correct_expressions_with_add_total_being_TRUE"/>
    <testcase time="0.00499999999919964" classname="tm_t_shift_by_arm" name="template_shift_by_arm_generates_correct_expressions_with_add_total_being_TRUE">
      <skipped message="Reason: On CRAN ('test-tm_t_shift_by_arm.R:31:3')"/>
    </testcase>
    <testcase time="0.0140000000001237" classname="tm_t_shift_by_arm" name="template_shift_by_arm_generates_correct_expressions_with_na.rm_being_TRUE"/>
    <testcase time="0.00399999999990541" classname="tm_t_shift_by_arm" name="template_shift_by_arm_generates_correct_expressions_with_na.rm_being_TRUE">
      <skipped message="Reason: On CRAN ('test-tm_t_shift_by_arm.R:48:3')"/>
    </testcase>
  </testsuite>
  <testsuite name="tm_t_shift_by_arm_by_worst" timestamp="2024-11-24T00:36:40Z" hostname="ab3f7aea7c81" tests="6" skipped="3" failures="0" errors="0" time="0.063">
    <testcase time="0.0230000000001382" classname="tm_t_shift_by_arm_by_worst" name="template_shift_by_arm_generates_correct_expressions_with_default_arguments"/>
    <testcase time="0.00500000000010914" classname="tm_t_shift_by_arm_by_worst" name="template_shift_by_arm_generates_correct_expressions_with_default_arguments">
      <skipped message="Reason: On CRAN ('test-tm_t_shift_by_arm_by_worst.R:15:3')"/>
    </testcase>
    <testcase time="0.01299999999992" classname="tm_t_shift_by_arm_by_worst" name="template_shift_by_arm_generates_correct_expressions_with_add_total_being_TRUE"/>
    <testcase time="0.00399999999990541" classname="tm_t_shift_by_arm_by_worst" name="template_shift_by_arm_generates_correct_expressions_with_add_total_being_TRUE">
      <skipped message="Reason: On CRAN ('test-tm_t_shift_by_arm_by_worst.R:33:3')"/>
    </testcase>
    <testcase time="0.01299999999992" classname="tm_t_shift_by_arm_by_worst" name="template_shift_by_arm_generates_correct_expressions_with_na.rm_being_TRUE"/>
    <testcase time="0.00500000000010914" classname="tm_t_shift_by_arm_by_worst" name="template_shift_by_arm_generates_correct_expressions_with_na.rm_being_TRUE">
      <skipped message="Reason: On CRAN ('test-tm_t_shift_by_arm_by_worst.R:51:3')"/>
    </testcase>
  </testsuite>
  <testsuite name="tm_t_shift_by_grade" timestamp="2024-11-24T00:36:40Z" hostname="ab3f7aea7c81" tests="6" skipped="2" failures="0" errors="0" time="0.125">
    <testcase time="0.0200000000004366" classname="tm_t_shift_by_grade" name="template_shift_by_grade_generates_correct_expressions_with_default_arguments"/>
    <testcase time="0.00500000000010914" classname="tm_t_shift_by_grade" name="template_shift_by_grade_generates_correct_expressions_with_default_arguments">
      <skipped message="Reason: On CRAN ('test-tm_t_shift_by_grade.R:20:3')"/>
    </testcase>
    <testcase time="0.0149999999994179" classname="tm_t_shift_by_grade" name="template_shift_by_grade_generates_correct_expressions_with_custom_arguments"/>
    <testcase time="0.00500000000010914" classname="tm_t_shift_by_grade" name="template_shift_by_grade_generates_correct_expressions_with_custom_arguments">
      <skipped message="Reason: On CRAN ('test-tm_t_shift_by_grade.R:42:3')"/>
    </testcase>
    <testcase time="0.0160000000005311" classname="tm_t_shift_by_grade" name="template_shift_by_grade_throws_an_error_when_worst_flag_var_is_not_one_of_WGRLOVFL_WGRLOFL_WGRHIVFL_WGRHIFL"/>
    <testcase time="0.0639999999993961" classname="tm_t_shift_by_grade" name="template_shift_by_grade_keeps_the_same_number_of_missing_data_Missing_after_preprocessing"/>
  </testsuite>
  <testsuite name="tm_t_smq" timestamp="2024-11-24T00:36:40Z" hostname="ab3f7aea7c81" tests="4" skipped="2" failures="0" errors="0" time="0.039">
    <testcase time="0.01299999999992" classname="tm_t_smq" name="template_smq_generates_correct_expressions_with_default_arguments"/>
    <testcase time="0.00500000000010914" classname="tm_t_smq" name="template_smq_generates_correct_expressions_with_default_arguments">
      <skipped message="Reason: On CRAN ('test-tm_t_smq.R:17:3')"/>
    </testcase>
    <testcase time="0.0150000000003274" classname="tm_t_smq" name="template_smq_generates_correct_expressions_with_custom_arguments"/>
    <testcase time="0.00600000000031287" classname="tm_t_smq" name="template_smq_generates_correct_expressions_with_custom_arguments">
      <skipped message="Reason: On CRAN ('test-tm_t_smq.R:36:3')"/>
    </testcase>
  </testsuite>
  <testsuite name="tm_t_summary" timestamp="2024-11-24T00:36:40Z" hostname="ab3f7aea7c81" tests="12" skipped="6" failures="0" errors="0" time="0.131">
    <testcase time="0.0189999999993233" classname="tm_t_summary" name="template_summary_generates_correct_expressions"/>
    <testcase time="0.00500000000010914" classname="tm_t_summary" name="template_summary_generates_correct_expressions">
      <skipped message="Reason: On CRAN ('test-tm_t_summary.R:15:3')"/>
    </testcase>
    <testcase time="0.0209999999997308" classname="tm_t_summary" name="template_summary_can_generate_customized_table"/>
    <testcase time="0.00500000000010914" classname="tm_t_summary" name="template_summary_can_generate_customized_table">
      <skipped message="Reason: On CRAN ('test-tm_t_summary.R:32:3')"/>
    </testcase>
    <testcase time="0.0160000000005311" classname="tm_t_summary" name="template_summary_generates_correct_expressions_for_multiple_grouping_variables"/>
    <testcase time="0.00500000000010914" classname="tm_t_summary" name="template_summary_generates_correct_expressions_for_multiple_grouping_variables">
      <skipped message="Reason: On CRAN ('test-tm_t_summary.R:49:3')"/>
    </testcase>
    <testcase time="0.0149999999994179" classname="tm_t_summary" name="template_summary_generates_correct_expressions_for_multiple_grouping_variables_and_all_patients"/>
    <testcase time="0.00500000000010914" classname="tm_t_summary" name="template_summary_generates_correct_expressions_for_multiple_grouping_variables_and_all_patients">
      <skipped message="Reason: On CRAN ('test-tm_t_summary.R:68:5')"/>
    </testcase>
    <testcase time="0.0150000000003274" classname="tm_t_summary" name="template_summary_generates_correct_expressions_for_customized_numeric_statistics"/>
    <testcase time="0.00500000000010914" classname="tm_t_summary" name="template_summary_generates_correct_expressions_for_customized_numeric_statistics">
      <skipped message="Reason: On CRAN ('test-tm_t_summary.R:87:3')"/>
    </testcase>
    <testcase time="0.0149999999994179" classname="tm_t_summary" name="template_summary_generates_correct_expressions_when_arm_variable_labels_are_added"/>
    <testcase time="0.00500000000010914" classname="tm_t_summary" name="template_summary_generates_correct_expressions_when_arm_variable_labels_are_added">
      <skipped message="Reason: On CRAN ('test-tm_t_summary.R:100:3')"/>
    </testcase>
  </testsuite>
  <testsuite name="tm_t_summary_by" timestamp="2024-11-24T00:36:40Z" hostname="ab3f7aea7c81" tests="10" skipped="5" failures="0" errors="0" time="0.101">
    <testcase time="0.0190000000002328" classname="tm_t_summary_by" name="template_summary_by_generates_correct_expressions"/>
    <testcase time="0.00500000000010914" classname="tm_t_summary_by" name="template_summary_by_generates_correct_expressions">
      <skipped message="Reason: On CRAN ('test-tm_t_summary_by.R:17:3')"/>
    </testcase>
    <testcase time="0.0140000000001237" classname="tm_t_summary_by" name="template_summary_by_generates_correct_expressions_when_parallel_vars_is_true"/>
    <testcase time="0.00500000000010914" classname="tm_t_summary_by" name="template_summary_by_generates_correct_expressions_when_parallel_vars_is_true">
      <skipped message="Reason: On CRAN ('test-tm_t_summary_by.R:37:3')"/>
    </testcase>
    <testcase time="0.0139999999992142" classname="tm_t_summary_by" name="template_summary_by_generates_correct_expressions_when_row_groups_is_true"/>
    <testcase time="0.00500000000010914" classname="tm_t_summary_by" name="template_summary_by_generates_correct_expressions_when_row_groups_is_true">
      <skipped message="Reason: On CRAN ('test-tm_t_summary_by.R:58:3')"/>
    </testcase>
    <testcase time="0.0150000000003274" classname="tm_t_summary_by" name="template_summary_by_generates_correct_expressions_for_customized_numeric_statistics"/>
    <testcase time="0.00500000000010914" classname="tm_t_summary_by" name="template_summary_by_generates_correct_expressions_for_customized_numeric_statistics">
      <skipped message="Reason: On CRAN ('test-tm_t_summary_by.R:78:3')"/>
    </testcase>
    <testcase time="0.0140000000001237" classname="tm_t_summary_by" name="template_summary_by_generates_correct_expressions_for_drop_zero_levels_is_true"/>
    <testcase time="0.00500000000010914" classname="tm_t_summary_by" name="template_summary_by_generates_correct_expressions_for_drop_zero_levels_is_true">
      <skipped message="Reason: On CRAN ('test-tm_t_summary_by.R:97:3')"/>
    </testcase>
  </testsuite>
  <testsuite name="tm_t_tte" timestamp="2024-11-24T00:36:40Z" hostname="ab3f7aea7c81" tests="8" skipped="4" failures="0" errors="0" time="0.091">
    <testcase time="0.0199999999995271" classname="tm_t_tte" name="template_tte_produces_healthy_standard_output"/>
    <testcase time="0.00500000000010914" classname="tm_t_tte" name="template_tte_produces_healthy_standard_output">
      <skipped message="Reason: On CRAN ('test-tm_t_tte.R:25:3')"/>
    </testcase>
    <testcase time="0.0209999999997308" classname="tm_t_tte" name="template_tte_produces_correct_data_expression_when_not_comparing_arms"/>
    <testcase time="0.00500000000010914" classname="tm_t_tte" name="template_tte_produces_correct_data_expression_when_not_comparing_arms">
      <skipped message="Reason: On CRAN ('test-tm_t_tte.R:52:3')"/>
    </testcase>
    <testcase time="0.0150000000003274" classname="tm_t_tte" name="template_tte_produces_correct_data_expression_when_comparing_and_combining_arms"/>
    <testcase time="0.00500000000010914" classname="tm_t_tte" name="template_tte_produces_correct_data_expression_when_comparing_and_combining_arms">
      <skipped message="Reason: On CRAN ('test-tm_t_tte.R:79:3')"/>
    </testcase>
    <testcase time="0.0149999999994179" classname="tm_t_tte" name="template_tte_produces_correct_data_expression_when_comparing_arms"/>
    <testcase time="0.00500000000010914" classname="tm_t_tte" name="template_tte_produces_correct_data_expression_when_comparing_arms">
      <skipped message="Reason: On CRAN ('test-tm_t_tte.R:106:3')"/>
    </testcase>
  </testsuite>
  <testsuite name="utils" timestamp="2024-11-24T00:36:41Z" hostname="ab3f7aea7c81" tests="51" skipped="11" failures="0" errors="0" time="0.389">
    <testcase time="0.0169999999998254" classname="utils" name="h_concat_expr_returns_a_string_for_long_expression"/>
    <testcase time="0.00400000000081491" classname="utils" name="h_concat_expr_returns_a_string_for_long_expression">
      <skipped message="Reason: On CRAN ('test-utils.R:13:3')"/>
    </testcase>
    <testcase time="0.01299999999992" classname="utils" name="pipe_expr_concatenate_expressions_into_a_single_pipeline_"/>
    <testcase time="0.00499999999919964" classname="utils" name="add_expr_adds_expressions_to_expression_list"/>
    <testcase time="0.00500000000010914" classname="utils" name="add_expr_adds_expressions_to_expression_list">
      <skipped message="Reason: On CRAN ('test-utils.R:44:3')"/>
    </testcase>
    <testcase time="0.0120000000006257" classname="utils" name="add_expr_manages_expression_list_which_can_be_used_by_pipe_expr"/>
    <testcase time="0.00500000000010914" classname="utils" name="add_expr_manages_expression_list_which_can_be_used_by_pipe_expr">
      <skipped message="Reason: On CRAN ('test-utils.R:65:3')"/>
    </testcase>
    <testcase time="0.01299999999992" classname="utils" name="bracket_expr_concatenates_expressions_into_a_single_expression"/>
    <testcase time="0.00500000000010914" classname="utils" name="bracket_expr_concatenates_expressions_into_a_single_expression">
      <skipped message="Reason: On CRAN ('test-utils.R:83:3')"/>
    </testcase>
    <testcase time="0.0139999999992142" classname="utils" name="bracket_expr_returns_a_single_evaluable_expression"/>
    <testcase time="0.00500000000010914" classname="utils" name="bracket_expr_returns_a_single_evaluable_expression">
      <skipped message="Reason: On CRAN ('test-utils.R:91:3')"/>
    </testcase>
    <testcase time="0.01299999999992" classname="utils" name="prepare_arm_with_standard_inputs"/>
    <testcase time="0.00500000000010914" classname="utils" name="prepare_arm_with_standard_inputs">
      <skipped message="Reason: On CRAN ('test-utils.R:104:3')"/>
    </testcase>
    <testcase time="0.01299999999992" classname="utils" name="prepare_arm_combine_ref_arms"/>
    <testcase time="0.00500000000010914" classname="utils" name="prepare_arm_combine_ref_arms">
      <skipped message="Reason: On CRAN ('test-utils.R:116:3')"/>
    </testcase>
    <testcase time="0.01299999999992" classname="utils" name="prepare_arm_combine_ref_arms_and_use_new_level"/>
    <testcase time="0.00500000000010914" classname="utils" name="prepare_arm_combine_ref_arms_and_use_new_level">
      <skipped message="Reason: On CRAN ('test-utils.R:129:3')"/>
    </testcase>
    <testcase time="0.0140000000001237" classname="utils" name="prepare_arm_does_not_do_anything_when_we_don_t_want_to_compare_or_drop_arms"/>
    <testcase time="0.00900000000001455" classname="utils" name="prepare_arm_does_not_do_anything_when_we_don_t_want_to_compare_or_drop_arms"/>
    <testcase time="0.00600000000031287" classname="utils" name="prepare_arm_levels_with_standard_inputs"/>
    <testcase time="0.00500000000010914" classname="utils" name="prepare_arm_levels_with_standard_inputs">
      <skipped message="Reason: On CRAN ('test-utils.R:168:3')"/>
    </testcase>
    <testcase time="0.01299999999992" classname="utils" name="prepare_arm_levels_can_use_parentname_arm_levels"/>
    <testcase time="0.00500000000010914" classname="utils" name="prepare_arm_levels_can_use_parentname_arm_levels">
      <skipped message="Reason: On CRAN ('test-utils.R:180:3')"/>
    </testcase>
    <testcase time="0.0119999999997162" classname="utils" name="color_lab_values_main"/>
    <testcase time="0.00500000000010914" classname="utils" name="color_lab_values_main">
      <skipped message="Reason: On CRAN ('test-utils.R:188:3')"/>
    </testcase>
    <testcase time="0.0140000000001237" classname="utils" name="color_lab_values_neutral_for_none_characters"/>
    <testcase time="0.00299999999970169" classname="utils" name="color_lab_values_neutral_for_none_characters"/>
    <testcase time="0.0069999999996071" classname="utils" name="clean_description"/>
    <testcase time="0.00300000000061118" classname="utils" name="clean_description"/>
    <testcase time="0.0069999999996071" classname="utils" name="get_g_forest_obj_var_name"/>
    <testcase time="0.00700000000051659" classname="utils" name="cs_to_select_spec_single_choices_selected_is_converted_to_select_spec"/>
    <testcase time="0.0069999999996071" classname="utils" name="cs_to_select_spec_single_choices_selected_is_converted_to_select_spec_with_multiple_TRUE"/>
    <testcase time="0.0069999999996071" classname="utils" name="cs_to_select_spec_single_choices_selected_is_converted_to_select_spec_with_ordered_TRUE"/>
    <testcase time="0.00800000000072032" classname="utils" name="cs_to_select_spec_accepts_choices_selected_only"/>
    <testcase time="0.00799999999981083" classname="utils" name="cs_to_select_spec_accepts_multiple_as_flag_only"/>
    <testcase time="0.00900000000001455" classname="utils" name="cs_to_select_spec_accepts_ordered_as_flag_only"/>
    <testcase time="0.00900000000001455" classname="utils" name="cs_to_filter_spec_fails_if_doesn_t_have_var_choices"/>
    <testcase time="0.0149999999994179" classname="utils" name="cs_to_filter_spec_creates_filter_spec_from_choices_selected"/>
    <testcase time="0.00700000000051659" classname="utils" name="cs_to_des_select_creates_data_extract_spec_with_single_select_and_no_filter"/>
    <testcase time="0.0069999999996071" classname="utils" name="cs_to_des_select_returns_the_input_if_data_extract_spec_is_provided"/>
    <testcase time="0.00700000000051659" classname="utils" name="cs_to_des_select_creates_data_extract_spec_with_multiple_TRUE"/>
    <testcase time="0.00599999999940337" classname="utils" name="cs_to_des_select_creates_data_extract_spec_with_ordered_TRUE"/>
    <testcase time="0.00600000000031287" classname="utils" name="as_numeric_from_comma_sep_str_returns_NULL_if_blank_string_or_NULL_entered"/>
    <testcase time="0.00299999999970169" classname="utils" name="as_numeric_from_comma_sep_str_returns_NULL_if_blank_string_or_NULL_entered"/>
    <testcase time="0.00600000000031287" classname="utils" name="as_numeric_from_comma_sep_str_returns_numeric_vector_of_numbers"/>
    <testcase time="0.00299999999970169" classname="utils" name="as_numeric_from_comma_sep_str_returns_numeric_vector_of_numbers"/>
    <testcase time="0.00600000000031287" classname="utils" name="as_numeric_from_comma_sep_str_respects_sep_argument"/>
    <testcase time="0.00299999999970169" classname="utils" name="as_numeric_from_comma_sep_str_respects_sep_argument"/>
    <testcase time="0.00500000000010914" classname="utils" name="default_total_label_works_properly"/>
    <testcase time="0.00300000000061118" classname="utils" name="default_total_label_works_properly"/>
    <testcase time="0.00199999999949796" classname="utils" name="default_total_label_works_properly"/>
  </testsuite>
  <testsuite name="validate_standard_inputs" timestamp="2024-11-24T00:36:41Z" hostname="ab3f7aea7c81" tests="6" skipped="0" failures="0" errors="0" time="0.041">
    <testcase time="0.0119999999997162" classname="validate_standard_inputs" name="validate_arm_throws_shiny_error_if_arm_vec_is_not_a_factor"/>
    <testcase time="0.00399999999990541" classname="validate_standard_inputs" name="validate_arm_throws_shiny_error_if_arm_vec_is_not_a_factor"/>
    <testcase time="0.00800000000072032" classname="validate_standard_inputs" name="validate_arm_throws_specific_shiny_error_if_arm_vec_has_just_whitespace_strings"/>
    <testcase time="0.00500000000010914" classname="validate_standard_inputs" name="validate_arm_throws_specific_shiny_error_if_arm_vec_has_just_whitespace_strings"/>
    <testcase time="0.00499999999919964" classname="validate_standard_inputs" name="validate_arm_throws_no_error_if_arm_vec_is_a_factor"/>
    <testcase time="0.00700000000051659" classname="validate_standard_inputs" name="validate_arm_throws_no_error_if_arm_vec_is_a_factor"/>
  </testsuite>
</testsuites>
