<?xml version="1.0" encoding="UTF-8"?>
<testsuites>
  <testsuite name="facet_grid_formula" timestamp="2023-02-21T16:07:39Z" hostname="9753b9426a92" tests="4" skipped="0" failures="0" errors="0" time="0.049">
    <testcase time="0.012" classname="facet_grid_formula" name="facet_grid_formula_works"/>
    <testcase time="0.024" classname="facet_grid_formula" name="facet_grid_formula_works"/>
    <testcase time="0.0110000000000001" classname="facet_grid_formula" name="facet_grid_formula_works"/>
    <testcase time="0.00199999999999978" classname="facet_grid_formula" name="facet_grid_formula_works"/>
  </testsuite>
  <testsuite name="string_ops" timestamp="2023-02-21T16:07:39Z" hostname="9753b9426a92" tests="1" skipped="0" failures="0" errors="0" time="0.019">
    <testcase time="0.0190000000000001" classname="string_ops" name="_as_num_as_a_wide_interpretation_of_input_to_extract_numerics."/>
  </testsuite>
  <testsuite name="substitute_names" timestamp="2023-02-21T16:07:39Z" hostname="9753b9426a92" tests="9" skipped="0" failures="0" errors="0" time="0.073">
    <testcase time="0.02" classname="substitute_names" name="substitute_q_works_as_expected"/>
    <testcase time="0.0110000000000001" classname="substitute_names" name="substitute_q_fails_on_unquoted_call"/>
    <testcase time="0.00299999999999967" classname="substitute_names" name="h_subst_lhs_names_works_as_expected"/>
    <testcase time="0.00300000000000011" classname="substitute_names" name="substitute_lhs_names_works_as_expected_with_nested_expressions"/>
    <testcase time="0.00200000000000022" classname="substitute_names" name="substitute_lhs_names_does_not_lead_to_infinite_recursion"/>
    <testcase time="0.00299999999999967" classname="substitute_names" name="substitute_rhs_works_as_expected"/>
    <testcase time="0.00300000000000011" classname="substitute_names" name="substitute_names_works_as_expected"/>
    <testcase time="0.00300000000000011" classname="substitute_names" name="substitute_names_can_also_substitute_other_expressions_if_requested"/>
    <testcase time="0.0249999999999999" classname="substitute_names" name="substitute_names_works_as_expected_with_nested_expressions"/>
  </testsuite>
  <testsuite name="tm_a_gee" timestamp="2023-02-21T16:07:39Z" hostname="9753b9426a92" tests="4" skipped="0" failures="0" errors="0" time="0.021">
    <testcase time="0.012" classname="tm_a_gee" name="template_a_gee_t_gee_cov_table_works_as_expected_with_default_input"/>
    <testcase time="0.00300000000000011" classname="tm_a_gee" name="template_a_gee_t_gee_coef_table_works_as_expected_with_default_input"/>
    <testcase time="0.00300000000000011" classname="tm_a_gee" name="template_a_gee_works_as_expected_with_non_default_reference_arm"/>
    <testcase time="0.00299999999999967" classname="tm_a_gee" name="template_a_gee_works_as_expected_when_arm_is_not_considered_in_the_model"/>
  </testsuite>
  <testsuite name="tm_a_mmrm" timestamp="2023-02-21T16:07:39Z" hostname="9753b9426a92" tests="5" skipped="0" failures="0" errors="0" time="0.025">
    <testcase time="0.0089999999999999" classname="tm_a_mmrm" name="template_fit_mmrm_works_as_expected_when_not_combining_comparison_arms"/>
    <testcase time="0.00499999999999989" classname="tm_a_mmrm" name="template_fit_mmrm_works_as_expected_when_combining_combination_arms"/>
    <testcase time="0.004" classname="tm_a_mmrm" name="template_mmrm_tables_works_as_expected"/>
    <testcase time="0.00300000000000011" classname="tm_a_mmrm" name="template_mmrm_tables_works_as_expected_when_arm_is_not_considered_in_the_model"/>
    <testcase time="0.004" classname="tm_a_mmrm" name="template_mmrm_plots_works_as_expected"/>
  </testsuite>
  <testsuite name="tm_g_ci" timestamp="2023-02-21T16:07:39Z" hostname="9753b9426a92" tests="4" skipped="0" failures="0" errors="0" time="0.237">
    <testcase time="0.224" classname="tm_g_ci" name="1._and_2._Mean_and_95_CIs_for_mean"/>
    <testcase time="0.00500000000000034" classname="tm_g_ci" name="3._Confidence_Interval_Plot_using_different_stratification_variable_"/>
    <testcase time="0.004" classname="tm_g_ci" name="4._Median_and_95_CIs_for_median"/>
    <testcase time="0.004" classname="tm_g_ci" name="5._Using_different_alpha_level"/>
  </testsuite>
  <testsuite name="tm_g_forest_rsp" timestamp="2023-02-21T16:07:39Z" hostname="9753b9426a92" tests="1" skipped="0" failures="0" errors="0" time="0.837">
    <testcase time="0.837" classname="tm_g_forest_rsp" name="template_forest_rsp_generates_correct_expressions"/>
  </testsuite>
  <testsuite name="tm_g_forest_tte" timestamp="2023-02-21T16:07:40Z" hostname="9753b9426a92" tests="1" skipped="0" failures="0" errors="0" time="0.012">
    <testcase time="0.0119999999999996" classname="tm_g_forest_tte" name="template_forest_tte_generates_correct_expressions"/>
  </testsuite>
  <testsuite name="tm_g_ipp" timestamp="2023-02-21T16:07:40Z" hostname="9753b9426a92" tests="2" skipped="0" failures="0" errors="0" time="0.012">
    <testcase time="0.00800000000000001" classname="tm_g_ipp" name="template_g_ipp_works_as_expected_with_default_arguments"/>
    <testcase time="0.00400000000000045" classname="tm_g_ipp" name="template_g_ipp_works_as_expected_with_non_default_arguments"/>
  </testsuite>
  <testsuite name="tm_g_km" timestamp="2023-02-21T16:07:40Z" hostname="9753b9426a92" tests="3" skipped="0" failures="0" errors="0" time="0.019">
    <testcase time="0.00899999999999945" classname="tm_g_km" name="template_g_km_works_as_expected_with_default_arguments"/>
    <testcase time="0.00499999999999989" classname="tm_g_km" name="template_g_km_gives_correct_data_expression_when_we_want_to_compare_versus_reference_arms"/>
    <testcase time="0.00499999999999989" classname="tm_g_km" name="template_g_km_gives_correct_data_expression_when_we_want_to_combine_comparison_arms"/>
  </testsuite>
  <testsuite name="tm_g_lineplot" timestamp="2023-02-21T16:07:40Z" hostname="9753b9426a92" tests="2" skipped="0" failures="0" errors="0" time="0.129">
    <testcase time="0.124000000000001" classname="tm_g_lineplot" name="template_g_lineplot_works_as_expected_with_default_arguments"/>
    <testcase time="0.00499999999999989" classname="tm_g_lineplot" name="template_g_lineplot_gives_correct_data_expression_with_custom_arguments"/>
  </testsuite>
  <testsuite name="tm_t_abnormality" timestamp="2023-02-21T16:07:40Z" hostname="9753b9426a92" tests="3" skipped="0" failures="0" errors="0" time="0.023">
    <testcase time="0.0110000000000001" classname="tm_t_abnormality" name="template_abnormality_generates_correct_expressions_with_default_arguments"/>
    <testcase time="0.00600000000000023" classname="tm_t_abnormality" name="template_abnormality_generates_correct_expressions_with_custom_arguments"/>
    <testcase time="0.00599999999999934" classname="tm_t_abnormality" name="template_abnormality_generates_correct_expressions_with_customized_na_level"/>
  </testsuite>
  <testsuite name="tm_t_abnormality_by_worst_grade" timestamp="2023-02-21T16:07:40Z" hostname="9753b9426a92" tests="3" skipped="0" failures="0" errors="0" time="0.156">
    <testcase time="0.0100000000000007" classname="tm_t_abnormality_by_worst_grade" name="template_abnormality_by_worst_grade_generates_correct_expressions_with_default_arguments"/>
    <testcase time="0.00599999999999934" classname="tm_t_abnormality_by_worst_grade" name="template_abnormality_by_worst_grade_generates_correct_expressions_with_custom_arguments"/>
    <testcase time="0.140000000000001" classname="tm_t_abnormality_by_worst_grade" name="template_abnormality_by_worst_grade_throws_an_error_when_ATOXGR_contains_NA_values"/>
  </testsuite>
  <testsuite name="tm_t_ancova" timestamp="2023-02-21T16:07:40Z" hostname="9753b9426a92" tests="7" skipped="0" failures="0" errors="0" time="0.053">
    <testcase time="0.0129999999999999" classname="tm_t_ancova" name="template_ancova_generates_expressions_with_multiple_endpoints"/>
    <testcase time="0.00699999999999967" classname="tm_t_ancova" name="template_ancova_generates_expressions_with_multiple_endpoints_with_combined_comparison_arms"/>
    <testcase time="0.00700000000000056" classname="tm_t_ancova" name="template_ancova_generates_expressions_with_multiple_endpoints_with_combined_reference_arms"/>
    <testcase time="0.00699999999999967" classname="tm_t_ancova" name="template_ancova_generates_expressions_with_single_endpoint"/>
    <testcase time="0.00600000000000023" classname="tm_t_ancova" name="template_ancova_generates_expressions_with_multiple_endpoints"/>
    <testcase time="0.00699999999999967" classname="tm_t_ancova" name="template_ancova_generates_expressions_with_discrete_interaction_variable"/>
    <testcase time="0.00600000000000023" classname="tm_t_ancova" name="template_ancova_generates_expressions_with_continuous_interaction_variable"/>
  </testsuite>
  <testsuite name="tm_t_binary_outcome" timestamp="2023-02-21T16:07:40Z" hostname="9753b9426a92" tests="8" skipped="0" failures="0" errors="0" time="0.053">
    <testcase time="0.0119999999999996" classname="tm_t_binary_outcome" name="template_binary_outcome_generates_standard_expressions"/>
    <testcase time="0.00700000000000056" classname="tm_t_binary_outcome" name="template_binary_outcome_generates_right_expressions_with_non_default"/>
    <testcase time="0.00499999999999989" classname="tm_t_binary_outcome" name="template_binary_outcome_generates_expression_without_arm_comparison"/>
    <testcase time="0.00699999999999967" classname="tm_t_binary_outcome" name="template_binary_outcome_generates_expression_with_non_default_controls_and_strata."/>
    <testcase time="0.00600000000000023" classname="tm_t_binary_outcome" name="template_binary_outcome_can_combine_comparison_arms"/>
    <testcase time="0.00600000000000023" classname="tm_t_binary_outcome" name="template_binary_outcome_can_combine_comparison_arms_when_compare_arms_is_FALSE"/>
    <testcase time="0.00299999999999923" classname="tm_t_binary_outcome" name="split_col_expr_prepare_the_right_four_possible_expressions"/>
    <testcase time="0.00700000000000056" classname="tm_t_binary_outcome" name="template_binary_outcome_can_combine_refs"/>
  </testsuite>
  <testsuite name="tm_t_coxreg" timestamp="2023-02-21T16:07:40Z" hostname="9753b9426a92" tests="3" skipped="0" failures="0" errors="0" time="1.062">
    <testcase time="0.55" classname="tm_t_coxreg" name="template_coxreg_generates_correct_univariate_cox_regression_expressions"/>
    <testcase time="0.505" classname="tm_t_coxreg" name="template_coxreg_generates_correct_univariate_cox_regression_expressions_with_interactions"/>
    <testcase time="0.00700000000000056" classname="tm_t_coxreg" name="template_coxreg_generates_correct_multivariate_cox_regression_expressions"/>
  </testsuite>
  <testsuite name="tm_t_events" timestamp="2023-02-21T16:07:41Z" hostname="9753b9426a92" tests="6" skipped="0" failures="0" errors="0" time="0.056">
    <testcase time="0.0209999999999999" classname="tm_t_events" name="template_events_generates_correct_expressions"/>
    <testcase time="0.00699999999999967" classname="tm_t_events" name="template_events_generates_correct_expressions_for_nested_columns"/>
    <testcase time="0.00499999999999989" classname="tm_t_events" name="template_events_can_generate_customized_table"/>
    <testcase time="0.00699999999999967" classname="tm_t_events" name="template_events_can_generate_customized_table_with_alphabetical_sorting"/>
    <testcase time="0.00699999999999967" classname="tm_t_events" name="template_events_can_generate_customized_table_with_pruning"/>
    <testcase time="0.00900000000000034" classname="tm_t_events" name="template_events_can_generate_customized_table_with_pruning_for_nested_column"/>
  </testsuite>
  <testsuite name="tm_t_events_by_grade" timestamp="2023-02-21T16:07:41Z" hostname="9753b9426a92" tests="8" skipped="0" failures="0" errors="0" time="0.062">
    <testcase time="0.0129999999999999" classname="tm_t_events_by_grade" name="template_events_by_grade_generates_standard_expressions"/>
    <testcase time="0.00700000000000056" classname="tm_t_events_by_grade" name="template_events_by_grade_generates_standard_expressions_with_pruning_conditions"/>
    <testcase time="0.00599999999999934" classname="tm_t_events_by_grade" name="template_events_by_grade_without_adding_total_column_option_works_as_expected"/>
    <testcase time="0.00600000000000023" classname="tm_t_events_by_grade" name="template_events_by_grade_with_hlt_only_works"/>
    <testcase time="0.00900000000000034" classname="tm_t_events_by_grade" name="template_events_col_by_grade_generates_standard_expressions"/>
    <testcase time="0.00699999999999967" classname="tm_t_events_by_grade" name="template_events_col_by_grade_generates_STREAM_variant_8"/>
    <testcase time="0.00699999999999967" classname="tm_t_events_by_grade" name="template_events_col_by_grade_without_adding_total_column_option_works_as_expected"/>
    <testcase time="0.00700000000000056" classname="tm_t_events_by_grade" name="template_events_col_by_grade_without_dropping_arm_levels_option_works_as_expected"/>
  </testsuite>
  <testsuite name="tm_t_events_patyear" timestamp="2023-02-21T16:07:41Z" hostname="9753b9426a92" tests="3" skipped="0" failures="0" errors="0" time="0.022">
    <testcase time="0.0110000000000001" classname="tm_t_events_patyear" name="template_events_patyear_generates_standard_expressions"/>
    <testcase time="0.00499999999999989" classname="tm_t_events_patyear" name="template_events_patyear_generates_right_expressions_with_non_default"/>
    <testcase time="0.00600000000000023" classname="tm_t_events_patyear" name="template_events_patyear_generates_right_expressions_with_non_default_controls"/>
  </testsuite>
  <testsuite name="tm_t_events_summary" timestamp="2023-02-21T16:07:41Z" hostname="9753b9426a92" tests="2" skipped="0" failures="0" errors="0" time="0.019">
    <testcase time="0.0109999999999992" classname="tm_t_events_summary" name="template_events_summary_generates_minimal_table"/>
    <testcase time="0.00800000000000001" classname="tm_t_events_summary" name="template_events_summary_generates_table_with_multiple_flags"/>
  </testsuite>
  <testsuite name="tm_t_exposure" timestamp="2023-02-21T16:07:41Z" hostname="9753b9426a92" tests="3" skipped="0" failures="0" errors="0" time="0.017">
    <testcase time="0.00800000000000001" classname="tm_t_exposure" name="template_exposure_generates_correct_expressions_with_default_arguments"/>
    <testcase time="0.00499999999999989" classname="tm_t_exposure" name="template_exposure_generates_correct_expressions_with_custom_arguments"/>
    <testcase time="0.00400000000000045" classname="tm_t_exposure" name="template_exposure_generates_correct_expressions_with_paramcd_label"/>
  </testsuite>
  <testsuite name="tm_t_logisitic" timestamp="2023-02-21T16:07:41Z" hostname="9753b9426a92" tests="3" skipped="0" failures="0" errors="0" time="0.018">
    <testcase time="0.00900000000000034" classname="tm_t_logisitic" name="template_logistic_generates_correct_expressions"/>
    <testcase time="0.00399999999999956" classname="tm_t_logisitic" name="template_logistic_generates_correct_expressions_for_no_arm_variable"/>
    <testcase time="0.00499999999999989" classname="tm_t_logisitic" name="template_logistic_generates_correct_expressions"/>
  </testsuite>
  <testsuite name="tm_t_mult_events" timestamp="2023-02-21T16:07:42Z" hostname="9753b9426a92" tests="6" skipped="0" failures="0" errors="0" time="0.042">
    <testcase time="0.0110000000000001" classname="tm_t_mult_events" name="template_mult_events_generates_correct_expressions_with_1_HLT_parameter"/>
    <testcase time="0.00699999999999967" classname="tm_t_mult_events" name="template_mult_events_generates_correct_expressions_with_2_HLT_parameters_and_drop_arm_levels_FALSE"/>
    <testcase time="0.00600000000000023" classname="tm_t_mult_events" name="template_mult_events_generates_correct_expressions_with_3_HLT_parameters"/>
    <testcase time="0.00600000000000023" classname="tm_t_mult_events" name="template_mult_events_generates_correct_expressions_with_4_HLT_parameters"/>
    <testcase time="0.00599999999999934" classname="tm_t_mult_events" name="template_mult_events_generates_correct_expressions_with_no_HLT_parameters"/>
    <testcase time="0.00600000000000023" classname="tm_t_mult_events" name="template_mult_events_generates_correct_expressions_with_1_HLT_parameter_and_without_All_Patients_column"/>
  </testsuite>
  <testsuite name="tm_t_pp_medical_history" timestamp="2023-02-21T16:07:42Z" hostname="9753b9426a92" tests="8" skipped="0" failures="0" errors="0" time="0.047">
    <testcase time="0.00800000000000001" classname="tm_t_pp_medical_history" name="template_medical_history_outputs_a_list_with_one_named_element"/>
    <testcase time="0.0110000000000001" classname="tm_t_pp_medical_history" name="template_medical_history_outputs_a_list_with_one_named_element"/>
    <testcase time="0.000999999999999446" classname="tm_t_pp_medical_history" name="template_medical_history_outputs_a_list_with_one_named_element"/>
    <testcase time="0.00400000000000045" classname="tm_t_pp_medical_history" name="template_medical_history_outputs_a_list_with_one_named_element"/>
    <testcase time="0.00399999999999956" classname="tm_t_pp_medical_history" name="template_medical_history_s_output_has_element_table_which_is_of_class_call"/>
    <testcase time="0.0129999999999999" classname="tm_t_pp_medical_history" name="template_medical_history_s_output_has_element_table_which_is_of_class_call"/>
    <testcase time="0.00400000000000045" classname="tm_t_pp_medical_history" name="template_medical_history_non_default_parameters"/>
    <testcase time="0.00199999999999978" classname="tm_t_pp_medical_history" name="template_medical_history_non_default_parameters"/>
  </testsuite>
  <testsuite name="tm_t_shift_by_arm" timestamp="2023-02-21T16:07:42Z" hostname="9753b9426a92" tests="3" skipped="0" failures="0" errors="0" time="0.015">
    <testcase time="0.00699999999999967" classname="tm_t_shift_by_arm" name="template_shift_by_arm_generates_correct_expressions_with_default_arguments"/>
    <testcase time="0.00400000000000045" classname="tm_t_shift_by_arm" name="template_shift_by_arm_generates_correct_expressions_with_add_total_being_TRUE"/>
    <testcase time="0.00399999999999956" classname="tm_t_shift_by_arm" name="template_shift_by_arm_generates_correct_expressions_with_na.rm_being_TRUE"/>
  </testsuite>
  <testsuite name="tm_t_shift_by_arm_by_worst" timestamp="2023-02-21T16:07:42Z" hostname="9753b9426a92" tests="3" skipped="0" failures="0" errors="0" time="0.015">
    <testcase time="0.00800000000000001" classname="tm_t_shift_by_arm_by_worst" name="template_shift_by_arm_generates_correct_expressions_with_default_arguments"/>
    <testcase time="0.00300000000000011" classname="tm_t_shift_by_arm_by_worst" name="template_shift_by_arm_generates_correct_expressions_with_add_total_being_TRUE"/>
    <testcase time="0.00400000000000045" classname="tm_t_shift_by_arm_by_worst" name="template_shift_by_arm_generates_correct_expressions_with_na.rm_being_TRUE"/>
  </testsuite>
  <testsuite name="tm_t_shift_by_grade" timestamp="2023-02-21T16:07:42Z" hostname="9753b9426a92" tests="4" skipped="0" failures="0" errors="0" time="0.543">
    <testcase time="0.0129999999999999" classname="tm_t_shift_by_grade" name="template_shift_by_grade_generates_correct_expressions_with_default_arguments"/>
    <testcase time="0.00800000000000001" classname="tm_t_shift_by_grade" name="template_shift_by_grade_generates_correct_expressions_with_custom_arguments"/>
    <testcase time="0.00699999999999967" classname="tm_t_shift_by_grade" name="template_shift_by_grade_throws_an_error_when_worst_flag_var_is_not_one_of_WGRLOVFL_WGRLOFL_WGRHIVFL_WGRHIFL_"/>
    <testcase time="0.515000000000001" classname="tm_t_shift_by_grade" name="template_shift_by_grade_is_keeping_the_same_number_of_missing_data_as_Missing_at_the_end_of_preprocessing_steps"/>
  </testsuite>
  <testsuite name="tm_t_smq" timestamp="2023-02-21T16:07:42Z" hostname="9753b9426a92" tests="2" skipped="0" failures="0" errors="0" time="0.019">
    <testcase time="0.0129999999999999" classname="tm_t_smq" name="template_smq_generates_correct_expressions_with_default_arguments"/>
    <testcase time="0.00599999999999934" classname="tm_t_smq" name="template_smq_generates_correct_expressions_with_custom_arguments"/>
  </testsuite>
  <testsuite name="tm_t_summary" timestamp="2023-02-21T16:07:42Z" hostname="9753b9426a92" tests="5" skipped="0" failures="0" errors="0" time="0.037">
    <testcase time="0.0100000000000007" classname="tm_t_summary" name="template_summary_generates_correct_expressions"/>
    <testcase time="0.00599999999999934" classname="tm_t_summary" name="template_summary_can_generate_customized_table"/>
    <testcase time="0.00700000000000056" classname="tm_t_summary" name="template_summary_generates_correct_expressions_for_multiple_grouping_variables"/>
    <testcase time="0.00699999999999967" classname="tm_t_summary" name="template_summary_generates_correct_expressions_for_multiple_grouping_variables_and_all_patientts"/>
    <testcase time="0.00699999999999967" classname="tm_t_summary" name="template_summary_generates_correct_expressions_for_customized_numeric_statistics"/>
  </testsuite>
  <testsuite name="tm_t_summary_by" timestamp="2023-02-21T16:07:42Z" hostname="9753b9426a92" tests="5" skipped="0" failures="0" errors="0" time="0.033">
    <testcase time="0.0110000000000001" classname="tm_t_summary_by" name="template_summary_by_generates_correct_expressions"/>
    <testcase time="0.00499999999999989" classname="tm_t_summary_by" name="template_summary_by_generates_correct_expressions_when_parallel_vars_is_true"/>
    <testcase time="0.00600000000000023" classname="tm_t_summary_by" name="template_summary_by_generates_correct_expressions_when_row_groups_is_true"/>
    <testcase time="0.00600000000000023" classname="tm_t_summary_by" name="template_summary_by_generates_correct_expressions_for_customized_numeric_statistics"/>
    <testcase time="0.00499999999999989" classname="tm_t_summary_by" name="template_summary_by_generates_correct_expressions_for_drop_zero_levels_is_true"/>
  </testsuite>
  <testsuite name="tm_t_tte" timestamp="2023-02-21T16:07:42Z" hostname="9753b9426a92" tests="4" skipped="0" failures="0" errors="0" time="0.033">
    <testcase time="0.0120000000000005" classname="tm_t_tte" name="template_tte_produces_healthy_standard_output"/>
    <testcase time="0.00599999999999934" classname="tm_t_tte" name="template_tte_produces_correct_data_expression_when_not_comparing_arms"/>
    <testcase time="0.00800000000000001" classname="tm_t_tte" name="template_tte_produces_correct_data_expression_when_comparing_and_combining_arms"/>
    <testcase time="0.00700000000000056" classname="tm_t_tte" name="template_tte_produces_correct_data_expression_when_comparing_arms"/>
  </testsuite>
  <testsuite name="utils" timestamp="2023-02-21T16:07:42Z" hostname="9753b9426a92" tests="37" skipped="0" failures="0" errors="0" time="0.217">
    <testcase time="0.0229999999999997" classname="utils" name="h_concat_expr_returns_a_string_for_long_expression"/>
    <testcase time="0.00199999999999978" classname="utils" name="pipe_expr_concatenate_expressions_into_a_single_pipeline_"/>
    <testcase time="0.00300000000000011" classname="utils" name="add_expr_adds_expressions_to_expression_list"/>
    <testcase time="0.00199999999999978" classname="utils" name="add_expr_manages_expression_list_which_can_be_used_by_pipe_expr"/>
    <testcase time="0.0310000000000006" classname="utils" name="bracket_expr_concatenates_expressions_into_a_single_expression"/>
    <testcase time="0.00600000000000023" classname="utils" name="bracket_expr_returns_a_single_evaluable_expression"/>
    <testcase time="0.016" classname="utils" name="prepare_arm_with_standard_inputs"/>
    <testcase time="0.00400000000000045" classname="utils" name="prepare_arm_combine_ref_arms"/>
    <testcase time="0.00499999999999989" classname="utils" name="prepare_arm_combine_ref_arms_and_use_new_level"/>
    <testcase time="0.00300000000000011" classname="utils" name="prepare_arm_does_not_do_anything_when_we_don_t_want_to_compare_or_drop_arms"/>
    <testcase time="0.000999999999999446" classname="utils" name="prepare_arm_does_not_do_anything_when_we_don_t_want_to_compare_or_drop_arms"/>
    <testcase time="0.00400000000000045" classname="utils" name="prepare_arm_levels_with_standard_inputs"/>
    <testcase time="0.00399999999999956" classname="utils" name="prepare_arm_levels_can_use_parentname_arm_levels"/>
    <testcase time="0.00300000000000011" classname="utils" name="color_lab_values_main"/>
    <testcase time="0.00199999999999978" classname="utils" name="color_lab_values_neutral_for_none_characters"/>
    <testcase time="0.00200000000000067" classname="utils" name="color_lab_values_neutral_for_none_characters"/>
    <testcase time="0.00299999999999923" classname="utils" name="clean_description"/>
    <testcase time="0.00100000000000033" classname="utils" name="clean_description"/>
    <testcase time="0.00499999999999989" classname="utils" name="get_g_forest_obj_var_name"/>
    <testcase time="0.00400000000000045" classname="utils" name="cs_to_select_spec_single_choices_selected_is_converted_to_select_spec"/>
    <testcase time="0.00300000000000011" classname="utils" name="cs_to_select_spec_single_choices_selected_is_converted_to_select_spec_with_multiple_TRUE"/>
    <testcase time="0.00299999999999923" classname="utils" name="cs_to_select_spec_single_choices_selected_is_converted_to_select_spec_with_ordered_TRUE"/>
    <testcase time="0.00700000000000056" classname="utils" name="cs_to_select_spec_accepts_choices_selected_only"/>
    <testcase time="0.00699999999999967" classname="utils" name="cs_to_select_spec_accepts_multiple_as_flag_only"/>
    <testcase time="0.00700000000000056" classname="utils" name="cs_to_select_spec_accepts_ordered_as_flag_only"/>
    <testcase time="0.00800000000000001" classname="utils" name="cs_to_filter_spec_fails_if_doesn_t_have_var_choices"/>
    <testcase time="0.024" classname="utils" name="cs_to_filter_spec_creates_filter_spec_from_choices_selected"/>
    <testcase time="0.00399999999999956" classname="utils" name="cs_to_des_select_creates_data_extract_spec_with_single_select_and_no_filter"/>
    <testcase time="0.00300000000000011" classname="utils" name="cs_to_des_select_returns_the_input_if_data_extract_spec_is_provided"/>
    <testcase time="0.00399999999999956" classname="utils" name="cs_to_des_select_creates_data_extract_spec_with_multiple_TRUE"/>
    <testcase time="0.00300000000000011" classname="utils" name="cs_to_des_select_creates_data_extract_spec_with_ordered_TRUE"/>
    <testcase time="0.00600000000000023" classname="utils" name="as_numeric_from_comma_sep_str_returns_NULL_if_blank_string_or_NULL_entered"/>
    <testcase time="0.00399999999999956" classname="utils" name="as_numeric_from_comma_sep_str_returns_NULL_if_blank_string_or_NULL_entered"/>
    <testcase time="0.00300000000000011" classname="utils" name="as_numeric_from_comma_sep_str_returns_numeric_vector_of_numbers"/>
    <testcase time="0.00200000000000067" classname="utils" name="as_numeric_from_comma_sep_str_returns_numeric_vector_of_numbers"/>
    <testcase time="0.00299999999999923" classname="utils" name="as_numeric_from_comma_sep_str_respects_sep_argument"/>
    <testcase time="0.00200000000000067" classname="utils" name="as_numeric_from_comma_sep_str_respects_sep_argument"/>
  </testsuite>
  <testsuite name="validate_standard_inputs" timestamp="2023-02-21T16:07:43Z" hostname="9753b9426a92" tests="6" skipped="0" failures="0" errors="0" time="0.034">
    <testcase time="0.0110000000000001" classname="validate_standard_inputs" name="validate_arm_throws_shiny_error_if_arm_vec_is_not_a_factor"/>
    <testcase time="0.00599999999999934" classname="validate_standard_inputs" name="validate_arm_throws_shiny_error_if_arm_vec_is_not_a_factor"/>
    <testcase time="0.00700000000000056" classname="validate_standard_inputs" name="validate_arm_throws_specific_shiny_error_if_arm_vec_has_just_whitespace_strings"/>
    <testcase time="0.00599999999999934" classname="validate_standard_inputs" name="validate_arm_throws_specific_shiny_error_if_arm_vec_has_just_whitespace_strings"/>
    <testcase time="0.00200000000000067" classname="validate_standard_inputs" name="validate_arm_throws_no_error_if_arm_vec_is_a_factor"/>
    <testcase time="0.00199999999999978" classname="validate_standard_inputs" name="validate_arm_throws_no_error_if_arm_vec_is_a_factor"/>
  </testsuite>
</testsuites>
