<?xml version="1.0" encoding="UTF-8"?>
<testsuites>
  <testsuite name="examples" timestamp="2025-02-11T10:09:38Z" hostname="b8e80419198c" tests="113" skipped="0" failures="0" errors="0" time="5.651">
    <testcase time="0.258" classname="examples" name="example_add_expr.Rd"/>
    <testcase time="0.0449999999999999" classname="examples" name="example_arm_ref_comp_observer.Rd"/>
    <testcase time="0.016" classname="examples" name="example_as_num.Rd"/>
    <testcase time="0.0129999999999999" classname="examples" name="example_bracket_expr.Rd"/>
    <testcase time="0.0249999999999999" classname="examples" name="example_call_concatenate.Rd"/>
    <testcase time="0.00800000000000001" classname="examples" name="example_check_arm_ref_comp.Rd"/>
    <testcase time="0.00800000000000001" classname="examples" name="example_clean_description.Rd"/>
    <testcase time="0.00900000000000034" classname="examples" name="example_color_lab_values.Rd"/>
    <testcase time="0.0089999999999999" classname="examples" name="example_column_annotation_label.Rd"/>
    <testcase time="0.00699999999999967" classname="examples" name="example_control_tte.Rd"/>
    <testcase time="0.00700000000000012" classname="examples" name="example_cs_to_des_filter.Rd"/>
    <testcase time="0.0129999999999999" classname="examples" name="example_cs_to_des_select.Rd"/>
    <testcase time="0.00800000000000001" classname="examples" name="example_cs_to_filter_spec.Rd"/>
    <testcase time="0.00700000000000012" classname="examples" name="example_cs_to_select_spec.Rd"/>
    <testcase time="0.0089999999999999" classname="examples" name="example_default_total_label.Rd"/>
    <testcase time="0.00800000000000001" classname="examples" name="example_ex_data.Rd"/>
    <testcase time="0.00900000000000034" classname="examples" name="example_extract_input.Rd"/>
    <testcase time="0.00699999999999967" classname="examples" name="example_facet_grid_formula.Rd"/>
    <testcase time="0.00700000000000012" classname="examples" name="example_get_g_forest_obj_var_name.Rd"/>
    <testcase time="0.00800000000000001" classname="examples" name="example_get_paramcd_label.Rd"/>
    <testcase time="0.00700000000000012" classname="examples" name="example_get_var_labels.Rd"/>
    <testcase time="0.0089999999999999" classname="examples" name="example_h_concat_expr.Rd"/>
    <testcase time="0.00700000000000012" classname="examples" name="example_is.cs_or_des.Rd"/>
    <testcase time="0.00700000000000012" classname="examples" name="example_make_barchart_simple_call.Rd"/>
    <testcase time="0.00799999999999956" classname="examples" name="example_module_arguments.Rd"/>
    <testcase time="0.00800000000000001" classname="examples" name="example_normalize_decorators.Rd"/>
    <testcase time="0.00800000000000001" classname="examples" name="example_pipe_expr.Rd"/>
    <testcase time="0.0190000000000001" classname="examples" name="example_prepare_arm.Rd"/>
    <testcase time="0.0110000000000001" classname="examples" name="example_prepare_arm_levels.Rd"/>
    <testcase time="0.00700000000000012" classname="examples" name="example_select_decorators.Rd"/>
    <testcase time="0.00999999999999979" classname="examples" name="example_split_choices.Rd"/>
    <testcase time="0.0089999999999999" classname="examples" name="example_split_col_expr.Rd"/>
    <testcase time="0.00800000000000001" classname="examples" name="example_split_interactions.Rd"/>
    <testcase time="0.00800000000000001" classname="examples" name="example_srv_decorate_teal_data.Rd"/>
    <testcase time="0.00800000000000001" classname="examples" name="example_substitute_names.Rd"/>
    <testcase time="0.00800000000000001" classname="examples" name="example_substitute_q.Rd"/>
    <testcase time="0.00800000000000001" classname="examples" name="example_teal.modules.clinical_package.Rd"/>
    <testcase time="0.00800000000000001" classname="examples" name="example_template_a_gee.Rd"/>
    <testcase time="0.00800000000000001" classname="examples" name="example_template_abnormality.Rd"/>
    <testcase time="0.00700000000000012" classname="examples" name="example_template_abnormality_by_worst_grade.Rd"/>
    <testcase time="0.00800000000000001" classname="examples" name="example_template_adverse_events.Rd"/>
    <testcase time="0.00700000000000012" classname="examples" name="example_template_ancova.Rd"/>
    <testcase time="0.0089999999999999" classname="examples" name="example_template_arguments.Rd"/>
    <testcase time="0.00700000000000012" classname="examples" name="example_template_basic_info.Rd"/>
    <testcase time="0.00800000000000001" classname="examples" name="example_template_binary_outcome.Rd"/>
    <testcase time="0.00800000000000001" classname="examples" name="example_template_coxreg_m.Rd"/>
    <testcase time="0.00800000000000001" classname="examples" name="example_template_coxreg_u.Rd"/>
    <testcase time="0.00699999999999967" classname="examples" name="example_template_events.Rd"/>
    <testcase time="0.00800000000000001" classname="examples" name="example_template_events_by_grade.Rd"/>
    <testcase time="0.00800000000000001" classname="examples" name="example_template_events_col_by_grade.Rd"/>
    <testcase time="0.0369999999999999" classname="examples" name="example_template_events_patyear.Rd"/>
    <testcase time="0.00800000000000001" classname="examples" name="example_template_events_summary.Rd"/>
    <testcase time="0.00800000000000001" classname="examples" name="example_template_exposure.Rd"/>
    <testcase time="0.00800000000000001" classname="examples" name="example_template_fit_mmrm.Rd"/>
    <testcase time="0.00800000000000001" classname="examples" name="example_template_forest_rsp.Rd"/>
    <testcase time="0.00800000000000001" classname="examples" name="example_template_forest_tte.Rd"/>
    <testcase time="0.00700000000000012" classname="examples" name="example_template_g_ci.Rd"/>
    <testcase time="0.00800000000000001" classname="examples" name="example_template_g_ipp.Rd"/>
    <testcase time="0.00800000000000001" classname="examples" name="example_template_g_km.Rd"/>
    <testcase time="0.00800000000000001" classname="examples" name="example_template_g_lineplot.Rd"/>
    <testcase time="0.00700000000000012" classname="examples" name="example_template_laboratory.Rd"/>
    <testcase time="0.00800000000000001" classname="examples" name="example_template_logistic.Rd"/>
    <testcase time="0.00700000000000012" classname="examples" name="example_template_medical_history.Rd"/>
    <testcase time="0.00800000000000001" classname="examples" name="example_template_mult_events.Rd"/>
    <testcase time="0.00699999999999967" classname="examples" name="example_template_patient_timeline.Rd"/>
    <testcase time="0.00700000000000012" classname="examples" name="example_template_prior_medication.Rd"/>
    <testcase time="0.00800000000000001" classname="examples" name="example_template_shift_by_arm.Rd"/>
    <testcase time="0.00700000000000012" classname="examples" name="example_template_shift_by_arm_by_worst.Rd"/>
    <testcase time="0.00800000000000001" classname="examples" name="example_template_shift_by_grade.Rd"/>
    <testcase time="0.00800000000000001" classname="examples" name="example_template_smq.Rd"/>
    <testcase time="0.00699999999999967" classname="examples" name="example_template_summary.Rd"/>
    <testcase time="0.00800000000000001" classname="examples" name="example_template_summary_by.Rd"/>
    <testcase time="0.00800000000000001" classname="examples" name="example_template_therapy.Rd"/>
    <testcase time="0.00700000000000012" classname="examples" name="example_template_tte.Rd"/>
    <testcase time="0.00800000000000001" classname="examples" name="example_template_vitals.Rd"/>
    <testcase time="0.204" classname="examples" name="example_tm_a_gee.Rd"/>
    <testcase time="0.152" classname="examples" name="example_tm_a_mmrm.Rd"/>
    <testcase time="0.121" classname="examples" name="example_tm_g_barchart_simple.Rd"/>
    <testcase time="0.0830000000000002" classname="examples" name="example_tm_g_ci.Rd"/>
    <testcase time="0.11" classname="examples" name="example_tm_g_forest_rsp.Rd"/>
    <testcase time="0.11" classname="examples" name="example_tm_g_forest_tte.Rd"/>
    <testcase time="0.137999999999999" classname="examples" name="example_tm_g_ipp.Rd"/>
    <testcase time="0.0900000000000007" classname="examples" name="example_tm_g_km.Rd"/>
    <testcase time="0.122999999999999" classname="examples" name="example_tm_g_lineplot.Rd"/>
    <testcase time="0.0880000000000001" classname="examples" name="example_tm_g_pp_adverse_events.Rd"/>
    <testcase time="0.145" classname="examples" name="example_tm_g_pp_patient_timeline.Rd"/>
    <testcase time="0.116" classname="examples" name="example_tm_g_pp_therapy.Rd"/>
    <testcase time="0.085" classname="examples" name="example_tm_g_pp_vitals.Rd"/>
    <testcase time="0.101" classname="examples" name="example_tm_t_abnormality.Rd"/>
    <testcase time="0.131" classname="examples" name="example_tm_t_abnormality_by_worst_grade.Rd"/>
    <testcase time="0.18" classname="examples" name="example_tm_t_ancova.Rd"/>
    <testcase time="0.108" classname="examples" name="example_tm_t_binary_outcome.Rd"/>
    <testcase time="0.314" classname="examples" name="example_tm_t_coxreg.Rd"/>
    <testcase time="0.0840000000000005" classname="examples" name="example_tm_t_events.Rd"/>
    <testcase time="0.117999999999999" classname="examples" name="example_tm_t_events_by_grade.Rd"/>
    <testcase time="0.165" classname="examples" name="example_tm_t_events_patyear.Rd"/>
    <testcase time="0.221" classname="examples" name="example_tm_t_events_summary.Rd"/>
    <testcase time="0.153" classname="examples" name="example_tm_t_exposure.Rd"/>
    <testcase time="0.0899999999999999" classname="examples" name="example_tm_t_logistic.Rd"/>
    <testcase time="0.0830000000000002" classname="examples" name="example_tm_t_mult_events.Rd"/>
    <testcase time="0.0649999999999995" classname="examples" name="example_tm_t_pp_basic_info.Rd"/>
    <testcase time="0.0830000000000002" classname="examples" name="example_tm_t_pp_laboratory.Rd"/>
    <testcase time="0.0780000000000003" classname="examples" name="example_tm_t_pp_medical_history.Rd"/>
    <testcase time="0.106" classname="examples" name="example_tm_t_pp_prior_medication.Rd"/>
    <testcase time="0.159" classname="examples" name="example_tm_t_shift_by_arm.Rd"/>
    <testcase time="0.156" classname="examples" name="example_tm_t_shift_by_arm_by_worst.Rd"/>
    <testcase time="0.337000000000001" classname="examples" name="example_tm_t_shift_by_grade.Rd"/>
    <testcase time="0.12" classname="examples" name="example_tm_t_smq.Rd"/>
    <testcase time="0.0720000000000001" classname="examples" name="example_tm_t_summary.Rd"/>
    <testcase time="0.105" classname="examples" name="example_tm_t_summary_by.Rd"/>
    <testcase time="0.0879999999999992" classname="examples" name="example_tm_t_tte.Rd"/>
    <testcase time="0.00800000000000001" classname="examples" name="example_validate_arm.Rd"/>
    <testcase time="0.00800000000000001" classname="examples" name="example_validate_standard_inputs.Rd"/>
  </testsuite>
  <testsuite name="facet_grid_formula" timestamp="2025-02-11T10:09:43Z" hostname="b8e80419198c" tests="4" skipped="0" failures="0" errors="0" time="0.023">
    <testcase time="0.0150000000000006" classname="facet_grid_formula" name="facet_grid_formula_works"/>
    <testcase time="0.00300000000000011" classname="facet_grid_formula" name="facet_grid_formula_works"/>
    <testcase time="0.00199999999999978" classname="facet_grid_formula" name="facet_grid_formula_works"/>
    <testcase time="0.00300000000000011" classname="facet_grid_formula" name="facet_grid_formula_works"/>
  </testsuite>
  <testsuite name="shinytest2-tm_a_gee" timestamp="2025-02-11T10:09:43Z" hostname="b8e80419198c" tests="48" skipped="0" failures="0" errors="0" time="131.621">
    <testcase time="7.452" classname="shinytest2_tm_a_gee" name="e2e_tm_a_gee_Module_initializes_in_teal_without_errors_and_produces_table_output."/>
    <testcase time="0.00600000000000023" classname="shinytest2_tm_a_gee" name="e2e_tm_a_gee_Module_initializes_in_teal_without_errors_and_produces_table_output."/>
    <testcase time="2.099" classname="shinytest2_tm_a_gee" name="e2e_tm_a_gee_Module_initializes_in_teal_without_errors_and_produces_table_output."/>
    <testcase time="6.904" classname="shinytest2_tm_a_gee" name="e2e_tm_a_gee_Starts_with_specified_label_id_var_arm_var_visit_var_paramcd_cov_var_conf_level_and_conf_struct."/>
    <testcase time="0.0850000000000009" classname="shinytest2_tm_a_gee" name="e2e_tm_a_gee_Starts_with_specified_label_id_var_arm_var_visit_var_paramcd_cov_var_conf_level_and_conf_struct."/>
    <testcase time="0.0519999999999996" classname="shinytest2_tm_a_gee" name="e2e_tm_a_gee_Starts_with_specified_label_id_var_arm_var_visit_var_paramcd_cov_var_conf_level_and_conf_struct."/>
    <testcase time="0.0519999999999996" classname="shinytest2_tm_a_gee" name="e2e_tm_a_gee_Starts_with_specified_label_id_var_arm_var_visit_var_paramcd_cov_var_conf_level_and_conf_struct."/>
    <testcase time="0.0520000000000032" classname="shinytest2_tm_a_gee" name="e2e_tm_a_gee_Starts_with_specified_label_id_var_arm_var_visit_var_paramcd_cov_var_conf_level_and_conf_struct."/>
    <testcase time="0.0519999999999996" classname="shinytest2_tm_a_gee" name="e2e_tm_a_gee_Starts_with_specified_label_id_var_arm_var_visit_var_paramcd_cov_var_conf_level_and_conf_struct."/>
    <testcase time="0.0519999999999996" classname="shinytest2_tm_a_gee" name="e2e_tm_a_gee_Starts_with_specified_label_id_var_arm_var_visit_var_paramcd_cov_var_conf_level_and_conf_struct."/>
    <testcase time="0.0530000000000008" classname="shinytest2_tm_a_gee" name="e2e_tm_a_gee_Starts_with_specified_label_id_var_arm_var_visit_var_paramcd_cov_var_conf_level_and_conf_struct."/>
    <testcase time="0.0519999999999996" classname="shinytest2_tm_a_gee" name="e2e_tm_a_gee_Starts_with_specified_label_id_var_arm_var_visit_var_paramcd_cov_var_conf_level_and_conf_struct."/>
    <testcase time="0.00499999999999901" classname="shinytest2_tm_a_gee" name="e2e_tm_a_gee_Starts_with_specified_label_id_var_arm_var_visit_var_paramcd_cov_var_conf_level_and_conf_struct."/>
    <testcase time="7.898" classname="shinytest2_tm_a_gee" name="e2e_tm_a_gee_Selection_of_id_var_does_not_change_the_table_and_does_not_throw_validation_errors."/>
    <testcase time="0.00600000000000023" classname="shinytest2_tm_a_gee" name="e2e_tm_a_gee_Selection_of_id_var_does_not_change_the_table_and_does_not_throw_validation_errors."/>
    <testcase time="7.202" classname="shinytest2_tm_a_gee" name="e2e_tm_a_gee_Deselection_of_id_var_throws_validation_error."/>
    <testcase time="0.00600000000000023" classname="shinytest2_tm_a_gee" name="e2e_tm_a_gee_Deselection_of_id_var_throws_validation_error."/>
    <testcase time="0.00600000000000023" classname="shinytest2_tm_a_gee" name="e2e_tm_a_gee_Deselection_of_id_var_throws_validation_error."/>
    <testcase time="7.816" classname="shinytest2_tm_a_gee" name="e2e_tm_a_gee_Change_in_arm_var_changes_the_table_and_does_not_throw_validation_errors."/>
    <testcase time="0.00600000000000023" classname="shinytest2_tm_a_gee" name="e2e_tm_a_gee_Change_in_arm_var_changes_the_table_and_does_not_throw_validation_errors."/>
    <testcase time="7.255" classname="shinytest2_tm_a_gee" name="e2e_tm_a_gee_Deselection_of_arm_var_throws_validation_error."/>
    <testcase time="0.00600000000000023" classname="shinytest2_tm_a_gee" name="e2e_tm_a_gee_Deselection_of_arm_var_throws_validation_error."/>
    <testcase time="0.00500000000000256" classname="shinytest2_tm_a_gee" name="e2e_tm_a_gee_Deselection_of_arm_var_throws_validation_error."/>
    <testcase time="7.849" classname="shinytest2_tm_a_gee" name="e2e_tm_a_gee_Selection_of_visit_var_does_not_change_the_table_and_does_not_throw_validation_errors."/>
    <testcase time="0.00600000000000023" classname="shinytest2_tm_a_gee" name="e2e_tm_a_gee_Selection_of_visit_var_does_not_change_the_table_and_does_not_throw_validation_errors."/>
    <testcase time="7.889" classname="shinytest2_tm_a_gee" name="e2e_tm_a_gee_Deselection_of_visit_var_throws_validation_error."/>
    <testcase time="0.00600000000000023" classname="shinytest2_tm_a_gee" name="e2e_tm_a_gee_Deselection_of_visit_var_throws_validation_error."/>
    <testcase time="0.00600000000000023" classname="shinytest2_tm_a_gee" name="e2e_tm_a_gee_Deselection_of_visit_var_throws_validation_error."/>
    <testcase time="8.123" classname="shinytest2_tm_a_gee" name="e2e_tm_a_gee_Selection_of_paramcd_changes_the_table_and_does_not_throw_validation_errors."/>
    <testcase time="0.00599999999998602" classname="shinytest2_tm_a_gee" name="e2e_tm_a_gee_Selection_of_paramcd_changes_the_table_and_does_not_throw_validation_errors."/>
    <testcase time="7.32000000000001" classname="shinytest2_tm_a_gee" name="e2e_tm_a_gee_Deselection_of_paramcd_throws_validation_error."/>
    <testcase time="0.00600000000000023" classname="shinytest2_tm_a_gee" name="e2e_tm_a_gee_Deselection_of_paramcd_throws_validation_error."/>
    <testcase time="0.00600000000000023" classname="shinytest2_tm_a_gee" name="e2e_tm_a_gee_Deselection_of_paramcd_throws_validation_error."/>
    <testcase time="7.91200000000001" classname="shinytest2_tm_a_gee" name="e2e_tm_a_gee_Selection_of_cov_var_changes_the_table_and_does_not_throw_validation_errors."/>
    <testcase time="0.00600000000000023" classname="shinytest2_tm_a_gee" name="e2e_tm_a_gee_Selection_of_cov_var_changes_the_table_and_does_not_throw_validation_errors."/>
    <testcase time="7.76599999999999" classname="shinytest2_tm_a_gee" name="e2e_tm_a_gee_Selection_of_conf_level_changes_the_table_and_does_not_throw_validation_errors."/>
    <testcase time="0.00600000000000023" classname="shinytest2_tm_a_gee" name="e2e_tm_a_gee_Selection_of_conf_level_changes_the_table_and_does_not_throw_validation_errors."/>
    <testcase time="7.259" classname="shinytest2_tm_a_gee" name="e2e_tm_a_gee_Selection_of_conf_level_out_of_0_1_range_throws_validation_error."/>
    <testcase time="0.00600000000000023" classname="shinytest2_tm_a_gee" name="e2e_tm_a_gee_Selection_of_conf_level_out_of_0_1_range_throws_validation_error."/>
    <testcase time="0.00499999999999545" classname="shinytest2_tm_a_gee" name="e2e_tm_a_gee_Selection_of_conf_level_out_of_0_1_range_throws_validation_error."/>
    <testcase time="7.34700000000001" classname="shinytest2_tm_a_gee" name="e2e_tm_a_gee_Deselection_of_conf_level_throws_validation_error."/>
    <testcase time="0.00600000000000023" classname="shinytest2_tm_a_gee" name="e2e_tm_a_gee_Deselection_of_conf_level_throws_validation_error."/>
    <testcase time="0.00699999999999079" classname="shinytest2_tm_a_gee" name="e2e_tm_a_gee_Deselection_of_conf_level_throws_validation_error."/>
    <testcase time="7.733" classname="shinytest2_tm_a_gee" name="e2e_tm_a_gee_Selection_of_cor_struct_changes_the_table_and_does_not_throw_validation_errors."/>
    <testcase time="0.0100000000000051" classname="shinytest2_tm_a_gee" name="e2e_tm_a_gee_Selection_of_cor_struct_changes_the_table_and_does_not_throw_validation_errors."/>
    <testcase time="7.46300000000001" classname="shinytest2_tm_a_gee" name="e2e_tm_a_gee_Deselection_of_cor_struct_does_not_throw_validation_error."/>
    <testcase time="7.74599999999998" classname="shinytest2_tm_a_gee" name="e2e_tm_a_gee_Selection_of_output_table_changes_the_table_and_doesn_t_throw_validation_error."/>
    <testcase time="0.0100000000000193" classname="shinytest2_tm_a_gee" name="e2e_tm_a_gee_Selection_of_output_table_changes_the_table_and_doesn_t_throw_validation_error."/>
  </testsuite>
  <testsuite name="shinytest2-tm_a_mmrm" timestamp="2025-02-11T10:11:55Z" hostname="b8e80419198c" tests="309" skipped="0" failures="0" errors="0" time="748.274">
    <testcase time="6.17599999999999" classname="shinytest2_tm_a_mmrm" name="e2e_tm_a_mmrm_Module_initializes_in_teal_without_errors_and_displays_a_message_to_click_Fit_Model_."/>
    <testcase time="0.007000000000005" classname="shinytest2_tm_a_mmrm" name="e2e_tm_a_mmrm_Module_initializes_in_teal_without_errors_and_displays_a_message_to_click_Fit_Model_."/>
    <testcase time="0.00499999999999545" classname="shinytest2_tm_a_mmrm" name="e2e_tm_a_mmrm_Module_initializes_in_teal_without_errors_and_displays_a_message_to_click_Fit_Model_."/>
    <testcase time="6.26400000000001" classname="shinytest2_tm_a_mmrm" name="e2e_tm_a_mmrm_Module_initializes_with_specified_label_aval_var_paramcd_visit_var_cov_var_arm_var_buckets_combine_comp_arms_id_var_cor_struct_weights_emmeans_conf_level_method_parallel_and_output_function."/>
    <testcase time="0.0900000000000034" classname="shinytest2_tm_a_mmrm" name="e2e_tm_a_mmrm_Module_initializes_with_specified_label_aval_var_paramcd_visit_var_cov_var_arm_var_buckets_combine_comp_arms_id_var_cor_struct_weights_emmeans_conf_level_method_parallel_and_output_function."/>
    <testcase time="0.0519999999999925" classname="shinytest2_tm_a_mmrm" name="e2e_tm_a_mmrm_Module_initializes_with_specified_label_aval_var_paramcd_visit_var_cov_var_arm_var_buckets_combine_comp_arms_id_var_cor_struct_weights_emmeans_conf_level_method_parallel_and_output_function."/>
    <testcase time="0.0519999999999925" classname="shinytest2_tm_a_mmrm" name="e2e_tm_a_mmrm_Module_initializes_with_specified_label_aval_var_paramcd_visit_var_cov_var_arm_var_buckets_combine_comp_arms_id_var_cor_struct_weights_emmeans_conf_level_method_parallel_and_output_function."/>
    <testcase time="0.0519999999999925" classname="shinytest2_tm_a_mmrm" name="e2e_tm_a_mmrm_Module_initializes_with_specified_label_aval_var_paramcd_visit_var_cov_var_arm_var_buckets_combine_comp_arms_id_var_cor_struct_weights_emmeans_conf_level_method_parallel_and_output_function."/>
    <testcase time="0.0520000000000209" classname="shinytest2_tm_a_mmrm" name="e2e_tm_a_mmrm_Module_initializes_with_specified_label_aval_var_paramcd_visit_var_cov_var_arm_var_buckets_combine_comp_arms_id_var_cor_struct_weights_emmeans_conf_level_method_parallel_and_output_function."/>
    <testcase time="0.0519999999999925" classname="shinytest2_tm_a_mmrm" name="e2e_tm_a_mmrm_Module_initializes_with_specified_label_aval_var_paramcd_visit_var_cov_var_arm_var_buckets_combine_comp_arms_id_var_cor_struct_weights_emmeans_conf_level_method_parallel_and_output_function."/>
    <testcase time="0.0509999999999877" classname="shinytest2_tm_a_mmrm" name="e2e_tm_a_mmrm_Module_initializes_with_specified_label_aval_var_paramcd_visit_var_cov_var_arm_var_buckets_combine_comp_arms_id_var_cor_struct_weights_emmeans_conf_level_method_parallel_and_output_function."/>
    <testcase time="0.0529999999999973" classname="shinytest2_tm_a_mmrm" name="e2e_tm_a_mmrm_Module_initializes_with_specified_label_aval_var_paramcd_visit_var_cov_var_arm_var_buckets_combine_comp_arms_id_var_cor_struct_weights_emmeans_conf_level_method_parallel_and_output_function."/>
    <testcase time="0.0520000000000209" classname="shinytest2_tm_a_mmrm" name="e2e_tm_a_mmrm_Module_initializes_with_specified_label_aval_var_paramcd_visit_var_cov_var_arm_var_buckets_combine_comp_arms_id_var_cor_struct_weights_emmeans_conf_level_method_parallel_and_output_function."/>
    <testcase time="0.0569999999999879" classname="shinytest2_tm_a_mmrm" name="e2e_tm_a_mmrm_Module_initializes_with_specified_label_aval_var_paramcd_visit_var_cov_var_arm_var_buckets_combine_comp_arms_id_var_cor_struct_weights_emmeans_conf_level_method_parallel_and_output_function."/>
    <testcase time="0.0519999999999925" classname="shinytest2_tm_a_mmrm" name="e2e_tm_a_mmrm_Module_initializes_with_specified_label_aval_var_paramcd_visit_var_cov_var_arm_var_buckets_combine_comp_arms_id_var_cor_struct_weights_emmeans_conf_level_method_parallel_and_output_function."/>
    <testcase time="0.0520000000000209" classname="shinytest2_tm_a_mmrm" name="e2e_tm_a_mmrm_Module_initializes_with_specified_label_aval_var_paramcd_visit_var_cov_var_arm_var_buckets_combine_comp_arms_id_var_cor_struct_weights_emmeans_conf_level_method_parallel_and_output_function."/>
    <testcase time="0.0509999999999877" classname="shinytest2_tm_a_mmrm" name="e2e_tm_a_mmrm_Module_initializes_with_specified_label_aval_var_paramcd_visit_var_cov_var_arm_var_buckets_combine_comp_arms_id_var_cor_struct_weights_emmeans_conf_level_method_parallel_and_output_function."/>
    <testcase time="0.0529999999999973" classname="shinytest2_tm_a_mmrm" name="e2e_tm_a_mmrm_Module_initializes_with_specified_label_aval_var_paramcd_visit_var_cov_var_arm_var_buckets_combine_comp_arms_id_var_cor_struct_weights_emmeans_conf_level_method_parallel_and_output_function."/>
    <testcase time="9.77100000000002" classname="shinytest2_tm_a_mmrm" name="e2e_tm_a_mmrm_Click_on_fit_model_shows_table_for_default_selection."/>
    <testcase time="0.0949999999999989" classname="shinytest2_tm_a_mmrm" name="e2e_tm_a_mmrm_Click_on_fit_model_shows_table_for_default_selection."/>
    <testcase time="0.00499999999999545" classname="shinytest2_tm_a_mmrm" name="e2e_tm_a_mmrm_Click_on_fit_model_shows_table_for_default_selection."/>
    <testcase time="12.066" classname="shinytest2_tm_a_mmrm" name="e2e_tm_a_mmrm_Function_t_mmrm_lsmeans_selection_shows_output_settings_changing_settings_throws_no_validation_errors_and_verify_visibility_of_generated_tables."/>
    <testcase time="0.520999999999987" classname="shinytest2_tm_a_mmrm" name="e2e_tm_a_mmrm_Function_t_mmrm_lsmeans_selection_shows_output_settings_changing_settings_throws_no_validation_errors_and_verify_visibility_of_generated_tables."/>
    <testcase time="0.0860000000000127" classname="shinytest2_tm_a_mmrm" name="e2e_tm_a_mmrm_Function_t_mmrm_lsmeans_selection_shows_output_settings_changing_settings_throws_no_validation_errors_and_verify_visibility_of_generated_tables."/>
    <testcase time="0.924999999999983" classname="shinytest2_tm_a_mmrm" name="e2e_tm_a_mmrm_Function_t_mmrm_lsmeans_selection_shows_output_settings_changing_settings_throws_no_validation_errors_and_verify_visibility_of_generated_tables."/>
    <testcase time="12.066" classname="shinytest2_tm_a_mmrm" name="e2e_tm_a_mmrm_Function_g_mmrm_lsmeans_selection_shows_output_settings_changing_settings_throws_no_validation_errors_and_verify_visibility_of_generated_plots."/>
    <testcase time="1.18100000000001" classname="shinytest2_tm_a_mmrm" name="e2e_tm_a_mmrm_Function_g_mmrm_lsmeans_selection_shows_output_settings_changing_settings_throws_no_validation_errors_and_verify_visibility_of_generated_plots."/>
    <testcase time="0.0500000000000114" classname="shinytest2_tm_a_mmrm" name="e2e_tm_a_mmrm_Function_g_mmrm_lsmeans_selection_shows_output_settings_changing_settings_throws_no_validation_errors_and_verify_visibility_of_generated_plots."/>
    <testcase time="0.916999999999973" classname="shinytest2_tm_a_mmrm" name="e2e_tm_a_mmrm_Function_g_mmrm_lsmeans_selection_shows_output_settings_changing_settings_throws_no_validation_errors_and_verify_visibility_of_generated_plots."/>
    <testcase time="0.832000000000022" classname="shinytest2_tm_a_mmrm" name="e2e_tm_a_mmrm_Function_g_mmrm_lsmeans_selection_shows_output_settings_changing_settings_throws_no_validation_errors_and_verify_visibility_of_generated_plots."/>
    <testcase time="0.863" classname="shinytest2_tm_a_mmrm" name="e2e_tm_a_mmrm_Function_g_mmrm_lsmeans_selection_shows_output_settings_changing_settings_throws_no_validation_errors_and_verify_visibility_of_generated_plots."/>
    <testcase time="0.86099999999999" classname="shinytest2_tm_a_mmrm" name="e2e_tm_a_mmrm_Function_g_mmrm_lsmeans_selection_shows_output_settings_changing_settings_throws_no_validation_errors_and_verify_visibility_of_generated_plots."/>
    <testcase time="0.90100000000001" classname="shinytest2_tm_a_mmrm" name="e2e_tm_a_mmrm_Function_g_mmrm_lsmeans_selection_shows_output_settings_changing_settings_throws_no_validation_errors_and_verify_visibility_of_generated_plots."/>
    <testcase time="0.0219999999999914" classname="shinytest2_tm_a_mmrm" name="e2e_tm_a_mmrm_Function_g_mmrm_lsmeans_selection_shows_output_settings_changing_settings_throws_no_validation_errors_and_verify_visibility_of_generated_plots."/>
    <testcase time="0.00399999999999068" classname="shinytest2_tm_a_mmrm" name="e2e_tm_a_mmrm_Function_g_mmrm_lsmeans_selection_shows_output_settings_changing_settings_throws_no_validation_errors_and_verify_visibility_of_generated_plots."/>
    <testcase time="11.807" classname="shinytest2_tm_a_mmrm" name="e2e_tm_a_mmrm_Function_g_mmrm_diagnostic_selection_shows_output_settings_changing_settings_throws_no_validation_errors_and_verify_visibility_of_generated_plots."/>
    <testcase time="1.23699999999999" classname="shinytest2_tm_a_mmrm" name="e2e_tm_a_mmrm_Function_g_mmrm_diagnostic_selection_shows_output_settings_changing_settings_throws_no_validation_errors_and_verify_visibility_of_generated_plots."/>
    <testcase time="0.0269999999999868" classname="shinytest2_tm_a_mmrm" name="e2e_tm_a_mmrm_Function_g_mmrm_diagnostic_selection_shows_output_settings_changing_settings_throws_no_validation_errors_and_verify_visibility_of_generated_plots."/>
    <testcase time="0.787000000000006" classname="shinytest2_tm_a_mmrm" name="e2e_tm_a_mmrm_Function_g_mmrm_diagnostic_selection_shows_output_settings_changing_settings_throws_no_validation_errors_and_verify_visibility_of_generated_plots."/>
    <testcase time="0.0270000000000152" classname="shinytest2_tm_a_mmrm" name="e2e_tm_a_mmrm_Function_g_mmrm_diagnostic_selection_shows_output_settings_changing_settings_throws_no_validation_errors_and_verify_visibility_of_generated_plots."/>
    <testcase time="0.0029999999999859" classname="shinytest2_tm_a_mmrm" name="e2e_tm_a_mmrm_Function_g_mmrm_diagnostic_selection_shows_output_settings_changing_settings_throws_no_validation_errors_and_verify_visibility_of_generated_plots."/>
    <testcase time="10.448" classname="shinytest2_tm_a_mmrm" name="e2e_tm_a_mmrm_Deselection_of_aval_var_throws_validation_error_in_method_t_mmrm_lsmeans."/>
    <testcase time="0.61099999999999" classname="shinytest2_tm_a_mmrm" name="e2e_tm_a_mmrm_Deselection_of_aval_var_throws_validation_error_in_method_t_mmrm_lsmeans."/>
    <testcase time="0.00800000000000978" classname="shinytest2_tm_a_mmrm" name="e2e_tm_a_mmrm_Deselection_of_aval_var_throws_validation_error_in_method_t_mmrm_lsmeans."/>
    <testcase time="0.00600000000000023" classname="shinytest2_tm_a_mmrm" name="e2e_tm_a_mmrm_Deselection_of_aval_var_throws_validation_error_in_method_t_mmrm_lsmeans."/>
    <testcase time="10.431" classname="shinytest2_tm_a_mmrm" name="e2e_tm_a_mmrm_Deselection_paramcd_throws_validation_error_in_method_t_mmrm_lsmeans."/>
    <testcase time="0.607000000000028" classname="shinytest2_tm_a_mmrm" name="e2e_tm_a_mmrm_Deselection_paramcd_throws_validation_error_in_method_t_mmrm_lsmeans."/>
    <testcase time="0.0120000000000005" classname="shinytest2_tm_a_mmrm" name="e2e_tm_a_mmrm_Deselection_paramcd_throws_validation_error_in_method_t_mmrm_lsmeans."/>
    <testcase time="0.00599999999997181" classname="shinytest2_tm_a_mmrm" name="e2e_tm_a_mmrm_Deselection_paramcd_throws_validation_error_in_method_t_mmrm_lsmeans."/>
    <testcase time="10.436" classname="shinytest2_tm_a_mmrm" name="e2e_tm_a_mmrm_Deselection_of_visit_var_throws_validation_error_in_method_t_mmrm_lsmeans."/>
    <testcase time="0.617000000000019" classname="shinytest2_tm_a_mmrm" name="e2e_tm_a_mmrm_Deselection_of_visit_var_throws_validation_error_in_method_t_mmrm_lsmeans."/>
    <testcase time="0.00799999999998136" classname="shinytest2_tm_a_mmrm" name="e2e_tm_a_mmrm_Deselection_of_visit_var_throws_validation_error_in_method_t_mmrm_lsmeans."/>
    <testcase time="0.00600000000000023" classname="shinytest2_tm_a_mmrm" name="e2e_tm_a_mmrm_Deselection_of_visit_var_throws_validation_error_in_method_t_mmrm_lsmeans."/>
    <testcase time="10.173" classname="shinytest2_tm_a_mmrm" name="e2e_tm_a_mmrm_Deselection_of_arm_var_throws_validation_error_in_method_t_mmrm_lsmeans."/>
    <testcase time="0.659999999999997" classname="shinytest2_tm_a_mmrm" name="e2e_tm_a_mmrm_Deselection_of_arm_var_throws_validation_error_in_method_t_mmrm_lsmeans."/>
    <testcase time="0.0130000000000052" classname="shinytest2_tm_a_mmrm" name="e2e_tm_a_mmrm_Deselection_of_arm_var_throws_validation_error_in_method_t_mmrm_lsmeans."/>
    <testcase time="0.00600000000000023" classname="shinytest2_tm_a_mmrm" name="e2e_tm_a_mmrm_Deselection_of_arm_var_throws_validation_error_in_method_t_mmrm_lsmeans."/>
    <testcase time="10.422" classname="shinytest2_tm_a_mmrm" name="e2e_tm_a_mmrm_Deselection_of_id_var_throws_validation_error_in_method_t_mmrm_lsmeans."/>
    <testcase time="0.601999999999975" classname="shinytest2_tm_a_mmrm" name="e2e_tm_a_mmrm_Deselection_of_id_var_throws_validation_error_in_method_t_mmrm_lsmeans."/>
    <testcase time="0.007000000000005" classname="shinytest2_tm_a_mmrm" name="e2e_tm_a_mmrm_Deselection_of_id_var_throws_validation_error_in_method_t_mmrm_lsmeans."/>
    <testcase time="0.0110000000000241" classname="shinytest2_tm_a_mmrm" name="e2e_tm_a_mmrm_Deselection_of_id_var_throws_validation_error_in_method_t_mmrm_lsmeans."/>
    <testcase time="10.347" classname="shinytest2_tm_a_mmrm" name="e2e_tm_a_mmrm_Deselection_of_conf_level_throws_validation_error_in_method_t_mmrm_lsmeans."/>
    <testcase time="0.581000000000017" classname="shinytest2_tm_a_mmrm" name="e2e_tm_a_mmrm_Deselection_of_conf_level_throws_validation_error_in_method_t_mmrm_lsmeans."/>
    <testcase time="0.00799999999998136" classname="shinytest2_tm_a_mmrm" name="e2e_tm_a_mmrm_Deselection_of_conf_level_throws_validation_error_in_method_t_mmrm_lsmeans."/>
    <testcase time="0.00599999999997181" classname="shinytest2_tm_a_mmrm" name="e2e_tm_a_mmrm_Deselection_of_conf_level_throws_validation_error_in_method_t_mmrm_lsmeans."/>
    <testcase time="10.835" classname="shinytest2_tm_a_mmrm" name="e2e_tm_a_mmrm_Deselection_of_aval_var_throws_validation_error_in_method_g_mmrm_lsmeans."/>
    <testcase time="0.651999999999987" classname="shinytest2_tm_a_mmrm" name="e2e_tm_a_mmrm_Deselection_of_aval_var_throws_validation_error_in_method_g_mmrm_lsmeans."/>
    <testcase time="0.00799999999998136" classname="shinytest2_tm_a_mmrm" name="e2e_tm_a_mmrm_Deselection_of_aval_var_throws_validation_error_in_method_g_mmrm_lsmeans."/>
    <testcase time="0.00600000000002865" classname="shinytest2_tm_a_mmrm" name="e2e_tm_a_mmrm_Deselection_of_aval_var_throws_validation_error_in_method_g_mmrm_lsmeans."/>
    <testcase time="10.889" classname="shinytest2_tm_a_mmrm" name="e2e_tm_a_mmrm_Deselection_paramcd_throws_validation_error_in_method_g_mmrm_lsmeans."/>
    <testcase time="0.673999999999978" classname="shinytest2_tm_a_mmrm" name="e2e_tm_a_mmrm_Deselection_paramcd_throws_validation_error_in_method_g_mmrm_lsmeans."/>
    <testcase time="0.00799999999998136" classname="shinytest2_tm_a_mmrm" name="e2e_tm_a_mmrm_Deselection_paramcd_throws_validation_error_in_method_g_mmrm_lsmeans."/>
    <testcase time="0.007000000000005" classname="shinytest2_tm_a_mmrm" name="e2e_tm_a_mmrm_Deselection_paramcd_throws_validation_error_in_method_g_mmrm_lsmeans."/>
    <testcase time="10.828" classname="shinytest2_tm_a_mmrm" name="e2e_tm_a_mmrm_Deselection_of_visit_var_throws_validation_error_in_method_g_mmrm_lsmeans."/>
    <testcase time="0.656999999999982" classname="shinytest2_tm_a_mmrm" name="e2e_tm_a_mmrm_Deselection_of_visit_var_throws_validation_error_in_method_g_mmrm_lsmeans."/>
    <testcase time="0.0129999999999768" classname="shinytest2_tm_a_mmrm" name="e2e_tm_a_mmrm_Deselection_of_visit_var_throws_validation_error_in_method_g_mmrm_lsmeans."/>
    <testcase time="0.007000000000005" classname="shinytest2_tm_a_mmrm" name="e2e_tm_a_mmrm_Deselection_of_visit_var_throws_validation_error_in_method_g_mmrm_lsmeans."/>
    <testcase time="11.118" classname="shinytest2_tm_a_mmrm" name="e2e_tm_a_mmrm_Deselection_of_arm_var_throws_validation_error_in_method_g_mmrm_lsmeans."/>
    <testcase time="0.686000000000035" classname="shinytest2_tm_a_mmrm" name="e2e_tm_a_mmrm_Deselection_of_arm_var_throws_validation_error_in_method_g_mmrm_lsmeans."/>
    <testcase time="0.00799999999998136" classname="shinytest2_tm_a_mmrm" name="e2e_tm_a_mmrm_Deselection_of_arm_var_throws_validation_error_in_method_g_mmrm_lsmeans."/>
    <testcase time="0.00600000000002865" classname="shinytest2_tm_a_mmrm" name="e2e_tm_a_mmrm_Deselection_of_arm_var_throws_validation_error_in_method_g_mmrm_lsmeans."/>
    <testcase time="10.944" classname="shinytest2_tm_a_mmrm" name="e2e_tm_a_mmrm_Deselection_of_id_var_throws_validation_error_in_method_g_mmrm_lsmeans."/>
    <testcase time="0.645000000000039" classname="shinytest2_tm_a_mmrm" name="e2e_tm_a_mmrm_Deselection_of_id_var_throws_validation_error_in_method_g_mmrm_lsmeans."/>
    <testcase time="0.00799999999998136" classname="shinytest2_tm_a_mmrm" name="e2e_tm_a_mmrm_Deselection_of_id_var_throws_validation_error_in_method_g_mmrm_lsmeans."/>
    <testcase time="0.00600000000002865" classname="shinytest2_tm_a_mmrm" name="e2e_tm_a_mmrm_Deselection_of_id_var_throws_validation_error_in_method_g_mmrm_lsmeans."/>
    <testcase time="11.239" classname="shinytest2_tm_a_mmrm" name="e2e_tm_a_mmrm_Deselection_of_conf_level_throws_validation_error_in_method_g_mmrm_lsmeans."/>
    <testcase time="0.613" classname="shinytest2_tm_a_mmrm" name="e2e_tm_a_mmrm_Deselection_of_conf_level_throws_validation_error_in_method_g_mmrm_lsmeans."/>
    <testcase time="0.00900000000001455" classname="shinytest2_tm_a_mmrm" name="e2e_tm_a_mmrm_Deselection_of_conf_level_throws_validation_error_in_method_g_mmrm_lsmeans."/>
    <testcase time="0.007000000000005" classname="shinytest2_tm_a_mmrm" name="e2e_tm_a_mmrm_Deselection_of_conf_level_throws_validation_error_in_method_g_mmrm_lsmeans."/>
    <testcase time="10.669" classname="shinytest2_tm_a_mmrm" name="e2e_tm_a_mmrm_Deselection_of_aval_var_throws_validation_error_in_method_t_mmrm_cov."/>
    <testcase time="0.634000000000015" classname="shinytest2_tm_a_mmrm" name="e2e_tm_a_mmrm_Deselection_of_aval_var_throws_validation_error_in_method_t_mmrm_cov."/>
    <testcase time="0.007000000000005" classname="shinytest2_tm_a_mmrm" name="e2e_tm_a_mmrm_Deselection_of_aval_var_throws_validation_error_in_method_t_mmrm_cov."/>
    <testcase time="0.00699999999994816" classname="shinytest2_tm_a_mmrm" name="e2e_tm_a_mmrm_Deselection_of_aval_var_throws_validation_error_in_method_t_mmrm_cov."/>
    <testcase time="10.35" classname="shinytest2_tm_a_mmrm" name="e2e_tm_a_mmrm_Deselection_paramcd_throws_validation_error_in_method_t_mmrm_cov."/>
    <testcase time="0.600999999999999" classname="shinytest2_tm_a_mmrm" name="e2e_tm_a_mmrm_Deselection_paramcd_throws_validation_error_in_method_t_mmrm_cov."/>
    <testcase time="0.00799999999998136" classname="shinytest2_tm_a_mmrm" name="e2e_tm_a_mmrm_Deselection_paramcd_throws_validation_error_in_method_t_mmrm_cov."/>
    <testcase time="0.007000000000005" classname="shinytest2_tm_a_mmrm" name="e2e_tm_a_mmrm_Deselection_paramcd_throws_validation_error_in_method_t_mmrm_cov."/>
    <testcase time="10.618" classname="shinytest2_tm_a_mmrm" name="e2e_tm_a_mmrm_Deselection_of_visit_var_throws_validation_error_in_method_t_mmrm_cov."/>
    <testcase time="0.63900000000001" classname="shinytest2_tm_a_mmrm" name="e2e_tm_a_mmrm_Deselection_of_visit_var_throws_validation_error_in_method_t_mmrm_cov."/>
    <testcase time="0.0080000000000382" classname="shinytest2_tm_a_mmrm" name="e2e_tm_a_mmrm_Deselection_of_visit_var_throws_validation_error_in_method_t_mmrm_cov."/>
    <testcase time="0.00599999999997181" classname="shinytest2_tm_a_mmrm" name="e2e_tm_a_mmrm_Deselection_of_visit_var_throws_validation_error_in_method_t_mmrm_cov."/>
    <testcase time="10.288" classname="shinytest2_tm_a_mmrm" name="e2e_tm_a_mmrm_Deselection_of_arm_var_throws_validation_error_in_method_t_mmrm_cov."/>
    <testcase time="0.649000000000001" classname="shinytest2_tm_a_mmrm" name="e2e_tm_a_mmrm_Deselection_of_arm_var_throws_validation_error_in_method_t_mmrm_cov."/>
    <testcase time="0.007000000000005" classname="shinytest2_tm_a_mmrm" name="e2e_tm_a_mmrm_Deselection_of_arm_var_throws_validation_error_in_method_t_mmrm_cov."/>
    <testcase time="0.00599999999997181" classname="shinytest2_tm_a_mmrm" name="e2e_tm_a_mmrm_Deselection_of_arm_var_throws_validation_error_in_method_t_mmrm_cov."/>
    <testcase time="10.199" classname="shinytest2_tm_a_mmrm" name="e2e_tm_a_mmrm_Deselection_of_id_var_throws_validation_error_in_method_t_mmrm_cov."/>
    <testcase time="0.593000000000018" classname="shinytest2_tm_a_mmrm" name="e2e_tm_a_mmrm_Deselection_of_id_var_throws_validation_error_in_method_t_mmrm_cov."/>
    <testcase time="0.00799999999998136" classname="shinytest2_tm_a_mmrm" name="e2e_tm_a_mmrm_Deselection_of_id_var_throws_validation_error_in_method_t_mmrm_cov."/>
    <testcase time="0.00600000000002865" classname="shinytest2_tm_a_mmrm" name="e2e_tm_a_mmrm_Deselection_of_id_var_throws_validation_error_in_method_t_mmrm_cov."/>
    <testcase time="10.263" classname="shinytest2_tm_a_mmrm" name="e2e_tm_a_mmrm_Deselection_of_conf_level_throws_validation_error_in_method_t_mmrm_cov."/>
    <testcase time="0.576000000000022" classname="shinytest2_tm_a_mmrm" name="e2e_tm_a_mmrm_Deselection_of_conf_level_throws_validation_error_in_method_t_mmrm_cov."/>
    <testcase time="0.007000000000005" classname="shinytest2_tm_a_mmrm" name="e2e_tm_a_mmrm_Deselection_of_conf_level_throws_validation_error_in_method_t_mmrm_cov."/>
    <testcase time="0.00599999999997181" classname="shinytest2_tm_a_mmrm" name="e2e_tm_a_mmrm_Deselection_of_conf_level_throws_validation_error_in_method_t_mmrm_cov."/>
    <testcase time="10.67" classname="shinytest2_tm_a_mmrm" name="e2e_tm_a_mmrm_Deselection_of_aval_var_throws_validation_error_in_method_t_mmrm_fixed."/>
    <testcase time="0.617999999999995" classname="shinytest2_tm_a_mmrm" name="e2e_tm_a_mmrm_Deselection_of_aval_var_throws_validation_error_in_method_t_mmrm_fixed."/>
    <testcase time="0.007000000000005" classname="shinytest2_tm_a_mmrm" name="e2e_tm_a_mmrm_Deselection_of_aval_var_throws_validation_error_in_method_t_mmrm_fixed."/>
    <testcase time="0.007000000000005" classname="shinytest2_tm_a_mmrm" name="e2e_tm_a_mmrm_Deselection_of_aval_var_throws_validation_error_in_method_t_mmrm_fixed."/>
    <testcase time="10.462" classname="shinytest2_tm_a_mmrm" name="e2e_tm_a_mmrm_Deselection_paramcd_throws_validation_error_in_method_t_mmrm_fixed."/>
    <testcase time="0.61099999999999" classname="shinytest2_tm_a_mmrm" name="e2e_tm_a_mmrm_Deselection_paramcd_throws_validation_error_in_method_t_mmrm_fixed."/>
    <testcase time="0.0080000000000382" classname="shinytest2_tm_a_mmrm" name="e2e_tm_a_mmrm_Deselection_paramcd_throws_validation_error_in_method_t_mmrm_fixed."/>
    <testcase time="0.00599999999997181" classname="shinytest2_tm_a_mmrm" name="e2e_tm_a_mmrm_Deselection_paramcd_throws_validation_error_in_method_t_mmrm_fixed."/>
    <testcase time="10.46" classname="shinytest2_tm_a_mmrm" name="e2e_tm_a_mmrm_Deselection_of_visit_var_throws_validation_error_in_method_t_mmrm_fixed."/>
    <testcase time="0.637" classname="shinytest2_tm_a_mmrm" name="e2e_tm_a_mmrm_Deselection_of_visit_var_throws_validation_error_in_method_t_mmrm_fixed."/>
    <testcase time="0.00799999999998136" classname="shinytest2_tm_a_mmrm" name="e2e_tm_a_mmrm_Deselection_of_visit_var_throws_validation_error_in_method_t_mmrm_fixed."/>
    <testcase time="0.007000000000005" classname="shinytest2_tm_a_mmrm" name="e2e_tm_a_mmrm_Deselection_of_visit_var_throws_validation_error_in_method_t_mmrm_fixed."/>
    <testcase time="10.678" classname="shinytest2_tm_a_mmrm" name="e2e_tm_a_mmrm_Deselection_of_arm_var_throws_validation_error_in_method_t_mmrm_fixed."/>
    <testcase time="0.656999999999982" classname="shinytest2_tm_a_mmrm" name="e2e_tm_a_mmrm_Deselection_of_arm_var_throws_validation_error_in_method_t_mmrm_fixed."/>
    <testcase time="0.0080000000000382" classname="shinytest2_tm_a_mmrm" name="e2e_tm_a_mmrm_Deselection_of_arm_var_throws_validation_error_in_method_t_mmrm_fixed."/>
    <testcase time="0.00699999999994816" classname="shinytest2_tm_a_mmrm" name="e2e_tm_a_mmrm_Deselection_of_arm_var_throws_validation_error_in_method_t_mmrm_fixed."/>
    <testcase time="10.697" classname="shinytest2_tm_a_mmrm" name="e2e_tm_a_mmrm_Deselection_of_id_var_throws_validation_error_in_method_t_mmrm_fixed."/>
    <testcase time="0.609000000000037" classname="shinytest2_tm_a_mmrm" name="e2e_tm_a_mmrm_Deselection_of_id_var_throws_validation_error_in_method_t_mmrm_fixed."/>
    <testcase time="0.00799999999998136" classname="shinytest2_tm_a_mmrm" name="e2e_tm_a_mmrm_Deselection_of_id_var_throws_validation_error_in_method_t_mmrm_fixed."/>
    <testcase time="0.007000000000005" classname="shinytest2_tm_a_mmrm" name="e2e_tm_a_mmrm_Deselection_of_id_var_throws_validation_error_in_method_t_mmrm_fixed."/>
    <testcase time="10.374" classname="shinytest2_tm_a_mmrm" name="e2e_tm_a_mmrm_Deselection_of_conf_level_throws_validation_error_in_method_t_mmrm_fixed."/>
    <testcase time="0.590999999999951" classname="shinytest2_tm_a_mmrm" name="e2e_tm_a_mmrm_Deselection_of_conf_level_throws_validation_error_in_method_t_mmrm_fixed."/>
    <testcase time="0.0080000000000382" classname="shinytest2_tm_a_mmrm" name="e2e_tm_a_mmrm_Deselection_of_conf_level_throws_validation_error_in_method_t_mmrm_fixed."/>
    <testcase time="0.007000000000005" classname="shinytest2_tm_a_mmrm" name="e2e_tm_a_mmrm_Deselection_of_conf_level_throws_validation_error_in_method_t_mmrm_fixed."/>
    <testcase time="10.314" classname="shinytest2_tm_a_mmrm" name="e2e_tm_a_mmrm_Deselection_of_aval_var_throws_validation_error_in_method_t_mmrm_diagnostic."/>
    <testcase time="0.628000000000043" classname="shinytest2_tm_a_mmrm" name="e2e_tm_a_mmrm_Deselection_of_aval_var_throws_validation_error_in_method_t_mmrm_diagnostic."/>
    <testcase time="0.00799999999998136" classname="shinytest2_tm_a_mmrm" name="e2e_tm_a_mmrm_Deselection_of_aval_var_throws_validation_error_in_method_t_mmrm_diagnostic."/>
    <testcase time="0.00599999999997181" classname="shinytest2_tm_a_mmrm" name="e2e_tm_a_mmrm_Deselection_of_aval_var_throws_validation_error_in_method_t_mmrm_diagnostic."/>
    <testcase time="10.287" classname="shinytest2_tm_a_mmrm" name="e2e_tm_a_mmrm_Deselection_paramcd_throws_validation_error_in_method_t_mmrm_diagnostic."/>
    <testcase time="0.606999999999971" classname="shinytest2_tm_a_mmrm" name="e2e_tm_a_mmrm_Deselection_paramcd_throws_validation_error_in_method_t_mmrm_diagnostic."/>
    <testcase time="0.0080000000000382" classname="shinytest2_tm_a_mmrm" name="e2e_tm_a_mmrm_Deselection_paramcd_throws_validation_error_in_method_t_mmrm_diagnostic."/>
    <testcase time="0.00599999999997181" classname="shinytest2_tm_a_mmrm" name="e2e_tm_a_mmrm_Deselection_paramcd_throws_validation_error_in_method_t_mmrm_diagnostic."/>
    <testcase time="10.33" classname="shinytest2_tm_a_mmrm" name="e2e_tm_a_mmrm_Deselection_of_visit_var_throws_validation_error_in_method_t_mmrm_diagnostic."/>
    <testcase time="0.598000000000013" classname="shinytest2_tm_a_mmrm" name="e2e_tm_a_mmrm_Deselection_of_visit_var_throws_validation_error_in_method_t_mmrm_diagnostic."/>
    <testcase time="0.0080000000000382" classname="shinytest2_tm_a_mmrm" name="e2e_tm_a_mmrm_Deselection_of_visit_var_throws_validation_error_in_method_t_mmrm_diagnostic."/>
    <testcase time="0.00599999999997181" classname="shinytest2_tm_a_mmrm" name="e2e_tm_a_mmrm_Deselection_of_visit_var_throws_validation_error_in_method_t_mmrm_diagnostic."/>
    <testcase time="10.3320000000001" classname="shinytest2_tm_a_mmrm" name="e2e_tm_a_mmrm_Deselection_of_arm_var_throws_validation_error_in_method_t_mmrm_diagnostic."/>
    <testcase time="0.63799999999992" classname="shinytest2_tm_a_mmrm" name="e2e_tm_a_mmrm_Deselection_of_arm_var_throws_validation_error_in_method_t_mmrm_diagnostic."/>
    <testcase time="0.0080000000000382" classname="shinytest2_tm_a_mmrm" name="e2e_tm_a_mmrm_Deselection_of_arm_var_throws_validation_error_in_method_t_mmrm_diagnostic."/>
    <testcase time="0.00699999999994816" classname="shinytest2_tm_a_mmrm" name="e2e_tm_a_mmrm_Deselection_of_arm_var_throws_validation_error_in_method_t_mmrm_diagnostic."/>
    <testcase time="10.524" classname="shinytest2_tm_a_mmrm" name="e2e_tm_a_mmrm_Deselection_of_id_var_throws_validation_error_in_method_t_mmrm_diagnostic."/>
    <testcase time="0.610000000000014" classname="shinytest2_tm_a_mmrm" name="e2e_tm_a_mmrm_Deselection_of_id_var_throws_validation_error_in_method_t_mmrm_diagnostic."/>
    <testcase time="0.00700000000006185" classname="shinytest2_tm_a_mmrm" name="e2e_tm_a_mmrm_Deselection_of_id_var_throws_validation_error_in_method_t_mmrm_diagnostic."/>
    <testcase time="0.00699999999994816" classname="shinytest2_tm_a_mmrm" name="e2e_tm_a_mmrm_Deselection_of_id_var_throws_validation_error_in_method_t_mmrm_diagnostic."/>
    <testcase time="10.575" classname="shinytest2_tm_a_mmrm" name="e2e_tm_a_mmrm_Deselection_of_conf_level_throws_validation_error_in_method_t_mmrm_diagnostic."/>
    <testcase time="0.576000000000022" classname="shinytest2_tm_a_mmrm" name="e2e_tm_a_mmrm_Deselection_of_conf_level_throws_validation_error_in_method_t_mmrm_diagnostic."/>
    <testcase time="0.00799999999992451" classname="shinytest2_tm_a_mmrm" name="e2e_tm_a_mmrm_Deselection_of_conf_level_throws_validation_error_in_method_t_mmrm_diagnostic."/>
    <testcase time="0.00599999999997181" classname="shinytest2_tm_a_mmrm" name="e2e_tm_a_mmrm_Deselection_of_conf_level_throws_validation_error_in_method_t_mmrm_diagnostic."/>
    <testcase time="10.753" classname="shinytest2_tm_a_mmrm" name="e2e_tm_a_mmrm_Deselection_of_aval_var_throws_validation_error_in_method_g_mmrm_diagnostic."/>
    <testcase time="0.645999999999958" classname="shinytest2_tm_a_mmrm" name="e2e_tm_a_mmrm_Deselection_of_aval_var_throws_validation_error_in_method_g_mmrm_diagnostic."/>
    <testcase time="0.00900000000001455" classname="shinytest2_tm_a_mmrm" name="e2e_tm_a_mmrm_Deselection_of_aval_var_throws_validation_error_in_method_g_mmrm_diagnostic."/>
    <testcase time="0.00600000000008549" classname="shinytest2_tm_a_mmrm" name="e2e_tm_a_mmrm_Deselection_of_aval_var_throws_validation_error_in_method_g_mmrm_diagnostic."/>
    <testcase time="11.1669999999999" classname="shinytest2_tm_a_mmrm" name="e2e_tm_a_mmrm_Deselection_paramcd_throws_validation_error_in_method_g_mmrm_diagnostic."/>
    <testcase time="0.658000000000015" classname="shinytest2_tm_a_mmrm" name="e2e_tm_a_mmrm_Deselection_paramcd_throws_validation_error_in_method_g_mmrm_diagnostic."/>
    <testcase time="0.0080000000000382" classname="shinytest2_tm_a_mmrm" name="e2e_tm_a_mmrm_Deselection_paramcd_throws_validation_error_in_method_g_mmrm_diagnostic."/>
    <testcase time="0.00699999999994816" classname="shinytest2_tm_a_mmrm" name="e2e_tm_a_mmrm_Deselection_paramcd_throws_validation_error_in_method_g_mmrm_diagnostic."/>
    <testcase time="11.1130000000001" classname="shinytest2_tm_a_mmrm" name="e2e_tm_a_mmrm_Deselection_of_visit_var_throws_validation_error_in_method_g_mmrm_diagnostic."/>
    <testcase time="0.699999999999932" classname="shinytest2_tm_a_mmrm" name="e2e_tm_a_mmrm_Deselection_of_visit_var_throws_validation_error_in_method_g_mmrm_diagnostic."/>
    <testcase time="0.0080000000000382" classname="shinytest2_tm_a_mmrm" name="e2e_tm_a_mmrm_Deselection_of_visit_var_throws_validation_error_in_method_g_mmrm_diagnostic."/>
    <testcase time="0.00599999999997181" classname="shinytest2_tm_a_mmrm" name="e2e_tm_a_mmrm_Deselection_of_visit_var_throws_validation_error_in_method_g_mmrm_diagnostic."/>
    <testcase time="11.2190000000001" classname="shinytest2_tm_a_mmrm" name="e2e_tm_a_mmrm_Deselection_of_arm_var_throws_validation_error_in_method_g_mmrm_diagnostic."/>
    <testcase time="0.682999999999993" classname="shinytest2_tm_a_mmrm" name="e2e_tm_a_mmrm_Deselection_of_arm_var_throws_validation_error_in_method_g_mmrm_diagnostic."/>
    <testcase time="0.00900000000001455" classname="shinytest2_tm_a_mmrm" name="e2e_tm_a_mmrm_Deselection_of_arm_var_throws_validation_error_in_method_g_mmrm_diagnostic."/>
    <testcase time="0.00700000000006185" classname="shinytest2_tm_a_mmrm" name="e2e_tm_a_mmrm_Deselection_of_arm_var_throws_validation_error_in_method_g_mmrm_diagnostic."/>
    <testcase time="11.2729999999999" classname="shinytest2_tm_a_mmrm" name="e2e_tm_a_mmrm_Deselection_of_id_var_throws_validation_error_in_method_g_mmrm_diagnostic."/>
    <testcase time="0.643000000000029" classname="shinytest2_tm_a_mmrm" name="e2e_tm_a_mmrm_Deselection_of_id_var_throws_validation_error_in_method_g_mmrm_diagnostic."/>
    <testcase time="0.0080000000000382" classname="shinytest2_tm_a_mmrm" name="e2e_tm_a_mmrm_Deselection_of_id_var_throws_validation_error_in_method_g_mmrm_diagnostic."/>
    <testcase time="0.00699999999994816" classname="shinytest2_tm_a_mmrm" name="e2e_tm_a_mmrm_Deselection_of_id_var_throws_validation_error_in_method_g_mmrm_diagnostic."/>
    <testcase time="11.0260000000001" classname="shinytest2_tm_a_mmrm" name="e2e_tm_a_mmrm_Deselection_of_conf_level_throws_validation_error_in_method_g_mmrm_diagnostic."/>
    <testcase time="0.612999999999943" classname="shinytest2_tm_a_mmrm" name="e2e_tm_a_mmrm_Deselection_of_conf_level_throws_validation_error_in_method_g_mmrm_diagnostic."/>
    <testcase time="0.0080000000000382" classname="shinytest2_tm_a_mmrm" name="e2e_tm_a_mmrm_Deselection_of_conf_level_throws_validation_error_in_method_g_mmrm_diagnostic."/>
    <testcase time="0.00699999999994816" classname="shinytest2_tm_a_mmrm" name="e2e_tm_a_mmrm_Deselection_of_conf_level_throws_validation_error_in_method_g_mmrm_diagnostic."/>
    <testcase time="10.429" classname="shinytest2_tm_a_mmrm" name="e2e_tm_a_mmrm_Validate_output_on_different_selection_on_method_t_mmrm_lsmeans."/>
    <testcase time="3.78000000000009" classname="shinytest2_tm_a_mmrm" name="e2e_tm_a_mmrm_Validate_output_on_different_selection_on_method_t_mmrm_lsmeans."/>
    <testcase time="0.00999999999999091" classname="shinytest2_tm_a_mmrm" name="e2e_tm_a_mmrm_Validate_output_on_different_selection_on_method_t_mmrm_lsmeans."/>
    <testcase time="3.54300000000001" classname="shinytest2_tm_a_mmrm" name="e2e_tm_a_mmrm_Validate_output_on_different_selection_on_method_t_mmrm_lsmeans."/>
    <testcase time="0.01299999999992" classname="shinytest2_tm_a_mmrm" name="e2e_tm_a_mmrm_Validate_output_on_different_selection_on_method_t_mmrm_lsmeans."/>
    <testcase time="3.54200000000003" classname="shinytest2_tm_a_mmrm" name="e2e_tm_a_mmrm_Validate_output_on_different_selection_on_method_t_mmrm_lsmeans."/>
    <testcase time="0.00999999999999091" classname="shinytest2_tm_a_mmrm" name="e2e_tm_a_mmrm_Validate_output_on_different_selection_on_method_t_mmrm_lsmeans."/>
    <testcase time="3.84500000000003" classname="shinytest2_tm_a_mmrm" name="e2e_tm_a_mmrm_Validate_output_on_different_selection_on_method_t_mmrm_lsmeans."/>
    <testcase time="0.00999999999999091" classname="shinytest2_tm_a_mmrm" name="e2e_tm_a_mmrm_Validate_output_on_different_selection_on_method_t_mmrm_lsmeans."/>
    <testcase time="3.94799999999998" classname="shinytest2_tm_a_mmrm" name="e2e_tm_a_mmrm_Validate_output_on_different_selection_on_method_t_mmrm_lsmeans."/>
    <testcase time="0.00999999999999091" classname="shinytest2_tm_a_mmrm" name="e2e_tm_a_mmrm_Validate_output_on_different_selection_on_method_t_mmrm_lsmeans."/>
    <testcase time="3.33000000000004" classname="shinytest2_tm_a_mmrm" name="e2e_tm_a_mmrm_Validate_output_on_different_selection_on_method_t_mmrm_lsmeans."/>
    <testcase time="0.00999999999999091" classname="shinytest2_tm_a_mmrm" name="e2e_tm_a_mmrm_Validate_output_on_different_selection_on_method_t_mmrm_lsmeans."/>
    <testcase time="3.60900000000004" classname="shinytest2_tm_a_mmrm" name="e2e_tm_a_mmrm_Validate_output_on_different_selection_on_method_t_mmrm_lsmeans."/>
    <testcase time="0.00999999999999091" classname="shinytest2_tm_a_mmrm" name="e2e_tm_a_mmrm_Validate_output_on_different_selection_on_method_t_mmrm_lsmeans."/>
    <testcase time="3.32899999999995" classname="shinytest2_tm_a_mmrm" name="e2e_tm_a_mmrm_Validate_output_on_different_selection_on_method_t_mmrm_lsmeans."/>
    <testcase time="0.00999999999999091" classname="shinytest2_tm_a_mmrm" name="e2e_tm_a_mmrm_Validate_output_on_different_selection_on_method_t_mmrm_lsmeans."/>
    <testcase time="3.33699999999999" classname="shinytest2_tm_a_mmrm" name="e2e_tm_a_mmrm_Validate_output_on_different_selection_on_method_t_mmrm_lsmeans."/>
    <testcase time="0.00999999999999091" classname="shinytest2_tm_a_mmrm" name="e2e_tm_a_mmrm_Validate_output_on_different_selection_on_method_t_mmrm_lsmeans."/>
    <testcase time="3.41500000000008" classname="shinytest2_tm_a_mmrm" name="e2e_tm_a_mmrm_Validate_output_on_different_selection_on_method_t_mmrm_lsmeans."/>
    <testcase time="0.00999999999999091" classname="shinytest2_tm_a_mmrm" name="e2e_tm_a_mmrm_Validate_output_on_different_selection_on_method_t_mmrm_lsmeans."/>
    <testcase time="3.32499999999993" classname="shinytest2_tm_a_mmrm" name="e2e_tm_a_mmrm_Validate_output_on_different_selection_on_method_t_mmrm_lsmeans."/>
    <testcase time="0.0110000000000809" classname="shinytest2_tm_a_mmrm" name="e2e_tm_a_mmrm_Validate_output_on_different_selection_on_method_t_mmrm_lsmeans."/>
    <testcase time="11.121" classname="shinytest2_tm_a_mmrm" name="e2e_tm_a_mmrm_Validate_output_on_different_selection_on_method_g_mmrm_lsmeans."/>
    <testcase time="3.86900000000003" classname="shinytest2_tm_a_mmrm" name="e2e_tm_a_mmrm_Validate_output_on_different_selection_on_method_g_mmrm_lsmeans."/>
    <testcase time="0.0249999999999773" classname="shinytest2_tm_a_mmrm" name="e2e_tm_a_mmrm_Validate_output_on_different_selection_on_method_g_mmrm_lsmeans."/>
    <testcase time="3.60599999999999" classname="shinytest2_tm_a_mmrm" name="e2e_tm_a_mmrm_Validate_output_on_different_selection_on_method_g_mmrm_lsmeans."/>
    <testcase time="0.0220000000000482" classname="shinytest2_tm_a_mmrm" name="e2e_tm_a_mmrm_Validate_output_on_different_selection_on_method_g_mmrm_lsmeans."/>
    <testcase time="3.6389999999999" classname="shinytest2_tm_a_mmrm" name="e2e_tm_a_mmrm_Validate_output_on_different_selection_on_method_g_mmrm_lsmeans."/>
    <testcase time="0.0220000000000482" classname="shinytest2_tm_a_mmrm" name="e2e_tm_a_mmrm_Validate_output_on_different_selection_on_method_g_mmrm_lsmeans."/>
    <testcase time="3.96299999999997" classname="shinytest2_tm_a_mmrm" name="e2e_tm_a_mmrm_Validate_output_on_different_selection_on_method_g_mmrm_lsmeans."/>
    <testcase time="0.02800000000002" classname="shinytest2_tm_a_mmrm" name="e2e_tm_a_mmrm_Validate_output_on_different_selection_on_method_g_mmrm_lsmeans."/>
    <testcase time="4.02200000000005" classname="shinytest2_tm_a_mmrm" name="e2e_tm_a_mmrm_Validate_output_on_different_selection_on_method_g_mmrm_lsmeans."/>
    <testcase time="0.0219999999999345" classname="shinytest2_tm_a_mmrm" name="e2e_tm_a_mmrm_Validate_output_on_different_selection_on_method_g_mmrm_lsmeans."/>
    <testcase time="3.61099999999999" classname="shinytest2_tm_a_mmrm" name="e2e_tm_a_mmrm_Validate_output_on_different_selection_on_method_g_mmrm_lsmeans."/>
    <testcase time="0.0210000000000719" classname="shinytest2_tm_a_mmrm" name="e2e_tm_a_mmrm_Validate_output_on_different_selection_on_method_g_mmrm_lsmeans."/>
    <testcase time="3.625" classname="shinytest2_tm_a_mmrm" name="e2e_tm_a_mmrm_Validate_output_on_different_selection_on_method_g_mmrm_lsmeans."/>
    <testcase time="0.0230000000000246" classname="shinytest2_tm_a_mmrm" name="e2e_tm_a_mmrm_Validate_output_on_different_selection_on_method_g_mmrm_lsmeans."/>
    <testcase time="3.596" classname="shinytest2_tm_a_mmrm" name="e2e_tm_a_mmrm_Validate_output_on_different_selection_on_method_g_mmrm_lsmeans."/>
    <testcase time="0.0229999999999109" classname="shinytest2_tm_a_mmrm" name="e2e_tm_a_mmrm_Validate_output_on_different_selection_on_method_g_mmrm_lsmeans."/>
    <testcase time="3.67600000000004" classname="shinytest2_tm_a_mmrm" name="e2e_tm_a_mmrm_Validate_output_on_different_selection_on_method_g_mmrm_lsmeans."/>
    <testcase time="0.0240000000000009" classname="shinytest2_tm_a_mmrm" name="e2e_tm_a_mmrm_Validate_output_on_different_selection_on_method_g_mmrm_lsmeans."/>
    <testcase time="3.80799999999999" classname="shinytest2_tm_a_mmrm" name="e2e_tm_a_mmrm_Validate_output_on_different_selection_on_method_g_mmrm_lsmeans."/>
    <testcase time="0.0249999999999773" classname="shinytest2_tm_a_mmrm" name="e2e_tm_a_mmrm_Validate_output_on_different_selection_on_method_g_mmrm_lsmeans."/>
    <testcase time="10.571" classname="shinytest2_tm_a_mmrm" name="e2e_tm_a_mmrm_Validate_output_on_different_selection_on_method_t_mmrm_cov."/>
    <testcase time="3.58600000000001" classname="shinytest2_tm_a_mmrm" name="e2e_tm_a_mmrm_Validate_output_on_different_selection_on_method_t_mmrm_cov."/>
    <testcase time="0.01400000000001" classname="shinytest2_tm_a_mmrm" name="e2e_tm_a_mmrm_Validate_output_on_different_selection_on_method_t_mmrm_cov."/>
    <testcase time="3.33899999999994" classname="shinytest2_tm_a_mmrm" name="e2e_tm_a_mmrm_Validate_output_on_different_selection_on_method_t_mmrm_cov."/>
    <testcase time="0.0080000000000382" classname="shinytest2_tm_a_mmrm" name="e2e_tm_a_mmrm_Validate_output_on_different_selection_on_method_t_mmrm_cov."/>
    <testcase time="3.34000000000003" classname="shinytest2_tm_a_mmrm" name="e2e_tm_a_mmrm_Validate_output_on_different_selection_on_method_t_mmrm_cov."/>
    <testcase time="0.00799999999992451" classname="shinytest2_tm_a_mmrm" name="e2e_tm_a_mmrm_Validate_output_on_different_selection_on_method_t_mmrm_cov."/>
    <testcase time="3.41600000000005" classname="shinytest2_tm_a_mmrm" name="e2e_tm_a_mmrm_Validate_output_on_different_selection_on_method_t_mmrm_cov."/>
    <testcase time="0.0080000000000382" classname="shinytest2_tm_a_mmrm" name="e2e_tm_a_mmrm_Validate_output_on_different_selection_on_method_t_mmrm_cov."/>
    <testcase time="3.69999999999993" classname="shinytest2_tm_a_mmrm" name="e2e_tm_a_mmrm_Validate_output_on_different_selection_on_method_t_mmrm_cov."/>
    <testcase time="0.0080000000000382" classname="shinytest2_tm_a_mmrm" name="e2e_tm_a_mmrm_Validate_output_on_different_selection_on_method_t_mmrm_cov."/>
    <testcase time="3.31799999999998" classname="shinytest2_tm_a_mmrm" name="e2e_tm_a_mmrm_Validate_output_on_different_selection_on_method_t_mmrm_cov."/>
    <testcase time="0.00900000000001455" classname="shinytest2_tm_a_mmrm" name="e2e_tm_a_mmrm_Validate_output_on_different_selection_on_method_t_mmrm_cov."/>
    <testcase time="3.83000000000004" classname="shinytest2_tm_a_mmrm" name="e2e_tm_a_mmrm_Validate_output_on_different_selection_on_method_t_mmrm_cov."/>
    <testcase time="0.00899999999990087" classname="shinytest2_tm_a_mmrm" name="e2e_tm_a_mmrm_Validate_output_on_different_selection_on_method_t_mmrm_cov."/>
    <testcase time="3.35800000000006" classname="shinytest2_tm_a_mmrm" name="e2e_tm_a_mmrm_Validate_output_on_different_selection_on_method_t_mmrm_cov."/>
    <testcase time="0.00900000000001455" classname="shinytest2_tm_a_mmrm" name="e2e_tm_a_mmrm_Validate_output_on_different_selection_on_method_t_mmrm_cov."/>
    <testcase time="3.36799999999994" classname="shinytest2_tm_a_mmrm" name="e2e_tm_a_mmrm_Validate_output_on_different_selection_on_method_t_mmrm_cov."/>
    <testcase time="0.0080000000000382" classname="shinytest2_tm_a_mmrm" name="e2e_tm_a_mmrm_Validate_output_on_different_selection_on_method_t_mmrm_cov."/>
    <testcase time="3.40099999999995" classname="shinytest2_tm_a_mmrm" name="e2e_tm_a_mmrm_Validate_output_on_different_selection_on_method_t_mmrm_cov."/>
    <testcase time="0.00900000000001455" classname="shinytest2_tm_a_mmrm" name="e2e_tm_a_mmrm_Validate_output_on_different_selection_on_method_t_mmrm_cov."/>
    <testcase time="3.33500000000004" classname="shinytest2_tm_a_mmrm" name="e2e_tm_a_mmrm_Validate_output_on_different_selection_on_method_t_mmrm_cov."/>
    <testcase time="0.0080000000000382" classname="shinytest2_tm_a_mmrm" name="e2e_tm_a_mmrm_Validate_output_on_different_selection_on_method_t_mmrm_cov."/>
    <testcase time="10.356" classname="shinytest2_tm_a_mmrm" name="e2e_tm_a_mmrm_Validate_output_on_different_selection_on_method_t_mmrm_fixed."/>
    <testcase time="3.56399999999996" classname="shinytest2_tm_a_mmrm" name="e2e_tm_a_mmrm_Validate_output_on_different_selection_on_method_t_mmrm_fixed."/>
    <testcase time="0.00900000000001455" classname="shinytest2_tm_a_mmrm" name="e2e_tm_a_mmrm_Validate_output_on_different_selection_on_method_t_mmrm_fixed."/>
    <testcase time="3.55999999999995" classname="shinytest2_tm_a_mmrm" name="e2e_tm_a_mmrm_Validate_output_on_different_selection_on_method_t_mmrm_fixed."/>
    <testcase time="0.00900000000001455" classname="shinytest2_tm_a_mmrm" name="e2e_tm_a_mmrm_Validate_output_on_different_selection_on_method_t_mmrm_fixed."/>
    <testcase time="3.56600000000003" classname="shinytest2_tm_a_mmrm" name="e2e_tm_a_mmrm_Validate_output_on_different_selection_on_method_t_mmrm_fixed."/>
    <testcase time="0.00900000000001455" classname="shinytest2_tm_a_mmrm" name="e2e_tm_a_mmrm_Validate_output_on_different_selection_on_method_t_mmrm_fixed."/>
    <testcase time="3.64699999999993" classname="shinytest2_tm_a_mmrm" name="e2e_tm_a_mmrm_Validate_output_on_different_selection_on_method_t_mmrm_fixed."/>
    <testcase time="0.00900000000001455" classname="shinytest2_tm_a_mmrm" name="e2e_tm_a_mmrm_Validate_output_on_different_selection_on_method_t_mmrm_fixed."/>
    <testcase time="3.78800000000001" classname="shinytest2_tm_a_mmrm" name="e2e_tm_a_mmrm_Validate_output_on_different_selection_on_method_t_mmrm_fixed."/>
    <testcase time="0.00900000000001455" classname="shinytest2_tm_a_mmrm" name="e2e_tm_a_mmrm_Validate_output_on_different_selection_on_method_t_mmrm_fixed."/>
    <testcase time="3.32500000000005" classname="shinytest2_tm_a_mmrm" name="e2e_tm_a_mmrm_Validate_output_on_different_selection_on_method_t_mmrm_fixed."/>
    <testcase time="0.00900000000001455" classname="shinytest2_tm_a_mmrm" name="e2e_tm_a_mmrm_Validate_output_on_different_selection_on_method_t_mmrm_fixed."/>
    <testcase time="3.61699999999996" classname="shinytest2_tm_a_mmrm" name="e2e_tm_a_mmrm_Validate_output_on_different_selection_on_method_t_mmrm_fixed."/>
    <testcase time="0.00900000000001455" classname="shinytest2_tm_a_mmrm" name="e2e_tm_a_mmrm_Validate_output_on_different_selection_on_method_t_mmrm_fixed."/>
    <testcase time="3.35199999999998" classname="shinytest2_tm_a_mmrm" name="e2e_tm_a_mmrm_Validate_output_on_different_selection_on_method_t_mmrm_fixed."/>
    <testcase time="0.00900000000001455" classname="shinytest2_tm_a_mmrm" name="e2e_tm_a_mmrm_Validate_output_on_different_selection_on_method_t_mmrm_fixed."/>
    <testcase time="3.36900000000003" classname="shinytest2_tm_a_mmrm" name="e2e_tm_a_mmrm_Validate_output_on_different_selection_on_method_t_mmrm_fixed."/>
    <testcase time="0.00899999999990087" classname="shinytest2_tm_a_mmrm" name="e2e_tm_a_mmrm_Validate_output_on_different_selection_on_method_t_mmrm_fixed."/>
    <testcase time="3.399" classname="shinytest2_tm_a_mmrm" name="e2e_tm_a_mmrm_Validate_output_on_different_selection_on_method_t_mmrm_fixed."/>
    <testcase time="0.00900000000001455" classname="shinytest2_tm_a_mmrm" name="e2e_tm_a_mmrm_Validate_output_on_different_selection_on_method_t_mmrm_fixed."/>
    <testcase time="3.33100000000002" classname="shinytest2_tm_a_mmrm" name="e2e_tm_a_mmrm_Validate_output_on_different_selection_on_method_t_mmrm_fixed."/>
    <testcase time="0.00900000000001455" classname="shinytest2_tm_a_mmrm" name="e2e_tm_a_mmrm_Validate_output_on_different_selection_on_method_t_mmrm_fixed."/>
    <testcase time="10.296" classname="shinytest2_tm_a_mmrm" name="e2e_tm_a_mmrm_Validate_output_on_different_selection_on_method_t_mmrm_diagnostic."/>
    <testcase time="3.3549999999999" classname="shinytest2_tm_a_mmrm" name="e2e_tm_a_mmrm_Validate_output_on_different_selection_on_method_t_mmrm_diagnostic."/>
    <testcase time="0.00900000000001455" classname="shinytest2_tm_a_mmrm" name="e2e_tm_a_mmrm_Validate_output_on_different_selection_on_method_t_mmrm_diagnostic."/>
    <testcase time="3.35700000000008" classname="shinytest2_tm_a_mmrm" name="e2e_tm_a_mmrm_Validate_output_on_different_selection_on_method_t_mmrm_diagnostic."/>
    <testcase time="0.00799999999992451" classname="shinytest2_tm_a_mmrm" name="e2e_tm_a_mmrm_Validate_output_on_different_selection_on_method_t_mmrm_diagnostic."/>
    <testcase time="3.33600000000001" classname="shinytest2_tm_a_mmrm" name="e2e_tm_a_mmrm_Validate_output_on_different_selection_on_method_t_mmrm_diagnostic."/>
    <testcase time="0.0080000000000382" classname="shinytest2_tm_a_mmrm" name="e2e_tm_a_mmrm_Validate_output_on_different_selection_on_method_t_mmrm_diagnostic."/>
    <testcase time="3.41300000000001" classname="shinytest2_tm_a_mmrm" name="e2e_tm_a_mmrm_Validate_output_on_different_selection_on_method_t_mmrm_diagnostic."/>
    <testcase time="0.00900000000001455" classname="shinytest2_tm_a_mmrm" name="e2e_tm_a_mmrm_Validate_output_on_different_selection_on_method_t_mmrm_diagnostic."/>
    <testcase time="3.72499999999991" classname="shinytest2_tm_a_mmrm" name="e2e_tm_a_mmrm_Validate_output_on_different_selection_on_method_t_mmrm_diagnostic."/>
    <testcase time="0.0080000000000382" classname="shinytest2_tm_a_mmrm" name="e2e_tm_a_mmrm_Validate_output_on_different_selection_on_method_t_mmrm_diagnostic."/>
    <testcase time="3.33799999999997" classname="shinytest2_tm_a_mmrm" name="e2e_tm_a_mmrm_Validate_output_on_different_selection_on_method_t_mmrm_diagnostic."/>
    <testcase time="0.0080000000000382" classname="shinytest2_tm_a_mmrm" name="e2e_tm_a_mmrm_Validate_output_on_different_selection_on_method_t_mmrm_diagnostic."/>
    <testcase time="3.63199999999995" classname="shinytest2_tm_a_mmrm" name="e2e_tm_a_mmrm_Validate_output_on_different_selection_on_method_t_mmrm_diagnostic."/>
    <testcase time="0.00900000000001455" classname="shinytest2_tm_a_mmrm" name="e2e_tm_a_mmrm_Validate_output_on_different_selection_on_method_t_mmrm_diagnostic."/>
    <testcase time="3.62300000000005" classname="shinytest2_tm_a_mmrm" name="e2e_tm_a_mmrm_Validate_output_on_different_selection_on_method_t_mmrm_diagnostic."/>
    <testcase time="0.0080000000000382" classname="shinytest2_tm_a_mmrm" name="e2e_tm_a_mmrm_Validate_output_on_different_selection_on_method_t_mmrm_diagnostic."/>
    <testcase time="3.46299999999997" classname="shinytest2_tm_a_mmrm" name="e2e_tm_a_mmrm_Validate_output_on_different_selection_on_method_t_mmrm_diagnostic."/>
    <testcase time="0.0080000000000382" classname="shinytest2_tm_a_mmrm" name="e2e_tm_a_mmrm_Validate_output_on_different_selection_on_method_t_mmrm_diagnostic."/>
    <testcase time="3.40899999999999" classname="shinytest2_tm_a_mmrm" name="e2e_tm_a_mmrm_Validate_output_on_different_selection_on_method_t_mmrm_diagnostic."/>
    <testcase time="0.00799999999992451" classname="shinytest2_tm_a_mmrm" name="e2e_tm_a_mmrm_Validate_output_on_different_selection_on_method_t_mmrm_diagnostic."/>
    <testcase time="3.33900000000006" classname="shinytest2_tm_a_mmrm" name="e2e_tm_a_mmrm_Validate_output_on_different_selection_on_method_t_mmrm_diagnostic."/>
    <testcase time="0.00900000000001455" classname="shinytest2_tm_a_mmrm" name="e2e_tm_a_mmrm_Validate_output_on_different_selection_on_method_t_mmrm_diagnostic."/>
    <testcase time="11.0949999999999" classname="shinytest2_tm_a_mmrm" name="e2e_tm_a_mmrm_Validate_output_on_different_selection_on_method_g_mmrm_diagnostic."/>
    <testcase time="3.678" classname="shinytest2_tm_a_mmrm" name="e2e_tm_a_mmrm_Validate_output_on_different_selection_on_method_g_mmrm_diagnostic."/>
    <testcase time="0.0230000000000246" classname="shinytest2_tm_a_mmrm" name="e2e_tm_a_mmrm_Validate_output_on_different_selection_on_method_g_mmrm_diagnostic."/>
    <testcase time="3.62200000000007" classname="shinytest2_tm_a_mmrm" name="e2e_tm_a_mmrm_Validate_output_on_different_selection_on_method_g_mmrm_diagnostic."/>
    <testcase time="0.0249999999999773" classname="shinytest2_tm_a_mmrm" name="e2e_tm_a_mmrm_Validate_output_on_different_selection_on_method_g_mmrm_diagnostic."/>
    <testcase time="3.64999999999998" classname="shinytest2_tm_a_mmrm" name="e2e_tm_a_mmrm_Validate_output_on_different_selection_on_method_g_mmrm_diagnostic."/>
    <testcase time="0.0240000000000009" classname="shinytest2_tm_a_mmrm" name="e2e_tm_a_mmrm_Validate_output_on_different_selection_on_method_g_mmrm_diagnostic."/>
    <testcase time="3.97699999999998" classname="shinytest2_tm_a_mmrm" name="e2e_tm_a_mmrm_Validate_output_on_different_selection_on_method_g_mmrm_diagnostic."/>
    <testcase time="0.0260000000000673" classname="shinytest2_tm_a_mmrm" name="e2e_tm_a_mmrm_Validate_output_on_different_selection_on_method_g_mmrm_diagnostic."/>
    <testcase time="3.61599999999999" classname="shinytest2_tm_a_mmrm" name="e2e_tm_a_mmrm_Validate_output_on_different_selection_on_method_g_mmrm_diagnostic."/>
    <testcase time="0.0259999999999536" classname="shinytest2_tm_a_mmrm" name="e2e_tm_a_mmrm_Validate_output_on_different_selection_on_method_g_mmrm_diagnostic."/>
  </testsuite>
  <testsuite name="shinytest2-tm_g_barchart_simple" timestamp="2025-02-11T10:24:23Z" hostname="b8e80419198c" tests="73" skipped="0" failures="0" errors="0" time="231.848">
    <testcase time="7.82100000000003" classname="shinytest2_tm_g_barchart_simple" name="e2e_tm_g_barchart_simple_Module_initializes_in_teal_without_errors_and_produces_output."/>
    <testcase time="0.00599999999997181" classname="shinytest2_tm_g_barchart_simple" name="e2e_tm_g_barchart_simple_Module_initializes_in_teal_without_errors_and_produces_output."/>
    <testcase time="2.14300000000003" classname="shinytest2_tm_g_barchart_simple" name="e2e_tm_g_barchart_simple_Module_initializes_in_teal_without_errors_and_produces_output."/>
    <testcase time="2.14599999999996" classname="shinytest2_tm_g_barchart_simple" name="e2e_tm_g_barchart_simple_Module_initializes_in_teal_without_errors_and_produces_output."/>
    <testcase time="7.74000000000001" classname="shinytest2_tm_g_barchart_simple" name="e2e_tm_g_barchart_simple_Starts_with_specified_label_id_var_arm_var_visit_var_paramcd_cov_var_conf_level_and_conf_struct."/>
    <testcase time="0.0910000000000082" classname="shinytest2_tm_g_barchart_simple" name="e2e_tm_g_barchart_simple_Starts_with_specified_label_id_var_arm_var_visit_var_paramcd_cov_var_conf_level_and_conf_struct."/>
    <testcase time="0.0500000000000682" classname="shinytest2_tm_g_barchart_simple" name="e2e_tm_g_barchart_simple_Starts_with_specified_label_id_var_arm_var_visit_var_paramcd_cov_var_conf_level_and_conf_struct."/>
    <testcase time="0.0509999999999309" classname="shinytest2_tm_g_barchart_simple" name="e2e_tm_g_barchart_simple_Starts_with_specified_label_id_var_arm_var_visit_var_paramcd_cov_var_conf_level_and_conf_struct."/>
    <testcase time="0.0510000000000446" classname="shinytest2_tm_g_barchart_simple" name="e2e_tm_g_barchart_simple_Starts_with_specified_label_id_var_arm_var_visit_var_paramcd_cov_var_conf_level_and_conf_struct."/>
    <testcase time="0.0520000000000209" classname="shinytest2_tm_g_barchart_simple" name="e2e_tm_g_barchart_simple_Starts_with_specified_label_id_var_arm_var_visit_var_paramcd_cov_var_conf_level_and_conf_struct."/>
    <testcase time="0.0509999999999309" classname="shinytest2_tm_g_barchart_simple" name="e2e_tm_g_barchart_simple_Starts_with_specified_label_id_var_arm_var_visit_var_paramcd_cov_var_conf_level_and_conf_struct."/>
    <testcase time="0.0510000000000446" classname="shinytest2_tm_g_barchart_simple" name="e2e_tm_g_barchart_simple_Starts_with_specified_label_id_var_arm_var_visit_var_paramcd_cov_var_conf_level_and_conf_struct."/>
    <testcase time="0.0509999999999309" classname="shinytest2_tm_g_barchart_simple" name="e2e_tm_g_barchart_simple_Starts_with_specified_label_id_var_arm_var_visit_var_paramcd_cov_var_conf_level_and_conf_struct."/>
    <testcase time="0.0520000000000209" classname="shinytest2_tm_g_barchart_simple" name="e2e_tm_g_barchart_simple_Starts_with_specified_label_id_var_arm_var_visit_var_paramcd_cov_var_conf_level_and_conf_struct."/>
    <testcase time="0.0529999999999973" classname="shinytest2_tm_g_barchart_simple" name="e2e_tm_g_barchart_simple_Starts_with_specified_label_id_var_arm_var_visit_var_paramcd_cov_var_conf_level_and_conf_struct."/>
    <testcase time="0.0520000000000209" classname="shinytest2_tm_g_barchart_simple" name="e2e_tm_g_barchart_simple_Starts_with_specified_label_id_var_arm_var_visit_var_paramcd_cov_var_conf_level_and_conf_struct."/>
    <testcase time="0.0510000000000446" classname="shinytest2_tm_g_barchart_simple" name="e2e_tm_g_barchart_simple_Starts_with_specified_label_id_var_arm_var_visit_var_paramcd_cov_var_conf_level_and_conf_struct."/>
    <testcase time="0.0519999999999072" classname="shinytest2_tm_g_barchart_simple" name="e2e_tm_g_barchart_simple_Starts_with_specified_label_id_var_arm_var_visit_var_paramcd_cov_var_conf_level_and_conf_struct."/>
    <testcase time="0.0520000000000209" classname="shinytest2_tm_g_barchart_simple" name="e2e_tm_g_barchart_simple_Starts_with_specified_label_id_var_arm_var_visit_var_paramcd_cov_var_conf_level_and_conf_struct."/>
    <testcase time="9.96699999999998" classname="shinytest2_tm_g_barchart_simple" name="e2e_tm_g_barchart_simple_Selection_of_x_changes_the_element_and_does_not_throw_validation_errors."/>
    <testcase time="0.00600000000008549" classname="shinytest2_tm_g_barchart_simple" name="e2e_tm_g_barchart_simple_Selection_of_x_changes_the_element_and_does_not_throw_validation_errors."/>
    <testcase time="8.39400000000001" classname="shinytest2_tm_g_barchart_simple" name="e2e_tm_g_barchart_simple_Deselection_of_x_throws_validation_error."/>
    <testcase time="0.00699999999994816" classname="shinytest2_tm_g_barchart_simple" name="e2e_tm_g_barchart_simple_Deselection_of_x_throws_validation_error."/>
    <testcase time="9.79499999999996" classname="shinytest2_tm_g_barchart_simple" name="e2e_tm_g_barchart_simple_Selection_of_fill_dataset_changes_the_element_and_does_not_throw_validation_errors."/>
    <testcase time="0.0850000000000364" classname="shinytest2_tm_g_barchart_simple" name="e2e_tm_g_barchart_simple_Selection_of_fill_dataset_changes_the_element_and_does_not_throw_validation_errors."/>
    <testcase time="2.23000000000002" classname="shinytest2_tm_g_barchart_simple" name="e2e_tm_g_barchart_simple_Selection_of_fill_dataset_changes_the_element_and_does_not_throw_validation_errors."/>
    <testcase time="0.00599999999997181" classname="shinytest2_tm_g_barchart_simple" name="e2e_tm_g_barchart_simple_Selection_of_fill_dataset_changes_the_element_and_does_not_throw_validation_errors."/>
    <testcase time="9.803" classname="shinytest2_tm_g_barchart_simple" name="e2e_tm_g_barchart_simple_Deselection_of_fill_dataset_changes_the_element_and_does_not_throw_validation_errors."/>
    <testcase time="0.0210000000000719" classname="shinytest2_tm_g_barchart_simple" name="e2e_tm_g_barchart_simple_Deselection_of_fill_dataset_changes_the_element_and_does_not_throw_validation_errors."/>
    <testcase time="0.00599999999997181" classname="shinytest2_tm_g_barchart_simple" name="e2e_tm_g_barchart_simple_Deselection_of_fill_dataset_changes_the_element_and_does_not_throw_validation_errors."/>
    <testcase time="9.05700000000002" classname="shinytest2_tm_g_barchart_simple" name="e2e_tm_g_barchart_simple_Selection_of_x_facet_dataset_changes_the_element_and_does_not_throw_validation_errors."/>
    <testcase time="0.0839999999999463" classname="shinytest2_tm_g_barchart_simple" name="e2e_tm_g_barchart_simple_Selection_of_x_facet_dataset_changes_the_element_and_does_not_throw_validation_errors."/>
    <testcase time="2.28399999999999" classname="shinytest2_tm_g_barchart_simple" name="e2e_tm_g_barchart_simple_Selection_of_x_facet_dataset_changes_the_element_and_does_not_throw_validation_errors."/>
    <testcase time="0.00600000000008549" classname="shinytest2_tm_g_barchart_simple" name="e2e_tm_g_barchart_simple_Selection_of_x_facet_dataset_changes_the_element_and_does_not_throw_validation_errors."/>
    <testcase time="9.24799999999993" classname="shinytest2_tm_g_barchart_simple" name="e2e_tm_g_barchart_simple_Deselection_of_x_facet_dataset_changes_the_element_and_does_not_throw_validation_errors."/>
    <testcase time="0.0209999999999582" classname="shinytest2_tm_g_barchart_simple" name="e2e_tm_g_barchart_simple_Deselection_of_x_facet_dataset_changes_the_element_and_does_not_throw_validation_errors."/>
    <testcase time="0.00600000000008549" classname="shinytest2_tm_g_barchart_simple" name="e2e_tm_g_barchart_simple_Deselection_of_x_facet_dataset_changes_the_element_and_does_not_throw_validation_errors."/>
    <testcase time="9.14199999999994" classname="shinytest2_tm_g_barchart_simple" name="e2e_tm_g_barchart_simple_Selection_of_y_facet_dataset_changes_the_element_and_does_not_throw_validation_errors."/>
    <testcase time="0.0910000000000082" classname="shinytest2_tm_g_barchart_simple" name="e2e_tm_g_barchart_simple_Selection_of_y_facet_dataset_changes_the_element_and_does_not_throw_validation_errors."/>
    <testcase time="2.04600000000005" classname="shinytest2_tm_g_barchart_simple" name="e2e_tm_g_barchart_simple_Selection_of_y_facet_dataset_changes_the_element_and_does_not_throw_validation_errors."/>
    <testcase time="0.00599999999997181" classname="shinytest2_tm_g_barchart_simple" name="e2e_tm_g_barchart_simple_Selection_of_y_facet_dataset_changes_the_element_and_does_not_throw_validation_errors."/>
    <testcase time="9.34199999999998" classname="shinytest2_tm_g_barchart_simple" name="e2e_tm_g_barchart_simple_Deselection_of_y_facet_dataset_changes_the_element_and_does_not_throw_validation_errors."/>
    <testcase time="0.0210000000000719" classname="shinytest2_tm_g_barchart_simple" name="e2e_tm_g_barchart_simple_Deselection_of_y_facet_dataset_changes_the_element_and_does_not_throw_validation_errors."/>
    <testcase time="0.00599999999997181" classname="shinytest2_tm_g_barchart_simple" name="e2e_tm_g_barchart_simple_Deselection_of_y_facet_dataset_changes_the_element_and_does_not_throw_validation_errors."/>
    <testcase time="9.404" classname="shinytest2_tm_g_barchart_simple" name="e2e_tm_g_barchart_simple_Duplicate_between_x_and_fill_selection_throws_validation_error."/>
    <testcase time="0.00799999999992451" classname="shinytest2_tm_g_barchart_simple" name="e2e_tm_g_barchart_simple_Duplicate_between_x_and_fill_selection_throws_validation_error."/>
    <testcase time="0.00700000000006185" classname="shinytest2_tm_g_barchart_simple" name="e2e_tm_g_barchart_simple_Duplicate_between_x_and_fill_selection_throws_validation_error."/>
    <testcase time="10.181" classname="shinytest2_tm_g_barchart_simple" name="e2e_tm_g_barchart_simple_Duplicate_between_x_and_x_facet_selection_throws_validation_error."/>
    <testcase time="0.00799999999992451" classname="shinytest2_tm_g_barchart_simple" name="e2e_tm_g_barchart_simple_Duplicate_between_x_and_x_facet_selection_throws_validation_error."/>
    <testcase time="0.00700000000006185" classname="shinytest2_tm_g_barchart_simple" name="e2e_tm_g_barchart_simple_Duplicate_between_x_and_x_facet_selection_throws_validation_error."/>
    <testcase time="10.2909999999999" classname="shinytest2_tm_g_barchart_simple" name="e2e_tm_g_barchart_simple_Duplicate_between_x_and_y_facet_selection_throws_validation_error."/>
    <testcase time="0.0080000000000382" classname="shinytest2_tm_g_barchart_simple" name="e2e_tm_g_barchart_simple_Duplicate_between_x_and_y_facet_selection_throws_validation_error."/>
    <testcase time="0.00699999999994816" classname="shinytest2_tm_g_barchart_simple" name="e2e_tm_g_barchart_simple_Duplicate_between_x_and_y_facet_selection_throws_validation_error."/>
    <testcase time="9.6350000000001" classname="shinytest2_tm_g_barchart_simple" name="e2e_tm_g_barchart_simple_Changing_barlayout_changes_the_plot_and_does_not_throw_validation_errors."/>
    <testcase time="0.00599999999985812" classname="shinytest2_tm_g_barchart_simple" name="e2e_tm_g_barchart_simple_Changing_barlayout_changes_the_plot_and_does_not_throw_validation_errors."/>
    <testcase time="9.58400000000006" classname="shinytest2_tm_g_barchart_simple" name="e2e_tm_g_barchart_simple_Changing_expand_y_range_changes_the_plot_and_does_not_throw_validation_errors."/>
    <testcase time="0.00600000000008549" classname="shinytest2_tm_g_barchart_simple" name="e2e_tm_g_barchart_simple_Changing_expand_y_range_changes_the_plot_and_does_not_throw_validation_errors."/>
    <testcase time="9.87899999999991" classname="shinytest2_tm_g_barchart_simple" name="e2e_tm_g_barchart_simple_Changing_facet_scale_x_changes_the_plot_and_does_not_throw_validation_errors."/>
    <testcase time="0.00600000000008549" classname="shinytest2_tm_g_barchart_simple" name="e2e_tm_g_barchart_simple_Changing_facet_scale_x_changes_the_plot_and_does_not_throw_validation_errors."/>
    <testcase time="9.66899999999987" classname="shinytest2_tm_g_barchart_simple" name="e2e_tm_g_barchart_simple_Changing_facet_scale_y_changes_the_plot_and_does_not_throw_validation_errors."/>
    <testcase time="0.00600000000008549" classname="shinytest2_tm_g_barchart_simple" name="e2e_tm_g_barchart_simple_Changing_facet_scale_y_changes_the_plot_and_does_not_throw_validation_errors."/>
    <testcase time="10.0170000000001" classname="shinytest2_tm_g_barchart_simple" name="e2e_tm_g_barchart_simple_Changing_label_bars_changes_the_plot_and_does_not_throw_validation_errors."/>
    <testcase time="0.00599999999985812" classname="shinytest2_tm_g_barchart_simple" name="e2e_tm_g_barchart_simple_Changing_label_bars_changes_the_plot_and_does_not_throw_validation_errors."/>
    <testcase time="9.5920000000001" classname="shinytest2_tm_g_barchart_simple" name="e2e_tm_g_barchart_simple_Changing_rotate_x_label_changes_the_plot_and_does_not_throw_validation_errors."/>
    <testcase time="0.00600000000008549" classname="shinytest2_tm_g_barchart_simple" name="e2e_tm_g_barchart_simple_Changing_rotate_x_label_changes_the_plot_and_does_not_throw_validation_errors."/>
    <testcase time="9.62899999999991" classname="shinytest2_tm_g_barchart_simple" name="e2e_tm_g_barchart_simple_Changing_rotate_y_label_changes_the_plot_and_does_not_throw_validation_errors."/>
    <testcase time="0.00600000000008549" classname="shinytest2_tm_g_barchart_simple" name="e2e_tm_g_barchart_simple_Changing_rotate_y_label_changes_the_plot_and_does_not_throw_validation_errors."/>
    <testcase time="9.72799999999984" classname="shinytest2_tm_g_barchart_simple" name="e2e_tm_g_barchart_simple_Changing_flip_axis_changes_the_plot_and_does_not_throw_validation_errors."/>
    <testcase time="0.00600000000008549" classname="shinytest2_tm_g_barchart_simple" name="e2e_tm_g_barchart_simple_Changing_flip_axis_changes_the_plot_and_does_not_throw_validation_errors."/>
    <testcase time="9.88599999999997" classname="shinytest2_tm_g_barchart_simple" name="e2e_tm_g_barchart_simple_Changing_show_n_changes_the_plot_and_does_not_throw_validation_errors."/>
    <testcase time="0.00700000000006185" classname="shinytest2_tm_g_barchart_simple" name="e2e_tm_g_barchart_simple_Changing_show_n_changes_the_plot_and_does_not_throw_validation_errors."/>
    <testcase time="11.95" classname="shinytest2_tm_g_barchart_simple" name="e2e_tm_g_barchart_simple_Changing_rotate_bar_labels_changes_the_plot_and_does_not_throw_validation_errors."/>
    <testcase time="0.00699999999983447" classname="shinytest2_tm_g_barchart_simple" name="e2e_tm_g_barchart_simple_Changing_rotate_bar_labels_changes_the_plot_and_does_not_throw_validation_errors."/>
  </testsuite>
  <testsuite name="shinytest2-tm_g_ci" timestamp="2025-02-11T10:28:15Z" hostname="b8e80419198c" tests="41" skipped="0" failures="0" errors="0" time="104.452">
    <testcase time="6.49900000000002" classname="shinytest2_tm_g_ci" name="e2e_tm_g_ci_Module_initializes_in_teal_without_errors_and_produces_plot_output."/>
    <testcase time="0.00600000000008549" classname="shinytest2_tm_g_ci" name="e2e_tm_g_ci_Module_initializes_in_teal_without_errors_and_produces_plot_output."/>
    <testcase time="0.0339999999998781" classname="shinytest2_tm_g_ci" name="e2e_tm_g_ci_Module_initializes_in_teal_without_errors_and_produces_plot_output."/>
    <testcase time="6.47200000000021" classname="shinytest2_tm_g_ci" name="e2e_tm_g_ci_Module_initializes_with_specified_label_x_var_y_var_ADLB_filters_color_conf_level_and_stat."/>
    <testcase time="0.0909999999998945" classname="shinytest2_tm_g_ci" name="e2e_tm_g_ci_Module_initializes_with_specified_label_x_var_y_var_ADLB_filters_color_conf_level_and_stat."/>
    <testcase time="0.0509999999999309" classname="shinytest2_tm_g_ci" name="e2e_tm_g_ci_Module_initializes_with_specified_label_x_var_y_var_ADLB_filters_color_conf_level_and_stat."/>
    <testcase time="0.0510000000001583" classname="shinytest2_tm_g_ci" name="e2e_tm_g_ci_Module_initializes_with_specified_label_x_var_y_var_ADLB_filters_color_conf_level_and_stat."/>
    <testcase time="0.0509999999999309" classname="shinytest2_tm_g_ci" name="e2e_tm_g_ci_Module_initializes_with_specified_label_x_var_y_var_ADLB_filters_color_conf_level_and_stat."/>
    <testcase time="0.0509999999999309" classname="shinytest2_tm_g_ci" name="e2e_tm_g_ci_Module_initializes_with_specified_label_x_var_y_var_ADLB_filters_color_conf_level_and_stat."/>
    <testcase time="0.0510000000001583" classname="shinytest2_tm_g_ci" name="e2e_tm_g_ci_Module_initializes_with_specified_label_x_var_y_var_ADLB_filters_color_conf_level_and_stat."/>
    <testcase time="0.0509999999999309" classname="shinytest2_tm_g_ci" name="e2e_tm_g_ci_Module_initializes_with_specified_label_x_var_y_var_ADLB_filters_color_conf_level_and_stat."/>
    <testcase time="0.0509999999999309" classname="shinytest2_tm_g_ci" name="e2e_tm_g_ci_Module_initializes_with_specified_label_x_var_y_var_ADLB_filters_color_conf_level_and_stat."/>
    <testcase time="0.0509999999999309" classname="shinytest2_tm_g_ci" name="e2e_tm_g_ci_Module_initializes_with_specified_label_x_var_y_var_ADLB_filters_color_conf_level_and_stat."/>
    <testcase time="7.75700000000006" classname="shinytest2_tm_g_ci" name="e2e_tm_g_ci_Selecting_x_var_column_changes_plot_and_doesn_t_throw_validation_errors."/>
    <testcase time="0.00600000000008549" classname="shinytest2_tm_g_ci" name="e2e_tm_g_ci_Selecting_x_var_column_changes_plot_and_doesn_t_throw_validation_errors."/>
    <testcase time="7.12099999999987" classname="shinytest2_tm_g_ci" name="e2e_tm_g_ci_Deselecting_x_var_column_throws_validation_error."/>
    <testcase time="0.00600000000008549" classname="shinytest2_tm_g_ci" name="e2e_tm_g_ci_Deselecting_x_var_column_throws_validation_error."/>
    <testcase time="0.00600000000008549" classname="shinytest2_tm_g_ci" name="e2e_tm_g_ci_Deselecting_x_var_column_throws_validation_error."/>
    <testcase time="7.78399999999988" classname="shinytest2_tm_g_ci" name="e2e_tm_g_ci_Selecting_y_var_column_changes_plot_and_doesn_t_throw_validation_errors."/>
    <testcase time="0.00700000000006185" classname="shinytest2_tm_g_ci" name="e2e_tm_g_ci_Selecting_y_var_column_changes_plot_and_doesn_t_throw_validation_errors."/>
    <testcase time="7.23800000000006" classname="shinytest2_tm_g_ci" name="e2e_tm_g_ci_Deselecting_y_var_column_throws_validation_error."/>
    <testcase time="0.00599999999985812" classname="shinytest2_tm_g_ci" name="e2e_tm_g_ci_Deselecting_y_var_column_throws_validation_error."/>
    <testcase time="0.00600000000008549" classname="shinytest2_tm_g_ci" name="e2e_tm_g_ci_Deselecting_y_var_column_throws_validation_error."/>
    <testcase time="8.06500000000005" classname="shinytest2_tm_g_ci" name="e2e_tm_g_ci_Selecting_PARAMCD_filter_value_changes_plot_and_doesn_t_throw_validation_errors."/>
    <testcase time="0.00699999999983447" classname="shinytest2_tm_g_ci" name="e2e_tm_g_ci_Selecting_PARAMCD_filter_value_changes_plot_and_doesn_t_throw_validation_errors."/>
    <testcase time="7.17500000000018" classname="shinytest2_tm_g_ci" name="e2e_tm_g_ci_Deselecting_PARAMCD_filter_value_throws_validation_error."/>
    <testcase time="0.00599999999985812" classname="shinytest2_tm_g_ci" name="e2e_tm_g_ci_Deselecting_PARAMCD_filter_value_throws_validation_error."/>
    <testcase time="0.00600000000008549" classname="shinytest2_tm_g_ci" name="e2e_tm_g_ci_Deselecting_PARAMCD_filter_value_throws_validation_error."/>
    <testcase time="7.77199999999993" classname="shinytest2_tm_g_ci" name="e2e_tm_g_ci_Selecting_AVISIT_filter_value_doesn_t_throw_validation_errors."/>
    <testcase time="0.00700000000006185" classname="shinytest2_tm_g_ci" name="e2e_tm_g_ci_Selecting_AVISIT_filter_value_doesn_t_throw_validation_errors."/>
    <testcase time="7.24399999999991" classname="shinytest2_tm_g_ci" name="e2e_tm_g_ci_Deselecting_AVISIT_filter_value_throws_validation_error."/>
    <testcase time="0.00700000000006185" classname="shinytest2_tm_g_ci" name="e2e_tm_g_ci_Deselecting_AVISIT_filter_value_throws_validation_error."/>
    <testcase time="0.00600000000008549" classname="shinytest2_tm_g_ci" name="e2e_tm_g_ci_Deselecting_AVISIT_filter_value_throws_validation_error."/>
    <testcase time="7.77799999999979" classname="shinytest2_tm_g_ci" name="e2e_tm_g_ci_Selecting_color_column_changes_plot_output_and_doesn_t_throw_validation_errors."/>
    <testcase time="0.00700000000006185" classname="shinytest2_tm_g_ci" name="e2e_tm_g_ci_Selecting_color_column_changes_plot_output_and_doesn_t_throw_validation_errors."/>
    <testcase time="7.596" classname="shinytest2_tm_g_ci" name="e2e_tm_g_ci_Deselecting_color_column_changes_plot_output_and_doesn_t_throw_validation_error."/>
    <testcase time="0.00700000000006185" classname="shinytest2_tm_g_ci" name="e2e_tm_g_ci_Deselecting_color_column_changes_plot_output_and_doesn_t_throw_validation_error."/>
    <testcase time="7.65599999999995" classname="shinytest2_tm_g_ci" name="e2e_tm_g_ci_Selecting_confidence_interval_value_changes_plot_and_doesn_t_throw_any_errors."/>
    <testcase time="0.00700000000006185" classname="shinytest2_tm_g_ci" name="e2e_tm_g_ci_Selecting_confidence_interval_value_changes_plot_and_doesn_t_throw_any_errors."/>
    <testcase time="7.65200000000004" classname="shinytest2_tm_g_ci" name="e2e_tm_g_ci_Selecting_statistic_to_use_changes_a_plot_and_doesn_t_throw_any_errors."/>
    <testcase time="0.00699999999983447" classname="shinytest2_tm_g_ci" name="e2e_tm_g_ci_Selecting_statistic_to_use_changes_a_plot_and_doesn_t_throw_any_errors."/>
  </testsuite>
  <testsuite name="shinytest2-tm_g_forest_rsp" timestamp="2025-02-11T10:30:00Z" hostname="b8e80419198c" tests="48" skipped="0" failures="0" errors="0" time="179.947">
    <testcase time="8.2030000000002" classname="shinytest2_tm_g_forest_rsp" name="e2e_tm_g_forest_rsp_Module_initializes_in_teal_without_errors_and_produces_plot_output."/>
    <testcase time="0.00599999999985812" classname="shinytest2_tm_g_forest_rsp" name="e2e_tm_g_forest_rsp_Module_initializes_in_teal_without_errors_and_produces_plot_output."/>
    <testcase time="2.12200000000007" classname="shinytest2_tm_g_forest_rsp" name="e2e_tm_g_forest_rsp_Module_initializes_in_teal_without_errors_and_produces_plot_output."/>
    <testcase time="8.15300000000002" classname="shinytest2_tm_g_forest_rsp" name="e2e_tm_g_forest_rsp_Module_initializes_with_specified_label_arm_var_paramcd_aval_var_responders_subgroup_var_strata_var_conf_level_fixed_symbol_size_rel_width_forest_font_size."/>
    <testcase time="0.117999999999938" classname="shinytest2_tm_g_forest_rsp" name="e2e_tm_g_forest_rsp_Module_initializes_with_specified_label_arm_var_paramcd_aval_var_responders_subgroup_var_strata_var_conf_level_fixed_symbol_size_rel_width_forest_font_size."/>
    <testcase time="0.0509999999999309" classname="shinytest2_tm_g_forest_rsp" name="e2e_tm_g_forest_rsp_Module_initializes_with_specified_label_arm_var_paramcd_aval_var_responders_subgroup_var_strata_var_conf_level_fixed_symbol_size_rel_width_forest_font_size."/>
    <testcase time="0.0510000000001583" classname="shinytest2_tm_g_forest_rsp" name="e2e_tm_g_forest_rsp_Module_initializes_with_specified_label_arm_var_paramcd_aval_var_responders_subgroup_var_strata_var_conf_level_fixed_symbol_size_rel_width_forest_font_size."/>
    <testcase time="0.0499999999999545" classname="shinytest2_tm_g_forest_rsp" name="e2e_tm_g_forest_rsp_Module_initializes_with_specified_label_arm_var_paramcd_aval_var_responders_subgroup_var_strata_var_conf_level_fixed_symbol_size_rel_width_forest_font_size."/>
    <testcase time="0.0499999999999545" classname="shinytest2_tm_g_forest_rsp" name="e2e_tm_g_forest_rsp_Module_initializes_with_specified_label_arm_var_paramcd_aval_var_responders_subgroup_var_strata_var_conf_level_fixed_symbol_size_rel_width_forest_font_size."/>
    <testcase time="0.0499999999999545" classname="shinytest2_tm_g_forest_rsp" name="e2e_tm_g_forest_rsp_Module_initializes_with_specified_label_arm_var_paramcd_aval_var_responders_subgroup_var_strata_var_conf_level_fixed_symbol_size_rel_width_forest_font_size."/>
    <testcase time="0.0499999999999545" classname="shinytest2_tm_g_forest_rsp" name="e2e_tm_g_forest_rsp_Module_initializes_with_specified_label_arm_var_paramcd_aval_var_responders_subgroup_var_strata_var_conf_level_fixed_symbol_size_rel_width_forest_font_size."/>
    <testcase time="0.0510000000001583" classname="shinytest2_tm_g_forest_rsp" name="e2e_tm_g_forest_rsp_Module_initializes_with_specified_label_arm_var_paramcd_aval_var_responders_subgroup_var_strata_var_conf_level_fixed_symbol_size_rel_width_forest_font_size."/>
    <testcase time="0.0509999999999309" classname="shinytest2_tm_g_forest_rsp" name="e2e_tm_g_forest_rsp_Module_initializes_with_specified_label_arm_var_paramcd_aval_var_responders_subgroup_var_strata_var_conf_level_fixed_symbol_size_rel_width_forest_font_size."/>
    <testcase time="0.0499999999999545" classname="shinytest2_tm_g_forest_rsp" name="e2e_tm_g_forest_rsp_Module_initializes_with_specified_label_arm_var_paramcd_aval_var_responders_subgroup_var_strata_var_conf_level_fixed_symbol_size_rel_width_forest_font_size."/>
    <testcase time="10.5050000000001" classname="shinytest2_tm_g_forest_rsp" name="e2e_tm_g_forest_rsp_Selecting_arm_var_changes_plot_and_doesn_t_throw_validation_errors."/>
    <testcase time="0.00699999999983447" classname="shinytest2_tm_g_forest_rsp" name="e2e_tm_g_forest_rsp_Selecting_arm_var_changes_plot_and_doesn_t_throw_validation_errors."/>
    <testcase time="8.76000000000022" classname="shinytest2_tm_g_forest_rsp" name="e2e_tm_g_forest_rsp_Deselecting_arm_var_throws_validation_error."/>
    <testcase time="0.00899999999978718" classname="shinytest2_tm_g_forest_rsp" name="e2e_tm_g_forest_rsp_Deselecting_arm_var_throws_validation_error."/>
    <testcase time="12.5300000000002" classname="shinytest2_tm_g_forest_rsp" name="e2e_tm_g_forest_rsp_Selecting_paramcd_changes_plot_and_doesn_t_throw_validation_errors."/>
    <testcase time="0.00699999999983447" classname="shinytest2_tm_g_forest_rsp" name="e2e_tm_g_forest_rsp_Selecting_paramcd_changes_plot_and_doesn_t_throw_validation_errors."/>
    <testcase time="9.12300000000005" classname="shinytest2_tm_g_forest_rsp" name="e2e_tm_g_forest_rsp_Deselecting_paramcd_throws_validation_error."/>
    <testcase time="0.0080000000000382" classname="shinytest2_tm_g_forest_rsp" name="e2e_tm_g_forest_rsp_Deselecting_paramcd_throws_validation_error."/>
    <testcase time="10.2470000000001" classname="shinytest2_tm_g_forest_rsp" name="e2e_tm_g_forest_rsp_Selecting_responders_changes_plot_and_doesn_t_throw_validation_errors."/>
    <testcase time="0.00699999999983447" classname="shinytest2_tm_g_forest_rsp" name="e2e_tm_g_forest_rsp_Selecting_responders_changes_plot_and_doesn_t_throw_validation_errors."/>
    <testcase time="8.65300000000002" classname="shinytest2_tm_g_forest_rsp" name="e2e_tm_g_forest_rsp_Deselecting_responders_throws_validation_error."/>
    <testcase time="0.0080000000000382" classname="shinytest2_tm_g_forest_rsp" name="e2e_tm_g_forest_rsp_Deselecting_responders_throws_validation_error."/>
    <testcase time="10.6020000000001" classname="shinytest2_tm_g_forest_rsp" name="e2e_tm_g_forest_rsp_Selecting_subgroup_var_changes_plot_and_doesn_t_throw_validation_errors."/>
    <testcase time="0.00599999999985812" classname="shinytest2_tm_g_forest_rsp" name="e2e_tm_g_forest_rsp_Selecting_subgroup_var_changes_plot_and_doesn_t_throw_validation_errors."/>
    <testcase time="8.92100000000005" classname="shinytest2_tm_g_forest_rsp" name="e2e_tm_g_forest_rsp_Selecting_a_non_factors_column_in_subgroup_var_throws_validation_error."/>
    <testcase time="0.00700000000006185" classname="shinytest2_tm_g_forest_rsp" name="e2e_tm_g_forest_rsp_Selecting_a_non_factors_column_in_subgroup_var_throws_validation_error."/>
    <testcase time="9.88300000000004" classname="shinytest2_tm_g_forest_rsp" name="e2e_tm_g_forest_rsp_Deselecting_subgroup_var_changes_plot_and_doesn_t_throw_validation_errors."/>
    <testcase time="0.00700000000006185" classname="shinytest2_tm_g_forest_rsp" name="e2e_tm_g_forest_rsp_Deselecting_subgroup_var_changes_plot_and_doesn_t_throw_validation_errors."/>
    <testcase time="10.385" classname="shinytest2_tm_g_forest_rsp" name="e2e_tm_g_forest_rsp_Selecting_strata_var_changes_plot_and_doesn_t_throw_validation_errors."/>
    <testcase time="0.00599999999985812" classname="shinytest2_tm_g_forest_rsp" name="e2e_tm_g_forest_rsp_Selecting_strata_var_changes_plot_and_doesn_t_throw_validation_errors."/>
    <testcase time="10.4960000000001" classname="shinytest2_tm_g_forest_rsp" name="e2e_tm_g_forest_rsp_Deselecting_strata_var_changes_plot_and_doesn_t_throw_validation_errors."/>
    <testcase time="0.0109999999999673" classname="shinytest2_tm_g_forest_rsp" name="e2e_tm_g_forest_rsp_Deselecting_strata_var_changes_plot_and_doesn_t_throw_validation_errors."/>
    <testcase time="10.325" classname="shinytest2_tm_g_forest_rsp" name="e2e_tm_g_forest_rsp_Selecting_conf_level_changes_plot_and_doesn_t_throw_validation_errors."/>
    <testcase time="0.00599999999985812" classname="shinytest2_tm_g_forest_rsp" name="e2e_tm_g_forest_rsp_Selecting_conf_level_changes_plot_and_doesn_t_throw_validation_errors."/>
    <testcase time="8.76900000000001" classname="shinytest2_tm_g_forest_rsp" name="e2e_tm_g_forest_rsp_Deselecting_conf_level_or_selecting_outside_the_range_of_0_1_throws_validation_error."/>
    <testcase time="0.0080000000000382" classname="shinytest2_tm_g_forest_rsp" name="e2e_tm_g_forest_rsp_Deselecting_conf_level_or_selecting_outside_the_range_of_0_1_throws_validation_error."/>
    <testcase time="0.560999999999922" classname="shinytest2_tm_g_forest_rsp" name="e2e_tm_g_forest_rsp_Deselecting_conf_level_or_selecting_outside_the_range_of_0_1_throws_validation_error."/>
    <testcase time="0.0080000000000382" classname="shinytest2_tm_g_forest_rsp" name="e2e_tm_g_forest_rsp_Deselecting_conf_level_or_selecting_outside_the_range_of_0_1_throws_validation_error."/>
    <testcase time="10.374" classname="shinytest2_tm_g_forest_rsp" name="e2e_tm_g_forest_rsp_Unsetting_fixed_symbol_size_changes_plot_and_doesn_t_throw_validation_errors."/>
    <testcase time="0.00600000000008549" classname="shinytest2_tm_g_forest_rsp" name="e2e_tm_g_forest_rsp_Unsetting_fixed_symbol_size_changes_plot_and_doesn_t_throw_validation_errors."/>
    <testcase time="10.27" classname="shinytest2_tm_g_forest_rsp" name="e2e_tm_g_forest_rsp_Changing_rel_width_forest_changes_plot_and_doesn_t_throw_validation_errors."/>
    <testcase time="0.00600000000008549" classname="shinytest2_tm_g_forest_rsp" name="e2e_tm_g_forest_rsp_Changing_rel_width_forest_changes_plot_and_doesn_t_throw_validation_errors."/>
    <testcase time="10.3629999999998" classname="shinytest2_tm_g_forest_rsp" name="e2e_tm_g_forest_rsp_Changing_font_size_changes_plot_and_doesn_t_throw_validation_errors."/>
    <testcase time="0.00700000000006185" classname="shinytest2_tm_g_forest_rsp" name="e2e_tm_g_forest_rsp_Changing_font_size_changes_plot_and_doesn_t_throw_validation_errors."/>
  </testsuite>
  <testsuite name="shinytest2-tm_g_forest_tte" timestamp="2025-02-11T10:33:00Z" hostname="b8e80419198c" tests="26" skipped="0" failures="0" errors="0" time="64.79">
    <testcase time="7.91399999999999" classname="shinytest2_tm_g_forest_tte" name="e2e_tm_g_forest_tte_Module_initializes_in_teal_without_errors_and_produces_output."/>
    <testcase time="0.00600000000008549" classname="shinytest2_tm_g_forest_tte" name="e2e_tm_g_forest_tte_Module_initializes_in_teal_without_errors_and_produces_output."/>
    <testcase time="2.12999999999988" classname="shinytest2_tm_g_forest_tte" name="e2e_tm_g_forest_tte_Module_initializes_in_teal_without_errors_and_produces_output."/>
    <testcase time="7.95000000000005" classname="shinytest2_tm_g_forest_tte" name="e2e_tm_g_forest_tte_Starts_with_specified_label_paramcd_arm_var_buckets_paramcd_subgroup_var_strata_var_and_plot_settings."/>
    <testcase time="0.0930000000000746" classname="shinytest2_tm_g_forest_tte" name="e2e_tm_g_forest_tte_Starts_with_specified_label_paramcd_arm_var_buckets_paramcd_subgroup_var_strata_var_and_plot_settings."/>
    <testcase time="0.0509999999999309" classname="shinytest2_tm_g_forest_tte" name="e2e_tm_g_forest_tte_Starts_with_specified_label_paramcd_arm_var_buckets_paramcd_subgroup_var_strata_var_and_plot_settings."/>
    <testcase time="0.0509999999999309" classname="shinytest2_tm_g_forest_tte" name="e2e_tm_g_forest_tte_Starts_with_specified_label_paramcd_arm_var_buckets_paramcd_subgroup_var_strata_var_and_plot_settings."/>
    <testcase time="0.0500000000001819" classname="shinytest2_tm_g_forest_tte" name="e2e_tm_g_forest_tte_Starts_with_specified_label_paramcd_arm_var_buckets_paramcd_subgroup_var_strata_var_and_plot_settings."/>
    <testcase time="0.0499999999999545" classname="shinytest2_tm_g_forest_tte" name="e2e_tm_g_forest_tte_Starts_with_specified_label_paramcd_arm_var_buckets_paramcd_subgroup_var_strata_var_and_plot_settings."/>
    <testcase time="0.0480000000000018" classname="shinytest2_tm_g_forest_tte" name="e2e_tm_g_forest_tte_Starts_with_specified_label_paramcd_arm_var_buckets_paramcd_subgroup_var_strata_var_and_plot_settings."/>
    <testcase time="0.0509999999999309" classname="shinytest2_tm_g_forest_tte" name="e2e_tm_g_forest_tte_Starts_with_specified_label_paramcd_arm_var_buckets_paramcd_subgroup_var_strata_var_and_plot_settings."/>
    <testcase time="0.0509999999999309" classname="shinytest2_tm_g_forest_tte" name="e2e_tm_g_forest_tte_Starts_with_specified_label_paramcd_arm_var_buckets_paramcd_subgroup_var_strata_var_and_plot_settings."/>
    <testcase time="0.0500000000001819" classname="shinytest2_tm_g_forest_tte" name="e2e_tm_g_forest_tte_Starts_with_specified_label_paramcd_arm_var_buckets_paramcd_subgroup_var_strata_var_and_plot_settings."/>
    <testcase time="0.0499999999999545" classname="shinytest2_tm_g_forest_tte" name="e2e_tm_g_forest_tte_Starts_with_specified_label_paramcd_arm_var_buckets_paramcd_subgroup_var_strata_var_and_plot_settings."/>
    <testcase time="0.0509999999999309" classname="shinytest2_tm_g_forest_tte" name="e2e_tm_g_forest_tte_Starts_with_specified_label_paramcd_arm_var_buckets_paramcd_subgroup_var_strata_var_and_plot_settings."/>
    <testcase time="10.1849999999999" classname="shinytest2_tm_g_forest_tte" name="e2e_tm_g_forest_tte_Selection_of_paramcd_changes_the_element_and_does_not_throw_validation_errors."/>
    <testcase time="0.00600000000008549" classname="shinytest2_tm_g_forest_tte" name="e2e_tm_g_forest_tte_Selection_of_paramcd_changes_the_element_and_does_not_throw_validation_errors."/>
    <testcase time="8.51499999999987" classname="shinytest2_tm_g_forest_tte" name="e2e_tm_g_forest_tte_Deselection_of_paramcd_filter_throws_validation_error."/>
    <testcase time="0.0080000000000382" classname="shinytest2_tm_g_forest_tte" name="e2e_tm_g_forest_tte_Deselection_of_paramcd_filter_throws_validation_error."/>
    <testcase time="10.3680000000002" classname="shinytest2_tm_g_forest_tte" name="e2e_tm_g_forest_tte_Selection_of_arm_var_changes_the_element_and_does_not_throw_validation_errors."/>
    <testcase time="0.00599999999985812" classname="shinytest2_tm_g_forest_tte" name="e2e_tm_g_forest_tte_Selection_of_arm_var_changes_the_element_and_does_not_throw_validation_errors."/>
    <testcase time="8.57400000000007" classname="shinytest2_tm_g_forest_tte" name="e2e_tm_g_forest_tte_Deselection_of_paramcd_var_throws_validation_error."/>
    <testcase time="0.00700000000006185" classname="shinytest2_tm_g_forest_tte" name="e2e_tm_g_forest_tte_Deselection_of_paramcd_var_throws_validation_error."/>
    <testcase time="8.51199999999994" classname="shinytest2_tm_g_forest_tte" name="e2e_tm_g_forest_tte_Selecting_conf_level_does_not_throw_validation_errors_and_changes_a_plot."/>
    <testcase time="0.00599999999985812" classname="shinytest2_tm_g_forest_tte" name="e2e_tm_g_forest_tte_Selecting_conf_level_does_not_throw_validation_errors_and_changes_a_plot."/>
    <testcase time="0.00700000000006185" classname="shinytest2_tm_g_forest_tte" name="e2e_tm_g_forest_tte_Selecting_conf_level_does_not_throw_validation_errors_and_changes_a_plot."/>
  </testsuite>
  <testsuite name="shinytest2-tm_g_ipp" timestamp="2025-02-11T10:34:04Z" hostname="b8e80419198c" tests="45" skipped="0" failures="0" errors="0" time="112.186">
    <testcase time="7.07600000000002" classname="shinytest2_tm_g_ipp" name="e2e_tm_g_ipp_Module_initializes_in_teal_without_errors_and_produces_plot_output."/>
    <testcase time="0.00600000000008549" classname="shinytest2_tm_g_ipp" name="e2e_tm_g_ipp_Module_initializes_in_teal_without_errors_and_produces_plot_output."/>
    <testcase time="0.0519999999999072" classname="shinytest2_tm_g_ipp" name="e2e_tm_g_ipp_Module_initializes_in_teal_without_errors_and_produces_plot_output."/>
    <testcase time="7.04999999999995" classname="shinytest2_tm_g_ipp" name="e2e_tm_g_ipp_Starts_with_specified_label_parentname_arm_var_paramcd_id_var_visit_var_aval_var_avalu_var_baseline_var_add_baseline_hline_separate_by_obs_suppress_legend_add_avalu."/>
    <testcase time="0.0860000000000127" classname="shinytest2_tm_g_ipp" name="e2e_tm_g_ipp_Starts_with_specified_label_parentname_arm_var_paramcd_id_var_visit_var_aval_var_avalu_var_baseline_var_add_baseline_hline_separate_by_obs_suppress_legend_add_avalu."/>
    <testcase time="0.0510000000001583" classname="shinytest2_tm_g_ipp" name="e2e_tm_g_ipp_Starts_with_specified_label_parentname_arm_var_paramcd_id_var_visit_var_aval_var_avalu_var_baseline_var_add_baseline_hline_separate_by_obs_suppress_legend_add_avalu."/>
    <testcase time="0.0509999999999309" classname="shinytest2_tm_g_ipp" name="e2e_tm_g_ipp_Starts_with_specified_label_parentname_arm_var_paramcd_id_var_visit_var_aval_var_avalu_var_baseline_var_add_baseline_hline_separate_by_obs_suppress_legend_add_avalu."/>
    <testcase time="0.0509999999999309" classname="shinytest2_tm_g_ipp" name="e2e_tm_g_ipp_Starts_with_specified_label_parentname_arm_var_paramcd_id_var_visit_var_aval_var_avalu_var_baseline_var_add_baseline_hline_separate_by_obs_suppress_legend_add_avalu."/>
    <testcase time="0.0509999999999309" classname="shinytest2_tm_g_ipp" name="e2e_tm_g_ipp_Starts_with_specified_label_parentname_arm_var_paramcd_id_var_visit_var_aval_var_avalu_var_baseline_var_add_baseline_hline_separate_by_obs_suppress_legend_add_avalu."/>
    <testcase time="0.0500000000001819" classname="shinytest2_tm_g_ipp" name="e2e_tm_g_ipp_Starts_with_specified_label_parentname_arm_var_paramcd_id_var_visit_var_aval_var_avalu_var_baseline_var_add_baseline_hline_separate_by_obs_suppress_legend_add_avalu."/>
    <testcase time="0.0499999999999545" classname="shinytest2_tm_g_ipp" name="e2e_tm_g_ipp_Starts_with_specified_label_parentname_arm_var_paramcd_id_var_visit_var_aval_var_avalu_var_baseline_var_add_baseline_hline_separate_by_obs_suppress_legend_add_avalu."/>
    <testcase time="0.0499999999999545" classname="shinytest2_tm_g_ipp" name="e2e_tm_g_ipp_Starts_with_specified_label_parentname_arm_var_paramcd_id_var_visit_var_aval_var_avalu_var_baseline_var_add_baseline_hline_separate_by_obs_suppress_legend_add_avalu."/>
    <testcase time="0.0499999999999545" classname="shinytest2_tm_g_ipp" name="e2e_tm_g_ipp_Starts_with_specified_label_parentname_arm_var_paramcd_id_var_visit_var_aval_var_avalu_var_baseline_var_add_baseline_hline_separate_by_obs_suppress_legend_add_avalu."/>
    <testcase time="0.0499999999999545" classname="shinytest2_tm_g_ipp" name="e2e_tm_g_ipp_Starts_with_specified_label_parentname_arm_var_paramcd_id_var_visit_var_aval_var_avalu_var_baseline_var_add_baseline_hline_separate_by_obs_suppress_legend_add_avalu."/>
    <testcase time="0.0550000000000637" classname="shinytest2_tm_g_ipp" name="e2e_tm_g_ipp_Starts_with_specified_label_parentname_arm_var_paramcd_id_var_visit_var_aval_var_avalu_var_baseline_var_add_baseline_hline_separate_by_obs_suppress_legend_add_avalu."/>
    <testcase time="0.0499999999999545" classname="shinytest2_tm_g_ipp" name="e2e_tm_g_ipp_Starts_with_specified_label_parentname_arm_var_paramcd_id_var_visit_var_aval_var_avalu_var_baseline_var_add_baseline_hline_separate_by_obs_suppress_legend_add_avalu."/>
    <testcase time="0.0510000000001583" classname="shinytest2_tm_g_ipp" name="e2e_tm_g_ipp_Starts_with_specified_label_parentname_arm_var_paramcd_id_var_visit_var_aval_var_avalu_var_baseline_var_add_baseline_hline_separate_by_obs_suppress_legend_add_avalu."/>
    <testcase time="8.42899999999986" classname="shinytest2_tm_g_ipp" name="e2e_tm_g_ipp_Selecting_arm_var_changes_plot_and_doesn_t_throw_validation_errors."/>
    <testcase time="0.00600000000008549" classname="shinytest2_tm_g_ipp" name="e2e_tm_g_ipp_Selecting_arm_var_changes_plot_and_doesn_t_throw_validation_errors."/>
    <testcase time="7.72700000000009" classname="shinytest2_tm_g_ipp" name="e2e_tm_g_ipp_Deselecting_arm_var_column_throws_validation_error."/>
    <testcase time="0.00599999999985812" classname="shinytest2_tm_g_ipp" name="e2e_tm_g_ipp_Deselecting_arm_var_column_throws_validation_error."/>
    <testcase time="0.00600000000008549" classname="shinytest2_tm_g_ipp" name="e2e_tm_g_ipp_Deselecting_arm_var_column_throws_validation_error."/>
    <testcase time="8.42200000000003" classname="shinytest2_tm_g_ipp" name="e2e_tm_g_ipp_Selecting_paramcd_changes_plot_and_doesn_t_throw_validation_errors."/>
    <testcase time="0.00599999999985812" classname="shinytest2_tm_g_ipp" name="e2e_tm_g_ipp_Selecting_paramcd_changes_plot_and_doesn_t_throw_validation_errors."/>
    <testcase time="7.77700000000004" classname="shinytest2_tm_g_ipp" name="e2e_tm_g_ipp_Deselecting_paramcd_throws_validation_error."/>
    <testcase time="0.00600000000008549" classname="shinytest2_tm_g_ipp" name="e2e_tm_g_ipp_Deselecting_paramcd_throws_validation_error."/>
    <testcase time="0.00599999999985812" classname="shinytest2_tm_g_ipp" name="e2e_tm_g_ipp_Deselecting_paramcd_throws_validation_error."/>
    <testcase time="8.39200000000005" classname="shinytest2_tm_g_ipp" name="e2e_tm_g_ipp_Selecting_visit_var_changes_plot_and_doesn_t_throw_validation_errors."/>
    <testcase time="0.00900000000001455" classname="shinytest2_tm_g_ipp" name="e2e_tm_g_ipp_Selecting_visit_var_changes_plot_and_doesn_t_throw_validation_errors."/>
    <testcase time="7.74600000000009" classname="shinytest2_tm_g_ipp" name="e2e_tm_g_ipp_Deselecting_visit_var_throws_validation_error."/>
    <testcase time="0.00599999999985812" classname="shinytest2_tm_g_ipp" name="e2e_tm_g_ipp_Deselecting_visit_var_throws_validation_error."/>
    <testcase time="0.00600000000008549" classname="shinytest2_tm_g_ipp" name="e2e_tm_g_ipp_Deselecting_visit_var_throws_validation_error."/>
    <testcase time="8.27700000000004" classname="shinytest2_tm_g_ipp" name="e2e_tm_g_ipp_Selecting_aval_var_changes_plot_and_doesn_t_throw_validation_errors."/>
    <testcase time="0.00699999999983447" classname="shinytest2_tm_g_ipp" name="e2e_tm_g_ipp_Selecting_aval_var_changes_plot_and_doesn_t_throw_validation_errors."/>
    <testcase time="7.67200000000003" classname="shinytest2_tm_g_ipp" name="e2e_tm_g_ipp_Deselecting_aval_var_throws_validation_error."/>
    <testcase time="0.00700000000006185" classname="shinytest2_tm_g_ipp" name="e2e_tm_g_ipp_Deselecting_aval_var_throws_validation_error."/>
    <testcase time="0.00600000000008549" classname="shinytest2_tm_g_ipp" name="e2e_tm_g_ipp_Deselecting_aval_var_throws_validation_error."/>
    <testcase time="8.15699999999993" classname="shinytest2_tm_g_ipp" name="e2e_tm_g_ipp_Changing_add_baseline_hline_changes_plot_and_doesn_t_throw_validation_errors."/>
    <testcase time="0.00600000000008549" classname="shinytest2_tm_g_ipp" name="e2e_tm_g_ipp_Changing_add_baseline_hline_changes_plot_and_doesn_t_throw_validation_errors."/>
    <testcase time="8.43499999999995" classname="shinytest2_tm_g_ipp" name="e2e_tm_g_ipp_Changing_separate_by_obs_changes_plot_and_doesn_t_throw_validation_errors."/>
    <testcase time="0.00600000000008549" classname="shinytest2_tm_g_ipp" name="e2e_tm_g_ipp_Changing_separate_by_obs_changes_plot_and_doesn_t_throw_validation_errors."/>
    <testcase time="8.13499999999999" classname="shinytest2_tm_g_ipp" name="e2e_tm_g_ipp_Changing_suppress_legend_changes_plot_and_doesn_t_throw_validation_errors."/>
    <testcase time="0.00599999999985812" classname="shinytest2_tm_g_ipp" name="e2e_tm_g_ipp_Changing_suppress_legend_changes_plot_and_doesn_t_throw_validation_errors."/>
    <testcase time="8.03600000000006" classname="shinytest2_tm_g_ipp" name="e2e_tm_g_ipp_Changing_add_avalu_changes_plot_and_doesn_t_throw_validation_errors."/>
    <testcase time="0.00600000000008549" classname="shinytest2_tm_g_ipp" name="e2e_tm_g_ipp_Changing_add_avalu_changes_plot_and_doesn_t_throw_validation_errors."/>
  </testsuite>
  <testsuite name="shinytest2-tm_g_km" timestamp="2025-02-11T10:35:57Z" hostname="b8e80419198c" tests="80" skipped="0" failures="0" errors="0" time="279.144">
    <testcase time="7.88699999999994" classname="shinytest2_tm_g_km" name="e2e_tm_g_km_Module_initializes_in_teal_without_errors_and_produces_plot_output."/>
    <testcase time="0.00499999999988177" classname="shinytest2_tm_g_km" name="e2e_tm_g_km_Module_initializes_in_teal_without_errors_and_produces_plot_output."/>
    <testcase time="0.0430000000001201" classname="shinytest2_tm_g_km" name="e2e_tm_g_km_Module_initializes_in_teal_without_errors_and_produces_plot_output."/>
    <testcase time="7.82600000000002" classname="shinytest2_tm_g_km" name="e2e_tm_g_km_Starts_with_specified_paramcd_aval_var_cnsr_var_facet_var_arm_var_compare_arms_strata_var."/>
    <testcase time="0.0939999999998236" classname="shinytest2_tm_g_km" name="e2e_tm_g_km_Starts_with_specified_paramcd_aval_var_cnsr_var_facet_var_arm_var_compare_arms_strata_var."/>
    <testcase time="0.0510000000001583" classname="shinytest2_tm_g_km" name="e2e_tm_g_km_Starts_with_specified_paramcd_aval_var_cnsr_var_facet_var_arm_var_compare_arms_strata_var."/>
    <testcase time="0.0509999999999309" classname="shinytest2_tm_g_km" name="e2e_tm_g_km_Starts_with_specified_paramcd_aval_var_cnsr_var_facet_var_arm_var_compare_arms_strata_var."/>
    <testcase time="0.0519999999999072" classname="shinytest2_tm_g_km" name="e2e_tm_g_km_Starts_with_specified_paramcd_aval_var_cnsr_var_facet_var_arm_var_compare_arms_strata_var."/>
    <testcase time="0.0520000000001346" classname="shinytest2_tm_g_km" name="e2e_tm_g_km_Starts_with_specified_paramcd_aval_var_cnsr_var_facet_var_arm_var_compare_arms_strata_var."/>
    <testcase time="0.0509999999999309" classname="shinytest2_tm_g_km" name="e2e_tm_g_km_Starts_with_specified_paramcd_aval_var_cnsr_var_facet_var_arm_var_compare_arms_strata_var."/>
    <testcase time="0.0509999999999309" classname="shinytest2_tm_g_km" name="e2e_tm_g_km_Starts_with_specified_paramcd_aval_var_cnsr_var_facet_var_arm_var_compare_arms_strata_var."/>
    <testcase time="9.90800000000013" classname="shinytest2_tm_g_km" name="e2e_tm_g_km_Changing_paramcd_changes_the_plot_without_errors."/>
    <testcase time="0.0240000000001146" classname="shinytest2_tm_g_km" name="e2e_tm_g_km_Changing_paramcd_changes_the_plot_without_errors."/>
    <testcase time="11.0269999999998" classname="shinytest2_tm_g_km" name="e2e_tm_g_km_Changing_facet_var_changes_the_plot_without_errors."/>
    <testcase time="0.0250000000000909" classname="shinytest2_tm_g_km" name="e2e_tm_g_km_Changing_facet_var_changes_the_plot_without_errors."/>
    <testcase time="10.0239999999999" classname="shinytest2_tm_g_km" name="e2e_tm_g_km_Changing_arm_var_changes_the_plot_without_errors."/>
    <testcase time="0.0240000000001146" classname="shinytest2_tm_g_km" name="e2e_tm_g_km_Changing_arm_var_changes_the_plot_without_errors."/>
    <testcase time="9.67100000000005" classname="shinytest2_tm_g_km" name="e2e_tm_g_km_Changing_compare_arms_changes_the_plot_without_errors."/>
    <testcase time="0.0219999999999345" classname="shinytest2_tm_g_km" name="e2e_tm_g_km_Changing_compare_arms_changes_the_plot_without_errors."/>
    <testcase time="10.0609999999999" classname="shinytest2_tm_g_km" name="e2e_tm_g_km_Changing_strata_var_changes_the_plot_without_errors."/>
    <testcase time="0.0230000000001382" classname="shinytest2_tm_g_km" name="e2e_tm_g_km_Changing_strata_var_changes_the_plot_without_errors."/>
    <testcase time="8.62199999999984" classname="shinytest2_tm_g_km" name="e2e_tm_g_km_Deselecting_paramcd_throws_validation_error."/>
    <testcase time="0.00700000000006185" classname="shinytest2_tm_g_km" name="e2e_tm_g_km_Deselecting_paramcd_throws_validation_error."/>
    <testcase time="0.0080000000000382" classname="shinytest2_tm_g_km" name="e2e_tm_g_km_Deselecting_paramcd_throws_validation_error."/>
    <testcase time="8.83200000000011" classname="shinytest2_tm_g_km" name="e2e_tm_g_km_Deselecting_arm_var_throws_validation_error."/>
    <testcase time="0.00799999999981083" classname="shinytest2_tm_g_km" name="e2e_tm_g_km_Deselecting_arm_var_throws_validation_error."/>
    <testcase time="9.73000000000002" classname="shinytest2_tm_g_km" name="e2e_tm_g_km_Deselecting_compare_arms_sets_it_to_FALSE."/>
    <testcase time="0.0940000000000509" classname="shinytest2_tm_g_km" name="e2e_tm_g_km_Deselecting_compare_arms_sets_it_to_FALSE."/>
    <testcase time="9.99299999999994" classname="shinytest2_tm_g_km" name="e2e_tm_g_km_Deselecting_strata_var_does_not_throw_errors."/>
    <testcase time="8.15000000000009" classname="shinytest2_tm_g_km" name="e2e_tm_g_km_Starts_with_specified_groups."/>
    <testcase time="0.0519999999999072" classname="shinytest2_tm_g_km" name="e2e_tm_g_km_Starts_with_specified_groups."/>
    <testcase time="12.3880000000001" classname="shinytest2_tm_g_km" name="e2e_tm_g_km_Starts_with_specified_collapsed_comparison_settings."/>
    <testcase time="0.00599999999985812" classname="shinytest2_tm_g_km" name="e2e_tm_g_km_Starts_with_specified_collapsed_comparison_settings."/>
    <testcase time="0.0520000000001346" classname="shinytest2_tm_g_km" name="e2e_tm_g_km_Starts_with_specified_collapsed_comparison_settings."/>
    <testcase time="0.00699999999983447" classname="shinytest2_tm_g_km" name="e2e_tm_g_km_Starts_with_specified_collapsed_comparison_settings."/>
    <testcase time="9.84400000000005" classname="shinytest2_tm_g_km" name="e2e_tm_g_km_Changing_pval_method_coxph_changes_the_plot_without_errors."/>
    <testcase time="0.0220000000001619" classname="shinytest2_tm_g_km" name="e2e_tm_g_km_Changing_pval_method_coxph_changes_the_plot_without_errors."/>
    <testcase time="9.904" classname="shinytest2_tm_g_km" name="e2e_tm_g_km_Changing_ties_coxph_changes_the_plot_without_errors."/>
    <testcase time="0.0249999999998636" classname="shinytest2_tm_g_km" name="e2e_tm_g_km_Changing_ties_coxph_changes_the_plot_without_errors."/>
    <testcase time="9.85500000000002" classname="shinytest2_tm_g_km" name="e2e_tm_g_km_Deselecting_pval_method_coxph_gives_no_validation_error."/>
    <testcase time="9.9369999999999" classname="shinytest2_tm_g_km" name="e2e_tm_g_km_Deselecting_ties_coxph_gives_no_validation_error."/>
    <testcase time="10.1750000000002" classname="shinytest2_tm_g_km" name="e2e_tm_g_km_Starts_with_specified_collapsed_additional_plot_settings."/>
    <testcase time="2.15499999999997" classname="shinytest2_tm_g_km" name="e2e_tm_g_km_Starts_with_specified_collapsed_additional_plot_settings."/>
    <testcase time="2.14699999999993" classname="shinytest2_tm_g_km" name="e2e_tm_g_km_Starts_with_specified_collapsed_additional_plot_settings."/>
    <testcase time="2.13799999999992" classname="shinytest2_tm_g_km" name="e2e_tm_g_km_Starts_with_specified_collapsed_additional_plot_settings."/>
    <testcase time="2.14600000000019" classname="shinytest2_tm_g_km" name="e2e_tm_g_km_Starts_with_specified_collapsed_additional_plot_settings."/>
    <testcase time="2.14999999999986" classname="shinytest2_tm_g_km" name="e2e_tm_g_km_Starts_with_specified_collapsed_additional_plot_settings."/>
    <testcase time="2.12800000000016" classname="shinytest2_tm_g_km" name="e2e_tm_g_km_Starts_with_specified_collapsed_additional_plot_settings."/>
    <testcase time="2.1429999999998" classname="shinytest2_tm_g_km" name="e2e_tm_g_km_Starts_with_specified_collapsed_additional_plot_settings."/>
    <testcase time="0.100000000000136" classname="shinytest2_tm_g_km" name="e2e_tm_g_km_Starts_with_specified_collapsed_additional_plot_settings."/>
    <testcase time="0.0539999999998599" classname="shinytest2_tm_g_km" name="e2e_tm_g_km_Starts_with_specified_collapsed_additional_plot_settings."/>
    <testcase time="0.0540000000000873" classname="shinytest2_tm_g_km" name="e2e_tm_g_km_Starts_with_specified_collapsed_additional_plot_settings."/>
    <testcase time="0.0519999999999072" classname="shinytest2_tm_g_km" name="e2e_tm_g_km_Starts_with_specified_collapsed_additional_plot_settings."/>
    <testcase time="0.0519999999999072" classname="shinytest2_tm_g_km" name="e2e_tm_g_km_Starts_with_specified_collapsed_additional_plot_settings."/>
    <testcase time="0.0529999999998836" classname="shinytest2_tm_g_km" name="e2e_tm_g_km_Starts_with_specified_collapsed_additional_plot_settings."/>
    <testcase time="0.053000000000111" classname="shinytest2_tm_g_km" name="e2e_tm_g_km_Starts_with_specified_collapsed_additional_plot_settings."/>
    <testcase time="0.053000000000111" classname="shinytest2_tm_g_km" name="e2e_tm_g_km_Starts_with_specified_collapsed_additional_plot_settings."/>
    <testcase time="0.00699999999983447" classname="shinytest2_tm_g_km" name="e2e_tm_g_km_Starts_with_specified_collapsed_additional_plot_settings."/>
    <testcase time="0.0080000000000382" classname="shinytest2_tm_g_km" name="e2e_tm_g_km_Starts_with_specified_collapsed_additional_plot_settings."/>
    <testcase time="0.00600000000008549" classname="shinytest2_tm_g_km" name="e2e_tm_g_km_Starts_with_specified_collapsed_additional_plot_settings."/>
    <testcase time="0.0109999999999673" classname="shinytest2_tm_g_km" name="e2e_tm_g_km_Starts_with_specified_collapsed_additional_plot_settings."/>
    <testcase time="0.00700000000006185" classname="shinytest2_tm_g_km" name="e2e_tm_g_km_Starts_with_specified_collapsed_additional_plot_settings."/>
    <testcase time="10.6869999999999" classname="shinytest2_tm_g_km" name="e2e_tm_g_km_Changing_xticks_changes_the_plot_and_does_not_throw_validation_errors."/>
    <testcase time="0.00700000000006185" classname="shinytest2_tm_g_km" name="e2e_tm_g_km_Changing_xticks_changes_the_plot_and_does_not_throw_validation_errors."/>
    <testcase time="10.021" classname="shinytest2_tm_g_km" name="e2e_tm_g_km_Changing_yval_changes_the_plot_and_does_not_throw_validation_errors."/>
    <testcase time="0.0080000000000382" classname="shinytest2_tm_g_km" name="e2e_tm_g_km_Changing_yval_changes_the_plot_and_does_not_throw_validation_errors."/>
    <testcase time="9.80700000000002" classname="shinytest2_tm_g_km" name="e2e_tm_g_km_Changing_font_size_changes_the_plot_and_does_not_throw_validation_errors."/>
    <testcase time="0.00699999999983447" classname="shinytest2_tm_g_km" name="e2e_tm_g_km_Changing_font_size_changes_the_plot_and_does_not_throw_validation_errors."/>
    <testcase time="9.94100000000003" classname="shinytest2_tm_g_km" name="e2e_tm_g_km_Changing_rel_height_plot_changes_the_plot_and_does_not_throw_validation_errors."/>
    <testcase time="0.00600000000008549" classname="shinytest2_tm_g_km" name="e2e_tm_g_km_Changing_rel_height_plot_changes_the_plot_and_does_not_throw_validation_errors."/>
    <testcase time="10.0170000000001" classname="shinytest2_tm_g_km" name="e2e_tm_g_km_Changing_show_ci_ribbon_changes_the_plot_and_does_not_throw_validation_errors."/>
    <testcase time="0.00599999999985812" classname="shinytest2_tm_g_km" name="e2e_tm_g_km_Changing_show_ci_ribbon_changes_the_plot_and_does_not_throw_validation_errors."/>
    <testcase time="9.87800000000016" classname="shinytest2_tm_g_km" name="e2e_tm_g_km_Changing_show_km_table_changes_the_plot_and_does_not_throw_validation_errors."/>
    <testcase time="0.00599999999985812" classname="shinytest2_tm_g_km" name="e2e_tm_g_km_Changing_show_km_table_changes_the_plot_and_does_not_throw_validation_errors."/>
    <testcase time="9.95900000000006" classname="shinytest2_tm_g_km" name="e2e_tm_g_km_Changing_conf_level_changes_the_plot_and_does_not_throw_validation_errors."/>
    <testcase time="0.0080000000000382" classname="shinytest2_tm_g_km" name="e2e_tm_g_km_Changing_conf_level_changes_the_plot_and_does_not_throw_validation_errors."/>
    <testcase time="9.93399999999997" classname="shinytest2_tm_g_km" name="e2e_tm_g_km_Changing_xlab_changes_the_plot_and_does_not_throw_validation_errors."/>
    <testcase time="0.00600000000008549" classname="shinytest2_tm_g_km" name="e2e_tm_g_km_Changing_xlab_changes_the_plot_and_does_not_throw_validation_errors."/>
    <testcase time="8.63699999999994" classname="shinytest2_tm_g_km" name="e2e_tm_g_km_Deselecting_conf_level_throws_validation_error."/>
    <testcase time="0.00900000000001455" classname="shinytest2_tm_g_km" name="e2e_tm_g_km_Deselecting_conf_level_throws_validation_error."/>
  </testsuite>
  <testsuite name="shinytest2-tm_g_lineplot" timestamp="2025-02-11T10:40:36Z" hostname="b8e80419198c" tests="39" skipped="0" failures="0" errors="0" time="89.323">
    <testcase time="7.85199999999986" classname="shinytest2_tm_g_lineplot" name="e2e_tm_g_lineplot_Module_initializes_in_teal_without_errors."/>
    <testcase time="0.00600000000008549" classname="shinytest2_tm_g_lineplot" name="e2e_tm_g_lineplot_Module_initializes_in_teal_without_errors."/>
    <testcase time="2.14300000000003" classname="shinytest2_tm_g_lineplot" name="e2e_tm_g_lineplot_Module_initializes_in_teal_without_errors."/>
    <testcase time="7.91399999999999" classname="shinytest2_tm_g_lineplot" name="e2e_tm_g_lineplot_Starts_with_specified_label_param_group_var_y_x_mid_interval_incl_screen_plot_settings_and_table_settings."/>
    <testcase time="0.0919999999998709" classname="shinytest2_tm_g_lineplot" name="e2e_tm_g_lineplot_Starts_with_specified_label_param_group_var_y_x_mid_interval_incl_screen_plot_settings_and_table_settings."/>
    <testcase time="0.0510000000001583" classname="shinytest2_tm_g_lineplot" name="e2e_tm_g_lineplot_Starts_with_specified_label_param_group_var_y_x_mid_interval_incl_screen_plot_settings_and_table_settings."/>
    <testcase time="0.0519999999999072" classname="shinytest2_tm_g_lineplot" name="e2e_tm_g_lineplot_Starts_with_specified_label_param_group_var_y_x_mid_interval_incl_screen_plot_settings_and_table_settings."/>
    <testcase time="0.0520000000001346" classname="shinytest2_tm_g_lineplot" name="e2e_tm_g_lineplot_Starts_with_specified_label_param_group_var_y_x_mid_interval_incl_screen_plot_settings_and_table_settings."/>
    <testcase time="0.0509999999999309" classname="shinytest2_tm_g_lineplot" name="e2e_tm_g_lineplot_Starts_with_specified_label_param_group_var_y_x_mid_interval_incl_screen_plot_settings_and_table_settings."/>
    <testcase time="0.0519999999999072" classname="shinytest2_tm_g_lineplot" name="e2e_tm_g_lineplot_Starts_with_specified_label_param_group_var_y_x_mid_interval_incl_screen_plot_settings_and_table_settings."/>
    <testcase time="0.0510000000001583" classname="shinytest2_tm_g_lineplot" name="e2e_tm_g_lineplot_Starts_with_specified_label_param_group_var_y_x_mid_interval_incl_screen_plot_settings_and_table_settings."/>
    <testcase time="0.0519999999999072" classname="shinytest2_tm_g_lineplot" name="e2e_tm_g_lineplot_Starts_with_specified_label_param_group_var_y_x_mid_interval_incl_screen_plot_settings_and_table_settings."/>
    <testcase time="0.0520000000001346" classname="shinytest2_tm_g_lineplot" name="e2e_tm_g_lineplot_Starts_with_specified_label_param_group_var_y_x_mid_interval_incl_screen_plot_settings_and_table_settings."/>
    <testcase time="0.0509999999999309" classname="shinytest2_tm_g_lineplot" name="e2e_tm_g_lineplot_Starts_with_specified_label_param_group_var_y_x_mid_interval_incl_screen_plot_settings_and_table_settings."/>
    <testcase time="0.05600000000004" classname="shinytest2_tm_g_lineplot" name="e2e_tm_g_lineplot_Starts_with_specified_label_param_group_var_y_x_mid_interval_incl_screen_plot_settings_and_table_settings."/>
    <testcase time="0.0509999999999309" classname="shinytest2_tm_g_lineplot" name="e2e_tm_g_lineplot_Starts_with_specified_label_param_group_var_y_x_mid_interval_incl_screen_plot_settings_and_table_settings."/>
    <testcase time="0.0509999999999309" classname="shinytest2_tm_g_lineplot" name="e2e_tm_g_lineplot_Starts_with_specified_label_param_group_var_y_x_mid_interval_incl_screen_plot_settings_and_table_settings."/>
    <testcase time="0.0520000000001346" classname="shinytest2_tm_g_lineplot" name="e2e_tm_g_lineplot_Starts_with_specified_label_param_group_var_y_x_mid_interval_incl_screen_plot_settings_and_table_settings."/>
    <testcase time="0.0499999999999545" classname="shinytest2_tm_g_lineplot" name="e2e_tm_g_lineplot_Starts_with_specified_label_param_group_var_y_x_mid_interval_incl_screen_plot_settings_and_table_settings."/>
    <testcase time="9.1880000000001" classname="shinytest2_tm_g_lineplot" name="e2e_tm_g_lineplot_Selecting_param_changes_plot_and_doesn_t_throw_validation_errors."/>
    <testcase time="0.00699999999983447" classname="shinytest2_tm_g_lineplot" name="e2e_tm_g_lineplot_Selecting_param_changes_plot_and_doesn_t_throw_validation_errors."/>
    <testcase time="8.46199999999999" classname="shinytest2_tm_g_lineplot" name="e2e_tm_g_lineplot_Deselecting_param_throws_validation_error."/>
    <testcase time="0.00500000000010914" classname="shinytest2_tm_g_lineplot" name="e2e_tm_g_lineplot_Deselecting_param_throws_validation_error."/>
    <testcase time="0.00700000000006185" classname="shinytest2_tm_g_lineplot" name="e2e_tm_g_lineplot_Deselecting_param_throws_validation_error."/>
    <testcase time="9.27799999999979" classname="shinytest2_tm_g_lineplot" name="e2e_tm_g_lineplot_Selecting_group_var_changes_plot_and_doesn_t_throw_validation_errors."/>
    <testcase time="0.00600000000008549" classname="shinytest2_tm_g_lineplot" name="e2e_tm_g_lineplot_Selecting_group_var_changes_plot_and_doesn_t_throw_validation_errors."/>
    <testcase time="8.3900000000001" classname="shinytest2_tm_g_lineplot" name="e2e_tm_g_lineplot_Deselecting_group_var_throws_validation_error."/>
    <testcase time="0.00599999999985812" classname="shinytest2_tm_g_lineplot" name="e2e_tm_g_lineplot_Deselecting_group_var_throws_validation_error."/>
    <testcase time="0.00600000000008549" classname="shinytest2_tm_g_lineplot" name="e2e_tm_g_lineplot_Deselecting_group_var_throws_validation_error."/>
    <testcase time="9.16300000000001" classname="shinytest2_tm_g_lineplot" name="e2e_tm_g_lineplot_Selecting_y_changes_plot_and_doesn_t_throw_validation_errors."/>
    <testcase time="0.00599999999985812" classname="shinytest2_tm_g_lineplot" name="e2e_tm_g_lineplot_Selecting_y_changes_plot_and_doesn_t_throw_validation_errors."/>
    <testcase time="8.40600000000018" classname="shinytest2_tm_g_lineplot" name="e2e_tm_g_lineplot_Deselecting_y_throws_validation_error."/>
    <testcase time="0.00599999999985812" classname="shinytest2_tm_g_lineplot" name="e2e_tm_g_lineplot_Deselecting_y_throws_validation_error."/>
    <testcase time="0.00600000000008549" classname="shinytest2_tm_g_lineplot" name="e2e_tm_g_lineplot_Deselecting_y_throws_validation_error."/>
    <testcase time="9.0329999999999" classname="shinytest2_tm_g_lineplot" name="e2e_tm_g_lineplot_Selecting_conf_level_changes_plot_and_doesn_t_throw_validation_errors."/>
    <testcase time="0.00700000000006185" classname="shinytest2_tm_g_lineplot" name="e2e_tm_g_lineplot_Selecting_conf_level_changes_plot_and_doesn_t_throw_validation_errors."/>
    <testcase time="8.59699999999998" classname="shinytest2_tm_g_lineplot" name="e2e_tm_g_lineplot_Deselecting_conf_level_validation_error."/>
    <testcase time="0.00600000000008549" classname="shinytest2_tm_g_lineplot" name="e2e_tm_g_lineplot_Deselecting_conf_level_validation_error."/>
    <testcase time="0.00700000000006185" classname="shinytest2_tm_g_lineplot" name="e2e_tm_g_lineplot_Deselecting_conf_level_validation_error."/>
  </testsuite>
  <testsuite name="shinytest2-tm_g_pp_adverse_events" timestamp="2025-02-11T10:42:05Z" hostname="b8e80419198c" tests="48" skipped="0" failures="0" errors="0" time="129.486">
    <testcase time="7.09699999999998" classname="shinytest2_tm_g_pp_adverse_events" name="e2e_tm_g_pp_adverse_events_Module_initializes_in_teal_without_any_errors_and_produces_the_plot_and_table."/>
    <testcase time="0.00599999999985812" classname="shinytest2_tm_g_pp_adverse_events" name="e2e_tm_g_pp_adverse_events_Module_initializes_in_teal_without_any_errors_and_produces_the_plot_and_table."/>
    <testcase time="0.0410000000001673" classname="shinytest2_tm_g_pp_adverse_events" name="e2e_tm_g_pp_adverse_events_Module_initializes_in_teal_without_any_errors_and_produces_the_plot_and_table."/>
    <testcase time="2.11899999999991" classname="shinytest2_tm_g_pp_adverse_events" name="e2e_tm_g_pp_adverse_events_Module_initializes_in_teal_without_any_errors_and_produces_the_plot_and_table."/>
    <testcase time="6.96399999999994" classname="shinytest2_tm_g_pp_adverse_events" name="e2e_tm_g_pp_adverse_events_Module_initializes_with_specific_label_patient_id_aeterm_tox_grade_causality_outcome_action_time_decod."/>
    <testcase time="0.0499999999999545" classname="shinytest2_tm_g_pp_adverse_events" name="e2e_tm_g_pp_adverse_events_Module_initializes_with_specific_label_patient_id_aeterm_tox_grade_causality_outcome_action_time_decod."/>
    <testcase time="0.0520000000001346" classname="shinytest2_tm_g_pp_adverse_events" name="e2e_tm_g_pp_adverse_events_Module_initializes_with_specific_label_patient_id_aeterm_tox_grade_causality_outcome_action_time_decod."/>
    <testcase time="0.0589999999999691" classname="shinytest2_tm_g_pp_adverse_events" name="e2e_tm_g_pp_adverse_events_Module_initializes_with_specific_label_patient_id_aeterm_tox_grade_causality_outcome_action_time_decod."/>
    <testcase time="0.0519999999999072" classname="shinytest2_tm_g_pp_adverse_events" name="e2e_tm_g_pp_adverse_events_Module_initializes_with_specific_label_patient_id_aeterm_tox_grade_causality_outcome_action_time_decod."/>
    <testcase time="0.0520000000001346" classname="shinytest2_tm_g_pp_adverse_events" name="e2e_tm_g_pp_adverse_events_Module_initializes_with_specific_label_patient_id_aeterm_tox_grade_causality_outcome_action_time_decod."/>
    <testcase time="0.0519999999999072" classname="shinytest2_tm_g_pp_adverse_events" name="e2e_tm_g_pp_adverse_events_Module_initializes_with_specific_label_patient_id_aeterm_tox_grade_causality_outcome_action_time_decod."/>
    <testcase time="0.0520000000001346" classname="shinytest2_tm_g_pp_adverse_events" name="e2e_tm_g_pp_adverse_events_Module_initializes_with_specific_label_patient_id_aeterm_tox_grade_causality_outcome_action_time_decod."/>
    <testcase time="0.0519999999999072" classname="shinytest2_tm_g_pp_adverse_events" name="e2e_tm_g_pp_adverse_events_Module_initializes_with_specific_label_patient_id_aeterm_tox_grade_causality_outcome_action_time_decod."/>
    <testcase time="8.44599999999991" classname="shinytest2_tm_g_pp_adverse_events" name="e2e_tm_g_pp_adverse_events_Selecting_patient_id_doesn_t_throw_errors_and_changes_the_plot_and_table."/>
    <testcase time="0.00900000000001455" classname="shinytest2_tm_g_pp_adverse_events" name="e2e_tm_g_pp_adverse_events_Selecting_patient_id_doesn_t_throw_errors_and_changes_the_plot_and_table."/>
    <testcase time="0.00600000000008549" classname="shinytest2_tm_g_pp_adverse_events" name="e2e_tm_g_pp_adverse_events_Selecting_patient_id_doesn_t_throw_errors_and_changes_the_plot_and_table."/>
    <testcase time="7.80999999999995" classname="shinytest2_tm_g_pp_adverse_events" name="e2e_tm_g_pp_adverse_events_Deselecting_patient_id_throw_validation_error"/>
    <testcase time="0.317999999999984" classname="shinytest2_tm_g_pp_adverse_events" name="e2e_tm_g_pp_adverse_events_Deselecting_patient_id_throw_validation_error"/>
    <testcase time="8.37000000000012" classname="shinytest2_tm_g_pp_adverse_events" name="e2e_tm_g_pp_adverse_events_Selecting_aeterm_column_doesn_t_throw_errors_and_changes_the_plot_and_table."/>
    <testcase time="0.0080000000000382" classname="shinytest2_tm_g_pp_adverse_events" name="e2e_tm_g_pp_adverse_events_Selecting_aeterm_column_doesn_t_throw_errors_and_changes_the_plot_and_table."/>
    <testcase time="0.00599999999985812" classname="shinytest2_tm_g_pp_adverse_events" name="e2e_tm_g_pp_adverse_events_Selecting_aeterm_column_doesn_t_throw_errors_and_changes_the_plot_and_table."/>
    <testcase time="7.74500000000012" classname="shinytest2_tm_g_pp_adverse_events" name="e2e_tm_g_pp_adverse_events_Deselecting_aeterm_column_throw_validation_error"/>
    <testcase time="0.00699999999983447" classname="shinytest2_tm_g_pp_adverse_events" name="e2e_tm_g_pp_adverse_events_Deselecting_aeterm_column_throw_validation_error"/>
    <testcase time="8.52800000000002" classname="shinytest2_tm_g_pp_adverse_events" name="e2e_tm_g_pp_adverse_events_Selecting_tox_grade_column_doesn_t_throw_errors_and_changes_the_plot_and_table."/>
    <testcase time="0.0080000000000382" classname="shinytest2_tm_g_pp_adverse_events" name="e2e_tm_g_pp_adverse_events_Selecting_tox_grade_column_doesn_t_throw_errors_and_changes_the_plot_and_table."/>
    <testcase time="0.00600000000008549" classname="shinytest2_tm_g_pp_adverse_events" name="e2e_tm_g_pp_adverse_events_Selecting_tox_grade_column_doesn_t_throw_errors_and_changes_the_plot_and_table."/>
    <testcase time="7.75199999999995" classname="shinytest2_tm_g_pp_adverse_events" name="e2e_tm_g_pp_adverse_events_Deselecting_tox_grade_column_throw_validation_error"/>
    <testcase time="0.00600000000008549" classname="shinytest2_tm_g_pp_adverse_events" name="e2e_tm_g_pp_adverse_events_Deselecting_tox_grade_column_throw_validation_error"/>
    <testcase time="8.30999999999995" classname="shinytest2_tm_g_pp_adverse_events" name="e2e_tm_g_pp_adverse_events_Selecting_causality_column_doesn_t_throw_errors_and_changes_the_plot_and_table."/>
    <testcase time="0.00700000000006185" classname="shinytest2_tm_g_pp_adverse_events" name="e2e_tm_g_pp_adverse_events_Selecting_causality_column_doesn_t_throw_errors_and_changes_the_plot_and_table."/>
    <testcase time="0.00599999999985812" classname="shinytest2_tm_g_pp_adverse_events" name="e2e_tm_g_pp_adverse_events_Selecting_causality_column_doesn_t_throw_errors_and_changes_the_plot_and_table."/>
    <testcase time="7.60899999999992" classname="shinytest2_tm_g_pp_adverse_events" name="e2e_tm_g_pp_adverse_events_Deselecting_causality_column_throw_validation_error"/>
    <testcase time="0.0080000000000382" classname="shinytest2_tm_g_pp_adverse_events" name="e2e_tm_g_pp_adverse_events_Deselecting_causality_column_throw_validation_error"/>
    <testcase time="8.29700000000003" classname="shinytest2_tm_g_pp_adverse_events" name="e2e_tm_g_pp_adverse_events_Selecting_outcome_column_doesn_t_throw_errors_and_changes_the_plot_and_table."/>
    <testcase time="0.00700000000006185" classname="shinytest2_tm_g_pp_adverse_events" name="e2e_tm_g_pp_adverse_events_Selecting_outcome_column_doesn_t_throw_errors_and_changes_the_plot_and_table."/>
    <testcase time="0.00600000000008549" classname="shinytest2_tm_g_pp_adverse_events" name="e2e_tm_g_pp_adverse_events_Selecting_outcome_column_doesn_t_throw_errors_and_changes_the_plot_and_table."/>
    <testcase time="7.58199999999988" classname="shinytest2_tm_g_pp_adverse_events" name="e2e_tm_g_pp_adverse_events_Deselecting_outcome_column_throw_validation_error"/>
    <testcase time="0.00600000000008549" classname="shinytest2_tm_g_pp_adverse_events" name="e2e_tm_g_pp_adverse_events_Deselecting_outcome_column_throw_validation_error"/>
    <testcase time="8.30100000000016" classname="shinytest2_tm_g_pp_adverse_events" name="e2e_tm_g_pp_adverse_events_Selecting_action_column_doesn_t_throw_errors_and_changes_the_plot_and_table."/>
    <testcase time="0.00799999999981083" classname="shinytest2_tm_g_pp_adverse_events" name="e2e_tm_g_pp_adverse_events_Selecting_action_column_doesn_t_throw_errors_and_changes_the_plot_and_table."/>
    <testcase time="0.00599999999985812" classname="shinytest2_tm_g_pp_adverse_events" name="e2e_tm_g_pp_adverse_events_Selecting_action_column_doesn_t_throw_errors_and_changes_the_plot_and_table."/>
    <testcase time="7.66699999999992" classname="shinytest2_tm_g_pp_adverse_events" name="e2e_tm_g_pp_adverse_events_Deselecting_action_column_throw_validation_error"/>
    <testcase time="0.00700000000006185" classname="shinytest2_tm_g_pp_adverse_events" name="e2e_tm_g_pp_adverse_events_Deselecting_action_column_throw_validation_error"/>
    <testcase time="8.346" classname="shinytest2_tm_g_pp_adverse_events" name="e2e_tm_g_pp_adverse_events_Selecting_time_column_doesn_t_throw_errors_and_changes_the_plot_and_table."/>
    <testcase time="0.00800000000026557" classname="shinytest2_tm_g_pp_adverse_events" name="e2e_tm_g_pp_adverse_events_Selecting_time_column_doesn_t_throw_errors_and_changes_the_plot_and_table."/>
    <testcase time="0.00599999999985812" classname="shinytest2_tm_g_pp_adverse_events" name="e2e_tm_g_pp_adverse_events_Selecting_time_column_doesn_t_throw_errors_and_changes_the_plot_and_table."/>
    <testcase time="7.61900000000014" classname="shinytest2_tm_g_pp_adverse_events" name="e2e_tm_g_pp_adverse_events_Deselecting_time_column_throw_validation_error"/>
    <testcase time="0.00700000000006185" classname="shinytest2_tm_g_pp_adverse_events" name="e2e_tm_g_pp_adverse_events_Deselecting_time_column_throw_validation_error"/>
  </testsuite>
  <testsuite name="shinytest2-tm_g_pp_patient_timeline" timestamp="2025-02-11T10:44:14Z" hostname="b8e80419198c" tests="74" skipped="0" failures="0" errors="0" time="249.318">
    <testcase time="6.91300000000001" classname="shinytest2_tm_g_pp_patient_timeline" name="e2e_tm_g_pp_patient_timeline_Module_initializes_in_teal_without_errors_and_produces_plot_output."/>
    <testcase time="0.00599999999985812" classname="shinytest2_tm_g_pp_patient_timeline" name="e2e_tm_g_pp_patient_timeline_Module_initializes_in_teal_without_errors_and_produces_plot_output."/>
    <testcase time="0.0409999999997126" classname="shinytest2_tm_g_pp_patient_timeline" name="e2e_tm_g_pp_patient_timeline_Module_initializes_in_teal_without_errors_and_produces_plot_output."/>
    <testcase time="7.08500000000004" classname="shinytest2_tm_g_pp_patient_timeline" name="e2e_tm_g_pp_patient_timeline_Starts_with_specified_label_patient_id_cmdecod_aeterm_aetime_start_aetime_end_dstime_start_dstime_end_aerelday_start_aerelday_end_dsrelday_start_dsrelday_en."/>
    <testcase time="0.0950000000002547" classname="shinytest2_tm_g_pp_patient_timeline" name="e2e_tm_g_pp_patient_timeline_Starts_with_specified_label_patient_id_cmdecod_aeterm_aetime_start_aetime_end_dstime_start_dstime_end_aerelday_start_aerelday_end_dsrelday_start_dsrelday_en."/>
    <testcase time="0.0509999999999309" classname="shinytest2_tm_g_pp_patient_timeline" name="e2e_tm_g_pp_patient_timeline_Starts_with_specified_label_patient_id_cmdecod_aeterm_aetime_start_aetime_end_dstime_start_dstime_end_aerelday_start_aerelday_end_dsrelday_start_dsrelday_en."/>
    <testcase time="0.0520000000001346" classname="shinytest2_tm_g_pp_patient_timeline" name="e2e_tm_g_pp_patient_timeline_Starts_with_specified_label_patient_id_cmdecod_aeterm_aetime_start_aetime_end_dstime_start_dstime_end_aerelday_start_aerelday_end_dsrelday_start_dsrelday_en."/>
    <testcase time="0.0519999999996799" classname="shinytest2_tm_g_pp_patient_timeline" name="e2e_tm_g_pp_patient_timeline_Starts_with_specified_label_patient_id_cmdecod_aeterm_aetime_start_aetime_end_dstime_start_dstime_end_aerelday_start_aerelday_end_dsrelday_start_dsrelday_en."/>
    <testcase time="0.0530000000003383" classname="shinytest2_tm_g_pp_patient_timeline" name="e2e_tm_g_pp_patient_timeline_Starts_with_specified_label_patient_id_cmdecod_aeterm_aetime_start_aetime_end_dstime_start_dstime_end_aerelday_start_aerelday_end_dsrelday_start_dsrelday_en."/>
    <testcase time="0.0509999999999309" classname="shinytest2_tm_g_pp_patient_timeline" name="e2e_tm_g_pp_patient_timeline_Starts_with_specified_label_patient_id_cmdecod_aeterm_aetime_start_aetime_end_dstime_start_dstime_end_aerelday_start_aerelday_end_dsrelday_start_dsrelday_en."/>
    <testcase time="0.0509999999999309" classname="shinytest2_tm_g_pp_patient_timeline" name="e2e_tm_g_pp_patient_timeline_Starts_with_specified_label_patient_id_cmdecod_aeterm_aetime_start_aetime_end_dstime_start_dstime_end_aerelday_start_aerelday_end_dsrelday_start_dsrelday_en."/>
    <testcase time="0.0509999999999309" classname="shinytest2_tm_g_pp_patient_timeline" name="e2e_tm_g_pp_patient_timeline_Starts_with_specified_label_patient_id_cmdecod_aeterm_aetime_start_aetime_end_dstime_start_dstime_end_aerelday_start_aerelday_end_dsrelday_start_dsrelday_en."/>
    <testcase time="0.0509999999999309" classname="shinytest2_tm_g_pp_patient_timeline" name="e2e_tm_g_pp_patient_timeline_Starts_with_specified_label_patient_id_cmdecod_aeterm_aetime_start_aetime_end_dstime_start_dstime_end_aerelday_start_aerelday_end_dsrelday_start_dsrelday_en."/>
    <testcase time="0.0509999999999309" classname="shinytest2_tm_g_pp_patient_timeline" name="e2e_tm_g_pp_patient_timeline_Starts_with_specified_label_patient_id_cmdecod_aeterm_aetime_start_aetime_end_dstime_start_dstime_end_aerelday_start_aerelday_end_dsrelday_start_dsrelday_en."/>
    <testcase time="0.0510000000003856" classname="shinytest2_tm_g_pp_patient_timeline" name="e2e_tm_g_pp_patient_timeline_Starts_with_specified_label_patient_id_cmdecod_aeterm_aetime_start_aetime_end_dstime_start_dstime_end_aerelday_start_aerelday_end_dsrelday_start_dsrelday_en."/>
    <testcase time="0.0519999999996799" classname="shinytest2_tm_g_pp_patient_timeline" name="e2e_tm_g_pp_patient_timeline_Starts_with_specified_label_patient_id_cmdecod_aeterm_aetime_start_aetime_end_dstime_start_dstime_end_aerelday_start_aerelday_end_dsrelday_start_dsrelday_en."/>
    <testcase time="0.0520000000001346" classname="shinytest2_tm_g_pp_patient_timeline" name="e2e_tm_g_pp_patient_timeline_Starts_with_specified_label_patient_id_cmdecod_aeterm_aetime_start_aetime_end_dstime_start_dstime_end_aerelday_start_aerelday_end_dsrelday_start_dsrelday_en."/>
    <testcase time="15.348" classname="shinytest2_tm_g_pp_patient_timeline" name="e2e_tm_g_pp_patient_timeline_Encodings_aerelday_start_aerelday_end_dsrelday_start_dsrelday_end_are_shown_only_when_relday_x_axis_is_checked."/>
    <testcase time="9.55000000000018" classname="shinytest2_tm_g_pp_patient_timeline" name="e2e_tm_g_pp_patient_timeline_Encodings_aerelday_start_aerelday_end_dsrelday_start_dsrelday_end_are_shown_only_when_relday_x_axis_is_checked."/>
    <testcase time="15.3429999999998" classname="shinytest2_tm_g_pp_patient_timeline" name="e2e_tm_g_pp_patient_timeline_Encodings_aetime_start_aetime_end_dstime_start_dstime_end_are_shown_only_when_relday_x_axis_is_unchecked."/>
    <testcase time="9.57299999999987" classname="shinytest2_tm_g_pp_patient_timeline" name="e2e_tm_g_pp_patient_timeline_Encodings_aetime_start_aetime_end_dstime_start_dstime_end_are_shown_only_when_relday_x_axis_is_unchecked."/>
    <testcase time="7.99400000000014" classname="shinytest2_tm_g_pp_patient_timeline" name="e2e_tm_g_pp_patient_timeline_Selecting_patient_id_changes_plot_and_doesn_t_throw_validation_errors."/>
    <testcase time="0.0109999999999673" classname="shinytest2_tm_g_pp_patient_timeline" name="e2e_tm_g_pp_patient_timeline_Selecting_patient_id_changes_plot_and_doesn_t_throw_validation_errors."/>
    <testcase time="7.57299999999987" classname="shinytest2_tm_g_pp_patient_timeline" name="e2e_tm_g_pp_patient_timeline_Deselecting_patient_id_column_throws_validation_error."/>
    <testcase time="0.00600000000031287" classname="shinytest2_tm_g_pp_patient_timeline" name="e2e_tm_g_pp_patient_timeline_Deselecting_patient_id_column_throws_validation_error."/>
    <testcase time="0.00599999999985812" classname="shinytest2_tm_g_pp_patient_timeline" name="e2e_tm_g_pp_patient_timeline_Deselecting_patient_id_column_throws_validation_error."/>
    <testcase time="8.23999999999978" classname="shinytest2_tm_g_pp_patient_timeline" name="e2e_tm_g_pp_patient_timeline_Selecting_cmdecod_changes_plot_and_doesn_t_throw_validation_errors."/>
    <testcase time="0.00600000000031287" classname="shinytest2_tm_g_pp_patient_timeline" name="e2e_tm_g_pp_patient_timeline_Selecting_cmdecod_changes_plot_and_doesn_t_throw_validation_errors."/>
    <testcase time="8.20699999999988" classname="shinytest2_tm_g_pp_patient_timeline" name="e2e_tm_g_pp_patient_timeline_Deselecting_cmdecod_changes_plot_and_doesn_t_throw_validation_error."/>
    <testcase time="0.00599999999985812" classname="shinytest2_tm_g_pp_patient_timeline" name="e2e_tm_g_pp_patient_timeline_Deselecting_cmdecod_changes_plot_and_doesn_t_throw_validation_error."/>
    <testcase time="8.19600000000037" classname="shinytest2_tm_g_pp_patient_timeline" name="e2e_tm_g_pp_patient_timeline_Selecting_aeterm_changes_plot_and_doesn_t_throw_validation_errors."/>
    <testcase time="0.00599999999985812" classname="shinytest2_tm_g_pp_patient_timeline" name="e2e_tm_g_pp_patient_timeline_Selecting_aeterm_changes_plot_and_doesn_t_throw_validation_errors."/>
    <testcase time="8.13299999999981" classname="shinytest2_tm_g_pp_patient_timeline" name="e2e_tm_g_pp_patient_timeline_Deselecting_aeterm_changes_plot_and_doesn_t_throw_validation_error."/>
    <testcase time="0.00700000000006185" classname="shinytest2_tm_g_pp_patient_timeline" name="e2e_tm_g_pp_patient_timeline_Deselecting_aeterm_changes_plot_and_doesn_t_throw_validation_error."/>
    <testcase time="9.35500000000002" classname="shinytest2_tm_g_pp_patient_timeline" name="e2e_tm_g_pp_patient_timeline_Selecting_aetime_start_changes_plot_and_doesn_t_throw_validation_errors."/>
    <testcase time="0.00599999999985812" classname="shinytest2_tm_g_pp_patient_timeline" name="e2e_tm_g_pp_patient_timeline_Selecting_aetime_start_changes_plot_and_doesn_t_throw_validation_errors."/>
    <testcase time="8.70500000000038" classname="shinytest2_tm_g_pp_patient_timeline" name="e2e_tm_g_pp_patient_timeline_Deselecting_aetime_start_throws_validation_error."/>
    <testcase time="0.00599999999985812" classname="shinytest2_tm_g_pp_patient_timeline" name="e2e_tm_g_pp_patient_timeline_Deselecting_aetime_start_throws_validation_error."/>
    <testcase time="0.00500000000010914" classname="shinytest2_tm_g_pp_patient_timeline" name="e2e_tm_g_pp_patient_timeline_Deselecting_aetime_start_throws_validation_error."/>
    <testcase time="9.37999999999965" classname="shinytest2_tm_g_pp_patient_timeline" name="e2e_tm_g_pp_patient_timeline_Selecting_aetime_end_changes_plot_and_doesn_t_throw_validation_errors."/>
    <testcase time="0.00700000000006185" classname="shinytest2_tm_g_pp_patient_timeline" name="e2e_tm_g_pp_patient_timeline_Selecting_aetime_end_changes_plot_and_doesn_t_throw_validation_errors."/>
    <testcase time="8.78500000000031" classname="shinytest2_tm_g_pp_patient_timeline" name="e2e_tm_g_pp_patient_timeline_Deselecting_aetime_end_throws_validation_error."/>
    <testcase time="0.00599999999985812" classname="shinytest2_tm_g_pp_patient_timeline" name="e2e_tm_g_pp_patient_timeline_Deselecting_aetime_end_throws_validation_error."/>
    <testcase time="0.00700000000006185" classname="shinytest2_tm_g_pp_patient_timeline" name="e2e_tm_g_pp_patient_timeline_Deselecting_aetime_end_throws_validation_error."/>
    <testcase time="8.16599999999971" classname="shinytest2_tm_g_pp_patient_timeline" name="e2e_tm_g_pp_patient_timeline_Selecting_aerelday_start_changes_plot_and_doesn_t_throw_validation_errors."/>
    <testcase time="0.00700000000006185" classname="shinytest2_tm_g_pp_patient_timeline" name="e2e_tm_g_pp_patient_timeline_Selecting_aerelday_start_changes_plot_and_doesn_t_throw_validation_errors."/>
    <testcase time="7.64000000000033" classname="shinytest2_tm_g_pp_patient_timeline" name="e2e_tm_g_pp_patient_timeline_Deselecting_aerelday_start_throws_validation_error."/>
    <testcase time="0.00599999999985812" classname="shinytest2_tm_g_pp_patient_timeline" name="e2e_tm_g_pp_patient_timeline_Deselecting_aerelday_start_throws_validation_error."/>
    <testcase time="0.00599999999985812" classname="shinytest2_tm_g_pp_patient_timeline" name="e2e_tm_g_pp_patient_timeline_Deselecting_aerelday_start_throws_validation_error."/>
    <testcase time="8.14499999999998" classname="shinytest2_tm_g_pp_patient_timeline" name="e2e_tm_g_pp_patient_timeline_Selecting_aerelday_end_changes_plot_and_doesn_t_throw_validation_errors."/>
    <testcase time="0.00700000000006185" classname="shinytest2_tm_g_pp_patient_timeline" name="e2e_tm_g_pp_patient_timeline_Selecting_aerelday_end_changes_plot_and_doesn_t_throw_validation_errors."/>
    <testcase time="7.80200000000013" classname="shinytest2_tm_g_pp_patient_timeline" name="e2e_tm_g_pp_patient_timeline_Deselecting_aerelday_end_throws_validation_error."/>
    <testcase time="0.00700000000006185" classname="shinytest2_tm_g_pp_patient_timeline" name="e2e_tm_g_pp_patient_timeline_Deselecting_aerelday_end_throws_validation_error."/>
    <testcase time="0.00599999999985812" classname="shinytest2_tm_g_pp_patient_timeline" name="e2e_tm_g_pp_patient_timeline_Deselecting_aerelday_end_throws_validation_error."/>
    <testcase time="9.46799999999985" classname="shinytest2_tm_g_pp_patient_timeline" name="e2e_tm_g_pp_patient_timeline_Selecting_dstime_start_changes_plot_and_doesn_t_throw_validation_errors."/>
    <testcase time="0.00600000000031287" classname="shinytest2_tm_g_pp_patient_timeline" name="e2e_tm_g_pp_patient_timeline_Selecting_dstime_start_changes_plot_and_doesn_t_throw_validation_errors."/>
    <testcase time="8.80399999999963" classname="shinytest2_tm_g_pp_patient_timeline" name="e2e_tm_g_pp_patient_timeline_Deselecting_dstime_start_throws_validation_error."/>
    <testcase time="0.00700000000006185" classname="shinytest2_tm_g_pp_patient_timeline" name="e2e_tm_g_pp_patient_timeline_Deselecting_dstime_start_throws_validation_error."/>
    <testcase time="0.00600000000031287" classname="shinytest2_tm_g_pp_patient_timeline" name="e2e_tm_g_pp_patient_timeline_Deselecting_dstime_start_throws_validation_error."/>
    <testcase time="9.42399999999998" classname="shinytest2_tm_g_pp_patient_timeline" name="e2e_tm_g_pp_patient_timeline_Selecting_dstime_end_changes_plot_and_doesn_t_throw_validation_errors."/>
    <testcase time="0.00599999999985812" classname="shinytest2_tm_g_pp_patient_timeline" name="e2e_tm_g_pp_patient_timeline_Selecting_dstime_end_changes_plot_and_doesn_t_throw_validation_errors."/>
    <testcase time="8.78200000000015" classname="shinytest2_tm_g_pp_patient_timeline" name="e2e_tm_g_pp_patient_timeline_Deselecting_dstime_end_throws_validation_error."/>
    <testcase time="0.0069999999996071" classname="shinytest2_tm_g_pp_patient_timeline" name="e2e_tm_g_pp_patient_timeline_Deselecting_dstime_end_throws_validation_error."/>
    <testcase time="0.00600000000031287" classname="shinytest2_tm_g_pp_patient_timeline" name="e2e_tm_g_pp_patient_timeline_Deselecting_dstime_end_throws_validation_error."/>
    <testcase time="8.25199999999995" classname="shinytest2_tm_g_pp_patient_timeline" name="e2e_tm_g_pp_patient_timeline_Selecting_dsrelday_start_changes_plot_and_doesn_t_throw_validation_errors."/>
    <testcase time="0.00700000000006185" classname="shinytest2_tm_g_pp_patient_timeline" name="e2e_tm_g_pp_patient_timeline_Selecting_dsrelday_start_changes_plot_and_doesn_t_throw_validation_errors."/>
    <testcase time="7.67800000000034" classname="shinytest2_tm_g_pp_patient_timeline" name="e2e_tm_g_pp_patient_timeline_Deselecting_dsrelday_start_throws_validation_error."/>
    <testcase time="0.00599999999985812" classname="shinytest2_tm_g_pp_patient_timeline" name="e2e_tm_g_pp_patient_timeline_Deselecting_dsrelday_start_throws_validation_error."/>
    <testcase time="0.00599999999985812" classname="shinytest2_tm_g_pp_patient_timeline" name="e2e_tm_g_pp_patient_timeline_Deselecting_dsrelday_start_throws_validation_error."/>
    <testcase time="8.16400000000021" classname="shinytest2_tm_g_pp_patient_timeline" name="e2e_tm_g_pp_patient_timeline_Selecting_dsrelday_end_changes_plot_and_doesn_t_throw_validation_errors."/>
    <testcase time="0.00700000000006185" classname="shinytest2_tm_g_pp_patient_timeline" name="e2e_tm_g_pp_patient_timeline_Selecting_dsrelday_end_changes_plot_and_doesn_t_throw_validation_errors."/>
    <testcase time="7.65199999999959" classname="shinytest2_tm_g_pp_patient_timeline" name="e2e_tm_g_pp_patient_timeline_Deselecting_dsrelday_end_throws_validation_error."/>
    <testcase time="0.00700000000006185" classname="shinytest2_tm_g_pp_patient_timeline" name="e2e_tm_g_pp_patient_timeline_Deselecting_dsrelday_end_throws_validation_error."/>
    <testcase time="0.00600000000031287" classname="shinytest2_tm_g_pp_patient_timeline" name="e2e_tm_g_pp_patient_timeline_Deselecting_dsrelday_end_throws_validation_error."/>
  </testsuite>
  <testsuite name="shinytest2-tm_g_pp_therapy" timestamp="2025-02-11T10:48:24Z" hostname="b8e80419198c" tests="59" skipped="0" failures="0" errors="0" time="200.941">
    <testcase time="7.57799999999997" classname="shinytest2_tm_g_pp_therapy" name="e2e_tm_g_pp_therapy_Module_initializes_in_teal_without_errors_and_produces_output."/>
    <testcase time="0.00599999999985812" classname="shinytest2_tm_g_pp_therapy" name="e2e_tm_g_pp_therapy_Module_initializes_in_teal_without_errors_and_produces_output."/>
    <testcase time="2.11400000000003" classname="shinytest2_tm_g_pp_therapy" name="e2e_tm_g_pp_therapy_Module_initializes_in_teal_without_errors_and_produces_output."/>
    <testcase time="2.11299999999983" classname="shinytest2_tm_g_pp_therapy" name="e2e_tm_g_pp_therapy_Module_initializes_in_teal_without_errors_and_produces_output."/>
    <testcase time="7.49800000000005" classname="shinytest2_tm_g_pp_therapy" name="e2e_tm_g_pp_therapy_Starts_with_specified_label_paramcd_arm_var_buckets_paramcd_subgroup_var_strata_var_and_plot_settings."/>
    <testcase time="0.0489999999999782" classname="shinytest2_tm_g_pp_therapy" name="e2e_tm_g_pp_therapy_Starts_with_specified_label_paramcd_arm_var_buckets_paramcd_subgroup_var_strata_var_and_plot_settings."/>
    <testcase time="0.0499999999997272" classname="shinytest2_tm_g_pp_therapy" name="e2e_tm_g_pp_therapy_Starts_with_specified_label_paramcd_arm_var_buckets_paramcd_subgroup_var_strata_var_and_plot_settings."/>
    <testcase time="0.0510000000003856" classname="shinytest2_tm_g_pp_therapy" name="e2e_tm_g_pp_therapy_Starts_with_specified_label_paramcd_arm_var_buckets_paramcd_subgroup_var_strata_var_and_plot_settings."/>
    <testcase time="0.0509999999999309" classname="shinytest2_tm_g_pp_therapy" name="e2e_tm_g_pp_therapy_Starts_with_specified_label_paramcd_arm_var_buckets_paramcd_subgroup_var_strata_var_and_plot_settings."/>
    <testcase time="0.0509999999999309" classname="shinytest2_tm_g_pp_therapy" name="e2e_tm_g_pp_therapy_Starts_with_specified_label_paramcd_arm_var_buckets_paramcd_subgroup_var_strata_var_and_plot_settings."/>
    <testcase time="0.0509999999999309" classname="shinytest2_tm_g_pp_therapy" name="e2e_tm_g_pp_therapy_Starts_with_specified_label_paramcd_arm_var_buckets_paramcd_subgroup_var_strata_var_and_plot_settings."/>
    <testcase time="0.0509999999999309" classname="shinytest2_tm_g_pp_therapy" name="e2e_tm_g_pp_therapy_Starts_with_specified_label_paramcd_arm_var_buckets_paramcd_subgroup_var_strata_var_and_plot_settings."/>
    <testcase time="0.0509999999999309" classname="shinytest2_tm_g_pp_therapy" name="e2e_tm_g_pp_therapy_Starts_with_specified_label_paramcd_arm_var_buckets_paramcd_subgroup_var_strata_var_and_plot_settings."/>
    <testcase time="0.0520000000001346" classname="shinytest2_tm_g_pp_therapy" name="e2e_tm_g_pp_therapy_Starts_with_specified_label_paramcd_arm_var_buckets_paramcd_subgroup_var_strata_var_and_plot_settings."/>
    <testcase time="0.0520000000001346" classname="shinytest2_tm_g_pp_therapy" name="e2e_tm_g_pp_therapy_Starts_with_specified_label_paramcd_arm_var_buckets_paramcd_subgroup_var_strata_var_and_plot_settings."/>
    <testcase time="0.0519999999996799" classname="shinytest2_tm_g_pp_therapy" name="e2e_tm_g_pp_therapy_Starts_with_specified_label_paramcd_arm_var_buckets_paramcd_subgroup_var_strata_var_and_plot_settings."/>
    <testcase time="0.0520000000001346" classname="shinytest2_tm_g_pp_therapy" name="e2e_tm_g_pp_therapy_Starts_with_specified_label_paramcd_arm_var_buckets_paramcd_subgroup_var_strata_var_and_plot_settings."/>
    <testcase time="8.92000000000007" classname="shinytest2_tm_g_pp_therapy" name="e2e_tm_g_pp_therapy_Selection_of_patient_id_changes_the_plot_and_table_without_any_validation_errors."/>
    <testcase time="0.00700000000006185" classname="shinytest2_tm_g_pp_therapy" name="e2e_tm_g_pp_therapy_Selection_of_patient_id_changes_the_plot_and_table_without_any_validation_errors."/>
    <testcase time="8.95899999999983" classname="shinytest2_tm_g_pp_therapy" name="e2e_tm_g_pp_therapy_Selection_of_cmdecod_changes_the_plot_and_table_without_any_validation_errors."/>
    <testcase time="0.00600000000031287" classname="shinytest2_tm_g_pp_therapy" name="e2e_tm_g_pp_therapy_Selection_of_cmdecod_changes_the_plot_and_table_without_any_validation_errors."/>
    <testcase time="9.00399999999991" classname="shinytest2_tm_g_pp_therapy" name="e2e_tm_g_pp_therapy_Selection_of_atirel_changes_the_plot_and_table_without_any_validation_errors."/>
    <testcase time="0.00599999999985812" classname="shinytest2_tm_g_pp_therapy" name="e2e_tm_g_pp_therapy_Selection_of_atirel_changes_the_plot_and_table_without_any_validation_errors."/>
    <testcase time="8.98799999999983" classname="shinytest2_tm_g_pp_therapy" name="e2e_tm_g_pp_therapy_Selection_of_cmindc_changes_the_plot_and_table_without_any_validation_errors."/>
    <testcase time="0.00600000000031287" classname="shinytest2_tm_g_pp_therapy" name="e2e_tm_g_pp_therapy_Selection_of_cmindc_changes_the_plot_and_table_without_any_validation_errors."/>
    <testcase time="8.94799999999987" classname="shinytest2_tm_g_pp_therapy" name="e2e_tm_g_pp_therapy_Selection_of_cmdose_changes_the_plot_and_table_without_any_validation_errors."/>
    <testcase time="0.00599999999985812" classname="shinytest2_tm_g_pp_therapy" name="e2e_tm_g_pp_therapy_Selection_of_cmdose_changes_the_plot_and_table_without_any_validation_errors."/>
    <testcase time="8.89900000000034" classname="shinytest2_tm_g_pp_therapy" name="e2e_tm_g_pp_therapy_Selection_of_cmdosu_changes_the_plot_and_table_without_any_validation_errors."/>
    <testcase time="0.00599999999985812" classname="shinytest2_tm_g_pp_therapy" name="e2e_tm_g_pp_therapy_Selection_of_cmdosu_changes_the_plot_and_table_without_any_validation_errors."/>
    <testcase time="8.99499999999989" classname="shinytest2_tm_g_pp_therapy" name="e2e_tm_g_pp_therapy_Selection_of_cmroute_changes_the_plot_and_table_without_any_validation_errors."/>
    <testcase time="0.00599999999985812" classname="shinytest2_tm_g_pp_therapy" name="e2e_tm_g_pp_therapy_Selection_of_cmroute_changes_the_plot_and_table_without_any_validation_errors."/>
    <testcase time="9.28400000000011" classname="shinytest2_tm_g_pp_therapy" name="e2e_tm_g_pp_therapy_Selection_of_cmdosfrq_changes_the_plot_and_table_without_any_validation_errors."/>
    <testcase time="0.00600000000031287" classname="shinytest2_tm_g_pp_therapy" name="e2e_tm_g_pp_therapy_Selection_of_cmdosfrq_changes_the_plot_and_table_without_any_validation_errors."/>
    <testcase time="8.87899999999991" classname="shinytest2_tm_g_pp_therapy" name="e2e_tm_g_pp_therapy_Selection_of_cmstdy_changes_the_plot_and_table_without_any_validation_errors."/>
    <testcase time="0.00599999999985812" classname="shinytest2_tm_g_pp_therapy" name="e2e_tm_g_pp_therapy_Selection_of_cmstdy_changes_the_plot_and_table_without_any_validation_errors."/>
    <testcase time="8.971" classname="shinytest2_tm_g_pp_therapy" name="e2e_tm_g_pp_therapy_Selection_of_cmendy_changes_the_plot_and_table_without_any_validation_errors."/>
    <testcase time="0.00599999999985812" classname="shinytest2_tm_g_pp_therapy" name="e2e_tm_g_pp_therapy_Selection_of_cmendy_changes_the_plot_and_table_without_any_validation_errors."/>
    <testcase time="8.82900000000018" classname="shinytest2_tm_g_pp_therapy" name="e2e_tm_g_pp_therapy_Changing_font_size_changes_the_plot_and_does_not_throw_validation_errors."/>
    <testcase time="0.00700000000006185" classname="shinytest2_tm_g_pp_therapy" name="e2e_tm_g_pp_therapy_Changing_font_size_changes_the_plot_and_does_not_throw_validation_errors."/>
    <testcase time="8.09999999999991" classname="shinytest2_tm_g_pp_therapy" name="e2e_tm_g_pp_therapy_Deselection_of_patient_id_throws_validation_error."/>
    <testcase time="0.00599999999985812" classname="shinytest2_tm_g_pp_therapy" name="e2e_tm_g_pp_therapy_Deselection_of_patient_id_throws_validation_error."/>
    <testcase time="8.14000000000033" classname="shinytest2_tm_g_pp_therapy" name="e2e_tm_g_pp_therapy_Deselection_of_cmdecod_throws_validation_error."/>
    <testcase time="0.00599999999985812" classname="shinytest2_tm_g_pp_therapy" name="e2e_tm_g_pp_therapy_Deselection_of_cmdecod_throws_validation_error."/>
    <testcase time="8.18899999999985" classname="shinytest2_tm_g_pp_therapy" name="e2e_tm_g_pp_therapy_Deselection_of_atirel_throws_validation_error."/>
    <testcase time="0.00600000000031287" classname="shinytest2_tm_g_pp_therapy" name="e2e_tm_g_pp_therapy_Deselection_of_atirel_throws_validation_error."/>
    <testcase time="8.1899999999996" classname="shinytest2_tm_g_pp_therapy" name="e2e_tm_g_pp_therapy_Deselection_of_cmindc_throws_validation_error."/>
    <testcase time="0.00600000000031287" classname="shinytest2_tm_g_pp_therapy" name="e2e_tm_g_pp_therapy_Deselection_of_cmindc_throws_validation_error."/>
    <testcase time="8.17599999999993" classname="shinytest2_tm_g_pp_therapy" name="e2e_tm_g_pp_therapy_Deselection_of_cmdose_throws_validation_error."/>
    <testcase time="0.00599999999985812" classname="shinytest2_tm_g_pp_therapy" name="e2e_tm_g_pp_therapy_Deselection_of_cmdose_throws_validation_error."/>
    <testcase time="8.3119999999999" classname="shinytest2_tm_g_pp_therapy" name="e2e_tm_g_pp_therapy_Deselection_of_cmdosu_throws_validation_error."/>
    <testcase time="0.00600000000031287" classname="shinytest2_tm_g_pp_therapy" name="e2e_tm_g_pp_therapy_Deselection_of_cmdosu_throws_validation_error."/>
    <testcase time="8.38299999999981" classname="shinytest2_tm_g_pp_therapy" name="e2e_tm_g_pp_therapy_Deselection_of_cmroute_throws_validation_error."/>
    <testcase time="0.00700000000006185" classname="shinytest2_tm_g_pp_therapy" name="e2e_tm_g_pp_therapy_Deselection_of_cmroute_throws_validation_error."/>
    <testcase time="8.28699999999981" classname="shinytest2_tm_g_pp_therapy" name="e2e_tm_g_pp_therapy_Deselection_of_cmdosfrq_throws_validation_error."/>
    <testcase time="0.00700000000006185" classname="shinytest2_tm_g_pp_therapy" name="e2e_tm_g_pp_therapy_Deselection_of_cmdosfrq_throws_validation_error."/>
    <testcase time="8.24099999999999" classname="shinytest2_tm_g_pp_therapy" name="e2e_tm_g_pp_therapy_Deselection_of_cmstdy_throws_validation_error."/>
    <testcase time="0.00700000000006185" classname="shinytest2_tm_g_pp_therapy" name="e2e_tm_g_pp_therapy_Deselection_of_cmstdy_throws_validation_error."/>
    <testcase time="8.19300000000021" classname="shinytest2_tm_g_pp_therapy" name="e2e_tm_g_pp_therapy_Deselection_of_cmendy_throws_validation_error."/>
    <testcase time="0.00700000000006185" classname="shinytest2_tm_g_pp_therapy" name="e2e_tm_g_pp_therapy_Deselection_of_cmendy_throws_validation_error."/>
  </testsuite>
  <testsuite name="shinytest2-tm_g_pp_vitals" timestamp="2025-02-11T10:51:45Z" hostname="b8e80419198c" tests="34" skipped="0" failures="0" errors="0" time="90.364">
    <testcase time="7.10099999999966" classname="shinytest2_tm_g_pp_vitals" name="e2e_tm_g_pp_vitals_Module_initializes_in_teal_without_errors_and_produces_plot_output."/>
    <testcase time="0.00600000000031287" classname="shinytest2_tm_g_pp_vitals" name="e2e_tm_g_pp_vitals_Module_initializes_in_teal_without_errors_and_produces_plot_output."/>
    <testcase time="0.043999999999869" classname="shinytest2_tm_g_pp_vitals" name="e2e_tm_g_pp_vitals_Module_initializes_in_teal_without_errors_and_produces_plot_output."/>
    <testcase time="7.11099999999988" classname="shinytest2_tm_g_pp_vitals" name="e2e_tm_g_pp_vitals_Starts_with_specified_label_patient_id_paramcd_xaxis_aval_var_font_size_parentname_patient_col."/>
    <testcase time="0.0850000000000364" classname="shinytest2_tm_g_pp_vitals" name="e2e_tm_g_pp_vitals_Starts_with_specified_label_patient_id_paramcd_xaxis_aval_var_font_size_parentname_patient_col."/>
    <testcase time="0.0509999999999309" classname="shinytest2_tm_g_pp_vitals" name="e2e_tm_g_pp_vitals_Starts_with_specified_label_patient_id_paramcd_xaxis_aval_var_font_size_parentname_patient_col."/>
    <testcase time="0.0510000000003856" classname="shinytest2_tm_g_pp_vitals" name="e2e_tm_g_pp_vitals_Starts_with_specified_label_patient_id_paramcd_xaxis_aval_var_font_size_parentname_patient_col."/>
    <testcase time="0.0499999999997272" classname="shinytest2_tm_g_pp_vitals" name="e2e_tm_g_pp_vitals_Starts_with_specified_label_patient_id_paramcd_xaxis_aval_var_font_size_parentname_patient_col."/>
    <testcase time="0.0500000000001819" classname="shinytest2_tm_g_pp_vitals" name="e2e_tm_g_pp_vitals_Starts_with_specified_label_patient_id_paramcd_xaxis_aval_var_font_size_parentname_patient_col."/>
    <testcase time="0.0519999999996799" classname="shinytest2_tm_g_pp_vitals" name="e2e_tm_g_pp_vitals_Starts_with_specified_label_patient_id_paramcd_xaxis_aval_var_font_size_parentname_patient_col."/>
    <testcase time="8.66200000000026" classname="shinytest2_tm_g_pp_vitals" name="e2e_tm_g_pp_vitals_Selecting_patient_id_changes_plot_and_doesn_t_throw_validation_errors."/>
    <testcase time="0.00700000000006185" classname="shinytest2_tm_g_pp_vitals" name="e2e_tm_g_pp_vitals_Selecting_patient_id_changes_plot_and_doesn_t_throw_validation_errors."/>
    <testcase time="7.63899999999967" classname="shinytest2_tm_g_pp_vitals" name="e2e_tm_g_pp_vitals_Deselecting_patient_id_column_throws_validation_error."/>
    <testcase time="0.00600000000031287" classname="shinytest2_tm_g_pp_vitals" name="e2e_tm_g_pp_vitals_Deselecting_patient_id_column_throws_validation_error."/>
    <testcase time="0.00599999999985812" classname="shinytest2_tm_g_pp_vitals" name="e2e_tm_g_pp_vitals_Deselecting_patient_id_column_throws_validation_error."/>
    <testcase time="8.63400000000001" classname="shinytest2_tm_g_pp_vitals" name="e2e_tm_g_pp_vitals_Selecting_valid_paramcd_and_paramcd_levels_vals_changes_plot_and_doesn_t_throw_validation_errors."/>
    <testcase time="0.00700000000006185" classname="shinytest2_tm_g_pp_vitals" name="e2e_tm_g_pp_vitals_Selecting_valid_paramcd_and_paramcd_levels_vals_changes_plot_and_doesn_t_throw_validation_errors."/>
    <testcase time="1.23399999999992" classname="shinytest2_tm_g_pp_vitals" name="e2e_tm_g_pp_vitals_Selecting_valid_paramcd_and_paramcd_levels_vals_changes_plot_and_doesn_t_throw_validation_errors."/>
    <testcase time="0.00599999999985812" classname="shinytest2_tm_g_pp_vitals" name="e2e_tm_g_pp_vitals_Selecting_valid_paramcd_and_paramcd_levels_vals_changes_plot_and_doesn_t_throw_validation_errors."/>
    <testcase time="8.20100000000002" classname="shinytest2_tm_g_pp_vitals" name="e2e_tm_g_pp_vitals_Deselecting_paramcd_throws_validation_error."/>
    <testcase time="0.00600000000031287" classname="shinytest2_tm_g_pp_vitals" name="e2e_tm_g_pp_vitals_Deselecting_paramcd_throws_validation_error."/>
    <testcase time="0.00599999999985812" classname="shinytest2_tm_g_pp_vitals" name="e2e_tm_g_pp_vitals_Deselecting_paramcd_throws_validation_error."/>
    <testcase time="8.66899999999987" classname="shinytest2_tm_g_pp_vitals" name="e2e_tm_g_pp_vitals_Selecting_xaxis_changes_plot_and_doesn_t_throw_validation_errors."/>
    <testcase time="0.00600000000031287" classname="shinytest2_tm_g_pp_vitals" name="e2e_tm_g_pp_vitals_Selecting_xaxis_changes_plot_and_doesn_t_throw_validation_errors."/>
    <testcase time="7.74699999999984" classname="shinytest2_tm_g_pp_vitals" name="e2e_tm_g_pp_vitals_Deselecting_xaxis_column_throws_validation_error."/>
    <testcase time="0.00700000000006185" classname="shinytest2_tm_g_pp_vitals" name="e2e_tm_g_pp_vitals_Deselecting_xaxis_column_throws_validation_error."/>
    <testcase time="0.00599999999985812" classname="shinytest2_tm_g_pp_vitals" name="e2e_tm_g_pp_vitals_Deselecting_xaxis_column_throws_validation_error."/>
    <testcase time="8.78200000000015" classname="shinytest2_tm_g_pp_vitals" name="e2e_tm_g_pp_vitals_Selecting_aval_var_changes_plot_and_doesn_t_throw_validation_errors."/>
    <testcase time="0.00700000000006185" classname="shinytest2_tm_g_pp_vitals" name="e2e_tm_g_pp_vitals_Selecting_aval_var_changes_plot_and_doesn_t_throw_validation_errors."/>
    <testcase time="7.64899999999989" classname="shinytest2_tm_g_pp_vitals" name="e2e_tm_g_pp_vitals_Deselecting_aval_var_column_throws_validation_error."/>
    <testcase time="0.00700000000006185" classname="shinytest2_tm_g_pp_vitals" name="e2e_tm_g_pp_vitals_Deselecting_aval_var_column_throws_validation_error."/>
    <testcase time="0.0109999999999673" classname="shinytest2_tm_g_pp_vitals" name="e2e_tm_g_pp_vitals_Deselecting_aval_var_column_throws_validation_error."/>
    <testcase time="8.45100000000002" classname="shinytest2_tm_g_pp_vitals" name="e2e_tm_g_pp_vitals_Changing_font_size_changes_plot_and_doesn_t_throw_validation_error."/>
    <testcase time="0.00700000000006185" classname="shinytest2_tm_g_pp_vitals" name="e2e_tm_g_pp_vitals_Changing_font_size_changes_plot_and_doesn_t_throw_validation_error."/>
  </testsuite>
  <testsuite name="shinytest2-tm_t_abnormality" timestamp="2025-02-11T10:53:15Z" hostname="b8e80419198c" tests="27" skipped="0" failures="0" errors="0" time="68.078">
    <testcase time="6.52499999999964" classname="shinytest2_tm_t_abnormality" name="e2e_tm_t_abnormality_Module_initializes_in_teal_without_errors_and_produces_table_output."/>
    <testcase time="0.00600000000031287" classname="shinytest2_tm_t_abnormality" name="e2e_tm_t_abnormality_Module_initializes_in_teal_without_errors_and_produces_table_output."/>
    <testcase time="2.09099999999989" classname="shinytest2_tm_t_abnormality" name="e2e_tm_t_abnormality_Module_initializes_in_teal_without_errors_and_produces_table_output."/>
    <testcase time="6.50599999999986" classname="shinytest2_tm_t_abnormality" name="e2e_tm_t_abnormality_Starts_with_specified_label_arm_var_by_vars_add_total_exclude_base_abn_drop_arm_levels."/>
    <testcase time="0.0909999999998945" classname="shinytest2_tm_t_abnormality" name="e2e_tm_t_abnormality_Starts_with_specified_label_arm_var_by_vars_add_total_exclude_base_abn_drop_arm_levels."/>
    <testcase time="0.0510000000003856" classname="shinytest2_tm_t_abnormality" name="e2e_tm_t_abnormality_Starts_with_specified_label_arm_var_by_vars_add_total_exclude_base_abn_drop_arm_levels."/>
    <testcase time="0.0509999999999309" classname="shinytest2_tm_t_abnormality" name="e2e_tm_t_abnormality_Starts_with_specified_label_arm_var_by_vars_add_total_exclude_base_abn_drop_arm_levels."/>
    <testcase time="0.0509999999999309" classname="shinytest2_tm_t_abnormality" name="e2e_tm_t_abnormality_Starts_with_specified_label_arm_var_by_vars_add_total_exclude_base_abn_drop_arm_levels."/>
    <testcase time="0.0509999999999309" classname="shinytest2_tm_t_abnormality" name="e2e_tm_t_abnormality_Starts_with_specified_label_arm_var_by_vars_add_total_exclude_base_abn_drop_arm_levels."/>
    <testcase time="0.0509999999999309" classname="shinytest2_tm_t_abnormality" name="e2e_tm_t_abnormality_Starts_with_specified_label_arm_var_by_vars_add_total_exclude_base_abn_drop_arm_levels."/>
    <testcase time="0.0509999999999309" classname="shinytest2_tm_t_abnormality" name="e2e_tm_t_abnormality_Starts_with_specified_label_arm_var_by_vars_add_total_exclude_base_abn_drop_arm_levels."/>
    <testcase time="7.70600000000013" classname="shinytest2_tm_t_abnormality" name="e2e_tm_t_abnormality_Selecting_arm_var_changes_the_table_and_does_not_throw_validation_errors."/>
    <testcase time="0.00599999999985812" classname="shinytest2_tm_t_abnormality" name="e2e_tm_t_abnormality_Selecting_arm_var_changes_the_table_and_does_not_throw_validation_errors."/>
    <testcase time="7.21600000000035" classname="shinytest2_tm_t_abnormality" name="e2e_arm_var_Deselection_of_arm_var_throws_validation_error."/>
    <testcase time="0.00700000000006185" classname="shinytest2_tm_t_abnormality" name="e2e_arm_var_Deselection_of_arm_var_throws_validation_error."/>
    <testcase time="0.00599999999985812" classname="shinytest2_tm_t_abnormality" name="e2e_arm_var_Deselection_of_arm_var_throws_validation_error."/>
    <testcase time="7.74600000000009" classname="shinytest2_tm_t_abnormality" name="e2e_tm_t_abnormality_Selecting_by_vars_changes_the_table_and_does_not_throw_validation_errors."/>
    <testcase time="0.0069999999996071" classname="shinytest2_tm_t_abnormality" name="e2e_tm_t_abnormality_Selecting_by_vars_changes_the_table_and_does_not_throw_validation_errors."/>
    <testcase time="7.28600000000006" classname="shinytest2_tm_t_abnormality" name="e2e_tm_t_abnormality_Deselection_of_by_vars_throws_validation_error."/>
    <testcase time="0.00600000000031287" classname="shinytest2_tm_t_abnormality" name="e2e_tm_t_abnormality_Deselection_of_by_vars_throws_validation_error."/>
    <testcase time="0.00599999999985812" classname="shinytest2_tm_t_abnormality" name="e2e_tm_t_abnormality_Deselection_of_by_vars_throws_validation_error."/>
    <testcase time="7.39899999999989" classname="shinytest2_tm_t_abnormality" name="e2e_tm_t_abnormality_Changing_add_total_changes_the_table_and_does_not_throw_validation_errors."/>
    <testcase time="0.00700000000006185" classname="shinytest2_tm_t_abnormality" name="e2e_tm_t_abnormality_Changing_add_total_changes_the_table_and_does_not_throw_validation_errors."/>
    <testcase time="7.48100000000022" classname="shinytest2_tm_t_abnormality" name="e2e_tm_t_abnormality_Changing_exclude_base_abn_changes_the_table_and_does_not_throw_validation_errors."/>
    <testcase time="0.0069999999996071" classname="shinytest2_tm_t_abnormality" name="e2e_tm_t_abnormality_Changing_exclude_base_abn_changes_the_table_and_does_not_throw_validation_errors."/>
    <testcase time="7.66100000000006" classname="shinytest2_tm_t_abnormality" name="e2e_tm_t_abnormality_Changing_drop_arm_levels_does_not_change_the_table_and_does_not_throw_validation_errors."/>
    <testcase time="0.00600000000031287" classname="shinytest2_tm_t_abnormality" name="e2e_tm_t_abnormality_Changing_drop_arm_levels_does_not_change_the_table_and_does_not_throw_validation_errors."/>
  </testsuite>
  <testsuite name="shinytest2-tm_t_abnormality_by_worst_grade" timestamp="2025-02-11T10:54:23Z" hostname="b8e80419198c" tests="27" skipped="0" failures="0" errors="0" time="70.969">
    <testcase time="7.54099999999971" classname="shinytest2_tm_t_abnormality_by_worst_grade" name="e2e_tm_t_abnormality_by_worst_grade_Module_initializes_in_teal_without_errors_and_produces_table_output."/>
    <testcase time="0.00700000000006185" classname="shinytest2_tm_t_abnormality_by_worst_grade" name="e2e_tm_t_abnormality_by_worst_grade_Module_initializes_in_teal_without_errors_and_produces_table_output."/>
    <testcase time="2.10600000000022" classname="shinytest2_tm_t_abnormality_by_worst_grade" name="e2e_tm_t_abnormality_by_worst_grade_Module_initializes_in_teal_without_errors_and_produces_table_output."/>
    <testcase time="7.49399999999969" classname="shinytest2_tm_t_abnormality_by_worst_grade" name="e2e_tm_t_abnormality_by_worst_grade_Starts_with_specified_label_arm_var_paramcd_id_var_atoxgr_var_worst_high_flag_var_worst_low_flag_var_worst_flag_indicator_add_total_drop_arm_levels."/>
    <testcase time="0.0840000000002874" classname="shinytest2_tm_t_abnormality_by_worst_grade" name="e2e_tm_t_abnormality_by_worst_grade_Starts_with_specified_label_arm_var_paramcd_id_var_atoxgr_var_worst_high_flag_var_worst_low_flag_var_worst_flag_indicator_add_total_drop_arm_levels."/>
    <testcase time="0.0529999999998836" classname="shinytest2_tm_t_abnormality_by_worst_grade" name="e2e_tm_t_abnormality_by_worst_grade_Starts_with_specified_label_arm_var_paramcd_id_var_atoxgr_var_worst_high_flag_var_worst_low_flag_var_worst_flag_indicator_add_total_drop_arm_levels."/>
    <testcase time="0.0529999999998836" classname="shinytest2_tm_t_abnormality_by_worst_grade" name="e2e_tm_t_abnormality_by_worst_grade_Starts_with_specified_label_arm_var_paramcd_id_var_atoxgr_var_worst_high_flag_var_worst_low_flag_var_worst_flag_indicator_add_total_drop_arm_levels."/>
    <testcase time="0.0520000000001346" classname="shinytest2_tm_t_abnormality_by_worst_grade" name="e2e_tm_t_abnormality_by_worst_grade_Starts_with_specified_label_arm_var_paramcd_id_var_atoxgr_var_worst_high_flag_var_worst_low_flag_var_worst_flag_indicator_add_total_drop_arm_levels."/>
    <testcase time="0.0520000000001346" classname="shinytest2_tm_t_abnormality_by_worst_grade" name="e2e_tm_t_abnormality_by_worst_grade_Starts_with_specified_label_arm_var_paramcd_id_var_atoxgr_var_worst_high_flag_var_worst_low_flag_var_worst_flag_indicator_add_total_drop_arm_levels."/>
    <testcase time="0.0519999999996799" classname="shinytest2_tm_t_abnormality_by_worst_grade" name="e2e_tm_t_abnormality_by_worst_grade_Starts_with_specified_label_arm_var_paramcd_id_var_atoxgr_var_worst_high_flag_var_worst_low_flag_var_worst_flag_indicator_add_total_drop_arm_levels."/>
    <testcase time="0.0520000000001346" classname="shinytest2_tm_t_abnormality_by_worst_grade" name="e2e_tm_t_abnormality_by_worst_grade_Starts_with_specified_label_arm_var_paramcd_id_var_atoxgr_var_worst_high_flag_var_worst_low_flag_var_worst_flag_indicator_add_total_drop_arm_levels."/>
    <testcase time="0.0520000000001346" classname="shinytest2_tm_t_abnormality_by_worst_grade" name="e2e_tm_t_abnormality_by_worst_grade_Starts_with_specified_label_arm_var_paramcd_id_var_atoxgr_var_worst_high_flag_var_worst_low_flag_var_worst_flag_indicator_add_total_drop_arm_levels."/>
    <testcase time="0.0519999999996799" classname="shinytest2_tm_t_abnormality_by_worst_grade" name="e2e_tm_t_abnormality_by_worst_grade_Starts_with_specified_label_arm_var_paramcd_id_var_atoxgr_var_worst_high_flag_var_worst_low_flag_var_worst_flag_indicator_add_total_drop_arm_levels."/>
    <testcase time="9.05100000000039" classname="shinytest2_tm_t_abnormality_by_worst_grade" name="e2e_tm_t_abnormality_by_worst_grade_Selecting_arm_var_changes_the_table_and_does_not_throw_validation_errors."/>
    <testcase time="0.0069999999996071" classname="shinytest2_tm_t_abnormality_by_worst_grade" name="e2e_tm_t_abnormality_by_worst_grade_Selecting_arm_var_changes_the_table_and_does_not_throw_validation_errors."/>
    <testcase time="8.94000000000005" classname="shinytest2_tm_t_abnormality_by_worst_grade" name="e2e_tm_t_abnormality_by_worst_grade_Selecting_paramcd_changes_the_table_and_does_not_throw_validation_errors."/>
    <testcase time="0.00600000000031287" classname="shinytest2_tm_t_abnormality_by_worst_grade" name="e2e_tm_t_abnormality_by_worst_grade_Selecting_paramcd_changes_the_table_and_does_not_throw_validation_errors."/>
    <testcase time="8.471" classname="shinytest2_tm_t_abnormality_by_worst_grade" name="e2e_tm_t_abnormality_by_worst_grade_Deselection_of_arm_var_throws_validation_error."/>
    <testcase time="0.00599999999985812" classname="shinytest2_tm_t_abnormality_by_worst_grade" name="e2e_tm_t_abnormality_by_worst_grade_Deselection_of_arm_var_throws_validation_error."/>
    <testcase time="0.00700000000006185" classname="shinytest2_tm_t_abnormality_by_worst_grade" name="e2e_tm_t_abnormality_by_worst_grade_Deselection_of_arm_var_throws_validation_error."/>
    <testcase time="8.57200000000012" classname="shinytest2_tm_t_abnormality_by_worst_grade" name="e2e_tm_t_abnormality_by_worst_grade_Deselection_of_paramcd_throws_validation_error."/>
    <testcase time="0.0069999999996071" classname="shinytest2_tm_t_abnormality_by_worst_grade" name="e2e_tm_t_abnormality_by_worst_grade_Deselection_of_paramcd_throws_validation_error."/>
    <testcase time="0.00700000000006185" classname="shinytest2_tm_t_abnormality_by_worst_grade" name="e2e_tm_t_abnormality_by_worst_grade_Deselection_of_paramcd_throws_validation_error."/>
    <testcase time="9.29899999999998" classname="shinytest2_tm_t_abnormality_by_worst_grade" name="e2e_tm_t_abnormality_by_worst_grade_Changing_add_total_changes_the_table_and_does_not_throw_validation_errors."/>
    <testcase time="0.00700000000006185" classname="shinytest2_tm_t_abnormality_by_worst_grade" name="e2e_tm_t_abnormality_by_worst_grade_Changing_add_total_changes_the_table_and_does_not_throw_validation_errors."/>
    <testcase time="8.93200000000024" classname="shinytest2_tm_t_abnormality_by_worst_grade" name="e2e_tm_t_abnormality_by_worst_grade_Changing_drop_arm_levels_does_not_change_the_table_and_does_not_throw_validation_errors."/>
    <testcase time="0.00700000000006185" classname="shinytest2_tm_t_abnormality_by_worst_grade" name="e2e_tm_t_abnormality_by_worst_grade_Changing_drop_arm_levels_does_not_change_the_table_and_does_not_throw_validation_errors."/>
  </testsuite>
  <testsuite name="shinytest2-tm_t_ancova" timestamp="2025-02-11T10:55:34Z" hostname="b8e80419198c" tests="39" skipped="0" failures="0" errors="0" time="100.759">
    <testcase time="7.17099999999982" classname="shinytest2_tm_t_ancova" name="e2e_tm_t_ancova_Module_initializes_in_teal_without_errors_and_produces_table_output."/>
    <testcase time="0.00700000000006185" classname="shinytest2_tm_t_ancova" name="e2e_tm_t_ancova_Module_initializes_in_teal_without_errors_and_produces_table_output."/>
    <testcase time="2.09900000000016" classname="shinytest2_tm_t_ancova" name="e2e_tm_t_ancova_Module_initializes_in_teal_without_errors_and_produces_table_output."/>
    <testcase time="7.15599999999995" classname="shinytest2_tm_t_ancova" name="e2e_tm_t_ancova_Starts_with_specified_label_avisit_paramcd_aval_var_aval_var_arm_var_buckets_combine_comp_arms_interact_var_cov_var_conf_level_include_interact."/>
    <testcase time="0.0950000000002547" classname="shinytest2_tm_t_ancova" name="e2e_tm_t_ancova_Starts_with_specified_label_avisit_paramcd_aval_var_aval_var_arm_var_buckets_combine_comp_arms_interact_var_cov_var_conf_level_include_interact."/>
    <testcase time="0.0519999999996799" classname="shinytest2_tm_t_ancova" name="e2e_tm_t_ancova_Starts_with_specified_label_avisit_paramcd_aval_var_aval_var_arm_var_buckets_combine_comp_arms_interact_var_cov_var_conf_level_include_interact."/>
    <testcase time="0.0520000000001346" classname="shinytest2_tm_t_ancova" name="e2e_tm_t_ancova_Starts_with_specified_label_avisit_paramcd_aval_var_aval_var_arm_var_buckets_combine_comp_arms_interact_var_cov_var_conf_level_include_interact."/>
    <testcase time="0.0520000000001346" classname="shinytest2_tm_t_ancova" name="e2e_tm_t_ancova_Starts_with_specified_label_avisit_paramcd_aval_var_aval_var_arm_var_buckets_combine_comp_arms_interact_var_cov_var_conf_level_include_interact."/>
    <testcase time="0.0529999999998836" classname="shinytest2_tm_t_ancova" name="e2e_tm_t_ancova_Starts_with_specified_label_avisit_paramcd_aval_var_aval_var_arm_var_buckets_combine_comp_arms_interact_var_cov_var_conf_level_include_interact."/>
    <testcase time="0.0520000000001346" classname="shinytest2_tm_t_ancova" name="e2e_tm_t_ancova_Starts_with_specified_label_avisit_paramcd_aval_var_aval_var_arm_var_buckets_combine_comp_arms_interact_var_cov_var_conf_level_include_interact."/>
    <testcase time="0.0519999999996799" classname="shinytest2_tm_t_ancova" name="e2e_tm_t_ancova_Starts_with_specified_label_avisit_paramcd_aval_var_aval_var_arm_var_buckets_combine_comp_arms_interact_var_cov_var_conf_level_include_interact."/>
    <testcase time="0.0520000000001346" classname="shinytest2_tm_t_ancova" name="e2e_tm_t_ancova_Starts_with_specified_label_avisit_paramcd_aval_var_aval_var_arm_var_buckets_combine_comp_arms_interact_var_cov_var_conf_level_include_interact."/>
    <testcase time="0.0520000000001346" classname="shinytest2_tm_t_ancova" name="e2e_tm_t_ancova_Starts_with_specified_label_avisit_paramcd_aval_var_aval_var_arm_var_buckets_combine_comp_arms_interact_var_cov_var_conf_level_include_interact."/>
    <testcase time="0.0519999999996799" classname="shinytest2_tm_t_ancova" name="e2e_tm_t_ancova_Starts_with_specified_label_avisit_paramcd_aval_var_aval_var_arm_var_buckets_combine_comp_arms_interact_var_cov_var_conf_level_include_interact."/>
    <testcase time="0.0520000000001346" classname="shinytest2_tm_t_ancova" name="e2e_tm_t_ancova_Starts_with_specified_label_avisit_paramcd_aval_var_aval_var_arm_var_buckets_combine_comp_arms_interact_var_cov_var_conf_level_include_interact."/>
    <testcase time="8.65599999999995" classname="shinytest2_tm_t_ancova" name="e2e_tm_t_ancova_Selecting_avisit_changes_the_table_and_does_not_throw_validation_errors."/>
    <testcase time="0.00600000000031287" classname="shinytest2_tm_t_ancova" name="e2e_tm_t_ancova_Selecting_avisit_changes_the_table_and_does_not_throw_validation_errors."/>
    <testcase time="7.875" classname="shinytest2_tm_t_ancova" name="e2e_tm_t_ancova_Deselection_of_avisit_throws_validation_error."/>
    <testcase time="0.00599999999985812" classname="shinytest2_tm_t_ancova" name="e2e_tm_t_ancova_Deselection_of_avisit_throws_validation_error."/>
    <testcase time="0.00599999999985812" classname="shinytest2_tm_t_ancova" name="e2e_tm_t_ancova_Deselection_of_avisit_throws_validation_error."/>
    <testcase time="8.54300000000012" classname="shinytest2_tm_t_ancova" name="e2e_tm_t_ancova_Selecting_paramcd_changes_the_table_and_does_not_throw_validation_errors."/>
    <testcase time="0.00599999999985812" classname="shinytest2_tm_t_ancova" name="e2e_tm_t_ancova_Selecting_paramcd_changes_the_table_and_does_not_throw_validation_errors."/>
    <testcase time="8.13799999999992" classname="shinytest2_tm_t_ancova" name="e2e_tm_t_ancova_Deselection_of_paramcd_throws_validation_error."/>
    <testcase time="0.00700000000006185" classname="shinytest2_tm_t_ancova" name="e2e_tm_t_ancova_Deselection_of_paramcd_throws_validation_error."/>
    <testcase time="0.00800000000026557" classname="shinytest2_tm_t_ancova" name="e2e_tm_t_ancova_Deselection_of_paramcd_throws_validation_error."/>
    <testcase time="8.65999999999985" classname="shinytest2_tm_t_ancova" name="e2e_tm_t_ancova_Selecting_aval_var_changes_the_table_and_does_not_throw_validation_errors."/>
    <testcase time="0.00799999999981083" classname="shinytest2_tm_t_ancova" name="e2e_tm_t_ancova_Selecting_aval_var_changes_the_table_and_does_not_throw_validation_errors."/>
    <testcase time="8.23700000000008" classname="shinytest2_tm_t_ancova" name="e2e_tm_t_ancova_Deselection_of_aval_var_throws_validation_error."/>
    <testcase time="0.00600000000031287" classname="shinytest2_tm_t_ancova" name="e2e_tm_t_ancova_Deselection_of_aval_var_throws_validation_error."/>
    <testcase time="0.00599999999985812" classname="shinytest2_tm_t_ancova" name="e2e_tm_t_ancova_Deselection_of_aval_var_throws_validation_error."/>
    <testcase time="8.68399999999974" classname="shinytest2_tm_t_ancova" name="e2e_tm_t_ancova_Selecting_arm_var_changes_the_table_and_does_not_throw_validation_errors."/>
    <testcase time="0.00700000000006185" classname="shinytest2_tm_t_ancova" name="e2e_tm_t_ancova_Selecting_arm_var_changes_the_table_and_does_not_throw_validation_errors."/>
    <testcase time="8.08699999999999" classname="shinytest2_tm_t_ancova" name="e2e_tm_t_ancova_Deselection_of_arm_var_throws_validation_error."/>
    <testcase time="0.00600000000031287" classname="shinytest2_tm_t_ancova" name="e2e_tm_t_ancova_Deselection_of_arm_var_throws_validation_error."/>
    <testcase time="0.00700000000006185" classname="shinytest2_tm_t_ancova" name="e2e_tm_t_ancova_Deselection_of_arm_var_throws_validation_error."/>
    <testcase time="8.45199999999977" classname="shinytest2_tm_t_ancova" name="e2e_tm_t_ancova_Selecting_cov_var_changes_the_table_and_does_not_throw_validation_errors."/>
    <testcase time="0.00700000000006185" classname="shinytest2_tm_t_ancova" name="e2e_tm_t_ancova_Selecting_cov_var_changes_the_table_and_does_not_throw_validation_errors."/>
    <testcase time="8.28600000000006" classname="shinytest2_tm_t_ancova" name="e2e_tm_t_ancova_Deselection_of_cov_var_changes_table_and_doesn_t_throw_validation_error."/>
    <testcase time="0.00599999999985812" classname="shinytest2_tm_t_ancova" name="e2e_tm_t_ancova_Deselection_of_cov_var_changes_table_and_doesn_t_throw_validation_error."/>
  </testsuite>
  <testsuite name="shinytest2-tm_t_binary_outcome" timestamp="2025-02-11T10:57:15Z" hostname="b8e80419198c" tests="38" skipped="0" failures="0" errors="0" time="80.149">
    <testcase time="6.88700000000017" classname="shinytest2_tm_t_binary_outcome" name="e2e_tm_t_binary_outcome_Module_initializes_in_teal_without_errors_and_produces_table_output."/>
    <testcase time="0.00599999999985812" classname="shinytest2_tm_t_binary_outcome" name="e2e_tm_t_binary_outcome_Module_initializes_in_teal_without_errors_and_produces_table_output."/>
    <testcase time="2.09799999999996" classname="shinytest2_tm_t_binary_outcome" name="e2e_tm_t_binary_outcome_Module_initializes_in_teal_without_errors_and_produces_table_output."/>
    <testcase time="6.84000000000015" classname="shinytest2_tm_t_binary_outcome" name="e2e_tm_t_binary_outcome_Starts_with_specified_label_paramcd_responders_arm_var_buckets_u_diff_ci_u_diff_test_strata_var_s_diff_ci_prop_ci_method_conf_level_aval_var_compare_arms_combine_comp_arms_u_odds_ratio_show_rsp_cat."/>
    <testcase time="0.0850000000000364" classname="shinytest2_tm_t_binary_outcome" name="e2e_tm_t_binary_outcome_Starts_with_specified_label_paramcd_responders_arm_var_buckets_u_diff_ci_u_diff_test_strata_var_s_diff_ci_prop_ci_method_conf_level_aval_var_compare_arms_combine_comp_arms_u_odds_ratio_show_rsp_cat."/>
    <testcase time="0.0509999999999309" classname="shinytest2_tm_t_binary_outcome" name="e2e_tm_t_binary_outcome_Starts_with_specified_label_paramcd_responders_arm_var_buckets_u_diff_ci_u_diff_test_strata_var_s_diff_ci_prop_ci_method_conf_level_aval_var_compare_arms_combine_comp_arms_u_odds_ratio_show_rsp_cat."/>
    <testcase time="0.0509999999999309" classname="shinytest2_tm_t_binary_outcome" name="e2e_tm_t_binary_outcome_Starts_with_specified_label_paramcd_responders_arm_var_buckets_u_diff_ci_u_diff_test_strata_var_s_diff_ci_prop_ci_method_conf_level_aval_var_compare_arms_combine_comp_arms_u_odds_ratio_show_rsp_cat."/>
    <testcase time="0.0509999999999309" classname="shinytest2_tm_t_binary_outcome" name="e2e_tm_t_binary_outcome_Starts_with_specified_label_paramcd_responders_arm_var_buckets_u_diff_ci_u_diff_test_strata_var_s_diff_ci_prop_ci_method_conf_level_aval_var_compare_arms_combine_comp_arms_u_odds_ratio_show_rsp_cat."/>
    <testcase time="0.0520000000001346" classname="shinytest2_tm_t_binary_outcome" name="e2e_tm_t_binary_outcome_Starts_with_specified_label_paramcd_responders_arm_var_buckets_u_diff_ci_u_diff_test_strata_var_s_diff_ci_prop_ci_method_conf_level_aval_var_compare_arms_combine_comp_arms_u_odds_ratio_show_rsp_cat."/>
    <testcase time="0.0520000000001346" classname="shinytest2_tm_t_binary_outcome" name="e2e_tm_t_binary_outcome_Starts_with_specified_label_paramcd_responders_arm_var_buckets_u_diff_ci_u_diff_test_strata_var_s_diff_ci_prop_ci_method_conf_level_aval_var_compare_arms_combine_comp_arms_u_odds_ratio_show_rsp_cat."/>
    <testcase time="0.0539999999996326" classname="shinytest2_tm_t_binary_outcome" name="e2e_tm_t_binary_outcome_Starts_with_specified_label_paramcd_responders_arm_var_buckets_u_diff_ci_u_diff_test_strata_var_s_diff_ci_prop_ci_method_conf_level_aval_var_compare_arms_combine_comp_arms_u_odds_ratio_show_rsp_cat."/>
    <testcase time="0.0510000000003856" classname="shinytest2_tm_t_binary_outcome" name="e2e_tm_t_binary_outcome_Starts_with_specified_label_paramcd_responders_arm_var_buckets_u_diff_ci_u_diff_test_strata_var_s_diff_ci_prop_ci_method_conf_level_aval_var_compare_arms_combine_comp_arms_u_odds_ratio_show_rsp_cat."/>
    <testcase time="0.0509999999999309" classname="shinytest2_tm_t_binary_outcome" name="e2e_tm_t_binary_outcome_Starts_with_specified_label_paramcd_responders_arm_var_buckets_u_diff_ci_u_diff_test_strata_var_s_diff_ci_prop_ci_method_conf_level_aval_var_compare_arms_combine_comp_arms_u_odds_ratio_show_rsp_cat."/>
    <testcase time="0.0529999999998836" classname="shinytest2_tm_t_binary_outcome" name="e2e_tm_t_binary_outcome_Starts_with_specified_label_paramcd_responders_arm_var_buckets_u_diff_ci_u_diff_test_strata_var_s_diff_ci_prop_ci_method_conf_level_aval_var_compare_arms_combine_comp_arms_u_odds_ratio_show_rsp_cat."/>
    <testcase time="0.0509999999999309" classname="shinytest2_tm_t_binary_outcome" name="e2e_tm_t_binary_outcome_Starts_with_specified_label_paramcd_responders_arm_var_buckets_u_diff_ci_u_diff_test_strata_var_s_diff_ci_prop_ci_method_conf_level_aval_var_compare_arms_combine_comp_arms_u_odds_ratio_show_rsp_cat."/>
    <testcase time="0.0509999999999309" classname="shinytest2_tm_t_binary_outcome" name="e2e_tm_t_binary_outcome_Starts_with_specified_label_paramcd_responders_arm_var_buckets_u_diff_ci_u_diff_test_strata_var_s_diff_ci_prop_ci_method_conf_level_aval_var_compare_arms_combine_comp_arms_u_odds_ratio_show_rsp_cat."/>
    <testcase time="0.0520000000001346" classname="shinytest2_tm_t_binary_outcome" name="e2e_tm_t_binary_outcome_Starts_with_specified_label_paramcd_responders_arm_var_buckets_u_diff_ci_u_diff_test_strata_var_s_diff_ci_prop_ci_method_conf_level_aval_var_compare_arms_combine_comp_arms_u_odds_ratio_show_rsp_cat."/>
    <testcase time="0.0509999999999309" classname="shinytest2_tm_t_binary_outcome" name="e2e_tm_t_binary_outcome_Starts_with_specified_label_paramcd_responders_arm_var_buckets_u_diff_ci_u_diff_test_strata_var_s_diff_ci_prop_ci_method_conf_level_aval_var_compare_arms_combine_comp_arms_u_odds_ratio_show_rsp_cat."/>
    <testcase time="0.0529999999998836" classname="shinytest2_tm_t_binary_outcome" name="e2e_tm_t_binary_outcome_Starts_with_specified_label_paramcd_responders_arm_var_buckets_u_diff_ci_u_diff_test_strata_var_s_diff_ci_prop_ci_method_conf_level_aval_var_compare_arms_combine_comp_arms_u_odds_ratio_show_rsp_cat."/>
    <testcase time="8.40700000000015" classname="shinytest2_tm_t_binary_outcome" name="e2e_tm_t_binary_outcome_Selecting_paramcd_changes_the_table_and_does_not_throw_validation_errors."/>
    <testcase time="0.00599999999985812" classname="shinytest2_tm_t_binary_outcome" name="e2e_tm_t_binary_outcome_Selecting_paramcd_changes_the_table_and_does_not_throw_validation_errors."/>
    <testcase time="7.74000000000024" classname="shinytest2_tm_t_binary_outcome" name="e2e_tm_t_binary_outcome_Deselection_of_paramcd_throws_validation_error."/>
    <testcase time="0.00599999999985812" classname="shinytest2_tm_t_binary_outcome" name="e2e_tm_t_binary_outcome_Deselection_of_paramcd_throws_validation_error."/>
    <testcase time="0.00599999999985812" classname="shinytest2_tm_t_binary_outcome" name="e2e_tm_t_binary_outcome_Deselection_of_paramcd_throws_validation_error."/>
    <testcase time="7.96500000000015" classname="shinytest2_tm_t_binary_outcome" name="e2e_tm_t_binary_outcome_Selecting_responders_changes_the_table_and_does_not_throw_validation_errors."/>
    <testcase time="0.00599999999985812" classname="shinytest2_tm_t_binary_outcome" name="e2e_tm_t_binary_outcome_Selecting_responders_changes_the_table_and_does_not_throw_validation_errors."/>
    <testcase time="7.49500000000035" classname="shinytest2_tm_t_binary_outcome" name="e2e_tm_t_binary_outcome_Deselection_of_responders_throws_validation_error."/>
    <testcase time="0.00599999999985812" classname="shinytest2_tm_t_binary_outcome" name="e2e_tm_t_binary_outcome_Deselection_of_responders_throws_validation_error."/>
    <testcase time="0.00599999999985812" classname="shinytest2_tm_t_binary_outcome" name="e2e_tm_t_binary_outcome_Deselection_of_responders_throws_validation_error."/>
    <testcase time="8.20400000000018" classname="shinytest2_tm_t_binary_outcome" name="e2e_tm_t_binary_outcome_Selecting_arm_var_changes_the_table_and_does_not_throw_validation_errors."/>
    <testcase time="0.00599999999985812" classname="shinytest2_tm_t_binary_outcome" name="e2e_tm_t_binary_outcome_Selecting_arm_var_changes_the_table_and_does_not_throw_validation_errors."/>
    <testcase time="7.5300000000002" classname="shinytest2_tm_t_binary_outcome" name="e2e_tm_t_binary_outcome_Deselection_of_arm_var_throws_validation_error."/>
    <testcase time="0.00600000000031287" classname="shinytest2_tm_t_binary_outcome" name="e2e_tm_t_binary_outcome_Deselection_of_arm_var_throws_validation_error."/>
    <testcase time="0.00599999999985812" classname="shinytest2_tm_t_binary_outcome" name="e2e_tm_t_binary_outcome_Deselection_of_arm_var_throws_validation_error."/>
    <testcase time="8.10800000000017" classname="shinytest2_tm_t_binary_outcome" name="e2e_tm_t_binary_outcome_Selecting_strata_var_changes_the_table_and_does_not_throw_validation_errors."/>
    <testcase time="0.00799999999981083" classname="shinytest2_tm_t_binary_outcome" name="e2e_tm_t_binary_outcome_Selecting_strata_var_changes_the_table_and_does_not_throw_validation_errors."/>
    <testcase time="7.99099999999999" classname="shinytest2_tm_t_binary_outcome" name="e2e_tm_t_binary_outcome_Deselection_of_strata_var_changes_the_table_and_does_not_throw_validation_errors."/>
    <testcase time="0.00700000000006185" classname="shinytest2_tm_t_binary_outcome" name="e2e_tm_t_binary_outcome_Deselection_of_strata_var_changes_the_table_and_does_not_throw_validation_errors."/>
  </testsuite>
  <testsuite name="shinytest2-tm_t_coxreg" timestamp="2025-02-11T10:58:35Z" hostname="b8e80419198c" tests="32" skipped="0" failures="0" errors="0" time="76.973">
    <testcase time="6.5659999999998" classname="shinytest2_tm_t_coxreg" name="e2e_tm_t_coxreg_Module_initializes_in_teal_without_errors_and_produces_table_output."/>
    <testcase time="0.00700000000006185" classname="shinytest2_tm_t_coxreg" name="e2e_tm_t_coxreg_Module_initializes_in_teal_without_errors_and_produces_table_output."/>
    <testcase time="2.10600000000022" classname="shinytest2_tm_t_coxreg" name="e2e_tm_t_coxreg_Module_initializes_in_teal_without_errors_and_produces_table_output."/>
    <testcase time="6.63200000000006" classname="shinytest2_tm_t_coxreg" name="e2e_tm_t_coxreg_Starts_with_specified_label_type_paramcd_arm_var_buckets_cov_var_strata_var_pval_method_ties_conf_level_combine_comp_arms."/>
    <testcase time="0.0849999999995816" classname="shinytest2_tm_t_coxreg" name="e2e_tm_t_coxreg_Starts_with_specified_label_type_paramcd_arm_var_buckets_cov_var_strata_var_pval_method_ties_conf_level_combine_comp_arms."/>
    <testcase time="0.0520000000001346" classname="shinytest2_tm_t_coxreg" name="e2e_tm_t_coxreg_Starts_with_specified_label_type_paramcd_arm_var_buckets_cov_var_strata_var_pval_method_ties_conf_level_combine_comp_arms."/>
    <testcase time="0.0520000000001346" classname="shinytest2_tm_t_coxreg" name="e2e_tm_t_coxreg_Starts_with_specified_label_type_paramcd_arm_var_buckets_cov_var_strata_var_pval_method_ties_conf_level_combine_comp_arms."/>
    <testcase time="0.0520000000001346" classname="shinytest2_tm_t_coxreg" name="e2e_tm_t_coxreg_Starts_with_specified_label_type_paramcd_arm_var_buckets_cov_var_strata_var_pval_method_ties_conf_level_combine_comp_arms."/>
    <testcase time="0.0519999999996799" classname="shinytest2_tm_t_coxreg" name="e2e_tm_t_coxreg_Starts_with_specified_label_type_paramcd_arm_var_buckets_cov_var_strata_var_pval_method_ties_conf_level_combine_comp_arms."/>
    <testcase time="0.0520000000001346" classname="shinytest2_tm_t_coxreg" name="e2e_tm_t_coxreg_Starts_with_specified_label_type_paramcd_arm_var_buckets_cov_var_strata_var_pval_method_ties_conf_level_combine_comp_arms."/>
    <testcase time="0.0520000000001346" classname="shinytest2_tm_t_coxreg" name="e2e_tm_t_coxreg_Starts_with_specified_label_type_paramcd_arm_var_buckets_cov_var_strata_var_pval_method_ties_conf_level_combine_comp_arms."/>
    <testcase time="0.0519999999996799" classname="shinytest2_tm_t_coxreg" name="e2e_tm_t_coxreg_Starts_with_specified_label_type_paramcd_arm_var_buckets_cov_var_strata_var_pval_method_ties_conf_level_combine_comp_arms."/>
    <testcase time="0.0530000000003383" classname="shinytest2_tm_t_coxreg" name="e2e_tm_t_coxreg_Starts_with_specified_label_type_paramcd_arm_var_buckets_cov_var_strata_var_pval_method_ties_conf_level_combine_comp_arms."/>
    <testcase time="0.0539999999996326" classname="shinytest2_tm_t_coxreg" name="e2e_tm_t_coxreg_Starts_with_specified_label_type_paramcd_arm_var_buckets_cov_var_strata_var_pval_method_ties_conf_level_combine_comp_arms."/>
    <testcase time="7.65800000000036" classname="shinytest2_tm_t_coxreg" name="e2e_tm_t_coxreg_Selecting_paramcd_changes_the_table_and_does_not_throw_validation_errors."/>
    <testcase time="0.00700000000006185" classname="shinytest2_tm_t_coxreg" name="e2e_tm_t_coxreg_Selecting_paramcd_changes_the_table_and_does_not_throw_validation_errors."/>
    <testcase time="7.20799999999963" classname="shinytest2_tm_t_coxreg" name="e2e_tm_t_coxreg_Deselection_of_paramcd_throws_validation_error."/>
    <testcase time="0.00700000000006185" classname="shinytest2_tm_t_coxreg" name="e2e_tm_t_coxreg_Deselection_of_paramcd_throws_validation_error."/>
    <testcase time="0.00600000000031287" classname="shinytest2_tm_t_coxreg" name="e2e_tm_t_coxreg_Deselection_of_paramcd_throws_validation_error."/>
    <testcase time="7.56299999999965" classname="shinytest2_tm_t_coxreg" name="e2e_tm_t_coxreg_Selecting_arm_var_changes_the_table_and_does_not_throw_validation_errors."/>
    <testcase time="0.00700000000006185" classname="shinytest2_tm_t_coxreg" name="e2e_tm_t_coxreg_Selecting_arm_var_changes_the_table_and_does_not_throw_validation_errors."/>
    <testcase time="7.42100000000028" classname="shinytest2_tm_t_coxreg" name="e2e_tm_t_coxreg_Deselection_of_arm_var_throws_validation_error."/>
    <testcase time="0.0069999999996071" classname="shinytest2_tm_t_coxreg" name="e2e_tm_t_coxreg_Deselection_of_arm_var_throws_validation_error."/>
    <testcase time="0.00700000000006185" classname="shinytest2_tm_t_coxreg" name="e2e_tm_t_coxreg_Deselection_of_arm_var_throws_validation_error."/>
    <testcase time="8.05000000000018" classname="shinytest2_tm_t_coxreg" name="e2e_tm_t_coxreg_Selecting_cov_var_changes_the_table_and_does_not_throw_validation_errors."/>
    <testcase time="0.00700000000006185" classname="shinytest2_tm_t_coxreg" name="e2e_tm_t_coxreg_Selecting_cov_var_changes_the_table_and_does_not_throw_validation_errors."/>
    <testcase time="7.67000000000007" classname="shinytest2_tm_t_coxreg" name="e2e_tm_t_coxreg_Deselection_of_cov_var_changes_the_table_and_does_not_throw_validation_errors."/>
    <testcase time="0.0069999999996071" classname="shinytest2_tm_t_coxreg" name="e2e_tm_t_coxreg_Deselection_of_cov_var_changes_the_table_and_does_not_throw_validation_errors."/>
    <testcase time="7.78300000000036" classname="shinytest2_tm_t_coxreg" name="e2e_tm_t_coxreg_Selecting_strata_var_changes_the_table_and_does_not_throw_validation_errors."/>
    <testcase time="0.00700000000006185" classname="shinytest2_tm_t_coxreg" name="e2e_tm_t_coxreg_Selecting_strata_var_changes_the_table_and_does_not_throw_validation_errors."/>
    <testcase time="7.68399999999974" classname="shinytest2_tm_t_coxreg" name="e2e_tm_t_coxreg_Deselection_of_strata_var_changes_the_table_and_does_not_throw_validation_errors."/>
    <testcase time="0.00700000000006185" classname="shinytest2_tm_t_coxreg" name="e2e_tm_t_coxreg_Deselection_of_strata_var_changes_the_table_and_does_not_throw_validation_errors."/>
  </testsuite>
  <testsuite name="shinytest2-tm_t_events" timestamp="2025-02-11T10:59:52Z" hostname="b8e80419198c" tests="25" skipped="0" failures="0" errors="0" time="64.711">
    <testcase time="6.92999999999984" classname="shinytest2_tm_t_events" name="e2e_tm_t_events_Module_initializes_in_teal_without_errors_and_produces_table_output."/>
    <testcase time="0.00700000000006185" classname="shinytest2_tm_t_events" name="e2e_tm_t_events_Module_initializes_in_teal_without_errors_and_produces_table_output."/>
    <testcase time="2.10100000000011" classname="shinytest2_tm_t_events" name="e2e_tm_t_events_Module_initializes_in_teal_without_errors_and_produces_table_output."/>
    <testcase time="6.7170000000001" classname="shinytest2_tm_t_events" name="e2e_tm_t_events_Starts_with_specified_label_arm_var_hlt_llt_sort_criteria_prune_freq_prune_diff_add_total_drop_arm_levels."/>
    <testcase time="0.0889999999999418" classname="shinytest2_tm_t_events" name="e2e_tm_t_events_Starts_with_specified_label_arm_var_hlt_llt_sort_criteria_prune_freq_prune_diff_add_total_drop_arm_levels."/>
    <testcase time="0.0540000000000873" classname="shinytest2_tm_t_events" name="e2e_tm_t_events_Starts_with_specified_label_arm_var_hlt_llt_sort_criteria_prune_freq_prune_diff_add_total_drop_arm_levels."/>
    <testcase time="0.0529999999998836" classname="shinytest2_tm_t_events" name="e2e_tm_t_events_Starts_with_specified_label_arm_var_hlt_llt_sort_criteria_prune_freq_prune_diff_add_total_drop_arm_levels."/>
    <testcase time="0.0529999999998836" classname="shinytest2_tm_t_events" name="e2e_tm_t_events_Starts_with_specified_label_arm_var_hlt_llt_sort_criteria_prune_freq_prune_diff_add_total_drop_arm_levels."/>
    <testcase time="0.0540000000000873" classname="shinytest2_tm_t_events" name="e2e_tm_t_events_Starts_with_specified_label_arm_var_hlt_llt_sort_criteria_prune_freq_prune_diff_add_total_drop_arm_levels."/>
    <testcase time="0.0540000000000873" classname="shinytest2_tm_t_events" name="e2e_tm_t_events_Starts_with_specified_label_arm_var_hlt_llt_sort_criteria_prune_freq_prune_diff_add_total_drop_arm_levels."/>
    <testcase time="0.0529999999998836" classname="shinytest2_tm_t_events" name="e2e_tm_t_events_Starts_with_specified_label_arm_var_hlt_llt_sort_criteria_prune_freq_prune_diff_add_total_drop_arm_levels."/>
    <testcase time="0.0529999999998836" classname="shinytest2_tm_t_events" name="e2e_tm_t_events_Starts_with_specified_label_arm_var_hlt_llt_sort_criteria_prune_freq_prune_diff_add_total_drop_arm_levels."/>
    <testcase time="8.46600000000035" classname="shinytest2_tm_t_events" name="e2e_tm_t_events_Selecting_arm_var_changes_the_table_and_does_not_throw_validation_errors."/>
    <testcase time="0.0069999999996071" classname="shinytest2_tm_t_events" name="e2e_tm_t_events_Selecting_arm_var_changes_the_table_and_does_not_throw_validation_errors."/>
    <testcase time="7.60200000000032" classname="shinytest2_tm_t_events" name="e2e_tm_t_events_Deselection_of_arm_var_throws_validation_error."/>
    <testcase time="0.00700000000006185" classname="shinytest2_tm_t_events" name="e2e_tm_t_events_Deselection_of_arm_var_throws_validation_error."/>
    <testcase time="0.00599999999985812" classname="shinytest2_tm_t_events" name="e2e_tm_t_events_Deselection_of_arm_var_throws_validation_error."/>
    <testcase time="8.14199999999983" classname="shinytest2_tm_t_events" name="e2e_tm_t_events_Selecting_hlt_changes_the_table_and_does_not_throw_validation_errors."/>
    <testcase time="0.00700000000006185" classname="shinytest2_tm_t_events" name="e2e_tm_t_events_Selecting_hlt_changes_the_table_and_does_not_throw_validation_errors."/>
    <testcase time="7.79399999999987" classname="shinytest2_tm_t_events" name="e2e_tm_t_events_Deselection_of_hlt_changes_the_table_and_does_not_throw_validation_errors."/>
    <testcase time="0.00700000000006185" classname="shinytest2_tm_t_events" name="e2e_tm_t_events_Deselection_of_hlt_changes_the_table_and_does_not_throw_validation_errors."/>
    <testcase time="8.20499999999993" classname="shinytest2_tm_t_events" name="e2e_tm_t_events_Selecting_llt_changes_the_table_and_does_not_throw_validation_errors."/>
    <testcase time="0.00600000000031287" classname="shinytest2_tm_t_events" name="e2e_tm_t_events_Selecting_llt_changes_the_table_and_does_not_throw_validation_errors."/>
    <testcase time="8.23799999999983" classname="shinytest2_tm_t_events" name="e2e_tm_t_events_Deselection_of_llt_changes_the_table_and_does_not_throw_validation_errors."/>
    <testcase time="0.00599999999985812" classname="shinytest2_tm_t_events" name="e2e_tm_t_events_Deselection_of_llt_changes_the_table_and_does_not_throw_validation_errors."/>
  </testsuite>
  <testsuite name="shinytest2-tm_t_events_by_grade" timestamp="2025-02-11T11:00:57Z" hostname="b8e80419198c" tests="31" skipped="0" failures="0" errors="0" time="94.881">
    <testcase time="7.74400000000014" classname="shinytest2_tm_t_events_by_grade" name="e2e_tm_t_events_by_grade_Module_initializes_in_teal_without_errors_and_produces_table_output."/>
    <testcase time="0.00700000000006185" classname="shinytest2_tm_t_events_by_grade" name="e2e_tm_t_events_by_grade_Module_initializes_in_teal_without_errors_and_produces_table_output."/>
    <testcase time="2.096" classname="shinytest2_tm_t_events_by_grade" name="e2e_tm_t_events_by_grade_Module_initializes_in_teal_without_errors_and_produces_table_output."/>
    <testcase time="7.79899999999998" classname="shinytest2_tm_t_events_by_grade" name="e2e_tm_t_events_by_grade_Starts_with_specified_label_arm_var_hlt_llt_grade_prune_freq_prune_diff_add_total_col_by_grade_drop_arm_levels."/>
    <testcase time="0.0869999999999891" classname="shinytest2_tm_t_events_by_grade" name="e2e_tm_t_events_by_grade_Starts_with_specified_label_arm_var_hlt_llt_grade_prune_freq_prune_diff_add_total_col_by_grade_drop_arm_levels."/>
    <testcase time="0.0520000000001346" classname="shinytest2_tm_t_events_by_grade" name="e2e_tm_t_events_by_grade_Starts_with_specified_label_arm_var_hlt_llt_grade_prune_freq_prune_diff_add_total_col_by_grade_drop_arm_levels."/>
    <testcase time="0.0529999999998836" classname="shinytest2_tm_t_events_by_grade" name="e2e_tm_t_events_by_grade_Starts_with_specified_label_arm_var_hlt_llt_grade_prune_freq_prune_diff_add_total_col_by_grade_drop_arm_levels."/>
    <testcase time="0.0520000000001346" classname="shinytest2_tm_t_events_by_grade" name="e2e_tm_t_events_by_grade_Starts_with_specified_label_arm_var_hlt_llt_grade_prune_freq_prune_diff_add_total_col_by_grade_drop_arm_levels."/>
    <testcase time="0.0519999999996799" classname="shinytest2_tm_t_events_by_grade" name="e2e_tm_t_events_by_grade_Starts_with_specified_label_arm_var_hlt_llt_grade_prune_freq_prune_diff_add_total_col_by_grade_drop_arm_levels."/>
    <testcase time="0.0540000000000873" classname="shinytest2_tm_t_events_by_grade" name="e2e_tm_t_events_by_grade_Starts_with_specified_label_arm_var_hlt_llt_grade_prune_freq_prune_diff_add_total_col_by_grade_drop_arm_levels."/>
    <testcase time="0.0520000000001346" classname="shinytest2_tm_t_events_by_grade" name="e2e_tm_t_events_by_grade_Starts_with_specified_label_arm_var_hlt_llt_grade_prune_freq_prune_diff_add_total_col_by_grade_drop_arm_levels."/>
    <testcase time="0.0529999999998836" classname="shinytest2_tm_t_events_by_grade" name="e2e_tm_t_events_by_grade_Starts_with_specified_label_arm_var_hlt_llt_grade_prune_freq_prune_diff_add_total_col_by_grade_drop_arm_levels."/>
    <testcase time="0.0520000000001346" classname="shinytest2_tm_t_events_by_grade" name="e2e_tm_t_events_by_grade_Starts_with_specified_label_arm_var_hlt_llt_grade_prune_freq_prune_diff_add_total_col_by_grade_drop_arm_levels."/>
    <testcase time="10.5879999999997" classname="shinytest2_tm_t_events_by_grade" name="e2e_tm_t_events_by_grade_Selecting_arm_var_changes_the_table_and_does_not_throw_validation_errors."/>
    <testcase time="0.00700000000006185" classname="shinytest2_tm_t_events_by_grade" name="e2e_tm_t_events_by_grade_Selecting_arm_var_changes_the_table_and_does_not_throw_validation_errors."/>
    <testcase time="8.36799999999994" classname="shinytest2_tm_t_events_by_grade" name="e2e_tm_t_events_by_grade_Deselection_of_arm_var_throws_validation_error."/>
    <testcase time="0.00600000000031287" classname="shinytest2_tm_t_events_by_grade" name="e2e_tm_t_events_by_grade_Deselection_of_arm_var_throws_validation_error."/>
    <testcase time="0.00599999999985812" classname="shinytest2_tm_t_events_by_grade" name="e2e_tm_t_events_by_grade_Deselection_of_arm_var_throws_validation_error."/>
    <testcase time="10.0059999999999" classname="shinytest2_tm_t_events_by_grade" name="e2e_tm_t_events_by_grade_Selecting_hlt_changes_the_table_and_does_not_throw_validation_errors."/>
    <testcase time="0.00800000000026557" classname="shinytest2_tm_t_events_by_grade" name="e2e_tm_t_events_by_grade_Selecting_hlt_changes_the_table_and_does_not_throw_validation_errors."/>
    <testcase time="9.59099999999989" classname="shinytest2_tm_t_events_by_grade" name="e2e_tm_t_events_by_grade_Deselection_of_hlt_changes_the_table_and_does_not_throw_validation_errors."/>
    <testcase time="0.00700000000006185" classname="shinytest2_tm_t_events_by_grade" name="e2e_tm_t_events_by_grade_Deselection_of_hlt_changes_the_table_and_does_not_throw_validation_errors."/>
    <testcase time="10.1390000000001" classname="shinytest2_tm_t_events_by_grade" name="e2e_tm_t_events_by_grade_Selecting_llt_changes_the_table_and_does_not_throw_validation_errors."/>
    <testcase time="0.0119999999997162" classname="shinytest2_tm_t_events_by_grade" name="e2e_tm_t_events_by_grade_Selecting_llt_changes_the_table_and_does_not_throw_validation_errors."/>
    <testcase time="9.38100000000031" classname="shinytest2_tm_t_events_by_grade" name="e2e_tm_t_events_by_grade_Deselection_of_llt_changes_the_table_and_does_not_throw_validation_errors."/>
    <testcase time="0.00599999999985812" classname="shinytest2_tm_t_events_by_grade" name="e2e_tm_t_events_by_grade_Deselection_of_llt_changes_the_table_and_does_not_throw_validation_errors."/>
    <testcase time="10.2719999999999" classname="shinytest2_tm_t_events_by_grade" name="e2e_tm_t_events_by_grade_Selecting_grade_changes_the_table_and_does_not_throw_validation_errors."/>
    <testcase time="0.00700000000006185" classname="shinytest2_tm_t_events_by_grade" name="e2e_tm_t_events_by_grade_Selecting_grade_changes_the_table_and_does_not_throw_validation_errors."/>
    <testcase time="8.3119999999999" classname="shinytest2_tm_t_events_by_grade" name="e2e_tm_t_events_by_grade_Deselection_of_grade_throws_validation_error."/>
    <testcase time="0.00599999999985812" classname="shinytest2_tm_t_events_by_grade" name="e2e_tm_t_events_by_grade_Deselection_of_grade_throws_validation_error."/>
    <testcase time="0.00600000000031287" classname="shinytest2_tm_t_events_by_grade" name="e2e_tm_t_events_by_grade_Deselection_of_grade_throws_validation_error."/>
  </testsuite>
  <testsuite name="shinytest2-tm_t_events_patyear" timestamp="2025-02-11T11:02:32Z" hostname="b8e80419198c" tests="24" skipped="0" failures="0" errors="0" time="54.158">
    <testcase time="6.85799999999972" classname="shinytest2_tm_t_events_patyear" name="e2e_tm_t_events_patyear_Module_initializes_in_teal_without_errors_and_produces_table_output."/>
    <testcase time="0.00600000000031287" classname="shinytest2_tm_t_events_patyear" name="e2e_tm_t_events_patyear_Module_initializes_in_teal_without_errors_and_produces_table_output."/>
    <testcase time="2.10399999999981" classname="shinytest2_tm_t_events_patyear" name="e2e_tm_t_events_patyear_Module_initializes_in_teal_without_errors_and_produces_table_output."/>
    <testcase time="6.67200000000003" classname="shinytest2_tm_t_events_patyear" name="e2e_tm_t_events_patyear_Starts_with_specified_label_arm_var_paramcd_conf_level_conf_method_num_pt_year_input_time_unit_add_total_drop_arm_levels."/>
    <testcase time="0.0920000000000982" classname="shinytest2_tm_t_events_patyear" name="e2e_tm_t_events_patyear_Starts_with_specified_label_arm_var_paramcd_conf_level_conf_method_num_pt_year_input_time_unit_add_total_drop_arm_levels."/>
    <testcase time="0.0529999999998836" classname="shinytest2_tm_t_events_patyear" name="e2e_tm_t_events_patyear_Starts_with_specified_label_arm_var_paramcd_conf_level_conf_method_num_pt_year_input_time_unit_add_total_drop_arm_levels."/>
    <testcase time="0.0520000000001346" classname="shinytest2_tm_t_events_patyear" name="e2e_tm_t_events_patyear_Starts_with_specified_label_arm_var_paramcd_conf_level_conf_method_num_pt_year_input_time_unit_add_total_drop_arm_levels."/>
    <testcase time="0.0519999999996799" classname="shinytest2_tm_t_events_patyear" name="e2e_tm_t_events_patyear_Starts_with_specified_label_arm_var_paramcd_conf_level_conf_method_num_pt_year_input_time_unit_add_total_drop_arm_levels."/>
    <testcase time="0.0520000000001346" classname="shinytest2_tm_t_events_patyear" name="e2e_tm_t_events_patyear_Starts_with_specified_label_arm_var_paramcd_conf_level_conf_method_num_pt_year_input_time_unit_add_total_drop_arm_levels."/>
    <testcase time="0.0520000000001346" classname="shinytest2_tm_t_events_patyear" name="e2e_tm_t_events_patyear_Starts_with_specified_label_arm_var_paramcd_conf_level_conf_method_num_pt_year_input_time_unit_add_total_drop_arm_levels."/>
    <testcase time="0.0520000000001346" classname="shinytest2_tm_t_events_patyear" name="e2e_tm_t_events_patyear_Starts_with_specified_label_arm_var_paramcd_conf_level_conf_method_num_pt_year_input_time_unit_add_total_drop_arm_levels."/>
    <testcase time="0.0529999999998836" classname="shinytest2_tm_t_events_patyear" name="e2e_tm_t_events_patyear_Starts_with_specified_label_arm_var_paramcd_conf_level_conf_method_num_pt_year_input_time_unit_add_total_drop_arm_levels."/>
    <testcase time="7.64800000000014" classname="shinytest2_tm_t_events_patyear" name="e2e_tm_t_events_patyear_Selecting_paramcd_changes_the_table_and_does_not_throw_validation_errors."/>
    <testcase time="0.0069999999996071" classname="shinytest2_tm_t_events_patyear" name="e2e_tm_t_events_patyear_Selecting_paramcd_changes_the_table_and_does_not_throw_validation_errors."/>
    <testcase time="7.38800000000037" classname="shinytest2_tm_t_events_patyear" name="e2e_tm_t_events_patyear_Deselection_of_paramcd_throws_validation_error."/>
    <testcase time="0.00599999999985812" classname="shinytest2_tm_t_events_patyear" name="e2e_tm_t_events_patyear_Deselection_of_paramcd_throws_validation_error."/>
    <testcase time="0.00599999999985812" classname="shinytest2_tm_t_events_patyear" name="e2e_tm_t_events_patyear_Deselection_of_paramcd_throws_validation_error."/>
    <testcase time="7.69500000000016" classname="shinytest2_tm_t_events_patyear" name="e2e_tm_t_events_patyear_Selecting_arm_var_changes_the_table_and_does_not_throw_validation_errors."/>
    <testcase time="0.00599999999985812" classname="shinytest2_tm_t_events_patyear" name="e2e_tm_t_events_patyear_Selecting_arm_var_changes_the_table_and_does_not_throw_validation_errors."/>
    <testcase time="7.3720000000003" classname="shinytest2_tm_t_events_patyear" name="e2e_tm_t_events_patyear_Deselection_of_arm_var_throws_validation_error."/>
    <testcase time="0.0069999999996071" classname="shinytest2_tm_t_events_patyear" name="e2e_tm_t_events_patyear_Deselection_of_arm_var_throws_validation_error."/>
    <testcase time="0.00600000000031287" classname="shinytest2_tm_t_events_patyear" name="e2e_tm_t_events_patyear_Deselection_of_arm_var_throws_validation_error."/>
    <testcase time="7.91300000000001" classname="shinytest2_tm_t_events_patyear" name="e2e_tm_t_events_patyear_Selecting_2_variables_as_arm_var_changes_the_table_and_does_not_throw_validation_errors."/>
    <testcase time="0.00599999999985812" classname="shinytest2_tm_t_events_patyear" name="e2e_tm_t_events_patyear_Selecting_2_variables_as_arm_var_changes_the_table_and_does_not_throw_validation_errors."/>
  </testsuite>
  <testsuite name="shinytest2-tm_t_events_summary" timestamp="2025-02-11T11:03:26Z" hostname="b8e80419198c" tests="24" skipped="0" failures="0" errors="0" time="70.422">
    <testcase time="7.36000000000013" classname="shinytest2_tm_t_events_summary" name="e2e_tm_t_events_summary_Module_initializes_in_teal_without_errors_and_produces_table_output."/>
    <testcase time="0.00700000000006185" classname="shinytest2_tm_t_events_summary" name="e2e_tm_t_events_summary_Module_initializes_in_teal_without_errors_and_produces_table_output."/>
    <testcase time="2.096" classname="shinytest2_tm_t_events_summary" name="e2e_tm_t_events_summary_Module_initializes_in_teal_without_errors_and_produces_table_output."/>
    <testcase time="7.55899999999974" classname="shinytest2_tm_t_events_summary" name="e2e_tm_t_events_summary_Starts_with_specified_label_arm_var_flag_var_anl_flag_var_aesi_add_total_count_subj_count_pt_count_events."/>
    <testcase time="0.0920000000000982" classname="shinytest2_tm_t_events_summary" name="e2e_tm_t_events_summary_Starts_with_specified_label_arm_var_flag_var_anl_flag_var_aesi_add_total_count_subj_count_pt_count_events."/>
    <testcase time="0.0529999999998836" classname="shinytest2_tm_t_events_summary" name="e2e_tm_t_events_summary_Starts_with_specified_label_arm_var_flag_var_anl_flag_var_aesi_add_total_count_subj_count_pt_count_events."/>
    <testcase time="0.0529999999998836" classname="shinytest2_tm_t_events_summary" name="e2e_tm_t_events_summary_Starts_with_specified_label_arm_var_flag_var_anl_flag_var_aesi_add_total_count_subj_count_pt_count_events."/>
    <testcase time="0.0530000000003383" classname="shinytest2_tm_t_events_summary" name="e2e_tm_t_events_summary_Starts_with_specified_label_arm_var_flag_var_anl_flag_var_aesi_add_total_count_subj_count_pt_count_events."/>
    <testcase time="0.0519999999996799" classname="shinytest2_tm_t_events_summary" name="e2e_tm_t_events_summary_Starts_with_specified_label_arm_var_flag_var_anl_flag_var_aesi_add_total_count_subj_count_pt_count_events."/>
    <testcase time="0.0520000000001346" classname="shinytest2_tm_t_events_summary" name="e2e_tm_t_events_summary_Starts_with_specified_label_arm_var_flag_var_anl_flag_var_aesi_add_total_count_subj_count_pt_count_events."/>
    <testcase time="0.0520000000001346" classname="shinytest2_tm_t_events_summary" name="e2e_tm_t_events_summary_Starts_with_specified_label_arm_var_flag_var_anl_flag_var_aesi_add_total_count_subj_count_pt_count_events."/>
    <testcase time="9.23000000000002" classname="shinytest2_tm_t_events_summary" name="e2e_tm_t_events_summary_Selecting_arm_var_changes_the_table_and_does_not_throw_validation_errors."/>
    <testcase time="0.0189999999997781" classname="shinytest2_tm_t_events_summary" name="e2e_tm_t_events_summary_Selecting_arm_var_changes_the_table_and_does_not_throw_validation_errors."/>
    <testcase time="8.07099999999991" classname="shinytest2_tm_t_events_summary" name="e2e_tm_t_events_summary_Deselection_of_arm_var_throws_validation_error."/>
    <testcase time="0.00700000000006185" classname="shinytest2_tm_t_events_summary" name="e2e_tm_t_events_summary_Deselection_of_arm_var_throws_validation_error."/>
    <testcase time="0.00600000000031287" classname="shinytest2_tm_t_events_summary" name="e2e_tm_t_events_summary_Deselection_of_arm_var_throws_validation_error."/>
    <testcase time="8.93799999999965" classname="shinytest2_tm_t_events_summary" name="e2e_tm_t_events_summary_Selecting_flag_var_anl_changes_the_table_and_does_not_throw_validation_errors."/>
    <testcase time="0.00600000000031287" classname="shinytest2_tm_t_events_summary" name="e2e_tm_t_events_summary_Selecting_flag_var_anl_changes_the_table_and_does_not_throw_validation_errors."/>
    <testcase time="9.00499999999965" classname="shinytest2_tm_t_events_summary" name="e2e_tm_t_events_summary_Deselection_of_flag_var_anl_changes_the_table_and_does_not_throw_validation_errors."/>
    <testcase time="0.00600000000031287" classname="shinytest2_tm_t_events_summary" name="e2e_tm_t_events_summary_Deselection_of_flag_var_anl_changes_the_table_and_does_not_throw_validation_errors."/>
    <testcase time="9.00399999999991" classname="shinytest2_tm_t_events_summary" name="e2e_tm_t_events_summary_Selecting_flag_var_aesi_changes_the_table_and_does_not_throw_validation_errors."/>
    <testcase time="0.00599999999985812" classname="shinytest2_tm_t_events_summary" name="e2e_tm_t_events_summary_Selecting_flag_var_aesi_changes_the_table_and_does_not_throw_validation_errors."/>
    <testcase time="8.68700000000035" classname="shinytest2_tm_t_events_summary" name="e2e_tm_t_events_summary_Deselection_of_flag_var_aesi_changes_the_table_and_does_not_throw_validation_errors."/>
    <testcase time="0.00799999999981083" classname="shinytest2_tm_t_events_summary" name="e2e_tm_t_events_summary_Deselection_of_flag_var_aesi_changes_the_table_and_does_not_throw_validation_errors."/>
  </testsuite>
  <testsuite name="shinytest2-tm_t_exposure" timestamp="2025-02-11T11:04:36Z" hostname="b8e80419198c" tests="29" skipped="0" failures="0" errors="0" time="83.593">
    <testcase time="7.39300000000003" classname="shinytest2_tm_t_exposure" name="e2e_tm_t_exposure_Module_initializes_in_teal_without_errors_and_produces_table_output."/>
    <testcase time="0.00700000000006185" classname="shinytest2_tm_t_exposure" name="e2e_tm_t_exposure_Module_initializes_in_teal_without_errors_and_produces_table_output."/>
    <testcase time="2.10599999999977" classname="shinytest2_tm_t_exposure" name="e2e_tm_t_exposure_Module_initializes_in_teal_without_errors_and_produces_table_output."/>
    <testcase time="7.12400000000025" classname="shinytest2_tm_t_exposure" name="e2e_tm_t_exposure_Starts_with_specified_label_paramcd_parcat_col_by_var_row_by_var_add_total_row_add_total"/>
    <testcase time="0.0859999999997854" classname="shinytest2_tm_t_exposure" name="e2e_tm_t_exposure_Starts_with_specified_label_paramcd_parcat_col_by_var_row_by_var_add_total_row_add_total"/>
    <testcase time="0.0529999999998836" classname="shinytest2_tm_t_exposure" name="e2e_tm_t_exposure_Starts_with_specified_label_paramcd_parcat_col_by_var_row_by_var_add_total_row_add_total"/>
    <testcase time="0.0520000000001346" classname="shinytest2_tm_t_exposure" name="e2e_tm_t_exposure_Starts_with_specified_label_paramcd_parcat_col_by_var_row_by_var_add_total_row_add_total"/>
    <testcase time="0.0520000000001346" classname="shinytest2_tm_t_exposure" name="e2e_tm_t_exposure_Starts_with_specified_label_paramcd_parcat_col_by_var_row_by_var_add_total_row_add_total"/>
    <testcase time="0.0520000000001346" classname="shinytest2_tm_t_exposure" name="e2e_tm_t_exposure_Starts_with_specified_label_paramcd_parcat_col_by_var_row_by_var_add_total_row_add_total"/>
    <testcase time="0.0519999999996799" classname="shinytest2_tm_t_exposure" name="e2e_tm_t_exposure_Starts_with_specified_label_paramcd_parcat_col_by_var_row_by_var_add_total_row_add_total"/>
    <testcase time="8.28999999999996" classname="shinytest2_tm_t_exposure" name="e2e_tm_t_exposure_Selecting_paramcd_changes_the_table_and_does_not_throw_validation_errors."/>
    <testcase time="0.00700000000006185" classname="shinytest2_tm_t_exposure" name="e2e_tm_t_exposure_Selecting_paramcd_changes_the_table_and_does_not_throw_validation_errors."/>
    <testcase time="8.33699999999999" classname="shinytest2_tm_t_exposure" name="e2e_tm_t_exposure_Deselection_of_paramcd_throws_validation_error."/>
    <testcase time="0.00700000000006185" classname="shinytest2_tm_t_exposure" name="e2e_tm_t_exposure_Deselection_of_paramcd_throws_validation_error."/>
    <testcase time="0.00700000000006185" classname="shinytest2_tm_t_exposure" name="e2e_tm_t_exposure_Deselection_of_paramcd_throws_validation_error."/>
    <testcase time="8.58799999999974" classname="shinytest2_tm_t_exposure" name="e2e_tm_t_exposure_Selecting_parcat_changes_the_table_and_does_not_throw_validation_errors."/>
    <testcase time="0.00600000000031287" classname="shinytest2_tm_t_exposure" name="e2e_tm_t_exposure_Selecting_parcat_changes_the_table_and_does_not_throw_validation_errors."/>
    <testcase time="7.99299999999994" classname="shinytest2_tm_t_exposure" name="e2e_tm_t_exposure_Deselection_of_parcat_throws_validation_error."/>
    <testcase time="0.00599999999985812" classname="shinytest2_tm_t_exposure" name="e2e_tm_t_exposure_Deselection_of_parcat_throws_validation_error."/>
    <testcase time="0.00700000000006185" classname="shinytest2_tm_t_exposure" name="e2e_tm_t_exposure_Deselection_of_parcat_throws_validation_error."/>
    <testcase time="8.79899999999998" classname="shinytest2_tm_t_exposure" name="e2e_tm_t_exposure_Selecting_col_by_var_changes_the_table_and_does_not_throw_validation_errors."/>
    <testcase time="0.00599999999985812" classname="shinytest2_tm_t_exposure" name="e2e_tm_t_exposure_Selecting_col_by_var_changes_the_table_and_does_not_throw_validation_errors."/>
    <testcase time="8.20000000000027" classname="shinytest2_tm_t_exposure" name="e2e_tm_t_exposure_Deselection_of_col_by_var_changes_the_table_and_does_not_throw_validation_errors."/>
    <testcase time="0.00700000000006185" classname="shinytest2_tm_t_exposure" name="e2e_tm_t_exposure_Deselection_of_col_by_var_changes_the_table_and_does_not_throw_validation_errors."/>
    <testcase time="8.3130000000001" classname="shinytest2_tm_t_exposure" name="e2e_tm_t_exposure_Selecting_row_by_var_changes_the_table_and_does_not_throw_validation_errors."/>
    <testcase time="0.0069999999996071" classname="shinytest2_tm_t_exposure" name="e2e_tm_t_exposure_Selecting_row_by_var_changes_the_table_and_does_not_throw_validation_errors."/>
    <testcase time="8.02400000000034" classname="shinytest2_tm_t_exposure" name="e2e_tm_t_exposure_Deselection_of_row_by_var_throws_validation_error."/>
    <testcase time="0.00599999999985812" classname="shinytest2_tm_t_exposure" name="e2e_tm_t_exposure_Deselection_of_row_by_var_throws_validation_error."/>
    <testcase time="0.00600000000031287" classname="shinytest2_tm_t_exposure" name="e2e_tm_t_exposure_Deselection_of_row_by_var_throws_validation_error."/>
  </testsuite>
  <testsuite name="shinytest2-tm_t_logistic" timestamp="2025-02-11T11:06:00Z" hostname="b8e80419198c" tests="27" skipped="0" failures="0" errors="0" time="61.858">
    <testcase time="6.79199999999992" classname="shinytest2_tm_t_logistic" name="e2e_tm_t_logistic_Module_initializes_in_teal_without_errors_and_produces_table_output."/>
    <testcase time="0.00599999999985812" classname="shinytest2_tm_t_logistic" name="e2e_tm_t_logistic_Module_initializes_in_teal_without_errors_and_produces_table_output."/>
    <testcase time="2.096" classname="shinytest2_tm_t_logistic" name="e2e_tm_t_logistic_Module_initializes_in_teal_without_errors_and_produces_table_output."/>
    <testcase time="6.69900000000007" classname="shinytest2_tm_t_logistic" name="e2e_tm_t_logistic_Starts_with_specified_label_paramcd_responders_arm_var_buckets_cov_var_interaction_var_conf_level_combine_comp_arms."/>
    <testcase time="0.0929999999998472" classname="shinytest2_tm_t_logistic" name="e2e_tm_t_logistic_Starts_with_specified_label_paramcd_responders_arm_var_buckets_cov_var_interaction_var_conf_level_combine_comp_arms."/>
    <testcase time="0.0529999999998836" classname="shinytest2_tm_t_logistic" name="e2e_tm_t_logistic_Starts_with_specified_label_paramcd_responders_arm_var_buckets_cov_var_interaction_var_conf_level_combine_comp_arms."/>
    <testcase time="0.0520000000001346" classname="shinytest2_tm_t_logistic" name="e2e_tm_t_logistic_Starts_with_specified_label_paramcd_responders_arm_var_buckets_cov_var_interaction_var_conf_level_combine_comp_arms."/>
    <testcase time="0.0529999999998836" classname="shinytest2_tm_t_logistic" name="e2e_tm_t_logistic_Starts_with_specified_label_paramcd_responders_arm_var_buckets_cov_var_interaction_var_conf_level_combine_comp_arms."/>
    <testcase time="0.0520000000001346" classname="shinytest2_tm_t_logistic" name="e2e_tm_t_logistic_Starts_with_specified_label_paramcd_responders_arm_var_buckets_cov_var_interaction_var_conf_level_combine_comp_arms."/>
    <testcase time="0.0520000000001346" classname="shinytest2_tm_t_logistic" name="e2e_tm_t_logistic_Starts_with_specified_label_paramcd_responders_arm_var_buckets_cov_var_interaction_var_conf_level_combine_comp_arms."/>
    <testcase time="0.0519999999996799" classname="shinytest2_tm_t_logistic" name="e2e_tm_t_logistic_Starts_with_specified_label_paramcd_responders_arm_var_buckets_cov_var_interaction_var_conf_level_combine_comp_arms."/>
    <testcase time="0.0530000000003383" classname="shinytest2_tm_t_logistic" name="e2e_tm_t_logistic_Starts_with_specified_label_paramcd_responders_arm_var_buckets_cov_var_interaction_var_conf_level_combine_comp_arms."/>
    <testcase time="7.90200000000004" classname="shinytest2_tm_t_logistic" name="e2e_tm_t_logistic_Selecting_paramcd_changes_the_table_and_does_not_throw_validation_errors."/>
    <testcase time="0.0069999999996071" classname="shinytest2_tm_t_logistic" name="e2e_tm_t_logistic_Selecting_paramcd_changes_the_table_and_does_not_throw_validation_errors."/>
    <testcase time="7.52400000000034" classname="shinytest2_tm_t_logistic" name="e2e_tm_t_logistic_Deselection_of_paramcd_throws_validation_error."/>
    <testcase time="0.00599999999985812" classname="shinytest2_tm_t_logistic" name="e2e_tm_t_logistic_Deselection_of_paramcd_throws_validation_error."/>
    <testcase time="0.00599999999985812" classname="shinytest2_tm_t_logistic" name="e2e_tm_t_logistic_Deselection_of_paramcd_throws_validation_error."/>
    <testcase time="7.86900000000014" classname="shinytest2_tm_t_logistic" name="e2e_tm_t_logistic_Selecting_arm_var_changes_the_table_and_does_not_throw_validation_errors."/>
    <testcase time="0.00599999999985812" classname="shinytest2_tm_t_logistic" name="e2e_tm_t_logistic_Selecting_arm_var_changes_the_table_and_does_not_throw_validation_errors."/>
    <testcase time="7.14200000000028" classname="shinytest2_tm_t_logistic" name="e2e_tm_t_logistic_Deselection_of_arm_var_throws_validation_error."/>
    <testcase time="0.00599999999985812" classname="shinytest2_tm_t_logistic" name="e2e_tm_t_logistic_Deselection_of_arm_var_throws_validation_error."/>
    <testcase time="0.00500000000010914" classname="shinytest2_tm_t_logistic" name="e2e_tm_t_logistic_Deselection_of_arm_var_throws_validation_error."/>
    <testcase time="7.88699999999972" classname="shinytest2_tm_t_logistic" name="e2e_tm_t_logistic_Selecting_cov_var_changes_the_table_and_does_not_throw_validation_errors."/>
    <testcase time="0.00600000000031287" classname="shinytest2_tm_t_logistic" name="e2e_tm_t_logistic_Selecting_cov_var_changes_the_table_and_does_not_throw_validation_errors."/>
    <testcase time="7.42699999999968" classname="shinytest2_tm_t_logistic" name="e2e_tm_t_logistic_Deselection_of_cov_var_throws_validation_error."/>
    <testcase time="0.00600000000031287" classname="shinytest2_tm_t_logistic" name="e2e_tm_t_logistic_Deselection_of_cov_var_throws_validation_error."/>
    <testcase time="0.00599999999985812" classname="shinytest2_tm_t_logistic" name="e2e_tm_t_logistic_Deselection_of_cov_var_throws_validation_error."/>
  </testsuite>
  <testsuite name="shinytest2-tm_t_mult_events" timestamp="2025-02-11T11:07:02Z" hostname="b8e80419198c" tests="20" skipped="0" failures="0" errors="0" time="59.276">
    <testcase time="7.2800000000002" classname="shinytest2_tm_t_mult_events" name="e2e_tm_t_mult_events_Module_initializes_in_teal_without_errors_and_produces_table_output."/>
    <testcase time="0.00599999999985812" classname="shinytest2_tm_t_mult_events" name="e2e_tm_t_mult_events_Module_initializes_in_teal_without_errors_and_produces_table_output."/>
    <testcase time="2.10300000000007" classname="shinytest2_tm_t_mult_events" name="e2e_tm_t_mult_events_Module_initializes_in_teal_without_errors_and_produces_table_output."/>
    <testcase time="7.25700000000006" classname="shinytest2_tm_t_mult_events" name="e2e_tm_t_mult_events_Starts_with_specified_label_arm_var_hlt_llt_add_total_drop_arm_levels."/>
    <testcase time="0.0839999999998327" classname="shinytest2_tm_t_mult_events" name="e2e_tm_t_mult_events_Starts_with_specified_label_arm_var_hlt_llt_add_total_drop_arm_levels."/>
    <testcase time="0.056999999999789" classname="shinytest2_tm_t_mult_events" name="e2e_tm_t_mult_events_Starts_with_specified_label_arm_var_hlt_llt_add_total_drop_arm_levels."/>
    <testcase time="0.0510000000003856" classname="shinytest2_tm_t_mult_events" name="e2e_tm_t_mult_events_Starts_with_specified_label_arm_var_hlt_llt_add_total_drop_arm_levels."/>
    <testcase time="0.0499999999997272" classname="shinytest2_tm_t_mult_events" name="e2e_tm_t_mult_events_Starts_with_specified_label_arm_var_hlt_llt_add_total_drop_arm_levels."/>
    <testcase time="0.0500000000001819" classname="shinytest2_tm_t_mult_events" name="e2e_tm_t_mult_events_Starts_with_specified_label_arm_var_hlt_llt_add_total_drop_arm_levels."/>
    <testcase time="9.25799999999981" classname="shinytest2_tm_t_mult_events" name="e2e_tm_t_mult_events_Selecting_arm_var_changes_the_table_and_does_not_throw_validation_errors."/>
    <testcase time="0.00599999999985812" classname="shinytest2_tm_t_mult_events" name="e2e_tm_t_mult_events_Selecting_arm_var_changes_the_table_and_does_not_throw_validation_errors."/>
    <testcase time="7.65100000000029" classname="shinytest2_tm_t_mult_events" name="e2e_tm_t_mult_events_Deselection_of_arm_var_throws_validation_error."/>
    <testcase time="0.00999999999976353" classname="shinytest2_tm_t_mult_events" name="e2e_tm_t_mult_events_Deselection_of_arm_var_throws_validation_error."/>
    <testcase time="0.00600000000031287" classname="shinytest2_tm_t_mult_events" name="e2e_tm_t_mult_events_Deselection_of_arm_var_throws_validation_error."/>
    <testcase time="9.03999999999996" classname="shinytest2_tm_t_mult_events" name="e2e_tm_t_mult_events_Selecting_hlt_changes_the_table_and_does_not_throw_validation_errors."/>
    <testcase time="0.00599999999985812" classname="shinytest2_tm_t_mult_events" name="e2e_tm_t_mult_events_Selecting_hlt_changes_the_table_and_does_not_throw_validation_errors."/>
    <testcase time="8.30600000000004" classname="shinytest2_tm_t_mult_events" name="e2e_tm_t_mult_events_Deselection_of_hlt_changes_the_table_and_does_not_throw_validation_errors."/>
    <testcase time="0.00599999999985812" classname="shinytest2_tm_t_mult_events" name="e2e_tm_t_mult_events_Deselection_of_hlt_changes_the_table_and_does_not_throw_validation_errors."/>
    <testcase time="8.04199999999992" classname="shinytest2_tm_t_mult_events" name="e2e_tm_t_mult_events_Deselection_of_llt_throws_validation_error."/>
    <testcase time="0.00700000000006185" classname="shinytest2_tm_t_mult_events" name="e2e_tm_t_mult_events_Deselection_of_llt_throws_validation_error."/>
  </testsuite>
  <testsuite name="shinytest2-tm_t_pp_basic_info" timestamp="2025-02-11T11:08:01Z" hostname="b8e80419198c" tests="16" skipped="0" failures="0" errors="0" time="42.767">
    <testcase time="5.58500000000004" classname="shinytest2_tm_t_pp_basic_info" name="e2e_tm_t_pp_basic_info_Module_initializes_in_teal_without_errors_and_produces_table_output."/>
    <testcase time="0.00600000000031287" classname="shinytest2_tm_t_pp_basic_info" name="e2e_tm_t_pp_basic_info_Module_initializes_in_teal_without_errors_and_produces_table_output."/>
    <testcase time="2.09699999999975" classname="shinytest2_tm_t_pp_basic_info" name="e2e_tm_t_pp_basic_info_Module_initializes_in_teal_without_errors_and_produces_table_output."/>
    <testcase time="5.59299999999985" classname="shinytest2_tm_t_pp_basic_info" name="e2e_tm_t_pp_basic_info_Starts_with_specified_label_patient_id_vars."/>
    <testcase time="0.0489999999999782" classname="shinytest2_tm_t_pp_basic_info" name="e2e_tm_t_pp_basic_info_Starts_with_specified_label_patient_id_vars."/>
    <testcase time="0.0599999999999454" classname="shinytest2_tm_t_pp_basic_info" name="e2e_tm_t_pp_basic_info_Starts_with_specified_label_patient_id_vars."/>
    <testcase time="6.38599999999997" classname="shinytest2_tm_t_pp_basic_info" name="e2e_tm_t_pp_basic_info_Selecting_patient_id_changes_the_table_and_does_not_throw_validation_errors."/>
    <testcase time="0.00700000000006185" classname="shinytest2_tm_t_pp_basic_info" name="e2e_tm_t_pp_basic_info_Selecting_patient_id_changes_the_table_and_does_not_throw_validation_errors."/>
    <testcase time="8.32299999999987" classname="shinytest2_tm_t_pp_basic_info" name="e2e_tm_t_pp_basic_info_Deselection_of_patient_id_throws_validation_error_and_table_is_not_visible."/>
    <testcase time="0.00600000000031287" classname="shinytest2_tm_t_pp_basic_info" name="e2e_tm_t_pp_basic_info_Deselection_of_patient_id_throws_validation_error_and_table_is_not_visible."/>
    <testcase time="0.00599999999985812" classname="shinytest2_tm_t_pp_basic_info" name="e2e_tm_t_pp_basic_info_Deselection_of_patient_id_throws_validation_error_and_table_is_not_visible."/>
    <testcase time="6.35500000000002" classname="shinytest2_tm_t_pp_basic_info" name="e2e_tm_t_pp_basic_info_Selecting_cov_var_changes_the_table_and_does_not_throw_validation_errors."/>
    <testcase time="0.00599999999985812" classname="shinytest2_tm_t_pp_basic_info" name="e2e_tm_t_pp_basic_info_Selecting_cov_var_changes_the_table_and_does_not_throw_validation_errors."/>
    <testcase time="8.27600000000029" classname="shinytest2_tm_t_pp_basic_info" name="e2e_tm_t_pp_basic_info_Deselection_of_cov_var_throws_validation_error."/>
    <testcase time="0.00599999999985812" classname="shinytest2_tm_t_pp_basic_info" name="e2e_tm_t_pp_basic_info_Deselection_of_cov_var_throws_validation_error."/>
    <testcase time="0.00599999999985812" classname="shinytest2_tm_t_pp_basic_info" name="e2e_tm_t_pp_basic_info_Deselection_of_cov_var_throws_validation_error."/>
  </testsuite>
  <testsuite name="shinytest2-tm_t_pp_laboratory" timestamp="2025-02-11T11:08:44Z" hostname="b8e80419198c" tests="47" skipped="0" failures="0" errors="0" time="128.546">
    <testcase time="6.3119999999999" classname="shinytest2_tm_t_pp_laboratory" name="e2e_tm_t_pp_laboratory_Module_initializes_in_teal_without_errors_and_produces_table_output."/>
    <testcase time="0.00600000000031287" classname="shinytest2_tm_t_pp_laboratory" name="e2e_tm_t_pp_laboratory_Module_initializes_in_teal_without_errors_and_produces_table_output."/>
    <testcase time="2.10799999999972" classname="shinytest2_tm_t_pp_laboratory" name="e2e_tm_t_pp_laboratory_Module_initializes_in_teal_without_errors_and_produces_table_output."/>
    <testcase time="6.29200000000037" classname="shinytest2_tm_t_pp_laboratory" name="e2e_tm_t_pp_laboratory_Starts_with_specified_label_patient_id_paramcd_param_timepoints_aval_var_avalu_var_anrind_round_value."/>
    <testcase time="0.0489999999999782" classname="shinytest2_tm_t_pp_laboratory" name="e2e_tm_t_pp_laboratory_Starts_with_specified_label_patient_id_paramcd_param_timepoints_aval_var_avalu_var_anrind_round_value."/>
    <testcase time="0.0509999999999309" classname="shinytest2_tm_t_pp_laboratory" name="e2e_tm_t_pp_laboratory_Starts_with_specified_label_patient_id_paramcd_param_timepoints_aval_var_avalu_var_anrind_round_value."/>
    <testcase time="0.0499999999997272" classname="shinytest2_tm_t_pp_laboratory" name="e2e_tm_t_pp_laboratory_Starts_with_specified_label_patient_id_paramcd_param_timepoints_aval_var_avalu_var_anrind_round_value."/>
    <testcase time="0.0510000000003856" classname="shinytest2_tm_t_pp_laboratory" name="e2e_tm_t_pp_laboratory_Starts_with_specified_label_patient_id_paramcd_param_timepoints_aval_var_avalu_var_anrind_round_value."/>
    <testcase time="0.0509999999999309" classname="shinytest2_tm_t_pp_laboratory" name="e2e_tm_t_pp_laboratory_Starts_with_specified_label_patient_id_paramcd_param_timepoints_aval_var_avalu_var_anrind_round_value."/>
    <testcase time="0.0509999999999309" classname="shinytest2_tm_t_pp_laboratory" name="e2e_tm_t_pp_laboratory_Starts_with_specified_label_patient_id_paramcd_param_timepoints_aval_var_avalu_var_anrind_round_value."/>
    <testcase time="0.0520000000001346" classname="shinytest2_tm_t_pp_laboratory" name="e2e_tm_t_pp_laboratory_Starts_with_specified_label_patient_id_paramcd_param_timepoints_aval_var_avalu_var_anrind_round_value."/>
    <testcase time="0.0509999999999309" classname="shinytest2_tm_t_pp_laboratory" name="e2e_tm_t_pp_laboratory_Starts_with_specified_label_patient_id_paramcd_param_timepoints_aval_var_avalu_var_anrind_round_value."/>
    <testcase time="7.10999999999967" classname="shinytest2_tm_t_pp_laboratory" name="e2e_tm_t_pp_laboratory_Selecting_patient_id_changes_the_table_and_does_not_throw_validation_errors."/>
    <testcase time="0.00600000000031287" classname="shinytest2_tm_t_pp_laboratory" name="e2e_tm_t_pp_laboratory_Selecting_patient_id_changes_the_table_and_does_not_throw_validation_errors."/>
    <testcase time="8.76899999999978" classname="shinytest2_tm_t_pp_laboratory" name="e2e_tm_t_pp_laboratory_Deselection_of_patient_id_throws_validation_error."/>
    <testcase time="0.00600000000031287" classname="shinytest2_tm_t_pp_laboratory" name="e2e_tm_t_pp_laboratory_Deselection_of_patient_id_throws_validation_error."/>
    <testcase time="0.00599999999985812" classname="shinytest2_tm_t_pp_laboratory" name="e2e_tm_t_pp_laboratory_Deselection_of_patient_id_throws_validation_error."/>
    <testcase time="7.26199999999972" classname="shinytest2_tm_t_pp_laboratory" name="e2e_tm_t_pp_laboratory_Selecting_paramcd_changes_the_table_and_does_not_throw_validation_errors."/>
    <testcase time="0.00600000000031287" classname="shinytest2_tm_t_pp_laboratory" name="e2e_tm_t_pp_laboratory_Selecting_paramcd_changes_the_table_and_does_not_throw_validation_errors."/>
    <testcase time="8.95800000000008" classname="shinytest2_tm_t_pp_laboratory" name="e2e_tm_t_pp_laboratory_Deselection_of_paramcd_throws_validation_error."/>
    <testcase time="0.00599999999985812" classname="shinytest2_tm_t_pp_laboratory" name="e2e_tm_t_pp_laboratory_Deselection_of_paramcd_throws_validation_error."/>
    <testcase time="0.00599999999985812" classname="shinytest2_tm_t_pp_laboratory" name="e2e_tm_t_pp_laboratory_Deselection_of_paramcd_throws_validation_error."/>
    <testcase time="7.09400000000005" classname="shinytest2_tm_t_pp_laboratory" name="e2e_tm_t_pp_laboratory_Selecting_param_changes_the_table_and_does_not_throw_validation_errors."/>
    <testcase time="0.00599999999985812" classname="shinytest2_tm_t_pp_laboratory" name="e2e_tm_t_pp_laboratory_Selecting_param_changes_the_table_and_does_not_throw_validation_errors."/>
    <testcase time="8.92100000000028" classname="shinytest2_tm_t_pp_laboratory" name="e2e_tm_t_pp_laboratory_Deselection_of_param_throws_validation_error."/>
    <testcase time="0.00599999999985812" classname="shinytest2_tm_t_pp_laboratory" name="e2e_tm_t_pp_laboratory_Deselection_of_param_throws_validation_error."/>
    <testcase time="0.00599999999985812" classname="shinytest2_tm_t_pp_laboratory" name="e2e_tm_t_pp_laboratory_Deselection_of_param_throws_validation_error."/>
    <testcase time="7.14900000000034" classname="shinytest2_tm_t_pp_laboratory" name="e2e_tm_t_pp_laboratory_Selecting_timepoints_changes_the_table_and_does_not_throw_validation_errors."/>
    <testcase time="0.00599999999985812" classname="shinytest2_tm_t_pp_laboratory" name="e2e_tm_t_pp_laboratory_Selecting_timepoints_changes_the_table_and_does_not_throw_validation_errors."/>
    <testcase time="9.12199999999984" classname="shinytest2_tm_t_pp_laboratory" name="e2e_tm_t_pp_laboratory_Deselection_of_timepoints_throws_validation_error."/>
    <testcase time="0.00600000000031287" classname="shinytest2_tm_t_pp_laboratory" name="e2e_tm_t_pp_laboratory_Deselection_of_timepoints_throws_validation_error."/>
    <testcase time="0.00599999999985812" classname="shinytest2_tm_t_pp_laboratory" name="e2e_tm_t_pp_laboratory_Deselection_of_timepoints_throws_validation_error."/>
    <testcase time="7.23500000000013" classname="shinytest2_tm_t_pp_laboratory" name="e2e_tm_t_pp_laboratory_Selecting_avalu_changes_the_table_and_does_not_throw_validation_errors."/>
    <testcase time="0.00700000000006185" classname="shinytest2_tm_t_pp_laboratory" name="e2e_tm_t_pp_laboratory_Selecting_avalu_changes_the_table_and_does_not_throw_validation_errors."/>
    <testcase time="8.98699999999963" classname="shinytest2_tm_t_pp_laboratory" name="e2e_tm_t_pp_laboratory_Deselection_of_avalu_throws_validation_error."/>
    <testcase time="0.00600000000031287" classname="shinytest2_tm_t_pp_laboratory" name="e2e_tm_t_pp_laboratory_Deselection_of_avalu_throws_validation_error."/>
    <testcase time="0.00599999999985812" classname="shinytest2_tm_t_pp_laboratory" name="e2e_tm_t_pp_laboratory_Deselection_of_avalu_throws_validation_error."/>
    <testcase time="7.24499999999989" classname="shinytest2_tm_t_pp_laboratory" name="e2e_tm_t_pp_laboratory_Selecting_aval_var_changes_the_table_and_does_not_throw_validation_errors."/>
    <testcase time="0.00700000000006185" classname="shinytest2_tm_t_pp_laboratory" name="e2e_tm_t_pp_laboratory_Selecting_aval_var_changes_the_table_and_does_not_throw_validation_errors."/>
    <testcase time="9.05600000000004" classname="shinytest2_tm_t_pp_laboratory" name="e2e_tm_t_pp_laboratory_Deselection_of_aval_var_throws_validation_error."/>
    <testcase time="0.00599999999985812" classname="shinytest2_tm_t_pp_laboratory" name="e2e_tm_t_pp_laboratory_Deselection_of_aval_var_throws_validation_error."/>
    <testcase time="0.00600000000031287" classname="shinytest2_tm_t_pp_laboratory" name="e2e_tm_t_pp_laboratory_Deselection_of_aval_var_throws_validation_error."/>
    <testcase time="7.34299999999985" classname="shinytest2_tm_t_pp_laboratory" name="e2e_tm_t_pp_laboratory_Selecting_arind_changes_the_table_and_does_not_throw_validation_errors."/>
    <testcase time="0.00599999999985812" classname="shinytest2_tm_t_pp_laboratory" name="e2e_tm_t_pp_laboratory_Selecting_arind_changes_the_table_and_does_not_throw_validation_errors."/>
    <testcase time="9.04300000000012" classname="shinytest2_tm_t_pp_laboratory" name="e2e_tm_t_pp_laboratory_Deselection_of_arind_throws_validation_error."/>
    <testcase time="0.00599999999985812" classname="shinytest2_tm_t_pp_laboratory" name="e2e_tm_t_pp_laboratory_Deselection_of_arind_throws_validation_error."/>
    <testcase time="0.00600000000031287" classname="shinytest2_tm_t_pp_laboratory" name="e2e_tm_t_pp_laboratory_Deselection_of_arind_throws_validation_error."/>
  </testsuite>
  <testsuite name="shinytest2-tm_t_pp_medical_history" timestamp="2025-02-11T11:10:52Z" hostname="b8e80419198c" tests="28" skipped="0" failures="0" errors="0" time="69.35">
    <testcase time="6.11699999999973" classname="shinytest2_tm_t_pp_medical_history" name="e2e_tm_t_pp_medical_history_Module_initializes_in_teal_without_errors_and_produces_table_output."/>
    <testcase time="0.00600000000031287" classname="shinytest2_tm_t_pp_medical_history" name="e2e_tm_t_pp_medical_history_Module_initializes_in_teal_without_errors_and_produces_table_output."/>
    <testcase time="2.08699999999999" classname="shinytest2_tm_t_pp_medical_history" name="e2e_tm_t_pp_medical_history_Module_initializes_in_teal_without_errors_and_produces_table_output."/>
    <testcase time="6.06399999999985" classname="shinytest2_tm_t_pp_medical_history" name="e2e_tm_t_pp_medical_history_Starts_with_specified_label_patient_id_mhterm_mhbodsys_mhdistat."/>
    <testcase time="0.0859999999997854" classname="shinytest2_tm_t_pp_medical_history" name="e2e_tm_t_pp_medical_history_Starts_with_specified_label_patient_id_mhterm_mhbodsys_mhdistat."/>
    <testcase time="0.0520000000001346" classname="shinytest2_tm_t_pp_medical_history" name="e2e_tm_t_pp_medical_history_Starts_with_specified_label_patient_id_mhterm_mhbodsys_mhdistat."/>
    <testcase time="0.0520000000001346" classname="shinytest2_tm_t_pp_medical_history" name="e2e_tm_t_pp_medical_history_Starts_with_specified_label_patient_id_mhterm_mhbodsys_mhdistat."/>
    <testcase time="0.0520000000001346" classname="shinytest2_tm_t_pp_medical_history" name="e2e_tm_t_pp_medical_history_Starts_with_specified_label_patient_id_mhterm_mhbodsys_mhdistat."/>
    <testcase time="6.88399999999956" classname="shinytest2_tm_t_pp_medical_history" name="e2e_tm_t_pp_medical_history_Selecting_patient_id_changes_the_table_and_does_not_throw_validation_errors."/>
    <testcase time="0.00600000000031287" classname="shinytest2_tm_t_pp_medical_history" name="e2e_tm_t_pp_medical_history_Selecting_patient_id_changes_the_table_and_does_not_throw_validation_errors."/>
    <testcase time="6.60100000000011" classname="shinytest2_tm_t_pp_medical_history" name="e2e_tm_t_pp_medical_history_Deselection_of_patient_id_throws_validation_error."/>
    <testcase time="0.00599999999985812" classname="shinytest2_tm_t_pp_medical_history" name="e2e_tm_t_pp_medical_history_Deselection_of_patient_id_throws_validation_error."/>
    <testcase time="0.00599999999985812" classname="shinytest2_tm_t_pp_medical_history" name="e2e_tm_t_pp_medical_history_Deselection_of_patient_id_throws_validation_error."/>
    <testcase time="6.97600000000011" classname="shinytest2_tm_t_pp_medical_history" name="e2e_tm_t_pp_medical_history_Selecting_mhterm_changes_the_table_and_does_not_throw_validation_errors."/>
    <testcase time="0.00599999999985812" classname="shinytest2_tm_t_pp_medical_history" name="e2e_tm_t_pp_medical_history_Selecting_mhterm_changes_the_table_and_does_not_throw_validation_errors."/>
    <testcase time="6.57700000000023" classname="shinytest2_tm_t_pp_medical_history" name="e2e_tm_t_pp_medical_history_Deselection_of_mhterm_throws_validation_error."/>
    <testcase time="0.00599999999985812" classname="shinytest2_tm_t_pp_medical_history" name="e2e_tm_t_pp_medical_history_Deselection_of_mhterm_throws_validation_error."/>
    <testcase time="0.00599999999985812" classname="shinytest2_tm_t_pp_medical_history" name="e2e_tm_t_pp_medical_history_Deselection_of_mhterm_throws_validation_error."/>
    <testcase time="7.01700000000028" classname="shinytest2_tm_t_pp_medical_history" name="e2e_tm_t_pp_medical_history_Selecting_mhbodsys_changes_the_table_and_does_not_throw_validation_errors."/>
    <testcase time="0.00700000000006185" classname="shinytest2_tm_t_pp_medical_history" name="e2e_tm_t_pp_medical_history_Selecting_mhbodsys_changes_the_table_and_does_not_throw_validation_errors."/>
    <testcase time="6.77300000000014" classname="shinytest2_tm_t_pp_medical_history" name="e2e_tm_t_pp_medical_history_Deselection_of_mhbodsys_throws_validation_error."/>
    <testcase time="0.00600000000031287" classname="shinytest2_tm_t_pp_medical_history" name="e2e_tm_t_pp_medical_history_Deselection_of_mhbodsys_throws_validation_error."/>
    <testcase time="0.00499999999965439" classname="shinytest2_tm_t_pp_medical_history" name="e2e_tm_t_pp_medical_history_Deselection_of_mhbodsys_throws_validation_error."/>
    <testcase time="7.32400000000007" classname="shinytest2_tm_t_pp_medical_history" name="e2e_tm_t_pp_medical_history_Selecting_mhbodsys_changes_the_table_and_does_not_throw_validation_errors."/>
    <testcase time="0.00600000000031287" classname="shinytest2_tm_t_pp_medical_history" name="e2e_tm_t_pp_medical_history_Selecting_mhbodsys_changes_the_table_and_does_not_throw_validation_errors."/>
    <testcase time="6.60999999999967" classname="shinytest2_tm_t_pp_medical_history" name="e2e_tm_t_pp_medical_history_Deselection_of_mhdistat_throws_validation_error."/>
    <testcase time="0.00600000000031287" classname="shinytest2_tm_t_pp_medical_history" name="e2e_tm_t_pp_medical_history_Deselection_of_mhdistat_throws_validation_error."/>
    <testcase time="0.00599999999985812" classname="shinytest2_tm_t_pp_medical_history" name="e2e_tm_t_pp_medical_history_Deselection_of_mhdistat_throws_validation_error."/>
  </testsuite>
  <testsuite name="shinytest2-tm_t_pp_prior_medication" timestamp="2025-02-11T11:12:02Z" hostname="b8e80419198c" tests="29" skipped="0" failures="0" errors="0" time="80.57">
    <testcase time="5.93600000000015" classname="shinytest2_tm_t_pp_prior_medication" name="e2e_tm_t_pp_prior_medication_Module_initializes_in_teal_without_errors_and_produces_table_output."/>
    <testcase time="0.00599999999985812" classname="shinytest2_tm_t_pp_prior_medication" name="e2e_tm_t_pp_prior_medication_Module_initializes_in_teal_without_errors_and_produces_table_output."/>
    <testcase time="2.10100000000011" classname="shinytest2_tm_t_pp_prior_medication" name="e2e_tm_t_pp_prior_medication_Module_initializes_in_teal_without_errors_and_produces_table_output."/>
    <testcase time="5.99699999999984" classname="shinytest2_tm_t_pp_prior_medication" name="e2e_tm_t_pp_prior_medication_Starts_with_specified_label_patient_id_cmdecod_atirel_cmindc_cmstdy."/>
    <testcase time="0.0509999999999309" classname="shinytest2_tm_t_pp_prior_medication" name="e2e_tm_t_pp_prior_medication_Starts_with_specified_label_patient_id_cmdecod_atirel_cmindc_cmstdy."/>
    <testcase time="0.0520000000001346" classname="shinytest2_tm_t_pp_prior_medication" name="e2e_tm_t_pp_prior_medication_Starts_with_specified_label_patient_id_cmdecod_atirel_cmindc_cmstdy."/>
    <testcase time="0.0509999999999309" classname="shinytest2_tm_t_pp_prior_medication" name="e2e_tm_t_pp_prior_medication_Starts_with_specified_label_patient_id_cmdecod_atirel_cmindc_cmstdy."/>
    <testcase time="0.0509999999999309" classname="shinytest2_tm_t_pp_prior_medication" name="e2e_tm_t_pp_prior_medication_Starts_with_specified_label_patient_id_cmdecod_atirel_cmindc_cmstdy."/>
    <testcase time="0.0509999999999309" classname="shinytest2_tm_t_pp_prior_medication" name="e2e_tm_t_pp_prior_medication_Starts_with_specified_label_patient_id_cmdecod_atirel_cmindc_cmstdy."/>
    <testcase time="6.65599999999995" classname="shinytest2_tm_t_pp_prior_medication" name="e2e_tm_t_pp_prior_medication_Selecting_patient_id_changes_the_table_and_does_not_throw_validation_errors."/>
    <testcase time="0.00600000000031287" classname="shinytest2_tm_t_pp_prior_medication" name="e2e_tm_t_pp_prior_medication_Selecting_patient_id_changes_the_table_and_does_not_throw_validation_errors."/>
    <testcase time="6.57899999999972" classname="shinytest2_tm_t_pp_prior_medication" name="e2e_tm_t_pp_prior_medication_Deselection_of_patient_id_throws_validation_error."/>
    <testcase time="0.00600000000031287" classname="shinytest2_tm_t_pp_prior_medication" name="e2e_tm_t_pp_prior_medication_Deselection_of_patient_id_throws_validation_error."/>
    <testcase time="6.72800000000007" classname="shinytest2_tm_t_pp_prior_medication" name="e2e_tm_t_pp_prior_medication_Selecting_cmdecod_changes_the_table_and_does_not_throw_validation_errors."/>
    <testcase time="0.00599999999985812" classname="shinytest2_tm_t_pp_prior_medication" name="e2e_tm_t_pp_prior_medication_Selecting_cmdecod_changes_the_table_and_does_not_throw_validation_errors."/>
    <testcase time="6.52500000000009" classname="shinytest2_tm_t_pp_prior_medication" name="e2e_tm_t_pp_prior_medication_Deselection_of_cmdecod_throws_validation_error."/>
    <testcase time="0.00599999999985812" classname="shinytest2_tm_t_pp_prior_medication" name="e2e_tm_t_pp_prior_medication_Deselection_of_cmdecod_throws_validation_error."/>
    <testcase time="6.87899999999991" classname="shinytest2_tm_t_pp_prior_medication" name="e2e_tm_t_pp_prior_medication_Selecting_atirel_changes_the_table_and_does_not_throw_validation_errors."/>
    <testcase time="0.00600000000031287" classname="shinytest2_tm_t_pp_prior_medication" name="e2e_tm_t_pp_prior_medication_Selecting_atirel_changes_the_table_and_does_not_throw_validation_errors."/>
    <testcase time="6.45499999999993" classname="shinytest2_tm_t_pp_prior_medication" name="e2e_tm_t_pp_prior_medication_Deselection_of_atirel_throws_validation_error."/>
    <testcase time="0.00700000000006185" classname="shinytest2_tm_t_pp_prior_medication" name="e2e_tm_t_pp_prior_medication_Deselection_of_atirel_throws_validation_error."/>
    <testcase time="6.74699999999984" classname="shinytest2_tm_t_pp_prior_medication" name="e2e_tm_t_pp_prior_medication_Selecting_cmindc_changes_the_table_and_does_not_throw_validation_errors."/>
    <testcase time="0.00599999999985812" classname="shinytest2_tm_t_pp_prior_medication" name="e2e_tm_t_pp_prior_medication_Selecting_cmindc_changes_the_table_and_does_not_throw_validation_errors."/>
    <testcase time="6.4970000000003" classname="shinytest2_tm_t_pp_prior_medication" name="e2e_tm_t_pp_prior_medication_Deselection_of_cmindc_throws_validation_error."/>
    <testcase time="0.00599999999985812" classname="shinytest2_tm_t_pp_prior_medication" name="e2e_tm_t_pp_prior_medication_Deselection_of_cmindc_throws_validation_error."/>
    <testcase time="6.60300000000007" classname="shinytest2_tm_t_pp_prior_medication" name="e2e_tm_t_pp_prior_medication_Selecting_cmstdy_changes_the_table_and_does_not_throw_validation_errors."/>
    <testcase time="0.00599999999985812" classname="shinytest2_tm_t_pp_prior_medication" name="e2e_tm_t_pp_prior_medication_Selecting_cmstdy_changes_the_table_and_does_not_throw_validation_errors."/>
    <testcase time="6.54399999999987" classname="shinytest2_tm_t_pp_prior_medication" name="e2e_tm_t_pp_prior_medication_Deselection_of_cmstdy_throws_validation_error."/>
    <testcase time="0.00600000000031287" classname="shinytest2_tm_t_pp_prior_medication" name="e2e_tm_t_pp_prior_medication_Deselection_of_cmstdy_throws_validation_error."/>
  </testsuite>
  <testsuite name="shinytest2-tm_t_shift_by_arm" timestamp="2025-02-11T11:13:22Z" hostname="b8e80419198c" tests="25" skipped="0" failures="0" errors="0" time="60.861">
    <testcase time="6.65099999999984" classname="shinytest2_tm_t_shift_by_arm" name="e2e_tm_t_shift_by_arm_Module_initializes_in_teal_without_errors_and_produces_table_output."/>
    <testcase time="0.00599999999985812" classname="shinytest2_tm_t_shift_by_arm" name="e2e_tm_t_shift_by_arm_Module_initializes_in_teal_without_errors_and_produces_table_output."/>
    <testcase time="2.10400000000027" classname="shinytest2_tm_t_shift_by_arm" name="e2e_tm_t_shift_by_arm_Module_initializes_in_teal_without_errors_and_produces_table_output."/>
    <testcase time="6.63999999999987" classname="shinytest2_tm_t_shift_by_arm" name="e2e_tm_t_shift_by_arm_Starts_with_specified_label_arm_varparamcd_visit_var_useNA_treatment_flag_var_add_total."/>
    <testcase time="0.0929999999998472" classname="shinytest2_tm_t_shift_by_arm" name="e2e_tm_t_shift_by_arm_Starts_with_specified_label_arm_varparamcd_visit_var_useNA_treatment_flag_var_add_total."/>
    <testcase time="0.0520000000001346" classname="shinytest2_tm_t_shift_by_arm" name="e2e_tm_t_shift_by_arm_Starts_with_specified_label_arm_varparamcd_visit_var_useNA_treatment_flag_var_add_total."/>
    <testcase time="0.0520000000001346" classname="shinytest2_tm_t_shift_by_arm" name="e2e_tm_t_shift_by_arm_Starts_with_specified_label_arm_varparamcd_visit_var_useNA_treatment_flag_var_add_total."/>
    <testcase time="0.0519999999996799" classname="shinytest2_tm_t_shift_by_arm" name="e2e_tm_t_shift_by_arm_Starts_with_specified_label_arm_varparamcd_visit_var_useNA_treatment_flag_var_add_total."/>
    <testcase time="0.0520000000001346" classname="shinytest2_tm_t_shift_by_arm" name="e2e_tm_t_shift_by_arm_Starts_with_specified_label_arm_varparamcd_visit_var_useNA_treatment_flag_var_add_total."/>
    <testcase time="0.0520000000001346" classname="shinytest2_tm_t_shift_by_arm" name="e2e_tm_t_shift_by_arm_Starts_with_specified_label_arm_varparamcd_visit_var_useNA_treatment_flag_var_add_total."/>
    <testcase time="8.00099999999975" classname="shinytest2_tm_t_shift_by_arm" name="e2e_tm_t_shift_by_arm_Selecting_arm_var_changes_the_table_and_does_not_throw_validation_errors."/>
    <testcase time="0.00600000000031287" classname="shinytest2_tm_t_shift_by_arm" name="e2e_tm_t_shift_by_arm_Selecting_arm_var_changes_the_table_and_does_not_throw_validation_errors."/>
    <testcase time="7.25199999999995" classname="shinytest2_tm_t_shift_by_arm" name="e2e_tm_t_shift_by_arm_Deselection_of_arm_var_throws_validation_error."/>
    <testcase time="0.00600000000031287" classname="shinytest2_tm_t_shift_by_arm" name="e2e_tm_t_shift_by_arm_Deselection_of_arm_var_throws_validation_error."/>
    <testcase time="0.00599999999985812" classname="shinytest2_tm_t_shift_by_arm" name="e2e_tm_t_shift_by_arm_Deselection_of_arm_var_throws_validation_error."/>
    <testcase time="7.69000000000005" classname="shinytest2_tm_t_shift_by_arm" name="e2e_tm_t_shift_by_arm_Selecting_paramcd_changes_the_table_and_does_not_throw_validation_errors."/>
    <testcase time="0.00599999999985812" classname="shinytest2_tm_t_shift_by_arm" name="e2e_tm_t_shift_by_arm_Selecting_paramcd_changes_the_table_and_does_not_throw_validation_errors."/>
    <testcase time="7.05799999999999" classname="shinytest2_tm_t_shift_by_arm" name="e2e_tm_t_shift_by_arm_Deselection_of_paramcd_throws_validation_error."/>
    <testcase time="0.00599999999985812" classname="shinytest2_tm_t_shift_by_arm" name="e2e_tm_t_shift_by_arm_Deselection_of_paramcd_throws_validation_error."/>
    <testcase time="0.00600000000031287" classname="shinytest2_tm_t_shift_by_arm" name="e2e_tm_t_shift_by_arm_Deselection_of_paramcd_throws_validation_error."/>
    <testcase time="7.7819999999997" classname="shinytest2_tm_t_shift_by_arm" name="e2e_tm_t_shift_by_arm_Selecting_visit_var_changes_the_table_and_does_not_throw_validation_errors."/>
    <testcase time="0.00600000000031287" classname="shinytest2_tm_t_shift_by_arm" name="e2e_tm_t_shift_by_arm_Selecting_visit_var_changes_the_table_and_does_not_throw_validation_errors."/>
    <testcase time="7.26999999999998" classname="shinytest2_tm_t_shift_by_arm" name="e2e_tm_t_shift_by_arm_Deselection_of_visit_var_throws_validation_error."/>
    <testcase time="0.00599999999985812" classname="shinytest2_tm_t_shift_by_arm" name="e2e_tm_t_shift_by_arm_Deselection_of_visit_var_throws_validation_error."/>
    <testcase time="0.00599999999985812" classname="shinytest2_tm_t_shift_by_arm" name="e2e_tm_t_shift_by_arm_Deselection_of_visit_var_throws_validation_error."/>
  </testsuite>
  <testsuite name="shinytest2-tm_t_shift_by_arm_by_worst" timestamp="2025-02-11T11:14:23Z" hostname="b8e80419198c" tests="37" skipped="0" failures="0" errors="0" time="93.953">
    <testcase time="6.73800000000028" classname="shinytest2_tm_t_shift_by_arm_by_worst" name="e2e_tm_t_shift_by_arm_by_worst_Module_initializes_in_teal_without_errors_and_produces_table_output."/>
    <testcase time="0.00599999999985812" classname="shinytest2_tm_t_shift_by_arm_by_worst" name="e2e_tm_t_shift_by_arm_by_worst_Module_initializes_in_teal_without_errors_and_produces_table_output."/>
    <testcase time="2.096" classname="shinytest2_tm_t_shift_by_arm_by_worst" name="e2e_tm_t_shift_by_arm_by_worst_Module_initializes_in_teal_without_errors_and_produces_table_output."/>
    <testcase time="7.10100000000011" classname="shinytest2_tm_t_shift_by_arm_by_worst" name="e2e_tm_t_shift_by_arm_by_worst_Starts_with_specified_label_arm_var_paramcd_worst_flag_var_aval_var_baseline_var_useNA_treatment_flag_var_add_total."/>
    <testcase time="0.0850000000000364" classname="shinytest2_tm_t_shift_by_arm_by_worst" name="e2e_tm_t_shift_by_arm_by_worst_Starts_with_specified_label_arm_var_paramcd_worst_flag_var_aval_var_baseline_var_useNA_treatment_flag_var_add_total."/>
    <testcase time="0.0509999999999309" classname="shinytest2_tm_t_shift_by_arm_by_worst" name="e2e_tm_t_shift_by_arm_by_worst_Starts_with_specified_label_arm_var_paramcd_worst_flag_var_aval_var_baseline_var_useNA_treatment_flag_var_add_total."/>
    <testcase time="0.0520000000001346" classname="shinytest2_tm_t_shift_by_arm_by_worst" name="e2e_tm_t_shift_by_arm_by_worst_Starts_with_specified_label_arm_var_paramcd_worst_flag_var_aval_var_baseline_var_useNA_treatment_flag_var_add_total."/>
    <testcase time="0.0509999999999309" classname="shinytest2_tm_t_shift_by_arm_by_worst" name="e2e_tm_t_shift_by_arm_by_worst_Starts_with_specified_label_arm_var_paramcd_worst_flag_var_aval_var_baseline_var_useNA_treatment_flag_var_add_total."/>
    <testcase time="0.0509999999999309" classname="shinytest2_tm_t_shift_by_arm_by_worst" name="e2e_tm_t_shift_by_arm_by_worst_Starts_with_specified_label_arm_var_paramcd_worst_flag_var_aval_var_baseline_var_useNA_treatment_flag_var_add_total."/>
    <testcase time="0.0520000000001346" classname="shinytest2_tm_t_shift_by_arm_by_worst" name="e2e_tm_t_shift_by_arm_by_worst_Starts_with_specified_label_arm_var_paramcd_worst_flag_var_aval_var_baseline_var_useNA_treatment_flag_var_add_total."/>
    <testcase time="0.0519999999996799" classname="shinytest2_tm_t_shift_by_arm_by_worst" name="e2e_tm_t_shift_by_arm_by_worst_Starts_with_specified_label_arm_var_paramcd_worst_flag_var_aval_var_baseline_var_useNA_treatment_flag_var_add_total."/>
    <testcase time="0.0510000000003856" classname="shinytest2_tm_t_shift_by_arm_by_worst" name="e2e_tm_t_shift_by_arm_by_worst_Starts_with_specified_label_arm_var_paramcd_worst_flag_var_aval_var_baseline_var_useNA_treatment_flag_var_add_total."/>
    <testcase time="8.279" classname="shinytest2_tm_t_shift_by_arm_by_worst" name="e2e_tm_t_shift_by_arm_by_worst_Selecting_arm_var_changes_the_table_and_does_not_throw_validation_errors."/>
    <testcase time="0.0069999999996071" classname="shinytest2_tm_t_shift_by_arm_by_worst" name="e2e_tm_t_shift_by_arm_by_worst_Selecting_arm_var_changes_the_table_and_does_not_throw_validation_errors."/>
    <testcase time="7.38599999999997" classname="shinytest2_tm_t_shift_by_arm_by_worst" name="e2e_tm_t_shift_by_arm_by_worst_Deselection_of_arm_var_throws_validation_error."/>
    <testcase time="0.00600000000031287" classname="shinytest2_tm_t_shift_by_arm_by_worst" name="e2e_tm_t_shift_by_arm_by_worst_Deselection_of_arm_var_throws_validation_error."/>
    <testcase time="0.00599999999985812" classname="shinytest2_tm_t_shift_by_arm_by_worst" name="e2e_tm_t_shift_by_arm_by_worst_Deselection_of_arm_var_throws_validation_error."/>
    <testcase time="8.22200000000021" classname="shinytest2_tm_t_shift_by_arm_by_worst" name="e2e_tm_t_shift_by_arm_by_worst_Selecting_paramcd_changes_the_table_and_does_not_throw_validation_errors."/>
    <testcase time="0.0069999999996071" classname="shinytest2_tm_t_shift_by_arm_by_worst" name="e2e_tm_t_shift_by_arm_by_worst_Selecting_paramcd_changes_the_table_and_does_not_throw_validation_errors."/>
    <testcase time="7.44200000000001" classname="shinytest2_tm_t_shift_by_arm_by_worst" name="e2e_tm_t_shift_by_arm_by_worst_Deselection_of_paramcd_throws_validation_error."/>
    <testcase time="0.00700000000006185" classname="shinytest2_tm_t_shift_by_arm_by_worst" name="e2e_tm_t_shift_by_arm_by_worst_Deselection_of_paramcd_throws_validation_error."/>
    <testcase time="0.00600000000031287" classname="shinytest2_tm_t_shift_by_arm_by_worst" name="e2e_tm_t_shift_by_arm_by_worst_Deselection_of_paramcd_throws_validation_error."/>
    <testcase time="8.20899999999983" classname="shinytest2_tm_t_shift_by_arm_by_worst" name="e2e_tm_t_shift_by_arm_by_worst_Selecting_worst_flag_changes_the_table_and_does_not_throw_validation_errors."/>
    <testcase time="0.00599999999985812" classname="shinytest2_tm_t_shift_by_arm_by_worst" name="e2e_tm_t_shift_by_arm_by_worst_Selecting_worst_flag_changes_the_table_and_does_not_throw_validation_errors."/>
    <testcase time="7.36799999999994" classname="shinytest2_tm_t_shift_by_arm_by_worst" name="e2e_tm_t_shift_by_arm_by_worst_Deselection_of_worst_flag_throws_validation_error."/>
    <testcase time="0.00600000000031287" classname="shinytest2_tm_t_shift_by_arm_by_worst" name="e2e_tm_t_shift_by_arm_by_worst_Deselection_of_worst_flag_throws_validation_error."/>
    <testcase time="0.00599999999985812" classname="shinytest2_tm_t_shift_by_arm_by_worst" name="e2e_tm_t_shift_by_arm_by_worst_Deselection_of_worst_flag_throws_validation_error."/>
    <testcase time="8.02100000000019" classname="shinytest2_tm_t_shift_by_arm_by_worst" name="e2e_tm_t_shift_by_arm_by_worst_Selecting_aval_var_changes_the_table_and_does_not_throw_validation_errors."/>
    <testcase time="0.00599999999985812" classname="shinytest2_tm_t_shift_by_arm_by_worst" name="e2e_tm_t_shift_by_arm_by_worst_Selecting_aval_var_changes_the_table_and_does_not_throw_validation_errors."/>
    <testcase time="7.34799999999996" classname="shinytest2_tm_t_shift_by_arm_by_worst" name="e2e_tm_t_shift_by_arm_by_worst_Deselection_of_aval_var_throws_validation_error."/>
    <testcase time="0.00599999999985812" classname="shinytest2_tm_t_shift_by_arm_by_worst" name="e2e_tm_t_shift_by_arm_by_worst_Deselection_of_aval_var_throws_validation_error."/>
    <testcase time="0.00600000000031287" classname="shinytest2_tm_t_shift_by_arm_by_worst" name="e2e_tm_t_shift_by_arm_by_worst_Deselection_of_aval_var_throws_validation_error."/>
    <testcase time="7.904" classname="shinytest2_tm_t_shift_by_arm_by_worst" name="e2e_tm_t_shift_by_arm_by_worst_Selecting_baseline_var_changes_the_table_and_does_not_throw_validation_errors."/>
    <testcase time="0.00599999999985812" classname="shinytest2_tm_t_shift_by_arm_by_worst" name="e2e_tm_t_shift_by_arm_by_worst_Selecting_baseline_var_changes_the_table_and_does_not_throw_validation_errors."/>
    <testcase time="7.29500000000007" classname="shinytest2_tm_t_shift_by_arm_by_worst" name="e2e_tm_t_shift_by_arm_by_worst_Deselection_of_baseline_var_throws_validation_error."/>
    <testcase time="0.00599999999985812" classname="shinytest2_tm_t_shift_by_arm_by_worst" name="e2e_tm_t_shift_by_arm_by_worst_Deselection_of_baseline_var_throws_validation_error."/>
    <testcase time="0.00600000000031287" classname="shinytest2_tm_t_shift_by_arm_by_worst" name="e2e_tm_t_shift_by_arm_by_worst_Deselection_of_baseline_var_throws_validation_error."/>
  </testsuite>
  <testsuite name="shinytest2-tm_t_shift_by_grade" timestamp="2025-02-11T11:15:57Z" hostname="b8e80419198c" tests="28" skipped="0" failures="0" errors="0" time="81.198">
    <testcase time="8.68299999999999" classname="shinytest2_tm_t_shift_by_grade" name="e2e_tm_t_shift_by_grade_Module_initializes_in_teal_without_errors_and_produces_table_output."/>
    <testcase time="0.00599999999985812" classname="shinytest2_tm_t_shift_by_grade" name="e2e_tm_t_shift_by_grade_Module_initializes_in_teal_without_errors_and_produces_table_output."/>
    <testcase time="2.10300000000007" classname="shinytest2_tm_t_shift_by_grade" name="e2e_tm_t_shift_by_grade_Module_initializes_in_teal_without_errors_and_produces_table_output."/>
    <testcase time="8.42799999999988" classname="shinytest2_tm_t_shift_by_grade" name="e2e_tm_t_shift_by_grade_Starts_with_specified_label_arm_var_paramcd_worst_flag_var_anl_toxgrade_var_base_toxgrade_var_worst_flag_indicator_add_total_drop_arm_levels_code_missing_baseline."/>
    <testcase time="0.0949999999997999" classname="shinytest2_tm_t_shift_by_grade" name="e2e_tm_t_shift_by_grade_Starts_with_specified_label_arm_var_paramcd_worst_flag_var_anl_toxgrade_var_base_toxgrade_var_worst_flag_indicator_add_total_drop_arm_levels_code_missing_baseline."/>
    <testcase time="0.0520000000001346" classname="shinytest2_tm_t_shift_by_grade" name="e2e_tm_t_shift_by_grade_Starts_with_specified_label_arm_var_paramcd_worst_flag_var_anl_toxgrade_var_base_toxgrade_var_worst_flag_indicator_add_total_drop_arm_levels_code_missing_baseline."/>
    <testcase time="0.0509999999999309" classname="shinytest2_tm_t_shift_by_grade" name="e2e_tm_t_shift_by_grade_Starts_with_specified_label_arm_var_paramcd_worst_flag_var_anl_toxgrade_var_base_toxgrade_var_worst_flag_indicator_add_total_drop_arm_levels_code_missing_baseline."/>
    <testcase time="0.0520000000001346" classname="shinytest2_tm_t_shift_by_grade" name="e2e_tm_t_shift_by_grade_Starts_with_specified_label_arm_var_paramcd_worst_flag_var_anl_toxgrade_var_base_toxgrade_var_worst_flag_indicator_add_total_drop_arm_levels_code_missing_baseline."/>
    <testcase time="0.0520000000001346" classname="shinytest2_tm_t_shift_by_grade" name="e2e_tm_t_shift_by_grade_Starts_with_specified_label_arm_var_paramcd_worst_flag_var_anl_toxgrade_var_base_toxgrade_var_worst_flag_indicator_add_total_drop_arm_levels_code_missing_baseline."/>
    <testcase time="0.0509999999999309" classname="shinytest2_tm_t_shift_by_grade" name="e2e_tm_t_shift_by_grade_Starts_with_specified_label_arm_var_paramcd_worst_flag_var_anl_toxgrade_var_base_toxgrade_var_worst_flag_indicator_add_total_drop_arm_levels_code_missing_baseline."/>
    <testcase time="0.0520000000001346" classname="shinytest2_tm_t_shift_by_grade" name="e2e_tm_t_shift_by_grade_Starts_with_specified_label_arm_var_paramcd_worst_flag_var_anl_toxgrade_var_base_toxgrade_var_worst_flag_indicator_add_total_drop_arm_levels_code_missing_baseline."/>
    <testcase time="0.0519999999996799" classname="shinytest2_tm_t_shift_by_grade" name="e2e_tm_t_shift_by_grade_Starts_with_specified_label_arm_var_paramcd_worst_flag_var_anl_toxgrade_var_base_toxgrade_var_worst_flag_indicator_add_total_drop_arm_levels_code_missing_baseline."/>
    <testcase time="0.0509999999999309" classname="shinytest2_tm_t_shift_by_grade" name="e2e_tm_t_shift_by_grade_Starts_with_specified_label_arm_var_paramcd_worst_flag_var_anl_toxgrade_var_base_toxgrade_var_worst_flag_indicator_add_total_drop_arm_levels_code_missing_baseline."/>
    <testcase time="11.4480000000003" classname="shinytest2_tm_t_shift_by_grade" name="e2e_tm_t_shift_by_grade_Selecting_arm_var_changes_the_table_and_does_not_throw_validation_errors."/>
    <testcase time="0.00599999999985812" classname="shinytest2_tm_t_shift_by_grade" name="e2e_tm_t_shift_by_grade_Selecting_arm_var_changes_the_table_and_does_not_throw_validation_errors."/>
    <testcase time="9.28099999999995" classname="shinytest2_tm_t_shift_by_grade" name="e2e_tm_t_shift_by_grade_Deselection_of_arm_var_throws_validation_error."/>
    <testcase time="0.00599999999985812" classname="shinytest2_tm_t_shift_by_grade" name="e2e_tm_t_shift_by_grade_Deselection_of_arm_var_throws_validation_error."/>
    <testcase time="0.00600000000031287" classname="shinytest2_tm_t_shift_by_grade" name="e2e_tm_t_shift_by_grade_Deselection_of_arm_var_throws_validation_error."/>
    <testcase time="11.4580000000001" classname="shinytest2_tm_t_shift_by_grade" name="e2e_tm_t_shift_by_grade_Selecting_paramcd_changes_the_table_and_does_not_throw_validation_errors."/>
    <testcase time="0.00599999999985812" classname="shinytest2_tm_t_shift_by_grade" name="e2e_tm_t_shift_by_grade_Selecting_paramcd_changes_the_table_and_does_not_throw_validation_errors."/>
    <testcase time="9.48299999999972" classname="shinytest2_tm_t_shift_by_grade" name="e2e_tm_t_shift_by_grade_Deselection_of_paramcd_throws_validation_error."/>
    <testcase time="0.00600000000031287" classname="shinytest2_tm_t_shift_by_grade" name="e2e_tm_t_shift_by_grade_Deselection_of_paramcd_throws_validation_error."/>
    <testcase time="0.00700000000006185" classname="shinytest2_tm_t_shift_by_grade" name="e2e_tm_t_shift_by_grade_Deselection_of_paramcd_throws_validation_error."/>
    <testcase time="10.355" classname="shinytest2_tm_t_shift_by_grade" name="e2e_tm_t_shift_by_grade_Selecting_worst_flag_changes_the_table_and_does_not_throw_validation_errors."/>
    <testcase time="0.00599999999985812" classname="shinytest2_tm_t_shift_by_grade" name="e2e_tm_t_shift_by_grade_Selecting_worst_flag_changes_the_table_and_does_not_throw_validation_errors."/>
    <testcase time="9.38900000000012" classname="shinytest2_tm_t_shift_by_grade" name="e2e_tm_t_shift_by_grade_Deselection_of_worst_flag_throws_validation_error."/>
    <testcase time="0.0069999999996071" classname="shinytest2_tm_t_shift_by_grade" name="e2e_tm_t_shift_by_grade_Deselection_of_worst_flag_throws_validation_error."/>
    <testcase time="0.00600000000031287" classname="shinytest2_tm_t_shift_by_grade" name="e2e_tm_t_shift_by_grade_Deselection_of_worst_flag_throws_validation_error."/>
  </testsuite>
  <testsuite name="shinytest2-tm_t_smq" timestamp="2025-02-11T11:17:18Z" hostname="b8e80419198c" tests="25" skipped="0" failures="0" errors="0" time="62.514">
    <testcase time="6.79799999999977" classname="shinytest2_tm_t_smq" name="e2e_tm_t_smq_Module_initializes_in_teal_without_errors_and_produces_table_output."/>
    <testcase time="0.00600000000031287" classname="shinytest2_tm_t_smq" name="e2e_tm_t_smq_Module_initializes_in_teal_without_errors_and_produces_table_output."/>
    <testcase time="2.09899999999971" classname="shinytest2_tm_t_smq" name="e2e_tm_t_smq_Module_initializes_in_teal_without_errors_and_produces_table_output."/>
    <testcase time="6.84900000000016" classname="shinytest2_tm_t_smq" name="e2e_tm_t_smq_Starts_with_specified_label_arm_var_llt_baskets_sort_criteria_add_total_drop_arm_levels."/>
    <testcase time="0.0929999999998472" classname="shinytest2_tm_t_smq" name="e2e_tm_t_smq_Starts_with_specified_label_arm_var_llt_baskets_sort_criteria_add_total_drop_arm_levels."/>
    <testcase time="0.0530000000003383" classname="shinytest2_tm_t_smq" name="e2e_tm_t_smq_Starts_with_specified_label_arm_var_llt_baskets_sort_criteria_add_total_drop_arm_levels."/>
    <testcase time="0.0519999999996799" classname="shinytest2_tm_t_smq" name="e2e_tm_t_smq_Starts_with_specified_label_arm_var_llt_baskets_sort_criteria_add_total_drop_arm_levels."/>
    <testcase time="0.0520000000001346" classname="shinytest2_tm_t_smq" name="e2e_tm_t_smq_Starts_with_specified_label_arm_var_llt_baskets_sort_criteria_add_total_drop_arm_levels."/>
    <testcase time="0.0520000000001346" classname="shinytest2_tm_t_smq" name="e2e_tm_t_smq_Starts_with_specified_label_arm_var_llt_baskets_sort_criteria_add_total_drop_arm_levels."/>
    <testcase time="0.0519999999996799" classname="shinytest2_tm_t_smq" name="e2e_tm_t_smq_Starts_with_specified_label_arm_var_llt_baskets_sort_criteria_add_total_drop_arm_levels."/>
    <testcase time="8.04800000000023" classname="shinytest2_tm_t_smq" name="e2e_tm_t_smq_Selecting_arm_var_changes_the_table_and_does_not_throw_validation_errors."/>
    <testcase time="0.00700000000006185" classname="shinytest2_tm_t_smq" name="e2e_tm_t_smq_Selecting_arm_var_changes_the_table_and_does_not_throw_validation_errors."/>
    <testcase time="7.37599999999975" classname="shinytest2_tm_t_smq" name="e2e_tm_t_smq_Deselection_of_arm_var_throws_validation_error."/>
    <testcase time="0.00700000000006185" classname="shinytest2_tm_t_smq" name="e2e_tm_t_smq_Deselection_of_arm_var_throws_validation_error."/>
    <testcase time="0.00700000000006185" classname="shinytest2_tm_t_smq" name="e2e_tm_t_smq_Deselection_of_arm_var_throws_validation_error."/>
    <testcase time="8.20899999999983" classname="shinytest2_tm_t_smq" name="e2e_tm_t_smq_Selecting_paramcd_changes_the_table_and_does_not_throw_validation_errors."/>
    <testcase time="0.00700000000051659" classname="shinytest2_tm_t_smq" name="e2e_tm_t_smq_Selecting_paramcd_changes_the_table_and_does_not_throw_validation_errors."/>
    <testcase time="7.29099999999926" classname="shinytest2_tm_t_smq" name="e2e_tm_t_smq_Deselection_of_paramcd_throws_validation_error."/>
    <testcase time="0.00700000000051659" classname="shinytest2_tm_t_smq" name="e2e_tm_t_smq_Deselection_of_paramcd_throws_validation_error."/>
    <testcase time="0.00600000000031287" classname="shinytest2_tm_t_smq" name="e2e_tm_t_smq_Deselection_of_paramcd_throws_validation_error."/>
    <testcase time="8.02699999999913" classname="shinytest2_tm_t_smq" name="e2e_tm_t_smq_Selecting_worst_flag_changes_the_table_and_does_not_throw_validation_errors."/>
    <testcase time="0.00700000000051659" classname="shinytest2_tm_t_smq" name="e2e_tm_t_smq_Selecting_worst_flag_changes_the_table_and_does_not_throw_validation_errors."/>
    <testcase time="7.39599999999973" classname="shinytest2_tm_t_smq" name="e2e_tm_t_smq_Deselection_of_worst_flag_throws_validation_error."/>
    <testcase time="0.00600000000031287" classname="shinytest2_tm_t_smq" name="e2e_tm_t_smq_Deselection_of_worst_flag_throws_validation_error."/>
    <testcase time="0.0069999999996071" classname="shinytest2_tm_t_smq" name="e2e_tm_t_smq_Deselection_of_worst_flag_throws_validation_error."/>
  </testsuite>
  <testsuite name="shinytest2-tm_t_summary" timestamp="2025-02-11T11:18:21Z" hostname="b8e80419198c" tests="18" skipped="0" failures="0" errors="0" time="41.885">
    <testcase time="6.22699999999986" classname="shinytest2_tm_t_summary" name="e2e_tm_t_summary_Module_initializes_in_teal_without_errors_and_produces_table_output."/>
    <testcase time="0.00700000000051659" classname="shinytest2_tm_t_summary" name="e2e_tm_t_summary_Module_initializes_in_teal_without_errors_and_produces_table_output."/>
    <testcase time="2.08799999999974" classname="shinytest2_tm_t_summary" name="e2e_tm_t_summary_Module_initializes_in_teal_without_errors_and_produces_table_output."/>
    <testcase time="5.91399999999976" classname="shinytest2_tm_t_summary" name="e2e_tm_t_summary_Starts_with_specified_label_arm_var_summarize_vars_useNA_denominator."/>
    <testcase time="0.092000000000553" classname="shinytest2_tm_t_summary" name="e2e_tm_t_summary_Starts_with_specified_label_arm_var_summarize_vars_useNA_denominator."/>
    <testcase time="0.0519999999996799" classname="shinytest2_tm_t_summary" name="e2e_tm_t_summary_Starts_with_specified_label_arm_var_summarize_vars_useNA_denominator."/>
    <testcase time="0.0520000000005894" classname="shinytest2_tm_t_summary" name="e2e_tm_t_summary_Starts_with_specified_label_arm_var_summarize_vars_useNA_denominator."/>
    <testcase time="0.0519999999996799" classname="shinytest2_tm_t_summary" name="e2e_tm_t_summary_Starts_with_specified_label_arm_var_summarize_vars_useNA_denominator."/>
    <testcase time="7.01900000000023" classname="shinytest2_tm_t_summary" name="e2e_tm_t_summary_Selecting_arm_var_changes_the_table_and_does_not_throw_validation_errors."/>
    <testcase time="0.00599999999940337" classname="shinytest2_tm_t_summary" name="e2e_tm_t_summary_Selecting_arm_var_changes_the_table_and_does_not_throw_validation_errors."/>
    <testcase time="6.58600000000024" classname="shinytest2_tm_t_summary" name="e2e_tm_t_summary_Deselection_of_arm_var_throws_validation_error."/>
    <testcase time="0.0069999999996071" classname="shinytest2_tm_t_summary" name="e2e_tm_t_summary_Deselection_of_arm_var_throws_validation_error."/>
    <testcase time="0.00700000000051659" classname="shinytest2_tm_t_summary" name="e2e_tm_t_summary_Deselection_of_arm_var_throws_validation_error."/>
    <testcase time="7.04600000000028" classname="shinytest2_tm_t_summary" name="e2e_tm_t_summary_Selecting_summarize_vars_changes_the_table_and_does_not_throw_validation_errors."/>
    <testcase time="0.0069999999996071" classname="shinytest2_tm_t_summary" name="e2e_tm_t_summary_Selecting_summarize_vars_changes_the_table_and_does_not_throw_validation_errors."/>
    <testcase time="6.70799999999963" classname="shinytest2_tm_t_summary" name="e2e_tm_t_summary_Deselection_of_summarize_vars_throws_validation_error."/>
    <testcase time="0.00700000000051659" classname="shinytest2_tm_t_summary" name="e2e_tm_t_summary_Deselection_of_summarize_vars_throws_validation_error."/>
    <testcase time="0.00799999999981083" classname="shinytest2_tm_t_summary" name="e2e_tm_t_summary_Deselection_of_summarize_vars_throws_validation_error."/>
  </testsuite>
  <testsuite name="shinytest2-tm_t_summary_by" timestamp="2025-02-11T11:19:03Z" hostname="b8e80419198c" tests="33" skipped="0" failures="0" errors="0" time="84.468">
    <testcase time="7.1880000000001" classname="shinytest2_tm_t_summary_by" name="e2e_tm_t_summary_by_Module_initializes_in_teal_without_errors_and_produces_table_output."/>
    <testcase time="0.0069999999996071" classname="shinytest2_tm_t_summary_by" name="e2e_tm_t_summary_by_Module_initializes_in_teal_without_errors_and_produces_table_output."/>
    <testcase time="2.11000000000058" classname="shinytest2_tm_t_summary_by" name="e2e_tm_t_summary_by_Module_initializes_in_teal_without_errors_and_produces_table_output."/>
    <testcase time="7.27300000000014" classname="shinytest2_tm_t_summary_by" name="e2e_tm_t_summary_by_Starts_with_specified_label_arm_var_paramcd_by_vars_summarize_vars_useNA_numeric_stats_add_total_parallel_vars_row_groups_drop_zero_levels."/>
    <testcase time="0.0949999999993452" classname="shinytest2_tm_t_summary_by" name="e2e_tm_t_summary_by_Starts_with_specified_label_arm_var_paramcd_by_vars_summarize_vars_useNA_numeric_stats_add_total_parallel_vars_row_groups_drop_zero_levels."/>
    <testcase time="0.0529999999998836" classname="shinytest2_tm_t_summary_by" name="e2e_tm_t_summary_by_Starts_with_specified_label_arm_var_paramcd_by_vars_summarize_vars_useNA_numeric_stats_add_total_parallel_vars_row_groups_drop_zero_levels."/>
    <testcase time="0.0520000000005894" classname="shinytest2_tm_t_summary_by" name="e2e_tm_t_summary_by_Starts_with_specified_label_arm_var_paramcd_by_vars_summarize_vars_useNA_numeric_stats_add_total_parallel_vars_row_groups_drop_zero_levels."/>
    <testcase time="0.0519999999996799" classname="shinytest2_tm_t_summary_by" name="e2e_tm_t_summary_by_Starts_with_specified_label_arm_var_paramcd_by_vars_summarize_vars_useNA_numeric_stats_add_total_parallel_vars_row_groups_drop_zero_levels."/>
    <testcase time="0.0519999999996799" classname="shinytest2_tm_t_summary_by" name="e2e_tm_t_summary_by_Starts_with_specified_label_arm_var_paramcd_by_vars_summarize_vars_useNA_numeric_stats_add_total_parallel_vars_row_groups_drop_zero_levels."/>
    <testcase time="0.0520000000005894" classname="shinytest2_tm_t_summary_by" name="e2e_tm_t_summary_by_Starts_with_specified_label_arm_var_paramcd_by_vars_summarize_vars_useNA_numeric_stats_add_total_parallel_vars_row_groups_drop_zero_levels."/>
    <testcase time="0.0529999999998836" classname="shinytest2_tm_t_summary_by" name="e2e_tm_t_summary_by_Starts_with_specified_label_arm_var_paramcd_by_vars_summarize_vars_useNA_numeric_stats_add_total_parallel_vars_row_groups_drop_zero_levels."/>
    <testcase time="0.0519999999996799" classname="shinytest2_tm_t_summary_by" name="e2e_tm_t_summary_by_Starts_with_specified_label_arm_var_paramcd_by_vars_summarize_vars_useNA_numeric_stats_add_total_parallel_vars_row_groups_drop_zero_levels."/>
    <testcase time="0.0529999999998836" classname="shinytest2_tm_t_summary_by" name="e2e_tm_t_summary_by_Starts_with_specified_label_arm_var_paramcd_by_vars_summarize_vars_useNA_numeric_stats_add_total_parallel_vars_row_groups_drop_zero_levels."/>
    <testcase time="0.0530000000007931" classname="shinytest2_tm_t_summary_by" name="e2e_tm_t_summary_by_Starts_with_specified_label_arm_var_paramcd_by_vars_summarize_vars_useNA_numeric_stats_add_total_parallel_vars_row_groups_drop_zero_levels."/>
    <testcase time="9.17799999999988" classname="shinytest2_tm_t_summary_by" name="e2e_tm_t_summary_by_Selecting_arm_var_changes_the_table_and_does_not_throw_validation_errors."/>
    <testcase time="0.0069999999996071" classname="shinytest2_tm_t_summary_by" name="e2e_tm_t_summary_by_Selecting_arm_var_changes_the_table_and_does_not_throw_validation_errors."/>
    <testcase time="7.8090000000002" classname="shinytest2_tm_t_summary_by" name="e2e_tm_t_summary_by_Deselection_of_arm_var_throws_validation_error."/>
    <testcase time="0.00900000000001455" classname="shinytest2_tm_t_summary_by" name="e2e_tm_t_summary_by_Deselection_of_arm_var_throws_validation_error."/>
    <testcase time="0.0069999999996071" classname="shinytest2_tm_t_summary_by" name="e2e_tm_t_summary_by_Deselection_of_arm_var_throws_validation_error."/>
    <testcase time="8.93000000000029" classname="shinytest2_tm_t_summary_by" name="e2e_tm_t_summary_by_Selecting_arm_var_changes_the_table_and_does_not_throw_validation_errors."/>
    <testcase time="0.00600000000031287" classname="shinytest2_tm_t_summary_by" name="e2e_tm_t_summary_by_Selecting_arm_var_changes_the_table_and_does_not_throw_validation_errors."/>
    <testcase time="7.92799999999988" classname="shinytest2_tm_t_summary_by" name="e2e_tm_t_summary_by_Deselection_of_arm_var_throws_validation_error."/>
    <testcase time="0.00599999999940337" classname="shinytest2_tm_t_summary_by" name="e2e_tm_t_summary_by_Deselection_of_arm_var_throws_validation_error."/>
    <testcase time="0.00600000000031287" classname="shinytest2_tm_t_summary_by" name="e2e_tm_t_summary_by_Deselection_of_arm_var_throws_validation_error."/>
    <testcase time="8.35500000000047" classname="shinytest2_tm_t_summary_by" name="e2e_tm_t_summary_by_Selecting_arm_var_changes_the_table_and_does_not_throw_validation_errors."/>
    <testcase time="0.0069999999996071" classname="shinytest2_tm_t_summary_by" name="e2e_tm_t_summary_by_Selecting_arm_var_changes_the_table_and_does_not_throw_validation_errors."/>
    <testcase time="8.50600000000031" classname="shinytest2_tm_t_summary_by" name="e2e_tm_t_summary_by_Deselection_of_arm_var_changes_the_table_and_does_not_throw_validation_errors."/>
    <testcase time="0.0069999999996071" classname="shinytest2_tm_t_summary_by" name="e2e_tm_t_summary_by_Deselection_of_arm_var_changes_the_table_and_does_not_throw_validation_errors."/>
    <testcase time="8.78800000000047" classname="shinytest2_tm_t_summary_by" name="e2e_tm_t_summary_by_Selecting_summarize_vars_changes_the_table_and_does_not_throw_validation_errors."/>
    <testcase time="0.0069999999996071" classname="shinytest2_tm_t_summary_by" name="e2e_tm_t_summary_by_Selecting_summarize_vars_changes_the_table_and_does_not_throw_validation_errors."/>
    <testcase time="7.75399999999991" classname="shinytest2_tm_t_summary_by" name="e2e_tm_t_summary_by_Deselection_of_summarize_vars_throws_validation_error."/>
    <testcase time="0.00700000000051659" classname="shinytest2_tm_t_summary_by" name="e2e_tm_t_summary_by_Deselection_of_summarize_vars_throws_validation_error."/>
    <testcase time="0.00599999999940337" classname="shinytest2_tm_t_summary_by" name="e2e_tm_t_summary_by_Deselection_of_summarize_vars_throws_validation_error."/>
  </testsuite>
  <testsuite name="shinytest2-tm_t_tte" timestamp="2025-02-11T11:20:27Z" hostname="b8e80419198c" tests="32" skipped="0" failures="0" errors="0" time="70.452">
    <testcase time="7.58899999999994" classname="shinytest2_tm_t_tte" name="e2e_tm_t_tte_Module_initializes_in_teal_without_errors_and_produces_table_output."/>
    <testcase time="0.00600000000031287" classname="shinytest2_tm_t_tte" name="e2e_tm_t_tte_Module_initializes_in_teal_without_errors_and_produces_table_output."/>
    <testcase time="2.10599999999977" classname="shinytest2_tm_t_tte" name="e2e_tm_t_tte_Module_initializes_in_teal_without_errors_and_produces_table_output."/>
    <testcase time="7.34600000000046" classname="shinytest2_tm_t_tte" name="e2e_tm_t_tte_Starts_with_specified_label_paramcd_event_desc_var_arm_var_buckets_strata_var_time_points_pval_method_coxph_ties_coxph_conf_level_coxph_conf_level_survfit_conf_type_survfit_probs_survfit_compare_arms_combine_comp_arms."/>
    <testcase time="0.0879999999997381" classname="shinytest2_tm_t_tte" name="e2e_tm_t_tte_Starts_with_specified_label_paramcd_event_desc_var_arm_var_buckets_strata_var_time_points_pval_method_coxph_ties_coxph_conf_level_coxph_conf_level_survfit_conf_type_survfit_probs_survfit_compare_arms_combine_comp_arms."/>
    <testcase time="0.0529999999998836" classname="shinytest2_tm_t_tte" name="e2e_tm_t_tte_Starts_with_specified_label_paramcd_event_desc_var_arm_var_buckets_strata_var_time_points_pval_method_coxph_ties_coxph_conf_level_coxph_conf_level_survfit_conf_type_survfit_probs_survfit_compare_arms_combine_comp_arms."/>
    <testcase time="0.0529999999998836" classname="shinytest2_tm_t_tte" name="e2e_tm_t_tte_Starts_with_specified_label_paramcd_event_desc_var_arm_var_buckets_strata_var_time_points_pval_method_coxph_ties_coxph_conf_level_coxph_conf_level_survfit_conf_type_survfit_probs_survfit_compare_arms_combine_comp_arms."/>
    <testcase time="0.0529999999998836" classname="shinytest2_tm_t_tte" name="e2e_tm_t_tte_Starts_with_specified_label_paramcd_event_desc_var_arm_var_buckets_strata_var_time_points_pval_method_coxph_ties_coxph_conf_level_coxph_conf_level_survfit_conf_type_survfit_probs_survfit_compare_arms_combine_comp_arms."/>
    <testcase time="0.0529999999998836" classname="shinytest2_tm_t_tte" name="e2e_tm_t_tte_Starts_with_specified_label_paramcd_event_desc_var_arm_var_buckets_strata_var_time_points_pval_method_coxph_ties_coxph_conf_level_coxph_conf_level_survfit_conf_type_survfit_probs_survfit_compare_arms_combine_comp_arms."/>
    <testcase time="0.0530000000007931" classname="shinytest2_tm_t_tte" name="e2e_tm_t_tte_Starts_with_specified_label_paramcd_event_desc_var_arm_var_buckets_strata_var_time_points_pval_method_coxph_ties_coxph_conf_level_coxph_conf_level_survfit_conf_type_survfit_probs_survfit_compare_arms_combine_comp_arms."/>
    <testcase time="0.0529999999998836" classname="shinytest2_tm_t_tte" name="e2e_tm_t_tte_Starts_with_specified_label_paramcd_event_desc_var_arm_var_buckets_strata_var_time_points_pval_method_coxph_ties_coxph_conf_level_coxph_conf_level_survfit_conf_type_survfit_probs_survfit_compare_arms_combine_comp_arms."/>
    <testcase time="0.0519999999996799" classname="shinytest2_tm_t_tte" name="e2e_tm_t_tte_Starts_with_specified_label_paramcd_event_desc_var_arm_var_buckets_strata_var_time_points_pval_method_coxph_ties_coxph_conf_level_coxph_conf_level_survfit_conf_type_survfit_probs_survfit_compare_arms_combine_comp_arms."/>
    <testcase time="0.0519999999996799" classname="shinytest2_tm_t_tte" name="e2e_tm_t_tte_Starts_with_specified_label_paramcd_event_desc_var_arm_var_buckets_strata_var_time_points_pval_method_coxph_ties_coxph_conf_level_coxph_conf_level_survfit_conf_type_survfit_probs_survfit_compare_arms_combine_comp_arms."/>
    <testcase time="0.0520000000005894" classname="shinytest2_tm_t_tte" name="e2e_tm_t_tte_Starts_with_specified_label_paramcd_event_desc_var_arm_var_buckets_strata_var_time_points_pval_method_coxph_ties_coxph_conf_level_coxph_conf_level_survfit_conf_type_survfit_probs_survfit_compare_arms_combine_comp_arms."/>
    <testcase time="0.0519999999996799" classname="shinytest2_tm_t_tte" name="e2e_tm_t_tte_Starts_with_specified_label_paramcd_event_desc_var_arm_var_buckets_strata_var_time_points_pval_method_coxph_ties_coxph_conf_level_coxph_conf_level_survfit_conf_type_survfit_probs_survfit_compare_arms_combine_comp_arms."/>
    <testcase time="0.0529999999998836" classname="shinytest2_tm_t_tte" name="e2e_tm_t_tte_Starts_with_specified_label_paramcd_event_desc_var_arm_var_buckets_strata_var_time_points_pval_method_coxph_ties_coxph_conf_level_coxph_conf_level_survfit_conf_type_survfit_probs_survfit_compare_arms_combine_comp_arms."/>
    <testcase time="0.0529999999998836" classname="shinytest2_tm_t_tte" name="e2e_tm_t_tte_Starts_with_specified_label_paramcd_event_desc_var_arm_var_buckets_strata_var_time_points_pval_method_coxph_ties_coxph_conf_level_coxph_conf_level_survfit_conf_type_survfit_probs_survfit_compare_arms_combine_comp_arms."/>
    <testcase time="0.0530000000007931" classname="shinytest2_tm_t_tte" name="e2e_tm_t_tte_Starts_with_specified_label_paramcd_event_desc_var_arm_var_buckets_strata_var_time_points_pval_method_coxph_ties_coxph_conf_level_coxph_conf_level_survfit_conf_type_survfit_probs_survfit_compare_arms_combine_comp_arms."/>
    <testcase time="9.14899999999943" classname="shinytest2_tm_t_tte" name="e2e_tm_t_tte_Selecting_paramcd_changes_the_table_and_does_not_throw_validation_errors."/>
    <testcase time="0.00799999999981083" classname="shinytest2_tm_t_tte" name="e2e_tm_t_tte_Selecting_paramcd_changes_the_table_and_does_not_throw_validation_errors."/>
    <testcase time="8.16300000000047" classname="shinytest2_tm_t_tte" name="e2e_tm_t_tte_Deselection_of_paramcd_throws_validation_error."/>
    <testcase time="0.00599999999940337" classname="shinytest2_tm_t_tte" name="e2e_tm_t_tte_Deselection_of_paramcd_throws_validation_error."/>
    <testcase time="0.00700000000051659" classname="shinytest2_tm_t_tte" name="e2e_tm_t_tte_Deselection_of_paramcd_throws_validation_error."/>
    <testcase time="9.13000000000011" classname="shinytest2_tm_t_tte" name="e2e_tm_t_tte_Selecting_arm_var_changes_the_table_and_does_not_throw_validation_errors."/>
    <testcase time="0.0069999999996071" classname="shinytest2_tm_t_tte" name="e2e_tm_t_tte_Selecting_arm_var_changes_the_table_and_does_not_throw_validation_errors."/>
    <testcase time="8.17399999999998" classname="shinytest2_tm_t_tte" name="e2e_tm_t_tte_Deselection_of_arm_var_throws_validation_error."/>
    <testcase time="0.00700000000051659" classname="shinytest2_tm_t_tte" name="e2e_tm_t_tte_Deselection_of_arm_var_throws_validation_error."/>
    <testcase time="0.00599999999940337" classname="shinytest2_tm_t_tte" name="e2e_tm_t_tte_Deselection_of_arm_var_throws_validation_error."/>
    <testcase time="9.1260000000002" classname="shinytest2_tm_t_tte" name="e2e_tm_t_tte_Selecting_strata_var_changes_the_table_and_does_not_throw_validation_errors."/>
    <testcase time="0.00700000000051659" classname="shinytest2_tm_t_tte" name="e2e_tm_t_tte_Selecting_strata_var_changes_the_table_and_does_not_throw_validation_errors."/>
    <testcase time="8.83500000000004" classname="shinytest2_tm_t_tte" name="e2e_tm_t_tte_Deselection_of_strata_var_changes_the_table_and_throw_validation_errors."/>
    <testcase time="0.0069999999996071" classname="shinytest2_tm_t_tte" name="e2e_tm_t_tte_Deselection_of_strata_var_changes_the_table_and_throw_validation_errors."/>
  </testsuite>
  <testsuite name="string_ops" timestamp="2025-02-11T11:21:38Z" hostname="b8e80419198c" tests="1" skipped="0" failures="0" errors="0" time="0.11">
    <testcase time="0.109999999999673" classname="string_ops" name="_as_num_as_a_wide_interpretation_of_input_to_extract_numerics."/>
  </testsuite>
  <testsuite name="substitute_names" timestamp="2025-02-11T11:21:38Z" hostname="b8e80419198c" tests="9" skipped="0" failures="0" errors="0" time="0.068">
    <testcase time="0.0100000000002183" classname="substitute_names" name="substitute_q_works_as_expected"/>
    <testcase time="0.011000000000422" classname="substitute_names" name="substitute_q_fails_on_unquoted_call"/>
    <testcase time="0.00799999999981083" classname="substitute_names" name="h_subst_lhs_names_works_as_expected"/>
    <testcase time="0.00599999999940337" classname="substitute_names" name="substitute_lhs_names_works_as_expected_with_nested_expressions"/>
    <testcase time="0.00700000000051659" classname="substitute_names" name="substitute_lhs_names_does_not_lead_to_infinite_recursion"/>
    <testcase time="0.00600000000031287" classname="substitute_names" name="substitute_rhs_works_as_expected"/>
    <testcase time="0.0069999999996071" classname="substitute_names" name="substitute_names_works_as_expected"/>
    <testcase time="0.00600000000031287" classname="substitute_names" name="substitute_names_can_also_substitute_other_expressions_if_requested"/>
    <testcase time="0.0069999999996071" classname="substitute_names" name="substitute_names_works_as_expected_with_nested_expressions"/>
  </testsuite>
  <testsuite name="tm_a_gee" timestamp="2025-02-11T11:21:38Z" hostname="b8e80419198c" tests="8" skipped="0" failures="0" errors="0" time="0.18">
    <testcase time="0.0100000000002183" classname="tm_a_gee" name="template_a_gee_t_gee_cov_table_works_as_expected_with_default_input"/>
    <testcase time="0.0760000000000218" classname="tm_a_gee" name="template_a_gee_t_gee_cov_table_works_as_expected_with_default_input"/>
    <testcase time="0.00599999999940337" classname="tm_a_gee" name="template_a_gee_t_gee_coef_table_works_as_expected_with_default_input"/>
    <testcase time="0.0340000000005602" classname="tm_a_gee" name="template_a_gee_t_gee_coef_table_works_as_expected_with_default_input"/>
    <testcase time="0.00600000000031287" classname="tm_a_gee" name="template_a_gee_works_as_expected_with_non_default_reference_arm"/>
    <testcase time="0.0209999999997308" classname="tm_a_gee" name="template_a_gee_works_as_expected_with_non_default_reference_arm"/>
    <testcase time="0.00599999999940337" classname="tm_a_gee" name="template_a_gee_works_as_expected_when_arm_is_not_considered_in_the_model"/>
    <testcase time="0.0210000000006403" classname="tm_a_gee" name="template_a_gee_works_as_expected_when_arm_is_not_considered_in_the_model"/>
  </testsuite>
  <testsuite name="tm_a_mmrm" timestamp="2025-02-11T11:21:38Z" hostname="b8e80419198c" tests="10" skipped="0" failures="0" errors="0" time="0.15">
    <testcase time="0.0119999999997162" classname="tm_a_mmrm" name="template_fit_mmrm_works_as_expected_when_not_combining_comparison_arms"/>
    <testcase time="0.0219999999999345" classname="tm_a_mmrm" name="template_fit_mmrm_works_as_expected_when_not_combining_comparison_arms"/>
    <testcase time="0.00799999999981083" classname="tm_a_mmrm" name="template_fit_mmrm_works_as_expected_when_combining_combination_arms"/>
    <testcase time="0.0219999999999345" classname="tm_a_mmrm" name="template_fit_mmrm_works_as_expected_when_combining_combination_arms"/>
    <testcase time="0.00600000000031287" classname="tm_a_mmrm" name="template_mmrm_tables_works_as_expected"/>
    <testcase time="0.0219999999999345" classname="tm_a_mmrm" name="template_mmrm_tables_works_as_expected"/>
    <testcase time="0.00600000000031287" classname="tm_a_mmrm" name="template_mmrm_tables_works_as_expected_when_arm_is_not_considered_in_the_model"/>
    <testcase time="0.0230000000001382" classname="tm_a_mmrm" name="template_mmrm_tables_works_as_expected_when_arm_is_not_considered_in_the_model"/>
    <testcase time="0.00599999999940337" classname="tm_a_mmrm" name="template_mmrm_plots_works_as_expected"/>
    <testcase time="0.0230000000001382" classname="tm_a_mmrm" name="template_mmrm_plots_works_as_expected"/>
  </testsuite>
  <testsuite name="tm_g_ci" timestamp="2025-02-11T11:21:38Z" hostname="b8e80419198c" tests="8" skipped="0" failures="0" errors="0" time="0.123">
    <testcase time="0.011000000000422" classname="tm_g_ci" name="1._and_2._Mean_and_95_CIs_for_mean"/>
    <testcase time="0.0279999999993379" classname="tm_g_ci" name="1._and_2._Mean_and_95_CIs_for_mean"/>
    <testcase time="0.00700000000051659" classname="tm_g_ci" name="3._Confidence_Interval_Plot_using_different_stratification_variable_"/>
    <testcase time="0.0209999999997308" classname="tm_g_ci" name="3._Confidence_Interval_Plot_using_different_stratification_variable_"/>
    <testcase time="0.00700000000051659" classname="tm_g_ci" name="4._Median_and_95_CIs_for_median"/>
    <testcase time="0.0209999999997308" classname="tm_g_ci" name="4._Median_and_95_CIs_for_median"/>
    <testcase time="0.00600000000031287" classname="tm_g_ci" name="5._Using_different_alpha_level"/>
    <testcase time="0.0219999999999345" classname="tm_g_ci" name="5._Using_different_alpha_level"/>
  </testsuite>
  <testsuite name="tm_g_forest_rsp" timestamp="2025-02-11T11:21:38Z" hostname="b8e80419198c" tests="4" skipped="0" failures="0" errors="0" time="0.066">
    <testcase time="0.01299999999992" classname="tm_g_forest_rsp" name="template_forest_rsp_generates_correct_expressions"/>
    <testcase time="0.0219999999999345" classname="tm_g_forest_rsp" name="template_forest_rsp_generates_correct_expressions"/>
    <testcase time="0.00900000000001455" classname="tm_g_forest_rsp" name="template_forest_rsp_works_with_risk_difference_column_added"/>
    <testcase time="0.0219999999999345" classname="tm_g_forest_rsp" name="template_forest_rsp_works_with_risk_difference_column_added"/>
  </testsuite>
  <testsuite name="tm_g_forest_tte" timestamp="2025-02-11T11:21:38Z" hostname="b8e80419198c" tests="4" skipped="0" failures="0" errors="0" time="0.066">
    <testcase time="0.01299999999992" classname="tm_g_forest_tte" name="template_forest_tte_generates_correct_expressions"/>
    <testcase time="0.0219999999999345" classname="tm_g_forest_tte" name="template_forest_tte_generates_correct_expressions"/>
    <testcase time="0.00900000000001455" classname="tm_g_forest_tte" name="template_forest_tte_works_with_risk_difference_column_added"/>
    <testcase time="0.0219999999999345" classname="tm_g_forest_tte" name="template_forest_tte_works_with_risk_difference_column_added"/>
  </testsuite>
  <testsuite name="tm_g_ipp" timestamp="2025-02-11T11:21:38Z" hostname="b8e80419198c" tests="4" skipped="0" failures="0" errors="0" time="0.066">
    <testcase time="0.011000000000422" classname="tm_g_ipp" name="template_g_ipp_works_as_expected_with_default_arguments"/>
    <testcase time="0.0209999999997308" classname="tm_g_ipp" name="template_g_ipp_works_as_expected_with_default_arguments"/>
    <testcase time="0.0069999999996071" classname="tm_g_ipp" name="template_g_ipp_works_as_expected_with_non_default_arguments"/>
    <testcase time="0.0270000000000437" classname="tm_g_ipp" name="template_g_ipp_works_as_expected_with_non_default_arguments"/>
  </testsuite>
  <testsuite name="tm_g_km" timestamp="2025-02-11T11:21:38Z" hostname="b8e80419198c" tests="6" skipped="0" failures="0" errors="0" time="0.093">
    <testcase time="0.0120000000006257" classname="tm_g_km" name="template_g_km_works_as_expected_with_default_arguments"/>
    <testcase time="0.0219999999999345" classname="tm_g_km" name="template_g_km_works_as_expected_with_default_arguments"/>
    <testcase time="0.0069999999996071" classname="tm_g_km" name="template_g_km_gives_correct_data_expression_when_we_want_to_compare_versus_reference_arms"/>
    <testcase time="0.0219999999999345" classname="tm_g_km" name="template_g_km_gives_correct_data_expression_when_we_want_to_compare_versus_reference_arms"/>
    <testcase time="0.00799999999981083" classname="tm_g_km" name="template_g_km_gives_correct_data_expression_when_we_want_to_combine_comparison_arms"/>
    <testcase time="0.0219999999999345" classname="tm_g_km" name="template_g_km_gives_correct_data_expression_when_we_want_to_combine_comparison_arms"/>
  </testsuite>
  <testsuite name="tm_g_lineplot" timestamp="2025-02-11T11:21:38Z" hostname="b8e80419198c" tests="4" skipped="0" failures="0" errors="0" time="0.061">
    <testcase time="0.011000000000422" classname="tm_g_lineplot" name="template_g_lineplot_works_as_expected_with_default_arguments"/>
    <testcase time="0.0219999999999345" classname="tm_g_lineplot" name="template_g_lineplot_works_as_expected_with_default_arguments"/>
    <testcase time="0.00600000000031287" classname="tm_g_lineplot" name="template_g_lineplot_gives_correct_data_expression_with_custom_arguments"/>
    <testcase time="0.0219999999999345" classname="tm_g_lineplot" name="template_g_lineplot_gives_correct_data_expression_with_custom_arguments"/>
  </testsuite>
  <testsuite name="tm_t_abnormality" timestamp="2025-02-11T11:21:38Z" hostname="b8e80419198c" tests="6" skipped="0" failures="0" errors="0" time="0.098">
    <testcase time="0.0119999999997162" classname="tm_t_abnormality" name="template_abnormality_generates_correct_expressions_with_default_arguments"/>
    <testcase time="0.0219999999999345" classname="tm_t_abnormality" name="template_abnormality_generates_correct_expressions_with_default_arguments"/>
    <testcase time="0.00900000000001455" classname="tm_t_abnormality" name="template_abnormality_generates_correct_expressions_with_custom_arguments"/>
    <testcase time="0.024000000000342" classname="tm_t_abnormality" name="template_abnormality_generates_correct_expressions_with_custom_arguments"/>
    <testcase time="0.00799999999981083" classname="tm_t_abnormality" name="template_abnormality_generates_correct_expressions_with_customized_na_level"/>
    <testcase time="0.0230000000001382" classname="tm_t_abnormality" name="template_abnormality_generates_correct_expressions_with_customized_na_level"/>
  </testsuite>
  <testsuite name="tm_t_abnormality_by_worst_grade" timestamp="2025-02-11T11:21:39Z" hostname="b8e80419198c" tests="5" skipped="0" failures="0" errors="0" time="0.083">
    <testcase time="0.0119999999997162" classname="tm_t_abnormality_by_worst_grade" name="template_abnormality_by_worst_grade_generates_correct_expressions_with_default_arguments"/>
    <testcase time="0.0280000000002474" classname="tm_t_abnormality_by_worst_grade" name="template_abnormality_by_worst_grade_generates_correct_expressions_with_default_arguments"/>
    <testcase time="0.00799999999981083" classname="tm_t_abnormality_by_worst_grade" name="template_abnormality_by_worst_grade_generates_correct_expressions_with_custom_arguments"/>
    <testcase time="0.0219999999999345" classname="tm_t_abnormality_by_worst_grade" name="template_abnormality_by_worst_grade_generates_correct_expressions_with_custom_arguments"/>
    <testcase time="0.01299999999992" classname="tm_t_abnormality_by_worst_grade" name="template_abnormality_by_worst_grade_throws_an_error_when_ATOXGR_contains_NA_values"/>
  </testsuite>
  <testsuite name="tm_t_ancova" timestamp="2025-02-11T11:21:39Z" hostname="b8e80419198c" tests="14" skipped="0" failures="0" errors="0" time="0.22">
    <testcase time="0.0140000000001237" classname="tm_t_ancova" name="template_ancova_generates_expressions_with_multiple_endpoints"/>
    <testcase time="0.0219999999999345" classname="tm_t_ancova" name="template_ancova_generates_expressions_with_multiple_endpoints"/>
    <testcase time="0.00900000000001455" classname="tm_t_ancova" name="template_ancova_generates_expressions_with_multiple_endpoints_with_combined_comparison_arms"/>
    <testcase time="0.0219999999999345" classname="tm_t_ancova" name="template_ancova_generates_expressions_with_multiple_endpoints_with_combined_comparison_arms"/>
    <testcase time="0.00900000000001455" classname="tm_t_ancova" name="template_ancova_generates_expressions_with_multiple_endpoints_with_combined_reference_arms"/>
    <testcase time="0.0219999999999345" classname="tm_t_ancova" name="template_ancova_generates_expressions_with_multiple_endpoints_with_combined_reference_arms"/>
    <testcase time="0.00799999999981083" classname="tm_t_ancova" name="template_ancova_generates_expressions_with_single_endpoint"/>
    <testcase time="0.0219999999999345" classname="tm_t_ancova" name="template_ancova_generates_expressions_with_single_endpoint"/>
    <testcase time="0.00800000000072032" classname="tm_t_ancova" name="template_ancova_generates_expressions_with_multiple_endpoints"/>
    <testcase time="0.0219999999999345" classname="tm_t_ancova" name="template_ancova_generates_expressions_with_multiple_endpoints"/>
    <testcase time="0.00900000000001455" classname="tm_t_ancova" name="template_ancova_generates_expressions_with_discrete_interaction_variable"/>
    <testcase time="0.0219999999999345" classname="tm_t_ancova" name="template_ancova_generates_expressions_with_discrete_interaction_variable"/>
    <testcase time="0.00799999999981083" classname="tm_t_ancova" name="template_ancova_generates_expressions_with_continuous_interaction_variable"/>
    <testcase time="0.0230000000001382" classname="tm_t_ancova" name="template_ancova_generates_expressions_with_continuous_interaction_variable"/>
  </testsuite>
  <testsuite name="tm_t_binary_outcome" timestamp="2025-02-11T11:21:39Z" hostname="b8e80419198c" tests="16" skipped="0" failures="0" errors="0" time="0.256">
    <testcase time="0.0209999999997308" classname="tm_t_binary_outcome" name="template_binary_outcome_generates_standard_expressions"/>
    <testcase time="0.0219999999999345" classname="tm_t_binary_outcome" name="template_binary_outcome_generates_standard_expressions"/>
    <testcase time="0.00799999999981083" classname="tm_t_binary_outcome" name="template_binary_outcome_generates_right_expressions_with_non_default"/>
    <testcase time="0.0230000000001382" classname="tm_t_binary_outcome" name="template_binary_outcome_generates_right_expressions_with_non_default"/>
    <testcase time="0.00799999999981083" classname="tm_t_binary_outcome" name="template_binary_outcome_generates_expression_without_arm_comparison"/>
    <testcase time="0.0219999999999345" classname="tm_t_binary_outcome" name="template_binary_outcome_generates_expression_without_arm_comparison"/>
    <testcase time="0.00900000000001455" classname="tm_t_binary_outcome" name="template_binary_outcome_generates_expression_with_non_default_controls_and_strata."/>
    <testcase time="0.0230000000001382" classname="tm_t_binary_outcome" name="template_binary_outcome_generates_expression_with_non_default_controls_and_strata."/>
    <testcase time="0.00900000000001455" classname="tm_t_binary_outcome" name="template_binary_outcome_can_combine_comparison_arms"/>
    <testcase time="0.0230000000001382" classname="tm_t_binary_outcome" name="template_binary_outcome_can_combine_comparison_arms"/>
    <testcase time="0.00700000000051659" classname="tm_t_binary_outcome" name="template_binary_outcome_can_combine_comparison_arms_when_compare_arms_is_FALSE"/>
    <testcase time="0.0219999999999345" classname="tm_t_binary_outcome" name="template_binary_outcome_can_combine_comparison_arms_when_compare_arms_is_FALSE"/>
    <testcase time="0.00599999999940337" classname="tm_t_binary_outcome" name="split_col_expr_prepare_the_right_four_possible_expressions"/>
    <testcase time="0.0210000000006403" classname="tm_t_binary_outcome" name="split_col_expr_prepare_the_right_four_possible_expressions"/>
    <testcase time="0.00999999999930878" classname="tm_t_binary_outcome" name="template_binary_outcome_can_combine_refs"/>
    <testcase time="0.0219999999999345" classname="tm_t_binary_outcome" name="template_binary_outcome_can_combine_refs"/>
  </testsuite>
  <testsuite name="tm_t_coxreg" timestamp="2025-02-11T11:21:39Z" hostname="b8e80419198c" tests="6" skipped="0" failures="0" errors="0" time="0.101">
    <testcase time="0.0120000000006257" classname="tm_t_coxreg" name="template_coxreg_generates_correct_univariate_cox_regression_expressions"/>
    <testcase time="0.0230000000001382" classname="tm_t_coxreg" name="template_coxreg_generates_correct_univariate_cox_regression_expressions"/>
    <testcase time="0.0139999999992142" classname="tm_t_coxreg" name="template_coxreg_generates_correct_univariate_cox_regression_expressions_with_interactions"/>
    <testcase time="0.0219999999999345" classname="tm_t_coxreg" name="template_coxreg_generates_correct_univariate_cox_regression_expressions_with_interactions"/>
    <testcase time="0.00800000000072032" classname="tm_t_coxreg" name="template_coxreg_generates_correct_multivariate_cox_regression_expressions"/>
    <testcase time="0.0219999999999345" classname="tm_t_coxreg" name="template_coxreg_generates_correct_multivariate_cox_regression_expressions"/>
  </testsuite>
  <testsuite name="tm_t_events" timestamp="2025-02-11T11:21:39Z" hostname="b8e80419198c" tests="12" skipped="0" failures="0" errors="0" time="0.197">
    <testcase time="0.0140000000001237" classname="tm_t_events" name="template_events_generates_correct_expressions"/>
    <testcase time="0.0270000000000437" classname="tm_t_events" name="template_events_generates_correct_expressions"/>
    <testcase time="0.00900000000001455" classname="tm_t_events" name="template_events_generates_correct_expressions_for_nested_columns"/>
    <testcase time="0.0219999999999345" classname="tm_t_events" name="template_events_generates_correct_expressions_for_nested_columns"/>
    <testcase time="0.00799999999981083" classname="tm_t_events" name="template_events_can_generate_customized_table"/>
    <testcase time="0.0219999999999345" classname="tm_t_events" name="template_events_can_generate_customized_table"/>
    <testcase time="0.00799999999981083" classname="tm_t_events" name="template_events_can_generate_customized_table_with_alphabetical_sorting"/>
    <testcase time="0.0219999999999345" classname="tm_t_events" name="template_events_can_generate_customized_table_with_alphabetical_sorting"/>
    <testcase time="0.00900000000001455" classname="tm_t_events" name="template_events_can_generate_customized_table_with_pruning"/>
    <testcase time="0.0230000000001382" classname="tm_t_events" name="template_events_can_generate_customized_table_with_pruning"/>
    <testcase time="0.0100000000002183" classname="tm_t_events" name="template_events_can_generate_customized_table_with_pruning_for_nested_column"/>
    <testcase time="0.0229999999992287" classname="tm_t_events" name="template_events_can_generate_customized_table_with_pruning_for_nested_column"/>
  </testsuite>
  <testsuite name="tm_t_events_by_grade" timestamp="2025-02-11T11:21:39Z" hostname="b8e80419198c" tests="16" skipped="0" failures="0" errors="0" time="0.267">
    <testcase time="0.0140000000001237" classname="tm_t_events_by_grade" name="template_events_by_grade_generates_standard_expressions"/>
    <testcase time="0.0290000000004511" classname="tm_t_events_by_grade" name="template_events_by_grade_generates_standard_expressions"/>
    <testcase time="0.00900000000001455" classname="tm_t_events_by_grade" name="template_events_by_grade_generates_standard_expressions_with_pruning_conditions"/>
    <testcase time="0.0230000000001382" classname="tm_t_events_by_grade" name="template_events_by_grade_generates_standard_expressions_with_pruning_conditions"/>
    <testcase time="0.00799999999981083" classname="tm_t_events_by_grade" name="template_events_by_grade_without_adding_total_column_option_works_as_expected"/>
    <testcase time="0.0230000000001382" classname="tm_t_events_by_grade" name="template_events_by_grade_without_adding_total_column_option_works_as_expected"/>
    <testcase time="0.00799999999981083" classname="tm_t_events_by_grade" name="template_events_by_grade_with_hlt_only_works"/>
    <testcase time="0.0230000000001382" classname="tm_t_events_by_grade" name="template_events_by_grade_with_hlt_only_works"/>
    <testcase time="0.0109999999995125" classname="tm_t_events_by_grade" name="template_events_col_by_grade_generates_standard_expressions"/>
    <testcase time="0.0230000000001382" classname="tm_t_events_by_grade" name="template_events_col_by_grade_generates_standard_expressions"/>
    <testcase time="0.0100000000002183" classname="tm_t_events_by_grade" name="template_events_col_by_grade_works_with_custom_values"/>
    <testcase time="0.0230000000001382" classname="tm_t_events_by_grade" name="template_events_col_by_grade_works_with_custom_values"/>
    <testcase time="0.00900000000001455" classname="tm_t_events_by_grade" name="template_events_col_by_grade_without_adding_total_column_option_works_as_expected"/>
    <testcase time="0.0230000000001382" classname="tm_t_events_by_grade" name="template_events_col_by_grade_without_adding_total_column_option_works_as_expected"/>
    <testcase time="0.00900000000001455" classname="tm_t_events_by_grade" name="template_events_col_by_grade_without_dropping_arm_levels_option_works_as_expected"/>
    <testcase time="0.0219999999999345" classname="tm_t_events_by_grade" name="template_events_col_by_grade_without_dropping_arm_levels_option_works_as_expected"/>
  </testsuite>
  <testsuite name="tm_t_events_patyear" timestamp="2025-02-11T11:21:40Z" hostname="b8e80419198c" tests="6" skipped="0" failures="0" errors="0" time="0.1">
    <testcase time="0.01299999999992" classname="tm_t_events_patyear" name="template_events_patyear_generates_standard_expressions"/>
    <testcase time="0.0219999999999345" classname="tm_t_events_patyear" name="template_events_patyear_generates_standard_expressions"/>
    <testcase time="0.00799999999981083" classname="tm_t_events_patyear" name="template_events_patyear_generates_right_expressions_with_non_default"/>
    <testcase time="0.0270000000000437" classname="tm_t_events_patyear" name="template_events_patyear_generates_right_expressions_with_non_default"/>
    <testcase time="0.00900000000001455" classname="tm_t_events_patyear" name="template_events_patyear_generates_right_expressions_with_non_default_controls"/>
    <testcase time="0.0209999999997308" classname="tm_t_events_patyear" name="template_events_patyear_generates_right_expressions_with_non_default_controls"/>
  </testsuite>
  <testsuite name="tm_t_events_summary" timestamp="2025-02-11T11:21:40Z" hostname="b8e80419198c" tests="4" skipped="0" failures="0" errors="0" time="0.066">
    <testcase time="0.01299999999992" classname="tm_t_events_summary" name="template_events_summary_generates_minimal_table"/>
    <testcase time="0.0219999999999345" classname="tm_t_events_summary" name="template_events_summary_generates_minimal_table"/>
    <testcase time="0.00900000000001455" classname="tm_t_events_summary" name="template_events_summary_generates_table_with_multiple_flags"/>
    <testcase time="0.0219999999999345" classname="tm_t_events_summary" name="template_events_summary_generates_table_with_multiple_flags"/>
  </testsuite>
  <testsuite name="tm_t_exposure" timestamp="2025-02-11T11:21:40Z" hostname="b8e80419198c" tests="6" skipped="0" failures="0" errors="0" time="0.089">
    <testcase time="0.011000000000422" classname="tm_t_exposure" name="template_exposure_generates_correct_expressions_with_default_arguments"/>
    <testcase time="0.0209999999997308" classname="tm_t_exposure" name="template_exposure_generates_correct_expressions_with_default_arguments"/>
    <testcase time="0.00600000000031287" classname="tm_t_exposure" name="template_exposure_generates_correct_expressions_with_custom_arguments"/>
    <testcase time="0.0219999999999345" classname="tm_t_exposure" name="template_exposure_generates_correct_expressions_with_custom_arguments"/>
    <testcase time="0.0069999999996071" classname="tm_t_exposure" name="template_exposure_generates_correct_expressions_with_paramcd_label"/>
    <testcase time="0.0219999999999345" classname="tm_t_exposure" name="template_exposure_generates_correct_expressions_with_paramcd_label"/>
  </testsuite>
  <testsuite name="tm_t_logisitic" timestamp="2025-02-11T11:21:40Z" hostname="b8e80419198c" tests="6" skipped="0" failures="0" errors="0" time="0.1">
    <testcase time="0.0120000000006257" classname="tm_t_logisitic" name="template_logistic_generates_correct_expressions"/>
    <testcase time="0.0229999999992287" classname="tm_t_logisitic" name="template_logistic_generates_correct_expressions"/>
    <testcase time="0.00600000000031287" classname="tm_t_logisitic" name="template_logistic_generates_correct_expressions_for_no_arm_variable"/>
    <testcase time="0.0230000000001382" classname="tm_t_logisitic" name="template_logistic_generates_correct_expressions_for_no_arm_variable"/>
    <testcase time="0.00799999999981083" classname="tm_t_logisitic" name="template_logistic_generates_correct_expressions"/>
    <testcase time="0.0280000000002474" classname="tm_t_logisitic" name="template_logistic_generates_correct_expressions"/>
  </testsuite>
  <testsuite name="tm_t_mult_events" timestamp="2025-02-11T11:21:40Z" hostname="b8e80419198c" tests="12" skipped="0" failures="0" errors="0" time="0.188">
    <testcase time="0.0140000000001237" classname="tm_t_mult_events" name="template_mult_events_generates_correct_expressions_with_1_HLT_parameter"/>
    <testcase time="0.0209999999997308" classname="tm_t_mult_events" name="template_mult_events_generates_correct_expressions_with_1_HLT_parameter"/>
    <testcase time="0.00900000000001455" classname="tm_t_mult_events" name="template_mult_events_generates_correct_expressions_with_2_HLT_parameters_and_drop_arm_levels_FALSE"/>
    <testcase time="0.0219999999999345" classname="tm_t_mult_events" name="template_mult_events_generates_correct_expressions_with_2_HLT_parameters_and_drop_arm_levels_FALSE"/>
    <testcase time="0.00900000000001455" classname="tm_t_mult_events" name="template_mult_events_generates_correct_expressions_with_3_HLT_parameters"/>
    <testcase time="0.0219999999999345" classname="tm_t_mult_events" name="template_mult_events_generates_correct_expressions_with_3_HLT_parameters"/>
    <testcase time="0.00900000000001455" classname="tm_t_mult_events" name="template_mult_events_generates_correct_expressions_with_4_HLT_parameters"/>
    <testcase time="0.0219999999999345" classname="tm_t_mult_events" name="template_mult_events_generates_correct_expressions_with_4_HLT_parameters"/>
    <testcase time="0.00799999999981083" classname="tm_t_mult_events" name="template_mult_events_generates_correct_expressions_with_no_HLT_parameters"/>
    <testcase time="0.0219999999999345" classname="tm_t_mult_events" name="template_mult_events_generates_correct_expressions_with_no_HLT_parameters"/>
    <testcase time="0.00800000000072032" classname="tm_t_mult_events" name="template_mult_events_generates_correct_expressions_with_1_HLT_parameter_and_without_All_Patients_column"/>
    <testcase time="0.0219999999999345" classname="tm_t_mult_events" name="template_mult_events_generates_correct_expressions_with_1_HLT_parameter_and_without_All_Patients_column"/>
  </testsuite>
  <testsuite name="tm_t_pp_medical_history" timestamp="2025-02-11T11:21:40Z" hostname="b8e80419198c" tests="9" skipped="0" failures="0" errors="0" time="0.055">
    <testcase time="0.0109999999995125" classname="tm_t_pp_medical_history" name="template_medical_history_outputs_a_list_with_one_named_element"/>
    <testcase time="0.00200000000040745" classname="tm_t_pp_medical_history" name="template_medical_history_outputs_a_list_with_one_named_element"/>
    <testcase time="0.00199999999949796" classname="tm_t_pp_medical_history" name="template_medical_history_outputs_a_list_with_one_named_element"/>
    <testcase time="0.00200000000040745" classname="tm_t_pp_medical_history" name="template_medical_history_outputs_a_list_with_one_named_element"/>
    <testcase time="0.00600000000031287" classname="tm_t_pp_medical_history" name="template_medical_history_s_output_has_element_table_which_is_of_class_call"/>
    <testcase time="0.00299999999970169" classname="tm_t_pp_medical_history" name="template_medical_history_s_output_has_element_table_which_is_of_class_call"/>
    <testcase time="0.00500000000010914" classname="tm_t_pp_medical_history" name="template_medical_history_non_default_parameters"/>
    <testcase time="0.00199999999949796" classname="tm_t_pp_medical_history" name="template_medical_history_non_default_parameters"/>
    <testcase time="0.0219999999999345" classname="tm_t_pp_medical_history" name="template_medical_history_non_default_parameters"/>
  </testsuite>
  <testsuite name="tm_t_shift_by_arm" timestamp="2025-02-11T11:21:40Z" hostname="b8e80419198c" tests="6" skipped="0" failures="0" errors="0" time="0.094">
    <testcase time="0.0100000000002183" classname="tm_t_shift_by_arm" name="template_shift_by_arm_generates_correct_expressions_with_default_arguments"/>
    <testcase time="0.0280000000002474" classname="tm_t_shift_by_arm" name="template_shift_by_arm_generates_correct_expressions_with_default_arguments"/>
    <testcase time="0.00600000000031287" classname="tm_t_shift_by_arm" name="template_shift_by_arm_generates_correct_expressions_with_add_total_being_TRUE"/>
    <testcase time="0.0219999999999345" classname="tm_t_shift_by_arm" name="template_shift_by_arm_generates_correct_expressions_with_add_total_being_TRUE"/>
    <testcase time="0.00599999999940337" classname="tm_t_shift_by_arm" name="template_shift_by_arm_generates_correct_expressions_with_na.rm_being_TRUE"/>
    <testcase time="0.0219999999999345" classname="tm_t_shift_by_arm" name="template_shift_by_arm_generates_correct_expressions_with_na.rm_being_TRUE"/>
  </testsuite>
  <testsuite name="tm_t_shift_by_arm_by_worst" timestamp="2025-02-11T11:21:40Z" hostname="b8e80419198c" tests="6" skipped="0" failures="0" errors="0" time="0.087">
    <testcase time="0.0100000000002183" classname="tm_t_shift_by_arm_by_worst" name="template_shift_by_arm_generates_correct_expressions_with_default_arguments"/>
    <testcase time="0.0209999999997308" classname="tm_t_shift_by_arm_by_worst" name="template_shift_by_arm_generates_correct_expressions_with_default_arguments"/>
    <testcase time="0.00700000000051659" classname="tm_t_shift_by_arm_by_worst" name="template_shift_by_arm_generates_correct_expressions_with_add_total_being_TRUE"/>
    <testcase time="0.0209999999997308" classname="tm_t_shift_by_arm_by_worst" name="template_shift_by_arm_generates_correct_expressions_with_add_total_being_TRUE"/>
    <testcase time="0.00700000000051659" classname="tm_t_shift_by_arm_by_worst" name="template_shift_by_arm_generates_correct_expressions_with_na.rm_being_TRUE"/>
    <testcase time="0.0209999999997308" classname="tm_t_shift_by_arm_by_worst" name="template_shift_by_arm_generates_correct_expressions_with_na.rm_being_TRUE"/>
  </testsuite>
  <testsuite name="tm_t_shift_by_grade" timestamp="2025-02-11T11:21:40Z" hostname="b8e80419198c" tests="6" skipped="0" failures="0" errors="0" time="0.155">
    <testcase time="0.0140000000001237" classname="tm_t_shift_by_grade" name="template_shift_by_grade_generates_correct_expressions_with_default_arguments"/>
    <testcase time="0.0219999999999345" classname="tm_t_shift_by_grade" name="template_shift_by_grade_generates_correct_expressions_with_default_arguments"/>
    <testcase time="0.00900000000001455" classname="tm_t_shift_by_grade" name="template_shift_by_grade_generates_correct_expressions_with_custom_arguments"/>
    <testcase time="0.0249999999996362" classname="tm_t_shift_by_grade" name="template_shift_by_grade_generates_correct_expressions_with_custom_arguments"/>
    <testcase time="0.00799999999981083" classname="tm_t_shift_by_grade" name="template_shift_by_grade_throws_an_error_when_worst_flag_var_is_not_one_of_WGRLOVFL_WGRLOFL_WGRHIVFL_WGRHIFL"/>
    <testcase time="0.0770000000002256" classname="tm_t_shift_by_grade" name="template_shift_by_grade_keeps_the_same_number_of_missing_data_Missing_after_preprocessing"/>
  </testsuite>
  <testsuite name="tm_t_smq" timestamp="2025-02-11T11:21:41Z" hostname="b8e80419198c" tests="4" skipped="0" failures="0" errors="0" time="0.065">
    <testcase time="0.0150000000003274" classname="tm_t_smq" name="template_smq_generates_correct_expressions_with_default_arguments"/>
    <testcase time="0.0219999999999345" classname="tm_t_smq" name="template_smq_generates_correct_expressions_with_default_arguments"/>
    <testcase time="0.0069999999996071" classname="tm_t_smq" name="template_smq_generates_correct_expressions_with_custom_arguments"/>
    <testcase time="0.0209999999997308" classname="tm_t_smq" name="template_smq_generates_correct_expressions_with_custom_arguments"/>
  </testsuite>
  <testsuite name="tm_t_summary" timestamp="2025-02-11T11:21:41Z" hostname="b8e80419198c" tests="12" skipped="0" failures="0" errors="0" time="0.196">
    <testcase time="0.01299999999992" classname="tm_t_summary" name="template_summary_generates_correct_expressions"/>
    <testcase time="0.022000000000844" classname="tm_t_summary" name="template_summary_generates_correct_expressions"/>
    <testcase time="0.0069999999996071" classname="tm_t_summary" name="template_summary_can_generate_customized_table"/>
    <testcase time="0.0219999999999345" classname="tm_t_summary" name="template_summary_can_generate_customized_table"/>
    <testcase time="0.00799999999981083" classname="tm_t_summary" name="template_summary_generates_correct_expressions_for_multiple_grouping_variables"/>
    <testcase time="0.0230000000001382" classname="tm_t_summary" name="template_summary_generates_correct_expressions_for_multiple_grouping_variables"/>
    <testcase time="0.00900000000001455" classname="tm_t_summary" name="template_summary_generates_correct_expressions_for_multiple_grouping_variables_and_all_patients"/>
    <testcase time="0.0219999999999345" classname="tm_t_summary" name="template_summary_generates_correct_expressions_for_multiple_grouping_variables_and_all_patients"/>
    <testcase time="0.00900000000001455" classname="tm_t_summary" name="template_summary_generates_correct_expressions_for_customized_numeric_statistics"/>
    <testcase time="0.0219999999999345" classname="tm_t_summary" name="template_summary_generates_correct_expressions_for_customized_numeric_statistics"/>
    <testcase time="0.0100000000002183" classname="tm_t_summary" name="template_summary_generates_correct_expressions_when_arm_variable_labels_are_added"/>
    <testcase time="0.0289999999995416" classname="tm_t_summary" name="template_summary_generates_correct_expressions_when_arm_variable_labels_are_added"/>
  </testsuite>
  <testsuite name="tm_t_summary_by" timestamp="2025-02-11T11:21:41Z" hostname="b8e80419198c" tests="10" skipped="0" failures="0" errors="0" time="0.153">
    <testcase time="0.0120000000006257" classname="tm_t_summary_by" name="template_summary_by_generates_correct_expressions"/>
    <testcase time="0.0209999999997308" classname="tm_t_summary_by" name="template_summary_by_generates_correct_expressions"/>
    <testcase time="0.00799999999981083" classname="tm_t_summary_by" name="template_summary_by_generates_correct_expressions_when_parallel_vars_is_true"/>
    <testcase time="0.0210000000006403" classname="tm_t_summary_by" name="template_summary_by_generates_correct_expressions_when_parallel_vars_is_true"/>
    <testcase time="0.00799999999981083" classname="tm_t_summary_by" name="template_summary_by_generates_correct_expressions_when_row_groups_is_true"/>
    <testcase time="0.0219999999999345" classname="tm_t_summary_by" name="template_summary_by_generates_correct_expressions_when_row_groups_is_true"/>
    <testcase time="0.00799999999981083" classname="tm_t_summary_by" name="template_summary_by_generates_correct_expressions_for_customized_numeric_statistics"/>
    <testcase time="0.0219999999999345" classname="tm_t_summary_by" name="template_summary_by_generates_correct_expressions_for_customized_numeric_statistics"/>
    <testcase time="0.00799999999981083" classname="tm_t_summary_by" name="template_summary_by_generates_correct_expressions_for_drop_zero_levels_is_true"/>
    <testcase time="0.0230000000001382" classname="tm_t_summary_by" name="template_summary_by_generates_correct_expressions_for_drop_zero_levels_is_true"/>
  </testsuite>
  <testsuite name="tm_t_tte" timestamp="2025-02-11T11:21:41Z" hostname="b8e80419198c" tests="8" skipped="0" failures="0" errors="0" time="0.136">
    <testcase time="0.01299999999992" classname="tm_t_tte" name="template_tte_produces_healthy_standard_output"/>
    <testcase time="0.0230000000001382" classname="tm_t_tte" name="template_tte_produces_healthy_standard_output"/>
    <testcase time="0.00799999999981083" classname="tm_t_tte" name="template_tte_produces_correct_data_expression_when_not_comparing_arms"/>
    <testcase time="0.0219999999999345" classname="tm_t_tte" name="template_tte_produces_correct_data_expression_when_not_comparing_arms"/>
    <testcase time="0.00900000000001455" classname="tm_t_tte" name="template_tte_produces_correct_data_expression_when_comparing_and_combining_arms"/>
    <testcase time="0.0230000000001382" classname="tm_t_tte" name="template_tte_produces_correct_data_expression_when_comparing_and_combining_arms"/>
    <testcase time="0.0160000000005311" classname="tm_t_tte" name="template_tte_produces_correct_data_expression_when_comparing_arms"/>
    <testcase time="0.0219999999999345" classname="tm_t_tte" name="template_tte_produces_correct_data_expression_when_comparing_arms"/>
  </testsuite>
  <testsuite name="utils" timestamp="2025-02-11T11:21:41Z" hostname="b8e80419198c" tests="51" skipped="0" failures="0" errors="0" time="0.494">
    <testcase time="0.0109999999995125" classname="utils" name="h_concat_expr_returns_a_string_for_long_expression"/>
    <testcase time="0.0210000000006403" classname="utils" name="h_concat_expr_returns_a_string_for_long_expression"/>
    <testcase time="0.00599999999940337" classname="utils" name="pipe_expr_concatenate_expressions_into_a_single_pipeline_"/>
    <testcase time="0.00500000000010914" classname="utils" name="add_expr_adds_expressions_to_expression_list"/>
    <testcase time="0.0219999999999345" classname="utils" name="add_expr_adds_expressions_to_expression_list"/>
    <testcase time="0.00500000000010914" classname="utils" name="add_expr_manages_expression_list_which_can_be_used_by_pipe_expr"/>
    <testcase time="0.0219999999999345" classname="utils" name="add_expr_manages_expression_list_which_can_be_used_by_pipe_expr"/>
    <testcase time="0.00500000000010914" classname="utils" name="bracket_expr_concatenates_expressions_into_a_single_expression"/>
    <testcase time="0.0209999999997308" classname="utils" name="bracket_expr_concatenates_expressions_into_a_single_expression"/>
    <testcase time="0.00700000000051659" classname="utils" name="bracket_expr_returns_a_single_evaluable_expression"/>
    <testcase time="0.0219999999999345" classname="utils" name="bracket_expr_returns_a_single_evaluable_expression"/>
    <testcase time="0.00599999999940337" classname="utils" name="prepare_arm_with_standard_inputs"/>
    <testcase time="0.0210000000006403" classname="utils" name="prepare_arm_with_standard_inputs"/>
    <testcase time="0.0069999999996071" classname="utils" name="prepare_arm_combine_ref_arms"/>
    <testcase time="0.0209999999997308" classname="utils" name="prepare_arm_combine_ref_arms"/>
    <testcase time="0.00700000000051659" classname="utils" name="prepare_arm_combine_ref_arms_and_use_new_level"/>
    <testcase time="0.0219999999999345" classname="utils" name="prepare_arm_combine_ref_arms_and_use_new_level"/>
    <testcase time="0.00600000000031287" classname="utils" name="prepare_arm_does_not_do_anything_when_we_don_t_want_to_compare_or_drop_arms"/>
    <testcase time="0.00399999999990541" classname="utils" name="prepare_arm_does_not_do_anything_when_we_don_t_want_to_compare_or_drop_arms"/>
    <testcase time="0.0119999999997162" classname="utils" name="prepare_arm_levels_with_standard_inputs"/>
    <testcase time="0.0219999999999345" classname="utils" name="prepare_arm_levels_with_standard_inputs"/>
    <testcase time="0.00600000000031287" classname="utils" name="prepare_arm_levels_can_use_parentname_arm_levels"/>
    <testcase time="0.0209999999997308" classname="utils" name="prepare_arm_levels_can_use_parentname_arm_levels"/>
    <testcase time="0.00500000000010914" classname="utils" name="color_lab_values_main"/>
    <testcase time="0.0209999999997308" classname="utils" name="color_lab_values_main"/>
    <testcase time="0.00600000000031287" classname="utils" name="color_lab_values_neutral_for_none_characters"/>
    <testcase time="0.00299999999970169" classname="utils" name="color_lab_values_neutral_for_none_characters"/>
    <testcase time="0.00600000000031287" classname="utils" name="clean_description"/>
    <testcase time="0.00299999999970169" classname="utils" name="clean_description"/>
    <testcase time="0.00700000000051659" classname="utils" name="get_g_forest_obj_var_name"/>
    <testcase time="0.0069999999996071" classname="utils" name="cs_to_select_spec_single_choices_selected_is_converted_to_select_spec"/>
    <testcase time="0.00700000000051659" classname="utils" name="cs_to_select_spec_single_choices_selected_is_converted_to_select_spec_with_multiple_TRUE"/>
    <testcase time="0.0069999999996071" classname="utils" name="cs_to_select_spec_single_choices_selected_is_converted_to_select_spec_with_ordered_TRUE"/>
    <testcase time="0.00900000000001455" classname="utils" name="cs_to_select_spec_accepts_choices_selected_only"/>
    <testcase time="0.00799999999981083" classname="utils" name="cs_to_select_spec_accepts_multiple_as_flag_only"/>
    <testcase time="0.00900000000001455" classname="utils" name="cs_to_select_spec_accepts_ordered_as_flag_only"/>
    <testcase time="0.00900000000001455" classname="utils" name="cs_to_filter_spec_fails_if_doesn_t_have_var_choices"/>
    <testcase time="0.0140000000001237" classname="utils" name="cs_to_filter_spec_creates_filter_spec_from_choices_selected"/>
    <testcase time="0.0069999999996071" classname="utils" name="cs_to_des_select_creates_data_extract_spec_with_single_select_and_no_filter"/>
    <testcase time="0.00700000000051659" classname="utils" name="cs_to_des_select_returns_the_input_if_data_extract_spec_is_provided"/>
    <testcase time="0.00799999999981083" classname="utils" name="cs_to_des_select_creates_data_extract_spec_with_multiple_TRUE"/>
    <testcase time="0.00799999999981083" classname="utils" name="cs_to_des_select_creates_data_extract_spec_with_ordered_TRUE"/>
    <testcase time="0.00600000000031287" classname="utils" name="as_numeric_from_comma_sep_str_returns_NULL_if_blank_string_or_NULL_entered"/>
    <testcase time="0.00399999999990541" classname="utils" name="as_numeric_from_comma_sep_str_returns_NULL_if_blank_string_or_NULL_entered"/>
    <testcase time="0.00600000000031287" classname="utils" name="as_numeric_from_comma_sep_str_returns_numeric_vector_of_numbers"/>
    <testcase time="0.00399999999990541" classname="utils" name="as_numeric_from_comma_sep_str_returns_numeric_vector_of_numbers"/>
    <testcase time="0.00599999999940337" classname="utils" name="as_numeric_from_comma_sep_str_respects_sep_argument"/>
    <testcase time="0.00400000000081491" classname="utils" name="as_numeric_from_comma_sep_str_respects_sep_argument"/>
    <testcase time="0.00499999999919964" classname="utils" name="default_total_label_works_properly"/>
    <testcase time="0.00400000000081491" classname="utils" name="default_total_label_works_properly"/>
    <testcase time="0.00199999999949796" classname="utils" name="default_total_label_works_properly"/>
  </testsuite>
  <testsuite name="validate_standard_inputs" timestamp="2025-02-11T11:21:42Z" hostname="b8e80419198c" tests="6" skipped="0" failures="0" errors="0" time="0.066">
    <testcase time="0.01299999999992" classname="validate_standard_inputs" name="validate_arm_throws_shiny_error_if_arm_vec_is_not_a_factor"/>
    <testcase time="0.00500000000010914" classname="validate_standard_inputs" name="validate_arm_throws_shiny_error_if_arm_vec_is_not_a_factor"/>
    <testcase time="0.00900000000001455" classname="validate_standard_inputs" name="validate_arm_throws_specific_shiny_error_if_arm_vec_has_just_whitespace_strings"/>
    <testcase time="0.00600000000031287" classname="validate_standard_inputs" name="validate_arm_throws_specific_shiny_error_if_arm_vec_has_just_whitespace_strings"/>
    <testcase time="0.0309999999999491" classname="validate_standard_inputs" name="validate_arm_throws_no_error_if_arm_vec_is_a_factor"/>
    <testcase time="0.00199999999949796" classname="validate_standard_inputs" name="validate_arm_throws_no_error_if_arm_vec_is_a_factor"/>
  </testsuite>
</testsuites>
