<?xml version="1.0" encoding="UTF-8"?>
<testsuites>
  <testsuite name="examples" timestamp="2024-12-17T11:35:15Z" hostname="4d5c1e09c213" tests="113" skipped="113" failures="0" errors="0" time="1.514">
    <testcase time="0.00999999999999979" classname="examples" name="example_add_expr.Rd">
      <skipped message="Reason: On CRAN ('test-examples.R:120:7')"/>
    </testcase>
    <testcase time="0.0600000000000001" classname="examples" name="example_arm_ref_comp_observer.Rd">
      <skipped message="Reason: On CRAN ('test-examples.R:120:7')"/>
    </testcase>
    <testcase time="0.032" classname="examples" name="example_as_num.Rd">
      <skipped message="Reason: On CRAN ('test-examples.R:120:7')"/>
    </testcase>
    <testcase time="0.0150000000000001" classname="examples" name="example_bracket_expr.Rd">
      <skipped message="Reason: On CRAN ('test-examples.R:120:7')"/>
    </testcase>
    <testcase time="0.0149999999999997" classname="examples" name="example_call_concatenate.Rd">
      <skipped message="Reason: On CRAN ('test-examples.R:120:7')"/>
    </testcase>
    <testcase time="0.0150000000000001" classname="examples" name="example_check_arm_ref_comp.Rd">
      <skipped message="Reason: On CRAN ('test-examples.R:120:7')"/>
    </testcase>
    <testcase time="0.0150000000000001" classname="examples" name="example_clean_description.Rd">
      <skipped message="Reason: On CRAN ('test-examples.R:120:7')"/>
    </testcase>
    <testcase time="0.0150000000000001" classname="examples" name="example_color_lab_values.Rd">
      <skipped message="Reason: On CRAN ('test-examples.R:120:7')"/>
    </testcase>
    <testcase time="0.0149999999999997" classname="examples" name="example_column_annotation_label.Rd">
      <skipped message="Reason: On CRAN ('test-examples.R:120:7')"/>
    </testcase>
    <testcase time="0.0150000000000001" classname="examples" name="example_control_tte.Rd">
      <skipped message="Reason: On CRAN ('test-examples.R:120:7')"/>
    </testcase>
    <testcase time="0.0139999999999998" classname="examples" name="example_cs_to_des_filter.Rd">
      <skipped message="Reason: On CRAN ('test-examples.R:120:7')"/>
    </testcase>
    <testcase time="0.0150000000000001" classname="examples" name="example_cs_to_des_select.Rd">
      <skipped message="Reason: On CRAN ('test-examples.R:120:7')"/>
    </testcase>
    <testcase time="0.0150000000000001" classname="examples" name="example_cs_to_filter_spec.Rd">
      <skipped message="Reason: On CRAN ('test-examples.R:120:7')"/>
    </testcase>
    <testcase time="0.024" classname="examples" name="example_cs_to_select_spec.Rd">
      <skipped message="Reason: On CRAN ('test-examples.R:120:7')"/>
    </testcase>
    <testcase time="0.012" classname="examples" name="example_default_total_label.Rd">
      <skipped message="Reason: On CRAN ('test-examples.R:120:7')"/>
    </testcase>
    <testcase time="0.012" classname="examples" name="example_ex_data.Rd">
      <skipped message="Reason: On CRAN ('test-examples.R:120:7')"/>
    </testcase>
    <testcase time="0.012" classname="examples" name="example_extract_input.Rd">
      <skipped message="Reason: On CRAN ('test-examples.R:120:7')"/>
    </testcase>
    <testcase time="0.012" classname="examples" name="example_facet_grid_formula.Rd">
      <skipped message="Reason: On CRAN ('test-examples.R:120:7')"/>
    </testcase>
    <testcase time="0.012" classname="examples" name="example_get_g_forest_obj_var_name.Rd">
      <skipped message="Reason: On CRAN ('test-examples.R:120:7')"/>
    </testcase>
    <testcase time="0.012" classname="examples" name="example_get_paramcd_label.Rd">
      <skipped message="Reason: On CRAN ('test-examples.R:120:7')"/>
    </testcase>
    <testcase time="0.012" classname="examples" name="example_get_var_labels.Rd">
      <skipped message="Reason: On CRAN ('test-examples.R:120:7')"/>
    </testcase>
    <testcase time="0.0109999999999997" classname="examples" name="example_h_concat_expr.Rd">
      <skipped message="Reason: On CRAN ('test-examples.R:120:7')"/>
    </testcase>
    <testcase time="0.012" classname="examples" name="example_is.cs_or_des.Rd">
      <skipped message="Reason: On CRAN ('test-examples.R:120:7')"/>
    </testcase>
    <testcase time="0.012" classname="examples" name="example_make_barchart_simple_call.Rd">
      <skipped message="Reason: On CRAN ('test-examples.R:120:7')"/>
    </testcase>
    <testcase time="0.0130000000000003" classname="examples" name="example_module_arguments.Rd">
      <skipped message="Reason: On CRAN ('test-examples.R:120:7')"/>
    </testcase>
    <testcase time="0.012" classname="examples" name="example_normalize_decorators.Rd">
      <skipped message="Reason: On CRAN ('test-examples.R:120:7')"/>
    </testcase>
    <testcase time="0.012" classname="examples" name="example_pipe_expr.Rd">
      <skipped message="Reason: On CRAN ('test-examples.R:120:7')"/>
    </testcase>
    <testcase time="0.012" classname="examples" name="example_prepare_arm.Rd">
      <skipped message="Reason: On CRAN ('test-examples.R:120:7')"/>
    </testcase>
    <testcase time="0.012" classname="examples" name="example_prepare_arm_levels.Rd">
      <skipped message="Reason: On CRAN ('test-examples.R:120:7')"/>
    </testcase>
    <testcase time="0.012" classname="examples" name="example_select_decorators.Rd">
      <skipped message="Reason: On CRAN ('test-examples.R:120:7')"/>
    </testcase>
    <testcase time="0.012" classname="examples" name="example_split_choices.Rd">
      <skipped message="Reason: On CRAN ('test-examples.R:120:7')"/>
    </testcase>
    <testcase time="0.0139999999999998" classname="examples" name="example_split_col_expr.Rd">
      <skipped message="Reason: On CRAN ('test-examples.R:120:7')"/>
    </testcase>
    <testcase time="0.0129999999999999" classname="examples" name="example_split_interactions.Rd">
      <skipped message="Reason: On CRAN ('test-examples.R:120:7')"/>
    </testcase>
    <testcase time="0.012" classname="examples" name="example_srv_decorate_teal_data.Rd">
      <skipped message="Reason: On CRAN ('test-examples.R:120:7')"/>
    </testcase>
    <testcase time="0.0130000000000003" classname="examples" name="example_substitute_names.Rd">
      <skipped message="Reason: On CRAN ('test-examples.R:120:7')"/>
    </testcase>
    <testcase time="0.0169999999999999" classname="examples" name="example_substitute_q.Rd">
      <skipped message="Reason: On CRAN ('test-examples.R:120:7')"/>
    </testcase>
    <testcase time="0.012" classname="examples" name="example_teal.modules.clinical_package.Rd">
      <skipped message="Reason: On CRAN ('test-examples.R:120:7')"/>
    </testcase>
    <testcase time="0.012" classname="examples" name="example_template_a_gee.Rd">
      <skipped message="Reason: On CRAN ('test-examples.R:120:7')"/>
    </testcase>
    <testcase time="0.0129999999999999" classname="examples" name="example_template_abnormality.Rd">
      <skipped message="Reason: On CRAN ('test-examples.R:120:7')"/>
    </testcase>
    <testcase time="0.012" classname="examples" name="example_template_abnormality_by_worst_grade.Rd">
      <skipped message="Reason: On CRAN ('test-examples.R:120:7')"/>
    </testcase>
    <testcase time="0.0129999999999999" classname="examples" name="example_template_adverse_events.Rd">
      <skipped message="Reason: On CRAN ('test-examples.R:120:7')"/>
    </testcase>
    <testcase time="0.012" classname="examples" name="example_template_ancova.Rd">
      <skipped message="Reason: On CRAN ('test-examples.R:120:7')"/>
    </testcase>
    <testcase time="0.0129999999999999" classname="examples" name="example_template_arguments.Rd">
      <skipped message="Reason: On CRAN ('test-examples.R:120:7')"/>
    </testcase>
    <testcase time="0.012" classname="examples" name="example_template_basic_info.Rd">
      <skipped message="Reason: On CRAN ('test-examples.R:120:7')"/>
    </testcase>
    <testcase time="0.012" classname="examples" name="example_template_binary_outcome.Rd">
      <skipped message="Reason: On CRAN ('test-examples.R:120:7')"/>
    </testcase>
    <testcase time="0.012" classname="examples" name="example_template_coxreg_m.Rd">
      <skipped message="Reason: On CRAN ('test-examples.R:120:7')"/>
    </testcase>
    <testcase time="0.012" classname="examples" name="example_template_coxreg_u.Rd">
      <skipped message="Reason: On CRAN ('test-examples.R:120:7')"/>
    </testcase>
    <testcase time="0.012" classname="examples" name="example_template_events.Rd">
      <skipped message="Reason: On CRAN ('test-examples.R:120:7')"/>
    </testcase>
    <testcase time="0.012" classname="examples" name="example_template_events_by_grade.Rd">
      <skipped message="Reason: On CRAN ('test-examples.R:120:7')"/>
    </testcase>
    <testcase time="0.012" classname="examples" name="example_template_events_col_by_grade.Rd">
      <skipped message="Reason: On CRAN ('test-examples.R:120:7')"/>
    </testcase>
    <testcase time="0.012" classname="examples" name="example_template_events_patyear.Rd">
      <skipped message="Reason: On CRAN ('test-examples.R:120:7')"/>
    </testcase>
    <testcase time="0.012" classname="examples" name="example_template_events_summary.Rd">
      <skipped message="Reason: On CRAN ('test-examples.R:120:7')"/>
    </testcase>
    <testcase time="0.012" classname="examples" name="example_template_exposure.Rd">
      <skipped message="Reason: On CRAN ('test-examples.R:120:7')"/>
    </testcase>
    <testcase time="0.0110000000000001" classname="examples" name="example_template_fit_mmrm.Rd">
      <skipped message="Reason: On CRAN ('test-examples.R:120:7')"/>
    </testcase>
    <testcase time="0.0129999999999999" classname="examples" name="example_template_forest_rsp.Rd">
      <skipped message="Reason: On CRAN ('test-examples.R:120:7')"/>
    </testcase>
    <testcase time="0.012" classname="examples" name="example_template_forest_tte.Rd">
      <skipped message="Reason: On CRAN ('test-examples.R:120:7')"/>
    </testcase>
    <testcase time="0.012" classname="examples" name="example_template_g_ci.Rd">
      <skipped message="Reason: On CRAN ('test-examples.R:120:7')"/>
    </testcase>
    <testcase time="0.0350000000000001" classname="examples" name="example_template_g_ipp.Rd">
      <skipped message="Reason: On CRAN ('test-examples.R:120:7')"/>
    </testcase>
    <testcase time="0.012" classname="examples" name="example_template_g_km.Rd">
      <skipped message="Reason: On CRAN ('test-examples.R:120:7')"/>
    </testcase>
    <testcase time="0.012" classname="examples" name="example_template_g_lineplot.Rd">
      <skipped message="Reason: On CRAN ('test-examples.R:120:7')"/>
    </testcase>
    <testcase time="0.012" classname="examples" name="example_template_laboratory.Rd">
      <skipped message="Reason: On CRAN ('test-examples.R:120:7')"/>
    </testcase>
    <testcase time="0.012" classname="examples" name="example_template_logistic.Rd">
      <skipped message="Reason: On CRAN ('test-examples.R:120:7')"/>
    </testcase>
    <testcase time="0.0129999999999999" classname="examples" name="example_template_medical_history.Rd">
      <skipped message="Reason: On CRAN ('test-examples.R:120:7')"/>
    </testcase>
    <testcase time="0.012" classname="examples" name="example_template_mult_events.Rd">
      <skipped message="Reason: On CRAN ('test-examples.R:120:7')"/>
    </testcase>
    <testcase time="0.012" classname="examples" name="example_template_patient_timeline.Rd">
      <skipped message="Reason: On CRAN ('test-examples.R:120:7')"/>
    </testcase>
    <testcase time="0.012" classname="examples" name="example_template_prior_medication.Rd">
      <skipped message="Reason: On CRAN ('test-examples.R:120:7')"/>
    </testcase>
    <testcase time="0.0129999999999999" classname="examples" name="example_template_shift_by_arm.Rd">
      <skipped message="Reason: On CRAN ('test-examples.R:120:7')"/>
    </testcase>
    <testcase time="0.012" classname="examples" name="example_template_shift_by_arm_by_worst.Rd">
      <skipped message="Reason: On CRAN ('test-examples.R:120:7')"/>
    </testcase>
    <testcase time="0.012" classname="examples" name="example_template_shift_by_grade.Rd">
      <skipped message="Reason: On CRAN ('test-examples.R:120:7')"/>
    </testcase>
    <testcase time="0.0129999999999999" classname="examples" name="example_template_smq.Rd">
      <skipped message="Reason: On CRAN ('test-examples.R:120:7')"/>
    </testcase>
    <testcase time="0.012" classname="examples" name="example_template_summary.Rd">
      <skipped message="Reason: On CRAN ('test-examples.R:120:7')"/>
    </testcase>
    <testcase time="0.012" classname="examples" name="example_template_summary_by.Rd">
      <skipped message="Reason: On CRAN ('test-examples.R:120:7')"/>
    </testcase>
    <testcase time="0.0129999999999999" classname="examples" name="example_template_therapy.Rd">
      <skipped message="Reason: On CRAN ('test-examples.R:120:7')"/>
    </testcase>
    <testcase time="0.012" classname="examples" name="example_template_tte.Rd">
      <skipped message="Reason: On CRAN ('test-examples.R:120:7')"/>
    </testcase>
    <testcase time="0.0130000000000003" classname="examples" name="example_template_vitals.Rd">
      <skipped message="Reason: On CRAN ('test-examples.R:120:7')"/>
    </testcase>
    <testcase time="0.012" classname="examples" name="example_tm_a_gee.Rd">
      <skipped message="Reason: On CRAN ('test-examples.R:120:7')"/>
    </testcase>
    <testcase time="0.0129999999999999" classname="examples" name="example_tm_a_mmrm.Rd">
      <skipped message="Reason: On CRAN ('test-examples.R:120:7')"/>
    </testcase>
    <testcase time="0.012" classname="examples" name="example_tm_g_barchart_simple.Rd">
      <skipped message="Reason: On CRAN ('test-examples.R:120:7')"/>
    </testcase>
    <testcase time="0.0169999999999999" classname="examples" name="example_tm_g_ci.Rd">
      <skipped message="Reason: On CRAN ('test-examples.R:120:7')"/>
    </testcase>
    <testcase time="0.012" classname="examples" name="example_tm_g_forest_rsp.Rd">
      <skipped message="Reason: On CRAN ('test-examples.R:120:7')"/>
    </testcase>
    <testcase time="0.012" classname="examples" name="example_tm_g_forest_tte.Rd">
      <skipped message="Reason: On CRAN ('test-examples.R:120:7')"/>
    </testcase>
    <testcase time="0.012" classname="examples" name="example_tm_g_ipp.Rd">
      <skipped message="Reason: On CRAN ('test-examples.R:120:7')"/>
    </testcase>
    <testcase time="0.012" classname="examples" name="example_tm_g_km.Rd">
      <skipped message="Reason: On CRAN ('test-examples.R:120:7')"/>
    </testcase>
    <testcase time="0.012" classname="examples" name="example_tm_g_lineplot.Rd">
      <skipped message="Reason: On CRAN ('test-examples.R:120:7')"/>
    </testcase>
    <testcase time="0.012" classname="examples" name="example_tm_g_pp_adverse_events.Rd">
      <skipped message="Reason: On CRAN ('test-examples.R:120:7')"/>
    </testcase>
    <testcase time="0.012" classname="examples" name="example_tm_g_pp_patient_timeline.Rd">
      <skipped message="Reason: On CRAN ('test-examples.R:120:7')"/>
    </testcase>
    <testcase time="0.012" classname="examples" name="example_tm_g_pp_therapy.Rd">
      <skipped message="Reason: On CRAN ('test-examples.R:120:7')"/>
    </testcase>
    <testcase time="0.012" classname="examples" name="example_tm_g_pp_vitals.Rd">
      <skipped message="Reason: On CRAN ('test-examples.R:120:7')"/>
    </testcase>
    <testcase time="0.012" classname="examples" name="example_tm_t_abnormality.Rd">
      <skipped message="Reason: On CRAN ('test-examples.R:120:7')"/>
    </testcase>
    <testcase time="0.012" classname="examples" name="example_tm_t_abnormality_by_worst_grade.Rd">
      <skipped message="Reason: On CRAN ('test-examples.R:120:7')"/>
    </testcase>
    <testcase time="0.012" classname="examples" name="example_tm_t_ancova.Rd">
      <skipped message="Reason: On CRAN ('test-examples.R:120:7')"/>
    </testcase>
    <testcase time="0.012" classname="examples" name="example_tm_t_binary_outcome.Rd">
      <skipped message="Reason: On CRAN ('test-examples.R:120:7')"/>
    </testcase>
    <testcase time="0.012" classname="examples" name="example_tm_t_coxreg.Rd">
      <skipped message="Reason: On CRAN ('test-examples.R:120:7')"/>
    </testcase>
    <testcase time="0.012" classname="examples" name="example_tm_t_events.Rd">
      <skipped message="Reason: On CRAN ('test-examples.R:120:7')"/>
    </testcase>
    <testcase time="0.012" classname="examples" name="example_tm_t_events_by_grade.Rd">
      <skipped message="Reason: On CRAN ('test-examples.R:120:7')"/>
    </testcase>
    <testcase time="0.012" classname="examples" name="example_tm_t_events_patyear.Rd">
      <skipped message="Reason: On CRAN ('test-examples.R:120:7')"/>
    </testcase>
    <testcase time="0.012" classname="examples" name="example_tm_t_events_summary.Rd">
      <skipped message="Reason: On CRAN ('test-examples.R:120:7')"/>
    </testcase>
    <testcase time="0.012" classname="examples" name="example_tm_t_exposure.Rd">
      <skipped message="Reason: On CRAN ('test-examples.R:120:7')"/>
    </testcase>
    <testcase time="0.012" classname="examples" name="example_tm_t_logistic.Rd">
      <skipped message="Reason: On CRAN ('test-examples.R:120:7')"/>
    </testcase>
    <testcase time="0.016" classname="examples" name="example_tm_t_mult_events.Rd">
      <skipped message="Reason: On CRAN ('test-examples.R:120:7')"/>
    </testcase>
    <testcase time="0.0119999999999996" classname="examples" name="example_tm_t_pp_basic_info.Rd">
      <skipped message="Reason: On CRAN ('test-examples.R:120:7')"/>
    </testcase>
    <testcase time="0.012" classname="examples" name="example_tm_t_pp_laboratory.Rd">
      <skipped message="Reason: On CRAN ('test-examples.R:120:7')"/>
    </testcase>
    <testcase time="0.0130000000000003" classname="examples" name="example_tm_t_pp_medical_history.Rd">
      <skipped message="Reason: On CRAN ('test-examples.R:120:7')"/>
    </testcase>
    <testcase time="0.012" classname="examples" name="example_tm_t_pp_prior_medication.Rd">
      <skipped message="Reason: On CRAN ('test-examples.R:120:7')"/>
    </testcase>
    <testcase time="0.012" classname="examples" name="example_tm_t_shift_by_arm.Rd">
      <skipped message="Reason: On CRAN ('test-examples.R:120:7')"/>
    </testcase>
    <testcase time="0.012" classname="examples" name="example_tm_t_shift_by_arm_by_worst.Rd">
      <skipped message="Reason: On CRAN ('test-examples.R:120:7')"/>
    </testcase>
    <testcase time="0.012" classname="examples" name="example_tm_t_shift_by_grade.Rd">
      <skipped message="Reason: On CRAN ('test-examples.R:120:7')"/>
    </testcase>
    <testcase time="0.012" classname="examples" name="example_tm_t_smq.Rd">
      <skipped message="Reason: On CRAN ('test-examples.R:120:7')"/>
    </testcase>
    <testcase time="0.012" classname="examples" name="example_tm_t_summary.Rd">
      <skipped message="Reason: On CRAN ('test-examples.R:120:7')"/>
    </testcase>
    <testcase time="0.012" classname="examples" name="example_tm_t_summary_by.Rd">
      <skipped message="Reason: On CRAN ('test-examples.R:120:7')"/>
    </testcase>
    <testcase time="0.012" classname="examples" name="example_tm_t_tte.Rd">
      <skipped message="Reason: On CRAN ('test-examples.R:120:7')"/>
    </testcase>
    <testcase time="0.0119999999999996" classname="examples" name="example_validate_arm.Rd">
      <skipped message="Reason: On CRAN ('test-examples.R:120:7')"/>
    </testcase>
    <testcase time="0.012" classname="examples" name="example_validate_standard_inputs.Rd">
      <skipped message="Reason: On CRAN ('test-examples.R:120:7')"/>
    </testcase>
  </testsuite>
  <testsuite name="facet_grid_formula" timestamp="2024-12-17T11:35:17Z" hostname="4d5c1e09c213" tests="4" skipped="0" failures="0" errors="0" time="0.031">
    <testcase time="0.0230000000000001" classname="facet_grid_formula" name="facet_grid_formula_works"/>
    <testcase time="0.00300000000000011" classname="facet_grid_formula" name="facet_grid_formula_works"/>
    <testcase time="0.00300000000000011" classname="facet_grid_formula" name="facet_grid_formula_works"/>
    <testcase time="0.00199999999999978" classname="facet_grid_formula" name="facet_grid_formula_works"/>
  </testsuite>
  <testsuite name="shinytest2-tm_a_gee" timestamp="2024-12-17T11:35:17Z" hostname="4d5c1e09c213" tests="48" skipped="0" failures="0" errors="0" time="129.162">
    <testcase time="7.494" classname="shinytest2_tm_a_gee" name="e2e_tm_a_gee_Module_initializes_in_teal_without_errors_and_produces_table_output."/>
    <testcase time="0.00600000000000023" classname="shinytest2_tm_a_gee" name="e2e_tm_a_gee_Module_initializes_in_teal_without_errors_and_produces_table_output."/>
    <testcase time="2.087" classname="shinytest2_tm_a_gee" name="e2e_tm_a_gee_Module_initializes_in_teal_without_errors_and_produces_table_output."/>
    <testcase time="6.634" classname="shinytest2_tm_a_gee" name="e2e_tm_a_gee_Starts_with_specified_label_id_var_arm_var_visit_var_paramcd_cov_var_conf_level_and_conf_struct."/>
    <testcase time="0.0950000000000024" classname="shinytest2_tm_a_gee" name="e2e_tm_a_gee_Starts_with_specified_label_id_var_arm_var_visit_var_paramcd_cov_var_conf_level_and_conf_struct."/>
    <testcase time="0.0519999999999996" classname="shinytest2_tm_a_gee" name="e2e_tm_a_gee_Starts_with_specified_label_id_var_arm_var_visit_var_paramcd_cov_var_conf_level_and_conf_struct."/>
    <testcase time="0.0519999999999996" classname="shinytest2_tm_a_gee" name="e2e_tm_a_gee_Starts_with_specified_label_id_var_arm_var_visit_var_paramcd_cov_var_conf_level_and_conf_struct."/>
    <testcase time="0.0519999999999996" classname="shinytest2_tm_a_gee" name="e2e_tm_a_gee_Starts_with_specified_label_id_var_arm_var_visit_var_paramcd_cov_var_conf_level_and_conf_struct."/>
    <testcase time="0.0519999999999996" classname="shinytest2_tm_a_gee" name="e2e_tm_a_gee_Starts_with_specified_label_id_var_arm_var_visit_var_paramcd_cov_var_conf_level_and_conf_struct."/>
    <testcase time="0.0509999999999984" classname="shinytest2_tm_a_gee" name="e2e_tm_a_gee_Starts_with_specified_label_id_var_arm_var_visit_var_paramcd_cov_var_conf_level_and_conf_struct."/>
    <testcase time="0.0519999999999996" classname="shinytest2_tm_a_gee" name="e2e_tm_a_gee_Starts_with_specified_label_id_var_arm_var_visit_var_paramcd_cov_var_conf_level_and_conf_struct."/>
    <testcase time="0.0530000000000008" classname="shinytest2_tm_a_gee" name="e2e_tm_a_gee_Starts_with_specified_label_id_var_arm_var_visit_var_paramcd_cov_var_conf_level_and_conf_struct."/>
    <testcase time="0.00499999999999901" classname="shinytest2_tm_a_gee" name="e2e_tm_a_gee_Starts_with_specified_label_id_var_arm_var_visit_var_paramcd_cov_var_conf_level_and_conf_struct."/>
    <testcase time="7.796" classname="shinytest2_tm_a_gee" name="e2e_tm_a_gee_Selection_of_id_var_does_not_change_the_table_and_does_not_throw_validation_errors."/>
    <testcase time="0.0069999999999979" classname="shinytest2_tm_a_gee" name="e2e_tm_a_gee_Selection_of_id_var_does_not_change_the_table_and_does_not_throw_validation_errors."/>
    <testcase time="7.108" classname="shinytest2_tm_a_gee" name="e2e_tm_a_gee_Deselection_of_id_var_throws_validation_error."/>
    <testcase time="0.00600000000000023" classname="shinytest2_tm_a_gee" name="e2e_tm_a_gee_Deselection_of_id_var_throws_validation_error."/>
    <testcase time="0.00599999999999312" classname="shinytest2_tm_a_gee" name="e2e_tm_a_gee_Deselection_of_id_var_throws_validation_error."/>
    <testcase time="7.819" classname="shinytest2_tm_a_gee" name="e2e_tm_a_gee_Change_in_arm_var_changes_the_table_and_does_not_throw_validation_errors."/>
    <testcase time="0.00600000000000023" classname="shinytest2_tm_a_gee" name="e2e_tm_a_gee_Change_in_arm_var_changes_the_table_and_does_not_throw_validation_errors."/>
    <testcase time="7.315" classname="shinytest2_tm_a_gee" name="e2e_tm_a_gee_Deselection_of_arm_var_throws_validation_error."/>
    <testcase time="0.00600000000000023" classname="shinytest2_tm_a_gee" name="e2e_tm_a_gee_Deselection_of_arm_var_throws_validation_error."/>
    <testcase time="0.00600000000000023" classname="shinytest2_tm_a_gee" name="e2e_tm_a_gee_Deselection_of_arm_var_throws_validation_error."/>
    <testcase time="7.78100000000001" classname="shinytest2_tm_a_gee" name="e2e_tm_a_gee_Selection_of_visit_var_does_not_change_the_table_and_does_not_throw_validation_errors."/>
    <testcase time="0.00600000000000023" classname="shinytest2_tm_a_gee" name="e2e_tm_a_gee_Selection_of_visit_var_does_not_change_the_table_and_does_not_throw_validation_errors."/>
    <testcase time="7.63999999999999" classname="shinytest2_tm_a_gee" name="e2e_tm_a_gee_Deselection_of_visit_var_throws_validation_error."/>
    <testcase time="0.00600000000000023" classname="shinytest2_tm_a_gee" name="e2e_tm_a_gee_Deselection_of_visit_var_throws_validation_error."/>
    <testcase time="0.00500000000000966" classname="shinytest2_tm_a_gee" name="e2e_tm_a_gee_Deselection_of_visit_var_throws_validation_error."/>
    <testcase time="7.785" classname="shinytest2_tm_a_gee" name="e2e_tm_a_gee_Selection_of_paramcd_changes_the_table_and_does_not_throw_validation_errors."/>
    <testcase time="0.00600000000000023" classname="shinytest2_tm_a_gee" name="e2e_tm_a_gee_Selection_of_paramcd_changes_the_table_and_does_not_throw_validation_errors."/>
    <testcase time="7.20099999999999" classname="shinytest2_tm_a_gee" name="e2e_tm_a_gee_Deselection_of_paramcd_throws_validation_error."/>
    <testcase time="0.00600000000000023" classname="shinytest2_tm_a_gee" name="e2e_tm_a_gee_Deselection_of_paramcd_throws_validation_error."/>
    <testcase time="0.00600000000000023" classname="shinytest2_tm_a_gee" name="e2e_tm_a_gee_Deselection_of_paramcd_throws_validation_error."/>
    <testcase time="7.869" classname="shinytest2_tm_a_gee" name="e2e_tm_a_gee_Selection_of_cov_var_changes_the_table_and_does_not_throw_validation_errors."/>
    <testcase time="0.007000000000005" classname="shinytest2_tm_a_gee" name="e2e_tm_a_gee_Selection_of_cov_var_changes_the_table_and_does_not_throw_validation_errors."/>
    <testcase time="7.59" classname="shinytest2_tm_a_gee" name="e2e_tm_a_gee_Selection_of_conf_level_changes_the_table_and_does_not_throw_validation_errors."/>
    <testcase time="0.00699999999999079" classname="shinytest2_tm_a_gee" name="e2e_tm_a_gee_Selection_of_conf_level_changes_the_table_and_does_not_throw_validation_errors."/>
    <testcase time="7.146" classname="shinytest2_tm_a_gee" name="e2e_tm_a_gee_Selection_of_conf_level_out_of_0_1_range_throws_validation_error."/>
    <testcase time="0.00600000000000023" classname="shinytest2_tm_a_gee" name="e2e_tm_a_gee_Selection_of_conf_level_out_of_0_1_range_throws_validation_error."/>
    <testcase time="0.00600000000000023" classname="shinytest2_tm_a_gee" name="e2e_tm_a_gee_Selection_of_conf_level_out_of_0_1_range_throws_validation_error."/>
    <testcase time="7.087" classname="shinytest2_tm_a_gee" name="e2e_tm_a_gee_Deselection_of_conf_level_throws_validation_error."/>
    <testcase time="0.00600000000000023" classname="shinytest2_tm_a_gee" name="e2e_tm_a_gee_Deselection_of_conf_level_throws_validation_error."/>
    <testcase time="0.00600000000000023" classname="shinytest2_tm_a_gee" name="e2e_tm_a_gee_Deselection_of_conf_level_throws_validation_error."/>
    <testcase time="7.56100000000001" classname="shinytest2_tm_a_gee" name="e2e_tm_a_gee_Selection_of_cor_struct_changes_the_table_and_does_not_throw_validation_errors."/>
    <testcase time="0.00600000000000023" classname="shinytest2_tm_a_gee" name="e2e_tm_a_gee_Selection_of_cor_struct_changes_the_table_and_does_not_throw_validation_errors."/>
    <testcase time="7.053" classname="shinytest2_tm_a_gee" name="e2e_tm_a_gee_Deselection_of_cor_struct_does_not_throw_validation_error."/>
    <testcase time="7.604" classname="shinytest2_tm_a_gee" name="e2e_tm_a_gee_Selection_of_output_table_changes_the_table_and_doesn_t_throw_validation_error."/>
    <testcase time="0.00600000000000023" classname="shinytest2_tm_a_gee" name="e2e_tm_a_gee_Selection_of_output_table_changes_the_table_and_doesn_t_throw_validation_error."/>
  </testsuite>
  <testsuite name="shinytest2-tm_a_mmrm" timestamp="2024-12-17T11:37:26Z" hostname="4d5c1e09c213" tests="309" skipped="0" failures="0" errors="0" time="746.098">
    <testcase time="6" classname="shinytest2_tm_a_mmrm" name="e2e_tm_a_mmrm_Module_initializes_in_teal_without_errors_and_displays_a_message_to_click_Fit_Model_."/>
    <testcase time="0.00600000000000023" classname="shinytest2_tm_a_mmrm" name="e2e_tm_a_mmrm_Module_initializes_in_teal_without_errors_and_displays_a_message_to_click_Fit_Model_."/>
    <testcase time="0.00499999999999545" classname="shinytest2_tm_a_mmrm" name="e2e_tm_a_mmrm_Module_initializes_in_teal_without_errors_and_displays_a_message_to_click_Fit_Model_."/>
    <testcase time="6.245" classname="shinytest2_tm_a_mmrm" name="e2e_tm_a_mmrm_Module_initializes_with_specified_label_aval_var_paramcd_visit_var_cov_var_arm_var_buckets_combine_comp_arms_id_var_cor_struct_weights_emmeans_conf_level_method_parallel_and_output_function."/>
    <testcase time="0.0930000000000177" classname="shinytest2_tm_a_mmrm" name="e2e_tm_a_mmrm_Module_initializes_with_specified_label_aval_var_paramcd_visit_var_cov_var_arm_var_buckets_combine_comp_arms_id_var_cor_struct_weights_emmeans_conf_level_method_parallel_and_output_function."/>
    <testcase time="0.0509999999999877" classname="shinytest2_tm_a_mmrm" name="e2e_tm_a_mmrm_Module_initializes_with_specified_label_aval_var_paramcd_visit_var_cov_var_arm_var_buckets_combine_comp_arms_id_var_cor_struct_weights_emmeans_conf_level_method_parallel_and_output_function."/>
    <testcase time="0.0560000000000116" classname="shinytest2_tm_a_mmrm" name="e2e_tm_a_mmrm_Module_initializes_with_specified_label_aval_var_paramcd_visit_var_cov_var_arm_var_buckets_combine_comp_arms_id_var_cor_struct_weights_emmeans_conf_level_method_parallel_and_output_function."/>
    <testcase time="0.0509999999999877" classname="shinytest2_tm_a_mmrm" name="e2e_tm_a_mmrm_Module_initializes_with_specified_label_aval_var_paramcd_visit_var_cov_var_arm_var_buckets_combine_comp_arms_id_var_cor_struct_weights_emmeans_conf_level_method_parallel_and_output_function."/>
    <testcase time="0.0519999999999925" classname="shinytest2_tm_a_mmrm" name="e2e_tm_a_mmrm_Module_initializes_with_specified_label_aval_var_paramcd_visit_var_cov_var_arm_var_buckets_combine_comp_arms_id_var_cor_struct_weights_emmeans_conf_level_method_parallel_and_output_function."/>
    <testcase time="0.0519999999999925" classname="shinytest2_tm_a_mmrm" name="e2e_tm_a_mmrm_Module_initializes_with_specified_label_aval_var_paramcd_visit_var_cov_var_arm_var_buckets_combine_comp_arms_id_var_cor_struct_weights_emmeans_conf_level_method_parallel_and_output_function."/>
    <testcase time="0.0510000000000161" classname="shinytest2_tm_a_mmrm" name="e2e_tm_a_mmrm_Module_initializes_with_specified_label_aval_var_paramcd_visit_var_cov_var_arm_var_buckets_combine_comp_arms_id_var_cor_struct_weights_emmeans_conf_level_method_parallel_and_output_function."/>
    <testcase time="0.0519999999999925" classname="shinytest2_tm_a_mmrm" name="e2e_tm_a_mmrm_Module_initializes_with_specified_label_aval_var_paramcd_visit_var_cov_var_arm_var_buckets_combine_comp_arms_id_var_cor_struct_weights_emmeans_conf_level_method_parallel_and_output_function."/>
    <testcase time="0.0519999999999925" classname="shinytest2_tm_a_mmrm" name="e2e_tm_a_mmrm_Module_initializes_with_specified_label_aval_var_paramcd_visit_var_cov_var_arm_var_buckets_combine_comp_arms_id_var_cor_struct_weights_emmeans_conf_level_method_parallel_and_output_function."/>
    <testcase time="0.0529999999999973" classname="shinytest2_tm_a_mmrm" name="e2e_tm_a_mmrm_Module_initializes_with_specified_label_aval_var_paramcd_visit_var_cov_var_arm_var_buckets_combine_comp_arms_id_var_cor_struct_weights_emmeans_conf_level_method_parallel_and_output_function."/>
    <testcase time="0.0520000000000209" classname="shinytest2_tm_a_mmrm" name="e2e_tm_a_mmrm_Module_initializes_with_specified_label_aval_var_paramcd_visit_var_cov_var_arm_var_buckets_combine_comp_arms_id_var_cor_struct_weights_emmeans_conf_level_method_parallel_and_output_function."/>
    <testcase time="0.0519999999999925" classname="shinytest2_tm_a_mmrm" name="e2e_tm_a_mmrm_Module_initializes_with_specified_label_aval_var_paramcd_visit_var_cov_var_arm_var_buckets_combine_comp_arms_id_var_cor_struct_weights_emmeans_conf_level_method_parallel_and_output_function."/>
    <testcase time="0.0519999999999925" classname="shinytest2_tm_a_mmrm" name="e2e_tm_a_mmrm_Module_initializes_with_specified_label_aval_var_paramcd_visit_var_cov_var_arm_var_buckets_combine_comp_arms_id_var_cor_struct_weights_emmeans_conf_level_method_parallel_and_output_function."/>
    <testcase time="0.0520000000000209" classname="shinytest2_tm_a_mmrm" name="e2e_tm_a_mmrm_Module_initializes_with_specified_label_aval_var_paramcd_visit_var_cov_var_arm_var_buckets_combine_comp_arms_id_var_cor_struct_weights_emmeans_conf_level_method_parallel_and_output_function."/>
    <testcase time="9.70399999999998" classname="shinytest2_tm_a_mmrm" name="e2e_tm_a_mmrm_Click_on_fit_model_shows_table_for_default_selection."/>
    <testcase time="0.0989999999999895" classname="shinytest2_tm_a_mmrm" name="e2e_tm_a_mmrm_Click_on_fit_model_shows_table_for_default_selection."/>
    <testcase time="0.00500000000002387" classname="shinytest2_tm_a_mmrm" name="e2e_tm_a_mmrm_Click_on_fit_model_shows_table_for_default_selection."/>
    <testcase time="11.872" classname="shinytest2_tm_a_mmrm" name="e2e_tm_a_mmrm_Function_t_mmrm_lsmeans_selection_shows_output_settings_changing_settings_throws_no_validation_errors_and_verify_visibility_of_generated_tables."/>
    <testcase time="0.52000000000001" classname="shinytest2_tm_a_mmrm" name="e2e_tm_a_mmrm_Function_t_mmrm_lsmeans_selection_shows_output_settings_changing_settings_throws_no_validation_errors_and_verify_visibility_of_generated_tables."/>
    <testcase time="0.0979999999999848" classname="shinytest2_tm_a_mmrm" name="e2e_tm_a_mmrm_Function_t_mmrm_lsmeans_selection_shows_output_settings_changing_settings_throws_no_validation_errors_and_verify_visibility_of_generated_tables."/>
    <testcase time="0.939999999999998" classname="shinytest2_tm_a_mmrm" name="e2e_tm_a_mmrm_Function_t_mmrm_lsmeans_selection_shows_output_settings_changing_settings_throws_no_validation_errors_and_verify_visibility_of_generated_tables."/>
    <testcase time="11.786" classname="shinytest2_tm_a_mmrm" name="e2e_tm_a_mmrm_Function_g_mmrm_lsmeans_selection_shows_output_settings_changing_settings_throws_no_validation_errors_and_verify_visibility_of_generated_plots."/>
    <testcase time="1.08700000000002" classname="shinytest2_tm_a_mmrm" name="e2e_tm_a_mmrm_Function_g_mmrm_lsmeans_selection_shows_output_settings_changing_settings_throws_no_validation_errors_and_verify_visibility_of_generated_plots."/>
    <testcase time="0.0519999999999925" classname="shinytest2_tm_a_mmrm" name="e2e_tm_a_mmrm_Function_g_mmrm_lsmeans_selection_shows_output_settings_changing_settings_throws_no_validation_errors_and_verify_visibility_of_generated_plots."/>
    <testcase time="1.083" classname="shinytest2_tm_a_mmrm" name="e2e_tm_a_mmrm_Function_g_mmrm_lsmeans_selection_shows_output_settings_changing_settings_throws_no_validation_errors_and_verify_visibility_of_generated_plots."/>
    <testcase time="0.836999999999989" classname="shinytest2_tm_a_mmrm" name="e2e_tm_a_mmrm_Function_g_mmrm_lsmeans_selection_shows_output_settings_changing_settings_throws_no_validation_errors_and_verify_visibility_of_generated_plots."/>
    <testcase time="0.868000000000023" classname="shinytest2_tm_a_mmrm" name="e2e_tm_a_mmrm_Function_g_mmrm_lsmeans_selection_shows_output_settings_changing_settings_throws_no_validation_errors_and_verify_visibility_of_generated_plots."/>
    <testcase time="0.861999999999995" classname="shinytest2_tm_a_mmrm" name="e2e_tm_a_mmrm_Function_g_mmrm_lsmeans_selection_shows_output_settings_changing_settings_throws_no_validation_errors_and_verify_visibility_of_generated_plots."/>
    <testcase time="0.907999999999987" classname="shinytest2_tm_a_mmrm" name="e2e_tm_a_mmrm_Function_g_mmrm_lsmeans_selection_shows_output_settings_changing_settings_throws_no_validation_errors_and_verify_visibility_of_generated_plots."/>
    <testcase time="0.021000000000015" classname="shinytest2_tm_a_mmrm" name="e2e_tm_a_mmrm_Function_g_mmrm_lsmeans_selection_shows_output_settings_changing_settings_throws_no_validation_errors_and_verify_visibility_of_generated_plots."/>
    <testcase time="0.0029999999999859" classname="shinytest2_tm_a_mmrm" name="e2e_tm_a_mmrm_Function_g_mmrm_lsmeans_selection_shows_output_settings_changing_settings_throws_no_validation_errors_and_verify_visibility_of_generated_plots."/>
    <testcase time="11.717" classname="shinytest2_tm_a_mmrm" name="e2e_tm_a_mmrm_Function_g_mmrm_diagnostic_selection_shows_output_settings_changing_settings_throws_no_validation_errors_and_verify_visibility_of_generated_plots."/>
    <testcase time="1.05799999999999" classname="shinytest2_tm_a_mmrm" name="e2e_tm_a_mmrm_Function_g_mmrm_diagnostic_selection_shows_output_settings_changing_settings_throws_no_validation_errors_and_verify_visibility_of_generated_plots."/>
    <testcase time="0.0269999999999868" classname="shinytest2_tm_a_mmrm" name="e2e_tm_a_mmrm_Function_g_mmrm_diagnostic_selection_shows_output_settings_changing_settings_throws_no_validation_errors_and_verify_visibility_of_generated_plots."/>
    <testcase time="0.988" classname="shinytest2_tm_a_mmrm" name="e2e_tm_a_mmrm_Function_g_mmrm_diagnostic_selection_shows_output_settings_changing_settings_throws_no_validation_errors_and_verify_visibility_of_generated_plots."/>
    <testcase time="0.0250000000000057" classname="shinytest2_tm_a_mmrm" name="e2e_tm_a_mmrm_Function_g_mmrm_diagnostic_selection_shows_output_settings_changing_settings_throws_no_validation_errors_and_verify_visibility_of_generated_plots."/>
    <testcase time="0.00300000000001432" classname="shinytest2_tm_a_mmrm" name="e2e_tm_a_mmrm_Function_g_mmrm_diagnostic_selection_shows_output_settings_changing_settings_throws_no_validation_errors_and_verify_visibility_of_generated_plots."/>
    <testcase time="10.173" classname="shinytest2_tm_a_mmrm" name="e2e_tm_a_mmrm_Deselection_of_aval_var_throws_validation_error_in_method_t_mmrm_lsmeans."/>
    <testcase time="0.659999999999997" classname="shinytest2_tm_a_mmrm" name="e2e_tm_a_mmrm_Deselection_of_aval_var_throws_validation_error_in_method_t_mmrm_lsmeans."/>
    <testcase time="0.007000000000005" classname="shinytest2_tm_a_mmrm" name="e2e_tm_a_mmrm_Deselection_of_aval_var_throws_validation_error_in_method_t_mmrm_lsmeans."/>
    <testcase time="0.00600000000000023" classname="shinytest2_tm_a_mmrm" name="e2e_tm_a_mmrm_Deselection_of_aval_var_throws_validation_error_in_method_t_mmrm_lsmeans."/>
    <testcase time="10.214" classname="shinytest2_tm_a_mmrm" name="e2e_tm_a_mmrm_Deselection_paramcd_throws_validation_error_in_method_t_mmrm_lsmeans."/>
    <testcase time="0.632999999999981" classname="shinytest2_tm_a_mmrm" name="e2e_tm_a_mmrm_Deselection_paramcd_throws_validation_error_in_method_t_mmrm_lsmeans."/>
    <testcase time="0.00800000000000978" classname="shinytest2_tm_a_mmrm" name="e2e_tm_a_mmrm_Deselection_paramcd_throws_validation_error_in_method_t_mmrm_lsmeans."/>
    <testcase time="0.00499999999999545" classname="shinytest2_tm_a_mmrm" name="e2e_tm_a_mmrm_Deselection_paramcd_throws_validation_error_in_method_t_mmrm_lsmeans."/>
    <testcase time="10.194" classname="shinytest2_tm_a_mmrm" name="e2e_tm_a_mmrm_Deselection_of_visit_var_throws_validation_error_in_method_t_mmrm_lsmeans."/>
    <testcase time="0.637999999999977" classname="shinytest2_tm_a_mmrm" name="e2e_tm_a_mmrm_Deselection_of_visit_var_throws_validation_error_in_method_t_mmrm_lsmeans."/>
    <testcase time="0.007000000000005" classname="shinytest2_tm_a_mmrm" name="e2e_tm_a_mmrm_Deselection_of_visit_var_throws_validation_error_in_method_t_mmrm_lsmeans."/>
    <testcase time="0.00600000000000023" classname="shinytest2_tm_a_mmrm" name="e2e_tm_a_mmrm_Deselection_of_visit_var_throws_validation_error_in_method_t_mmrm_lsmeans."/>
    <testcase time="10.239" classname="shinytest2_tm_a_mmrm" name="e2e_tm_a_mmrm_Deselection_of_arm_var_throws_validation_error_in_method_t_mmrm_lsmeans."/>
    <testcase time="0.670000000000016" classname="shinytest2_tm_a_mmrm" name="e2e_tm_a_mmrm_Deselection_of_arm_var_throws_validation_error_in_method_t_mmrm_lsmeans."/>
    <testcase time="0.00699999999997658" classname="shinytest2_tm_a_mmrm" name="e2e_tm_a_mmrm_Deselection_of_arm_var_throws_validation_error_in_method_t_mmrm_lsmeans."/>
    <testcase time="0.00600000000000023" classname="shinytest2_tm_a_mmrm" name="e2e_tm_a_mmrm_Deselection_of_arm_var_throws_validation_error_in_method_t_mmrm_lsmeans."/>
    <testcase time="10.232" classname="shinytest2_tm_a_mmrm" name="e2e_tm_a_mmrm_Deselection_of_id_var_throws_validation_error_in_method_t_mmrm_lsmeans."/>
    <testcase time="0.608000000000004" classname="shinytest2_tm_a_mmrm" name="e2e_tm_a_mmrm_Deselection_of_id_var_throws_validation_error_in_method_t_mmrm_lsmeans."/>
    <testcase time="0.00800000000000978" classname="shinytest2_tm_a_mmrm" name="e2e_tm_a_mmrm_Deselection_of_id_var_throws_validation_error_in_method_t_mmrm_lsmeans."/>
    <testcase time="0.00600000000000023" classname="shinytest2_tm_a_mmrm" name="e2e_tm_a_mmrm_Deselection_of_id_var_throws_validation_error_in_method_t_mmrm_lsmeans."/>
    <testcase time="10.202" classname="shinytest2_tm_a_mmrm" name="e2e_tm_a_mmrm_Deselection_of_conf_level_throws_validation_error_in_method_t_mmrm_lsmeans."/>
    <testcase time="0.596000000000004" classname="shinytest2_tm_a_mmrm" name="e2e_tm_a_mmrm_Deselection_of_conf_level_throws_validation_error_in_method_t_mmrm_lsmeans."/>
    <testcase time="0.00799999999998136" classname="shinytest2_tm_a_mmrm" name="e2e_tm_a_mmrm_Deselection_of_conf_level_throws_validation_error_in_method_t_mmrm_lsmeans."/>
    <testcase time="0.00600000000002865" classname="shinytest2_tm_a_mmrm" name="e2e_tm_a_mmrm_Deselection_of_conf_level_throws_validation_error_in_method_t_mmrm_lsmeans."/>
    <testcase time="10.763" classname="shinytest2_tm_a_mmrm" name="e2e_tm_a_mmrm_Deselection_of_aval_var_throws_validation_error_in_method_g_mmrm_lsmeans."/>
    <testcase time="0.762" classname="shinytest2_tm_a_mmrm" name="e2e_tm_a_mmrm_Deselection_of_aval_var_throws_validation_error_in_method_g_mmrm_lsmeans."/>
    <testcase time="0.00900000000001455" classname="shinytest2_tm_a_mmrm" name="e2e_tm_a_mmrm_Deselection_of_aval_var_throws_validation_error_in_method_g_mmrm_lsmeans."/>
    <testcase time="0.00499999999999545" classname="shinytest2_tm_a_mmrm" name="e2e_tm_a_mmrm_Deselection_of_aval_var_throws_validation_error_in_method_g_mmrm_lsmeans."/>
    <testcase time="10.833" classname="shinytest2_tm_a_mmrm" name="e2e_tm_a_mmrm_Deselection_paramcd_throws_validation_error_in_method_g_mmrm_lsmeans."/>
    <testcase time="0.766999999999996" classname="shinytest2_tm_a_mmrm" name="e2e_tm_a_mmrm_Deselection_paramcd_throws_validation_error_in_method_g_mmrm_lsmeans."/>
    <testcase time="0.00799999999998136" classname="shinytest2_tm_a_mmrm" name="e2e_tm_a_mmrm_Deselection_paramcd_throws_validation_error_in_method_g_mmrm_lsmeans."/>
    <testcase time="0.00599999999997181" classname="shinytest2_tm_a_mmrm" name="e2e_tm_a_mmrm_Deselection_paramcd_throws_validation_error_in_method_g_mmrm_lsmeans."/>
    <testcase time="10.815" classname="shinytest2_tm_a_mmrm" name="e2e_tm_a_mmrm_Deselection_of_visit_var_throws_validation_error_in_method_g_mmrm_lsmeans."/>
    <testcase time="0.759000000000015" classname="shinytest2_tm_a_mmrm" name="e2e_tm_a_mmrm_Deselection_of_visit_var_throws_validation_error_in_method_g_mmrm_lsmeans."/>
    <testcase time="0.007000000000005" classname="shinytest2_tm_a_mmrm" name="e2e_tm_a_mmrm_Deselection_of_visit_var_throws_validation_error_in_method_g_mmrm_lsmeans."/>
    <testcase time="0.00599999999997181" classname="shinytest2_tm_a_mmrm" name="e2e_tm_a_mmrm_Deselection_of_visit_var_throws_validation_error_in_method_g_mmrm_lsmeans."/>
    <testcase time="10.775" classname="shinytest2_tm_a_mmrm" name="e2e_tm_a_mmrm_Deselection_of_arm_var_throws_validation_error_in_method_g_mmrm_lsmeans."/>
    <testcase time="0.80600000000004" classname="shinytest2_tm_a_mmrm" name="e2e_tm_a_mmrm_Deselection_of_arm_var_throws_validation_error_in_method_g_mmrm_lsmeans."/>
    <testcase time="0.00899999999995771" classname="shinytest2_tm_a_mmrm" name="e2e_tm_a_mmrm_Deselection_of_arm_var_throws_validation_error_in_method_g_mmrm_lsmeans."/>
    <testcase time="0.00600000000002865" classname="shinytest2_tm_a_mmrm" name="e2e_tm_a_mmrm_Deselection_of_arm_var_throws_validation_error_in_method_g_mmrm_lsmeans."/>
    <testcase time="10.791" classname="shinytest2_tm_a_mmrm" name="e2e_tm_a_mmrm_Deselection_of_id_var_throws_validation_error_in_method_g_mmrm_lsmeans."/>
    <testcase time="0.771999999999991" classname="shinytest2_tm_a_mmrm" name="e2e_tm_a_mmrm_Deselection_of_id_var_throws_validation_error_in_method_g_mmrm_lsmeans."/>
    <testcase time="0.00799999999998136" classname="shinytest2_tm_a_mmrm" name="e2e_tm_a_mmrm_Deselection_of_id_var_throws_validation_error_in_method_g_mmrm_lsmeans."/>
    <testcase time="0.00600000000002865" classname="shinytest2_tm_a_mmrm" name="e2e_tm_a_mmrm_Deselection_of_id_var_throws_validation_error_in_method_g_mmrm_lsmeans."/>
    <testcase time="11.004" classname="shinytest2_tm_a_mmrm" name="e2e_tm_a_mmrm_Deselection_of_conf_level_throws_validation_error_in_method_g_mmrm_lsmeans."/>
    <testcase time="0.725999999999999" classname="shinytest2_tm_a_mmrm" name="e2e_tm_a_mmrm_Deselection_of_conf_level_throws_validation_error_in_method_g_mmrm_lsmeans."/>
    <testcase time="0.00799999999998136" classname="shinytest2_tm_a_mmrm" name="e2e_tm_a_mmrm_Deselection_of_conf_level_throws_validation_error_in_method_g_mmrm_lsmeans."/>
    <testcase time="0.00599999999997181" classname="shinytest2_tm_a_mmrm" name="e2e_tm_a_mmrm_Deselection_of_conf_level_throws_validation_error_in_method_g_mmrm_lsmeans."/>
    <testcase time="10.432" classname="shinytest2_tm_a_mmrm" name="e2e_tm_a_mmrm_Deselection_of_aval_var_throws_validation_error_in_method_t_mmrm_cov."/>
    <testcase time="0.605000000000018" classname="shinytest2_tm_a_mmrm" name="e2e_tm_a_mmrm_Deselection_of_aval_var_throws_validation_error_in_method_t_mmrm_cov."/>
    <testcase time="0.007000000000005" classname="shinytest2_tm_a_mmrm" name="e2e_tm_a_mmrm_Deselection_of_aval_var_throws_validation_error_in_method_t_mmrm_cov."/>
    <testcase time="0.00600000000002865" classname="shinytest2_tm_a_mmrm" name="e2e_tm_a_mmrm_Deselection_of_aval_var_throws_validation_error_in_method_t_mmrm_cov."/>
    <testcase time="10.319" classname="shinytest2_tm_a_mmrm" name="e2e_tm_a_mmrm_Deselection_paramcd_throws_validation_error_in_method_t_mmrm_cov."/>
    <testcase time="0.607000000000028" classname="shinytest2_tm_a_mmrm" name="e2e_tm_a_mmrm_Deselection_paramcd_throws_validation_error_in_method_t_mmrm_cov."/>
    <testcase time="0.00799999999998136" classname="shinytest2_tm_a_mmrm" name="e2e_tm_a_mmrm_Deselection_paramcd_throws_validation_error_in_method_t_mmrm_cov."/>
    <testcase time="0.00600000000002865" classname="shinytest2_tm_a_mmrm" name="e2e_tm_a_mmrm_Deselection_paramcd_throws_validation_error_in_method_t_mmrm_cov."/>
    <testcase time="10.423" classname="shinytest2_tm_a_mmrm" name="e2e_tm_a_mmrm_Deselection_of_visit_var_throws_validation_error_in_method_t_mmrm_cov."/>
    <testcase time="0.603000000000009" classname="shinytest2_tm_a_mmrm" name="e2e_tm_a_mmrm_Deselection_of_visit_var_throws_validation_error_in_method_t_mmrm_cov."/>
    <testcase time="0.00699999999994816" classname="shinytest2_tm_a_mmrm" name="e2e_tm_a_mmrm_Deselection_of_visit_var_throws_validation_error_in_method_t_mmrm_cov."/>
    <testcase time="0.00600000000002865" classname="shinytest2_tm_a_mmrm" name="e2e_tm_a_mmrm_Deselection_of_visit_var_throws_validation_error_in_method_t_mmrm_cov."/>
    <testcase time="10.41" classname="shinytest2_tm_a_mmrm" name="e2e_tm_a_mmrm_Deselection_of_arm_var_throws_validation_error_in_method_t_mmrm_cov."/>
    <testcase time="0.665999999999997" classname="shinytest2_tm_a_mmrm" name="e2e_tm_a_mmrm_Deselection_of_arm_var_throws_validation_error_in_method_t_mmrm_cov."/>
    <testcase time="0.00899999999995771" classname="shinytest2_tm_a_mmrm" name="e2e_tm_a_mmrm_Deselection_of_arm_var_throws_validation_error_in_method_t_mmrm_cov."/>
    <testcase time="0.00600000000002865" classname="shinytest2_tm_a_mmrm" name="e2e_tm_a_mmrm_Deselection_of_arm_var_throws_validation_error_in_method_t_mmrm_cov."/>
    <testcase time="10.381" classname="shinytest2_tm_a_mmrm" name="e2e_tm_a_mmrm_Deselection_of_id_var_throws_validation_error_in_method_t_mmrm_cov."/>
    <testcase time="0.600000000000023" classname="shinytest2_tm_a_mmrm" name="e2e_tm_a_mmrm_Deselection_of_id_var_throws_validation_error_in_method_t_mmrm_cov."/>
    <testcase time="0.00799999999998136" classname="shinytest2_tm_a_mmrm" name="e2e_tm_a_mmrm_Deselection_of_id_var_throws_validation_error_in_method_t_mmrm_cov."/>
    <testcase time="0.00600000000002865" classname="shinytest2_tm_a_mmrm" name="e2e_tm_a_mmrm_Deselection_of_id_var_throws_validation_error_in_method_t_mmrm_cov."/>
    <testcase time="10.395" classname="shinytest2_tm_a_mmrm" name="e2e_tm_a_mmrm_Deselection_of_conf_level_throws_validation_error_in_method_t_mmrm_cov."/>
    <testcase time="0.574999999999989" classname="shinytest2_tm_a_mmrm" name="e2e_tm_a_mmrm_Deselection_of_conf_level_throws_validation_error_in_method_t_mmrm_cov."/>
    <testcase time="0.0080000000000382" classname="shinytest2_tm_a_mmrm" name="e2e_tm_a_mmrm_Deselection_of_conf_level_throws_validation_error_in_method_t_mmrm_cov."/>
    <testcase time="0.00599999999997181" classname="shinytest2_tm_a_mmrm" name="e2e_tm_a_mmrm_Deselection_of_conf_level_throws_validation_error_in_method_t_mmrm_cov."/>
    <testcase time="10.434" classname="shinytest2_tm_a_mmrm" name="e2e_tm_a_mmrm_Deselection_of_aval_var_throws_validation_error_in_method_t_mmrm_fixed."/>
    <testcase time="0.60899999999998" classname="shinytest2_tm_a_mmrm" name="e2e_tm_a_mmrm_Deselection_of_aval_var_throws_validation_error_in_method_t_mmrm_fixed."/>
    <testcase time="0.007000000000005" classname="shinytest2_tm_a_mmrm" name="e2e_tm_a_mmrm_Deselection_of_aval_var_throws_validation_error_in_method_t_mmrm_fixed."/>
    <testcase time="0.0110000000000241" classname="shinytest2_tm_a_mmrm" name="e2e_tm_a_mmrm_Deselection_of_aval_var_throws_validation_error_in_method_t_mmrm_fixed."/>
    <testcase time="10.486" classname="shinytest2_tm_a_mmrm" name="e2e_tm_a_mmrm_Deselection_paramcd_throws_validation_error_in_method_t_mmrm_fixed."/>
    <testcase time="0.615000000000009" classname="shinytest2_tm_a_mmrm" name="e2e_tm_a_mmrm_Deselection_paramcd_throws_validation_error_in_method_t_mmrm_fixed."/>
    <testcase time="0.00799999999998136" classname="shinytest2_tm_a_mmrm" name="e2e_tm_a_mmrm_Deselection_paramcd_throws_validation_error_in_method_t_mmrm_fixed."/>
    <testcase time="0.00599999999997181" classname="shinytest2_tm_a_mmrm" name="e2e_tm_a_mmrm_Deselection_paramcd_throws_validation_error_in_method_t_mmrm_fixed."/>
    <testcase time="10.415" classname="shinytest2_tm_a_mmrm" name="e2e_tm_a_mmrm_Deselection_of_visit_var_throws_validation_error_in_method_t_mmrm_fixed."/>
    <testcase time="0.60899999999998" classname="shinytest2_tm_a_mmrm" name="e2e_tm_a_mmrm_Deselection_of_visit_var_throws_validation_error_in_method_t_mmrm_fixed."/>
    <testcase time="0.0080000000000382" classname="shinytest2_tm_a_mmrm" name="e2e_tm_a_mmrm_Deselection_of_visit_var_throws_validation_error_in_method_t_mmrm_fixed."/>
    <testcase time="0.00599999999997181" classname="shinytest2_tm_a_mmrm" name="e2e_tm_a_mmrm_Deselection_of_visit_var_throws_validation_error_in_method_t_mmrm_fixed."/>
    <testcase time="10.543" classname="shinytest2_tm_a_mmrm" name="e2e_tm_a_mmrm_Deselection_of_arm_var_throws_validation_error_in_method_t_mmrm_fixed."/>
    <testcase time="0.648000000000025" classname="shinytest2_tm_a_mmrm" name="e2e_tm_a_mmrm_Deselection_of_arm_var_throws_validation_error_in_method_t_mmrm_fixed."/>
    <testcase time="0.00799999999998136" classname="shinytest2_tm_a_mmrm" name="e2e_tm_a_mmrm_Deselection_of_arm_var_throws_validation_error_in_method_t_mmrm_fixed."/>
    <testcase time="0.00599999999997181" classname="shinytest2_tm_a_mmrm" name="e2e_tm_a_mmrm_Deselection_of_arm_var_throws_validation_error_in_method_t_mmrm_fixed."/>
    <testcase time="10.424" classname="shinytest2_tm_a_mmrm" name="e2e_tm_a_mmrm_Deselection_of_id_var_throws_validation_error_in_method_t_mmrm_fixed."/>
    <testcase time="0.59699999999998" classname="shinytest2_tm_a_mmrm" name="e2e_tm_a_mmrm_Deselection_of_id_var_throws_validation_error_in_method_t_mmrm_fixed."/>
    <testcase time="0.0080000000000382" classname="shinytest2_tm_a_mmrm" name="e2e_tm_a_mmrm_Deselection_of_id_var_throws_validation_error_in_method_t_mmrm_fixed."/>
    <testcase time="0.00599999999997181" classname="shinytest2_tm_a_mmrm" name="e2e_tm_a_mmrm_Deselection_of_id_var_throws_validation_error_in_method_t_mmrm_fixed."/>
    <testcase time="10.495" classname="shinytest2_tm_a_mmrm" name="e2e_tm_a_mmrm_Deselection_of_conf_level_throws_validation_error_in_method_t_mmrm_fixed."/>
    <testcase time="0.577999999999975" classname="shinytest2_tm_a_mmrm" name="e2e_tm_a_mmrm_Deselection_of_conf_level_throws_validation_error_in_method_t_mmrm_fixed."/>
    <testcase time="0.0080000000000382" classname="shinytest2_tm_a_mmrm" name="e2e_tm_a_mmrm_Deselection_of_conf_level_throws_validation_error_in_method_t_mmrm_fixed."/>
    <testcase time="0.00599999999997181" classname="shinytest2_tm_a_mmrm" name="e2e_tm_a_mmrm_Deselection_of_conf_level_throws_validation_error_in_method_t_mmrm_fixed."/>
    <testcase time="10.438" classname="shinytest2_tm_a_mmrm" name="e2e_tm_a_mmrm_Deselection_of_aval_var_throws_validation_error_in_method_t_mmrm_diagnostic."/>
    <testcase time="0.598000000000013" classname="shinytest2_tm_a_mmrm" name="e2e_tm_a_mmrm_Deselection_of_aval_var_throws_validation_error_in_method_t_mmrm_diagnostic."/>
    <testcase time="0.0080000000000382" classname="shinytest2_tm_a_mmrm" name="e2e_tm_a_mmrm_Deselection_of_aval_var_throws_validation_error_in_method_t_mmrm_diagnostic."/>
    <testcase time="0.00699999999994816" classname="shinytest2_tm_a_mmrm" name="e2e_tm_a_mmrm_Deselection_of_aval_var_throws_validation_error_in_method_t_mmrm_diagnostic."/>
    <testcase time="10.401" classname="shinytest2_tm_a_mmrm" name="e2e_tm_a_mmrm_Deselection_paramcd_throws_validation_error_in_method_t_mmrm_diagnostic."/>
    <testcase time="0.610000000000014" classname="shinytest2_tm_a_mmrm" name="e2e_tm_a_mmrm_Deselection_paramcd_throws_validation_error_in_method_t_mmrm_diagnostic."/>
    <testcase time="0.00799999999998136" classname="shinytest2_tm_a_mmrm" name="e2e_tm_a_mmrm_Deselection_paramcd_throws_validation_error_in_method_t_mmrm_diagnostic."/>
    <testcase time="0.007000000000005" classname="shinytest2_tm_a_mmrm" name="e2e_tm_a_mmrm_Deselection_paramcd_throws_validation_error_in_method_t_mmrm_diagnostic."/>
    <testcase time="10.353" classname="shinytest2_tm_a_mmrm" name="e2e_tm_a_mmrm_Deselection_of_visit_var_throws_validation_error_in_method_t_mmrm_diagnostic."/>
    <testcase time="0.598000000000013" classname="shinytest2_tm_a_mmrm" name="e2e_tm_a_mmrm_Deselection_of_visit_var_throws_validation_error_in_method_t_mmrm_diagnostic."/>
    <testcase time="0.00799999999998136" classname="shinytest2_tm_a_mmrm" name="e2e_tm_a_mmrm_Deselection_of_visit_var_throws_validation_error_in_method_t_mmrm_diagnostic."/>
    <testcase time="0.007000000000005" classname="shinytest2_tm_a_mmrm" name="e2e_tm_a_mmrm_Deselection_of_visit_var_throws_validation_error_in_method_t_mmrm_diagnostic."/>
    <testcase time="10.389" classname="shinytest2_tm_a_mmrm" name="e2e_tm_a_mmrm_Deselection_of_arm_var_throws_validation_error_in_method_t_mmrm_diagnostic."/>
    <testcase time="0.651999999999987" classname="shinytest2_tm_a_mmrm" name="e2e_tm_a_mmrm_Deselection_of_arm_var_throws_validation_error_in_method_t_mmrm_diagnostic."/>
    <testcase time="0.00900000000001455" classname="shinytest2_tm_a_mmrm" name="e2e_tm_a_mmrm_Deselection_of_arm_var_throws_validation_error_in_method_t_mmrm_diagnostic."/>
    <testcase time="0.00599999999997181" classname="shinytest2_tm_a_mmrm" name="e2e_tm_a_mmrm_Deselection_of_arm_var_throws_validation_error_in_method_t_mmrm_diagnostic."/>
    <testcase time="10.469" classname="shinytest2_tm_a_mmrm" name="e2e_tm_a_mmrm_Deselection_of_id_var_throws_validation_error_in_method_t_mmrm_diagnostic."/>
    <testcase time="0.610000000000014" classname="shinytest2_tm_a_mmrm" name="e2e_tm_a_mmrm_Deselection_of_id_var_throws_validation_error_in_method_t_mmrm_diagnostic."/>
    <testcase time="0.00900000000001455" classname="shinytest2_tm_a_mmrm" name="e2e_tm_a_mmrm_Deselection_of_id_var_throws_validation_error_in_method_t_mmrm_diagnostic."/>
    <testcase time="0.00699999999994816" classname="shinytest2_tm_a_mmrm" name="e2e_tm_a_mmrm_Deselection_of_id_var_throws_validation_error_in_method_t_mmrm_diagnostic."/>
    <testcase time="10.4300000000001" classname="shinytest2_tm_a_mmrm" name="e2e_tm_a_mmrm_Deselection_of_conf_level_throws_validation_error_in_method_t_mmrm_diagnostic."/>
    <testcase time="0.573999999999955" classname="shinytest2_tm_a_mmrm" name="e2e_tm_a_mmrm_Deselection_of_conf_level_throws_validation_error_in_method_t_mmrm_diagnostic."/>
    <testcase time="0.0080000000000382" classname="shinytest2_tm_a_mmrm" name="e2e_tm_a_mmrm_Deselection_of_conf_level_throws_validation_error_in_method_t_mmrm_diagnostic."/>
    <testcase time="0.00599999999997181" classname="shinytest2_tm_a_mmrm" name="e2e_tm_a_mmrm_Deselection_of_conf_level_throws_validation_error_in_method_t_mmrm_diagnostic."/>
    <testcase time="10.7470000000001" classname="shinytest2_tm_a_mmrm" name="e2e_tm_a_mmrm_Deselection_of_aval_var_throws_validation_error_in_method_g_mmrm_diagnostic."/>
    <testcase time="0.759999999999991" classname="shinytest2_tm_a_mmrm" name="e2e_tm_a_mmrm_Deselection_of_aval_var_throws_validation_error_in_method_g_mmrm_diagnostic."/>
    <testcase time="0.00900000000001455" classname="shinytest2_tm_a_mmrm" name="e2e_tm_a_mmrm_Deselection_of_aval_var_throws_validation_error_in_method_g_mmrm_diagnostic."/>
    <testcase time="0.00599999999997181" classname="shinytest2_tm_a_mmrm" name="e2e_tm_a_mmrm_Deselection_of_aval_var_throws_validation_error_in_method_g_mmrm_diagnostic."/>
    <testcase time="10.795" classname="shinytest2_tm_a_mmrm" name="e2e_tm_a_mmrm_Deselection_paramcd_throws_validation_error_in_method_g_mmrm_diagnostic."/>
    <testcase time="0.788000000000011" classname="shinytest2_tm_a_mmrm" name="e2e_tm_a_mmrm_Deselection_paramcd_throws_validation_error_in_method_g_mmrm_diagnostic."/>
    <testcase time="0.00900000000001455" classname="shinytest2_tm_a_mmrm" name="e2e_tm_a_mmrm_Deselection_paramcd_throws_validation_error_in_method_g_mmrm_diagnostic."/>
    <testcase time="0.00599999999997181" classname="shinytest2_tm_a_mmrm" name="e2e_tm_a_mmrm_Deselection_paramcd_throws_validation_error_in_method_g_mmrm_diagnostic."/>
    <testcase time="10.986" classname="shinytest2_tm_a_mmrm" name="e2e_tm_a_mmrm_Deselection_of_visit_var_throws_validation_error_in_method_g_mmrm_diagnostic."/>
    <testcase time="0.838000000000079" classname="shinytest2_tm_a_mmrm" name="e2e_tm_a_mmrm_Deselection_of_visit_var_throws_validation_error_in_method_g_mmrm_diagnostic."/>
    <testcase time="0.00799999999992451" classname="shinytest2_tm_a_mmrm" name="e2e_tm_a_mmrm_Deselection_of_visit_var_throws_validation_error_in_method_g_mmrm_diagnostic."/>
    <testcase time="0.00599999999997181" classname="shinytest2_tm_a_mmrm" name="e2e_tm_a_mmrm_Deselection_of_visit_var_throws_validation_error_in_method_g_mmrm_diagnostic."/>
    <testcase time="10.6420000000001" classname="shinytest2_tm_a_mmrm" name="e2e_tm_a_mmrm_Deselection_of_arm_var_throws_validation_error_in_method_g_mmrm_diagnostic."/>
    <testcase time="0.797000000000025" classname="shinytest2_tm_a_mmrm" name="e2e_tm_a_mmrm_Deselection_of_arm_var_throws_validation_error_in_method_g_mmrm_diagnostic."/>
    <testcase time="0.00900000000001455" classname="shinytest2_tm_a_mmrm" name="e2e_tm_a_mmrm_Deselection_of_arm_var_throws_validation_error_in_method_g_mmrm_diagnostic."/>
    <testcase time="0.00599999999997181" classname="shinytest2_tm_a_mmrm" name="e2e_tm_a_mmrm_Deselection_of_arm_var_throws_validation_error_in_method_g_mmrm_diagnostic."/>
    <testcase time="10.686" classname="shinytest2_tm_a_mmrm" name="e2e_tm_a_mmrm_Deselection_of_id_var_throws_validation_error_in_method_g_mmrm_diagnostic."/>
    <testcase time="0.769000000000005" classname="shinytest2_tm_a_mmrm" name="e2e_tm_a_mmrm_Deselection_of_id_var_throws_validation_error_in_method_g_mmrm_diagnostic."/>
    <testcase time="0.00799999999992451" classname="shinytest2_tm_a_mmrm" name="e2e_tm_a_mmrm_Deselection_of_id_var_throws_validation_error_in_method_g_mmrm_diagnostic."/>
    <testcase time="0.00599999999997181" classname="shinytest2_tm_a_mmrm" name="e2e_tm_a_mmrm_Deselection_of_id_var_throws_validation_error_in_method_g_mmrm_diagnostic."/>
    <testcase time="10.763" classname="shinytest2_tm_a_mmrm" name="e2e_tm_a_mmrm_Deselection_of_conf_level_throws_validation_error_in_method_g_mmrm_diagnostic."/>
    <testcase time="0.745000000000005" classname="shinytest2_tm_a_mmrm" name="e2e_tm_a_mmrm_Deselection_of_conf_level_throws_validation_error_in_method_g_mmrm_diagnostic."/>
    <testcase time="0.0080000000000382" classname="shinytest2_tm_a_mmrm" name="e2e_tm_a_mmrm_Deselection_of_conf_level_throws_validation_error_in_method_g_mmrm_diagnostic."/>
    <testcase time="0.00599999999997181" classname="shinytest2_tm_a_mmrm" name="e2e_tm_a_mmrm_Deselection_of_conf_level_throws_validation_error_in_method_g_mmrm_diagnostic."/>
    <testcase time="10.199" classname="shinytest2_tm_a_mmrm" name="e2e_tm_a_mmrm_Validate_output_on_different_selection_on_method_t_mmrm_lsmeans."/>
    <testcase time="3.78100000000006" classname="shinytest2_tm_a_mmrm" name="e2e_tm_a_mmrm_Validate_output_on_different_selection_on_method_t_mmrm_lsmeans."/>
    <testcase time="0.0109999999999673" classname="shinytest2_tm_a_mmrm" name="e2e_tm_a_mmrm_Validate_output_on_different_selection_on_method_t_mmrm_lsmeans."/>
    <testcase time="3.76900000000001" classname="shinytest2_tm_a_mmrm" name="e2e_tm_a_mmrm_Validate_output_on_different_selection_on_method_t_mmrm_lsmeans."/>
    <testcase time="0.00999999999999091" classname="shinytest2_tm_a_mmrm" name="e2e_tm_a_mmrm_Validate_output_on_different_selection_on_method_t_mmrm_lsmeans."/>
    <testcase time="3.80399999999997" classname="shinytest2_tm_a_mmrm" name="e2e_tm_a_mmrm_Validate_output_on_different_selection_on_method_t_mmrm_lsmeans."/>
    <testcase time="0.0100000000001046" classname="shinytest2_tm_a_mmrm" name="e2e_tm_a_mmrm_Validate_output_on_different_selection_on_method_t_mmrm_lsmeans."/>
    <testcase time="3.83199999999999" classname="shinytest2_tm_a_mmrm" name="e2e_tm_a_mmrm_Validate_output_on_different_selection_on_method_t_mmrm_lsmeans."/>
    <testcase time="0.00999999999999091" classname="shinytest2_tm_a_mmrm" name="e2e_tm_a_mmrm_Validate_output_on_different_selection_on_method_t_mmrm_lsmeans."/>
    <testcase time="3.95600000000002" classname="shinytest2_tm_a_mmrm" name="e2e_tm_a_mmrm_Validate_output_on_different_selection_on_method_t_mmrm_lsmeans."/>
    <testcase time="0.00999999999999091" classname="shinytest2_tm_a_mmrm" name="e2e_tm_a_mmrm_Validate_output_on_different_selection_on_method_t_mmrm_lsmeans."/>
    <testcase time="3.62799999999993" classname="shinytest2_tm_a_mmrm" name="e2e_tm_a_mmrm_Validate_output_on_different_selection_on_method_t_mmrm_lsmeans."/>
    <testcase time="0.0110000000000809" classname="shinytest2_tm_a_mmrm" name="e2e_tm_a_mmrm_Validate_output_on_different_selection_on_method_t_mmrm_lsmeans."/>
    <testcase time="3.79699999999991" classname="shinytest2_tm_a_mmrm" name="e2e_tm_a_mmrm_Validate_output_on_different_selection_on_method_t_mmrm_lsmeans."/>
    <testcase time="0.0110000000000809" classname="shinytest2_tm_a_mmrm" name="e2e_tm_a_mmrm_Validate_output_on_different_selection_on_method_t_mmrm_lsmeans."/>
    <testcase time="3.5379999999999" classname="shinytest2_tm_a_mmrm" name="e2e_tm_a_mmrm_Validate_output_on_different_selection_on_method_t_mmrm_lsmeans."/>
    <testcase time="0.0100000000001046" classname="shinytest2_tm_a_mmrm" name="e2e_tm_a_mmrm_Validate_output_on_different_selection_on_method_t_mmrm_lsmeans."/>
    <testcase time="3.32899999999995" classname="shinytest2_tm_a_mmrm" name="e2e_tm_a_mmrm_Validate_output_on_different_selection_on_method_t_mmrm_lsmeans."/>
    <testcase time="0.00999999999999091" classname="shinytest2_tm_a_mmrm" name="e2e_tm_a_mmrm_Validate_output_on_different_selection_on_method_t_mmrm_lsmeans."/>
    <testcase time="3.62300000000005" classname="shinytest2_tm_a_mmrm" name="e2e_tm_a_mmrm_Validate_output_on_different_selection_on_method_t_mmrm_lsmeans."/>
    <testcase time="0.00999999999999091" classname="shinytest2_tm_a_mmrm" name="e2e_tm_a_mmrm_Validate_output_on_different_selection_on_method_t_mmrm_lsmeans."/>
    <testcase time="3.76900000000001" classname="shinytest2_tm_a_mmrm" name="e2e_tm_a_mmrm_Validate_output_on_different_selection_on_method_t_mmrm_lsmeans."/>
    <testcase time="0.00999999999999091" classname="shinytest2_tm_a_mmrm" name="e2e_tm_a_mmrm_Validate_output_on_different_selection_on_method_t_mmrm_lsmeans."/>
    <testcase time="10.6759999999999" classname="shinytest2_tm_a_mmrm" name="e2e_tm_a_mmrm_Validate_output_on_different_selection_on_method_g_mmrm_lsmeans."/>
    <testcase time="3.93700000000001" classname="shinytest2_tm_a_mmrm" name="e2e_tm_a_mmrm_Validate_output_on_different_selection_on_method_g_mmrm_lsmeans."/>
    <testcase time="0.0210000000000719" classname="shinytest2_tm_a_mmrm" name="e2e_tm_a_mmrm_Validate_output_on_different_selection_on_method_g_mmrm_lsmeans."/>
    <testcase time="3.59199999999998" classname="shinytest2_tm_a_mmrm" name="e2e_tm_a_mmrm_Validate_output_on_different_selection_on_method_g_mmrm_lsmeans."/>
    <testcase time="0.0230000000000246" classname="shinytest2_tm_a_mmrm" name="e2e_tm_a_mmrm_Validate_output_on_different_selection_on_method_g_mmrm_lsmeans."/>
    <testcase time="4.05999999999995" classname="shinytest2_tm_a_mmrm" name="e2e_tm_a_mmrm_Validate_output_on_different_selection_on_method_g_mmrm_lsmeans."/>
    <testcase time="0.0199999999999818" classname="shinytest2_tm_a_mmrm" name="e2e_tm_a_mmrm_Validate_output_on_different_selection_on_method_g_mmrm_lsmeans."/>
    <testcase time="3.91000000000008" classname="shinytest2_tm_a_mmrm" name="e2e_tm_a_mmrm_Validate_output_on_different_selection_on_method_g_mmrm_lsmeans."/>
    <testcase time="0.0219999999999345" classname="shinytest2_tm_a_mmrm" name="e2e_tm_a_mmrm_Validate_output_on_different_selection_on_method_g_mmrm_lsmeans."/>
    <testcase time="4.04899999999998" classname="shinytest2_tm_a_mmrm" name="e2e_tm_a_mmrm_Validate_output_on_different_selection_on_method_g_mmrm_lsmeans."/>
    <testcase time="0.0220000000000482" classname="shinytest2_tm_a_mmrm" name="e2e_tm_a_mmrm_Validate_output_on_different_selection_on_method_g_mmrm_lsmeans."/>
    <testcase time="3.57600000000002" classname="shinytest2_tm_a_mmrm" name="e2e_tm_a_mmrm_Validate_output_on_different_selection_on_method_g_mmrm_lsmeans."/>
    <testcase time="0.0219999999999345" classname="shinytest2_tm_a_mmrm" name="e2e_tm_a_mmrm_Validate_output_on_different_selection_on_method_g_mmrm_lsmeans."/>
    <testcase time="3.61000000000001" classname="shinytest2_tm_a_mmrm" name="e2e_tm_a_mmrm_Validate_output_on_different_selection_on_method_g_mmrm_lsmeans."/>
    <testcase time="0.0220000000000482" classname="shinytest2_tm_a_mmrm" name="e2e_tm_a_mmrm_Validate_output_on_different_selection_on_method_g_mmrm_lsmeans."/>
    <testcase time="3.60199999999998" classname="shinytest2_tm_a_mmrm" name="e2e_tm_a_mmrm_Validate_output_on_different_selection_on_method_g_mmrm_lsmeans."/>
    <testcase time="0.0209999999999582" classname="shinytest2_tm_a_mmrm" name="e2e_tm_a_mmrm_Validate_output_on_different_selection_on_method_g_mmrm_lsmeans."/>
    <testcase time="3.84900000000005" classname="shinytest2_tm_a_mmrm" name="e2e_tm_a_mmrm_Validate_output_on_different_selection_on_method_g_mmrm_lsmeans."/>
    <testcase time="0.0199999999999818" classname="shinytest2_tm_a_mmrm" name="e2e_tm_a_mmrm_Validate_output_on_different_selection_on_method_g_mmrm_lsmeans."/>
    <testcase time="3.42100000000005" classname="shinytest2_tm_a_mmrm" name="e2e_tm_a_mmrm_Validate_output_on_different_selection_on_method_g_mmrm_lsmeans."/>
    <testcase time="0.0209999999999582" classname="shinytest2_tm_a_mmrm" name="e2e_tm_a_mmrm_Validate_output_on_different_selection_on_method_g_mmrm_lsmeans."/>
    <testcase time="10.303" classname="shinytest2_tm_a_mmrm" name="e2e_tm_a_mmrm_Validate_output_on_different_selection_on_method_t_mmrm_cov."/>
    <testcase time="3.58299999999997" classname="shinytest2_tm_a_mmrm" name="e2e_tm_a_mmrm_Validate_output_on_different_selection_on_method_t_mmrm_cov."/>
    <testcase time="0.0080000000000382" classname="shinytest2_tm_a_mmrm" name="e2e_tm_a_mmrm_Validate_output_on_different_selection_on_method_t_mmrm_cov."/>
    <testcase time="3.56799999999998" classname="shinytest2_tm_a_mmrm" name="e2e_tm_a_mmrm_Validate_output_on_different_selection_on_method_t_mmrm_cov."/>
    <testcase time="0.0080000000000382" classname="shinytest2_tm_a_mmrm" name="e2e_tm_a_mmrm_Validate_output_on_different_selection_on_method_t_mmrm_cov."/>
    <testcase time="3.553" classname="shinytest2_tm_a_mmrm" name="e2e_tm_a_mmrm_Validate_output_on_different_selection_on_method_t_mmrm_cov."/>
    <testcase time="0.0080000000000382" classname="shinytest2_tm_a_mmrm" name="e2e_tm_a_mmrm_Validate_output_on_different_selection_on_method_t_mmrm_cov."/>
    <testcase time="3.64499999999998" classname="shinytest2_tm_a_mmrm" name="e2e_tm_a_mmrm_Validate_output_on_different_selection_on_method_t_mmrm_cov."/>
    <testcase time="0.00900000000001455" classname="shinytest2_tm_a_mmrm" name="e2e_tm_a_mmrm_Validate_output_on_different_selection_on_method_t_mmrm_cov."/>
    <testcase time="3.81599999999992" classname="shinytest2_tm_a_mmrm" name="e2e_tm_a_mmrm_Validate_output_on_different_selection_on_method_t_mmrm_cov."/>
    <testcase time="0.0080000000000382" classname="shinytest2_tm_a_mmrm" name="e2e_tm_a_mmrm_Validate_output_on_different_selection_on_method_t_mmrm_cov."/>
    <testcase time="3.32500000000005" classname="shinytest2_tm_a_mmrm" name="e2e_tm_a_mmrm_Validate_output_on_different_selection_on_method_t_mmrm_cov."/>
    <testcase time="0.00799999999992451" classname="shinytest2_tm_a_mmrm" name="e2e_tm_a_mmrm_Validate_output_on_different_selection_on_method_t_mmrm_cov."/>
    <testcase time="3.59199999999998" classname="shinytest2_tm_a_mmrm" name="e2e_tm_a_mmrm_Validate_output_on_different_selection_on_method_t_mmrm_cov."/>
    <testcase time="0.00900000000001455" classname="shinytest2_tm_a_mmrm" name="e2e_tm_a_mmrm_Validate_output_on_different_selection_on_method_t_mmrm_cov."/>
    <testcase time="3.33400000000006" classname="shinytest2_tm_a_mmrm" name="e2e_tm_a_mmrm_Validate_output_on_different_selection_on_method_t_mmrm_cov."/>
    <testcase time="0.01299999999992" classname="shinytest2_tm_a_mmrm" name="e2e_tm_a_mmrm_Validate_output_on_different_selection_on_method_t_mmrm_cov."/>
    <testcase time="3.3180000000001" classname="shinytest2_tm_a_mmrm" name="e2e_tm_a_mmrm_Validate_output_on_different_selection_on_method_t_mmrm_cov."/>
    <testcase time="0.00799999999992451" classname="shinytest2_tm_a_mmrm" name="e2e_tm_a_mmrm_Validate_output_on_different_selection_on_method_t_mmrm_cov."/>
    <testcase time="3.41200000000003" classname="shinytest2_tm_a_mmrm" name="e2e_tm_a_mmrm_Validate_output_on_different_selection_on_method_t_mmrm_cov."/>
    <testcase time="0.00900000000001455" classname="shinytest2_tm_a_mmrm" name="e2e_tm_a_mmrm_Validate_output_on_different_selection_on_method_t_mmrm_cov."/>
    <testcase time="3.33699999999999" classname="shinytest2_tm_a_mmrm" name="e2e_tm_a_mmrm_Validate_output_on_different_selection_on_method_t_mmrm_cov."/>
    <testcase time="0.0080000000000382" classname="shinytest2_tm_a_mmrm" name="e2e_tm_a_mmrm_Validate_output_on_different_selection_on_method_t_mmrm_cov."/>
    <testcase time="10.5179999999999" classname="shinytest2_tm_a_mmrm" name="e2e_tm_a_mmrm_Validate_output_on_different_selection_on_method_t_mmrm_fixed."/>
    <testcase time="3.58300000000008" classname="shinytest2_tm_a_mmrm" name="e2e_tm_a_mmrm_Validate_output_on_different_selection_on_method_t_mmrm_fixed."/>
    <testcase time="0.00899999999990087" classname="shinytest2_tm_a_mmrm" name="e2e_tm_a_mmrm_Validate_output_on_different_selection_on_method_t_mmrm_fixed."/>
    <testcase time="3.53200000000004" classname="shinytest2_tm_a_mmrm" name="e2e_tm_a_mmrm_Validate_output_on_different_selection_on_method_t_mmrm_fixed."/>
    <testcase time="0.0080000000000382" classname="shinytest2_tm_a_mmrm" name="e2e_tm_a_mmrm_Validate_output_on_different_selection_on_method_t_mmrm_fixed."/>
    <testcase time="3.55999999999995" classname="shinytest2_tm_a_mmrm" name="e2e_tm_a_mmrm_Validate_output_on_different_selection_on_method_t_mmrm_fixed."/>
    <testcase time="0.01299999999992" classname="shinytest2_tm_a_mmrm" name="e2e_tm_a_mmrm_Validate_output_on_different_selection_on_method_t_mmrm_fixed."/>
    <testcase time="3.63599999999997" classname="shinytest2_tm_a_mmrm" name="e2e_tm_a_mmrm_Validate_output_on_different_selection_on_method_t_mmrm_fixed."/>
    <testcase time="0.00900000000001455" classname="shinytest2_tm_a_mmrm" name="e2e_tm_a_mmrm_Validate_output_on_different_selection_on_method_t_mmrm_fixed."/>
    <testcase time="3.79500000000007" classname="shinytest2_tm_a_mmrm" name="e2e_tm_a_mmrm_Validate_output_on_different_selection_on_method_t_mmrm_fixed."/>
    <testcase time="0.00900000000001455" classname="shinytest2_tm_a_mmrm" name="e2e_tm_a_mmrm_Validate_output_on_different_selection_on_method_t_mmrm_fixed."/>
    <testcase time="3.327" classname="shinytest2_tm_a_mmrm" name="e2e_tm_a_mmrm_Validate_output_on_different_selection_on_method_t_mmrm_fixed."/>
    <testcase time="0.00899999999990087" classname="shinytest2_tm_a_mmrm" name="e2e_tm_a_mmrm_Validate_output_on_different_selection_on_method_t_mmrm_fixed."/>
    <testcase time="3.58600000000001" classname="shinytest2_tm_a_mmrm" name="e2e_tm_a_mmrm_Validate_output_on_different_selection_on_method_t_mmrm_fixed."/>
    <testcase time="0.00900000000001455" classname="shinytest2_tm_a_mmrm" name="e2e_tm_a_mmrm_Validate_output_on_different_selection_on_method_t_mmrm_fixed."/>
    <testcase time="3.49400000000003" classname="shinytest2_tm_a_mmrm" name="e2e_tm_a_mmrm_Validate_output_on_different_selection_on_method_t_mmrm_fixed."/>
    <testcase time="0.00900000000001455" classname="shinytest2_tm_a_mmrm" name="e2e_tm_a_mmrm_Validate_output_on_different_selection_on_method_t_mmrm_fixed."/>
    <testcase time="3.31399999999996" classname="shinytest2_tm_a_mmrm" name="e2e_tm_a_mmrm_Validate_output_on_different_selection_on_method_t_mmrm_fixed."/>
    <testcase time="0.00900000000001455" classname="shinytest2_tm_a_mmrm" name="e2e_tm_a_mmrm_Validate_output_on_different_selection_on_method_t_mmrm_fixed."/>
    <testcase time="3.41700000000003" classname="shinytest2_tm_a_mmrm" name="e2e_tm_a_mmrm_Validate_output_on_different_selection_on_method_t_mmrm_fixed."/>
    <testcase time="0.00799999999992451" classname="shinytest2_tm_a_mmrm" name="e2e_tm_a_mmrm_Validate_output_on_different_selection_on_method_t_mmrm_fixed."/>
    <testcase time="3.34800000000007" classname="shinytest2_tm_a_mmrm" name="e2e_tm_a_mmrm_Validate_output_on_different_selection_on_method_t_mmrm_fixed."/>
    <testcase time="0.00900000000001455" classname="shinytest2_tm_a_mmrm" name="e2e_tm_a_mmrm_Validate_output_on_different_selection_on_method_t_mmrm_fixed."/>
    <testcase time="10.284" classname="shinytest2_tm_a_mmrm" name="e2e_tm_a_mmrm_Validate_output_on_different_selection_on_method_t_mmrm_diagnostic."/>
    <testcase time="3.58199999999999" classname="shinytest2_tm_a_mmrm" name="e2e_tm_a_mmrm_Validate_output_on_different_selection_on_method_t_mmrm_diagnostic."/>
    <testcase time="0.0080000000000382" classname="shinytest2_tm_a_mmrm" name="e2e_tm_a_mmrm_Validate_output_on_different_selection_on_method_t_mmrm_diagnostic."/>
    <testcase time="3.31999999999994" classname="shinytest2_tm_a_mmrm" name="e2e_tm_a_mmrm_Validate_output_on_different_selection_on_method_t_mmrm_diagnostic."/>
    <testcase time="0.0080000000000382" classname="shinytest2_tm_a_mmrm" name="e2e_tm_a_mmrm_Validate_output_on_different_selection_on_method_t_mmrm_diagnostic."/>
    <testcase time="3.57299999999998" classname="shinytest2_tm_a_mmrm" name="e2e_tm_a_mmrm_Validate_output_on_different_selection_on_method_t_mmrm_diagnostic."/>
    <testcase time="0.0080000000000382" classname="shinytest2_tm_a_mmrm" name="e2e_tm_a_mmrm_Validate_output_on_different_selection_on_method_t_mmrm_diagnostic."/>
    <testcase time="3.62199999999996" classname="shinytest2_tm_a_mmrm" name="e2e_tm_a_mmrm_Validate_output_on_different_selection_on_method_t_mmrm_diagnostic."/>
    <testcase time="0.0080000000000382" classname="shinytest2_tm_a_mmrm" name="e2e_tm_a_mmrm_Validate_output_on_different_selection_on_method_t_mmrm_diagnostic."/>
    <testcase time="3.72899999999993" classname="shinytest2_tm_a_mmrm" name="e2e_tm_a_mmrm_Validate_output_on_different_selection_on_method_t_mmrm_diagnostic."/>
    <testcase time="0.00900000000001455" classname="shinytest2_tm_a_mmrm" name="e2e_tm_a_mmrm_Validate_output_on_different_selection_on_method_t_mmrm_diagnostic."/>
    <testcase time="3.404" classname="shinytest2_tm_a_mmrm" name="e2e_tm_a_mmrm_Validate_output_on_different_selection_on_method_t_mmrm_diagnostic."/>
    <testcase time="0.0080000000000382" classname="shinytest2_tm_a_mmrm" name="e2e_tm_a_mmrm_Validate_output_on_different_selection_on_method_t_mmrm_diagnostic."/>
    <testcase time="3.58699999999999" classname="shinytest2_tm_a_mmrm" name="e2e_tm_a_mmrm_Validate_output_on_different_selection_on_method_t_mmrm_diagnostic."/>
    <testcase time="0.0080000000000382" classname="shinytest2_tm_a_mmrm" name="e2e_tm_a_mmrm_Validate_output_on_different_selection_on_method_t_mmrm_diagnostic."/>
    <testcase time="3.32799999999997" classname="shinytest2_tm_a_mmrm" name="e2e_tm_a_mmrm_Validate_output_on_different_selection_on_method_t_mmrm_diagnostic."/>
    <testcase time="0.0080000000000382" classname="shinytest2_tm_a_mmrm" name="e2e_tm_a_mmrm_Validate_output_on_different_selection_on_method_t_mmrm_diagnostic."/>
    <testcase time="3.31799999999998" classname="shinytest2_tm_a_mmrm" name="e2e_tm_a_mmrm_Validate_output_on_different_selection_on_method_t_mmrm_diagnostic."/>
    <testcase time="0.00799999999992451" classname="shinytest2_tm_a_mmrm" name="e2e_tm_a_mmrm_Validate_output_on_different_selection_on_method_t_mmrm_diagnostic."/>
    <testcase time="3.39100000000008" classname="shinytest2_tm_a_mmrm" name="e2e_tm_a_mmrm_Validate_output_on_different_selection_on_method_t_mmrm_diagnostic."/>
    <testcase time="0.0119999999999436" classname="shinytest2_tm_a_mmrm" name="e2e_tm_a_mmrm_Validate_output_on_different_selection_on_method_t_mmrm_diagnostic."/>
    <testcase time="3.33900000000006" classname="shinytest2_tm_a_mmrm" name="e2e_tm_a_mmrm_Validate_output_on_different_selection_on_method_t_mmrm_diagnostic."/>
    <testcase time="0.00799999999992451" classname="shinytest2_tm_a_mmrm" name="e2e_tm_a_mmrm_Validate_output_on_different_selection_on_method_t_mmrm_diagnostic."/>
    <testcase time="10.648" classname="shinytest2_tm_a_mmrm" name="e2e_tm_a_mmrm_Validate_output_on_different_selection_on_method_g_mmrm_diagnostic."/>
    <testcase time="3.745" classname="shinytest2_tm_a_mmrm" name="e2e_tm_a_mmrm_Validate_output_on_different_selection_on_method_g_mmrm_diagnostic."/>
    <testcase time="0.0220000000000482" classname="shinytest2_tm_a_mmrm" name="e2e_tm_a_mmrm_Validate_output_on_different_selection_on_method_g_mmrm_diagnostic."/>
    <testcase time="3.654" classname="shinytest2_tm_a_mmrm" name="e2e_tm_a_mmrm_Validate_output_on_different_selection_on_method_g_mmrm_diagnostic."/>
    <testcase time="0.0230000000000246" classname="shinytest2_tm_a_mmrm" name="e2e_tm_a_mmrm_Validate_output_on_different_selection_on_method_g_mmrm_diagnostic."/>
    <testcase time="3.62799999999993" classname="shinytest2_tm_a_mmrm" name="e2e_tm_a_mmrm_Validate_output_on_different_selection_on_method_g_mmrm_diagnostic."/>
    <testcase time="0.0240000000000009" classname="shinytest2_tm_a_mmrm" name="e2e_tm_a_mmrm_Validate_output_on_different_selection_on_method_g_mmrm_diagnostic."/>
    <testcase time="3.95100000000002" classname="shinytest2_tm_a_mmrm" name="e2e_tm_a_mmrm_Validate_output_on_different_selection_on_method_g_mmrm_diagnostic."/>
    <testcase time="0.0249999999999773" classname="shinytest2_tm_a_mmrm" name="e2e_tm_a_mmrm_Validate_output_on_different_selection_on_method_g_mmrm_diagnostic."/>
    <testcase time="3.41600000000005" classname="shinytest2_tm_a_mmrm" name="e2e_tm_a_mmrm_Validate_output_on_different_selection_on_method_g_mmrm_diagnostic."/>
    <testcase time="0.0240000000000009" classname="shinytest2_tm_a_mmrm" name="e2e_tm_a_mmrm_Validate_output_on_different_selection_on_method_g_mmrm_diagnostic."/>
  </testsuite>
  <testsuite name="shinytest2-tm_g_barchart_simple" timestamp="2024-12-17T11:49:52Z" hostname="4d5c1e09c213" tests="73" skipped="0" failures="0" errors="0" time="224.3">
    <testcase time="7.32499999999993" classname="shinytest2_tm_g_barchart_simple" name="e2e_tm_g_barchart_simple_Module_initializes_in_teal_without_errors_and_produces_output."/>
    <testcase time="0.00600000000008549" classname="shinytest2_tm_g_barchart_simple" name="e2e_tm_g_barchart_simple_Module_initializes_in_teal_without_errors_and_produces_output."/>
    <testcase time="2.11699999999996" classname="shinytest2_tm_g_barchart_simple" name="e2e_tm_g_barchart_simple_Module_initializes_in_teal_without_errors_and_produces_output."/>
    <testcase time="2.13" classname="shinytest2_tm_g_barchart_simple" name="e2e_tm_g_barchart_simple_Module_initializes_in_teal_without_errors_and_produces_output."/>
    <testcase time="7.30499999999995" classname="shinytest2_tm_g_barchart_simple" name="e2e_tm_g_barchart_simple_Starts_with_specified_label_id_var_arm_var_visit_var_paramcd_cov_var_conf_level_and_conf_struct."/>
    <testcase time="0.0920000000000982" classname="shinytest2_tm_g_barchart_simple" name="e2e_tm_g_barchart_simple_Starts_with_specified_label_id_var_arm_var_visit_var_paramcd_cov_var_conf_level_and_conf_struct."/>
    <testcase time="0.0519999999999072" classname="shinytest2_tm_g_barchart_simple" name="e2e_tm_g_barchart_simple_Starts_with_specified_label_id_var_arm_var_visit_var_paramcd_cov_var_conf_level_and_conf_struct."/>
    <testcase time="0.0520000000000209" classname="shinytest2_tm_g_barchart_simple" name="e2e_tm_g_barchart_simple_Starts_with_specified_label_id_var_arm_var_visit_var_paramcd_cov_var_conf_level_and_conf_struct."/>
    <testcase time="0.0510000000000446" classname="shinytest2_tm_g_barchart_simple" name="e2e_tm_g_barchart_simple_Starts_with_specified_label_id_var_arm_var_visit_var_paramcd_cov_var_conf_level_and_conf_struct."/>
    <testcase time="0.0520000000000209" classname="shinytest2_tm_g_barchart_simple" name="e2e_tm_g_barchart_simple_Starts_with_specified_label_id_var_arm_var_visit_var_paramcd_cov_var_conf_level_and_conf_struct."/>
    <testcase time="0.0519999999999072" classname="shinytest2_tm_g_barchart_simple" name="e2e_tm_g_barchart_simple_Starts_with_specified_label_id_var_arm_var_visit_var_paramcd_cov_var_conf_level_and_conf_struct."/>
    <testcase time="0.0520000000000209" classname="shinytest2_tm_g_barchart_simple" name="e2e_tm_g_barchart_simple_Starts_with_specified_label_id_var_arm_var_visit_var_paramcd_cov_var_conf_level_and_conf_struct."/>
    <testcase time="0.0520000000000209" classname="shinytest2_tm_g_barchart_simple" name="e2e_tm_g_barchart_simple_Starts_with_specified_label_id_var_arm_var_visit_var_paramcd_cov_var_conf_level_and_conf_struct."/>
    <testcase time="0.0570000000000164" classname="shinytest2_tm_g_barchart_simple" name="e2e_tm_g_barchart_simple_Starts_with_specified_label_id_var_arm_var_visit_var_paramcd_cov_var_conf_level_and_conf_struct."/>
    <testcase time="0.0520000000000209" classname="shinytest2_tm_g_barchart_simple" name="e2e_tm_g_barchart_simple_Starts_with_specified_label_id_var_arm_var_visit_var_paramcd_cov_var_conf_level_and_conf_struct."/>
    <testcase time="0.0520000000000209" classname="shinytest2_tm_g_barchart_simple" name="e2e_tm_g_barchart_simple_Starts_with_specified_label_id_var_arm_var_visit_var_paramcd_cov_var_conf_level_and_conf_struct."/>
    <testcase time="0.0509999999999309" classname="shinytest2_tm_g_barchart_simple" name="e2e_tm_g_barchart_simple_Starts_with_specified_label_id_var_arm_var_visit_var_paramcd_cov_var_conf_level_and_conf_struct."/>
    <testcase time="0.0520000000000209" classname="shinytest2_tm_g_barchart_simple" name="e2e_tm_g_barchart_simple_Starts_with_specified_label_id_var_arm_var_visit_var_paramcd_cov_var_conf_level_and_conf_struct."/>
    <testcase time="0.0529999999999973" classname="shinytest2_tm_g_barchart_simple" name="e2e_tm_g_barchart_simple_Starts_with_specified_label_id_var_arm_var_visit_var_paramcd_cov_var_conf_level_and_conf_struct."/>
    <testcase time="9.56799999999998" classname="shinytest2_tm_g_barchart_simple" name="e2e_tm_g_barchart_simple_Selection_of_x_changes_the_element_and_does_not_throw_validation_errors."/>
    <testcase time="0.00599999999997181" classname="shinytest2_tm_g_barchart_simple" name="e2e_tm_g_barchart_simple_Selection_of_x_changes_the_element_and_does_not_throw_validation_errors."/>
    <testcase time="7.95400000000006" classname="shinytest2_tm_g_barchart_simple" name="e2e_tm_g_barchart_simple_Deselection_of_x_throws_validation_error."/>
    <testcase time="0.0080000000000382" classname="shinytest2_tm_g_barchart_simple" name="e2e_tm_g_barchart_simple_Deselection_of_x_throws_validation_error."/>
    <testcase time="9.51799999999992" classname="shinytest2_tm_g_barchart_simple" name="e2e_tm_g_barchart_simple_Selection_of_fill_dataset_changes_the_element_and_does_not_throw_validation_errors."/>
    <testcase time="0.0850000000000364" classname="shinytest2_tm_g_barchart_simple" name="e2e_tm_g_barchart_simple_Selection_of_fill_dataset_changes_the_element_and_does_not_throw_validation_errors."/>
    <testcase time="2.31100000000004" classname="shinytest2_tm_g_barchart_simple" name="e2e_tm_g_barchart_simple_Selection_of_fill_dataset_changes_the_element_and_does_not_throw_validation_errors."/>
    <testcase time="0.00599999999997181" classname="shinytest2_tm_g_barchart_simple" name="e2e_tm_g_barchart_simple_Selection_of_fill_dataset_changes_the_element_and_does_not_throw_validation_errors."/>
    <testcase time="9.48000000000002" classname="shinytest2_tm_g_barchart_simple" name="e2e_tm_g_barchart_simple_Deselection_of_fill_dataset_changes_the_element_and_does_not_throw_validation_errors."/>
    <testcase time="0.0209999999999582" classname="shinytest2_tm_g_barchart_simple" name="e2e_tm_g_barchart_simple_Deselection_of_fill_dataset_changes_the_element_and_does_not_throw_validation_errors."/>
    <testcase time="0.00599999999997181" classname="shinytest2_tm_g_barchart_simple" name="e2e_tm_g_barchart_simple_Deselection_of_fill_dataset_changes_the_element_and_does_not_throw_validation_errors."/>
    <testcase time="8.81799999999998" classname="shinytest2_tm_g_barchart_simple" name="e2e_tm_g_barchart_simple_Selection_of_x_facet_dataset_changes_the_element_and_does_not_throw_validation_errors."/>
    <testcase time="0.0870000000001028" classname="shinytest2_tm_g_barchart_simple" name="e2e_tm_g_barchart_simple_Selection_of_x_facet_dataset_changes_the_element_and_does_not_throw_validation_errors."/>
    <testcase time="2.31499999999994" classname="shinytest2_tm_g_barchart_simple" name="e2e_tm_g_barchart_simple_Selection_of_x_facet_dataset_changes_the_element_and_does_not_throw_validation_errors."/>
    <testcase time="0.00599999999997181" classname="shinytest2_tm_g_barchart_simple" name="e2e_tm_g_barchart_simple_Selection_of_x_facet_dataset_changes_the_element_and_does_not_throw_validation_errors."/>
    <testcase time="8.83600000000001" classname="shinytest2_tm_g_barchart_simple" name="e2e_tm_g_barchart_simple_Deselection_of_x_facet_dataset_changes_the_element_and_does_not_throw_validation_errors."/>
    <testcase time="0.0199999999999818" classname="shinytest2_tm_g_barchart_simple" name="e2e_tm_g_barchart_simple_Deselection_of_x_facet_dataset_changes_the_element_and_does_not_throw_validation_errors."/>
    <testcase time="0.0080000000000382" classname="shinytest2_tm_g_barchart_simple" name="e2e_tm_g_barchart_simple_Deselection_of_x_facet_dataset_changes_the_element_and_does_not_throw_validation_errors."/>
    <testcase time="8.98500000000001" classname="shinytest2_tm_g_barchart_simple" name="e2e_tm_g_barchart_simple_Selection_of_y_facet_dataset_changes_the_element_and_does_not_throw_validation_errors."/>
    <testcase time="0.0919999999999845" classname="shinytest2_tm_g_barchart_simple" name="e2e_tm_g_barchart_simple_Selection_of_y_facet_dataset_changes_the_element_and_does_not_throw_validation_errors."/>
    <testcase time="2.06500000000005" classname="shinytest2_tm_g_barchart_simple" name="e2e_tm_g_barchart_simple_Selection_of_y_facet_dataset_changes_the_element_and_does_not_throw_validation_errors."/>
    <testcase time="0.00599999999997181" classname="shinytest2_tm_g_barchart_simple" name="e2e_tm_g_barchart_simple_Selection_of_y_facet_dataset_changes_the_element_and_does_not_throw_validation_errors."/>
    <testcase time="8.95899999999995" classname="shinytest2_tm_g_barchart_simple" name="e2e_tm_g_barchart_simple_Deselection_of_y_facet_dataset_changes_the_element_and_does_not_throw_validation_errors."/>
    <testcase time="0.0230000000000246" classname="shinytest2_tm_g_barchart_simple" name="e2e_tm_g_barchart_simple_Deselection_of_y_facet_dataset_changes_the_element_and_does_not_throw_validation_errors."/>
    <testcase time="0.00599999999997181" classname="shinytest2_tm_g_barchart_simple" name="e2e_tm_g_barchart_simple_Deselection_of_y_facet_dataset_changes_the_element_and_does_not_throw_validation_errors."/>
    <testcase time="9.04100000000005" classname="shinytest2_tm_g_barchart_simple" name="e2e_tm_g_barchart_simple_Duplicate_between_x_and_fill_selection_throws_validation_error."/>
    <testcase time="0.00699999999994816" classname="shinytest2_tm_g_barchart_simple" name="e2e_tm_g_barchart_simple_Duplicate_between_x_and_fill_selection_throws_validation_error."/>
    <testcase time="0.00700000000006185" classname="shinytest2_tm_g_barchart_simple" name="e2e_tm_g_barchart_simple_Duplicate_between_x_and_fill_selection_throws_validation_error."/>
    <testcase time="9.846" classname="shinytest2_tm_g_barchart_simple" name="e2e_tm_g_barchart_simple_Duplicate_between_x_and_x_facet_selection_throws_validation_error."/>
    <testcase time="0.00799999999992451" classname="shinytest2_tm_g_barchart_simple" name="e2e_tm_g_barchart_simple_Duplicate_between_x_and_x_facet_selection_throws_validation_error."/>
    <testcase time="0.00700000000006185" classname="shinytest2_tm_g_barchart_simple" name="e2e_tm_g_barchart_simple_Duplicate_between_x_and_x_facet_selection_throws_validation_error."/>
    <testcase time="10.045" classname="shinytest2_tm_g_barchart_simple" name="e2e_tm_g_barchart_simple_Duplicate_between_x_and_y_facet_selection_throws_validation_error."/>
    <testcase time="0.00700000000006185" classname="shinytest2_tm_g_barchart_simple" name="e2e_tm_g_barchart_simple_Duplicate_between_x_and_y_facet_selection_throws_validation_error."/>
    <testcase time="0.00699999999994816" classname="shinytest2_tm_g_barchart_simple" name="e2e_tm_g_barchart_simple_Duplicate_between_x_and_y_facet_selection_throws_validation_error."/>
    <testcase time="9.35000000000002" classname="shinytest2_tm_g_barchart_simple" name="e2e_tm_g_barchart_simple_Changing_barlayout_changes_the_plot_and_does_not_throw_validation_errors."/>
    <testcase time="0.00599999999997181" classname="shinytest2_tm_g_barchart_simple" name="e2e_tm_g_barchart_simple_Changing_barlayout_changes_the_plot_and_does_not_throw_validation_errors."/>
    <testcase time="9.30799999999999" classname="shinytest2_tm_g_barchart_simple" name="e2e_tm_g_barchart_simple_Changing_expand_y_range_changes_the_plot_and_does_not_throw_validation_errors."/>
    <testcase time="0.00600000000008549" classname="shinytest2_tm_g_barchart_simple" name="e2e_tm_g_barchart_simple_Changing_expand_y_range_changes_the_plot_and_does_not_throw_validation_errors."/>
    <testcase time="9.38300000000004" classname="shinytest2_tm_g_barchart_simple" name="e2e_tm_g_barchart_simple_Changing_facet_scale_x_changes_the_plot_and_does_not_throw_validation_errors."/>
    <testcase time="0.00599999999985812" classname="shinytest2_tm_g_barchart_simple" name="e2e_tm_g_barchart_simple_Changing_facet_scale_x_changes_the_plot_and_does_not_throw_validation_errors."/>
    <testcase time="9.30300000000011" classname="shinytest2_tm_g_barchart_simple" name="e2e_tm_g_barchart_simple_Changing_facet_scale_y_changes_the_plot_and_does_not_throw_validation_errors."/>
    <testcase time="0.00599999999985812" classname="shinytest2_tm_g_barchart_simple" name="e2e_tm_g_barchart_simple_Changing_facet_scale_y_changes_the_plot_and_does_not_throw_validation_errors."/>
    <testcase time="9.56700000000001" classname="shinytest2_tm_g_barchart_simple" name="e2e_tm_g_barchart_simple_Changing_label_bars_changes_the_plot_and_does_not_throw_validation_errors."/>
    <testcase time="0.00700000000006185" classname="shinytest2_tm_g_barchart_simple" name="e2e_tm_g_barchart_simple_Changing_label_bars_changes_the_plot_and_does_not_throw_validation_errors."/>
    <testcase time="9.3610000000001" classname="shinytest2_tm_g_barchart_simple" name="e2e_tm_g_barchart_simple_Changing_rotate_x_label_changes_the_plot_and_does_not_throw_validation_errors."/>
    <testcase time="0.00599999999985812" classname="shinytest2_tm_g_barchart_simple" name="e2e_tm_g_barchart_simple_Changing_rotate_x_label_changes_the_plot_and_does_not_throw_validation_errors."/>
    <testcase time="9.32799999999997" classname="shinytest2_tm_g_barchart_simple" name="e2e_tm_g_barchart_simple_Changing_rotate_y_label_changes_the_plot_and_does_not_throw_validation_errors."/>
    <testcase time="0.00600000000008549" classname="shinytest2_tm_g_barchart_simple" name="e2e_tm_g_barchart_simple_Changing_rotate_y_label_changes_the_plot_and_does_not_throw_validation_errors."/>
    <testcase time="9.42599999999993" classname="shinytest2_tm_g_barchart_simple" name="e2e_tm_g_barchart_simple_Changing_flip_axis_changes_the_plot_and_does_not_throw_validation_errors."/>
    <testcase time="0.00600000000008549" classname="shinytest2_tm_g_barchart_simple" name="e2e_tm_g_barchart_simple_Changing_flip_axis_changes_the_plot_and_does_not_throw_validation_errors."/>
    <testcase time="9.60500000000002" classname="shinytest2_tm_g_barchart_simple" name="e2e_tm_g_barchart_simple_Changing_show_n_changes_the_plot_and_does_not_throw_validation_errors."/>
    <testcase time="0.00599999999985812" classname="shinytest2_tm_g_barchart_simple" name="e2e_tm_g_barchart_simple_Changing_show_n_changes_the_plot_and_does_not_throw_validation_errors."/>
    <testcase time="11.789" classname="shinytest2_tm_g_barchart_simple" name="e2e_tm_g_barchart_simple_Changing_rotate_bar_labels_changes_the_plot_and_does_not_throw_validation_errors."/>
    <testcase time="0.00600000000008549" classname="shinytest2_tm_g_barchart_simple" name="e2e_tm_g_barchart_simple_Changing_rotate_bar_labels_changes_the_plot_and_does_not_throw_validation_errors."/>
  </testsuite>
  <testsuite name="shinytest2-tm_g_ci" timestamp="2024-12-17T11:53:36Z" hostname="4d5c1e09c213" tests="41" skipped="0" failures="0" errors="0" time="100.309">
    <testcase time="6.38900000000012" classname="shinytest2_tm_g_ci" name="e2e_tm_g_ci_Module_initializes_in_teal_without_errors_and_produces_plot_output."/>
    <testcase time="0.00599999999985812" classname="shinytest2_tm_g_ci" name="e2e_tm_g_ci_Module_initializes_in_teal_without_errors_and_produces_plot_output."/>
    <testcase time="0.0370000000000346" classname="shinytest2_tm_g_ci" name="e2e_tm_g_ci_Module_initializes_in_teal_without_errors_and_produces_plot_output."/>
    <testcase time="6.30300000000011" classname="shinytest2_tm_g_ci" name="e2e_tm_g_ci_Module_initializes_with_specified_label_x_var_y_var_ADLB_filters_color_conf_level_and_stat."/>
    <testcase time="0.0919999999998709" classname="shinytest2_tm_g_ci" name="e2e_tm_g_ci_Module_initializes_with_specified_label_x_var_y_var_ADLB_filters_color_conf_level_and_stat."/>
    <testcase time="0.0520000000001346" classname="shinytest2_tm_g_ci" name="e2e_tm_g_ci_Module_initializes_with_specified_label_x_var_y_var_ADLB_filters_color_conf_level_and_stat."/>
    <testcase time="0.0509999999999309" classname="shinytest2_tm_g_ci" name="e2e_tm_g_ci_Module_initializes_with_specified_label_x_var_y_var_ADLB_filters_color_conf_level_and_stat."/>
    <testcase time="0.0519999999999072" classname="shinytest2_tm_g_ci" name="e2e_tm_g_ci_Module_initializes_with_specified_label_x_var_y_var_ADLB_filters_color_conf_level_and_stat."/>
    <testcase time="0.0520000000001346" classname="shinytest2_tm_g_ci" name="e2e_tm_g_ci_Module_initializes_with_specified_label_x_var_y_var_ADLB_filters_color_conf_level_and_stat."/>
    <testcase time="0.0529999999998836" classname="shinytest2_tm_g_ci" name="e2e_tm_g_ci_Module_initializes_with_specified_label_x_var_y_var_ADLB_filters_color_conf_level_and_stat."/>
    <testcase time="0.0520000000001346" classname="shinytest2_tm_g_ci" name="e2e_tm_g_ci_Module_initializes_with_specified_label_x_var_y_var_ADLB_filters_color_conf_level_and_stat."/>
    <testcase time="0.0519999999999072" classname="shinytest2_tm_g_ci" name="e2e_tm_g_ci_Module_initializes_with_specified_label_x_var_y_var_ADLB_filters_color_conf_level_and_stat."/>
    <testcase time="0.0509999999999309" classname="shinytest2_tm_g_ci" name="e2e_tm_g_ci_Module_initializes_with_specified_label_x_var_y_var_ADLB_filters_color_conf_level_and_stat."/>
    <testcase time="7.50099999999998" classname="shinytest2_tm_g_ci" name="e2e_tm_g_ci_Selecting_x_var_column_changes_plot_and_doesn_t_throw_validation_errors."/>
    <testcase time="0.00600000000008549" classname="shinytest2_tm_g_ci" name="e2e_tm_g_ci_Selecting_x_var_column_changes_plot_and_doesn_t_throw_validation_errors."/>
    <testcase time="6.82300000000009" classname="shinytest2_tm_g_ci" name="e2e_tm_g_ci_Deselecting_x_var_column_throws_validation_error."/>
    <testcase time="0.00599999999985812" classname="shinytest2_tm_g_ci" name="e2e_tm_g_ci_Deselecting_x_var_column_throws_validation_error."/>
    <testcase time="0.00500000000010914" classname="shinytest2_tm_g_ci" name="e2e_tm_g_ci_Deselecting_x_var_column_throws_validation_error."/>
    <testcase time="7.46799999999985" classname="shinytest2_tm_g_ci" name="e2e_tm_g_ci_Selecting_y_var_column_changes_plot_and_doesn_t_throw_validation_errors."/>
    <testcase time="0.00500000000010914" classname="shinytest2_tm_g_ci" name="e2e_tm_g_ci_Selecting_y_var_column_changes_plot_and_doesn_t_throw_validation_errors."/>
    <testcase time="6.9190000000001" classname="shinytest2_tm_g_ci" name="e2e_tm_g_ci_Deselecting_y_var_column_throws_validation_error."/>
    <testcase time="0.00599999999985812" classname="shinytest2_tm_g_ci" name="e2e_tm_g_ci_Deselecting_y_var_column_throws_validation_error."/>
    <testcase time="0.00600000000008549" classname="shinytest2_tm_g_ci" name="e2e_tm_g_ci_Deselecting_y_var_column_throws_validation_error."/>
    <testcase time="7.46900000000005" classname="shinytest2_tm_g_ci" name="e2e_tm_g_ci_Selecting_PARAMCD_filter_value_changes_plot_and_doesn_t_throw_validation_errors."/>
    <testcase time="0.00599999999985812" classname="shinytest2_tm_g_ci" name="e2e_tm_g_ci_Selecting_PARAMCD_filter_value_changes_plot_and_doesn_t_throw_validation_errors."/>
    <testcase time="6.81799999999998" classname="shinytest2_tm_g_ci" name="e2e_tm_g_ci_Deselecting_PARAMCD_filter_value_throws_validation_error."/>
    <testcase time="0.00600000000008549" classname="shinytest2_tm_g_ci" name="e2e_tm_g_ci_Deselecting_PARAMCD_filter_value_throws_validation_error."/>
    <testcase time="0.00599999999985812" classname="shinytest2_tm_g_ci" name="e2e_tm_g_ci_Deselecting_PARAMCD_filter_value_throws_validation_error."/>
    <testcase time="7.45600000000013" classname="shinytest2_tm_g_ci" name="e2e_tm_g_ci_Selecting_AVISIT_filter_value_doesn_t_throw_validation_errors."/>
    <testcase time="0.00600000000008549" classname="shinytest2_tm_g_ci" name="e2e_tm_g_ci_Selecting_AVISIT_filter_value_doesn_t_throw_validation_errors."/>
    <testcase time="6.95499999999993" classname="shinytest2_tm_g_ci" name="e2e_tm_g_ci_Deselecting_AVISIT_filter_value_throws_validation_error."/>
    <testcase time="0.00599999999985812" classname="shinytest2_tm_g_ci" name="e2e_tm_g_ci_Deselecting_AVISIT_filter_value_throws_validation_error."/>
    <testcase time="0.00600000000008549" classname="shinytest2_tm_g_ci" name="e2e_tm_g_ci_Deselecting_AVISIT_filter_value_throws_validation_error."/>
    <testcase time="7.46600000000012" classname="shinytest2_tm_g_ci" name="e2e_tm_g_ci_Selecting_color_column_changes_plot_output_and_doesn_t_throw_validation_errors."/>
    <testcase time="0.00599999999985812" classname="shinytest2_tm_g_ci" name="e2e_tm_g_ci_Selecting_color_column_changes_plot_output_and_doesn_t_throw_validation_errors."/>
    <testcase time="7.39300000000003" classname="shinytest2_tm_g_ci" name="e2e_tm_g_ci_Deselecting_color_column_changes_plot_output_and_doesn_t_throw_validation_error."/>
    <testcase time="0.00600000000008549" classname="shinytest2_tm_g_ci" name="e2e_tm_g_ci_Deselecting_color_column_changes_plot_output_and_doesn_t_throw_validation_error."/>
    <testcase time="7.38699999999994" classname="shinytest2_tm_g_ci" name="e2e_tm_g_ci_Selecting_confidence_interval_value_changes_plot_and_doesn_t_throw_any_errors."/>
    <testcase time="0.00600000000008549" classname="shinytest2_tm_g_ci" name="e2e_tm_g_ci_Selecting_confidence_interval_value_changes_plot_and_doesn_t_throw_any_errors."/>
    <testcase time="7.31799999999998" classname="shinytest2_tm_g_ci" name="e2e_tm_g_ci_Selecting_statistic_to_use_changes_a_plot_and_doesn_t_throw_any_errors."/>
    <testcase time="0.00599999999985812" classname="shinytest2_tm_g_ci" name="e2e_tm_g_ci_Selecting_statistic_to_use_changes_a_plot_and_doesn_t_throw_any_errors."/>
  </testsuite>
  <testsuite name="shinytest2-tm_g_forest_rsp" timestamp="2024-12-17T11:55:17Z" hostname="4d5c1e09c213" tests="48" skipped="0" failures="0" errors="0" time="176.152">
    <testcase time="7.97000000000003" classname="shinytest2_tm_g_forest_rsp" name="e2e_tm_g_forest_rsp_Module_initializes_in_teal_without_errors_and_produces_plot_output."/>
    <testcase time="0.00600000000008549" classname="shinytest2_tm_g_forest_rsp" name="e2e_tm_g_forest_rsp_Module_initializes_in_teal_without_errors_and_produces_plot_output."/>
    <testcase time="2.12099999999987" classname="shinytest2_tm_g_forest_rsp" name="e2e_tm_g_forest_rsp_Module_initializes_in_teal_without_errors_and_produces_plot_output."/>
    <testcase time="7.73700000000008" classname="shinytest2_tm_g_forest_rsp" name="e2e_tm_g_forest_rsp_Module_initializes_with_specified_label_arm_var_paramcd_aval_var_responders_subgroup_var_strata_var_conf_level_fixed_symbol_size_rel_width_forest_font_size."/>
    <testcase time="0.0860000000000127" classname="shinytest2_tm_g_forest_rsp" name="e2e_tm_g_forest_rsp_Module_initializes_with_specified_label_arm_var_paramcd_aval_var_responders_subgroup_var_strata_var_conf_level_fixed_symbol_size_rel_width_forest_font_size."/>
    <testcase time="0.0540000000000873" classname="shinytest2_tm_g_forest_rsp" name="e2e_tm_g_forest_rsp_Module_initializes_with_specified_label_arm_var_paramcd_aval_var_responders_subgroup_var_strata_var_conf_level_fixed_symbol_size_rel_width_forest_font_size."/>
    <testcase time="0.0559999999998126" classname="shinytest2_tm_g_forest_rsp" name="e2e_tm_g_forest_rsp_Module_initializes_with_specified_label_arm_var_paramcd_aval_var_responders_subgroup_var_strata_var_conf_level_fixed_symbol_size_rel_width_forest_font_size."/>
    <testcase time="0.05600000000004" classname="shinytest2_tm_g_forest_rsp" name="e2e_tm_g_forest_rsp_Module_initializes_with_specified_label_arm_var_paramcd_aval_var_responders_subgroup_var_strata_var_conf_level_fixed_symbol_size_rel_width_forest_font_size."/>
    <testcase time="0.0520000000001346" classname="shinytest2_tm_g_forest_rsp" name="e2e_tm_g_forest_rsp_Module_initializes_with_specified_label_arm_var_paramcd_aval_var_responders_subgroup_var_strata_var_conf_level_fixed_symbol_size_rel_width_forest_font_size."/>
    <testcase time="0.0519999999999072" classname="shinytest2_tm_g_forest_rsp" name="e2e_tm_g_forest_rsp_Module_initializes_with_specified_label_arm_var_paramcd_aval_var_responders_subgroup_var_strata_var_conf_level_fixed_symbol_size_rel_width_forest_font_size."/>
    <testcase time="0.0509999999999309" classname="shinytest2_tm_g_forest_rsp" name="e2e_tm_g_forest_rsp_Module_initializes_with_specified_label_arm_var_paramcd_aval_var_responders_subgroup_var_strata_var_conf_level_fixed_symbol_size_rel_width_forest_font_size."/>
    <testcase time="0.0550000000000637" classname="shinytest2_tm_g_forest_rsp" name="e2e_tm_g_forest_rsp_Module_initializes_with_specified_label_arm_var_paramcd_aval_var_responders_subgroup_var_strata_var_conf_level_fixed_symbol_size_rel_width_forest_font_size."/>
    <testcase time="0.0550000000000637" classname="shinytest2_tm_g_forest_rsp" name="e2e_tm_g_forest_rsp_Module_initializes_with_specified_label_arm_var_paramcd_aval_var_responders_subgroup_var_strata_var_conf_level_fixed_symbol_size_rel_width_forest_font_size."/>
    <testcase time="0.0509999999999309" classname="shinytest2_tm_g_forest_rsp" name="e2e_tm_g_forest_rsp_Module_initializes_with_specified_label_arm_var_paramcd_aval_var_responders_subgroup_var_strata_var_conf_level_fixed_symbol_size_rel_width_forest_font_size."/>
    <testcase time="10.194" classname="shinytest2_tm_g_forest_rsp" name="e2e_tm_g_forest_rsp_Selecting_arm_var_changes_plot_and_doesn_t_throw_validation_errors."/>
    <testcase time="0.00600000000008549" classname="shinytest2_tm_g_forest_rsp" name="e2e_tm_g_forest_rsp_Selecting_arm_var_changes_plot_and_doesn_t_throw_validation_errors."/>
    <testcase time="8.57600000000002" classname="shinytest2_tm_g_forest_rsp" name="e2e_tm_g_forest_rsp_Deselecting_arm_var_throws_validation_error."/>
    <testcase time="0.0080000000000382" classname="shinytest2_tm_g_forest_rsp" name="e2e_tm_g_forest_rsp_Deselecting_arm_var_throws_validation_error."/>
    <testcase time="11.9019999999998" classname="shinytest2_tm_g_forest_rsp" name="e2e_tm_g_forest_rsp_Selecting_paramcd_changes_plot_and_doesn_t_throw_validation_errors."/>
    <testcase time="0.00600000000008549" classname="shinytest2_tm_g_forest_rsp" name="e2e_tm_g_forest_rsp_Selecting_paramcd_changes_plot_and_doesn_t_throw_validation_errors."/>
    <testcase time="8.64599999999996" classname="shinytest2_tm_g_forest_rsp" name="e2e_tm_g_forest_rsp_Deselecting_paramcd_throws_validation_error."/>
    <testcase time="0.00700000000006185" classname="shinytest2_tm_g_forest_rsp" name="e2e_tm_g_forest_rsp_Deselecting_paramcd_throws_validation_error."/>
    <testcase time="10.04" classname="shinytest2_tm_g_forest_rsp" name="e2e_tm_g_forest_rsp_Selecting_responders_changes_plot_and_doesn_t_throw_validation_errors."/>
    <testcase time="0.00600000000008549" classname="shinytest2_tm_g_forest_rsp" name="e2e_tm_g_forest_rsp_Selecting_responders_changes_plot_and_doesn_t_throw_validation_errors."/>
    <testcase time="8.44499999999994" classname="shinytest2_tm_g_forest_rsp" name="e2e_tm_g_forest_rsp_Deselecting_responders_throws_validation_error."/>
    <testcase time="0.00700000000006185" classname="shinytest2_tm_g_forest_rsp" name="e2e_tm_g_forest_rsp_Deselecting_responders_throws_validation_error."/>
    <testcase time="10.385" classname="shinytest2_tm_g_forest_rsp" name="e2e_tm_g_forest_rsp_Selecting_subgroup_var_changes_plot_and_doesn_t_throw_validation_errors."/>
    <testcase time="0.00700000000006185" classname="shinytest2_tm_g_forest_rsp" name="e2e_tm_g_forest_rsp_Selecting_subgroup_var_changes_plot_and_doesn_t_throw_validation_errors."/>
    <testcase time="8.87799999999993" classname="shinytest2_tm_g_forest_rsp" name="e2e_tm_g_forest_rsp_Selecting_a_non_factors_column_in_subgroup_var_throws_validation_error."/>
    <testcase time="0.00700000000006185" classname="shinytest2_tm_g_forest_rsp" name="e2e_tm_g_forest_rsp_Selecting_a_non_factors_column_in_subgroup_var_throws_validation_error."/>
    <testcase time="9.93199999999979" classname="shinytest2_tm_g_forest_rsp" name="e2e_tm_g_forest_rsp_Deselecting_subgroup_var_changes_plot_and_doesn_t_throw_validation_errors."/>
    <testcase time="0.00599999999985812" classname="shinytest2_tm_g_forest_rsp" name="e2e_tm_g_forest_rsp_Deselecting_subgroup_var_changes_plot_and_doesn_t_throw_validation_errors."/>
    <testcase time="10.3340000000001" classname="shinytest2_tm_g_forest_rsp" name="e2e_tm_g_forest_rsp_Selecting_strata_var_changes_plot_and_doesn_t_throw_validation_errors."/>
    <testcase time="0.00600000000008549" classname="shinytest2_tm_g_forest_rsp" name="e2e_tm_g_forest_rsp_Selecting_strata_var_changes_plot_and_doesn_t_throw_validation_errors."/>
    <testcase time="10.336" classname="shinytest2_tm_g_forest_rsp" name="e2e_tm_g_forest_rsp_Deselecting_strata_var_changes_plot_and_doesn_t_throw_validation_errors."/>
    <testcase time="0.00599999999985812" classname="shinytest2_tm_g_forest_rsp" name="e2e_tm_g_forest_rsp_Deselecting_strata_var_changes_plot_and_doesn_t_throw_validation_errors."/>
    <testcase time="10.146" classname="shinytest2_tm_g_forest_rsp" name="e2e_tm_g_forest_rsp_Selecting_conf_level_changes_plot_and_doesn_t_throw_validation_errors."/>
    <testcase time="0.00600000000008549" classname="shinytest2_tm_g_forest_rsp" name="e2e_tm_g_forest_rsp_Selecting_conf_level_changes_plot_and_doesn_t_throw_validation_errors."/>
    <testcase time="8.62599999999998" classname="shinytest2_tm_g_forest_rsp" name="e2e_tm_g_forest_rsp_Deselecting_conf_level_or_selecting_outside_the_range_of_0_1_throws_validation_error."/>
    <testcase time="0.0080000000000382" classname="shinytest2_tm_g_forest_rsp" name="e2e_tm_g_forest_rsp_Deselecting_conf_level_or_selecting_outside_the_range_of_0_1_throws_validation_error."/>
    <testcase time="0.567000000000007" classname="shinytest2_tm_g_forest_rsp" name="e2e_tm_g_forest_rsp_Deselecting_conf_level_or_selecting_outside_the_range_of_0_1_throws_validation_error."/>
    <testcase time="0.0080000000000382" classname="shinytest2_tm_g_forest_rsp" name="e2e_tm_g_forest_rsp_Deselecting_conf_level_or_selecting_outside_the_range_of_0_1_throws_validation_error."/>
    <testcase time="10.268" classname="shinytest2_tm_g_forest_rsp" name="e2e_tm_g_forest_rsp_Unsetting_fixed_symbol_size_changes_plot_and_doesn_t_throw_validation_errors."/>
    <testcase time="0.00599999999985812" classname="shinytest2_tm_g_forest_rsp" name="e2e_tm_g_forest_rsp_Unsetting_fixed_symbol_size_changes_plot_and_doesn_t_throw_validation_errors."/>
    <testcase time="10.1470000000002" classname="shinytest2_tm_g_forest_rsp" name="e2e_tm_g_forest_rsp_Changing_rel_width_forest_changes_plot_and_doesn_t_throw_validation_errors."/>
    <testcase time="0.00699999999983447" classname="shinytest2_tm_g_forest_rsp" name="e2e_tm_g_forest_rsp_Changing_rel_width_forest_changes_plot_and_doesn_t_throw_validation_errors."/>
    <testcase time="10.2150000000001" classname="shinytest2_tm_g_forest_rsp" name="e2e_tm_g_forest_rsp_Changing_font_size_changes_plot_and_doesn_t_throw_validation_errors."/>
    <testcase time="0.00599999999985812" classname="shinytest2_tm_g_forest_rsp" name="e2e_tm_g_forest_rsp_Changing_font_size_changes_plot_and_doesn_t_throw_validation_errors."/>
  </testsuite>
  <testsuite name="shinytest2-tm_g_forest_tte" timestamp="2024-12-17T11:58:13Z" hostname="4d5c1e09c213" tests="26" skipped="0" failures="0" errors="0" time="63.466">
    <testcase time="7.64200000000005" classname="shinytest2_tm_g_forest_tte" name="e2e_tm_g_forest_tte_Module_initializes_in_teal_without_errors_and_produces_output."/>
    <testcase time="0.00700000000006185" classname="shinytest2_tm_g_forest_tte" name="e2e_tm_g_forest_tte_Module_initializes_in_teal_without_errors_and_produces_output."/>
    <testcase time="2.12599999999998" classname="shinytest2_tm_g_forest_tte" name="e2e_tm_g_forest_tte_Module_initializes_in_teal_without_errors_and_produces_output."/>
    <testcase time="7.71199999999999" classname="shinytest2_tm_g_forest_tte" name="e2e_tm_g_forest_tte_Starts_with_specified_label_paramcd_arm_var_buckets_paramcd_subgroup_var_strata_var_and_plot_settings."/>
    <testcase time="0.0869999999999891" classname="shinytest2_tm_g_forest_tte" name="e2e_tm_g_forest_tte_Starts_with_specified_label_paramcd_arm_var_buckets_paramcd_subgroup_var_strata_var_and_plot_settings."/>
    <testcase time="0.0540000000000873" classname="shinytest2_tm_g_forest_tte" name="e2e_tm_g_forest_tte_Starts_with_specified_label_paramcd_arm_var_buckets_paramcd_subgroup_var_strata_var_and_plot_settings."/>
    <testcase time="0.0519999999999072" classname="shinytest2_tm_g_forest_tte" name="e2e_tm_g_forest_tte_Starts_with_specified_label_paramcd_arm_var_buckets_paramcd_subgroup_var_strata_var_and_plot_settings."/>
    <testcase time="0.0519999999999072" classname="shinytest2_tm_g_forest_tte" name="e2e_tm_g_forest_tte_Starts_with_specified_label_paramcd_arm_var_buckets_paramcd_subgroup_var_strata_var_and_plot_settings."/>
    <testcase time="0.0520000000001346" classname="shinytest2_tm_g_forest_tte" name="e2e_tm_g_forest_tte_Starts_with_specified_label_paramcd_arm_var_buckets_paramcd_subgroup_var_strata_var_and_plot_settings."/>
    <testcase time="0.0509999999999309" classname="shinytest2_tm_g_forest_tte" name="e2e_tm_g_forest_tte_Starts_with_specified_label_paramcd_arm_var_buckets_paramcd_subgroup_var_strata_var_and_plot_settings."/>
    <testcase time="0.053000000000111" classname="shinytest2_tm_g_forest_tte" name="e2e_tm_g_forest_tte_Starts_with_specified_label_paramcd_arm_var_buckets_paramcd_subgroup_var_strata_var_and_plot_settings."/>
    <testcase time="0.0549999999998363" classname="shinytest2_tm_g_forest_tte" name="e2e_tm_g_forest_tte_Starts_with_specified_label_paramcd_arm_var_buckets_paramcd_subgroup_var_strata_var_and_plot_settings."/>
    <testcase time="0.0520000000001346" classname="shinytest2_tm_g_forest_tte" name="e2e_tm_g_forest_tte_Starts_with_specified_label_paramcd_arm_var_buckets_paramcd_subgroup_var_strata_var_and_plot_settings."/>
    <testcase time="0.0529999999998836" classname="shinytest2_tm_g_forest_tte" name="e2e_tm_g_forest_tte_Starts_with_specified_label_paramcd_arm_var_buckets_paramcd_subgroup_var_strata_var_and_plot_settings."/>
    <testcase time="0.0610000000001492" classname="shinytest2_tm_g_forest_tte" name="e2e_tm_g_forest_tte_Starts_with_specified_label_paramcd_arm_var_buckets_paramcd_subgroup_var_strata_var_and_plot_settings."/>
    <testcase time="10.0629999999999" classname="shinytest2_tm_g_forest_tte" name="e2e_tm_g_forest_tte_Selection_of_paramcd_changes_the_element_and_does_not_throw_validation_errors."/>
    <testcase time="0.00700000000006185" classname="shinytest2_tm_g_forest_tte" name="e2e_tm_g_forest_tte_Selection_of_paramcd_changes_the_element_and_does_not_throw_validation_errors."/>
    <testcase time="8.404" classname="shinytest2_tm_g_forest_tte" name="e2e_tm_g_forest_tte_Deselection_of_paramcd_filter_throws_validation_error."/>
    <testcase time="0.00700000000006185" classname="shinytest2_tm_g_forest_tte" name="e2e_tm_g_forest_tte_Deselection_of_paramcd_filter_throws_validation_error."/>
    <testcase time="10.0409999999999" classname="shinytest2_tm_g_forest_tte" name="e2e_tm_g_forest_tte_Selection_of_arm_var_changes_the_element_and_does_not_throw_validation_errors."/>
    <testcase time="0.00600000000008549" classname="shinytest2_tm_g_forest_tte" name="e2e_tm_g_forest_tte_Selection_of_arm_var_changes_the_element_and_does_not_throw_validation_errors."/>
    <testcase time="8.35799999999995" classname="shinytest2_tm_g_forest_tte" name="e2e_tm_g_forest_tte_Deselection_of_paramcd_var_throws_validation_error."/>
    <testcase time="0.00700000000006185" classname="shinytest2_tm_g_forest_tte" name="e2e_tm_g_forest_tte_Deselection_of_paramcd_var_throws_validation_error."/>
    <testcase time="8.45100000000002" classname="shinytest2_tm_g_forest_tte" name="e2e_tm_g_forest_tte_Selecting_conf_level_does_not_throw_validation_errors_and_changes_a_plot."/>
    <testcase time="0.00599999999985812" classname="shinytest2_tm_g_forest_tte" name="e2e_tm_g_forest_tte_Selecting_conf_level_does_not_throw_validation_errors_and_changes_a_plot."/>
    <testcase time="0.00700000000006185" classname="shinytest2_tm_g_forest_tte" name="e2e_tm_g_forest_tte_Selecting_conf_level_does_not_throw_validation_errors_and_changes_a_plot."/>
  </testsuite>
  <testsuite name="shinytest2-tm_g_ipp" timestamp="2024-12-17T11:59:16Z" hostname="4d5c1e09c213" tests="45" skipped="0" failures="0" errors="0" time="108.21">
    <testcase time="6.69599999999991" classname="shinytest2_tm_g_ipp" name="e2e_tm_g_ipp_Module_initializes_in_teal_without_errors_and_produces_plot_output."/>
    <testcase time="0.00500000000010914" classname="shinytest2_tm_g_ipp" name="e2e_tm_g_ipp_Module_initializes_in_teal_without_errors_and_produces_plot_output."/>
    <testcase time="0.0449999999998454" classname="shinytest2_tm_g_ipp" name="e2e_tm_g_ipp_Module_initializes_in_teal_without_errors_and_produces_plot_output."/>
    <testcase time="6.8280000000002" classname="shinytest2_tm_g_ipp" name="e2e_tm_g_ipp_Starts_with_specified_label_parentname_arm_var_paramcd_id_var_visit_var_aval_var_avalu_var_baseline_var_add_baseline_hline_separate_by_obs_suppress_legend_add_avalu."/>
    <testcase time="0.0860000000000127" classname="shinytest2_tm_g_ipp" name="e2e_tm_g_ipp_Starts_with_specified_label_parentname_arm_var_paramcd_id_var_visit_var_aval_var_avalu_var_baseline_var_add_baseline_hline_separate_by_obs_suppress_legend_add_avalu."/>
    <testcase time="0.0529999999998836" classname="shinytest2_tm_g_ipp" name="e2e_tm_g_ipp_Starts_with_specified_label_parentname_arm_var_paramcd_id_var_visit_var_aval_var_avalu_var_baseline_var_add_baseline_hline_separate_by_obs_suppress_legend_add_avalu."/>
    <testcase time="0.0519999999999072" classname="shinytest2_tm_g_ipp" name="e2e_tm_g_ipp_Starts_with_specified_label_parentname_arm_var_paramcd_id_var_visit_var_aval_var_avalu_var_baseline_var_add_baseline_hline_separate_by_obs_suppress_legend_add_avalu."/>
    <testcase time="0.0520000000001346" classname="shinytest2_tm_g_ipp" name="e2e_tm_g_ipp_Starts_with_specified_label_parentname_arm_var_paramcd_id_var_visit_var_aval_var_avalu_var_baseline_var_add_baseline_hline_separate_by_obs_suppress_legend_add_avalu."/>
    <testcase time="0.0519999999999072" classname="shinytest2_tm_g_ipp" name="e2e_tm_g_ipp_Starts_with_specified_label_parentname_arm_var_paramcd_id_var_visit_var_aval_var_avalu_var_baseline_var_add_baseline_hline_separate_by_obs_suppress_legend_add_avalu."/>
    <testcase time="0.0520000000001346" classname="shinytest2_tm_g_ipp" name="e2e_tm_g_ipp_Starts_with_specified_label_parentname_arm_var_paramcd_id_var_visit_var_aval_var_avalu_var_baseline_var_add_baseline_hline_separate_by_obs_suppress_legend_add_avalu."/>
    <testcase time="0.0599999999999454" classname="shinytest2_tm_g_ipp" name="e2e_tm_g_ipp_Starts_with_specified_label_parentname_arm_var_paramcd_id_var_visit_var_aval_var_avalu_var_baseline_var_add_baseline_hline_separate_by_obs_suppress_legend_add_avalu."/>
    <testcase time="0.0519999999999072" classname="shinytest2_tm_g_ipp" name="e2e_tm_g_ipp_Starts_with_specified_label_parentname_arm_var_paramcd_id_var_visit_var_aval_var_avalu_var_baseline_var_add_baseline_hline_separate_by_obs_suppress_legend_add_avalu."/>
    <testcase time="0.0520000000001346" classname="shinytest2_tm_g_ipp" name="e2e_tm_g_ipp_Starts_with_specified_label_parentname_arm_var_paramcd_id_var_visit_var_aval_var_avalu_var_baseline_var_add_baseline_hline_separate_by_obs_suppress_legend_add_avalu."/>
    <testcase time="0.0519999999999072" classname="shinytest2_tm_g_ipp" name="e2e_tm_g_ipp_Starts_with_specified_label_parentname_arm_var_paramcd_id_var_visit_var_aval_var_avalu_var_baseline_var_add_baseline_hline_separate_by_obs_suppress_legend_add_avalu."/>
    <testcase time="0.0520000000001346" classname="shinytest2_tm_g_ipp" name="e2e_tm_g_ipp_Starts_with_specified_label_parentname_arm_var_paramcd_id_var_visit_var_aval_var_avalu_var_baseline_var_add_baseline_hline_separate_by_obs_suppress_legend_add_avalu."/>
    <testcase time="0.0519999999999072" classname="shinytest2_tm_g_ipp" name="e2e_tm_g_ipp_Starts_with_specified_label_parentname_arm_var_paramcd_id_var_visit_var_aval_var_avalu_var_baseline_var_add_baseline_hline_separate_by_obs_suppress_legend_add_avalu."/>
    <testcase time="0.0519999999999072" classname="shinytest2_tm_g_ipp" name="e2e_tm_g_ipp_Starts_with_specified_label_parentname_arm_var_paramcd_id_var_visit_var_aval_var_avalu_var_baseline_var_add_baseline_hline_separate_by_obs_suppress_legend_add_avalu."/>
    <testcase time="8.16399999999999" classname="shinytest2_tm_g_ipp" name="e2e_tm_g_ipp_Selecting_arm_var_changes_plot_and_doesn_t_throw_validation_errors."/>
    <testcase time="0.00600000000008549" classname="shinytest2_tm_g_ipp" name="e2e_tm_g_ipp_Selecting_arm_var_changes_plot_and_doesn_t_throw_validation_errors."/>
    <testcase time="7.46599999999989" classname="shinytest2_tm_g_ipp" name="e2e_tm_g_ipp_Deselecting_arm_var_column_throws_validation_error."/>
    <testcase time="0.00600000000008549" classname="shinytest2_tm_g_ipp" name="e2e_tm_g_ipp_Deselecting_arm_var_column_throws_validation_error."/>
    <testcase time="0.00600000000008549" classname="shinytest2_tm_g_ipp" name="e2e_tm_g_ipp_Deselecting_arm_var_column_throws_validation_error."/>
    <testcase time="8.03199999999993" classname="shinytest2_tm_g_ipp" name="e2e_tm_g_ipp_Selecting_paramcd_changes_plot_and_doesn_t_throw_validation_errors."/>
    <testcase time="0.00600000000008549" classname="shinytest2_tm_g_ipp" name="e2e_tm_g_ipp_Selecting_paramcd_changes_plot_and_doesn_t_throw_validation_errors."/>
    <testcase time="7.42599999999993" classname="shinytest2_tm_g_ipp" name="e2e_tm_g_ipp_Deselecting_paramcd_throws_validation_error."/>
    <testcase time="0.00600000000008549" classname="shinytest2_tm_g_ipp" name="e2e_tm_g_ipp_Deselecting_paramcd_throws_validation_error."/>
    <testcase time="0.00599999999985812" classname="shinytest2_tm_g_ipp" name="e2e_tm_g_ipp_Deselecting_paramcd_throws_validation_error."/>
    <testcase time="8.09900000000016" classname="shinytest2_tm_g_ipp" name="e2e_tm_g_ipp_Selecting_visit_var_changes_plot_and_doesn_t_throw_validation_errors."/>
    <testcase time="0.00599999999985812" classname="shinytest2_tm_g_ipp" name="e2e_tm_g_ipp_Selecting_visit_var_changes_plot_and_doesn_t_throw_validation_errors."/>
    <testcase time="7.38000000000011" classname="shinytest2_tm_g_ipp" name="e2e_tm_g_ipp_Deselecting_visit_var_throws_validation_error."/>
    <testcase time="0.00599999999985812" classname="shinytest2_tm_g_ipp" name="e2e_tm_g_ipp_Deselecting_visit_var_throws_validation_error."/>
    <testcase time="0.00600000000008549" classname="shinytest2_tm_g_ipp" name="e2e_tm_g_ipp_Deselecting_visit_var_throws_validation_error."/>
    <testcase time="7.97199999999998" classname="shinytest2_tm_g_ipp" name="e2e_tm_g_ipp_Selecting_aval_var_changes_plot_and_doesn_t_throw_validation_errors."/>
    <testcase time="0.00600000000008549" classname="shinytest2_tm_g_ipp" name="e2e_tm_g_ipp_Selecting_aval_var_changes_plot_and_doesn_t_throw_validation_errors."/>
    <testcase time="7.52599999999984" classname="shinytest2_tm_g_ipp" name="e2e_tm_g_ipp_Deselecting_aval_var_throws_validation_error."/>
    <testcase time="0.00600000000008549" classname="shinytest2_tm_g_ipp" name="e2e_tm_g_ipp_Deselecting_aval_var_throws_validation_error."/>
    <testcase time="0.00600000000008549" classname="shinytest2_tm_g_ipp" name="e2e_tm_g_ipp_Deselecting_aval_var_throws_validation_error."/>
    <testcase time="7.86999999999989" classname="shinytest2_tm_g_ipp" name="e2e_tm_g_ipp_Changing_add_baseline_hline_changes_plot_and_doesn_t_throw_validation_errors."/>
    <testcase time="0.00600000000008549" classname="shinytest2_tm_g_ipp" name="e2e_tm_g_ipp_Changing_add_baseline_hline_changes_plot_and_doesn_t_throw_validation_errors."/>
    <testcase time="8.19200000000001" classname="shinytest2_tm_g_ipp" name="e2e_tm_g_ipp_Changing_separate_by_obs_changes_plot_and_doesn_t_throw_validation_errors."/>
    <testcase time="0.00599999999985812" classname="shinytest2_tm_g_ipp" name="e2e_tm_g_ipp_Changing_separate_by_obs_changes_plot_and_doesn_t_throw_validation_errors."/>
    <testcase time="7.81500000000005" classname="shinytest2_tm_g_ipp" name="e2e_tm_g_ipp_Changing_suppress_legend_changes_plot_and_doesn_t_throw_validation_errors."/>
    <testcase time="0.00600000000008549" classname="shinytest2_tm_g_ipp" name="e2e_tm_g_ipp_Changing_suppress_legend_changes_plot_and_doesn_t_throw_validation_errors."/>
    <testcase time="7.87899999999991" classname="shinytest2_tm_g_ipp" name="e2e_tm_g_ipp_Changing_add_avalu_changes_plot_and_doesn_t_throw_validation_errors."/>
    <testcase time="0.00600000000008549" classname="shinytest2_tm_g_ipp" name="e2e_tm_g_ipp_Changing_add_avalu_changes_plot_and_doesn_t_throw_validation_errors."/>
  </testsuite>
  <testsuite name="shinytest2-tm_g_km" timestamp="2024-12-17T12:01:04Z" hostname="4d5c1e09c213" tests="80" skipped="0" failures="0" errors="0" time="268.635">
    <testcase time="7.36199999999985" classname="shinytest2_tm_g_km" name="e2e_tm_g_km_Module_initializes_in_teal_without_errors_and_produces_plot_output."/>
    <testcase time="0.00600000000008549" classname="shinytest2_tm_g_km" name="e2e_tm_g_km_Module_initializes_in_teal_without_errors_and_produces_plot_output."/>
    <testcase time="0.0430000000001201" classname="shinytest2_tm_g_km" name="e2e_tm_g_km_Module_initializes_in_teal_without_errors_and_produces_plot_output."/>
    <testcase time="7.35699999999997" classname="shinytest2_tm_g_km" name="e2e_tm_g_km_Starts_with_specified_paramcd_aval_var_cnsr_var_facet_var_arm_var_compare_arms_strata_var."/>
    <testcase time="0.0929999999998472" classname="shinytest2_tm_g_km" name="e2e_tm_g_km_Starts_with_specified_paramcd_aval_var_cnsr_var_facet_var_arm_var_compare_arms_strata_var."/>
    <testcase time="0.053000000000111" classname="shinytest2_tm_g_km" name="e2e_tm_g_km_Starts_with_specified_paramcd_aval_var_cnsr_var_facet_var_arm_var_compare_arms_strata_var."/>
    <testcase time="0.05600000000004" classname="shinytest2_tm_g_km" name="e2e_tm_g_km_Starts_with_specified_paramcd_aval_var_cnsr_var_facet_var_arm_var_compare_arms_strata_var."/>
    <testcase time="0.0519999999999072" classname="shinytest2_tm_g_km" name="e2e_tm_g_km_Starts_with_specified_paramcd_aval_var_cnsr_var_facet_var_arm_var_compare_arms_strata_var."/>
    <testcase time="0.0520000000001346" classname="shinytest2_tm_g_km" name="e2e_tm_g_km_Starts_with_specified_paramcd_aval_var_cnsr_var_facet_var_arm_var_compare_arms_strata_var."/>
    <testcase time="0.0509999999999309" classname="shinytest2_tm_g_km" name="e2e_tm_g_km_Starts_with_specified_paramcd_aval_var_cnsr_var_facet_var_arm_var_compare_arms_strata_var."/>
    <testcase time="0.0529999999998836" classname="shinytest2_tm_g_km" name="e2e_tm_g_km_Starts_with_specified_paramcd_aval_var_cnsr_var_facet_var_arm_var_compare_arms_strata_var."/>
    <testcase time="9.72600000000011" classname="shinytest2_tm_g_km" name="e2e_tm_g_km_Changing_paramcd_changes_the_plot_without_errors."/>
    <testcase time="0.0229999999999109" classname="shinytest2_tm_g_km" name="e2e_tm_g_km_Changing_paramcd_changes_the_plot_without_errors."/>
    <testcase time="10.9100000000001" classname="shinytest2_tm_g_km" name="e2e_tm_g_km_Changing_facet_var_changes_the_plot_without_errors."/>
    <testcase time="0.0249999999998636" classname="shinytest2_tm_g_km" name="e2e_tm_g_km_Changing_facet_var_changes_the_plot_without_errors."/>
    <testcase time="9.76600000000008" classname="shinytest2_tm_g_km" name="e2e_tm_g_km_Changing_arm_var_changes_the_plot_without_errors."/>
    <testcase time="0.0209999999999582" classname="shinytest2_tm_g_km" name="e2e_tm_g_km_Changing_arm_var_changes_the_plot_without_errors."/>
    <testcase time="9.47500000000014" classname="shinytest2_tm_g_km" name="e2e_tm_g_km_Changing_compare_arms_changes_the_plot_without_errors."/>
    <testcase time="0.0209999999999582" classname="shinytest2_tm_g_km" name="e2e_tm_g_km_Changing_compare_arms_changes_the_plot_without_errors."/>
    <testcase time="9.76099999999997" classname="shinytest2_tm_g_km" name="e2e_tm_g_km_Changing_strata_var_changes_the_plot_without_errors."/>
    <testcase time="0.0219999999999345" classname="shinytest2_tm_g_km" name="e2e_tm_g_km_Changing_strata_var_changes_the_plot_without_errors."/>
    <testcase time="8.08799999999997" classname="shinytest2_tm_g_km" name="e2e_tm_g_km_Deselecting_paramcd_throws_validation_error."/>
    <testcase time="0.0080000000000382" classname="shinytest2_tm_g_km" name="e2e_tm_g_km_Deselecting_paramcd_throws_validation_error."/>
    <testcase time="0.00700000000006185" classname="shinytest2_tm_g_km" name="e2e_tm_g_km_Deselecting_paramcd_throws_validation_error."/>
    <testcase time="8.18100000000004" classname="shinytest2_tm_g_km" name="e2e_tm_g_km_Deselecting_arm_var_throws_validation_error."/>
    <testcase time="0.00700000000006185" classname="shinytest2_tm_g_km" name="e2e_tm_g_km_Deselecting_arm_var_throws_validation_error."/>
    <testcase time="9.33399999999983" classname="shinytest2_tm_g_km" name="e2e_tm_g_km_Deselecting_compare_arms_sets_it_to_FALSE."/>
    <testcase time="0.0869999999999891" classname="shinytest2_tm_g_km" name="e2e_tm_g_km_Deselecting_compare_arms_sets_it_to_FALSE."/>
    <testcase time="9.69600000000014" classname="shinytest2_tm_g_km" name="e2e_tm_g_km_Deselecting_strata_var_does_not_throw_errors."/>
    <testcase time="7.452" classname="shinytest2_tm_g_km" name="e2e_tm_g_km_Starts_with_specified_groups."/>
    <testcase time="0.0579999999999927" classname="shinytest2_tm_g_km" name="e2e_tm_g_km_Starts_with_specified_groups."/>
    <testcase time="11.6569999999999" classname="shinytest2_tm_g_km" name="e2e_tm_g_km_Starts_with_specified_collapsed_comparison_settings."/>
    <testcase time="0.00700000000006185" classname="shinytest2_tm_g_km" name="e2e_tm_g_km_Starts_with_specified_collapsed_comparison_settings."/>
    <testcase time="0.0519999999999072" classname="shinytest2_tm_g_km" name="e2e_tm_g_km_Starts_with_specified_collapsed_comparison_settings."/>
    <testcase time="0.00600000000008549" classname="shinytest2_tm_g_km" name="e2e_tm_g_km_Starts_with_specified_collapsed_comparison_settings."/>
    <testcase time="9.6389999999999" classname="shinytest2_tm_g_km" name="e2e_tm_g_km_Changing_pval_method_coxph_changes_the_plot_without_errors."/>
    <testcase time="0.0250000000000909" classname="shinytest2_tm_g_km" name="e2e_tm_g_km_Changing_pval_method_coxph_changes_the_plot_without_errors."/>
    <testcase time="9.577" classname="shinytest2_tm_g_km" name="e2e_tm_g_km_Changing_ties_coxph_changes_the_plot_without_errors."/>
    <testcase time="0.0219999999999345" classname="shinytest2_tm_g_km" name="e2e_tm_g_km_Changing_ties_coxph_changes_the_plot_without_errors."/>
    <testcase time="9.577" classname="shinytest2_tm_g_km" name="e2e_tm_g_km_Deselecting_pval_method_coxph_gives_no_validation_error."/>
    <testcase time="9.55400000000009" classname="shinytest2_tm_g_km" name="e2e_tm_g_km_Deselecting_ties_coxph_gives_no_validation_error."/>
    <testcase time="9.45299999999997" classname="shinytest2_tm_g_km" name="e2e_tm_g_km_Starts_with_specified_collapsed_additional_plot_settings."/>
    <testcase time="2.11799999999994" classname="shinytest2_tm_g_km" name="e2e_tm_g_km_Starts_with_specified_collapsed_additional_plot_settings."/>
    <testcase time="2.12100000000009" classname="shinytest2_tm_g_km" name="e2e_tm_g_km_Starts_with_specified_collapsed_additional_plot_settings."/>
    <testcase time="2.12999999999988" classname="shinytest2_tm_g_km" name="e2e_tm_g_km_Starts_with_specified_collapsed_additional_plot_settings."/>
    <testcase time="2.11900000000014" classname="shinytest2_tm_g_km" name="e2e_tm_g_km_Starts_with_specified_collapsed_additional_plot_settings."/>
    <testcase time="2.13999999999987" classname="shinytest2_tm_g_km" name="e2e_tm_g_km_Starts_with_specified_collapsed_additional_plot_settings."/>
    <testcase time="2.13800000000015" classname="shinytest2_tm_g_km" name="e2e_tm_g_km_Starts_with_specified_collapsed_additional_plot_settings."/>
    <testcase time="2.12799999999993" classname="shinytest2_tm_g_km" name="e2e_tm_g_km_Starts_with_specified_collapsed_additional_plot_settings."/>
    <testcase time="0.0940000000000509" classname="shinytest2_tm_g_km" name="e2e_tm_g_km_Starts_with_specified_collapsed_additional_plot_settings."/>
    <testcase time="0.0549999999998363" classname="shinytest2_tm_g_km" name="e2e_tm_g_km_Starts_with_specified_collapsed_additional_plot_settings."/>
    <testcase time="0.053000000000111" classname="shinytest2_tm_g_km" name="e2e_tm_g_km_Starts_with_specified_collapsed_additional_plot_settings."/>
    <testcase time="0.0509999999999309" classname="shinytest2_tm_g_km" name="e2e_tm_g_km_Starts_with_specified_collapsed_additional_plot_settings."/>
    <testcase time="0.0520000000001346" classname="shinytest2_tm_g_km" name="e2e_tm_g_km_Starts_with_specified_collapsed_additional_plot_settings."/>
    <testcase time="0.0519999999999072" classname="shinytest2_tm_g_km" name="e2e_tm_g_km_Starts_with_specified_collapsed_additional_plot_settings."/>
    <testcase time="0.05600000000004" classname="shinytest2_tm_g_km" name="e2e_tm_g_km_Starts_with_specified_collapsed_additional_plot_settings."/>
    <testcase time="0.0519999999999072" classname="shinytest2_tm_g_km" name="e2e_tm_g_km_Starts_with_specified_collapsed_additional_plot_settings."/>
    <testcase time="0.0080000000000382" classname="shinytest2_tm_g_km" name="e2e_tm_g_km_Starts_with_specified_collapsed_additional_plot_settings."/>
    <testcase time="0.0080000000000382" classname="shinytest2_tm_g_km" name="e2e_tm_g_km_Starts_with_specified_collapsed_additional_plot_settings."/>
    <testcase time="0.00600000000008549" classname="shinytest2_tm_g_km" name="e2e_tm_g_km_Starts_with_specified_collapsed_additional_plot_settings."/>
    <testcase time="0.00599999999985812" classname="shinytest2_tm_g_km" name="e2e_tm_g_km_Starts_with_specified_collapsed_additional_plot_settings."/>
    <testcase time="0.00600000000008549" classname="shinytest2_tm_g_km" name="e2e_tm_g_km_Starts_with_specified_collapsed_additional_plot_settings."/>
    <testcase time="10.4829999999999" classname="shinytest2_tm_g_km" name="e2e_tm_g_km_Changing_xticks_changes_the_plot_and_does_not_throw_validation_errors."/>
    <testcase time="0.00600000000008549" classname="shinytest2_tm_g_km" name="e2e_tm_g_km_Changing_xticks_changes_the_plot_and_does_not_throw_validation_errors."/>
    <testcase time="9.59500000000003" classname="shinytest2_tm_g_km" name="e2e_tm_g_km_Changing_yval_changes_the_plot_and_does_not_throw_validation_errors."/>
    <testcase time="0.00599999999985812" classname="shinytest2_tm_g_km" name="e2e_tm_g_km_Changing_yval_changes_the_plot_and_does_not_throw_validation_errors."/>
    <testcase time="9.60699999999997" classname="shinytest2_tm_g_km" name="e2e_tm_g_km_Changing_font_size_changes_the_plot_and_does_not_throw_validation_errors."/>
    <testcase time="0.00600000000008549" classname="shinytest2_tm_g_km" name="e2e_tm_g_km_Changing_font_size_changes_the_plot_and_does_not_throw_validation_errors."/>
    <testcase time="9.596" classname="shinytest2_tm_g_km" name="e2e_tm_g_km_Changing_rel_height_plot_changes_the_plot_and_does_not_throw_validation_errors."/>
    <testcase time="0.00600000000008549" classname="shinytest2_tm_g_km" name="e2e_tm_g_km_Changing_rel_height_plot_changes_the_plot_and_does_not_throw_validation_errors."/>
    <testcase time="9.66899999999987" classname="shinytest2_tm_g_km" name="e2e_tm_g_km_Changing_show_ci_ribbon_changes_the_plot_and_does_not_throw_validation_errors."/>
    <testcase time="0.00600000000008549" classname="shinytest2_tm_g_km" name="e2e_tm_g_km_Changing_show_ci_ribbon_changes_the_plot_and_does_not_throw_validation_errors."/>
    <testcase time="9.298" classname="shinytest2_tm_g_km" name="e2e_tm_g_km_Changing_show_km_table_changes_the_plot_and_does_not_throw_validation_errors."/>
    <testcase time="0.00700000000006185" classname="shinytest2_tm_g_km" name="e2e_tm_g_km_Changing_show_km_table_changes_the_plot_and_does_not_throw_validation_errors."/>
    <testcase time="9.7199999999998" classname="shinytest2_tm_g_km" name="e2e_tm_g_km_Changing_conf_level_changes_the_plot_and_does_not_throw_validation_errors."/>
    <testcase time="0.00700000000006185" classname="shinytest2_tm_g_km" name="e2e_tm_g_km_Changing_conf_level_changes_the_plot_and_does_not_throw_validation_errors."/>
    <testcase time="9.67900000000009" classname="shinytest2_tm_g_km" name="e2e_tm_g_km_Changing_xlab_changes_the_plot_and_does_not_throw_validation_errors."/>
    <testcase time="0.00900000000001455" classname="shinytest2_tm_g_km" name="e2e_tm_g_km_Changing_xlab_changes_the_plot_and_does_not_throw_validation_errors."/>
    <testcase time="8.11999999999989" classname="shinytest2_tm_g_km" name="e2e_tm_g_km_Deselecting_conf_level_throws_validation_error."/>
    <testcase time="0.00700000000006185" classname="shinytest2_tm_g_km" name="e2e_tm_g_km_Deselecting_conf_level_throws_validation_error."/>
  </testsuite>
  <testsuite name="shinytest2-tm_g_lineplot" timestamp="2024-12-17T12:05:33Z" hostname="4d5c1e09c213" tests="39" skipped="0" failures="0" errors="0" time="87.69">
    <testcase time="7.54600000000005" classname="shinytest2_tm_g_lineplot" name="e2e_tm_g_lineplot_Module_initializes_in_teal_without_errors."/>
    <testcase time="0.00599999999985812" classname="shinytest2_tm_g_lineplot" name="e2e_tm_g_lineplot_Module_initializes_in_teal_without_errors."/>
    <testcase time="2.13200000000006" classname="shinytest2_tm_g_lineplot" name="e2e_tm_g_lineplot_Module_initializes_in_teal_without_errors."/>
    <testcase time="7.66100000000006" classname="shinytest2_tm_g_lineplot" name="e2e_tm_g_lineplot_Starts_with_specified_label_param_group_var_y_x_mid_interval_incl_screen_plot_settings_and_table_settings."/>
    <testcase time="0.0860000000000127" classname="shinytest2_tm_g_lineplot" name="e2e_tm_g_lineplot_Starts_with_specified_label_param_group_var_y_x_mid_interval_incl_screen_plot_settings_and_table_settings."/>
    <testcase time="0.0509999999999309" classname="shinytest2_tm_g_lineplot" name="e2e_tm_g_lineplot_Starts_with_specified_label_param_group_var_y_x_mid_interval_incl_screen_plot_settings_and_table_settings."/>
    <testcase time="0.0520000000001346" classname="shinytest2_tm_g_lineplot" name="e2e_tm_g_lineplot_Starts_with_specified_label_param_group_var_y_x_mid_interval_incl_screen_plot_settings_and_table_settings."/>
    <testcase time="0.0519999999999072" classname="shinytest2_tm_g_lineplot" name="e2e_tm_g_lineplot_Starts_with_specified_label_param_group_var_y_x_mid_interval_incl_screen_plot_settings_and_table_settings."/>
    <testcase time="0.0519999999999072" classname="shinytest2_tm_g_lineplot" name="e2e_tm_g_lineplot_Starts_with_specified_label_param_group_var_y_x_mid_interval_incl_screen_plot_settings_and_table_settings."/>
    <testcase time="0.0520000000001346" classname="shinytest2_tm_g_lineplot" name="e2e_tm_g_lineplot_Starts_with_specified_label_param_group_var_y_x_mid_interval_incl_screen_plot_settings_and_table_settings."/>
    <testcase time="0.0519999999999072" classname="shinytest2_tm_g_lineplot" name="e2e_tm_g_lineplot_Starts_with_specified_label_param_group_var_y_x_mid_interval_incl_screen_plot_settings_and_table_settings."/>
    <testcase time="0.0520000000001346" classname="shinytest2_tm_g_lineplot" name="e2e_tm_g_lineplot_Starts_with_specified_label_param_group_var_y_x_mid_interval_incl_screen_plot_settings_and_table_settings."/>
    <testcase time="0.0529999999998836" classname="shinytest2_tm_g_lineplot" name="e2e_tm_g_lineplot_Starts_with_specified_label_param_group_var_y_x_mid_interval_incl_screen_plot_settings_and_table_settings."/>
    <testcase time="0.0509999999999309" classname="shinytest2_tm_g_lineplot" name="e2e_tm_g_lineplot_Starts_with_specified_label_param_group_var_y_x_mid_interval_incl_screen_plot_settings_and_table_settings."/>
    <testcase time="0.0520000000001346" classname="shinytest2_tm_g_lineplot" name="e2e_tm_g_lineplot_Starts_with_specified_label_param_group_var_y_x_mid_interval_incl_screen_plot_settings_and_table_settings."/>
    <testcase time="0.0599999999999454" classname="shinytest2_tm_g_lineplot" name="e2e_tm_g_lineplot_Starts_with_specified_label_param_group_var_y_x_mid_interval_incl_screen_plot_settings_and_table_settings."/>
    <testcase time="0.0519999999999072" classname="shinytest2_tm_g_lineplot" name="e2e_tm_g_lineplot_Starts_with_specified_label_param_group_var_y_x_mid_interval_incl_screen_plot_settings_and_table_settings."/>
    <testcase time="0.0550000000000637" classname="shinytest2_tm_g_lineplot" name="e2e_tm_g_lineplot_Starts_with_specified_label_param_group_var_y_x_mid_interval_incl_screen_plot_settings_and_table_settings."/>
    <testcase time="0.0609999999999218" classname="shinytest2_tm_g_lineplot" name="e2e_tm_g_lineplot_Starts_with_specified_label_param_group_var_y_x_mid_interval_incl_screen_plot_settings_and_table_settings."/>
    <testcase time="9.1260000000002" classname="shinytest2_tm_g_lineplot" name="e2e_tm_g_lineplot_Selecting_param_changes_plot_and_doesn_t_throw_validation_errors."/>
    <testcase time="0.00599999999985812" classname="shinytest2_tm_g_lineplot" name="e2e_tm_g_lineplot_Selecting_param_changes_plot_and_doesn_t_throw_validation_errors."/>
    <testcase time="8.22700000000009" classname="shinytest2_tm_g_lineplot" name="e2e_tm_g_lineplot_Deselecting_param_throws_validation_error."/>
    <testcase time="0.00700000000006185" classname="shinytest2_tm_g_lineplot" name="e2e_tm_g_lineplot_Deselecting_param_throws_validation_error."/>
    <testcase time="0.00599999999985812" classname="shinytest2_tm_g_lineplot" name="e2e_tm_g_lineplot_Deselecting_param_throws_validation_error."/>
    <testcase time="9.16800000000012" classname="shinytest2_tm_g_lineplot" name="e2e_tm_g_lineplot_Selecting_group_var_changes_plot_and_doesn_t_throw_validation_errors."/>
    <testcase time="0.00699999999983447" classname="shinytest2_tm_g_lineplot" name="e2e_tm_g_lineplot_Selecting_group_var_changes_plot_and_doesn_t_throw_validation_errors."/>
    <testcase time="8.16000000000008" classname="shinytest2_tm_g_lineplot" name="e2e_tm_g_lineplot_Deselecting_group_var_throws_validation_error."/>
    <testcase time="0.00600000000008549" classname="shinytest2_tm_g_lineplot" name="e2e_tm_g_lineplot_Deselecting_group_var_throws_validation_error."/>
    <testcase time="0.00599999999985812" classname="shinytest2_tm_g_lineplot" name="e2e_tm_g_lineplot_Deselecting_group_var_throws_validation_error."/>
    <testcase time="9.24800000000005" classname="shinytest2_tm_g_lineplot" name="e2e_tm_g_lineplot_Selecting_y_changes_plot_and_doesn_t_throw_validation_errors."/>
    <testcase time="0.00700000000006185" classname="shinytest2_tm_g_lineplot" name="e2e_tm_g_lineplot_Selecting_y_changes_plot_and_doesn_t_throw_validation_errors."/>
    <testcase time="8.28099999999995" classname="shinytest2_tm_g_lineplot" name="e2e_tm_g_lineplot_Deselecting_y_throws_validation_error."/>
    <testcase time="0.00600000000008549" classname="shinytest2_tm_g_lineplot" name="e2e_tm_g_lineplot_Deselecting_y_throws_validation_error."/>
    <testcase time="0.00599999999985812" classname="shinytest2_tm_g_lineplot" name="e2e_tm_g_lineplot_Deselecting_y_throws_validation_error."/>
    <testcase time="9.048" classname="shinytest2_tm_g_lineplot" name="e2e_tm_g_lineplot_Selecting_conf_level_changes_plot_and_doesn_t_throw_validation_errors."/>
    <testcase time="0.00700000000006185" classname="shinytest2_tm_g_lineplot" name="e2e_tm_g_lineplot_Selecting_conf_level_changes_plot_and_doesn_t_throw_validation_errors."/>
    <testcase time="8.17800000000011" classname="shinytest2_tm_g_lineplot" name="e2e_tm_g_lineplot_Deselecting_conf_level_validation_error."/>
    <testcase time="0.00599999999985812" classname="shinytest2_tm_g_lineplot" name="e2e_tm_g_lineplot_Deselecting_conf_level_validation_error."/>
    <testcase time="0.00600000000008549" classname="shinytest2_tm_g_lineplot" name="e2e_tm_g_lineplot_Deselecting_conf_level_validation_error."/>
  </testsuite>
  <testsuite name="shinytest2-tm_g_pp_adverse_events" timestamp="2024-12-17T12:07:01Z" hostname="4d5c1e09c213" tests="48" skipped="0" failures="0" errors="0" time="127.621">
    <testcase time="6.68299999999999" classname="shinytest2_tm_g_pp_adverse_events" name="e2e_tm_g_pp_adverse_events_Module_initializes_in_teal_without_any_errors_and_produces_the_plot_and_table."/>
    <testcase time="0.00499999999988177" classname="shinytest2_tm_g_pp_adverse_events" name="e2e_tm_g_pp_adverse_events_Module_initializes_in_teal_without_any_errors_and_produces_the_plot_and_table."/>
    <testcase time="0.0389999999999873" classname="shinytest2_tm_g_pp_adverse_events" name="e2e_tm_g_pp_adverse_events_Module_initializes_in_teal_without_any_errors_and_produces_the_plot_and_table."/>
    <testcase time="2.10800000000017" classname="shinytest2_tm_g_pp_adverse_events" name="e2e_tm_g_pp_adverse_events_Module_initializes_in_teal_without_any_errors_and_produces_the_plot_and_table."/>
    <testcase time="6.88099999999986" classname="shinytest2_tm_g_pp_adverse_events" name="e2e_tm_g_pp_adverse_events_Module_initializes_with_specific_label_patient_id_aeterm_tox_grade_causality_outcome_action_time_decod."/>
    <testcase time="0.0510000000001583" classname="shinytest2_tm_g_pp_adverse_events" name="e2e_tm_g_pp_adverse_events_Module_initializes_with_specific_label_patient_id_aeterm_tox_grade_causality_outcome_action_time_decod."/>
    <testcase time="0.0519999999999072" classname="shinytest2_tm_g_pp_adverse_events" name="e2e_tm_g_pp_adverse_events_Module_initializes_with_specific_label_patient_id_aeterm_tox_grade_causality_outcome_action_time_decod."/>
    <testcase time="0.0519999999999072" classname="shinytest2_tm_g_pp_adverse_events" name="e2e_tm_g_pp_adverse_events_Module_initializes_with_specific_label_patient_id_aeterm_tox_grade_causality_outcome_action_time_decod."/>
    <testcase time="0.0520000000001346" classname="shinytest2_tm_g_pp_adverse_events" name="e2e_tm_g_pp_adverse_events_Module_initializes_with_specific_label_patient_id_aeterm_tox_grade_causality_outcome_action_time_decod."/>
    <testcase time="0.0519999999999072" classname="shinytest2_tm_g_pp_adverse_events" name="e2e_tm_g_pp_adverse_events_Module_initializes_with_specific_label_patient_id_aeterm_tox_grade_causality_outcome_action_time_decod."/>
    <testcase time="0.0520000000001346" classname="shinytest2_tm_g_pp_adverse_events" name="e2e_tm_g_pp_adverse_events_Module_initializes_with_specific_label_patient_id_aeterm_tox_grade_causality_outcome_action_time_decod."/>
    <testcase time="0.0519999999999072" classname="shinytest2_tm_g_pp_adverse_events" name="e2e_tm_g_pp_adverse_events_Module_initializes_with_specific_label_patient_id_aeterm_tox_grade_causality_outcome_action_time_decod."/>
    <testcase time="0.0519999999999072" classname="shinytest2_tm_g_pp_adverse_events" name="e2e_tm_g_pp_adverse_events_Module_initializes_with_specific_label_patient_id_aeterm_tox_grade_causality_outcome_action_time_decod."/>
    <testcase time="8.69800000000009" classname="shinytest2_tm_g_pp_adverse_events" name="e2e_tm_g_pp_adverse_events_Selecting_patient_id_doesn_t_throw_errors_and_changes_the_plot_and_table."/>
    <testcase time="0.0080000000000382" classname="shinytest2_tm_g_pp_adverse_events" name="e2e_tm_g_pp_adverse_events_Selecting_patient_id_doesn_t_throw_errors_and_changes_the_plot_and_table."/>
    <testcase time="0.00600000000008549" classname="shinytest2_tm_g_pp_adverse_events" name="e2e_tm_g_pp_adverse_events_Selecting_patient_id_doesn_t_throw_errors_and_changes_the_plot_and_table."/>
    <testcase time="7.702" classname="shinytest2_tm_g_pp_adverse_events" name="e2e_tm_g_pp_adverse_events_Deselecting_patient_id_throw_validation_error"/>
    <testcase time="0.00599999999985812" classname="shinytest2_tm_g_pp_adverse_events" name="e2e_tm_g_pp_adverse_events_Deselecting_patient_id_throw_validation_error"/>
    <testcase time="8.33200000000011" classname="shinytest2_tm_g_pp_adverse_events" name="e2e_tm_g_pp_adverse_events_Selecting_aeterm_column_doesn_t_throw_errors_and_changes_the_plot_and_table."/>
    <testcase time="0.0080000000000382" classname="shinytest2_tm_g_pp_adverse_events" name="e2e_tm_g_pp_adverse_events_Selecting_aeterm_column_doesn_t_throw_errors_and_changes_the_plot_and_table."/>
    <testcase time="0.00599999999985812" classname="shinytest2_tm_g_pp_adverse_events" name="e2e_tm_g_pp_adverse_events_Selecting_aeterm_column_doesn_t_throw_errors_and_changes_the_plot_and_table."/>
    <testcase time="7.46299999999997" classname="shinytest2_tm_g_pp_adverse_events" name="e2e_tm_g_pp_adverse_events_Deselecting_aeterm_column_throw_validation_error"/>
    <testcase time="0.00700000000006185" classname="shinytest2_tm_g_pp_adverse_events" name="e2e_tm_g_pp_adverse_events_Deselecting_aeterm_column_throw_validation_error"/>
    <testcase time="8.4860000000001" classname="shinytest2_tm_g_pp_adverse_events" name="e2e_tm_g_pp_adverse_events_Selecting_tox_grade_column_doesn_t_throw_errors_and_changes_the_plot_and_table."/>
    <testcase time="0.00799999999981083" classname="shinytest2_tm_g_pp_adverse_events" name="e2e_tm_g_pp_adverse_events_Selecting_tox_grade_column_doesn_t_throw_errors_and_changes_the_plot_and_table."/>
    <testcase time="0.00600000000008549" classname="shinytest2_tm_g_pp_adverse_events" name="e2e_tm_g_pp_adverse_events_Selecting_tox_grade_column_doesn_t_throw_errors_and_changes_the_plot_and_table."/>
    <testcase time="7.72600000000011" classname="shinytest2_tm_g_pp_adverse_events" name="e2e_tm_g_pp_adverse_events_Deselecting_tox_grade_column_throw_validation_error"/>
    <testcase time="0.00599999999985812" classname="shinytest2_tm_g_pp_adverse_events" name="e2e_tm_g_pp_adverse_events_Deselecting_tox_grade_column_throw_validation_error"/>
    <testcase time="8.36500000000001" classname="shinytest2_tm_g_pp_adverse_events" name="e2e_tm_g_pp_adverse_events_Selecting_causality_column_doesn_t_throw_errors_and_changes_the_plot_and_table."/>
    <testcase time="0.0080000000000382" classname="shinytest2_tm_g_pp_adverse_events" name="e2e_tm_g_pp_adverse_events_Selecting_causality_column_doesn_t_throw_errors_and_changes_the_plot_and_table."/>
    <testcase time="0.00600000000008549" classname="shinytest2_tm_g_pp_adverse_events" name="e2e_tm_g_pp_adverse_events_Selecting_causality_column_doesn_t_throw_errors_and_changes_the_plot_and_table."/>
    <testcase time="7.6869999999999" classname="shinytest2_tm_g_pp_adverse_events" name="e2e_tm_g_pp_adverse_events_Deselecting_causality_column_throw_validation_error"/>
    <testcase time="0.00600000000008549" classname="shinytest2_tm_g_pp_adverse_events" name="e2e_tm_g_pp_adverse_events_Deselecting_causality_column_throw_validation_error"/>
    <testcase time="8.23900000000003" classname="shinytest2_tm_g_pp_adverse_events" name="e2e_tm_g_pp_adverse_events_Selecting_outcome_column_doesn_t_throw_errors_and_changes_the_plot_and_table."/>
    <testcase time="0.00799999999981083" classname="shinytest2_tm_g_pp_adverse_events" name="e2e_tm_g_pp_adverse_events_Selecting_outcome_column_doesn_t_throw_errors_and_changes_the_plot_and_table."/>
    <testcase time="0.00600000000008549" classname="shinytest2_tm_g_pp_adverse_events" name="e2e_tm_g_pp_adverse_events_Selecting_outcome_column_doesn_t_throw_errors_and_changes_the_plot_and_table."/>
    <testcase time="7.55400000000009" classname="shinytest2_tm_g_pp_adverse_events" name="e2e_tm_g_pp_adverse_events_Deselecting_outcome_column_throw_validation_error"/>
    <testcase time="0.00599999999985812" classname="shinytest2_tm_g_pp_adverse_events" name="e2e_tm_g_pp_adverse_events_Deselecting_outcome_column_throw_validation_error"/>
    <testcase time="8.05000000000018" classname="shinytest2_tm_g_pp_adverse_events" name="e2e_tm_g_pp_adverse_events_Selecting_action_column_doesn_t_throw_errors_and_changes_the_plot_and_table."/>
    <testcase time="0.00799999999981083" classname="shinytest2_tm_g_pp_adverse_events" name="e2e_tm_g_pp_adverse_events_Selecting_action_column_doesn_t_throw_errors_and_changes_the_plot_and_table."/>
    <testcase time="0.00700000000006185" classname="shinytest2_tm_g_pp_adverse_events" name="e2e_tm_g_pp_adverse_events_Selecting_action_column_doesn_t_throw_errors_and_changes_the_plot_and_table."/>
    <testcase time="7.54199999999992" classname="shinytest2_tm_g_pp_adverse_events" name="e2e_tm_g_pp_adverse_events_Deselecting_action_column_throw_validation_error"/>
    <testcase time="0.00600000000008549" classname="shinytest2_tm_g_pp_adverse_events" name="e2e_tm_g_pp_adverse_events_Deselecting_action_column_throw_validation_error"/>
    <testcase time="8.04899999999998" classname="shinytest2_tm_g_pp_adverse_events" name="e2e_tm_g_pp_adverse_events_Selecting_time_column_doesn_t_throw_errors_and_changes_the_plot_and_table."/>
    <testcase time="0.0080000000000382" classname="shinytest2_tm_g_pp_adverse_events" name="e2e_tm_g_pp_adverse_events_Selecting_time_column_doesn_t_throw_errors_and_changes_the_plot_and_table."/>
    <testcase time="0.00600000000008549" classname="shinytest2_tm_g_pp_adverse_events" name="e2e_tm_g_pp_adverse_events_Selecting_time_column_doesn_t_throw_errors_and_changes_the_plot_and_table."/>
    <testcase time="7.45499999999993" classname="shinytest2_tm_g_pp_adverse_events" name="e2e_tm_g_pp_adverse_events_Deselecting_time_column_throw_validation_error"/>
    <testcase time="0.00600000000008549" classname="shinytest2_tm_g_pp_adverse_events" name="e2e_tm_g_pp_adverse_events_Deselecting_time_column_throw_validation_error"/>
  </testsuite>
  <testsuite name="shinytest2-tm_g_pp_patient_timeline" timestamp="2024-12-17T12:09:08Z" hostname="4d5c1e09c213" tests="74" skipped="0" failures="0" errors="0" time="248.784">
    <testcase time="6.87199999999984" classname="shinytest2_tm_g_pp_patient_timeline" name="e2e_tm_g_pp_patient_timeline_Module_initializes_in_teal_without_errors_and_produces_plot_output."/>
    <testcase time="0.00600000000008549" classname="shinytest2_tm_g_pp_patient_timeline" name="e2e_tm_g_pp_patient_timeline_Module_initializes_in_teal_without_errors_and_produces_plot_output."/>
    <testcase time="0.0419999999999163" classname="shinytest2_tm_g_pp_patient_timeline" name="e2e_tm_g_pp_patient_timeline_Module_initializes_in_teal_without_errors_and_produces_plot_output."/>
    <testcase time="6.73300000000017" classname="shinytest2_tm_g_pp_patient_timeline" name="e2e_tm_g_pp_patient_timeline_Starts_with_specified_label_patient_id_cmdecod_aeterm_aetime_start_aetime_end_dstime_start_dstime_end_aerelday_start_aerelday_end_dsrelday_start_dsrelday_en."/>
    <testcase time="0.0869999999999891" classname="shinytest2_tm_g_pp_patient_timeline" name="e2e_tm_g_pp_patient_timeline_Starts_with_specified_label_patient_id_cmdecod_aeterm_aetime_start_aetime_end_dstime_start_dstime_end_aerelday_start_aerelday_end_dsrelday_start_dsrelday_en."/>
    <testcase time="0.0529999999998836" classname="shinytest2_tm_g_pp_patient_timeline" name="e2e_tm_g_pp_patient_timeline_Starts_with_specified_label_patient_id_cmdecod_aeterm_aetime_start_aetime_end_dstime_start_dstime_end_aerelday_start_aerelday_end_dsrelday_start_dsrelday_en."/>
    <testcase time="0.0520000000001346" classname="shinytest2_tm_g_pp_patient_timeline" name="e2e_tm_g_pp_patient_timeline_Starts_with_specified_label_patient_id_cmdecod_aeterm_aetime_start_aetime_end_dstime_start_dstime_end_aerelday_start_aerelday_end_dsrelday_start_dsrelday_en."/>
    <testcase time="0.0519999999996799" classname="shinytest2_tm_g_pp_patient_timeline" name="e2e_tm_g_pp_patient_timeline_Starts_with_specified_label_patient_id_cmdecod_aeterm_aetime_start_aetime_end_dstime_start_dstime_end_aerelday_start_aerelday_end_dsrelday_start_dsrelday_en."/>
    <testcase time="0.0520000000001346" classname="shinytest2_tm_g_pp_patient_timeline" name="e2e_tm_g_pp_patient_timeline_Starts_with_specified_label_patient_id_cmdecod_aeterm_aetime_start_aetime_end_dstime_start_dstime_end_aerelday_start_aerelday_end_dsrelday_start_dsrelday_en."/>
    <testcase time="0.0520000000001346" classname="shinytest2_tm_g_pp_patient_timeline" name="e2e_tm_g_pp_patient_timeline_Starts_with_specified_label_patient_id_cmdecod_aeterm_aetime_start_aetime_end_dstime_start_dstime_end_aerelday_start_aerelday_end_dsrelday_start_dsrelday_en."/>
    <testcase time="0.0520000000001346" classname="shinytest2_tm_g_pp_patient_timeline" name="e2e_tm_g_pp_patient_timeline_Starts_with_specified_label_patient_id_cmdecod_aeterm_aetime_start_aetime_end_dstime_start_dstime_end_aerelday_start_aerelday_end_dsrelday_start_dsrelday_en."/>
    <testcase time="0.0519999999996799" classname="shinytest2_tm_g_pp_patient_timeline" name="e2e_tm_g_pp_patient_timeline_Starts_with_specified_label_patient_id_cmdecod_aeterm_aetime_start_aetime_end_dstime_start_dstime_end_aerelday_start_aerelday_end_dsrelday_start_dsrelday_en."/>
    <testcase time="0.0520000000001346" classname="shinytest2_tm_g_pp_patient_timeline" name="e2e_tm_g_pp_patient_timeline_Starts_with_specified_label_patient_id_cmdecod_aeterm_aetime_start_aetime_end_dstime_start_dstime_end_aerelday_start_aerelday_end_dsrelday_start_dsrelday_en."/>
    <testcase time="0.0520000000001346" classname="shinytest2_tm_g_pp_patient_timeline" name="e2e_tm_g_pp_patient_timeline_Starts_with_specified_label_patient_id_cmdecod_aeterm_aetime_start_aetime_end_dstime_start_dstime_end_aerelday_start_aerelday_end_dsrelday_start_dsrelday_en."/>
    <testcase time="0.0519999999996799" classname="shinytest2_tm_g_pp_patient_timeline" name="e2e_tm_g_pp_patient_timeline_Starts_with_specified_label_patient_id_cmdecod_aeterm_aetime_start_aetime_end_dstime_start_dstime_end_aerelday_start_aerelday_end_dsrelday_start_dsrelday_en."/>
    <testcase time="0.0530000000003383" classname="shinytest2_tm_g_pp_patient_timeline" name="e2e_tm_g_pp_patient_timeline_Starts_with_specified_label_patient_id_cmdecod_aeterm_aetime_start_aetime_end_dstime_start_dstime_end_aerelday_start_aerelday_end_dsrelday_start_dsrelday_en."/>
    <testcase time="0.05600000000004" classname="shinytest2_tm_g_pp_patient_timeline" name="e2e_tm_g_pp_patient_timeline_Starts_with_specified_label_patient_id_cmdecod_aeterm_aetime_start_aetime_end_dstime_start_dstime_end_aerelday_start_aerelday_end_dsrelday_start_dsrelday_en."/>
    <testcase time="15.2549999999997" classname="shinytest2_tm_g_pp_patient_timeline" name="e2e_tm_g_pp_patient_timeline_Encodings_aerelday_start_aerelday_end_dsrelday_start_dsrelday_end_are_shown_only_when_relday_x_axis_is_checked."/>
    <testcase time="9.7829999999999" classname="shinytest2_tm_g_pp_patient_timeline" name="e2e_tm_g_pp_patient_timeline_Encodings_aerelday_start_aerelday_end_dsrelday_start_dsrelday_end_are_shown_only_when_relday_x_axis_is_checked."/>
    <testcase time="15.3430000000003" classname="shinytest2_tm_g_pp_patient_timeline" name="e2e_tm_g_pp_patient_timeline_Encodings_aetime_start_aetime_end_dstime_start_dstime_end_are_shown_only_when_relday_x_axis_is_unchecked."/>
    <testcase time="9.77099999999973" classname="shinytest2_tm_g_pp_patient_timeline" name="e2e_tm_g_pp_patient_timeline_Encodings_aetime_start_aetime_end_dstime_start_dstime_end_are_shown_only_when_relday_x_axis_is_unchecked."/>
    <testcase time="7.86500000000024" classname="shinytest2_tm_g_pp_patient_timeline" name="e2e_tm_g_pp_patient_timeline_Selecting_patient_id_changes_plot_and_doesn_t_throw_validation_errors."/>
    <testcase time="0.00700000000006185" classname="shinytest2_tm_g_pp_patient_timeline" name="e2e_tm_g_pp_patient_timeline_Selecting_patient_id_changes_plot_and_doesn_t_throw_validation_errors."/>
    <testcase time="7.33899999999994" classname="shinytest2_tm_g_pp_patient_timeline" name="e2e_tm_g_pp_patient_timeline_Deselecting_patient_id_column_throws_validation_error."/>
    <testcase time="0.00700000000006185" classname="shinytest2_tm_g_pp_patient_timeline" name="e2e_tm_g_pp_patient_timeline_Deselecting_patient_id_column_throws_validation_error."/>
    <testcase time="0.00599999999985812" classname="shinytest2_tm_g_pp_patient_timeline" name="e2e_tm_g_pp_patient_timeline_Deselecting_patient_id_column_throws_validation_error."/>
    <testcase time="8.20400000000018" classname="shinytest2_tm_g_pp_patient_timeline" name="e2e_tm_g_pp_patient_timeline_Selecting_cmdecod_changes_plot_and_doesn_t_throw_validation_errors."/>
    <testcase time="0.00599999999985812" classname="shinytest2_tm_g_pp_patient_timeline" name="e2e_tm_g_pp_patient_timeline_Selecting_cmdecod_changes_plot_and_doesn_t_throw_validation_errors."/>
    <testcase time="8.23000000000002" classname="shinytest2_tm_g_pp_patient_timeline" name="e2e_tm_g_pp_patient_timeline_Deselecting_cmdecod_changes_plot_and_doesn_t_throw_validation_error."/>
    <testcase time="0.00599999999985812" classname="shinytest2_tm_g_pp_patient_timeline" name="e2e_tm_g_pp_patient_timeline_Deselecting_cmdecod_changes_plot_and_doesn_t_throw_validation_error."/>
    <testcase time="8.29600000000028" classname="shinytest2_tm_g_pp_patient_timeline" name="e2e_tm_g_pp_patient_timeline_Selecting_aeterm_changes_plot_and_doesn_t_throw_validation_errors."/>
    <testcase time="0.00700000000006185" classname="shinytest2_tm_g_pp_patient_timeline" name="e2e_tm_g_pp_patient_timeline_Selecting_aeterm_changes_plot_and_doesn_t_throw_validation_errors."/>
    <testcase time="8.22199999999975" classname="shinytest2_tm_g_pp_patient_timeline" name="e2e_tm_g_pp_patient_timeline_Deselecting_aeterm_changes_plot_and_doesn_t_throw_validation_error."/>
    <testcase time="0.00700000000006185" classname="shinytest2_tm_g_pp_patient_timeline" name="e2e_tm_g_pp_patient_timeline_Deselecting_aeterm_changes_plot_and_doesn_t_throw_validation_error."/>
    <testcase time="9.50599999999986" classname="shinytest2_tm_g_pp_patient_timeline" name="e2e_tm_g_pp_patient_timeline_Selecting_aetime_start_changes_plot_and_doesn_t_throw_validation_errors."/>
    <testcase time="0.00600000000031287" classname="shinytest2_tm_g_pp_patient_timeline" name="e2e_tm_g_pp_patient_timeline_Selecting_aetime_start_changes_plot_and_doesn_t_throw_validation_errors."/>
    <testcase time="8.89199999999983" classname="shinytest2_tm_g_pp_patient_timeline" name="e2e_tm_g_pp_patient_timeline_Deselecting_aetime_start_throws_validation_error."/>
    <testcase time="0.00599999999985812" classname="shinytest2_tm_g_pp_patient_timeline" name="e2e_tm_g_pp_patient_timeline_Deselecting_aetime_start_throws_validation_error."/>
    <testcase time="0.00600000000031287" classname="shinytest2_tm_g_pp_patient_timeline" name="e2e_tm_g_pp_patient_timeline_Deselecting_aetime_start_throws_validation_error."/>
    <testcase time="9.48999999999978" classname="shinytest2_tm_g_pp_patient_timeline" name="e2e_tm_g_pp_patient_timeline_Selecting_aetime_end_changes_plot_and_doesn_t_throw_validation_errors."/>
    <testcase time="0.00599999999985812" classname="shinytest2_tm_g_pp_patient_timeline" name="e2e_tm_g_pp_patient_timeline_Selecting_aetime_end_changes_plot_and_doesn_t_throw_validation_errors."/>
    <testcase time="8.95700000000033" classname="shinytest2_tm_g_pp_patient_timeline" name="e2e_tm_g_pp_patient_timeline_Deselecting_aetime_end_throws_validation_error."/>
    <testcase time="0.0069999999996071" classname="shinytest2_tm_g_pp_patient_timeline" name="e2e_tm_g_pp_patient_timeline_Deselecting_aetime_end_throws_validation_error."/>
    <testcase time="0.00600000000031287" classname="shinytest2_tm_g_pp_patient_timeline" name="e2e_tm_g_pp_patient_timeline_Deselecting_aetime_end_throws_validation_error."/>
    <testcase time="8.18599999999969" classname="shinytest2_tm_g_pp_patient_timeline" name="e2e_tm_g_pp_patient_timeline_Selecting_aerelday_start_changes_plot_and_doesn_t_throw_validation_errors."/>
    <testcase time="0.00700000000006185" classname="shinytest2_tm_g_pp_patient_timeline" name="e2e_tm_g_pp_patient_timeline_Selecting_aerelday_start_changes_plot_and_doesn_t_throw_validation_errors."/>
    <testcase time="7.45900000000029" classname="shinytest2_tm_g_pp_patient_timeline" name="e2e_tm_g_pp_patient_timeline_Deselecting_aerelday_start_throws_validation_error."/>
    <testcase time="0.00599999999985812" classname="shinytest2_tm_g_pp_patient_timeline" name="e2e_tm_g_pp_patient_timeline_Deselecting_aerelday_start_throws_validation_error."/>
    <testcase time="0.00599999999985812" classname="shinytest2_tm_g_pp_patient_timeline" name="e2e_tm_g_pp_patient_timeline_Deselecting_aerelday_start_throws_validation_error."/>
    <testcase time="7.96900000000005" classname="shinytest2_tm_g_pp_patient_timeline" name="e2e_tm_g_pp_patient_timeline_Selecting_aerelday_end_changes_plot_and_doesn_t_throw_validation_errors."/>
    <testcase time="0.00700000000006185" classname="shinytest2_tm_g_pp_patient_timeline" name="e2e_tm_g_pp_patient_timeline_Selecting_aerelday_end_changes_plot_and_doesn_t_throw_validation_errors."/>
    <testcase time="7.64400000000023" classname="shinytest2_tm_g_pp_patient_timeline" name="e2e_tm_g_pp_patient_timeline_Deselecting_aerelday_end_throws_validation_error."/>
    <testcase time="0.0069999999996071" classname="shinytest2_tm_g_pp_patient_timeline" name="e2e_tm_g_pp_patient_timeline_Deselecting_aerelday_end_throws_validation_error."/>
    <testcase time="0.00600000000031287" classname="shinytest2_tm_g_pp_patient_timeline" name="e2e_tm_g_pp_patient_timeline_Deselecting_aerelday_end_throws_validation_error."/>
    <testcase time="9.5619999999999" classname="shinytest2_tm_g_pp_patient_timeline" name="e2e_tm_g_pp_patient_timeline_Selecting_dstime_start_changes_plot_and_doesn_t_throw_validation_errors."/>
    <testcase time="0.00700000000006185" classname="shinytest2_tm_g_pp_patient_timeline" name="e2e_tm_g_pp_patient_timeline_Selecting_dstime_start_changes_plot_and_doesn_t_throw_validation_errors."/>
    <testcase time="8.8779999999997" classname="shinytest2_tm_g_pp_patient_timeline" name="e2e_tm_g_pp_patient_timeline_Deselecting_dstime_start_throws_validation_error."/>
    <testcase time="0.00700000000006185" classname="shinytest2_tm_g_pp_patient_timeline" name="e2e_tm_g_pp_patient_timeline_Deselecting_dstime_start_throws_validation_error."/>
    <testcase time="0.00600000000031287" classname="shinytest2_tm_g_pp_patient_timeline" name="e2e_tm_g_pp_patient_timeline_Deselecting_dstime_start_throws_validation_error."/>
    <testcase time="9.24599999999964" classname="shinytest2_tm_g_pp_patient_timeline" name="e2e_tm_g_pp_patient_timeline_Selecting_dstime_end_changes_plot_and_doesn_t_throw_validation_errors."/>
    <testcase time="0.00600000000031287" classname="shinytest2_tm_g_pp_patient_timeline" name="e2e_tm_g_pp_patient_timeline_Selecting_dstime_end_changes_plot_and_doesn_t_throw_validation_errors."/>
    <testcase time="8.9079999999999" classname="shinytest2_tm_g_pp_patient_timeline" name="e2e_tm_g_pp_patient_timeline_Deselecting_dstime_end_throws_validation_error."/>
    <testcase time="0.00700000000006185" classname="shinytest2_tm_g_pp_patient_timeline" name="e2e_tm_g_pp_patient_timeline_Deselecting_dstime_end_throws_validation_error."/>
    <testcase time="0.00599999999985812" classname="shinytest2_tm_g_pp_patient_timeline" name="e2e_tm_g_pp_patient_timeline_Deselecting_dstime_end_throws_validation_error."/>
    <testcase time="8.27300000000014" classname="shinytest2_tm_g_pp_patient_timeline" name="e2e_tm_g_pp_patient_timeline_Selecting_dsrelday_start_changes_plot_and_doesn_t_throw_validation_errors."/>
    <testcase time="0.00599999999985812" classname="shinytest2_tm_g_pp_patient_timeline" name="e2e_tm_g_pp_patient_timeline_Selecting_dsrelday_start_changes_plot_and_doesn_t_throw_validation_errors."/>
    <testcase time="7.39400000000023" classname="shinytest2_tm_g_pp_patient_timeline" name="e2e_tm_g_pp_patient_timeline_Deselecting_dsrelday_start_throws_validation_error."/>
    <testcase time="0.00700000000006185" classname="shinytest2_tm_g_pp_patient_timeline" name="e2e_tm_g_pp_patient_timeline_Deselecting_dsrelday_start_throws_validation_error."/>
    <testcase time="0.0069999999996071" classname="shinytest2_tm_g_pp_patient_timeline" name="e2e_tm_g_pp_patient_timeline_Deselecting_dsrelday_start_throws_validation_error."/>
    <testcase time="7.93700000000035" classname="shinytest2_tm_g_pp_patient_timeline" name="e2e_tm_g_pp_patient_timeline_Selecting_dsrelday_end_changes_plot_and_doesn_t_throw_validation_errors."/>
    <testcase time="0.0069999999996071" classname="shinytest2_tm_g_pp_patient_timeline" name="e2e_tm_g_pp_patient_timeline_Selecting_dsrelday_end_changes_plot_and_doesn_t_throw_validation_errors."/>
    <testcase time="7.60500000000002" classname="shinytest2_tm_g_pp_patient_timeline" name="e2e_tm_g_pp_patient_timeline_Deselecting_dsrelday_end_throws_validation_error."/>
    <testcase time="0.00600000000031287" classname="shinytest2_tm_g_pp_patient_timeline" name="e2e_tm_g_pp_patient_timeline_Deselecting_dsrelday_end_throws_validation_error."/>
    <testcase time="0.00599999999985812" classname="shinytest2_tm_g_pp_patient_timeline" name="e2e_tm_g_pp_patient_timeline_Deselecting_dsrelday_end_throws_validation_error."/>
  </testsuite>
  <testsuite name="shinytest2-tm_g_pp_therapy" timestamp="2024-12-17T12:13:17Z" hostname="4d5c1e09c213" tests="59" skipped="0" failures="0" errors="0" time="202.439">
    <testcase time="7.48799999999983" classname="shinytest2_tm_g_pp_therapy" name="e2e_tm_g_pp_therapy_Module_initializes_in_teal_without_errors_and_produces_output."/>
    <testcase time="0.00599999999985812" classname="shinytest2_tm_g_pp_therapy" name="e2e_tm_g_pp_therapy_Module_initializes_in_teal_without_errors_and_produces_output."/>
    <testcase time="2.10600000000022" classname="shinytest2_tm_g_pp_therapy" name="e2e_tm_g_pp_therapy_Module_initializes_in_teal_without_errors_and_produces_output."/>
    <testcase time="2.11999999999989" classname="shinytest2_tm_g_pp_therapy" name="e2e_tm_g_pp_therapy_Module_initializes_in_teal_without_errors_and_produces_output."/>
    <testcase time="7.35600000000022" classname="shinytest2_tm_g_pp_therapy" name="e2e_tm_g_pp_therapy_Starts_with_specified_label_paramcd_arm_var_buckets_paramcd_subgroup_var_strata_var_and_plot_settings."/>
    <testcase time="0.0579999999999927" classname="shinytest2_tm_g_pp_therapy" name="e2e_tm_g_pp_therapy_Starts_with_specified_label_paramcd_arm_var_buckets_paramcd_subgroup_var_strata_var_and_plot_settings."/>
    <testcase time="0.0539999999996326" classname="shinytest2_tm_g_pp_therapy" name="e2e_tm_g_pp_therapy_Starts_with_specified_label_paramcd_arm_var_buckets_paramcd_subgroup_var_strata_var_and_plot_settings."/>
    <testcase time="0.0520000000001346" classname="shinytest2_tm_g_pp_therapy" name="e2e_tm_g_pp_therapy_Starts_with_specified_label_paramcd_arm_var_buckets_paramcd_subgroup_var_strata_var_and_plot_settings."/>
    <testcase time="0.0520000000001346" classname="shinytest2_tm_g_pp_therapy" name="e2e_tm_g_pp_therapy_Starts_with_specified_label_paramcd_arm_var_buckets_paramcd_subgroup_var_strata_var_and_plot_settings."/>
    <testcase time="0.0529999999998836" classname="shinytest2_tm_g_pp_therapy" name="e2e_tm_g_pp_therapy_Starts_with_specified_label_paramcd_arm_var_buckets_paramcd_subgroup_var_strata_var_and_plot_settings."/>
    <testcase time="0.0509999999999309" classname="shinytest2_tm_g_pp_therapy" name="e2e_tm_g_pp_therapy_Starts_with_specified_label_paramcd_arm_var_buckets_paramcd_subgroup_var_strata_var_and_plot_settings."/>
    <testcase time="0.0529999999998836" classname="shinytest2_tm_g_pp_therapy" name="e2e_tm_g_pp_therapy_Starts_with_specified_label_paramcd_arm_var_buckets_paramcd_subgroup_var_strata_var_and_plot_settings."/>
    <testcase time="0.05600000000004" classname="shinytest2_tm_g_pp_therapy" name="e2e_tm_g_pp_therapy_Starts_with_specified_label_paramcd_arm_var_buckets_paramcd_subgroup_var_strata_var_and_plot_settings."/>
    <testcase time="0.055000000000291" classname="shinytest2_tm_g_pp_therapy" name="e2e_tm_g_pp_therapy_Starts_with_specified_label_paramcd_arm_var_buckets_paramcd_subgroup_var_strata_var_and_plot_settings."/>
    <testcase time="0.0519999999996799" classname="shinytest2_tm_g_pp_therapy" name="e2e_tm_g_pp_therapy_Starts_with_specified_label_paramcd_arm_var_buckets_paramcd_subgroup_var_strata_var_and_plot_settings."/>
    <testcase time="0.0520000000001346" classname="shinytest2_tm_g_pp_therapy" name="e2e_tm_g_pp_therapy_Starts_with_specified_label_paramcd_arm_var_buckets_paramcd_subgroup_var_strata_var_and_plot_settings."/>
    <testcase time="0.0529999999998836" classname="shinytest2_tm_g_pp_therapy" name="e2e_tm_g_pp_therapy_Starts_with_specified_label_paramcd_arm_var_buckets_paramcd_subgroup_var_strata_var_and_plot_settings."/>
    <testcase time="8.92399999999998" classname="shinytest2_tm_g_pp_therapy" name="e2e_tm_g_pp_therapy_Selection_of_patient_id_changes_the_plot_and_table_without_any_validation_errors."/>
    <testcase time="0.00600000000031287" classname="shinytest2_tm_g_pp_therapy" name="e2e_tm_g_pp_therapy_Selection_of_patient_id_changes_the_plot_and_table_without_any_validation_errors."/>
    <testcase time="9.1880000000001" classname="shinytest2_tm_g_pp_therapy" name="e2e_tm_g_pp_therapy_Selection_of_cmdecod_changes_the_plot_and_table_without_any_validation_errors."/>
    <testcase time="0.0069999999996071" classname="shinytest2_tm_g_pp_therapy" name="e2e_tm_g_pp_therapy_Selection_of_cmdecod_changes_the_plot_and_table_without_any_validation_errors."/>
    <testcase time="9.00500000000011" classname="shinytest2_tm_g_pp_therapy" name="e2e_tm_g_pp_therapy_Selection_of_atirel_changes_the_plot_and_table_without_any_validation_errors."/>
    <testcase time="0.00599999999985812" classname="shinytest2_tm_g_pp_therapy" name="e2e_tm_g_pp_therapy_Selection_of_atirel_changes_the_plot_and_table_without_any_validation_errors."/>
    <testcase time="8.875" classname="shinytest2_tm_g_pp_therapy" name="e2e_tm_g_pp_therapy_Selection_of_cmindc_changes_the_plot_and_table_without_any_validation_errors."/>
    <testcase time="0.00700000000006185" classname="shinytest2_tm_g_pp_therapy" name="e2e_tm_g_pp_therapy_Selection_of_cmindc_changes_the_plot_and_table_without_any_validation_errors."/>
    <testcase time="8.91300000000001" classname="shinytest2_tm_g_pp_therapy" name="e2e_tm_g_pp_therapy_Selection_of_cmdose_changes_the_plot_and_table_without_any_validation_errors."/>
    <testcase time="0.00600000000031287" classname="shinytest2_tm_g_pp_therapy" name="e2e_tm_g_pp_therapy_Selection_of_cmdose_changes_the_plot_and_table_without_any_validation_errors."/>
    <testcase time="9.10899999999992" classname="shinytest2_tm_g_pp_therapy" name="e2e_tm_g_pp_therapy_Selection_of_cmdosu_changes_the_plot_and_table_without_any_validation_errors."/>
    <testcase time="0.00599999999985812" classname="shinytest2_tm_g_pp_therapy" name="e2e_tm_g_pp_therapy_Selection_of_cmdosu_changes_the_plot_and_table_without_any_validation_errors."/>
    <testcase time="9.32600000000002" classname="shinytest2_tm_g_pp_therapy" name="e2e_tm_g_pp_therapy_Selection_of_cmroute_changes_the_plot_and_table_without_any_validation_errors."/>
    <testcase time="0.00700000000006185" classname="shinytest2_tm_g_pp_therapy" name="e2e_tm_g_pp_therapy_Selection_of_cmroute_changes_the_plot_and_table_without_any_validation_errors."/>
    <testcase time="9.0659999999998" classname="shinytest2_tm_g_pp_therapy" name="e2e_tm_g_pp_therapy_Selection_of_cmdosfrq_changes_the_plot_and_table_without_any_validation_errors."/>
    <testcase time="0.00600000000031287" classname="shinytest2_tm_g_pp_therapy" name="e2e_tm_g_pp_therapy_Selection_of_cmdosfrq_changes_the_plot_and_table_without_any_validation_errors."/>
    <testcase time="9.16899999999987" classname="shinytest2_tm_g_pp_therapy" name="e2e_tm_g_pp_therapy_Selection_of_cmstdy_changes_the_plot_and_table_without_any_validation_errors."/>
    <testcase time="0.00700000000006185" classname="shinytest2_tm_g_pp_therapy" name="e2e_tm_g_pp_therapy_Selection_of_cmstdy_changes_the_plot_and_table_without_any_validation_errors."/>
    <testcase time="9.14199999999983" classname="shinytest2_tm_g_pp_therapy" name="e2e_tm_g_pp_therapy_Selection_of_cmendy_changes_the_plot_and_table_without_any_validation_errors."/>
    <testcase time="0.00800000000026557" classname="shinytest2_tm_g_pp_therapy" name="e2e_tm_g_pp_therapy_Selection_of_cmendy_changes_the_plot_and_table_without_any_validation_errors."/>
    <testcase time="8.91300000000001" classname="shinytest2_tm_g_pp_therapy" name="e2e_tm_g_pp_therapy_Changing_font_size_changes_the_plot_and_does_not_throw_validation_errors."/>
    <testcase time="0.00599999999985812" classname="shinytest2_tm_g_pp_therapy" name="e2e_tm_g_pp_therapy_Changing_font_size_changes_the_plot_and_does_not_throw_validation_errors."/>
    <testcase time="8.10199999999986" classname="shinytest2_tm_g_pp_therapy" name="e2e_tm_g_pp_therapy_Deselection_of_patient_id_throws_validation_error."/>
    <testcase time="0.00700000000006185" classname="shinytest2_tm_g_pp_therapy" name="e2e_tm_g_pp_therapy_Deselection_of_patient_id_throws_validation_error."/>
    <testcase time="8.18899999999985" classname="shinytest2_tm_g_pp_therapy" name="e2e_tm_g_pp_therapy_Deselection_of_cmdecod_throws_validation_error."/>
    <testcase time="0.00600000000031287" classname="shinytest2_tm_g_pp_therapy" name="e2e_tm_g_pp_therapy_Deselection_of_cmdecod_throws_validation_error."/>
    <testcase time="8.24099999999999" classname="shinytest2_tm_g_pp_therapy" name="e2e_tm_g_pp_therapy_Deselection_of_atirel_throws_validation_error."/>
    <testcase time="0.00700000000006185" classname="shinytest2_tm_g_pp_therapy" name="e2e_tm_g_pp_therapy_Deselection_of_atirel_throws_validation_error."/>
    <testcase time="8.14599999999973" classname="shinytest2_tm_g_pp_therapy" name="e2e_tm_g_pp_therapy_Deselection_of_cmindc_throws_validation_error."/>
    <testcase time="0.00600000000031287" classname="shinytest2_tm_g_pp_therapy" name="e2e_tm_g_pp_therapy_Deselection_of_cmindc_throws_validation_error."/>
    <testcase time="8.20599999999968" classname="shinytest2_tm_g_pp_therapy" name="e2e_tm_g_pp_therapy_Deselection_of_cmdose_throws_validation_error."/>
    <testcase time="0.00600000000031287" classname="shinytest2_tm_g_pp_therapy" name="e2e_tm_g_pp_therapy_Deselection_of_cmdose_throws_validation_error."/>
    <testcase time="8.53499999999985" classname="shinytest2_tm_g_pp_therapy" name="e2e_tm_g_pp_therapy_Deselection_of_cmdosu_throws_validation_error."/>
    <testcase time="0.00599999999985812" classname="shinytest2_tm_g_pp_therapy" name="e2e_tm_g_pp_therapy_Deselection_of_cmdosu_throws_validation_error."/>
    <testcase time="8.41699999999992" classname="shinytest2_tm_g_pp_therapy" name="e2e_tm_g_pp_therapy_Deselection_of_cmroute_throws_validation_error."/>
    <testcase time="0.00600000000031287" classname="shinytest2_tm_g_pp_therapy" name="e2e_tm_g_pp_therapy_Deselection_of_cmroute_throws_validation_error."/>
    <testcase time="8.48199999999997" classname="shinytest2_tm_g_pp_therapy" name="e2e_tm_g_pp_therapy_Deselection_of_cmdosfrq_throws_validation_error."/>
    <testcase time="0.00599999999985812" classname="shinytest2_tm_g_pp_therapy" name="e2e_tm_g_pp_therapy_Deselection_of_cmdosfrq_throws_validation_error."/>
    <testcase time="8.1880000000001" classname="shinytest2_tm_g_pp_therapy" name="e2e_tm_g_pp_therapy_Deselection_of_cmstdy_throws_validation_error."/>
    <testcase time="0.00700000000006185" classname="shinytest2_tm_g_pp_therapy" name="e2e_tm_g_pp_therapy_Deselection_of_cmstdy_throws_validation_error."/>
    <testcase time="8.45100000000002" classname="shinytest2_tm_g_pp_therapy" name="e2e_tm_g_pp_therapy_Deselection_of_cmendy_throws_validation_error."/>
    <testcase time="0.00599999999985812" classname="shinytest2_tm_g_pp_therapy" name="e2e_tm_g_pp_therapy_Deselection_of_cmendy_throws_validation_error."/>
  </testsuite>
  <testsuite name="shinytest2-tm_g_pp_vitals" timestamp="2024-12-17T12:16:40Z" hostname="4d5c1e09c213" tests="34" skipped="0" failures="0" errors="0" time="88.993">
    <testcase time="6.90200000000004" classname="shinytest2_tm_g_pp_vitals" name="e2e_tm_g_pp_vitals_Module_initializes_in_teal_without_errors_and_produces_plot_output."/>
    <testcase time="0.00599999999985812" classname="shinytest2_tm_g_pp_vitals" name="e2e_tm_g_pp_vitals_Module_initializes_in_teal_without_errors_and_produces_plot_output."/>
    <testcase time="0.0509999999999309" classname="shinytest2_tm_g_pp_vitals" name="e2e_tm_g_pp_vitals_Module_initializes_in_teal_without_errors_and_produces_plot_output."/>
    <testcase time="6.94399999999996" classname="shinytest2_tm_g_pp_vitals" name="e2e_tm_g_pp_vitals_Starts_with_specified_label_patient_id_paramcd_xaxis_aval_var_font_size_parentname_patient_col."/>
    <testcase time="0.0869999999999891" classname="shinytest2_tm_g_pp_vitals" name="e2e_tm_g_pp_vitals_Starts_with_specified_label_patient_id_paramcd_xaxis_aval_var_font_size_parentname_patient_col."/>
    <testcase time="0.0510000000003856" classname="shinytest2_tm_g_pp_vitals" name="e2e_tm_g_pp_vitals_Starts_with_specified_label_patient_id_paramcd_xaxis_aval_var_font_size_parentname_patient_col."/>
    <testcase time="0.0509999999999309" classname="shinytest2_tm_g_pp_vitals" name="e2e_tm_g_pp_vitals_Starts_with_specified_label_patient_id_paramcd_xaxis_aval_var_font_size_parentname_patient_col."/>
    <testcase time="0.0519999999996799" classname="shinytest2_tm_g_pp_vitals" name="e2e_tm_g_pp_vitals_Starts_with_specified_label_patient_id_paramcd_xaxis_aval_var_font_size_parentname_patient_col."/>
    <testcase time="0.0530000000003383" classname="shinytest2_tm_g_pp_vitals" name="e2e_tm_g_pp_vitals_Starts_with_specified_label_patient_id_paramcd_xaxis_aval_var_font_size_parentname_patient_col."/>
    <testcase time="0.0519999999996799" classname="shinytest2_tm_g_pp_vitals" name="e2e_tm_g_pp_vitals_Starts_with_specified_label_patient_id_paramcd_xaxis_aval_var_font_size_parentname_patient_col."/>
    <testcase time="8.73300000000017" classname="shinytest2_tm_g_pp_vitals" name="e2e_tm_g_pp_vitals_Selecting_patient_id_changes_plot_and_doesn_t_throw_validation_errors."/>
    <testcase time="0.00599999999985812" classname="shinytest2_tm_g_pp_vitals" name="e2e_tm_g_pp_vitals_Selecting_patient_id_changes_plot_and_doesn_t_throw_validation_errors."/>
    <testcase time="7.56700000000001" classname="shinytest2_tm_g_pp_vitals" name="e2e_tm_g_pp_vitals_Deselecting_patient_id_column_throws_validation_error."/>
    <testcase time="0.00700000000006185" classname="shinytest2_tm_g_pp_vitals" name="e2e_tm_g_pp_vitals_Deselecting_patient_id_column_throws_validation_error."/>
    <testcase time="0.00599999999985812" classname="shinytest2_tm_g_pp_vitals" name="e2e_tm_g_pp_vitals_Deselecting_patient_id_column_throws_validation_error."/>
    <testcase time="8.18200000000024" classname="shinytest2_tm_g_pp_vitals" name="e2e_tm_g_pp_vitals_Selecting_valid_paramcd_and_paramcd_levels_vals_changes_plot_and_doesn_t_throw_validation_errors."/>
    <testcase time="0.00599999999985812" classname="shinytest2_tm_g_pp_vitals" name="e2e_tm_g_pp_vitals_Selecting_valid_paramcd_and_paramcd_levels_vals_changes_plot_and_doesn_t_throw_validation_errors."/>
    <testcase time="1.24200000000019" classname="shinytest2_tm_g_pp_vitals" name="e2e_tm_g_pp_vitals_Selecting_valid_paramcd_and_paramcd_levels_vals_changes_plot_and_doesn_t_throw_validation_errors."/>
    <testcase time="0.00599999999985812" classname="shinytest2_tm_g_pp_vitals" name="e2e_tm_g_pp_vitals_Selecting_valid_paramcd_and_paramcd_levels_vals_changes_plot_and_doesn_t_throw_validation_errors."/>
    <testcase time="7.64899999999989" classname="shinytest2_tm_g_pp_vitals" name="e2e_tm_g_pp_vitals_Deselecting_paramcd_throws_validation_error."/>
    <testcase time="0.00500000000010914" classname="shinytest2_tm_g_pp_vitals" name="e2e_tm_g_pp_vitals_Deselecting_paramcd_throws_validation_error."/>
    <testcase time="0.00599999999985812" classname="shinytest2_tm_g_pp_vitals" name="e2e_tm_g_pp_vitals_Deselecting_paramcd_throws_validation_error."/>
    <testcase time="8.62199999999984" classname="shinytest2_tm_g_pp_vitals" name="e2e_tm_g_pp_vitals_Selecting_xaxis_changes_plot_and_doesn_t_throw_validation_errors."/>
    <testcase time="0.00600000000031287" classname="shinytest2_tm_g_pp_vitals" name="e2e_tm_g_pp_vitals_Selecting_xaxis_changes_plot_and_doesn_t_throw_validation_errors."/>
    <testcase time="7.72599999999966" classname="shinytest2_tm_g_pp_vitals" name="e2e_tm_g_pp_vitals_Deselecting_xaxis_column_throws_validation_error."/>
    <testcase time="0.00700000000006185" classname="shinytest2_tm_g_pp_vitals" name="e2e_tm_g_pp_vitals_Deselecting_xaxis_column_throws_validation_error."/>
    <testcase time="0.00600000000031287" classname="shinytest2_tm_g_pp_vitals" name="e2e_tm_g_pp_vitals_Deselecting_xaxis_column_throws_validation_error."/>
    <testcase time="8.65099999999984" classname="shinytest2_tm_g_pp_vitals" name="e2e_tm_g_pp_vitals_Selecting_aval_var_changes_plot_and_doesn_t_throw_validation_errors."/>
    <testcase time="0.00599999999985812" classname="shinytest2_tm_g_pp_vitals" name="e2e_tm_g_pp_vitals_Selecting_aval_var_changes_plot_and_doesn_t_throw_validation_errors."/>
    <testcase time="7.71399999999994" classname="shinytest2_tm_g_pp_vitals" name="e2e_tm_g_pp_vitals_Deselecting_aval_var_column_throws_validation_error."/>
    <testcase time="0.00700000000006185" classname="shinytest2_tm_g_pp_vitals" name="e2e_tm_g_pp_vitals_Deselecting_aval_var_column_throws_validation_error."/>
    <testcase time="0.00600000000031287" classname="shinytest2_tm_g_pp_vitals" name="e2e_tm_g_pp_vitals_Deselecting_aval_var_column_throws_validation_error."/>
    <testcase time="8.57099999999991" classname="shinytest2_tm_g_pp_vitals" name="e2e_tm_g_pp_vitals_Changing_font_size_changes_plot_and_doesn_t_throw_validation_error."/>
    <testcase time="0.00700000000006185" classname="shinytest2_tm_g_pp_vitals" name="e2e_tm_g_pp_vitals_Changing_font_size_changes_plot_and_doesn_t_throw_validation_error."/>
  </testsuite>
  <testsuite name="shinytest2-tm_t_abnormality" timestamp="2024-12-17T12:18:09Z" hostname="4d5c1e09c213" tests="27" skipped="0" failures="0" errors="0" time="68.138">
    <testcase time="6.60199999999986" classname="shinytest2_tm_t_abnormality" name="e2e_tm_t_abnormality_Module_initializes_in_teal_without_errors_and_produces_table_output."/>
    <testcase time="0.00599999999985812" classname="shinytest2_tm_t_abnormality" name="e2e_tm_t_abnormality_Module_initializes_in_teal_without_errors_and_produces_table_output."/>
    <testcase time="2.08800000000019" classname="shinytest2_tm_t_abnormality" name="e2e_tm_t_abnormality_Module_initializes_in_teal_without_errors_and_produces_table_output."/>
    <testcase time="6.59299999999985" classname="shinytest2_tm_t_abnormality" name="e2e_tm_t_abnormality_Starts_with_specified_label_arm_var_by_vars_add_total_exclude_base_abn_drop_arm_levels."/>
    <testcase time="0.0880000000001928" classname="shinytest2_tm_t_abnormality" name="e2e_tm_t_abnormality_Starts_with_specified_label_arm_var_by_vars_add_total_exclude_base_abn_drop_arm_levels."/>
    <testcase time="0.0540000000000873" classname="shinytest2_tm_t_abnormality" name="e2e_tm_t_abnormality_Starts_with_specified_label_arm_var_by_vars_add_total_exclude_base_abn_drop_arm_levels."/>
    <testcase time="0.0519999999996799" classname="shinytest2_tm_t_abnormality" name="e2e_tm_t_abnormality_Starts_with_specified_label_arm_var_by_vars_add_total_exclude_base_abn_drop_arm_levels."/>
    <testcase time="0.0520000000001346" classname="shinytest2_tm_t_abnormality" name="e2e_tm_t_abnormality_Starts_with_specified_label_arm_var_by_vars_add_total_exclude_base_abn_drop_arm_levels."/>
    <testcase time="0.0520000000001346" classname="shinytest2_tm_t_abnormality" name="e2e_tm_t_abnormality_Starts_with_specified_label_arm_var_by_vars_add_total_exclude_base_abn_drop_arm_levels."/>
    <testcase time="0.0519999999996799" classname="shinytest2_tm_t_abnormality" name="e2e_tm_t_abnormality_Starts_with_specified_label_arm_var_by_vars_add_total_exclude_base_abn_drop_arm_levels."/>
    <testcase time="0.0520000000001346" classname="shinytest2_tm_t_abnormality" name="e2e_tm_t_abnormality_Starts_with_specified_label_arm_var_by_vars_add_total_exclude_base_abn_drop_arm_levels."/>
    <testcase time="7.47600000000011" classname="shinytest2_tm_t_abnormality" name="e2e_tm_t_abnormality_Selecting_arm_var_changes_the_table_and_does_not_throw_validation_errors."/>
    <testcase time="0.00599999999985812" classname="shinytest2_tm_t_abnormality" name="e2e_tm_t_abnormality_Selecting_arm_var_changes_the_table_and_does_not_throw_validation_errors."/>
    <testcase time="7.3090000000002" classname="shinytest2_tm_t_abnormality" name="e2e_arm_var_Deselection_of_arm_var_throws_validation_error."/>
    <testcase time="0.00599999999985812" classname="shinytest2_tm_t_abnormality" name="e2e_arm_var_Deselection_of_arm_var_throws_validation_error."/>
    <testcase time="0.00599999999985812" classname="shinytest2_tm_t_abnormality" name="e2e_arm_var_Deselection_of_arm_var_throws_validation_error."/>
    <testcase time="7.76099999999997" classname="shinytest2_tm_t_abnormality" name="e2e_tm_t_abnormality_Selecting_by_vars_changes_the_table_and_does_not_throw_validation_errors."/>
    <testcase time="0.00600000000031287" classname="shinytest2_tm_t_abnormality" name="e2e_tm_t_abnormality_Selecting_by_vars_changes_the_table_and_does_not_throw_validation_errors."/>
    <testcase time="7.14699999999993" classname="shinytest2_tm_t_abnormality" name="e2e_tm_t_abnormality_Deselection_of_by_vars_throws_validation_error."/>
    <testcase time="0.00599999999985812" classname="shinytest2_tm_t_abnormality" name="e2e_tm_t_abnormality_Deselection_of_by_vars_throws_validation_error."/>
    <testcase time="0.00599999999985812" classname="shinytest2_tm_t_abnormality" name="e2e_tm_t_abnormality_Deselection_of_by_vars_throws_validation_error."/>
    <testcase time="7.50300000000016" classname="shinytest2_tm_t_abnormality" name="e2e_tm_t_abnormality_Changing_add_total_changes_the_table_and_does_not_throw_validation_errors."/>
    <testcase time="0.00599999999985812" classname="shinytest2_tm_t_abnormality" name="e2e_tm_t_abnormality_Changing_add_total_changes_the_table_and_does_not_throw_validation_errors."/>
    <testcase time="7.55600000000004" classname="shinytest2_tm_t_abnormality" name="e2e_tm_t_abnormality_Changing_exclude_base_abn_changes_the_table_and_does_not_throw_validation_errors."/>
    <testcase time="0.00600000000031287" classname="shinytest2_tm_t_abnormality" name="e2e_tm_t_abnormality_Changing_exclude_base_abn_changes_the_table_and_does_not_throw_validation_errors."/>
    <testcase time="7.64100000000008" classname="shinytest2_tm_t_abnormality" name="e2e_tm_t_abnormality_Changing_drop_arm_levels_does_not_change_the_table_and_does_not_throw_validation_errors."/>
    <testcase time="0.00599999999985812" classname="shinytest2_tm_t_abnormality" name="e2e_tm_t_abnormality_Changing_drop_arm_levels_does_not_change_the_table_and_does_not_throw_validation_errors."/>
  </testsuite>
  <testsuite name="shinytest2-tm_t_abnormality_by_worst_grade" timestamp="2024-12-17T12:19:17Z" hostname="4d5c1e09c213" tests="27" skipped="0" failures="0" errors="0" time="69.318">
    <testcase time="7.54300000000012" classname="shinytest2_tm_t_abnormality_by_worst_grade" name="e2e_tm_t_abnormality_by_worst_grade_Module_initializes_in_teal_without_errors_and_produces_table_output."/>
    <testcase time="0.00599999999985812" classname="shinytest2_tm_t_abnormality_by_worst_grade" name="e2e_tm_t_abnormality_by_worst_grade_Module_initializes_in_teal_without_errors_and_produces_table_output."/>
    <testcase time="2.10100000000011" classname="shinytest2_tm_t_abnormality_by_worst_grade" name="e2e_tm_t_abnormality_by_worst_grade_Module_initializes_in_teal_without_errors_and_produces_table_output."/>
    <testcase time="7.47699999999986" classname="shinytest2_tm_t_abnormality_by_worst_grade" name="e2e_tm_t_abnormality_by_worst_grade_Starts_with_specified_label_arm_var_paramcd_id_var_atoxgr_var_worst_high_flag_var_worst_low_flag_var_worst_flag_indicator_add_total_drop_arm_levels."/>
    <testcase time="0.0940000000000509" classname="shinytest2_tm_t_abnormality_by_worst_grade" name="e2e_tm_t_abnormality_by_worst_grade_Starts_with_specified_label_arm_var_paramcd_id_var_atoxgr_var_worst_high_flag_var_worst_low_flag_var_worst_flag_indicator_add_total_drop_arm_levels."/>
    <testcase time="0.0520000000001346" classname="shinytest2_tm_t_abnormality_by_worst_grade" name="e2e_tm_t_abnormality_by_worst_grade_Starts_with_specified_label_arm_var_paramcd_id_var_atoxgr_var_worst_high_flag_var_worst_low_flag_var_worst_flag_indicator_add_total_drop_arm_levels."/>
    <testcase time="0.0519999999996799" classname="shinytest2_tm_t_abnormality_by_worst_grade" name="e2e_tm_t_abnormality_by_worst_grade_Starts_with_specified_label_arm_var_paramcd_id_var_atoxgr_var_worst_high_flag_var_worst_low_flag_var_worst_flag_indicator_add_total_drop_arm_levels."/>
    <testcase time="0.0520000000001346" classname="shinytest2_tm_t_abnormality_by_worst_grade" name="e2e_tm_t_abnormality_by_worst_grade_Starts_with_specified_label_arm_var_paramcd_id_var_atoxgr_var_worst_high_flag_var_worst_low_flag_var_worst_flag_indicator_add_total_drop_arm_levels."/>
    <testcase time="0.0520000000001346" classname="shinytest2_tm_t_abnormality_by_worst_grade" name="e2e_tm_t_abnormality_by_worst_grade_Starts_with_specified_label_arm_var_paramcd_id_var_atoxgr_var_worst_high_flag_var_worst_low_flag_var_worst_flag_indicator_add_total_drop_arm_levels."/>
    <testcase time="0.0519999999996799" classname="shinytest2_tm_t_abnormality_by_worst_grade" name="e2e_tm_t_abnormality_by_worst_grade_Starts_with_specified_label_arm_var_paramcd_id_var_atoxgr_var_worst_high_flag_var_worst_low_flag_var_worst_flag_indicator_add_total_drop_arm_levels."/>
    <testcase time="0.0520000000001346" classname="shinytest2_tm_t_abnormality_by_worst_grade" name="e2e_tm_t_abnormality_by_worst_grade_Starts_with_specified_label_arm_var_paramcd_id_var_atoxgr_var_worst_high_flag_var_worst_low_flag_var_worst_flag_indicator_add_total_drop_arm_levels."/>
    <testcase time="0.0520000000001346" classname="shinytest2_tm_t_abnormality_by_worst_grade" name="e2e_tm_t_abnormality_by_worst_grade_Starts_with_specified_label_arm_var_paramcd_id_var_atoxgr_var_worst_high_flag_var_worst_low_flag_var_worst_flag_indicator_add_total_drop_arm_levels."/>
    <testcase time="0.0519999999996799" classname="shinytest2_tm_t_abnormality_by_worst_grade" name="e2e_tm_t_abnormality_by_worst_grade_Starts_with_specified_label_arm_var_paramcd_id_var_atoxgr_var_worst_high_flag_var_worst_low_flag_var_worst_flag_indicator_add_total_drop_arm_levels."/>
    <testcase time="9.02400000000034" classname="shinytest2_tm_t_abnormality_by_worst_grade" name="e2e_tm_t_abnormality_by_worst_grade_Selecting_arm_var_changes_the_table_and_does_not_throw_validation_errors."/>
    <testcase time="0.00599999999985812" classname="shinytest2_tm_t_abnormality_by_worst_grade" name="e2e_tm_t_abnormality_by_worst_grade_Selecting_arm_var_changes_the_table_and_does_not_throw_validation_errors."/>
    <testcase time="8.79700000000003" classname="shinytest2_tm_t_abnormality_by_worst_grade" name="e2e_tm_t_abnormality_by_worst_grade_Selecting_paramcd_changes_the_table_and_does_not_throw_validation_errors."/>
    <testcase time="0.00599999999985812" classname="shinytest2_tm_t_abnormality_by_worst_grade" name="e2e_tm_t_abnormality_by_worst_grade_Selecting_paramcd_changes_the_table_and_does_not_throw_validation_errors."/>
    <testcase time="8.00300000000016" classname="shinytest2_tm_t_abnormality_by_worst_grade" name="e2e_tm_t_abnormality_by_worst_grade_Deselection_of_arm_var_throws_validation_error."/>
    <testcase time="0.00700000000006185" classname="shinytest2_tm_t_abnormality_by_worst_grade" name="e2e_tm_t_abnormality_by_worst_grade_Deselection_of_arm_var_throws_validation_error."/>
    <testcase time="0.00599999999985812" classname="shinytest2_tm_t_abnormality_by_worst_grade" name="e2e_tm_t_abnormality_by_worst_grade_Deselection_of_arm_var_throws_validation_error."/>
    <testcase time="8.25399999999991" classname="shinytest2_tm_t_abnormality_by_worst_grade" name="e2e_tm_t_abnormality_by_worst_grade_Deselection_of_paramcd_throws_validation_error."/>
    <testcase time="0.00600000000031287" classname="shinytest2_tm_t_abnormality_by_worst_grade" name="e2e_tm_t_abnormality_by_worst_grade_Deselection_of_paramcd_throws_validation_error."/>
    <testcase time="0.00599999999985812" classname="shinytest2_tm_t_abnormality_by_worst_grade" name="e2e_tm_t_abnormality_by_worst_grade_Deselection_of_paramcd_throws_validation_error."/>
    <testcase time="8.98300000000017" classname="shinytest2_tm_t_abnormality_by_worst_grade" name="e2e_tm_t_abnormality_by_worst_grade_Changing_add_total_changes_the_table_and_does_not_throw_validation_errors."/>
    <testcase time="0.0069999999996071" classname="shinytest2_tm_t_abnormality_by_worst_grade" name="e2e_tm_t_abnormality_by_worst_grade_Changing_add_total_changes_the_table_and_does_not_throw_validation_errors."/>
    <testcase time="8.57000000000016" classname="shinytest2_tm_t_abnormality_by_worst_grade" name="e2e_tm_t_abnormality_by_worst_grade_Changing_drop_arm_levels_does_not_change_the_table_and_does_not_throw_validation_errors."/>
    <testcase time="0.00599999999985812" classname="shinytest2_tm_t_abnormality_by_worst_grade" name="e2e_tm_t_abnormality_by_worst_grade_Changing_drop_arm_levels_does_not_change_the_table_and_does_not_throw_validation_errors."/>
  </testsuite>
  <testsuite name="shinytest2-tm_t_ancova" timestamp="2024-12-17T12:20:26Z" hostname="4d5c1e09c213" tests="39" skipped="0" failures="0" errors="0" time="97.875">
    <testcase time="6.80799999999999" classname="shinytest2_tm_t_ancova" name="e2e_tm_t_ancova_Module_initializes_in_teal_without_errors_and_produces_table_output."/>
    <testcase time="0.00600000000031287" classname="shinytest2_tm_t_ancova" name="e2e_tm_t_ancova_Module_initializes_in_teal_without_errors_and_produces_table_output."/>
    <testcase time="2.09400000000005" classname="shinytest2_tm_t_ancova" name="e2e_tm_t_ancova_Module_initializes_in_teal_without_errors_and_produces_table_output."/>
    <testcase time="6.89799999999968" classname="shinytest2_tm_t_ancova" name="e2e_tm_t_ancova_Starts_with_specified_label_avisit_paramcd_aval_var_aval_var_arm_var_buckets_combine_comp_arms_interact_var_cov_var_conf_level_include_interact."/>
    <testcase time="0.0880000000001928" classname="shinytest2_tm_t_ancova" name="e2e_tm_t_ancova_Starts_with_specified_label_avisit_paramcd_aval_var_aval_var_arm_var_buckets_combine_comp_arms_interact_var_cov_var_conf_level_include_interact."/>
    <testcase time="0.0520000000001346" classname="shinytest2_tm_t_ancova" name="e2e_tm_t_ancova_Starts_with_specified_label_avisit_paramcd_aval_var_aval_var_arm_var_buckets_combine_comp_arms_interact_var_cov_var_conf_level_include_interact."/>
    <testcase time="0.0529999999998836" classname="shinytest2_tm_t_ancova" name="e2e_tm_t_ancova_Starts_with_specified_label_avisit_paramcd_aval_var_aval_var_arm_var_buckets_combine_comp_arms_interact_var_cov_var_conf_level_include_interact."/>
    <testcase time="0.0520000000001346" classname="shinytest2_tm_t_ancova" name="e2e_tm_t_ancova_Starts_with_specified_label_avisit_paramcd_aval_var_aval_var_arm_var_buckets_combine_comp_arms_interact_var_cov_var_conf_level_include_interact."/>
    <testcase time="0.0519999999996799" classname="shinytest2_tm_t_ancova" name="e2e_tm_t_ancova_Starts_with_specified_label_avisit_paramcd_aval_var_aval_var_arm_var_buckets_combine_comp_arms_interact_var_cov_var_conf_level_include_interact."/>
    <testcase time="0.0520000000001346" classname="shinytest2_tm_t_ancova" name="e2e_tm_t_ancova_Starts_with_specified_label_avisit_paramcd_aval_var_aval_var_arm_var_buckets_combine_comp_arms_interact_var_cov_var_conf_level_include_interact."/>
    <testcase time="0.0520000000001346" classname="shinytest2_tm_t_ancova" name="e2e_tm_t_ancova_Starts_with_specified_label_avisit_paramcd_aval_var_aval_var_arm_var_buckets_combine_comp_arms_interact_var_cov_var_conf_level_include_interact."/>
    <testcase time="0.0519999999996799" classname="shinytest2_tm_t_ancova" name="e2e_tm_t_ancova_Starts_with_specified_label_avisit_paramcd_aval_var_aval_var_arm_var_buckets_combine_comp_arms_interact_var_cov_var_conf_level_include_interact."/>
    <testcase time="0.0520000000001346" classname="shinytest2_tm_t_ancova" name="e2e_tm_t_ancova_Starts_with_specified_label_avisit_paramcd_aval_var_aval_var_arm_var_buckets_combine_comp_arms_interact_var_cov_var_conf_level_include_interact."/>
    <testcase time="0.0520000000001346" classname="shinytest2_tm_t_ancova" name="e2e_tm_t_ancova_Starts_with_specified_label_avisit_paramcd_aval_var_aval_var_arm_var_buckets_combine_comp_arms_interact_var_cov_var_conf_level_include_interact."/>
    <testcase time="0.0519999999996799" classname="shinytest2_tm_t_ancova" name="e2e_tm_t_ancova_Starts_with_specified_label_avisit_paramcd_aval_var_aval_var_arm_var_buckets_combine_comp_arms_interact_var_cov_var_conf_level_include_interact."/>
    <testcase time="8.36300000000028" classname="shinytest2_tm_t_ancova" name="e2e_tm_t_ancova_Selecting_avisit_changes_the_table_and_does_not_throw_validation_errors."/>
    <testcase time="0.00599999999985812" classname="shinytest2_tm_t_ancova" name="e2e_tm_t_ancova_Selecting_avisit_changes_the_table_and_does_not_throw_validation_errors."/>
    <testcase time="7.71799999999985" classname="shinytest2_tm_t_ancova" name="e2e_tm_t_ancova_Deselection_of_avisit_throws_validation_error."/>
    <testcase time="0.00700000000006185" classname="shinytest2_tm_t_ancova" name="e2e_tm_t_ancova_Deselection_of_avisit_throws_validation_error."/>
    <testcase time="0.00600000000031287" classname="shinytest2_tm_t_ancova" name="e2e_tm_t_ancova_Deselection_of_avisit_throws_validation_error."/>
    <testcase time="8.35299999999961" classname="shinytest2_tm_t_ancova" name="e2e_tm_t_ancova_Selecting_paramcd_changes_the_table_and_does_not_throw_validation_errors."/>
    <testcase time="0.00600000000031287" classname="shinytest2_tm_t_ancova" name="e2e_tm_t_ancova_Selecting_paramcd_changes_the_table_and_does_not_throw_validation_errors."/>
    <testcase time="7.85599999999977" classname="shinytest2_tm_t_ancova" name="e2e_tm_t_ancova_Deselection_of_paramcd_throws_validation_error."/>
    <testcase time="0.00600000000031287" classname="shinytest2_tm_t_ancova" name="e2e_tm_t_ancova_Deselection_of_paramcd_throws_validation_error."/>
    <testcase time="0.00599999999985812" classname="shinytest2_tm_t_ancova" name="e2e_tm_t_ancova_Deselection_of_paramcd_throws_validation_error."/>
    <testcase time="8.28899999999976" classname="shinytest2_tm_t_ancova" name="e2e_tm_t_ancova_Selecting_aval_var_changes_the_table_and_does_not_throw_validation_errors."/>
    <testcase time="0.00600000000031287" classname="shinytest2_tm_t_ancova" name="e2e_tm_t_ancova_Selecting_aval_var_changes_the_table_and_does_not_throw_validation_errors."/>
    <testcase time="7.85399999999981" classname="shinytest2_tm_t_ancova" name="e2e_tm_t_ancova_Deselection_of_aval_var_throws_validation_error."/>
    <testcase time="0.00700000000006185" classname="shinytest2_tm_t_ancova" name="e2e_tm_t_ancova_Deselection_of_aval_var_throws_validation_error."/>
    <testcase time="0.00599999999985812" classname="shinytest2_tm_t_ancova" name="e2e_tm_t_ancova_Deselection_of_aval_var_throws_validation_error."/>
    <testcase time="8.29500000000007" classname="shinytest2_tm_t_ancova" name="e2e_tm_t_ancova_Selecting_arm_var_changes_the_table_and_does_not_throw_validation_errors."/>
    <testcase time="0.00600000000031287" classname="shinytest2_tm_t_ancova" name="e2e_tm_t_ancova_Selecting_arm_var_changes_the_table_and_does_not_throw_validation_errors."/>
    <testcase time="7.88399999999956" classname="shinytest2_tm_t_ancova" name="e2e_tm_t_ancova_Deselection_of_arm_var_throws_validation_error."/>
    <testcase time="0.00600000000031287" classname="shinytest2_tm_t_ancova" name="e2e_tm_t_ancova_Deselection_of_arm_var_throws_validation_error."/>
    <testcase time="0.00599999999985812" classname="shinytest2_tm_t_ancova" name="e2e_tm_t_ancova_Deselection_of_arm_var_throws_validation_error."/>
    <testcase time="8.56100000000015" classname="shinytest2_tm_t_ancova" name="e2e_tm_t_ancova_Selecting_cov_var_changes_the_table_and_does_not_throw_validation_errors."/>
    <testcase time="0.00599999999985812" classname="shinytest2_tm_t_ancova" name="e2e_tm_t_ancova_Selecting_cov_var_changes_the_table_and_does_not_throw_validation_errors."/>
    <testcase time="8.19999999999982" classname="shinytest2_tm_t_ancova" name="e2e_tm_t_ancova_Deselection_of_cov_var_changes_table_and_doesn_t_throw_validation_error."/>
    <testcase time="0.00700000000006185" classname="shinytest2_tm_t_ancova" name="e2e_tm_t_ancova_Deselection_of_cov_var_changes_table_and_doesn_t_throw_validation_error."/>
  </testsuite>
  <testsuite name="shinytest2-tm_t_binary_outcome" timestamp="2024-12-17T12:22:04Z" hostname="4d5c1e09c213" tests="38" skipped="0" failures="0" errors="0" time="77.583">
    <testcase time="6.78600000000006" classname="shinytest2_tm_t_binary_outcome" name="e2e_tm_t_binary_outcome_Module_initializes_in_teal_without_errors_and_produces_table_output."/>
    <testcase time="0.00600000000031287" classname="shinytest2_tm_t_binary_outcome" name="e2e_tm_t_binary_outcome_Module_initializes_in_teal_without_errors_and_produces_table_output."/>
    <testcase time="2.09699999999975" classname="shinytest2_tm_t_binary_outcome" name="e2e_tm_t_binary_outcome_Module_initializes_in_teal_without_errors_and_produces_table_output."/>
    <testcase time="6.75500000000011" classname="shinytest2_tm_t_binary_outcome" name="e2e_tm_t_binary_outcome_Starts_with_specified_label_paramcd_responders_arm_var_buckets_u_diff_ci_u_diff_test_strata_var_s_diff_ci_prop_ci_method_conf_level_aval_var_compare_arms_combine_comp_arms_u_odds_ratio_show_rsp_cat."/>
    <testcase time="0.0879999999997381" classname="shinytest2_tm_t_binary_outcome" name="e2e_tm_t_binary_outcome_Starts_with_specified_label_paramcd_responders_arm_var_buckets_u_diff_ci_u_diff_test_strata_var_s_diff_ci_prop_ci_method_conf_level_aval_var_compare_arms_combine_comp_arms_u_odds_ratio_show_rsp_cat."/>
    <testcase time="0.0520000000001346" classname="shinytest2_tm_t_binary_outcome" name="e2e_tm_t_binary_outcome_Starts_with_specified_label_paramcd_responders_arm_var_buckets_u_diff_ci_u_diff_test_strata_var_s_diff_ci_prop_ci_method_conf_level_aval_var_compare_arms_combine_comp_arms_u_odds_ratio_show_rsp_cat."/>
    <testcase time="0.0520000000001346" classname="shinytest2_tm_t_binary_outcome" name="e2e_tm_t_binary_outcome_Starts_with_specified_label_paramcd_responders_arm_var_buckets_u_diff_ci_u_diff_test_strata_var_s_diff_ci_prop_ci_method_conf_level_aval_var_compare_arms_combine_comp_arms_u_odds_ratio_show_rsp_cat."/>
    <testcase time="0.0520000000001346" classname="shinytest2_tm_t_binary_outcome" name="e2e_tm_t_binary_outcome_Starts_with_specified_label_paramcd_responders_arm_var_buckets_u_diff_ci_u_diff_test_strata_var_s_diff_ci_prop_ci_method_conf_level_aval_var_compare_arms_combine_comp_arms_u_odds_ratio_show_rsp_cat."/>
    <testcase time="0.0519999999996799" classname="shinytest2_tm_t_binary_outcome" name="e2e_tm_t_binary_outcome_Starts_with_specified_label_paramcd_responders_arm_var_buckets_u_diff_ci_u_diff_test_strata_var_s_diff_ci_prop_ci_method_conf_level_aval_var_compare_arms_combine_comp_arms_u_odds_ratio_show_rsp_cat."/>
    <testcase time="0.0520000000001346" classname="shinytest2_tm_t_binary_outcome" name="e2e_tm_t_binary_outcome_Starts_with_specified_label_paramcd_responders_arm_var_buckets_u_diff_ci_u_diff_test_strata_var_s_diff_ci_prop_ci_method_conf_level_aval_var_compare_arms_combine_comp_arms_u_odds_ratio_show_rsp_cat."/>
    <testcase time="0.0520000000001346" classname="shinytest2_tm_t_binary_outcome" name="e2e_tm_t_binary_outcome_Starts_with_specified_label_paramcd_responders_arm_var_buckets_u_diff_ci_u_diff_test_strata_var_s_diff_ci_prop_ci_method_conf_level_aval_var_compare_arms_combine_comp_arms_u_odds_ratio_show_rsp_cat."/>
    <testcase time="0.0519999999996799" classname="shinytest2_tm_t_binary_outcome" name="e2e_tm_t_binary_outcome_Starts_with_specified_label_paramcd_responders_arm_var_buckets_u_diff_ci_u_diff_test_strata_var_s_diff_ci_prop_ci_method_conf_level_aval_var_compare_arms_combine_comp_arms_u_odds_ratio_show_rsp_cat."/>
    <testcase time="0.0520000000001346" classname="shinytest2_tm_t_binary_outcome" name="e2e_tm_t_binary_outcome_Starts_with_specified_label_paramcd_responders_arm_var_buckets_u_diff_ci_u_diff_test_strata_var_s_diff_ci_prop_ci_method_conf_level_aval_var_compare_arms_combine_comp_arms_u_odds_ratio_show_rsp_cat."/>
    <testcase time="0.0520000000001346" classname="shinytest2_tm_t_binary_outcome" name="e2e_tm_t_binary_outcome_Starts_with_specified_label_paramcd_responders_arm_var_buckets_u_diff_ci_u_diff_test_strata_var_s_diff_ci_prop_ci_method_conf_level_aval_var_compare_arms_combine_comp_arms_u_odds_ratio_show_rsp_cat."/>
    <testcase time="0.0519999999996799" classname="shinytest2_tm_t_binary_outcome" name="e2e_tm_t_binary_outcome_Starts_with_specified_label_paramcd_responders_arm_var_buckets_u_diff_ci_u_diff_test_strata_var_s_diff_ci_prop_ci_method_conf_level_aval_var_compare_arms_combine_comp_arms_u_odds_ratio_show_rsp_cat."/>
    <testcase time="0.0520000000001346" classname="shinytest2_tm_t_binary_outcome" name="e2e_tm_t_binary_outcome_Starts_with_specified_label_paramcd_responders_arm_var_buckets_u_diff_ci_u_diff_test_strata_var_s_diff_ci_prop_ci_method_conf_level_aval_var_compare_arms_combine_comp_arms_u_odds_ratio_show_rsp_cat."/>
    <testcase time="0.0509999999999309" classname="shinytest2_tm_t_binary_outcome" name="e2e_tm_t_binary_outcome_Starts_with_specified_label_paramcd_responders_arm_var_buckets_u_diff_ci_u_diff_test_strata_var_s_diff_ci_prop_ci_method_conf_level_aval_var_compare_arms_combine_comp_arms_u_odds_ratio_show_rsp_cat."/>
    <testcase time="0.0530000000003383" classname="shinytest2_tm_t_binary_outcome" name="e2e_tm_t_binary_outcome_Starts_with_specified_label_paramcd_responders_arm_var_buckets_u_diff_ci_u_diff_test_strata_var_s_diff_ci_prop_ci_method_conf_level_aval_var_compare_arms_combine_comp_arms_u_odds_ratio_show_rsp_cat."/>
    <testcase time="0.0519999999996799" classname="shinytest2_tm_t_binary_outcome" name="e2e_tm_t_binary_outcome_Starts_with_specified_label_paramcd_responders_arm_var_buckets_u_diff_ci_u_diff_test_strata_var_s_diff_ci_prop_ci_method_conf_level_aval_var_compare_arms_combine_comp_arms_u_odds_ratio_show_rsp_cat."/>
    <testcase time="8.30099999999993" classname="shinytest2_tm_t_binary_outcome" name="e2e_tm_t_binary_outcome_Selecting_paramcd_changes_the_table_and_does_not_throw_validation_errors."/>
    <testcase time="0.00600000000031287" classname="shinytest2_tm_t_binary_outcome" name="e2e_tm_t_binary_outcome_Selecting_paramcd_changes_the_table_and_does_not_throw_validation_errors."/>
    <testcase time="7.41199999999981" classname="shinytest2_tm_t_binary_outcome" name="e2e_tm_t_binary_outcome_Deselection_of_paramcd_throws_validation_error."/>
    <testcase time="0.00599999999985812" classname="shinytest2_tm_t_binary_outcome" name="e2e_tm_t_binary_outcome_Deselection_of_paramcd_throws_validation_error."/>
    <testcase time="0.00600000000031287" classname="shinytest2_tm_t_binary_outcome" name="e2e_tm_t_binary_outcome_Deselection_of_paramcd_throws_validation_error."/>
    <testcase time="7.65900000000011" classname="shinytest2_tm_t_binary_outcome" name="e2e_tm_t_binary_outcome_Selecting_responders_changes_the_table_and_does_not_throw_validation_errors."/>
    <testcase time="0.00599999999985812" classname="shinytest2_tm_t_binary_outcome" name="e2e_tm_t_binary_outcome_Selecting_responders_changes_the_table_and_does_not_throw_validation_errors."/>
    <testcase time="7.19000000000005" classname="shinytest2_tm_t_binary_outcome" name="e2e_tm_t_binary_outcome_Deselection_of_responders_throws_validation_error."/>
    <testcase time="0.00599999999985812" classname="shinytest2_tm_t_binary_outcome" name="e2e_tm_t_binary_outcome_Deselection_of_responders_throws_validation_error."/>
    <testcase time="0.00599999999985812" classname="shinytest2_tm_t_binary_outcome" name="e2e_tm_t_binary_outcome_Deselection_of_responders_throws_validation_error."/>
    <testcase time="7.84900000000016" classname="shinytest2_tm_t_binary_outcome" name="e2e_tm_t_binary_outcome_Selecting_arm_var_changes_the_table_and_does_not_throw_validation_errors."/>
    <testcase time="0.00700000000006185" classname="shinytest2_tm_t_binary_outcome" name="e2e_tm_t_binary_outcome_Selecting_arm_var_changes_the_table_and_does_not_throw_validation_errors."/>
    <testcase time="7.20100000000002" classname="shinytest2_tm_t_binary_outcome" name="e2e_tm_t_binary_outcome_Deselection_of_arm_var_throws_validation_error."/>
    <testcase time="0.00599999999985812" classname="shinytest2_tm_t_binary_outcome" name="e2e_tm_t_binary_outcome_Deselection_of_arm_var_throws_validation_error."/>
    <testcase time="0.00700000000006185" classname="shinytest2_tm_t_binary_outcome" name="e2e_tm_t_binary_outcome_Deselection_of_arm_var_throws_validation_error."/>
    <testcase time="7.78400000000011" classname="shinytest2_tm_t_binary_outcome" name="e2e_tm_t_binary_outcome_Selecting_strata_var_changes_the_table_and_does_not_throw_validation_errors."/>
    <testcase time="0.00700000000006185" classname="shinytest2_tm_t_binary_outcome" name="e2e_tm_t_binary_outcome_Selecting_strata_var_changes_the_table_and_does_not_throw_validation_errors."/>
    <testcase time="7.6569999999997" classname="shinytest2_tm_t_binary_outcome" name="e2e_tm_t_binary_outcome_Deselection_of_strata_var_changes_the_table_and_does_not_throw_validation_errors."/>
    <testcase time="0.00700000000006185" classname="shinytest2_tm_t_binary_outcome" name="e2e_tm_t_binary_outcome_Deselection_of_strata_var_changes_the_table_and_does_not_throw_validation_errors."/>
  </testsuite>
  <testsuite name="shinytest2-tm_t_coxreg" timestamp="2024-12-17T12:23:22Z" hostname="4d5c1e09c213" tests="32" skipped="0" failures="0" errors="0" time="74.968">
    <testcase time="6.39300000000003" classname="shinytest2_tm_t_coxreg" name="e2e_tm_t_coxreg_Module_initializes_in_teal_without_errors_and_produces_table_output."/>
    <testcase time="0.00500000000010914" classname="shinytest2_tm_t_coxreg" name="e2e_tm_t_coxreg_Module_initializes_in_teal_without_errors_and_produces_table_output."/>
    <testcase time="2.09900000000016" classname="shinytest2_tm_t_coxreg" name="e2e_tm_t_coxreg_Module_initializes_in_teal_without_errors_and_produces_table_output."/>
    <testcase time="6.45899999999983" classname="shinytest2_tm_t_coxreg" name="e2e_tm_t_coxreg_Starts_with_specified_label_type_paramcd_arm_var_buckets_cov_var_strata_var_pval_method_ties_conf_level_combine_comp_arms."/>
    <testcase time="0.0850000000000364" classname="shinytest2_tm_t_coxreg" name="e2e_tm_t_coxreg_Starts_with_specified_label_type_paramcd_arm_var_buckets_cov_var_strata_var_pval_method_ties_conf_level_combine_comp_arms."/>
    <testcase time="0.0520000000001346" classname="shinytest2_tm_t_coxreg" name="e2e_tm_t_coxreg_Starts_with_specified_label_type_paramcd_arm_var_buckets_cov_var_strata_var_pval_method_ties_conf_level_combine_comp_arms."/>
    <testcase time="0.0519999999996799" classname="shinytest2_tm_t_coxreg" name="e2e_tm_t_coxreg_Starts_with_specified_label_type_paramcd_arm_var_buckets_cov_var_strata_var_pval_method_ties_conf_level_combine_comp_arms."/>
    <testcase time="0.0599999999999454" classname="shinytest2_tm_t_coxreg" name="e2e_tm_t_coxreg_Starts_with_specified_label_type_paramcd_arm_var_buckets_cov_var_strata_var_pval_method_ties_conf_level_combine_comp_arms."/>
    <testcase time="0.0520000000001346" classname="shinytest2_tm_t_coxreg" name="e2e_tm_t_coxreg_Starts_with_specified_label_type_paramcd_arm_var_buckets_cov_var_strata_var_pval_method_ties_conf_level_combine_comp_arms."/>
    <testcase time="0.0520000000001346" classname="shinytest2_tm_t_coxreg" name="e2e_tm_t_coxreg_Starts_with_specified_label_type_paramcd_arm_var_buckets_cov_var_strata_var_pval_method_ties_conf_level_combine_comp_arms."/>
    <testcase time="0.0519999999996799" classname="shinytest2_tm_t_coxreg" name="e2e_tm_t_coxreg_Starts_with_specified_label_type_paramcd_arm_var_buckets_cov_var_strata_var_pval_method_ties_conf_level_combine_comp_arms."/>
    <testcase time="0.0520000000001346" classname="shinytest2_tm_t_coxreg" name="e2e_tm_t_coxreg_Starts_with_specified_label_type_paramcd_arm_var_buckets_cov_var_strata_var_pval_method_ties_conf_level_combine_comp_arms."/>
    <testcase time="0.0520000000001346" classname="shinytest2_tm_t_coxreg" name="e2e_tm_t_coxreg_Starts_with_specified_label_type_paramcd_arm_var_buckets_cov_var_strata_var_pval_method_ties_conf_level_combine_comp_arms."/>
    <testcase time="0.0520000000001346" classname="shinytest2_tm_t_coxreg" name="e2e_tm_t_coxreg_Starts_with_specified_label_type_paramcd_arm_var_buckets_cov_var_strata_var_pval_method_ties_conf_level_combine_comp_arms."/>
    <testcase time="7.85299999999961" classname="shinytest2_tm_t_coxreg" name="e2e_tm_t_coxreg_Selecting_paramcd_changes_the_table_and_does_not_throw_validation_errors."/>
    <testcase time="0.00600000000031287" classname="shinytest2_tm_t_coxreg" name="e2e_tm_t_coxreg_Selecting_paramcd_changes_the_table_and_does_not_throw_validation_errors."/>
    <testcase time="7.0949999999998" classname="shinytest2_tm_t_coxreg" name="e2e_tm_t_coxreg_Deselection_of_paramcd_throws_validation_error."/>
    <testcase time="0.00599999999985812" classname="shinytest2_tm_t_coxreg" name="e2e_tm_t_coxreg_Deselection_of_paramcd_throws_validation_error."/>
    <testcase time="0.00600000000031287" classname="shinytest2_tm_t_coxreg" name="e2e_tm_t_coxreg_Deselection_of_paramcd_throws_validation_error."/>
    <testcase time="7.47600000000011" classname="shinytest2_tm_t_coxreg" name="e2e_tm_t_coxreg_Selecting_arm_var_changes_the_table_and_does_not_throw_validation_errors."/>
    <testcase time="0.00599999999985812" classname="shinytest2_tm_t_coxreg" name="e2e_tm_t_coxreg_Selecting_arm_var_changes_the_table_and_does_not_throw_validation_errors."/>
    <testcase time="6.92099999999982" classname="shinytest2_tm_t_coxreg" name="e2e_tm_t_coxreg_Deselection_of_arm_var_throws_validation_error."/>
    <testcase time="0.00600000000031287" classname="shinytest2_tm_t_coxreg" name="e2e_tm_t_coxreg_Deselection_of_arm_var_throws_validation_error."/>
    <testcase time="0.00599999999985812" classname="shinytest2_tm_t_coxreg" name="e2e_tm_t_coxreg_Deselection_of_arm_var_throws_validation_error."/>
    <testcase time="7.87599999999975" classname="shinytest2_tm_t_coxreg" name="e2e_tm_t_coxreg_Selecting_cov_var_changes_the_table_and_does_not_throw_validation_errors."/>
    <testcase time="0.00600000000031287" classname="shinytest2_tm_t_coxreg" name="e2e_tm_t_coxreg_Selecting_cov_var_changes_the_table_and_does_not_throw_validation_errors."/>
    <testcase time="7.32699999999977" classname="shinytest2_tm_t_coxreg" name="e2e_tm_t_coxreg_Deselection_of_cov_var_changes_the_table_and_does_not_throw_validation_errors."/>
    <testcase time="0.00600000000031287" classname="shinytest2_tm_t_coxreg" name="e2e_tm_t_coxreg_Deselection_of_cov_var_changes_the_table_and_does_not_throw_validation_errors."/>
    <testcase time="7.42599999999993" classname="shinytest2_tm_t_coxreg" name="e2e_tm_t_coxreg_Selecting_strata_var_changes_the_table_and_does_not_throw_validation_errors."/>
    <testcase time="0.00599999999985812" classname="shinytest2_tm_t_coxreg" name="e2e_tm_t_coxreg_Selecting_strata_var_changes_the_table_and_does_not_throw_validation_errors."/>
    <testcase time="7.41699999999992" classname="shinytest2_tm_t_coxreg" name="e2e_tm_t_coxreg_Deselection_of_strata_var_changes_the_table_and_does_not_throw_validation_errors."/>
    <testcase time="0.00600000000031287" classname="shinytest2_tm_t_coxreg" name="e2e_tm_t_coxreg_Deselection_of_strata_var_changes_the_table_and_does_not_throw_validation_errors."/>
  </testsuite>
  <testsuite name="shinytest2-tm_t_events" timestamp="2024-12-17T12:24:37Z" hostname="4d5c1e09c213" tests="25" skipped="0" failures="0" errors="0" time="61.907">
    <testcase time="6.35999999999967" classname="shinytest2_tm_t_events" name="e2e_tm_t_events_Module_initializes_in_teal_without_errors_and_produces_table_output."/>
    <testcase time="0.00700000000006185" classname="shinytest2_tm_t_events" name="e2e_tm_t_events_Module_initializes_in_teal_without_errors_and_produces_table_output."/>
    <testcase time="2.09400000000005" classname="shinytest2_tm_t_events" name="e2e_tm_t_events_Module_initializes_in_teal_without_errors_and_produces_table_output."/>
    <testcase time="6.41100000000006" classname="shinytest2_tm_t_events" name="e2e_tm_t_events_Starts_with_specified_label_arm_var_hlt_llt_sort_criteria_prune_freq_prune_diff_add_total_drop_arm_levels."/>
    <testcase time="0.0920000000000982" classname="shinytest2_tm_t_events" name="e2e_tm_t_events_Starts_with_specified_label_arm_var_hlt_llt_sort_criteria_prune_freq_prune_diff_add_total_drop_arm_levels."/>
    <testcase time="0.0529999999998836" classname="shinytest2_tm_t_events" name="e2e_tm_t_events_Starts_with_specified_label_arm_var_hlt_llt_sort_criteria_prune_freq_prune_diff_add_total_drop_arm_levels."/>
    <testcase time="0.0520000000001346" classname="shinytest2_tm_t_events" name="e2e_tm_t_events_Starts_with_specified_label_arm_var_hlt_llt_sort_criteria_prune_freq_prune_diff_add_total_drop_arm_levels."/>
    <testcase time="0.0519999999996799" classname="shinytest2_tm_t_events" name="e2e_tm_t_events_Starts_with_specified_label_arm_var_hlt_llt_sort_criteria_prune_freq_prune_diff_add_total_drop_arm_levels."/>
    <testcase time="0.0530000000003383" classname="shinytest2_tm_t_events" name="e2e_tm_t_events_Starts_with_specified_label_arm_var_hlt_llt_sort_criteria_prune_freq_prune_diff_add_total_drop_arm_levels."/>
    <testcase time="0.0559999999995853" classname="shinytest2_tm_t_events" name="e2e_tm_t_events_Starts_with_specified_label_arm_var_hlt_llt_sort_criteria_prune_freq_prune_diff_add_total_drop_arm_levels."/>
    <testcase time="0.0510000000003856" classname="shinytest2_tm_t_events" name="e2e_tm_t_events_Starts_with_specified_label_arm_var_hlt_llt_sort_criteria_prune_freq_prune_diff_add_total_drop_arm_levels."/>
    <testcase time="0.05600000000004" classname="shinytest2_tm_t_events" name="e2e_tm_t_events_Starts_with_specified_label_arm_var_hlt_llt_sort_criteria_prune_freq_prune_diff_add_total_drop_arm_levels."/>
    <testcase time="8.09299999999985" classname="shinytest2_tm_t_events" name="e2e_tm_t_events_Selecting_arm_var_changes_the_table_and_does_not_throw_validation_errors."/>
    <testcase time="0.0109999999999673" classname="shinytest2_tm_t_events" name="e2e_tm_t_events_Selecting_arm_var_changes_the_table_and_does_not_throw_validation_errors."/>
    <testcase time="7.21799999999985" classname="shinytest2_tm_t_events" name="e2e_tm_t_events_Deselection_of_arm_var_throws_validation_error."/>
    <testcase time="0.00600000000031287" classname="shinytest2_tm_t_events" name="e2e_tm_t_events_Deselection_of_arm_var_throws_validation_error."/>
    <testcase time="0.00599999999985812" classname="shinytest2_tm_t_events" name="e2e_tm_t_events_Deselection_of_arm_var_throws_validation_error."/>
    <testcase time="7.82600000000002" classname="shinytest2_tm_t_events" name="e2e_tm_t_events_Selecting_hlt_changes_the_table_and_does_not_throw_validation_errors."/>
    <testcase time="0.00599999999985812" classname="shinytest2_tm_t_events" name="e2e_tm_t_events_Selecting_hlt_changes_the_table_and_does_not_throw_validation_errors."/>
    <testcase time="7.58400000000029" classname="shinytest2_tm_t_events" name="e2e_tm_t_events_Deselection_of_hlt_changes_the_table_and_does_not_throw_validation_errors."/>
    <testcase time="0.0069999999996071" classname="shinytest2_tm_t_events" name="e2e_tm_t_events_Deselection_of_hlt_changes_the_table_and_does_not_throw_validation_errors."/>
    <testcase time="8.0890000000004" classname="shinytest2_tm_t_events" name="e2e_tm_t_events_Selecting_llt_changes_the_table_and_does_not_throw_validation_errors."/>
    <testcase time="0.00599999999985812" classname="shinytest2_tm_t_events" name="e2e_tm_t_events_Selecting_llt_changes_the_table_and_does_not_throw_validation_errors."/>
    <testcase time="7.71099999999979" classname="shinytest2_tm_t_events" name="e2e_tm_t_events_Deselection_of_llt_changes_the_table_and_does_not_throw_validation_errors."/>
    <testcase time="0.00700000000006185" classname="shinytest2_tm_t_events" name="e2e_tm_t_events_Deselection_of_llt_changes_the_table_and_does_not_throw_validation_errors."/>
  </testsuite>
  <testsuite name="shinytest2-tm_t_events_by_grade" timestamp="2024-12-17T12:25:38Z" hostname="4d5c1e09c213" tests="31" skipped="0" failures="0" errors="0" time="92.782">
    <testcase time="7.73199999999997" classname="shinytest2_tm_t_events_by_grade" name="e2e_tm_t_events_by_grade_Module_initializes_in_teal_without_errors_and_produces_table_output."/>
    <testcase time="0.00600000000031287" classname="shinytest2_tm_t_events_by_grade" name="e2e_tm_t_events_by_grade_Module_initializes_in_teal_without_errors_and_produces_table_output."/>
    <testcase time="2.09999999999991" classname="shinytest2_tm_t_events_by_grade" name="e2e_tm_t_events_by_grade_Module_initializes_in_teal_without_errors_and_produces_table_output."/>
    <testcase time="7.82499999999982" classname="shinytest2_tm_t_events_by_grade" name="e2e_tm_t_events_by_grade_Starts_with_specified_label_arm_var_hlt_llt_grade_prune_freq_prune_diff_add_total_col_by_grade_drop_arm_levels."/>
    <testcase time="0.0869999999999891" classname="shinytest2_tm_t_events_by_grade" name="e2e_tm_t_events_by_grade_Starts_with_specified_label_arm_var_hlt_llt_grade_prune_freq_prune_diff_add_total_col_by_grade_drop_arm_levels."/>
    <testcase time="0.0529999999998836" classname="shinytest2_tm_t_events_by_grade" name="e2e_tm_t_events_by_grade_Starts_with_specified_label_arm_var_hlt_llt_grade_prune_freq_prune_diff_add_total_col_by_grade_drop_arm_levels."/>
    <testcase time="0.0570000000002437" classname="shinytest2_tm_t_events_by_grade" name="e2e_tm_t_events_by_grade_Starts_with_specified_label_arm_var_hlt_llt_grade_prune_freq_prune_diff_add_total_col_by_grade_drop_arm_levels."/>
    <testcase time="0.0540000000000873" classname="shinytest2_tm_t_events_by_grade" name="e2e_tm_t_events_by_grade_Starts_with_specified_label_arm_var_hlt_llt_grade_prune_freq_prune_diff_add_total_col_by_grade_drop_arm_levels."/>
    <testcase time="0.0529999999998836" classname="shinytest2_tm_t_events_by_grade" name="e2e_tm_t_events_by_grade_Starts_with_specified_label_arm_var_hlt_llt_grade_prune_freq_prune_diff_add_total_col_by_grade_drop_arm_levels."/>
    <testcase time="0.05600000000004" classname="shinytest2_tm_t_events_by_grade" name="e2e_tm_t_events_by_grade_Starts_with_specified_label_arm_var_hlt_llt_grade_prune_freq_prune_diff_add_total_col_by_grade_drop_arm_levels."/>
    <testcase time="0.0549999999998363" classname="shinytest2_tm_t_events_by_grade" name="e2e_tm_t_events_by_grade_Starts_with_specified_label_arm_var_hlt_llt_grade_prune_freq_prune_diff_add_total_col_by_grade_drop_arm_levels."/>
    <testcase time="0.0520000000001346" classname="shinytest2_tm_t_events_by_grade" name="e2e_tm_t_events_by_grade_Starts_with_specified_label_arm_var_hlt_llt_grade_prune_freq_prune_diff_add_total_col_by_grade_drop_arm_levels."/>
    <testcase time="0.0520000000001346" classname="shinytest2_tm_t_events_by_grade" name="e2e_tm_t_events_by_grade_Starts_with_specified_label_arm_var_hlt_llt_grade_prune_freq_prune_diff_add_total_col_by_grade_drop_arm_levels."/>
    <testcase time="9.94000000000005" classname="shinytest2_tm_t_events_by_grade" name="e2e_tm_t_events_by_grade_Selecting_arm_var_changes_the_table_and_does_not_throw_validation_errors."/>
    <testcase time="0.0069999999996071" classname="shinytest2_tm_t_events_by_grade" name="e2e_tm_t_events_by_grade_Selecting_arm_var_changes_the_table_and_does_not_throw_validation_errors."/>
    <testcase time="8.10300000000007" classname="shinytest2_tm_t_events_by_grade" name="e2e_tm_t_events_by_grade_Deselection_of_arm_var_throws_validation_error."/>
    <testcase time="0.00600000000031287" classname="shinytest2_tm_t_events_by_grade" name="e2e_tm_t_events_by_grade_Deselection_of_arm_var_throws_validation_error."/>
    <testcase time="0.00599999999985812" classname="shinytest2_tm_t_events_by_grade" name="e2e_tm_t_events_by_grade_Deselection_of_arm_var_throws_validation_error."/>
    <testcase time="9.73500000000013" classname="shinytest2_tm_t_events_by_grade" name="e2e_tm_t_events_by_grade_Selecting_hlt_changes_the_table_and_does_not_throw_validation_errors."/>
    <testcase time="0.0069999999996071" classname="shinytest2_tm_t_events_by_grade" name="e2e_tm_t_events_by_grade_Selecting_hlt_changes_the_table_and_does_not_throw_validation_errors."/>
    <testcase time="9.38900000000012" classname="shinytest2_tm_t_events_by_grade" name="e2e_tm_t_events_by_grade_Deselection_of_hlt_changes_the_table_and_does_not_throw_validation_errors."/>
    <testcase time="0.00600000000031287" classname="shinytest2_tm_t_events_by_grade" name="e2e_tm_t_events_by_grade_Deselection_of_hlt_changes_the_table_and_does_not_throw_validation_errors."/>
    <testcase time="9.9409999999998" classname="shinytest2_tm_t_events_by_grade" name="e2e_tm_t_events_by_grade_Selecting_llt_changes_the_table_and_does_not_throw_validation_errors."/>
    <testcase time="0.00599999999985812" classname="shinytest2_tm_t_events_by_grade" name="e2e_tm_t_events_by_grade_Selecting_llt_changes_the_table_and_does_not_throw_validation_errors."/>
    <testcase time="9.23399999999992" classname="shinytest2_tm_t_events_by_grade" name="e2e_tm_t_events_by_grade_Deselection_of_llt_changes_the_table_and_does_not_throw_validation_errors."/>
    <testcase time="0.00600000000031287" classname="shinytest2_tm_t_events_by_grade" name="e2e_tm_t_events_by_grade_Deselection_of_llt_changes_the_table_and_does_not_throw_validation_errors."/>
    <testcase time="9.91399999999976" classname="shinytest2_tm_t_events_by_grade" name="e2e_tm_t_events_by_grade_Selecting_grade_changes_the_table_and_does_not_throw_validation_errors."/>
    <testcase time="0.00600000000031287" classname="shinytest2_tm_t_events_by_grade" name="e2e_tm_t_events_by_grade_Selecting_grade_changes_the_table_and_does_not_throw_validation_errors."/>
    <testcase time="8.2829999999999" classname="shinytest2_tm_t_events_by_grade" name="e2e_tm_t_events_by_grade_Deselection_of_grade_throws_validation_error."/>
    <testcase time="0.00600000000031287" classname="shinytest2_tm_t_events_by_grade" name="e2e_tm_t_events_by_grade_Deselection_of_grade_throws_validation_error."/>
    <testcase time="0.00499999999965439" classname="shinytest2_tm_t_events_by_grade" name="e2e_tm_t_events_by_grade_Deselection_of_grade_throws_validation_error."/>
  </testsuite>
  <testsuite name="shinytest2-tm_t_events_patyear" timestamp="2024-12-17T12:27:11Z" hostname="4d5c1e09c213" tests="24" skipped="0" failures="0" errors="0" time="51.09">
    <testcase time="6.279" classname="shinytest2_tm_t_events_patyear" name="e2e_tm_t_events_patyear_Module_initializes_in_teal_without_errors_and_produces_table_output."/>
    <testcase time="0.00500000000010914" classname="shinytest2_tm_t_events_patyear" name="e2e_tm_t_events_patyear_Module_initializes_in_teal_without_errors_and_produces_table_output."/>
    <testcase time="2.08899999999994" classname="shinytest2_tm_t_events_patyear" name="e2e_tm_t_events_patyear_Module_initializes_in_teal_without_errors_and_produces_table_output."/>
    <testcase time="6.25" classname="shinytest2_tm_t_events_patyear" name="e2e_tm_t_events_patyear_Starts_with_specified_label_arm_var_paramcd_conf_level_conf_method_num_pt_year_input_time_unit_add_total_drop_arm_levels."/>
    <testcase time="0.0850000000000364" classname="shinytest2_tm_t_events_patyear" name="e2e_tm_t_events_patyear_Starts_with_specified_label_arm_var_paramcd_conf_level_conf_method_num_pt_year_input_time_unit_add_total_drop_arm_levels."/>
    <testcase time="0.055000000000291" classname="shinytest2_tm_t_events_patyear" name="e2e_tm_t_events_patyear_Starts_with_specified_label_arm_var_paramcd_conf_level_conf_method_num_pt_year_input_time_unit_add_total_drop_arm_levels."/>
    <testcase time="0.0519999999996799" classname="shinytest2_tm_t_events_patyear" name="e2e_tm_t_events_patyear_Starts_with_specified_label_arm_var_paramcd_conf_level_conf_method_num_pt_year_input_time_unit_add_total_drop_arm_levels."/>
    <testcase time="0.05600000000004" classname="shinytest2_tm_t_events_patyear" name="e2e_tm_t_events_patyear_Starts_with_specified_label_arm_var_paramcd_conf_level_conf_method_num_pt_year_input_time_unit_add_total_drop_arm_levels."/>
    <testcase time="0.0520000000001346" classname="shinytest2_tm_t_events_patyear" name="e2e_tm_t_events_patyear_Starts_with_specified_label_arm_var_paramcd_conf_level_conf_method_num_pt_year_input_time_unit_add_total_drop_arm_levels."/>
    <testcase time="0.0520000000001346" classname="shinytest2_tm_t_events_patyear" name="e2e_tm_t_events_patyear_Starts_with_specified_label_arm_var_paramcd_conf_level_conf_method_num_pt_year_input_time_unit_add_total_drop_arm_levels."/>
    <testcase time="0.0519999999996799" classname="shinytest2_tm_t_events_patyear" name="e2e_tm_t_events_patyear_Starts_with_specified_label_arm_var_paramcd_conf_level_conf_method_num_pt_year_input_time_unit_add_total_drop_arm_levels."/>
    <testcase time="0.0520000000001346" classname="shinytest2_tm_t_events_patyear" name="e2e_tm_t_events_patyear_Starts_with_specified_label_arm_var_paramcd_conf_level_conf_method_num_pt_year_input_time_unit_add_total_drop_arm_levels."/>
    <testcase time="7.20699999999988" classname="shinytest2_tm_t_events_patyear" name="e2e_tm_t_events_patyear_Selecting_paramcd_changes_the_table_and_does_not_throw_validation_errors."/>
    <testcase time="0.00600000000031287" classname="shinytest2_tm_t_events_patyear" name="e2e_tm_t_events_patyear_Selecting_paramcd_changes_the_table_and_does_not_throw_validation_errors."/>
    <testcase time="7.03399999999965" classname="shinytest2_tm_t_events_patyear" name="e2e_tm_t_events_patyear_Deselection_of_paramcd_throws_validation_error."/>
    <testcase time="0.00600000000031287" classname="shinytest2_tm_t_events_patyear" name="e2e_tm_t_events_patyear_Deselection_of_paramcd_throws_validation_error."/>
    <testcase time="0.00599999999985812" classname="shinytest2_tm_t_events_patyear" name="e2e_tm_t_events_patyear_Deselection_of_paramcd_throws_validation_error."/>
    <testcase time="7.26999999999998" classname="shinytest2_tm_t_events_patyear" name="e2e_tm_t_events_patyear_Selecting_arm_var_changes_the_table_and_does_not_throw_validation_errors."/>
    <testcase time="0.00700000000006185" classname="shinytest2_tm_t_events_patyear" name="e2e_tm_t_events_patyear_Selecting_arm_var_changes_the_table_and_does_not_throw_validation_errors."/>
    <testcase time="7.14699999999993" classname="shinytest2_tm_t_events_patyear" name="e2e_tm_t_events_patyear_Deselection_of_arm_var_throws_validation_error."/>
    <testcase time="0.00599999999985812" classname="shinytest2_tm_t_events_patyear" name="e2e_tm_t_events_patyear_Deselection_of_arm_var_throws_validation_error."/>
    <testcase time="0.00500000000010914" classname="shinytest2_tm_t_events_patyear" name="e2e_tm_t_events_patyear_Deselection_of_arm_var_throws_validation_error."/>
    <testcase time="7.31100000000015" classname="shinytest2_tm_t_events_patyear" name="e2e_tm_t_events_patyear_Selecting_2_variables_as_arm_var_changes_the_table_and_does_not_throw_validation_errors."/>
    <testcase time="0.00599999999985812" classname="shinytest2_tm_t_events_patyear" name="e2e_tm_t_events_patyear_Selecting_2_variables_as_arm_var_changes_the_table_and_does_not_throw_validation_errors."/>
  </testsuite>
  <testsuite name="shinytest2-tm_t_events_summary" timestamp="2024-12-17T12:28:02Z" hostname="4d5c1e09c213" tests="24" skipped="0" failures="0" errors="0" time="67.68">
    <testcase time="7.06399999999985" classname="shinytest2_tm_t_events_summary" name="e2e_tm_t_events_summary_Module_initializes_in_teal_without_errors_and_produces_table_output."/>
    <testcase time="0.00600000000031287" classname="shinytest2_tm_t_events_summary" name="e2e_tm_t_events_summary_Module_initializes_in_teal_without_errors_and_produces_table_output."/>
    <testcase time="2.08699999999999" classname="shinytest2_tm_t_events_summary" name="e2e_tm_t_events_summary_Module_initializes_in_teal_without_errors_and_produces_table_output."/>
    <testcase time="7.12199999999984" classname="shinytest2_tm_t_events_summary" name="e2e_tm_t_events_summary_Starts_with_specified_label_arm_var_flag_var_anl_flag_var_aesi_add_total_count_subj_count_pt_count_events."/>
    <testcase time="0.0860000000002401" classname="shinytest2_tm_t_events_summary" name="e2e_tm_t_events_summary_Starts_with_specified_label_arm_var_flag_var_anl_flag_var_aesi_add_total_count_subj_count_pt_count_events."/>
    <testcase time="0.0519999999996799" classname="shinytest2_tm_t_events_summary" name="e2e_tm_t_events_summary_Starts_with_specified_label_arm_var_flag_var_anl_flag_var_aesi_add_total_count_subj_count_pt_count_events."/>
    <testcase time="0.0520000000001346" classname="shinytest2_tm_t_events_summary" name="e2e_tm_t_events_summary_Starts_with_specified_label_arm_var_flag_var_anl_flag_var_aesi_add_total_count_subj_count_pt_count_events."/>
    <testcase time="0.0520000000001346" classname="shinytest2_tm_t_events_summary" name="e2e_tm_t_events_summary_Starts_with_specified_label_arm_var_flag_var_anl_flag_var_aesi_add_total_count_subj_count_pt_count_events."/>
    <testcase time="0.0519999999996799" classname="shinytest2_tm_t_events_summary" name="e2e_tm_t_events_summary_Starts_with_specified_label_arm_var_flag_var_anl_flag_var_aesi_add_total_count_subj_count_pt_count_events."/>
    <testcase time="0.0520000000001346" classname="shinytest2_tm_t_events_summary" name="e2e_tm_t_events_summary_Starts_with_specified_label_arm_var_flag_var_anl_flag_var_aesi_add_total_count_subj_count_pt_count_events."/>
    <testcase time="0.0520000000001346" classname="shinytest2_tm_t_events_summary" name="e2e_tm_t_events_summary_Starts_with_specified_label_arm_var_flag_var_anl_flag_var_aesi_add_total_count_subj_count_pt_count_events."/>
    <testcase time="8.69399999999996" classname="shinytest2_tm_t_events_summary" name="e2e_tm_t_events_summary_Selecting_arm_var_changes_the_table_and_does_not_throw_validation_errors."/>
    <testcase time="0.00599999999985812" classname="shinytest2_tm_t_events_summary" name="e2e_tm_t_events_summary_Selecting_arm_var_changes_the_table_and_does_not_throw_validation_errors."/>
    <testcase time="7.73100000000022" classname="shinytest2_tm_t_events_summary" name="e2e_tm_t_events_summary_Deselection_of_arm_var_throws_validation_error."/>
    <testcase time="0.00599999999985812" classname="shinytest2_tm_t_events_summary" name="e2e_tm_t_events_summary_Deselection_of_arm_var_throws_validation_error."/>
    <testcase time="0.00599999999985812" classname="shinytest2_tm_t_events_summary" name="e2e_tm_t_events_summary_Deselection_of_arm_var_throws_validation_error."/>
    <testcase time="8.78900000000021" classname="shinytest2_tm_t_events_summary" name="e2e_tm_t_events_summary_Selecting_flag_var_anl_changes_the_table_and_does_not_throw_validation_errors."/>
    <testcase time="0.00599999999985812" classname="shinytest2_tm_t_events_summary" name="e2e_tm_t_events_summary_Selecting_flag_var_anl_changes_the_table_and_does_not_throw_validation_errors."/>
    <testcase time="8.55400000000009" classname="shinytest2_tm_t_events_summary" name="e2e_tm_t_events_summary_Deselection_of_flag_var_anl_changes_the_table_and_does_not_throw_validation_errors."/>
    <testcase time="0.00599999999985812" classname="shinytest2_tm_t_events_summary" name="e2e_tm_t_events_summary_Deselection_of_flag_var_anl_changes_the_table_and_does_not_throw_validation_errors."/>
    <testcase time="8.71900000000005" classname="shinytest2_tm_t_events_summary" name="e2e_tm_t_events_summary_Selecting_flag_var_aesi_changes_the_table_and_does_not_throw_validation_errors."/>
    <testcase time="0.00599999999985812" classname="shinytest2_tm_t_events_summary" name="e2e_tm_t_events_summary_Selecting_flag_var_aesi_changes_the_table_and_does_not_throw_validation_errors."/>
    <testcase time="8.47400000000016" classname="shinytest2_tm_t_events_summary" name="e2e_tm_t_events_summary_Deselection_of_flag_var_aesi_changes_the_table_and_does_not_throw_validation_errors."/>
    <testcase time="0.00599999999985812" classname="shinytest2_tm_t_events_summary" name="e2e_tm_t_events_summary_Deselection_of_flag_var_aesi_changes_the_table_and_does_not_throw_validation_errors."/>
  </testsuite>
  <testsuite name="shinytest2-tm_t_exposure" timestamp="2024-12-17T12:29:10Z" hostname="4d5c1e09c213" tests="29" skipped="0" failures="0" errors="0" time="78.326">
    <testcase time="6.67300000000023" classname="shinytest2_tm_t_exposure" name="e2e_tm_t_exposure_Module_initializes_in_teal_without_errors_and_produces_table_output."/>
    <testcase time="0.00500000000010914" classname="shinytest2_tm_t_exposure" name="e2e_tm_t_exposure_Module_initializes_in_teal_without_errors_and_produces_table_output."/>
    <testcase time="2.096" classname="shinytest2_tm_t_exposure" name="e2e_tm_t_exposure_Module_initializes_in_teal_without_errors_and_produces_table_output."/>
    <testcase time="6.75199999999995" classname="shinytest2_tm_t_exposure" name="e2e_tm_t_exposure_Starts_with_specified_label_paramcd_parcat_col_by_var_row_by_var_add_total_row_add_total"/>
    <testcase time="0.0909999999998945" classname="shinytest2_tm_t_exposure" name="e2e_tm_t_exposure_Starts_with_specified_label_paramcd_parcat_col_by_var_row_by_var_add_total_row_add_total"/>
    <testcase time="0.0520000000001346" classname="shinytest2_tm_t_exposure" name="e2e_tm_t_exposure_Starts_with_specified_label_paramcd_parcat_col_by_var_row_by_var_add_total_row_add_total"/>
    <testcase time="0.0519999999996799" classname="shinytest2_tm_t_exposure" name="e2e_tm_t_exposure_Starts_with_specified_label_paramcd_parcat_col_by_var_row_by_var_add_total_row_add_total"/>
    <testcase time="0.0520000000001346" classname="shinytest2_tm_t_exposure" name="e2e_tm_t_exposure_Starts_with_specified_label_paramcd_parcat_col_by_var_row_by_var_add_total_row_add_total"/>
    <testcase time="0.05600000000004" classname="shinytest2_tm_t_exposure" name="e2e_tm_t_exposure_Starts_with_specified_label_paramcd_parcat_col_by_var_row_by_var_add_total_row_add_total"/>
    <testcase time="0.0520000000001346" classname="shinytest2_tm_t_exposure" name="e2e_tm_t_exposure_Starts_with_specified_label_paramcd_parcat_col_by_var_row_by_var_add_total_row_add_total"/>
    <testcase time="7.94599999999991" classname="shinytest2_tm_t_exposure" name="e2e_tm_t_exposure_Selecting_paramcd_changes_the_table_and_does_not_throw_validation_errors."/>
    <testcase time="0.00599999999985812" classname="shinytest2_tm_t_exposure" name="e2e_tm_t_exposure_Selecting_paramcd_changes_the_table_and_does_not_throw_validation_errors."/>
    <testcase time="7.56899999999996" classname="shinytest2_tm_t_exposure" name="e2e_tm_t_exposure_Deselection_of_paramcd_throws_validation_error."/>
    <testcase time="0.00600000000031287" classname="shinytest2_tm_t_exposure" name="e2e_tm_t_exposure_Deselection_of_paramcd_throws_validation_error."/>
    <testcase time="0.00599999999985812" classname="shinytest2_tm_t_exposure" name="e2e_tm_t_exposure_Deselection_of_paramcd_throws_validation_error."/>
    <testcase time="8.07299999999987" classname="shinytest2_tm_t_exposure" name="e2e_tm_t_exposure_Selecting_parcat_changes_the_table_and_does_not_throw_validation_errors."/>
    <testcase time="0.00600000000031287" classname="shinytest2_tm_t_exposure" name="e2e_tm_t_exposure_Selecting_parcat_changes_the_table_and_does_not_throw_validation_errors."/>
    <testcase time="7.59899999999971" classname="shinytest2_tm_t_exposure" name="e2e_tm_t_exposure_Deselection_of_parcat_throws_validation_error."/>
    <testcase time="0.00600000000031287" classname="shinytest2_tm_t_exposure" name="e2e_tm_t_exposure_Deselection_of_parcat_throws_validation_error."/>
    <testcase time="0.00599999999985812" classname="shinytest2_tm_t_exposure" name="e2e_tm_t_exposure_Deselection_of_parcat_throws_validation_error."/>
    <testcase time="7.92499999999973" classname="shinytest2_tm_t_exposure" name="e2e_tm_t_exposure_Selecting_col_by_var_changes_the_table_and_does_not_throw_validation_errors."/>
    <testcase time="0.00600000000031287" classname="shinytest2_tm_t_exposure" name="e2e_tm_t_exposure_Selecting_col_by_var_changes_the_table_and_does_not_throw_validation_errors."/>
    <testcase time="7.76299999999992" classname="shinytest2_tm_t_exposure" name="e2e_tm_t_exposure_Deselection_of_col_by_var_changes_the_table_and_does_not_throw_validation_errors."/>
    <testcase time="0.00599999999985812" classname="shinytest2_tm_t_exposure" name="e2e_tm_t_exposure_Deselection_of_col_by_var_changes_the_table_and_does_not_throw_validation_errors."/>
    <testcase time="7.85600000000022" classname="shinytest2_tm_t_exposure" name="e2e_tm_t_exposure_Selecting_row_by_var_changes_the_table_and_does_not_throw_validation_errors."/>
    <testcase time="0.00599999999985812" classname="shinytest2_tm_t_exposure" name="e2e_tm_t_exposure_Selecting_row_by_var_changes_the_table_and_does_not_throw_validation_errors."/>
    <testcase time="7.64800000000014" classname="shinytest2_tm_t_exposure" name="e2e_tm_t_exposure_Deselection_of_row_by_var_throws_validation_error."/>
    <testcase time="0.00599999999985812" classname="shinytest2_tm_t_exposure" name="e2e_tm_t_exposure_Deselection_of_row_by_var_throws_validation_error."/>
    <testcase time="0.00599999999985812" classname="shinytest2_tm_t_exposure" name="e2e_tm_t_exposure_Deselection_of_row_by_var_throws_validation_error."/>
  </testsuite>
  <testsuite name="shinytest2-tm_t_logistic" timestamp="2024-12-17T12:30:28Z" hostname="4d5c1e09c213" tests="27" skipped="0" failures="0" errors="0" time="59.233">
    <testcase time="6.31899999999996" classname="shinytest2_tm_t_logistic" name="e2e_tm_t_logistic_Module_initializes_in_teal_without_errors_and_produces_table_output."/>
    <testcase time="0.00600000000031287" classname="shinytest2_tm_t_logistic" name="e2e_tm_t_logistic_Module_initializes_in_teal_without_errors_and_produces_table_output."/>
    <testcase time="2.08899999999994" classname="shinytest2_tm_t_logistic" name="e2e_tm_t_logistic_Module_initializes_in_teal_without_errors_and_produces_table_output."/>
    <testcase time="6.30200000000013" classname="shinytest2_tm_t_logistic" name="e2e_tm_t_logistic_Starts_with_specified_label_paramcd_responders_arm_var_buckets_cov_var_interaction_var_conf_level_combine_comp_arms."/>
    <testcase time="0.0859999999997854" classname="shinytest2_tm_t_logistic" name="e2e_tm_t_logistic_Starts_with_specified_label_paramcd_responders_arm_var_buckets_cov_var_interaction_var_conf_level_combine_comp_arms."/>
    <testcase time="0.0529999999998836" classname="shinytest2_tm_t_logistic" name="e2e_tm_t_logistic_Starts_with_specified_label_paramcd_responders_arm_var_buckets_cov_var_interaction_var_conf_level_combine_comp_arms."/>
    <testcase time="0.0520000000001346" classname="shinytest2_tm_t_logistic" name="e2e_tm_t_logistic_Starts_with_specified_label_paramcd_responders_arm_var_buckets_cov_var_interaction_var_conf_level_combine_comp_arms."/>
    <testcase time="0.0520000000001346" classname="shinytest2_tm_t_logistic" name="e2e_tm_t_logistic_Starts_with_specified_label_paramcd_responders_arm_var_buckets_cov_var_interaction_var_conf_level_combine_comp_arms."/>
    <testcase time="0.0519999999996799" classname="shinytest2_tm_t_logistic" name="e2e_tm_t_logistic_Starts_with_specified_label_paramcd_responders_arm_var_buckets_cov_var_interaction_var_conf_level_combine_comp_arms."/>
    <testcase time="0.0520000000001346" classname="shinytest2_tm_t_logistic" name="e2e_tm_t_logistic_Starts_with_specified_label_paramcd_responders_arm_var_buckets_cov_var_interaction_var_conf_level_combine_comp_arms."/>
    <testcase time="0.0570000000002437" classname="shinytest2_tm_t_logistic" name="e2e_tm_t_logistic_Starts_with_specified_label_paramcd_responders_arm_var_buckets_cov_var_interaction_var_conf_level_combine_comp_arms."/>
    <testcase time="0.0499999999997272" classname="shinytest2_tm_t_logistic" name="e2e_tm_t_logistic_Starts_with_specified_label_paramcd_responders_arm_var_buckets_cov_var_interaction_var_conf_level_combine_comp_arms."/>
    <testcase time="7.46900000000005" classname="shinytest2_tm_t_logistic" name="e2e_tm_t_logistic_Selecting_paramcd_changes_the_table_and_does_not_throw_validation_errors."/>
    <testcase time="0.00599999999985812" classname="shinytest2_tm_t_logistic" name="e2e_tm_t_logistic_Selecting_paramcd_changes_the_table_and_does_not_throw_validation_errors."/>
    <testcase time="7.13200000000006" classname="shinytest2_tm_t_logistic" name="e2e_tm_t_logistic_Deselection_of_paramcd_throws_validation_error."/>
    <testcase time="0.00600000000031287" classname="shinytest2_tm_t_logistic" name="e2e_tm_t_logistic_Deselection_of_paramcd_throws_validation_error."/>
    <testcase time="0.00599999999985812" classname="shinytest2_tm_t_logistic" name="e2e_tm_t_logistic_Deselection_of_paramcd_throws_validation_error."/>
    <testcase time="7.65200000000004" classname="shinytest2_tm_t_logistic" name="e2e_tm_t_logistic_Selecting_arm_var_changes_the_table_and_does_not_throw_validation_errors."/>
    <testcase time="0.00599999999985812" classname="shinytest2_tm_t_logistic" name="e2e_tm_t_logistic_Selecting_arm_var_changes_the_table_and_does_not_throw_validation_errors."/>
    <testcase time="7.10400000000027" classname="shinytest2_tm_t_logistic" name="e2e_tm_t_logistic_Deselection_of_arm_var_throws_validation_error."/>
    <testcase time="0.00599999999985812" classname="shinytest2_tm_t_logistic" name="e2e_tm_t_logistic_Deselection_of_arm_var_throws_validation_error."/>
    <testcase time="0.00500000000010914" classname="shinytest2_tm_t_logistic" name="e2e_tm_t_logistic_Deselection_of_arm_var_throws_validation_error."/>
    <testcase time="7.60099999999966" classname="shinytest2_tm_t_logistic" name="e2e_tm_t_logistic_Selecting_cov_var_changes_the_table_and_does_not_throw_validation_errors."/>
    <testcase time="0.00600000000031287" classname="shinytest2_tm_t_logistic" name="e2e_tm_t_logistic_Selecting_cov_var_changes_the_table_and_does_not_throw_validation_errors."/>
    <testcase time="7.05299999999988" classname="shinytest2_tm_t_logistic" name="e2e_tm_t_logistic_Deselection_of_cov_var_throws_validation_error."/>
    <testcase time="0.00599999999985812" classname="shinytest2_tm_t_logistic" name="e2e_tm_t_logistic_Deselection_of_cov_var_throws_validation_error."/>
    <testcase time="0.00500000000010914" classname="shinytest2_tm_t_logistic" name="e2e_tm_t_logistic_Deselection_of_cov_var_throws_validation_error."/>
  </testsuite>
  <testsuite name="shinytest2-tm_t_mult_events" timestamp="2024-12-17T12:31:28Z" hostname="4d5c1e09c213" tests="20" skipped="0" failures="0" errors="0" time="57.534">
    <testcase time="6.90099999999984" classname="shinytest2_tm_t_mult_events" name="e2e_tm_t_mult_events_Module_initializes_in_teal_without_errors_and_produces_table_output."/>
    <testcase time="0.00600000000031287" classname="shinytest2_tm_t_mult_events" name="e2e_tm_t_mult_events_Module_initializes_in_teal_without_errors_and_produces_table_output."/>
    <testcase time="2.09299999999985" classname="shinytest2_tm_t_mult_events" name="e2e_tm_t_mult_events_Module_initializes_in_teal_without_errors_and_produces_table_output."/>
    <testcase time="7.10399999999981" classname="shinytest2_tm_t_mult_events" name="e2e_tm_t_mult_events_Starts_with_specified_label_arm_var_hlt_llt_add_total_drop_arm_levels."/>
    <testcase time="0.0860000000002401" classname="shinytest2_tm_t_mult_events" name="e2e_tm_t_mult_events_Starts_with_specified_label_arm_var_hlt_llt_add_total_drop_arm_levels."/>
    <testcase time="0.0520000000001346" classname="shinytest2_tm_t_mult_events" name="e2e_tm_t_mult_events_Starts_with_specified_label_arm_var_hlt_llt_add_total_drop_arm_levels."/>
    <testcase time="0.0519999999996799" classname="shinytest2_tm_t_mult_events" name="e2e_tm_t_mult_events_Starts_with_specified_label_arm_var_hlt_llt_add_total_drop_arm_levels."/>
    <testcase time="0.0520000000001346" classname="shinytest2_tm_t_mult_events" name="e2e_tm_t_mult_events_Starts_with_specified_label_arm_var_hlt_llt_add_total_drop_arm_levels."/>
    <testcase time="0.0520000000001346" classname="shinytest2_tm_t_mult_events" name="e2e_tm_t_mult_events_Starts_with_specified_label_arm_var_hlt_llt_add_total_drop_arm_levels."/>
    <testcase time="9.07999999999993" classname="shinytest2_tm_t_mult_events" name="e2e_tm_t_mult_events_Selecting_arm_var_changes_the_table_and_does_not_throw_validation_errors."/>
    <testcase time="0.00599999999985812" classname="shinytest2_tm_t_mult_events" name="e2e_tm_t_mult_events_Selecting_arm_var_changes_the_table_and_does_not_throw_validation_errors."/>
    <testcase time="7.55799999999999" classname="shinytest2_tm_t_mult_events" name="e2e_tm_t_mult_events_Deselection_of_arm_var_throws_validation_error."/>
    <testcase time="0.00500000000010914" classname="shinytest2_tm_t_mult_events" name="e2e_tm_t_mult_events_Deselection_of_arm_var_throws_validation_error."/>
    <testcase time="0.00599999999985812" classname="shinytest2_tm_t_mult_events" name="e2e_tm_t_mult_events_Deselection_of_arm_var_throws_validation_error."/>
    <testcase time="8.74900000000025" classname="shinytest2_tm_t_mult_events" name="e2e_tm_t_mult_events_Selecting_hlt_changes_the_table_and_does_not_throw_validation_errors."/>
    <testcase time="0.00599999999985812" classname="shinytest2_tm_t_mult_events" name="e2e_tm_t_mult_events_Selecting_hlt_changes_the_table_and_does_not_throw_validation_errors."/>
    <testcase time="8.08600000000024" classname="shinytest2_tm_t_mult_events" name="e2e_tm_t_mult_events_Deselection_of_hlt_changes_the_table_and_does_not_throw_validation_errors."/>
    <testcase time="0.00599999999985812" classname="shinytest2_tm_t_mult_events" name="e2e_tm_t_mult_events_Deselection_of_hlt_changes_the_table_and_does_not_throw_validation_errors."/>
    <testcase time="7.6279999999997" classname="shinytest2_tm_t_mult_events" name="e2e_tm_t_mult_events_Deselection_of_llt_throws_validation_error."/>
    <testcase time="0.00600000000031287" classname="shinytest2_tm_t_mult_events" name="e2e_tm_t_mult_events_Deselection_of_llt_throws_validation_error."/>
  </testsuite>
  <testsuite name="shinytest2-tm_t_pp_basic_info" timestamp="2024-12-17T12:32:25Z" hostname="4d5c1e09c213" tests="16" skipped="0" failures="0" errors="0" time="39.779">
    <testcase time="5.05099999999993" classname="shinytest2_tm_t_pp_basic_info" name="e2e_tm_t_pp_basic_info_Module_initializes_in_teal_without_errors_and_produces_table_output."/>
    <testcase time="0.00599999999985812" classname="shinytest2_tm_t_pp_basic_info" name="e2e_tm_t_pp_basic_info_Module_initializes_in_teal_without_errors_and_produces_table_output."/>
    <testcase time="2.08500000000004" classname="shinytest2_tm_t_pp_basic_info" name="e2e_tm_t_pp_basic_info_Module_initializes_in_teal_without_errors_and_produces_table_output."/>
    <testcase time="5.13000000000011" classname="shinytest2_tm_t_pp_basic_info" name="e2e_tm_t_pp_basic_info_Starts_with_specified_label_patient_id_vars."/>
    <testcase time="0.0500000000001819" classname="shinytest2_tm_t_pp_basic_info" name="e2e_tm_t_pp_basic_info_Starts_with_specified_label_patient_id_vars."/>
    <testcase time="0.0539999999996326" classname="shinytest2_tm_t_pp_basic_info" name="e2e_tm_t_pp_basic_info_Starts_with_specified_label_patient_id_vars."/>
    <testcase time="5.80500000000029" classname="shinytest2_tm_t_pp_basic_info" name="e2e_tm_t_pp_basic_info_Selecting_patient_id_changes_the_table_and_does_not_throw_validation_errors."/>
    <testcase time="0.00499999999965439" classname="shinytest2_tm_t_pp_basic_info" name="e2e_tm_t_pp_basic_info_Selecting_patient_id_changes_the_table_and_does_not_throw_validation_errors."/>
    <testcase time="8.05700000000024" classname="shinytest2_tm_t_pp_basic_info" name="e2e_tm_t_pp_basic_info_Deselection_of_patient_id_throws_validation_error_and_table_is_not_visible."/>
    <testcase time="0.00599999999985812" classname="shinytest2_tm_t_pp_basic_info" name="e2e_tm_t_pp_basic_info_Deselection_of_patient_id_throws_validation_error_and_table_is_not_visible."/>
    <testcase time="0.00500000000010914" classname="shinytest2_tm_t_pp_basic_info" name="e2e_tm_t_pp_basic_info_Deselection_of_patient_id_throws_validation_error_and_table_is_not_visible."/>
    <testcase time="5.77199999999993" classname="shinytest2_tm_t_pp_basic_info" name="e2e_tm_t_pp_basic_info_Selecting_cov_var_changes_the_table_and_does_not_throw_validation_errors."/>
    <testcase time="0.00599999999985812" classname="shinytest2_tm_t_pp_basic_info" name="e2e_tm_t_pp_basic_info_Selecting_cov_var_changes_the_table_and_does_not_throw_validation_errors."/>
    <testcase time="7.73500000000013" classname="shinytest2_tm_t_pp_basic_info" name="e2e_tm_t_pp_basic_info_Deselection_of_cov_var_throws_validation_error."/>
    <testcase time="0.00599999999985812" classname="shinytest2_tm_t_pp_basic_info" name="e2e_tm_t_pp_basic_info_Deselection_of_cov_var_throws_validation_error."/>
    <testcase time="0.00599999999985812" classname="shinytest2_tm_t_pp_basic_info" name="e2e_tm_t_pp_basic_info_Deselection_of_cov_var_throws_validation_error."/>
  </testsuite>
  <testsuite name="shinytest2-tm_t_pp_laboratory" timestamp="2024-12-17T12:33:05Z" hostname="4d5c1e09c213" tests="47" skipped="0" failures="0" errors="0" time="124.76">
    <testcase time="6.01300000000037" classname="shinytest2_tm_t_pp_laboratory" name="e2e_tm_t_pp_laboratory_Module_initializes_in_teal_without_errors_and_produces_table_output."/>
    <testcase time="0.00599999999985812" classname="shinytest2_tm_t_pp_laboratory" name="e2e_tm_t_pp_laboratory_Module_initializes_in_teal_without_errors_and_produces_table_output."/>
    <testcase time="2.10100000000011" classname="shinytest2_tm_t_pp_laboratory" name="e2e_tm_t_pp_laboratory_Module_initializes_in_teal_without_errors_and_produces_table_output."/>
    <testcase time="6.33899999999994" classname="shinytest2_tm_t_pp_laboratory" name="e2e_tm_t_pp_laboratory_Starts_with_specified_label_patient_id_paramcd_param_timepoints_aval_var_avalu_var_anrind_round_value."/>
    <testcase time="0.0499999999997272" classname="shinytest2_tm_t_pp_laboratory" name="e2e_tm_t_pp_laboratory_Starts_with_specified_label_patient_id_paramcd_param_timepoints_aval_var_avalu_var_anrind_round_value."/>
    <testcase time="0.0509999999999309" classname="shinytest2_tm_t_pp_laboratory" name="e2e_tm_t_pp_laboratory_Starts_with_specified_label_patient_id_paramcd_param_timepoints_aval_var_avalu_var_anrind_round_value."/>
    <testcase time="0.0520000000001346" classname="shinytest2_tm_t_pp_laboratory" name="e2e_tm_t_pp_laboratory_Starts_with_specified_label_patient_id_paramcd_param_timepoints_aval_var_avalu_var_anrind_round_value."/>
    <testcase time="0.0520000000001346" classname="shinytest2_tm_t_pp_laboratory" name="e2e_tm_t_pp_laboratory_Starts_with_specified_label_patient_id_paramcd_param_timepoints_aval_var_avalu_var_anrind_round_value."/>
    <testcase time="0.0520000000001346" classname="shinytest2_tm_t_pp_laboratory" name="e2e_tm_t_pp_laboratory_Starts_with_specified_label_patient_id_paramcd_param_timepoints_aval_var_avalu_var_anrind_round_value."/>
    <testcase time="0.0519999999996799" classname="shinytest2_tm_t_pp_laboratory" name="e2e_tm_t_pp_laboratory_Starts_with_specified_label_patient_id_paramcd_param_timepoints_aval_var_avalu_var_anrind_round_value."/>
    <testcase time="0.0520000000001346" classname="shinytest2_tm_t_pp_laboratory" name="e2e_tm_t_pp_laboratory_Starts_with_specified_label_patient_id_paramcd_param_timepoints_aval_var_avalu_var_anrind_round_value."/>
    <testcase time="0.0520000000001346" classname="shinytest2_tm_t_pp_laboratory" name="e2e_tm_t_pp_laboratory_Starts_with_specified_label_patient_id_paramcd_param_timepoints_aval_var_avalu_var_anrind_round_value."/>
    <testcase time="6.91199999999981" classname="shinytest2_tm_t_pp_laboratory" name="e2e_tm_t_pp_laboratory_Selecting_patient_id_changes_the_table_and_does_not_throw_validation_errors."/>
    <testcase time="0.00599999999985812" classname="shinytest2_tm_t_pp_laboratory" name="e2e_tm_t_pp_laboratory_Selecting_patient_id_changes_the_table_and_does_not_throw_validation_errors."/>
    <testcase time="8.68900000000031" classname="shinytest2_tm_t_pp_laboratory" name="e2e_tm_t_pp_laboratory_Deselection_of_patient_id_throws_validation_error."/>
    <testcase time="0.00599999999985812" classname="shinytest2_tm_t_pp_laboratory" name="e2e_tm_t_pp_laboratory_Deselection_of_patient_id_throws_validation_error."/>
    <testcase time="0.00599999999985812" classname="shinytest2_tm_t_pp_laboratory" name="e2e_tm_t_pp_laboratory_Deselection_of_patient_id_throws_validation_error."/>
    <testcase time="6.89900000000034" classname="shinytest2_tm_t_pp_laboratory" name="e2e_tm_t_pp_laboratory_Selecting_paramcd_changes_the_table_and_does_not_throw_validation_errors."/>
    <testcase time="0.00599999999985812" classname="shinytest2_tm_t_pp_laboratory" name="e2e_tm_t_pp_laboratory_Selecting_paramcd_changes_the_table_and_does_not_throw_validation_errors."/>
    <testcase time="8.72400000000016" classname="shinytest2_tm_t_pp_laboratory" name="e2e_tm_t_pp_laboratory_Deselection_of_paramcd_throws_validation_error."/>
    <testcase time="0.00599999999985812" classname="shinytest2_tm_t_pp_laboratory" name="e2e_tm_t_pp_laboratory_Deselection_of_paramcd_throws_validation_error."/>
    <testcase time="0.00700000000006185" classname="shinytest2_tm_t_pp_laboratory" name="e2e_tm_t_pp_laboratory_Deselection_of_paramcd_throws_validation_error."/>
    <testcase time="7.01299999999992" classname="shinytest2_tm_t_pp_laboratory" name="e2e_tm_t_pp_laboratory_Selecting_param_changes_the_table_and_does_not_throw_validation_errors."/>
    <testcase time="0.00700000000006185" classname="shinytest2_tm_t_pp_laboratory" name="e2e_tm_t_pp_laboratory_Selecting_param_changes_the_table_and_does_not_throw_validation_errors."/>
    <testcase time="8.68100000000004" classname="shinytest2_tm_t_pp_laboratory" name="e2e_tm_t_pp_laboratory_Deselection_of_param_throws_validation_error."/>
    <testcase time="0.00599999999985812" classname="shinytest2_tm_t_pp_laboratory" name="e2e_tm_t_pp_laboratory_Deselection_of_param_throws_validation_error."/>
    <testcase time="0.00599999999985812" classname="shinytest2_tm_t_pp_laboratory" name="e2e_tm_t_pp_laboratory_Deselection_of_param_throws_validation_error."/>
    <testcase time="7.029" classname="shinytest2_tm_t_pp_laboratory" name="e2e_tm_t_pp_laboratory_Selecting_timepoints_changes_the_table_and_does_not_throw_validation_errors."/>
    <testcase time="0.00600000000031287" classname="shinytest2_tm_t_pp_laboratory" name="e2e_tm_t_pp_laboratory_Selecting_timepoints_changes_the_table_and_does_not_throw_validation_errors."/>
    <testcase time="8.69599999999991" classname="shinytest2_tm_t_pp_laboratory" name="e2e_tm_t_pp_laboratory_Deselection_of_timepoints_throws_validation_error."/>
    <testcase time="0.00599999999985812" classname="shinytest2_tm_t_pp_laboratory" name="e2e_tm_t_pp_laboratory_Deselection_of_timepoints_throws_validation_error."/>
    <testcase time="0.00599999999985812" classname="shinytest2_tm_t_pp_laboratory" name="e2e_tm_t_pp_laboratory_Deselection_of_timepoints_throws_validation_error."/>
    <testcase time="6.98600000000033" classname="shinytest2_tm_t_pp_laboratory" name="e2e_tm_t_pp_laboratory_Selecting_avalu_changes_the_table_and_does_not_throw_validation_errors."/>
    <testcase time="0.00599999999985812" classname="shinytest2_tm_t_pp_laboratory" name="e2e_tm_t_pp_laboratory_Selecting_avalu_changes_the_table_and_does_not_throw_validation_errors."/>
    <testcase time="8.70100000000002" classname="shinytest2_tm_t_pp_laboratory" name="e2e_tm_t_pp_laboratory_Deselection_of_avalu_throws_validation_error."/>
    <testcase time="0.00499999999965439" classname="shinytest2_tm_t_pp_laboratory" name="e2e_tm_t_pp_laboratory_Deselection_of_avalu_throws_validation_error."/>
    <testcase time="0.00600000000031287" classname="shinytest2_tm_t_pp_laboratory" name="e2e_tm_t_pp_laboratory_Deselection_of_avalu_throws_validation_error."/>
    <testcase time="7.01099999999997" classname="shinytest2_tm_t_pp_laboratory" name="e2e_tm_t_pp_laboratory_Selecting_aval_var_changes_the_table_and_does_not_throw_validation_errors."/>
    <testcase time="0.00599999999985812" classname="shinytest2_tm_t_pp_laboratory" name="e2e_tm_t_pp_laboratory_Selecting_aval_var_changes_the_table_and_does_not_throw_validation_errors."/>
    <testcase time="8.72299999999996" classname="shinytest2_tm_t_pp_laboratory" name="e2e_tm_t_pp_laboratory_Deselection_of_aval_var_throws_validation_error."/>
    <testcase time="0.00599999999985812" classname="shinytest2_tm_t_pp_laboratory" name="e2e_tm_t_pp_laboratory_Deselection_of_aval_var_throws_validation_error."/>
    <testcase time="0.00500000000010914" classname="shinytest2_tm_t_pp_laboratory" name="e2e_tm_t_pp_laboratory_Deselection_of_aval_var_throws_validation_error."/>
    <testcase time="6.95800000000008" classname="shinytest2_tm_t_pp_laboratory" name="e2e_tm_t_pp_laboratory_Selecting_arind_changes_the_table_and_does_not_throw_validation_errors."/>
    <testcase time="0.00599999999985812" classname="shinytest2_tm_t_pp_laboratory" name="e2e_tm_t_pp_laboratory_Selecting_arind_changes_the_table_and_does_not_throw_validation_errors."/>
    <testcase time="8.73900000000003" classname="shinytest2_tm_t_pp_laboratory" name="e2e_tm_t_pp_laboratory_Deselection_of_arind_throws_validation_error."/>
    <testcase time="0.00600000000031287" classname="shinytest2_tm_t_pp_laboratory" name="e2e_tm_t_pp_laboratory_Deselection_of_arind_throws_validation_error."/>
    <testcase time="0.0069999999996071" classname="shinytest2_tm_t_pp_laboratory" name="e2e_tm_t_pp_laboratory_Deselection_of_arind_throws_validation_error."/>
  </testsuite>
  <testsuite name="shinytest2-tm_t_pp_medical_history" timestamp="2024-12-17T12:35:10Z" hostname="4d5c1e09c213" tests="28" skipped="0" failures="0" errors="0" time="65.742">
    <testcase time="5.7810000000004" classname="shinytest2_tm_t_pp_medical_history" name="e2e_tm_t_pp_medical_history_Module_initializes_in_teal_without_errors_and_produces_table_output."/>
    <testcase time="0.00599999999985812" classname="shinytest2_tm_t_pp_medical_history" name="e2e_tm_t_pp_medical_history_Module_initializes_in_teal_without_errors_and_produces_table_output."/>
    <testcase time="2.08199999999988" classname="shinytest2_tm_t_pp_medical_history" name="e2e_tm_t_pp_medical_history_Module_initializes_in_teal_without_errors_and_produces_table_output."/>
    <testcase time="5.66800000000012" classname="shinytest2_tm_t_pp_medical_history" name="e2e_tm_t_pp_medical_history_Starts_with_specified_label_patient_id_mhterm_mhbodsys_mhdistat."/>
    <testcase time="0.0850000000000364" classname="shinytest2_tm_t_pp_medical_history" name="e2e_tm_t_pp_medical_history_Starts_with_specified_label_patient_id_mhterm_mhbodsys_mhdistat."/>
    <testcase time="0.056999999999789" classname="shinytest2_tm_t_pp_medical_history" name="e2e_tm_t_pp_medical_history_Starts_with_specified_label_patient_id_mhterm_mhbodsys_mhdistat."/>
    <testcase time="0.0520000000001346" classname="shinytest2_tm_t_pp_medical_history" name="e2e_tm_t_pp_medical_history_Starts_with_specified_label_patient_id_mhterm_mhbodsys_mhdistat."/>
    <testcase time="0.0520000000001346" classname="shinytest2_tm_t_pp_medical_history" name="e2e_tm_t_pp_medical_history_Starts_with_specified_label_patient_id_mhterm_mhbodsys_mhdistat."/>
    <testcase time="6.61099999999988" classname="shinytest2_tm_t_pp_medical_history" name="e2e_tm_t_pp_medical_history_Selecting_patient_id_changes_the_table_and_does_not_throw_validation_errors."/>
    <testcase time="0.00599999999985812" classname="shinytest2_tm_t_pp_medical_history" name="e2e_tm_t_pp_medical_history_Selecting_patient_id_changes_the_table_and_does_not_throw_validation_errors."/>
    <testcase time="6.4050000000002" classname="shinytest2_tm_t_pp_medical_history" name="e2e_tm_t_pp_medical_history_Deselection_of_patient_id_throws_validation_error."/>
    <testcase time="0.00599999999985812" classname="shinytest2_tm_t_pp_medical_history" name="e2e_tm_t_pp_medical_history_Deselection_of_patient_id_throws_validation_error."/>
    <testcase time="0.00599999999985812" classname="shinytest2_tm_t_pp_medical_history" name="e2e_tm_t_pp_medical_history_Deselection_of_patient_id_throws_validation_error."/>
    <testcase time="6.62000000000035" classname="shinytest2_tm_t_pp_medical_history" name="e2e_tm_t_pp_medical_history_Selecting_mhterm_changes_the_table_and_does_not_throw_validation_errors."/>
    <testcase time="0.00599999999985812" classname="shinytest2_tm_t_pp_medical_history" name="e2e_tm_t_pp_medical_history_Selecting_mhterm_changes_the_table_and_does_not_throw_validation_errors."/>
    <testcase time="6.28800000000001" classname="shinytest2_tm_t_pp_medical_history" name="e2e_tm_t_pp_medical_history_Deselection_of_mhterm_throws_validation_error."/>
    <testcase time="0.00599999999985812" classname="shinytest2_tm_t_pp_medical_history" name="e2e_tm_t_pp_medical_history_Deselection_of_mhterm_throws_validation_error."/>
    <testcase time="0.00600000000031287" classname="shinytest2_tm_t_pp_medical_history" name="e2e_tm_t_pp_medical_history_Deselection_of_mhterm_throws_validation_error."/>
    <testcase time="6.625" classname="shinytest2_tm_t_pp_medical_history" name="e2e_tm_t_pp_medical_history_Selecting_mhbodsys_changes_the_table_and_does_not_throw_validation_errors."/>
    <testcase time="0.00599999999985812" classname="shinytest2_tm_t_pp_medical_history" name="e2e_tm_t_pp_medical_history_Selecting_mhbodsys_changes_the_table_and_does_not_throw_validation_errors."/>
    <testcase time="6.26400000000012" classname="shinytest2_tm_t_pp_medical_history" name="e2e_tm_t_pp_medical_history_Deselection_of_mhbodsys_throws_validation_error."/>
    <testcase time="0.00599999999985812" classname="shinytest2_tm_t_pp_medical_history" name="e2e_tm_t_pp_medical_history_Deselection_of_mhbodsys_throws_validation_error."/>
    <testcase time="0.00500000000010914" classname="shinytest2_tm_t_pp_medical_history" name="e2e_tm_t_pp_medical_history_Deselection_of_mhbodsys_throws_validation_error."/>
    <testcase time="6.80099999999993" classname="shinytest2_tm_t_pp_medical_history" name="e2e_tm_t_pp_medical_history_Selecting_mhbodsys_changes_the_table_and_does_not_throw_validation_errors."/>
    <testcase time="0.00599999999985812" classname="shinytest2_tm_t_pp_medical_history" name="e2e_tm_t_pp_medical_history_Selecting_mhbodsys_changes_the_table_and_does_not_throw_validation_errors."/>
    <testcase time="6.27399999999989" classname="shinytest2_tm_t_pp_medical_history" name="e2e_tm_t_pp_medical_history_Deselection_of_mhdistat_throws_validation_error."/>
    <testcase time="0.00600000000031287" classname="shinytest2_tm_t_pp_medical_history" name="e2e_tm_t_pp_medical_history_Deselection_of_mhdistat_throws_validation_error."/>
    <testcase time="0.00599999999985812" classname="shinytest2_tm_t_pp_medical_history" name="e2e_tm_t_pp_medical_history_Deselection_of_mhdistat_throws_validation_error."/>
  </testsuite>
  <testsuite name="shinytest2-tm_t_pp_prior_medication" timestamp="2024-12-17T12:36:15Z" hostname="4d5c1e09c213" tests="29" skipped="0" failures="0" errors="0" time="77.329">
    <testcase time="5.64699999999993" classname="shinytest2_tm_t_pp_prior_medication" name="e2e_tm_t_pp_prior_medication_Module_initializes_in_teal_without_errors_and_produces_table_output."/>
    <testcase time="0.00599999999985812" classname="shinytest2_tm_t_pp_prior_medication" name="e2e_tm_t_pp_prior_medication_Module_initializes_in_teal_without_errors_and_produces_table_output."/>
    <testcase time="2.09100000000035" classname="shinytest2_tm_t_pp_prior_medication" name="e2e_tm_t_pp_prior_medication_Module_initializes_in_teal_without_errors_and_produces_table_output."/>
    <testcase time="5.66599999999971" classname="shinytest2_tm_t_pp_prior_medication" name="e2e_tm_t_pp_prior_medication_Starts_with_specified_label_patient_id_cmdecod_atirel_cmindc_cmstdy."/>
    <testcase time="0.0500000000001819" classname="shinytest2_tm_t_pp_prior_medication" name="e2e_tm_t_pp_prior_medication_Starts_with_specified_label_patient_id_cmdecod_atirel_cmindc_cmstdy."/>
    <testcase time="0.0529999999998836" classname="shinytest2_tm_t_pp_prior_medication" name="e2e_tm_t_pp_prior_medication_Starts_with_specified_label_patient_id_cmdecod_atirel_cmindc_cmstdy."/>
    <testcase time="0.0520000000001346" classname="shinytest2_tm_t_pp_prior_medication" name="e2e_tm_t_pp_prior_medication_Starts_with_specified_label_patient_id_cmdecod_atirel_cmindc_cmstdy."/>
    <testcase time="0.0520000000001346" classname="shinytest2_tm_t_pp_prior_medication" name="e2e_tm_t_pp_prior_medication_Starts_with_specified_label_patient_id_cmdecod_atirel_cmindc_cmstdy."/>
    <testcase time="0.0529999999998836" classname="shinytest2_tm_t_pp_prior_medication" name="e2e_tm_t_pp_prior_medication_Starts_with_specified_label_patient_id_cmdecod_atirel_cmindc_cmstdy."/>
    <testcase time="6.32200000000012" classname="shinytest2_tm_t_pp_prior_medication" name="e2e_tm_t_pp_prior_medication_Selecting_patient_id_changes_the_table_and_does_not_throw_validation_errors."/>
    <testcase time="0.00599999999985812" classname="shinytest2_tm_t_pp_prior_medication" name="e2e_tm_t_pp_prior_medication_Selecting_patient_id_changes_the_table_and_does_not_throw_validation_errors."/>
    <testcase time="6.25599999999986" classname="shinytest2_tm_t_pp_prior_medication" name="e2e_tm_t_pp_prior_medication_Deselection_of_patient_id_throws_validation_error."/>
    <testcase time="0.0100000000002183" classname="shinytest2_tm_t_pp_prior_medication" name="e2e_tm_t_pp_prior_medication_Deselection_of_patient_id_throws_validation_error."/>
    <testcase time="6.40599999999995" classname="shinytest2_tm_t_pp_prior_medication" name="e2e_tm_t_pp_prior_medication_Selecting_cmdecod_changes_the_table_and_does_not_throw_validation_errors."/>
    <testcase time="0.00700000000006185" classname="shinytest2_tm_t_pp_prior_medication" name="e2e_tm_t_pp_prior_medication_Selecting_cmdecod_changes_the_table_and_does_not_throw_validation_errors."/>
    <testcase time="6.29999999999973" classname="shinytest2_tm_t_pp_prior_medication" name="e2e_tm_t_pp_prior_medication_Deselection_of_cmdecod_throws_validation_error."/>
    <testcase time="0.00600000000031287" classname="shinytest2_tm_t_pp_prior_medication" name="e2e_tm_t_pp_prior_medication_Deselection_of_cmdecod_throws_validation_error."/>
    <testcase time="6.35500000000002" classname="shinytest2_tm_t_pp_prior_medication" name="e2e_tm_t_pp_prior_medication_Selecting_atirel_changes_the_table_and_does_not_throw_validation_errors."/>
    <testcase time="0.00599999999985812" classname="shinytest2_tm_t_pp_prior_medication" name="e2e_tm_t_pp_prior_medication_Selecting_atirel_changes_the_table_and_does_not_throw_validation_errors."/>
    <testcase time="6.25999999999976" classname="shinytest2_tm_t_pp_prior_medication" name="e2e_tm_t_pp_prior_medication_Deselection_of_atirel_throws_validation_error."/>
    <testcase time="0.00600000000031287" classname="shinytest2_tm_t_pp_prior_medication" name="e2e_tm_t_pp_prior_medication_Deselection_of_atirel_throws_validation_error."/>
    <testcase time="6.41699999999992" classname="shinytest2_tm_t_pp_prior_medication" name="e2e_tm_t_pp_prior_medication_Selecting_cmindc_changes_the_table_and_does_not_throw_validation_errors."/>
    <testcase time="0.00599999999985812" classname="shinytest2_tm_t_pp_prior_medication" name="e2e_tm_t_pp_prior_medication_Selecting_cmindc_changes_the_table_and_does_not_throw_validation_errors."/>
    <testcase time="6.4970000000003" classname="shinytest2_tm_t_pp_prior_medication" name="e2e_tm_t_pp_prior_medication_Deselection_of_cmindc_throws_validation_error."/>
    <testcase time="0.0069999999996071" classname="shinytest2_tm_t_pp_prior_medication" name="e2e_tm_t_pp_prior_medication_Deselection_of_cmindc_throws_validation_error."/>
    <testcase time="6.46500000000015" classname="shinytest2_tm_t_pp_prior_medication" name="e2e_tm_t_pp_prior_medication_Selecting_cmstdy_changes_the_table_and_does_not_throw_validation_errors."/>
    <testcase time="0.00599999999985812" classname="shinytest2_tm_t_pp_prior_medication" name="e2e_tm_t_pp_prior_medication_Selecting_cmstdy_changes_the_table_and_does_not_throw_validation_errors."/>
    <testcase time="6.31500000000005" classname="shinytest2_tm_t_pp_prior_medication" name="e2e_tm_t_pp_prior_medication_Deselection_of_cmstdy_throws_validation_error."/>
    <testcase time="0.00600000000031287" classname="shinytest2_tm_t_pp_prior_medication" name="e2e_tm_t_pp_prior_medication_Deselection_of_cmstdy_throws_validation_error."/>
  </testsuite>
  <testsuite name="shinytest2-tm_t_shift_by_arm" timestamp="2024-12-17T12:37:33Z" hostname="4d5c1e09c213" tests="25" skipped="0" failures="0" errors="0" time="58.278">
    <testcase time="6.25599999999986" classname="shinytest2_tm_t_shift_by_arm" name="e2e_tm_t_shift_by_arm_Module_initializes_in_teal_without_errors_and_produces_table_output."/>
    <testcase time="0.00500000000010914" classname="shinytest2_tm_t_shift_by_arm" name="e2e_tm_t_shift_by_arm_Module_initializes_in_teal_without_errors_and_produces_table_output."/>
    <testcase time="2.09400000000005" classname="shinytest2_tm_t_shift_by_arm" name="e2e_tm_t_shift_by_arm_Module_initializes_in_teal_without_errors_and_produces_table_output."/>
    <testcase time="6.29999999999973" classname="shinytest2_tm_t_shift_by_arm" name="e2e_tm_t_shift_by_arm_Starts_with_specified_label_arm_varparamcd_visit_var_useNA_treatment_flag_var_add_total."/>
    <testcase time="0.0869999999999891" classname="shinytest2_tm_t_shift_by_arm" name="e2e_tm_t_shift_by_arm_Starts_with_specified_label_arm_varparamcd_visit_var_useNA_treatment_flag_var_add_total."/>
    <testcase time="0.0540000000000873" classname="shinytest2_tm_t_shift_by_arm" name="e2e_tm_t_shift_by_arm_Starts_with_specified_label_arm_varparamcd_visit_var_useNA_treatment_flag_var_add_total."/>
    <testcase time="0.05600000000004" classname="shinytest2_tm_t_shift_by_arm" name="e2e_tm_t_shift_by_arm_Starts_with_specified_label_arm_varparamcd_visit_var_useNA_treatment_flag_var_add_total."/>
    <testcase time="0.0520000000001346" classname="shinytest2_tm_t_shift_by_arm" name="e2e_tm_t_shift_by_arm_Starts_with_specified_label_arm_varparamcd_visit_var_useNA_treatment_flag_var_add_total."/>
    <testcase time="0.0509999999999309" classname="shinytest2_tm_t_shift_by_arm" name="e2e_tm_t_shift_by_arm_Starts_with_specified_label_arm_varparamcd_visit_var_useNA_treatment_flag_var_add_total."/>
    <testcase time="0.0519999999996799" classname="shinytest2_tm_t_shift_by_arm" name="e2e_tm_t_shift_by_arm_Starts_with_specified_label_arm_varparamcd_visit_var_useNA_treatment_flag_var_add_total."/>
    <testcase time="7.50400000000036" classname="shinytest2_tm_t_shift_by_arm" name="e2e_tm_t_shift_by_arm_Selecting_arm_var_changes_the_table_and_does_not_throw_validation_errors."/>
    <testcase time="0.00599999999985812" classname="shinytest2_tm_t_shift_by_arm" name="e2e_tm_t_shift_by_arm_Selecting_arm_var_changes_the_table_and_does_not_throw_validation_errors."/>
    <testcase time="7.16400000000021" classname="shinytest2_tm_t_shift_by_arm" name="e2e_tm_t_shift_by_arm_Deselection_of_arm_var_throws_validation_error."/>
    <testcase time="0.00599999999985812" classname="shinytest2_tm_t_shift_by_arm" name="e2e_tm_t_shift_by_arm_Deselection_of_arm_var_throws_validation_error."/>
    <testcase time="0.00599999999985812" classname="shinytest2_tm_t_shift_by_arm" name="e2e_tm_t_shift_by_arm_Deselection_of_arm_var_throws_validation_error."/>
    <testcase time="7.41699999999992" classname="shinytest2_tm_t_shift_by_arm" name="e2e_tm_t_shift_by_arm_Selecting_paramcd_changes_the_table_and_does_not_throw_validation_errors."/>
    <testcase time="0.00600000000031287" classname="shinytest2_tm_t_shift_by_arm" name="e2e_tm_t_shift_by_arm_Selecting_paramcd_changes_the_table_and_does_not_throw_validation_errors."/>
    <testcase time="6.88099999999986" classname="shinytest2_tm_t_shift_by_arm" name="e2e_tm_t_shift_by_arm_Deselection_of_paramcd_throws_validation_error."/>
    <testcase time="0.00599999999985812" classname="shinytest2_tm_t_shift_by_arm" name="e2e_tm_t_shift_by_arm_Deselection_of_paramcd_throws_validation_error."/>
    <testcase time="0.00600000000031287" classname="shinytest2_tm_t_shift_by_arm" name="e2e_tm_t_shift_by_arm_Deselection_of_paramcd_throws_validation_error."/>
    <testcase time="7.3779999999997" classname="shinytest2_tm_t_shift_by_arm" name="e2e_tm_t_shift_by_arm_Selecting_visit_var_changes_the_table_and_does_not_throw_validation_errors."/>
    <testcase time="0.00600000000031287" classname="shinytest2_tm_t_shift_by_arm" name="e2e_tm_t_shift_by_arm_Selecting_visit_var_changes_the_table_and_does_not_throw_validation_errors."/>
    <testcase time="6.86299999999983" classname="shinytest2_tm_t_shift_by_arm" name="e2e_tm_t_shift_by_arm_Deselection_of_visit_var_throws_validation_error."/>
    <testcase time="0.0140000000001237" classname="shinytest2_tm_t_shift_by_arm" name="e2e_tm_t_shift_by_arm_Deselection_of_visit_var_throws_validation_error."/>
    <testcase time="0.00799999999981083" classname="shinytest2_tm_t_shift_by_arm" name="e2e_tm_t_shift_by_arm_Deselection_of_visit_var_throws_validation_error."/>
  </testsuite>
  <testsuite name="shinytest2-tm_t_shift_by_arm_by_worst" timestamp="2024-12-17T12:38:31Z" hostname="4d5c1e09c213" tests="37" skipped="0" failures="0" errors="0" time="90.331">
    <testcase time="6.42700000000013" classname="shinytest2_tm_t_shift_by_arm_by_worst" name="e2e_tm_t_shift_by_arm_by_worst_Module_initializes_in_teal_without_errors_and_produces_table_output."/>
    <testcase time="0.00599999999985812" classname="shinytest2_tm_t_shift_by_arm_by_worst" name="e2e_tm_t_shift_by_arm_by_worst_Module_initializes_in_teal_without_errors_and_produces_table_output."/>
    <testcase time="2.09000000000015" classname="shinytest2_tm_t_shift_by_arm_by_worst" name="e2e_tm_t_shift_by_arm_by_worst_Module_initializes_in_teal_without_errors_and_produces_table_output."/>
    <testcase time="6.61099999999988" classname="shinytest2_tm_t_shift_by_arm_by_worst" name="e2e_tm_t_shift_by_arm_by_worst_Starts_with_specified_label_arm_var_paramcd_worst_flag_var_aval_var_baseline_var_useNA_treatment_flag_var_add_total."/>
    <testcase time="0.0929999999998472" classname="shinytest2_tm_t_shift_by_arm_by_worst" name="e2e_tm_t_shift_by_arm_by_worst_Starts_with_specified_label_arm_var_paramcd_worst_flag_var_aval_var_baseline_var_useNA_treatment_flag_var_add_total."/>
    <testcase time="0.0510000000003856" classname="shinytest2_tm_t_shift_by_arm_by_worst" name="e2e_tm_t_shift_by_arm_by_worst_Starts_with_specified_label_arm_var_paramcd_worst_flag_var_aval_var_baseline_var_useNA_treatment_flag_var_add_total."/>
    <testcase time="0.0519999999996799" classname="shinytest2_tm_t_shift_by_arm_by_worst" name="e2e_tm_t_shift_by_arm_by_worst_Starts_with_specified_label_arm_var_paramcd_worst_flag_var_aval_var_baseline_var_useNA_treatment_flag_var_add_total."/>
    <testcase time="0.0520000000001346" classname="shinytest2_tm_t_shift_by_arm_by_worst" name="e2e_tm_t_shift_by_arm_by_worst_Starts_with_specified_label_arm_var_paramcd_worst_flag_var_aval_var_baseline_var_useNA_treatment_flag_var_add_total."/>
    <testcase time="0.0520000000001346" classname="shinytest2_tm_t_shift_by_arm_by_worst" name="e2e_tm_t_shift_by_arm_by_worst_Starts_with_specified_label_arm_var_paramcd_worst_flag_var_aval_var_baseline_var_useNA_treatment_flag_var_add_total."/>
    <testcase time="0.0519999999996799" classname="shinytest2_tm_t_shift_by_arm_by_worst" name="e2e_tm_t_shift_by_arm_by_worst_Starts_with_specified_label_arm_var_paramcd_worst_flag_var_aval_var_baseline_var_useNA_treatment_flag_var_add_total."/>
    <testcase time="0.0520000000001346" classname="shinytest2_tm_t_shift_by_arm_by_worst" name="e2e_tm_t_shift_by_arm_by_worst_Starts_with_specified_label_arm_var_paramcd_worst_flag_var_aval_var_baseline_var_useNA_treatment_flag_var_add_total."/>
    <testcase time="0.0509999999999309" classname="shinytest2_tm_t_shift_by_arm_by_worst" name="e2e_tm_t_shift_by_arm_by_worst_Starts_with_specified_label_arm_var_paramcd_worst_flag_var_aval_var_baseline_var_useNA_treatment_flag_var_add_total."/>
    <testcase time="7.8119999999999" classname="shinytest2_tm_t_shift_by_arm_by_worst" name="e2e_tm_t_shift_by_arm_by_worst_Selecting_arm_var_changes_the_table_and_does_not_throw_validation_errors."/>
    <testcase time="0.00600000000031287" classname="shinytest2_tm_t_shift_by_arm_by_worst" name="e2e_tm_t_shift_by_arm_by_worst_Selecting_arm_var_changes_the_table_and_does_not_throw_validation_errors."/>
    <testcase time="6.9989999999998" classname="shinytest2_tm_t_shift_by_arm_by_worst" name="e2e_tm_t_shift_by_arm_by_worst_Deselection_of_arm_var_throws_validation_error."/>
    <testcase time="0.00500000000010914" classname="shinytest2_tm_t_shift_by_arm_by_worst" name="e2e_tm_t_shift_by_arm_by_worst_Deselection_of_arm_var_throws_validation_error."/>
    <testcase time="0.00599999999985812" classname="shinytest2_tm_t_shift_by_arm_by_worst" name="e2e_tm_t_shift_by_arm_by_worst_Deselection_of_arm_var_throws_validation_error."/>
    <testcase time="7.76000000000022" classname="shinytest2_tm_t_shift_by_arm_by_worst" name="e2e_tm_t_shift_by_arm_by_worst_Selecting_paramcd_changes_the_table_and_does_not_throw_validation_errors."/>
    <testcase time="0.00599999999985812" classname="shinytest2_tm_t_shift_by_arm_by_worst" name="e2e_tm_t_shift_by_arm_by_worst_Selecting_paramcd_changes_the_table_and_does_not_throw_validation_errors."/>
    <testcase time="7.10600000000022" classname="shinytest2_tm_t_shift_by_arm_by_worst" name="e2e_tm_t_shift_by_arm_by_worst_Deselection_of_paramcd_throws_validation_error."/>
    <testcase time="0.00599999999985812" classname="shinytest2_tm_t_shift_by_arm_by_worst" name="e2e_tm_t_shift_by_arm_by_worst_Deselection_of_paramcd_throws_validation_error."/>
    <testcase time="0.00599999999985812" classname="shinytest2_tm_t_shift_by_arm_by_worst" name="e2e_tm_t_shift_by_arm_by_worst_Deselection_of_paramcd_throws_validation_error."/>
    <testcase time="7.80799999999999" classname="shinytest2_tm_t_shift_by_arm_by_worst" name="e2e_tm_t_shift_by_arm_by_worst_Selecting_worst_flag_changes_the_table_and_does_not_throw_validation_errors."/>
    <testcase time="0.00600000000031287" classname="shinytest2_tm_t_shift_by_arm_by_worst" name="e2e_tm_t_shift_by_arm_by_worst_Selecting_worst_flag_changes_the_table_and_does_not_throw_validation_errors."/>
    <testcase time="7.23299999999972" classname="shinytest2_tm_t_shift_by_arm_by_worst" name="e2e_tm_t_shift_by_arm_by_worst_Deselection_of_worst_flag_throws_validation_error."/>
    <testcase time="0.00600000000031287" classname="shinytest2_tm_t_shift_by_arm_by_worst" name="e2e_tm_t_shift_by_arm_by_worst_Deselection_of_worst_flag_throws_validation_error."/>
    <testcase time="0.00599999999985812" classname="shinytest2_tm_t_shift_by_arm_by_worst" name="e2e_tm_t_shift_by_arm_by_worst_Deselection_of_worst_flag_throws_validation_error."/>
    <testcase time="7.66599999999971" classname="shinytest2_tm_t_shift_by_arm_by_worst" name="e2e_tm_t_shift_by_arm_by_worst_Selecting_aval_var_changes_the_table_and_does_not_throw_validation_errors."/>
    <testcase time="0.00700000000006185" classname="shinytest2_tm_t_shift_by_arm_by_worst" name="e2e_tm_t_shift_by_arm_by_worst_Selecting_aval_var_changes_the_table_and_does_not_throw_validation_errors."/>
    <testcase time="7.3130000000001" classname="shinytest2_tm_t_shift_by_arm_by_worst" name="e2e_tm_t_shift_by_arm_by_worst_Deselection_of_aval_var_throws_validation_error."/>
    <testcase time="0.012000000000171" classname="shinytest2_tm_t_shift_by_arm_by_worst" name="e2e_tm_t_shift_by_arm_by_worst_Deselection_of_aval_var_throws_validation_error."/>
    <testcase time="0.00599999999985812" classname="shinytest2_tm_t_shift_by_arm_by_worst" name="e2e_tm_t_shift_by_arm_by_worst_Deselection_of_aval_var_throws_validation_error."/>
    <testcase time="7.88799999999992" classname="shinytest2_tm_t_shift_by_arm_by_worst" name="e2e_tm_t_shift_by_arm_by_worst_Selecting_baseline_var_changes_the_table_and_does_not_throw_validation_errors."/>
    <testcase time="0.00600000000031287" classname="shinytest2_tm_t_shift_by_arm_by_worst" name="e2e_tm_t_shift_by_arm_by_worst_Selecting_baseline_var_changes_the_table_and_does_not_throw_validation_errors."/>
    <testcase time="7.05999999999995" classname="shinytest2_tm_t_shift_by_arm_by_worst" name="e2e_tm_t_shift_by_arm_by_worst_Deselection_of_baseline_var_throws_validation_error."/>
    <testcase time="0.00599999999985812" classname="shinytest2_tm_t_shift_by_arm_by_worst" name="e2e_tm_t_shift_by_arm_by_worst_Deselection_of_baseline_var_throws_validation_error."/>
    <testcase time="0.00700000000006185" classname="shinytest2_tm_t_shift_by_arm_by_worst" name="e2e_tm_t_shift_by_arm_by_worst_Deselection_of_baseline_var_throws_validation_error."/>
  </testsuite>
  <testsuite name="shinytest2-tm_t_shift_by_grade" timestamp="2024-12-17T12:40:01Z" hostname="4d5c1e09c213" tests="28" skipped="0" failures="0" errors="0" time="78.306">
    <testcase time="8.35100000000011" classname="shinytest2_tm_t_shift_by_grade" name="e2e_tm_t_shift_by_grade_Module_initializes_in_teal_without_errors_and_produces_table_output."/>
    <testcase time="0.00599999999985812" classname="shinytest2_tm_t_shift_by_grade" name="e2e_tm_t_shift_by_grade_Module_initializes_in_teal_without_errors_and_produces_table_output."/>
    <testcase time="2.10699999999997" classname="shinytest2_tm_t_shift_by_grade" name="e2e_tm_t_shift_by_grade_Module_initializes_in_teal_without_errors_and_produces_table_output."/>
    <testcase time="8.26999999999998" classname="shinytest2_tm_t_shift_by_grade" name="e2e_tm_t_shift_by_grade_Starts_with_specified_label_arm_var_paramcd_worst_flag_var_anl_toxgrade_var_base_toxgrade_var_worst_flag_indicator_add_total_drop_arm_levels_code_missing_baseline."/>
    <testcase time="0.0850000000000364" classname="shinytest2_tm_t_shift_by_grade" name="e2e_tm_t_shift_by_grade_Starts_with_specified_label_arm_var_paramcd_worst_flag_var_anl_toxgrade_var_base_toxgrade_var_worst_flag_indicator_add_total_drop_arm_levels_code_missing_baseline."/>
    <testcase time="0.0510000000003856" classname="shinytest2_tm_t_shift_by_grade" name="e2e_tm_t_shift_by_grade_Starts_with_specified_label_arm_var_paramcd_worst_flag_var_anl_toxgrade_var_base_toxgrade_var_worst_flag_indicator_add_total_drop_arm_levels_code_missing_baseline."/>
    <testcase time="0.0519999999996799" classname="shinytest2_tm_t_shift_by_grade" name="e2e_tm_t_shift_by_grade_Starts_with_specified_label_arm_var_paramcd_worst_flag_var_anl_toxgrade_var_base_toxgrade_var_worst_flag_indicator_add_total_drop_arm_levels_code_missing_baseline."/>
    <testcase time="0.0520000000001346" classname="shinytest2_tm_t_shift_by_grade" name="e2e_tm_t_shift_by_grade_Starts_with_specified_label_arm_var_paramcd_worst_flag_var_anl_toxgrade_var_base_toxgrade_var_worst_flag_indicator_add_total_drop_arm_levels_code_missing_baseline."/>
    <testcase time="0.0509999999999309" classname="shinytest2_tm_t_shift_by_grade" name="e2e_tm_t_shift_by_grade_Starts_with_specified_label_arm_var_paramcd_worst_flag_var_anl_toxgrade_var_base_toxgrade_var_worst_flag_indicator_add_total_drop_arm_levels_code_missing_baseline."/>
    <testcase time="0.0520000000001346" classname="shinytest2_tm_t_shift_by_grade" name="e2e_tm_t_shift_by_grade_Starts_with_specified_label_arm_var_paramcd_worst_flag_var_anl_toxgrade_var_base_toxgrade_var_worst_flag_indicator_add_total_drop_arm_levels_code_missing_baseline."/>
    <testcase time="0.0520000000001346" classname="shinytest2_tm_t_shift_by_grade" name="e2e_tm_t_shift_by_grade_Starts_with_specified_label_arm_var_paramcd_worst_flag_var_anl_toxgrade_var_base_toxgrade_var_worst_flag_indicator_add_total_drop_arm_levels_code_missing_baseline."/>
    <testcase time="0.0529999999998836" classname="shinytest2_tm_t_shift_by_grade" name="e2e_tm_t_shift_by_grade_Starts_with_specified_label_arm_var_paramcd_worst_flag_var_anl_toxgrade_var_base_toxgrade_var_worst_flag_indicator_add_total_drop_arm_levels_code_missing_baseline."/>
    <testcase time="0.0520000000001346" classname="shinytest2_tm_t_shift_by_grade" name="e2e_tm_t_shift_by_grade_Starts_with_specified_label_arm_var_paramcd_worst_flag_var_anl_toxgrade_var_base_toxgrade_var_worst_flag_indicator_add_total_drop_arm_levels_code_missing_baseline."/>
    <testcase time="11.0449999999996" classname="shinytest2_tm_t_shift_by_grade" name="e2e_tm_t_shift_by_grade_Selecting_arm_var_changes_the_table_and_does_not_throw_validation_errors."/>
    <testcase time="0.00600000000031287" classname="shinytest2_tm_t_shift_by_grade" name="e2e_tm_t_shift_by_grade_Selecting_arm_var_changes_the_table_and_does_not_throw_validation_errors."/>
    <testcase time="8.96299999999974" classname="shinytest2_tm_t_shift_by_grade" name="e2e_tm_t_shift_by_grade_Deselection_of_arm_var_throws_validation_error."/>
    <testcase time="0.00600000000031287" classname="shinytest2_tm_t_shift_by_grade" name="e2e_tm_t_shift_by_grade_Deselection_of_arm_var_throws_validation_error."/>
    <testcase time="0.00599999999985812" classname="shinytest2_tm_t_shift_by_grade" name="e2e_tm_t_shift_by_grade_Deselection_of_arm_var_throws_validation_error."/>
    <testcase time="11.2139999999999" classname="shinytest2_tm_t_shift_by_grade" name="e2e_tm_t_shift_by_grade_Selecting_paramcd_changes_the_table_and_does_not_throw_validation_errors."/>
    <testcase time="0.00700000000006185" classname="shinytest2_tm_t_shift_by_grade" name="e2e_tm_t_shift_by_grade_Selecting_paramcd_changes_the_table_and_does_not_throw_validation_errors."/>
    <testcase time="8.95199999999977" classname="shinytest2_tm_t_shift_by_grade" name="e2e_tm_t_shift_by_grade_Deselection_of_paramcd_throws_validation_error."/>
    <testcase time="0.00600000000031287" classname="shinytest2_tm_t_shift_by_grade" name="e2e_tm_t_shift_by_grade_Deselection_of_paramcd_throws_validation_error."/>
    <testcase time="0.00499999999965439" classname="shinytest2_tm_t_shift_by_grade" name="e2e_tm_t_shift_by_grade_Deselection_of_paramcd_throws_validation_error."/>
    <testcase time="9.86300000000028" classname="shinytest2_tm_t_shift_by_grade" name="e2e_tm_t_shift_by_grade_Selecting_worst_flag_changes_the_table_and_does_not_throw_validation_errors."/>
    <testcase time="0.00599999999985812" classname="shinytest2_tm_t_shift_by_grade" name="e2e_tm_t_shift_by_grade_Selecting_worst_flag_changes_the_table_and_does_not_throw_validation_errors."/>
    <testcase time="8.97600000000011" classname="shinytest2_tm_t_shift_by_grade" name="e2e_tm_t_shift_by_grade_Deselection_of_worst_flag_throws_validation_error."/>
    <testcase time="0.0109999999999673" classname="shinytest2_tm_t_shift_by_grade" name="e2e_tm_t_shift_by_grade_Deselection_of_worst_flag_throws_validation_error."/>
    <testcase time="0.00599999999985812" classname="shinytest2_tm_t_shift_by_grade" name="e2e_tm_t_shift_by_grade_Deselection_of_worst_flag_throws_validation_error."/>
  </testsuite>
  <testsuite name="shinytest2-tm_t_smq" timestamp="2024-12-17T12:41:20Z" hostname="4d5c1e09c213" tests="25" skipped="0" failures="0" errors="0" time="58.433">
    <testcase time="6.32500000000027" classname="shinytest2_tm_t_smq" name="e2e_tm_t_smq_Module_initializes_in_teal_without_errors_and_produces_table_output."/>
    <testcase time="0.00599999999985812" classname="shinytest2_tm_t_smq" name="e2e_tm_t_smq_Module_initializes_in_teal_without_errors_and_produces_table_output."/>
    <testcase time="2.08399999999983" classname="shinytest2_tm_t_smq" name="e2e_tm_t_smq_Module_initializes_in_teal_without_errors_and_produces_table_output."/>
    <testcase time="6.26200000000017" classname="shinytest2_tm_t_smq" name="e2e_tm_t_smq_Starts_with_specified_label_arm_var_llt_baskets_sort_criteria_add_total_drop_arm_levels."/>
    <testcase time="0.0920000000000982" classname="shinytest2_tm_t_smq" name="e2e_tm_t_smq_Starts_with_specified_label_arm_var_llt_baskets_sort_criteria_add_total_drop_arm_levels."/>
    <testcase time="0.0549999999998363" classname="shinytest2_tm_t_smq" name="e2e_tm_t_smq_Starts_with_specified_label_arm_var_llt_baskets_sort_criteria_add_total_drop_arm_levels."/>
    <testcase time="0.0520000000001346" classname="shinytest2_tm_t_smq" name="e2e_tm_t_smq_Starts_with_specified_label_arm_var_llt_baskets_sort_criteria_add_total_drop_arm_levels."/>
    <testcase time="0.0520000000001346" classname="shinytest2_tm_t_smq" name="e2e_tm_t_smq_Starts_with_specified_label_arm_var_llt_baskets_sort_criteria_add_total_drop_arm_levels."/>
    <testcase time="0.0519999999996799" classname="shinytest2_tm_t_smq" name="e2e_tm_t_smq_Starts_with_specified_label_arm_var_llt_baskets_sort_criteria_add_total_drop_arm_levels."/>
    <testcase time="0.0520000000001346" classname="shinytest2_tm_t_smq" name="e2e_tm_t_smq_Starts_with_specified_label_arm_var_llt_baskets_sort_criteria_add_total_drop_arm_levels."/>
    <testcase time="7.59799999999996" classname="shinytest2_tm_t_smq" name="e2e_tm_t_smq_Selecting_arm_var_changes_the_table_and_does_not_throw_validation_errors."/>
    <testcase time="0.00700000000006185" classname="shinytest2_tm_t_smq" name="e2e_tm_t_smq_Selecting_arm_var_changes_the_table_and_does_not_throw_validation_errors."/>
    <testcase time="6.95699999999988" classname="shinytest2_tm_t_smq" name="e2e_tm_t_smq_Deselection_of_arm_var_throws_validation_error."/>
    <testcase time="0.00599999999985812" classname="shinytest2_tm_t_smq" name="e2e_tm_t_smq_Deselection_of_arm_var_throws_validation_error."/>
    <testcase time="0.00600000000031287" classname="shinytest2_tm_t_smq" name="e2e_tm_t_smq_Deselection_of_arm_var_throws_validation_error."/>
    <testcase time="7.56899999999996" classname="shinytest2_tm_t_smq" name="e2e_tm_t_smq_Selecting_paramcd_changes_the_table_and_does_not_throw_validation_errors."/>
    <testcase time="0.00599999999985812" classname="shinytest2_tm_t_smq" name="e2e_tm_t_smq_Selecting_paramcd_changes_the_table_and_does_not_throw_validation_errors."/>
    <testcase time="6.90599999999995" classname="shinytest2_tm_t_smq" name="e2e_tm_t_smq_Deselection_of_paramcd_throws_validation_error."/>
    <testcase time="0.00599999999985812" classname="shinytest2_tm_t_smq" name="e2e_tm_t_smq_Deselection_of_paramcd_throws_validation_error."/>
    <testcase time="0.00599999999985812" classname="shinytest2_tm_t_smq" name="e2e_tm_t_smq_Deselection_of_paramcd_throws_validation_error."/>
    <testcase time="7.45300000000043" classname="shinytest2_tm_t_smq" name="e2e_tm_t_smq_Selecting_worst_flag_changes_the_table_and_does_not_throw_validation_errors."/>
    <testcase time="0.00599999999985812" classname="shinytest2_tm_t_smq" name="e2e_tm_t_smq_Selecting_worst_flag_changes_the_table_and_does_not_throw_validation_errors."/>
    <testcase time="6.86299999999983" classname="shinytest2_tm_t_smq" name="e2e_tm_t_smq_Deselection_of_worst_flag_throws_validation_error."/>
    <testcase time="0.00600000000031287" classname="shinytest2_tm_t_smq" name="e2e_tm_t_smq_Deselection_of_worst_flag_throws_validation_error."/>
    <testcase time="0.00599999999985812" classname="shinytest2_tm_t_smq" name="e2e_tm_t_smq_Deselection_of_worst_flag_throws_validation_error."/>
  </testsuite>
  <testsuite name="shinytest2-tm_t_summary" timestamp="2024-12-17T12:42:18Z" hostname="4d5c1e09c213" tests="18" skipped="0" failures="0" errors="0" time="37.922">
    <testcase time="5.64699999999993" classname="shinytest2_tm_t_summary" name="e2e_tm_t_summary_Module_initializes_in_teal_without_errors_and_produces_table_output."/>
    <testcase time="0.00500000000010914" classname="shinytest2_tm_t_summary" name="e2e_tm_t_summary_Module_initializes_in_teal_without_errors_and_produces_table_output."/>
    <testcase time="2.07899999999972" classname="shinytest2_tm_t_summary" name="e2e_tm_t_summary_Module_initializes_in_teal_without_errors_and_produces_table_output."/>
    <testcase time="5.30600000000004" classname="shinytest2_tm_t_summary" name="e2e_tm_t_summary_Starts_with_specified_label_arm_var_summarize_vars_useNA_denominator."/>
    <testcase time="0.0850000000000364" classname="shinytest2_tm_t_summary" name="e2e_tm_t_summary_Starts_with_specified_label_arm_var_summarize_vars_useNA_denominator."/>
    <testcase time="0.0520000000001346" classname="shinytest2_tm_t_summary" name="e2e_tm_t_summary_Starts_with_specified_label_arm_var_summarize_vars_useNA_denominator."/>
    <testcase time="0.0509999999999309" classname="shinytest2_tm_t_summary" name="e2e_tm_t_summary_Starts_with_specified_label_arm_var_summarize_vars_useNA_denominator."/>
    <testcase time="0.0520000000001346" classname="shinytest2_tm_t_summary" name="e2e_tm_t_summary_Starts_with_specified_label_arm_var_summarize_vars_useNA_denominator."/>
    <testcase time="6.37699999999995" classname="shinytest2_tm_t_summary" name="e2e_tm_t_summary_Selecting_arm_var_changes_the_table_and_does_not_throw_validation_errors."/>
    <testcase time="0.00600000000031287" classname="shinytest2_tm_t_summary" name="e2e_tm_t_summary_Selecting_arm_var_changes_the_table_and_does_not_throw_validation_errors."/>
    <testcase time="5.94499999999971" classname="shinytest2_tm_t_summary" name="e2e_tm_t_summary_Deselection_of_arm_var_throws_validation_error."/>
    <testcase time="0.00500000000010914" classname="shinytest2_tm_t_summary" name="e2e_tm_t_summary_Deselection_of_arm_var_throws_validation_error."/>
    <testcase time="0.00599999999985812" classname="shinytest2_tm_t_summary" name="e2e_tm_t_summary_Deselection_of_arm_var_throws_validation_error."/>
    <testcase time="6.31100000000015" classname="shinytest2_tm_t_summary" name="e2e_tm_t_summary_Selecting_summarize_vars_changes_the_table_and_does_not_throw_validation_errors."/>
    <testcase time="0.00599999999985812" classname="shinytest2_tm_t_summary" name="e2e_tm_t_summary_Selecting_summarize_vars_changes_the_table_and_does_not_throw_validation_errors."/>
    <testcase time="5.97800000000007" classname="shinytest2_tm_t_summary" name="e2e_tm_t_summary_Deselection_of_summarize_vars_throws_validation_error."/>
    <testcase time="0.00600000000031287" classname="shinytest2_tm_t_summary" name="e2e_tm_t_summary_Deselection_of_summarize_vars_throws_validation_error."/>
    <testcase time="0.00499999999965439" classname="shinytest2_tm_t_summary" name="e2e_tm_t_summary_Deselection_of_summarize_vars_throws_validation_error."/>
  </testsuite>
  <testsuite name="shinytest2-tm_t_summary_by" timestamp="2024-12-17T12:42:56Z" hostname="4d5c1e09c213" tests="33" skipped="0" failures="0" errors="0" time="77.444">
    <testcase time="6.60900000000038" classname="shinytest2_tm_t_summary_by" name="e2e_tm_t_summary_by_Module_initializes_in_teal_without_errors_and_produces_table_output."/>
    <testcase time="0.00599999999985812" classname="shinytest2_tm_t_summary_by" name="e2e_tm_t_summary_by_Module_initializes_in_teal_without_errors_and_produces_table_output."/>
    <testcase time="2.09299999999985" classname="shinytest2_tm_t_summary_by" name="e2e_tm_t_summary_by_Module_initializes_in_teal_without_errors_and_produces_table_output."/>
    <testcase time="6.52199999999993" classname="shinytest2_tm_t_summary_by" name="e2e_tm_t_summary_by_Starts_with_specified_label_arm_var_paramcd_by_vars_summarize_vars_useNA_numeric_stats_add_total_parallel_vars_row_groups_drop_zero_levels."/>
    <testcase time="0.0860000000002401" classname="shinytest2_tm_t_summary_by" name="e2e_tm_t_summary_by_Starts_with_specified_label_arm_var_paramcd_by_vars_summarize_vars_useNA_numeric_stats_add_total_parallel_vars_row_groups_drop_zero_levels."/>
    <testcase time="0.0509999999999309" classname="shinytest2_tm_t_summary_by" name="e2e_tm_t_summary_by_Starts_with_specified_label_arm_var_paramcd_by_vars_summarize_vars_useNA_numeric_stats_add_total_parallel_vars_row_groups_drop_zero_levels."/>
    <testcase time="0.0520000000001346" classname="shinytest2_tm_t_summary_by" name="e2e_tm_t_summary_by_Starts_with_specified_label_arm_var_paramcd_by_vars_summarize_vars_useNA_numeric_stats_add_total_parallel_vars_row_groups_drop_zero_levels."/>
    <testcase time="0.0509999999999309" classname="shinytest2_tm_t_summary_by" name="e2e_tm_t_summary_by_Starts_with_specified_label_arm_var_paramcd_by_vars_summarize_vars_useNA_numeric_stats_add_total_parallel_vars_row_groups_drop_zero_levels."/>
    <testcase time="0.0520000000001346" classname="shinytest2_tm_t_summary_by" name="e2e_tm_t_summary_by_Starts_with_specified_label_arm_var_paramcd_by_vars_summarize_vars_useNA_numeric_stats_add_total_parallel_vars_row_groups_drop_zero_levels."/>
    <testcase time="0.0509999999999309" classname="shinytest2_tm_t_summary_by" name="e2e_tm_t_summary_by_Starts_with_specified_label_arm_var_paramcd_by_vars_summarize_vars_useNA_numeric_stats_add_total_parallel_vars_row_groups_drop_zero_levels."/>
    <testcase time="0.0529999999998836" classname="shinytest2_tm_t_summary_by" name="e2e_tm_t_summary_by_Starts_with_specified_label_arm_var_paramcd_by_vars_summarize_vars_useNA_numeric_stats_add_total_parallel_vars_row_groups_drop_zero_levels."/>
    <testcase time="0.0520000000001346" classname="shinytest2_tm_t_summary_by" name="e2e_tm_t_summary_by_Starts_with_specified_label_arm_var_paramcd_by_vars_summarize_vars_useNA_numeric_stats_add_total_parallel_vars_row_groups_drop_zero_levels."/>
    <testcase time="0.0520000000001346" classname="shinytest2_tm_t_summary_by" name="e2e_tm_t_summary_by_Starts_with_specified_label_arm_var_paramcd_by_vars_summarize_vars_useNA_numeric_stats_add_total_parallel_vars_row_groups_drop_zero_levels."/>
    <testcase time="0.0520000000001346" classname="shinytest2_tm_t_summary_by" name="e2e_tm_t_summary_by_Starts_with_specified_label_arm_var_paramcd_by_vars_summarize_vars_useNA_numeric_stats_add_total_parallel_vars_row_groups_drop_zero_levels."/>
    <testcase time="8.18799999999965" classname="shinytest2_tm_t_summary_by" name="e2e_tm_t_summary_by_Selecting_arm_var_changes_the_table_and_does_not_throw_validation_errors."/>
    <testcase time="0.00600000000031287" classname="shinytest2_tm_t_summary_by" name="e2e_tm_t_summary_by_Selecting_arm_var_changes_the_table_and_does_not_throw_validation_errors."/>
    <testcase time="7.20499999999993" classname="shinytest2_tm_t_summary_by" name="e2e_tm_t_summary_by_Deselection_of_arm_var_throws_validation_error."/>
    <testcase time="0.00599999999985812" classname="shinytest2_tm_t_summary_by" name="e2e_tm_t_summary_by_Deselection_of_arm_var_throws_validation_error."/>
    <testcase time="0.00599999999985812" classname="shinytest2_tm_t_summary_by" name="e2e_tm_t_summary_by_Deselection_of_arm_var_throws_validation_error."/>
    <testcase time="8.17999999999984" classname="shinytest2_tm_t_summary_by" name="e2e_tm_t_summary_by_Selecting_arm_var_changes_the_table_and_does_not_throw_validation_errors."/>
    <testcase time="0.00600000000031287" classname="shinytest2_tm_t_summary_by" name="e2e_tm_t_summary_by_Selecting_arm_var_changes_the_table_and_does_not_throw_validation_errors."/>
    <testcase time="7.13699999999972" classname="shinytest2_tm_t_summary_by" name="e2e_tm_t_summary_by_Deselection_of_arm_var_throws_validation_error."/>
    <testcase time="0.00600000000031287" classname="shinytest2_tm_t_summary_by" name="e2e_tm_t_summary_by_Deselection_of_arm_var_throws_validation_error."/>
    <testcase time="0.00600000000031287" classname="shinytest2_tm_t_summary_by" name="e2e_tm_t_summary_by_Deselection_of_arm_var_throws_validation_error."/>
    <testcase time="7.72800000000007" classname="shinytest2_tm_t_summary_by" name="e2e_tm_t_summary_by_Selecting_arm_var_changes_the_table_and_does_not_throw_validation_errors."/>
    <testcase time="0.00599999999940337" classname="shinytest2_tm_t_summary_by" name="e2e_tm_t_summary_by_Selecting_arm_var_changes_the_table_and_does_not_throw_validation_errors."/>
    <testcase time="7.78400000000056" classname="shinytest2_tm_t_summary_by" name="e2e_tm_t_summary_by_Deselection_of_arm_var_changes_the_table_and_does_not_throw_validation_errors."/>
    <testcase time="0.00599999999940337" classname="shinytest2_tm_t_summary_by" name="e2e_tm_t_summary_by_Deselection_of_arm_var_changes_the_table_and_does_not_throw_validation_errors."/>
    <testcase time="8.16700000000037" classname="shinytest2_tm_t_summary_by" name="e2e_tm_t_summary_by_Selecting_summarize_vars_changes_the_table_and_does_not_throw_validation_errors."/>
    <testcase time="0.00600000000031287" classname="shinytest2_tm_t_summary_by" name="e2e_tm_t_summary_by_Selecting_summarize_vars_changes_the_table_and_does_not_throw_validation_errors."/>
    <testcase time="7.20699999999943" classname="shinytest2_tm_t_summary_by" name="e2e_tm_t_summary_by_Deselection_of_summarize_vars_throws_validation_error."/>
    <testcase time="0.00600000000031287" classname="shinytest2_tm_t_summary_by" name="e2e_tm_t_summary_by_Deselection_of_summarize_vars_throws_validation_error."/>
    <testcase time="0.00599999999940337" classname="shinytest2_tm_t_summary_by" name="e2e_tm_t_summary_by_Deselection_of_summarize_vars_throws_validation_error."/>
  </testsuite>
  <testsuite name="shinytest2-tm_t_tte" timestamp="2024-12-17T12:44:13Z" hostname="4d5c1e09c213" tests="32" skipped="0" failures="0" errors="0" time="66.024">
    <testcase time="6.89900000000034" classname="shinytest2_tm_t_tte" name="e2e_tm_t_tte_Module_initializes_in_teal_without_errors_and_produces_table_output."/>
    <testcase time="0.00600000000031287" classname="shinytest2_tm_t_tte" name="e2e_tm_t_tte_Module_initializes_in_teal_without_errors_and_produces_table_output."/>
    <testcase time="2.09900000000016" classname="shinytest2_tm_t_tte" name="e2e_tm_t_tte_Module_initializes_in_teal_without_errors_and_produces_table_output."/>
    <testcase time="7.05799999999999" classname="shinytest2_tm_t_tte" name="e2e_tm_t_tte_Starts_with_specified_label_paramcd_event_desc_var_arm_var_buckets_strata_var_time_points_pval_method_coxph_ties_coxph_conf_level_coxph_conf_level_survfit_conf_type_survfit_probs_survfit_compare_arms_combine_comp_arms."/>
    <testcase time="0.0919999999996435" classname="shinytest2_tm_t_tte" name="e2e_tm_t_tte_Starts_with_specified_label_paramcd_event_desc_var_arm_var_buckets_strata_var_time_points_pval_method_coxph_ties_coxph_conf_level_coxph_conf_level_survfit_conf_type_survfit_probs_survfit_compare_arms_combine_comp_arms."/>
    <testcase time="0.0510000000003856" classname="shinytest2_tm_t_tte" name="e2e_tm_t_tte_Starts_with_specified_label_paramcd_event_desc_var_arm_var_buckets_strata_var_time_points_pval_method_coxph_ties_coxph_conf_level_coxph_conf_level_survfit_conf_type_survfit_probs_survfit_compare_arms_combine_comp_arms."/>
    <testcase time="0.0529999999998836" classname="shinytest2_tm_t_tte" name="e2e_tm_t_tte_Starts_with_specified_label_paramcd_event_desc_var_arm_var_buckets_strata_var_time_points_pval_method_coxph_ties_coxph_conf_level_coxph_conf_level_survfit_conf_type_survfit_probs_survfit_compare_arms_combine_comp_arms."/>
    <testcase time="0.0519999999996799" classname="shinytest2_tm_t_tte" name="e2e_tm_t_tte_Starts_with_specified_label_paramcd_event_desc_var_arm_var_buckets_strata_var_time_points_pval_method_coxph_ties_coxph_conf_level_coxph_conf_level_survfit_conf_type_survfit_probs_survfit_compare_arms_combine_comp_arms."/>
    <testcase time="0.0519999999996799" classname="shinytest2_tm_t_tte" name="e2e_tm_t_tte_Starts_with_specified_label_paramcd_event_desc_var_arm_var_buckets_strata_var_time_points_pval_method_coxph_ties_coxph_conf_level_coxph_conf_level_survfit_conf_type_survfit_probs_survfit_compare_arms_combine_comp_arms."/>
    <testcase time="0.0520000000005894" classname="shinytest2_tm_t_tte" name="e2e_tm_t_tte_Starts_with_specified_label_paramcd_event_desc_var_arm_var_buckets_strata_var_time_points_pval_method_coxph_ties_coxph_conf_level_coxph_conf_level_survfit_conf_type_survfit_probs_survfit_compare_arms_combine_comp_arms."/>
    <testcase time="0.0519999999996799" classname="shinytest2_tm_t_tte" name="e2e_tm_t_tte_Starts_with_specified_label_paramcd_event_desc_var_arm_var_buckets_strata_var_time_points_pval_method_coxph_ties_coxph_conf_level_coxph_conf_level_survfit_conf_type_survfit_probs_survfit_compare_arms_combine_comp_arms."/>
    <testcase time="0.0519999999996799" classname="shinytest2_tm_t_tte" name="e2e_tm_t_tte_Starts_with_specified_label_paramcd_event_desc_var_arm_var_buckets_strata_var_time_points_pval_method_coxph_ties_coxph_conf_level_coxph_conf_level_survfit_conf_type_survfit_probs_survfit_compare_arms_combine_comp_arms."/>
    <testcase time="0.0520000000005894" classname="shinytest2_tm_t_tte" name="e2e_tm_t_tte_Starts_with_specified_label_paramcd_event_desc_var_arm_var_buckets_strata_var_time_points_pval_method_coxph_ties_coxph_conf_level_coxph_conf_level_survfit_conf_type_survfit_probs_survfit_compare_arms_combine_comp_arms."/>
    <testcase time="0.0519999999996799" classname="shinytest2_tm_t_tte" name="e2e_tm_t_tte_Starts_with_specified_label_paramcd_event_desc_var_arm_var_buckets_strata_var_time_points_pval_method_coxph_ties_coxph_conf_level_coxph_conf_level_survfit_conf_type_survfit_probs_survfit_compare_arms_combine_comp_arms."/>
    <testcase time="0.0520000000005894" classname="shinytest2_tm_t_tte" name="e2e_tm_t_tte_Starts_with_specified_label_paramcd_event_desc_var_arm_var_buckets_strata_var_time_points_pval_method_coxph_ties_coxph_conf_level_coxph_conf_level_survfit_conf_type_survfit_probs_survfit_compare_arms_combine_comp_arms."/>
    <testcase time="0.0519999999996799" classname="shinytest2_tm_t_tte" name="e2e_tm_t_tte_Starts_with_specified_label_paramcd_event_desc_var_arm_var_buckets_strata_var_time_points_pval_method_coxph_ties_coxph_conf_level_coxph_conf_level_survfit_conf_type_survfit_probs_survfit_compare_arms_combine_comp_arms."/>
    <testcase time="0.0519999999996799" classname="shinytest2_tm_t_tte" name="e2e_tm_t_tte_Starts_with_specified_label_paramcd_event_desc_var_arm_var_buckets_strata_var_time_points_pval_method_coxph_ties_coxph_conf_level_coxph_conf_level_survfit_conf_type_survfit_probs_survfit_compare_arms_combine_comp_arms."/>
    <testcase time="0.0520000000005894" classname="shinytest2_tm_t_tte" name="e2e_tm_t_tte_Starts_with_specified_label_paramcd_event_desc_var_arm_var_buckets_strata_var_time_points_pval_method_coxph_ties_coxph_conf_level_coxph_conf_level_survfit_conf_type_survfit_probs_survfit_compare_arms_combine_comp_arms."/>
    <testcase time="8.53600000000006" classname="shinytest2_tm_t_tte" name="e2e_tm_t_tte_Selecting_paramcd_changes_the_table_and_does_not_throw_validation_errors."/>
    <testcase time="0.0109999999995125" classname="shinytest2_tm_t_tte" name="e2e_tm_t_tte_Selecting_paramcd_changes_the_table_and_does_not_throw_validation_errors."/>
    <testcase time="7.67299999999977" classname="shinytest2_tm_t_tte" name="e2e_tm_t_tte_Deselection_of_paramcd_throws_validation_error."/>
    <testcase time="0.00700000000051659" classname="shinytest2_tm_t_tte" name="e2e_tm_t_tte_Deselection_of_paramcd_throws_validation_error."/>
    <testcase time="0.00599999999940337" classname="shinytest2_tm_t_tte" name="e2e_tm_t_tte_Deselection_of_paramcd_throws_validation_error."/>
    <testcase time="8.5619999999999" classname="shinytest2_tm_t_tte" name="e2e_tm_t_tte_Selecting_arm_var_changes_the_table_and_does_not_throw_validation_errors."/>
    <testcase time="0.00600000000031287" classname="shinytest2_tm_t_tte" name="e2e_tm_t_tte_Selecting_arm_var_changes_the_table_and_does_not_throw_validation_errors."/>
    <testcase time="7.61400000000049" classname="shinytest2_tm_t_tte" name="e2e_tm_t_tte_Deselection_of_arm_var_throws_validation_error."/>
    <testcase time="0.00599999999940337" classname="shinytest2_tm_t_tte" name="e2e_tm_t_tte_Deselection_of_arm_var_throws_validation_error."/>
    <testcase time="0.00500000000010914" classname="shinytest2_tm_t_tte" name="e2e_tm_t_tte_Deselection_of_arm_var_throws_validation_error."/>
    <testcase time="8.44800000000032" classname="shinytest2_tm_t_tte" name="e2e_tm_t_tte_Selecting_strata_var_changes_the_table_and_does_not_throw_validation_errors."/>
    <testcase time="0.0069999999996071" classname="shinytest2_tm_t_tte" name="e2e_tm_t_tte_Selecting_strata_var_changes_the_table_and_does_not_throw_validation_errors."/>
    <testcase time="8.30699999999979" classname="shinytest2_tm_t_tte" name="e2e_tm_t_tte_Deselection_of_strata_var_changes_the_table_and_throw_validation_errors."/>
    <testcase time="0.00600000000031287" classname="shinytest2_tm_t_tte" name="e2e_tm_t_tte_Deselection_of_strata_var_changes_the_table_and_throw_validation_errors."/>
  </testsuite>
  <testsuite name="string_ops" timestamp="2024-12-17T12:45:19Z" hostname="4d5c1e09c213" tests="1" skipped="0" failures="0" errors="0" time="0.088">
    <testcase time="0.0879999999997381" classname="string_ops" name="_as_num_as_a_wide_interpretation_of_input_to_extract_numerics."/>
  </testsuite>
  <testsuite name="substitute_names" timestamp="2024-12-17T12:45:19Z" hostname="4d5c1e09c213" tests="9" skipped="0" failures="0" errors="0" time="0.066">
    <testcase time="0.00900000000001455" classname="substitute_names" name="substitute_q_works_as_expected"/>
    <testcase time="0.0100000000002183" classname="substitute_names" name="substitute_q_fails_on_unquoted_call"/>
    <testcase time="0.00700000000051659" classname="substitute_names" name="h_subst_lhs_names_works_as_expected"/>
    <testcase time="0.00599999999940337" classname="substitute_names" name="substitute_lhs_names_works_as_expected_with_nested_expressions"/>
    <testcase time="0.00500000000010914" classname="substitute_names" name="substitute_lhs_names_does_not_lead_to_infinite_recursion"/>
    <testcase time="0.00600000000031287" classname="substitute_names" name="substitute_rhs_works_as_expected"/>
    <testcase time="0.0119999999997162" classname="substitute_names" name="substitute_names_works_as_expected"/>
    <testcase time="0.00600000000031287" classname="substitute_names" name="substitute_names_can_also_substitute_other_expressions_if_requested"/>
    <testcase time="0.00500000000010914" classname="substitute_names" name="substitute_names_works_as_expected_with_nested_expressions"/>
  </testsuite>
  <testsuite name="tm_a_gee" timestamp="2024-12-17T12:45:19Z" hostname="4d5c1e09c213" tests="8" skipped="4" failures="0" errors="0" time="0.102">
    <testcase time="0.00999999999930878" classname="tm_a_gee" name="template_a_gee_t_gee_cov_table_works_as_expected_with_default_input"/>
    <testcase time="0.035000000000764" classname="tm_a_gee" name="template_a_gee_t_gee_cov_table_works_as_expected_with_default_input">
      <skipped message="Reason: On CRAN ('test-tm_a_gee.R:13:3')"/>
    </testcase>
    <testcase time="0.01299999999992" classname="tm_a_gee" name="template_a_gee_t_gee_coef_table_works_as_expected_with_default_input"/>
    <testcase time="0.00500000000010914" classname="tm_a_gee" name="template_a_gee_t_gee_coef_table_works_as_expected_with_default_input">
      <skipped message="Reason: On CRAN ('test-tm_a_gee.R:28:3')"/>
    </testcase>
    <testcase time="0.0139999999992142" classname="tm_a_gee" name="template_a_gee_works_as_expected_with_non_default_reference_arm"/>
    <testcase time="0.00600000000031287" classname="tm_a_gee" name="template_a_gee_works_as_expected_with_non_default_reference_arm">
      <skipped message="Reason: On CRAN ('test-tm_a_gee.R:44:3')"/>
    </testcase>
    <testcase time="0.0140000000001237" classname="tm_a_gee" name="template_a_gee_works_as_expected_when_arm_is_not_considered_in_the_model"/>
    <testcase time="0.00500000000010914" classname="tm_a_gee" name="template_a_gee_works_as_expected_when_arm_is_not_considered_in_the_model">
      <skipped message="Reason: On CRAN ('test-tm_a_gee.R:60:3')"/>
    </testcase>
  </testsuite>
  <testsuite name="tm_a_mmrm" timestamp="2024-12-17T12:45:20Z" hostname="4d5c1e09c213" tests="10" skipped="5" failures="0" errors="0" time="0.103">
    <testcase time="0.0180000000000291" classname="tm_a_mmrm" name="template_fit_mmrm_works_as_expected_when_not_combining_comparison_arms"/>
    <testcase time="0.00599999999940337" classname="tm_a_mmrm" name="template_fit_mmrm_works_as_expected_when_not_combining_comparison_arms">
      <skipped message="Reason: On CRAN ('test-tm_a_mmrm.R:16:3')"/>
    </testcase>
    <testcase time="0.0150000000003274" classname="tm_a_mmrm" name="template_fit_mmrm_works_as_expected_when_combining_combination_arms"/>
    <testcase time="0.00500000000010914" classname="tm_a_mmrm" name="template_fit_mmrm_works_as_expected_when_combining_combination_arms">
      <skipped message="Reason: On CRAN ('test-tm_a_mmrm.R:35:3')"/>
    </testcase>
    <testcase time="0.0150000000003274" classname="tm_a_mmrm" name="template_mmrm_tables_works_as_expected"/>
    <testcase time="0.00499999999919964" classname="tm_a_mmrm" name="template_mmrm_tables_works_as_expected">
      <skipped message="Reason: On CRAN ('test-tm_a_mmrm.R:51:3')"/>
    </testcase>
    <testcase time="0.0140000000001237" classname="tm_a_mmrm" name="template_mmrm_tables_works_as_expected_when_arm_is_not_considered_in_the_model"/>
    <testcase time="0.00600000000031287" classname="tm_a_mmrm" name="template_mmrm_tables_works_as_expected_when_arm_is_not_considered_in_the_model">
      <skipped message="Reason: On CRAN ('test-tm_a_mmrm.R:67:3')"/>
    </testcase>
    <testcase time="0.0140000000001237" classname="tm_a_mmrm" name="template_mmrm_plots_works_as_expected"/>
    <testcase time="0.00500000000010914" classname="tm_a_mmrm" name="template_mmrm_plots_works_as_expected">
      <skipped message="Reason: On CRAN ('test-tm_a_mmrm.R:85:3')"/>
    </testcase>
  </testsuite>
  <testsuite name="tm_g_ci" timestamp="2024-12-17T12:45:20Z" hostname="4d5c1e09c213" tests="8" skipped="4" failures="0" errors="0" time="0.094">
    <testcase time="0.0189999999993233" classname="tm_g_ci" name="1._and_2._Mean_and_95_CIs_for_mean"/>
    <testcase time="0.00500000000010914" classname="tm_g_ci" name="1._and_2._Mean_and_95_CIs_for_mean">
      <skipped message="Reason: On CRAN ('test-tm_g_ci.R:12:3')"/>
    </testcase>
    <testcase time="0.0150000000003274" classname="tm_g_ci" name="3._Confidence_Interval_Plot_using_different_stratification_variable_"/>
    <testcase time="0.00600000000031287" classname="tm_g_ci" name="3._Confidence_Interval_Plot_using_different_stratification_variable_">
      <skipped message="Reason: On CRAN ('test-tm_g_ci.R:27:3')"/>
    </testcase>
    <testcase time="0.0139999999992142" classname="tm_g_ci" name="4._Median_and_95_CIs_for_median"/>
    <testcase time="0.00600000000031287" classname="tm_g_ci" name="4._Median_and_95_CIs_for_median">
      <skipped message="Reason: On CRAN ('test-tm_g_ci.R:42:3')"/>
    </testcase>
    <testcase time="0.0150000000003274" classname="tm_g_ci" name="5._Using_different_alpha_level"/>
    <testcase time="0.0140000000001237" classname="tm_g_ci" name="5._Using_different_alpha_level">
      <skipped message="Reason: On CRAN ('test-tm_g_ci.R:58:3')"/>
    </testcase>
  </testsuite>
  <testsuite name="tm_g_forest_rsp" timestamp="2024-12-17T12:45:20Z" hostname="4d5c1e09c213" tests="4" skipped="2" failures="0" errors="0" time="0.053">
    <testcase time="0.0249999999996362" classname="tm_g_forest_rsp" name="template_forest_rsp_generates_correct_expressions"/>
    <testcase time="0.00600000000031287" classname="tm_g_forest_rsp" name="template_forest_rsp_generates_correct_expressions">
      <skipped message="Reason: On CRAN ('test-tm_g_forest_rsp.R:16:3')"/>
    </testcase>
    <testcase time="0.0169999999998254" classname="tm_g_forest_rsp" name="template_forest_rsp_works_with_risk_difference_column_added"/>
    <testcase time="0.00500000000010914" classname="tm_g_forest_rsp" name="template_forest_rsp_works_with_risk_difference_column_added">
      <skipped message="Reason: On CRAN ('test-tm_g_forest_rsp.R:36:3')"/>
    </testcase>
  </testsuite>
  <testsuite name="tm_g_forest_tte" timestamp="2024-12-17T12:45:20Z" hostname="4d5c1e09c213" tests="4" skipped="2" failures="0" errors="0" time="0.046">
    <testcase time="0.0199999999995271" classname="tm_g_forest_tte" name="template_forest_tte_generates_correct_expressions"/>
    <testcase time="0.00500000000010914" classname="tm_g_forest_tte" name="template_forest_tte_generates_correct_expressions">
      <skipped message="Reason: On CRAN ('test-tm_g_forest_tte.R:14:3')"/>
    </testcase>
    <testcase time="0.0160000000005311" classname="tm_g_forest_tte" name="template_forest_tte_works_with_risk_difference_column_added"/>
    <testcase time="0.00499999999919964" classname="tm_g_forest_tte" name="template_forest_tte_works_with_risk_difference_column_added">
      <skipped message="Reason: On CRAN ('test-tm_g_forest_tte.R:32:3')"/>
    </testcase>
  </testsuite>
  <testsuite name="tm_g_ipp" timestamp="2024-12-17T12:45:20Z" hostname="4d5c1e09c213" tests="4" skipped="2" failures="0" errors="0" time="0.042">
    <testcase time="0.0170000000007349" classname="tm_g_ipp" name="template_g_ipp_works_as_expected_with_default_arguments"/>
    <testcase time="0.00599999999940337" classname="tm_g_ipp" name="template_g_ipp_works_as_expected_with_default_arguments">
      <skipped message="Reason: On CRAN ('test-tm_g_ipp.R:8:3')"/>
    </testcase>
    <testcase time="0.0140000000001237" classname="tm_g_ipp" name="template_g_ipp_works_as_expected_with_non_default_arguments"/>
    <testcase time="0.00500000000010914" classname="tm_g_ipp" name="template_g_ipp_works_as_expected_with_non_default_arguments">
      <skipped message="Reason: On CRAN ('test-tm_g_ipp.R:30:3')"/>
    </testcase>
  </testsuite>
  <testsuite name="tm_g_km" timestamp="2024-12-17T12:45:20Z" hostname="4d5c1e09c213" tests="6" skipped="3" failures="0" errors="0" time="0.069">
    <testcase time="0.0200000000004366" classname="tm_g_km" name="template_g_km_works_as_expected_with_default_arguments"/>
    <testcase time="0.00599999999940337" classname="tm_g_km" name="template_g_km_works_as_expected_with_default_arguments">
      <skipped message="Reason: On CRAN ('test-tm_g_km.R:5:3')"/>
    </testcase>
    <testcase time="0.0150000000003274" classname="tm_g_km" name="template_g_km_gives_correct_data_expression_when_we_want_to_compare_versus_reference_arms"/>
    <testcase time="0.00600000000031287" classname="tm_g_km" name="template_g_km_gives_correct_data_expression_when_we_want_to_compare_versus_reference_arms">
      <skipped message="Reason: On CRAN ('test-tm_g_km.R:16:3')"/>
    </testcase>
    <testcase time="0.0159999999996217" classname="tm_g_km" name="template_g_km_gives_correct_data_expression_when_we_want_to_combine_comparison_arms"/>
    <testcase time="0.00600000000031287" classname="tm_g_km" name="template_g_km_gives_correct_data_expression_when_we_want_to_combine_comparison_arms">
      <skipped message="Reason: On CRAN ('test-tm_g_km.R:28:3')"/>
    </testcase>
  </testsuite>
  <testsuite name="tm_g_lineplot" timestamp="2024-12-17T12:45:20Z" hostname="4d5c1e09c213" tests="4" skipped="2" failures="0" errors="0" time="0.043">
    <testcase time="0.0180000000000291" classname="tm_g_lineplot" name="template_g_lineplot_works_as_expected_with_default_arguments"/>
    <testcase time="0.00499999999919964" classname="tm_g_lineplot" name="template_g_lineplot_works_as_expected_with_default_arguments">
      <skipped message="Reason: On CRAN ('test-tm_g_lineplot.R:5:3')"/>
    </testcase>
    <testcase time="0.0150000000003274" classname="tm_g_lineplot" name="template_g_lineplot_gives_correct_data_expression_with_custom_arguments"/>
    <testcase time="0.00500000000010914" classname="tm_g_lineplot" name="template_g_lineplot_gives_correct_data_expression_with_custom_arguments">
      <skipped message="Reason: On CRAN ('test-tm_g_lineplot.R:23:3')"/>
    </testcase>
  </testsuite>
  <testsuite name="tm_t_abnormality" timestamp="2024-12-17T12:45:20Z" hostname="4d5c1e09c213" tests="6" skipped="3" failures="0" errors="0" time="0.078">
    <testcase time="0.0199999999995271" classname="tm_t_abnormality" name="template_abnormality_generates_correct_expressions_with_default_arguments"/>
    <testcase time="0.0170000000007349" classname="tm_t_abnormality" name="template_abnormality_generates_correct_expressions_with_default_arguments">
      <skipped message="Reason: On CRAN ('test-tm_t_abnormality.R:17:3')"/>
    </testcase>
    <testcase time="0.0159999999996217" classname="tm_t_abnormality" name="template_abnormality_generates_correct_expressions_with_custom_arguments"/>
    <testcase time="0.00500000000010914" classname="tm_t_abnormality" name="template_abnormality_generates_correct_expressions_with_custom_arguments">
      <skipped message="Reason: On CRAN ('test-tm_t_abnormality.R:39:3')"/>
    </testcase>
    <testcase time="0.0150000000003274" classname="tm_t_abnormality" name="template_abnormality_generates_correct_expressions_with_customized_na_level"/>
    <testcase time="0.00500000000010914" classname="tm_t_abnormality" name="template_abnormality_generates_correct_expressions_with_customized_na_level">
      <skipped message="Reason: On CRAN ('test-tm_t_abnormality.R:59:3')"/>
    </testcase>
  </testsuite>
  <testsuite name="tm_t_abnormality_by_worst_grade" timestamp="2024-12-17T12:45:20Z" hostname="4d5c1e09c213" tests="5" skipped="2" failures="0" errors="0" time="0.066">
    <testcase time="0.0189999999993233" classname="tm_t_abnormality_by_worst_grade" name="template_abnormality_by_worst_grade_generates_correct_expressions_with_default_arguments"/>
    <testcase time="0.00500000000010914" classname="tm_t_abnormality_by_worst_grade" name="template_abnormality_by_worst_grade_generates_correct_expressions_with_default_arguments">
      <skipped message="Reason: On CRAN ('test-tm_t_abnormality_by_worst_grade.R:17:3')"/>
    </testcase>
    <testcase time="0.0150000000003274" classname="tm_t_abnormality_by_worst_grade" name="template_abnormality_by_worst_grade_generates_correct_expressions_with_custom_arguments"/>
    <testcase time="0.00599999999940337" classname="tm_t_abnormality_by_worst_grade" name="template_abnormality_by_worst_grade_generates_correct_expressions_with_custom_arguments">
      <skipped message="Reason: On CRAN ('test-tm_t_abnormality_by_worst_grade.R:36:3')"/>
    </testcase>
    <testcase time="0.0210000000006403" classname="tm_t_abnormality_by_worst_grade" name="template_abnormality_by_worst_grade_throws_an_error_when_ATOXGR_contains_NA_values"/>
  </testsuite>
  <testsuite name="tm_t_ancova" timestamp="2024-12-17T12:45:20Z" hostname="4d5c1e09c213" tests="14" skipped="7" failures="0" errors="0" time="0.147">
    <testcase time="0.01299999999992" classname="tm_t_ancova" name="template_ancova_generates_expressions_with_multiple_endpoints"/>
    <testcase time="0.00500000000010914" classname="tm_t_ancova" name="template_ancova_generates_expressions_with_multiple_endpoints">
      <skipped message="Reason: On CRAN ('test-tm_t_ancova.R:20:3')"/>
    </testcase>
    <testcase time="0.0169999999998254" classname="tm_t_ancova" name="template_ancova_generates_expressions_with_multiple_endpoints_with_combined_comparison_arms"/>
    <testcase time="0.00600000000031287" classname="tm_t_ancova" name="template_ancova_generates_expressions_with_multiple_endpoints_with_combined_comparison_arms">
      <skipped message="Reason: On CRAN ('test-tm_t_ancova.R:42:3')"/>
    </testcase>
    <testcase time="0.0159999999996217" classname="tm_t_ancova" name="template_ancova_generates_expressions_with_multiple_endpoints_with_combined_reference_arms"/>
    <testcase time="0.00600000000031287" classname="tm_t_ancova" name="template_ancova_generates_expressions_with_multiple_endpoints_with_combined_reference_arms">
      <skipped message="Reason: On CRAN ('test-tm_t_ancova.R:64:3')"/>
    </testcase>
    <testcase time="0.0149999999994179" classname="tm_t_ancova" name="template_ancova_generates_expressions_with_single_endpoint"/>
    <testcase time="0.00600000000031287" classname="tm_t_ancova" name="template_ancova_generates_expressions_with_single_endpoint">
      <skipped message="Reason: On CRAN ('test-tm_t_ancova.R:86:3')"/>
    </testcase>
    <testcase time="0.0150000000003274" classname="tm_t_ancova" name="template_ancova_generates_expressions_with_multiple_endpoints"/>
    <testcase time="0.00499999999919964" classname="tm_t_ancova" name="template_ancova_generates_expressions_with_multiple_endpoints">
      <skipped message="Reason: On CRAN ('test-tm_t_ancova.R:111:3')"/>
    </testcase>
    <testcase time="0.0160000000005311" classname="tm_t_ancova" name="template_ancova_generates_expressions_with_discrete_interaction_variable"/>
    <testcase time="0.00500000000010914" classname="tm_t_ancova" name="template_ancova_generates_expressions_with_discrete_interaction_variable">
      <skipped message="Reason: On CRAN ('test-tm_t_ancova.R:136:3')"/>
    </testcase>
    <testcase time="0.0159999999996217" classname="tm_t_ancova" name="template_ancova_generates_expressions_with_continuous_interaction_variable"/>
    <testcase time="0.00600000000031287" classname="tm_t_ancova" name="template_ancova_generates_expressions_with_continuous_interaction_variable">
      <skipped message="Reason: On CRAN ('test-tm_t_ancova.R:160:3')"/>
    </testcase>
  </testsuite>
  <testsuite name="tm_t_binary_outcome" timestamp="2024-12-17T12:45:20Z" hostname="4d5c1e09c213" tests="16" skipped="8" failures="0" errors="0" time="0.183">
    <testcase time="0.0289999999995416" classname="tm_t_binary_outcome" name="template_binary_outcome_generates_standard_expressions"/>
    <testcase time="0.00600000000031287" classname="tm_t_binary_outcome" name="template_binary_outcome_generates_standard_expressions">
      <skipped message="Reason: On CRAN ('test-tm_t_binary_outcome.R:16:3')"/>
    </testcase>
    <testcase time="0.0150000000003274" classname="tm_t_binary_outcome" name="template_binary_outcome_generates_right_expressions_with_non_default"/>
    <testcase time="0.00599999999940337" classname="tm_t_binary_outcome" name="template_binary_outcome_generates_right_expressions_with_non_default">
      <skipped message="Reason: On CRAN ('test-tm_t_binary_outcome.R:35:3')"/>
    </testcase>
    <testcase time="0.0180000000000291" classname="tm_t_binary_outcome" name="template_binary_outcome_generates_expression_without_arm_comparison"/>
    <testcase time="0.00600000000031287" classname="tm_t_binary_outcome" name="template_binary_outcome_generates_expression_without_arm_comparison">
      <skipped message="Reason: On CRAN ('test-tm_t_binary_outcome.R:52:3')"/>
    </testcase>
    <testcase time="0.0159999999996217" classname="tm_t_binary_outcome" name="template_binary_outcome_generates_expression_with_non_default_controls_and_strata."/>
    <testcase time="0.00500000000010914" classname="tm_t_binary_outcome" name="template_binary_outcome_generates_expression_with_non_default_controls_and_strata.">
      <skipped message="Reason: On CRAN ('test-tm_t_binary_outcome.R:76:3')"/>
    </testcase>
    <testcase time="0.0150000000003274" classname="tm_t_binary_outcome" name="template_binary_outcome_can_combine_comparison_arms"/>
    <testcase time="0.00599999999940337" classname="tm_t_binary_outcome" name="template_binary_outcome_can_combine_comparison_arms">
      <skipped message="Reason: On CRAN ('test-tm_t_binary_outcome.R:94:3')"/>
    </testcase>
    <testcase time="0.0150000000003274" classname="tm_t_binary_outcome" name="template_binary_outcome_can_combine_comparison_arms_when_compare_arms_is_FALSE"/>
    <testcase time="0.00600000000031287" classname="tm_t_binary_outcome" name="template_binary_outcome_can_combine_comparison_arms_when_compare_arms_is_FALSE">
      <skipped message="Reason: On CRAN ('test-tm_t_binary_outcome.R:112:3')"/>
    </testcase>
    <testcase time="0.01299999999992" classname="tm_t_binary_outcome" name="split_col_expr_prepare_the_right_four_possible_expressions"/>
    <testcase time="0.00500000000010914" classname="tm_t_binary_outcome" name="split_col_expr_prepare_the_right_four_possible_expressions">
      <skipped message="Reason: On CRAN ('test-tm_t_binary_outcome.R:124:3')"/>
    </testcase>
    <testcase time="0.0159999999996217" classname="tm_t_binary_outcome" name="template_binary_outcome_can_combine_refs"/>
    <testcase time="0.00600000000031287" classname="tm_t_binary_outcome" name="template_binary_outcome_can_combine_refs">
      <skipped message="Reason: On CRAN ('test-tm_t_binary_outcome.R:141:3')"/>
    </testcase>
  </testsuite>
  <testsuite name="tm_t_coxreg" timestamp="2024-12-17T12:45:21Z" hostname="4d5c1e09c213" tests="6" skipped="3" failures="0" errors="0" time="0.065">
    <testcase time="0.0190000000002328" classname="tm_t_coxreg" name="template_coxreg_generates_correct_univariate_cox_regression_expressions"/>
    <testcase time="0.00499999999919964" classname="tm_t_coxreg" name="template_coxreg_generates_correct_univariate_cox_regression_expressions">
      <skipped message="Reason: On CRAN ('test-tm_t_coxreg.R:21:3')"/>
    </testcase>
    <testcase time="0.0150000000003274" classname="tm_t_coxreg" name="template_coxreg_generates_correct_univariate_cox_regression_expressions_with_interactions"/>
    <testcase time="0.00500000000010914" classname="tm_t_coxreg" name="template_coxreg_generates_correct_univariate_cox_regression_expressions_with_interactions">
      <skipped message="Reason: On CRAN ('test-tm_t_coxreg.R:45:3')"/>
    </testcase>
    <testcase time="0.0150000000003274" classname="tm_t_coxreg" name="template_coxreg_generates_correct_multivariate_cox_regression_expressions"/>
    <testcase time="0.00599999999940337" classname="tm_t_coxreg" name="template_coxreg_generates_correct_multivariate_cox_regression_expressions">
      <skipped message="Reason: On CRAN ('test-tm_t_coxreg.R:63:3')"/>
    </testcase>
  </testsuite>
  <testsuite name="tm_t_events" timestamp="2024-12-17T12:45:21Z" hostname="4d5c1e09c213" tests="12" skipped="6" failures="0" errors="0" time="0.144">
    <testcase time="0.0210000000006403" classname="tm_t_events" name="template_events_generates_correct_expressions"/>
    <testcase time="0.00599999999940337" classname="tm_t_events" name="template_events_generates_correct_expressions">
      <skipped message="Reason: On CRAN ('test-tm_t_events.R:15:3')"/>
    </testcase>
    <testcase time="0.0250000000005457" classname="tm_t_events" name="template_events_generates_correct_expressions_for_nested_columns"/>
    <testcase time="0.00599999999940337" classname="tm_t_events" name="template_events_generates_correct_expressions_for_nested_columns">
      <skipped message="Reason: On CRAN ('test-tm_t_events.R:32:3')"/>
    </testcase>
    <testcase time="0.0150000000003274" classname="tm_t_events" name="template_events_can_generate_customized_table"/>
    <testcase time="0.00500000000010914" classname="tm_t_events" name="template_events_can_generate_customized_table">
      <skipped message="Reason: On CRAN ('test-tm_t_events.R:50:3')"/>
    </testcase>
    <testcase time="0.0159999999996217" classname="tm_t_events" name="template_events_can_generate_customized_table_with_alphabetical_sorting"/>
    <testcase time="0.00500000000010914" classname="tm_t_events" name="template_events_can_generate_customized_table_with_alphabetical_sorting">
      <skipped message="Reason: On CRAN ('test-tm_t_events.R:69:3')"/>
    </testcase>
    <testcase time="0.0159999999996217" classname="tm_t_events" name="template_events_can_generate_customized_table_with_pruning"/>
    <testcase time="0.00600000000031287" classname="tm_t_events" name="template_events_can_generate_customized_table_with_pruning">
      <skipped message="Reason: On CRAN ('test-tm_t_events.R:89:3')"/>
    </testcase>
    <testcase time="0.0169999999998254" classname="tm_t_events" name="template_events_can_generate_customized_table_with_pruning_for_nested_column"/>
    <testcase time="0.00600000000031287" classname="tm_t_events" name="template_events_can_generate_customized_table_with_pruning_for_nested_column">
      <skipped message="Reason: On CRAN ('test-tm_t_events.R:109:3')"/>
    </testcase>
  </testsuite>
  <testsuite name="tm_t_events_by_grade" timestamp="2024-12-17T12:45:21Z" hostname="4d5c1e09c213" tests="16" skipped="8" failures="0" errors="0" time="0.191">
    <testcase time="0.0219999999999345" classname="tm_t_events_by_grade" name="template_events_by_grade_generates_standard_expressions"/>
    <testcase time="0.00500000000010914" classname="tm_t_events_by_grade" name="template_events_by_grade_generates_standard_expressions">
      <skipped message="Reason: On CRAN ('test-tm_t_events_by_grade.R:17:3')"/>
    </testcase>
    <testcase time="0.0159999999996217" classname="tm_t_events_by_grade" name="template_events_by_grade_generates_standard_expressions_with_pruning_conditions"/>
    <testcase time="0.00600000000031287" classname="tm_t_events_by_grade" name="template_events_by_grade_generates_standard_expressions_with_pruning_conditions">
      <skipped message="Reason: On CRAN ('test-tm_t_events_by_grade.R:38:3')"/>
    </testcase>
    <testcase time="0.0150000000003274" classname="tm_t_events_by_grade" name="template_events_by_grade_without_adding_total_column_option_works_as_expected"/>
    <testcase time="0.00500000000010914" classname="tm_t_events_by_grade" name="template_events_by_grade_without_adding_total_column_option_works_as_expected">
      <skipped message="Reason: On CRAN ('test-tm_t_events_by_grade.R:57:3')"/>
    </testcase>
    <testcase time="0.0159999999996217" classname="tm_t_events_by_grade" name="template_events_by_grade_with_hlt_only_works"/>
    <testcase time="0.00500000000010914" classname="tm_t_events_by_grade" name="template_events_by_grade_with_hlt_only_works">
      <skipped message="Reason: On CRAN ('test-tm_t_events_by_grade.R:76:3')"/>
    </testcase>
    <testcase time="0.0180000000000291" classname="tm_t_events_by_grade" name="template_events_col_by_grade_generates_standard_expressions"/>
    <testcase time="0.0069999999996071" classname="tm_t_events_by_grade" name="template_events_col_by_grade_generates_standard_expressions">
      <skipped message="Reason: On CRAN ('test-tm_t_events_by_grade.R:95:3')"/>
    </testcase>
    <testcase time="0.0169999999998254" classname="tm_t_events_by_grade" name="template_events_col_by_grade_works_with_custom_values"/>
    <testcase time="0.00600000000031287" classname="tm_t_events_by_grade" name="template_events_col_by_grade_works_with_custom_values">
      <skipped message="Reason: On CRAN ('test-tm_t_events_by_grade.R:114:3')"/>
    </testcase>
    <testcase time="0.024000000000342" classname="tm_t_events_by_grade" name="template_events_col_by_grade_without_adding_total_column_option_works_as_expected"/>
    <testcase time="0.00599999999940337" classname="tm_t_events_by_grade" name="template_events_col_by_grade_without_adding_total_column_option_works_as_expected">
      <skipped message="Reason: On CRAN ('test-tm_t_events_by_grade.R:133:3')"/>
    </testcase>
    <testcase time="0.0170000000007349" classname="tm_t_events_by_grade" name="template_events_col_by_grade_without_dropping_arm_levels_option_works_as_expected"/>
    <testcase time="0.00599999999940337" classname="tm_t_events_by_grade" name="template_events_col_by_grade_without_dropping_arm_levels_option_works_as_expected">
      <skipped message="Reason: On CRAN ('test-tm_t_events_by_grade.R:152:3')"/>
    </testcase>
  </testsuite>
  <testsuite name="tm_t_events_patyear" timestamp="2024-12-17T12:45:21Z" hostname="4d5c1e09c213" tests="6" skipped="3" failures="0" errors="0" time="0.068">
    <testcase time="0.0190000000002328" classname="tm_t_events_patyear" name="template_events_patyear_generates_standard_expressions"/>
    <testcase time="0.00600000000031287" classname="tm_t_events_patyear" name="template_events_patyear_generates_standard_expressions">
      <skipped message="Reason: On CRAN ('test-tm_t_events_patyear.R:15:3')"/>
    </testcase>
    <testcase time="0.0159999999996217" classname="tm_t_events_patyear" name="template_events_patyear_generates_right_expressions_with_non_default"/>
    <testcase time="0.00500000000010914" classname="tm_t_events_patyear" name="template_events_patyear_generates_right_expressions_with_non_default">
      <skipped message="Reason: On CRAN ('test-tm_t_events_patyear.R:32:3')"/>
    </testcase>
    <testcase time="0.0169999999998254" classname="tm_t_events_patyear" name="template_events_patyear_generates_right_expressions_with_non_default_controls"/>
    <testcase time="0.00500000000010914" classname="tm_t_events_patyear" name="template_events_patyear_generates_right_expressions_with_non_default_controls">
      <skipped message="Reason: On CRAN ('test-tm_t_events_patyear.R:54:3')"/>
    </testcase>
  </testsuite>
  <testsuite name="tm_t_events_summary" timestamp="2024-12-17T12:45:21Z" hostname="4d5c1e09c213" tests="4" skipped="2" failures="0" errors="0" time="0.048">
    <testcase time="0.0199999999995271" classname="tm_t_events_summary" name="template_events_summary_generates_minimal_table"/>
    <testcase time="0.00600000000031287" classname="tm_t_events_summary" name="template_events_summary_generates_minimal_table">
      <skipped message="Reason: On CRAN ('test-tm_t_events_summary.R:9:3')"/>
    </testcase>
    <testcase time="0.0160000000005311" classname="tm_t_events_summary" name="template_events_summary_generates_table_with_multiple_flags"/>
    <testcase time="0.00599999999940337" classname="tm_t_events_summary" name="template_events_summary_generates_table_with_multiple_flags">
      <skipped message="Reason: On CRAN ('test-tm_t_events_summary.R:28:3')"/>
    </testcase>
  </testsuite>
  <testsuite name="tm_t_exposure" timestamp="2024-12-17T12:45:21Z" hostname="4d5c1e09c213" tests="6" skipped="3" failures="0" errors="0" time="0.065">
    <testcase time="0.0180000000000291" classname="tm_t_exposure" name="template_exposure_generates_correct_expressions_with_default_arguments"/>
    <testcase time="0.00600000000031287" classname="tm_t_exposure" name="template_exposure_generates_correct_expressions_with_default_arguments">
      <skipped message="Reason: On CRAN ('test-tm_t_exposure.R:17:3')"/>
    </testcase>
    <testcase time="0.0149999999994179" classname="tm_t_exposure" name="template_exposure_generates_correct_expressions_with_custom_arguments"/>
    <testcase time="0.00600000000031287" classname="tm_t_exposure" name="template_exposure_generates_correct_expressions_with_custom_arguments">
      <skipped message="Reason: On CRAN ('test-tm_t_exposure.R:36:3')"/>
    </testcase>
    <testcase time="0.0140000000001237" classname="tm_t_exposure" name="template_exposure_generates_correct_expressions_with_paramcd_label"/>
    <testcase time="0.00600000000031287" classname="tm_t_exposure" name="template_exposure_generates_correct_expressions_with_paramcd_label">
      <skipped message="Reason: On CRAN ('test-tm_t_exposure.R:56:3')"/>
    </testcase>
  </testsuite>
  <testsuite name="tm_t_logisitic" timestamp="2024-12-17T12:45:21Z" hostname="4d5c1e09c213" tests="6" skipped="3" failures="0" errors="0" time="0.072">
    <testcase time="0.0189999999993233" classname="tm_t_logisitic" name="template_logistic_generates_correct_expressions"/>
    <testcase time="0.00500000000010914" classname="tm_t_logisitic" name="template_logistic_generates_correct_expressions">
      <skipped message="Reason: On CRAN ('test-tm_t_logisitic.R:19:3')"/>
    </testcase>
    <testcase time="0.0140000000001237" classname="tm_t_logisitic" name="template_logistic_generates_correct_expressions_for_no_arm_variable"/>
    <testcase time="0.00500000000010914" classname="tm_t_logisitic" name="template_logistic_generates_correct_expressions_for_no_arm_variable">
      <skipped message="Reason: On CRAN ('test-tm_t_logisitic.R:38:3')"/>
    </testcase>
    <testcase time="0.0230000000001382" classname="tm_t_logisitic" name="template_logistic_generates_correct_expressions"/>
    <testcase time="0.00600000000031287" classname="tm_t_logisitic" name="template_logistic_generates_correct_expressions">
      <skipped message="Reason: On CRAN ('test-tm_t_logisitic.R:59:3')"/>
    </testcase>
  </testsuite>
  <testsuite name="tm_t_mult_events" timestamp="2024-12-17T12:45:21Z" hostname="4d5c1e09c213" tests="12" skipped="6" failures="0" errors="0" time="0.137">
    <testcase time="0.0209999999997308" classname="tm_t_mult_events" name="template_mult_events_generates_correct_expressions_with_1_HLT_parameter"/>
    <testcase time="0.00599999999940337" classname="tm_t_mult_events" name="template_mult_events_generates_correct_expressions_with_1_HLT_parameter">
      <skipped message="Reason: On CRAN ('test-tm_t_mult_events.R:15:3')"/>
    </testcase>
    <testcase time="0.0170000000007349" classname="tm_t_mult_events" name="template_mult_events_generates_correct_expressions_with_2_HLT_parameters_and_drop_arm_levels_FALSE"/>
    <testcase time="0.00500000000010914" classname="tm_t_mult_events" name="template_mult_events_generates_correct_expressions_with_2_HLT_parameters_and_drop_arm_levels_FALSE">
      <skipped message="Reason: On CRAN ('test-tm_t_mult_events.R:34:5')"/>
    </testcase>
    <testcase time="0.0159999999996217" classname="tm_t_mult_events" name="template_mult_events_generates_correct_expressions_with_3_HLT_parameters"/>
    <testcase time="0.00600000000031287" classname="tm_t_mult_events" name="template_mult_events_generates_correct_expressions_with_3_HLT_parameters">
      <skipped message="Reason: On CRAN ('test-tm_t_mult_events.R:52:3')"/>
    </testcase>
    <testcase time="0.0159999999996217" classname="tm_t_mult_events" name="template_mult_events_generates_correct_expressions_with_4_HLT_parameters"/>
    <testcase time="0.00600000000031287" classname="tm_t_mult_events" name="template_mult_events_generates_correct_expressions_with_4_HLT_parameters">
      <skipped message="Reason: On CRAN ('test-tm_t_mult_events.R:69:3')"/>
    </testcase>
    <testcase time="0.0149999999994179" classname="tm_t_mult_events" name="template_mult_events_generates_correct_expressions_with_no_HLT_parameters"/>
    <testcase time="0.00600000000031287" classname="tm_t_mult_events" name="template_mult_events_generates_correct_expressions_with_no_HLT_parameters">
      <skipped message="Reason: On CRAN ('test-tm_t_mult_events.R:86:3')"/>
    </testcase>
    <testcase time="0.0169999999998254" classname="tm_t_mult_events" name="template_mult_events_generates_correct_expressions_with_1_HLT_parameter_and_without_All_Patients_column"/>
    <testcase time="0.00600000000031287" classname="tm_t_mult_events" name="template_mult_events_generates_correct_expressions_with_1_HLT_parameter_and_without_All_Patients_column">
      <skipped message="Reason: On CRAN ('test-tm_t_mult_events.R:105:5')"/>
    </testcase>
  </testsuite>
  <testsuite name="tm_t_pp_medical_history" timestamp="2024-12-17T12:45:21Z" hostname="4d5c1e09c213" tests="9" skipped="1" failures="0" errors="0" time="0.045">
    <testcase time="0.0169999999998254" classname="tm_t_pp_medical_history" name="template_medical_history_outputs_a_list_with_one_named_element"/>
    <testcase time="0.00299999999970169" classname="tm_t_pp_medical_history" name="template_medical_history_outputs_a_list_with_one_named_element"/>
    <testcase time="0.00100000000020373" classname="tm_t_pp_medical_history" name="template_medical_history_outputs_a_list_with_one_named_element"/>
    <testcase time="0.00299999999970169" classname="tm_t_pp_medical_history" name="template_medical_history_outputs_a_list_with_one_named_element"/>
    <testcase time="0.00500000000010914" classname="tm_t_pp_medical_history" name="template_medical_history_s_output_has_element_table_which_is_of_class_call"/>
    <testcase time="0.00300000000061118" classname="tm_t_pp_medical_history" name="template_medical_history_s_output_has_element_table_which_is_of_class_call"/>
    <testcase time="0.00599999999940337" classname="tm_t_pp_medical_history" name="template_medical_history_non_default_parameters"/>
    <testcase time="0.00100000000020373" classname="tm_t_pp_medical_history" name="template_medical_history_non_default_parameters"/>
    <testcase time="0.00600000000031287" classname="tm_t_pp_medical_history" name="template_medical_history_non_default_parameters">
      <skipped message="Reason: On CRAN ('test-tm_t_pp_medical_history.R:17:3')"/>
    </testcase>
  </testsuite>
  <testsuite name="tm_t_shift_by_arm" timestamp="2024-12-17T12:45:21Z" hostname="4d5c1e09c213" tests="6" skipped="3" failures="0" errors="0" time="0.061">
    <testcase time="0.0180000000000291" classname="tm_t_shift_by_arm" name="template_shift_by_arm_generates_correct_expressions_with_default_arguments"/>
    <testcase time="0.00599999999940337" classname="tm_t_shift_by_arm" name="template_shift_by_arm_generates_correct_expressions_with_default_arguments">
      <skipped message="Reason: On CRAN ('test-tm_t_shift_by_arm.R:14:3')"/>
    </testcase>
    <testcase time="0.01299999999992" classname="tm_t_shift_by_arm" name="template_shift_by_arm_generates_correct_expressions_with_add_total_being_TRUE"/>
    <testcase time="0.00600000000031287" classname="tm_t_shift_by_arm" name="template_shift_by_arm_generates_correct_expressions_with_add_total_being_TRUE">
      <skipped message="Reason: On CRAN ('test-tm_t_shift_by_arm.R:31:3')"/>
    </testcase>
    <testcase time="0.01299999999992" classname="tm_t_shift_by_arm" name="template_shift_by_arm_generates_correct_expressions_with_na.rm_being_TRUE"/>
    <testcase time="0.00500000000010914" classname="tm_t_shift_by_arm" name="template_shift_by_arm_generates_correct_expressions_with_na.rm_being_TRUE">
      <skipped message="Reason: On CRAN ('test-tm_t_shift_by_arm.R:48:3')"/>
    </testcase>
  </testsuite>
  <testsuite name="tm_t_shift_by_arm_by_worst" timestamp="2024-12-17T12:45:21Z" hostname="4d5c1e09c213" tests="6" skipped="3" failures="0" errors="0" time="0.07">
    <testcase time="0.0249999999996362" classname="tm_t_shift_by_arm_by_worst" name="template_shift_by_arm_generates_correct_expressions_with_default_arguments"/>
    <testcase time="0.00500000000010914" classname="tm_t_shift_by_arm_by_worst" name="template_shift_by_arm_generates_correct_expressions_with_default_arguments">
      <skipped message="Reason: On CRAN ('test-tm_t_shift_by_arm_by_worst.R:15:3')"/>
    </testcase>
    <testcase time="0.0150000000003274" classname="tm_t_shift_by_arm_by_worst" name="template_shift_by_arm_generates_correct_expressions_with_add_total_being_TRUE"/>
    <testcase time="0.00500000000010914" classname="tm_t_shift_by_arm_by_worst" name="template_shift_by_arm_generates_correct_expressions_with_add_total_being_TRUE">
      <skipped message="Reason: On CRAN ('test-tm_t_shift_by_arm_by_worst.R:33:3')"/>
    </testcase>
    <testcase time="0.0140000000001237" classname="tm_t_shift_by_arm_by_worst" name="template_shift_by_arm_generates_correct_expressions_with_na.rm_being_TRUE"/>
    <testcase time="0.00599999999940337" classname="tm_t_shift_by_arm_by_worst" name="template_shift_by_arm_generates_correct_expressions_with_na.rm_being_TRUE">
      <skipped message="Reason: On CRAN ('test-tm_t_shift_by_arm_by_worst.R:51:3')"/>
    </testcase>
  </testsuite>
  <testsuite name="tm_t_shift_by_grade" timestamp="2024-12-17T12:45:21Z" hostname="4d5c1e09c213" tests="6" skipped="2" failures="0" errors="0" time="0.135">
    <testcase time="0.0200000000004366" classname="tm_t_shift_by_grade" name="template_shift_by_grade_generates_correct_expressions_with_default_arguments"/>
    <testcase time="0.00600000000031287" classname="tm_t_shift_by_grade" name="template_shift_by_grade_generates_correct_expressions_with_default_arguments">
      <skipped message="Reason: On CRAN ('test-tm_t_shift_by_grade.R:20:3')"/>
    </testcase>
    <testcase time="0.0169999999998254" classname="tm_t_shift_by_grade" name="template_shift_by_grade_generates_correct_expressions_with_custom_arguments"/>
    <testcase time="0.00599999999940337" classname="tm_t_shift_by_grade" name="template_shift_by_grade_generates_correct_expressions_with_custom_arguments">
      <skipped message="Reason: On CRAN ('test-tm_t_shift_by_grade.R:42:3')"/>
    </testcase>
    <testcase time="0.0160000000005311" classname="tm_t_shift_by_grade" name="template_shift_by_grade_throws_an_error_when_worst_flag_var_is_not_one_of_WGRLOVFL_WGRLOFL_WGRHIVFL_WGRHIFL"/>
    <testcase time="0.069999999999709" classname="tm_t_shift_by_grade" name="template_shift_by_grade_keeps_the_same_number_of_missing_data_Missing_after_preprocessing"/>
  </testsuite>
  <testsuite name="tm_t_smq" timestamp="2024-12-17T12:45:22Z" hostname="4d5c1e09c213" tests="4" skipped="2" failures="0" errors="0" time="0.042">
    <testcase time="0.01299999999992" classname="tm_t_smq" name="template_smq_generates_correct_expressions_with_default_arguments"/>
    <testcase time="0.00600000000031287" classname="tm_t_smq" name="template_smq_generates_correct_expressions_with_default_arguments">
      <skipped message="Reason: On CRAN ('test-tm_t_smq.R:17:3')"/>
    </testcase>
    <testcase time="0.0169999999998254" classname="tm_t_smq" name="template_smq_generates_correct_expressions_with_custom_arguments"/>
    <testcase time="0.00600000000031287" classname="tm_t_smq" name="template_smq_generates_correct_expressions_with_custom_arguments">
      <skipped message="Reason: On CRAN ('test-tm_t_smq.R:36:3')"/>
    </testcase>
  </testsuite>
  <testsuite name="tm_t_summary" timestamp="2024-12-17T12:45:22Z" hostname="4d5c1e09c213" tests="12" skipped="6" failures="0" errors="0" time="0.139">
    <testcase time="0.0199999999995271" classname="tm_t_summary" name="template_summary_generates_correct_expressions"/>
    <testcase time="0.00500000000010914" classname="tm_t_summary" name="template_summary_generates_correct_expressions">
      <skipped message="Reason: On CRAN ('test-tm_t_summary.R:15:3')"/>
    </testcase>
    <testcase time="0.0150000000003274" classname="tm_t_summary" name="template_summary_can_generate_customized_table"/>
    <testcase time="0.00599999999940337" classname="tm_t_summary" name="template_summary_can_generate_customized_table">
      <skipped message="Reason: On CRAN ('test-tm_t_summary.R:32:3')"/>
    </testcase>
    <testcase time="0.0230000000001382" classname="tm_t_summary" name="template_summary_generates_correct_expressions_for_multiple_grouping_variables"/>
    <testcase time="0.00500000000010914" classname="tm_t_summary" name="template_summary_generates_correct_expressions_for_multiple_grouping_variables">
      <skipped message="Reason: On CRAN ('test-tm_t_summary.R:49:3')"/>
    </testcase>
    <testcase time="0.0160000000005311" classname="tm_t_summary" name="template_summary_generates_correct_expressions_for_multiple_grouping_variables_and_all_patients"/>
    <testcase time="0.00599999999940337" classname="tm_t_summary" name="template_summary_generates_correct_expressions_for_multiple_grouping_variables_and_all_patients">
      <skipped message="Reason: On CRAN ('test-tm_t_summary.R:68:5')"/>
    </testcase>
    <testcase time="0.0160000000005311" classname="tm_t_summary" name="template_summary_generates_correct_expressions_for_customized_numeric_statistics"/>
    <testcase time="0.00599999999940337" classname="tm_t_summary" name="template_summary_generates_correct_expressions_for_customized_numeric_statistics">
      <skipped message="Reason: On CRAN ('test-tm_t_summary.R:87:3')"/>
    </testcase>
    <testcase time="0.0160000000005311" classname="tm_t_summary" name="template_summary_generates_correct_expressions_when_arm_variable_labels_are_added"/>
    <testcase time="0.00500000000010914" classname="tm_t_summary" name="template_summary_generates_correct_expressions_when_arm_variable_labels_are_added">
      <skipped message="Reason: On CRAN ('test-tm_t_summary.R:100:3')"/>
    </testcase>
  </testsuite>
  <testsuite name="tm_t_summary_by" timestamp="2024-12-17T12:45:22Z" hostname="4d5c1e09c213" tests="10" skipped="5" failures="0" errors="0" time="0.105">
    <testcase time="0.0189999999993233" classname="tm_t_summary_by" name="template_summary_by_generates_correct_expressions"/>
    <testcase time="0.00500000000010914" classname="tm_t_summary_by" name="template_summary_by_generates_correct_expressions">
      <skipped message="Reason: On CRAN ('test-tm_t_summary_by.R:17:3')"/>
    </testcase>
    <testcase time="0.0150000000003274" classname="tm_t_summary_by" name="template_summary_by_generates_correct_expressions_when_parallel_vars_is_true"/>
    <testcase time="0.00500000000010914" classname="tm_t_summary_by" name="template_summary_by_generates_correct_expressions_when_parallel_vars_is_true">
      <skipped message="Reason: On CRAN ('test-tm_t_summary_by.R:37:3')"/>
    </testcase>
    <testcase time="0.0149999999994179" classname="tm_t_summary_by" name="template_summary_by_generates_correct_expressions_when_row_groups_is_true"/>
    <testcase time="0.00500000000010914" classname="tm_t_summary_by" name="template_summary_by_generates_correct_expressions_when_row_groups_is_true">
      <skipped message="Reason: On CRAN ('test-tm_t_summary_by.R:58:3')"/>
    </testcase>
    <testcase time="0.0150000000003274" classname="tm_t_summary_by" name="template_summary_by_generates_correct_expressions_for_customized_numeric_statistics"/>
    <testcase time="0.00500000000010914" classname="tm_t_summary_by" name="template_summary_by_generates_correct_expressions_for_customized_numeric_statistics">
      <skipped message="Reason: On CRAN ('test-tm_t_summary_by.R:78:3')"/>
    </testcase>
    <testcase time="0.0149999999994179" classname="tm_t_summary_by" name="template_summary_by_generates_correct_expressions_for_drop_zero_levels_is_true"/>
    <testcase time="0.00600000000031287" classname="tm_t_summary_by" name="template_summary_by_generates_correct_expressions_for_drop_zero_levels_is_true">
      <skipped message="Reason: On CRAN ('test-tm_t_summary_by.R:97:3')"/>
    </testcase>
  </testsuite>
  <testsuite name="tm_t_tte" timestamp="2024-12-17T12:45:22Z" hostname="4d5c1e09c213" tests="8" skipped="4" failures="0" errors="0" time="0.098">
    <testcase time="0.0200000000004366" classname="tm_t_tte" name="template_tte_produces_healthy_standard_output"/>
    <testcase time="0.00500000000010914" classname="tm_t_tte" name="template_tte_produces_healthy_standard_output">
      <skipped message="Reason: On CRAN ('test-tm_t_tte.R:25:3')"/>
    </testcase>
    <testcase time="0.0159999999996217" classname="tm_t_tte" name="template_tte_produces_correct_data_expression_when_not_comparing_arms"/>
    <testcase time="0.00500000000010914" classname="tm_t_tte" name="template_tte_produces_correct_data_expression_when_not_comparing_arms">
      <skipped message="Reason: On CRAN ('test-tm_t_tte.R:52:3')"/>
    </testcase>
    <testcase time="0.0159999999996217" classname="tm_t_tte" name="template_tte_produces_correct_data_expression_when_comparing_and_combining_arms"/>
    <testcase time="0.01299999999992" classname="tm_t_tte" name="template_tte_produces_correct_data_expression_when_comparing_and_combining_arms">
      <skipped message="Reason: On CRAN ('test-tm_t_tte.R:79:3')"/>
    </testcase>
    <testcase time="0.0170000000007349" classname="tm_t_tte" name="template_tte_produces_correct_data_expression_when_comparing_arms"/>
    <testcase time="0.00599999999940337" classname="tm_t_tte" name="template_tte_produces_correct_data_expression_when_comparing_arms">
      <skipped message="Reason: On CRAN ('test-tm_t_tte.R:106:3')"/>
    </testcase>
  </testsuite>
  <testsuite name="utils" timestamp="2024-12-17T12:45:22Z" hostname="4d5c1e09c213" tests="51" skipped="11" failures="0" errors="0" time="0.394">
    <testcase time="0.0169999999998254" classname="utils" name="h_concat_expr_returns_a_string_for_long_expression"/>
    <testcase time="0.00600000000031287" classname="utils" name="h_concat_expr_returns_a_string_for_long_expression">
      <skipped message="Reason: On CRAN ('test-utils.R:13:3')"/>
    </testcase>
    <testcase time="0.01299999999992" classname="utils" name="pipe_expr_concatenate_expressions_into_a_single_pipeline_"/>
    <testcase time="0.00500000000010914" classname="utils" name="add_expr_adds_expressions_to_expression_list"/>
    <testcase time="0.00500000000010914" classname="utils" name="add_expr_adds_expressions_to_expression_list">
      <skipped message="Reason: On CRAN ('test-utils.R:44:3')"/>
    </testcase>
    <testcase time="0.01299999999992" classname="utils" name="add_expr_manages_expression_list_which_can_be_used_by_pipe_expr"/>
    <testcase time="0.00500000000010914" classname="utils" name="add_expr_manages_expression_list_which_can_be_used_by_pipe_expr">
      <skipped message="Reason: On CRAN ('test-utils.R:65:3')"/>
    </testcase>
    <testcase time="0.0140000000001237" classname="utils" name="bracket_expr_concatenates_expressions_into_a_single_expression"/>
    <testcase time="0.00599999999940337" classname="utils" name="bracket_expr_concatenates_expressions_into_a_single_expression">
      <skipped message="Reason: On CRAN ('test-utils.R:83:3')"/>
    </testcase>
    <testcase time="0.0140000000001237" classname="utils" name="bracket_expr_returns_a_single_evaluable_expression"/>
    <testcase time="0.00600000000031287" classname="utils" name="bracket_expr_returns_a_single_evaluable_expression">
      <skipped message="Reason: On CRAN ('test-utils.R:91:3')"/>
    </testcase>
    <testcase time="0.01299999999992" classname="utils" name="prepare_arm_with_standard_inputs"/>
    <testcase time="0.00500000000010914" classname="utils" name="prepare_arm_with_standard_inputs">
      <skipped message="Reason: On CRAN ('test-utils.R:104:3')"/>
    </testcase>
    <testcase time="0.0140000000001237" classname="utils" name="prepare_arm_combine_ref_arms"/>
    <testcase time="0.00500000000010914" classname="utils" name="prepare_arm_combine_ref_arms">
      <skipped message="Reason: On CRAN ('test-utils.R:116:3')"/>
    </testcase>
    <testcase time="0.01299999999992" classname="utils" name="prepare_arm_combine_ref_arms_and_use_new_level"/>
    <testcase time="0.00500000000010914" classname="utils" name="prepare_arm_combine_ref_arms_and_use_new_level">
      <skipped message="Reason: On CRAN ('test-utils.R:129:3')"/>
    </testcase>
    <testcase time="0.0149999999994179" classname="utils" name="prepare_arm_does_not_do_anything_when_we_don_t_want_to_compare_or_drop_arms"/>
    <testcase time="0.00200000000040745" classname="utils" name="prepare_arm_does_not_do_anything_when_we_don_t_want_to_compare_or_drop_arms"/>
    <testcase time="0.00599999999940337" classname="utils" name="prepare_arm_levels_with_standard_inputs"/>
    <testcase time="0.00500000000010914" classname="utils" name="prepare_arm_levels_with_standard_inputs">
      <skipped message="Reason: On CRAN ('test-utils.R:168:3')"/>
    </testcase>
    <testcase time="0.0140000000001237" classname="utils" name="prepare_arm_levels_can_use_parentname_arm_levels"/>
    <testcase time="0.00500000000010914" classname="utils" name="prepare_arm_levels_can_use_parentname_arm_levels">
      <skipped message="Reason: On CRAN ('test-utils.R:180:3')"/>
    </testcase>
    <testcase time="0.01299999999992" classname="utils" name="color_lab_values_main"/>
    <testcase time="0.00500000000010914" classname="utils" name="color_lab_values_main">
      <skipped message="Reason: On CRAN ('test-utils.R:188:3')"/>
    </testcase>
    <testcase time="0.0209999999997308" classname="utils" name="color_lab_values_neutral_for_none_characters"/>
    <testcase time="0.00300000000061118" classname="utils" name="color_lab_values_neutral_for_none_characters"/>
    <testcase time="0.0069999999996071" classname="utils" name="clean_description"/>
    <testcase time="0.00299999999970169" classname="utils" name="clean_description"/>
    <testcase time="0.00700000000051659" classname="utils" name="get_g_forest_obj_var_name"/>
    <testcase time="0.00599999999940337" classname="utils" name="cs_to_select_spec_single_choices_selected_is_converted_to_select_spec"/>
    <testcase time="0.00700000000051659" classname="utils" name="cs_to_select_spec_single_choices_selected_is_converted_to_select_spec_with_multiple_TRUE"/>
    <testcase time="0.00600000000031287" classname="utils" name="cs_to_select_spec_single_choices_selected_is_converted_to_select_spec_with_ordered_TRUE"/>
    <testcase time="0.00799999999981083" classname="utils" name="cs_to_select_spec_accepts_choices_selected_only"/>
    <testcase time="0.00799999999981083" classname="utils" name="cs_to_select_spec_accepts_multiple_as_flag_only"/>
    <testcase time="0.00799999999981083" classname="utils" name="cs_to_select_spec_accepts_ordered_as_flag_only"/>
    <testcase time="0.00900000000001455" classname="utils" name="cs_to_filter_spec_fails_if_doesn_t_have_var_choices"/>
    <testcase time="0.01299999999992" classname="utils" name="cs_to_filter_spec_creates_filter_spec_from_choices_selected"/>
    <testcase time="0.00700000000051659" classname="utils" name="cs_to_des_select_creates_data_extract_spec_with_single_select_and_no_filter"/>
    <testcase time="0.0069999999996071" classname="utils" name="cs_to_des_select_returns_the_input_if_data_extract_spec_is_provided"/>
    <testcase time="0.00700000000051659" classname="utils" name="cs_to_des_select_creates_data_extract_spec_with_multiple_TRUE"/>
    <testcase time="0.00599999999940337" classname="utils" name="cs_to_des_select_creates_data_extract_spec_with_ordered_TRUE"/>
    <testcase time="0.00600000000031287" classname="utils" name="as_numeric_from_comma_sep_str_returns_NULL_if_blank_string_or_NULL_entered"/>
    <testcase time="0.00299999999970169" classname="utils" name="as_numeric_from_comma_sep_str_returns_NULL_if_blank_string_or_NULL_entered"/>
    <testcase time="0.00600000000031287" classname="utils" name="as_numeric_from_comma_sep_str_returns_numeric_vector_of_numbers"/>
    <testcase time="0.00299999999970169" classname="utils" name="as_numeric_from_comma_sep_str_returns_numeric_vector_of_numbers"/>
    <testcase time="0.00600000000031287" classname="utils" name="as_numeric_from_comma_sep_str_respects_sep_argument"/>
    <testcase time="0.00299999999970169" classname="utils" name="as_numeric_from_comma_sep_str_respects_sep_argument"/>
    <testcase time="0.00500000000010914" classname="utils" name="default_total_label_works_properly"/>
    <testcase time="0.00299999999970169" classname="utils" name="default_total_label_works_properly"/>
    <testcase time="0.00200000000040745" classname="utils" name="default_total_label_works_properly"/>
  </testsuite>
  <testsuite name="validate_standard_inputs" timestamp="2024-12-17T12:45:22Z" hostname="4d5c1e09c213" tests="6" skipped="0" failures="0" errors="0" time="0.035">
    <testcase time="0.0109999999995125" classname="validate_standard_inputs" name="validate_arm_throws_shiny_error_if_arm_vec_is_not_a_factor"/>
    <testcase time="0.00500000000010914" classname="validate_standard_inputs" name="validate_arm_throws_shiny_error_if_arm_vec_is_not_a_factor"/>
    <testcase time="0.00800000000072032" classname="validate_standard_inputs" name="validate_arm_throws_specific_shiny_error_if_arm_vec_has_just_whitespace_strings"/>
    <testcase time="0.00399999999990541" classname="validate_standard_inputs" name="validate_arm_throws_specific_shiny_error_if_arm_vec_has_just_whitespace_strings"/>
    <testcase time="0.00500000000010914" classname="validate_standard_inputs" name="validate_arm_throws_no_error_if_arm_vec_is_a_factor"/>
    <testcase time="0.00199999999949796" classname="validate_standard_inputs" name="validate_arm_throws_no_error_if_arm_vec_is_a_factor"/>
  </testsuite>
</testsuites>
