<?xml version="1.0" encoding="UTF-8"?>
<testsuites>
  <testsuite name="examples" timestamp="2024-05-03T19:10:45Z" hostname="417dbcd24b4b" tests="110" skipped="110" failures="0" errors="0" time="1.472">
    <testcase time="0.00900000000000034" classname="examples" name="example_add_expr.Rd">
      <skipped message="Reason: On CRAN ('test-examples.R:120:7')"/>
    </testcase>
    <testcase time="0.0569999999999999" classname="examples" name="example_arm_ref_comp_observer.Rd">
      <skipped message="Reason: On CRAN ('test-examples.R:120:7')"/>
    </testcase>
    <testcase time="0.0339999999999998" classname="examples" name="example_as_num.Rd">
      <skipped message="Reason: On CRAN ('test-examples.R:120:7')"/>
    </testcase>
    <testcase time="0.016" classname="examples" name="example_bracket_expr.Rd">
      <skipped message="Reason: On CRAN ('test-examples.R:120:7')"/>
    </testcase>
    <testcase time="0.016" classname="examples" name="example_call_concatenate.Rd">
      <skipped message="Reason: On CRAN ('test-examples.R:120:7')"/>
    </testcase>
    <testcase time="0.0150000000000001" classname="examples" name="example_check_arm_ref_comp.Rd">
      <skipped message="Reason: On CRAN ('test-examples.R:120:7')"/>
    </testcase>
    <testcase time="0.016" classname="examples" name="example_clean_description.Rd">
      <skipped message="Reason: On CRAN ('test-examples.R:120:7')"/>
    </testcase>
    <testcase time="0.016" classname="examples" name="example_color_lab_values.Rd">
      <skipped message="Reason: On CRAN ('test-examples.R:120:7')"/>
    </testcase>
    <testcase time="0.0150000000000001" classname="examples" name="example_column_annotation_label.Rd">
      <skipped message="Reason: On CRAN ('test-examples.R:120:7')"/>
    </testcase>
    <testcase time="0.0159999999999996" classname="examples" name="example_control_tte.Rd">
      <skipped message="Reason: On CRAN ('test-examples.R:120:7')"/>
    </testcase>
    <testcase time="0.016" classname="examples" name="example_cs_to_des_filter.Rd">
      <skipped message="Reason: On CRAN ('test-examples.R:120:7')"/>
    </testcase>
    <testcase time="0.0150000000000001" classname="examples" name="example_cs_to_des_select.Rd">
      <skipped message="Reason: On CRAN ('test-examples.R:120:7')"/>
    </testcase>
    <testcase time="0.016" classname="examples" name="example_cs_to_filter_spec.Rd">
      <skipped message="Reason: On CRAN ('test-examples.R:120:7')"/>
    </testcase>
    <testcase time="0.016" classname="examples" name="example_cs_to_select_spec.Rd">
      <skipped message="Reason: On CRAN ('test-examples.R:120:7')"/>
    </testcase>
    <testcase time="0.016" classname="examples" name="example_default_total_label.Rd">
      <skipped message="Reason: On CRAN ('test-examples.R:120:7')"/>
    </testcase>
    <testcase time="0.0150000000000001" classname="examples" name="example_ex_data.Rd">
      <skipped message="Reason: On CRAN ('test-examples.R:120:7')"/>
    </testcase>
    <testcase time="0.016" classname="examples" name="example_extract_input.Rd">
      <skipped message="Reason: On CRAN ('test-examples.R:120:7')"/>
    </testcase>
    <testcase time="0.0149999999999997" classname="examples" name="example_facet_grid_formula.Rd">
      <skipped message="Reason: On CRAN ('test-examples.R:120:7')"/>
    </testcase>
    <testcase time="0.0300000000000002" classname="examples" name="example_get_g_forest_obj_var_name.Rd">
      <skipped message="Reason: On CRAN ('test-examples.R:120:7')"/>
    </testcase>
    <testcase time="0.0129999999999999" classname="examples" name="example_get_paramcd_label.Rd">
      <skipped message="Reason: On CRAN ('test-examples.R:120:7')"/>
    </testcase>
    <testcase time="0.012" classname="examples" name="example_get_var_labels.Rd">
      <skipped message="Reason: On CRAN ('test-examples.R:120:7')"/>
    </testcase>
    <testcase time="0.0129999999999999" classname="examples" name="example_h_concat_expr.Rd">
      <skipped message="Reason: On CRAN ('test-examples.R:120:7')"/>
    </testcase>
    <testcase time="0.012" classname="examples" name="example_is.cs_or_des.Rd">
      <skipped message="Reason: On CRAN ('test-examples.R:120:7')"/>
    </testcase>
    <testcase time="0.012" classname="examples" name="example_make_barchart_simple_call.Rd">
      <skipped message="Reason: On CRAN ('test-examples.R:120:7')"/>
    </testcase>
    <testcase time="0.0130000000000003" classname="examples" name="example_module_arguments.Rd">
      <skipped message="Reason: On CRAN ('test-examples.R:120:7')"/>
    </testcase>
    <testcase time="0.012" classname="examples" name="example_pipe_expr.Rd">
      <skipped message="Reason: On CRAN ('test-examples.R:120:7')"/>
    </testcase>
    <testcase time="0.0119999999999996" classname="examples" name="example_prepare_arm.Rd">
      <skipped message="Reason: On CRAN ('test-examples.R:120:7')"/>
    </testcase>
    <testcase time="0.012" classname="examples" name="example_prepare_arm_levels.Rd">
      <skipped message="Reason: On CRAN ('test-examples.R:120:7')"/>
    </testcase>
    <testcase time="0.012" classname="examples" name="example_split_choices.Rd">
      <skipped message="Reason: On CRAN ('test-examples.R:120:7')"/>
    </testcase>
    <testcase time="0.0130000000000003" classname="examples" name="example_split_col_expr.Rd">
      <skipped message="Reason: On CRAN ('test-examples.R:120:7')"/>
    </testcase>
    <testcase time="0.012" classname="examples" name="example_split_interactions.Rd">
      <skipped message="Reason: On CRAN ('test-examples.R:120:7')"/>
    </testcase>
    <testcase time="0.012" classname="examples" name="example_substitute_names.Rd">
      <skipped message="Reason: On CRAN ('test-examples.R:120:7')"/>
    </testcase>
    <testcase time="0.012" classname="examples" name="example_substitute_q.Rd">
      <skipped message="Reason: On CRAN ('test-examples.R:120:7')"/>
    </testcase>
    <testcase time="0.012" classname="examples" name="example_teal.modules.clinical_package.Rd">
      <skipped message="Reason: On CRAN ('test-examples.R:120:7')"/>
    </testcase>
    <testcase time="0.0129999999999999" classname="examples" name="example_template_a_gee.Rd">
      <skipped message="Reason: On CRAN ('test-examples.R:120:7')"/>
    </testcase>
    <testcase time="0.012" classname="examples" name="example_template_abnormality.Rd">
      <skipped message="Reason: On CRAN ('test-examples.R:120:7')"/>
    </testcase>
    <testcase time="0.012" classname="examples" name="example_template_abnormality_by_worst_grade.Rd">
      <skipped message="Reason: On CRAN ('test-examples.R:120:7')"/>
    </testcase>
    <testcase time="0.012" classname="examples" name="example_template_adverse_events.Rd">
      <skipped message="Reason: On CRAN ('test-examples.R:120:7')"/>
    </testcase>
    <testcase time="0.012" classname="examples" name="example_template_ancova.Rd">
      <skipped message="Reason: On CRAN ('test-examples.R:120:7')"/>
    </testcase>
    <testcase time="0.012" classname="examples" name="example_template_arguments.Rd">
      <skipped message="Reason: On CRAN ('test-examples.R:120:7')"/>
    </testcase>
    <testcase time="0.012" classname="examples" name="example_template_basic_info.Rd">
      <skipped message="Reason: On CRAN ('test-examples.R:120:7')"/>
    </testcase>
    <testcase time="0.0149999999999997" classname="examples" name="example_template_binary_outcome.Rd">
      <skipped message="Reason: On CRAN ('test-examples.R:120:7')"/>
    </testcase>
    <testcase time="0.012" classname="examples" name="example_template_coxreg_m.Rd">
      <skipped message="Reason: On CRAN ('test-examples.R:120:7')"/>
    </testcase>
    <testcase time="0.012" classname="examples" name="example_template_coxreg_u.Rd">
      <skipped message="Reason: On CRAN ('test-examples.R:120:7')"/>
    </testcase>
    <testcase time="0.012" classname="examples" name="example_template_events.Rd">
      <skipped message="Reason: On CRAN ('test-examples.R:120:7')"/>
    </testcase>
    <testcase time="0.012" classname="examples" name="example_template_events_by_grade.Rd">
      <skipped message="Reason: On CRAN ('test-examples.R:120:7')"/>
    </testcase>
    <testcase time="0.012" classname="examples" name="example_template_events_col_by_grade.Rd">
      <skipped message="Reason: On CRAN ('test-examples.R:120:7')"/>
    </testcase>
    <testcase time="0.012" classname="examples" name="example_template_events_patyear.Rd">
      <skipped message="Reason: On CRAN ('test-examples.R:120:7')"/>
    </testcase>
    <testcase time="0.0110000000000001" classname="examples" name="example_template_events_summary.Rd">
      <skipped message="Reason: On CRAN ('test-examples.R:120:7')"/>
    </testcase>
    <testcase time="0.012" classname="examples" name="example_template_exposure.Rd">
      <skipped message="Reason: On CRAN ('test-examples.R:120:7')"/>
    </testcase>
    <testcase time="0.012" classname="examples" name="example_template_fit_mmrm.Rd">
      <skipped message="Reason: On CRAN ('test-examples.R:120:7')"/>
    </testcase>
    <testcase time="0.0110000000000001" classname="examples" name="example_template_forest_rsp.Rd">
      <skipped message="Reason: On CRAN ('test-examples.R:120:7')"/>
    </testcase>
    <testcase time="0.012" classname="examples" name="example_template_forest_tte.Rd">
      <skipped message="Reason: On CRAN ('test-examples.R:120:7')"/>
    </testcase>
    <testcase time="0.012" classname="examples" name="example_template_g_ci.Rd">
      <skipped message="Reason: On CRAN ('test-examples.R:120:7')"/>
    </testcase>
    <testcase time="0.012" classname="examples" name="example_template_g_ipp.Rd">
      <skipped message="Reason: On CRAN ('test-examples.R:120:7')"/>
    </testcase>
    <testcase time="0.0109999999999997" classname="examples" name="example_template_g_km.Rd">
      <skipped message="Reason: On CRAN ('test-examples.R:120:7')"/>
    </testcase>
    <testcase time="0.012" classname="examples" name="example_template_g_lineplot.Rd">
      <skipped message="Reason: On CRAN ('test-examples.R:120:7')"/>
    </testcase>
    <testcase time="0.012" classname="examples" name="example_template_laboratory.Rd">
      <skipped message="Reason: On CRAN ('test-examples.R:120:7')"/>
    </testcase>
    <testcase time="0.012" classname="examples" name="example_template_logistic.Rd">
      <skipped message="Reason: On CRAN ('test-examples.R:120:7')"/>
    </testcase>
    <testcase time="0.0110000000000001" classname="examples" name="example_template_medical_history.Rd">
      <skipped message="Reason: On CRAN ('test-examples.R:120:7')"/>
    </testcase>
    <testcase time="0.012" classname="examples" name="example_template_mult_events.Rd">
      <skipped message="Reason: On CRAN ('test-examples.R:120:7')"/>
    </testcase>
    <testcase time="0.012" classname="examples" name="example_template_patient_timeline.Rd">
      <skipped message="Reason: On CRAN ('test-examples.R:120:7')"/>
    </testcase>
    <testcase time="0.012" classname="examples" name="example_template_prior_medication.Rd">
      <skipped message="Reason: On CRAN ('test-examples.R:120:7')"/>
    </testcase>
    <testcase time="0.012" classname="examples" name="example_template_shift_by_arm.Rd">
      <skipped message="Reason: On CRAN ('test-examples.R:120:7')"/>
    </testcase>
    <testcase time="0.016" classname="examples" name="example_template_shift_by_arm_by_worst.Rd">
      <skipped message="Reason: On CRAN ('test-examples.R:120:7')"/>
    </testcase>
    <testcase time="0.012" classname="examples" name="example_template_shift_by_grade.Rd">
      <skipped message="Reason: On CRAN ('test-examples.R:120:7')"/>
    </testcase>
    <testcase time="0.0110000000000001" classname="examples" name="example_template_smq.Rd">
      <skipped message="Reason: On CRAN ('test-examples.R:120:7')"/>
    </testcase>
    <testcase time="0.012" classname="examples" name="example_template_summary.Rd">
      <skipped message="Reason: On CRAN ('test-examples.R:120:7')"/>
    </testcase>
    <testcase time="0.0119999999999996" classname="examples" name="example_template_summary_by.Rd">
      <skipped message="Reason: On CRAN ('test-examples.R:120:7')"/>
    </testcase>
    <testcase time="0.012" classname="examples" name="example_template_therapy.Rd">
      <skipped message="Reason: On CRAN ('test-examples.R:120:7')"/>
    </testcase>
    <testcase time="0.012" classname="examples" name="example_template_tte.Rd">
      <skipped message="Reason: On CRAN ('test-examples.R:120:7')"/>
    </testcase>
    <testcase time="0.012" classname="examples" name="example_template_vitals.Rd">
      <skipped message="Reason: On CRAN ('test-examples.R:120:7')"/>
    </testcase>
    <testcase time="0.0110000000000001" classname="examples" name="example_tm_a_gee.Rd">
      <skipped message="Reason: On CRAN ('test-examples.R:120:7')"/>
    </testcase>
    <testcase time="0.012" classname="examples" name="example_tm_a_mmrm.Rd">
      <skipped message="Reason: On CRAN ('test-examples.R:120:7')"/>
    </testcase>
    <testcase time="0.012" classname="examples" name="example_tm_g_barchart_simple.Rd">
      <skipped message="Reason: On CRAN ('test-examples.R:120:7')"/>
    </testcase>
    <testcase time="0.012" classname="examples" name="example_tm_g_ci.Rd">
      <skipped message="Reason: On CRAN ('test-examples.R:120:7')"/>
    </testcase>
    <testcase time="0.0129999999999999" classname="examples" name="example_tm_g_forest_rsp.Rd">
      <skipped message="Reason: On CRAN ('test-examples.R:120:7')"/>
    </testcase>
    <testcase time="0.012" classname="examples" name="example_tm_g_forest_tte.Rd">
      <skipped message="Reason: On CRAN ('test-examples.R:120:7')"/>
    </testcase>
    <testcase time="0.012" classname="examples" name="example_tm_g_ipp.Rd">
      <skipped message="Reason: On CRAN ('test-examples.R:120:7')"/>
    </testcase>
    <testcase time="0.012" classname="examples" name="example_tm_g_km.Rd">
      <skipped message="Reason: On CRAN ('test-examples.R:120:7')"/>
    </testcase>
    <testcase time="0.012" classname="examples" name="example_tm_g_lineplot.Rd">
      <skipped message="Reason: On CRAN ('test-examples.R:120:7')"/>
    </testcase>
    <testcase time="0.012" classname="examples" name="example_tm_g_pp_adverse_events.Rd">
      <skipped message="Reason: On CRAN ('test-examples.R:120:7')"/>
    </testcase>
    <testcase time="0.0110000000000001" classname="examples" name="example_tm_g_pp_patient_timeline.Rd">
      <skipped message="Reason: On CRAN ('test-examples.R:120:7')"/>
    </testcase>
    <testcase time="0.0129999999999999" classname="examples" name="example_tm_g_pp_therapy.Rd">
      <skipped message="Reason: On CRAN ('test-examples.R:120:7')"/>
    </testcase>
    <testcase time="0.012" classname="examples" name="example_tm_g_pp_vitals.Rd">
      <skipped message="Reason: On CRAN ('test-examples.R:120:7')"/>
    </testcase>
    <testcase time="0.012" classname="examples" name="example_tm_t_abnormality.Rd">
      <skipped message="Reason: On CRAN ('test-examples.R:120:7')"/>
    </testcase>
    <testcase time="0.016" classname="examples" name="example_tm_t_abnormality_by_worst_grade.Rd">
      <skipped message="Reason: On CRAN ('test-examples.R:120:7')"/>
    </testcase>
    <testcase time="0.012" classname="examples" name="example_tm_t_ancova.Rd">
      <skipped message="Reason: On CRAN ('test-examples.R:120:7')"/>
    </testcase>
    <testcase time="0.012" classname="examples" name="example_tm_t_binary_outcome.Rd">
      <skipped message="Reason: On CRAN ('test-examples.R:120:7')"/>
    </testcase>
    <testcase time="0.0129999999999999" classname="examples" name="example_tm_t_coxreg.Rd">
      <skipped message="Reason: On CRAN ('test-examples.R:120:7')"/>
    </testcase>
    <testcase time="0.012" classname="examples" name="example_tm_t_events.Rd">
      <skipped message="Reason: On CRAN ('test-examples.R:120:7')"/>
    </testcase>
    <testcase time="0.0110000000000001" classname="examples" name="example_tm_t_events_by_grade.Rd">
      <skipped message="Reason: On CRAN ('test-examples.R:120:7')"/>
    </testcase>
    <testcase time="0.012" classname="examples" name="example_tm_t_events_patyear.Rd">
      <skipped message="Reason: On CRAN ('test-examples.R:120:7')"/>
    </testcase>
    <testcase time="0.012" classname="examples" name="example_tm_t_events_summary.Rd">
      <skipped message="Reason: On CRAN ('test-examples.R:120:7')"/>
    </testcase>
    <testcase time="0.012" classname="examples" name="example_tm_t_exposure.Rd">
      <skipped message="Reason: On CRAN ('test-examples.R:120:7')"/>
    </testcase>
    <testcase time="0.012" classname="examples" name="example_tm_t_logistic.Rd">
      <skipped message="Reason: On CRAN ('test-examples.R:120:7')"/>
    </testcase>
    <testcase time="0.012" classname="examples" name="example_tm_t_mult_events.Rd">
      <skipped message="Reason: On CRAN ('test-examples.R:120:7')"/>
    </testcase>
    <testcase time="0.012" classname="examples" name="example_tm_t_pp_basic_info.Rd">
      <skipped message="Reason: On CRAN ('test-examples.R:120:7')"/>
    </testcase>
    <testcase time="0.012" classname="examples" name="example_tm_t_pp_laboratory.Rd">
      <skipped message="Reason: On CRAN ('test-examples.R:120:7')"/>
    </testcase>
    <testcase time="0.012" classname="examples" name="example_tm_t_pp_medical_history.Rd">
      <skipped message="Reason: On CRAN ('test-examples.R:120:7')"/>
    </testcase>
    <testcase time="0.012" classname="examples" name="example_tm_t_pp_prior_medication.Rd">
      <skipped message="Reason: On CRAN ('test-examples.R:120:7')"/>
    </testcase>
    <testcase time="0.012" classname="examples" name="example_tm_t_shift_by_arm.Rd">
      <skipped message="Reason: On CRAN ('test-examples.R:120:7')"/>
    </testcase>
    <testcase time="0.012" classname="examples" name="example_tm_t_shift_by_arm_by_worst.Rd">
      <skipped message="Reason: On CRAN ('test-examples.R:120:7')"/>
    </testcase>
    <testcase time="0.012" classname="examples" name="example_tm_t_shift_by_grade.Rd">
      <skipped message="Reason: On CRAN ('test-examples.R:120:7')"/>
    </testcase>
    <testcase time="0.012" classname="examples" name="example_tm_t_smq.Rd">
      <skipped message="Reason: On CRAN ('test-examples.R:120:7')"/>
    </testcase>
    <testcase time="0.012" classname="examples" name="example_tm_t_summary.Rd">
      <skipped message="Reason: On CRAN ('test-examples.R:120:7')"/>
    </testcase>
    <testcase time="0.012" classname="examples" name="example_tm_t_summary_by.Rd">
      <skipped message="Reason: On CRAN ('test-examples.R:120:7')"/>
    </testcase>
    <testcase time="0.012" classname="examples" name="example_tm_t_tte.Rd">
      <skipped message="Reason: On CRAN ('test-examples.R:120:7')"/>
    </testcase>
    <testcase time="0.012" classname="examples" name="example_validate_arm.Rd">
      <skipped message="Reason: On CRAN ('test-examples.R:120:7')"/>
    </testcase>
    <testcase time="0.016" classname="examples" name="example_validate_standard_inputs.Rd">
      <skipped message="Reason: On CRAN ('test-examples.R:120:7')"/>
    </testcase>
  </testsuite>
  <testsuite name="facet_grid_formula" timestamp="2024-05-03T19:10:46Z" hostname="417dbcd24b4b" tests="4" skipped="0" failures="0" errors="0" time="0.031">
    <testcase time="0.0229999999999997" classname="facet_grid_formula" name="facet_grid_formula_works"/>
    <testcase time="0.00300000000000011" classname="facet_grid_formula" name="facet_grid_formula_works"/>
    <testcase time="0.00199999999999978" classname="facet_grid_formula" name="facet_grid_formula_works"/>
    <testcase time="0.00300000000000011" classname="facet_grid_formula" name="facet_grid_formula_works"/>
  </testsuite>
  <testsuite name="shinytest2-tm_a_gee" timestamp="2024-05-03T19:10:46Z" hostname="417dbcd24b4b" tests="48" skipped="0" failures="0" errors="0" time="142.853">
    <testcase time="7.422" classname="shinytest2_tm_a_gee" name="e2e_tm_a_gee_Module_initializes_in_teal_without_errors_and_produces_table_output."/>
    <testcase time="0.00600000000000023" classname="shinytest2_tm_a_gee" name="e2e_tm_a_gee_Module_initializes_in_teal_without_errors_and_produces_table_output."/>
    <testcase time="0.00899999999999856" classname="shinytest2_tm_a_gee" name="e2e_tm_a_gee_Module_initializes_in_teal_without_errors_and_produces_table_output."/>
    <testcase time="6.121" classname="shinytest2_tm_a_gee" name="e2e_tm_a_gee_Starts_with_specified_label_id_var_arm_var_visit_var_paramcd_cov_var_conf_level_and_conf_struct."/>
    <testcase time="0.0949999999999989" classname="shinytest2_tm_a_gee" name="e2e_tm_a_gee_Starts_with_specified_label_id_var_arm_var_visit_var_paramcd_cov_var_conf_level_and_conf_struct."/>
    <testcase time="0.0599999999999987" classname="shinytest2_tm_a_gee" name="e2e_tm_a_gee_Starts_with_specified_label_id_var_arm_var_visit_var_paramcd_cov_var_conf_level_and_conf_struct."/>
    <testcase time="0.0560000000000009" classname="shinytest2_tm_a_gee" name="e2e_tm_a_gee_Starts_with_specified_label_id_var_arm_var_visit_var_paramcd_cov_var_conf_level_and_conf_struct."/>
    <testcase time="0.0599999999999987" classname="shinytest2_tm_a_gee" name="e2e_tm_a_gee_Starts_with_specified_label_id_var_arm_var_visit_var_paramcd_cov_var_conf_level_and_conf_struct."/>
    <testcase time="0.0560000000000009" classname="shinytest2_tm_a_gee" name="e2e_tm_a_gee_Starts_with_specified_label_id_var_arm_var_visit_var_paramcd_cov_var_conf_level_and_conf_struct."/>
    <testcase time="0.0560000000000009" classname="shinytest2_tm_a_gee" name="e2e_tm_a_gee_Starts_with_specified_label_id_var_arm_var_visit_var_paramcd_cov_var_conf_level_and_conf_struct."/>
    <testcase time="0.0560000000000009" classname="shinytest2_tm_a_gee" name="e2e_tm_a_gee_Starts_with_specified_label_id_var_arm_var_visit_var_paramcd_cov_var_conf_level_and_conf_struct."/>
    <testcase time="0.0559999999999974" classname="shinytest2_tm_a_gee" name="e2e_tm_a_gee_Starts_with_specified_label_id_var_arm_var_visit_var_paramcd_cov_var_conf_level_and_conf_struct."/>
    <testcase time="0.00500000000000256" classname="shinytest2_tm_a_gee" name="e2e_tm_a_gee_Starts_with_specified_label_id_var_arm_var_visit_var_paramcd_cov_var_conf_level_and_conf_struct."/>
    <testcase time="7.729" classname="shinytest2_tm_a_gee" name="e2e_tm_a_gee_Selection_of_id_var_does_not_change_the_table_and_does_not_throw_validation_errors."/>
    <testcase time="0.00499999999999901" classname="shinytest2_tm_a_gee" name="e2e_tm_a_gee_Selection_of_id_var_does_not_change_the_table_and_does_not_throw_validation_errors."/>
    <testcase time="6.849" classname="shinytest2_tm_a_gee" name="e2e_tm_a_gee_Deselection_of_id_var_throws_validation_error."/>
    <testcase time="0.00600000000000023" classname="shinytest2_tm_a_gee" name="e2e_tm_a_gee_Deselection_of_id_var_throws_validation_error."/>
    <testcase time="0.00600000000000023" classname="shinytest2_tm_a_gee" name="e2e_tm_a_gee_Deselection_of_id_var_throws_validation_error."/>
    <testcase time="7.455" classname="shinytest2_tm_a_gee" name="e2e_tm_a_gee_Change_in_arm_var_changes_the_table_and_does_not_throw_validation_errors."/>
    <testcase time="0.00600000000000023" classname="shinytest2_tm_a_gee" name="e2e_tm_a_gee_Change_in_arm_var_changes_the_table_and_does_not_throw_validation_errors."/>
    <testcase time="7.081" classname="shinytest2_tm_a_gee" name="e2e_tm_a_gee_Deselection_of_arm_var_throws_validation_error."/>
    <testcase time="0.0069999999999979" classname="shinytest2_tm_a_gee" name="e2e_tm_a_gee_Deselection_of_arm_var_throws_validation_error."/>
    <testcase time="0.00500000000000256" classname="shinytest2_tm_a_gee" name="e2e_tm_a_gee_Deselection_of_arm_var_throws_validation_error."/>
    <testcase time="7.434" classname="shinytest2_tm_a_gee" name="e2e_tm_a_gee_Selection_of_visit_var_does_not_change_the_table_and_does_not_throw_validation_errors."/>
    <testcase time="0.00600000000000023" classname="shinytest2_tm_a_gee" name="e2e_tm_a_gee_Selection_of_visit_var_does_not_change_the_table_and_does_not_throw_validation_errors."/>
    <testcase time="7.434" classname="shinytest2_tm_a_gee" name="e2e_tm_a_gee_Deselection_of_visit_var_throws_validation_error."/>
    <testcase time="0.00599999999999312" classname="shinytest2_tm_a_gee" name="e2e_tm_a_gee_Deselection_of_visit_var_throws_validation_error."/>
    <testcase time="0.00600000000000023" classname="shinytest2_tm_a_gee" name="e2e_tm_a_gee_Deselection_of_visit_var_throws_validation_error."/>
    <testcase time="7.39200000000001" classname="shinytest2_tm_a_gee" name="e2e_tm_a_gee_Selection_of_paramcd_changes_the_table_and_does_not_throw_validation_errors."/>
    <testcase time="0.00600000000000023" classname="shinytest2_tm_a_gee" name="e2e_tm_a_gee_Selection_of_paramcd_changes_the_table_and_does_not_throw_validation_errors."/>
    <testcase time="6.886" classname="shinytest2_tm_a_gee" name="e2e_tm_a_gee_Deselection_of_paramcd_throws_validation_error."/>
    <testcase time="0.00600000000000023" classname="shinytest2_tm_a_gee" name="e2e_tm_a_gee_Deselection_of_paramcd_throws_validation_error."/>
    <testcase time="0.00600000000000023" classname="shinytest2_tm_a_gee" name="e2e_tm_a_gee_Deselection_of_paramcd_throws_validation_error."/>
    <testcase time="7.607" classname="shinytest2_tm_a_gee" name="e2e_tm_a_gee_Selection_of_cov_var_changes_the_table_and_does_not_throw_validation_errors."/>
    <testcase time="0.00600000000000023" classname="shinytest2_tm_a_gee" name="e2e_tm_a_gee_Selection_of_cov_var_changes_the_table_and_does_not_throw_validation_errors."/>
    <testcase time="7.545" classname="shinytest2_tm_a_gee" name="e2e_tm_a_gee_Selection_of_conf_level_changes_the_table_and_does_not_throw_validation_errors."/>
    <testcase time="0.00600000000000023" classname="shinytest2_tm_a_gee" name="e2e_tm_a_gee_Selection_of_conf_level_changes_the_table_and_does_not_throw_validation_errors."/>
    <testcase time="6.767" classname="shinytest2_tm_a_gee" name="e2e_tm_a_gee_Selection_of_conf_level_out_of_0_1_range_throws_validation_error."/>
    <testcase time="0.00600000000000023" classname="shinytest2_tm_a_gee" name="e2e_tm_a_gee_Selection_of_conf_level_out_of_0_1_range_throws_validation_error."/>
    <testcase time="0.00600000000000023" classname="shinytest2_tm_a_gee" name="e2e_tm_a_gee_Selection_of_conf_level_out_of_0_1_range_throws_validation_error."/>
    <testcase time="6.742" classname="shinytest2_tm_a_gee" name="e2e_tm_a_gee_Deselection_of_conf_level_throws_validation_error."/>
    <testcase time="0.00600000000000023" classname="shinytest2_tm_a_gee" name="e2e_tm_a_gee_Deselection_of_conf_level_throws_validation_error."/>
    <testcase time="0.00600000000000023" classname="shinytest2_tm_a_gee" name="e2e_tm_a_gee_Deselection_of_conf_level_throws_validation_error."/>
    <testcase time="7.395" classname="shinytest2_tm_a_gee" name="e2e_tm_a_gee_Selection_of_cor_struct_changes_the_table_and_does_not_throw_validation_errors."/>
    <testcase time="0.00600000000000023" classname="shinytest2_tm_a_gee" name="e2e_tm_a_gee_Selection_of_cor_struct_changes_the_table_and_does_not_throw_validation_errors."/>
    <testcase time="26.802" classname="shinytest2_tm_a_gee" name="e2e_tm_a_gee_Deselection_of_cor_struct_does_not_throw_validation_error."/>
    <testcase time="7.55799999999999" classname="shinytest2_tm_a_gee" name="e2e_tm_a_gee_Selection_of_output_table_changes_the_table_and_doesn_t_throw_validation_error."/>
    <testcase time="0.00600000000000023" classname="shinytest2_tm_a_gee" name="e2e_tm_a_gee_Selection_of_output_table_changes_the_table_and_doesn_t_throw_validation_error."/>
  </testsuite>
  <testsuite name="shinytest2-tm_g_barchart_simple" timestamp="2024-05-03T19:13:09Z" hostname="417dbcd24b4b" tests="73" skipped="0" failures="0" errors="0" time="224.312">
    <testcase time="7.18300000000002" classname="shinytest2_tm_g_barchart_simple" name="e2e_tm_g_barchart_simple_Module_initializes_in_teal_without_errors_and_produces_output."/>
    <testcase time="0.00600000000000023" classname="shinytest2_tm_g_barchart_simple" name="e2e_tm_g_barchart_simple_Module_initializes_in_teal_without_errors_and_produces_output."/>
    <testcase time="0.00799999999998136" classname="shinytest2_tm_g_barchart_simple" name="e2e_tm_g_barchart_simple_Module_initializes_in_teal_without_errors_and_produces_output."/>
    <testcase time="0.00900000000001455" classname="shinytest2_tm_g_barchart_simple" name="e2e_tm_g_barchart_simple_Module_initializes_in_teal_without_errors_and_produces_output."/>
    <testcase time="7.233" classname="shinytest2_tm_g_barchart_simple" name="e2e_tm_g_barchart_simple_Starts_with_specified_label_id_var_arm_var_visit_var_paramcd_cov_var_conf_level_and_conf_struct."/>
    <testcase time="0.10499999999999" classname="shinytest2_tm_g_barchart_simple" name="e2e_tm_g_barchart_simple_Starts_with_specified_label_id_var_arm_var_visit_var_paramcd_cov_var_conf_level_and_conf_struct."/>
    <testcase time="0.061000000000007" classname="shinytest2_tm_g_barchart_simple" name="e2e_tm_g_barchart_simple_Starts_with_specified_label_id_var_arm_var_visit_var_paramcd_cov_var_conf_level_and_conf_struct."/>
    <testcase time="0.0589999999999975" classname="shinytest2_tm_g_barchart_simple" name="e2e_tm_g_barchart_simple_Starts_with_specified_label_id_var_arm_var_visit_var_paramcd_cov_var_conf_level_and_conf_struct."/>
    <testcase time="0.0600000000000023" classname="shinytest2_tm_g_barchart_simple" name="e2e_tm_g_barchart_simple_Starts_with_specified_label_id_var_arm_var_visit_var_paramcd_cov_var_conf_level_and_conf_struct."/>
    <testcase time="0.0600000000000023" classname="shinytest2_tm_g_barchart_simple" name="e2e_tm_g_barchart_simple_Starts_with_specified_label_id_var_arm_var_visit_var_paramcd_cov_var_conf_level_and_conf_struct."/>
    <testcase time="0.0600000000000023" classname="shinytest2_tm_g_barchart_simple" name="e2e_tm_g_barchart_simple_Starts_with_specified_label_id_var_arm_var_visit_var_paramcd_cov_var_conf_level_and_conf_struct."/>
    <testcase time="0.0609999999999786" classname="shinytest2_tm_g_barchart_simple" name="e2e_tm_g_barchart_simple_Starts_with_specified_label_id_var_arm_var_visit_var_paramcd_cov_var_conf_level_and_conf_struct."/>
    <testcase time="0.0600000000000023" classname="shinytest2_tm_g_barchart_simple" name="e2e_tm_g_barchart_simple_Starts_with_specified_label_id_var_arm_var_visit_var_paramcd_cov_var_conf_level_and_conf_struct."/>
    <testcase time="0.0589999999999975" classname="shinytest2_tm_g_barchart_simple" name="e2e_tm_g_barchart_simple_Starts_with_specified_label_id_var_arm_var_visit_var_paramcd_cov_var_conf_level_and_conf_struct."/>
    <testcase time="0.0600000000000023" classname="shinytest2_tm_g_barchart_simple" name="e2e_tm_g_barchart_simple_Starts_with_specified_label_id_var_arm_var_visit_var_paramcd_cov_var_conf_level_and_conf_struct."/>
    <testcase time="0.0560000000000116" classname="shinytest2_tm_g_barchart_simple" name="e2e_tm_g_barchart_simple_Starts_with_specified_label_id_var_arm_var_visit_var_paramcd_cov_var_conf_level_and_conf_struct."/>
    <testcase time="0.0560000000000116" classname="shinytest2_tm_g_barchart_simple" name="e2e_tm_g_barchart_simple_Starts_with_specified_label_id_var_arm_var_visit_var_paramcd_cov_var_conf_level_and_conf_struct."/>
    <testcase time="0.0559999999999832" classname="shinytest2_tm_g_barchart_simple" name="e2e_tm_g_barchart_simple_Starts_with_specified_label_id_var_arm_var_visit_var_paramcd_cov_var_conf_level_and_conf_struct."/>
    <testcase time="0.0560000000000116" classname="shinytest2_tm_g_barchart_simple" name="e2e_tm_g_barchart_simple_Starts_with_specified_label_id_var_arm_var_visit_var_paramcd_cov_var_conf_level_and_conf_struct."/>
    <testcase time="9.68600000000001" classname="shinytest2_tm_g_barchart_simple" name="e2e_tm_g_barchart_simple_Selection_of_x_changes_the_element_and_does_not_throw_validation_errors"/>
    <testcase time="0.00600000000000023" classname="shinytest2_tm_g_barchart_simple" name="e2e_tm_g_barchart_simple_Selection_of_x_changes_the_element_and_does_not_throw_validation_errors"/>
    <testcase time="7.92299999999997" classname="shinytest2_tm_g_barchart_simple" name="e2e_tm_g_barchart_simple_Deselection_of_x_throws_validation_error."/>
    <testcase time="0.007000000000005" classname="shinytest2_tm_g_barchart_simple" name="e2e_tm_g_barchart_simple_Deselection_of_x_throws_validation_error."/>
    <testcase time="9.471" classname="shinytest2_tm_g_barchart_simple" name="e2e_tm_g_barchart_simple_Selection_of_fill_dataset_changes_the_element_and_does_not_throw_validation_errors"/>
    <testcase time="0.100999999999999" classname="shinytest2_tm_g_barchart_simple" name="e2e_tm_g_barchart_simple_Selection_of_fill_dataset_changes_the_element_and_does_not_throw_validation_errors"/>
    <testcase time="2.11500000000001" classname="shinytest2_tm_g_barchart_simple" name="e2e_tm_g_barchart_simple_Selection_of_fill_dataset_changes_the_element_and_does_not_throw_validation_errors"/>
    <testcase time="0.007000000000005" classname="shinytest2_tm_g_barchart_simple" name="e2e_tm_g_barchart_simple_Selection_of_fill_dataset_changes_the_element_and_does_not_throw_validation_errors"/>
    <testcase time="9.82399999999998" classname="shinytest2_tm_g_barchart_simple" name="e2e_tm_g_barchart_simple_De_selection_of_fill_dataset_changes_the_element_and_does_not_throw_validation_errors"/>
    <testcase time="0.0300000000000011" classname="shinytest2_tm_g_barchart_simple" name="e2e_tm_g_barchart_simple_De_selection_of_fill_dataset_changes_the_element_and_does_not_throw_validation_errors"/>
    <testcase time="0.00600000000000023" classname="shinytest2_tm_g_barchart_simple" name="e2e_tm_g_barchart_simple_De_selection_of_fill_dataset_changes_the_element_and_does_not_throw_validation_errors"/>
    <testcase time="9.03200000000001" classname="shinytest2_tm_g_barchart_simple" name="e2e_tm_g_barchart_simple_Selection_of_x_facet_dataset_changes_the_element_and_does_not_throw_validation_errors"/>
    <testcase time="0.195999999999998" classname="shinytest2_tm_g_barchart_simple" name="e2e_tm_g_barchart_simple_Selection_of_x_facet_dataset_changes_the_element_and_does_not_throw_validation_errors"/>
    <testcase time="2.255" classname="shinytest2_tm_g_barchart_simple" name="e2e_tm_g_barchart_simple_Selection_of_x_facet_dataset_changes_the_element_and_does_not_throw_validation_errors"/>
    <testcase time="0.007000000000005" classname="shinytest2_tm_g_barchart_simple" name="e2e_tm_g_barchart_simple_Selection_of_x_facet_dataset_changes_the_element_and_does_not_throw_validation_errors"/>
    <testcase time="9.06100000000001" classname="shinytest2_tm_g_barchart_simple" name="e2e_tm_g_barchart_simple_De_selection_of_x_facet_dataset_changes_the_element_and_does_not_throw_validation_errors"/>
    <testcase time="0.0229999999999961" classname="shinytest2_tm_g_barchart_simple" name="e2e_tm_g_barchart_simple_De_selection_of_x_facet_dataset_changes_the_element_and_does_not_throw_validation_errors"/>
    <testcase time="0.00600000000000023" classname="shinytest2_tm_g_barchart_simple" name="e2e_tm_g_barchart_simple_De_selection_of_x_facet_dataset_changes_the_element_and_does_not_throw_validation_errors"/>
    <testcase time="9.251" classname="shinytest2_tm_g_barchart_simple" name="e2e_tm_g_barchart_simple_Selection_of_y_facet_dataset_changes_the_element_and_does_not_throw_validation_errors"/>
    <testcase time="0.0989999999999895" classname="shinytest2_tm_g_barchart_simple" name="e2e_tm_g_barchart_simple_Selection_of_y_facet_dataset_changes_the_element_and_does_not_throw_validation_errors"/>
    <testcase time="1.97" classname="shinytest2_tm_g_barchart_simple" name="e2e_tm_g_barchart_simple_Selection_of_y_facet_dataset_changes_the_element_and_does_not_throw_validation_errors"/>
    <testcase time="0.00600000000000023" classname="shinytest2_tm_g_barchart_simple" name="e2e_tm_g_barchart_simple_Selection_of_y_facet_dataset_changes_the_element_and_does_not_throw_validation_errors"/>
    <testcase time="9.33500000000001" classname="shinytest2_tm_g_barchart_simple" name="e2e_tm_g_barchart_simple_De_selection_of_y_facet_dataset_changes_the_element_and_does_not_throw_validation_errors"/>
    <testcase time="0.0209999999999866" classname="shinytest2_tm_g_barchart_simple" name="e2e_tm_g_barchart_simple_De_selection_of_y_facet_dataset_changes_the_element_and_does_not_throw_validation_errors"/>
    <testcase time="0.00600000000000023" classname="shinytest2_tm_g_barchart_simple" name="e2e_tm_g_barchart_simple_De_selection_of_y_facet_dataset_changes_the_element_and_does_not_throw_validation_errors"/>
    <testcase time="8.779" classname="shinytest2_tm_g_barchart_simple" name="e2e_tm_g_barchart_simple_Duplicate_between_x_and_fill_selection_throws_validation_error"/>
    <testcase time="0.00800000000000978" classname="shinytest2_tm_g_barchart_simple" name="e2e_tm_g_barchart_simple_Duplicate_between_x_and_fill_selection_throws_validation_error"/>
    <testcase time="0.007000000000005" classname="shinytest2_tm_g_barchart_simple" name="e2e_tm_g_barchart_simple_Duplicate_between_x_and_fill_selection_throws_validation_error"/>
    <testcase time="10.178" classname="shinytest2_tm_g_barchart_simple" name="e2e_tm_g_barchart_simple_Duplicate_between_x_and_x_facet_selection_throws_validation_error"/>
    <testcase time="0.0110000000000241" classname="shinytest2_tm_g_barchart_simple" name="e2e_tm_g_barchart_simple_Duplicate_between_x_and_x_facet_selection_throws_validation_error"/>
    <testcase time="0.00900000000001455" classname="shinytest2_tm_g_barchart_simple" name="e2e_tm_g_barchart_simple_Duplicate_between_x_and_x_facet_selection_throws_validation_error"/>
    <testcase time="9.86899999999997" classname="shinytest2_tm_g_barchart_simple" name="e2e_tm_g_barchart_simple_Duplicate_between_x_and_y_facet_selection_throws_validation_error"/>
    <testcase time="0.007000000000005" classname="shinytest2_tm_g_barchart_simple" name="e2e_tm_g_barchart_simple_Duplicate_between_x_and_y_facet_selection_throws_validation_error"/>
    <testcase time="0.007000000000005" classname="shinytest2_tm_g_barchart_simple" name="e2e_tm_g_barchart_simple_Duplicate_between_x_and_y_facet_selection_throws_validation_error"/>
    <testcase time="9.649" classname="shinytest2_tm_g_barchart_simple" name="e2e_tm_g_barchart_simple_Changing_barlayout_changes_the_plot_and_does_not_throw_validation_errors."/>
    <testcase time="0.007000000000005" classname="shinytest2_tm_g_barchart_simple" name="e2e_tm_g_barchart_simple_Changing_barlayout_changes_the_plot_and_does_not_throw_validation_errors."/>
    <testcase time="9.44499999999999" classname="shinytest2_tm_g_barchart_simple" name="e2e_tm_g_barchart_simple_Changing_expand_y_range_changes_the_plot_and_does_not_throw_validation_errors."/>
    <testcase time="0.00600000000002865" classname="shinytest2_tm_g_barchart_simple" name="e2e_tm_g_barchart_simple_Changing_expand_y_range_changes_the_plot_and_does_not_throw_validation_errors."/>
    <testcase time="9.46800000000002" classname="shinytest2_tm_g_barchart_simple" name="e2e_tm_g_barchart_simple_Changing_facet_scale_x_changes_the_plot_and_does_not_throw_validation_errors."/>
    <testcase time="0.00599999999997181" classname="shinytest2_tm_g_barchart_simple" name="e2e_tm_g_barchart_simple_Changing_facet_scale_x_changes_the_plot_and_does_not_throw_validation_errors."/>
    <testcase time="9.54899999999998" classname="shinytest2_tm_g_barchart_simple" name="e2e_tm_g_barchart_simple_Changing_facet_scale_y_changes_the_plot_and_does_not_throw_validation_errors."/>
    <testcase time="0.00600000000002865" classname="shinytest2_tm_g_barchart_simple" name="e2e_tm_g_barchart_simple_Changing_facet_scale_y_changes_the_plot_and_does_not_throw_validation_errors."/>
    <testcase time="10.282" classname="shinytest2_tm_g_barchart_simple" name="e2e_tm_g_barchart_simple_Changing_label_bars_changes_the_plot_and_does_not_throw_validation_errors."/>
    <testcase time="0.00600000000002865" classname="shinytest2_tm_g_barchart_simple" name="e2e_tm_g_barchart_simple_Changing_label_bars_changes_the_plot_and_does_not_throw_validation_errors."/>
    <testcase time="9.529" classname="shinytest2_tm_g_barchart_simple" name="e2e_tm_g_barchart_simple_Changing_rotate_x_label_changes_the_plot_and_does_not_throw_validation_errors."/>
    <testcase time="0.00599999999997181" classname="shinytest2_tm_g_barchart_simple" name="e2e_tm_g_barchart_simple_Changing_rotate_x_label_changes_the_plot_and_does_not_throw_validation_errors."/>
    <testcase time="9.67500000000001" classname="shinytest2_tm_g_barchart_simple" name="e2e_tm_g_barchart_simple_Changing_rotate_y_label_changes_the_plot_and_does_not_throw_validation_errors."/>
    <testcase time="0.00600000000002865" classname="shinytest2_tm_g_barchart_simple" name="e2e_tm_g_barchart_simple_Changing_rotate_y_label_changes_the_plot_and_does_not_throw_validation_errors."/>
    <testcase time="9.66999999999996" classname="shinytest2_tm_g_barchart_simple" name="e2e_tm_g_barchart_simple_Changing_flip_axis_changes_the_plot_and_does_not_throw_validation_errors."/>
    <testcase time="0.00600000000002865" classname="shinytest2_tm_g_barchart_simple" name="e2e_tm_g_barchart_simple_Changing_flip_axis_changes_the_plot_and_does_not_throw_validation_errors."/>
    <testcase time="9.84800000000001" classname="shinytest2_tm_g_barchart_simple" name="e2e_tm_g_barchart_simple_Changing_show_n_changes_the_plot_and_does_not_throw_validation_errors."/>
    <testcase time="0.00799999999998136" classname="shinytest2_tm_g_barchart_simple" name="e2e_tm_g_barchart_simple_Changing_show_n_changes_the_plot_and_does_not_throw_validation_errors."/>
    <testcase time="12.507" classname="shinytest2_tm_g_barchart_simple" name="e2e_tm_g_barchart_simple_Changing_rotate_bar_labels_changes_the_plot_and_does_not_throw_validation_errors."/>
    <testcase time="0.00600000000002865" classname="shinytest2_tm_g_barchart_simple" name="e2e_tm_g_barchart_simple_Changing_rotate_bar_labels_changes_the_plot_and_does_not_throw_validation_errors."/>
  </testsuite>
  <testsuite name="shinytest2-tm_g_ci" timestamp="2024-05-03T19:16:53Z" hostname="417dbcd24b4b" tests="41" skipped="0" failures="0" errors="0" time="100.458">
    <testcase time="6.375" classname="shinytest2_tm_g_ci" name="e2e_tm_g_ci_example_ci_module_initializes_in_teal_without_errors_and_produces_plot_output."/>
    <testcase time="0.00599999999997181" classname="shinytest2_tm_g_ci" name="e2e_tm_g_ci_example_ci_module_initializes_in_teal_without_errors_and_produces_plot_output."/>
    <testcase time="0.0370000000000346" classname="shinytest2_tm_g_ci" name="e2e_tm_g_ci_example_ci_module_initializes_in_teal_without_errors_and_produces_plot_output."/>
    <testcase time="6.20599999999996" classname="shinytest2_tm_g_ci" name="e2e_tm_g_ci_Module_initializes_with_specified_label_x_var_y_var_ADLB_filters_color_conf_level_and_stat."/>
    <testcase time="0.0980000000000132" classname="shinytest2_tm_g_ci" name="e2e_tm_g_ci_Module_initializes_with_specified_label_x_var_y_var_ADLB_filters_color_conf_level_and_stat."/>
    <testcase time="0.0590000000000259" classname="shinytest2_tm_g_ci" name="e2e_tm_g_ci_Module_initializes_with_specified_label_x_var_y_var_ADLB_filters_color_conf_level_and_stat."/>
    <testcase time="0.0550000000000068" classname="shinytest2_tm_g_ci" name="e2e_tm_g_ci_Module_initializes_with_specified_label_x_var_y_var_ADLB_filters_color_conf_level_and_stat."/>
    <testcase time="0.0559999999999832" classname="shinytest2_tm_g_ci" name="e2e_tm_g_ci_Module_initializes_with_specified_label_x_var_y_var_ADLB_filters_color_conf_level_and_stat."/>
    <testcase time="0.0559999999999832" classname="shinytest2_tm_g_ci" name="e2e_tm_g_ci_Module_initializes_with_specified_label_x_var_y_var_ADLB_filters_color_conf_level_and_stat."/>
    <testcase time="0.0570000000000164" classname="shinytest2_tm_g_ci" name="e2e_tm_g_ci_Module_initializes_with_specified_label_x_var_y_var_ADLB_filters_color_conf_level_and_stat."/>
    <testcase time="0.0840000000000032" classname="shinytest2_tm_g_ci" name="e2e_tm_g_ci_Module_initializes_with_specified_label_x_var_y_var_ADLB_filters_color_conf_level_and_stat."/>
    <testcase time="0.0559999999999832" classname="shinytest2_tm_g_ci" name="e2e_tm_g_ci_Module_initializes_with_specified_label_x_var_y_var_ADLB_filters_color_conf_level_and_stat."/>
    <testcase time="0.0590000000000259" classname="shinytest2_tm_g_ci" name="e2e_tm_g_ci_Module_initializes_with_specified_label_x_var_y_var_ADLB_filters_color_conf_level_and_stat."/>
    <testcase time="7.358" classname="shinytest2_tm_g_ci" name="e2e_tm_g_ci_Selecting_x_var_column_changes_plot_and_doesn_t_throw_validation_errors."/>
    <testcase time="0.00599999999997181" classname="shinytest2_tm_g_ci" name="e2e_tm_g_ci_Selecting_x_var_column_changes_plot_and_doesn_t_throw_validation_errors."/>
    <testcase time="6.90199999999999" classname="shinytest2_tm_g_ci" name="e2e_tm_g_ci_Deselecting_x_var_column_throws_validation_error."/>
    <testcase time="0.00499999999999545" classname="shinytest2_tm_g_ci" name="e2e_tm_g_ci_Deselecting_x_var_column_throws_validation_error."/>
    <testcase time="0.00600000000002865" classname="shinytest2_tm_g_ci" name="e2e_tm_g_ci_Deselecting_x_var_column_throws_validation_error."/>
    <testcase time="7.35399999999998" classname="shinytest2_tm_g_ci" name="e2e_tm_g_ci_Selecting_y_var_column_changes_plot_and_doesn_t_throw_validation_errors."/>
    <testcase time="0.00499999999999545" classname="shinytest2_tm_g_ci" name="e2e_tm_g_ci_Selecting_y_var_column_changes_plot_and_doesn_t_throw_validation_errors."/>
    <testcase time="6.94200000000001" classname="shinytest2_tm_g_ci" name="e2e_tm_g_ci_Deselecting_y_var_column_throws_validation_error."/>
    <testcase time="0.0120000000000005" classname="shinytest2_tm_g_ci" name="e2e_tm_g_ci_Deselecting_y_var_column_throws_validation_error."/>
    <testcase time="0.00499999999999545" classname="shinytest2_tm_g_ci" name="e2e_tm_g_ci_Deselecting_y_var_column_throws_validation_error."/>
    <testcase time="7.339" classname="shinytest2_tm_g_ci" name="e2e_tm_g_ci_Selecting_PARAMCD_filter_value_changes_plot_and_doesn_t_throw_validation_errors."/>
    <testcase time="0.00600000000002865" classname="shinytest2_tm_g_ci" name="e2e_tm_g_ci_Selecting_PARAMCD_filter_value_changes_plot_and_doesn_t_throw_validation_errors."/>
    <testcase time="7.19599999999997" classname="shinytest2_tm_g_ci" name="e2e_tm_g_ci_Deselecting_PARAMCD_filter_value_throws_validation_error."/>
    <testcase time="0.00600000000002865" classname="shinytest2_tm_g_ci" name="e2e_tm_g_ci_Deselecting_PARAMCD_filter_value_throws_validation_error."/>
    <testcase time="0.00599999999997181" classname="shinytest2_tm_g_ci" name="e2e_tm_g_ci_Deselecting_PARAMCD_filter_value_throws_validation_error."/>
    <testcase time="7.28800000000001" classname="shinytest2_tm_g_ci" name="e2e_tm_g_ci_Selecting_AVISIT_filter_value_doesn_t_throw_validation_errors."/>
    <testcase time="0.00599999999997181" classname="shinytest2_tm_g_ci" name="e2e_tm_g_ci_Selecting_AVISIT_filter_value_doesn_t_throw_validation_errors."/>
    <testcase time="7.12600000000003" classname="shinytest2_tm_g_ci" name="e2e_tm_g_ci_Deselecting_AVISIT_filter_value_throws_validation_error."/>
    <testcase time="0.00599999999997181" classname="shinytest2_tm_g_ci" name="e2e_tm_g_ci_Deselecting_AVISIT_filter_value_throws_validation_error."/>
    <testcase time="0.00600000000002865" classname="shinytest2_tm_g_ci" name="e2e_tm_g_ci_Deselecting_AVISIT_filter_value_throws_validation_error."/>
    <testcase time="7.61899999999997" classname="shinytest2_tm_g_ci" name="e2e_tm_g_ci_Selecting_color_column_changes_plot_output_and_doesn_t_throw_validation_errors."/>
    <testcase time="0.00600000000002865" classname="shinytest2_tm_g_ci" name="e2e_tm_g_ci_Selecting_color_column_changes_plot_output_and_doesn_t_throw_validation_errors."/>
    <testcase time="7.18599999999998" classname="shinytest2_tm_g_ci" name="e2e_tm_g_ci_Deselecting_color_column_changes_plot_output_and_doesn_t_throw_validation_error."/>
    <testcase time="0.00600000000002865" classname="shinytest2_tm_g_ci" name="e2e_tm_g_ci_Deselecting_color_column_changes_plot_output_and_doesn_t_throw_validation_error."/>
    <testcase time="7.41499999999996" classname="shinytest2_tm_g_ci" name="e2e_tm_g_ci_Selecting_confidence_interval_value_changes_plot_and_doesn_t_throw_any_errors."/>
    <testcase time="0.00600000000002865" classname="shinytest2_tm_g_ci" name="e2e_tm_g_ci_Selecting_confidence_interval_value_changes_plot_and_doesn_t_throw_any_errors."/>
    <testcase time="7.43000000000001" classname="shinytest2_tm_g_ci" name="e2e_tm_g_ci_Selecting_statistic_to_use_changes_a_plot_and_doesn_t_throw_any_errors."/>
    <testcase time="0.00599999999997181" classname="shinytest2_tm_g_ci" name="e2e_tm_g_ci_Selecting_statistic_to_use_changes_a_plot_and_doesn_t_throw_any_errors."/>
  </testsuite>
  <testsuite name="shinytest2-tm_g_forest_rsp" timestamp="2024-05-03T19:18:34Z" hostname="417dbcd24b4b" tests="48" skipped="0" failures="0" errors="0" time="164.781">
    <testcase time="8.01300000000003" classname="shinytest2_tm_g_forest_rsp" name="e2e_tm_g_forest_rsp_Module_initializes_in_teal_without_errors_and_produces_plot_output."/>
    <testcase time="0.00599999999997181" classname="shinytest2_tm_g_forest_rsp" name="e2e_tm_g_forest_rsp_Module_initializes_in_teal_without_errors_and_produces_plot_output."/>
    <testcase time="0.007000000000005" classname="shinytest2_tm_g_forest_rsp" name="e2e_tm_g_forest_rsp_Module_initializes_in_teal_without_errors_and_produces_plot_output."/>
    <testcase time="7.90699999999998" classname="shinytest2_tm_g_forest_rsp" name="e2e_tm_g_forest_rsp_Module_initializes_with_specified_label_arm_var_paramcd_aval_var_responders_subgroup_var_strata_var_conf_level_fixed_symbol_size_rel_width_forest_font_size."/>
    <testcase time="0.100000000000023" classname="shinytest2_tm_g_forest_rsp" name="e2e_tm_g_forest_rsp_Module_initializes_with_specified_label_arm_var_paramcd_aval_var_responders_subgroup_var_strata_var_conf_level_fixed_symbol_size_rel_width_forest_font_size."/>
    <testcase time="0.0629999999999882" classname="shinytest2_tm_g_forest_rsp" name="e2e_tm_g_forest_rsp_Module_initializes_with_specified_label_arm_var_paramcd_aval_var_responders_subgroup_var_strata_var_conf_level_fixed_symbol_size_rel_width_forest_font_size."/>
    <testcase time="0.0609999999999786" classname="shinytest2_tm_g_forest_rsp" name="e2e_tm_g_forest_rsp_Module_initializes_with_specified_label_arm_var_paramcd_aval_var_responders_subgroup_var_strata_var_conf_level_fixed_symbol_size_rel_width_forest_font_size."/>
    <testcase time="0.0550000000000068" classname="shinytest2_tm_g_forest_rsp" name="e2e_tm_g_forest_rsp_Module_initializes_with_specified_label_arm_var_paramcd_aval_var_responders_subgroup_var_strata_var_conf_level_fixed_symbol_size_rel_width_forest_font_size."/>
    <testcase time="0.05600000000004" classname="shinytest2_tm_g_forest_rsp" name="e2e_tm_g_forest_rsp_Module_initializes_with_specified_label_arm_var_paramcd_aval_var_responders_subgroup_var_strata_var_conf_level_fixed_symbol_size_rel_width_forest_font_size."/>
    <testcase time="0.0559999999999832" classname="shinytest2_tm_g_forest_rsp" name="e2e_tm_g_forest_rsp_Module_initializes_with_specified_label_arm_var_paramcd_aval_var_responders_subgroup_var_strata_var_conf_level_fixed_symbol_size_rel_width_forest_font_size."/>
    <testcase time="0.0649999999999977" classname="shinytest2_tm_g_forest_rsp" name="e2e_tm_g_forest_rsp_Module_initializes_with_specified_label_arm_var_paramcd_aval_var_responders_subgroup_var_strata_var_conf_level_fixed_symbol_size_rel_width_forest_font_size."/>
    <testcase time="0.0550000000000068" classname="shinytest2_tm_g_forest_rsp" name="e2e_tm_g_forest_rsp_Module_initializes_with_specified_label_arm_var_paramcd_aval_var_responders_subgroup_var_strata_var_conf_level_fixed_symbol_size_rel_width_forest_font_size."/>
    <testcase time="0.0579999999999927" classname="shinytest2_tm_g_forest_rsp" name="e2e_tm_g_forest_rsp_Module_initializes_with_specified_label_arm_var_paramcd_aval_var_responders_subgroup_var_strata_var_conf_level_fixed_symbol_size_rel_width_forest_font_size."/>
    <testcase time="0.0550000000000068" classname="shinytest2_tm_g_forest_rsp" name="e2e_tm_g_forest_rsp_Module_initializes_with_specified_label_arm_var_paramcd_aval_var_responders_subgroup_var_strata_var_conf_level_fixed_symbol_size_rel_width_forest_font_size."/>
    <testcase time="9.90999999999997" classname="shinytest2_tm_g_forest_rsp" name="e2e_tm_g_forest_rsp_Selecting_arm_var_changes_plot_and_doesn_t_throw_validation_errors."/>
    <testcase time="0.007000000000005" classname="shinytest2_tm_g_forest_rsp" name="e2e_tm_g_forest_rsp_Selecting_arm_var_changes_plot_and_doesn_t_throw_validation_errors."/>
    <testcase time="8.31600000000003" classname="shinytest2_tm_g_forest_rsp" name="e2e_tm_g_forest_rsp_Deselecting_arm_var_throws_validation_error."/>
    <testcase time="0.00799999999998136" classname="shinytest2_tm_g_forest_rsp" name="e2e_tm_g_forest_rsp_Deselecting_arm_var_throws_validation_error."/>
    <testcase time="10.7790000000001" classname="shinytest2_tm_g_forest_rsp" name="e2e_tm_g_forest_rsp_Selecting_paramcd_changes_plot_and_doesn_t_throw_validation_errors."/>
    <testcase time="0.00599999999997181" classname="shinytest2_tm_g_forest_rsp" name="e2e_tm_g_forest_rsp_Selecting_paramcd_changes_plot_and_doesn_t_throw_validation_errors."/>
    <testcase time="8.51400000000001" classname="shinytest2_tm_g_forest_rsp" name="e2e_tm_g_forest_rsp_Deselecting_paramcd_throws_validation_error."/>
    <testcase time="0.00699999999994816" classname="shinytest2_tm_g_forest_rsp" name="e2e_tm_g_forest_rsp_Deselecting_paramcd_throws_validation_error."/>
    <testcase time="9.49599999999998" classname="shinytest2_tm_g_forest_rsp" name="e2e_tm_g_forest_rsp_Selecting_responders_changes_plot_and_doesn_t_throw_validation_errors."/>
    <testcase time="0.00600000000008549" classname="shinytest2_tm_g_forest_rsp" name="e2e_tm_g_forest_rsp_Selecting_responders_changes_plot_and_doesn_t_throw_validation_errors."/>
    <testcase time="8.24699999999996" classname="shinytest2_tm_g_forest_rsp" name="e2e_tm_g_forest_rsp_Deselecting_responders_throws_validation_error."/>
    <testcase time="0.0080000000000382" classname="shinytest2_tm_g_forest_rsp" name="e2e_tm_g_forest_rsp_Deselecting_responders_throws_validation_error."/>
    <testcase time="9.803" classname="shinytest2_tm_g_forest_rsp" name="e2e_tm_g_forest_rsp_Selecting_subgroup_var_changes_plot_and_doesn_t_throw_validation_errors."/>
    <testcase time="0.00599999999997181" classname="shinytest2_tm_g_forest_rsp" name="e2e_tm_g_forest_rsp_Selecting_subgroup_var_changes_plot_and_doesn_t_throw_validation_errors."/>
    <testcase time="8.32100000000003" classname="shinytest2_tm_g_forest_rsp" name="e2e_tm_g_forest_rsp_Selecting_a_non_factors_column_in_subgroup_var_throws_validation_error."/>
    <testcase time="0.00699999999994816" classname="shinytest2_tm_g_forest_rsp" name="e2e_tm_g_forest_rsp_Selecting_a_non_factors_column_in_subgroup_var_throws_validation_error."/>
    <testcase time="9.024" classname="shinytest2_tm_g_forest_rsp" name="e2e_tm_g_forest_rsp_Deselecting_subgroup_var_changes_plot_and_doesn_t_throw_validation_errors."/>
    <testcase time="0.00599999999997181" classname="shinytest2_tm_g_forest_rsp" name="e2e_tm_g_forest_rsp_Deselecting_subgroup_var_changes_plot_and_doesn_t_throw_validation_errors."/>
    <testcase time="9.47400000000005" classname="shinytest2_tm_g_forest_rsp" name="e2e_tm_g_forest_rsp_Selecting_strata_var_changes_plot_and_doesn_t_throw_validation_errors."/>
    <testcase time="0.00599999999997181" classname="shinytest2_tm_g_forest_rsp" name="e2e_tm_g_forest_rsp_Selecting_strata_var_changes_plot_and_doesn_t_throw_validation_errors."/>
    <testcase time="9.53800000000001" classname="shinytest2_tm_g_forest_rsp" name="e2e_tm_g_forest_rsp_Deselecting_strata_var_changes_plot_and_doesn_t_throw_validation_errors."/>
    <testcase time="0.00599999999997181" classname="shinytest2_tm_g_forest_rsp" name="e2e_tm_g_forest_rsp_Deselecting_strata_var_changes_plot_and_doesn_t_throw_validation_errors."/>
    <testcase time="9.43299999999999" classname="shinytest2_tm_g_forest_rsp" name="e2e_tm_g_forest_rsp_Selecting_conf_level_changes_plot_and_doesn_t_throw_validation_errors."/>
    <testcase time="0.00600000000008549" classname="shinytest2_tm_g_forest_rsp" name="e2e_tm_g_forest_rsp_Selecting_conf_level_changes_plot_and_doesn_t_throw_validation_errors."/>
    <testcase time="8.31200000000001" classname="shinytest2_tm_g_forest_rsp" name="e2e_tm_g_forest_rsp_Deselecting_conf_level_or_selecting_outside_the_range_of_0_1_throws_validation_error."/>
    <testcase time="0.00799999999992451" classname="shinytest2_tm_g_forest_rsp" name="e2e_tm_g_forest_rsp_Deselecting_conf_level_or_selecting_outside_the_range_of_0_1_throws_validation_error."/>
    <testcase time="0.552999999999997" classname="shinytest2_tm_g_forest_rsp" name="e2e_tm_g_forest_rsp_Deselecting_conf_level_or_selecting_outside_the_range_of_0_1_throws_validation_error."/>
    <testcase time="0.0080000000000382" classname="shinytest2_tm_g_forest_rsp" name="e2e_tm_g_forest_rsp_Deselecting_conf_level_or_selecting_outside_the_range_of_0_1_throws_validation_error."/>
    <testcase time="9.428" classname="shinytest2_tm_g_forest_rsp" name="e2e_tm_g_forest_rsp_Unsetting_fixed_symbol_size_changes_plot_and_doesn_t_throw_validation_errors."/>
    <testcase time="0.00599999999997181" classname="shinytest2_tm_g_forest_rsp" name="e2e_tm_g_forest_rsp_Unsetting_fixed_symbol_size_changes_plot_and_doesn_t_throw_validation_errors."/>
    <testcase time="9.59100000000001" classname="shinytest2_tm_g_forest_rsp" name="e2e_tm_g_forest_rsp_Changing_rel_width_forest_changes_plot_and_doesn_t_throw_validation_errors."/>
    <testcase time="0.00599999999997181" classname="shinytest2_tm_g_forest_rsp" name="e2e_tm_g_forest_rsp_Changing_rel_width_forest_changes_plot_and_doesn_t_throw_validation_errors."/>
    <testcase time="9.37200000000007" classname="shinytest2_tm_g_forest_rsp" name="e2e_tm_g_forest_rsp_Changing_font_size_changes_plot_and_doesn_t_throw_validation_errors."/>
    <testcase time="0.00599999999997181" classname="shinytest2_tm_g_forest_rsp" name="e2e_tm_g_forest_rsp_Changing_font_size_changes_plot_and_doesn_t_throw_validation_errors."/>
  </testsuite>
  <testsuite name="shinytest2-tm_g_pp_therapy" timestamp="2024-05-03T19:21:19Z" hostname="417dbcd24b4b" tests="23" skipped="0" failures="0" errors="23" time="2371.37">
    <testcase time="103.104" classname="shinytest2_tm_g_pp_therapy" name="e2e_tm_g_pp_therapy_Module_initializes_in_teal_without_errors_and_produces_output.">
      <error type="error" message="Error in `app_initialize(self, private, app_dir = app_dir, ..., load_timeout = load_timeout,  ('test-shinytest2-tm_g_pp_therapy.R:93:3')">Error in `app_initialize(self, private, app_dir = app_dir, ..., load_timeout = load_timeout, 
    timeout = timeout, wait = wait, expect_values_screenshot_args = expect_values_screenshot_args, 
    screenshot_args = screenshot_args, check_names = check_names, 
    name = name, variant = variant, view = view, height = height, 
    width = width, seed = seed, clean_logs = clean_logs, shiny_args = shiny_args, 
    render_args = render_args, options = options)`: Shiny app did not become stable in 1e+05ms.
Message: An error occurred while waiting for Shiny to be stable
Caused by error in `app_wait_for_idle()`:
! An error occurred while waiting for Shiny to be stable


i You can inspect the failed AppDriver object via `rlang::last_error()$app`
i AppDriver logs:
{shinytest2} R  info   19:21:19.40 Start AppDriver initialization
{shinytest2} R  info   19:21:19.43 Starting Shiny app
{shinytest2} R  info   19:21:21.47 Creating new ChromoteSession
{shinytest2} R  info   19:21:21.50 Navigating to Shiny app
{shinytest2} R  info   19:21:21.61 Injecting shiny-tracer.js
{chromote}   JS info   19:21:21.62 shinytest2; jQuery not found
{chromote}   JS info   19:21:21.62 shinytest2; Loaded
{shinytest2} R  info   19:21:21.62 Waiting for Shiny to become ready
{chromote}   JS info   19:21:21.71 shinytest2; jQuery found
{chromote}   JS info   19:21:21.71 shinytest2; Waiting for shiny session to connect
{chromote}   JS info   19:21:21.84 shinytest2; Connected
{chromote}   JS info   19:21:21.88 shinytest2; shiny:busy
{shinytest2} R  info   19:21:21.94 Waiting for Shiny to become idle for 200ms within 1e+05ms
{chromote}   JS info   19:21:21.94 shinytest2; Waiting for Shiny to be stable
{chromote}   JS info   19:21:23.12 shinytest2; shiny:idle
{chromote}   JS info   19:21:23.12 shinytest2; shiny:value teal-identifier
{chromote}   JS info   19:21:23.12 shinytest2; shiny:value error
{chromote}   JS info   19:21:23.12 shinytest2; shiny:busy
{chromote}   JS info   19:21:23.12 shinytest2; shiny:idle
{chromote}   JS info   19:21:23.14 shinytest2; shiny:busy
{shinytest2} R  info   19:23:01.96 Error while initializing AppDriver:
                                   Shiny app did not become stable in 1e+05ms.
                                   Message: An error occurred while waiting for Shiny to be stable
                                   Caused by error in `app_wait_for_idle()`:
                                   ! An error occurred while waiting for Shiny to be stable
{shiny}      R  stderr ----------- Loading required package: shiny
{shiny}      R  stderr ----------- Attempting to load the environment ‘package:dplyr’
{shiny}      R  stderr ----------- 
{shiny}      R  stderr ----------- Attaching package: ‘dplyr’
{shiny}      R  stderr ----------- 
{shiny}      R  stderr ----------- The following objects are masked from ‘package:stats’:
{shiny}      R  stderr ----------- 
{shiny}      R  stderr -----------     filter, lag
{shiny}      R  stderr ----------- 
{shiny}      R  stderr ----------- The following objects are masked from ‘package:base’:
{shiny}      R  stderr ----------- 
{shiny}      R  stderr -----------     intersect, setdiff, setequal, union
{shiny}      R  stderr ----------- 
{shiny}      R  stderr ----------- Loading required package: teal
{shiny}      R  stderr ----------- Loading required package: teal.data
{shiny}      R  stderr ----------- Loading required package: teal.code
{shiny}      R  stderr ----------- Loading required package: teal.slice
{shiny}      R  stderr ----------- 
{shiny}      R  stderr ----------- You are using teal version 0.15.2.9032
{shiny}      R  stderr ----------- 
{shiny}      R  stderr ----------- Attaching package: ‘teal’
{shiny}      R  stderr ----------- 
{shiny}      R  stderr ----------- The following objects are masked from ‘package:teal.slice’:
{shiny}      R  stderr ----------- 
{shiny}      R  stderr -----------     as.teal_slices, teal_slices
{shiny}      R  stderr ----------- 
{shiny}      R  stderr ----------- Loading required package: teal.transform
{shiny}      R  stderr ----------- Loading required package: tern
{shiny}      R  stderr ----------- Loading required package: rtables
{shiny}      R  stderr ----------- Loading required package: formatters
{shiny}      R  stderr ----------- Loading required package: magrittr
{shiny}      R  stderr ----------- 
{shiny}      R  stderr ----------- Attaching package: ‘rtables’
{shiny}      R  stderr ----------- 
{shiny}      R  stderr ----------- The following object is masked from ‘package:utils’:
{shiny}      R  stderr ----------- 
{shiny}      R  stderr -----------     str
{shiny}      R  stderr ----------- 
{shiny}      R  stderr ----------- Running application in test mode.
{shiny}      R  stderr ----------- 
{shiny}      R  stderr ----------- Listening on http://127.0.0.1:7000
{shiny}      R  stderr ----------- Initializing reporter_previewer_module
{shiny}      R  stderr ----------- Warning: Error in &lt;Anonymous&gt;: error in evaluating the argument 'code' in selecting a method for function 'eval_code': Assertion on 'subset' failed: Must be a subset of {'','USUBJID','STUDYID','CMCLAS','CMDECOD','ATIREL','CMCAT','COUNTRY','SITEID','SUBJID','AGE','SEX','ARMCD','ARM','ACTARMCD','ACTARM','RACE','TRTSDTM','TRTEDTM','EOSDY','EOSDT','STRATA1','STRATA2','BMRKR1','BMRKR2','REGION1','SAFFL','EOSSTT','EOTSTT','DCSREAS','DTHDT','ASTDTM','ASTDY','AENDTM','AENDY','CMSEQ','ATC1','ATC2','ATC3','ATC4','CMINDC','CMDOSE','CMTRT','CMDOSU','CMROUTE','CMDOSFRQ','CMASTDTM','CMAENDTM','ATIREL2','CMDECOD2','CMINDC2','CMDOSE2','CMDOSU2','CMROUTE2','CMDOSFRQ2','ASTDY2','AENDY2'}, but has additional elements {'CMTRT2'}.
{shiny}      R  stderr -----------   241: &lt;Anonymous&gt;
{shiny}      R  stderr -----------   240: stop
{shiny}      R  stderr -----------   239: mstop
{shiny}      R  stderr -----------   238: makeAssertion
{shiny}      R  stderr -----------   237: checkmate::assert_subset
{shiny}      R  stderr -----------   236: variable_choices.data.frame
{shiny}      R  stderr -----------   233: resolve.delayed_variable_choices
{shiny}      R  stderr -----------   231: resolve.delayed_select_spec
{shiny}      R  stderr -----------   229: resolve.delayed_data_extract_spec
{shiny}      R  stderr -----------   227: resolve_delayed.list
{shiny}      R  stderr -----------   213: module
{shiny}      R  stderr -----------   208: callModule
{shiny}      R  stderr -----------   207: moduleServer
{shiny}      R  stderr -----------   206: data_extract_single_srv
{shiny}      R  stderr -----------   205: FUN
{shiny}      R  stderr -----------   204: lapply
{shiny}      R  stderr -----------   203: module
{shiny}      R  stderr -----------   198: callModule
{shiny}      R  stderr -----------   197: moduleServer
{shiny}      R  stderr -----------   196: data_extract_srv.list
{shiny}      R  stderr -----------   194: FUN
{shiny}      R  stderr -----------   193: lapply
{shiny}      R  stderr -----------   192: sapply
{shiny}      R  stderr -----------   191: &lt;reactive&gt;
{shiny}      R  stderr -----------   175: selector_list
{shiny}      R  stderr -----------   170: &lt;reactive&gt;
{shiny}      R  stderr -----------   154: anl_inputs
{shiny}      R  stderr -----------   153: as.expression
{shiny}      R  stderr -----------   152: teal.code::eval_code
{shiny}      R  stderr -----------   151: %&gt;%
{shiny}      R  stderr -----------   150: &lt;reactive&gt;
{shiny}      R  stderr -----------   134: merged$anl_q
{shiny}      R  stderr -----------   128: &lt;reactive&gt;
{shiny}      R  stderr -----------   112: all_q
{shiny}      R  stderr -----------   110: renderText
{shiny}      R  stderr -----------   109: func
{shiny}      R  stderr -----------    96: renderFunc
{shiny}      R  stderr -----------    95: output$teal-main_ui-root-therapy__e2e_-module-title
{shiny}      R  stderr -----------    14: &lt;Anonymous&gt;
{shiny}      R  stderr -----------    12: &lt;Anonymous&gt;
{shiny}      R  stderr -----------    11: &lt;Anonymous&gt;
{shiny}      R  stderr -----------    10: base::do.call
{shiny}      R  stderr -----------     9: base::saveRDS
{shiny}      R  stderr -----------     8: base::withCallingHandlers
{shiny}      R  stderr -----------     7: doTryCatch
{shiny}      R  stderr -----------     6: tryCatchOne
{shiny}      R  stderr -----------     5: tryCatchList
{shiny}      R  stderr -----------     2: tryCatchList
{shiny}      R  stderr -----------     1: base::tryCatch
{shiny}      R  stderr ----------- Warning: Error in &lt;Anonymous&gt;: error in evaluating the argument 'code' in selecting a method for function 'eval_code': Assertion on 'subset' failed: Must be a subset of {'','USUBJID','STUDYID','CMCLAS','CMDECOD','ATIREL','CMCAT','COUNTRY','SITEID','SUBJID','AGE','SEX','ARMCD','ARM','ACTARMCD','ACTARM','RACE','TRTSDTM','TRTEDTM','EOSDY','EOSDT','STRATA1','STRATA2','BMRKR1','BMRKR2','REGION1','SAFFL','EOSSTT','EOTSTT','DCSREAS','DTHDT','ASTDTM','ASTDY','AENDTM','AENDY','CMSEQ','ATC1','ATC2','ATC3','ATC4','CMINDC','CMDOSE','CMTRT','CMDOSU','CMROUTE','CMDOSFRQ','CMASTDTM','CMAENDTM','ATIREL2','CMDECOD2','CMINDC2','CMDOSE2','CMDOSU2','CMROUTE2','CMDOSFRQ2','ASTDY2','AENDY2'}, but has additional elements {'CMTRT2'}.
{shiny}      R  stderr -----------   122: &lt;Anonymous&gt;
{shiny}      R  stderr -----------   121: stop
{shiny}      R  stderr -----------   120: all_q
{shiny}      R  stderr -----------   117: exprFunc
{shiny}      R  stderr -----------   116: widgetFunc
{shiny}      R  stderr -----------   115: ::
{shiny}      R  stderr ----------- htmlwidgets
{shiny}      R  stderr ----------- shinyRenderWidget
{shiny}      R  stderr -----------   114: func
{shiny}      R  stderr -----------   101: renderFunc
{shiny}      R  stderr -----------   100: renderFunc
{shiny}      R  stderr -----------    96: renderFunc
{shiny}      R  stderr -----------    95: output$teal-main_ui-root-therapy__e2e_-module-therapy_table
{shiny}      R  stderr -----------    14: &lt;Anonymous&gt;
{shiny}      R  stderr -----------    12: &lt;Anonymous&gt;
{shiny}      R  stderr -----------    11: &lt;Anonymous&gt;
{shiny}      R  stderr -----------    10: base::do.call
{shiny}      R  stderr -----------     9: base::saveRDS
{shiny}      R  stderr -----------     8: base::withCallingHandlers
{shiny}      R  stderr -----------     7: doTryCatch
{shiny}      R  stderr -----------     6: tryCatchOne
{shiny}      R  stderr -----------     5: tryCatchList
{shiny}      R  stderr -----------     2: tryCatchList
{shiny}      R  stderr -----------     1: base::tryCatch
{shiny}      R  stderr ----------- Warning: Error in variable_choices.data.frame: Assertion on 'subset' failed: Must be a subset of {'','USUBJID','STUDYID','CMCLAS','CMDECOD','ATIREL','CMCAT','COUNTRY','SITEID','SUBJID','AGE','SEX','ARMCD','ARM','ACTARMCD','ACTARM','RACE','TRTSDTM','TRTEDTM','EOSDY','EOSDT','STRATA1','STRATA2','BMRKR1','BMRKR2','REGION1','SAFFL','EOSSTT','EOTSTT','DCSREAS','DTHDT','ASTDTM','ASTDY','AENDTM','AENDY','CMSEQ','ATC1','ATC2','ATC3','ATC4','CMINDC','CMDOSE','CMTRT','CMDOSU','CMROUTE','CMDOSFRQ','CMASTDTM','CMAENDTM','ATIREL2','CMDECOD2','CMINDC2','CMDOSE2','CMDOSU2','CMROUTE2','CMDOSFRQ2','ASTDY2','AENDY2'}, but has additional elements {'CMTRT2'}.
{shiny}      R  stderr -----------   162: &lt;Anonymous&gt;
{shiny}      R  stderr -----------   161: stop
{shiny}      R  stderr -----------   160: selector_list
{shiny}      R  stderr -----------   159: teal.transform::compose_and_enable_validators
{shiny}      R  stderr -----------   158: &lt;reactive&gt;
{shiny}      R  stderr -----------   142: iv_r
{shiny}      R  stderr -----------   135: &lt;reactive&gt;
{shiny}      R  stderr -----------   119: plot_r
{shiny}      R  stderr -----------   110: renderUI
{shiny}      R  stderr -----------   109: func
{shiny}      R  stderr -----------    96: renderFunc
{shiny}      R  stderr -----------    95: output$teal-main_ui-root-therapy__e2e_-module-therapy_plot-plot_out_main
{shiny}      R  stderr -----------    14: &lt;Anonymous&gt;
{shiny}      R  stderr -----------    12: &lt;Anonymous&gt;
{shiny}      R  stderr -----------    11: &lt;Anonymous&gt;
{shiny}      R  stderr -----------    10: base::do.call
{shiny}      R  stderr -----------     9: base::saveRDS
{shiny}      R  stderr -----------     8: base::withCallingHandlers
{shiny}      R  stderr -----------     7: doTryCatch
{shiny}      R  stderr -----------     6: tryCatchOne
{shiny}      R  stderr -----------     5: tryCatchList
{shiny}      R  stderr -----------     2: tryCatchList
{shiny}      R  stderr -----------     1: base::tryCatch
{shiny}      R  stderr ----------- Warning: Error in &lt;Anonymous&gt;: error in evaluating the argument 'code' in selecting a method for function 'eval_code': Assertion on 'subset' failed: Must be a subset of {'','USUBJID','STUDYID','CMCLAS','CMDECOD','ATIREL','CMCAT','COUNTRY','SITEID','SUBJID','AGE','SEX','ARMCD','ARM','ACTARMCD','ACTARM','RACE','TRTSDTM','TRTEDTM','EOSDY','EOSDT','STRATA1','STRATA2','BMRKR1','BMRKR2','REGION1','SAFFL','EOSSTT','EOTSTT','DCSREAS','DTHDT','ASTDTM','ASTDY','AENDTM','AENDY','CMSEQ','ATC1','ATC2','ATC3','ATC4','CMINDC','CMDOSE','CMTRT','CMDOSU','CMROUTE','CMDOSFRQ','CMASTDTM','CMAENDTM','ATIREL2','CMDECOD2','CMINDC2','CMDOSE2','CMDOSU2','CMROUTE2','CMDOSFRQ2','ASTDY2','AENDY2'}, but has additional elements {'CMTRT2'}.
{shiny}      R  stderr -----------   14: &lt;Anonymous&gt;
{shiny}      R  stderr -----------   12: &lt;Anonymous&gt;
{shiny}      R  stderr -----------   11: &lt;Anonymous&gt;
{shiny}      R  stderr -----------   10: base::do.call
{shiny}      R  stderr -----------    9: base::saveRDS
{shiny}      R  stderr -----------    8: base::withCallingHandlers
{shiny}      R  stderr -----------    7: doTryCatch
{shiny}      R  stderr -----------    6: tryCatchOne
{shiny}      R  stderr -----------    5: tryCatchList
{shiny}      R  stderr -----------    2: tryCatchList
{shiny}      R  stderr -----------    1: base::tryCatch


Caused by error in `app_initialize_()`:
! Shiny app did not become stable in 1e+05ms.
Message: An error occurred while waiting for Shiny to be stable
Caused by error in `app_wait_for_idle()`:
! An error occurred while waiting for Shiny to be stable
Backtrace:
     x
  1. +-teal.modules.clinical (local) app_driver_tm_g_pp_therapy() at test-shinytest2-tm_g_pp_therapy.R:93:3
  2. | \-teal.modules.clinical:::init_teal_app_driver(...) at test-shinytest2-tm_g_pp_therapy.R:31:3
  3. |   +-testthat::with_mocked_bindings(...) at tests/testthat/helper-TealAppDriver.R:7:3
  4. |   \-TealAppDriver$new(...) at tests/testthat/helper-TealAppDriver.R:10:7
  5. |     \-teal (local) initialize(...)
  6. |       +-base::suppressWarnings(...)
  7. |       | \-base::withCallingHandlers(...)
  8. |       \-super$initialize(...)
  9. |         \-shinytest2:::app_initialize(...)
 10. |           +-base::withCallingHandlers(...)
 11. |           \-shinytest2:::app_initialize_(self, private, ..., view = view)
 12. |             +-base::withCallingHandlers(...)
 13. |             \-self$wait_for_idle(duration = 200, timeout = private$load_timeout)
 14. |               \-shinytest2:::app_wait_for_idle(...)
 15. |                 \-shinytest2:::app_abort(self, private, "An error occurred while waiting for Shiny to be stable")
 16. |                   \-rlang::abort(..., app = self, call = call)
 17. |                     \-rlang:::signal_abort(cnd, .file)
 18. |                       \-base::signalCondition(cnd)
 19. +-shinytest2 (local) `&lt;fn&gt;`(`&lt;rlng_rrr&gt;`)
 20. | \-shinytest2:::app_abort(...)
 21. |   \-rlang::abort(..., app = self, call = call)
 22. |     \-rlang:::signal_abort(cnd, .file)
 23. |       \-base::signalCondition(cnd)
 24. \-shinytest2 (local) `&lt;fn&gt;`(`&lt;rlng_rrr&gt;`)
 25.   \-shinytest2:::app_abort(...)
 26.     \-rlang::abort(..., app = self, call = call)</error>
    </testcase>
    <testcase time="103.042" classname="shinytest2_tm_g_pp_therapy" name="e2e_tm_g_pp_therapy_Starts_with_specified_label_paramcd_arm_var_buckets_paramcd_subgroup_var_strata_var_and_plot_settings">
      <error type="error" message="Error in `app_initialize(self, private, app_dir = app_dir, ..., load_timeout = load_timeout,  ('test-shinytest2-tm_g_pp_therapy.R:114:5')">Error in `app_initialize(self, private, app_dir = app_dir, ..., load_timeout = load_timeout, 
    timeout = timeout, wait = wait, expect_values_screenshot_args = expect_values_screenshot_args, 
    screenshot_args = screenshot_args, check_names = check_names, 
    name = name, variant = variant, view = view, height = height, 
    width = width, seed = seed, clean_logs = clean_logs, shiny_args = shiny_args, 
    render_args = render_args, options = options)`: Shiny app did not become stable in 1e+05ms.
Message: An error occurred while waiting for Shiny to be stable
Caused by error in `app_wait_for_idle()`:
! An error occurred while waiting for Shiny to be stable


i You can inspect the failed AppDriver object via `rlang::last_error()$app`
i AppDriver logs:
{shinytest2} R  info   19:23:02.46 Start AppDriver initialization
{shinytest2} R  info   19:23:02.49 Starting Shiny app
{shinytest2} R  info   19:23:04.52 Creating new ChromoteSession
{shinytest2} R  info   19:23:04.55 Navigating to Shiny app
{shinytest2} R  info   19:23:04.67 Injecting shiny-tracer.js
{chromote}   JS info   19:23:04.67 shinytest2; jQuery not found
{chromote}   JS info   19:23:04.67 shinytest2; Loaded
{shinytest2} R  info   19:23:04.68 Waiting for Shiny to become ready
{chromote}   JS info   19:23:04.76 shinytest2; jQuery found
{chromote}   JS info   19:23:04.76 shinytest2; Waiting for shiny session to connect
{chromote}   JS info   19:23:04.90 shinytest2; Connected
{chromote}   JS info   19:23:04.94 shinytest2; shiny:busy
{shinytest2} R  info   19:23:04.99 Waiting for Shiny to become idle for 200ms within 1e+05ms
{chromote}   JS info   19:23:05.00 shinytest2; Waiting for Shiny to be stable
{chromote}   JS info   19:23:06.31 shinytest2; shiny:idle
{chromote}   JS info   19:23:06.31 shinytest2; shiny:value teal-identifier
{chromote}   JS info   19:23:06.31 shinytest2; shiny:value error
{chromote}   JS info   19:23:06.31 shinytest2; shiny:busy
{chromote}   JS info   19:23:06.31 shinytest2; shiny:idle
{chromote}   JS info   19:23:06.31 shinytest2; shiny:busy
{shinytest2} R  info   19:24:45.01 Error while initializing AppDriver:
                                   Shiny app did not become stable in 1e+05ms.
                                   Message: An error occurred while waiting for Shiny to be stable
                                   Caused by error in `app_wait_for_idle()`:
                                   ! An error occurred while waiting for Shiny to be stable
{shiny}      R  stderr ----------- Loading required package: shiny
{shiny}      R  stderr ----------- Attempting to load the environment ‘package:dplyr’
{shiny}      R  stderr ----------- 
{shiny}      R  stderr ----------- Attaching package: ‘dplyr’
{shiny}      R  stderr ----------- 
{shiny}      R  stderr ----------- The following objects are masked from ‘package:stats’:
{shiny}      R  stderr ----------- 
{shiny}      R  stderr -----------     filter, lag
{shiny}      R  stderr ----------- 
{shiny}      R  stderr ----------- The following objects are masked from ‘package:base’:
{shiny}      R  stderr ----------- 
{shiny}      R  stderr -----------     intersect, setdiff, setequal, union
{shiny}      R  stderr ----------- 
{shiny}      R  stderr ----------- Loading required package: teal
{shiny}      R  stderr ----------- Loading required package: teal.data
{shiny}      R  stderr ----------- Loading required package: teal.code
{shiny}      R  stderr ----------- Loading required package: teal.slice
{shiny}      R  stderr ----------- 
{shiny}      R  stderr ----------- You are using teal version 0.15.2.9032
{shiny}      R  stderr ----------- 
{shiny}      R  stderr ----------- Attaching package: ‘teal’
{shiny}      R  stderr ----------- 
{shiny}      R  stderr ----------- The following objects are masked from ‘package:teal.slice’:
{shiny}      R  stderr ----------- 
{shiny}      R  stderr -----------     as.teal_slices, teal_slices
{shiny}      R  stderr ----------- 
{shiny}      R  stderr ----------- Loading required package: teal.transform
{shiny}      R  stderr ----------- Loading required package: tern
{shiny}      R  stderr ----------- Loading required package: rtables
{shiny}      R  stderr ----------- Loading required package: formatters
{shiny}      R  stderr ----------- Loading required package: magrittr
{shiny}      R  stderr ----------- 
{shiny}      R  stderr ----------- Attaching package: ‘rtables’
{shiny}      R  stderr ----------- 
{shiny}      R  stderr ----------- The following object is masked from ‘package:utils’:
{shiny}      R  stderr ----------- 
{shiny}      R  stderr -----------     str
{shiny}      R  stderr ----------- 
{shiny}      R  stderr ----------- Running application in test mode.
{shiny}      R  stderr ----------- 
{shiny}      R  stderr ----------- Listening on http://127.0.0.1:6631
{shiny}      R  stderr ----------- Initializing reporter_previewer_module
{shiny}      R  stderr ----------- Warning: Error in &lt;Anonymous&gt;: error in evaluating the argument 'code' in selecting a method for function 'eval_code': Assertion on 'subset' failed: Must be a subset of {'','USUBJID','STUDYID','CMCLAS','CMDECOD','ATIREL','CMCAT','COUNTRY','SITEID','SUBJID','AGE','SEX','ARMCD','ARM','ACTARMCD','ACTARM','RACE','TRTSDTM','TRTEDTM','EOSDY','EOSDT','STRATA1','STRATA2','BMRKR1','BMRKR2','REGION1','SAFFL','EOSSTT','EOTSTT','DCSREAS','DTHDT','ASTDTM','ASTDY','AENDTM','AENDY','CMSEQ','ATC1','ATC2','ATC3','ATC4','CMINDC','CMDOSE','CMTRT','CMDOSU','CMROUTE','CMDOSFRQ','CMASTDTM','CMAENDTM','ATIREL2','CMDECOD2','CMINDC2','CMDOSE2','CMDOSU2','CMROUTE2','CMDOSFRQ2','ASTDY2','AENDY2'}, but has additional elements {'CMTRT2'}.
{shiny}      R  stderr -----------   241: &lt;Anonymous&gt;
{shiny}      R  stderr -----------   240: stop
{shiny}      R  stderr -----------   239: mstop
{shiny}      R  stderr -----------   238: makeAssertion
{shiny}      R  stderr -----------   237: checkmate::assert_subset
{shiny}      R  stderr -----------   236: variable_choices.data.frame
{shiny}      R  stderr -----------   233: resolve.delayed_variable_choices
{shiny}      R  stderr -----------   231: resolve.delayed_select_spec
{shiny}      R  stderr -----------   229: resolve.delayed_data_extract_spec
{shiny}      R  stderr -----------   227: resolve_delayed.list
{shiny}      R  stderr -----------   213: module
{shiny}      R  stderr -----------   208: callModule
{shiny}      R  stderr -----------   207: moduleServer
{shiny}      R  stderr -----------   206: data_extract_single_srv
{shiny}      R  stderr -----------   205: FUN
{shiny}      R  stderr -----------   204: lapply
{shiny}      R  stderr -----------   203: module
{shiny}      R  stderr -----------   198: callModule
{shiny}      R  stderr -----------   197: moduleServer
{shiny}      R  stderr -----------   196: data_extract_srv.list
{shiny}      R  stderr -----------   194: FUN
{shiny}      R  stderr -----------   193: lapply
{shiny}      R  stderr -----------   192: sapply
{shiny}      R  stderr -----------   191: &lt;reactive&gt;
{shiny}      R  stderr -----------   175: selector_list
{shiny}      R  stderr -----------   170: &lt;reactive&gt;
{shiny}      R  stderr -----------   154: anl_inputs
{shiny}      R  stderr -----------   153: as.expression
{shiny}      R  stderr -----------   152: teal.code::eval_code
{shiny}      R  stderr -----------   151: %&gt;%
{shiny}      R  stderr -----------   150: &lt;reactive&gt;
{shiny}      R  stderr -----------   134: merged$anl_q
{shiny}      R  stderr -----------   128: &lt;reactive&gt;
{shiny}      R  stderr -----------   112: all_q
{shiny}      R  stderr -----------   110: renderText
{shiny}      R  stderr -----------   109: func
{shiny}      R  stderr -----------    96: renderFunc
{shiny}      R  stderr -----------    95: output$teal-main_ui-root-therapy__e2e_-module-title
{shiny}      R  stderr -----------    14: &lt;Anonymous&gt;
{shiny}      R  stderr -----------    12: &lt;Anonymous&gt;
{shiny}      R  stderr -----------    11: &lt;Anonymous&gt;
{shiny}      R  stderr -----------    10: base::do.call
{shiny}      R  stderr -----------     9: base::saveRDS
{shiny}      R  stderr -----------     8: base::withCallingHandlers
{shiny}      R  stderr -----------     7: doTryCatch
{shiny}      R  stderr -----------     6: tryCatchOne
{shiny}      R  stderr -----------     5: tryCatchList
{shiny}      R  stderr -----------     2: tryCatchList
{shiny}      R  stderr -----------     1: base::tryCatch
{shiny}      R  stderr ----------- Warning: Error in &lt;Anonymous&gt;: error in evaluating the argument 'code' in selecting a method for function 'eval_code': Assertion on 'subset' failed: Must be a subset of {'','USUBJID','STUDYID','CMCLAS','CMDECOD','ATIREL','CMCAT','COUNTRY','SITEID','SUBJID','AGE','SEX','ARMCD','ARM','ACTARMCD','ACTARM','RACE','TRTSDTM','TRTEDTM','EOSDY','EOSDT','STRATA1','STRATA2','BMRKR1','BMRKR2','REGION1','SAFFL','EOSSTT','EOTSTT','DCSREAS','DTHDT','ASTDTM','ASTDY','AENDTM','AENDY','CMSEQ','ATC1','ATC2','ATC3','ATC4','CMINDC','CMDOSE','CMTRT','CMDOSU','CMROUTE','CMDOSFRQ','CMASTDTM','CMAENDTM','ATIREL2','CMDECOD2','CMINDC2','CMDOSE2','CMDOSU2','CMROUTE2','CMDOSFRQ2','ASTDY2','AENDY2'}, but has additional elements {'CMTRT2'}.
{shiny}      R  stderr -----------   122: &lt;Anonymous&gt;
{shiny}      R  stderr -----------   121: stop
{shiny}      R  stderr -----------   120: all_q
{shiny}      R  stderr -----------   117: exprFunc
{shiny}      R  stderr -----------   116: widgetFunc
{shiny}      R  stderr -----------   115: ::
{shiny}      R  stderr ----------- htmlwidgets
{shiny}      R  stderr ----------- shinyRenderWidget
{shiny}      R  stderr -----------   114: func
{shiny}      R  stderr -----------   101: renderFunc
{shiny}      R  stderr -----------   100: renderFunc
{shiny}      R  stderr -----------    96: renderFunc
{shiny}      R  stderr -----------    95: output$teal-main_ui-root-therapy__e2e_-module-therapy_table
{shiny}      R  stderr -----------    14: &lt;Anonymous&gt;
{shiny}      R  stderr -----------    12: &lt;Anonymous&gt;
{shiny}      R  stderr -----------    11: &lt;Anonymous&gt;
{shiny}      R  stderr -----------    10: base::do.call
{shiny}      R  stderr -----------     9: base::saveRDS
{shiny}      R  stderr -----------     8: base::withCallingHandlers
{shiny}      R  stderr -----------     7: doTryCatch
{shiny}      R  stderr -----------     6: tryCatchOne
{shiny}      R  stderr -----------     5: tryCatchList
{shiny}      R  stderr -----------     2: tryCatchList
{shiny}      R  stderr -----------     1: base::tryCatch
{shiny}      R  stderr ----------- Warning: Error in variable_choices.data.frame: Assertion on 'subset' failed: Must be a subset of {'','USUBJID','STUDYID','CMCLAS','CMDECOD','ATIREL','CMCAT','COUNTRY','SITEID','SUBJID','AGE','SEX','ARMCD','ARM','ACTARMCD','ACTARM','RACE','TRTSDTM','TRTEDTM','EOSDY','EOSDT','STRATA1','STRATA2','BMRKR1','BMRKR2','REGION1','SAFFL','EOSSTT','EOTSTT','DCSREAS','DTHDT','ASTDTM','ASTDY','AENDTM','AENDY','CMSEQ','ATC1','ATC2','ATC3','ATC4','CMINDC','CMDOSE','CMTRT','CMDOSU','CMROUTE','CMDOSFRQ','CMASTDTM','CMAENDTM','ATIREL2','CMDECOD2','CMINDC2','CMDOSE2','CMDOSU2','CMROUTE2','CMDOSFRQ2','ASTDY2','AENDY2'}, but has additional elements {'CMTRT2'}.
{shiny}      R  stderr -----------   162: &lt;Anonymous&gt;
{shiny}      R  stderr -----------   161: stop
{shiny}      R  stderr -----------   160: selector_list
{shiny}      R  stderr -----------   159: teal.transform::compose_and_enable_validators
{shiny}      R  stderr -----------   158: &lt;reactive&gt;
{shiny}      R  stderr -----------   142: iv_r
{shiny}      R  stderr -----------   135: &lt;reactive&gt;
{shiny}      R  stderr -----------   119: plot_r
{shiny}      R  stderr -----------   110: renderUI
{shiny}      R  stderr -----------   109: func
{shiny}      R  stderr -----------    96: renderFunc
{shiny}      R  stderr -----------    95: output$teal-main_ui-root-therapy__e2e_-module-therapy_plot-plot_out_main
{shiny}      R  stderr -----------    14: &lt;Anonymous&gt;
{shiny}      R  stderr -----------    12: &lt;Anonymous&gt;
{shiny}      R  stderr -----------    11: &lt;Anonymous&gt;
{shiny}      R  stderr -----------    10: base::do.call
{shiny}      R  stderr -----------     9: base::saveRDS
{shiny}      R  stderr -----------     8: base::withCallingHandlers
{shiny}      R  stderr -----------     7: doTryCatch
{shiny}      R  stderr -----------     6: tryCatchOne
{shiny}      R  stderr -----------     5: tryCatchList
{shiny}      R  stderr -----------     2: tryCatchList
{shiny}      R  stderr -----------     1: base::tryCatch
{shiny}      R  stderr ----------- Warning: Error in &lt;Anonymous&gt;: error in evaluating the argument 'code' in selecting a method for function 'eval_code': Assertion on 'subset' failed: Must be a subset of {'','USUBJID','STUDYID','CMCLAS','CMDECOD','ATIREL','CMCAT','COUNTRY','SITEID','SUBJID','AGE','SEX','ARMCD','ARM','ACTARMCD','ACTARM','RACE','TRTSDTM','TRTEDTM','EOSDY','EOSDT','STRATA1','STRATA2','BMRKR1','BMRKR2','REGION1','SAFFL','EOSSTT','EOTSTT','DCSREAS','DTHDT','ASTDTM','ASTDY','AENDTM','AENDY','CMSEQ','ATC1','ATC2','ATC3','ATC4','CMINDC','CMDOSE','CMTRT','CMDOSU','CMROUTE','CMDOSFRQ','CMASTDTM','CMAENDTM','ATIREL2','CMDECOD2','CMINDC2','CMDOSE2','CMDOSU2','CMROUTE2','CMDOSFRQ2','ASTDY2','AENDY2'}, but has additional elements {'CMTRT2'}.
{shiny}      R  stderr -----------   14: &lt;Anonymous&gt;
{shiny}      R  stderr -----------   12: &lt;Anonymous&gt;
{shiny}      R  stderr -----------   11: &lt;Anonymous&gt;
{shiny}      R  stderr -----------   10: base::do.call
{shiny}      R  stderr -----------    9: base::saveRDS
{shiny}      R  stderr -----------    8: base::withCallingHandlers
{shiny}      R  stderr -----------    7: doTryCatch
{shiny}      R  stderr -----------    6: tryCatchOne
{shiny}      R  stderr -----------    5: tryCatchList
{shiny}      R  stderr -----------    2: tryCatchList
{shiny}      R  stderr -----------    1: base::tryCatch


Caused by error in `app_initialize_()`:
! Shiny app did not become stable in 1e+05ms.
Message: An error occurred while waiting for Shiny to be stable
Caused by error in `app_wait_for_idle()`:
! An error occurred while waiting for Shiny to be stable
Backtrace:
     x
  1. +-teal.modules.clinical (local) app_driver_tm_g_pp_therapy() at test-shinytest2-tm_g_pp_therapy.R:114:5
  2. | \-teal.modules.clinical:::init_teal_app_driver(...) at test-shinytest2-tm_g_pp_therapy.R:31:3
  3. |   +-testthat::with_mocked_bindings(...) at tests/testthat/helper-TealAppDriver.R:7:3
  4. |   \-TealAppDriver$new(...) at tests/testthat/helper-TealAppDriver.R:10:7
  5. |     \-teal (local) initialize(...)
  6. |       +-base::suppressWarnings(...)
  7. |       | \-base::withCallingHandlers(...)
  8. |       \-super$initialize(...)
  9. |         \-shinytest2:::app_initialize(...)
 10. |           +-base::withCallingHandlers(...)
 11. |           \-shinytest2:::app_initialize_(self, private, ..., view = view)
 12. |             +-base::withCallingHandlers(...)
 13. |             \-self$wait_for_idle(duration = 200, timeout = private$load_timeout)
 14. |               \-shinytest2:::app_wait_for_idle(...)
 15. |                 \-shinytest2:::app_abort(self, private, "An error occurred while waiting for Shiny to be stable")
 16. |                   \-rlang::abort(..., app = self, call = call)
 17. |                     \-rlang:::signal_abort(cnd, .file)
 18. |                       \-base::signalCondition(cnd)
 19. +-shinytest2 (local) `&lt;fn&gt;`(`&lt;rlng_rrr&gt;`)
 20. | \-shinytest2:::app_abort(...)
 21. |   \-rlang::abort(..., app = self, call = call)
 22. |     \-rlang:::signal_abort(cnd, .file)
 23. |       \-base::signalCondition(cnd)
 24. \-shinytest2 (local) `&lt;fn&gt;`(`&lt;rlng_rrr&gt;`)
 25.   \-shinytest2:::app_abort(...)
 26.     \-rlang::abort(..., app = self, call = call)</error>
    </testcase>
    <testcase time="103.033" classname="shinytest2_tm_g_pp_therapy" name="e2e_tm_g_pp_therapy_Selection_of_patient_id_changes_the_element_and_does_not_throw_validation_errors">
      <error type="error" message="Error in `app_initialize(self, private, app_dir = app_dir, ..., load_timeout = load_timeout,  ('test-shinytest2-tm_g_pp_therapy.R:162:9')">Error in `app_initialize(self, private, app_dir = app_dir, ..., load_timeout = load_timeout, 
    timeout = timeout, wait = wait, expect_values_screenshot_args = expect_values_screenshot_args, 
    screenshot_args = screenshot_args, check_names = check_names, 
    name = name, variant = variant, view = view, height = height, 
    width = width, seed = seed, clean_logs = clean_logs, shiny_args = shiny_args, 
    render_args = render_args, options = options)`: Shiny app did not become stable in 1e+05ms.
Message: An error occurred while waiting for Shiny to be stable
Caused by error in `app_wait_for_idle()`:
! An error occurred while waiting for Shiny to be stable


i You can inspect the failed AppDriver object via `rlang::last_error()$app`
i AppDriver logs:
{shinytest2} R  info   19:24:45.51 Start AppDriver initialization
{shinytest2} R  info   19:24:45.54 Starting Shiny app
{shinytest2} R  info   19:24:47.57 Creating new ChromoteSession
{shinytest2} R  info   19:24:47.61 Navigating to Shiny app
{shinytest2} R  info   19:24:47.70 Injecting shiny-tracer.js
{chromote}   JS info   19:24:47.71 shinytest2; jQuery not found
{chromote}   JS info   19:24:47.71 shinytest2; Loaded
{shinytest2} R  info   19:24:47.71 Waiting for Shiny to become ready
{chromote}   JS info   19:24:47.81 shinytest2; jQuery found
{chromote}   JS info   19:24:47.81 shinytest2; Waiting for shiny session to connect
{chromote}   JS info   19:24:47.94 shinytest2; Connected
{chromote}   JS info   19:24:47.98 shinytest2; shiny:busy
{shinytest2} R  info   19:24:48.03 Waiting for Shiny to become idle for 200ms within 1e+05ms
{chromote}   JS info   19:24:48.03 shinytest2; Waiting for Shiny to be stable
{chromote}   JS info   19:24:49.21 shinytest2; shiny:idle
{chromote}   JS info   19:24:49.21 shinytest2; shiny:value teal-identifier
{chromote}   JS info   19:24:49.21 shinytest2; shiny:value error
{chromote}   JS info   19:24:49.21 shinytest2; shiny:busy
{chromote}   JS info   19:24:49.21 shinytest2; shiny:idle
{chromote}   JS info   19:24:49.24 shinytest2; shiny:busy
{shinytest2} R  info   19:26:28.04 Error while initializing AppDriver:
                                   Shiny app did not become stable in 1e+05ms.
                                   Message: An error occurred while waiting for Shiny to be stable
                                   Caused by error in `app_wait_for_idle()`:
                                   ! An error occurred while waiting for Shiny to be stable
{shiny}      R  stderr ----------- Loading required package: shiny
{shiny}      R  stderr ----------- Attempting to load the environment ‘package:dplyr’
{shiny}      R  stderr ----------- 
{shiny}      R  stderr ----------- Attaching package: ‘dplyr’
{shiny}      R  stderr ----------- 
{shiny}      R  stderr ----------- The following objects are masked from ‘package:stats’:
{shiny}      R  stderr ----------- 
{shiny}      R  stderr -----------     filter, lag
{shiny}      R  stderr ----------- 
{shiny}      R  stderr ----------- The following objects are masked from ‘package:base’:
{shiny}      R  stderr ----------- 
{shiny}      R  stderr -----------     intersect, setdiff, setequal, union
{shiny}      R  stderr ----------- 
{shiny}      R  stderr ----------- Loading required package: teal
{shiny}      R  stderr ----------- Loading required package: teal.data
{shiny}      R  stderr ----------- Loading required package: teal.code
{shiny}      R  stderr ----------- Loading required package: teal.slice
{shiny}      R  stderr ----------- 
{shiny}      R  stderr ----------- You are using teal version 0.15.2.9032
{shiny}      R  stderr ----------- 
{shiny}      R  stderr ----------- Attaching package: ‘teal’
{shiny}      R  stderr ----------- 
{shiny}      R  stderr ----------- The following objects are masked from ‘package:teal.slice’:
{shiny}      R  stderr ----------- 
{shiny}      R  stderr -----------     as.teal_slices, teal_slices
{shiny}      R  stderr ----------- 
{shiny}      R  stderr ----------- Loading required package: teal.transform
{shiny}      R  stderr ----------- Loading required package: tern
{shiny}      R  stderr ----------- Loading required package: rtables
{shiny}      R  stderr ----------- Loading required package: formatters
{shiny}      R  stderr ----------- Loading required package: magrittr
{shiny}      R  stderr ----------- 
{shiny}      R  stderr ----------- Attaching package: ‘rtables’
{shiny}      R  stderr ----------- 
{shiny}      R  stderr ----------- The following object is masked from ‘package:utils’:
{shiny}      R  stderr ----------- 
{shiny}      R  stderr -----------     str
{shiny}      R  stderr ----------- 
{shiny}      R  stderr ----------- Running application in test mode.
{shiny}      R  stderr ----------- 
{shiny}      R  stderr ----------- Listening on http://127.0.0.1:5971
{shiny}      R  stderr ----------- Initializing reporter_previewer_module
{shiny}      R  stderr ----------- Warning: Error in &lt;Anonymous&gt;: error in evaluating the argument 'code' in selecting a method for function 'eval_code': Assertion on 'subset' failed: Must be a subset of {'','USUBJID','STUDYID','CMCLAS','CMDECOD','ATIREL','CMCAT','COUNTRY','SITEID','SUBJID','AGE','SEX','ARMCD','ARM','ACTARMCD','ACTARM','RACE','TRTSDTM','TRTEDTM','EOSDY','EOSDT','STRATA1','STRATA2','BMRKR1','BMRKR2','REGION1','SAFFL','EOSSTT','EOTSTT','DCSREAS','DTHDT','ASTDTM','ASTDY','AENDTM','AENDY','CMSEQ','ATC1','ATC2','ATC3','ATC4','CMINDC','CMDOSE','CMTRT','CMDOSU','CMROUTE','CMDOSFRQ','CMASTDTM','CMAENDTM','ATIREL2','CMDECOD2','CMINDC2','CMDOSE2','CMDOSU2','CMROUTE2','CMDOSFRQ2','ASTDY2','AENDY2'}, but has additional elements {'CMTRT2'}.
{shiny}      R  stderr -----------   241: &lt;Anonymous&gt;
{shiny}      R  stderr -----------   240: stop
{shiny}      R  stderr -----------   239: mstop
{shiny}      R  stderr -----------   238: makeAssertion
{shiny}      R  stderr -----------   237: checkmate::assert_subset
{shiny}      R  stderr -----------   236: variable_choices.data.frame
{shiny}      R  stderr -----------   233: resolve.delayed_variable_choices
{shiny}      R  stderr -----------   231: resolve.delayed_select_spec
{shiny}      R  stderr -----------   229: resolve.delayed_data_extract_spec
{shiny}      R  stderr -----------   227: resolve_delayed.list
{shiny}      R  stderr -----------   213: module
{shiny}      R  stderr -----------   208: callModule
{shiny}      R  stderr -----------   207: moduleServer
{shiny}      R  stderr -----------   206: data_extract_single_srv
{shiny}      R  stderr -----------   205: FUN
{shiny}      R  stderr -----------   204: lapply
{shiny}      R  stderr -----------   203: module
{shiny}      R  stderr -----------   198: callModule
{shiny}      R  stderr -----------   197: moduleServer
{shiny}      R  stderr -----------   196: data_extract_srv.list
{shiny}      R  stderr -----------   194: FUN
{shiny}      R  stderr -----------   193: lapply
{shiny}      R  stderr -----------   192: sapply
{shiny}      R  stderr -----------   191: &lt;reactive&gt;
{shiny}      R  stderr -----------   175: selector_list
{shiny}      R  stderr -----------   170: &lt;reactive&gt;
{shiny}      R  stderr -----------   154: anl_inputs
{shiny}      R  stderr -----------   153: as.expression
{shiny}      R  stderr -----------   152: teal.code::eval_code
{shiny}      R  stderr -----------   151: %&gt;%
{shiny}      R  stderr -----------   150: &lt;reactive&gt;
{shiny}      R  stderr -----------   134: merged$anl_q
{shiny}      R  stderr -----------   128: &lt;reactive&gt;
{shiny}      R  stderr -----------   112: all_q
{shiny}      R  stderr -----------   110: renderText
{shiny}      R  stderr -----------   109: func
{shiny}      R  stderr -----------    96: renderFunc
{shiny}      R  stderr -----------    95: output$teal-main_ui-root-therapy__e2e_-module-title
{shiny}      R  stderr -----------    14: &lt;Anonymous&gt;
{shiny}      R  stderr -----------    12: &lt;Anonymous&gt;
{shiny}      R  stderr -----------    11: &lt;Anonymous&gt;
{shiny}      R  stderr -----------    10: base::do.call
{shiny}      R  stderr -----------     9: base::saveRDS
{shiny}      R  stderr -----------     8: base::withCallingHandlers
{shiny}      R  stderr -----------     7: doTryCatch
{shiny}      R  stderr -----------     6: tryCatchOne
{shiny}      R  stderr -----------     5: tryCatchList
{shiny}      R  stderr -----------     2: tryCatchList
{shiny}      R  stderr -----------     1: base::tryCatch
{shiny}      R  stderr ----------- Warning: Error in &lt;Anonymous&gt;: error in evaluating the argument 'code' in selecting a method for function 'eval_code': Assertion on 'subset' failed: Must be a subset of {'','USUBJID','STUDYID','CMCLAS','CMDECOD','ATIREL','CMCAT','COUNTRY','SITEID','SUBJID','AGE','SEX','ARMCD','ARM','ACTARMCD','ACTARM','RACE','TRTSDTM','TRTEDTM','EOSDY','EOSDT','STRATA1','STRATA2','BMRKR1','BMRKR2','REGION1','SAFFL','EOSSTT','EOTSTT','DCSREAS','DTHDT','ASTDTM','ASTDY','AENDTM','AENDY','CMSEQ','ATC1','ATC2','ATC3','ATC4','CMINDC','CMDOSE','CMTRT','CMDOSU','CMROUTE','CMDOSFRQ','CMASTDTM','CMAENDTM','ATIREL2','CMDECOD2','CMINDC2','CMDOSE2','CMDOSU2','CMROUTE2','CMDOSFRQ2','ASTDY2','AENDY2'}, but has additional elements {'CMTRT2'}.
{shiny}      R  stderr -----------   122: &lt;Anonymous&gt;
{shiny}      R  stderr -----------   121: stop
{shiny}      R  stderr -----------   120: all_q
{shiny}      R  stderr -----------   117: exprFunc
{shiny}      R  stderr -----------   116: widgetFunc
{shiny}      R  stderr -----------   115: ::
{shiny}      R  stderr ----------- htmlwidgets
{shiny}      R  stderr ----------- shinyRenderWidget
{shiny}      R  stderr -----------   114: func
{shiny}      R  stderr -----------   101: renderFunc
{shiny}      R  stderr -----------   100: renderFunc
{shiny}      R  stderr -----------    96: renderFunc
{shiny}      R  stderr -----------    95: output$teal-main_ui-root-therapy__e2e_-module-therapy_table
{shiny}      R  stderr -----------    14: &lt;Anonymous&gt;
{shiny}      R  stderr -----------    12: &lt;Anonymous&gt;
{shiny}      R  stderr -----------    11: &lt;Anonymous&gt;
{shiny}      R  stderr -----------    10: base::do.call
{shiny}      R  stderr -----------     9: base::saveRDS
{shiny}      R  stderr -----------     8: base::withCallingHandlers
{shiny}      R  stderr -----------     7: doTryCatch
{shiny}      R  stderr -----------     6: tryCatchOne
{shiny}      R  stderr -----------     5: tryCatchList
{shiny}      R  stderr -----------     2: tryCatchList
{shiny}      R  stderr -----------     1: base::tryCatch
{shiny}      R  stderr ----------- Warning: Error in variable_choices.data.frame: Assertion on 'subset' failed: Must be a subset of {'','USUBJID','STUDYID','CMCLAS','CMDECOD','ATIREL','CMCAT','COUNTRY','SITEID','SUBJID','AGE','SEX','ARMCD','ARM','ACTARMCD','ACTARM','RACE','TRTSDTM','TRTEDTM','EOSDY','EOSDT','STRATA1','STRATA2','BMRKR1','BMRKR2','REGION1','SAFFL','EOSSTT','EOTSTT','DCSREAS','DTHDT','ASTDTM','ASTDY','AENDTM','AENDY','CMSEQ','ATC1','ATC2','ATC3','ATC4','CMINDC','CMDOSE','CMTRT','CMDOSU','CMROUTE','CMDOSFRQ','CMASTDTM','CMAENDTM','ATIREL2','CMDECOD2','CMINDC2','CMDOSE2','CMDOSU2','CMROUTE2','CMDOSFRQ2','ASTDY2','AENDY2'}, but has additional elements {'CMTRT2'}.
{shiny}      R  stderr -----------   162: &lt;Anonymous&gt;
{shiny}      R  stderr -----------   161: stop
{shiny}      R  stderr -----------   160: selector_list
{shiny}      R  stderr -----------   159: teal.transform::compose_and_enable_validators
{shiny}      R  stderr -----------   158: &lt;reactive&gt;
{shiny}      R  stderr -----------   142: iv_r
{shiny}      R  stderr -----------   135: &lt;reactive&gt;
{shiny}      R  stderr -----------   119: plot_r
{shiny}      R  stderr -----------   110: renderUI
{shiny}      R  stderr -----------   109: func
{shiny}      R  stderr -----------    96: renderFunc
{shiny}      R  stderr -----------    95: output$teal-main_ui-root-therapy__e2e_-module-therapy_plot-plot_out_main
{shiny}      R  stderr -----------    14: &lt;Anonymous&gt;
{shiny}      R  stderr -----------    12: &lt;Anonymous&gt;
{shiny}      R  stderr -----------    11: &lt;Anonymous&gt;
{shiny}      R  stderr -----------    10: base::do.call
{shiny}      R  stderr -----------     9: base::saveRDS
{shiny}      R  stderr -----------     8: base::withCallingHandlers
{shiny}      R  stderr -----------     7: doTryCatch
{shiny}      R  stderr -----------     6: tryCatchOne
{shiny}      R  stderr -----------     5: tryCatchList
{shiny}      R  stderr -----------     2: tryCatchList
{shiny}      R  stderr -----------     1: base::tryCatch
{shiny}      R  stderr ----------- Warning: Error in &lt;Anonymous&gt;: error in evaluating the argument 'code' in selecting a method for function 'eval_code': Assertion on 'subset' failed: Must be a subset of {'','USUBJID','STUDYID','CMCLAS','CMDECOD','ATIREL','CMCAT','COUNTRY','SITEID','SUBJID','AGE','SEX','ARMCD','ARM','ACTARMCD','ACTARM','RACE','TRTSDTM','TRTEDTM','EOSDY','EOSDT','STRATA1','STRATA2','BMRKR1','BMRKR2','REGION1','SAFFL','EOSSTT','EOTSTT','DCSREAS','DTHDT','ASTDTM','ASTDY','AENDTM','AENDY','CMSEQ','ATC1','ATC2','ATC3','ATC4','CMINDC','CMDOSE','CMTRT','CMDOSU','CMROUTE','CMDOSFRQ','CMASTDTM','CMAENDTM','ATIREL2','CMDECOD2','CMINDC2','CMDOSE2','CMDOSU2','CMROUTE2','CMDOSFRQ2','ASTDY2','AENDY2'}, but has additional elements {'CMTRT2'}.
{shiny}      R  stderr -----------   14: &lt;Anonymous&gt;
{shiny}      R  stderr -----------   12: &lt;Anonymous&gt;
{shiny}      R  stderr -----------   11: &lt;Anonymous&gt;
{shiny}      R  stderr -----------   10: base::do.call
{shiny}      R  stderr -----------    9: base::saveRDS
{shiny}      R  stderr -----------    8: base::withCallingHandlers
{shiny}      R  stderr -----------    7: doTryCatch
{shiny}      R  stderr -----------    6: tryCatchOne
{shiny}      R  stderr -----------    5: tryCatchList
{shiny}      R  stderr -----------    2: tryCatchList
{shiny}      R  stderr -----------    1: base::tryCatch


Caused by error in `app_initialize_()`:
! Shiny app did not become stable in 1e+05ms.
Message: An error occurred while waiting for Shiny to be stable
Caused by error in `app_wait_for_idle()`:
! An error occurred while waiting for Shiny to be stable
Backtrace:
     x
  1. +-teal.modules.clinical (local) app_driver_tm_g_pp_therapy() at test-shinytest2-tm_g_pp_therapy.R:162:9
  2. | \-teal.modules.clinical:::init_teal_app_driver(...) at test-shinytest2-tm_g_pp_therapy.R:31:3
  3. |   +-testthat::with_mocked_bindings(...) at tests/testthat/helper-TealAppDriver.R:7:3
  4. |   \-TealAppDriver$new(...) at tests/testthat/helper-TealAppDriver.R:10:7
  5. |     \-teal (local) initialize(...)
  6. |       +-base::suppressWarnings(...)
  7. |       | \-base::withCallingHandlers(...)
  8. |       \-super$initialize(...)
  9. |         \-shinytest2:::app_initialize(...)
 10. |           +-base::withCallingHandlers(...)
 11. |           \-shinytest2:::app_initialize_(self, private, ..., view = view)
 12. |             +-base::withCallingHandlers(...)
 13. |             \-self$wait_for_idle(duration = 200, timeout = private$load_timeout)
 14. |               \-shinytest2:::app_wait_for_idle(...)
 15. |                 \-shinytest2:::app_abort(self, private, "An error occurred while waiting for Shiny to be stable")
 16. |                   \-rlang::abort(..., app = self, call = call)
 17. |                     \-rlang:::signal_abort(cnd, .file)
 18. |                       \-base::signalCondition(cnd)
 19. +-shinytest2 (local) `&lt;fn&gt;`(`&lt;rlng_rrr&gt;`)
 20. | \-shinytest2:::app_abort(...)
 21. |   \-rlang::abort(..., app = self, call = call)
 22. |     \-rlang:::signal_abort(cnd, .file)
 23. |       \-base::signalCondition(cnd)
 24. \-shinytest2 (local) `&lt;fn&gt;`(`&lt;rlng_rrr&gt;`)
 25.   \-shinytest2:::app_abort(...)
 26.     \-rlang::abort(..., app = self, call = call)</error>
    </testcase>
    <testcase time="103.036" classname="shinytest2_tm_g_pp_therapy" name="e2e_tm_g_pp_therapy_Deselection_of_patient_id_throws_validation_error.">
      <error type="error" message="Error in `app_initialize(self, private, app_dir = app_dir, ..., load_timeout = load_timeout,  ('test-shinytest2-tm_g_pp_therapy.R:189:5')">Error in `app_initialize(self, private, app_dir = app_dir, ..., load_timeout = load_timeout, 
    timeout = timeout, wait = wait, expect_values_screenshot_args = expect_values_screenshot_args, 
    screenshot_args = screenshot_args, check_names = check_names, 
    name = name, variant = variant, view = view, height = height, 
    width = width, seed = seed, clean_logs = clean_logs, shiny_args = shiny_args, 
    render_args = render_args, options = options)`: Shiny app did not become stable in 1e+05ms.
Message: An error occurred while waiting for Shiny to be stable
Caused by error in `app_wait_for_idle()`:
! An error occurred while waiting for Shiny to be stable


i You can inspect the failed AppDriver object via `rlang::last_error()$app`
i AppDriver logs:
{shinytest2} R  info   19:26:28.51 Start AppDriver initialization
{shinytest2} R  info   19:26:28.54 Starting Shiny app
{shinytest2} R  info   19:26:30.57 Creating new ChromoteSession
{shinytest2} R  info   19:26:30.61 Navigating to Shiny app
{shinytest2} R  info   19:26:30.72 Injecting shiny-tracer.js
{chromote}   JS info   19:26:30.73 shinytest2; jQuery not found
{chromote}   JS info   19:26:30.73 shinytest2; Loaded
{shinytest2} R  info   19:26:30.73 Waiting for Shiny to become ready
{chromote}   JS info   19:26:30.82 shinytest2; jQuery found
{chromote}   JS info   19:26:30.82 shinytest2; Waiting for shiny session to connect
{chromote}   JS info   19:26:30.95 shinytest2; Connected
{chromote}   JS info   19:26:30.99 shinytest2; shiny:busy
{shinytest2} R  info   19:26:31.05 Waiting for Shiny to become idle for 200ms within 1e+05ms
{chromote}   JS info   19:26:31.05 shinytest2; Waiting for Shiny to be stable
{chromote}   JS info   19:26:32.23 shinytest2; shiny:idle
{chromote}   JS info   19:26:32.24 shinytest2; shiny:value teal-identifier
{chromote}   JS info   19:26:32.24 shinytest2; shiny:value error
{chromote}   JS info   19:26:32.24 shinytest2; shiny:busy
{chromote}   JS info   19:26:32.24 shinytest2; shiny:idle
{chromote}   JS info   19:26:32.26 shinytest2; shiny:busy
{shinytest2} R  info   19:28:11.07 Error while initializing AppDriver:
                                   Shiny app did not become stable in 1e+05ms.
                                   Message: An error occurred while waiting for Shiny to be stable
                                   Caused by error in `app_wait_for_idle()`:
                                   ! An error occurred while waiting for Shiny to be stable
{shiny}      R  stderr ----------- Loading required package: shiny
{shiny}      R  stderr ----------- Attempting to load the environment ‘package:dplyr’
{shiny}      R  stderr ----------- 
{shiny}      R  stderr ----------- Attaching package: ‘dplyr’
{shiny}      R  stderr ----------- 
{shiny}      R  stderr ----------- The following objects are masked from ‘package:stats’:
{shiny}      R  stderr ----------- 
{shiny}      R  stderr -----------     filter, lag
{shiny}      R  stderr ----------- 
{shiny}      R  stderr ----------- The following objects are masked from ‘package:base’:
{shiny}      R  stderr ----------- 
{shiny}      R  stderr -----------     intersect, setdiff, setequal, union
{shiny}      R  stderr ----------- 
{shiny}      R  stderr ----------- Loading required package: teal
{shiny}      R  stderr ----------- Loading required package: teal.data
{shiny}      R  stderr ----------- Loading required package: teal.code
{shiny}      R  stderr ----------- Loading required package: teal.slice
{shiny}      R  stderr ----------- 
{shiny}      R  stderr ----------- You are using teal version 0.15.2.9032
{shiny}      R  stderr ----------- 
{shiny}      R  stderr ----------- Attaching package: ‘teal’
{shiny}      R  stderr ----------- 
{shiny}      R  stderr ----------- The following objects are masked from ‘package:teal.slice’:
{shiny}      R  stderr ----------- 
{shiny}      R  stderr -----------     as.teal_slices, teal_slices
{shiny}      R  stderr ----------- 
{shiny}      R  stderr ----------- Loading required package: teal.transform
{shiny}      R  stderr ----------- Loading required package: tern
{shiny}      R  stderr ----------- Loading required package: rtables
{shiny}      R  stderr ----------- Loading required package: formatters
{shiny}      R  stderr ----------- Loading required package: magrittr
{shiny}      R  stderr ----------- 
{shiny}      R  stderr ----------- Attaching package: ‘rtables’
{shiny}      R  stderr ----------- 
{shiny}      R  stderr ----------- The following object is masked from ‘package:utils’:
{shiny}      R  stderr ----------- 
{shiny}      R  stderr -----------     str
{shiny}      R  stderr ----------- 
{shiny}      R  stderr ----------- Running application in test mode.
{shiny}      R  stderr ----------- 
{shiny}      R  stderr ----------- Listening on http://127.0.0.1:5338
{shiny}      R  stderr ----------- Initializing reporter_previewer_module
{shiny}      R  stderr ----------- Warning: Error in &lt;Anonymous&gt;: error in evaluating the argument 'code' in selecting a method for function 'eval_code': Assertion on 'subset' failed: Must be a subset of {'','USUBJID','STUDYID','CMCLAS','CMDECOD','ATIREL','CMCAT','COUNTRY','SITEID','SUBJID','AGE','SEX','ARMCD','ARM','ACTARMCD','ACTARM','RACE','TRTSDTM','TRTEDTM','EOSDY','EOSDT','STRATA1','STRATA2','BMRKR1','BMRKR2','REGION1','SAFFL','EOSSTT','EOTSTT','DCSREAS','DTHDT','ASTDTM','ASTDY','AENDTM','AENDY','CMSEQ','ATC1','ATC2','ATC3','ATC4','CMINDC','CMDOSE','CMTRT','CMDOSU','CMROUTE','CMDOSFRQ','CMASTDTM','CMAENDTM','ATIREL2','CMDECOD2','CMINDC2','CMDOSE2','CMDOSU2','CMROUTE2','CMDOSFRQ2','ASTDY2','AENDY2'}, but has additional elements {'CMTRT2'}.
{shiny}      R  stderr -----------   241: &lt;Anonymous&gt;
{shiny}      R  stderr -----------   240: stop
{shiny}      R  stderr -----------   239: mstop
{shiny}      R  stderr -----------   238: makeAssertion
{shiny}      R  stderr -----------   237: checkmate::assert_subset
{shiny}      R  stderr -----------   236: variable_choices.data.frame
{shiny}      R  stderr -----------   233: resolve.delayed_variable_choices
{shiny}      R  stderr -----------   231: resolve.delayed_select_spec
{shiny}      R  stderr -----------   229: resolve.delayed_data_extract_spec
{shiny}      R  stderr -----------   227: resolve_delayed.list
{shiny}      R  stderr -----------   213: module
{shiny}      R  stderr -----------   208: callModule
{shiny}      R  stderr -----------   207: moduleServer
{shiny}      R  stderr -----------   206: data_extract_single_srv
{shiny}      R  stderr -----------   205: FUN
{shiny}      R  stderr -----------   204: lapply
{shiny}      R  stderr -----------   203: module
{shiny}      R  stderr -----------   198: callModule
{shiny}      R  stderr -----------   197: moduleServer
{shiny}      R  stderr -----------   196: data_extract_srv.list
{shiny}      R  stderr -----------   194: FUN
{shiny}      R  stderr -----------   193: lapply
{shiny}      R  stderr -----------   192: sapply
{shiny}      R  stderr -----------   191: &lt;reactive&gt;
{shiny}      R  stderr -----------   175: selector_list
{shiny}      R  stderr -----------   170: &lt;reactive&gt;
{shiny}      R  stderr -----------   154: anl_inputs
{shiny}      R  stderr -----------   153: as.expression
{shiny}      R  stderr -----------   152: teal.code::eval_code
{shiny}      R  stderr -----------   151: %&gt;%
{shiny}      R  stderr -----------   150: &lt;reactive&gt;
{shiny}      R  stderr -----------   134: merged$anl_q
{shiny}      R  stderr -----------   128: &lt;reactive&gt;
{shiny}      R  stderr -----------   112: all_q
{shiny}      R  stderr -----------   110: renderText
{shiny}      R  stderr -----------   109: func
{shiny}      R  stderr -----------    96: renderFunc
{shiny}      R  stderr -----------    95: output$teal-main_ui-root-therapy__e2e_-module-title
{shiny}      R  stderr -----------    14: &lt;Anonymous&gt;
{shiny}      R  stderr -----------    12: &lt;Anonymous&gt;
{shiny}      R  stderr -----------    11: &lt;Anonymous&gt;
{shiny}      R  stderr -----------    10: base::do.call
{shiny}      R  stderr -----------     9: base::saveRDS
{shiny}      R  stderr -----------     8: base::withCallingHandlers
{shiny}      R  stderr -----------     7: doTryCatch
{shiny}      R  stderr -----------     6: tryCatchOne
{shiny}      R  stderr -----------     5: tryCatchList
{shiny}      R  stderr -----------     2: tryCatchList
{shiny}      R  stderr -----------     1: base::tryCatch
{shiny}      R  stderr ----------- Warning: Error in &lt;Anonymous&gt;: error in evaluating the argument 'code' in selecting a method for function 'eval_code': Assertion on 'subset' failed: Must be a subset of {'','USUBJID','STUDYID','CMCLAS','CMDECOD','ATIREL','CMCAT','COUNTRY','SITEID','SUBJID','AGE','SEX','ARMCD','ARM','ACTARMCD','ACTARM','RACE','TRTSDTM','TRTEDTM','EOSDY','EOSDT','STRATA1','STRATA2','BMRKR1','BMRKR2','REGION1','SAFFL','EOSSTT','EOTSTT','DCSREAS','DTHDT','ASTDTM','ASTDY','AENDTM','AENDY','CMSEQ','ATC1','ATC2','ATC3','ATC4','CMINDC','CMDOSE','CMTRT','CMDOSU','CMROUTE','CMDOSFRQ','CMASTDTM','CMAENDTM','ATIREL2','CMDECOD2','CMINDC2','CMDOSE2','CMDOSU2','CMROUTE2','CMDOSFRQ2','ASTDY2','AENDY2'}, but has additional elements {'CMTRT2'}.
{shiny}      R  stderr -----------   122: &lt;Anonymous&gt;
{shiny}      R  stderr -----------   121: stop
{shiny}      R  stderr -----------   120: all_q
{shiny}      R  stderr -----------   117: exprFunc
{shiny}      R  stderr -----------   116: widgetFunc
{shiny}      R  stderr -----------   115: ::
{shiny}      R  stderr ----------- htmlwidgets
{shiny}      R  stderr ----------- shinyRenderWidget
{shiny}      R  stderr -----------   114: func
{shiny}      R  stderr -----------   101: renderFunc
{shiny}      R  stderr -----------   100: renderFunc
{shiny}      R  stderr -----------    96: renderFunc
{shiny}      R  stderr -----------    95: output$teal-main_ui-root-therapy__e2e_-module-therapy_table
{shiny}      R  stderr -----------    14: &lt;Anonymous&gt;
{shiny}      R  stderr -----------    12: &lt;Anonymous&gt;
{shiny}      R  stderr -----------    11: &lt;Anonymous&gt;
{shiny}      R  stderr -----------    10: base::do.call
{shiny}      R  stderr -----------     9: base::saveRDS
{shiny}      R  stderr -----------     8: base::withCallingHandlers
{shiny}      R  stderr -----------     7: doTryCatch
{shiny}      R  stderr -----------     6: tryCatchOne
{shiny}      R  stderr -----------     5: tryCatchList
{shiny}      R  stderr -----------     2: tryCatchList
{shiny}      R  stderr -----------     1: base::tryCatch
{shiny}      R  stderr ----------- Warning: Error in variable_choices.data.frame: Assertion on 'subset' failed: Must be a subset of {'','USUBJID','STUDYID','CMCLAS','CMDECOD','ATIREL','CMCAT','COUNTRY','SITEID','SUBJID','AGE','SEX','ARMCD','ARM','ACTARMCD','ACTARM','RACE','TRTSDTM','TRTEDTM','EOSDY','EOSDT','STRATA1','STRATA2','BMRKR1','BMRKR2','REGION1','SAFFL','EOSSTT','EOTSTT','DCSREAS','DTHDT','ASTDTM','ASTDY','AENDTM','AENDY','CMSEQ','ATC1','ATC2','ATC3','ATC4','CMINDC','CMDOSE','CMTRT','CMDOSU','CMROUTE','CMDOSFRQ','CMASTDTM','CMAENDTM','ATIREL2','CMDECOD2','CMINDC2','CMDOSE2','CMDOSU2','CMROUTE2','CMDOSFRQ2','ASTDY2','AENDY2'}, but has additional elements {'CMTRT2'}.
{shiny}      R  stderr -----------   162: &lt;Anonymous&gt;
{shiny}      R  stderr -----------   161: stop
{shiny}      R  stderr -----------   160: selector_list
{shiny}      R  stderr -----------   159: teal.transform::compose_and_enable_validators
{shiny}      R  stderr -----------   158: &lt;reactive&gt;
{shiny}      R  stderr -----------   142: iv_r
{shiny}      R  stderr -----------   135: &lt;reactive&gt;
{shiny}      R  stderr -----------   119: plot_r
{shiny}      R  stderr -----------   110: renderUI
{shiny}      R  stderr -----------   109: func
{shiny}      R  stderr -----------    96: renderFunc
{shiny}      R  stderr -----------    95: output$teal-main_ui-root-therapy__e2e_-module-therapy_plot-plot_out_main
{shiny}      R  stderr -----------    14: &lt;Anonymous&gt;
{shiny}      R  stderr -----------    12: &lt;Anonymous&gt;
{shiny}      R  stderr -----------    11: &lt;Anonymous&gt;
{shiny}      R  stderr -----------    10: base::do.call
{shiny}      R  stderr -----------     9: base::saveRDS
{shiny}      R  stderr -----------     8: base::withCallingHandlers
{shiny}      R  stderr -----------     7: doTryCatch
{shiny}      R  stderr -----------     6: tryCatchOne
{shiny}      R  stderr -----------     5: tryCatchList
{shiny}      R  stderr -----------     2: tryCatchList
{shiny}      R  stderr -----------     1: base::tryCatch
{shiny}      R  stderr ----------- Warning: Error in &lt;Anonymous&gt;: error in evaluating the argument 'code' in selecting a method for function 'eval_code': Assertion on 'subset' failed: Must be a subset of {'','USUBJID','STUDYID','CMCLAS','CMDECOD','ATIREL','CMCAT','COUNTRY','SITEID','SUBJID','AGE','SEX','ARMCD','ARM','ACTARMCD','ACTARM','RACE','TRTSDTM','TRTEDTM','EOSDY','EOSDT','STRATA1','STRATA2','BMRKR1','BMRKR2','REGION1','SAFFL','EOSSTT','EOTSTT','DCSREAS','DTHDT','ASTDTM','ASTDY','AENDTM','AENDY','CMSEQ','ATC1','ATC2','ATC3','ATC4','CMINDC','CMDOSE','CMTRT','CMDOSU','CMROUTE','CMDOSFRQ','CMASTDTM','CMAENDTM','ATIREL2','CMDECOD2','CMINDC2','CMDOSE2','CMDOSU2','CMROUTE2','CMDOSFRQ2','ASTDY2','AENDY2'}, but has additional elements {'CMTRT2'}.
{shiny}      R  stderr -----------   14: &lt;Anonymous&gt;
{shiny}      R  stderr -----------   12: &lt;Anonymous&gt;
{shiny}      R  stderr -----------   11: &lt;Anonymous&gt;
{shiny}      R  stderr -----------   10: base::do.call
{shiny}      R  stderr -----------    9: base::saveRDS
{shiny}      R  stderr -----------    8: base::withCallingHandlers
{shiny}      R  stderr -----------    7: doTryCatch
{shiny}      R  stderr -----------    6: tryCatchOne
{shiny}      R  stderr -----------    5: tryCatchList
{shiny}      R  stderr -----------    2: tryCatchList
{shiny}      R  stderr -----------    1: base::tryCatch


Caused by error in `app_initialize_()`:
! Shiny app did not become stable in 1e+05ms.
Message: An error occurred while waiting for Shiny to be stable
Caused by error in `app_wait_for_idle()`:
! An error occurred while waiting for Shiny to be stable
Backtrace:
     x
  1. +-teal.modules.clinical (local) app_driver_tm_g_pp_therapy() at test-shinytest2-tm_g_pp_therapy.R:189:5
  2. | \-teal.modules.clinical:::init_teal_app_driver(...) at test-shinytest2-tm_g_pp_therapy.R:31:3
  3. |   +-testthat::with_mocked_bindings(...) at tests/testthat/helper-TealAppDriver.R:7:3
  4. |   \-TealAppDriver$new(...) at tests/testthat/helper-TealAppDriver.R:10:7
  5. |     \-teal (local) initialize(...)
  6. |       +-base::suppressWarnings(...)
  7. |       | \-base::withCallingHandlers(...)
  8. |       \-super$initialize(...)
  9. |         \-shinytest2:::app_initialize(...)
 10. |           +-base::withCallingHandlers(...)
 11. |           \-shinytest2:::app_initialize_(self, private, ..., view = view)
 12. |             +-base::withCallingHandlers(...)
 13. |             \-self$wait_for_idle(duration = 200, timeout = private$load_timeout)
 14. |               \-shinytest2:::app_wait_for_idle(...)
 15. |                 \-shinytest2:::app_abort(self, private, "An error occurred while waiting for Shiny to be stable")
 16. |                   \-rlang::abort(..., app = self, call = call)
 17. |                     \-rlang:::signal_abort(cnd, .file)
 18. |                       \-base::signalCondition(cnd)
 19. +-shinytest2 (local) `&lt;fn&gt;`(`&lt;rlng_rrr&gt;`)
 20. | \-shinytest2:::app_abort(...)
 21. |   \-rlang::abort(..., app = self, call = call)
 22. |     \-rlang:::signal_abort(cnd, .file)
 23. |       \-base::signalCondition(cnd)
 24. \-shinytest2 (local) `&lt;fn&gt;`(`&lt;rlng_rrr&gt;`)
 25.   \-shinytest2:::app_abort(...)
 26.     \-rlang::abort(..., app = self, call = call)</error>
    </testcase>
    <testcase time="103.123" classname="shinytest2_tm_g_pp_therapy" name="e2e_tm_g_pp_therapy_Deselection_of_cmtrt_dataset_ADCM_singleextract_select_throws_validation_error.">
      <error type="error" message="Error in `app_initialize(self, private, app_dir = app_dir, ..., load_timeout = load_timeout,  ('test-shinytest2-tm_g_pp_therapy.R:189:5')">Error in `app_initialize(self, private, app_dir = app_dir, ..., load_timeout = load_timeout, 
    timeout = timeout, wait = wait, expect_values_screenshot_args = expect_values_screenshot_args, 
    screenshot_args = screenshot_args, check_names = check_names, 
    name = name, variant = variant, view = view, height = height, 
    width = width, seed = seed, clean_logs = clean_logs, shiny_args = shiny_args, 
    render_args = render_args, options = options)`: Shiny app did not become stable in 1e+05ms.
Message: An error occurred while waiting for Shiny to be stable
Caused by error in `app_wait_for_idle()`:
! An error occurred while waiting for Shiny to be stable


i You can inspect the failed AppDriver object via `rlang::last_error()$app`
i AppDriver logs:
{shinytest2} R  info   19:28:11.57 Start AppDriver initialization
{shinytest2} R  info   19:28:11.59 Starting Shiny app
{shinytest2} R  info   19:28:13.83 Creating new ChromoteSession
{shinytest2} R  info   19:28:13.86 Navigating to Shiny app
{shinytest2} R  info   19:28:13.96 Injecting shiny-tracer.js
{chromote}   JS info   19:28:13.97 shinytest2; jQuery not found
{chromote}   JS info   19:28:13.97 shinytest2; Loaded
{shinytest2} R  info   19:28:13.97 Waiting for Shiny to become ready
{chromote}   JS info   19:28:14.05 shinytest2; jQuery found
{chromote}   JS info   19:28:14.05 shinytest2; Waiting for shiny session to connect
{chromote}   JS info   19:28:14.18 shinytest2; Connected
{shinytest2} R  info   19:28:14.18 Waiting for Shiny to become idle for 200ms within 1e+05ms
{chromote}   JS info   19:28:14.19 shinytest2; Waiting for Shiny to be stable
{chromote}   JS info   19:28:14.22 shinytest2; shiny:busy
{chromote}   JS info   19:28:15.46 shinytest2; shiny:idle
{chromote}   JS info   19:28:15.46 shinytest2; shiny:value teal-identifier
{chromote}   JS info   19:28:15.46 shinytest2; shiny:value error
{chromote}   JS info   19:28:15.46 shinytest2; shiny:busy
{chromote}   JS info   19:28:15.46 shinytest2; shiny:idle
{chromote}   JS info   19:28:15.49 shinytest2; shiny:busy
{shinytest2} R  info   19:29:54.20 Error while initializing AppDriver:
                                   Shiny app did not become stable in 1e+05ms.
                                   Message: An error occurred while waiting for Shiny to be stable
                                   Caused by error in `app_wait_for_idle()`:
                                   ! An error occurred while waiting for Shiny to be stable
{shiny}      R  stderr ----------- Loading required package: shiny
{shiny}      R  stderr ----------- Attempting to load the environment ‘package:dplyr’
{shiny}      R  stderr ----------- 
{shiny}      R  stderr ----------- Attaching package: ‘dplyr’
{shiny}      R  stderr ----------- 
{shiny}      R  stderr ----------- The following objects are masked from ‘package:stats’:
{shiny}      R  stderr ----------- 
{shiny}      R  stderr -----------     filter, lag
{shiny}      R  stderr ----------- 
{shiny}      R  stderr ----------- The following objects are masked from ‘package:base’:
{shiny}      R  stderr ----------- 
{shiny}      R  stderr -----------     intersect, setdiff, setequal, union
{shiny}      R  stderr ----------- 
{shiny}      R  stderr ----------- Loading required package: teal
{shiny}      R  stderr ----------- Loading required package: teal.data
{shiny}      R  stderr ----------- Loading required package: teal.code
{shiny}      R  stderr ----------- Loading required package: teal.slice
{shiny}      R  stderr ----------- 
{shiny}      R  stderr ----------- You are using teal version 0.15.2.9032
{shiny}      R  stderr ----------- 
{shiny}      R  stderr ----------- Attaching package: ‘teal’
{shiny}      R  stderr ----------- 
{shiny}      R  stderr ----------- The following objects are masked from ‘package:teal.slice’:
{shiny}      R  stderr ----------- 
{shiny}      R  stderr -----------     as.teal_slices, teal_slices
{shiny}      R  stderr ----------- 
{shiny}      R  stderr ----------- Loading required package: teal.transform
{shiny}      R  stderr ----------- Loading required package: tern
{shiny}      R  stderr ----------- Loading required package: rtables
{shiny}      R  stderr ----------- Loading required package: formatters
{shiny}      R  stderr ----------- Loading required package: magrittr
{shiny}      R  stderr ----------- 
{shiny}      R  stderr ----------- Attaching package: ‘rtables’
{shiny}      R  stderr ----------- 
{shiny}      R  stderr ----------- The following object is masked from ‘package:utils’:
{shiny}      R  stderr ----------- 
{shiny}      R  stderr -----------     str
{shiny}      R  stderr ----------- 
{shiny}      R  stderr ----------- Running application in test mode.
{shiny}      R  stderr ----------- 
{shiny}      R  stderr ----------- Listening on http://127.0.0.1:7939
{shiny}      R  stderr ----------- Initializing reporter_previewer_module
{shiny}      R  stderr ----------- Warning: Error in &lt;Anonymous&gt;: error in evaluating the argument 'code' in selecting a method for function 'eval_code': Assertion on 'subset' failed: Must be a subset of {'','USUBJID','STUDYID','CMCLAS','CMDECOD','ATIREL','CMCAT','COUNTRY','SITEID','SUBJID','AGE','SEX','ARMCD','ARM','ACTARMCD','ACTARM','RACE','TRTSDTM','TRTEDTM','EOSDY','EOSDT','STRATA1','STRATA2','BMRKR1','BMRKR2','REGION1','SAFFL','EOSSTT','EOTSTT','DCSREAS','DTHDT','ASTDTM','ASTDY','AENDTM','AENDY','CMSEQ','ATC1','ATC2','ATC3','ATC4','CMINDC','CMDOSE','CMTRT','CMDOSU','CMROUTE','CMDOSFRQ','CMASTDTM','CMAENDTM','ATIREL2','CMDECOD2','CMINDC2','CMDOSE2','CMDOSU2','CMROUTE2','CMDOSFRQ2','ASTDY2','AENDY2'}, but has additional elements {'CMTRT2'}.
{shiny}      R  stderr -----------   241: &lt;Anonymous&gt;
{shiny}      R  stderr -----------   240: stop
{shiny}      R  stderr -----------   239: mstop
{shiny}      R  stderr -----------   238: makeAssertion
{shiny}      R  stderr -----------   237: checkmate::assert_subset
{shiny}      R  stderr -----------   236: variable_choices.data.frame
{shiny}      R  stderr -----------   233: resolve.delayed_variable_choices
{shiny}      R  stderr -----------   231: resolve.delayed_select_spec
{shiny}      R  stderr -----------   229: resolve.delayed_data_extract_spec
{shiny}      R  stderr -----------   227: resolve_delayed.list
{shiny}      R  stderr -----------   213: module
{shiny}      R  stderr -----------   208: callModule
{shiny}      R  stderr -----------   207: moduleServer
{shiny}      R  stderr -----------   206: data_extract_single_srv
{shiny}      R  stderr -----------   205: FUN
{shiny}      R  stderr -----------   204: lapply
{shiny}      R  stderr -----------   203: module
{shiny}      R  stderr -----------   198: callModule
{shiny}      R  stderr -----------   197: moduleServer
{shiny}      R  stderr -----------   196: data_extract_srv.list
{shiny}      R  stderr -----------   194: FUN
{shiny}      R  stderr -----------   193: lapply
{shiny}      R  stderr -----------   192: sapply
{shiny}      R  stderr -----------   191: &lt;reactive&gt;
{shiny}      R  stderr -----------   175: selector_list
{shiny}      R  stderr -----------   170: &lt;reactive&gt;
{shiny}      R  stderr -----------   154: anl_inputs
{shiny}      R  stderr -----------   153: as.expression
{shiny}      R  stderr -----------   152: teal.code::eval_code
{shiny}      R  stderr -----------   151: %&gt;%
{shiny}      R  stderr -----------   150: &lt;reactive&gt;
{shiny}      R  stderr -----------   134: merged$anl_q
{shiny}      R  stderr -----------   128: &lt;reactive&gt;
{shiny}      R  stderr -----------   112: all_q
{shiny}      R  stderr -----------   110: renderText
{shiny}      R  stderr -----------   109: func
{shiny}      R  stderr -----------    96: renderFunc
{shiny}      R  stderr -----------    95: output$teal-main_ui-root-therapy__e2e_-module-title
{shiny}      R  stderr -----------    14: &lt;Anonymous&gt;
{shiny}      R  stderr -----------    12: &lt;Anonymous&gt;
{shiny}      R  stderr -----------    11: &lt;Anonymous&gt;
{shiny}      R  stderr -----------    10: base::do.call
{shiny}      R  stderr -----------     9: base::saveRDS
{shiny}      R  stderr -----------     8: base::withCallingHandlers
{shiny}      R  stderr -----------     7: doTryCatch
{shiny}      R  stderr -----------     6: tryCatchOne
{shiny}      R  stderr -----------     5: tryCatchList
{shiny}      R  stderr -----------     2: tryCatchList
{shiny}      R  stderr -----------     1: base::tryCatch
{shiny}      R  stderr ----------- Warning: Error in &lt;Anonymous&gt;: error in evaluating the argument 'code' in selecting a method for function 'eval_code': Assertion on 'subset' failed: Must be a subset of {'','USUBJID','STUDYID','CMCLAS','CMDECOD','ATIREL','CMCAT','COUNTRY','SITEID','SUBJID','AGE','SEX','ARMCD','ARM','ACTARMCD','ACTARM','RACE','TRTSDTM','TRTEDTM','EOSDY','EOSDT','STRATA1','STRATA2','BMRKR1','BMRKR2','REGION1','SAFFL','EOSSTT','EOTSTT','DCSREAS','DTHDT','ASTDTM','ASTDY','AENDTM','AENDY','CMSEQ','ATC1','ATC2','ATC3','ATC4','CMINDC','CMDOSE','CMTRT','CMDOSU','CMROUTE','CMDOSFRQ','CMASTDTM','CMAENDTM','ATIREL2','CMDECOD2','CMINDC2','CMDOSE2','CMDOSU2','CMROUTE2','CMDOSFRQ2','ASTDY2','AENDY2'}, but has additional elements {'CMTRT2'}.
{shiny}      R  stderr -----------   122: &lt;Anonymous&gt;
{shiny}      R  stderr -----------   121: stop
{shiny}      R  stderr -----------   120: all_q
{shiny}      R  stderr -----------   117: exprFunc
{shiny}      R  stderr -----------   116: widgetFunc
{shiny}      R  stderr -----------   115: ::
{shiny}      R  stderr ----------- htmlwidgets
{shiny}      R  stderr ----------- shinyRenderWidget
{shiny}      R  stderr -----------   114: func
{shiny}      R  stderr -----------   101: renderFunc
{shiny}      R  stderr -----------   100: renderFunc
{shiny}      R  stderr -----------    96: renderFunc
{shiny}      R  stderr -----------    95: output$teal-main_ui-root-therapy__e2e_-module-therapy_table
{shiny}      R  stderr -----------    14: &lt;Anonymous&gt;
{shiny}      R  stderr -----------    12: &lt;Anonymous&gt;
{shiny}      R  stderr -----------    11: &lt;Anonymous&gt;
{shiny}      R  stderr -----------    10: base::do.call
{shiny}      R  stderr -----------     9: base::saveRDS
{shiny}      R  stderr -----------     8: base::withCallingHandlers
{shiny}      R  stderr -----------     7: doTryCatch
{shiny}      R  stderr -----------     6: tryCatchOne
{shiny}      R  stderr -----------     5: tryCatchList
{shiny}      R  stderr -----------     2: tryCatchList
{shiny}      R  stderr -----------     1: base::tryCatch
{shiny}      R  stderr ----------- Warning: Error in variable_choices.data.frame: Assertion on 'subset' failed: Must be a subset of {'','USUBJID','STUDYID','CMCLAS','CMDECOD','ATIREL','CMCAT','COUNTRY','SITEID','SUBJID','AGE','SEX','ARMCD','ARM','ACTARMCD','ACTARM','RACE','TRTSDTM','TRTEDTM','EOSDY','EOSDT','STRATA1','STRATA2','BMRKR1','BMRKR2','REGION1','SAFFL','EOSSTT','EOTSTT','DCSREAS','DTHDT','ASTDTM','ASTDY','AENDTM','AENDY','CMSEQ','ATC1','ATC2','ATC3','ATC4','CMINDC','CMDOSE','CMTRT','CMDOSU','CMROUTE','CMDOSFRQ','CMASTDTM','CMAENDTM','ATIREL2','CMDECOD2','CMINDC2','CMDOSE2','CMDOSU2','CMROUTE2','CMDOSFRQ2','ASTDY2','AENDY2'}, but has additional elements {'CMTRT2'}.
{shiny}      R  stderr -----------   162: &lt;Anonymous&gt;
{shiny}      R  stderr -----------   161: stop
{shiny}      R  stderr -----------   160: selector_list
{shiny}      R  stderr -----------   159: teal.transform::compose_and_enable_validators
{shiny}      R  stderr -----------   158: &lt;reactive&gt;
{shiny}      R  stderr -----------   142: iv_r
{shiny}      R  stderr -----------   135: &lt;reactive&gt;
{shiny}      R  stderr -----------   119: plot_r
{shiny}      R  stderr -----------   110: renderUI
{shiny}      R  stderr -----------   109: func
{shiny}      R  stderr -----------    96: renderFunc
{shiny}      R  stderr -----------    95: output$teal-main_ui-root-therapy__e2e_-module-therapy_plot-plot_out_main
{shiny}      R  stderr -----------    14: &lt;Anonymous&gt;
{shiny}      R  stderr -----------    12: &lt;Anonymous&gt;
{shiny}      R  stderr -----------    11: &lt;Anonymous&gt;
{shiny}      R  stderr -----------    10: base::do.call
{shiny}      R  stderr -----------     9: base::saveRDS
{shiny}      R  stderr -----------     8: base::withCallingHandlers
{shiny}      R  stderr -----------     7: doTryCatch
{shiny}      R  stderr -----------     6: tryCatchOne
{shiny}      R  stderr -----------     5: tryCatchList
{shiny}      R  stderr -----------     2: tryCatchList
{shiny}      R  stderr -----------     1: base::tryCatch
{shiny}      R  stderr ----------- Warning: Error in &lt;Anonymous&gt;: error in evaluating the argument 'code' in selecting a method for function 'eval_code': Assertion on 'subset' failed: Must be a subset of {'','USUBJID','STUDYID','CMCLAS','CMDECOD','ATIREL','CMCAT','COUNTRY','SITEID','SUBJID','AGE','SEX','ARMCD','ARM','ACTARMCD','ACTARM','RACE','TRTSDTM','TRTEDTM','EOSDY','EOSDT','STRATA1','STRATA2','BMRKR1','BMRKR2','REGION1','SAFFL','EOSSTT','EOTSTT','DCSREAS','DTHDT','ASTDTM','ASTDY','AENDTM','AENDY','CMSEQ','ATC1','ATC2','ATC3','ATC4','CMINDC','CMDOSE','CMTRT','CMDOSU','CMROUTE','CMDOSFRQ','CMASTDTM','CMAENDTM','ATIREL2','CMDECOD2','CMINDC2','CMDOSE2','CMDOSU2','CMROUTE2','CMDOSFRQ2','ASTDY2','AENDY2'}, but has additional elements {'CMTRT2'}.
{shiny}      R  stderr -----------   14: &lt;Anonymous&gt;
{shiny}      R  stderr -----------   12: &lt;Anonymous&gt;
{shiny}      R  stderr -----------   11: &lt;Anonymous&gt;
{shiny}      R  stderr -----------   10: base::do.call
{shiny}      R  stderr -----------    9: base::saveRDS
{shiny}      R  stderr -----------    8: base::withCallingHandlers
{shiny}      R  stderr -----------    7: doTryCatch
{shiny}      R  stderr -----------    6: tryCatchOne
{shiny}      R  stderr -----------    5: tryCatchList
{shiny}      R  stderr -----------    2: tryCatchList
{shiny}      R  stderr -----------    1: base::tryCatch


Caused by error in `app_initialize_()`:
! Shiny app did not become stable in 1e+05ms.
Message: An error occurred while waiting for Shiny to be stable
Caused by error in `app_wait_for_idle()`:
! An error occurred while waiting for Shiny to be stable
Backtrace:
     x
  1. +-teal.modules.clinical (local) app_driver_tm_g_pp_therapy() at test-shinytest2-tm_g_pp_therapy.R:189:5
  2. | \-teal.modules.clinical:::init_teal_app_driver(...) at test-shinytest2-tm_g_pp_therapy.R:31:3
  3. |   +-testthat::with_mocked_bindings(...) at tests/testthat/helper-TealAppDriver.R:7:3
  4. |   \-TealAppDriver$new(...) at tests/testthat/helper-TealAppDriver.R:10:7
  5. |     \-teal (local) initialize(...)
  6. |       +-base::suppressWarnings(...)
  7. |       | \-base::withCallingHandlers(...)
  8. |       \-super$initialize(...)
  9. |         \-shinytest2:::app_initialize(...)
 10. |           +-base::withCallingHandlers(...)
 11. |           \-shinytest2:::app_initialize_(self, private, ..., view = view)
 12. |             +-base::withCallingHandlers(...)
 13. |             \-self$wait_for_idle(duration = 200, timeout = private$load_timeout)
 14. |               \-shinytest2:::app_wait_for_idle(...)
 15. |                 \-shinytest2:::app_abort(self, private, "An error occurred while waiting for Shiny to be stable")
 16. |                   \-rlang::abort(..., app = self, call = call)
 17. |                     \-rlang:::signal_abort(cnd, .file)
 18. |                       \-base::signalCondition(cnd)
 19. +-shinytest2 (local) `&lt;fn&gt;`(`&lt;rlng_rrr&gt;`)
 20. | \-shinytest2:::app_abort(...)
 21. |   \-rlang::abort(..., app = self, call = call)
 22. |     \-rlang:::signal_abort(cnd, .file)
 23. |       \-base::signalCondition(cnd)
 24. \-shinytest2 (local) `&lt;fn&gt;`(`&lt;rlng_rrr&gt;`)
 25.   \-shinytest2:::app_abort(...)
 26.     \-rlang::abort(..., app = self, call = call)</error>
    </testcase>
    <testcase time="102.997" classname="shinytest2_tm_g_pp_therapy" name="e2e_tm_g_pp_therapy_Deselection_of_cmdecod_dataset_ADCM_singleextract_select_throws_validation_error.">
      <error type="error" message="Error in `app_initialize(self, private, app_dir = app_dir, ..., load_timeout = load_timeout,  ('test-shinytest2-tm_g_pp_therapy.R:189:5')">Error in `app_initialize(self, private, app_dir = app_dir, ..., load_timeout = load_timeout, 
    timeout = timeout, wait = wait, expect_values_screenshot_args = expect_values_screenshot_args, 
    screenshot_args = screenshot_args, check_names = check_names, 
    name = name, variant = variant, view = view, height = height, 
    width = width, seed = seed, clean_logs = clean_logs, shiny_args = shiny_args, 
    render_args = render_args, options = options)`: Shiny app did not become stable in 1e+05ms.
Message: An error occurred while waiting for Shiny to be stable
Caused by error in `app_wait_for_idle()`:
! An error occurred while waiting for Shiny to be stable


i You can inspect the failed AppDriver object via `rlang::last_error()$app`
i AppDriver logs:
{shinytest2} R  info   19:29:54.67 Start AppDriver initialization
{shinytest2} R  info   19:29:54.70 Starting Shiny app
{shinytest2} R  info   19:29:56.73 Creating new ChromoteSession
{shinytest2} R  info   19:29:56.77 Navigating to Shiny app
{shinytest2} R  info   19:29:56.86 Injecting shiny-tracer.js
{chromote}   JS info   19:29:56.87 shinytest2; jQuery not found
{chromote}   JS info   19:29:56.87 shinytest2; Loaded
{shinytest2} R  info   19:29:56.87 Waiting for Shiny to become ready
{chromote}   JS info   19:29:56.97 shinytest2; jQuery found
{chromote}   JS info   19:29:56.97 shinytest2; Waiting for shiny session to connect
{chromote}   JS info   19:29:57.09 shinytest2; Connected
{chromote}   JS info   19:29:57.13 shinytest2; shiny:busy
{shinytest2} R  info   19:29:57.19 Waiting for Shiny to become idle for 200ms within 1e+05ms
{chromote}   JS info   19:29:57.19 shinytest2; Waiting for Shiny to be stable
{chromote}   JS info   19:29:58.42 shinytest2; shiny:idle
{chromote}   JS info   19:29:58.43 shinytest2; shiny:value teal-identifier
{chromote}   JS info   19:29:58.43 shinytest2; shiny:value error
{chromote}   JS info   19:29:58.43 shinytest2; shiny:busy
{chromote}   JS info   19:29:58.43 shinytest2; shiny:idle
{chromote}   JS info   19:29:58.46 shinytest2; shiny:busy
{shinytest2} R  info   19:31:37.20 Error while initializing AppDriver:
                                   Shiny app did not become stable in 1e+05ms.
                                   Message: An error occurred while waiting for Shiny to be stable
                                   Caused by error in `app_wait_for_idle()`:
                                   ! An error occurred while waiting for Shiny to be stable
{shiny}      R  stderr ----------- Loading required package: shiny
{shiny}      R  stderr ----------- Attempting to load the environment ‘package:dplyr’
{shiny}      R  stderr ----------- 
{shiny}      R  stderr ----------- Attaching package: ‘dplyr’
{shiny}      R  stderr ----------- 
{shiny}      R  stderr ----------- The following objects are masked from ‘package:stats’:
{shiny}      R  stderr ----------- 
{shiny}      R  stderr -----------     filter, lag
{shiny}      R  stderr ----------- 
{shiny}      R  stderr ----------- The following objects are masked from ‘package:base’:
{shiny}      R  stderr ----------- 
{shiny}      R  stderr -----------     intersect, setdiff, setequal, union
{shiny}      R  stderr ----------- 
{shiny}      R  stderr ----------- Loading required package: teal
{shiny}      R  stderr ----------- Loading required package: teal.data
{shiny}      R  stderr ----------- Loading required package: teal.code
{shiny}      R  stderr ----------- Loading required package: teal.slice
{shiny}      R  stderr ----------- 
{shiny}      R  stderr ----------- You are using teal version 0.15.2.9032
{shiny}      R  stderr ----------- 
{shiny}      R  stderr ----------- Attaching package: ‘teal’
{shiny}      R  stderr ----------- 
{shiny}      R  stderr ----------- The following objects are masked from ‘package:teal.slice’:
{shiny}      R  stderr ----------- 
{shiny}      R  stderr -----------     as.teal_slices, teal_slices
{shiny}      R  stderr ----------- 
{shiny}      R  stderr ----------- Loading required package: teal.transform
{shiny}      R  stderr ----------- Loading required package: tern
{shiny}      R  stderr ----------- Loading required package: rtables
{shiny}      R  stderr ----------- Loading required package: formatters
{shiny}      R  stderr ----------- Loading required package: magrittr
{shiny}      R  stderr ----------- 
{shiny}      R  stderr ----------- Attaching package: ‘rtables’
{shiny}      R  stderr ----------- 
{shiny}      R  stderr ----------- The following object is masked from ‘package:utils’:
{shiny}      R  stderr ----------- 
{shiny}      R  stderr -----------     str
{shiny}      R  stderr ----------- 
{shiny}      R  stderr ----------- Running application in test mode.
{shiny}      R  stderr ----------- 
{shiny}      R  stderr ----------- Listening on http://127.0.0.1:3333
{shiny}      R  stderr ----------- Initializing reporter_previewer_module
{shiny}      R  stderr ----------- Warning: Error in &lt;Anonymous&gt;: error in evaluating the argument 'code' in selecting a method for function 'eval_code': Assertion on 'subset' failed: Must be a subset of {'','USUBJID','STUDYID','CMCLAS','CMDECOD','ATIREL','CMCAT','COUNTRY','SITEID','SUBJID','AGE','SEX','ARMCD','ARM','ACTARMCD','ACTARM','RACE','TRTSDTM','TRTEDTM','EOSDY','EOSDT','STRATA1','STRATA2','BMRKR1','BMRKR2','REGION1','SAFFL','EOSSTT','EOTSTT','DCSREAS','DTHDT','ASTDTM','ASTDY','AENDTM','AENDY','CMSEQ','ATC1','ATC2','ATC3','ATC4','CMINDC','CMDOSE','CMTRT','CMDOSU','CMROUTE','CMDOSFRQ','CMASTDTM','CMAENDTM','ATIREL2','CMDECOD2','CMINDC2','CMDOSE2','CMDOSU2','CMROUTE2','CMDOSFRQ2','ASTDY2','AENDY2'}, but has additional elements {'CMTRT2'}.
{shiny}      R  stderr -----------   241: &lt;Anonymous&gt;
{shiny}      R  stderr -----------   240: stop
{shiny}      R  stderr -----------   239: mstop
{shiny}      R  stderr -----------   238: makeAssertion
{shiny}      R  stderr -----------   237: checkmate::assert_subset
{shiny}      R  stderr -----------   236: variable_choices.data.frame
{shiny}      R  stderr -----------   233: resolve.delayed_variable_choices
{shiny}      R  stderr -----------   231: resolve.delayed_select_spec
{shiny}      R  stderr -----------   229: resolve.delayed_data_extract_spec
{shiny}      R  stderr -----------   227: resolve_delayed.list
{shiny}      R  stderr -----------   213: module
{shiny}      R  stderr -----------   208: callModule
{shiny}      R  stderr -----------   207: moduleServer
{shiny}      R  stderr -----------   206: data_extract_single_srv
{shiny}      R  stderr -----------   205: FUN
{shiny}      R  stderr -----------   204: lapply
{shiny}      R  stderr -----------   203: module
{shiny}      R  stderr -----------   198: callModule
{shiny}      R  stderr -----------   197: moduleServer
{shiny}      R  stderr -----------   196: data_extract_srv.list
{shiny}      R  stderr -----------   194: FUN
{shiny}      R  stderr -----------   193: lapply
{shiny}      R  stderr -----------   192: sapply
{shiny}      R  stderr -----------   191: &lt;reactive&gt;
{shiny}      R  stderr -----------   175: selector_list
{shiny}      R  stderr -----------   170: &lt;reactive&gt;
{shiny}      R  stderr -----------   154: anl_inputs
{shiny}      R  stderr -----------   153: as.expression
{shiny}      R  stderr -----------   152: teal.code::eval_code
{shiny}      R  stderr -----------   151: %&gt;%
{shiny}      R  stderr -----------   150: &lt;reactive&gt;
{shiny}      R  stderr -----------   134: merged$anl_q
{shiny}      R  stderr -----------   128: &lt;reactive&gt;
{shiny}      R  stderr -----------   112: all_q
{shiny}      R  stderr -----------   110: renderText
{shiny}      R  stderr -----------   109: func
{shiny}      R  stderr -----------    96: renderFunc
{shiny}      R  stderr -----------    95: output$teal-main_ui-root-therapy__e2e_-module-title
{shiny}      R  stderr -----------    14: &lt;Anonymous&gt;
{shiny}      R  stderr -----------    12: &lt;Anonymous&gt;
{shiny}      R  stderr -----------    11: &lt;Anonymous&gt;
{shiny}      R  stderr -----------    10: base::do.call
{shiny}      R  stderr -----------     9: base::saveRDS
{shiny}      R  stderr -----------     8: base::withCallingHandlers
{shiny}      R  stderr -----------     7: doTryCatch
{shiny}      R  stderr -----------     6: tryCatchOne
{shiny}      R  stderr -----------     5: tryCatchList
{shiny}      R  stderr -----------     2: tryCatchList
{shiny}      R  stderr -----------     1: base::tryCatch
{shiny}      R  stderr ----------- Warning: Error in &lt;Anonymous&gt;: error in evaluating the argument 'code' in selecting a method for function 'eval_code': Assertion on 'subset' failed: Must be a subset of {'','USUBJID','STUDYID','CMCLAS','CMDECOD','ATIREL','CMCAT','COUNTRY','SITEID','SUBJID','AGE','SEX','ARMCD','ARM','ACTARMCD','ACTARM','RACE','TRTSDTM','TRTEDTM','EOSDY','EOSDT','STRATA1','STRATA2','BMRKR1','BMRKR2','REGION1','SAFFL','EOSSTT','EOTSTT','DCSREAS','DTHDT','ASTDTM','ASTDY','AENDTM','AENDY','CMSEQ','ATC1','ATC2','ATC3','ATC4','CMINDC','CMDOSE','CMTRT','CMDOSU','CMROUTE','CMDOSFRQ','CMASTDTM','CMAENDTM','ATIREL2','CMDECOD2','CMINDC2','CMDOSE2','CMDOSU2','CMROUTE2','CMDOSFRQ2','ASTDY2','AENDY2'}, but has additional elements {'CMTRT2'}.
{shiny}      R  stderr -----------   122: &lt;Anonymous&gt;
{shiny}      R  stderr -----------   121: stop
{shiny}      R  stderr -----------   120: all_q
{shiny}      R  stderr -----------   117: exprFunc
{shiny}      R  stderr -----------   116: widgetFunc
{shiny}      R  stderr -----------   115: ::
{shiny}      R  stderr ----------- htmlwidgets
{shiny}      R  stderr ----------- shinyRenderWidget
{shiny}      R  stderr -----------   114: func
{shiny}      R  stderr -----------   101: renderFunc
{shiny}      R  stderr -----------   100: renderFunc
{shiny}      R  stderr -----------    96: renderFunc
{shiny}      R  stderr -----------    95: output$teal-main_ui-root-therapy__e2e_-module-therapy_table
{shiny}      R  stderr -----------    14: &lt;Anonymous&gt;
{shiny}      R  stderr -----------    12: &lt;Anonymous&gt;
{shiny}      R  stderr -----------    11: &lt;Anonymous&gt;
{shiny}      R  stderr -----------    10: base::do.call
{shiny}      R  stderr -----------     9: base::saveRDS
{shiny}      R  stderr -----------     8: base::withCallingHandlers
{shiny}      R  stderr -----------     7: doTryCatch
{shiny}      R  stderr -----------     6: tryCatchOne
{shiny}      R  stderr -----------     5: tryCatchList
{shiny}      R  stderr -----------     2: tryCatchList
{shiny}      R  stderr -----------     1: base::tryCatch
{shiny}      R  stderr ----------- Warning: Error in variable_choices.data.frame: Assertion on 'subset' failed: Must be a subset of {'','USUBJID','STUDYID','CMCLAS','CMDECOD','ATIREL','CMCAT','COUNTRY','SITEID','SUBJID','AGE','SEX','ARMCD','ARM','ACTARMCD','ACTARM','RACE','TRTSDTM','TRTEDTM','EOSDY','EOSDT','STRATA1','STRATA2','BMRKR1','BMRKR2','REGION1','SAFFL','EOSSTT','EOTSTT','DCSREAS','DTHDT','ASTDTM','ASTDY','AENDTM','AENDY','CMSEQ','ATC1','ATC2','ATC3','ATC4','CMINDC','CMDOSE','CMTRT','CMDOSU','CMROUTE','CMDOSFRQ','CMASTDTM','CMAENDTM','ATIREL2','CMDECOD2','CMINDC2','CMDOSE2','CMDOSU2','CMROUTE2','CMDOSFRQ2','ASTDY2','AENDY2'}, but has additional elements {'CMTRT2'}.
{shiny}      R  stderr -----------   162: &lt;Anonymous&gt;
{shiny}      R  stderr -----------   161: stop
{shiny}      R  stderr -----------   160: selector_list
{shiny}      R  stderr -----------   159: teal.transform::compose_and_enable_validators
{shiny}      R  stderr -----------   158: &lt;reactive&gt;
{shiny}      R  stderr -----------   142: iv_r
{shiny}      R  stderr -----------   135: &lt;reactive&gt;
{shiny}      R  stderr -----------   119: plot_r
{shiny}      R  stderr -----------   110: renderUI
{shiny}      R  stderr -----------   109: func
{shiny}      R  stderr -----------    96: renderFunc
{shiny}      R  stderr -----------    95: output$teal-main_ui-root-therapy__e2e_-module-therapy_plot-plot_out_main
{shiny}      R  stderr -----------    14: &lt;Anonymous&gt;
{shiny}      R  stderr -----------    12: &lt;Anonymous&gt;
{shiny}      R  stderr -----------    11: &lt;Anonymous&gt;
{shiny}      R  stderr -----------    10: base::do.call
{shiny}      R  stderr -----------     9: base::saveRDS
{shiny}      R  stderr -----------     8: base::withCallingHandlers
{shiny}      R  stderr -----------     7: doTryCatch
{shiny}      R  stderr -----------     6: tryCatchOne
{shiny}      R  stderr -----------     5: tryCatchList
{shiny}      R  stderr -----------     2: tryCatchList
{shiny}      R  stderr -----------     1: base::tryCatch
{shiny}      R  stderr ----------- Warning: Error in &lt;Anonymous&gt;: error in evaluating the argument 'code' in selecting a method for function 'eval_code': Assertion on 'subset' failed: Must be a subset of {'','USUBJID','STUDYID','CMCLAS','CMDECOD','ATIREL','CMCAT','COUNTRY','SITEID','SUBJID','AGE','SEX','ARMCD','ARM','ACTARMCD','ACTARM','RACE','TRTSDTM','TRTEDTM','EOSDY','EOSDT','STRATA1','STRATA2','BMRKR1','BMRKR2','REGION1','SAFFL','EOSSTT','EOTSTT','DCSREAS','DTHDT','ASTDTM','ASTDY','AENDTM','AENDY','CMSEQ','ATC1','ATC2','ATC3','ATC4','CMINDC','CMDOSE','CMTRT','CMDOSU','CMROUTE','CMDOSFRQ','CMASTDTM','CMAENDTM','ATIREL2','CMDECOD2','CMINDC2','CMDOSE2','CMDOSU2','CMROUTE2','CMDOSFRQ2','ASTDY2','AENDY2'}, but has additional elements {'CMTRT2'}.
{shiny}      R  stderr -----------   14: &lt;Anonymous&gt;
{shiny}      R  stderr -----------   12: &lt;Anonymous&gt;
{shiny}      R  stderr -----------   11: &lt;Anonymous&gt;
{shiny}      R  stderr -----------   10: base::do.call
{shiny}      R  stderr -----------    9: base::saveRDS
{shiny}      R  stderr -----------    8: base::withCallingHandlers
{shiny}      R  stderr -----------    7: doTryCatch
{shiny}      R  stderr -----------    6: tryCatchOne
{shiny}      R  stderr -----------    5: tryCatchList
{shiny}      R  stderr -----------    2: tryCatchList
{shiny}      R  stderr -----------    1: base::tryCatch


Caused by error in `app_initialize_()`:
! Shiny app did not become stable in 1e+05ms.
Message: An error occurred while waiting for Shiny to be stable
Caused by error in `app_wait_for_idle()`:
! An error occurred while waiting for Shiny to be stable
Backtrace:
     x
  1. +-teal.modules.clinical (local) app_driver_tm_g_pp_therapy() at test-shinytest2-tm_g_pp_therapy.R:189:5
  2. | \-teal.modules.clinical:::init_teal_app_driver(...) at test-shinytest2-tm_g_pp_therapy.R:31:3
  3. |   +-testthat::with_mocked_bindings(...) at tests/testthat/helper-TealAppDriver.R:7:3
  4. |   \-TealAppDriver$new(...) at tests/testthat/helper-TealAppDriver.R:10:7
  5. |     \-teal (local) initialize(...)
  6. |       +-base::suppressWarnings(...)
  7. |       | \-base::withCallingHandlers(...)
  8. |       \-super$initialize(...)
  9. |         \-shinytest2:::app_initialize(...)
 10. |           +-base::withCallingHandlers(...)
 11. |           \-shinytest2:::app_initialize_(self, private, ..., view = view)
 12. |             +-base::withCallingHandlers(...)
 13. |             \-self$wait_for_idle(duration = 200, timeout = private$load_timeout)
 14. |               \-shinytest2:::app_wait_for_idle(...)
 15. |                 \-shinytest2:::app_abort(self, private, "An error occurred while waiting for Shiny to be stable")
 16. |                   \-rlang::abort(..., app = self, call = call)
 17. |                     \-rlang:::signal_abort(cnd, .file)
 18. |                       \-base::signalCondition(cnd)
 19. +-shinytest2 (local) `&lt;fn&gt;`(`&lt;rlng_rrr&gt;`)
 20. | \-shinytest2:::app_abort(...)
 21. |   \-rlang::abort(..., app = self, call = call)
 22. |     \-rlang:::signal_abort(cnd, .file)
 23. |       \-base::signalCondition(cnd)
 24. \-shinytest2 (local) `&lt;fn&gt;`(`&lt;rlng_rrr&gt;`)
 25.   \-shinytest2:::app_abort(...)
 26.     \-rlang::abort(..., app = self, call = call)</error>
    </testcase>
    <testcase time="103.218" classname="shinytest2_tm_g_pp_therapy" name="e2e_tm_g_pp_therapy_Selection_of_atirel_changes_the_element_and_does_not_throw_validation_errors">
      <error type="error" message="Error in `app_initialize(self, private, app_dir = app_dir, ..., load_timeout = load_timeout,  ('test-shinytest2-tm_g_pp_therapy.R:162:9')">Error in `app_initialize(self, private, app_dir = app_dir, ..., load_timeout = load_timeout, 
    timeout = timeout, wait = wait, expect_values_screenshot_args = expect_values_screenshot_args, 
    screenshot_args = screenshot_args, check_names = check_names, 
    name = name, variant = variant, view = view, height = height, 
    width = width, seed = seed, clean_logs = clean_logs, shiny_args = shiny_args, 
    render_args = render_args, options = options)`: Shiny app did not become stable in 1e+05ms.
Message: An error occurred while waiting for Shiny to be stable
Caused by error in `app_wait_for_idle()`:
! An error occurred while waiting for Shiny to be stable


i You can inspect the failed AppDriver object via `rlang::last_error()$app`
i AppDriver logs:
{shinytest2} R  info   19:31:37.67 Start AppDriver initialization
{shinytest2} R  info   19:31:37.69 Starting Shiny app
{shinytest2} R  info   19:31:39.92 Creating new ChromoteSession
{shinytest2} R  info   19:31:39.96 Navigating to Shiny app
{shinytest2} R  info   19:31:40.08 Injecting shiny-tracer.js
{chromote}   JS info   19:31:40.09 shinytest2; jQuery not found
{chromote}   JS info   19:31:40.09 shinytest2; Loaded
{shinytest2} R  info   19:31:40.09 Waiting for Shiny to become ready
{chromote}   JS info   19:31:40.20 shinytest2; jQuery found
{chromote}   JS info   19:31:40.20 shinytest2; Waiting for shiny session to connect
{chromote}   JS info   19:31:40.34 shinytest2; Connected
{chromote}   JS info   19:31:40.37 shinytest2; shiny:busy
{shinytest2} R  info   19:31:40.40 Waiting for Shiny to become idle for 200ms within 1e+05ms
{chromote}   JS info   19:31:40.40 shinytest2; Waiting for Shiny to be stable
{chromote}   JS info   19:31:41.62 shinytest2; shiny:idle
{chromote}   JS info   19:31:41.62 shinytest2; shiny:value teal-identifier
{chromote}   JS info   19:31:41.62 shinytest2; shiny:value error
{chromote}   JS info   19:31:41.62 shinytest2; shiny:busy
{chromote}   JS info   19:31:41.63 shinytest2; shiny:idle
{chromote}   JS info   19:31:41.64 shinytest2; shiny:busy
{shinytest2} R  info   19:33:20.42 Error while initializing AppDriver:
                                   Shiny app did not become stable in 1e+05ms.
                                   Message: An error occurred while waiting for Shiny to be stable
                                   Caused by error in `app_wait_for_idle()`:
                                   ! An error occurred while waiting for Shiny to be stable
{shiny}      R  stderr ----------- Loading required package: shiny
{shiny}      R  stderr ----------- Attempting to load the environment ‘package:dplyr’
{shiny}      R  stderr ----------- 
{shiny}      R  stderr ----------- Attaching package: ‘dplyr’
{shiny}      R  stderr ----------- 
{shiny}      R  stderr ----------- The following objects are masked from ‘package:stats’:
{shiny}      R  stderr ----------- 
{shiny}      R  stderr -----------     filter, lag
{shiny}      R  stderr ----------- 
{shiny}      R  stderr ----------- The following objects are masked from ‘package:base’:
{shiny}      R  stderr ----------- 
{shiny}      R  stderr -----------     intersect, setdiff, setequal, union
{shiny}      R  stderr ----------- 
{shiny}      R  stderr ----------- Loading required package: teal
{shiny}      R  stderr ----------- Loading required package: teal.data
{shiny}      R  stderr ----------- Loading required package: teal.code
{shiny}      R  stderr ----------- Loading required package: teal.slice
{shiny}      R  stderr ----------- 
{shiny}      R  stderr ----------- You are using teal version 0.15.2.9032
{shiny}      R  stderr ----------- 
{shiny}      R  stderr ----------- Attaching package: ‘teal’
{shiny}      R  stderr ----------- 
{shiny}      R  stderr ----------- The following objects are masked from ‘package:teal.slice’:
{shiny}      R  stderr ----------- 
{shiny}      R  stderr -----------     as.teal_slices, teal_slices
{shiny}      R  stderr ----------- 
{shiny}      R  stderr ----------- Loading required package: teal.transform
{shiny}      R  stderr ----------- Loading required package: tern
{shiny}      R  stderr ----------- Loading required package: rtables
{shiny}      R  stderr ----------- Loading required package: formatters
{shiny}      R  stderr ----------- Loading required package: magrittr
{shiny}      R  stderr ----------- 
{shiny}      R  stderr ----------- Attaching package: ‘rtables’
{shiny}      R  stderr ----------- 
{shiny}      R  stderr ----------- The following object is masked from ‘package:utils’:
{shiny}      R  stderr ----------- 
{shiny}      R  stderr -----------     str
{shiny}      R  stderr ----------- 
{shiny}      R  stderr ----------- Running application in test mode.
{shiny}      R  stderr ----------- 
{shiny}      R  stderr ----------- Listening on http://127.0.0.1:3905
{shiny}      R  stderr ----------- Initializing reporter_previewer_module
{shiny}      R  stderr ----------- Warning: Error in &lt;Anonymous&gt;: error in evaluating the argument 'code' in selecting a method for function 'eval_code': Assertion on 'subset' failed: Must be a subset of {'','USUBJID','STUDYID','CMCLAS','CMDECOD','ATIREL','CMCAT','COUNTRY','SITEID','SUBJID','AGE','SEX','ARMCD','ARM','ACTARMCD','ACTARM','RACE','TRTSDTM','TRTEDTM','EOSDY','EOSDT','STRATA1','STRATA2','BMRKR1','BMRKR2','REGION1','SAFFL','EOSSTT','EOTSTT','DCSREAS','DTHDT','ASTDTM','ASTDY','AENDTM','AENDY','CMSEQ','ATC1','ATC2','ATC3','ATC4','CMINDC','CMDOSE','CMTRT','CMDOSU','CMROUTE','CMDOSFRQ','CMASTDTM','CMAENDTM','ATIREL2','CMDECOD2','CMINDC2','CMDOSE2','CMDOSU2','CMROUTE2','CMDOSFRQ2','ASTDY2','AENDY2'}, but has additional elements {'CMTRT2'}.
{shiny}      R  stderr -----------   241: &lt;Anonymous&gt;
{shiny}      R  stderr -----------   240: stop
{shiny}      R  stderr -----------   239: mstop
{shiny}      R  stderr -----------   238: makeAssertion
{shiny}      R  stderr -----------   237: checkmate::assert_subset
{shiny}      R  stderr -----------   236: variable_choices.data.frame
{shiny}      R  stderr -----------   233: resolve.delayed_variable_choices
{shiny}      R  stderr -----------   231: resolve.delayed_select_spec
{shiny}      R  stderr -----------   229: resolve.delayed_data_extract_spec
{shiny}      R  stderr -----------   227: resolve_delayed.list
{shiny}      R  stderr -----------   213: module
{shiny}      R  stderr -----------   208: callModule
{shiny}      R  stderr -----------   207: moduleServer
{shiny}      R  stderr -----------   206: data_extract_single_srv
{shiny}      R  stderr -----------   205: FUN
{shiny}      R  stderr -----------   204: lapply
{shiny}      R  stderr -----------   203: module
{shiny}      R  stderr -----------   198: callModule
{shiny}      R  stderr -----------   197: moduleServer
{shiny}      R  stderr -----------   196: data_extract_srv.list
{shiny}      R  stderr -----------   194: FUN
{shiny}      R  stderr -----------   193: lapply
{shiny}      R  stderr -----------   192: sapply
{shiny}      R  stderr -----------   191: &lt;reactive&gt;
{shiny}      R  stderr -----------   175: selector_list
{shiny}      R  stderr -----------   170: &lt;reactive&gt;
{shiny}      R  stderr -----------   154: anl_inputs
{shiny}      R  stderr -----------   153: as.expression
{shiny}      R  stderr -----------   152: teal.code::eval_code
{shiny}      R  stderr -----------   151: %&gt;%
{shiny}      R  stderr -----------   150: &lt;reactive&gt;
{shiny}      R  stderr -----------   134: merged$anl_q
{shiny}      R  stderr -----------   128: &lt;reactive&gt;
{shiny}      R  stderr -----------   112: all_q
{shiny}      R  stderr -----------   110: renderText
{shiny}      R  stderr -----------   109: func
{shiny}      R  stderr -----------    96: renderFunc
{shiny}      R  stderr -----------    95: output$teal-main_ui-root-therapy__e2e_-module-title
{shiny}      R  stderr -----------    14: &lt;Anonymous&gt;
{shiny}      R  stderr -----------    12: &lt;Anonymous&gt;
{shiny}      R  stderr -----------    11: &lt;Anonymous&gt;
{shiny}      R  stderr -----------    10: base::do.call
{shiny}      R  stderr -----------     9: base::saveRDS
{shiny}      R  stderr -----------     8: base::withCallingHandlers
{shiny}      R  stderr -----------     7: doTryCatch
{shiny}      R  stderr -----------     6: tryCatchOne
{shiny}      R  stderr -----------     5: tryCatchList
{shiny}      R  stderr -----------     2: tryCatchList
{shiny}      R  stderr -----------     1: base::tryCatch
{shiny}      R  stderr ----------- Warning: Error in &lt;Anonymous&gt;: error in evaluating the argument 'code' in selecting a method for function 'eval_code': Assertion on 'subset' failed: Must be a subset of {'','USUBJID','STUDYID','CMCLAS','CMDECOD','ATIREL','CMCAT','COUNTRY','SITEID','SUBJID','AGE','SEX','ARMCD','ARM','ACTARMCD','ACTARM','RACE','TRTSDTM','TRTEDTM','EOSDY','EOSDT','STRATA1','STRATA2','BMRKR1','BMRKR2','REGION1','SAFFL','EOSSTT','EOTSTT','DCSREAS','DTHDT','ASTDTM','ASTDY','AENDTM','AENDY','CMSEQ','ATC1','ATC2','ATC3','ATC4','CMINDC','CMDOSE','CMTRT','CMDOSU','CMROUTE','CMDOSFRQ','CMASTDTM','CMAENDTM','ATIREL2','CMDECOD2','CMINDC2','CMDOSE2','CMDOSU2','CMROUTE2','CMDOSFRQ2','ASTDY2','AENDY2'}, but has additional elements {'CMTRT2'}.
{shiny}      R  stderr -----------   122: &lt;Anonymous&gt;
{shiny}      R  stderr -----------   121: stop
{shiny}      R  stderr -----------   120: all_q
{shiny}      R  stderr -----------   117: exprFunc
{shiny}      R  stderr -----------   116: widgetFunc
{shiny}      R  stderr -----------   115: ::
{shiny}      R  stderr ----------- htmlwidgets
{shiny}      R  stderr ----------- shinyRenderWidget
{shiny}      R  stderr -----------   114: func
{shiny}      R  stderr -----------   101: renderFunc
{shiny}      R  stderr -----------   100: renderFunc
{shiny}      R  stderr -----------    96: renderFunc
{shiny}      R  stderr -----------    95: output$teal-main_ui-root-therapy__e2e_-module-therapy_table
{shiny}      R  stderr -----------    14: &lt;Anonymous&gt;
{shiny}      R  stderr -----------    12: &lt;Anonymous&gt;
{shiny}      R  stderr -----------    11: &lt;Anonymous&gt;
{shiny}      R  stderr -----------    10: base::do.call
{shiny}      R  stderr -----------     9: base::saveRDS
{shiny}      R  stderr -----------     8: base::withCallingHandlers
{shiny}      R  stderr -----------     7: doTryCatch
{shiny}      R  stderr -----------     6: tryCatchOne
{shiny}      R  stderr -----------     5: tryCatchList
{shiny}      R  stderr -----------     2: tryCatchList
{shiny}      R  stderr -----------     1: base::tryCatch
{shiny}      R  stderr ----------- Warning: Error in variable_choices.data.frame: Assertion on 'subset' failed: Must be a subset of {'','USUBJID','STUDYID','CMCLAS','CMDECOD','ATIREL','CMCAT','COUNTRY','SITEID','SUBJID','AGE','SEX','ARMCD','ARM','ACTARMCD','ACTARM','RACE','TRTSDTM','TRTEDTM','EOSDY','EOSDT','STRATA1','STRATA2','BMRKR1','BMRKR2','REGION1','SAFFL','EOSSTT','EOTSTT','DCSREAS','DTHDT','ASTDTM','ASTDY','AENDTM','AENDY','CMSEQ','ATC1','ATC2','ATC3','ATC4','CMINDC','CMDOSE','CMTRT','CMDOSU','CMROUTE','CMDOSFRQ','CMASTDTM','CMAENDTM','ATIREL2','CMDECOD2','CMINDC2','CMDOSE2','CMDOSU2','CMROUTE2','CMDOSFRQ2','ASTDY2','AENDY2'}, but has additional elements {'CMTRT2'}.
{shiny}      R  stderr -----------   162: &lt;Anonymous&gt;
{shiny}      R  stderr -----------   161: stop
{shiny}      R  stderr -----------   160: selector_list
{shiny}      R  stderr -----------   159: teal.transform::compose_and_enable_validators
{shiny}      R  stderr -----------   158: &lt;reactive&gt;
{shiny}      R  stderr -----------   142: iv_r
{shiny}      R  stderr -----------   135: &lt;reactive&gt;
{shiny}      R  stderr -----------   119: plot_r
{shiny}      R  stderr -----------   110: renderUI
{shiny}      R  stderr -----------   109: func
{shiny}      R  stderr -----------    96: renderFunc
{shiny}      R  stderr -----------    95: output$teal-main_ui-root-therapy__e2e_-module-therapy_plot-plot_out_main
{shiny}      R  stderr -----------    14: &lt;Anonymous&gt;
{shiny}      R  stderr -----------    12: &lt;Anonymous&gt;
{shiny}      R  stderr -----------    11: &lt;Anonymous&gt;
{shiny}      R  stderr -----------    10: base::do.call
{shiny}      R  stderr -----------     9: base::saveRDS
{shiny}      R  stderr -----------     8: base::withCallingHandlers
{shiny}      R  stderr -----------     7: doTryCatch
{shiny}      R  stderr -----------     6: tryCatchOne
{shiny}      R  stderr -----------     5: tryCatchList
{shiny}      R  stderr -----------     2: tryCatchList
{shiny}      R  stderr -----------     1: base::tryCatch
{shiny}      R  stderr ----------- Warning: Error in &lt;Anonymous&gt;: error in evaluating the argument 'code' in selecting a method for function 'eval_code': Assertion on 'subset' failed: Must be a subset of {'','USUBJID','STUDYID','CMCLAS','CMDECOD','ATIREL','CMCAT','COUNTRY','SITEID','SUBJID','AGE','SEX','ARMCD','ARM','ACTARMCD','ACTARM','RACE','TRTSDTM','TRTEDTM','EOSDY','EOSDT','STRATA1','STRATA2','BMRKR1','BMRKR2','REGION1','SAFFL','EOSSTT','EOTSTT','DCSREAS','DTHDT','ASTDTM','ASTDY','AENDTM','AENDY','CMSEQ','ATC1','ATC2','ATC3','ATC4','CMINDC','CMDOSE','CMTRT','CMDOSU','CMROUTE','CMDOSFRQ','CMASTDTM','CMAENDTM','ATIREL2','CMDECOD2','CMINDC2','CMDOSE2','CMDOSU2','CMROUTE2','CMDOSFRQ2','ASTDY2','AENDY2'}, but has additional elements {'CMTRT2'}.
{shiny}      R  stderr -----------   14: &lt;Anonymous&gt;
{shiny}      R  stderr -----------   12: &lt;Anonymous&gt;
{shiny}      R  stderr -----------   11: &lt;Anonymous&gt;
{shiny}      R  stderr -----------   10: base::do.call
{shiny}      R  stderr -----------    9: base::saveRDS
{shiny}      R  stderr -----------    8: base::withCallingHandlers
{shiny}      R  stderr -----------    7: doTryCatch
{shiny}      R  stderr -----------    6: tryCatchOne
{shiny}      R  stderr -----------    5: tryCatchList
{shiny}      R  stderr -----------    2: tryCatchList
{shiny}      R  stderr -----------    1: base::tryCatch


Caused by error in `app_initialize_()`:
! Shiny app did not become stable in 1e+05ms.
Message: An error occurred while waiting for Shiny to be stable
Caused by error in `app_wait_for_idle()`:
! An error occurred while waiting for Shiny to be stable
Backtrace:
     x
  1. +-teal.modules.clinical (local) app_driver_tm_g_pp_therapy() at test-shinytest2-tm_g_pp_therapy.R:162:9
  2. | \-teal.modules.clinical:::init_teal_app_driver(...) at test-shinytest2-tm_g_pp_therapy.R:31:3
  3. |   +-testthat::with_mocked_bindings(...) at tests/testthat/helper-TealAppDriver.R:7:3
  4. |   \-TealAppDriver$new(...) at tests/testthat/helper-TealAppDriver.R:10:7
  5. |     \-teal (local) initialize(...)
  6. |       +-base::suppressWarnings(...)
  7. |       | \-base::withCallingHandlers(...)
  8. |       \-super$initialize(...)
  9. |         \-shinytest2:::app_initialize(...)
 10. |           +-base::withCallingHandlers(...)
 11. |           \-shinytest2:::app_initialize_(self, private, ..., view = view)
 12. |             +-base::withCallingHandlers(...)
 13. |             \-self$wait_for_idle(duration = 200, timeout = private$load_timeout)
 14. |               \-shinytest2:::app_wait_for_idle(...)
 15. |                 \-shinytest2:::app_abort(self, private, "An error occurred while waiting for Shiny to be stable")
 16. |                   \-rlang::abort(..., app = self, call = call)
 17. |                     \-rlang:::signal_abort(cnd, .file)
 18. |                       \-base::signalCondition(cnd)
 19. +-shinytest2 (local) `&lt;fn&gt;`(`&lt;rlng_rrr&gt;`)
 20. | \-shinytest2:::app_abort(...)
 21. |   \-rlang::abort(..., app = self, call = call)
 22. |     \-rlang:::signal_abort(cnd, .file)
 23. |       \-base::signalCondition(cnd)
 24. \-shinytest2 (local) `&lt;fn&gt;`(`&lt;rlng_rrr&gt;`)
 25.   \-shinytest2:::app_abort(...)
 26.     \-rlang::abort(..., app = self, call = call)</error>
    </testcase>
    <testcase time="103.407" classname="shinytest2_tm_g_pp_therapy" name="e2e_tm_g_pp_therapy_Deselection_of_atirel_dataset_ADCM_singleextract_select_throws_validation_error.">
      <error type="error" message="Error in `app_initialize(self, private, app_dir = app_dir, ..., load_timeout = load_timeout,  ('test-shinytest2-tm_g_pp_therapy.R:189:5')">Error in `app_initialize(self, private, app_dir = app_dir, ..., load_timeout = load_timeout, 
    timeout = timeout, wait = wait, expect_values_screenshot_args = expect_values_screenshot_args, 
    screenshot_args = screenshot_args, check_names = check_names, 
    name = name, variant = variant, view = view, height = height, 
    width = width, seed = seed, clean_logs = clean_logs, shiny_args = shiny_args, 
    render_args = render_args, options = options)`: Shiny app did not become stable in 1e+05ms.
Message: An error occurred while waiting for Shiny to be stable
Caused by error in `app_wait_for_idle()`:
! An error occurred while waiting for Shiny to be stable


i You can inspect the failed AppDriver object via `rlang::last_error()$app`
i AppDriver logs:
{shinytest2} R  info   19:33:21.10 Start AppDriver initialization
{shinytest2} R  info   19:33:21.13 Starting Shiny app
{shinytest2} R  info   19:33:23.36 Creating new ChromoteSession
{shinytest2} R  info   19:33:23.39 Navigating to Shiny app
{shinytest2} R  info   19:33:23.49 Injecting shiny-tracer.js
{chromote}   JS info   19:33:23.50 shinytest2; jQuery not found
{chromote}   JS info   19:33:23.50 shinytest2; Loaded
{shinytest2} R  info   19:33:23.50 Waiting for Shiny to become ready
{chromote}   JS info   19:33:23.59 shinytest2; jQuery found
{chromote}   JS info   19:33:23.59 shinytest2; Waiting for shiny session to connect
{chromote}   JS info   19:33:23.72 shinytest2; Connected
{chromote}   JS info   19:33:23.76 shinytest2; shiny:busy
{shinytest2} R  info   19:33:23.81 Waiting for Shiny to become idle for 200ms within 1e+05ms
{chromote}   JS info   19:33:23.81 shinytest2; Waiting for Shiny to be stable
{chromote}   JS info   19:33:25.04 shinytest2; shiny:idle
{chromote}   JS info   19:33:25.04 shinytest2; shiny:value teal-identifier
{chromote}   JS info   19:33:25.05 shinytest2; shiny:value error
{chromote}   JS info   19:33:25.05 shinytest2; shiny:busy
{chromote}   JS info   19:33:25.05 shinytest2; shiny:idle
{chromote}   JS info   19:33:25.07 shinytest2; shiny:busy
{shinytest2} R  info   19:35:03.83 Error while initializing AppDriver:
                                   Shiny app did not become stable in 1e+05ms.
                                   Message: An error occurred while waiting for Shiny to be stable
                                   Caused by error in `app_wait_for_idle()`:
                                   ! An error occurred while waiting for Shiny to be stable
{shiny}      R  stderr ----------- Loading required package: shiny
{shiny}      R  stderr ----------- Attempting to load the environment ‘package:dplyr’
{shiny}      R  stderr ----------- 
{shiny}      R  stderr ----------- Attaching package: ‘dplyr’
{shiny}      R  stderr ----------- 
{shiny}      R  stderr ----------- The following objects are masked from ‘package:stats’:
{shiny}      R  stderr ----------- 
{shiny}      R  stderr -----------     filter, lag
{shiny}      R  stderr ----------- 
{shiny}      R  stderr ----------- The following objects are masked from ‘package:base’:
{shiny}      R  stderr ----------- 
{shiny}      R  stderr -----------     intersect, setdiff, setequal, union
{shiny}      R  stderr ----------- 
{shiny}      R  stderr ----------- Loading required package: teal
{shiny}      R  stderr ----------- Loading required package: teal.data
{shiny}      R  stderr ----------- Loading required package: teal.code
{shiny}      R  stderr ----------- Loading required package: teal.slice
{shiny}      R  stderr ----------- 
{shiny}      R  stderr ----------- You are using teal version 0.15.2.9032
{shiny}      R  stderr ----------- 
{shiny}      R  stderr ----------- Attaching package: ‘teal’
{shiny}      R  stderr ----------- 
{shiny}      R  stderr ----------- The following objects are masked from ‘package:teal.slice’:
{shiny}      R  stderr ----------- 
{shiny}      R  stderr -----------     as.teal_slices, teal_slices
{shiny}      R  stderr ----------- 
{shiny}      R  stderr ----------- Loading required package: teal.transform
{shiny}      R  stderr ----------- Loading required package: tern
{shiny}      R  stderr ----------- Loading required package: rtables
{shiny}      R  stderr ----------- Loading required package: formatters
{shiny}      R  stderr ----------- Loading required package: magrittr
{shiny}      R  stderr ----------- 
{shiny}      R  stderr ----------- Attaching package: ‘rtables’
{shiny}      R  stderr ----------- 
{shiny}      R  stderr ----------- The following object is masked from ‘package:utils’:
{shiny}      R  stderr ----------- 
{shiny}      R  stderr -----------     str
{shiny}      R  stderr ----------- 
{shiny}      R  stderr ----------- Running application in test mode.
{shiny}      R  stderr ----------- 
{shiny}      R  stderr ----------- Listening on http://127.0.0.1:4873
{shiny}      R  stderr ----------- Initializing reporter_previewer_module
{shiny}      R  stderr ----------- Warning: Error in &lt;Anonymous&gt;: error in evaluating the argument 'code' in selecting a method for function 'eval_code': Assertion on 'subset' failed: Must be a subset of {'','USUBJID','STUDYID','CMCLAS','CMDECOD','ATIREL','CMCAT','COUNTRY','SITEID','SUBJID','AGE','SEX','ARMCD','ARM','ACTARMCD','ACTARM','RACE','TRTSDTM','TRTEDTM','EOSDY','EOSDT','STRATA1','STRATA2','BMRKR1','BMRKR2','REGION1','SAFFL','EOSSTT','EOTSTT','DCSREAS','DTHDT','ASTDTM','ASTDY','AENDTM','AENDY','CMSEQ','ATC1','ATC2','ATC3','ATC4','CMINDC','CMDOSE','CMTRT','CMDOSU','CMROUTE','CMDOSFRQ','CMASTDTM','CMAENDTM','ATIREL2','CMDECOD2','CMINDC2','CMDOSE2','CMDOSU2','CMROUTE2','CMDOSFRQ2','ASTDY2','AENDY2'}, but has additional elements {'CMTRT2'}.
{shiny}      R  stderr -----------   241: &lt;Anonymous&gt;
{shiny}      R  stderr -----------   240: stop
{shiny}      R  stderr -----------   239: mstop
{shiny}      R  stderr -----------   238: makeAssertion
{shiny}      R  stderr -----------   237: checkmate::assert_subset
{shiny}      R  stderr -----------   236: variable_choices.data.frame
{shiny}      R  stderr -----------   233: resolve.delayed_variable_choices
{shiny}      R  stderr -----------   231: resolve.delayed_select_spec
{shiny}      R  stderr -----------   229: resolve.delayed_data_extract_spec
{shiny}      R  stderr -----------   227: resolve_delayed.list
{shiny}      R  stderr -----------   213: module
{shiny}      R  stderr -----------   208: callModule
{shiny}      R  stderr -----------   207: moduleServer
{shiny}      R  stderr -----------   206: data_extract_single_srv
{shiny}      R  stderr -----------   205: FUN
{shiny}      R  stderr -----------   204: lapply
{shiny}      R  stderr -----------   203: module
{shiny}      R  stderr -----------   198: callModule
{shiny}      R  stderr -----------   197: moduleServer
{shiny}      R  stderr -----------   196: data_extract_srv.list
{shiny}      R  stderr -----------   194: FUN
{shiny}      R  stderr -----------   193: lapply
{shiny}      R  stderr -----------   192: sapply
{shiny}      R  stderr -----------   191: &lt;reactive&gt;
{shiny}      R  stderr -----------   175: selector_list
{shiny}      R  stderr -----------   170: &lt;reactive&gt;
{shiny}      R  stderr -----------   154: anl_inputs
{shiny}      R  stderr -----------   153: as.expression
{shiny}      R  stderr -----------   152: teal.code::eval_code
{shiny}      R  stderr -----------   151: %&gt;%
{shiny}      R  stderr -----------   150: &lt;reactive&gt;
{shiny}      R  stderr -----------   134: merged$anl_q
{shiny}      R  stderr -----------   128: &lt;reactive&gt;
{shiny}      R  stderr -----------   112: all_q
{shiny}      R  stderr -----------   110: renderText
{shiny}      R  stderr -----------   109: func
{shiny}      R  stderr -----------    96: renderFunc
{shiny}      R  stderr -----------    95: output$teal-main_ui-root-therapy__e2e_-module-title
{shiny}      R  stderr -----------    14: &lt;Anonymous&gt;
{shiny}      R  stderr -----------    12: &lt;Anonymous&gt;
{shiny}      R  stderr -----------    11: &lt;Anonymous&gt;
{shiny}      R  stderr -----------    10: base::do.call
{shiny}      R  stderr -----------     9: base::saveRDS
{shiny}      R  stderr -----------     8: base::withCallingHandlers
{shiny}      R  stderr -----------     7: doTryCatch
{shiny}      R  stderr -----------     6: tryCatchOne
{shiny}      R  stderr -----------     5: tryCatchList
{shiny}      R  stderr -----------     2: tryCatchList
{shiny}      R  stderr -----------     1: base::tryCatch
{shiny}      R  stderr ----------- Warning: Error in &lt;Anonymous&gt;: error in evaluating the argument 'code' in selecting a method for function 'eval_code': Assertion on 'subset' failed: Must be a subset of {'','USUBJID','STUDYID','CMCLAS','CMDECOD','ATIREL','CMCAT','COUNTRY','SITEID','SUBJID','AGE','SEX','ARMCD','ARM','ACTARMCD','ACTARM','RACE','TRTSDTM','TRTEDTM','EOSDY','EOSDT','STRATA1','STRATA2','BMRKR1','BMRKR2','REGION1','SAFFL','EOSSTT','EOTSTT','DCSREAS','DTHDT','ASTDTM','ASTDY','AENDTM','AENDY','CMSEQ','ATC1','ATC2','ATC3','ATC4','CMINDC','CMDOSE','CMTRT','CMDOSU','CMROUTE','CMDOSFRQ','CMASTDTM','CMAENDTM','ATIREL2','CMDECOD2','CMINDC2','CMDOSE2','CMDOSU2','CMROUTE2','CMDOSFRQ2','ASTDY2','AENDY2'}, but has additional elements {'CMTRT2'}.
{shiny}      R  stderr -----------   122: &lt;Anonymous&gt;
{shiny}      R  stderr -----------   121: stop
{shiny}      R  stderr -----------   120: all_q
{shiny}      R  stderr -----------   117: exprFunc
{shiny}      R  stderr -----------   116: widgetFunc
{shiny}      R  stderr -----------   115: ::
{shiny}      R  stderr ----------- htmlwidgets
{shiny}      R  stderr ----------- shinyRenderWidget
{shiny}      R  stderr -----------   114: func
{shiny}      R  stderr -----------   101: renderFunc
{shiny}      R  stderr -----------   100: renderFunc
{shiny}      R  stderr -----------    96: renderFunc
{shiny}      R  stderr -----------    95: output$teal-main_ui-root-therapy__e2e_-module-therapy_table
{shiny}      R  stderr -----------    14: &lt;Anonymous&gt;
{shiny}      R  stderr -----------    12: &lt;Anonymous&gt;
{shiny}      R  stderr -----------    11: &lt;Anonymous&gt;
{shiny}      R  stderr -----------    10: base::do.call
{shiny}      R  stderr -----------     9: base::saveRDS
{shiny}      R  stderr -----------     8: base::withCallingHandlers
{shiny}      R  stderr -----------     7: doTryCatch
{shiny}      R  stderr -----------     6: tryCatchOne
{shiny}      R  stderr -----------     5: tryCatchList
{shiny}      R  stderr -----------     2: tryCatchList
{shiny}      R  stderr -----------     1: base::tryCatch
{shiny}      R  stderr ----------- Warning: Error in variable_choices.data.frame: Assertion on 'subset' failed: Must be a subset of {'','USUBJID','STUDYID','CMCLAS','CMDECOD','ATIREL','CMCAT','COUNTRY','SITEID','SUBJID','AGE','SEX','ARMCD','ARM','ACTARMCD','ACTARM','RACE','TRTSDTM','TRTEDTM','EOSDY','EOSDT','STRATA1','STRATA2','BMRKR1','BMRKR2','REGION1','SAFFL','EOSSTT','EOTSTT','DCSREAS','DTHDT','ASTDTM','ASTDY','AENDTM','AENDY','CMSEQ','ATC1','ATC2','ATC3','ATC4','CMINDC','CMDOSE','CMTRT','CMDOSU','CMROUTE','CMDOSFRQ','CMASTDTM','CMAENDTM','ATIREL2','CMDECOD2','CMINDC2','CMDOSE2','CMDOSU2','CMROUTE2','CMDOSFRQ2','ASTDY2','AENDY2'}, but has additional elements {'CMTRT2'}.
{shiny}      R  stderr -----------   162: &lt;Anonymous&gt;
{shiny}      R  stderr -----------   161: stop
{shiny}      R  stderr -----------   160: selector_list
{shiny}      R  stderr -----------   159: teal.transform::compose_and_enable_validators
{shiny}      R  stderr -----------   158: &lt;reactive&gt;
{shiny}      R  stderr -----------   142: iv_r
{shiny}      R  stderr -----------   135: &lt;reactive&gt;
{shiny}      R  stderr -----------   119: plot_r
{shiny}      R  stderr -----------   110: renderUI
{shiny}      R  stderr -----------   109: func
{shiny}      R  stderr -----------    96: renderFunc
{shiny}      R  stderr -----------    95: output$teal-main_ui-root-therapy__e2e_-module-therapy_plot-plot_out_main
{shiny}      R  stderr -----------    14: &lt;Anonymous&gt;
{shiny}      R  stderr -----------    12: &lt;Anonymous&gt;
{shiny}      R  stderr -----------    11: &lt;Anonymous&gt;
{shiny}      R  stderr -----------    10: base::do.call
{shiny}      R  stderr -----------     9: base::saveRDS
{shiny}      R  stderr -----------     8: base::withCallingHandlers
{shiny}      R  stderr -----------     7: doTryCatch
{shiny}      R  stderr -----------     6: tryCatchOne
{shiny}      R  stderr -----------     5: tryCatchList
{shiny}      R  stderr -----------     2: tryCatchList
{shiny}      R  stderr -----------     1: base::tryCatch
{shiny}      R  stderr ----------- Warning: Error in &lt;Anonymous&gt;: error in evaluating the argument 'code' in selecting a method for function 'eval_code': Assertion on 'subset' failed: Must be a subset of {'','USUBJID','STUDYID','CMCLAS','CMDECOD','ATIREL','CMCAT','COUNTRY','SITEID','SUBJID','AGE','SEX','ARMCD','ARM','ACTARMCD','ACTARM','RACE','TRTSDTM','TRTEDTM','EOSDY','EOSDT','STRATA1','STRATA2','BMRKR1','BMRKR2','REGION1','SAFFL','EOSSTT','EOTSTT','DCSREAS','DTHDT','ASTDTM','ASTDY','AENDTM','AENDY','CMSEQ','ATC1','ATC2','ATC3','ATC4','CMINDC','CMDOSE','CMTRT','CMDOSU','CMROUTE','CMDOSFRQ','CMASTDTM','CMAENDTM','ATIREL2','CMDECOD2','CMINDC2','CMDOSE2','CMDOSU2','CMROUTE2','CMDOSFRQ2','ASTDY2','AENDY2'}, but has additional elements {'CMTRT2'}.
{shiny}      R  stderr -----------   14: &lt;Anonymous&gt;
{shiny}      R  stderr -----------   12: &lt;Anonymous&gt;
{shiny}      R  stderr -----------   11: &lt;Anonymous&gt;
{shiny}      R  stderr -----------   10: base::do.call
{shiny}      R  stderr -----------    9: base::saveRDS
{shiny}      R  stderr -----------    8: base::withCallingHandlers
{shiny}      R  stderr -----------    7: doTryCatch
{shiny}      R  stderr -----------    6: tryCatchOne
{shiny}      R  stderr -----------    5: tryCatchList
{shiny}      R  stderr -----------    2: tryCatchList
{shiny}      R  stderr -----------    1: base::tryCatch


Caused by error in `app_initialize_()`:
! Shiny app did not become stable in 1e+05ms.
Message: An error occurred while waiting for Shiny to be stable
Caused by error in `app_wait_for_idle()`:
! An error occurred while waiting for Shiny to be stable
Backtrace:
     x
  1. +-teal.modules.clinical (local) app_driver_tm_g_pp_therapy() at test-shinytest2-tm_g_pp_therapy.R:189:5
  2. | \-teal.modules.clinical:::init_teal_app_driver(...) at test-shinytest2-tm_g_pp_therapy.R:31:3
  3. |   +-testthat::with_mocked_bindings(...) at tests/testthat/helper-TealAppDriver.R:7:3
  4. |   \-TealAppDriver$new(...) at tests/testthat/helper-TealAppDriver.R:10:7
  5. |     \-teal (local) initialize(...)
  6. |       +-base::suppressWarnings(...)
  7. |       | \-base::withCallingHandlers(...)
  8. |       \-super$initialize(...)
  9. |         \-shinytest2:::app_initialize(...)
 10. |           +-base::withCallingHandlers(...)
 11. |           \-shinytest2:::app_initialize_(self, private, ..., view = view)
 12. |             +-base::withCallingHandlers(...)
 13. |             \-self$wait_for_idle(duration = 200, timeout = private$load_timeout)
 14. |               \-shinytest2:::app_wait_for_idle(...)
 15. |                 \-shinytest2:::app_abort(self, private, "An error occurred while waiting for Shiny to be stable")
 16. |                   \-rlang::abort(..., app = self, call = call)
 17. |                     \-rlang:::signal_abort(cnd, .file)
 18. |                       \-base::signalCondition(cnd)
 19. +-shinytest2 (local) `&lt;fn&gt;`(`&lt;rlng_rrr&gt;`)
 20. | \-shinytest2:::app_abort(...)
 21. |   \-rlang::abort(..., app = self, call = call)
 22. |     \-rlang:::signal_abort(cnd, .file)
 23. |       \-base::signalCondition(cnd)
 24. \-shinytest2 (local) `&lt;fn&gt;`(`&lt;rlng_rrr&gt;`)
 25.   \-shinytest2:::app_abort(...)
 26.     \-rlang::abort(..., app = self, call = call)</error>
    </testcase>
    <testcase time="103.135" classname="shinytest2_tm_g_pp_therapy" name="e2e_tm_g_pp_therapy_Selection_of_cmindc_changes_the_element_and_does_not_throw_validation_errors">
      <error type="error" message="Error in `app_initialize(self, private, app_dir = app_dir, ..., load_timeout = load_timeout,  ('test-shinytest2-tm_g_pp_therapy.R:162:9')">Error in `app_initialize(self, private, app_dir = app_dir, ..., load_timeout = load_timeout, 
    timeout = timeout, wait = wait, expect_values_screenshot_args = expect_values_screenshot_args, 
    screenshot_args = screenshot_args, check_names = check_names, 
    name = name, variant = variant, view = view, height = height, 
    width = width, seed = seed, clean_logs = clean_logs, shiny_args = shiny_args, 
    render_args = render_args, options = options)`: Shiny app did not become stable in 1e+05ms.
Message: An error occurred while waiting for Shiny to be stable
Caused by error in `app_wait_for_idle()`:
! An error occurred while waiting for Shiny to be stable


i You can inspect the failed AppDriver object via `rlang::last_error()$app`
i AppDriver logs:
{shinytest2} R  info   19:35:04.30 Start AppDriver initialization
{shinytest2} R  info   19:35:04.33 Starting Shiny app
{shinytest2} R  info   19:35:06.56 Creating new ChromoteSession
{shinytest2} R  info   19:35:06.60 Navigating to Shiny app
{shinytest2} R  info   19:35:06.70 Injecting shiny-tracer.js
{chromote}   JS info   19:35:06.71 shinytest2; jQuery not found
{chromote}   JS info   19:35:06.71 shinytest2; Loaded
{shinytest2} R  info   19:35:06.71 Waiting for Shiny to become ready
{chromote}   JS info   19:35:06.80 shinytest2; jQuery found
{chromote}   JS info   19:35:06.80 shinytest2; Waiting for shiny session to connect
{chromote}   JS info   19:35:06.92 shinytest2; Connected
{shinytest2} R  info   19:35:06.93 Waiting for Shiny to become idle for 200ms within 1e+05ms
{chromote}   JS info   19:35:06.94 shinytest2; Waiting for Shiny to be stable
{chromote}   JS info   19:35:06.96 shinytest2; shiny:busy
{chromote}   JS info   19:35:08.33 shinytest2; shiny:idle
{chromote}   JS info   19:35:08.33 shinytest2; shiny:value teal-identifier
{chromote}   JS info   19:35:08.33 shinytest2; shiny:value error
{chromote}   JS info   19:35:08.34 shinytest2; shiny:busy
{chromote}   JS info   19:35:08.34 shinytest2; shiny:idle
{chromote}   JS info   19:35:08.37 shinytest2; shiny:busy
{shinytest2} R  info   19:36:46.95 Error while initializing AppDriver:
                                   Shiny app did not become stable in 1e+05ms.
                                   Message: An error occurred while waiting for Shiny to be stable
                                   Caused by error in `app_wait_for_idle()`:
                                   ! An error occurred while waiting for Shiny to be stable
{shiny}      R  stderr ----------- Loading required package: shiny
{shiny}      R  stderr ----------- Attempting to load the environment ‘package:dplyr’
{shiny}      R  stderr ----------- 
{shiny}      R  stderr ----------- Attaching package: ‘dplyr’
{shiny}      R  stderr ----------- 
{shiny}      R  stderr ----------- The following objects are masked from ‘package:stats’:
{shiny}      R  stderr ----------- 
{shiny}      R  stderr -----------     filter, lag
{shiny}      R  stderr ----------- 
{shiny}      R  stderr ----------- The following objects are masked from ‘package:base’:
{shiny}      R  stderr ----------- 
{shiny}      R  stderr -----------     intersect, setdiff, setequal, union
{shiny}      R  stderr ----------- 
{shiny}      R  stderr ----------- Loading required package: teal
{shiny}      R  stderr ----------- Loading required package: teal.data
{shiny}      R  stderr ----------- Loading required package: teal.code
{shiny}      R  stderr ----------- Loading required package: teal.slice
{shiny}      R  stderr ----------- 
{shiny}      R  stderr ----------- You are using teal version 0.15.2.9032
{shiny}      R  stderr ----------- 
{shiny}      R  stderr ----------- Attaching package: ‘teal’
{shiny}      R  stderr ----------- 
{shiny}      R  stderr ----------- The following objects are masked from ‘package:teal.slice’:
{shiny}      R  stderr ----------- 
{shiny}      R  stderr -----------     as.teal_slices, teal_slices
{shiny}      R  stderr ----------- 
{shiny}      R  stderr ----------- Loading required package: teal.transform
{shiny}      R  stderr ----------- Loading required package: tern
{shiny}      R  stderr ----------- Loading required package: rtables
{shiny}      R  stderr ----------- Loading required package: formatters
{shiny}      R  stderr ----------- Loading required package: magrittr
{shiny}      R  stderr ----------- 
{shiny}      R  stderr ----------- Attaching package: ‘rtables’
{shiny}      R  stderr ----------- 
{shiny}      R  stderr ----------- The following object is masked from ‘package:utils’:
{shiny}      R  stderr ----------- 
{shiny}      R  stderr -----------     str
{shiny}      R  stderr ----------- 
{shiny}      R  stderr ----------- Running application in test mode.
{shiny}      R  stderr ----------- 
{shiny}      R  stderr ----------- Listening on http://127.0.0.1:3585
{shiny}      R  stderr ----------- Initializing reporter_previewer_module
{shiny}      R  stderr ----------- Warning: Error in &lt;Anonymous&gt;: error in evaluating the argument 'code' in selecting a method for function 'eval_code': Assertion on 'subset' failed: Must be a subset of {'','USUBJID','STUDYID','CMCLAS','CMDECOD','ATIREL','CMCAT','COUNTRY','SITEID','SUBJID','AGE','SEX','ARMCD','ARM','ACTARMCD','ACTARM','RACE','TRTSDTM','TRTEDTM','EOSDY','EOSDT','STRATA1','STRATA2','BMRKR1','BMRKR2','REGION1','SAFFL','EOSSTT','EOTSTT','DCSREAS','DTHDT','ASTDTM','ASTDY','AENDTM','AENDY','CMSEQ','ATC1','ATC2','ATC3','ATC4','CMINDC','CMDOSE','CMTRT','CMDOSU','CMROUTE','CMDOSFRQ','CMASTDTM','CMAENDTM','ATIREL2','CMDECOD2','CMINDC2','CMDOSE2','CMDOSU2','CMROUTE2','CMDOSFRQ2','ASTDY2','AENDY2'}, but has additional elements {'CMTRT2'}.
{shiny}      R  stderr -----------   241: &lt;Anonymous&gt;
{shiny}      R  stderr -----------   240: stop
{shiny}      R  stderr -----------   239: mstop
{shiny}      R  stderr -----------   238: makeAssertion
{shiny}      R  stderr -----------   237: checkmate::assert_subset
{shiny}      R  stderr -----------   236: variable_choices.data.frame
{shiny}      R  stderr -----------   233: resolve.delayed_variable_choices
{shiny}      R  stderr -----------   231: resolve.delayed_select_spec
{shiny}      R  stderr -----------   229: resolve.delayed_data_extract_spec
{shiny}      R  stderr -----------   227: resolve_delayed.list
{shiny}      R  stderr -----------   213: module
{shiny}      R  stderr -----------   208: callModule
{shiny}      R  stderr -----------   207: moduleServer
{shiny}      R  stderr -----------   206: data_extract_single_srv
{shiny}      R  stderr -----------   205: FUN
{shiny}      R  stderr -----------   204: lapply
{shiny}      R  stderr -----------   203: module
{shiny}      R  stderr -----------   198: callModule
{shiny}      R  stderr -----------   197: moduleServer
{shiny}      R  stderr -----------   196: data_extract_srv.list
{shiny}      R  stderr -----------   194: FUN
{shiny}      R  stderr -----------   193: lapply
{shiny}      R  stderr -----------   192: sapply
{shiny}      R  stderr -----------   191: &lt;reactive&gt;
{shiny}      R  stderr -----------   175: selector_list
{shiny}      R  stderr -----------   170: &lt;reactive&gt;
{shiny}      R  stderr -----------   154: anl_inputs
{shiny}      R  stderr -----------   153: as.expression
{shiny}      R  stderr -----------   152: teal.code::eval_code
{shiny}      R  stderr -----------   151: %&gt;%
{shiny}      R  stderr -----------   150: &lt;reactive&gt;
{shiny}      R  stderr -----------   134: merged$anl_q
{shiny}      R  stderr -----------   128: &lt;reactive&gt;
{shiny}      R  stderr -----------   112: all_q
{shiny}      R  stderr -----------   110: renderText
{shiny}      R  stderr -----------   109: func
{shiny}      R  stderr -----------    96: renderFunc
{shiny}      R  stderr -----------    95: output$teal-main_ui-root-therapy__e2e_-module-title
{shiny}      R  stderr -----------    14: &lt;Anonymous&gt;
{shiny}      R  stderr -----------    12: &lt;Anonymous&gt;
{shiny}      R  stderr -----------    11: &lt;Anonymous&gt;
{shiny}      R  stderr -----------    10: base::do.call
{shiny}      R  stderr -----------     9: base::saveRDS
{shiny}      R  stderr -----------     8: base::withCallingHandlers
{shiny}      R  stderr -----------     7: doTryCatch
{shiny}      R  stderr -----------     6: tryCatchOne
{shiny}      R  stderr -----------     5: tryCatchList
{shiny}      R  stderr -----------     2: tryCatchList
{shiny}      R  stderr -----------     1: base::tryCatch
{shiny}      R  stderr ----------- Warning: Error in &lt;Anonymous&gt;: error in evaluating the argument 'code' in selecting a method for function 'eval_code': Assertion on 'subset' failed: Must be a subset of {'','USUBJID','STUDYID','CMCLAS','CMDECOD','ATIREL','CMCAT','COUNTRY','SITEID','SUBJID','AGE','SEX','ARMCD','ARM','ACTARMCD','ACTARM','RACE','TRTSDTM','TRTEDTM','EOSDY','EOSDT','STRATA1','STRATA2','BMRKR1','BMRKR2','REGION1','SAFFL','EOSSTT','EOTSTT','DCSREAS','DTHDT','ASTDTM','ASTDY','AENDTM','AENDY','CMSEQ','ATC1','ATC2','ATC3','ATC4','CMINDC','CMDOSE','CMTRT','CMDOSU','CMROUTE','CMDOSFRQ','CMASTDTM','CMAENDTM','ATIREL2','CMDECOD2','CMINDC2','CMDOSE2','CMDOSU2','CMROUTE2','CMDOSFRQ2','ASTDY2','AENDY2'}, but has additional elements {'CMTRT2'}.
{shiny}      R  stderr -----------   122: &lt;Anonymous&gt;
{shiny}      R  stderr -----------   121: stop
{shiny}      R  stderr -----------   120: all_q
{shiny}      R  stderr -----------   117: exprFunc
{shiny}      R  stderr -----------   116: widgetFunc
{shiny}      R  stderr -----------   115: ::
{shiny}      R  stderr ----------- htmlwidgets
{shiny}      R  stderr ----------- shinyRenderWidget
{shiny}      R  stderr -----------   114: func
{shiny}      R  stderr -----------   101: renderFunc
{shiny}      R  stderr -----------   100: renderFunc
{shiny}      R  stderr -----------    96: renderFunc
{shiny}      R  stderr -----------    95: output$teal-main_ui-root-therapy__e2e_-module-therapy_table
{shiny}      R  stderr -----------    14: &lt;Anonymous&gt;
{shiny}      R  stderr -----------    12: &lt;Anonymous&gt;
{shiny}      R  stderr -----------    11: &lt;Anonymous&gt;
{shiny}      R  stderr -----------    10: base::do.call
{shiny}      R  stderr -----------     9: base::saveRDS
{shiny}      R  stderr -----------     8: base::withCallingHandlers
{shiny}      R  stderr -----------     7: doTryCatch
{shiny}      R  stderr -----------     6: tryCatchOne
{shiny}      R  stderr -----------     5: tryCatchList
{shiny}      R  stderr -----------     2: tryCatchList
{shiny}      R  stderr -----------     1: base::tryCatch
{shiny}      R  stderr ----------- Warning: Error in variable_choices.data.frame: Assertion on 'subset' failed: Must be a subset of {'','USUBJID','STUDYID','CMCLAS','CMDECOD','ATIREL','CMCAT','COUNTRY','SITEID','SUBJID','AGE','SEX','ARMCD','ARM','ACTARMCD','ACTARM','RACE','TRTSDTM','TRTEDTM','EOSDY','EOSDT','STRATA1','STRATA2','BMRKR1','BMRKR2','REGION1','SAFFL','EOSSTT','EOTSTT','DCSREAS','DTHDT','ASTDTM','ASTDY','AENDTM','AENDY','CMSEQ','ATC1','ATC2','ATC3','ATC4','CMINDC','CMDOSE','CMTRT','CMDOSU','CMROUTE','CMDOSFRQ','CMASTDTM','CMAENDTM','ATIREL2','CMDECOD2','CMINDC2','CMDOSE2','CMDOSU2','CMROUTE2','CMDOSFRQ2','ASTDY2','AENDY2'}, but has additional elements {'CMTRT2'}.
{shiny}      R  stderr -----------   162: &lt;Anonymous&gt;
{shiny}      R  stderr -----------   161: stop
{shiny}      R  stderr -----------   160: selector_list
{shiny}      R  stderr -----------   159: teal.transform::compose_and_enable_validators
{shiny}      R  stderr -----------   158: &lt;reactive&gt;
{shiny}      R  stderr -----------   142: iv_r
{shiny}      R  stderr -----------   135: &lt;reactive&gt;
{shiny}      R  stderr -----------   119: plot_r
{shiny}      R  stderr -----------   110: renderUI
{shiny}      R  stderr -----------   109: func
{shiny}      R  stderr -----------    96: renderFunc
{shiny}      R  stderr -----------    95: output$teal-main_ui-root-therapy__e2e_-module-therapy_plot-plot_out_main
{shiny}      R  stderr -----------    14: &lt;Anonymous&gt;
{shiny}      R  stderr -----------    12: &lt;Anonymous&gt;
{shiny}      R  stderr -----------    11: &lt;Anonymous&gt;
{shiny}      R  stderr -----------    10: base::do.call
{shiny}      R  stderr -----------     9: base::saveRDS
{shiny}      R  stderr -----------     8: base::withCallingHandlers
{shiny}      R  stderr -----------     7: doTryCatch
{shiny}      R  stderr -----------     6: tryCatchOne
{shiny}      R  stderr -----------     5: tryCatchList
{shiny}      R  stderr -----------     2: tryCatchList
{shiny}      R  stderr -----------     1: base::tryCatch
{shiny}      R  stderr ----------- Warning: Error in &lt;Anonymous&gt;: error in evaluating the argument 'code' in selecting a method for function 'eval_code': Assertion on 'subset' failed: Must be a subset of {'','USUBJID','STUDYID','CMCLAS','CMDECOD','ATIREL','CMCAT','COUNTRY','SITEID','SUBJID','AGE','SEX','ARMCD','ARM','ACTARMCD','ACTARM','RACE','TRTSDTM','TRTEDTM','EOSDY','EOSDT','STRATA1','STRATA2','BMRKR1','BMRKR2','REGION1','SAFFL','EOSSTT','EOTSTT','DCSREAS','DTHDT','ASTDTM','ASTDY','AENDTM','AENDY','CMSEQ','ATC1','ATC2','ATC3','ATC4','CMINDC','CMDOSE','CMTRT','CMDOSU','CMROUTE','CMDOSFRQ','CMASTDTM','CMAENDTM','ATIREL2','CMDECOD2','CMINDC2','CMDOSE2','CMDOSU2','CMROUTE2','CMDOSFRQ2','ASTDY2','AENDY2'}, but has additional elements {'CMTRT2'}.
{shiny}      R  stderr -----------   14: &lt;Anonymous&gt;
{shiny}      R  stderr -----------   12: &lt;Anonymous&gt;
{shiny}      R  stderr -----------   11: &lt;Anonymous&gt;
{shiny}      R  stderr -----------   10: base::do.call
{shiny}      R  stderr -----------    9: base::saveRDS
{shiny}      R  stderr -----------    8: base::withCallingHandlers
{shiny}      R  stderr -----------    7: doTryCatch
{shiny}      R  stderr -----------    6: tryCatchOne
{shiny}      R  stderr -----------    5: tryCatchList
{shiny}      R  stderr -----------    2: tryCatchList
{shiny}      R  stderr -----------    1: base::tryCatch


Caused by error in `app_initialize_()`:
! Shiny app did not become stable in 1e+05ms.
Message: An error occurred while waiting for Shiny to be stable
Caused by error in `app_wait_for_idle()`:
! An error occurred while waiting for Shiny to be stable
Backtrace:
     x
  1. +-teal.modules.clinical (local) app_driver_tm_g_pp_therapy() at test-shinytest2-tm_g_pp_therapy.R:162:9
  2. | \-teal.modules.clinical:::init_teal_app_driver(...) at test-shinytest2-tm_g_pp_therapy.R:31:3
  3. |   +-testthat::with_mocked_bindings(...) at tests/testthat/helper-TealAppDriver.R:7:3
  4. |   \-TealAppDriver$new(...) at tests/testthat/helper-TealAppDriver.R:10:7
  5. |     \-teal (local) initialize(...)
  6. |       +-base::suppressWarnings(...)
  7. |       | \-base::withCallingHandlers(...)
  8. |       \-super$initialize(...)
  9. |         \-shinytest2:::app_initialize(...)
 10. |           +-base::withCallingHandlers(...)
 11. |           \-shinytest2:::app_initialize_(self, private, ..., view = view)
 12. |             +-base::withCallingHandlers(...)
 13. |             \-self$wait_for_idle(duration = 200, timeout = private$load_timeout)
 14. |               \-shinytest2:::app_wait_for_idle(...)
 15. |                 \-shinytest2:::app_abort(self, private, "An error occurred while waiting for Shiny to be stable")
 16. |                   \-rlang::abort(..., app = self, call = call)
 17. |                     \-rlang:::signal_abort(cnd, .file)
 18. |                       \-base::signalCondition(cnd)
 19. +-shinytest2 (local) `&lt;fn&gt;`(`&lt;rlng_rrr&gt;`)
 20. | \-shinytest2:::app_abort(...)
 21. |   \-rlang::abort(..., app = self, call = call)
 22. |     \-rlang:::signal_abort(cnd, .file)
 23. |       \-base::signalCondition(cnd)
 24. \-shinytest2 (local) `&lt;fn&gt;`(`&lt;rlng_rrr&gt;`)
 25.   \-shinytest2:::app_abort(...)
 26.     \-rlang::abort(..., app = self, call = call)</error>
    </testcase>
    <testcase time="103.175" classname="shinytest2_tm_g_pp_therapy" name="e2e_tm_g_pp_therapy_Deselection_of_cmindc_dataset_ADCM_singleextract_select_throws_validation_error.">
      <error type="error" message="Error in `app_initialize(self, private, app_dir = app_dir, ..., load_timeout = load_timeout,  ('test-shinytest2-tm_g_pp_therapy.R:189:5')">Error in `app_initialize(self, private, app_dir = app_dir, ..., load_timeout = load_timeout, 
    timeout = timeout, wait = wait, expect_values_screenshot_args = expect_values_screenshot_args, 
    screenshot_args = screenshot_args, check_names = check_names, 
    name = name, variant = variant, view = view, height = height, 
    width = width, seed = seed, clean_logs = clean_logs, shiny_args = shiny_args, 
    render_args = render_args, options = options)`: Shiny app did not become stable in 1e+05ms.
Message: An error occurred while waiting for Shiny to be stable
Caused by error in `app_wait_for_idle()`:
! An error occurred while waiting for Shiny to be stable


i You can inspect the failed AppDriver object via `rlang::last_error()$app`
i AppDriver logs:
{shinytest2} R  info   19:36:47.43 Start AppDriver initialization
{shinytest2} R  info   19:36:47.46 Starting Shiny app
{shinytest2} R  info   19:36:49.69 Creating new ChromoteSession
{shinytest2} R  info   19:36:49.71 Navigating to Shiny app
{shinytest2} R  info   19:36:49.80 Injecting shiny-tracer.js
{chromote}   JS info   19:36:49.81 shinytest2; jQuery not found
{chromote}   JS info   19:36:49.81 shinytest2; Loaded
{shinytest2} R  info   19:36:49.81 Waiting for Shiny to become ready
{chromote}   JS info   19:36:49.92 shinytest2; jQuery found
{chromote}   JS info   19:36:49.92 shinytest2; Waiting for shiny session to connect
{chromote}   JS info   19:36:50.05 shinytest2; Connected
{chromote}   JS info   19:36:50.10 shinytest2; shiny:busy
{shinytest2} R  info   19:36:50.12 Waiting for Shiny to become idle for 200ms within 1e+05ms
{chromote}   JS info   19:36:50.13 shinytest2; Waiting for Shiny to be stable
{chromote}   JS info   19:36:51.33 shinytest2; shiny:idle
{chromote}   JS info   19:36:51.33 shinytest2; shiny:value teal-identifier
{chromote}   JS info   19:36:51.33 shinytest2; shiny:value error
{chromote}   JS info   19:36:51.33 shinytest2; shiny:busy
{chromote}   JS info   19:36:51.34 shinytest2; shiny:idle
{chromote}   JS info   19:36:51.36 shinytest2; shiny:busy
{shinytest2} R  info   19:38:30.14 Error while initializing AppDriver:
                                   Shiny app did not become stable in 1e+05ms.
                                   Message: An error occurred while waiting for Shiny to be stable
                                   Caused by error in `app_wait_for_idle()`:
                                   ! An error occurred while waiting for Shiny to be stable
{shiny}      R  stderr ----------- Loading required package: shiny
{shiny}      R  stderr ----------- Attempting to load the environment ‘package:dplyr’
{shiny}      R  stderr ----------- 
{shiny}      R  stderr ----------- Attaching package: ‘dplyr’
{shiny}      R  stderr ----------- 
{shiny}      R  stderr ----------- The following objects are masked from ‘package:stats’:
{shiny}      R  stderr ----------- 
{shiny}      R  stderr -----------     filter, lag
{shiny}      R  stderr ----------- 
{shiny}      R  stderr ----------- The following objects are masked from ‘package:base’:
{shiny}      R  stderr ----------- 
{shiny}      R  stderr -----------     intersect, setdiff, setequal, union
{shiny}      R  stderr ----------- 
{shiny}      R  stderr ----------- Loading required package: teal
{shiny}      R  stderr ----------- Loading required package: teal.data
{shiny}      R  stderr ----------- Loading required package: teal.code
{shiny}      R  stderr ----------- Loading required package: teal.slice
{shiny}      R  stderr ----------- 
{shiny}      R  stderr ----------- You are using teal version 0.15.2.9032
{shiny}      R  stderr ----------- 
{shiny}      R  stderr ----------- Attaching package: ‘teal’
{shiny}      R  stderr ----------- 
{shiny}      R  stderr ----------- The following objects are masked from ‘package:teal.slice’:
{shiny}      R  stderr ----------- 
{shiny}      R  stderr -----------     as.teal_slices, teal_slices
{shiny}      R  stderr ----------- 
{shiny}      R  stderr ----------- Loading required package: teal.transform
{shiny}      R  stderr ----------- Loading required package: tern
{shiny}      R  stderr ----------- Loading required package: rtables
{shiny}      R  stderr ----------- Loading required package: formatters
{shiny}      R  stderr ----------- Loading required package: magrittr
{shiny}      R  stderr ----------- 
{shiny}      R  stderr ----------- Attaching package: ‘rtables’
{shiny}      R  stderr ----------- 
{shiny}      R  stderr ----------- The following object is masked from ‘package:utils’:
{shiny}      R  stderr ----------- 
{shiny}      R  stderr -----------     str
{shiny}      R  stderr ----------- 
{shiny}      R  stderr ----------- Running application in test mode.
{shiny}      R  stderr ----------- 
{shiny}      R  stderr ----------- Listening on http://127.0.0.1:5237
{shiny}      R  stderr ----------- Initializing reporter_previewer_module
{shiny}      R  stderr ----------- Warning: Error in &lt;Anonymous&gt;: error in evaluating the argument 'code' in selecting a method for function 'eval_code': Assertion on 'subset' failed: Must be a subset of {'','USUBJID','STUDYID','CMCLAS','CMDECOD','ATIREL','CMCAT','COUNTRY','SITEID','SUBJID','AGE','SEX','ARMCD','ARM','ACTARMCD','ACTARM','RACE','TRTSDTM','TRTEDTM','EOSDY','EOSDT','STRATA1','STRATA2','BMRKR1','BMRKR2','REGION1','SAFFL','EOSSTT','EOTSTT','DCSREAS','DTHDT','ASTDTM','ASTDY','AENDTM','AENDY','CMSEQ','ATC1','ATC2','ATC3','ATC4','CMINDC','CMDOSE','CMTRT','CMDOSU','CMROUTE','CMDOSFRQ','CMASTDTM','CMAENDTM','ATIREL2','CMDECOD2','CMINDC2','CMDOSE2','CMDOSU2','CMROUTE2','CMDOSFRQ2','ASTDY2','AENDY2'}, but has additional elements {'CMTRT2'}.
{shiny}      R  stderr -----------   241: &lt;Anonymous&gt;
{shiny}      R  stderr -----------   240: stop
{shiny}      R  stderr -----------   239: mstop
{shiny}      R  stderr -----------   238: makeAssertion
{shiny}      R  stderr -----------   237: checkmate::assert_subset
{shiny}      R  stderr -----------   236: variable_choices.data.frame
{shiny}      R  stderr -----------   233: resolve.delayed_variable_choices
{shiny}      R  stderr -----------   231: resolve.delayed_select_spec
{shiny}      R  stderr -----------   229: resolve.delayed_data_extract_spec
{shiny}      R  stderr -----------   227: resolve_delayed.list
{shiny}      R  stderr -----------   213: module
{shiny}      R  stderr -----------   208: callModule
{shiny}      R  stderr -----------   207: moduleServer
{shiny}      R  stderr -----------   206: data_extract_single_srv
{shiny}      R  stderr -----------   205: FUN
{shiny}      R  stderr -----------   204: lapply
{shiny}      R  stderr -----------   203: module
{shiny}      R  stderr -----------   198: callModule
{shiny}      R  stderr -----------   197: moduleServer
{shiny}      R  stderr -----------   196: data_extract_srv.list
{shiny}      R  stderr -----------   194: FUN
{shiny}      R  stderr -----------   193: lapply
{shiny}      R  stderr -----------   192: sapply
{shiny}      R  stderr -----------   191: &lt;reactive&gt;
{shiny}      R  stderr -----------   175: selector_list
{shiny}      R  stderr -----------   170: &lt;reactive&gt;
{shiny}      R  stderr -----------   154: anl_inputs
{shiny}      R  stderr -----------   153: as.expression
{shiny}      R  stderr -----------   152: teal.code::eval_code
{shiny}      R  stderr -----------   151: %&gt;%
{shiny}      R  stderr -----------   150: &lt;reactive&gt;
{shiny}      R  stderr -----------   134: merged$anl_q
{shiny}      R  stderr -----------   128: &lt;reactive&gt;
{shiny}      R  stderr -----------   112: all_q
{shiny}      R  stderr -----------   110: renderText
{shiny}      R  stderr -----------   109: func
{shiny}      R  stderr -----------    96: renderFunc
{shiny}      R  stderr -----------    95: output$teal-main_ui-root-therapy__e2e_-module-title
{shiny}      R  stderr -----------    14: &lt;Anonymous&gt;
{shiny}      R  stderr -----------    12: &lt;Anonymous&gt;
{shiny}      R  stderr -----------    11: &lt;Anonymous&gt;
{shiny}      R  stderr -----------    10: base::do.call
{shiny}      R  stderr -----------     9: base::saveRDS
{shiny}      R  stderr -----------     8: base::withCallingHandlers
{shiny}      R  stderr -----------     7: doTryCatch
{shiny}      R  stderr -----------     6: tryCatchOne
{shiny}      R  stderr -----------     5: tryCatchList
{shiny}      R  stderr -----------     2: tryCatchList
{shiny}      R  stderr -----------     1: base::tryCatch
{shiny}      R  stderr ----------- Warning: Error in &lt;Anonymous&gt;: error in evaluating the argument 'code' in selecting a method for function 'eval_code': Assertion on 'subset' failed: Must be a subset of {'','USUBJID','STUDYID','CMCLAS','CMDECOD','ATIREL','CMCAT','COUNTRY','SITEID','SUBJID','AGE','SEX','ARMCD','ARM','ACTARMCD','ACTARM','RACE','TRTSDTM','TRTEDTM','EOSDY','EOSDT','STRATA1','STRATA2','BMRKR1','BMRKR2','REGION1','SAFFL','EOSSTT','EOTSTT','DCSREAS','DTHDT','ASTDTM','ASTDY','AENDTM','AENDY','CMSEQ','ATC1','ATC2','ATC3','ATC4','CMINDC','CMDOSE','CMTRT','CMDOSU','CMROUTE','CMDOSFRQ','CMASTDTM','CMAENDTM','ATIREL2','CMDECOD2','CMINDC2','CMDOSE2','CMDOSU2','CMROUTE2','CMDOSFRQ2','ASTDY2','AENDY2'}, but has additional elements {'CMTRT2'}.
{shiny}      R  stderr -----------   122: &lt;Anonymous&gt;
{shiny}      R  stderr -----------   121: stop
{shiny}      R  stderr -----------   120: all_q
{shiny}      R  stderr -----------   117: exprFunc
{shiny}      R  stderr -----------   116: widgetFunc
{shiny}      R  stderr -----------   115: ::
{shiny}      R  stderr ----------- htmlwidgets
{shiny}      R  stderr ----------- shinyRenderWidget
{shiny}      R  stderr -----------   114: func
{shiny}      R  stderr -----------   101: renderFunc
{shiny}      R  stderr -----------   100: renderFunc
{shiny}      R  stderr -----------    96: renderFunc
{shiny}      R  stderr -----------    95: output$teal-main_ui-root-therapy__e2e_-module-therapy_table
{shiny}      R  stderr -----------    14: &lt;Anonymous&gt;
{shiny}      R  stderr -----------    12: &lt;Anonymous&gt;
{shiny}      R  stderr -----------    11: &lt;Anonymous&gt;
{shiny}      R  stderr -----------    10: base::do.call
{shiny}      R  stderr -----------     9: base::saveRDS
{shiny}      R  stderr -----------     8: base::withCallingHandlers
{shiny}      R  stderr -----------     7: doTryCatch
{shiny}      R  stderr -----------     6: tryCatchOne
{shiny}      R  stderr -----------     5: tryCatchList
{shiny}      R  stderr -----------     2: tryCatchList
{shiny}      R  stderr -----------     1: base::tryCatch
{shiny}      R  stderr ----------- Warning: Error in variable_choices.data.frame: Assertion on 'subset' failed: Must be a subset of {'','USUBJID','STUDYID','CMCLAS','CMDECOD','ATIREL','CMCAT','COUNTRY','SITEID','SUBJID','AGE','SEX','ARMCD','ARM','ACTARMCD','ACTARM','RACE','TRTSDTM','TRTEDTM','EOSDY','EOSDT','STRATA1','STRATA2','BMRKR1','BMRKR2','REGION1','SAFFL','EOSSTT','EOTSTT','DCSREAS','DTHDT','ASTDTM','ASTDY','AENDTM','AENDY','CMSEQ','ATC1','ATC2','ATC3','ATC4','CMINDC','CMDOSE','CMTRT','CMDOSU','CMROUTE','CMDOSFRQ','CMASTDTM','CMAENDTM','ATIREL2','CMDECOD2','CMINDC2','CMDOSE2','CMDOSU2','CMROUTE2','CMDOSFRQ2','ASTDY2','AENDY2'}, but has additional elements {'CMTRT2'}.
{shiny}      R  stderr -----------   162: &lt;Anonymous&gt;
{shiny}      R  stderr -----------   161: stop
{shiny}      R  stderr -----------   160: selector_list
{shiny}      R  stderr -----------   159: teal.transform::compose_and_enable_validators
{shiny}      R  stderr -----------   158: &lt;reactive&gt;
{shiny}      R  stderr -----------   142: iv_r
{shiny}      R  stderr -----------   135: &lt;reactive&gt;
{shiny}      R  stderr -----------   119: plot_r
{shiny}      R  stderr -----------   110: renderUI
{shiny}      R  stderr -----------   109: func
{shiny}      R  stderr -----------    96: renderFunc
{shiny}      R  stderr -----------    95: output$teal-main_ui-root-therapy__e2e_-module-therapy_plot-plot_out_main
{shiny}      R  stderr -----------    14: &lt;Anonymous&gt;
{shiny}      R  stderr -----------    12: &lt;Anonymous&gt;
{shiny}      R  stderr -----------    11: &lt;Anonymous&gt;
{shiny}      R  stderr -----------    10: base::do.call
{shiny}      R  stderr -----------     9: base::saveRDS
{shiny}      R  stderr -----------     8: base::withCallingHandlers
{shiny}      R  stderr -----------     7: doTryCatch
{shiny}      R  stderr -----------     6: tryCatchOne
{shiny}      R  stderr -----------     5: tryCatchList
{shiny}      R  stderr -----------     2: tryCatchList
{shiny}      R  stderr -----------     1: base::tryCatch
{shiny}      R  stderr ----------- Warning: Error in &lt;Anonymous&gt;: error in evaluating the argument 'code' in selecting a method for function 'eval_code': Assertion on 'subset' failed: Must be a subset of {'','USUBJID','STUDYID','CMCLAS','CMDECOD','ATIREL','CMCAT','COUNTRY','SITEID','SUBJID','AGE','SEX','ARMCD','ARM','ACTARMCD','ACTARM','RACE','TRTSDTM','TRTEDTM','EOSDY','EOSDT','STRATA1','STRATA2','BMRKR1','BMRKR2','REGION1','SAFFL','EOSSTT','EOTSTT','DCSREAS','DTHDT','ASTDTM','ASTDY','AENDTM','AENDY','CMSEQ','ATC1','ATC2','ATC3','ATC4','CMINDC','CMDOSE','CMTRT','CMDOSU','CMROUTE','CMDOSFRQ','CMASTDTM','CMAENDTM','ATIREL2','CMDECOD2','CMINDC2','CMDOSE2','CMDOSU2','CMROUTE2','CMDOSFRQ2','ASTDY2','AENDY2'}, but has additional elements {'CMTRT2'}.
{shiny}      R  stderr -----------   14: &lt;Anonymous&gt;
{shiny}      R  stderr -----------   12: &lt;Anonymous&gt;
{shiny}      R  stderr -----------   11: &lt;Anonymous&gt;
{shiny}      R  stderr -----------   10: base::do.call
{shiny}      R  stderr -----------    9: base::saveRDS
{shiny}      R  stderr -----------    8: base::withCallingHandlers
{shiny}      R  stderr -----------    7: doTryCatch
{shiny}      R  stderr -----------    6: tryCatchOne
{shiny}      R  stderr -----------    5: tryCatchList
{shiny}      R  stderr -----------    2: tryCatchList
{shiny}      R  stderr -----------    1: base::tryCatch


Caused by error in `app_initialize_()`:
! Shiny app did not become stable in 1e+05ms.
Message: An error occurred while waiting for Shiny to be stable
Caused by error in `app_wait_for_idle()`:
! An error occurred while waiting for Shiny to be stable
Backtrace:
     x
  1. +-teal.modules.clinical (local) app_driver_tm_g_pp_therapy() at test-shinytest2-tm_g_pp_therapy.R:189:5
  2. | \-teal.modules.clinical:::init_teal_app_driver(...) at test-shinytest2-tm_g_pp_therapy.R:31:3
  3. |   +-testthat::with_mocked_bindings(...) at tests/testthat/helper-TealAppDriver.R:7:3
  4. |   \-TealAppDriver$new(...) at tests/testthat/helper-TealAppDriver.R:10:7
  5. |     \-teal (local) initialize(...)
  6. |       +-base::suppressWarnings(...)
  7. |       | \-base::withCallingHandlers(...)
  8. |       \-super$initialize(...)
  9. |         \-shinytest2:::app_initialize(...)
 10. |           +-base::withCallingHandlers(...)
 11. |           \-shinytest2:::app_initialize_(self, private, ..., view = view)
 12. |             +-base::withCallingHandlers(...)
 13. |             \-self$wait_for_idle(duration = 200, timeout = private$load_timeout)
 14. |               \-shinytest2:::app_wait_for_idle(...)
 15. |                 \-shinytest2:::app_abort(self, private, "An error occurred while waiting for Shiny to be stable")
 16. |                   \-rlang::abort(..., app = self, call = call)
 17. |                     \-rlang:::signal_abort(cnd, .file)
 18. |                       \-base::signalCondition(cnd)
 19. +-shinytest2 (local) `&lt;fn&gt;`(`&lt;rlng_rrr&gt;`)
 20. | \-shinytest2:::app_abort(...)
 21. |   \-rlang::abort(..., app = self, call = call)
 22. |     \-rlang:::signal_abort(cnd, .file)
 23. |       \-base::signalCondition(cnd)
 24. \-shinytest2 (local) `&lt;fn&gt;`(`&lt;rlng_rrr&gt;`)
 25.   \-shinytest2:::app_abort(...)
 26.     \-rlang::abort(..., app = self, call = call)</error>
    </testcase>
    <testcase time="103.16" classname="shinytest2_tm_g_pp_therapy" name="e2e_tm_g_pp_therapy_Selection_of_cmdose_changes_the_element_and_does_not_throw_validation_errors">
      <error type="error" message="Error in `app_initialize(self, private, app_dir = app_dir, ..., load_timeout = load_timeout,  ('test-shinytest2-tm_g_pp_therapy.R:162:9')">Error in `app_initialize(self, private, app_dir = app_dir, ..., load_timeout = load_timeout, 
    timeout = timeout, wait = wait, expect_values_screenshot_args = expect_values_screenshot_args, 
    screenshot_args = screenshot_args, check_names = check_names, 
    name = name, variant = variant, view = view, height = height, 
    width = width, seed = seed, clean_logs = clean_logs, shiny_args = shiny_args, 
    render_args = render_args, options = options)`: Shiny app did not become stable in 1e+05ms.
Message: An error occurred while waiting for Shiny to be stable
Caused by error in `app_wait_for_idle()`:
! An error occurred while waiting for Shiny to be stable


i You can inspect the failed AppDriver object via `rlang::last_error()$app`
i AppDriver logs:
{shinytest2} R  info   19:38:30.58 Start AppDriver initialization
{shinytest2} R  info   19:38:30.61 Starting Shiny app
{shinytest2} R  info   19:38:32.84 Creating new ChromoteSession
{shinytest2} R  info   19:38:32.86 Navigating to Shiny app
{shinytest2} R  info   19:38:32.95 Injecting shiny-tracer.js
{chromote}   JS info   19:38:32.96 shinytest2; jQuery not found
{chromote}   JS info   19:38:32.96 shinytest2; Loaded
{shinytest2} R  info   19:38:32.96 Waiting for Shiny to become ready
{chromote}   JS info   19:38:33.06 shinytest2; jQuery found
{chromote}   JS info   19:38:33.06 shinytest2; Waiting for shiny session to connect
{chromote}   JS info   19:38:33.19 shinytest2; Connected
{chromote}   JS info   19:38:33.24 shinytest2; shiny:busy
{shinytest2} R  info   19:38:33.28 Waiting for Shiny to become idle for 200ms within 1e+05ms
{chromote}   JS info   19:38:33.28 shinytest2; Waiting for Shiny to be stable
{chromote}   JS info   19:38:34.50 shinytest2; shiny:idle
{chromote}   JS info   19:38:34.50 shinytest2; shiny:value teal-identifier
{chromote}   JS info   19:38:34.50 shinytest2; shiny:value error
{chromote}   JS info   19:38:34.50 shinytest2; shiny:busy
{chromote}   JS info   19:38:34.50 shinytest2; shiny:idle
{chromote}   JS info   19:38:34.53 shinytest2; shiny:busy
{shinytest2} R  info   19:40:13.30 Error while initializing AppDriver:
                                   Shiny app did not become stable in 1e+05ms.
                                   Message: An error occurred while waiting for Shiny to be stable
                                   Caused by error in `app_wait_for_idle()`:
                                   ! An error occurred while waiting for Shiny to be stable
{shiny}      R  stderr ----------- Loading required package: shiny
{shiny}      R  stderr ----------- Attempting to load the environment ‘package:dplyr’
{shiny}      R  stderr ----------- 
{shiny}      R  stderr ----------- Attaching package: ‘dplyr’
{shiny}      R  stderr ----------- 
{shiny}      R  stderr ----------- The following objects are masked from ‘package:stats’:
{shiny}      R  stderr ----------- 
{shiny}      R  stderr -----------     filter, lag
{shiny}      R  stderr ----------- 
{shiny}      R  stderr ----------- The following objects are masked from ‘package:base’:
{shiny}      R  stderr ----------- 
{shiny}      R  stderr -----------     intersect, setdiff, setequal, union
{shiny}      R  stderr ----------- 
{shiny}      R  stderr ----------- Loading required package: teal
{shiny}      R  stderr ----------- Loading required package: teal.data
{shiny}      R  stderr ----------- Loading required package: teal.code
{shiny}      R  stderr ----------- Loading required package: teal.slice
{shiny}      R  stderr ----------- 
{shiny}      R  stderr ----------- You are using teal version 0.15.2.9032
{shiny}      R  stderr ----------- 
{shiny}      R  stderr ----------- Attaching package: ‘teal’
{shiny}      R  stderr ----------- 
{shiny}      R  stderr ----------- The following objects are masked from ‘package:teal.slice’:
{shiny}      R  stderr ----------- 
{shiny}      R  stderr -----------     as.teal_slices, teal_slices
{shiny}      R  stderr ----------- 
{shiny}      R  stderr ----------- Loading required package: teal.transform
{shiny}      R  stderr ----------- Loading required package: tern
{shiny}      R  stderr ----------- Loading required package: rtables
{shiny}      R  stderr ----------- Loading required package: formatters
{shiny}      R  stderr ----------- Loading required package: magrittr
{shiny}      R  stderr ----------- 
{shiny}      R  stderr ----------- Attaching package: ‘rtables’
{shiny}      R  stderr ----------- 
{shiny}      R  stderr ----------- The following object is masked from ‘package:utils’:
{shiny}      R  stderr ----------- 
{shiny}      R  stderr -----------     str
{shiny}      R  stderr ----------- 
{shiny}      R  stderr ----------- Running application in test mode.
{shiny}      R  stderr ----------- 
{shiny}      R  stderr ----------- Listening on http://127.0.0.1:5680
{shiny}      R  stderr ----------- Initializing reporter_previewer_module
{shiny}      R  stderr ----------- Warning: Error in &lt;Anonymous&gt;: error in evaluating the argument 'code' in selecting a method for function 'eval_code': Assertion on 'subset' failed: Must be a subset of {'','USUBJID','STUDYID','CMCLAS','CMDECOD','ATIREL','CMCAT','COUNTRY','SITEID','SUBJID','AGE','SEX','ARMCD','ARM','ACTARMCD','ACTARM','RACE','TRTSDTM','TRTEDTM','EOSDY','EOSDT','STRATA1','STRATA2','BMRKR1','BMRKR2','REGION1','SAFFL','EOSSTT','EOTSTT','DCSREAS','DTHDT','ASTDTM','ASTDY','AENDTM','AENDY','CMSEQ','ATC1','ATC2','ATC3','ATC4','CMINDC','CMDOSE','CMTRT','CMDOSU','CMROUTE','CMDOSFRQ','CMASTDTM','CMAENDTM','ATIREL2','CMDECOD2','CMINDC2','CMDOSE2','CMDOSU2','CMROUTE2','CMDOSFRQ2','ASTDY2','AENDY2'}, but has additional elements {'CMTRT2'}.
{shiny}      R  stderr -----------   241: &lt;Anonymous&gt;
{shiny}      R  stderr -----------   240: stop
{shiny}      R  stderr -----------   239: mstop
{shiny}      R  stderr -----------   238: makeAssertion
{shiny}      R  stderr -----------   237: checkmate::assert_subset
{shiny}      R  stderr -----------   236: variable_choices.data.frame
{shiny}      R  stderr -----------   233: resolve.delayed_variable_choices
{shiny}      R  stderr -----------   231: resolve.delayed_select_spec
{shiny}      R  stderr -----------   229: resolve.delayed_data_extract_spec
{shiny}      R  stderr -----------   227: resolve_delayed.list
{shiny}      R  stderr -----------   213: module
{shiny}      R  stderr -----------   208: callModule
{shiny}      R  stderr -----------   207: moduleServer
{shiny}      R  stderr -----------   206: data_extract_single_srv
{shiny}      R  stderr -----------   205: FUN
{shiny}      R  stderr -----------   204: lapply
{shiny}      R  stderr -----------   203: module
{shiny}      R  stderr -----------   198: callModule
{shiny}      R  stderr -----------   197: moduleServer
{shiny}      R  stderr -----------   196: data_extract_srv.list
{shiny}      R  stderr -----------   194: FUN
{shiny}      R  stderr -----------   193: lapply
{shiny}      R  stderr -----------   192: sapply
{shiny}      R  stderr -----------   191: &lt;reactive&gt;
{shiny}      R  stderr -----------   175: selector_list
{shiny}      R  stderr -----------   170: &lt;reactive&gt;
{shiny}      R  stderr -----------   154: anl_inputs
{shiny}      R  stderr -----------   153: as.expression
{shiny}      R  stderr -----------   152: teal.code::eval_code
{shiny}      R  stderr -----------   151: %&gt;%
{shiny}      R  stderr -----------   150: &lt;reactive&gt;
{shiny}      R  stderr -----------   134: merged$anl_q
{shiny}      R  stderr -----------   128: &lt;reactive&gt;
{shiny}      R  stderr -----------   112: all_q
{shiny}      R  stderr -----------   110: renderText
{shiny}      R  stderr -----------   109: func
{shiny}      R  stderr -----------    96: renderFunc
{shiny}      R  stderr -----------    95: output$teal-main_ui-root-therapy__e2e_-module-title
{shiny}      R  stderr -----------    14: &lt;Anonymous&gt;
{shiny}      R  stderr -----------    12: &lt;Anonymous&gt;
{shiny}      R  stderr -----------    11: &lt;Anonymous&gt;
{shiny}      R  stderr -----------    10: base::do.call
{shiny}      R  stderr -----------     9: base::saveRDS
{shiny}      R  stderr -----------     8: base::withCallingHandlers
{shiny}      R  stderr -----------     7: doTryCatch
{shiny}      R  stderr -----------     6: tryCatchOne
{shiny}      R  stderr -----------     5: tryCatchList
{shiny}      R  stderr -----------     2: tryCatchList
{shiny}      R  stderr -----------     1: base::tryCatch
{shiny}      R  stderr ----------- Warning: Error in &lt;Anonymous&gt;: error in evaluating the argument 'code' in selecting a method for function 'eval_code': Assertion on 'subset' failed: Must be a subset of {'','USUBJID','STUDYID','CMCLAS','CMDECOD','ATIREL','CMCAT','COUNTRY','SITEID','SUBJID','AGE','SEX','ARMCD','ARM','ACTARMCD','ACTARM','RACE','TRTSDTM','TRTEDTM','EOSDY','EOSDT','STRATA1','STRATA2','BMRKR1','BMRKR2','REGION1','SAFFL','EOSSTT','EOTSTT','DCSREAS','DTHDT','ASTDTM','ASTDY','AENDTM','AENDY','CMSEQ','ATC1','ATC2','ATC3','ATC4','CMINDC','CMDOSE','CMTRT','CMDOSU','CMROUTE','CMDOSFRQ','CMASTDTM','CMAENDTM','ATIREL2','CMDECOD2','CMINDC2','CMDOSE2','CMDOSU2','CMROUTE2','CMDOSFRQ2','ASTDY2','AENDY2'}, but has additional elements {'CMTRT2'}.
{shiny}      R  stderr -----------   122: &lt;Anonymous&gt;
{shiny}      R  stderr -----------   121: stop
{shiny}      R  stderr -----------   120: all_q
{shiny}      R  stderr -----------   117: exprFunc
{shiny}      R  stderr -----------   116: widgetFunc
{shiny}      R  stderr -----------   115: ::
{shiny}      R  stderr ----------- htmlwidgets
{shiny}      R  stderr ----------- shinyRenderWidget
{shiny}      R  stderr -----------   114: func
{shiny}      R  stderr -----------   101: renderFunc
{shiny}      R  stderr -----------   100: renderFunc
{shiny}      R  stderr -----------    96: renderFunc
{shiny}      R  stderr -----------    95: output$teal-main_ui-root-therapy__e2e_-module-therapy_table
{shiny}      R  stderr -----------    14: &lt;Anonymous&gt;
{shiny}      R  stderr -----------    12: &lt;Anonymous&gt;
{shiny}      R  stderr -----------    11: &lt;Anonymous&gt;
{shiny}      R  stderr -----------    10: base::do.call
{shiny}      R  stderr -----------     9: base::saveRDS
{shiny}      R  stderr -----------     8: base::withCallingHandlers
{shiny}      R  stderr -----------     7: doTryCatch
{shiny}      R  stderr -----------     6: tryCatchOne
{shiny}      R  stderr -----------     5: tryCatchList
{shiny}      R  stderr -----------     2: tryCatchList
{shiny}      R  stderr -----------     1: base::tryCatch
{shiny}      R  stderr ----------- Warning: Error in variable_choices.data.frame: Assertion on 'subset' failed: Must be a subset of {'','USUBJID','STUDYID','CMCLAS','CMDECOD','ATIREL','CMCAT','COUNTRY','SITEID','SUBJID','AGE','SEX','ARMCD','ARM','ACTARMCD','ACTARM','RACE','TRTSDTM','TRTEDTM','EOSDY','EOSDT','STRATA1','STRATA2','BMRKR1','BMRKR2','REGION1','SAFFL','EOSSTT','EOTSTT','DCSREAS','DTHDT','ASTDTM','ASTDY','AENDTM','AENDY','CMSEQ','ATC1','ATC2','ATC3','ATC4','CMINDC','CMDOSE','CMTRT','CMDOSU','CMROUTE','CMDOSFRQ','CMASTDTM','CMAENDTM','ATIREL2','CMDECOD2','CMINDC2','CMDOSE2','CMDOSU2','CMROUTE2','CMDOSFRQ2','ASTDY2','AENDY2'}, but has additional elements {'CMTRT2'}.
{shiny}      R  stderr -----------   162: &lt;Anonymous&gt;
{shiny}      R  stderr -----------   161: stop
{shiny}      R  stderr -----------   160: selector_list
{shiny}      R  stderr -----------   159: teal.transform::compose_and_enable_validators
{shiny}      R  stderr -----------   158: &lt;reactive&gt;
{shiny}      R  stderr -----------   142: iv_r
{shiny}      R  stderr -----------   135: &lt;reactive&gt;
{shiny}      R  stderr -----------   119: plot_r
{shiny}      R  stderr -----------   110: renderUI
{shiny}      R  stderr -----------   109: func
{shiny}      R  stderr -----------    96: renderFunc
{shiny}      R  stderr -----------    95: output$teal-main_ui-root-therapy__e2e_-module-therapy_plot-plot_out_main
{shiny}      R  stderr -----------    14: &lt;Anonymous&gt;
{shiny}      R  stderr -----------    12: &lt;Anonymous&gt;
{shiny}      R  stderr -----------    11: &lt;Anonymous&gt;
{shiny}      R  stderr -----------    10: base::do.call
{shiny}      R  stderr -----------     9: base::saveRDS
{shiny}      R  stderr -----------     8: base::withCallingHandlers
{shiny}      R  stderr -----------     7: doTryCatch
{shiny}      R  stderr -----------     6: tryCatchOne
{shiny}      R  stderr -----------     5: tryCatchList
{shiny}      R  stderr -----------     2: tryCatchList
{shiny}      R  stderr -----------     1: base::tryCatch
{shiny}      R  stderr ----------- Warning: Error in &lt;Anonymous&gt;: error in evaluating the argument 'code' in selecting a method for function 'eval_code': Assertion on 'subset' failed: Must be a subset of {'','USUBJID','STUDYID','CMCLAS','CMDECOD','ATIREL','CMCAT','COUNTRY','SITEID','SUBJID','AGE','SEX','ARMCD','ARM','ACTARMCD','ACTARM','RACE','TRTSDTM','TRTEDTM','EOSDY','EOSDT','STRATA1','STRATA2','BMRKR1','BMRKR2','REGION1','SAFFL','EOSSTT','EOTSTT','DCSREAS','DTHDT','ASTDTM','ASTDY','AENDTM','AENDY','CMSEQ','ATC1','ATC2','ATC3','ATC4','CMINDC','CMDOSE','CMTRT','CMDOSU','CMROUTE','CMDOSFRQ','CMASTDTM','CMAENDTM','ATIREL2','CMDECOD2','CMINDC2','CMDOSE2','CMDOSU2','CMROUTE2','CMDOSFRQ2','ASTDY2','AENDY2'}, but has additional elements {'CMTRT2'}.
{shiny}      R  stderr -----------   14: &lt;Anonymous&gt;
{shiny}      R  stderr -----------   12: &lt;Anonymous&gt;
{shiny}      R  stderr -----------   11: &lt;Anonymous&gt;
{shiny}      R  stderr -----------   10: base::do.call
{shiny}      R  stderr -----------    9: base::saveRDS
{shiny}      R  stderr -----------    8: base::withCallingHandlers
{shiny}      R  stderr -----------    7: doTryCatch
{shiny}      R  stderr -----------    6: tryCatchOne
{shiny}      R  stderr -----------    5: tryCatchList
{shiny}      R  stderr -----------    2: tryCatchList
{shiny}      R  stderr -----------    1: base::tryCatch


Caused by error in `app_initialize_()`:
! Shiny app did not become stable in 1e+05ms.
Message: An error occurred while waiting for Shiny to be stable
Caused by error in `app_wait_for_idle()`:
! An error occurred while waiting for Shiny to be stable
Backtrace:
     x
  1. +-teal.modules.clinical (local) app_driver_tm_g_pp_therapy() at test-shinytest2-tm_g_pp_therapy.R:162:9
  2. | \-teal.modules.clinical:::init_teal_app_driver(...) at test-shinytest2-tm_g_pp_therapy.R:31:3
  3. |   +-testthat::with_mocked_bindings(...) at tests/testthat/helper-TealAppDriver.R:7:3
  4. |   \-TealAppDriver$new(...) at tests/testthat/helper-TealAppDriver.R:10:7
  5. |     \-teal (local) initialize(...)
  6. |       +-base::suppressWarnings(...)
  7. |       | \-base::withCallingHandlers(...)
  8. |       \-super$initialize(...)
  9. |         \-shinytest2:::app_initialize(...)
 10. |           +-base::withCallingHandlers(...)
 11. |           \-shinytest2:::app_initialize_(self, private, ..., view = view)
 12. |             +-base::withCallingHandlers(...)
 13. |             \-self$wait_for_idle(duration = 200, timeout = private$load_timeout)
 14. |               \-shinytest2:::app_wait_for_idle(...)
 15. |                 \-shinytest2:::app_abort(self, private, "An error occurred while waiting for Shiny to be stable")
 16. |                   \-rlang::abort(..., app = self, call = call)
 17. |                     \-rlang:::signal_abort(cnd, .file)
 18. |                       \-base::signalCondition(cnd)
 19. +-shinytest2 (local) `&lt;fn&gt;`(`&lt;rlng_rrr&gt;`)
 20. | \-shinytest2:::app_abort(...)
 21. |   \-rlang::abort(..., app = self, call = call)
 22. |     \-rlang:::signal_abort(cnd, .file)
 23. |       \-base::signalCondition(cnd)
 24. \-shinytest2 (local) `&lt;fn&gt;`(`&lt;rlng_rrr&gt;`)
 25.   \-shinytest2:::app_abort(...)
 26.     \-rlang::abort(..., app = self, call = call)</error>
    </testcase>
    <testcase time="103.201" classname="shinytest2_tm_g_pp_therapy" name="e2e_tm_g_pp_therapy_Deselection_of_cmdose_dataset_ADCM_singleextract_select_throws_validation_error.">
      <error type="error" message="Error in `app_initialize(self, private, app_dir = app_dir, ..., load_timeout = load_timeout,  ('test-shinytest2-tm_g_pp_therapy.R:189:5')">Error in `app_initialize(self, private, app_dir = app_dir, ..., load_timeout = load_timeout, 
    timeout = timeout, wait = wait, expect_values_screenshot_args = expect_values_screenshot_args, 
    screenshot_args = screenshot_args, check_names = check_names, 
    name = name, variant = variant, view = view, height = height, 
    width = width, seed = seed, clean_logs = clean_logs, shiny_args = shiny_args, 
    render_args = render_args, options = options)`: Shiny app did not become stable in 1e+05ms.
Message: An error occurred while waiting for Shiny to be stable
Caused by error in `app_wait_for_idle()`:
! An error occurred while waiting for Shiny to be stable


i You can inspect the failed AppDriver object via `rlang::last_error()$app`
i AppDriver logs:
{shinytest2} R  info   19:40:13.75 Start AppDriver initialization
{shinytest2} R  info   19:40:13.78 Starting Shiny app
{shinytest2} R  info   19:40:16.01 Creating new ChromoteSession
{shinytest2} R  info   19:40:16.04 Navigating to Shiny app
{shinytest2} R  info   19:40:16.14 Injecting shiny-tracer.js
{chromote}   JS info   19:40:16.15 shinytest2; jQuery not found
{chromote}   JS info   19:40:16.15 shinytest2; Loaded
{shinytest2} R  info   19:40:16.16 Waiting for Shiny to become ready
{chromote}   JS info   19:40:16.25 shinytest2; jQuery found
{chromote}   JS info   19:40:16.25 shinytest2; Waiting for shiny session to connect
{chromote}   JS info   19:40:16.39 shinytest2; Connected
{chromote}   JS info   19:40:16.43 shinytest2; shiny:busy
{shinytest2} R  info   19:40:16.48 Waiting for Shiny to become idle for 200ms within 1e+05ms
{chromote}   JS info   19:40:16.48 shinytest2; Waiting for Shiny to be stable
{chromote}   JS info   19:40:17.76 shinytest2; shiny:idle
{chromote}   JS info   19:40:17.77 shinytest2; shiny:value teal-identifier
{chromote}   JS info   19:40:17.77 shinytest2; shiny:value error
{chromote}   JS info   19:40:17.77 shinytest2; shiny:busy
{chromote}   JS info   19:40:17.77 shinytest2; shiny:idle
{chromote}   JS info   19:40:17.80 shinytest2; shiny:busy
{shinytest2} R  info   19:41:56.49 Error while initializing AppDriver:
                                   Shiny app did not become stable in 1e+05ms.
                                   Message: An error occurred while waiting for Shiny to be stable
                                   Caused by error in `app_wait_for_idle()`:
                                   ! An error occurred while waiting for Shiny to be stable
{shiny}      R  stderr ----------- Loading required package: shiny
{shiny}      R  stderr ----------- Attempting to load the environment ‘package:dplyr’
{shiny}      R  stderr ----------- 
{shiny}      R  stderr ----------- Attaching package: ‘dplyr’
{shiny}      R  stderr ----------- 
{shiny}      R  stderr ----------- The following objects are masked from ‘package:stats’:
{shiny}      R  stderr ----------- 
{shiny}      R  stderr -----------     filter, lag
{shiny}      R  stderr ----------- 
{shiny}      R  stderr ----------- The following objects are masked from ‘package:base’:
{shiny}      R  stderr ----------- 
{shiny}      R  stderr -----------     intersect, setdiff, setequal, union
{shiny}      R  stderr ----------- 
{shiny}      R  stderr ----------- Loading required package: teal
{shiny}      R  stderr ----------- Loading required package: teal.data
{shiny}      R  stderr ----------- Loading required package: teal.code
{shiny}      R  stderr ----------- Loading required package: teal.slice
{shiny}      R  stderr ----------- 
{shiny}      R  stderr ----------- You are using teal version 0.15.2.9032
{shiny}      R  stderr ----------- 
{shiny}      R  stderr ----------- Attaching package: ‘teal’
{shiny}      R  stderr ----------- 
{shiny}      R  stderr ----------- The following objects are masked from ‘package:teal.slice’:
{shiny}      R  stderr ----------- 
{shiny}      R  stderr -----------     as.teal_slices, teal_slices
{shiny}      R  stderr ----------- 
{shiny}      R  stderr ----------- Loading required package: teal.transform
{shiny}      R  stderr ----------- Loading required package: tern
{shiny}      R  stderr ----------- Loading required package: rtables
{shiny}      R  stderr ----------- Loading required package: formatters
{shiny}      R  stderr ----------- Loading required package: magrittr
{shiny}      R  stderr ----------- 
{shiny}      R  stderr ----------- Attaching package: ‘rtables’
{shiny}      R  stderr ----------- 
{shiny}      R  stderr ----------- The following object is masked from ‘package:utils’:
{shiny}      R  stderr ----------- 
{shiny}      R  stderr -----------     str
{shiny}      R  stderr ----------- 
{shiny}      R  stderr ----------- Running application in test mode.
{shiny}      R  stderr ----------- 
{shiny}      R  stderr ----------- Listening on http://127.0.0.1:3872
{shiny}      R  stderr ----------- Initializing reporter_previewer_module
{shiny}      R  stderr ----------- Warning: Error in &lt;Anonymous&gt;: error in evaluating the argument 'code' in selecting a method for function 'eval_code': Assertion on 'subset' failed: Must be a subset of {'','USUBJID','STUDYID','CMCLAS','CMDECOD','ATIREL','CMCAT','COUNTRY','SITEID','SUBJID','AGE','SEX','ARMCD','ARM','ACTARMCD','ACTARM','RACE','TRTSDTM','TRTEDTM','EOSDY','EOSDT','STRATA1','STRATA2','BMRKR1','BMRKR2','REGION1','SAFFL','EOSSTT','EOTSTT','DCSREAS','DTHDT','ASTDTM','ASTDY','AENDTM','AENDY','CMSEQ','ATC1','ATC2','ATC3','ATC4','CMINDC','CMDOSE','CMTRT','CMDOSU','CMROUTE','CMDOSFRQ','CMASTDTM','CMAENDTM','ATIREL2','CMDECOD2','CMINDC2','CMDOSE2','CMDOSU2','CMROUTE2','CMDOSFRQ2','ASTDY2','AENDY2'}, but has additional elements {'CMTRT2'}.
{shiny}      R  stderr -----------   241: &lt;Anonymous&gt;
{shiny}      R  stderr -----------   240: stop
{shiny}      R  stderr -----------   239: mstop
{shiny}      R  stderr -----------   238: makeAssertion
{shiny}      R  stderr -----------   237: checkmate::assert_subset
{shiny}      R  stderr -----------   236: variable_choices.data.frame
{shiny}      R  stderr -----------   233: resolve.delayed_variable_choices
{shiny}      R  stderr -----------   231: resolve.delayed_select_spec
{shiny}      R  stderr -----------   229: resolve.delayed_data_extract_spec
{shiny}      R  stderr -----------   227: resolve_delayed.list
{shiny}      R  stderr -----------   213: module
{shiny}      R  stderr -----------   208: callModule
{shiny}      R  stderr -----------   207: moduleServer
{shiny}      R  stderr -----------   206: data_extract_single_srv
{shiny}      R  stderr -----------   205: FUN
{shiny}      R  stderr -----------   204: lapply
{shiny}      R  stderr -----------   203: module
{shiny}      R  stderr -----------   198: callModule
{shiny}      R  stderr -----------   197: moduleServer
{shiny}      R  stderr -----------   196: data_extract_srv.list
{shiny}      R  stderr -----------   194: FUN
{shiny}      R  stderr -----------   193: lapply
{shiny}      R  stderr -----------   192: sapply
{shiny}      R  stderr -----------   191: &lt;reactive&gt;
{shiny}      R  stderr -----------   175: selector_list
{shiny}      R  stderr -----------   170: &lt;reactive&gt;
{shiny}      R  stderr -----------   154: anl_inputs
{shiny}      R  stderr -----------   153: as.expression
{shiny}      R  stderr -----------   152: teal.code::eval_code
{shiny}      R  stderr -----------   151: %&gt;%
{shiny}      R  stderr -----------   150: &lt;reactive&gt;
{shiny}      R  stderr -----------   134: merged$anl_q
{shiny}      R  stderr -----------   128: &lt;reactive&gt;
{shiny}      R  stderr -----------   112: all_q
{shiny}      R  stderr -----------   110: renderText
{shiny}      R  stderr -----------   109: func
{shiny}      R  stderr -----------    96: renderFunc
{shiny}      R  stderr -----------    95: output$teal-main_ui-root-therapy__e2e_-module-title
{shiny}      R  stderr -----------    14: &lt;Anonymous&gt;
{shiny}      R  stderr -----------    12: &lt;Anonymous&gt;
{shiny}      R  stderr -----------    11: &lt;Anonymous&gt;
{shiny}      R  stderr -----------    10: base::do.call
{shiny}      R  stderr -----------     9: base::saveRDS
{shiny}      R  stderr -----------     8: base::withCallingHandlers
{shiny}      R  stderr -----------     7: doTryCatch
{shiny}      R  stderr -----------     6: tryCatchOne
{shiny}      R  stderr -----------     5: tryCatchList
{shiny}      R  stderr -----------     2: tryCatchList
{shiny}      R  stderr -----------     1: base::tryCatch
{shiny}      R  stderr ----------- Warning: Error in &lt;Anonymous&gt;: error in evaluating the argument 'code' in selecting a method for function 'eval_code': Assertion on 'subset' failed: Must be a subset of {'','USUBJID','STUDYID','CMCLAS','CMDECOD','ATIREL','CMCAT','COUNTRY','SITEID','SUBJID','AGE','SEX','ARMCD','ARM','ACTARMCD','ACTARM','RACE','TRTSDTM','TRTEDTM','EOSDY','EOSDT','STRATA1','STRATA2','BMRKR1','BMRKR2','REGION1','SAFFL','EOSSTT','EOTSTT','DCSREAS','DTHDT','ASTDTM','ASTDY','AENDTM','AENDY','CMSEQ','ATC1','ATC2','ATC3','ATC4','CMINDC','CMDOSE','CMTRT','CMDOSU','CMROUTE','CMDOSFRQ','CMASTDTM','CMAENDTM','ATIREL2','CMDECOD2','CMINDC2','CMDOSE2','CMDOSU2','CMROUTE2','CMDOSFRQ2','ASTDY2','AENDY2'}, but has additional elements {'CMTRT2'}.
{shiny}      R  stderr -----------   122: &lt;Anonymous&gt;
{shiny}      R  stderr -----------   121: stop
{shiny}      R  stderr -----------   120: all_q
{shiny}      R  stderr -----------   117: exprFunc
{shiny}      R  stderr -----------   116: widgetFunc
{shiny}      R  stderr -----------   115: ::
{shiny}      R  stderr ----------- htmlwidgets
{shiny}      R  stderr ----------- shinyRenderWidget
{shiny}      R  stderr -----------   114: func
{shiny}      R  stderr -----------   101: renderFunc
{shiny}      R  stderr -----------   100: renderFunc
{shiny}      R  stderr -----------    96: renderFunc
{shiny}      R  stderr -----------    95: output$teal-main_ui-root-therapy__e2e_-module-therapy_table
{shiny}      R  stderr -----------    14: &lt;Anonymous&gt;
{shiny}      R  stderr -----------    12: &lt;Anonymous&gt;
{shiny}      R  stderr -----------    11: &lt;Anonymous&gt;
{shiny}      R  stderr -----------    10: base::do.call
{shiny}      R  stderr -----------     9: base::saveRDS
{shiny}      R  stderr -----------     8: base::withCallingHandlers
{shiny}      R  stderr -----------     7: doTryCatch
{shiny}      R  stderr -----------     6: tryCatchOne
{shiny}      R  stderr -----------     5: tryCatchList
{shiny}      R  stderr -----------     2: tryCatchList
{shiny}      R  stderr -----------     1: base::tryCatch
{shiny}      R  stderr ----------- Warning: Error in variable_choices.data.frame: Assertion on 'subset' failed: Must be a subset of {'','USUBJID','STUDYID','CMCLAS','CMDECOD','ATIREL','CMCAT','COUNTRY','SITEID','SUBJID','AGE','SEX','ARMCD','ARM','ACTARMCD','ACTARM','RACE','TRTSDTM','TRTEDTM','EOSDY','EOSDT','STRATA1','STRATA2','BMRKR1','BMRKR2','REGION1','SAFFL','EOSSTT','EOTSTT','DCSREAS','DTHDT','ASTDTM','ASTDY','AENDTM','AENDY','CMSEQ','ATC1','ATC2','ATC3','ATC4','CMINDC','CMDOSE','CMTRT','CMDOSU','CMROUTE','CMDOSFRQ','CMASTDTM','CMAENDTM','ATIREL2','CMDECOD2','CMINDC2','CMDOSE2','CMDOSU2','CMROUTE2','CMDOSFRQ2','ASTDY2','AENDY2'}, but has additional elements {'CMTRT2'}.
{shiny}      R  stderr -----------   162: &lt;Anonymous&gt;
{shiny}      R  stderr -----------   161: stop
{shiny}      R  stderr -----------   160: selector_list
{shiny}      R  stderr -----------   159: teal.transform::compose_and_enable_validators
{shiny}      R  stderr -----------   158: &lt;reactive&gt;
{shiny}      R  stderr -----------   142: iv_r
{shiny}      R  stderr -----------   135: &lt;reactive&gt;
{shiny}      R  stderr -----------   119: plot_r
{shiny}      R  stderr -----------   110: renderUI
{shiny}      R  stderr -----------   109: func
{shiny}      R  stderr -----------    96: renderFunc
{shiny}      R  stderr -----------    95: output$teal-main_ui-root-therapy__e2e_-module-therapy_plot-plot_out_main
{shiny}      R  stderr -----------    14: &lt;Anonymous&gt;
{shiny}      R  stderr -----------    12: &lt;Anonymous&gt;
{shiny}      R  stderr -----------    11: &lt;Anonymous&gt;
{shiny}      R  stderr -----------    10: base::do.call
{shiny}      R  stderr -----------     9: base::saveRDS
{shiny}      R  stderr -----------     8: base::withCallingHandlers
{shiny}      R  stderr -----------     7: doTryCatch
{shiny}      R  stderr -----------     6: tryCatchOne
{shiny}      R  stderr -----------     5: tryCatchList
{shiny}      R  stderr -----------     2: tryCatchList
{shiny}      R  stderr -----------     1: base::tryCatch
{shiny}      R  stderr ----------- Warning: Error in &lt;Anonymous&gt;: error in evaluating the argument 'code' in selecting a method for function 'eval_code': Assertion on 'subset' failed: Must be a subset of {'','USUBJID','STUDYID','CMCLAS','CMDECOD','ATIREL','CMCAT','COUNTRY','SITEID','SUBJID','AGE','SEX','ARMCD','ARM','ACTARMCD','ACTARM','RACE','TRTSDTM','TRTEDTM','EOSDY','EOSDT','STRATA1','STRATA2','BMRKR1','BMRKR2','REGION1','SAFFL','EOSSTT','EOTSTT','DCSREAS','DTHDT','ASTDTM','ASTDY','AENDTM','AENDY','CMSEQ','ATC1','ATC2','ATC3','ATC4','CMINDC','CMDOSE','CMTRT','CMDOSU','CMROUTE','CMDOSFRQ','CMASTDTM','CMAENDTM','ATIREL2','CMDECOD2','CMINDC2','CMDOSE2','CMDOSU2','CMROUTE2','CMDOSFRQ2','ASTDY2','AENDY2'}, but has additional elements {'CMTRT2'}.
{shiny}      R  stderr -----------   14: &lt;Anonymous&gt;
{shiny}      R  stderr -----------   12: &lt;Anonymous&gt;
{shiny}      R  stderr -----------   11: &lt;Anonymous&gt;
{shiny}      R  stderr -----------   10: base::do.call
{shiny}      R  stderr -----------    9: base::saveRDS
{shiny}      R  stderr -----------    8: base::withCallingHandlers
{shiny}      R  stderr -----------    7: doTryCatch
{shiny}      R  stderr -----------    6: tryCatchOne
{shiny}      R  stderr -----------    5: tryCatchList
{shiny}      R  stderr -----------    2: tryCatchList
{shiny}      R  stderr -----------    1: base::tryCatch


Caused by error in `app_initialize_()`:
! Shiny app did not become stable in 1e+05ms.
Message: An error occurred while waiting for Shiny to be stable
Caused by error in `app_wait_for_idle()`:
! An error occurred while waiting for Shiny to be stable
Backtrace:
     x
  1. +-teal.modules.clinical (local) app_driver_tm_g_pp_therapy() at test-shinytest2-tm_g_pp_therapy.R:189:5
  2. | \-teal.modules.clinical:::init_teal_app_driver(...) at test-shinytest2-tm_g_pp_therapy.R:31:3
  3. |   +-testthat::with_mocked_bindings(...) at tests/testthat/helper-TealAppDriver.R:7:3
  4. |   \-TealAppDriver$new(...) at tests/testthat/helper-TealAppDriver.R:10:7
  5. |     \-teal (local) initialize(...)
  6. |       +-base::suppressWarnings(...)
  7. |       | \-base::withCallingHandlers(...)
  8. |       \-super$initialize(...)
  9. |         \-shinytest2:::app_initialize(...)
 10. |           +-base::withCallingHandlers(...)
 11. |           \-shinytest2:::app_initialize_(self, private, ..., view = view)
 12. |             +-base::withCallingHandlers(...)
 13. |             \-self$wait_for_idle(duration = 200, timeout = private$load_timeout)
 14. |               \-shinytest2:::app_wait_for_idle(...)
 15. |                 \-shinytest2:::app_abort(self, private, "An error occurred while waiting for Shiny to be stable")
 16. |                   \-rlang::abort(..., app = self, call = call)
 17. |                     \-rlang:::signal_abort(cnd, .file)
 18. |                       \-base::signalCondition(cnd)
 19. +-shinytest2 (local) `&lt;fn&gt;`(`&lt;rlng_rrr&gt;`)
 20. | \-shinytest2:::app_abort(...)
 21. |   \-rlang::abort(..., app = self, call = call)
 22. |     \-rlang:::signal_abort(cnd, .file)
 23. |       \-base::signalCondition(cnd)
 24. \-shinytest2 (local) `&lt;fn&gt;`(`&lt;rlng_rrr&gt;`)
 25.   \-shinytest2:::app_abort(...)
 26.     \-rlang::abort(..., app = self, call = call)</error>
    </testcase>
    <testcase time="103.242" classname="shinytest2_tm_g_pp_therapy" name="e2e_tm_g_pp_therapy_Selection_of_cmdosu_changes_the_element_and_does_not_throw_validation_errors">
      <error type="error" message="Error in `app_initialize(self, private, app_dir = app_dir, ..., load_timeout = load_timeout,  ('test-shinytest2-tm_g_pp_therapy.R:162:9')">Error in `app_initialize(self, private, app_dir = app_dir, ..., load_timeout = load_timeout, 
    timeout = timeout, wait = wait, expect_values_screenshot_args = expect_values_screenshot_args, 
    screenshot_args = screenshot_args, check_names = check_names, 
    name = name, variant = variant, view = view, height = height, 
    width = width, seed = seed, clean_logs = clean_logs, shiny_args = shiny_args, 
    render_args = render_args, options = options)`: Shiny app did not become stable in 1e+05ms.
Message: An error occurred while waiting for Shiny to be stable
Caused by error in `app_wait_for_idle()`:
! An error occurred while waiting for Shiny to be stable


i You can inspect the failed AppDriver object via `rlang::last_error()$app`
i AppDriver logs:
{shinytest2} R  info   19:41:56.96 Start AppDriver initialization
{shinytest2} R  info   19:41:56.99 Starting Shiny app
{shinytest2} R  info   19:41:59.21 Creating new ChromoteSession
{shinytest2} R  info   19:41:59.24 Navigating to Shiny app
{shinytest2} R  info   19:41:59.38 Injecting shiny-tracer.js
{chromote}   JS info   19:41:59.39 shinytest2; jQuery not found
{chromote}   JS info   19:41:59.39 shinytest2; Loaded
{shinytest2} R  info   19:41:59.40 Waiting for Shiny to become ready
{chromote}   JS info   19:41:59.44 shinytest2; jQuery found
{chromote}   JS info   19:41:59.44 shinytest2; Waiting for shiny session to connect
{chromote}   JS info   19:41:59.65 shinytest2; Connected
{chromote}   JS info   19:41:59.69 shinytest2; shiny:busy
{shinytest2} R  info   19:41:59.73 Waiting for Shiny to become idle for 200ms within 1e+05ms
{chromote}   JS info   19:41:59.73 shinytest2; Waiting for Shiny to be stable
{chromote}   JS info   19:42:00.99 shinytest2; shiny:idle
{chromote}   JS info   19:42:00.99 shinytest2; shiny:value teal-identifier
{chromote}   JS info   19:42:01.00 shinytest2; shiny:value error
{chromote}   JS info   19:42:01.00 shinytest2; shiny:busy
{chromote}   JS info   19:42:01.00 shinytest2; shiny:idle
{chromote}   JS info   19:42:01.03 shinytest2; shiny:busy
{shinytest2} R  info   19:43:39.74 Error while initializing AppDriver:
                                   Shiny app did not become stable in 1e+05ms.
                                   Message: An error occurred while waiting for Shiny to be stable
                                   Caused by error in `app_wait_for_idle()`:
                                   ! An error occurred while waiting for Shiny to be stable
{shiny}      R  stderr ----------- Loading required package: shiny
{shiny}      R  stderr ----------- Attempting to load the environment ‘package:dplyr’
{shiny}      R  stderr ----------- 
{shiny}      R  stderr ----------- Attaching package: ‘dplyr’
{shiny}      R  stderr ----------- 
{shiny}      R  stderr ----------- The following objects are masked from ‘package:stats’:
{shiny}      R  stderr ----------- 
{shiny}      R  stderr -----------     filter, lag
{shiny}      R  stderr ----------- 
{shiny}      R  stderr ----------- The following objects are masked from ‘package:base’:
{shiny}      R  stderr ----------- 
{shiny}      R  stderr -----------     intersect, setdiff, setequal, union
{shiny}      R  stderr ----------- 
{shiny}      R  stderr ----------- Loading required package: teal
{shiny}      R  stderr ----------- Loading required package: teal.data
{shiny}      R  stderr ----------- Loading required package: teal.code
{shiny}      R  stderr ----------- Loading required package: teal.slice
{shiny}      R  stderr ----------- 
{shiny}      R  stderr ----------- You are using teal version 0.15.2.9032
{shiny}      R  stderr ----------- 
{shiny}      R  stderr ----------- Attaching package: ‘teal’
{shiny}      R  stderr ----------- 
{shiny}      R  stderr ----------- The following objects are masked from ‘package:teal.slice’:
{shiny}      R  stderr ----------- 
{shiny}      R  stderr -----------     as.teal_slices, teal_slices
{shiny}      R  stderr ----------- 
{shiny}      R  stderr ----------- Loading required package: teal.transform
{shiny}      R  stderr ----------- Loading required package: tern
{shiny}      R  stderr ----------- Loading required package: rtables
{shiny}      R  stderr ----------- Loading required package: formatters
{shiny}      R  stderr ----------- Loading required package: magrittr
{shiny}      R  stderr ----------- 
{shiny}      R  stderr ----------- Attaching package: ‘rtables’
{shiny}      R  stderr ----------- 
{shiny}      R  stderr ----------- The following object is masked from ‘package:utils’:
{shiny}      R  stderr ----------- 
{shiny}      R  stderr -----------     str
{shiny}      R  stderr ----------- 
{shiny}      R  stderr ----------- Running application in test mode.
{shiny}      R  stderr ----------- 
{shiny}      R  stderr ----------- Listening on http://127.0.0.1:5998
{shiny}      R  stderr ----------- Initializing reporter_previewer_module
{shiny}      R  stderr ----------- Warning: Error in &lt;Anonymous&gt;: error in evaluating the argument 'code' in selecting a method for function 'eval_code': Assertion on 'subset' failed: Must be a subset of {'','USUBJID','STUDYID','CMCLAS','CMDECOD','ATIREL','CMCAT','COUNTRY','SITEID','SUBJID','AGE','SEX','ARMCD','ARM','ACTARMCD','ACTARM','RACE','TRTSDTM','TRTEDTM','EOSDY','EOSDT','STRATA1','STRATA2','BMRKR1','BMRKR2','REGION1','SAFFL','EOSSTT','EOTSTT','DCSREAS','DTHDT','ASTDTM','ASTDY','AENDTM','AENDY','CMSEQ','ATC1','ATC2','ATC3','ATC4','CMINDC','CMDOSE','CMTRT','CMDOSU','CMROUTE','CMDOSFRQ','CMASTDTM','CMAENDTM','ATIREL2','CMDECOD2','CMINDC2','CMDOSE2','CMDOSU2','CMROUTE2','CMDOSFRQ2','ASTDY2','AENDY2'}, but has additional elements {'CMTRT2'}.
{shiny}      R  stderr -----------   241: &lt;Anonymous&gt;
{shiny}      R  stderr -----------   240: stop
{shiny}      R  stderr -----------   239: mstop
{shiny}      R  stderr -----------   238: makeAssertion
{shiny}      R  stderr -----------   237: checkmate::assert_subset
{shiny}      R  stderr -----------   236: variable_choices.data.frame
{shiny}      R  stderr -----------   233: resolve.delayed_variable_choices
{shiny}      R  stderr -----------   231: resolve.delayed_select_spec
{shiny}      R  stderr -----------   229: resolve.delayed_data_extract_spec
{shiny}      R  stderr -----------   227: resolve_delayed.list
{shiny}      R  stderr -----------   213: module
{shiny}      R  stderr -----------   208: callModule
{shiny}      R  stderr -----------   207: moduleServer
{shiny}      R  stderr -----------   206: data_extract_single_srv
{shiny}      R  stderr -----------   205: FUN
{shiny}      R  stderr -----------   204: lapply
{shiny}      R  stderr -----------   203: module
{shiny}      R  stderr -----------   198: callModule
{shiny}      R  stderr -----------   197: moduleServer
{shiny}      R  stderr -----------   196: data_extract_srv.list
{shiny}      R  stderr -----------   194: FUN
{shiny}      R  stderr -----------   193: lapply
{shiny}      R  stderr -----------   192: sapply
{shiny}      R  stderr -----------   191: &lt;reactive&gt;
{shiny}      R  stderr -----------   175: selector_list
{shiny}      R  stderr -----------   170: &lt;reactive&gt;
{shiny}      R  stderr -----------   154: anl_inputs
{shiny}      R  stderr -----------   153: as.expression
{shiny}      R  stderr -----------   152: teal.code::eval_code
{shiny}      R  stderr -----------   151: %&gt;%
{shiny}      R  stderr -----------   150: &lt;reactive&gt;
{shiny}      R  stderr -----------   134: merged$anl_q
{shiny}      R  stderr -----------   128: &lt;reactive&gt;
{shiny}      R  stderr -----------   112: all_q
{shiny}      R  stderr -----------   110: renderText
{shiny}      R  stderr -----------   109: func
{shiny}      R  stderr -----------    96: renderFunc
{shiny}      R  stderr -----------    95: output$teal-main_ui-root-therapy__e2e_-module-title
{shiny}      R  stderr -----------    14: &lt;Anonymous&gt;
{shiny}      R  stderr -----------    12: &lt;Anonymous&gt;
{shiny}      R  stderr -----------    11: &lt;Anonymous&gt;
{shiny}      R  stderr -----------    10: base::do.call
{shiny}      R  stderr -----------     9: base::saveRDS
{shiny}      R  stderr -----------     8: base::withCallingHandlers
{shiny}      R  stderr -----------     7: doTryCatch
{shiny}      R  stderr -----------     6: tryCatchOne
{shiny}      R  stderr -----------     5: tryCatchList
{shiny}      R  stderr -----------     2: tryCatchList
{shiny}      R  stderr -----------     1: base::tryCatch
{shiny}      R  stderr ----------- Warning: Error in &lt;Anonymous&gt;: error in evaluating the argument 'code' in selecting a method for function 'eval_code': Assertion on 'subset' failed: Must be a subset of {'','USUBJID','STUDYID','CMCLAS','CMDECOD','ATIREL','CMCAT','COUNTRY','SITEID','SUBJID','AGE','SEX','ARMCD','ARM','ACTARMCD','ACTARM','RACE','TRTSDTM','TRTEDTM','EOSDY','EOSDT','STRATA1','STRATA2','BMRKR1','BMRKR2','REGION1','SAFFL','EOSSTT','EOTSTT','DCSREAS','DTHDT','ASTDTM','ASTDY','AENDTM','AENDY','CMSEQ','ATC1','ATC2','ATC3','ATC4','CMINDC','CMDOSE','CMTRT','CMDOSU','CMROUTE','CMDOSFRQ','CMASTDTM','CMAENDTM','ATIREL2','CMDECOD2','CMINDC2','CMDOSE2','CMDOSU2','CMROUTE2','CMDOSFRQ2','ASTDY2','AENDY2'}, but has additional elements {'CMTRT2'}.
{shiny}      R  stderr -----------   122: &lt;Anonymous&gt;
{shiny}      R  stderr -----------   121: stop
{shiny}      R  stderr -----------   120: all_q
{shiny}      R  stderr -----------   117: exprFunc
{shiny}      R  stderr -----------   116: widgetFunc
{shiny}      R  stderr -----------   115: ::
{shiny}      R  stderr ----------- htmlwidgets
{shiny}      R  stderr ----------- shinyRenderWidget
{shiny}      R  stderr -----------   114: func
{shiny}      R  stderr -----------   101: renderFunc
{shiny}      R  stderr -----------   100: renderFunc
{shiny}      R  stderr -----------    96: renderFunc
{shiny}      R  stderr -----------    95: output$teal-main_ui-root-therapy__e2e_-module-therapy_table
{shiny}      R  stderr -----------    14: &lt;Anonymous&gt;
{shiny}      R  stderr -----------    12: &lt;Anonymous&gt;
{shiny}      R  stderr -----------    11: &lt;Anonymous&gt;
{shiny}      R  stderr -----------    10: base::do.call
{shiny}      R  stderr -----------     9: base::saveRDS
{shiny}      R  stderr -----------     8: base::withCallingHandlers
{shiny}      R  stderr -----------     7: doTryCatch
{shiny}      R  stderr -----------     6: tryCatchOne
{shiny}      R  stderr -----------     5: tryCatchList
{shiny}      R  stderr -----------     2: tryCatchList
{shiny}      R  stderr -----------     1: base::tryCatch
{shiny}      R  stderr ----------- Warning: Error in variable_choices.data.frame: Assertion on 'subset' failed: Must be a subset of {'','USUBJID','STUDYID','CMCLAS','CMDECOD','ATIREL','CMCAT','COUNTRY','SITEID','SUBJID','AGE','SEX','ARMCD','ARM','ACTARMCD','ACTARM','RACE','TRTSDTM','TRTEDTM','EOSDY','EOSDT','STRATA1','STRATA2','BMRKR1','BMRKR2','REGION1','SAFFL','EOSSTT','EOTSTT','DCSREAS','DTHDT','ASTDTM','ASTDY','AENDTM','AENDY','CMSEQ','ATC1','ATC2','ATC3','ATC4','CMINDC','CMDOSE','CMTRT','CMDOSU','CMROUTE','CMDOSFRQ','CMASTDTM','CMAENDTM','ATIREL2','CMDECOD2','CMINDC2','CMDOSE2','CMDOSU2','CMROUTE2','CMDOSFRQ2','ASTDY2','AENDY2'}, but has additional elements {'CMTRT2'}.
{shiny}      R  stderr -----------   162: &lt;Anonymous&gt;
{shiny}      R  stderr -----------   161: stop
{shiny}      R  stderr -----------   160: selector_list
{shiny}      R  stderr -----------   159: teal.transform::compose_and_enable_validators
{shiny}      R  stderr -----------   158: &lt;reactive&gt;
{shiny}      R  stderr -----------   142: iv_r
{shiny}      R  stderr -----------   135: &lt;reactive&gt;
{shiny}      R  stderr -----------   119: plot_r
{shiny}      R  stderr -----------   110: renderUI
{shiny}      R  stderr -----------   109: func
{shiny}      R  stderr -----------    96: renderFunc
{shiny}      R  stderr -----------    95: output$teal-main_ui-root-therapy__e2e_-module-therapy_plot-plot_out_main
{shiny}      R  stderr -----------    14: &lt;Anonymous&gt;
{shiny}      R  stderr -----------    12: &lt;Anonymous&gt;
{shiny}      R  stderr -----------    11: &lt;Anonymous&gt;
{shiny}      R  stderr -----------    10: base::do.call
{shiny}      R  stderr -----------     9: base::saveRDS
{shiny}      R  stderr -----------     8: base::withCallingHandlers
{shiny}      R  stderr -----------     7: doTryCatch
{shiny}      R  stderr -----------     6: tryCatchOne
{shiny}      R  stderr -----------     5: tryCatchList
{shiny}      R  stderr -----------     2: tryCatchList
{shiny}      R  stderr -----------     1: base::tryCatch
{shiny}      R  stderr ----------- Warning: Error in &lt;Anonymous&gt;: error in evaluating the argument 'code' in selecting a method for function 'eval_code': Assertion on 'subset' failed: Must be a subset of {'','USUBJID','STUDYID','CMCLAS','CMDECOD','ATIREL','CMCAT','COUNTRY','SITEID','SUBJID','AGE','SEX','ARMCD','ARM','ACTARMCD','ACTARM','RACE','TRTSDTM','TRTEDTM','EOSDY','EOSDT','STRATA1','STRATA2','BMRKR1','BMRKR2','REGION1','SAFFL','EOSSTT','EOTSTT','DCSREAS','DTHDT','ASTDTM','ASTDY','AENDTM','AENDY','CMSEQ','ATC1','ATC2','ATC3','ATC4','CMINDC','CMDOSE','CMTRT','CMDOSU','CMROUTE','CMDOSFRQ','CMASTDTM','CMAENDTM','ATIREL2','CMDECOD2','CMINDC2','CMDOSE2','CMDOSU2','CMROUTE2','CMDOSFRQ2','ASTDY2','AENDY2'}, but has additional elements {'CMTRT2'}.
{shiny}      R  stderr -----------   14: &lt;Anonymous&gt;
{shiny}      R  stderr -----------   12: &lt;Anonymous&gt;
{shiny}      R  stderr -----------   11: &lt;Anonymous&gt;
{shiny}      R  stderr -----------   10: base::do.call
{shiny}      R  stderr -----------    9: base::saveRDS
{shiny}      R  stderr -----------    8: base::withCallingHandlers
{shiny}      R  stderr -----------    7: doTryCatch
{shiny}      R  stderr -----------    6: tryCatchOne
{shiny}      R  stderr -----------    5: tryCatchList
{shiny}      R  stderr -----------    2: tryCatchList
{shiny}      R  stderr -----------    1: base::tryCatch


Caused by error in `app_initialize_()`:
! Shiny app did not become stable in 1e+05ms.
Message: An error occurred while waiting for Shiny to be stable
Caused by error in `app_wait_for_idle()`:
! An error occurred while waiting for Shiny to be stable
Backtrace:
     x
  1. +-teal.modules.clinical (local) app_driver_tm_g_pp_therapy() at test-shinytest2-tm_g_pp_therapy.R:162:9
  2. | \-teal.modules.clinical:::init_teal_app_driver(...) at test-shinytest2-tm_g_pp_therapy.R:31:3
  3. |   +-testthat::with_mocked_bindings(...) at tests/testthat/helper-TealAppDriver.R:7:3
  4. |   \-TealAppDriver$new(...) at tests/testthat/helper-TealAppDriver.R:10:7
  5. |     \-teal (local) initialize(...)
  6. |       +-base::suppressWarnings(...)
  7. |       | \-base::withCallingHandlers(...)
  8. |       \-super$initialize(...)
  9. |         \-shinytest2:::app_initialize(...)
 10. |           +-base::withCallingHandlers(...)
 11. |           \-shinytest2:::app_initialize_(self, private, ..., view = view)
 12. |             +-base::withCallingHandlers(...)
 13. |             \-self$wait_for_idle(duration = 200, timeout = private$load_timeout)
 14. |               \-shinytest2:::app_wait_for_idle(...)
 15. |                 \-shinytest2:::app_abort(self, private, "An error occurred while waiting for Shiny to be stable")
 16. |                   \-rlang::abort(..., app = self, call = call)
 17. |                     \-rlang:::signal_abort(cnd, .file)
 18. |                       \-base::signalCondition(cnd)
 19. +-shinytest2 (local) `&lt;fn&gt;`(`&lt;rlng_rrr&gt;`)
 20. | \-shinytest2:::app_abort(...)
 21. |   \-rlang::abort(..., app = self, call = call)
 22. |     \-rlang:::signal_abort(cnd, .file)
 23. |       \-base::signalCondition(cnd)
 24. \-shinytest2 (local) `&lt;fn&gt;`(`&lt;rlng_rrr&gt;`)
 25.   \-shinytest2:::app_abort(...)
 26.     \-rlang::abort(..., app = self, call = call)</error>
    </testcase>
    <testcase time="103.158" classname="shinytest2_tm_g_pp_therapy" name="e2e_tm_g_pp_therapy_Deselection_of_cmdosu_dataset_ADCM_singleextract_select_throws_validation_error.">
      <error type="error" message="Error in `app_initialize(self, private, app_dir = app_dir, ..., load_timeout = load_timeout,  ('test-shinytest2-tm_g_pp_therapy.R:189:5')">Error in `app_initialize(self, private, app_dir = app_dir, ..., load_timeout = load_timeout, 
    timeout = timeout, wait = wait, expect_values_screenshot_args = expect_values_screenshot_args, 
    screenshot_args = screenshot_args, check_names = check_names, 
    name = name, variant = variant, view = view, height = height, 
    width = width, seed = seed, clean_logs = clean_logs, shiny_args = shiny_args, 
    render_args = render_args, options = options)`: Shiny app did not become stable in 1e+05ms.
Message: An error occurred while waiting for Shiny to be stable
Caused by error in `app_wait_for_idle()`:
! An error occurred while waiting for Shiny to be stable


i You can inspect the failed AppDriver object via `rlang::last_error()$app`
i AppDriver logs:
{shinytest2} R  info   19:43:40.18 Start AppDriver initialization
{shinytest2} R  info   19:43:40.21 Starting Shiny app
{shinytest2} R  info   19:43:42.44 Creating new ChromoteSession
{shinytest2} R  info   19:43:42.46 Navigating to Shiny app
{shinytest2} R  info   19:43:42.55 Injecting shiny-tracer.js
{chromote}   JS info   19:43:42.56 shinytest2; jQuery not found
{chromote}   JS info   19:43:42.56 shinytest2; Loaded
{shinytest2} R  info   19:43:42.57 Waiting for Shiny to become ready
{chromote}   JS info   19:43:42.67 shinytest2; jQuery found
{chromote}   JS info   19:43:42.67 shinytest2; Waiting for shiny session to connect
{chromote}   JS info   19:43:42.79 shinytest2; Connected
{chromote}   JS info   19:43:42.84 shinytest2; shiny:busy
{shinytest2} R  info   19:43:42.88 Waiting for Shiny to become idle for 200ms within 1e+05ms
{chromote}   JS info   19:43:42.89 shinytest2; Waiting for Shiny to be stable
{chromote}   JS info   19:43:44.12 shinytest2; shiny:idle
{chromote}   JS info   19:43:44.12 shinytest2; shiny:value teal-identifier
{chromote}   JS info   19:43:44.12 shinytest2; shiny:value error
{chromote}   JS info   19:43:44.13 shinytest2; shiny:busy
{chromote}   JS info   19:43:44.13 shinytest2; shiny:idle
{chromote}   JS info   19:43:44.15 shinytest2; shiny:busy
{shinytest2} R  info   19:45:22.90 Error while initializing AppDriver:
                                   Shiny app did not become stable in 1e+05ms.
                                   Message: An error occurred while waiting for Shiny to be stable
                                   Caused by error in `app_wait_for_idle()`:
                                   ! An error occurred while waiting for Shiny to be stable
{shiny}      R  stderr ----------- Loading required package: shiny
{shiny}      R  stderr ----------- Attempting to load the environment ‘package:dplyr’
{shiny}      R  stderr ----------- 
{shiny}      R  stderr ----------- Attaching package: ‘dplyr’
{shiny}      R  stderr ----------- 
{shiny}      R  stderr ----------- The following objects are masked from ‘package:stats’:
{shiny}      R  stderr ----------- 
{shiny}      R  stderr -----------     filter, lag
{shiny}      R  stderr ----------- 
{shiny}      R  stderr ----------- The following objects are masked from ‘package:base’:
{shiny}      R  stderr ----------- 
{shiny}      R  stderr -----------     intersect, setdiff, setequal, union
{shiny}      R  stderr ----------- 
{shiny}      R  stderr ----------- Loading required package: teal
{shiny}      R  stderr ----------- Loading required package: teal.data
{shiny}      R  stderr ----------- Loading required package: teal.code
{shiny}      R  stderr ----------- Loading required package: teal.slice
{shiny}      R  stderr ----------- 
{shiny}      R  stderr ----------- You are using teal version 0.15.2.9032
{shiny}      R  stderr ----------- 
{shiny}      R  stderr ----------- Attaching package: ‘teal’
{shiny}      R  stderr ----------- 
{shiny}      R  stderr ----------- The following objects are masked from ‘package:teal.slice’:
{shiny}      R  stderr ----------- 
{shiny}      R  stderr -----------     as.teal_slices, teal_slices
{shiny}      R  stderr ----------- 
{shiny}      R  stderr ----------- Loading required package: teal.transform
{shiny}      R  stderr ----------- Loading required package: tern
{shiny}      R  stderr ----------- Loading required package: rtables
{shiny}      R  stderr ----------- Loading required package: formatters
{shiny}      R  stderr ----------- Loading required package: magrittr
{shiny}      R  stderr ----------- 
{shiny}      R  stderr ----------- Attaching package: ‘rtables’
{shiny}      R  stderr ----------- 
{shiny}      R  stderr ----------- The following object is masked from ‘package:utils’:
{shiny}      R  stderr ----------- 
{shiny}      R  stderr -----------     str
{shiny}      R  stderr ----------- 
{shiny}      R  stderr ----------- Running application in test mode.
{shiny}      R  stderr ----------- 
{shiny}      R  stderr ----------- Listening on http://127.0.0.1:4269
{shiny}      R  stderr ----------- Initializing reporter_previewer_module
{shiny}      R  stderr ----------- Warning: Error in &lt;Anonymous&gt;: error in evaluating the argument 'code' in selecting a method for function 'eval_code': Assertion on 'subset' failed: Must be a subset of {'','USUBJID','STUDYID','CMCLAS','CMDECOD','ATIREL','CMCAT','COUNTRY','SITEID','SUBJID','AGE','SEX','ARMCD','ARM','ACTARMCD','ACTARM','RACE','TRTSDTM','TRTEDTM','EOSDY','EOSDT','STRATA1','STRATA2','BMRKR1','BMRKR2','REGION1','SAFFL','EOSSTT','EOTSTT','DCSREAS','DTHDT','ASTDTM','ASTDY','AENDTM','AENDY','CMSEQ','ATC1','ATC2','ATC3','ATC4','CMINDC','CMDOSE','CMTRT','CMDOSU','CMROUTE','CMDOSFRQ','CMASTDTM','CMAENDTM','ATIREL2','CMDECOD2','CMINDC2','CMDOSE2','CMDOSU2','CMROUTE2','CMDOSFRQ2','ASTDY2','AENDY2'}, but has additional elements {'CMTRT2'}.
{shiny}      R  stderr -----------   241: &lt;Anonymous&gt;
{shiny}      R  stderr -----------   240: stop
{shiny}      R  stderr -----------   239: mstop
{shiny}      R  stderr -----------   238: makeAssertion
{shiny}      R  stderr -----------   237: checkmate::assert_subset
{shiny}      R  stderr -----------   236: variable_choices.data.frame
{shiny}      R  stderr -----------   233: resolve.delayed_variable_choices
{shiny}      R  stderr -----------   231: resolve.delayed_select_spec
{shiny}      R  stderr -----------   229: resolve.delayed_data_extract_spec
{shiny}      R  stderr -----------   227: resolve_delayed.list
{shiny}      R  stderr -----------   213: module
{shiny}      R  stderr -----------   208: callModule
{shiny}      R  stderr -----------   207: moduleServer
{shiny}      R  stderr -----------   206: data_extract_single_srv
{shiny}      R  stderr -----------   205: FUN
{shiny}      R  stderr -----------   204: lapply
{shiny}      R  stderr -----------   203: module
{shiny}      R  stderr -----------   198: callModule
{shiny}      R  stderr -----------   197: moduleServer
{shiny}      R  stderr -----------   196: data_extract_srv.list
{shiny}      R  stderr -----------   194: FUN
{shiny}      R  stderr -----------   193: lapply
{shiny}      R  stderr -----------   192: sapply
{shiny}      R  stderr -----------   191: &lt;reactive&gt;
{shiny}      R  stderr -----------   175: selector_list
{shiny}      R  stderr -----------   170: &lt;reactive&gt;
{shiny}      R  stderr -----------   154: anl_inputs
{shiny}      R  stderr -----------   153: as.expression
{shiny}      R  stderr -----------   152: teal.code::eval_code
{shiny}      R  stderr -----------   151: %&gt;%
{shiny}      R  stderr -----------   150: &lt;reactive&gt;
{shiny}      R  stderr -----------   134: merged$anl_q
{shiny}      R  stderr -----------   128: &lt;reactive&gt;
{shiny}      R  stderr -----------   112: all_q
{shiny}      R  stderr -----------   110: renderText
{shiny}      R  stderr -----------   109: func
{shiny}      R  stderr -----------    96: renderFunc
{shiny}      R  stderr -----------    95: output$teal-main_ui-root-therapy__e2e_-module-title
{shiny}      R  stderr -----------    14: &lt;Anonymous&gt;
{shiny}      R  stderr -----------    12: &lt;Anonymous&gt;
{shiny}      R  stderr -----------    11: &lt;Anonymous&gt;
{shiny}      R  stderr -----------    10: base::do.call
{shiny}      R  stderr -----------     9: base::saveRDS
{shiny}      R  stderr -----------     8: base::withCallingHandlers
{shiny}      R  stderr -----------     7: doTryCatch
{shiny}      R  stderr -----------     6: tryCatchOne
{shiny}      R  stderr -----------     5: tryCatchList
{shiny}      R  stderr -----------     2: tryCatchList
{shiny}      R  stderr -----------     1: base::tryCatch
{shiny}      R  stderr ----------- Warning: Error in &lt;Anonymous&gt;: error in evaluating the argument 'code' in selecting a method for function 'eval_code': Assertion on 'subset' failed: Must be a subset of {'','USUBJID','STUDYID','CMCLAS','CMDECOD','ATIREL','CMCAT','COUNTRY','SITEID','SUBJID','AGE','SEX','ARMCD','ARM','ACTARMCD','ACTARM','RACE','TRTSDTM','TRTEDTM','EOSDY','EOSDT','STRATA1','STRATA2','BMRKR1','BMRKR2','REGION1','SAFFL','EOSSTT','EOTSTT','DCSREAS','DTHDT','ASTDTM','ASTDY','AENDTM','AENDY','CMSEQ','ATC1','ATC2','ATC3','ATC4','CMINDC','CMDOSE','CMTRT','CMDOSU','CMROUTE','CMDOSFRQ','CMASTDTM','CMAENDTM','ATIREL2','CMDECOD2','CMINDC2','CMDOSE2','CMDOSU2','CMROUTE2','CMDOSFRQ2','ASTDY2','AENDY2'}, but has additional elements {'CMTRT2'}.
{shiny}      R  stderr -----------   122: &lt;Anonymous&gt;
{shiny}      R  stderr -----------   121: stop
{shiny}      R  stderr -----------   120: all_q
{shiny}      R  stderr -----------   117: exprFunc
{shiny}      R  stderr -----------   116: widgetFunc
{shiny}      R  stderr -----------   115: ::
{shiny}      R  stderr ----------- htmlwidgets
{shiny}      R  stderr ----------- shinyRenderWidget
{shiny}      R  stderr -----------   114: func
{shiny}      R  stderr -----------   101: renderFunc
{shiny}      R  stderr -----------   100: renderFunc
{shiny}      R  stderr -----------    96: renderFunc
{shiny}      R  stderr -----------    95: output$teal-main_ui-root-therapy__e2e_-module-therapy_table
{shiny}      R  stderr -----------    14: &lt;Anonymous&gt;
{shiny}      R  stderr -----------    12: &lt;Anonymous&gt;
{shiny}      R  stderr -----------    11: &lt;Anonymous&gt;
{shiny}      R  stderr -----------    10: base::do.call
{shiny}      R  stderr -----------     9: base::saveRDS
{shiny}      R  stderr -----------     8: base::withCallingHandlers
{shiny}      R  stderr -----------     7: doTryCatch
{shiny}      R  stderr -----------     6: tryCatchOne
{shiny}      R  stderr -----------     5: tryCatchList
{shiny}      R  stderr -----------     2: tryCatchList
{shiny}      R  stderr -----------     1: base::tryCatch
{shiny}      R  stderr ----------- Warning: Error in variable_choices.data.frame: Assertion on 'subset' failed: Must be a subset of {'','USUBJID','STUDYID','CMCLAS','CMDECOD','ATIREL','CMCAT','COUNTRY','SITEID','SUBJID','AGE','SEX','ARMCD','ARM','ACTARMCD','ACTARM','RACE','TRTSDTM','TRTEDTM','EOSDY','EOSDT','STRATA1','STRATA2','BMRKR1','BMRKR2','REGION1','SAFFL','EOSSTT','EOTSTT','DCSREAS','DTHDT','ASTDTM','ASTDY','AENDTM','AENDY','CMSEQ','ATC1','ATC2','ATC3','ATC4','CMINDC','CMDOSE','CMTRT','CMDOSU','CMROUTE','CMDOSFRQ','CMASTDTM','CMAENDTM','ATIREL2','CMDECOD2','CMINDC2','CMDOSE2','CMDOSU2','CMROUTE2','CMDOSFRQ2','ASTDY2','AENDY2'}, but has additional elements {'CMTRT2'}.
{shiny}      R  stderr -----------   162: &lt;Anonymous&gt;
{shiny}      R  stderr -----------   161: stop
{shiny}      R  stderr -----------   160: selector_list
{shiny}      R  stderr -----------   159: teal.transform::compose_and_enable_validators
{shiny}      R  stderr -----------   158: &lt;reactive&gt;
{shiny}      R  stderr -----------   142: iv_r
{shiny}      R  stderr -----------   135: &lt;reactive&gt;
{shiny}      R  stderr -----------   119: plot_r
{shiny}      R  stderr -----------   110: renderUI
{shiny}      R  stderr -----------   109: func
{shiny}      R  stderr -----------    96: renderFunc
{shiny}      R  stderr -----------    95: output$teal-main_ui-root-therapy__e2e_-module-therapy_plot-plot_out_main
{shiny}      R  stderr -----------    14: &lt;Anonymous&gt;
{shiny}      R  stderr -----------    12: &lt;Anonymous&gt;
{shiny}      R  stderr -----------    11: &lt;Anonymous&gt;
{shiny}      R  stderr -----------    10: base::do.call
{shiny}      R  stderr -----------     9: base::saveRDS
{shiny}      R  stderr -----------     8: base::withCallingHandlers
{shiny}      R  stderr -----------     7: doTryCatch
{shiny}      R  stderr -----------     6: tryCatchOne
{shiny}      R  stderr -----------     5: tryCatchList
{shiny}      R  stderr -----------     2: tryCatchList
{shiny}      R  stderr -----------     1: base::tryCatch
{shiny}      R  stderr ----------- Warning: Error in &lt;Anonymous&gt;: error in evaluating the argument 'code' in selecting a method for function 'eval_code': Assertion on 'subset' failed: Must be a subset of {'','USUBJID','STUDYID','CMCLAS','CMDECOD','ATIREL','CMCAT','COUNTRY','SITEID','SUBJID','AGE','SEX','ARMCD','ARM','ACTARMCD','ACTARM','RACE','TRTSDTM','TRTEDTM','EOSDY','EOSDT','STRATA1','STRATA2','BMRKR1','BMRKR2','REGION1','SAFFL','EOSSTT','EOTSTT','DCSREAS','DTHDT','ASTDTM','ASTDY','AENDTM','AENDY','CMSEQ','ATC1','ATC2','ATC3','ATC4','CMINDC','CMDOSE','CMTRT','CMDOSU','CMROUTE','CMDOSFRQ','CMASTDTM','CMAENDTM','ATIREL2','CMDECOD2','CMINDC2','CMDOSE2','CMDOSU2','CMROUTE2','CMDOSFRQ2','ASTDY2','AENDY2'}, but has additional elements {'CMTRT2'}.
{shiny}      R  stderr -----------   14: &lt;Anonymous&gt;
{shiny}      R  stderr -----------   12: &lt;Anonymous&gt;
{shiny}      R  stderr -----------   11: &lt;Anonymous&gt;
{shiny}      R  stderr -----------   10: base::do.call
{shiny}      R  stderr -----------    9: base::saveRDS
{shiny}      R  stderr -----------    8: base::withCallingHandlers
{shiny}      R  stderr -----------    7: doTryCatch
{shiny}      R  stderr -----------    6: tryCatchOne
{shiny}      R  stderr -----------    5: tryCatchList
{shiny}      R  stderr -----------    2: tryCatchList
{shiny}      R  stderr -----------    1: base::tryCatch


Caused by error in `app_initialize_()`:
! Shiny app did not become stable in 1e+05ms.
Message: An error occurred while waiting for Shiny to be stable
Caused by error in `app_wait_for_idle()`:
! An error occurred while waiting for Shiny to be stable
Backtrace:
     x
  1. +-teal.modules.clinical (local) app_driver_tm_g_pp_therapy() at test-shinytest2-tm_g_pp_therapy.R:189:5
  2. | \-teal.modules.clinical:::init_teal_app_driver(...) at test-shinytest2-tm_g_pp_therapy.R:31:3
  3. |   +-testthat::with_mocked_bindings(...) at tests/testthat/helper-TealAppDriver.R:7:3
  4. |   \-TealAppDriver$new(...) at tests/testthat/helper-TealAppDriver.R:10:7
  5. |     \-teal (local) initialize(...)
  6. |       +-base::suppressWarnings(...)
  7. |       | \-base::withCallingHandlers(...)
  8. |       \-super$initialize(...)
  9. |         \-shinytest2:::app_initialize(...)
 10. |           +-base::withCallingHandlers(...)
 11. |           \-shinytest2:::app_initialize_(self, private, ..., view = view)
 12. |             +-base::withCallingHandlers(...)
 13. |             \-self$wait_for_idle(duration = 200, timeout = private$load_timeout)
 14. |               \-shinytest2:::app_wait_for_idle(...)
 15. |                 \-shinytest2:::app_abort(self, private, "An error occurred while waiting for Shiny to be stable")
 16. |                   \-rlang::abort(..., app = self, call = call)
 17. |                     \-rlang:::signal_abort(cnd, .file)
 18. |                       \-base::signalCondition(cnd)
 19. +-shinytest2 (local) `&lt;fn&gt;`(`&lt;rlng_rrr&gt;`)
 20. | \-shinytest2:::app_abort(...)
 21. |   \-rlang::abort(..., app = self, call = call)
 22. |     \-rlang:::signal_abort(cnd, .file)
 23. |       \-base::signalCondition(cnd)
 24. \-shinytest2 (local) `&lt;fn&gt;`(`&lt;rlng_rrr&gt;`)
 25.   \-shinytest2:::app_abort(...)
 26.     \-rlang::abort(..., app = self, call = call)</error>
    </testcase>
    <testcase time="102.842" classname="shinytest2_tm_g_pp_therapy" name="e2e_tm_g_pp_therapy_Selection_of_cmroute_changes_the_element_and_does_not_throw_validation_errors">
      <error type="error" message="Error in `app_initialize(self, private, app_dir = app_dir, ..., load_timeout = load_timeout,  ('test-shinytest2-tm_g_pp_therapy.R:162:9')">Error in `app_initialize(self, private, app_dir = app_dir, ..., load_timeout = load_timeout, 
    timeout = timeout, wait = wait, expect_values_screenshot_args = expect_values_screenshot_args, 
    screenshot_args = screenshot_args, check_names = check_names, 
    name = name, variant = variant, view = view, height = height, 
    width = width, seed = seed, clean_logs = clean_logs, shiny_args = shiny_args, 
    render_args = render_args, options = options)`: Shiny app did not become stable in 1e+05ms.
Message: An error occurred while waiting for Shiny to be stable
Caused by error in `app_wait_for_idle()`:
! An error occurred while waiting for Shiny to be stable


i You can inspect the failed AppDriver object via `rlang::last_error()$app`
i AppDriver logs:
{shinytest2} R  info   19:45:23.33 Start AppDriver initialization
{shinytest2} R  info   19:45:23.36 Starting Shiny app
{shinytest2} R  info   19:45:25.38 Creating new ChromoteSession
{shinytest2} R  info   19:45:25.40 Navigating to Shiny app
{shinytest2} R  info   19:45:25.50 Injecting shiny-tracer.js
{chromote}   JS info   19:45:25.51 shinytest2; jQuery not found
{chromote}   JS info   19:45:25.51 shinytest2; Loaded
{shinytest2} R  info   19:45:25.51 Waiting for Shiny to become ready
{chromote}   JS info   19:45:25.59 shinytest2; jQuery found
{chromote}   JS info   19:45:25.60 shinytest2; Waiting for shiny session to connect
{chromote}   JS info   19:45:25.72 shinytest2; Connected
{shinytest2} R  info   19:45:25.72 Waiting for Shiny to become idle for 200ms within 1e+05ms
{chromote}   JS info   19:45:25.73 shinytest2; Waiting for Shiny to be stable
{chromote}   JS info   19:45:25.76 shinytest2; shiny:busy
{chromote}   JS info   19:45:27.05 shinytest2; shiny:idle
{chromote}   JS info   19:45:27.05 shinytest2; shiny:value teal-identifier
{chromote}   JS info   19:45:27.05 shinytest2; shiny:value error
{chromote}   JS info   19:45:27.05 shinytest2; shiny:busy
{chromote}   JS info   19:45:27.06 shinytest2; shiny:idle
{chromote}   JS info   19:45:27.08 shinytest2; shiny:busy
{shinytest2} R  info   19:47:05.74 Error while initializing AppDriver:
                                   Shiny app did not become stable in 1e+05ms.
                                   Message: An error occurred while waiting for Shiny to be stable
                                   Caused by error in `app_wait_for_idle()`:
                                   ! An error occurred while waiting for Shiny to be stable
{shiny}      R  stderr ----------- Loading required package: shiny
{shiny}      R  stderr ----------- Attempting to load the environment ‘package:dplyr’
{shiny}      R  stderr ----------- 
{shiny}      R  stderr ----------- Attaching package: ‘dplyr’
{shiny}      R  stderr ----------- 
{shiny}      R  stderr ----------- The following objects are masked from ‘package:stats’:
{shiny}      R  stderr ----------- 
{shiny}      R  stderr -----------     filter, lag
{shiny}      R  stderr ----------- 
{shiny}      R  stderr ----------- The following objects are masked from ‘package:base’:
{shiny}      R  stderr ----------- 
{shiny}      R  stderr -----------     intersect, setdiff, setequal, union
{shiny}      R  stderr ----------- 
{shiny}      R  stderr ----------- Loading required package: teal
{shiny}      R  stderr ----------- Loading required package: teal.data
{shiny}      R  stderr ----------- Loading required package: teal.code
{shiny}      R  stderr ----------- Loading required package: teal.slice
{shiny}      R  stderr ----------- 
{shiny}      R  stderr ----------- You are using teal version 0.15.2.9032
{shiny}      R  stderr ----------- 
{shiny}      R  stderr ----------- Attaching package: ‘teal’
{shiny}      R  stderr ----------- 
{shiny}      R  stderr ----------- The following objects are masked from ‘package:teal.slice’:
{shiny}      R  stderr ----------- 
{shiny}      R  stderr -----------     as.teal_slices, teal_slices
{shiny}      R  stderr ----------- 
{shiny}      R  stderr ----------- Loading required package: teal.transform
{shiny}      R  stderr ----------- Loading required package: tern
{shiny}      R  stderr ----------- Loading required package: rtables
{shiny}      R  stderr ----------- Loading required package: formatters
{shiny}      R  stderr ----------- Loading required package: magrittr
{shiny}      R  stderr ----------- 
{shiny}      R  stderr ----------- Attaching package: ‘rtables’
{shiny}      R  stderr ----------- 
{shiny}      R  stderr ----------- The following object is masked from ‘package:utils’:
{shiny}      R  stderr ----------- 
{shiny}      R  stderr -----------     str
{shiny}      R  stderr ----------- 
{shiny}      R  stderr ----------- Running application in test mode.
{shiny}      R  stderr ----------- 
{shiny}      R  stderr ----------- Listening on http://127.0.0.1:4081
{shiny}      R  stderr ----------- Initializing reporter_previewer_module
{shiny}      R  stderr ----------- Warning: Error in &lt;Anonymous&gt;: error in evaluating the argument 'code' in selecting a method for function 'eval_code': Assertion on 'subset' failed: Must be a subset of {'','USUBJID','STUDYID','CMCLAS','CMDECOD','ATIREL','CMCAT','COUNTRY','SITEID','SUBJID','AGE','SEX','ARMCD','ARM','ACTARMCD','ACTARM','RACE','TRTSDTM','TRTEDTM','EOSDY','EOSDT','STRATA1','STRATA2','BMRKR1','BMRKR2','REGION1','SAFFL','EOSSTT','EOTSTT','DCSREAS','DTHDT','ASTDTM','ASTDY','AENDTM','AENDY','CMSEQ','ATC1','ATC2','ATC3','ATC4','CMINDC','CMDOSE','CMTRT','CMDOSU','CMROUTE','CMDOSFRQ','CMASTDTM','CMAENDTM','ATIREL2','CMDECOD2','CMINDC2','CMDOSE2','CMDOSU2','CMROUTE2','CMDOSFRQ2','ASTDY2','AENDY2'}, but has additional elements {'CMTRT2'}.
{shiny}      R  stderr -----------   241: &lt;Anonymous&gt;
{shiny}      R  stderr -----------   240: stop
{shiny}      R  stderr -----------   239: mstop
{shiny}      R  stderr -----------   238: makeAssertion
{shiny}      R  stderr -----------   237: checkmate::assert_subset
{shiny}      R  stderr -----------   236: variable_choices.data.frame
{shiny}      R  stderr -----------   233: resolve.delayed_variable_choices
{shiny}      R  stderr -----------   231: resolve.delayed_select_spec
{shiny}      R  stderr -----------   229: resolve.delayed_data_extract_spec
{shiny}      R  stderr -----------   227: resolve_delayed.list
{shiny}      R  stderr -----------   213: module
{shiny}      R  stderr -----------   208: callModule
{shiny}      R  stderr -----------   207: moduleServer
{shiny}      R  stderr -----------   206: data_extract_single_srv
{shiny}      R  stderr -----------   205: FUN
{shiny}      R  stderr -----------   204: lapply
{shiny}      R  stderr -----------   203: module
{shiny}      R  stderr -----------   198: callModule
{shiny}      R  stderr -----------   197: moduleServer
{shiny}      R  stderr -----------   196: data_extract_srv.list
{shiny}      R  stderr -----------   194: FUN
{shiny}      R  stderr -----------   193: lapply
{shiny}      R  stderr -----------   192: sapply
{shiny}      R  stderr -----------   191: &lt;reactive&gt;
{shiny}      R  stderr -----------   175: selector_list
{shiny}      R  stderr -----------   170: &lt;reactive&gt;
{shiny}      R  stderr -----------   154: anl_inputs
{shiny}      R  stderr -----------   153: as.expression
{shiny}      R  stderr -----------   152: teal.code::eval_code
{shiny}      R  stderr -----------   151: %&gt;%
{shiny}      R  stderr -----------   150: &lt;reactive&gt;
{shiny}      R  stderr -----------   134: merged$anl_q
{shiny}      R  stderr -----------   128: &lt;reactive&gt;
{shiny}      R  stderr -----------   112: all_q
{shiny}      R  stderr -----------   110: renderText
{shiny}      R  stderr -----------   109: func
{shiny}      R  stderr -----------    96: renderFunc
{shiny}      R  stderr -----------    95: output$teal-main_ui-root-therapy__e2e_-module-title
{shiny}      R  stderr -----------    14: &lt;Anonymous&gt;
{shiny}      R  stderr -----------    12: &lt;Anonymous&gt;
{shiny}      R  stderr -----------    11: &lt;Anonymous&gt;
{shiny}      R  stderr -----------    10: base::do.call
{shiny}      R  stderr -----------     9: base::saveRDS
{shiny}      R  stderr -----------     8: base::withCallingHandlers
{shiny}      R  stderr -----------     7: doTryCatch
{shiny}      R  stderr -----------     6: tryCatchOne
{shiny}      R  stderr -----------     5: tryCatchList
{shiny}      R  stderr -----------     2: tryCatchList
{shiny}      R  stderr -----------     1: base::tryCatch
{shiny}      R  stderr ----------- Warning: Error in &lt;Anonymous&gt;: error in evaluating the argument 'code' in selecting a method for function 'eval_code': Assertion on 'subset' failed: Must be a subset of {'','USUBJID','STUDYID','CMCLAS','CMDECOD','ATIREL','CMCAT','COUNTRY','SITEID','SUBJID','AGE','SEX','ARMCD','ARM','ACTARMCD','ACTARM','RACE','TRTSDTM','TRTEDTM','EOSDY','EOSDT','STRATA1','STRATA2','BMRKR1','BMRKR2','REGION1','SAFFL','EOSSTT','EOTSTT','DCSREAS','DTHDT','ASTDTM','ASTDY','AENDTM','AENDY','CMSEQ','ATC1','ATC2','ATC3','ATC4','CMINDC','CMDOSE','CMTRT','CMDOSU','CMROUTE','CMDOSFRQ','CMASTDTM','CMAENDTM','ATIREL2','CMDECOD2','CMINDC2','CMDOSE2','CMDOSU2','CMROUTE2','CMDOSFRQ2','ASTDY2','AENDY2'}, but has additional elements {'CMTRT2'}.
{shiny}      R  stderr -----------   122: &lt;Anonymous&gt;
{shiny}      R  stderr -----------   121: stop
{shiny}      R  stderr -----------   120: all_q
{shiny}      R  stderr -----------   117: exprFunc
{shiny}      R  stderr -----------   116: widgetFunc
{shiny}      R  stderr -----------   115: ::
{shiny}      R  stderr ----------- htmlwidgets
{shiny}      R  stderr ----------- shinyRenderWidget
{shiny}      R  stderr -----------   114: func
{shiny}      R  stderr -----------   101: renderFunc
{shiny}      R  stderr -----------   100: renderFunc
{shiny}      R  stderr -----------    96: renderFunc
{shiny}      R  stderr -----------    95: output$teal-main_ui-root-therapy__e2e_-module-therapy_table
{shiny}      R  stderr -----------    14: &lt;Anonymous&gt;
{shiny}      R  stderr -----------    12: &lt;Anonymous&gt;
{shiny}      R  stderr -----------    11: &lt;Anonymous&gt;
{shiny}      R  stderr -----------    10: base::do.call
{shiny}      R  stderr -----------     9: base::saveRDS
{shiny}      R  stderr -----------     8: base::withCallingHandlers
{shiny}      R  stderr -----------     7: doTryCatch
{shiny}      R  stderr -----------     6: tryCatchOne
{shiny}      R  stderr -----------     5: tryCatchList
{shiny}      R  stderr -----------     2: tryCatchList
{shiny}      R  stderr -----------     1: base::tryCatch
{shiny}      R  stderr ----------- Warning: Error in variable_choices.data.frame: Assertion on 'subset' failed: Must be a subset of {'','USUBJID','STUDYID','CMCLAS','CMDECOD','ATIREL','CMCAT','COUNTRY','SITEID','SUBJID','AGE','SEX','ARMCD','ARM','ACTARMCD','ACTARM','RACE','TRTSDTM','TRTEDTM','EOSDY','EOSDT','STRATA1','STRATA2','BMRKR1','BMRKR2','REGION1','SAFFL','EOSSTT','EOTSTT','DCSREAS','DTHDT','ASTDTM','ASTDY','AENDTM','AENDY','CMSEQ','ATC1','ATC2','ATC3','ATC4','CMINDC','CMDOSE','CMTRT','CMDOSU','CMROUTE','CMDOSFRQ','CMASTDTM','CMAENDTM','ATIREL2','CMDECOD2','CMINDC2','CMDOSE2','CMDOSU2','CMROUTE2','CMDOSFRQ2','ASTDY2','AENDY2'}, but has additional elements {'CMTRT2'}.
{shiny}      R  stderr -----------   162: &lt;Anonymous&gt;
{shiny}      R  stderr -----------   161: stop
{shiny}      R  stderr -----------   160: selector_list
{shiny}      R  stderr -----------   159: teal.transform::compose_and_enable_validators
{shiny}      R  stderr -----------   158: &lt;reactive&gt;
{shiny}      R  stderr -----------   142: iv_r
{shiny}      R  stderr -----------   135: &lt;reactive&gt;
{shiny}      R  stderr -----------   119: plot_r
{shiny}      R  stderr -----------   110: renderUI
{shiny}      R  stderr -----------   109: func
{shiny}      R  stderr -----------    96: renderFunc
{shiny}      R  stderr -----------    95: output$teal-main_ui-root-therapy__e2e_-module-therapy_plot-plot_out_main
{shiny}      R  stderr -----------    14: &lt;Anonymous&gt;
{shiny}      R  stderr -----------    12: &lt;Anonymous&gt;
{shiny}      R  stderr -----------    11: &lt;Anonymous&gt;
{shiny}      R  stderr -----------    10: base::do.call
{shiny}      R  stderr -----------     9: base::saveRDS
{shiny}      R  stderr -----------     8: base::withCallingHandlers
{shiny}      R  stderr -----------     7: doTryCatch
{shiny}      R  stderr -----------     6: tryCatchOne
{shiny}      R  stderr -----------     5: tryCatchList
{shiny}      R  stderr -----------     2: tryCatchList
{shiny}      R  stderr -----------     1: base::tryCatch
{shiny}      R  stderr ----------- Warning: Error in &lt;Anonymous&gt;: error in evaluating the argument 'code' in selecting a method for function 'eval_code': Assertion on 'subset' failed: Must be a subset of {'','USUBJID','STUDYID','CMCLAS','CMDECOD','ATIREL','CMCAT','COUNTRY','SITEID','SUBJID','AGE','SEX','ARMCD','ARM','ACTARMCD','ACTARM','RACE','TRTSDTM','TRTEDTM','EOSDY','EOSDT','STRATA1','STRATA2','BMRKR1','BMRKR2','REGION1','SAFFL','EOSSTT','EOTSTT','DCSREAS','DTHDT','ASTDTM','ASTDY','AENDTM','AENDY','CMSEQ','ATC1','ATC2','ATC3','ATC4','CMINDC','CMDOSE','CMTRT','CMDOSU','CMROUTE','CMDOSFRQ','CMASTDTM','CMAENDTM','ATIREL2','CMDECOD2','CMINDC2','CMDOSE2','CMDOSU2','CMROUTE2','CMDOSFRQ2','ASTDY2','AENDY2'}, but has additional elements {'CMTRT2'}.
{shiny}      R  stderr -----------   14: &lt;Anonymous&gt;
{shiny}      R  stderr -----------   12: &lt;Anonymous&gt;
{shiny}      R  stderr -----------   11: &lt;Anonymous&gt;
{shiny}      R  stderr -----------   10: base::do.call
{shiny}      R  stderr -----------    9: base::saveRDS
{shiny}      R  stderr -----------    8: base::withCallingHandlers
{shiny}      R  stderr -----------    7: doTryCatch
{shiny}      R  stderr -----------    6: tryCatchOne
{shiny}      R  stderr -----------    5: tryCatchList
{shiny}      R  stderr -----------    2: tryCatchList
{shiny}      R  stderr -----------    1: base::tryCatch


Caused by error in `app_initialize_()`:
! Shiny app did not become stable in 1e+05ms.
Message: An error occurred while waiting for Shiny to be stable
Caused by error in `app_wait_for_idle()`:
! An error occurred while waiting for Shiny to be stable
Backtrace:
     x
  1. +-teal.modules.clinical (local) app_driver_tm_g_pp_therapy() at test-shinytest2-tm_g_pp_therapy.R:162:9
  2. | \-teal.modules.clinical:::init_teal_app_driver(...) at test-shinytest2-tm_g_pp_therapy.R:31:3
  3. |   +-testthat::with_mocked_bindings(...) at tests/testthat/helper-TealAppDriver.R:7:3
  4. |   \-TealAppDriver$new(...) at tests/testthat/helper-TealAppDriver.R:10:7
  5. |     \-teal (local) initialize(...)
  6. |       +-base::suppressWarnings(...)
  7. |       | \-base::withCallingHandlers(...)
  8. |       \-super$initialize(...)
  9. |         \-shinytest2:::app_initialize(...)
 10. |           +-base::withCallingHandlers(...)
 11. |           \-shinytest2:::app_initialize_(self, private, ..., view = view)
 12. |             +-base::withCallingHandlers(...)
 13. |             \-self$wait_for_idle(duration = 200, timeout = private$load_timeout)
 14. |               \-shinytest2:::app_wait_for_idle(...)
 15. |                 \-shinytest2:::app_abort(self, private, "An error occurred while waiting for Shiny to be stable")
 16. |                   \-rlang::abort(..., app = self, call = call)
 17. |                     \-rlang:::signal_abort(cnd, .file)
 18. |                       \-base::signalCondition(cnd)
 19. +-shinytest2 (local) `&lt;fn&gt;`(`&lt;rlng_rrr&gt;`)
 20. | \-shinytest2:::app_abort(...)
 21. |   \-rlang::abort(..., app = self, call = call)
 22. |     \-rlang:::signal_abort(cnd, .file)
 23. |       \-base::signalCondition(cnd)
 24. \-shinytest2 (local) `&lt;fn&gt;`(`&lt;rlng_rrr&gt;`)
 25.   \-shinytest2:::app_abort(...)
 26.     \-rlang::abort(..., app = self, call = call)</error>
    </testcase>
    <testcase time="103.078" classname="shinytest2_tm_g_pp_therapy" name="e2e_tm_g_pp_therapy_Deselection_of_cmroute_dataset_ADCM_singleextract_select_throws_validation_error.">
      <error type="error" message="Error in `app_initialize(self, private, app_dir = app_dir, ..., load_timeout = load_timeout,  ('test-shinytest2-tm_g_pp_therapy.R:189:5')">Error in `app_initialize(self, private, app_dir = app_dir, ..., load_timeout = load_timeout, 
    timeout = timeout, wait = wait, expect_values_screenshot_args = expect_values_screenshot_args, 
    screenshot_args = screenshot_args, check_names = check_names, 
    name = name, variant = variant, view = view, height = height, 
    width = width, seed = seed, clean_logs = clean_logs, shiny_args = shiny_args, 
    render_args = render_args, options = options)`: Shiny app did not become stable in 1e+05ms.
Message: An error occurred while waiting for Shiny to be stable
Caused by error in `app_wait_for_idle()`:
! An error occurred while waiting for Shiny to be stable


i You can inspect the failed AppDriver object via `rlang::last_error()$app`
i AppDriver logs:
{shinytest2} R  info   19:47:06.17 Start AppDriver initialization
{shinytest2} R  info   19:47:06.20 Starting Shiny app
{shinytest2} R  info   19:47:08.43 Creating new ChromoteSession
{shinytest2} R  info   19:47:08.45 Navigating to Shiny app
{shinytest2} R  info   19:47:08.57 Injecting shiny-tracer.js
{chromote}   JS info   19:47:08.58 shinytest2; jQuery not found
{chromote}   JS info   19:47:08.58 shinytest2; Loaded
{shinytest2} R  info   19:47:08.58 Waiting for Shiny to become ready
{chromote}   JS info   19:47:08.67 shinytest2; jQuery found
{chromote}   JS info   19:47:08.67 shinytest2; Waiting for shiny session to connect
{chromote}   JS info   19:47:08.79 shinytest2; Connected
{shinytest2} R  info   19:47:08.80 Waiting for Shiny to become idle for 200ms within 1e+05ms
{chromote}   JS info   19:47:08.81 shinytest2; Waiting for Shiny to be stable
{chromote}   JS info   19:47:08.83 shinytest2; shiny:busy
{chromote}   JS info   19:47:10.08 shinytest2; shiny:idle
{chromote}   JS info   19:47:10.08 shinytest2; shiny:value teal-identifier
{chromote}   JS info   19:47:10.08 shinytest2; shiny:value error
{chromote}   JS info   19:47:10.08 shinytest2; shiny:busy
{chromote}   JS info   19:47:10.08 shinytest2; shiny:idle
{chromote}   JS info   19:47:10.10 shinytest2; shiny:busy
{shinytest2} R  info   19:48:48.82 Error while initializing AppDriver:
                                   Shiny app did not become stable in 1e+05ms.
                                   Message: An error occurred while waiting for Shiny to be stable
                                   Caused by error in `app_wait_for_idle()`:
                                   ! An error occurred while waiting for Shiny to be stable
{shiny}      R  stderr ----------- Loading required package: shiny
{shiny}      R  stderr ----------- Attempting to load the environment ‘package:dplyr’
{shiny}      R  stderr ----------- 
{shiny}      R  stderr ----------- Attaching package: ‘dplyr’
{shiny}      R  stderr ----------- 
{shiny}      R  stderr ----------- The following objects are masked from ‘package:stats’:
{shiny}      R  stderr ----------- 
{shiny}      R  stderr -----------     filter, lag
{shiny}      R  stderr ----------- 
{shiny}      R  stderr ----------- The following objects are masked from ‘package:base’:
{shiny}      R  stderr ----------- 
{shiny}      R  stderr -----------     intersect, setdiff, setequal, union
{shiny}      R  stderr ----------- 
{shiny}      R  stderr ----------- Loading required package: teal
{shiny}      R  stderr ----------- Loading required package: teal.data
{shiny}      R  stderr ----------- Loading required package: teal.code
{shiny}      R  stderr ----------- Loading required package: teal.slice
{shiny}      R  stderr ----------- 
{shiny}      R  stderr ----------- You are using teal version 0.15.2.9032
{shiny}      R  stderr ----------- 
{shiny}      R  stderr ----------- Attaching package: ‘teal’
{shiny}      R  stderr ----------- 
{shiny}      R  stderr ----------- The following objects are masked from ‘package:teal.slice’:
{shiny}      R  stderr ----------- 
{shiny}      R  stderr -----------     as.teal_slices, teal_slices
{shiny}      R  stderr ----------- 
{shiny}      R  stderr ----------- Loading required package: teal.transform
{shiny}      R  stderr ----------- Loading required package: tern
{shiny}      R  stderr ----------- Loading required package: rtables
{shiny}      R  stderr ----------- Loading required package: formatters
{shiny}      R  stderr ----------- Loading required package: magrittr
{shiny}      R  stderr ----------- 
{shiny}      R  stderr ----------- Attaching package: ‘rtables’
{shiny}      R  stderr ----------- 
{shiny}      R  stderr ----------- The following object is masked from ‘package:utils’:
{shiny}      R  stderr ----------- 
{shiny}      R  stderr -----------     str
{shiny}      R  stderr ----------- 
{shiny}      R  stderr ----------- Running application in test mode.
{shiny}      R  stderr ----------- 
{shiny}      R  stderr ----------- Listening on http://127.0.0.1:3212
{shiny}      R  stderr ----------- Initializing reporter_previewer_module
{shiny}      R  stderr ----------- Warning: Error in &lt;Anonymous&gt;: error in evaluating the argument 'code' in selecting a method for function 'eval_code': Assertion on 'subset' failed: Must be a subset of {'','USUBJID','STUDYID','CMCLAS','CMDECOD','ATIREL','CMCAT','COUNTRY','SITEID','SUBJID','AGE','SEX','ARMCD','ARM','ACTARMCD','ACTARM','RACE','TRTSDTM','TRTEDTM','EOSDY','EOSDT','STRATA1','STRATA2','BMRKR1','BMRKR2','REGION1','SAFFL','EOSSTT','EOTSTT','DCSREAS','DTHDT','ASTDTM','ASTDY','AENDTM','AENDY','CMSEQ','ATC1','ATC2','ATC3','ATC4','CMINDC','CMDOSE','CMTRT','CMDOSU','CMROUTE','CMDOSFRQ','CMASTDTM','CMAENDTM','ATIREL2','CMDECOD2','CMINDC2','CMDOSE2','CMDOSU2','CMROUTE2','CMDOSFRQ2','ASTDY2','AENDY2'}, but has additional elements {'CMTRT2'}.
{shiny}      R  stderr -----------   241: &lt;Anonymous&gt;
{shiny}      R  stderr -----------   240: stop
{shiny}      R  stderr -----------   239: mstop
{shiny}      R  stderr -----------   238: makeAssertion
{shiny}      R  stderr -----------   237: checkmate::assert_subset
{shiny}      R  stderr -----------   236: variable_choices.data.frame
{shiny}      R  stderr -----------   233: resolve.delayed_variable_choices
{shiny}      R  stderr -----------   231: resolve.delayed_select_spec
{shiny}      R  stderr -----------   229: resolve.delayed_data_extract_spec
{shiny}      R  stderr -----------   227: resolve_delayed.list
{shiny}      R  stderr -----------   213: module
{shiny}      R  stderr -----------   208: callModule
{shiny}      R  stderr -----------   207: moduleServer
{shiny}      R  stderr -----------   206: data_extract_single_srv
{shiny}      R  stderr -----------   205: FUN
{shiny}      R  stderr -----------   204: lapply
{shiny}      R  stderr -----------   203: module
{shiny}      R  stderr -----------   198: callModule
{shiny}      R  stderr -----------   197: moduleServer
{shiny}      R  stderr -----------   196: data_extract_srv.list
{shiny}      R  stderr -----------   194: FUN
{shiny}      R  stderr -----------   193: lapply
{shiny}      R  stderr -----------   192: sapply
{shiny}      R  stderr -----------   191: &lt;reactive&gt;
{shiny}      R  stderr -----------   175: selector_list
{shiny}      R  stderr -----------   170: &lt;reactive&gt;
{shiny}      R  stderr -----------   154: anl_inputs
{shiny}      R  stderr -----------   153: as.expression
{shiny}      R  stderr -----------   152: teal.code::eval_code
{shiny}      R  stderr -----------   151: %&gt;%
{shiny}      R  stderr -----------   150: &lt;reactive&gt;
{shiny}      R  stderr -----------   134: merged$anl_q
{shiny}      R  stderr -----------   128: &lt;reactive&gt;
{shiny}      R  stderr -----------   112: all_q
{shiny}      R  stderr -----------   110: renderText
{shiny}      R  stderr -----------   109: func
{shiny}      R  stderr -----------    96: renderFunc
{shiny}      R  stderr -----------    95: output$teal-main_ui-root-therapy__e2e_-module-title
{shiny}      R  stderr -----------    14: &lt;Anonymous&gt;
{shiny}      R  stderr -----------    12: &lt;Anonymous&gt;
{shiny}      R  stderr -----------    11: &lt;Anonymous&gt;
{shiny}      R  stderr -----------    10: base::do.call
{shiny}      R  stderr -----------     9: base::saveRDS
{shiny}      R  stderr -----------     8: base::withCallingHandlers
{shiny}      R  stderr -----------     7: doTryCatch
{shiny}      R  stderr -----------     6: tryCatchOne
{shiny}      R  stderr -----------     5: tryCatchList
{shiny}      R  stderr -----------     2: tryCatchList
{shiny}      R  stderr -----------     1: base::tryCatch
{shiny}      R  stderr ----------- Warning: Error in &lt;Anonymous&gt;: error in evaluating the argument 'code' in selecting a method for function 'eval_code': Assertion on 'subset' failed: Must be a subset of {'','USUBJID','STUDYID','CMCLAS','CMDECOD','ATIREL','CMCAT','COUNTRY','SITEID','SUBJID','AGE','SEX','ARMCD','ARM','ACTARMCD','ACTARM','RACE','TRTSDTM','TRTEDTM','EOSDY','EOSDT','STRATA1','STRATA2','BMRKR1','BMRKR2','REGION1','SAFFL','EOSSTT','EOTSTT','DCSREAS','DTHDT','ASTDTM','ASTDY','AENDTM','AENDY','CMSEQ','ATC1','ATC2','ATC3','ATC4','CMINDC','CMDOSE','CMTRT','CMDOSU','CMROUTE','CMDOSFRQ','CMASTDTM','CMAENDTM','ATIREL2','CMDECOD2','CMINDC2','CMDOSE2','CMDOSU2','CMROUTE2','CMDOSFRQ2','ASTDY2','AENDY2'}, but has additional elements {'CMTRT2'}.
{shiny}      R  stderr -----------   122: &lt;Anonymous&gt;
{shiny}      R  stderr -----------   121: stop
{shiny}      R  stderr -----------   120: all_q
{shiny}      R  stderr -----------   117: exprFunc
{shiny}      R  stderr -----------   116: widgetFunc
{shiny}      R  stderr -----------   115: ::
{shiny}      R  stderr ----------- htmlwidgets
{shiny}      R  stderr ----------- shinyRenderWidget
{shiny}      R  stderr -----------   114: func
{shiny}      R  stderr -----------   101: renderFunc
{shiny}      R  stderr -----------   100: renderFunc
{shiny}      R  stderr -----------    96: renderFunc
{shiny}      R  stderr -----------    95: output$teal-main_ui-root-therapy__e2e_-module-therapy_table
{shiny}      R  stderr -----------    14: &lt;Anonymous&gt;
{shiny}      R  stderr -----------    12: &lt;Anonymous&gt;
{shiny}      R  stderr -----------    11: &lt;Anonymous&gt;
{shiny}      R  stderr -----------    10: base::do.call
{shiny}      R  stderr -----------     9: base::saveRDS
{shiny}      R  stderr -----------     8: base::withCallingHandlers
{shiny}      R  stderr -----------     7: doTryCatch
{shiny}      R  stderr -----------     6: tryCatchOne
{shiny}      R  stderr -----------     5: tryCatchList
{shiny}      R  stderr -----------     2: tryCatchList
{shiny}      R  stderr -----------     1: base::tryCatch
{shiny}      R  stderr ----------- Warning: Error in variable_choices.data.frame: Assertion on 'subset' failed: Must be a subset of {'','USUBJID','STUDYID','CMCLAS','CMDECOD','ATIREL','CMCAT','COUNTRY','SITEID','SUBJID','AGE','SEX','ARMCD','ARM','ACTARMCD','ACTARM','RACE','TRTSDTM','TRTEDTM','EOSDY','EOSDT','STRATA1','STRATA2','BMRKR1','BMRKR2','REGION1','SAFFL','EOSSTT','EOTSTT','DCSREAS','DTHDT','ASTDTM','ASTDY','AENDTM','AENDY','CMSEQ','ATC1','ATC2','ATC3','ATC4','CMINDC','CMDOSE','CMTRT','CMDOSU','CMROUTE','CMDOSFRQ','CMASTDTM','CMAENDTM','ATIREL2','CMDECOD2','CMINDC2','CMDOSE2','CMDOSU2','CMROUTE2','CMDOSFRQ2','ASTDY2','AENDY2'}, but has additional elements {'CMTRT2'}.
{shiny}      R  stderr -----------   162: &lt;Anonymous&gt;
{shiny}      R  stderr -----------   161: stop
{shiny}      R  stderr -----------   160: selector_list
{shiny}      R  stderr -----------   159: teal.transform::compose_and_enable_validators
{shiny}      R  stderr -----------   158: &lt;reactive&gt;
{shiny}      R  stderr -----------   142: iv_r
{shiny}      R  stderr -----------   135: &lt;reactive&gt;
{shiny}      R  stderr -----------   119: plot_r
{shiny}      R  stderr -----------   110: renderUI
{shiny}      R  stderr -----------   109: func
{shiny}      R  stderr -----------    96: renderFunc
{shiny}      R  stderr -----------    95: output$teal-main_ui-root-therapy__e2e_-module-therapy_plot-plot_out_main
{shiny}      R  stderr -----------    14: &lt;Anonymous&gt;
{shiny}      R  stderr -----------    12: &lt;Anonymous&gt;
{shiny}      R  stderr -----------    11: &lt;Anonymous&gt;
{shiny}      R  stderr -----------    10: base::do.call
{shiny}      R  stderr -----------     9: base::saveRDS
{shiny}      R  stderr -----------     8: base::withCallingHandlers
{shiny}      R  stderr -----------     7: doTryCatch
{shiny}      R  stderr -----------     6: tryCatchOne
{shiny}      R  stderr -----------     5: tryCatchList
{shiny}      R  stderr -----------     2: tryCatchList
{shiny}      R  stderr -----------     1: base::tryCatch
{shiny}      R  stderr ----------- Warning: Error in &lt;Anonymous&gt;: error in evaluating the argument 'code' in selecting a method for function 'eval_code': Assertion on 'subset' failed: Must be a subset of {'','USUBJID','STUDYID','CMCLAS','CMDECOD','ATIREL','CMCAT','COUNTRY','SITEID','SUBJID','AGE','SEX','ARMCD','ARM','ACTARMCD','ACTARM','RACE','TRTSDTM','TRTEDTM','EOSDY','EOSDT','STRATA1','STRATA2','BMRKR1','BMRKR2','REGION1','SAFFL','EOSSTT','EOTSTT','DCSREAS','DTHDT','ASTDTM','ASTDY','AENDTM','AENDY','CMSEQ','ATC1','ATC2','ATC3','ATC4','CMINDC','CMDOSE','CMTRT','CMDOSU','CMROUTE','CMDOSFRQ','CMASTDTM','CMAENDTM','ATIREL2','CMDECOD2','CMINDC2','CMDOSE2','CMDOSU2','CMROUTE2','CMDOSFRQ2','ASTDY2','AENDY2'}, but has additional elements {'CMTRT2'}.
{shiny}      R  stderr -----------   14: &lt;Anonymous&gt;
{shiny}      R  stderr -----------   12: &lt;Anonymous&gt;
{shiny}      R  stderr -----------   11: &lt;Anonymous&gt;
{shiny}      R  stderr -----------   10: base::do.call
{shiny}      R  stderr -----------    9: base::saveRDS
{shiny}      R  stderr -----------    8: base::withCallingHandlers
{shiny}      R  stderr -----------    7: doTryCatch
{shiny}      R  stderr -----------    6: tryCatchOne
{shiny}      R  stderr -----------    5: tryCatchList
{shiny}      R  stderr -----------    2: tryCatchList
{shiny}      R  stderr -----------    1: base::tryCatch


Caused by error in `app_initialize_()`:
! Shiny app did not become stable in 1e+05ms.
Message: An error occurred while waiting for Shiny to be stable
Caused by error in `app_wait_for_idle()`:
! An error occurred while waiting for Shiny to be stable
Backtrace:
     x
  1. +-teal.modules.clinical (local) app_driver_tm_g_pp_therapy() at test-shinytest2-tm_g_pp_therapy.R:189:5
  2. | \-teal.modules.clinical:::init_teal_app_driver(...) at test-shinytest2-tm_g_pp_therapy.R:31:3
  3. |   +-testthat::with_mocked_bindings(...) at tests/testthat/helper-TealAppDriver.R:7:3
  4. |   \-TealAppDriver$new(...) at tests/testthat/helper-TealAppDriver.R:10:7
  5. |     \-teal (local) initialize(...)
  6. |       +-base::suppressWarnings(...)
  7. |       | \-base::withCallingHandlers(...)
  8. |       \-super$initialize(...)
  9. |         \-shinytest2:::app_initialize(...)
 10. |           +-base::withCallingHandlers(...)
 11. |           \-shinytest2:::app_initialize_(self, private, ..., view = view)
 12. |             +-base::withCallingHandlers(...)
 13. |             \-self$wait_for_idle(duration = 200, timeout = private$load_timeout)
 14. |               \-shinytest2:::app_wait_for_idle(...)
 15. |                 \-shinytest2:::app_abort(self, private, "An error occurred while waiting for Shiny to be stable")
 16. |                   \-rlang::abort(..., app = self, call = call)
 17. |                     \-rlang:::signal_abort(cnd, .file)
 18. |                       \-base::signalCondition(cnd)
 19. +-shinytest2 (local) `&lt;fn&gt;`(`&lt;rlng_rrr&gt;`)
 20. | \-shinytest2:::app_abort(...)
 21. |   \-rlang::abort(..., app = self, call = call)
 22. |     \-rlang:::signal_abort(cnd, .file)
 23. |       \-base::signalCondition(cnd)
 24. \-shinytest2 (local) `&lt;fn&gt;`(`&lt;rlng_rrr&gt;`)
 25.   \-shinytest2:::app_abort(...)
 26.     \-rlang::abort(..., app = self, call = call)</error>
    </testcase>
    <testcase time="103.164" classname="shinytest2_tm_g_pp_therapy" name="e2e_tm_g_pp_therapy_Selection_of_cmdosfrq_changes_the_element_and_does_not_throw_validation_errors">
      <error type="error" message="Error in `app_initialize(self, private, app_dir = app_dir, ..., load_timeout = load_timeout,  ('test-shinytest2-tm_g_pp_therapy.R:162:9')">Error in `app_initialize(self, private, app_dir = app_dir, ..., load_timeout = load_timeout, 
    timeout = timeout, wait = wait, expect_values_screenshot_args = expect_values_screenshot_args, 
    screenshot_args = screenshot_args, check_names = check_names, 
    name = name, variant = variant, view = view, height = height, 
    width = width, seed = seed, clean_logs = clean_logs, shiny_args = shiny_args, 
    render_args = render_args, options = options)`: Shiny app did not become stable in 1e+05ms.
Message: An error occurred while waiting for Shiny to be stable
Caused by error in `app_wait_for_idle()`:
! An error occurred while waiting for Shiny to be stable


i You can inspect the failed AppDriver object via `rlang::last_error()$app`
i AppDriver logs:
{shinytest2} R  info   19:48:49.28 Start AppDriver initialization
{shinytest2} R  info   19:48:49.31 Starting Shiny app
{shinytest2} R  info   19:48:51.53 Creating new ChromoteSession
{shinytest2} R  info   19:48:51.55 Navigating to Shiny app
{shinytest2} R  info   19:48:51.65 Injecting shiny-tracer.js
{chromote}   JS info   19:48:51.66 shinytest2; jQuery not found
{chromote}   JS info   19:48:51.66 shinytest2; Loaded
{shinytest2} R  info   19:48:51.66 Waiting for Shiny to become ready
{chromote}   JS info   19:48:51.75 shinytest2; jQuery found
{chromote}   JS info   19:48:51.75 shinytest2; Waiting for shiny session to connect
{chromote}   JS info   19:48:51.87 shinytest2; Connected
{chromote}   JS info   19:48:51.92 shinytest2; shiny:busy
{shinytest2} R  info   19:48:51.97 Waiting for Shiny to become idle for 200ms within 1e+05ms
{chromote}   JS info   19:48:51.97 shinytest2; Waiting for Shiny to be stable
{chromote}   JS info   19:48:53.17 shinytest2; shiny:idle
{chromote}   JS info   19:48:53.17 shinytest2; shiny:value teal-identifier
{chromote}   JS info   19:48:53.17 shinytest2; shiny:value error
{chromote}   JS info   19:48:53.17 shinytest2; shiny:busy
{chromote}   JS info   19:48:53.17 shinytest2; shiny:idle
{chromote}   JS info   19:48:53.19 shinytest2; shiny:busy
{shinytest2} R  info   19:50:31.98 Error while initializing AppDriver:
                                   Shiny app did not become stable in 1e+05ms.
                                   Message: An error occurred while waiting for Shiny to be stable
                                   Caused by error in `app_wait_for_idle()`:
                                   ! An error occurred while waiting for Shiny to be stable
{shiny}      R  stderr ----------- Loading required package: shiny
{shiny}      R  stderr ----------- Attempting to load the environment ‘package:dplyr’
{shiny}      R  stderr ----------- 
{shiny}      R  stderr ----------- Attaching package: ‘dplyr’
{shiny}      R  stderr ----------- 
{shiny}      R  stderr ----------- The following objects are masked from ‘package:stats’:
{shiny}      R  stderr ----------- 
{shiny}      R  stderr -----------     filter, lag
{shiny}      R  stderr ----------- 
{shiny}      R  stderr ----------- The following objects are masked from ‘package:base’:
{shiny}      R  stderr ----------- 
{shiny}      R  stderr -----------     intersect, setdiff, setequal, union
{shiny}      R  stderr ----------- 
{shiny}      R  stderr ----------- Loading required package: teal
{shiny}      R  stderr ----------- Loading required package: teal.data
{shiny}      R  stderr ----------- Loading required package: teal.code
{shiny}      R  stderr ----------- Loading required package: teal.slice
{shiny}      R  stderr ----------- 
{shiny}      R  stderr ----------- You are using teal version 0.15.2.9032
{shiny}      R  stderr ----------- 
{shiny}      R  stderr ----------- Attaching package: ‘teal’
{shiny}      R  stderr ----------- 
{shiny}      R  stderr ----------- The following objects are masked from ‘package:teal.slice’:
{shiny}      R  stderr ----------- 
{shiny}      R  stderr -----------     as.teal_slices, teal_slices
{shiny}      R  stderr ----------- 
{shiny}      R  stderr ----------- Loading required package: teal.transform
{shiny}      R  stderr ----------- Loading required package: tern
{shiny}      R  stderr ----------- Loading required package: rtables
{shiny}      R  stderr ----------- Loading required package: formatters
{shiny}      R  stderr ----------- Loading required package: magrittr
{shiny}      R  stderr ----------- 
{shiny}      R  stderr ----------- Attaching package: ‘rtables’
{shiny}      R  stderr ----------- 
{shiny}      R  stderr ----------- The following object is masked from ‘package:utils’:
{shiny}      R  stderr ----------- 
{shiny}      R  stderr -----------     str
{shiny}      R  stderr ----------- 
{shiny}      R  stderr ----------- Running application in test mode.
{shiny}      R  stderr ----------- 
{shiny}      R  stderr ----------- Listening on http://127.0.0.1:5811
{shiny}      R  stderr ----------- Initializing reporter_previewer_module
{shiny}      R  stderr ----------- Warning: Error in &lt;Anonymous&gt;: error in evaluating the argument 'code' in selecting a method for function 'eval_code': Assertion on 'subset' failed: Must be a subset of {'','USUBJID','STUDYID','CMCLAS','CMDECOD','ATIREL','CMCAT','COUNTRY','SITEID','SUBJID','AGE','SEX','ARMCD','ARM','ACTARMCD','ACTARM','RACE','TRTSDTM','TRTEDTM','EOSDY','EOSDT','STRATA1','STRATA2','BMRKR1','BMRKR2','REGION1','SAFFL','EOSSTT','EOTSTT','DCSREAS','DTHDT','ASTDTM','ASTDY','AENDTM','AENDY','CMSEQ','ATC1','ATC2','ATC3','ATC4','CMINDC','CMDOSE','CMTRT','CMDOSU','CMROUTE','CMDOSFRQ','CMASTDTM','CMAENDTM','ATIREL2','CMDECOD2','CMINDC2','CMDOSE2','CMDOSU2','CMROUTE2','CMDOSFRQ2','ASTDY2','AENDY2'}, but has additional elements {'CMTRT2'}.
{shiny}      R  stderr -----------   241: &lt;Anonymous&gt;
{shiny}      R  stderr -----------   240: stop
{shiny}      R  stderr -----------   239: mstop
{shiny}      R  stderr -----------   238: makeAssertion
{shiny}      R  stderr -----------   237: checkmate::assert_subset
{shiny}      R  stderr -----------   236: variable_choices.data.frame
{shiny}      R  stderr -----------   233: resolve.delayed_variable_choices
{shiny}      R  stderr -----------   231: resolve.delayed_select_spec
{shiny}      R  stderr -----------   229: resolve.delayed_data_extract_spec
{shiny}      R  stderr -----------   227: resolve_delayed.list
{shiny}      R  stderr -----------   213: module
{shiny}      R  stderr -----------   208: callModule
{shiny}      R  stderr -----------   207: moduleServer
{shiny}      R  stderr -----------   206: data_extract_single_srv
{shiny}      R  stderr -----------   205: FUN
{shiny}      R  stderr -----------   204: lapply
{shiny}      R  stderr -----------   203: module
{shiny}      R  stderr -----------   198: callModule
{shiny}      R  stderr -----------   197: moduleServer
{shiny}      R  stderr -----------   196: data_extract_srv.list
{shiny}      R  stderr -----------   194: FUN
{shiny}      R  stderr -----------   193: lapply
{shiny}      R  stderr -----------   192: sapply
{shiny}      R  stderr -----------   191: &lt;reactive&gt;
{shiny}      R  stderr -----------   175: selector_list
{shiny}      R  stderr -----------   170: &lt;reactive&gt;
{shiny}      R  stderr -----------   154: anl_inputs
{shiny}      R  stderr -----------   153: as.expression
{shiny}      R  stderr -----------   152: teal.code::eval_code
{shiny}      R  stderr -----------   151: %&gt;%
{shiny}      R  stderr -----------   150: &lt;reactive&gt;
{shiny}      R  stderr -----------   134: merged$anl_q
{shiny}      R  stderr -----------   128: &lt;reactive&gt;
{shiny}      R  stderr -----------   112: all_q
{shiny}      R  stderr -----------   110: renderText
{shiny}      R  stderr -----------   109: func
{shiny}      R  stderr -----------    96: renderFunc
{shiny}      R  stderr -----------    95: output$teal-main_ui-root-therapy__e2e_-module-title
{shiny}      R  stderr -----------    14: &lt;Anonymous&gt;
{shiny}      R  stderr -----------    12: &lt;Anonymous&gt;
{shiny}      R  stderr -----------    11: &lt;Anonymous&gt;
{shiny}      R  stderr -----------    10: base::do.call
{shiny}      R  stderr -----------     9: base::saveRDS
{shiny}      R  stderr -----------     8: base::withCallingHandlers
{shiny}      R  stderr -----------     7: doTryCatch
{shiny}      R  stderr -----------     6: tryCatchOne
{shiny}      R  stderr -----------     5: tryCatchList
{shiny}      R  stderr -----------     2: tryCatchList
{shiny}      R  stderr -----------     1: base::tryCatch
{shiny}      R  stderr ----------- Warning: Error in &lt;Anonymous&gt;: error in evaluating the argument 'code' in selecting a method for function 'eval_code': Assertion on 'subset' failed: Must be a subset of {'','USUBJID','STUDYID','CMCLAS','CMDECOD','ATIREL','CMCAT','COUNTRY','SITEID','SUBJID','AGE','SEX','ARMCD','ARM','ACTARMCD','ACTARM','RACE','TRTSDTM','TRTEDTM','EOSDY','EOSDT','STRATA1','STRATA2','BMRKR1','BMRKR2','REGION1','SAFFL','EOSSTT','EOTSTT','DCSREAS','DTHDT','ASTDTM','ASTDY','AENDTM','AENDY','CMSEQ','ATC1','ATC2','ATC3','ATC4','CMINDC','CMDOSE','CMTRT','CMDOSU','CMROUTE','CMDOSFRQ','CMASTDTM','CMAENDTM','ATIREL2','CMDECOD2','CMINDC2','CMDOSE2','CMDOSU2','CMROUTE2','CMDOSFRQ2','ASTDY2','AENDY2'}, but has additional elements {'CMTRT2'}.
{shiny}      R  stderr -----------   122: &lt;Anonymous&gt;
{shiny}      R  stderr -----------   121: stop
{shiny}      R  stderr -----------   120: all_q
{shiny}      R  stderr -----------   117: exprFunc
{shiny}      R  stderr -----------   116: widgetFunc
{shiny}      R  stderr -----------   115: ::
{shiny}      R  stderr ----------- htmlwidgets
{shiny}      R  stderr ----------- shinyRenderWidget
{shiny}      R  stderr -----------   114: func
{shiny}      R  stderr -----------   101: renderFunc
{shiny}      R  stderr -----------   100: renderFunc
{shiny}      R  stderr -----------    96: renderFunc
{shiny}      R  stderr -----------    95: output$teal-main_ui-root-therapy__e2e_-module-therapy_table
{shiny}      R  stderr -----------    14: &lt;Anonymous&gt;
{shiny}      R  stderr -----------    12: &lt;Anonymous&gt;
{shiny}      R  stderr -----------    11: &lt;Anonymous&gt;
{shiny}      R  stderr -----------    10: base::do.call
{shiny}      R  stderr -----------     9: base::saveRDS
{shiny}      R  stderr -----------     8: base::withCallingHandlers
{shiny}      R  stderr -----------     7: doTryCatch
{shiny}      R  stderr -----------     6: tryCatchOne
{shiny}      R  stderr -----------     5: tryCatchList
{shiny}      R  stderr -----------     2: tryCatchList
{shiny}      R  stderr -----------     1: base::tryCatch
{shiny}      R  stderr ----------- Warning: Error in variable_choices.data.frame: Assertion on 'subset' failed: Must be a subset of {'','USUBJID','STUDYID','CMCLAS','CMDECOD','ATIREL','CMCAT','COUNTRY','SITEID','SUBJID','AGE','SEX','ARMCD','ARM','ACTARMCD','ACTARM','RACE','TRTSDTM','TRTEDTM','EOSDY','EOSDT','STRATA1','STRATA2','BMRKR1','BMRKR2','REGION1','SAFFL','EOSSTT','EOTSTT','DCSREAS','DTHDT','ASTDTM','ASTDY','AENDTM','AENDY','CMSEQ','ATC1','ATC2','ATC3','ATC4','CMINDC','CMDOSE','CMTRT','CMDOSU','CMROUTE','CMDOSFRQ','CMASTDTM','CMAENDTM','ATIREL2','CMDECOD2','CMINDC2','CMDOSE2','CMDOSU2','CMROUTE2','CMDOSFRQ2','ASTDY2','AENDY2'}, but has additional elements {'CMTRT2'}.
{shiny}      R  stderr -----------   162: &lt;Anonymous&gt;
{shiny}      R  stderr -----------   161: stop
{shiny}      R  stderr -----------   160: selector_list
{shiny}      R  stderr -----------   159: teal.transform::compose_and_enable_validators
{shiny}      R  stderr -----------   158: &lt;reactive&gt;
{shiny}      R  stderr -----------   142: iv_r
{shiny}      R  stderr -----------   135: &lt;reactive&gt;
{shiny}      R  stderr -----------   119: plot_r
{shiny}      R  stderr -----------   110: renderUI
{shiny}      R  stderr -----------   109: func
{shiny}      R  stderr -----------    96: renderFunc
{shiny}      R  stderr -----------    95: output$teal-main_ui-root-therapy__e2e_-module-therapy_plot-plot_out_main
{shiny}      R  stderr -----------    14: &lt;Anonymous&gt;
{shiny}      R  stderr -----------    12: &lt;Anonymous&gt;
{shiny}      R  stderr -----------    11: &lt;Anonymous&gt;
{shiny}      R  stderr -----------    10: base::do.call
{shiny}      R  stderr -----------     9: base::saveRDS
{shiny}      R  stderr -----------     8: base::withCallingHandlers
{shiny}      R  stderr -----------     7: doTryCatch
{shiny}      R  stderr -----------     6: tryCatchOne
{shiny}      R  stderr -----------     5: tryCatchList
{shiny}      R  stderr -----------     2: tryCatchList
{shiny}      R  stderr -----------     1: base::tryCatch
{shiny}      R  stderr ----------- Warning: Error in &lt;Anonymous&gt;: error in evaluating the argument 'code' in selecting a method for function 'eval_code': Assertion on 'subset' failed: Must be a subset of {'','USUBJID','STUDYID','CMCLAS','CMDECOD','ATIREL','CMCAT','COUNTRY','SITEID','SUBJID','AGE','SEX','ARMCD','ARM','ACTARMCD','ACTARM','RACE','TRTSDTM','TRTEDTM','EOSDY','EOSDT','STRATA1','STRATA2','BMRKR1','BMRKR2','REGION1','SAFFL','EOSSTT','EOTSTT','DCSREAS','DTHDT','ASTDTM','ASTDY','AENDTM','AENDY','CMSEQ','ATC1','ATC2','ATC3','ATC4','CMINDC','CMDOSE','CMTRT','CMDOSU','CMROUTE','CMDOSFRQ','CMASTDTM','CMAENDTM','ATIREL2','CMDECOD2','CMINDC2','CMDOSE2','CMDOSU2','CMROUTE2','CMDOSFRQ2','ASTDY2','AENDY2'}, but has additional elements {'CMTRT2'}.
{shiny}      R  stderr -----------   14: &lt;Anonymous&gt;
{shiny}      R  stderr -----------   12: &lt;Anonymous&gt;
{shiny}      R  stderr -----------   11: &lt;Anonymous&gt;
{shiny}      R  stderr -----------   10: base::do.call
{shiny}      R  stderr -----------    9: base::saveRDS
{shiny}      R  stderr -----------    8: base::withCallingHandlers
{shiny}      R  stderr -----------    7: doTryCatch
{shiny}      R  stderr -----------    6: tryCatchOne
{shiny}      R  stderr -----------    5: tryCatchList
{shiny}      R  stderr -----------    2: tryCatchList
{shiny}      R  stderr -----------    1: base::tryCatch


Caused by error in `app_initialize_()`:
! Shiny app did not become stable in 1e+05ms.
Message: An error occurred while waiting for Shiny to be stable
Caused by error in `app_wait_for_idle()`:
! An error occurred while waiting for Shiny to be stable
Backtrace:
     x
  1. +-teal.modules.clinical (local) app_driver_tm_g_pp_therapy() at test-shinytest2-tm_g_pp_therapy.R:162:9
  2. | \-teal.modules.clinical:::init_teal_app_driver(...) at test-shinytest2-tm_g_pp_therapy.R:31:3
  3. |   +-testthat::with_mocked_bindings(...) at tests/testthat/helper-TealAppDriver.R:7:3
  4. |   \-TealAppDriver$new(...) at tests/testthat/helper-TealAppDriver.R:10:7
  5. |     \-teal (local) initialize(...)
  6. |       +-base::suppressWarnings(...)
  7. |       | \-base::withCallingHandlers(...)
  8. |       \-super$initialize(...)
  9. |         \-shinytest2:::app_initialize(...)
 10. |           +-base::withCallingHandlers(...)
 11. |           \-shinytest2:::app_initialize_(self, private, ..., view = view)
 12. |             +-base::withCallingHandlers(...)
 13. |             \-self$wait_for_idle(duration = 200, timeout = private$load_timeout)
 14. |               \-shinytest2:::app_wait_for_idle(...)
 15. |                 \-shinytest2:::app_abort(self, private, "An error occurred while waiting for Shiny to be stable")
 16. |                   \-rlang::abort(..., app = self, call = call)
 17. |                     \-rlang:::signal_abort(cnd, .file)
 18. |                       \-base::signalCondition(cnd)
 19. +-shinytest2 (local) `&lt;fn&gt;`(`&lt;rlng_rrr&gt;`)
 20. | \-shinytest2:::app_abort(...)
 21. |   \-rlang::abort(..., app = self, call = call)
 22. |     \-rlang:::signal_abort(cnd, .file)
 23. |       \-base::signalCondition(cnd)
 24. \-shinytest2 (local) `&lt;fn&gt;`(`&lt;rlng_rrr&gt;`)
 25.   \-shinytest2:::app_abort(...)
 26.     \-rlang::abort(..., app = self, call = call)</error>
    </testcase>
    <testcase time="102.931" classname="shinytest2_tm_g_pp_therapy" name="e2e_tm_g_pp_therapy_Deselection_of_cmdosfrq_dataset_ADCM_singleextract_select_throws_validation_error.">
      <error type="error" message="Error in `app_initialize(self, private, app_dir = app_dir, ..., load_timeout = load_timeout,  ('test-shinytest2-tm_g_pp_therapy.R:189:5')">Error in `app_initialize(self, private, app_dir = app_dir, ..., load_timeout = load_timeout, 
    timeout = timeout, wait = wait, expect_values_screenshot_args = expect_values_screenshot_args, 
    screenshot_args = screenshot_args, check_names = check_names, 
    name = name, variant = variant, view = view, height = height, 
    width = width, seed = seed, clean_logs = clean_logs, shiny_args = shiny_args, 
    render_args = render_args, options = options)`: Shiny app did not become stable in 1e+05ms.
Message: An error occurred while waiting for Shiny to be stable
Caused by error in `app_wait_for_idle()`:
! An error occurred while waiting for Shiny to be stable


i You can inspect the failed AppDriver object via `rlang::last_error()$app`
i AppDriver logs:
{shinytest2} R  info   19:50:32.41 Start AppDriver initialization
{shinytest2} R  info   19:50:32.44 Starting Shiny app
{shinytest2} R  info   19:50:34.46 Creating new ChromoteSession
{shinytest2} R  info   19:50:34.48 Navigating to Shiny app
{shinytest2} R  info   19:50:34.58 Injecting shiny-tracer.js
{chromote}   JS info   19:50:34.59 shinytest2; jQuery not found
{chromote}   JS info   19:50:34.59 shinytest2; Loaded
{shinytest2} R  info   19:50:34.59 Waiting for Shiny to become ready
{chromote}   JS info   19:50:34.68 shinytest2; jQuery found
{chromote}   JS info   19:50:34.68 shinytest2; Waiting for shiny session to connect
{chromote}   JS info   19:50:34.81 shinytest2; Connected
{chromote}   JS info   19:50:34.85 shinytest2; shiny:busy
{shinytest2} R  info   19:50:34.90 Waiting for Shiny to become idle for 200ms within 1e+05ms
{chromote}   JS info   19:50:34.90 shinytest2; Waiting for Shiny to be stable
{chromote}   JS info   19:50:36.14 shinytest2; shiny:idle
{chromote}   JS info   19:50:36.14 shinytest2; shiny:value teal-identifier
{chromote}   JS info   19:50:36.14 shinytest2; shiny:value error
{chromote}   JS info   19:50:36.14 shinytest2; shiny:busy
{chromote}   JS info   19:50:36.14 shinytest2; shiny:idle
{chromote}   JS info   19:50:36.16 shinytest2; shiny:busy
{shinytest2} R  info   19:52:14.91 Error while initializing AppDriver:
                                   Shiny app did not become stable in 1e+05ms.
                                   Message: An error occurred while waiting for Shiny to be stable
                                   Caused by error in `app_wait_for_idle()`:
                                   ! An error occurred while waiting for Shiny to be stable
{shiny}      R  stderr ----------- Loading required package: shiny
{shiny}      R  stderr ----------- Attempting to load the environment ‘package:dplyr’
{shiny}      R  stderr ----------- 
{shiny}      R  stderr ----------- Attaching package: ‘dplyr’
{shiny}      R  stderr ----------- 
{shiny}      R  stderr ----------- The following objects are masked from ‘package:stats’:
{shiny}      R  stderr ----------- 
{shiny}      R  stderr -----------     filter, lag
{shiny}      R  stderr ----------- 
{shiny}      R  stderr ----------- The following objects are masked from ‘package:base’:
{shiny}      R  stderr ----------- 
{shiny}      R  stderr -----------     intersect, setdiff, setequal, union
{shiny}      R  stderr ----------- 
{shiny}      R  stderr ----------- Loading required package: teal
{shiny}      R  stderr ----------- Loading required package: teal.data
{shiny}      R  stderr ----------- Loading required package: teal.code
{shiny}      R  stderr ----------- Loading required package: teal.slice
{shiny}      R  stderr ----------- 
{shiny}      R  stderr ----------- You are using teal version 0.15.2.9032
{shiny}      R  stderr ----------- 
{shiny}      R  stderr ----------- Attaching package: ‘teal’
{shiny}      R  stderr ----------- 
{shiny}      R  stderr ----------- The following objects are masked from ‘package:teal.slice’:
{shiny}      R  stderr ----------- 
{shiny}      R  stderr -----------     as.teal_slices, teal_slices
{shiny}      R  stderr ----------- 
{shiny}      R  stderr ----------- Loading required package: teal.transform
{shiny}      R  stderr ----------- Loading required package: tern
{shiny}      R  stderr ----------- Loading required package: rtables
{shiny}      R  stderr ----------- Loading required package: formatters
{shiny}      R  stderr ----------- Loading required package: magrittr
{shiny}      R  stderr ----------- 
{shiny}      R  stderr ----------- Attaching package: ‘rtables’
{shiny}      R  stderr ----------- 
{shiny}      R  stderr ----------- The following object is masked from ‘package:utils’:
{shiny}      R  stderr ----------- 
{shiny}      R  stderr -----------     str
{shiny}      R  stderr ----------- 
{shiny}      R  stderr ----------- Running application in test mode.
{shiny}      R  stderr ----------- 
{shiny}      R  stderr ----------- Listening on http://127.0.0.1:4819
{shiny}      R  stderr ----------- Initializing reporter_previewer_module
{shiny}      R  stderr ----------- Warning: Error in &lt;Anonymous&gt;: error in evaluating the argument 'code' in selecting a method for function 'eval_code': Assertion on 'subset' failed: Must be a subset of {'','USUBJID','STUDYID','CMCLAS','CMDECOD','ATIREL','CMCAT','COUNTRY','SITEID','SUBJID','AGE','SEX','ARMCD','ARM','ACTARMCD','ACTARM','RACE','TRTSDTM','TRTEDTM','EOSDY','EOSDT','STRATA1','STRATA2','BMRKR1','BMRKR2','REGION1','SAFFL','EOSSTT','EOTSTT','DCSREAS','DTHDT','ASTDTM','ASTDY','AENDTM','AENDY','CMSEQ','ATC1','ATC2','ATC3','ATC4','CMINDC','CMDOSE','CMTRT','CMDOSU','CMROUTE','CMDOSFRQ','CMASTDTM','CMAENDTM','ATIREL2','CMDECOD2','CMINDC2','CMDOSE2','CMDOSU2','CMROUTE2','CMDOSFRQ2','ASTDY2','AENDY2'}, but has additional elements {'CMTRT2'}.
{shiny}      R  stderr -----------   241: &lt;Anonymous&gt;
{shiny}      R  stderr -----------   240: stop
{shiny}      R  stderr -----------   239: mstop
{shiny}      R  stderr -----------   238: makeAssertion
{shiny}      R  stderr -----------   237: checkmate::assert_subset
{shiny}      R  stderr -----------   236: variable_choices.data.frame
{shiny}      R  stderr -----------   233: resolve.delayed_variable_choices
{shiny}      R  stderr -----------   231: resolve.delayed_select_spec
{shiny}      R  stderr -----------   229: resolve.delayed_data_extract_spec
{shiny}      R  stderr -----------   227: resolve_delayed.list
{shiny}      R  stderr -----------   213: module
{shiny}      R  stderr -----------   208: callModule
{shiny}      R  stderr -----------   207: moduleServer
{shiny}      R  stderr -----------   206: data_extract_single_srv
{shiny}      R  stderr -----------   205: FUN
{shiny}      R  stderr -----------   204: lapply
{shiny}      R  stderr -----------   203: module
{shiny}      R  stderr -----------   198: callModule
{shiny}      R  stderr -----------   197: moduleServer
{shiny}      R  stderr -----------   196: data_extract_srv.list
{shiny}      R  stderr -----------   194: FUN
{shiny}      R  stderr -----------   193: lapply
{shiny}      R  stderr -----------   192: sapply
{shiny}      R  stderr -----------   191: &lt;reactive&gt;
{shiny}      R  stderr -----------   175: selector_list
{shiny}      R  stderr -----------   170: &lt;reactive&gt;
{shiny}      R  stderr -----------   154: anl_inputs
{shiny}      R  stderr -----------   153: as.expression
{shiny}      R  stderr -----------   152: teal.code::eval_code
{shiny}      R  stderr -----------   151: %&gt;%
{shiny}      R  stderr -----------   150: &lt;reactive&gt;
{shiny}      R  stderr -----------   134: merged$anl_q
{shiny}      R  stderr -----------   128: &lt;reactive&gt;
{shiny}      R  stderr -----------   112: all_q
{shiny}      R  stderr -----------   110: renderText
{shiny}      R  stderr -----------   109: func
{shiny}      R  stderr -----------    96: renderFunc
{shiny}      R  stderr -----------    95: output$teal-main_ui-root-therapy__e2e_-module-title
{shiny}      R  stderr -----------    14: &lt;Anonymous&gt;
{shiny}      R  stderr -----------    12: &lt;Anonymous&gt;
{shiny}      R  stderr -----------    11: &lt;Anonymous&gt;
{shiny}      R  stderr -----------    10: base::do.call
{shiny}      R  stderr -----------     9: base::saveRDS
{shiny}      R  stderr -----------     8: base::withCallingHandlers
{shiny}      R  stderr -----------     7: doTryCatch
{shiny}      R  stderr -----------     6: tryCatchOne
{shiny}      R  stderr -----------     5: tryCatchList
{shiny}      R  stderr -----------     2: tryCatchList
{shiny}      R  stderr -----------     1: base::tryCatch
{shiny}      R  stderr ----------- Warning: Error in &lt;Anonymous&gt;: error in evaluating the argument 'code' in selecting a method for function 'eval_code': Assertion on 'subset' failed: Must be a subset of {'','USUBJID','STUDYID','CMCLAS','CMDECOD','ATIREL','CMCAT','COUNTRY','SITEID','SUBJID','AGE','SEX','ARMCD','ARM','ACTARMCD','ACTARM','RACE','TRTSDTM','TRTEDTM','EOSDY','EOSDT','STRATA1','STRATA2','BMRKR1','BMRKR2','REGION1','SAFFL','EOSSTT','EOTSTT','DCSREAS','DTHDT','ASTDTM','ASTDY','AENDTM','AENDY','CMSEQ','ATC1','ATC2','ATC3','ATC4','CMINDC','CMDOSE','CMTRT','CMDOSU','CMROUTE','CMDOSFRQ','CMASTDTM','CMAENDTM','ATIREL2','CMDECOD2','CMINDC2','CMDOSE2','CMDOSU2','CMROUTE2','CMDOSFRQ2','ASTDY2','AENDY2'}, but has additional elements {'CMTRT2'}.
{shiny}      R  stderr -----------   122: &lt;Anonymous&gt;
{shiny}      R  stderr -----------   121: stop
{shiny}      R  stderr -----------   120: all_q
{shiny}      R  stderr -----------   117: exprFunc
{shiny}      R  stderr -----------   116: widgetFunc
{shiny}      R  stderr -----------   115: ::
{shiny}      R  stderr ----------- htmlwidgets
{shiny}      R  stderr ----------- shinyRenderWidget
{shiny}      R  stderr -----------   114: func
{shiny}      R  stderr -----------   101: renderFunc
{shiny}      R  stderr -----------   100: renderFunc
{shiny}      R  stderr -----------    96: renderFunc
{shiny}      R  stderr -----------    95: output$teal-main_ui-root-therapy__e2e_-module-therapy_table
{shiny}      R  stderr -----------    14: &lt;Anonymous&gt;
{shiny}      R  stderr -----------    12: &lt;Anonymous&gt;
{shiny}      R  stderr -----------    11: &lt;Anonymous&gt;
{shiny}      R  stderr -----------    10: base::do.call
{shiny}      R  stderr -----------     9: base::saveRDS
{shiny}      R  stderr -----------     8: base::withCallingHandlers
{shiny}      R  stderr -----------     7: doTryCatch
{shiny}      R  stderr -----------     6: tryCatchOne
{shiny}      R  stderr -----------     5: tryCatchList
{shiny}      R  stderr -----------     2: tryCatchList
{shiny}      R  stderr -----------     1: base::tryCatch
{shiny}      R  stderr ----------- Warning: Error in variable_choices.data.frame: Assertion on 'subset' failed: Must be a subset of {'','USUBJID','STUDYID','CMCLAS','CMDECOD','ATIREL','CMCAT','COUNTRY','SITEID','SUBJID','AGE','SEX','ARMCD','ARM','ACTARMCD','ACTARM','RACE','TRTSDTM','TRTEDTM','EOSDY','EOSDT','STRATA1','STRATA2','BMRKR1','BMRKR2','REGION1','SAFFL','EOSSTT','EOTSTT','DCSREAS','DTHDT','ASTDTM','ASTDY','AENDTM','AENDY','CMSEQ','ATC1','ATC2','ATC3','ATC4','CMINDC','CMDOSE','CMTRT','CMDOSU','CMROUTE','CMDOSFRQ','CMASTDTM','CMAENDTM','ATIREL2','CMDECOD2','CMINDC2','CMDOSE2','CMDOSU2','CMROUTE2','CMDOSFRQ2','ASTDY2','AENDY2'}, but has additional elements {'CMTRT2'}.
{shiny}      R  stderr -----------   162: &lt;Anonymous&gt;
{shiny}      R  stderr -----------   161: stop
{shiny}      R  stderr -----------   160: selector_list
{shiny}      R  stderr -----------   159: teal.transform::compose_and_enable_validators
{shiny}      R  stderr -----------   158: &lt;reactive&gt;
{shiny}      R  stderr -----------   142: iv_r
{shiny}      R  stderr -----------   135: &lt;reactive&gt;
{shiny}      R  stderr -----------   119: plot_r
{shiny}      R  stderr -----------   110: renderUI
{shiny}      R  stderr -----------   109: func
{shiny}      R  stderr -----------    96: renderFunc
{shiny}      R  stderr -----------    95: output$teal-main_ui-root-therapy__e2e_-module-therapy_plot-plot_out_main
{shiny}      R  stderr -----------    14: &lt;Anonymous&gt;
{shiny}      R  stderr -----------    12: &lt;Anonymous&gt;
{shiny}      R  stderr -----------    11: &lt;Anonymous&gt;
{shiny}      R  stderr -----------    10: base::do.call
{shiny}      R  stderr -----------     9: base::saveRDS
{shiny}      R  stderr -----------     8: base::withCallingHandlers
{shiny}      R  stderr -----------     7: doTryCatch
{shiny}      R  stderr -----------     6: tryCatchOne
{shiny}      R  stderr -----------     5: tryCatchList
{shiny}      R  stderr -----------     2: tryCatchList
{shiny}      R  stderr -----------     1: base::tryCatch
{shiny}      R  stderr ----------- Warning: Error in &lt;Anonymous&gt;: error in evaluating the argument 'code' in selecting a method for function 'eval_code': Assertion on 'subset' failed: Must be a subset of {'','USUBJID','STUDYID','CMCLAS','CMDECOD','ATIREL','CMCAT','COUNTRY','SITEID','SUBJID','AGE','SEX','ARMCD','ARM','ACTARMCD','ACTARM','RACE','TRTSDTM','TRTEDTM','EOSDY','EOSDT','STRATA1','STRATA2','BMRKR1','BMRKR2','REGION1','SAFFL','EOSSTT','EOTSTT','DCSREAS','DTHDT','ASTDTM','ASTDY','AENDTM','AENDY','CMSEQ','ATC1','ATC2','ATC3','ATC4','CMINDC','CMDOSE','CMTRT','CMDOSU','CMROUTE','CMDOSFRQ','CMASTDTM','CMAENDTM','ATIREL2','CMDECOD2','CMINDC2','CMDOSE2','CMDOSU2','CMROUTE2','CMDOSFRQ2','ASTDY2','AENDY2'}, but has additional elements {'CMTRT2'}.
{shiny}      R  stderr -----------   14: &lt;Anonymous&gt;
{shiny}      R  stderr -----------   12: &lt;Anonymous&gt;
{shiny}      R  stderr -----------   11: &lt;Anonymous&gt;
{shiny}      R  stderr -----------   10: base::do.call
{shiny}      R  stderr -----------    9: base::saveRDS
{shiny}      R  stderr -----------    8: base::withCallingHandlers
{shiny}      R  stderr -----------    7: doTryCatch
{shiny}      R  stderr -----------    6: tryCatchOne
{shiny}      R  stderr -----------    5: tryCatchList
{shiny}      R  stderr -----------    2: tryCatchList
{shiny}      R  stderr -----------    1: base::tryCatch


Caused by error in `app_initialize_()`:
! Shiny app did not become stable in 1e+05ms.
Message: An error occurred while waiting for Shiny to be stable
Caused by error in `app_wait_for_idle()`:
! An error occurred while waiting for Shiny to be stable
Backtrace:
     x
  1. +-teal.modules.clinical (local) app_driver_tm_g_pp_therapy() at test-shinytest2-tm_g_pp_therapy.R:189:5
  2. | \-teal.modules.clinical:::init_teal_app_driver(...) at test-shinytest2-tm_g_pp_therapy.R:31:3
  3. |   +-testthat::with_mocked_bindings(...) at tests/testthat/helper-TealAppDriver.R:7:3
  4. |   \-TealAppDriver$new(...) at tests/testthat/helper-TealAppDriver.R:10:7
  5. |     \-teal (local) initialize(...)
  6. |       +-base::suppressWarnings(...)
  7. |       | \-base::withCallingHandlers(...)
  8. |       \-super$initialize(...)
  9. |         \-shinytest2:::app_initialize(...)
 10. |           +-base::withCallingHandlers(...)
 11. |           \-shinytest2:::app_initialize_(self, private, ..., view = view)
 12. |             +-base::withCallingHandlers(...)
 13. |             \-self$wait_for_idle(duration = 200, timeout = private$load_timeout)
 14. |               \-shinytest2:::app_wait_for_idle(...)
 15. |                 \-shinytest2:::app_abort(self, private, "An error occurred while waiting for Shiny to be stable")
 16. |                   \-rlang::abort(..., app = self, call = call)
 17. |                     \-rlang:::signal_abort(cnd, .file)
 18. |                       \-base::signalCondition(cnd)
 19. +-shinytest2 (local) `&lt;fn&gt;`(`&lt;rlng_rrr&gt;`)
 20. | \-shinytest2:::app_abort(...)
 21. |   \-rlang::abort(..., app = self, call = call)
 22. |     \-rlang:::signal_abort(cnd, .file)
 23. |       \-base::signalCondition(cnd)
 24. \-shinytest2 (local) `&lt;fn&gt;`(`&lt;rlng_rrr&gt;`)
 25.   \-shinytest2:::app_abort(...)
 26.     \-rlang::abort(..., app = self, call = call)</error>
    </testcase>
    <testcase time="103.04" classname="shinytest2_tm_g_pp_therapy" name="e2e_tm_g_pp_therapy_Selection_of_cmstdy_changes_the_element_and_does_not_throw_validation_errors">
      <error type="error" message="Error in `app_initialize(self, private, app_dir = app_dir, ..., load_timeout = load_timeout,  ('test-shinytest2-tm_g_pp_therapy.R:162:9')">Error in `app_initialize(self, private, app_dir = app_dir, ..., load_timeout = load_timeout, 
    timeout = timeout, wait = wait, expect_values_screenshot_args = expect_values_screenshot_args, 
    screenshot_args = screenshot_args, check_names = check_names, 
    name = name, variant = variant, view = view, height = height, 
    width = width, seed = seed, clean_logs = clean_logs, shiny_args = shiny_args, 
    render_args = render_args, options = options)`: Shiny app did not become stable in 1e+05ms.
Message: An error occurred while waiting for Shiny to be stable
Caused by error in `app_wait_for_idle()`:
! An error occurred while waiting for Shiny to be stable


i You can inspect the failed AppDriver object via `rlang::last_error()$app`
i AppDriver logs:
{shinytest2} R  info   19:52:15.35 Start AppDriver initialization
{shinytest2} R  info   19:52:15.37 Starting Shiny app
{shinytest2} R  info   19:52:17.40 Creating new ChromoteSession
{shinytest2} R  info   19:52:17.42 Navigating to Shiny app
{shinytest2} R  info   19:52:17.56 Injecting shiny-tracer.js
{chromote}   JS info   19:52:17.57 shinytest2; jQuery not found
{chromote}   JS info   19:52:17.57 shinytest2; Loaded
{shinytest2} R  info   19:52:17.57 Waiting for Shiny to become ready
{chromote}   JS info   19:52:17.67 shinytest2; jQuery found
{chromote}   JS info   19:52:17.67 shinytest2; Waiting for shiny session to connect
{chromote}   JS info   19:52:17.82 shinytest2; Connected
{chromote}   JS info   19:52:17.86 shinytest2; shiny:busy
{shinytest2} R  info   19:52:17.88 Waiting for Shiny to become idle for 200ms within 1e+05ms
{chromote}   JS info   19:52:17.89 shinytest2; Waiting for Shiny to be stable
{chromote}   JS info   19:52:19.10 shinytest2; shiny:idle
{chromote}   JS info   19:52:19.10 shinytest2; shiny:value teal-identifier
{chromote}   JS info   19:52:19.10 shinytest2; shiny:value error
{chromote}   JS info   19:52:19.11 shinytest2; shiny:busy
{chromote}   JS info   19:52:19.11 shinytest2; shiny:idle
{chromote}   JS info   19:52:19.13 shinytest2; shiny:busy
{shinytest2} R  info   19:53:57.90 Error while initializing AppDriver:
                                   Shiny app did not become stable in 1e+05ms.
                                   Message: An error occurred while waiting for Shiny to be stable
                                   Caused by error in `app_wait_for_idle()`:
                                   ! An error occurred while waiting for Shiny to be stable
{shiny}      R  stderr ----------- Loading required package: shiny
{shiny}      R  stderr ----------- Attempting to load the environment ‘package:dplyr’
{shiny}      R  stderr ----------- 
{shiny}      R  stderr ----------- Attaching package: ‘dplyr’
{shiny}      R  stderr ----------- 
{shiny}      R  stderr ----------- The following objects are masked from ‘package:stats’:
{shiny}      R  stderr ----------- 
{shiny}      R  stderr -----------     filter, lag
{shiny}      R  stderr ----------- 
{shiny}      R  stderr ----------- The following objects are masked from ‘package:base’:
{shiny}      R  stderr ----------- 
{shiny}      R  stderr -----------     intersect, setdiff, setequal, union
{shiny}      R  stderr ----------- 
{shiny}      R  stderr ----------- Loading required package: teal
{shiny}      R  stderr ----------- Loading required package: teal.data
{shiny}      R  stderr ----------- Loading required package: teal.code
{shiny}      R  stderr ----------- Loading required package: teal.slice
{shiny}      R  stderr ----------- 
{shiny}      R  stderr ----------- You are using teal version 0.15.2.9032
{shiny}      R  stderr ----------- 
{shiny}      R  stderr ----------- Attaching package: ‘teal’
{shiny}      R  stderr ----------- 
{shiny}      R  stderr ----------- The following objects are masked from ‘package:teal.slice’:
{shiny}      R  stderr ----------- 
{shiny}      R  stderr -----------     as.teal_slices, teal_slices
{shiny}      R  stderr ----------- 
{shiny}      R  stderr ----------- Loading required package: teal.transform
{shiny}      R  stderr ----------- Loading required package: tern
{shiny}      R  stderr ----------- Loading required package: rtables
{shiny}      R  stderr ----------- Loading required package: formatters
{shiny}      R  stderr ----------- Loading required package: magrittr
{shiny}      R  stderr ----------- 
{shiny}      R  stderr ----------- Attaching package: ‘rtables’
{shiny}      R  stderr ----------- 
{shiny}      R  stderr ----------- The following object is masked from ‘package:utils’:
{shiny}      R  stderr ----------- 
{shiny}      R  stderr -----------     str
{shiny}      R  stderr ----------- 
{shiny}      R  stderr ----------- Running application in test mode.
{shiny}      R  stderr ----------- 
{shiny}      R  stderr ----------- Listening on http://127.0.0.1:3622
{shiny}      R  stderr ----------- Initializing reporter_previewer_module
{shiny}      R  stderr ----------- Warning: Error in &lt;Anonymous&gt;: error in evaluating the argument 'code' in selecting a method for function 'eval_code': Assertion on 'subset' failed: Must be a subset of {'','USUBJID','STUDYID','CMCLAS','CMDECOD','ATIREL','CMCAT','COUNTRY','SITEID','SUBJID','AGE','SEX','ARMCD','ARM','ACTARMCD','ACTARM','RACE','TRTSDTM','TRTEDTM','EOSDY','EOSDT','STRATA1','STRATA2','BMRKR1','BMRKR2','REGION1','SAFFL','EOSSTT','EOTSTT','DCSREAS','DTHDT','ASTDTM','ASTDY','AENDTM','AENDY','CMSEQ','ATC1','ATC2','ATC3','ATC4','CMINDC','CMDOSE','CMTRT','CMDOSU','CMROUTE','CMDOSFRQ','CMASTDTM','CMAENDTM','ATIREL2','CMDECOD2','CMINDC2','CMDOSE2','CMDOSU2','CMROUTE2','CMDOSFRQ2','ASTDY2','AENDY2'}, but has additional elements {'CMTRT2'}.
{shiny}      R  stderr -----------   241: &lt;Anonymous&gt;
{shiny}      R  stderr -----------   240: stop
{shiny}      R  stderr -----------   239: mstop
{shiny}      R  stderr -----------   238: makeAssertion
{shiny}      R  stderr -----------   237: checkmate::assert_subset
{shiny}      R  stderr -----------   236: variable_choices.data.frame
{shiny}      R  stderr -----------   233: resolve.delayed_variable_choices
{shiny}      R  stderr -----------   231: resolve.delayed_select_spec
{shiny}      R  stderr -----------   229: resolve.delayed_data_extract_spec
{shiny}      R  stderr -----------   227: resolve_delayed.list
{shiny}      R  stderr -----------   213: module
{shiny}      R  stderr -----------   208: callModule
{shiny}      R  stderr -----------   207: moduleServer
{shiny}      R  stderr -----------   206: data_extract_single_srv
{shiny}      R  stderr -----------   205: FUN
{shiny}      R  stderr -----------   204: lapply
{shiny}      R  stderr -----------   203: module
{shiny}      R  stderr -----------   198: callModule
{shiny}      R  stderr -----------   197: moduleServer
{shiny}      R  stderr -----------   196: data_extract_srv.list
{shiny}      R  stderr -----------   194: FUN
{shiny}      R  stderr -----------   193: lapply
{shiny}      R  stderr -----------   192: sapply
{shiny}      R  stderr -----------   191: &lt;reactive&gt;
{shiny}      R  stderr -----------   175: selector_list
{shiny}      R  stderr -----------   170: &lt;reactive&gt;
{shiny}      R  stderr -----------   154: anl_inputs
{shiny}      R  stderr -----------   153: as.expression
{shiny}      R  stderr -----------   152: teal.code::eval_code
{shiny}      R  stderr -----------   151: %&gt;%
{shiny}      R  stderr -----------   150: &lt;reactive&gt;
{shiny}      R  stderr -----------   134: merged$anl_q
{shiny}      R  stderr -----------   128: &lt;reactive&gt;
{shiny}      R  stderr -----------   112: all_q
{shiny}      R  stderr -----------   110: renderText
{shiny}      R  stderr -----------   109: func
{shiny}      R  stderr -----------    96: renderFunc
{shiny}      R  stderr -----------    95: output$teal-main_ui-root-therapy__e2e_-module-title
{shiny}      R  stderr -----------    14: &lt;Anonymous&gt;
{shiny}      R  stderr -----------    12: &lt;Anonymous&gt;
{shiny}      R  stderr -----------    11: &lt;Anonymous&gt;
{shiny}      R  stderr -----------    10: base::do.call
{shiny}      R  stderr -----------     9: base::saveRDS
{shiny}      R  stderr -----------     8: base::withCallingHandlers
{shiny}      R  stderr -----------     7: doTryCatch
{shiny}      R  stderr -----------     6: tryCatchOne
{shiny}      R  stderr -----------     5: tryCatchList
{shiny}      R  stderr -----------     2: tryCatchList
{shiny}      R  stderr -----------     1: base::tryCatch
{shiny}      R  stderr ----------- Warning: Error in &lt;Anonymous&gt;: error in evaluating the argument 'code' in selecting a method for function 'eval_code': Assertion on 'subset' failed: Must be a subset of {'','USUBJID','STUDYID','CMCLAS','CMDECOD','ATIREL','CMCAT','COUNTRY','SITEID','SUBJID','AGE','SEX','ARMCD','ARM','ACTARMCD','ACTARM','RACE','TRTSDTM','TRTEDTM','EOSDY','EOSDT','STRATA1','STRATA2','BMRKR1','BMRKR2','REGION1','SAFFL','EOSSTT','EOTSTT','DCSREAS','DTHDT','ASTDTM','ASTDY','AENDTM','AENDY','CMSEQ','ATC1','ATC2','ATC3','ATC4','CMINDC','CMDOSE','CMTRT','CMDOSU','CMROUTE','CMDOSFRQ','CMASTDTM','CMAENDTM','ATIREL2','CMDECOD2','CMINDC2','CMDOSE2','CMDOSU2','CMROUTE2','CMDOSFRQ2','ASTDY2','AENDY2'}, but has additional elements {'CMTRT2'}.
{shiny}      R  stderr -----------   122: &lt;Anonymous&gt;
{shiny}      R  stderr -----------   121: stop
{shiny}      R  stderr -----------   120: all_q
{shiny}      R  stderr -----------   117: exprFunc
{shiny}      R  stderr -----------   116: widgetFunc
{shiny}      R  stderr -----------   115: ::
{shiny}      R  stderr ----------- htmlwidgets
{shiny}      R  stderr ----------- shinyRenderWidget
{shiny}      R  stderr -----------   114: func
{shiny}      R  stderr -----------   101: renderFunc
{shiny}      R  stderr -----------   100: renderFunc
{shiny}      R  stderr -----------    96: renderFunc
{shiny}      R  stderr -----------    95: output$teal-main_ui-root-therapy__e2e_-module-therapy_table
{shiny}      R  stderr -----------    14: &lt;Anonymous&gt;
{shiny}      R  stderr -----------    12: &lt;Anonymous&gt;
{shiny}      R  stderr -----------    11: &lt;Anonymous&gt;
{shiny}      R  stderr -----------    10: base::do.call
{shiny}      R  stderr -----------     9: base::saveRDS
{shiny}      R  stderr -----------     8: base::withCallingHandlers
{shiny}      R  stderr -----------     7: doTryCatch
{shiny}      R  stderr -----------     6: tryCatchOne
{shiny}      R  stderr -----------     5: tryCatchList
{shiny}      R  stderr -----------     2: tryCatchList
{shiny}      R  stderr -----------     1: base::tryCatch
{shiny}      R  stderr ----------- Warning: Error in variable_choices.data.frame: Assertion on 'subset' failed: Must be a subset of {'','USUBJID','STUDYID','CMCLAS','CMDECOD','ATIREL','CMCAT','COUNTRY','SITEID','SUBJID','AGE','SEX','ARMCD','ARM','ACTARMCD','ACTARM','RACE','TRTSDTM','TRTEDTM','EOSDY','EOSDT','STRATA1','STRATA2','BMRKR1','BMRKR2','REGION1','SAFFL','EOSSTT','EOTSTT','DCSREAS','DTHDT','ASTDTM','ASTDY','AENDTM','AENDY','CMSEQ','ATC1','ATC2','ATC3','ATC4','CMINDC','CMDOSE','CMTRT','CMDOSU','CMROUTE','CMDOSFRQ','CMASTDTM','CMAENDTM','ATIREL2','CMDECOD2','CMINDC2','CMDOSE2','CMDOSU2','CMROUTE2','CMDOSFRQ2','ASTDY2','AENDY2'}, but has additional elements {'CMTRT2'}.
{shiny}      R  stderr -----------   162: &lt;Anonymous&gt;
{shiny}      R  stderr -----------   161: stop
{shiny}      R  stderr -----------   160: selector_list
{shiny}      R  stderr -----------   159: teal.transform::compose_and_enable_validators
{shiny}      R  stderr -----------   158: &lt;reactive&gt;
{shiny}      R  stderr -----------   142: iv_r
{shiny}      R  stderr -----------   135: &lt;reactive&gt;
{shiny}      R  stderr -----------   119: plot_r
{shiny}      R  stderr -----------   110: renderUI
{shiny}      R  stderr -----------   109: func
{shiny}      R  stderr -----------    96: renderFunc
{shiny}      R  stderr -----------    95: output$teal-main_ui-root-therapy__e2e_-module-therapy_plot-plot_out_main
{shiny}      R  stderr -----------    14: &lt;Anonymous&gt;
{shiny}      R  stderr -----------    12: &lt;Anonymous&gt;
{shiny}      R  stderr -----------    11: &lt;Anonymous&gt;
{shiny}      R  stderr -----------    10: base::do.call
{shiny}      R  stderr -----------     9: base::saveRDS
{shiny}      R  stderr -----------     8: base::withCallingHandlers
{shiny}      R  stderr -----------     7: doTryCatch
{shiny}      R  stderr -----------     6: tryCatchOne
{shiny}      R  stderr -----------     5: tryCatchList
{shiny}      R  stderr -----------     2: tryCatchList
{shiny}      R  stderr -----------     1: base::tryCatch
{shiny}      R  stderr ----------- Warning: Error in &lt;Anonymous&gt;: error in evaluating the argument 'code' in selecting a method for function 'eval_code': Assertion on 'subset' failed: Must be a subset of {'','USUBJID','STUDYID','CMCLAS','CMDECOD','ATIREL','CMCAT','COUNTRY','SITEID','SUBJID','AGE','SEX','ARMCD','ARM','ACTARMCD','ACTARM','RACE','TRTSDTM','TRTEDTM','EOSDY','EOSDT','STRATA1','STRATA2','BMRKR1','BMRKR2','REGION1','SAFFL','EOSSTT','EOTSTT','DCSREAS','DTHDT','ASTDTM','ASTDY','AENDTM','AENDY','CMSEQ','ATC1','ATC2','ATC3','ATC4','CMINDC','CMDOSE','CMTRT','CMDOSU','CMROUTE','CMDOSFRQ','CMASTDTM','CMAENDTM','ATIREL2','CMDECOD2','CMINDC2','CMDOSE2','CMDOSU2','CMROUTE2','CMDOSFRQ2','ASTDY2','AENDY2'}, but has additional elements {'CMTRT2'}.
{shiny}      R  stderr -----------   14: &lt;Anonymous&gt;
{shiny}      R  stderr -----------   12: &lt;Anonymous&gt;
{shiny}      R  stderr -----------   11: &lt;Anonymous&gt;
{shiny}      R  stderr -----------   10: base::do.call
{shiny}      R  stderr -----------    9: base::saveRDS
{shiny}      R  stderr -----------    8: base::withCallingHandlers
{shiny}      R  stderr -----------    7: doTryCatch
{shiny}      R  stderr -----------    6: tryCatchOne
{shiny}      R  stderr -----------    5: tryCatchList
{shiny}      R  stderr -----------    2: tryCatchList
{shiny}      R  stderr -----------    1: base::tryCatch


Caused by error in `app_initialize_()`:
! Shiny app did not become stable in 1e+05ms.
Message: An error occurred while waiting for Shiny to be stable
Caused by error in `app_wait_for_idle()`:
! An error occurred while waiting for Shiny to be stable
Backtrace:
     x
  1. +-teal.modules.clinical (local) app_driver_tm_g_pp_therapy() at test-shinytest2-tm_g_pp_therapy.R:162:9
  2. | \-teal.modules.clinical:::init_teal_app_driver(...) at test-shinytest2-tm_g_pp_therapy.R:31:3
  3. |   +-testthat::with_mocked_bindings(...) at tests/testthat/helper-TealAppDriver.R:7:3
  4. |   \-TealAppDriver$new(...) at tests/testthat/helper-TealAppDriver.R:10:7
  5. |     \-teal (local) initialize(...)
  6. |       +-base::suppressWarnings(...)
  7. |       | \-base::withCallingHandlers(...)
  8. |       \-super$initialize(...)
  9. |         \-shinytest2:::app_initialize(...)
 10. |           +-base::withCallingHandlers(...)
 11. |           \-shinytest2:::app_initialize_(self, private, ..., view = view)
 12. |             +-base::withCallingHandlers(...)
 13. |             \-self$wait_for_idle(duration = 200, timeout = private$load_timeout)
 14. |               \-shinytest2:::app_wait_for_idle(...)
 15. |                 \-shinytest2:::app_abort(self, private, "An error occurred while waiting for Shiny to be stable")
 16. |                   \-rlang::abort(..., app = self, call = call)
 17. |                     \-rlang:::signal_abort(cnd, .file)
 18. |                       \-base::signalCondition(cnd)
 19. +-shinytest2 (local) `&lt;fn&gt;`(`&lt;rlng_rrr&gt;`)
 20. | \-shinytest2:::app_abort(...)
 21. |   \-rlang::abort(..., app = self, call = call)
 22. |     \-rlang:::signal_abort(cnd, .file)
 23. |       \-base::signalCondition(cnd)
 24. \-shinytest2 (local) `&lt;fn&gt;`(`&lt;rlng_rrr&gt;`)
 25.   \-shinytest2:::app_abort(...)
 26.     \-rlang::abort(..., app = self, call = call)</error>
    </testcase>
    <testcase time="103.162" classname="shinytest2_tm_g_pp_therapy" name="e2e_tm_g_pp_therapy_Deselection_of_cmstdy_dataset_ADCM_singleextract_select_throws_validation_error.">
      <error type="error" message="Error in `app_initialize(self, private, app_dir = app_dir, ..., load_timeout = load_timeout,  ('test-shinytest2-tm_g_pp_therapy.R:189:5')">Error in `app_initialize(self, private, app_dir = app_dir, ..., load_timeout = load_timeout, 
    timeout = timeout, wait = wait, expect_values_screenshot_args = expect_values_screenshot_args, 
    screenshot_args = screenshot_args, check_names = check_names, 
    name = name, variant = variant, view = view, height = height, 
    width = width, seed = seed, clean_logs = clean_logs, shiny_args = shiny_args, 
    render_args = render_args, options = options)`: Shiny app did not become stable in 1e+05ms.
Message: An error occurred while waiting for Shiny to be stable
Caused by error in `app_wait_for_idle()`:
! An error occurred while waiting for Shiny to be stable


i You can inspect the failed AppDriver object via `rlang::last_error()$app`
i AppDriver logs:
{shinytest2} R  info   19:53:58.40 Start AppDriver initialization
{shinytest2} R  info   19:53:58.43 Starting Shiny app
{shinytest2} R  info   19:54:00.65 Creating new ChromoteSession
{shinytest2} R  info   19:54:00.67 Navigating to Shiny app
{shinytest2} R  info   19:54:00.78 Injecting shiny-tracer.js
{chromote}   JS info   19:54:00.78 shinytest2; jQuery not found
{chromote}   JS info   19:54:00.78 shinytest2; Loaded
{shinytest2} R  info   19:54:00.79 Waiting for Shiny to become ready
{chromote}   JS info   19:54:00.89 shinytest2; jQuery found
{chromote}   JS info   19:54:00.89 shinytest2; Waiting for shiny session to connect
{chromote}   JS info   19:54:01.01 shinytest2; Connected
{chromote}   JS info   19:54:01.05 shinytest2; shiny:busy
{shinytest2} R  info   19:54:01.10 Waiting for Shiny to become idle for 200ms within 1e+05ms
{chromote}   JS info   19:54:01.10 shinytest2; Waiting for Shiny to be stable
{chromote}   JS info   19:54:02.33 shinytest2; shiny:idle
{chromote}   JS info   19:54:02.33 shinytest2; shiny:value teal-identifier
{chromote}   JS info   19:54:02.33 shinytest2; shiny:value error
{chromote}   JS info   19:54:02.34 shinytest2; shiny:busy
{chromote}   JS info   19:54:02.34 shinytest2; shiny:idle
{chromote}   JS info   19:54:02.36 shinytest2; shiny:busy
{shinytest2} R  info   19:55:41.11 Error while initializing AppDriver:
                                   Shiny app did not become stable in 1e+05ms.
                                   Message: An error occurred while waiting for Shiny to be stable
                                   Caused by error in `app_wait_for_idle()`:
                                   ! An error occurred while waiting for Shiny to be stable
{shiny}      R  stderr ----------- Loading required package: shiny
{shiny}      R  stderr ----------- Attempting to load the environment ‘package:dplyr’
{shiny}      R  stderr ----------- 
{shiny}      R  stderr ----------- Attaching package: ‘dplyr’
{shiny}      R  stderr ----------- 
{shiny}      R  stderr ----------- The following objects are masked from ‘package:stats’:
{shiny}      R  stderr ----------- 
{shiny}      R  stderr -----------     filter, lag
{shiny}      R  stderr ----------- 
{shiny}      R  stderr ----------- The following objects are masked from ‘package:base’:
{shiny}      R  stderr ----------- 
{shiny}      R  stderr -----------     intersect, setdiff, setequal, union
{shiny}      R  stderr ----------- 
{shiny}      R  stderr ----------- Loading required package: teal
{shiny}      R  stderr ----------- Loading required package: teal.data
{shiny}      R  stderr ----------- Loading required package: teal.code
{shiny}      R  stderr ----------- Loading required package: teal.slice
{shiny}      R  stderr ----------- 
{shiny}      R  stderr ----------- You are using teal version 0.15.2.9032
{shiny}      R  stderr ----------- 
{shiny}      R  stderr ----------- Attaching package: ‘teal’
{shiny}      R  stderr ----------- 
{shiny}      R  stderr ----------- The following objects are masked from ‘package:teal.slice’:
{shiny}      R  stderr ----------- 
{shiny}      R  stderr -----------     as.teal_slices, teal_slices
{shiny}      R  stderr ----------- 
{shiny}      R  stderr ----------- Loading required package: teal.transform
{shiny}      R  stderr ----------- Loading required package: tern
{shiny}      R  stderr ----------- Loading required package: rtables
{shiny}      R  stderr ----------- Loading required package: formatters
{shiny}      R  stderr ----------- Loading required package: magrittr
{shiny}      R  stderr ----------- 
{shiny}      R  stderr ----------- Attaching package: ‘rtables’
{shiny}      R  stderr ----------- 
{shiny}      R  stderr ----------- The following object is masked from ‘package:utils’:
{shiny}      R  stderr ----------- 
{shiny}      R  stderr -----------     str
{shiny}      R  stderr ----------- 
{shiny}      R  stderr ----------- Running application in test mode.
{shiny}      R  stderr ----------- 
{shiny}      R  stderr ----------- Listening on http://127.0.0.1:7949
{shiny}      R  stderr ----------- Initializing reporter_previewer_module
{shiny}      R  stderr ----------- Warning: Error in &lt;Anonymous&gt;: error in evaluating the argument 'code' in selecting a method for function 'eval_code': Assertion on 'subset' failed: Must be a subset of {'','USUBJID','STUDYID','CMCLAS','CMDECOD','ATIREL','CMCAT','COUNTRY','SITEID','SUBJID','AGE','SEX','ARMCD','ARM','ACTARMCD','ACTARM','RACE','TRTSDTM','TRTEDTM','EOSDY','EOSDT','STRATA1','STRATA2','BMRKR1','BMRKR2','REGION1','SAFFL','EOSSTT','EOTSTT','DCSREAS','DTHDT','ASTDTM','ASTDY','AENDTM','AENDY','CMSEQ','ATC1','ATC2','ATC3','ATC4','CMINDC','CMDOSE','CMTRT','CMDOSU','CMROUTE','CMDOSFRQ','CMASTDTM','CMAENDTM','ATIREL2','CMDECOD2','CMINDC2','CMDOSE2','CMDOSU2','CMROUTE2','CMDOSFRQ2','ASTDY2','AENDY2'}, but has additional elements {'CMTRT2'}.
{shiny}      R  stderr -----------   241: &lt;Anonymous&gt;
{shiny}      R  stderr -----------   240: stop
{shiny}      R  stderr -----------   239: mstop
{shiny}      R  stderr -----------   238: makeAssertion
{shiny}      R  stderr -----------   237: checkmate::assert_subset
{shiny}      R  stderr -----------   236: variable_choices.data.frame
{shiny}      R  stderr -----------   233: resolve.delayed_variable_choices
{shiny}      R  stderr -----------   231: resolve.delayed_select_spec
{shiny}      R  stderr -----------   229: resolve.delayed_data_extract_spec
{shiny}      R  stderr -----------   227: resolve_delayed.list
{shiny}      R  stderr -----------   213: module
{shiny}      R  stderr -----------   208: callModule
{shiny}      R  stderr -----------   207: moduleServer
{shiny}      R  stderr -----------   206: data_extract_single_srv
{shiny}      R  stderr -----------   205: FUN
{shiny}      R  stderr -----------   204: lapply
{shiny}      R  stderr -----------   203: module
{shiny}      R  stderr -----------   198: callModule
{shiny}      R  stderr -----------   197: moduleServer
{shiny}      R  stderr -----------   196: data_extract_srv.list
{shiny}      R  stderr -----------   194: FUN
{shiny}      R  stderr -----------   193: lapply
{shiny}      R  stderr -----------   192: sapply
{shiny}      R  stderr -----------   191: &lt;reactive&gt;
{shiny}      R  stderr -----------   175: selector_list
{shiny}      R  stderr -----------   170: &lt;reactive&gt;
{shiny}      R  stderr -----------   154: anl_inputs
{shiny}      R  stderr -----------   153: as.expression
{shiny}      R  stderr -----------   152: teal.code::eval_code
{shiny}      R  stderr -----------   151: %&gt;%
{shiny}      R  stderr -----------   150: &lt;reactive&gt;
{shiny}      R  stderr -----------   134: merged$anl_q
{shiny}      R  stderr -----------   128: &lt;reactive&gt;
{shiny}      R  stderr -----------   112: all_q
{shiny}      R  stderr -----------   110: renderText
{shiny}      R  stderr -----------   109: func
{shiny}      R  stderr -----------    96: renderFunc
{shiny}      R  stderr -----------    95: output$teal-main_ui-root-therapy__e2e_-module-title
{shiny}      R  stderr -----------    14: &lt;Anonymous&gt;
{shiny}      R  stderr -----------    12: &lt;Anonymous&gt;
{shiny}      R  stderr -----------    11: &lt;Anonymous&gt;
{shiny}      R  stderr -----------    10: base::do.call
{shiny}      R  stderr -----------     9: base::saveRDS
{shiny}      R  stderr -----------     8: base::withCallingHandlers
{shiny}      R  stderr -----------     7: doTryCatch
{shiny}      R  stderr -----------     6: tryCatchOne
{shiny}      R  stderr -----------     5: tryCatchList
{shiny}      R  stderr -----------     2: tryCatchList
{shiny}      R  stderr -----------     1: base::tryCatch
{shiny}      R  stderr ----------- Warning: Error in &lt;Anonymous&gt;: error in evaluating the argument 'code' in selecting a method for function 'eval_code': Assertion on 'subset' failed: Must be a subset of {'','USUBJID','STUDYID','CMCLAS','CMDECOD','ATIREL','CMCAT','COUNTRY','SITEID','SUBJID','AGE','SEX','ARMCD','ARM','ACTARMCD','ACTARM','RACE','TRTSDTM','TRTEDTM','EOSDY','EOSDT','STRATA1','STRATA2','BMRKR1','BMRKR2','REGION1','SAFFL','EOSSTT','EOTSTT','DCSREAS','DTHDT','ASTDTM','ASTDY','AENDTM','AENDY','CMSEQ','ATC1','ATC2','ATC3','ATC4','CMINDC','CMDOSE','CMTRT','CMDOSU','CMROUTE','CMDOSFRQ','CMASTDTM','CMAENDTM','ATIREL2','CMDECOD2','CMINDC2','CMDOSE2','CMDOSU2','CMROUTE2','CMDOSFRQ2','ASTDY2','AENDY2'}, but has additional elements {'CMTRT2'}.
{shiny}      R  stderr -----------   122: &lt;Anonymous&gt;
{shiny}      R  stderr -----------   121: stop
{shiny}      R  stderr -----------   120: all_q
{shiny}      R  stderr -----------   117: exprFunc
{shiny}      R  stderr -----------   116: widgetFunc
{shiny}      R  stderr -----------   115: ::
{shiny}      R  stderr ----------- htmlwidgets
{shiny}      R  stderr ----------- shinyRenderWidget
{shiny}      R  stderr -----------   114: func
{shiny}      R  stderr -----------   101: renderFunc
{shiny}      R  stderr -----------   100: renderFunc
{shiny}      R  stderr -----------    96: renderFunc
{shiny}      R  stderr -----------    95: output$teal-main_ui-root-therapy__e2e_-module-therapy_table
{shiny}      R  stderr -----------    14: &lt;Anonymous&gt;
{shiny}      R  stderr -----------    12: &lt;Anonymous&gt;
{shiny}      R  stderr -----------    11: &lt;Anonymous&gt;
{shiny}      R  stderr -----------    10: base::do.call
{shiny}      R  stderr -----------     9: base::saveRDS
{shiny}      R  stderr -----------     8: base::withCallingHandlers
{shiny}      R  stderr -----------     7: doTryCatch
{shiny}      R  stderr -----------     6: tryCatchOne
{shiny}      R  stderr -----------     5: tryCatchList
{shiny}      R  stderr -----------     2: tryCatchList
{shiny}      R  stderr -----------     1: base::tryCatch
{shiny}      R  stderr ----------- Warning: Error in variable_choices.data.frame: Assertion on 'subset' failed: Must be a subset of {'','USUBJID','STUDYID','CMCLAS','CMDECOD','ATIREL','CMCAT','COUNTRY','SITEID','SUBJID','AGE','SEX','ARMCD','ARM','ACTARMCD','ACTARM','RACE','TRTSDTM','TRTEDTM','EOSDY','EOSDT','STRATA1','STRATA2','BMRKR1','BMRKR2','REGION1','SAFFL','EOSSTT','EOTSTT','DCSREAS','DTHDT','ASTDTM','ASTDY','AENDTM','AENDY','CMSEQ','ATC1','ATC2','ATC3','ATC4','CMINDC','CMDOSE','CMTRT','CMDOSU','CMROUTE','CMDOSFRQ','CMASTDTM','CMAENDTM','ATIREL2','CMDECOD2','CMINDC2','CMDOSE2','CMDOSU2','CMROUTE2','CMDOSFRQ2','ASTDY2','AENDY2'}, but has additional elements {'CMTRT2'}.
{shiny}      R  stderr -----------   162: &lt;Anonymous&gt;
{shiny}      R  stderr -----------   161: stop
{shiny}      R  stderr -----------   160: selector_list
{shiny}      R  stderr -----------   159: teal.transform::compose_and_enable_validators
{shiny}      R  stderr -----------   158: &lt;reactive&gt;
{shiny}      R  stderr -----------   142: iv_r
{shiny}      R  stderr -----------   135: &lt;reactive&gt;
{shiny}      R  stderr -----------   119: plot_r
{shiny}      R  stderr -----------   110: renderUI
{shiny}      R  stderr -----------   109: func
{shiny}      R  stderr -----------    96: renderFunc
{shiny}      R  stderr -----------    95: output$teal-main_ui-root-therapy__e2e_-module-therapy_plot-plot_out_main
{shiny}      R  stderr -----------    14: &lt;Anonymous&gt;
{shiny}      R  stderr -----------    12: &lt;Anonymous&gt;
{shiny}      R  stderr -----------    11: &lt;Anonymous&gt;
{shiny}      R  stderr -----------    10: base::do.call
{shiny}      R  stderr -----------     9: base::saveRDS
{shiny}      R  stderr -----------     8: base::withCallingHandlers
{shiny}      R  stderr -----------     7: doTryCatch
{shiny}      R  stderr -----------     6: tryCatchOne
{shiny}      R  stderr -----------     5: tryCatchList
{shiny}      R  stderr -----------     2: tryCatchList
{shiny}      R  stderr -----------     1: base::tryCatch
{shiny}      R  stderr ----------- Warning: Error in &lt;Anonymous&gt;: error in evaluating the argument 'code' in selecting a method for function 'eval_code': Assertion on 'subset' failed: Must be a subset of {'','USUBJID','STUDYID','CMCLAS','CMDECOD','ATIREL','CMCAT','COUNTRY','SITEID','SUBJID','AGE','SEX','ARMCD','ARM','ACTARMCD','ACTARM','RACE','TRTSDTM','TRTEDTM','EOSDY','EOSDT','STRATA1','STRATA2','BMRKR1','BMRKR2','REGION1','SAFFL','EOSSTT','EOTSTT','DCSREAS','DTHDT','ASTDTM','ASTDY','AENDTM','AENDY','CMSEQ','ATC1','ATC2','ATC3','ATC4','CMINDC','CMDOSE','CMTRT','CMDOSU','CMROUTE','CMDOSFRQ','CMASTDTM','CMAENDTM','ATIREL2','CMDECOD2','CMINDC2','CMDOSE2','CMDOSU2','CMROUTE2','CMDOSFRQ2','ASTDY2','AENDY2'}, but has additional elements {'CMTRT2'}.
{shiny}      R  stderr -----------   14: &lt;Anonymous&gt;
{shiny}      R  stderr -----------   12: &lt;Anonymous&gt;
{shiny}      R  stderr -----------   11: &lt;Anonymous&gt;
{shiny}      R  stderr -----------   10: base::do.call
{shiny}      R  stderr -----------    9: base::saveRDS
{shiny}      R  stderr -----------    8: base::withCallingHandlers
{shiny}      R  stderr -----------    7: doTryCatch
{shiny}      R  stderr -----------    6: tryCatchOne
{shiny}      R  stderr -----------    5: tryCatchList
{shiny}      R  stderr -----------    2: tryCatchList
{shiny}      R  stderr -----------    1: base::tryCatch


Caused by error in `app_initialize_()`:
! Shiny app did not become stable in 1e+05ms.
Message: An error occurred while waiting for Shiny to be stable
Caused by error in `app_wait_for_idle()`:
! An error occurred while waiting for Shiny to be stable
Backtrace:
     x
  1. +-teal.modules.clinical (local) app_driver_tm_g_pp_therapy() at test-shinytest2-tm_g_pp_therapy.R:189:5
  2. | \-teal.modules.clinical:::init_teal_app_driver(...) at test-shinytest2-tm_g_pp_therapy.R:31:3
  3. |   +-testthat::with_mocked_bindings(...) at tests/testthat/helper-TealAppDriver.R:7:3
  4. |   \-TealAppDriver$new(...) at tests/testthat/helper-TealAppDriver.R:10:7
  5. |     \-teal (local) initialize(...)
  6. |       +-base::suppressWarnings(...)
  7. |       | \-base::withCallingHandlers(...)
  8. |       \-super$initialize(...)
  9. |         \-shinytest2:::app_initialize(...)
 10. |           +-base::withCallingHandlers(...)
 11. |           \-shinytest2:::app_initialize_(self, private, ..., view = view)
 12. |             +-base::withCallingHandlers(...)
 13. |             \-self$wait_for_idle(duration = 200, timeout = private$load_timeout)
 14. |               \-shinytest2:::app_wait_for_idle(...)
 15. |                 \-shinytest2:::app_abort(self, private, "An error occurred while waiting for Shiny to be stable")
 16. |                   \-rlang::abort(..., app = self, call = call)
 17. |                     \-rlang:::signal_abort(cnd, .file)
 18. |                       \-base::signalCondition(cnd)
 19. +-shinytest2 (local) `&lt;fn&gt;`(`&lt;rlng_rrr&gt;`)
 20. | \-shinytest2:::app_abort(...)
 21. |   \-rlang::abort(..., app = self, call = call)
 22. |     \-rlang:::signal_abort(cnd, .file)
 23. |       \-base::signalCondition(cnd)
 24. \-shinytest2 (local) `&lt;fn&gt;`(`&lt;rlng_rrr&gt;`)
 25.   \-shinytest2:::app_abort(...)
 26.     \-rlang::abort(..., app = self, call = call)</error>
    </testcase>
    <testcase time="102.97" classname="shinytest2_tm_g_pp_therapy" name="e2e_tm_g_pp_therapy_Selection_of_cmendy_changes_the_element_and_does_not_throw_validation_errors">
      <error type="error" message="Error in `app_initialize(self, private, app_dir = app_dir, ..., load_timeout = load_timeout,  ('test-shinytest2-tm_g_pp_therapy.R:162:9')">Error in `app_initialize(self, private, app_dir = app_dir, ..., load_timeout = load_timeout, 
    timeout = timeout, wait = wait, expect_values_screenshot_args = expect_values_screenshot_args, 
    screenshot_args = screenshot_args, check_names = check_names, 
    name = name, variant = variant, view = view, height = height, 
    width = width, seed = seed, clean_logs = clean_logs, shiny_args = shiny_args, 
    render_args = render_args, options = options)`: Shiny app did not become stable in 1e+05ms.
Message: An error occurred while waiting for Shiny to be stable
Caused by error in `app_wait_for_idle()`:
! An error occurred while waiting for Shiny to be stable


i You can inspect the failed AppDriver object via `rlang::last_error()$app`
i AppDriver logs:
{shinytest2} R  info   19:55:41.56 Start AppDriver initialization
{shinytest2} R  info   19:55:41.59 Starting Shiny app
{shinytest2} R  info   19:55:43.62 Creating new ChromoteSession
{shinytest2} R  info   19:55:43.64 Navigating to Shiny app
{shinytest2} R  info   19:55:43.74 Injecting shiny-tracer.js
{chromote}   JS info   19:55:43.75 shinytest2; jQuery not found
{chromote}   JS info   19:55:43.75 shinytest2; Loaded
{shinytest2} R  info   19:55:43.75 Waiting for Shiny to become ready
{chromote}   JS info   19:55:43.84 shinytest2; jQuery found
{chromote}   JS info   19:55:43.84 shinytest2; Waiting for shiny session to connect
{chromote}   JS info   19:55:43.98 shinytest2; Connected
{chromote}   JS info   19:55:44.03 shinytest2; shiny:busy
{shinytest2} R  info   19:55:44.06 Waiting for Shiny to become idle for 200ms within 1e+05ms
{chromote}   JS info   19:55:44.07 shinytest2; Waiting for Shiny to be stable
{chromote}   JS info   19:55:45.31 shinytest2; shiny:idle
{chromote}   JS info   19:55:45.32 shinytest2; shiny:value teal-identifier
{chromote}   JS info   19:55:45.32 shinytest2; shiny:value error
{chromote}   JS info   19:55:45.32 shinytest2; shiny:busy
{chromote}   JS info   19:55:45.32 shinytest2; shiny:idle
{chromote}   JS info   19:55:45.34 shinytest2; shiny:busy
{shinytest2} R  info   19:57:24.08 Error while initializing AppDriver:
                                   Shiny app did not become stable in 1e+05ms.
                                   Message: An error occurred while waiting for Shiny to be stable
                                   Caused by error in `app_wait_for_idle()`:
                                   ! An error occurred while waiting for Shiny to be stable
{shiny}      R  stderr ----------- Loading required package: shiny
{shiny}      R  stderr ----------- Attempting to load the environment ‘package:dplyr’
{shiny}      R  stderr ----------- 
{shiny}      R  stderr ----------- Attaching package: ‘dplyr’
{shiny}      R  stderr ----------- 
{shiny}      R  stderr ----------- The following objects are masked from ‘package:stats’:
{shiny}      R  stderr ----------- 
{shiny}      R  stderr -----------     filter, lag
{shiny}      R  stderr ----------- 
{shiny}      R  stderr ----------- The following objects are masked from ‘package:base’:
{shiny}      R  stderr ----------- 
{shiny}      R  stderr -----------     intersect, setdiff, setequal, union
{shiny}      R  stderr ----------- 
{shiny}      R  stderr ----------- Loading required package: teal
{shiny}      R  stderr ----------- Loading required package: teal.data
{shiny}      R  stderr ----------- Loading required package: teal.code
{shiny}      R  stderr ----------- Loading required package: teal.slice
{shiny}      R  stderr ----------- 
{shiny}      R  stderr ----------- You are using teal version 0.15.2.9032
{shiny}      R  stderr ----------- 
{shiny}      R  stderr ----------- Attaching package: ‘teal’
{shiny}      R  stderr ----------- 
{shiny}      R  stderr ----------- The following objects are masked from ‘package:teal.slice’:
{shiny}      R  stderr ----------- 
{shiny}      R  stderr -----------     as.teal_slices, teal_slices
{shiny}      R  stderr ----------- 
{shiny}      R  stderr ----------- Loading required package: teal.transform
{shiny}      R  stderr ----------- Loading required package: tern
{shiny}      R  stderr ----------- Loading required package: rtables
{shiny}      R  stderr ----------- Loading required package: formatters
{shiny}      R  stderr ----------- Loading required package: magrittr
{shiny}      R  stderr ----------- 
{shiny}      R  stderr ----------- Attaching package: ‘rtables’
{shiny}      R  stderr ----------- 
{shiny}      R  stderr ----------- The following object is masked from ‘package:utils’:
{shiny}      R  stderr ----------- 
{shiny}      R  stderr -----------     str
{shiny}      R  stderr ----------- 
{shiny}      R  stderr ----------- Running application in test mode.
{shiny}      R  stderr ----------- 
{shiny}      R  stderr ----------- Listening on http://127.0.0.1:4237
{shiny}      R  stderr ----------- Initializing reporter_previewer_module
{shiny}      R  stderr ----------- Warning: Error in &lt;Anonymous&gt;: error in evaluating the argument 'code' in selecting a method for function 'eval_code': Assertion on 'subset' failed: Must be a subset of {'','USUBJID','STUDYID','CMCLAS','CMDECOD','ATIREL','CMCAT','COUNTRY','SITEID','SUBJID','AGE','SEX','ARMCD','ARM','ACTARMCD','ACTARM','RACE','TRTSDTM','TRTEDTM','EOSDY','EOSDT','STRATA1','STRATA2','BMRKR1','BMRKR2','REGION1','SAFFL','EOSSTT','EOTSTT','DCSREAS','DTHDT','ASTDTM','ASTDY','AENDTM','AENDY','CMSEQ','ATC1','ATC2','ATC3','ATC4','CMINDC','CMDOSE','CMTRT','CMDOSU','CMROUTE','CMDOSFRQ','CMASTDTM','CMAENDTM','ATIREL2','CMDECOD2','CMINDC2','CMDOSE2','CMDOSU2','CMROUTE2','CMDOSFRQ2','ASTDY2','AENDY2'}, but has additional elements {'CMTRT2'}.
{shiny}      R  stderr -----------   241: &lt;Anonymous&gt;
{shiny}      R  stderr -----------   240: stop
{shiny}      R  stderr -----------   239: mstop
{shiny}      R  stderr -----------   238: makeAssertion
{shiny}      R  stderr -----------   237: checkmate::assert_subset
{shiny}      R  stderr -----------   236: variable_choices.data.frame
{shiny}      R  stderr -----------   233: resolve.delayed_variable_choices
{shiny}      R  stderr -----------   231: resolve.delayed_select_spec
{shiny}      R  stderr -----------   229: resolve.delayed_data_extract_spec
{shiny}      R  stderr -----------   227: resolve_delayed.list
{shiny}      R  stderr -----------   213: module
{shiny}      R  stderr -----------   208: callModule
{shiny}      R  stderr -----------   207: moduleServer
{shiny}      R  stderr -----------   206: data_extract_single_srv
{shiny}      R  stderr -----------   205: FUN
{shiny}      R  stderr -----------   204: lapply
{shiny}      R  stderr -----------   203: module
{shiny}      R  stderr -----------   198: callModule
{shiny}      R  stderr -----------   197: moduleServer
{shiny}      R  stderr -----------   196: data_extract_srv.list
{shiny}      R  stderr -----------   194: FUN
{shiny}      R  stderr -----------   193: lapply
{shiny}      R  stderr -----------   192: sapply
{shiny}      R  stderr -----------   191: &lt;reactive&gt;
{shiny}      R  stderr -----------   175: selector_list
{shiny}      R  stderr -----------   170: &lt;reactive&gt;
{shiny}      R  stderr -----------   154: anl_inputs
{shiny}      R  stderr -----------   153: as.expression
{shiny}      R  stderr -----------   152: teal.code::eval_code
{shiny}      R  stderr -----------   151: %&gt;%
{shiny}      R  stderr -----------   150: &lt;reactive&gt;
{shiny}      R  stderr -----------   134: merged$anl_q
{shiny}      R  stderr -----------   128: &lt;reactive&gt;
{shiny}      R  stderr -----------   112: all_q
{shiny}      R  stderr -----------   110: renderText
{shiny}      R  stderr -----------   109: func
{shiny}      R  stderr -----------    96: renderFunc
{shiny}      R  stderr -----------    95: output$teal-main_ui-root-therapy__e2e_-module-title
{shiny}      R  stderr -----------    14: &lt;Anonymous&gt;
{shiny}      R  stderr -----------    12: &lt;Anonymous&gt;
{shiny}      R  stderr -----------    11: &lt;Anonymous&gt;
{shiny}      R  stderr -----------    10: base::do.call
{shiny}      R  stderr -----------     9: base::saveRDS
{shiny}      R  stderr -----------     8: base::withCallingHandlers
{shiny}      R  stderr -----------     7: doTryCatch
{shiny}      R  stderr -----------     6: tryCatchOne
{shiny}      R  stderr -----------     5: tryCatchList
{shiny}      R  stderr -----------     2: tryCatchList
{shiny}      R  stderr -----------     1: base::tryCatch
{shiny}      R  stderr ----------- Warning: Error in &lt;Anonymous&gt;: error in evaluating the argument 'code' in selecting a method for function 'eval_code': Assertion on 'subset' failed: Must be a subset of {'','USUBJID','STUDYID','CMCLAS','CMDECOD','ATIREL','CMCAT','COUNTRY','SITEID','SUBJID','AGE','SEX','ARMCD','ARM','ACTARMCD','ACTARM','RACE','TRTSDTM','TRTEDTM','EOSDY','EOSDT','STRATA1','STRATA2','BMRKR1','BMRKR2','REGION1','SAFFL','EOSSTT','EOTSTT','DCSREAS','DTHDT','ASTDTM','ASTDY','AENDTM','AENDY','CMSEQ','ATC1','ATC2','ATC3','ATC4','CMINDC','CMDOSE','CMTRT','CMDOSU','CMROUTE','CMDOSFRQ','CMASTDTM','CMAENDTM','ATIREL2','CMDECOD2','CMINDC2','CMDOSE2','CMDOSU2','CMROUTE2','CMDOSFRQ2','ASTDY2','AENDY2'}, but has additional elements {'CMTRT2'}.
{shiny}      R  stderr -----------   122: &lt;Anonymous&gt;
{shiny}      R  stderr -----------   121: stop
{shiny}      R  stderr -----------   120: all_q
{shiny}      R  stderr -----------   117: exprFunc
{shiny}      R  stderr -----------   116: widgetFunc
{shiny}      R  stderr -----------   115: ::
{shiny}      R  stderr ----------- htmlwidgets
{shiny}      R  stderr ----------- shinyRenderWidget
{shiny}      R  stderr -----------   114: func
{shiny}      R  stderr -----------   101: renderFunc
{shiny}      R  stderr -----------   100: renderFunc
{shiny}      R  stderr -----------    96: renderFunc
{shiny}      R  stderr -----------    95: output$teal-main_ui-root-therapy__e2e_-module-therapy_table
{shiny}      R  stderr -----------    14: &lt;Anonymous&gt;
{shiny}      R  stderr -----------    12: &lt;Anonymous&gt;
{shiny}      R  stderr -----------    11: &lt;Anonymous&gt;
{shiny}      R  stderr -----------    10: base::do.call
{shiny}      R  stderr -----------     9: base::saveRDS
{shiny}      R  stderr -----------     8: base::withCallingHandlers
{shiny}      R  stderr -----------     7: doTryCatch
{shiny}      R  stderr -----------     6: tryCatchOne
{shiny}      R  stderr -----------     5: tryCatchList
{shiny}      R  stderr -----------     2: tryCatchList
{shiny}      R  stderr -----------     1: base::tryCatch
{shiny}      R  stderr ----------- Warning: Error in variable_choices.data.frame: Assertion on 'subset' failed: Must be a subset of {'','USUBJID','STUDYID','CMCLAS','CMDECOD','ATIREL','CMCAT','COUNTRY','SITEID','SUBJID','AGE','SEX','ARMCD','ARM','ACTARMCD','ACTARM','RACE','TRTSDTM','TRTEDTM','EOSDY','EOSDT','STRATA1','STRATA2','BMRKR1','BMRKR2','REGION1','SAFFL','EOSSTT','EOTSTT','DCSREAS','DTHDT','ASTDTM','ASTDY','AENDTM','AENDY','CMSEQ','ATC1','ATC2','ATC3','ATC4','CMINDC','CMDOSE','CMTRT','CMDOSU','CMROUTE','CMDOSFRQ','CMASTDTM','CMAENDTM','ATIREL2','CMDECOD2','CMINDC2','CMDOSE2','CMDOSU2','CMROUTE2','CMDOSFRQ2','ASTDY2','AENDY2'}, but has additional elements {'CMTRT2'}.
{shiny}      R  stderr -----------   162: &lt;Anonymous&gt;
{shiny}      R  stderr -----------   161: stop
{shiny}      R  stderr -----------   160: selector_list
{shiny}      R  stderr -----------   159: teal.transform::compose_and_enable_validators
{shiny}      R  stderr -----------   158: &lt;reactive&gt;
{shiny}      R  stderr -----------   142: iv_r
{shiny}      R  stderr -----------   135: &lt;reactive&gt;
{shiny}      R  stderr -----------   119: plot_r
{shiny}      R  stderr -----------   110: renderUI
{shiny}      R  stderr -----------   109: func
{shiny}      R  stderr -----------    96: renderFunc
{shiny}      R  stderr -----------    95: output$teal-main_ui-root-therapy__e2e_-module-therapy_plot-plot_out_main
{shiny}      R  stderr -----------    14: &lt;Anonymous&gt;
{shiny}      R  stderr -----------    12: &lt;Anonymous&gt;
{shiny}      R  stderr -----------    11: &lt;Anonymous&gt;
{shiny}      R  stderr -----------    10: base::do.call
{shiny}      R  stderr -----------     9: base::saveRDS
{shiny}      R  stderr -----------     8: base::withCallingHandlers
{shiny}      R  stderr -----------     7: doTryCatch
{shiny}      R  stderr -----------     6: tryCatchOne
{shiny}      R  stderr -----------     5: tryCatchList
{shiny}      R  stderr -----------     2: tryCatchList
{shiny}      R  stderr -----------     1: base::tryCatch
{shiny}      R  stderr ----------- Warning: Error in &lt;Anonymous&gt;: error in evaluating the argument 'code' in selecting a method for function 'eval_code': Assertion on 'subset' failed: Must be a subset of {'','USUBJID','STUDYID','CMCLAS','CMDECOD','ATIREL','CMCAT','COUNTRY','SITEID','SUBJID','AGE','SEX','ARMCD','ARM','ACTARMCD','ACTARM','RACE','TRTSDTM','TRTEDTM','EOSDY','EOSDT','STRATA1','STRATA2','BMRKR1','BMRKR2','REGION1','SAFFL','EOSSTT','EOTSTT','DCSREAS','DTHDT','ASTDTM','ASTDY','AENDTM','AENDY','CMSEQ','ATC1','ATC2','ATC3','ATC4','CMINDC','CMDOSE','CMTRT','CMDOSU','CMROUTE','CMDOSFRQ','CMASTDTM','CMAENDTM','ATIREL2','CMDECOD2','CMINDC2','CMDOSE2','CMDOSU2','CMROUTE2','CMDOSFRQ2','ASTDY2','AENDY2'}, but has additional elements {'CMTRT2'}.
{shiny}      R  stderr -----------   14: &lt;Anonymous&gt;
{shiny}      R  stderr -----------   12: &lt;Anonymous&gt;
{shiny}      R  stderr -----------   11: &lt;Anonymous&gt;
{shiny}      R  stderr -----------   10: base::do.call
{shiny}      R  stderr -----------    9: base::saveRDS
{shiny}      R  stderr -----------    8: base::withCallingHandlers
{shiny}      R  stderr -----------    7: doTryCatch
{shiny}      R  stderr -----------    6: tryCatchOne
{shiny}      R  stderr -----------    5: tryCatchList
{shiny}      R  stderr -----------    2: tryCatchList
{shiny}      R  stderr -----------    1: base::tryCatch


Caused by error in `app_initialize_()`:
! Shiny app did not become stable in 1e+05ms.
Message: An error occurred while waiting for Shiny to be stable
Caused by error in `app_wait_for_idle()`:
! An error occurred while waiting for Shiny to be stable
Backtrace:
     x
  1. +-teal.modules.clinical (local) app_driver_tm_g_pp_therapy() at test-shinytest2-tm_g_pp_therapy.R:162:9
  2. | \-teal.modules.clinical:::init_teal_app_driver(...) at test-shinytest2-tm_g_pp_therapy.R:31:3
  3. |   +-testthat::with_mocked_bindings(...) at tests/testthat/helper-TealAppDriver.R:7:3
  4. |   \-TealAppDriver$new(...) at tests/testthat/helper-TealAppDriver.R:10:7
  5. |     \-teal (local) initialize(...)
  6. |       +-base::suppressWarnings(...)
  7. |       | \-base::withCallingHandlers(...)
  8. |       \-super$initialize(...)
  9. |         \-shinytest2:::app_initialize(...)
 10. |           +-base::withCallingHandlers(...)
 11. |           \-shinytest2:::app_initialize_(self, private, ..., view = view)
 12. |             +-base::withCallingHandlers(...)
 13. |             \-self$wait_for_idle(duration = 200, timeout = private$load_timeout)
 14. |               \-shinytest2:::app_wait_for_idle(...)
 15. |                 \-shinytest2:::app_abort(self, private, "An error occurred while waiting for Shiny to be stable")
 16. |                   \-rlang::abort(..., app = self, call = call)
 17. |                     \-rlang:::signal_abort(cnd, .file)
 18. |                       \-base::signalCondition(cnd)
 19. +-shinytest2 (local) `&lt;fn&gt;`(`&lt;rlng_rrr&gt;`)
 20. | \-shinytest2:::app_abort(...)
 21. |   \-rlang::abort(..., app = self, call = call)
 22. |     \-rlang:::signal_abort(cnd, .file)
 23. |       \-base::signalCondition(cnd)
 24. \-shinytest2 (local) `&lt;fn&gt;`(`&lt;rlng_rrr&gt;`)
 25.   \-shinytest2:::app_abort(...)
 26.     \-rlang::abort(..., app = self, call = call)</error>
    </testcase>
    <testcase time="103.069" classname="shinytest2_tm_g_pp_therapy" name="e2e_tm_g_pp_therapy_Deselection_of_cmendy_dataset_ADCM_singleextract_select_throws_validation_error.">
      <error type="error" message="Error in `app_initialize(self, private, app_dir = app_dir, ..., load_timeout = load_timeout,  ('test-shinytest2-tm_g_pp_therapy.R:189:5')">Error in `app_initialize(self, private, app_dir = app_dir, ..., load_timeout = load_timeout, 
    timeout = timeout, wait = wait, expect_values_screenshot_args = expect_values_screenshot_args, 
    screenshot_args = screenshot_args, check_names = check_names, 
    name = name, variant = variant, view = view, height = height, 
    width = width, seed = seed, clean_logs = clean_logs, shiny_args = shiny_args, 
    render_args = render_args, options = options)`: Shiny app did not become stable in 1e+05ms.
Message: An error occurred while waiting for Shiny to be stable
Caused by error in `app_wait_for_idle()`:
! An error occurred while waiting for Shiny to be stable


i You can inspect the failed AppDriver object via `rlang::last_error()$app`
i AppDriver logs:
{shinytest2} R  info   19:57:24.52 Start AppDriver initialization
{shinytest2} R  info   19:57:24.55 Starting Shiny app
{shinytest2} R  info   19:57:26.77 Creating new ChromoteSession
{shinytest2} R  info   19:57:26.79 Navigating to Shiny app
{shinytest2} R  info   19:57:26.91 Injecting shiny-tracer.js
{chromote}   JS info   19:57:26.92 shinytest2; jQuery not found
{chromote}   JS info   19:57:26.92 shinytest2; Loaded
{shinytest2} R  info   19:57:26.92 Waiting for Shiny to become ready
{chromote}   JS info   19:57:26.99 shinytest2; jQuery found
{chromote}   JS info   19:57:26.99 shinytest2; Waiting for shiny session to connect
{chromote}   JS info   19:57:27.04 shinytest2; Connected
{shinytest2} R  info   19:57:27.13 Waiting for Shiny to become idle for 200ms within 1e+05ms
{chromote}   JS info   19:57:27.14 shinytest2; Waiting for Shiny to be stable
{chromote}   JS info   19:57:27.14 shinytest2; shiny:busy
{chromote}   JS info   19:57:28.31 shinytest2; shiny:idle
{chromote}   JS info   19:57:28.32 shinytest2; shiny:value teal-identifier
{chromote}   JS info   19:57:28.32 shinytest2; shiny:value error
{chromote}   JS info   19:57:28.32 shinytest2; shiny:busy
{chromote}   JS info   19:57:28.32 shinytest2; shiny:idle
{chromote}   JS info   19:57:28.32 shinytest2; shiny:busy
{shinytest2} R  info   19:59:07.15 Error while initializing AppDriver:
                                   Shiny app did not become stable in 1e+05ms.
                                   Message: An error occurred while waiting for Shiny to be stable
                                   Caused by error in `app_wait_for_idle()`:
                                   ! An error occurred while waiting for Shiny to be stable
{shiny}      R  stderr ----------- Loading required package: shiny
{shiny}      R  stderr ----------- Attempting to load the environment ‘package:dplyr’
{shiny}      R  stderr ----------- 
{shiny}      R  stderr ----------- Attaching package: ‘dplyr’
{shiny}      R  stderr ----------- 
{shiny}      R  stderr ----------- The following objects are masked from ‘package:stats’:
{shiny}      R  stderr ----------- 
{shiny}      R  stderr -----------     filter, lag
{shiny}      R  stderr ----------- 
{shiny}      R  stderr ----------- The following objects are masked from ‘package:base’:
{shiny}      R  stderr ----------- 
{shiny}      R  stderr -----------     intersect, setdiff, setequal, union
{shiny}      R  stderr ----------- 
{shiny}      R  stderr ----------- Loading required package: teal
{shiny}      R  stderr ----------- Loading required package: teal.data
{shiny}      R  stderr ----------- Loading required package: teal.code
{shiny}      R  stderr ----------- Loading required package: teal.slice
{shiny}      R  stderr ----------- 
{shiny}      R  stderr ----------- You are using teal version 0.15.2.9032
{shiny}      R  stderr ----------- 
{shiny}      R  stderr ----------- Attaching package: ‘teal’
{shiny}      R  stderr ----------- 
{shiny}      R  stderr ----------- The following objects are masked from ‘package:teal.slice’:
{shiny}      R  stderr ----------- 
{shiny}      R  stderr -----------     as.teal_slices, teal_slices
{shiny}      R  stderr ----------- 
{shiny}      R  stderr ----------- Loading required package: teal.transform
{shiny}      R  stderr ----------- Loading required package: tern
{shiny}      R  stderr ----------- Loading required package: rtables
{shiny}      R  stderr ----------- Loading required package: formatters
{shiny}      R  stderr ----------- Loading required package: magrittr
{shiny}      R  stderr ----------- 
{shiny}      R  stderr ----------- Attaching package: ‘rtables’
{shiny}      R  stderr ----------- 
{shiny}      R  stderr ----------- The following object is masked from ‘package:utils’:
{shiny}      R  stderr ----------- 
{shiny}      R  stderr -----------     str
{shiny}      R  stderr ----------- 
{shiny}      R  stderr ----------- Running application in test mode.
{shiny}      R  stderr ----------- 
{shiny}      R  stderr ----------- Listening on http://127.0.0.1:5021
{shiny}      R  stderr ----------- Initializing reporter_previewer_module
{shiny}      R  stderr ----------- Warning: Error in &lt;Anonymous&gt;: error in evaluating the argument 'code' in selecting a method for function 'eval_code': Assertion on 'subset' failed: Must be a subset of {'','USUBJID','STUDYID','CMCLAS','CMDECOD','ATIREL','CMCAT','COUNTRY','SITEID','SUBJID','AGE','SEX','ARMCD','ARM','ACTARMCD','ACTARM','RACE','TRTSDTM','TRTEDTM','EOSDY','EOSDT','STRATA1','STRATA2','BMRKR1','BMRKR2','REGION1','SAFFL','EOSSTT','EOTSTT','DCSREAS','DTHDT','ASTDTM','ASTDY','AENDTM','AENDY','CMSEQ','ATC1','ATC2','ATC3','ATC4','CMINDC','CMDOSE','CMTRT','CMDOSU','CMROUTE','CMDOSFRQ','CMASTDTM','CMAENDTM','ATIREL2','CMDECOD2','CMINDC2','CMDOSE2','CMDOSU2','CMROUTE2','CMDOSFRQ2','ASTDY2','AENDY2'}, but has additional elements {'CMTRT2'}.
{shiny}      R  stderr -----------   241: &lt;Anonymous&gt;
{shiny}      R  stderr -----------   240: stop
{shiny}      R  stderr -----------   239: mstop
{shiny}      R  stderr -----------   238: makeAssertion
{shiny}      R  stderr -----------   237: checkmate::assert_subset
{shiny}      R  stderr -----------   236: variable_choices.data.frame
{shiny}      R  stderr -----------   233: resolve.delayed_variable_choices
{shiny}      R  stderr -----------   231: resolve.delayed_select_spec
{shiny}      R  stderr -----------   229: resolve.delayed_data_extract_spec
{shiny}      R  stderr -----------   227: resolve_delayed.list
{shiny}      R  stderr -----------   213: module
{shiny}      R  stderr -----------   208: callModule
{shiny}      R  stderr -----------   207: moduleServer
{shiny}      R  stderr -----------   206: data_extract_single_srv
{shiny}      R  stderr -----------   205: FUN
{shiny}      R  stderr -----------   204: lapply
{shiny}      R  stderr -----------   203: module
{shiny}      R  stderr -----------   198: callModule
{shiny}      R  stderr -----------   197: moduleServer
{shiny}      R  stderr -----------   196: data_extract_srv.list
{shiny}      R  stderr -----------   194: FUN
{shiny}      R  stderr -----------   193: lapply
{shiny}      R  stderr -----------   192: sapply
{shiny}      R  stderr -----------   191: &lt;reactive&gt;
{shiny}      R  stderr -----------   175: selector_list
{shiny}      R  stderr -----------   170: &lt;reactive&gt;
{shiny}      R  stderr -----------   154: anl_inputs
{shiny}      R  stderr -----------   153: as.expression
{shiny}      R  stderr -----------   152: teal.code::eval_code
{shiny}      R  stderr -----------   151: %&gt;%
{shiny}      R  stderr -----------   150: &lt;reactive&gt;
{shiny}      R  stderr -----------   134: merged$anl_q
{shiny}      R  stderr -----------   128: &lt;reactive&gt;
{shiny}      R  stderr -----------   112: all_q
{shiny}      R  stderr -----------   110: renderText
{shiny}      R  stderr -----------   109: func
{shiny}      R  stderr -----------    96: renderFunc
{shiny}      R  stderr -----------    95: output$teal-main_ui-root-therapy__e2e_-module-title
{shiny}      R  stderr -----------    14: &lt;Anonymous&gt;
{shiny}      R  stderr -----------    12: &lt;Anonymous&gt;
{shiny}      R  stderr -----------    11: &lt;Anonymous&gt;
{shiny}      R  stderr -----------    10: base::do.call
{shiny}      R  stderr -----------     9: base::saveRDS
{shiny}      R  stderr -----------     8: base::withCallingHandlers
{shiny}      R  stderr -----------     7: doTryCatch
{shiny}      R  stderr -----------     6: tryCatchOne
{shiny}      R  stderr -----------     5: tryCatchList
{shiny}      R  stderr -----------     2: tryCatchList
{shiny}      R  stderr -----------     1: base::tryCatch
{shiny}      R  stderr ----------- Warning: Error in &lt;Anonymous&gt;: error in evaluating the argument 'code' in selecting a method for function 'eval_code': Assertion on 'subset' failed: Must be a subset of {'','USUBJID','STUDYID','CMCLAS','CMDECOD','ATIREL','CMCAT','COUNTRY','SITEID','SUBJID','AGE','SEX','ARMCD','ARM','ACTARMCD','ACTARM','RACE','TRTSDTM','TRTEDTM','EOSDY','EOSDT','STRATA1','STRATA2','BMRKR1','BMRKR2','REGION1','SAFFL','EOSSTT','EOTSTT','DCSREAS','DTHDT','ASTDTM','ASTDY','AENDTM','AENDY','CMSEQ','ATC1','ATC2','ATC3','ATC4','CMINDC','CMDOSE','CMTRT','CMDOSU','CMROUTE','CMDOSFRQ','CMASTDTM','CMAENDTM','ATIREL2','CMDECOD2','CMINDC2','CMDOSE2','CMDOSU2','CMROUTE2','CMDOSFRQ2','ASTDY2','AENDY2'}, but has additional elements {'CMTRT2'}.
{shiny}      R  stderr -----------   122: &lt;Anonymous&gt;
{shiny}      R  stderr -----------   121: stop
{shiny}      R  stderr -----------   120: all_q
{shiny}      R  stderr -----------   117: exprFunc
{shiny}      R  stderr -----------   116: widgetFunc
{shiny}      R  stderr -----------   115: ::
{shiny}      R  stderr ----------- htmlwidgets
{shiny}      R  stderr ----------- shinyRenderWidget
{shiny}      R  stderr -----------   114: func
{shiny}      R  stderr -----------   101: renderFunc
{shiny}      R  stderr -----------   100: renderFunc
{shiny}      R  stderr -----------    96: renderFunc
{shiny}      R  stderr -----------    95: output$teal-main_ui-root-therapy__e2e_-module-therapy_table
{shiny}      R  stderr -----------    14: &lt;Anonymous&gt;
{shiny}      R  stderr -----------    12: &lt;Anonymous&gt;
{shiny}      R  stderr -----------    11: &lt;Anonymous&gt;
{shiny}      R  stderr -----------    10: base::do.call
{shiny}      R  stderr -----------     9: base::saveRDS
{shiny}      R  stderr -----------     8: base::withCallingHandlers
{shiny}      R  stderr -----------     7: doTryCatch
{shiny}      R  stderr -----------     6: tryCatchOne
{shiny}      R  stderr -----------     5: tryCatchList
{shiny}      R  stderr -----------     2: tryCatchList
{shiny}      R  stderr -----------     1: base::tryCatch
{shiny}      R  stderr ----------- Warning: Error in variable_choices.data.frame: Assertion on 'subset' failed: Must be a subset of {'','USUBJID','STUDYID','CMCLAS','CMDECOD','ATIREL','CMCAT','COUNTRY','SITEID','SUBJID','AGE','SEX','ARMCD','ARM','ACTARMCD','ACTARM','RACE','TRTSDTM','TRTEDTM','EOSDY','EOSDT','STRATA1','STRATA2','BMRKR1','BMRKR2','REGION1','SAFFL','EOSSTT','EOTSTT','DCSREAS','DTHDT','ASTDTM','ASTDY','AENDTM','AENDY','CMSEQ','ATC1','ATC2','ATC3','ATC4','CMINDC','CMDOSE','CMTRT','CMDOSU','CMROUTE','CMDOSFRQ','CMASTDTM','CMAENDTM','ATIREL2','CMDECOD2','CMINDC2','CMDOSE2','CMDOSU2','CMROUTE2','CMDOSFRQ2','ASTDY2','AENDY2'}, but has additional elements {'CMTRT2'}.
{shiny}      R  stderr -----------   162: &lt;Anonymous&gt;
{shiny}      R  stderr -----------   161: stop
{shiny}      R  stderr -----------   160: selector_list
{shiny}      R  stderr -----------   159: teal.transform::compose_and_enable_validators
{shiny}      R  stderr -----------   158: &lt;reactive&gt;
{shiny}      R  stderr -----------   142: iv_r
{shiny}      R  stderr -----------   135: &lt;reactive&gt;
{shiny}      R  stderr -----------   119: plot_r
{shiny}      R  stderr -----------   110: renderUI
{shiny}      R  stderr -----------   109: func
{shiny}      R  stderr -----------    96: renderFunc
{shiny}      R  stderr -----------    95: output$teal-main_ui-root-therapy__e2e_-module-therapy_plot-plot_out_main
{shiny}      R  stderr -----------    14: &lt;Anonymous&gt;
{shiny}      R  stderr -----------    12: &lt;Anonymous&gt;
{shiny}      R  stderr -----------    11: &lt;Anonymous&gt;
{shiny}      R  stderr -----------    10: base::do.call
{shiny}      R  stderr -----------     9: base::saveRDS
{shiny}      R  stderr -----------     8: base::withCallingHandlers
{shiny}      R  stderr -----------     7: doTryCatch
{shiny}      R  stderr -----------     6: tryCatchOne
{shiny}      R  stderr -----------     5: tryCatchList
{shiny}      R  stderr -----------     2: tryCatchList
{shiny}      R  stderr -----------     1: base::tryCatch
{shiny}      R  stderr ----------- Warning: Error in &lt;Anonymous&gt;: error in evaluating the argument 'code' in selecting a method for function 'eval_code': Assertion on 'subset' failed: Must be a subset of {'','USUBJID','STUDYID','CMCLAS','CMDECOD','ATIREL','CMCAT','COUNTRY','SITEID','SUBJID','AGE','SEX','ARMCD','ARM','ACTARMCD','ACTARM','RACE','TRTSDTM','TRTEDTM','EOSDY','EOSDT','STRATA1','STRATA2','BMRKR1','BMRKR2','REGION1','SAFFL','EOSSTT','EOTSTT','DCSREAS','DTHDT','ASTDTM','ASTDY','AENDTM','AENDY','CMSEQ','ATC1','ATC2','ATC3','ATC4','CMINDC','CMDOSE','CMTRT','CMDOSU','CMROUTE','CMDOSFRQ','CMASTDTM','CMAENDTM','ATIREL2','CMDECOD2','CMINDC2','CMDOSE2','CMDOSU2','CMROUTE2','CMDOSFRQ2','ASTDY2','AENDY2'}, but has additional elements {'CMTRT2'}.
{shiny}      R  stderr -----------   14: &lt;Anonymous&gt;
{shiny}      R  stderr -----------   12: &lt;Anonymous&gt;
{shiny}      R  stderr -----------   11: &lt;Anonymous&gt;
{shiny}      R  stderr -----------   10: base::do.call
{shiny}      R  stderr -----------    9: base::saveRDS
{shiny}      R  stderr -----------    8: base::withCallingHandlers
{shiny}      R  stderr -----------    7: doTryCatch
{shiny}      R  stderr -----------    6: tryCatchOne
{shiny}      R  stderr -----------    5: tryCatchList
{shiny}      R  stderr -----------    2: tryCatchList
{shiny}      R  stderr -----------    1: base::tryCatch


Caused by error in `app_initialize_()`:
! Shiny app did not become stable in 1e+05ms.
Message: An error occurred while waiting for Shiny to be stable
Caused by error in `app_wait_for_idle()`:
! An error occurred while waiting for Shiny to be stable
Backtrace:
     x
  1. +-teal.modules.clinical (local) app_driver_tm_g_pp_therapy() at test-shinytest2-tm_g_pp_therapy.R:189:5
  2. | \-teal.modules.clinical:::init_teal_app_driver(...) at test-shinytest2-tm_g_pp_therapy.R:31:3
  3. |   +-testthat::with_mocked_bindings(...) at tests/testthat/helper-TealAppDriver.R:7:3
  4. |   \-TealAppDriver$new(...) at tests/testthat/helper-TealAppDriver.R:10:7
  5. |     \-teal (local) initialize(...)
  6. |       +-base::suppressWarnings(...)
  7. |       | \-base::withCallingHandlers(...)
  8. |       \-super$initialize(...)
  9. |         \-shinytest2:::app_initialize(...)
 10. |           +-base::withCallingHandlers(...)
 11. |           \-shinytest2:::app_initialize_(self, private, ..., view = view)
 12. |             +-base::withCallingHandlers(...)
 13. |             \-self$wait_for_idle(duration = 200, timeout = private$load_timeout)
 14. |               \-shinytest2:::app_wait_for_idle(...)
 15. |                 \-shinytest2:::app_abort(self, private, "An error occurred while waiting for Shiny to be stable")
 16. |                   \-rlang::abort(..., app = self, call = call)
 17. |                     \-rlang:::signal_abort(cnd, .file)
 18. |                       \-base::signalCondition(cnd)
 19. +-shinytest2 (local) `&lt;fn&gt;`(`&lt;rlng_rrr&gt;`)
 20. | \-shinytest2:::app_abort(...)
 21. |   \-rlang::abort(..., app = self, call = call)
 22. |     \-rlang:::signal_abort(cnd, .file)
 23. |       \-base::signalCondition(cnd)
 24. \-shinytest2 (local) `&lt;fn&gt;`(`&lt;rlng_rrr&gt;`)
 25.   \-shinytest2:::app_abort(...)
 26.     \-rlang::abort(..., app = self, call = call)</error>
    </testcase>
    <testcase time="103.083" classname="shinytest2_tm_g_pp_therapy" name="e2e_tm_g_pp_therapy_Changing_font_size_changes_the_plot_and_does_not_throw_validation_errors.">
      <error type="error" message="Error in `app_initialize(self, private, app_dir = app_dir, ..., load_timeout = load_timeout,  ('test-shinytest2-tm_g_pp_therapy.R:231:7')">Error in `app_initialize(self, private, app_dir = app_dir, ..., load_timeout = load_timeout, 
    timeout = timeout, wait = wait, expect_values_screenshot_args = expect_values_screenshot_args, 
    screenshot_args = screenshot_args, check_names = check_names, 
    name = name, variant = variant, view = view, height = height, 
    width = width, seed = seed, clean_logs = clean_logs, shiny_args = shiny_args, 
    render_args = render_args, options = options)`: Shiny app did not become stable in 1e+05ms.
Message: An error occurred while waiting for Shiny to be stable
Caused by error in `app_wait_for_idle()`:
! An error occurred while waiting for Shiny to be stable


i You can inspect the failed AppDriver object via `rlang::last_error()$app`
i AppDriver logs:
{shinytest2} R  info   19:59:07.61 Start AppDriver initialization
{shinytest2} R  info   19:59:07.64 Starting Shiny app
{shinytest2} R  info   19:59:09.87 Creating new ChromoteSession
{shinytest2} R  info   19:59:09.89 Navigating to Shiny app
{shinytest2} R  info   19:59:10.00 Injecting shiny-tracer.js
{chromote}   JS info   19:59:10.01 shinytest2; jQuery not found
{chromote}   JS info   19:59:10.01 shinytest2; Loaded
{shinytest2} R  info   19:59:10.01 Waiting for Shiny to become ready
{chromote}   JS info   19:59:10.09 shinytest2; jQuery found
{chromote}   JS info   19:59:10.09 shinytest2; Waiting for shiny session to connect
{chromote}   JS info   19:59:10.21 shinytest2; Connected
{shinytest2} R  info   19:59:10.22 Waiting for Shiny to become idle for 200ms within 1e+05ms
{chromote}   JS info   19:59:10.22 shinytest2; Waiting for Shiny to be stable
{chromote}   JS info   19:59:10.25 shinytest2; shiny:busy
{chromote}   JS info   19:59:11.56 shinytest2; shiny:idle
{chromote}   JS info   19:59:11.56 shinytest2; shiny:value teal-identifier
{chromote}   JS info   19:59:11.56 shinytest2; shiny:value error
{chromote}   JS info   19:59:11.56 shinytest2; shiny:busy
{chromote}   JS info   19:59:11.56 shinytest2; shiny:idle
{chromote}   JS info   19:59:11.59 shinytest2; shiny:busy
{shinytest2} R  info   20:00:50.24 Error while initializing AppDriver:
                                   Shiny app did not become stable in 1e+05ms.
                                   Message: An error occurred while waiting for Shiny to be stable
                                   Caused by error in `app_wait_for_idle()`:
                                   ! An error occurred while waiting for Shiny to be stable
{shiny}      R  stderr ----------- Loading required package: shiny
{shiny}      R  stderr ----------- Attempting to load the environment ‘package:dplyr’
{shiny}      R  stderr ----------- 
{shiny}      R  stderr ----------- Attaching package: ‘dplyr’
{shiny}      R  stderr ----------- 
{shiny}      R  stderr ----------- The following objects are masked from ‘package:stats’:
{shiny}      R  stderr ----------- 
{shiny}      R  stderr -----------     filter, lag
{shiny}      R  stderr ----------- 
{shiny}      R  stderr ----------- The following objects are masked from ‘package:base’:
{shiny}      R  stderr ----------- 
{shiny}      R  stderr -----------     intersect, setdiff, setequal, union
{shiny}      R  stderr ----------- 
{shiny}      R  stderr ----------- Loading required package: teal
{shiny}      R  stderr ----------- Loading required package: teal.data
{shiny}      R  stderr ----------- Loading required package: teal.code
{shiny}      R  stderr ----------- Loading required package: teal.slice
{shiny}      R  stderr ----------- 
{shiny}      R  stderr ----------- You are using teal version 0.15.2.9032
{shiny}      R  stderr ----------- 
{shiny}      R  stderr ----------- Attaching package: ‘teal’
{shiny}      R  stderr ----------- 
{shiny}      R  stderr ----------- The following objects are masked from ‘package:teal.slice’:
{shiny}      R  stderr ----------- 
{shiny}      R  stderr -----------     as.teal_slices, teal_slices
{shiny}      R  stderr ----------- 
{shiny}      R  stderr ----------- Loading required package: teal.transform
{shiny}      R  stderr ----------- Loading required package: tern
{shiny}      R  stderr ----------- Loading required package: rtables
{shiny}      R  stderr ----------- Loading required package: formatters
{shiny}      R  stderr ----------- Loading required package: magrittr
{shiny}      R  stderr ----------- 
{shiny}      R  stderr ----------- Attaching package: ‘rtables’
{shiny}      R  stderr ----------- 
{shiny}      R  stderr ----------- The following object is masked from ‘package:utils’:
{shiny}      R  stderr ----------- 
{shiny}      R  stderr -----------     str
{shiny}      R  stderr ----------- 
{shiny}      R  stderr ----------- Running application in test mode.
{shiny}      R  stderr ----------- 
{shiny}      R  stderr ----------- Listening on http://127.0.0.1:6906
{shiny}      R  stderr ----------- Initializing reporter_previewer_module
{shiny}      R  stderr ----------- Warning: Error in &lt;Anonymous&gt;: error in evaluating the argument 'code' in selecting a method for function 'eval_code': Assertion on 'subset' failed: Must be a subset of {'','USUBJID','STUDYID','CMCLAS','CMDECOD','ATIREL','CMCAT','COUNTRY','SITEID','SUBJID','AGE','SEX','ARMCD','ARM','ACTARMCD','ACTARM','RACE','TRTSDTM','TRTEDTM','EOSDY','EOSDT','STRATA1','STRATA2','BMRKR1','BMRKR2','REGION1','SAFFL','EOSSTT','EOTSTT','DCSREAS','DTHDT','ASTDTM','ASTDY','AENDTM','AENDY','CMSEQ','ATC1','ATC2','ATC3','ATC4','CMINDC','CMDOSE','CMTRT','CMDOSU','CMROUTE','CMDOSFRQ','CMASTDTM','CMAENDTM','ATIREL2','CMDECOD2','CMINDC2','CMDOSE2','CMDOSU2','CMROUTE2','CMDOSFRQ2','ASTDY2','AENDY2'}, but has additional elements {'CMTRT2'}.
{shiny}      R  stderr -----------   241: &lt;Anonymous&gt;
{shiny}      R  stderr -----------   240: stop
{shiny}      R  stderr -----------   239: mstop
{shiny}      R  stderr -----------   238: makeAssertion
{shiny}      R  stderr -----------   237: checkmate::assert_subset
{shiny}      R  stderr -----------   236: variable_choices.data.frame
{shiny}      R  stderr -----------   233: resolve.delayed_variable_choices
{shiny}      R  stderr -----------   231: resolve.delayed_select_spec
{shiny}      R  stderr -----------   229: resolve.delayed_data_extract_spec
{shiny}      R  stderr -----------   227: resolve_delayed.list
{shiny}      R  stderr -----------   213: module
{shiny}      R  stderr -----------   208: callModule
{shiny}      R  stderr -----------   207: moduleServer
{shiny}      R  stderr -----------   206: data_extract_single_srv
{shiny}      R  stderr -----------   205: FUN
{shiny}      R  stderr -----------   204: lapply
{shiny}      R  stderr -----------   203: module
{shiny}      R  stderr -----------   198: callModule
{shiny}      R  stderr -----------   197: moduleServer
{shiny}      R  stderr -----------   196: data_extract_srv.list
{shiny}      R  stderr -----------   194: FUN
{shiny}      R  stderr -----------   193: lapply
{shiny}      R  stderr -----------   192: sapply
{shiny}      R  stderr -----------   191: &lt;reactive&gt;
{shiny}      R  stderr -----------   175: selector_list
{shiny}      R  stderr -----------   170: &lt;reactive&gt;
{shiny}      R  stderr -----------   154: anl_inputs
{shiny}      R  stderr -----------   153: as.expression
{shiny}      R  stderr -----------   152: teal.code::eval_code
{shiny}      R  stderr -----------   151: %&gt;%
{shiny}      R  stderr -----------   150: &lt;reactive&gt;
{shiny}      R  stderr -----------   134: merged$anl_q
{shiny}      R  stderr -----------   128: &lt;reactive&gt;
{shiny}      R  stderr -----------   112: all_q
{shiny}      R  stderr -----------   110: renderText
{shiny}      R  stderr -----------   109: func
{shiny}      R  stderr -----------    96: renderFunc
{shiny}      R  stderr -----------    95: output$teal-main_ui-root-therapy__e2e_-module-title
{shiny}      R  stderr -----------    14: &lt;Anonymous&gt;
{shiny}      R  stderr -----------    12: &lt;Anonymous&gt;
{shiny}      R  stderr -----------    11: &lt;Anonymous&gt;
{shiny}      R  stderr -----------    10: base::do.call
{shiny}      R  stderr -----------     9: base::saveRDS
{shiny}      R  stderr -----------     8: base::withCallingHandlers
{shiny}      R  stderr -----------     7: doTryCatch
{shiny}      R  stderr -----------     6: tryCatchOne
{shiny}      R  stderr -----------     5: tryCatchList
{shiny}      R  stderr -----------     2: tryCatchList
{shiny}      R  stderr -----------     1: base::tryCatch
{shiny}      R  stderr ----------- Warning: Error in &lt;Anonymous&gt;: error in evaluating the argument 'code' in selecting a method for function 'eval_code': Assertion on 'subset' failed: Must be a subset of {'','USUBJID','STUDYID','CMCLAS','CMDECOD','ATIREL','CMCAT','COUNTRY','SITEID','SUBJID','AGE','SEX','ARMCD','ARM','ACTARMCD','ACTARM','RACE','TRTSDTM','TRTEDTM','EOSDY','EOSDT','STRATA1','STRATA2','BMRKR1','BMRKR2','REGION1','SAFFL','EOSSTT','EOTSTT','DCSREAS','DTHDT','ASTDTM','ASTDY','AENDTM','AENDY','CMSEQ','ATC1','ATC2','ATC3','ATC4','CMINDC','CMDOSE','CMTRT','CMDOSU','CMROUTE','CMDOSFRQ','CMASTDTM','CMAENDTM','ATIREL2','CMDECOD2','CMINDC2','CMDOSE2','CMDOSU2','CMROUTE2','CMDOSFRQ2','ASTDY2','AENDY2'}, but has additional elements {'CMTRT2'}.
{shiny}      R  stderr -----------   122: &lt;Anonymous&gt;
{shiny}      R  stderr -----------   121: stop
{shiny}      R  stderr -----------   120: all_q
{shiny}      R  stderr -----------   117: exprFunc
{shiny}      R  stderr -----------   116: widgetFunc
{shiny}      R  stderr -----------   115: ::
{shiny}      R  stderr ----------- htmlwidgets
{shiny}      R  stderr ----------- shinyRenderWidget
{shiny}      R  stderr -----------   114: func
{shiny}      R  stderr -----------   101: renderFunc
{shiny}      R  stderr -----------   100: renderFunc
{shiny}      R  stderr -----------    96: renderFunc
{shiny}      R  stderr -----------    95: output$teal-main_ui-root-therapy__e2e_-module-therapy_table
{shiny}      R  stderr -----------    14: &lt;Anonymous&gt;
{shiny}      R  stderr -----------    12: &lt;Anonymous&gt;
{shiny}      R  stderr -----------    11: &lt;Anonymous&gt;
{shiny}      R  stderr -----------    10: base::do.call
{shiny}      R  stderr -----------     9: base::saveRDS
{shiny}      R  stderr -----------     8: base::withCallingHandlers
{shiny}      R  stderr -----------     7: doTryCatch
{shiny}      R  stderr -----------     6: tryCatchOne
{shiny}      R  stderr -----------     5: tryCatchList
{shiny}      R  stderr -----------     2: tryCatchList
{shiny}      R  stderr -----------     1: base::tryCatch
{shiny}      R  stderr ----------- Warning: Error in variable_choices.data.frame: Assertion on 'subset' failed: Must be a subset of {'','USUBJID','STUDYID','CMCLAS','CMDECOD','ATIREL','CMCAT','COUNTRY','SITEID','SUBJID','AGE','SEX','ARMCD','ARM','ACTARMCD','ACTARM','RACE','TRTSDTM','TRTEDTM','EOSDY','EOSDT','STRATA1','STRATA2','BMRKR1','BMRKR2','REGION1','SAFFL','EOSSTT','EOTSTT','DCSREAS','DTHDT','ASTDTM','ASTDY','AENDTM','AENDY','CMSEQ','ATC1','ATC2','ATC3','ATC4','CMINDC','CMDOSE','CMTRT','CMDOSU','CMROUTE','CMDOSFRQ','CMASTDTM','CMAENDTM','ATIREL2','CMDECOD2','CMINDC2','CMDOSE2','CMDOSU2','CMROUTE2','CMDOSFRQ2','ASTDY2','AENDY2'}, but has additional elements {'CMTRT2'}.
{shiny}      R  stderr -----------   162: &lt;Anonymous&gt;
{shiny}      R  stderr -----------   161: stop
{shiny}      R  stderr -----------   160: selector_list
{shiny}      R  stderr -----------   159: teal.transform::compose_and_enable_validators
{shiny}      R  stderr -----------   158: &lt;reactive&gt;
{shiny}      R  stderr -----------   142: iv_r
{shiny}      R  stderr -----------   135: &lt;reactive&gt;
{shiny}      R  stderr -----------   119: plot_r
{shiny}      R  stderr -----------   110: renderUI
{shiny}      R  stderr -----------   109: func
{shiny}      R  stderr -----------    96: renderFunc
{shiny}      R  stderr -----------    95: output$teal-main_ui-root-therapy__e2e_-module-therapy_plot-plot_out_main
{shiny}      R  stderr -----------    14: &lt;Anonymous&gt;
{shiny}      R  stderr -----------    12: &lt;Anonymous&gt;
{shiny}      R  stderr -----------    11: &lt;Anonymous&gt;
{shiny}      R  stderr -----------    10: base::do.call
{shiny}      R  stderr -----------     9: base::saveRDS
{shiny}      R  stderr -----------     8: base::withCallingHandlers
{shiny}      R  stderr -----------     7: doTryCatch
{shiny}      R  stderr -----------     6: tryCatchOne
{shiny}      R  stderr -----------     5: tryCatchList
{shiny}      R  stderr -----------     2: tryCatchList
{shiny}      R  stderr -----------     1: base::tryCatch
{shiny}      R  stderr ----------- Warning: Error in &lt;Anonymous&gt;: error in evaluating the argument 'code' in selecting a method for function 'eval_code': Assertion on 'subset' failed: Must be a subset of {'','USUBJID','STUDYID','CMCLAS','CMDECOD','ATIREL','CMCAT','COUNTRY','SITEID','SUBJID','AGE','SEX','ARMCD','ARM','ACTARMCD','ACTARM','RACE','TRTSDTM','TRTEDTM','EOSDY','EOSDT','STRATA1','STRATA2','BMRKR1','BMRKR2','REGION1','SAFFL','EOSSTT','EOTSTT','DCSREAS','DTHDT','ASTDTM','ASTDY','AENDTM','AENDY','CMSEQ','ATC1','ATC2','ATC3','ATC4','CMINDC','CMDOSE','CMTRT','CMDOSU','CMROUTE','CMDOSFRQ','CMASTDTM','CMAENDTM','ATIREL2','CMDECOD2','CMINDC2','CMDOSE2','CMDOSU2','CMROUTE2','CMDOSFRQ2','ASTDY2','AENDY2'}, but has additional elements {'CMTRT2'}.
{shiny}      R  stderr -----------   14: &lt;Anonymous&gt;
{shiny}      R  stderr -----------   12: &lt;Anonymous&gt;
{shiny}      R  stderr -----------   11: &lt;Anonymous&gt;
{shiny}      R  stderr -----------   10: base::do.call
{shiny}      R  stderr -----------    9: base::saveRDS
{shiny}      R  stderr -----------    8: base::withCallingHandlers
{shiny}      R  stderr -----------    7: doTryCatch
{shiny}      R  stderr -----------    6: tryCatchOne
{shiny}      R  stderr -----------    5: tryCatchList
{shiny}      R  stderr -----------    2: tryCatchList
{shiny}      R  stderr -----------    1: base::tryCatch


Caused by error in `app_initialize_()`:
! Shiny app did not become stable in 1e+05ms.
Message: An error occurred while waiting for Shiny to be stable
Caused by error in `app_wait_for_idle()`:
! An error occurred while waiting for Shiny to be stable
Backtrace:
     x
  1. +-teal.modules.clinical (local) app_driver_tm_g_pp_therapy() at test-shinytest2-tm_g_pp_therapy.R:231:7
  2. | \-teal.modules.clinical:::init_teal_app_driver(...) at test-shinytest2-tm_g_pp_therapy.R:31:3
  3. |   +-testthat::with_mocked_bindings(...) at tests/testthat/helper-TealAppDriver.R:7:3
  4. |   \-TealAppDriver$new(...) at tests/testthat/helper-TealAppDriver.R:10:7
  5. |     \-teal (local) initialize(...)
  6. |       +-base::suppressWarnings(...)
  7. |       | \-base::withCallingHandlers(...)
  8. |       \-super$initialize(...)
  9. |         \-shinytest2:::app_initialize(...)
 10. |           +-base::withCallingHandlers(...)
 11. |           \-shinytest2:::app_initialize_(self, private, ..., view = view)
 12. |             +-base::withCallingHandlers(...)
 13. |             \-self$wait_for_idle(duration = 200, timeout = private$load_timeout)
 14. |               \-shinytest2:::app_wait_for_idle(...)
 15. |                 \-shinytest2:::app_abort(self, private, "An error occurred while waiting for Shiny to be stable")
 16. |                   \-rlang::abort(..., app = self, call = call)
 17. |                     \-rlang:::signal_abort(cnd, .file)
 18. |                       \-base::signalCondition(cnd)
 19. +-shinytest2 (local) `&lt;fn&gt;`(`&lt;rlng_rrr&gt;`)
 20. | \-shinytest2:::app_abort(...)
 21. |   \-rlang::abort(..., app = self, call = call)
 22. |     \-rlang:::signal_abort(cnd, .file)
 23. |       \-base::signalCondition(cnd)
 24. \-shinytest2 (local) `&lt;fn&gt;`(`&lt;rlng_rrr&gt;`)
 25.   \-shinytest2:::app_abort(...)
 26.     \-rlang::abort(..., app = self, call = call)</error>
    </testcase>
  </testsuite>
  <testsuite name="string_ops" timestamp="2024-05-03T20:00:50Z" hostname="417dbcd24b4b" tests="1" skipped="0" failures="0" errors="0" time="0.059">
    <testcase time="0.0589999999997417" classname="string_ops" name="_as_num_as_a_wide_interpretation_of_input_to_extract_numerics."/>
  </testsuite>
  <testsuite name="substitute_names" timestamp="2024-05-03T20:00:50Z" hostname="417dbcd24b4b" tests="9" skipped="0" failures="0" errors="0" time="0.054">
    <testcase time="0.00800000000026557" classname="substitute_names" name="substitute_q_works_as_expected"/>
    <testcase time="0.00799999999981083" classname="substitute_names" name="substitute_q_fails_on_unquoted_call"/>
    <testcase time="0.00500000000010914" classname="substitute_names" name="h_subst_lhs_names_works_as_expected"/>
    <testcase time="0.00599999999985812" classname="substitute_names" name="substitute_lhs_names_works_as_expected_with_nested_expressions"/>
    <testcase time="0.00500000000010914" classname="substitute_names" name="substitute_lhs_names_does_not_lead_to_infinite_recursion"/>
    <testcase time="0.00500000000010914" classname="substitute_names" name="substitute_rhs_works_as_expected"/>
    <testcase time="0.00599999999985812" classname="substitute_names" name="substitute_names_works_as_expected"/>
    <testcase time="0.00500000000010914" classname="substitute_names" name="substitute_names_can_also_substitute_other_expressions_if_requested"/>
    <testcase time="0.00599999999985812" classname="substitute_names" name="substitute_names_works_as_expected_with_nested_expressions"/>
  </testsuite>
  <testsuite name="tm_a_gee" timestamp="2024-05-03T20:00:50Z" hostname="417dbcd24b4b" tests="8" skipped="4" failures="0" errors="0" time="0.073">
    <testcase time="0.00900000000001455" classname="tm_a_gee" name="template_a_gee_t_gee_cov_table_works_as_expected_with_default_input"/>
    <testcase time="0.0100000000002183" classname="tm_a_gee" name="template_a_gee_t_gee_cov_table_works_as_expected_with_default_input">
      <skipped message="Reason: On CRAN ('test-tm_a_gee.R:13:3')"/>
    </testcase>
    <testcase time="0.01299999999992" classname="tm_a_gee" name="template_a_gee_t_gee_coef_table_works_as_expected_with_default_input"/>
    <testcase time="0.00399999999990541" classname="tm_a_gee" name="template_a_gee_t_gee_coef_table_works_as_expected_with_default_input">
      <skipped message="Reason: On CRAN ('test-tm_a_gee.R:28:3')"/>
    </testcase>
    <testcase time="0.0140000000001237" classname="tm_a_gee" name="template_a_gee_works_as_expected_with_non_default_reference_arm"/>
    <testcase time="0.00500000000010914" classname="tm_a_gee" name="template_a_gee_works_as_expected_with_non_default_reference_arm">
      <skipped message="Reason: On CRAN ('test-tm_a_gee.R:44:3')"/>
    </testcase>
    <testcase time="0.0139999999996689" classname="tm_a_gee" name="template_a_gee_works_as_expected_when_arm_is_not_considered_in_the_model"/>
    <testcase time="0.00400000000036016" classname="tm_a_gee" name="template_a_gee_works_as_expected_when_arm_is_not_considered_in_the_model">
      <skipped message="Reason: On CRAN ('test-tm_a_gee.R:60:3')"/>
    </testcase>
  </testsuite>
  <testsuite name="tm_a_mmrm" timestamp="2024-05-03T20:00:50Z" hostname="417dbcd24b4b" tests="10" skipped="5" failures="0" errors="0" time="0.099">
    <testcase time="0.0189999999997781" classname="tm_a_mmrm" name="template_fit_mmrm_works_as_expected_when_not_combining_comparison_arms"/>
    <testcase time="0.00399999999990541" classname="tm_a_mmrm" name="template_fit_mmrm_works_as_expected_when_not_combining_comparison_arms">
      <skipped message="Reason: On CRAN ('test-tm_a_mmrm.R:16:3')"/>
    </testcase>
    <testcase time="0.0150000000003274" classname="tm_a_mmrm" name="template_fit_mmrm_works_as_expected_when_combining_combination_arms"/>
    <testcase time="0.00399999999990541" classname="tm_a_mmrm" name="template_fit_mmrm_works_as_expected_when_combining_combination_arms">
      <skipped message="Reason: On CRAN ('test-tm_a_mmrm.R:35:3')"/>
    </testcase>
    <testcase time="0.01299999999992" classname="tm_a_mmrm" name="template_mmrm_tables_works_as_expected"/>
    <testcase time="0.00399999999990541" classname="tm_a_mmrm" name="template_mmrm_tables_works_as_expected">
      <skipped message="Reason: On CRAN ('test-tm_a_mmrm.R:51:3')"/>
    </testcase>
    <testcase time="0.01299999999992" classname="tm_a_mmrm" name="template_mmrm_tables_works_as_expected_when_arm_is_not_considered_in_the_model"/>
    <testcase time="0.0100000000002183" classname="tm_a_mmrm" name="template_mmrm_tables_works_as_expected_when_arm_is_not_considered_in_the_model">
      <skipped message="Reason: On CRAN ('test-tm_a_mmrm.R:67:3')"/>
    </testcase>
    <testcase time="0.01299999999992" classname="tm_a_mmrm" name="template_mmrm_plots_works_as_expected"/>
    <testcase time="0.00399999999990541" classname="tm_a_mmrm" name="template_mmrm_plots_works_as_expected">
      <skipped message="Reason: On CRAN ('test-tm_a_mmrm.R:85:3')"/>
    </testcase>
  </testsuite>
  <testsuite name="tm_g_ci" timestamp="2024-05-03T20:00:50Z" hostname="417dbcd24b4b" tests="8" skipped="4" failures="0" errors="0" time="0.082">
    <testcase time="0.0190000000002328" classname="tm_g_ci" name="1._and_2._Mean_and_95_CIs_for_mean"/>
    <testcase time="0.00499999999965439" classname="tm_g_ci" name="1._and_2._Mean_and_95_CIs_for_mean">
      <skipped message="Reason: On CRAN ('test-tm_g_ci.R:12:3')"/>
    </testcase>
    <testcase time="0.0150000000003274" classname="tm_g_ci" name="3._Confidence_Interval_Plot_using_different_stratification_variable_"/>
    <testcase time="0.00499999999965439" classname="tm_g_ci" name="3._Confidence_Interval_Plot_using_different_stratification_variable_">
      <skipped message="Reason: On CRAN ('test-tm_g_ci.R:27:3')"/>
    </testcase>
    <testcase time="0.0140000000001237" classname="tm_g_ci" name="4._Median_and_95_CIs_for_median"/>
    <testcase time="0.00399999999990541" classname="tm_g_ci" name="4._Median_and_95_CIs_for_median">
      <skipped message="Reason: On CRAN ('test-tm_g_ci.R:42:3')"/>
    </testcase>
    <testcase time="0.0160000000000764" classname="tm_g_ci" name="5._Using_different_alpha_level"/>
    <testcase time="0.00399999999990541" classname="tm_g_ci" name="5._Using_different_alpha_level">
      <skipped message="Reason: On CRAN ('test-tm_g_ci.R:58:3')"/>
    </testcase>
  </testsuite>
  <testsuite name="tm_g_forest_rsp" timestamp="2024-05-03T20:00:50Z" hostname="417dbcd24b4b" tests="2" skipped="1" failures="0" errors="0" time="0.025">
    <testcase time="0.0210000000001855" classname="tm_g_forest_rsp" name="template_forest_rsp_generates_correct_expressions"/>
    <testcase time="0.00399999999990541" classname="tm_g_forest_rsp" name="template_forest_rsp_generates_correct_expressions">
      <skipped message="Reason: On CRAN ('test-tm_g_forest_rsp.R:16:3')"/>
    </testcase>
  </testsuite>
  <testsuite name="tm_g_forest_tte" timestamp="2024-05-03T20:00:50Z" hostname="417dbcd24b4b" tests="2" skipped="1" failures="0" errors="0" time="0.026">
    <testcase time="0.0219999999999345" classname="tm_g_forest_tte" name="template_forest_tte_generates_correct_expressions"/>
    <testcase time="0.00400000000036016" classname="tm_g_forest_tte" name="template_forest_tte_generates_correct_expressions">
      <skipped message="Reason: On CRAN ('test-tm_g_forest_tte.R:14:3')"/>
    </testcase>
  </testsuite>
  <testsuite name="tm_g_ipp" timestamp="2024-05-03T20:00:50Z" hostname="417dbcd24b4b" tests="4" skipped="2" failures="0" errors="0" time="0.039">
    <testcase time="0.0169999999998254" classname="tm_g_ipp" name="template_g_ipp_works_as_expected_with_default_arguments"/>
    <testcase time="0.00500000000010914" classname="tm_g_ipp" name="template_g_ipp_works_as_expected_with_default_arguments">
      <skipped message="Reason: On CRAN ('test-tm_g_ipp.R:8:3')"/>
    </testcase>
    <testcase time="0.01299999999992" classname="tm_g_ipp" name="template_g_ipp_works_as_expected_with_non_default_arguments"/>
    <testcase time="0.00400000000036016" classname="tm_g_ipp" name="template_g_ipp_works_as_expected_with_non_default_arguments">
      <skipped message="Reason: On CRAN ('test-tm_g_ipp.R:30:3')"/>
    </testcase>
  </testsuite>
  <testsuite name="tm_g_km" timestamp="2024-05-03T20:00:50Z" hostname="417dbcd24b4b" tests="6" skipped="3" failures="0" errors="0" time="0.067">
    <testcase time="0.0180000000000291" classname="tm_g_km" name="template_g_km_works_as_expected_with_default_arguments"/>
    <testcase time="0.00999999999976353" classname="tm_g_km" name="template_g_km_works_as_expected_with_default_arguments">
      <skipped message="Reason: On CRAN ('test-tm_g_km.R:5:3')"/>
    </testcase>
    <testcase time="0.0149999999998727" classname="tm_g_km" name="template_g_km_gives_correct_data_expression_when_we_want_to_compare_versus_reference_arms"/>
    <testcase time="0.00500000000010914" classname="tm_g_km" name="template_g_km_gives_correct_data_expression_when_we_want_to_compare_versus_reference_arms">
      <skipped message="Reason: On CRAN ('test-tm_g_km.R:16:3')"/>
    </testcase>
    <testcase time="0.0140000000001237" classname="tm_g_km" name="template_g_km_gives_correct_data_expression_when_we_want_to_combine_comparison_arms"/>
    <testcase time="0.00500000000010914" classname="tm_g_km" name="template_g_km_gives_correct_data_expression_when_we_want_to_combine_comparison_arms">
      <skipped message="Reason: On CRAN ('test-tm_g_km.R:28:3')"/>
    </testcase>
  </testsuite>
  <testsuite name="tm_g_lineplot" timestamp="2024-05-03T20:00:50Z" hostname="417dbcd24b4b" tests="4" skipped="2" failures="0" errors="0" time="0.04">
    <testcase time="0.0169999999998254" classname="tm_g_lineplot" name="template_g_lineplot_works_as_expected_with_default_arguments"/>
    <testcase time="0.00500000000010914" classname="tm_g_lineplot" name="template_g_lineplot_works_as_expected_with_default_arguments">
      <skipped message="Reason: On CRAN ('test-tm_g_lineplot.R:5:3')"/>
    </testcase>
    <testcase time="0.01299999999992" classname="tm_g_lineplot" name="template_g_lineplot_gives_correct_data_expression_with_custom_arguments"/>
    <testcase time="0.00500000000010914" classname="tm_g_lineplot" name="template_g_lineplot_gives_correct_data_expression_with_custom_arguments">
      <skipped message="Reason: On CRAN ('test-tm_g_lineplot.R:23:3')"/>
    </testcase>
  </testsuite>
  <testsuite name="tm_t_abnormality" timestamp="2024-05-03T20:00:50Z" hostname="417dbcd24b4b" tests="6" skipped="3" failures="0" errors="0" time="0.06">
    <testcase time="0.0180000000000291" classname="tm_t_abnormality" name="template_abnormality_generates_correct_expressions_with_default_arguments"/>
    <testcase time="0.00499999999965439" classname="tm_t_abnormality" name="template_abnormality_generates_correct_expressions_with_default_arguments">
      <skipped message="Reason: On CRAN ('test-tm_t_abnormality.R:17:3')"/>
    </testcase>
    <testcase time="0.0140000000001237" classname="tm_t_abnormality" name="template_abnormality_generates_correct_expressions_with_custom_arguments"/>
    <testcase time="0.00399999999990541" classname="tm_t_abnormality" name="template_abnormality_generates_correct_expressions_with_custom_arguments">
      <skipped message="Reason: On CRAN ('test-tm_t_abnormality.R:39:3')"/>
    </testcase>
    <testcase time="0.0150000000003274" classname="tm_t_abnormality" name="template_abnormality_generates_correct_expressions_with_customized_na_level"/>
    <testcase time="0.00399999999990541" classname="tm_t_abnormality" name="template_abnormality_generates_correct_expressions_with_customized_na_level">
      <skipped message="Reason: On CRAN ('test-tm_t_abnormality.R:59:3')"/>
    </testcase>
  </testsuite>
  <testsuite name="tm_t_abnormality_by_worst_grade" timestamp="2024-05-03T20:00:50Z" hostname="417dbcd24b4b" tests="5" skipped="2" failures="0" errors="0" time="0.071">
    <testcase time="0.0180000000000291" classname="tm_t_abnormality_by_worst_grade" name="template_abnormality_by_worst_grade_generates_correct_expressions_with_default_arguments"/>
    <testcase time="0.00399999999990541" classname="tm_t_abnormality_by_worst_grade" name="template_abnormality_by_worst_grade_generates_correct_expressions_with_default_arguments">
      <skipped message="Reason: On CRAN ('test-tm_t_abnormality_by_worst_grade.R:17:3')"/>
    </testcase>
    <testcase time="0.0140000000001237" classname="tm_t_abnormality_by_worst_grade" name="template_abnormality_by_worst_grade_generates_correct_expressions_with_custom_arguments"/>
    <testcase time="0.00499999999965439" classname="tm_t_abnormality_by_worst_grade" name="template_abnormality_by_worst_grade_generates_correct_expressions_with_custom_arguments">
      <skipped message="Reason: On CRAN ('test-tm_t_abnormality_by_worst_grade.R:36:3')"/>
    </testcase>
    <testcase time="0.0300000000002001" classname="tm_t_abnormality_by_worst_grade" name="template_abnormality_by_worst_grade_throws_an_error_when_ATOXGR_contains_NA_values"/>
  </testsuite>
  <testsuite name="tm_t_ancova" timestamp="2024-05-03T20:00:51Z" hostname="417dbcd24b4b" tests="14" skipped="7" failures="0" errors="0" time="0.128">
    <testcase time="0.012000000000171" classname="tm_t_ancova" name="template_ancova_generates_expressions_with_multiple_endpoints"/>
    <testcase time="0.00399999999990541" classname="tm_t_ancova" name="template_ancova_generates_expressions_with_multiple_endpoints">
      <skipped message="Reason: On CRAN ('test-tm_t_ancova.R:20:3')"/>
    </testcase>
    <testcase time="0.0149999999998727" classname="tm_t_ancova" name="template_ancova_generates_expressions_with_multiple_endpoints_with_combined_comparison_arms"/>
    <testcase time="0.00399999999990541" classname="tm_t_ancova" name="template_ancova_generates_expressions_with_multiple_endpoints_with_combined_comparison_arms">
      <skipped message="Reason: On CRAN ('test-tm_t_ancova.R:42:3')"/>
    </testcase>
    <testcase time="0.0150000000003274" classname="tm_t_ancova" name="template_ancova_generates_expressions_with_multiple_endpoints_with_combined_reference_arms"/>
    <testcase time="0.00399999999990541" classname="tm_t_ancova" name="template_ancova_generates_expressions_with_multiple_endpoints_with_combined_reference_arms">
      <skipped message="Reason: On CRAN ('test-tm_t_ancova.R:64:3')"/>
    </testcase>
    <testcase time="0.0140000000001237" classname="tm_t_ancova" name="template_ancova_generates_expressions_with_single_endpoint"/>
    <testcase time="0.00399999999990541" classname="tm_t_ancova" name="template_ancova_generates_expressions_with_single_endpoint">
      <skipped message="Reason: On CRAN ('test-tm_t_ancova.R:86:3')"/>
    </testcase>
    <testcase time="0.0149999999998727" classname="tm_t_ancova" name="template_ancova_generates_expressions_with_multiple_endpoints"/>
    <testcase time="0.00399999999990541" classname="tm_t_ancova" name="template_ancova_generates_expressions_with_multiple_endpoints">
      <skipped message="Reason: On CRAN ('test-tm_t_ancova.R:111:3')"/>
    </testcase>
    <testcase time="0.0140000000001237" classname="tm_t_ancova" name="template_ancova_generates_expressions_with_discrete_interaction_variable"/>
    <testcase time="0.00399999999990541" classname="tm_t_ancova" name="template_ancova_generates_expressions_with_discrete_interaction_variable">
      <skipped message="Reason: On CRAN ('test-tm_t_ancova.R:136:3')"/>
    </testcase>
    <testcase time="0.0150000000003274" classname="tm_t_ancova" name="template_ancova_generates_expressions_with_continuous_interaction_variable"/>
    <testcase time="0.00399999999990541" classname="tm_t_ancova" name="template_ancova_generates_expressions_with_continuous_interaction_variable">
      <skipped message="Reason: On CRAN ('test-tm_t_ancova.R:160:3')"/>
    </testcase>
  </testsuite>
  <testsuite name="tm_t_binary_outcome" timestamp="2024-05-03T20:00:51Z" hostname="417dbcd24b4b" tests="16" skipped="8" failures="0" errors="0" time="0.156">
    <testcase time="0.0199999999999818" classname="tm_t_binary_outcome" name="template_binary_outcome_generates_standard_expressions"/>
    <testcase time="0.00399999999990541" classname="tm_t_binary_outcome" name="template_binary_outcome_generates_standard_expressions">
      <skipped message="Reason: On CRAN ('test-tm_t_binary_outcome.R:16:3')"/>
    </testcase>
    <testcase time="0.0140000000001237" classname="tm_t_binary_outcome" name="template_binary_outcome_generates_right_expressions_with_non_default"/>
    <testcase time="0.00399999999990541" classname="tm_t_binary_outcome" name="template_binary_outcome_generates_right_expressions_with_non_default">
      <skipped message="Reason: On CRAN ('test-tm_t_binary_outcome.R:35:3')"/>
    </testcase>
    <testcase time="0.0189999999997781" classname="tm_t_binary_outcome" name="template_binary_outcome_generates_expression_without_arm_comparison"/>
    <testcase time="0.00400000000036016" classname="tm_t_binary_outcome" name="template_binary_outcome_generates_expression_without_arm_comparison">
      <skipped message="Reason: On CRAN ('test-tm_t_binary_outcome.R:52:3')"/>
    </testcase>
    <testcase time="0.0149999999998727" classname="tm_t_binary_outcome" name="template_binary_outcome_generates_expression_with_non_default_controls_and_strata."/>
    <testcase time="0.00399999999990541" classname="tm_t_binary_outcome" name="template_binary_outcome_generates_expression_with_non_default_controls_and_strata.">
      <skipped message="Reason: On CRAN ('test-tm_t_binary_outcome.R:76:3')"/>
    </testcase>
    <testcase time="0.0149999999998727" classname="tm_t_binary_outcome" name="template_binary_outcome_can_combine_comparison_arms"/>
    <testcase time="0.00400000000036016" classname="tm_t_binary_outcome" name="template_binary_outcome_can_combine_comparison_arms">
      <skipped message="Reason: On CRAN ('test-tm_t_binary_outcome.R:94:3')"/>
    </testcase>
    <testcase time="0.0139999999996689" classname="tm_t_binary_outcome" name="template_binary_outcome_can_combine_comparison_arms_when_compare_arms_is_FALSE"/>
    <testcase time="0.00400000000036016" classname="tm_t_binary_outcome" name="template_binary_outcome_can_combine_comparison_arms_when_compare_arms_is_FALSE">
      <skipped message="Reason: On CRAN ('test-tm_t_binary_outcome.R:112:3')"/>
    </testcase>
    <testcase time="0.0119999999997162" classname="tm_t_binary_outcome" name="split_col_expr_prepare_the_right_four_possible_expressions"/>
    <testcase time="0.00399999999990541" classname="tm_t_binary_outcome" name="split_col_expr_prepare_the_right_four_possible_expressions">
      <skipped message="Reason: On CRAN ('test-tm_t_binary_outcome.R:124:3')"/>
    </testcase>
    <testcase time="0.0150000000003274" classname="tm_t_binary_outcome" name="template_binary_outcome_can_combine_refs"/>
    <testcase time="0.00399999999990541" classname="tm_t_binary_outcome" name="template_binary_outcome_can_combine_refs">
      <skipped message="Reason: On CRAN ('test-tm_t_binary_outcome.R:141:3')"/>
    </testcase>
  </testsuite>
  <testsuite name="tm_t_coxreg" timestamp="2024-05-03T20:00:51Z" hostname="417dbcd24b4b" tests="6" skipped="3" failures="0" errors="0" time="0.058">
    <testcase time="0.0180000000000291" classname="tm_t_coxreg" name="template_coxreg_generates_correct_univariate_cox_regression_expressions"/>
    <testcase time="0.00399999999990541" classname="tm_t_coxreg" name="template_coxreg_generates_correct_univariate_cox_regression_expressions">
      <skipped message="Reason: On CRAN ('test-tm_t_coxreg.R:21:3')"/>
    </testcase>
    <testcase time="0.01299999999992" classname="tm_t_coxreg" name="template_coxreg_generates_correct_univariate_cox_regression_expressions_with_interactions"/>
    <testcase time="0.00399999999990541" classname="tm_t_coxreg" name="template_coxreg_generates_correct_univariate_cox_regression_expressions_with_interactions">
      <skipped message="Reason: On CRAN ('test-tm_t_coxreg.R:45:3')"/>
    </testcase>
    <testcase time="0.0150000000003274" classname="tm_t_coxreg" name="template_coxreg_generates_correct_multivariate_cox_regression_expressions"/>
    <testcase time="0.00399999999990541" classname="tm_t_coxreg" name="template_coxreg_generates_correct_multivariate_cox_regression_expressions">
      <skipped message="Reason: On CRAN ('test-tm_t_coxreg.R:63:3')"/>
    </testcase>
  </testsuite>
  <testsuite name="tm_t_events" timestamp="2024-05-03T20:00:51Z" hostname="417dbcd24b4b" tests="12" skipped="6" failures="0" errors="0" time="0.128">
    <testcase time="0.0199999999999818" classname="tm_t_events" name="template_events_generates_correct_expressions"/>
    <testcase time="0.00999999999976353" classname="tm_t_events" name="template_events_generates_correct_expressions">
      <skipped message="Reason: On CRAN ('test-tm_t_events.R:15:3')"/>
    </testcase>
    <testcase time="0.0160000000000764" classname="tm_t_events" name="template_events_generates_correct_expressions_for_nested_columns"/>
    <testcase time="0.00399999999990541" classname="tm_t_events" name="template_events_generates_correct_expressions_for_nested_columns">
      <skipped message="Reason: On CRAN ('test-tm_t_events.R:32:3')"/>
    </testcase>
    <testcase time="0.0150000000003274" classname="tm_t_events" name="template_events_can_generate_customized_table"/>
    <testcase time="0.00399999999990541" classname="tm_t_events" name="template_events_can_generate_customized_table">
      <skipped message="Reason: On CRAN ('test-tm_t_events.R:50:3')"/>
    </testcase>
    <testcase time="0.0149999999998727" classname="tm_t_events" name="template_events_can_generate_customized_table_with_alphabetical_sorting"/>
    <testcase time="0.00399999999990541" classname="tm_t_events" name="template_events_can_generate_customized_table_with_alphabetical_sorting">
      <skipped message="Reason: On CRAN ('test-tm_t_events.R:69:3')"/>
    </testcase>
    <testcase time="0.0150000000003274" classname="tm_t_events" name="template_events_can_generate_customized_table_with_pruning"/>
    <testcase time="0.00399999999990541" classname="tm_t_events" name="template_events_can_generate_customized_table_with_pruning">
      <skipped message="Reason: On CRAN ('test-tm_t_events.R:89:3')"/>
    </testcase>
    <testcase time="0.0160000000000764" classname="tm_t_events" name="template_events_can_generate_customized_table_with_pruning_for_nested_column"/>
    <testcase time="0.00499999999965439" classname="tm_t_events" name="template_events_can_generate_customized_table_with_pruning_for_nested_column">
      <skipped message="Reason: On CRAN ('test-tm_t_events.R:109:3')"/>
    </testcase>
  </testsuite>
  <testsuite name="tm_t_events_by_grade" timestamp="2024-05-03T20:00:51Z" hostname="417dbcd24b4b" tests="16" skipped="8" failures="0" errors="0" time="0.167">
    <testcase time="0.0210000000001855" classname="tm_t_events_by_grade" name="template_events_by_grade_generates_standard_expressions"/>
    <testcase time="0.00399999999990541" classname="tm_t_events_by_grade" name="template_events_by_grade_generates_standard_expressions">
      <skipped message="Reason: On CRAN ('test-tm_t_events_by_grade.R:17:3')"/>
    </testcase>
    <testcase time="0.0150000000003274" classname="tm_t_events_by_grade" name="template_events_by_grade_generates_standard_expressions_with_pruning_conditions"/>
    <testcase time="0.00499999999965439" classname="tm_t_events_by_grade" name="template_events_by_grade_generates_standard_expressions_with_pruning_conditions">
      <skipped message="Reason: On CRAN ('test-tm_t_events_by_grade.R:38:3')"/>
    </testcase>
    <testcase time="0.0140000000001237" classname="tm_t_events_by_grade" name="template_events_by_grade_without_adding_total_column_option_works_as_expected"/>
    <testcase time="0.00500000000010914" classname="tm_t_events_by_grade" name="template_events_by_grade_without_adding_total_column_option_works_as_expected">
      <skipped message="Reason: On CRAN ('test-tm_t_events_by_grade.R:57:3')"/>
    </testcase>
    <testcase time="0.0140000000001237" classname="tm_t_events_by_grade" name="template_events_by_grade_with_hlt_only_works"/>
    <testcase time="0.00900000000001455" classname="tm_t_events_by_grade" name="template_events_by_grade_with_hlt_only_works">
      <skipped message="Reason: On CRAN ('test-tm_t_events_by_grade.R:76:3')"/>
    </testcase>
    <testcase time="0.0169999999998254" classname="tm_t_events_by_grade" name="template_events_col_by_grade_generates_standard_expressions"/>
    <testcase time="0.00399999999990541" classname="tm_t_events_by_grade" name="template_events_col_by_grade_generates_standard_expressions">
      <skipped message="Reason: On CRAN ('test-tm_t_events_by_grade.R:95:3')"/>
    </testcase>
    <testcase time="0.0160000000000764" classname="tm_t_events_by_grade" name="template_events_col_by_grade_works_with_custom_values"/>
    <testcase time="0.00399999999990541" classname="tm_t_events_by_grade" name="template_events_col_by_grade_works_with_custom_values">
      <skipped message="Reason: On CRAN ('test-tm_t_events_by_grade.R:114:3')"/>
    </testcase>
    <testcase time="0.0160000000000764" classname="tm_t_events_by_grade" name="template_events_col_by_grade_without_adding_total_column_option_works_as_expected"/>
    <testcase time="0.00399999999990541" classname="tm_t_events_by_grade" name="template_events_col_by_grade_without_adding_total_column_option_works_as_expected">
      <skipped message="Reason: On CRAN ('test-tm_t_events_by_grade.R:133:3')"/>
    </testcase>
    <testcase time="0.0149999999998727" classname="tm_t_events_by_grade" name="template_events_col_by_grade_without_dropping_arm_levels_option_works_as_expected"/>
    <testcase time="0.00400000000036016" classname="tm_t_events_by_grade" name="template_events_col_by_grade_without_dropping_arm_levels_option_works_as_expected">
      <skipped message="Reason: On CRAN ('test-tm_t_events_by_grade.R:152:3')"/>
    </testcase>
  </testsuite>
  <testsuite name="tm_t_events_patyear" timestamp="2024-05-03T20:00:51Z" hostname="417dbcd24b4b" tests="6" skipped="3" failures="0" errors="0" time="0.059">
    <testcase time="0.0189999999997781" classname="tm_t_events_patyear" name="template_events_patyear_generates_standard_expressions"/>
    <testcase time="0.00399999999990541" classname="tm_t_events_patyear" name="template_events_patyear_generates_standard_expressions">
      <skipped message="Reason: On CRAN ('test-tm_t_events_patyear.R:15:3')"/>
    </testcase>
    <testcase time="0.0140000000001237" classname="tm_t_events_patyear" name="template_events_patyear_generates_right_expressions_with_non_default"/>
    <testcase time="0.00399999999990541" classname="tm_t_events_patyear" name="template_events_patyear_generates_right_expressions_with_non_default">
      <skipped message="Reason: On CRAN ('test-tm_t_events_patyear.R:32:3')"/>
    </testcase>
    <testcase time="0.0140000000001237" classname="tm_t_events_patyear" name="template_events_patyear_generates_right_expressions_with_non_default_controls"/>
    <testcase time="0.00399999999990541" classname="tm_t_events_patyear" name="template_events_patyear_generates_right_expressions_with_non_default_controls">
      <skipped message="Reason: On CRAN ('test-tm_t_events_patyear.R:54:3')"/>
    </testcase>
  </testsuite>
  <testsuite name="tm_t_events_summary" timestamp="2024-05-03T20:00:51Z" hostname="417dbcd24b4b" tests="4" skipped="2" failures="0" errors="0" time="0.05">
    <testcase time="0.0190000000002328" classname="tm_t_events_summary" name="template_events_summary_generates_minimal_table"/>
    <testcase time="0.00399999999990541" classname="tm_t_events_summary" name="template_events_summary_generates_minimal_table">
      <skipped message="Reason: On CRAN ('test-tm_t_events_summary.R:9:3')"/>
    </testcase>
    <testcase time="0.0169999999998254" classname="tm_t_events_summary" name="template_events_summary_generates_table_with_multiple_flags"/>
    <testcase time="0.0100000000002183" classname="tm_t_events_summary" name="template_events_summary_generates_table_with_multiple_flags">
      <skipped message="Reason: On CRAN ('test-tm_t_events_summary.R:26:3')"/>
    </testcase>
  </testsuite>
  <testsuite name="tm_t_exposure" timestamp="2024-05-03T20:00:51Z" hostname="417dbcd24b4b" tests="6" skipped="3" failures="0" errors="0" time="0.061">
    <testcase time="0.0189999999997781" classname="tm_t_exposure" name="template_exposure_generates_correct_expressions_with_default_arguments"/>
    <testcase time="0.00500000000010914" classname="tm_t_exposure" name="template_exposure_generates_correct_expressions_with_default_arguments">
      <skipped message="Reason: On CRAN ('test-tm_t_exposure.R:17:3')"/>
    </testcase>
    <testcase time="0.0149999999998727" classname="tm_t_exposure" name="template_exposure_generates_correct_expressions_with_custom_arguments"/>
    <testcase time="0.00400000000036016" classname="tm_t_exposure" name="template_exposure_generates_correct_expressions_with_custom_arguments">
      <skipped message="Reason: On CRAN ('test-tm_t_exposure.R:36:3')"/>
    </testcase>
    <testcase time="0.0139999999996689" classname="tm_t_exposure" name="template_exposure_generates_correct_expressions_with_paramcd_label"/>
    <testcase time="0.00400000000036016" classname="tm_t_exposure" name="template_exposure_generates_correct_expressions_with_paramcd_label">
      <skipped message="Reason: On CRAN ('test-tm_t_exposure.R:56:3')"/>
    </testcase>
  </testsuite>
  <testsuite name="tm_t_logisitic" timestamp="2024-05-03T20:00:51Z" hostname="417dbcd24b4b" tests="6" skipped="3" failures="0" errors="0" time="0.062">
    <testcase time="0.0199999999999818" classname="tm_t_logisitic" name="template_logistic_generates_correct_expressions"/>
    <testcase time="0.00499999999965439" classname="tm_t_logisitic" name="template_logistic_generates_correct_expressions">
      <skipped message="Reason: On CRAN ('test-tm_t_logisitic.R:19:3')"/>
    </testcase>
    <testcase time="0.0140000000001237" classname="tm_t_logisitic" name="template_logistic_generates_correct_expressions_for_no_arm_variable"/>
    <testcase time="0.00500000000010914" classname="tm_t_logisitic" name="template_logistic_generates_correct_expressions_for_no_arm_variable">
      <skipped message="Reason: On CRAN ('test-tm_t_logisitic.R:38:3')"/>
    </testcase>
    <testcase time="0.0140000000001237" classname="tm_t_logisitic" name="template_logistic_generates_correct_expressions"/>
    <testcase time="0.00399999999990541" classname="tm_t_logisitic" name="template_logistic_generates_correct_expressions">
      <skipped message="Reason: On CRAN ('test-tm_t_logisitic.R:59:3')"/>
    </testcase>
  </testsuite>
  <testsuite name="tm_t_mult_events" timestamp="2024-05-03T20:00:51Z" hostname="417dbcd24b4b" tests="12" skipped="6" failures="0" errors="0" time="0.124">
    <testcase time="0.0199999999999818" classname="tm_t_mult_events" name="template_mult_events_generates_correct_expressions_with_1_HLT_parameter"/>
    <testcase time="0.00500000000010914" classname="tm_t_mult_events" name="template_mult_events_generates_correct_expressions_with_1_HLT_parameter">
      <skipped message="Reason: On CRAN ('test-tm_t_mult_events.R:15:3')"/>
    </testcase>
    <testcase time="0.0139999999996689" classname="tm_t_mult_events" name="template_mult_events_generates_correct_expressions_with_2_HLT_parameters_and_drop_arm_levels_FALSE"/>
    <testcase time="0.00399999999990541" classname="tm_t_mult_events" name="template_mult_events_generates_correct_expressions_with_2_HLT_parameters_and_drop_arm_levels_FALSE">
      <skipped message="Reason: On CRAN ('test-tm_t_mult_events.R:34:5')"/>
    </testcase>
    <testcase time="0.0160000000000764" classname="tm_t_mult_events" name="template_mult_events_generates_correct_expressions_with_3_HLT_parameters"/>
    <testcase time="0.00400000000036016" classname="tm_t_mult_events" name="template_mult_events_generates_correct_expressions_with_3_HLT_parameters">
      <skipped message="Reason: On CRAN ('test-tm_t_mult_events.R:52:3')"/>
    </testcase>
    <testcase time="0.0199999999999818" classname="tm_t_mult_events" name="template_mult_events_generates_correct_expressions_with_4_HLT_parameters"/>
    <testcase time="0.00399999999990541" classname="tm_t_mult_events" name="template_mult_events_generates_correct_expressions_with_4_HLT_parameters">
      <skipped message="Reason: On CRAN ('test-tm_t_mult_events.R:69:3')"/>
    </testcase>
    <testcase time="0.0139999999996689" classname="tm_t_mult_events" name="template_mult_events_generates_correct_expressions_with_no_HLT_parameters"/>
    <testcase time="0.00400000000036016" classname="tm_t_mult_events" name="template_mult_events_generates_correct_expressions_with_no_HLT_parameters">
      <skipped message="Reason: On CRAN ('test-tm_t_mult_events.R:86:3')"/>
    </testcase>
    <testcase time="0.0149999999998727" classname="tm_t_mult_events" name="template_mult_events_generates_correct_expressions_with_1_HLT_parameter_and_without_All_Patients_column"/>
    <testcase time="0.00399999999990541" classname="tm_t_mult_events" name="template_mult_events_generates_correct_expressions_with_1_HLT_parameter_and_without_All_Patients_column">
      <skipped message="Reason: On CRAN ('test-tm_t_mult_events.R:105:5')"/>
    </testcase>
  </testsuite>
  <testsuite name="tm_t_pp_medical_history" timestamp="2024-05-03T20:00:52Z" hostname="417dbcd24b4b" tests="9" skipped="1" failures="0" errors="0" time="0.04">
    <testcase time="0.0160000000000764" classname="tm_t_pp_medical_history" name="template_medical_history_outputs_a_list_with_one_named_element"/>
    <testcase time="0.00199999999995271" classname="tm_t_pp_medical_history" name="template_medical_history_outputs_a_list_with_one_named_element"/>
    <testcase time="0.00100000000020373" classname="tm_t_pp_medical_history" name="template_medical_history_outputs_a_list_with_one_named_element"/>
    <testcase time="0.00299999999970169" classname="tm_t_pp_medical_history" name="template_medical_history_outputs_a_list_with_one_named_element"/>
    <testcase time="0.00500000000010914" classname="tm_t_pp_medical_history" name="template_medical_history_s_output_has_element_table_which_is_of_class_call"/>
    <testcase time="0.00199999999995271" classname="tm_t_pp_medical_history" name="template_medical_history_s_output_has_element_table_which_is_of_class_call"/>
    <testcase time="0.00600000000031287" classname="tm_t_pp_medical_history" name="template_medical_history_non_default_parameters"/>
    <testcase time="0.000999999999748979" classname="tm_t_pp_medical_history" name="template_medical_history_non_default_parameters"/>
    <testcase time="0.00399999999990541" classname="tm_t_pp_medical_history" name="template_medical_history_non_default_parameters">
      <skipped message="Reason: On CRAN ('test-tm_t_pp_medical_history.R:17:3')"/>
    </testcase>
  </testsuite>
  <testsuite name="tm_t_shift_by_arm" timestamp="2024-05-03T20:00:52Z" hostname="417dbcd24b4b" tests="6" skipped="3" failures="0" errors="0" time="0.054">
    <testcase time="0.0160000000000764" classname="tm_t_shift_by_arm" name="template_shift_by_arm_generates_correct_expressions_with_default_arguments"/>
    <testcase time="0.00399999999990541" classname="tm_t_shift_by_arm" name="template_shift_by_arm_generates_correct_expressions_with_default_arguments">
      <skipped message="Reason: On CRAN ('test-tm_t_shift_by_arm.R:14:3')"/>
    </testcase>
    <testcase time="0.01299999999992" classname="tm_t_shift_by_arm" name="template_shift_by_arm_generates_correct_expressions_with_add_total_being_TRUE"/>
    <testcase time="0.00400000000036016" classname="tm_t_shift_by_arm" name="template_shift_by_arm_generates_correct_expressions_with_add_total_being_TRUE">
      <skipped message="Reason: On CRAN ('test-tm_t_shift_by_arm.R:31:3')"/>
    </testcase>
    <testcase time="0.01299999999992" classname="tm_t_shift_by_arm" name="template_shift_by_arm_generates_correct_expressions_with_na.rm_being_TRUE"/>
    <testcase time="0.00399999999990541" classname="tm_t_shift_by_arm" name="template_shift_by_arm_generates_correct_expressions_with_na.rm_being_TRUE">
      <skipped message="Reason: On CRAN ('test-tm_t_shift_by_arm.R:48:3')"/>
    </testcase>
  </testsuite>
  <testsuite name="tm_t_shift_by_arm_by_worst" timestamp="2024-05-03T20:00:52Z" hostname="417dbcd24b4b" tests="6" skipped="3" failures="0" errors="0" time="0.059">
    <testcase time="0.0160000000000764" classname="tm_t_shift_by_arm_by_worst" name="template_shift_by_arm_generates_correct_expressions_with_default_arguments"/>
    <testcase time="0.00399999999990541" classname="tm_t_shift_by_arm_by_worst" name="template_shift_by_arm_generates_correct_expressions_with_default_arguments">
      <skipped message="Reason: On CRAN ('test-tm_t_shift_by_arm_by_worst.R:15:3')"/>
    </testcase>
    <testcase time="0.01299999999992" classname="tm_t_shift_by_arm_by_worst" name="template_shift_by_arm_generates_correct_expressions_with_add_total_being_TRUE"/>
    <testcase time="0.00400000000036016" classname="tm_t_shift_by_arm_by_worst" name="template_shift_by_arm_generates_correct_expressions_with_add_total_being_TRUE">
      <skipped message="Reason: On CRAN ('test-tm_t_shift_by_arm_by_worst.R:33:3')"/>
    </testcase>
    <testcase time="0.0179999999995744" classname="tm_t_shift_by_arm_by_worst" name="template_shift_by_arm_generates_correct_expressions_with_na.rm_being_TRUE"/>
    <testcase time="0.00400000000036016" classname="tm_t_shift_by_arm_by_worst" name="template_shift_by_arm_generates_correct_expressions_with_na.rm_being_TRUE">
      <skipped message="Reason: On CRAN ('test-tm_t_shift_by_arm_by_worst.R:51:3')"/>
    </testcase>
  </testsuite>
  <testsuite name="tm_t_shift_by_grade" timestamp="2024-05-03T20:00:52Z" hostname="417dbcd24b4b" tests="6" skipped="2" failures="0" errors="0" time="0.132">
    <testcase time="0.0199999999999818" classname="tm_t_shift_by_grade" name="template_shift_by_grade_generates_correct_expressions_with_default_arguments"/>
    <testcase time="0.00399999999990541" classname="tm_t_shift_by_grade" name="template_shift_by_grade_generates_correct_expressions_with_default_arguments">
      <skipped message="Reason: On CRAN ('test-tm_t_shift_by_grade.R:20:3')"/>
    </testcase>
    <testcase time="0.0149999999998727" classname="tm_t_shift_by_grade" name="template_shift_by_grade_generates_correct_expressions_with_custom_arguments"/>
    <testcase time="0.00399999999990541" classname="tm_t_shift_by_grade" name="template_shift_by_grade_generates_correct_expressions_with_custom_arguments">
      <skipped message="Reason: On CRAN ('test-tm_t_shift_by_grade.R:42:3')"/>
    </testcase>
    <testcase time="0.0150000000003274" classname="tm_t_shift_by_grade" name="template_shift_by_grade_throws_an_error_when_worst_flag_var_is_not_one_of_WGRLOVFL_WGRLOFL_WGRHIVFL_WGRHIFL"/>
    <testcase time="0.0740000000000691" classname="tm_t_shift_by_grade" name="template_shift_by_grade_keeps_the_same_number_of_missing_data_Missing_after_preprocessing"/>
  </testsuite>
  <testsuite name="tm_t_smq" timestamp="2024-05-03T20:00:52Z" hostname="417dbcd24b4b" tests="4" skipped="2" failures="0" errors="0" time="0.036">
    <testcase time="0.0119999999997162" classname="tm_t_smq" name="template_smq_generates_correct_expressions_with_default_arguments"/>
    <testcase time="0.00500000000010914" classname="tm_t_smq" name="template_smq_generates_correct_expressions_with_default_arguments">
      <skipped message="Reason: On CRAN ('test-tm_t_smq.R:17:3')"/>
    </testcase>
    <testcase time="0.0149999999998727" classname="tm_t_smq" name="template_smq_generates_correct_expressions_with_custom_arguments"/>
    <testcase time="0.00399999999990541" classname="tm_t_smq" name="template_smq_generates_correct_expressions_with_custom_arguments">
      <skipped message="Reason: On CRAN ('test-tm_t_smq.R:36:3')"/>
    </testcase>
  </testsuite>
  <testsuite name="tm_t_summary" timestamp="2024-05-03T20:00:52Z" hostname="417dbcd24b4b" tests="10" skipped="5" failures="0" errors="0" time="0.106">
    <testcase time="0.0190000000002328" classname="tm_t_summary" name="template_summary_generates_correct_expressions"/>
    <testcase time="0.00900000000001455" classname="tm_t_summary" name="template_summary_generates_correct_expressions">
      <skipped message="Reason: On CRAN ('test-tm_t_summary.R:16:3')"/>
    </testcase>
    <testcase time="0.0140000000001237" classname="tm_t_summary" name="template_summary_can_generate_customized_table"/>
    <testcase time="0.00499999999965439" classname="tm_t_summary" name="template_summary_can_generate_customized_table">
      <skipped message="Reason: On CRAN ('test-tm_t_summary.R:34:3')"/>
    </testcase>
    <testcase time="0.0160000000000764" classname="tm_t_summary" name="template_summary_generates_correct_expressions_for_multiple_grouping_variables"/>
    <testcase time="0.00399999999990541" classname="tm_t_summary" name="template_summary_generates_correct_expressions_for_multiple_grouping_variables">
      <skipped message="Reason: On CRAN ('test-tm_t_summary.R:52:3')"/>
    </testcase>
    <testcase time="0.0160000000000764" classname="tm_t_summary" name="template_summary_generates_correct_expressions_for_multiple_grouping_variables_and_all_patients"/>
    <testcase time="0.00399999999990541" classname="tm_t_summary" name="template_summary_generates_correct_expressions_for_multiple_grouping_variables_and_all_patients">
      <skipped message="Reason: On CRAN ('test-tm_t_summary.R:72:5')"/>
    </testcase>
    <testcase time="0.0150000000003274" classname="tm_t_summary" name="template_summary_generates_correct_expressions_for_customized_numeric_statistics"/>
    <testcase time="0.00399999999990541" classname="tm_t_summary" name="template_summary_generates_correct_expressions_for_customized_numeric_statistics">
      <skipped message="Reason: On CRAN ('test-tm_t_summary.R:92:3')"/>
    </testcase>
  </testsuite>
  <testsuite name="tm_t_summary_by" timestamp="2024-05-03T20:00:52Z" hostname="417dbcd24b4b" tests="10" skipped="5" failures="0" errors="0" time="0.103">
    <testcase time="0.0189999999997781" classname="tm_t_summary_by" name="template_summary_by_generates_correct_expressions"/>
    <testcase time="0.00400000000036016" classname="tm_t_summary_by" name="template_summary_by_generates_correct_expressions">
      <skipped message="Reason: On CRAN ('test-tm_t_summary_by.R:17:3')"/>
    </testcase>
    <testcase time="0.0139999999996689" classname="tm_t_summary_by" name="template_summary_by_generates_correct_expressions_when_parallel_vars_is_true"/>
    <testcase time="0.00400000000036016" classname="tm_t_summary_by" name="template_summary_by_generates_correct_expressions_when_parallel_vars_is_true">
      <skipped message="Reason: On CRAN ('test-tm_t_summary_by.R:37:3')"/>
    </testcase>
    <testcase time="0.0149999999998727" classname="tm_t_summary_by" name="template_summary_by_generates_correct_expressions_when_row_groups_is_true"/>
    <testcase time="0.00399999999990541" classname="tm_t_summary_by" name="template_summary_by_generates_correct_expressions_when_row_groups_is_true">
      <skipped message="Reason: On CRAN ('test-tm_t_summary_by.R:58:3')"/>
    </testcase>
    <testcase time="0.0149999999998727" classname="tm_t_summary_by" name="template_summary_by_generates_correct_expressions_for_customized_numeric_statistics"/>
    <testcase time="0.00400000000036016" classname="tm_t_summary_by" name="template_summary_by_generates_correct_expressions_for_customized_numeric_statistics">
      <skipped message="Reason: On CRAN ('test-tm_t_summary_by.R:78:3')"/>
    </testcase>
    <testcase time="0.0149999999998727" classname="tm_t_summary_by" name="template_summary_by_generates_correct_expressions_for_drop_zero_levels_is_true"/>
    <testcase time="0.00900000000001455" classname="tm_t_summary_by" name="template_summary_by_generates_correct_expressions_for_drop_zero_levels_is_true">
      <skipped message="Reason: On CRAN ('test-tm_t_summary_by.R:97:3')"/>
    </testcase>
  </testsuite>
  <testsuite name="tm_t_tte" timestamp="2024-05-03T20:00:52Z" hostname="417dbcd24b4b" tests="8" skipped="4" failures="0" errors="0" time="0.083">
    <testcase time="0.0219999999999345" classname="tm_t_tte" name="template_tte_produces_healthy_standard_output"/>
    <testcase time="0.00399999999990541" classname="tm_t_tte" name="template_tte_produces_healthy_standard_output">
      <skipped message="Reason: On CRAN ('test-tm_t_tte.R:25:3')"/>
    </testcase>
    <testcase time="0.0140000000001237" classname="tm_t_tte" name="template_tte_produces_correct_data_expression_when_not_comparing_arms"/>
    <testcase time="0.00500000000010914" classname="tm_t_tte" name="template_tte_produces_correct_data_expression_when_not_comparing_arms">
      <skipped message="Reason: On CRAN ('test-tm_t_tte.R:52:3')"/>
    </testcase>
    <testcase time="0.0139999999996689" classname="tm_t_tte" name="template_tte_produces_correct_data_expression_when_comparing_and_combining_arms"/>
    <testcase time="0.00500000000010914" classname="tm_t_tte" name="template_tte_produces_correct_data_expression_when_comparing_and_combining_arms">
      <skipped message="Reason: On CRAN ('test-tm_t_tte.R:79:3')"/>
    </testcase>
    <testcase time="0.0149999999998727" classname="tm_t_tte" name="template_tte_produces_correct_data_expression_when_comparing_arms"/>
    <testcase time="0.00400000000036016" classname="tm_t_tte" name="template_tte_produces_correct_data_expression_when_comparing_arms">
      <skipped message="Reason: On CRAN ('test-tm_t_tte.R:106:3')"/>
    </testcase>
  </testsuite>
  <testsuite name="utils" timestamp="2024-05-03T20:00:52Z" hostname="417dbcd24b4b" tests="50" skipped="11" failures="0" errors="0" time="0.378">
    <testcase time="0.0169999999998254" classname="utils" name="h_concat_expr_returns_a_string_for_long_expression"/>
    <testcase time="0.00399999999990541" classname="utils" name="h_concat_expr_returns_a_string_for_long_expression">
      <skipped message="Reason: On CRAN ('test-utils.R:13:3')"/>
    </testcase>
    <testcase time="0.01299999999992" classname="utils" name="pipe_expr_concatenate_expressions_into_a_single_pipeline_"/>
    <testcase time="0.00500000000010914" classname="utils" name="add_expr_adds_expressions_to_expression_list"/>
    <testcase time="0.00399999999990541" classname="utils" name="add_expr_adds_expressions_to_expression_list">
      <skipped message="Reason: On CRAN ('test-utils.R:44:3')"/>
    </testcase>
    <testcase time="0.012000000000171" classname="utils" name="add_expr_manages_expression_list_which_can_be_used_by_pipe_expr"/>
    <testcase time="0.00399999999990541" classname="utils" name="add_expr_manages_expression_list_which_can_be_used_by_pipe_expr">
      <skipped message="Reason: On CRAN ('test-utils.R:65:3')"/>
    </testcase>
    <testcase time="0.01299999999992" classname="utils" name="bracket_expr_concatenates_expressions_into_a_single_expression"/>
    <testcase time="0.00399999999990541" classname="utils" name="bracket_expr_concatenates_expressions_into_a_single_expression">
      <skipped message="Reason: On CRAN ('test-utils.R:83:3')"/>
    </testcase>
    <testcase time="0.0140000000001237" classname="utils" name="bracket_expr_returns_a_single_evaluable_expression"/>
    <testcase time="0.00399999999990541" classname="utils" name="bracket_expr_returns_a_single_evaluable_expression">
      <skipped message="Reason: On CRAN ('test-utils.R:91:3')"/>
    </testcase>
    <testcase time="0.0180000000000291" classname="utils" name="prepare_arm_with_standard_inputs"/>
    <testcase time="0.00399999999990541" classname="utils" name="prepare_arm_with_standard_inputs">
      <skipped message="Reason: On CRAN ('test-utils.R:104:3')"/>
    </testcase>
    <testcase time="0.01299999999992" classname="utils" name="prepare_arm_combine_ref_arms"/>
    <testcase time="0.00400000000036016" classname="utils" name="prepare_arm_combine_ref_arms">
      <skipped message="Reason: On CRAN ('test-utils.R:116:3')"/>
    </testcase>
    <testcase time="0.01299999999992" classname="utils" name="prepare_arm_combine_ref_arms_and_use_new_level"/>
    <testcase time="0.00399999999990541" classname="utils" name="prepare_arm_combine_ref_arms_and_use_new_level">
      <skipped message="Reason: On CRAN ('test-utils.R:129:3')"/>
    </testcase>
    <testcase time="0.01299999999992" classname="utils" name="prepare_arm_does_not_do_anything_when_we_don_t_want_to_compare_or_drop_arms"/>
    <testcase time="0.00300000000015643" classname="utils" name="prepare_arm_does_not_do_anything_when_we_don_t_want_to_compare_or_drop_arms"/>
    <testcase time="0.00500000000010914" classname="utils" name="prepare_arm_levels_with_standard_inputs"/>
    <testcase time="0.00399999999990541" classname="utils" name="prepare_arm_levels_with_standard_inputs">
      <skipped message="Reason: On CRAN ('test-utils.R:168:3')"/>
    </testcase>
    <testcase time="0.01299999999992" classname="utils" name="prepare_arm_levels_can_use_parentname_arm_levels"/>
    <testcase time="0.00399999999990541" classname="utils" name="prepare_arm_levels_can_use_parentname_arm_levels">
      <skipped message="Reason: On CRAN ('test-utils.R:180:3')"/>
    </testcase>
    <testcase time="0.012000000000171" classname="utils" name="color_lab_values_main"/>
    <testcase time="0.00399999999990541" classname="utils" name="color_lab_values_main">
      <skipped message="Reason: On CRAN ('test-utils.R:188:3')"/>
    </testcase>
    <testcase time="0.01299999999992" classname="utils" name="color_lab_values_neutral_for_none_characters"/>
    <testcase time="0.00199999999995271" classname="utils" name="color_lab_values_neutral_for_none_characters"/>
    <testcase time="0.00700000000006185" classname="utils" name="clean_description"/>
    <testcase time="0.00300000000015643" classname="utils" name="clean_description"/>
    <testcase time="0.00700000000006185" classname="utils" name="get_g_forest_obj_var_name"/>
    <testcase time="0.00799999999981083" classname="utils" name="cs_to_select_spec_single_choices_selected_is_converted_to_select_spec"/>
    <testcase time="0.00799999999981083" classname="utils" name="cs_to_select_spec_single_choices_selected_is_converted_to_select_spec_with_multiple_TRUE"/>
    <testcase time="0.00900000000001455" classname="utils" name="cs_to_select_spec_single_choices_selected_is_converted_to_select_spec_with_ordered_TRUE"/>
    <testcase time="0.00900000000001455" classname="utils" name="cs_to_select_spec_accepts_choices_selected_only"/>
    <testcase time="0.00900000000001455" classname="utils" name="cs_to_select_spec_accepts_multiple_as_flag_only"/>
    <testcase time="0.00800000000026557" classname="utils" name="cs_to_select_spec_accepts_ordered_as_flag_only"/>
    <testcase time="0.01299999999992" classname="utils" name="cs_to_filter_spec_fails_if_doesn_t_have_var_choices"/>
    <testcase time="0.0140000000001237" classname="utils" name="cs_to_filter_spec_creates_filter_spec_from_choices_selected"/>
    <testcase time="0.00700000000006185" classname="utils" name="cs_to_des_select_creates_data_extract_spec_with_single_select_and_no_filter"/>
    <testcase time="0.00599999999985812" classname="utils" name="cs_to_des_select_returns_the_input_if_data_extract_spec_is_provided"/>
    <testcase time="0.00700000000006185" classname="utils" name="cs_to_des_select_creates_data_extract_spec_with_multiple_TRUE"/>
    <testcase time="0.00700000000006185" classname="utils" name="cs_to_des_select_creates_data_extract_spec_with_ordered_TRUE"/>
    <testcase time="0.00499999999965439" classname="utils" name="as_numeric_from_comma_sep_str_returns_NULL_if_blank_string_or_NULL_entered"/>
    <testcase time="0.00300000000015643" classname="utils" name="as_numeric_from_comma_sep_str_returns_NULL_if_blank_string_or_NULL_entered"/>
    <testcase time="0.00599999999985812" classname="utils" name="as_numeric_from_comma_sep_str_returns_numeric_vector_of_numbers"/>
    <testcase time="0.00300000000015643" classname="utils" name="as_numeric_from_comma_sep_str_returns_numeric_vector_of_numbers"/>
    <testcase time="0.00599999999985812" classname="utils" name="as_numeric_from_comma_sep_str_respects_sep_argument"/>
    <testcase time="0.00300000000015643" classname="utils" name="as_numeric_from_comma_sep_str_respects_sep_argument"/>
    <testcase time="0.00500000000010914" classname="utils" name="default_total_label_works_properly"/>
    <testcase time="0.00199999999995271" classname="utils" name="default_total_label_works_properly"/>
  </testsuite>
  <testsuite name="validate_standard_inputs" timestamp="2024-05-03T20:00:53Z" hostname="417dbcd24b4b" tests="6" skipped="0" failures="0" errors="0" time="0.034">
    <testcase time="0.0119999999997162" classname="validate_standard_inputs" name="validate_arm_throws_shiny_error_if_arm_vec_is_not_a_factor"/>
    <testcase time="0.00400000000036016" classname="validate_standard_inputs" name="validate_arm_throws_shiny_error_if_arm_vec_is_not_a_factor"/>
    <testcase time="0.00799999999981083" classname="validate_standard_inputs" name="validate_arm_throws_specific_shiny_error_if_arm_vec_has_just_whitespace_strings"/>
    <testcase time="0.00399999999990541" classname="validate_standard_inputs" name="validate_arm_throws_specific_shiny_error_if_arm_vec_has_just_whitespace_strings"/>
    <testcase time="0.00500000000010914" classname="validate_standard_inputs" name="validate_arm_throws_no_error_if_arm_vec_is_a_factor"/>
    <testcase time="0.00100000000020373" classname="validate_standard_inputs" name="validate_arm_throws_no_error_if_arm_vec_is_a_factor"/>
  </testsuite>
</testsuites>
