<?xml version="1.0" encoding="UTF-8"?>
<testsuites>
  <testsuite name="examples" timestamp="2024-04-26T22:37:49Z" hostname="e757815382f9" tests="110" skipped="110" failures="0" errors="0" time="1.617">
    <testcase time="0.0100000000000002" classname="examples" name="example_add_expr.Rd">
      <skipped message="Reason: On CRAN ('test-examples.R:120:7')"/>
    </testcase>
    <testcase time="0.0579999999999998" classname="examples" name="example_arm_ref_comp_observer.Rd">
      <skipped message="Reason: On CRAN ('test-examples.R:120:7')"/>
    </testcase>
    <testcase time="0.036" classname="examples" name="example_as_num.Rd">
      <skipped message="Reason: On CRAN ('test-examples.R:120:7')"/>
    </testcase>
    <testcase time="0.0169999999999999" classname="examples" name="example_bracket_expr.Rd">
      <skipped message="Reason: On CRAN ('test-examples.R:120:7')"/>
    </testcase>
    <testcase time="0.016" classname="examples" name="example_call_concatenate.Rd">
      <skipped message="Reason: On CRAN ('test-examples.R:120:7')"/>
    </testcase>
    <testcase time="0.016" classname="examples" name="example_check_arm_ref_comp.Rd">
      <skipped message="Reason: On CRAN ('test-examples.R:120:7')"/>
    </testcase>
    <testcase time="0.0169999999999999" classname="examples" name="example_clean_description.Rd">
      <skipped message="Reason: On CRAN ('test-examples.R:120:7')"/>
    </testcase>
    <testcase time="0.016" classname="examples" name="example_color_lab_values.Rd">
      <skipped message="Reason: On CRAN ('test-examples.R:120:7')"/>
    </testcase>
    <testcase time="0.016" classname="examples" name="example_column_annotation_label.Rd">
      <skipped message="Reason: On CRAN ('test-examples.R:120:7')"/>
    </testcase>
    <testcase time="0.016" classname="examples" name="example_control_tte.Rd">
      <skipped message="Reason: On CRAN ('test-examples.R:120:7')"/>
    </testcase>
    <testcase time="0.016" classname="examples" name="example_cs_to_des_filter.Rd">
      <skipped message="Reason: On CRAN ('test-examples.R:120:7')"/>
    </testcase>
    <testcase time="0.0150000000000001" classname="examples" name="example_cs_to_des_select.Rd">
      <skipped message="Reason: On CRAN ('test-examples.R:120:7')"/>
    </testcase>
    <testcase time="0.016" classname="examples" name="example_cs_to_filter_spec.Rd">
      <skipped message="Reason: On CRAN ('test-examples.R:120:7')"/>
    </testcase>
    <testcase time="0.016" classname="examples" name="example_cs_to_select_spec.Rd">
      <skipped message="Reason: On CRAN ('test-examples.R:120:7')"/>
    </testcase>
    <testcase time="0.016" classname="examples" name="example_default_total_label.Rd">
      <skipped message="Reason: On CRAN ('test-examples.R:120:7')"/>
    </testcase>
    <testcase time="0.016" classname="examples" name="example_ex_data.Rd">
      <skipped message="Reason: On CRAN ('test-examples.R:120:7')"/>
    </testcase>
    <testcase time="0.016" classname="examples" name="example_extract_input.Rd">
      <skipped message="Reason: On CRAN ('test-examples.R:120:7')"/>
    </testcase>
    <testcase time="0.016" classname="examples" name="example_facet_grid_formula.Rd">
      <skipped message="Reason: On CRAN ('test-examples.R:120:7')"/>
    </testcase>
    <testcase time="0.0299999999999998" classname="examples" name="example_get_g_forest_obj_var_name.Rd">
      <skipped message="Reason: On CRAN ('test-examples.R:120:7')"/>
    </testcase>
    <testcase time="0.0129999999999999" classname="examples" name="example_get_paramcd_label.Rd">
      <skipped message="Reason: On CRAN ('test-examples.R:120:7')"/>
    </testcase>
    <testcase time="0.012" classname="examples" name="example_get_var_labels.Rd">
      <skipped message="Reason: On CRAN ('test-examples.R:120:7')"/>
    </testcase>
    <testcase time="0.0130000000000003" classname="examples" name="example_h_concat_expr.Rd">
      <skipped message="Reason: On CRAN ('test-examples.R:120:7')"/>
    </testcase>
    <testcase time="0.012" classname="examples" name="example_is.cs_or_des.Rd">
      <skipped message="Reason: On CRAN ('test-examples.R:120:7')"/>
    </testcase>
    <testcase time="0.0129999999999999" classname="examples" name="example_make_barchart_simple_call.Rd">
      <skipped message="Reason: On CRAN ('test-examples.R:120:7')"/>
    </testcase>
    <testcase time="0.0129999999999999" classname="examples" name="example_module_arguments.Rd">
      <skipped message="Reason: On CRAN ('test-examples.R:120:7')"/>
    </testcase>
    <testcase time="0.012" classname="examples" name="example_pipe_expr.Rd">
      <skipped message="Reason: On CRAN ('test-examples.R:120:7')"/>
    </testcase>
    <testcase time="0.0129999999999999" classname="examples" name="example_prepare_arm.Rd">
      <skipped message="Reason: On CRAN ('test-examples.R:120:7')"/>
    </testcase>
    <testcase time="0.012" classname="examples" name="example_prepare_arm_levels.Rd">
      <skipped message="Reason: On CRAN ('test-examples.R:120:7')"/>
    </testcase>
    <testcase time="0.0130000000000003" classname="examples" name="example_split_choices.Rd">
      <skipped message="Reason: On CRAN ('test-examples.R:120:7')"/>
    </testcase>
    <testcase time="0.0129999999999999" classname="examples" name="example_split_col_expr.Rd">
      <skipped message="Reason: On CRAN ('test-examples.R:120:7')"/>
    </testcase>
    <testcase time="0.012" classname="examples" name="example_split_interactions.Rd">
      <skipped message="Reason: On CRAN ('test-examples.R:120:7')"/>
    </testcase>
    <testcase time="0.0129999999999999" classname="examples" name="example_substitute_names.Rd">
      <skipped message="Reason: On CRAN ('test-examples.R:120:7')"/>
    </testcase>
    <testcase time="0.0129999999999999" classname="examples" name="example_substitute_q.Rd">
      <skipped message="Reason: On CRAN ('test-examples.R:120:7')"/>
    </testcase>
    <testcase time="0.0129999999999999" classname="examples" name="example_teal.modules.clinical_package.Rd">
      <skipped message="Reason: On CRAN ('test-examples.R:120:7')"/>
    </testcase>
    <testcase time="0.0130000000000003" classname="examples" name="example_template_a_gee.Rd">
      <skipped message="Reason: On CRAN ('test-examples.R:120:7')"/>
    </testcase>
    <testcase time="0.0149999999999997" classname="examples" name="example_template_abnormality.Rd">
      <skipped message="Reason: On CRAN ('test-examples.R:120:7')"/>
    </testcase>
    <testcase time="0.0130000000000003" classname="examples" name="example_template_abnormality_by_worst_grade.Rd">
      <skipped message="Reason: On CRAN ('test-examples.R:120:7')"/>
    </testcase>
    <testcase time="0.0129999999999999" classname="examples" name="example_template_adverse_events.Rd">
      <skipped message="Reason: On CRAN ('test-examples.R:120:7')"/>
    </testcase>
    <testcase time="0.0129999999999999" classname="examples" name="example_template_ancova.Rd">
      <skipped message="Reason: On CRAN ('test-examples.R:120:7')"/>
    </testcase>
    <testcase time="0.0129999999999999" classname="examples" name="example_template_arguments.Rd">
      <skipped message="Reason: On CRAN ('test-examples.R:120:7')"/>
    </testcase>
    <testcase time="0.0140000000000002" classname="examples" name="example_template_basic_info.Rd">
      <skipped message="Reason: On CRAN ('test-examples.R:120:7')"/>
    </testcase>
    <testcase time="0.02" classname="examples" name="example_template_binary_outcome.Rd">
      <skipped message="Reason: On CRAN ('test-examples.R:120:7')"/>
    </testcase>
    <testcase time="0.0149999999999997" classname="examples" name="example_template_coxreg_m.Rd">
      <skipped message="Reason: On CRAN ('test-examples.R:120:7')"/>
    </testcase>
    <testcase time="0.016" classname="examples" name="example_template_coxreg_u.Rd">
      <skipped message="Reason: On CRAN ('test-examples.R:120:7')"/>
    </testcase>
    <testcase time="0.0150000000000001" classname="examples" name="example_template_events.Rd">
      <skipped message="Reason: On CRAN ('test-examples.R:120:7')"/>
    </testcase>
    <testcase time="0.0150000000000001" classname="examples" name="example_template_events_by_grade.Rd">
      <skipped message="Reason: On CRAN ('test-examples.R:120:7')"/>
    </testcase>
    <testcase time="0.0150000000000001" classname="examples" name="example_template_events_col_by_grade.Rd">
      <skipped message="Reason: On CRAN ('test-examples.R:120:7')"/>
    </testcase>
    <testcase time="0.0149999999999997" classname="examples" name="example_template_events_patyear.Rd">
      <skipped message="Reason: On CRAN ('test-examples.R:120:7')"/>
    </testcase>
    <testcase time="0.016" classname="examples" name="example_template_events_summary.Rd">
      <skipped message="Reason: On CRAN ('test-examples.R:120:7')"/>
    </testcase>
    <testcase time="0.0150000000000001" classname="examples" name="example_template_exposure.Rd">
      <skipped message="Reason: On CRAN ('test-examples.R:120:7')"/>
    </testcase>
    <testcase time="0.016" classname="examples" name="example_template_fit_mmrm.Rd">
      <skipped message="Reason: On CRAN ('test-examples.R:120:7')"/>
    </testcase>
    <testcase time="0.0150000000000001" classname="examples" name="example_template_forest_rsp.Rd">
      <skipped message="Reason: On CRAN ('test-examples.R:120:7')"/>
    </testcase>
    <testcase time="0.0150000000000001" classname="examples" name="example_template_forest_tte.Rd">
      <skipped message="Reason: On CRAN ('test-examples.R:120:7')"/>
    </testcase>
    <testcase time="0.0149999999999997" classname="examples" name="example_template_g_ci.Rd">
      <skipped message="Reason: On CRAN ('test-examples.R:120:7')"/>
    </testcase>
    <testcase time="0.0150000000000001" classname="examples" name="example_template_g_ipp.Rd">
      <skipped message="Reason: On CRAN ('test-examples.R:120:7')"/>
    </testcase>
    <testcase time="0.0140000000000002" classname="examples" name="example_template_g_km.Rd">
      <skipped message="Reason: On CRAN ('test-examples.R:120:7')"/>
    </testcase>
    <testcase time="0.0139999999999998" classname="examples" name="example_template_g_lineplot.Rd">
      <skipped message="Reason: On CRAN ('test-examples.R:120:7')"/>
    </testcase>
    <testcase time="0.0129999999999999" classname="examples" name="example_template_laboratory.Rd">
      <skipped message="Reason: On CRAN ('test-examples.R:120:7')"/>
    </testcase>
    <testcase time="0.0140000000000002" classname="examples" name="example_template_logistic.Rd">
      <skipped message="Reason: On CRAN ('test-examples.R:120:7')"/>
    </testcase>
    <testcase time="0.0139999999999998" classname="examples" name="example_template_medical_history.Rd">
      <skipped message="Reason: On CRAN ('test-examples.R:120:7')"/>
    </testcase>
    <testcase time="0.0129999999999999" classname="examples" name="example_template_mult_events.Rd">
      <skipped message="Reason: On CRAN ('test-examples.R:120:7')"/>
    </testcase>
    <testcase time="0.0130000000000003" classname="examples" name="example_template_patient_timeline.Rd">
      <skipped message="Reason: On CRAN ('test-examples.R:120:7')"/>
    </testcase>
    <testcase time="0.0129999999999999" classname="examples" name="example_template_prior_medication.Rd">
      <skipped message="Reason: On CRAN ('test-examples.R:120:7')"/>
    </testcase>
    <testcase time="0.0129999999999999" classname="examples" name="example_template_shift_by_arm.Rd">
      <skipped message="Reason: On CRAN ('test-examples.R:120:7')"/>
    </testcase>
    <testcase time="0.0180000000000002" classname="examples" name="example_template_shift_by_arm_by_worst.Rd">
      <skipped message="Reason: On CRAN ('test-examples.R:120:7')"/>
    </testcase>
    <testcase time="0.0139999999999998" classname="examples" name="example_template_shift_by_grade.Rd">
      <skipped message="Reason: On CRAN ('test-examples.R:120:7')"/>
    </testcase>
    <testcase time="0.0129999999999999" classname="examples" name="example_template_smq.Rd">
      <skipped message="Reason: On CRAN ('test-examples.R:120:7')"/>
    </testcase>
    <testcase time="0.0140000000000002" classname="examples" name="example_template_summary.Rd">
      <skipped message="Reason: On CRAN ('test-examples.R:120:7')"/>
    </testcase>
    <testcase time="0.0129999999999999" classname="examples" name="example_template_summary_by.Rd">
      <skipped message="Reason: On CRAN ('test-examples.R:120:7')"/>
    </testcase>
    <testcase time="0.012" classname="examples" name="example_template_therapy.Rd">
      <skipped message="Reason: On CRAN ('test-examples.R:120:7')"/>
    </testcase>
    <testcase time="0.0129999999999999" classname="examples" name="example_template_tte.Rd">
      <skipped message="Reason: On CRAN ('test-examples.R:120:7')"/>
    </testcase>
    <testcase time="0.012" classname="examples" name="example_template_vitals.Rd">
      <skipped message="Reason: On CRAN ('test-examples.R:120:7')"/>
    </testcase>
    <testcase time="0.012" classname="examples" name="example_tm_a_gee.Rd">
      <skipped message="Reason: On CRAN ('test-examples.R:120:7')"/>
    </testcase>
    <testcase time="0.0129999999999999" classname="examples" name="example_tm_a_mmrm.Rd">
      <skipped message="Reason: On CRAN ('test-examples.R:120:7')"/>
    </testcase>
    <testcase time="0.012" classname="examples" name="example_tm_g_barchart_simple.Rd">
      <skipped message="Reason: On CRAN ('test-examples.R:120:7')"/>
    </testcase>
    <testcase time="0.012" classname="examples" name="example_tm_g_ci.Rd">
      <skipped message="Reason: On CRAN ('test-examples.R:120:7')"/>
    </testcase>
    <testcase time="0.0129999999999999" classname="examples" name="example_tm_g_forest_rsp.Rd">
      <skipped message="Reason: On CRAN ('test-examples.R:120:7')"/>
    </testcase>
    <testcase time="0.012" classname="examples" name="example_tm_g_forest_tte.Rd">
      <skipped message="Reason: On CRAN ('test-examples.R:120:7')"/>
    </testcase>
    <testcase time="0.0130000000000003" classname="examples" name="example_tm_g_ipp.Rd">
      <skipped message="Reason: On CRAN ('test-examples.R:120:7')"/>
    </testcase>
    <testcase time="0.0129999999999999" classname="examples" name="example_tm_g_km.Rd">
      <skipped message="Reason: On CRAN ('test-examples.R:120:7')"/>
    </testcase>
    <testcase time="0.012" classname="examples" name="example_tm_g_lineplot.Rd">
      <skipped message="Reason: On CRAN ('test-examples.R:120:7')"/>
    </testcase>
    <testcase time="0.0129999999999999" classname="examples" name="example_tm_g_pp_adverse_events.Rd">
      <skipped message="Reason: On CRAN ('test-examples.R:120:7')"/>
    </testcase>
    <testcase time="0.0129999999999999" classname="examples" name="example_tm_g_pp_patient_timeline.Rd">
      <skipped message="Reason: On CRAN ('test-examples.R:120:7')"/>
    </testcase>
    <testcase time="0.0130000000000003" classname="examples" name="example_tm_g_pp_therapy.Rd">
      <skipped message="Reason: On CRAN ('test-examples.R:120:7')"/>
    </testcase>
    <testcase time="0.012" classname="examples" name="example_tm_g_pp_vitals.Rd">
      <skipped message="Reason: On CRAN ('test-examples.R:120:7')"/>
    </testcase>
    <testcase time="0.0129999999999999" classname="examples" name="example_tm_t_abnormality.Rd">
      <skipped message="Reason: On CRAN ('test-examples.R:120:7')"/>
    </testcase>
    <testcase time="0.0169999999999999" classname="examples" name="example_tm_t_abnormality_by_worst_grade.Rd">
      <skipped message="Reason: On CRAN ('test-examples.R:120:7')"/>
    </testcase>
    <testcase time="0.0129999999999999" classname="examples" name="example_tm_t_ancova.Rd">
      <skipped message="Reason: On CRAN ('test-examples.R:120:7')"/>
    </testcase>
    <testcase time="0.0140000000000002" classname="examples" name="example_tm_t_binary_outcome.Rd">
      <skipped message="Reason: On CRAN ('test-examples.R:120:7')"/>
    </testcase>
    <testcase time="0.0129999999999999" classname="examples" name="example_tm_t_coxreg.Rd">
      <skipped message="Reason: On CRAN ('test-examples.R:120:7')"/>
    </testcase>
    <testcase time="0.0129999999999999" classname="examples" name="example_tm_t_events.Rd">
      <skipped message="Reason: On CRAN ('test-examples.R:120:7')"/>
    </testcase>
    <testcase time="0.0129999999999999" classname="examples" name="example_tm_t_events_by_grade.Rd">
      <skipped message="Reason: On CRAN ('test-examples.R:120:7')"/>
    </testcase>
    <testcase time="0.012" classname="examples" name="example_tm_t_events_patyear.Rd">
      <skipped message="Reason: On CRAN ('test-examples.R:120:7')"/>
    </testcase>
    <testcase time="0.0130000000000003" classname="examples" name="example_tm_t_events_summary.Rd">
      <skipped message="Reason: On CRAN ('test-examples.R:120:7')"/>
    </testcase>
    <testcase time="0.012" classname="examples" name="example_tm_t_exposure.Rd">
      <skipped message="Reason: On CRAN ('test-examples.R:120:7')"/>
    </testcase>
    <testcase time="0.0119999999999996" classname="examples" name="example_tm_t_logistic.Rd">
      <skipped message="Reason: On CRAN ('test-examples.R:120:7')"/>
    </testcase>
    <testcase time="0.0130000000000003" classname="examples" name="example_tm_t_mult_events.Rd">
      <skipped message="Reason: On CRAN ('test-examples.R:120:7')"/>
    </testcase>
    <testcase time="0.0139999999999998" classname="examples" name="example_tm_t_pp_basic_info.Rd">
      <skipped message="Reason: On CRAN ('test-examples.R:120:7')"/>
    </testcase>
    <testcase time="0.0129999999999999" classname="examples" name="example_tm_t_pp_laboratory.Rd">
      <skipped message="Reason: On CRAN ('test-examples.R:120:7')"/>
    </testcase>
    <testcase time="0.0150000000000001" classname="examples" name="example_tm_t_pp_medical_history.Rd">
      <skipped message="Reason: On CRAN ('test-examples.R:120:7')"/>
    </testcase>
    <testcase time="0.0150000000000001" classname="examples" name="example_tm_t_pp_prior_medication.Rd">
      <skipped message="Reason: On CRAN ('test-examples.R:120:7')"/>
    </testcase>
    <testcase time="0.0139999999999998" classname="examples" name="example_tm_t_shift_by_arm.Rd">
      <skipped message="Reason: On CRAN ('test-examples.R:120:7')"/>
    </testcase>
    <testcase time="0.0150000000000001" classname="examples" name="example_tm_t_shift_by_arm_by_worst.Rd">
      <skipped message="Reason: On CRAN ('test-examples.R:120:7')"/>
    </testcase>
    <testcase time="0.0140000000000002" classname="examples" name="example_tm_t_shift_by_grade.Rd">
      <skipped message="Reason: On CRAN ('test-examples.R:120:7')"/>
    </testcase>
    <testcase time="0.0139999999999998" classname="examples" name="example_tm_t_smq.Rd">
      <skipped message="Reason: On CRAN ('test-examples.R:120:7')"/>
    </testcase>
    <testcase time="0.0139999999999998" classname="examples" name="example_tm_t_summary.Rd">
      <skipped message="Reason: On CRAN ('test-examples.R:120:7')"/>
    </testcase>
    <testcase time="0.0140000000000002" classname="examples" name="example_tm_t_summary_by.Rd">
      <skipped message="Reason: On CRAN ('test-examples.R:120:7')"/>
    </testcase>
    <testcase time="0.0129999999999999" classname="examples" name="example_tm_t_tte.Rd">
      <skipped message="Reason: On CRAN ('test-examples.R:120:7')"/>
    </testcase>
    <testcase time="0.0150000000000001" classname="examples" name="example_validate_arm.Rd">
      <skipped message="Reason: On CRAN ('test-examples.R:120:7')"/>
    </testcase>
    <testcase time="0.0190000000000001" classname="examples" name="example_validate_standard_inputs.Rd">
      <skipped message="Reason: On CRAN ('test-examples.R:120:7')"/>
    </testcase>
  </testsuite>
  <testsuite name="facet_grid_formula" timestamp="2024-04-26T22:37:50Z" hostname="e757815382f9" tests="4" skipped="0" failures="0" errors="0" time="0.037">
    <testcase time="0.028" classname="facet_grid_formula" name="facet_grid_formula_works"/>
    <testcase time="0.00299999999999967" classname="facet_grid_formula" name="facet_grid_formula_works"/>
    <testcase time="0.00300000000000011" classname="facet_grid_formula" name="facet_grid_formula_works"/>
    <testcase time="0.00300000000000011" classname="facet_grid_formula" name="facet_grid_formula_works"/>
  </testsuite>
  <testsuite name="shinytest2-tm_a_gee" timestamp="2024-04-26T22:37:50Z" hostname="e757815382f9" tests="48" skipped="0" failures="0" errors="0" time="155.791">
    <testcase time="7.648" classname="shinytest2_tm_a_gee" name="e2e_tm_a_gee_Module_initializes_in_teal_without_errors_and_produces_table_output."/>
    <testcase time="0.00499999999999901" classname="shinytest2_tm_a_gee" name="e2e_tm_a_gee_Module_initializes_in_teal_without_errors_and_produces_table_output."/>
    <testcase time="0.0080000000000009" classname="shinytest2_tm_a_gee" name="e2e_tm_a_gee_Module_initializes_in_teal_without_errors_and_produces_table_output."/>
    <testcase time="6.629" classname="shinytest2_tm_a_gee" name="e2e_tm_a_gee_Starts_with_specified_label_id_var_arm_var_visit_var_paramcd_cov_var_conf_level_and_conf_struct."/>
    <testcase time="0.106000000000002" classname="shinytest2_tm_a_gee" name="e2e_tm_a_gee_Starts_with_specified_label_id_var_arm_var_visit_var_paramcd_cov_var_conf_level_and_conf_struct."/>
    <testcase time="0.0670000000000002" classname="shinytest2_tm_a_gee" name="e2e_tm_a_gee_Starts_with_specified_label_id_var_arm_var_visit_var_paramcd_cov_var_conf_level_and_conf_struct."/>
    <testcase time="0.0599999999999987" classname="shinytest2_tm_a_gee" name="e2e_tm_a_gee_Starts_with_specified_label_id_var_arm_var_visit_var_paramcd_cov_var_conf_level_and_conf_struct."/>
    <testcase time="0.0640000000000001" classname="shinytest2_tm_a_gee" name="e2e_tm_a_gee_Starts_with_specified_label_id_var_arm_var_visit_var_paramcd_cov_var_conf_level_and_conf_struct."/>
    <testcase time="0.0680000000000014" classname="shinytest2_tm_a_gee" name="e2e_tm_a_gee_Starts_with_specified_label_id_var_arm_var_visit_var_paramcd_cov_var_conf_level_and_conf_struct."/>
    <testcase time="0.0599999999999987" classname="shinytest2_tm_a_gee" name="e2e_tm_a_gee_Starts_with_specified_label_id_var_arm_var_visit_var_paramcd_cov_var_conf_level_and_conf_struct."/>
    <testcase time="0.0640000000000001" classname="shinytest2_tm_a_gee" name="e2e_tm_a_gee_Starts_with_specified_label_id_var_arm_var_visit_var_paramcd_cov_var_conf_level_and_conf_struct."/>
    <testcase time="0.0650000000000013" classname="shinytest2_tm_a_gee" name="e2e_tm_a_gee_Starts_with_specified_label_id_var_arm_var_visit_var_paramcd_cov_var_conf_level_and_conf_struct."/>
    <testcase time="0.00600000000000023" classname="shinytest2_tm_a_gee" name="e2e_tm_a_gee_Starts_with_specified_label_id_var_arm_var_visit_var_paramcd_cov_var_conf_level_and_conf_struct."/>
    <testcase time="8.281" classname="shinytest2_tm_a_gee" name="e2e_tm_a_gee_Selection_of_id_var_does_not_change_the_table_and_does_not_throw_validation_errors."/>
    <testcase time="0.00600000000000023" classname="shinytest2_tm_a_gee" name="e2e_tm_a_gee_Selection_of_id_var_does_not_change_the_table_and_does_not_throw_validation_errors."/>
    <testcase time="7.409" classname="shinytest2_tm_a_gee" name="e2e_tm_a_gee_Deselection_of_id_var_throws_validation_error."/>
    <testcase time="0.0069999999999979" classname="shinytest2_tm_a_gee" name="e2e_tm_a_gee_Deselection_of_id_var_throws_validation_error."/>
    <testcase time="0.00600000000000023" classname="shinytest2_tm_a_gee" name="e2e_tm_a_gee_Deselection_of_id_var_throws_validation_error."/>
    <testcase time="7.867" classname="shinytest2_tm_a_gee" name="e2e_tm_a_gee_Change_in_arm_var_changes_the_table_and_does_not_throw_validation_errors."/>
    <testcase time="0.00600000000000023" classname="shinytest2_tm_a_gee" name="e2e_tm_a_gee_Change_in_arm_var_changes_the_table_and_does_not_throw_validation_errors."/>
    <testcase time="7.465" classname="shinytest2_tm_a_gee" name="e2e_tm_a_gee_Deselection_of_arm_var_throws_validation_error."/>
    <testcase time="0.0069999999999979" classname="shinytest2_tm_a_gee" name="e2e_tm_a_gee_Deselection_of_arm_var_throws_validation_error."/>
    <testcase time="0.00600000000000023" classname="shinytest2_tm_a_gee" name="e2e_tm_a_gee_Deselection_of_arm_var_throws_validation_error."/>
    <testcase time="8.155" classname="shinytest2_tm_a_gee" name="e2e_tm_a_gee_Selection_of_visit_var_does_not_change_the_table_and_does_not_throw_validation_errors."/>
    <testcase time="0.0069999999999979" classname="shinytest2_tm_a_gee" name="e2e_tm_a_gee_Selection_of_visit_var_does_not_change_the_table_and_does_not_throw_validation_errors."/>
    <testcase time="7.82400000000001" classname="shinytest2_tm_a_gee" name="e2e_tm_a_gee_Deselection_of_visit_var_throws_validation_error."/>
    <testcase time="0.00600000000000023" classname="shinytest2_tm_a_gee" name="e2e_tm_a_gee_Deselection_of_visit_var_throws_validation_error."/>
    <testcase time="0.00699999999999079" classname="shinytest2_tm_a_gee" name="e2e_tm_a_gee_Deselection_of_visit_var_throws_validation_error."/>
    <testcase time="8.09" classname="shinytest2_tm_a_gee" name="e2e_tm_a_gee_Selection_of_paramcd_changes_the_table_and_does_not_throw_validation_errors."/>
    <testcase time="0.00600000000000023" classname="shinytest2_tm_a_gee" name="e2e_tm_a_gee_Selection_of_paramcd_changes_the_table_and_does_not_throw_validation_errors."/>
    <testcase time="7.17400000000001" classname="shinytest2_tm_a_gee" name="e2e_tm_a_gee_Deselection_of_paramcd_throws_validation_error."/>
    <testcase time="0.00600000000000023" classname="shinytest2_tm_a_gee" name="e2e_tm_a_gee_Deselection_of_paramcd_throws_validation_error."/>
    <testcase time="0.00699999999999079" classname="shinytest2_tm_a_gee" name="e2e_tm_a_gee_Deselection_of_paramcd_throws_validation_error."/>
    <testcase time="13.285" classname="shinytest2_tm_a_gee" name="e2e_tm_a_gee_Selection_of_cov_var_changes_the_table_and_does_not_throw_validation_errors."/>
    <testcase time="0.00699999999999079" classname="shinytest2_tm_a_gee" name="e2e_tm_a_gee_Selection_of_cov_var_changes_the_table_and_does_not_throw_validation_errors."/>
    <testcase time="7.82900000000001" classname="shinytest2_tm_a_gee" name="e2e_tm_a_gee_Selection_of_conf_level_changes_the_table_and_does_not_throw_validation_errors."/>
    <testcase time="0.00699999999999079" classname="shinytest2_tm_a_gee" name="e2e_tm_a_gee_Selection_of_conf_level_changes_the_table_and_does_not_throw_validation_errors."/>
    <testcase time="7.32600000000001" classname="shinytest2_tm_a_gee" name="e2e_tm_a_gee_Selection_of_conf_level_out_of_0_1_range_throws_validation_error."/>
    <testcase time="0.00600000000000023" classname="shinytest2_tm_a_gee" name="e2e_tm_a_gee_Selection_of_conf_level_out_of_0_1_range_throws_validation_error."/>
    <testcase time="0.007000000000005" classname="shinytest2_tm_a_gee" name="e2e_tm_a_gee_Selection_of_conf_level_out_of_0_1_range_throws_validation_error."/>
    <testcase time="7.38" classname="shinytest2_tm_a_gee" name="e2e_tm_a_gee_Deselection_of_conf_level_throws_validation_error."/>
    <testcase time="0.00900000000000034" classname="shinytest2_tm_a_gee" name="e2e_tm_a_gee_Deselection_of_conf_level_throws_validation_error."/>
    <testcase time="0.00799999999999557" classname="shinytest2_tm_a_gee" name="e2e_tm_a_gee_Deselection_of_conf_level_throws_validation_error."/>
    <testcase time="7.768" classname="shinytest2_tm_a_gee" name="e2e_tm_a_gee_Selection_of_cor_struct_changes_the_table_and_does_not_throw_validation_errors."/>
    <testcase time="0.007000000000005" classname="shinytest2_tm_a_gee" name="e2e_tm_a_gee_Selection_of_cor_struct_changes_the_table_and_does_not_throw_validation_errors."/>
    <testcase time="27.169" classname="shinytest2_tm_a_gee" name="e2e_tm_a_gee_Deselection_of_cor_struct_does_not_throw_validation_error."/>
    <testcase time="7.785" classname="shinytest2_tm_a_gee" name="e2e_tm_a_gee_Selection_of_output_table_changes_the_table_and_doesn_t_throw_validation_error."/>
    <testcase time="0.00600000000000023" classname="shinytest2_tm_a_gee" name="e2e_tm_a_gee_Selection_of_output_table_changes_the_table_and_doesn_t_throw_validation_error."/>
  </testsuite>
  <testsuite name="shinytest2-tm_g_barchart_simple" timestamp="2024-04-26T22:40:26Z" hostname="e757815382f9" tests="73" skipped="0" failures="0" errors="0" time="239.458">
    <testcase time="7.702" classname="shinytest2_tm_g_barchart_simple" name="e2e_tm_g_barchart_simple_Module_initializes_in_teal_without_errors_and_produces_output."/>
    <testcase time="0.007000000000005" classname="shinytest2_tm_g_barchart_simple" name="e2e_tm_g_barchart_simple_Module_initializes_in_teal_without_errors_and_produces_output."/>
    <testcase time="0.00999999999999091" classname="shinytest2_tm_g_barchart_simple" name="e2e_tm_g_barchart_simple_Module_initializes_in_teal_without_errors_and_produces_output."/>
    <testcase time="0.0100000000000193" classname="shinytest2_tm_g_barchart_simple" name="e2e_tm_g_barchart_simple_Module_initializes_in_teal_without_errors_and_produces_output."/>
    <testcase time="7.874" classname="shinytest2_tm_g_barchart_simple" name="e2e_tm_g_barchart_simple_Starts_with_specified_label_id_var_arm_var_visit_var_paramcd_cov_var_conf_level_and_conf_struct."/>
    <testcase time="0.109000000000009" classname="shinytest2_tm_g_barchart_simple" name="e2e_tm_g_barchart_simple_Starts_with_specified_label_id_var_arm_var_visit_var_paramcd_cov_var_conf_level_and_conf_struct."/>
    <testcase time="0.0599999999999739" classname="shinytest2_tm_g_barchart_simple" name="e2e_tm_g_barchart_simple_Starts_with_specified_label_id_var_arm_var_visit_var_paramcd_cov_var_conf_level_and_conf_struct."/>
    <testcase time="0.061000000000007" classname="shinytest2_tm_g_barchart_simple" name="e2e_tm_g_barchart_simple_Starts_with_specified_label_id_var_arm_var_visit_var_paramcd_cov_var_conf_level_and_conf_struct."/>
    <testcase time="0.104000000000013" classname="shinytest2_tm_g_barchart_simple" name="e2e_tm_g_barchart_simple_Starts_with_specified_label_id_var_arm_var_visit_var_paramcd_cov_var_conf_level_and_conf_struct."/>
    <testcase time="0.0789999999999793" classname="shinytest2_tm_g_barchart_simple" name="e2e_tm_g_barchart_simple_Starts_with_specified_label_id_var_arm_var_visit_var_paramcd_cov_var_conf_level_and_conf_struct."/>
    <testcase time="0.0760000000000218" classname="shinytest2_tm_g_barchart_simple" name="e2e_tm_g_barchart_simple_Starts_with_specified_label_id_var_arm_var_visit_var_paramcd_cov_var_conf_level_and_conf_struct."/>
    <testcase time="0.063999999999993" classname="shinytest2_tm_g_barchart_simple" name="e2e_tm_g_barchart_simple_Starts_with_specified_label_id_var_arm_var_visit_var_paramcd_cov_var_conf_level_and_conf_struct."/>
    <testcase time="0.159999999999997" classname="shinytest2_tm_g_barchart_simple" name="e2e_tm_g_barchart_simple_Starts_with_specified_label_id_var_arm_var_visit_var_paramcd_cov_var_conf_level_and_conf_struct."/>
    <testcase time="0.0600000000000023" classname="shinytest2_tm_g_barchart_simple" name="e2e_tm_g_barchart_simple_Starts_with_specified_label_id_var_arm_var_visit_var_paramcd_cov_var_conf_level_and_conf_struct."/>
    <testcase time="0.063999999999993" classname="shinytest2_tm_g_barchart_simple" name="e2e_tm_g_barchart_simple_Starts_with_specified_label_id_var_arm_var_visit_var_paramcd_cov_var_conf_level_and_conf_struct."/>
    <testcase time="0.0680000000000121" classname="shinytest2_tm_g_barchart_simple" name="e2e_tm_g_barchart_simple_Starts_with_specified_label_id_var_arm_var_visit_var_paramcd_cov_var_conf_level_and_conf_struct."/>
    <testcase time="0.0600000000000023" classname="shinytest2_tm_g_barchart_simple" name="e2e_tm_g_barchart_simple_Starts_with_specified_label_id_var_arm_var_visit_var_paramcd_cov_var_conf_level_and_conf_struct."/>
    <testcase time="0.0759999999999934" classname="shinytest2_tm_g_barchart_simple" name="e2e_tm_g_barchart_simple_Starts_with_specified_label_id_var_arm_var_visit_var_paramcd_cov_var_conf_level_and_conf_struct."/>
    <testcase time="0.061000000000007" classname="shinytest2_tm_g_barchart_simple" name="e2e_tm_g_barchart_simple_Starts_with_specified_label_id_var_arm_var_visit_var_paramcd_cov_var_conf_level_and_conf_struct."/>
    <testcase time="10.218" classname="shinytest2_tm_g_barchart_simple" name="e2e_tm_g_barchart_simple_Selection_of_x_changes_the_element_and_does_not_throw_validation_errors"/>
    <testcase time="0.007000000000005" classname="shinytest2_tm_g_barchart_simple" name="e2e_tm_g_barchart_simple_Selection_of_x_changes_the_element_and_does_not_throw_validation_errors"/>
    <testcase time="8.43099999999998" classname="shinytest2_tm_g_barchart_simple" name="e2e_tm_g_barchart_simple_Deselection_of_x_throws_validation_error."/>
    <testcase time="0.00800000000000978" classname="shinytest2_tm_g_barchart_simple" name="e2e_tm_g_barchart_simple_Deselection_of_x_throws_validation_error."/>
    <testcase time="10.301" classname="shinytest2_tm_g_barchart_simple" name="e2e_tm_g_barchart_simple_Selection_of_fill_dataset_changes_the_element_and_does_not_throw_validation_errors"/>
    <testcase time="0.20999999999998" classname="shinytest2_tm_g_barchart_simple" name="e2e_tm_g_barchart_simple_Selection_of_fill_dataset_changes_the_element_and_does_not_throw_validation_errors"/>
    <testcase time="2.245" classname="shinytest2_tm_g_barchart_simple" name="e2e_tm_g_barchart_simple_Selection_of_fill_dataset_changes_the_element_and_does_not_throw_validation_errors"/>
    <testcase time="0.007000000000005" classname="shinytest2_tm_g_barchart_simple" name="e2e_tm_g_barchart_simple_Selection_of_fill_dataset_changes_the_element_and_does_not_throw_validation_errors"/>
    <testcase time="10.343" classname="shinytest2_tm_g_barchart_simple" name="e2e_tm_g_barchart_simple_De_selection_of_fill_dataset_changes_the_element_and_does_not_throw_validation_errors"/>
    <testcase time="0.0289999999999964" classname="shinytest2_tm_g_barchart_simple" name="e2e_tm_g_barchart_simple_De_selection_of_fill_dataset_changes_the_element_and_does_not_throw_validation_errors"/>
    <testcase time="0.007000000000005" classname="shinytest2_tm_g_barchart_simple" name="e2e_tm_g_barchart_simple_De_selection_of_fill_dataset_changes_the_element_and_does_not_throw_validation_errors"/>
    <testcase time="9.60000000000002" classname="shinytest2_tm_g_barchart_simple" name="e2e_tm_g_barchart_simple_Selection_of_x_facet_dataset_changes_the_element_and_does_not_throw_validation_errors"/>
    <testcase time="0.206999999999994" classname="shinytest2_tm_g_barchart_simple" name="e2e_tm_g_barchart_simple_Selection_of_x_facet_dataset_changes_the_element_and_does_not_throw_validation_errors"/>
    <testcase time="2.52599999999998" classname="shinytest2_tm_g_barchart_simple" name="e2e_tm_g_barchart_simple_Selection_of_x_facet_dataset_changes_the_element_and_does_not_throw_validation_errors"/>
    <testcase time="0.00800000000000978" classname="shinytest2_tm_g_barchart_simple" name="e2e_tm_g_barchart_simple_Selection_of_x_facet_dataset_changes_the_element_and_does_not_throw_validation_errors"/>
    <testcase time="9.886" classname="shinytest2_tm_g_barchart_simple" name="e2e_tm_g_barchart_simple_De_selection_of_x_facet_dataset_changes_the_element_and_does_not_throw_validation_errors"/>
    <testcase time="0.0260000000000105" classname="shinytest2_tm_g_barchart_simple" name="e2e_tm_g_barchart_simple_De_selection_of_x_facet_dataset_changes_the_element_and_does_not_throw_validation_errors"/>
    <testcase time="0.00799999999998136" classname="shinytest2_tm_g_barchart_simple" name="e2e_tm_g_barchart_simple_De_selection_of_x_facet_dataset_changes_the_element_and_does_not_throw_validation_errors"/>
    <testcase time="9.61300000000003" classname="shinytest2_tm_g_barchart_simple" name="e2e_tm_g_barchart_simple_Selection_of_y_facet_dataset_changes_the_element_and_does_not_throw_validation_errors"/>
    <testcase time="0.0999999999999943" classname="shinytest2_tm_g_barchart_simple" name="e2e_tm_g_barchart_simple_Selection_of_y_facet_dataset_changes_the_element_and_does_not_throw_validation_errors"/>
    <testcase time="2.035" classname="shinytest2_tm_g_barchart_simple" name="e2e_tm_g_barchart_simple_Selection_of_y_facet_dataset_changes_the_element_and_does_not_throw_validation_errors"/>
    <testcase time="0.007000000000005" classname="shinytest2_tm_g_barchart_simple" name="e2e_tm_g_barchart_simple_Selection_of_y_facet_dataset_changes_the_element_and_does_not_throw_validation_errors"/>
    <testcase time="9.83099999999999" classname="shinytest2_tm_g_barchart_simple" name="e2e_tm_g_barchart_simple_De_selection_of_y_facet_dataset_changes_the_element_and_does_not_throw_validation_errors"/>
    <testcase time="0.0230000000000246" classname="shinytest2_tm_g_barchart_simple" name="e2e_tm_g_barchart_simple_De_selection_of_y_facet_dataset_changes_the_element_and_does_not_throw_validation_errors"/>
    <testcase time="0.007000000000005" classname="shinytest2_tm_g_barchart_simple" name="e2e_tm_g_barchart_simple_De_selection_of_y_facet_dataset_changes_the_element_and_does_not_throw_validation_errors"/>
    <testcase time="9.44599999999997" classname="shinytest2_tm_g_barchart_simple" name="e2e_tm_g_barchart_simple_Duplicate_between_x_and_fill_selection_throws_validation_error"/>
    <testcase time="0.00900000000001455" classname="shinytest2_tm_g_barchart_simple" name="e2e_tm_g_barchart_simple_Duplicate_between_x_and_fill_selection_throws_validation_error"/>
    <testcase time="0.00900000000001455" classname="shinytest2_tm_g_barchart_simple" name="e2e_tm_g_barchart_simple_Duplicate_between_x_and_fill_selection_throws_validation_error"/>
    <testcase time="10.321" classname="shinytest2_tm_g_barchart_simple" name="e2e_tm_g_barchart_simple_Duplicate_between_x_and_x_facet_selection_throws_validation_error"/>
    <testcase time="0.00900000000001455" classname="shinytest2_tm_g_barchart_simple" name="e2e_tm_g_barchart_simple_Duplicate_between_x_and_x_facet_selection_throws_validation_error"/>
    <testcase time="0.00799999999998136" classname="shinytest2_tm_g_barchart_simple" name="e2e_tm_g_barchart_simple_Duplicate_between_x_and_x_facet_selection_throws_validation_error"/>
    <testcase time="10.629" classname="shinytest2_tm_g_barchart_simple" name="e2e_tm_g_barchart_simple_Duplicate_between_x_and_y_facet_selection_throws_validation_error"/>
    <testcase time="0.00799999999998136" classname="shinytest2_tm_g_barchart_simple" name="e2e_tm_g_barchart_simple_Duplicate_between_x_and_y_facet_selection_throws_validation_error"/>
    <testcase time="0.00799999999998136" classname="shinytest2_tm_g_barchart_simple" name="e2e_tm_g_barchart_simple_Duplicate_between_x_and_y_facet_selection_throws_validation_error"/>
    <testcase time="10.211" classname="shinytest2_tm_g_barchart_simple" name="e2e_tm_g_barchart_simple_Changing_barlayout_changes_the_plot_and_does_not_throw_validation_errors."/>
    <testcase time="0.007000000000005" classname="shinytest2_tm_g_barchart_simple" name="e2e_tm_g_barchart_simple_Changing_barlayout_changes_the_plot_and_does_not_throw_validation_errors."/>
    <testcase time="10.378" classname="shinytest2_tm_g_barchart_simple" name="e2e_tm_g_barchart_simple_Changing_expand_y_range_changes_the_plot_and_does_not_throw_validation_errors."/>
    <testcase time="0.007000000000005" classname="shinytest2_tm_g_barchart_simple" name="e2e_tm_g_barchart_simple_Changing_expand_y_range_changes_the_plot_and_does_not_throw_validation_errors."/>
    <testcase time="10.369" classname="shinytest2_tm_g_barchart_simple" name="e2e_tm_g_barchart_simple_Changing_facet_scale_x_changes_the_plot_and_does_not_throw_validation_errors."/>
    <testcase time="0.007000000000005" classname="shinytest2_tm_g_barchart_simple" name="e2e_tm_g_barchart_simple_Changing_facet_scale_x_changes_the_plot_and_does_not_throw_validation_errors."/>
    <testcase time="10.216" classname="shinytest2_tm_g_barchart_simple" name="e2e_tm_g_barchart_simple_Changing_facet_scale_y_changes_the_plot_and_does_not_throw_validation_errors."/>
    <testcase time="0.007000000000005" classname="shinytest2_tm_g_barchart_simple" name="e2e_tm_g_barchart_simple_Changing_facet_scale_y_changes_the_plot_and_does_not_throw_validation_errors."/>
    <testcase time="10.933" classname="shinytest2_tm_g_barchart_simple" name="e2e_tm_g_barchart_simple_Changing_label_bars_changes_the_plot_and_does_not_throw_validation_errors."/>
    <testcase time="0.007000000000005" classname="shinytest2_tm_g_barchart_simple" name="e2e_tm_g_barchart_simple_Changing_label_bars_changes_the_plot_and_does_not_throw_validation_errors."/>
    <testcase time="10.2449999999999" classname="shinytest2_tm_g_barchart_simple" name="e2e_tm_g_barchart_simple_Changing_rotate_x_label_changes_the_plot_and_does_not_throw_validation_errors."/>
    <testcase time="0.007000000000005" classname="shinytest2_tm_g_barchart_simple" name="e2e_tm_g_barchart_simple_Changing_rotate_x_label_changes_the_plot_and_does_not_throw_validation_errors."/>
    <testcase time="10.111" classname="shinytest2_tm_g_barchart_simple" name="e2e_tm_g_barchart_simple_Changing_rotate_y_label_changes_the_plot_and_does_not_throw_validation_errors."/>
    <testcase time="0.00699999999994816" classname="shinytest2_tm_g_barchart_simple" name="e2e_tm_g_barchart_simple_Changing_rotate_y_label_changes_the_plot_and_does_not_throw_validation_errors."/>
    <testcase time="10.536" classname="shinytest2_tm_g_barchart_simple" name="e2e_tm_g_barchart_simple_Changing_flip_axis_changes_the_plot_and_does_not_throw_validation_errors."/>
    <testcase time="0.0080000000000382" classname="shinytest2_tm_g_barchart_simple" name="e2e_tm_g_barchart_simple_Changing_flip_axis_changes_the_plot_and_does_not_throw_validation_errors."/>
    <testcase time="10.346" classname="shinytest2_tm_g_barchart_simple" name="e2e_tm_g_barchart_simple_Changing_show_n_changes_the_plot_and_does_not_throw_validation_errors."/>
    <testcase time="0.00599999999997181" classname="shinytest2_tm_g_barchart_simple" name="e2e_tm_g_barchart_simple_Changing_show_n_changes_the_plot_and_does_not_throw_validation_errors."/>
    <testcase time="13.209" classname="shinytest2_tm_g_barchart_simple" name="e2e_tm_g_barchart_simple_Changing_rotate_bar_labels_changes_the_plot_and_does_not_throw_validation_errors."/>
    <testcase time="0.00600000000002865" classname="shinytest2_tm_g_barchart_simple" name="e2e_tm_g_barchart_simple_Changing_rotate_bar_labels_changes_the_plot_and_does_not_throw_validation_errors."/>
  </testsuite>
  <testsuite name="shinytest2-tm_g_ci" timestamp="2024-04-26T22:44:26Z" hostname="e757815382f9" tests="41" skipped="0" failures="0" errors="0" time="100.192">
    <testcase time="6.80199999999996" classname="shinytest2_tm_g_ci" name="e2e_tm_g_ci_example_ci_module_initializes_in_teal_without_errors_and_produces_plot_output."/>
    <testcase time="0.00600000000002865" classname="shinytest2_tm_g_ci" name="e2e_tm_g_ci_example_ci_module_initializes_in_teal_without_errors_and_produces_plot_output."/>
    <testcase time="0.0430000000000064" classname="shinytest2_tm_g_ci" name="e2e_tm_g_ci_example_ci_module_initializes_in_teal_without_errors_and_produces_plot_output."/>
    <testcase time="6.50999999999999" classname="shinytest2_tm_g_ci" name="e2e_tm_g_ci_Module_initializes_with_specified_label_x_var_y_var_ADLB_filters_color_conf_level_and_stat."/>
    <testcase time="0.0980000000000132" classname="shinytest2_tm_g_ci" name="e2e_tm_g_ci_Module_initializes_with_specified_label_x_var_y_var_ADLB_filters_color_conf_level_and_stat."/>
    <testcase time="0.0609999999999786" classname="shinytest2_tm_g_ci" name="e2e_tm_g_ci_Module_initializes_with_specified_label_x_var_y_var_ADLB_filters_color_conf_level_and_stat."/>
    <testcase time="0.0600000000000023" classname="shinytest2_tm_g_ci" name="e2e_tm_g_ci_Module_initializes_with_specified_label_x_var_y_var_ADLB_filters_color_conf_level_and_stat."/>
    <testcase time="0.0570000000000164" classname="shinytest2_tm_g_ci" name="e2e_tm_g_ci_Module_initializes_with_specified_label_x_var_y_var_ADLB_filters_color_conf_level_and_stat."/>
    <testcase time="0.0629999999999882" classname="shinytest2_tm_g_ci" name="e2e_tm_g_ci_Module_initializes_with_specified_label_x_var_y_var_ADLB_filters_color_conf_level_and_stat."/>
    <testcase time="0.05600000000004" classname="shinytest2_tm_g_ci" name="e2e_tm_g_ci_Module_initializes_with_specified_label_x_var_y_var_ADLB_filters_color_conf_level_and_stat."/>
    <testcase time="0.0559999999999832" classname="shinytest2_tm_g_ci" name="e2e_tm_g_ci_Module_initializes_with_specified_label_x_var_y_var_ADLB_filters_color_conf_level_and_stat."/>
    <testcase time="0.0559999999999832" classname="shinytest2_tm_g_ci" name="e2e_tm_g_ci_Module_initializes_with_specified_label_x_var_y_var_ADLB_filters_color_conf_level_and_stat."/>
    <testcase time="0.0600000000000023" classname="shinytest2_tm_g_ci" name="e2e_tm_g_ci_Module_initializes_with_specified_label_x_var_y_var_ADLB_filters_color_conf_level_and_stat."/>
    <testcase time="7.24099999999999" classname="shinytest2_tm_g_ci" name="e2e_tm_g_ci_Selecting_x_var_column_changes_plot_and_doesn_t_throw_validation_errors."/>
    <testcase time="0.00600000000002865" classname="shinytest2_tm_g_ci" name="e2e_tm_g_ci_Selecting_x_var_column_changes_plot_and_doesn_t_throw_validation_errors."/>
    <testcase time="6.774" classname="shinytest2_tm_g_ci" name="e2e_tm_g_ci_Deselecting_x_var_column_throws_validation_error."/>
    <testcase time="0.007000000000005" classname="shinytest2_tm_g_ci" name="e2e_tm_g_ci_Deselecting_x_var_column_throws_validation_error."/>
    <testcase time="0.00499999999999545" classname="shinytest2_tm_g_ci" name="e2e_tm_g_ci_Deselecting_x_var_column_throws_validation_error."/>
    <testcase time="7.339" classname="shinytest2_tm_g_ci" name="e2e_tm_g_ci_Selecting_y_var_column_changes_plot_and_doesn_t_throw_validation_errors."/>
    <testcase time="0.00599999999997181" classname="shinytest2_tm_g_ci" name="e2e_tm_g_ci_Selecting_y_var_column_changes_plot_and_doesn_t_throw_validation_errors."/>
    <testcase time="6.98099999999999" classname="shinytest2_tm_g_ci" name="e2e_tm_g_ci_Deselecting_y_var_column_throws_validation_error."/>
    <testcase time="0.007000000000005" classname="shinytest2_tm_g_ci" name="e2e_tm_g_ci_Deselecting_y_var_column_throws_validation_error."/>
    <testcase time="0.00600000000002865" classname="shinytest2_tm_g_ci" name="e2e_tm_g_ci_Deselecting_y_var_column_throws_validation_error."/>
    <testcase time="7.41199999999998" classname="shinytest2_tm_g_ci" name="e2e_tm_g_ci_Selecting_PARAMCD_filter_value_changes_plot_and_doesn_t_throw_validation_errors."/>
    <testcase time="0.00600000000002865" classname="shinytest2_tm_g_ci" name="e2e_tm_g_ci_Selecting_PARAMCD_filter_value_changes_plot_and_doesn_t_throw_validation_errors."/>
    <testcase time="6.911" classname="shinytest2_tm_g_ci" name="e2e_tm_g_ci_Deselecting_PARAMCD_filter_value_throws_validation_error."/>
    <testcase time="0.00499999999999545" classname="shinytest2_tm_g_ci" name="e2e_tm_g_ci_Deselecting_PARAMCD_filter_value_throws_validation_error."/>
    <testcase time="0.00599999999997181" classname="shinytest2_tm_g_ci" name="e2e_tm_g_ci_Deselecting_PARAMCD_filter_value_throws_validation_error."/>
    <testcase time="7.31800000000004" classname="shinytest2_tm_g_ci" name="e2e_tm_g_ci_Selecting_AVISIT_filter_value_doesn_t_throw_validation_errors."/>
    <testcase time="0.00599999999997181" classname="shinytest2_tm_g_ci" name="e2e_tm_g_ci_Selecting_AVISIT_filter_value_doesn_t_throw_validation_errors."/>
    <testcase time="6.85599999999999" classname="shinytest2_tm_g_ci" name="e2e_tm_g_ci_Deselecting_AVISIT_filter_value_throws_validation_error."/>
    <testcase time="0.00600000000002865" classname="shinytest2_tm_g_ci" name="e2e_tm_g_ci_Deselecting_AVISIT_filter_value_throws_validation_error."/>
    <testcase time="0.00599999999997181" classname="shinytest2_tm_g_ci" name="e2e_tm_g_ci_Deselecting_AVISIT_filter_value_throws_validation_error."/>
    <testcase time="7.43299999999999" classname="shinytest2_tm_g_ci" name="e2e_tm_g_ci_Selecting_color_column_changes_plot_output_and_doesn_t_throw_validation_errors."/>
    <testcase time="0.00600000000002865" classname="shinytest2_tm_g_ci" name="e2e_tm_g_ci_Selecting_color_column_changes_plot_output_and_doesn_t_throw_validation_errors."/>
    <testcase time="7.25099999999998" classname="shinytest2_tm_g_ci" name="e2e_tm_g_ci_Deselecting_color_column_changes_plot_output_and_doesn_t_throw_validation_error."/>
    <testcase time="0.00600000000002865" classname="shinytest2_tm_g_ci" name="e2e_tm_g_ci_Deselecting_color_column_changes_plot_output_and_doesn_t_throw_validation_error."/>
    <testcase time="7.26099999999997" classname="shinytest2_tm_g_ci" name="e2e_tm_g_ci_Selecting_confidence_interval_value_changes_plot_and_doesn_t_throw_any_errors."/>
    <testcase time="0.00600000000002865" classname="shinytest2_tm_g_ci" name="e2e_tm_g_ci_Selecting_confidence_interval_value_changes_plot_and_doesn_t_throw_any_errors."/>
    <testcase time="7.39100000000002" classname="shinytest2_tm_g_ci" name="e2e_tm_g_ci_Selecting_statistic_to_use_changes_a_plot_and_doesn_t_throw_any_errors."/>
    <testcase time="0.00599999999997181" classname="shinytest2_tm_g_ci" name="e2e_tm_g_ci_Selecting_statistic_to_use_changes_a_plot_and_doesn_t_throw_any_errors."/>
  </testsuite>
  <testsuite name="shinytest2-tm_g_forest_rsp" timestamp="2024-04-26T22:46:06Z" hostname="e757815382f9" tests="48" skipped="0" failures="0" errors="0" time="164.83">
    <testcase time="7.72000000000003" classname="shinytest2_tm_g_forest_rsp" name="e2e_tm_g_forest_rsp_Module_initializes_in_teal_without_errors_and_produces_plot_output."/>
    <testcase time="0.00599999999997181" classname="shinytest2_tm_g_forest_rsp" name="e2e_tm_g_forest_rsp_Module_initializes_in_teal_without_errors_and_produces_plot_output."/>
    <testcase time="0.00799999999998136" classname="shinytest2_tm_g_forest_rsp" name="e2e_tm_g_forest_rsp_Module_initializes_in_teal_without_errors_and_produces_plot_output."/>
    <testcase time="7.68899999999996" classname="shinytest2_tm_g_forest_rsp" name="e2e_tm_g_forest_rsp_Module_initializes_with_specified_label_arm_var_paramcd_aval_var_responders_subgroup_var_strata_var_conf_level_fixed_symbol_size_rel_width_forest_font_size."/>
    <testcase time="0.108000000000061" classname="shinytest2_tm_g_forest_rsp" name="e2e_tm_g_forest_rsp_Module_initializes_with_specified_label_arm_var_paramcd_aval_var_responders_subgroup_var_strata_var_conf_level_fixed_symbol_size_rel_width_forest_font_size."/>
    <testcase time="0.0570000000000164" classname="shinytest2_tm_g_forest_rsp" name="e2e_tm_g_forest_rsp_Module_initializes_with_specified_label_arm_var_paramcd_aval_var_responders_subgroup_var_strata_var_conf_level_fixed_symbol_size_rel_width_forest_font_size."/>
    <testcase time="0.0720000000000027" classname="shinytest2_tm_g_forest_rsp" name="e2e_tm_g_forest_rsp_Module_initializes_with_specified_label_arm_var_paramcd_aval_var_responders_subgroup_var_strata_var_conf_level_fixed_symbol_size_rel_width_forest_font_size."/>
    <testcase time="0.0599999999999454" classname="shinytest2_tm_g_forest_rsp" name="e2e_tm_g_forest_rsp_Module_initializes_with_specified_label_arm_var_paramcd_aval_var_responders_subgroup_var_strata_var_conf_level_fixed_symbol_size_rel_width_forest_font_size."/>
    <testcase time="0.0679999999999836" classname="shinytest2_tm_g_forest_rsp" name="e2e_tm_g_forest_rsp_Module_initializes_with_specified_label_arm_var_paramcd_aval_var_responders_subgroup_var_strata_var_conf_level_fixed_symbol_size_rel_width_forest_font_size."/>
    <testcase time="0.0600000000000591" classname="shinytest2_tm_g_forest_rsp" name="e2e_tm_g_forest_rsp_Module_initializes_with_specified_label_arm_var_paramcd_aval_var_responders_subgroup_var_strata_var_conf_level_fixed_symbol_size_rel_width_forest_font_size."/>
    <testcase time="0.05600000000004" classname="shinytest2_tm_g_forest_rsp" name="e2e_tm_g_forest_rsp_Module_initializes_with_specified_label_arm_var_paramcd_aval_var_responders_subgroup_var_strata_var_conf_level_fixed_symbol_size_rel_width_forest_font_size."/>
    <testcase time="0.0679999999999836" classname="shinytest2_tm_g_forest_rsp" name="e2e_tm_g_forest_rsp_Module_initializes_with_specified_label_arm_var_paramcd_aval_var_responders_subgroup_var_strata_var_conf_level_fixed_symbol_size_rel_width_forest_font_size."/>
    <testcase time="0.0739999999999554" classname="shinytest2_tm_g_forest_rsp" name="e2e_tm_g_forest_rsp_Module_initializes_with_specified_label_arm_var_paramcd_aval_var_responders_subgroup_var_strata_var_conf_level_fixed_symbol_size_rel_width_forest_font_size."/>
    <testcase time="0.0589999999999691" classname="shinytest2_tm_g_forest_rsp" name="e2e_tm_g_forest_rsp_Module_initializes_with_specified_label_arm_var_paramcd_aval_var_responders_subgroup_var_strata_var_conf_level_fixed_symbol_size_rel_width_forest_font_size."/>
    <testcase time="9.65000000000009" classname="shinytest2_tm_g_forest_rsp" name="e2e_tm_g_forest_rsp_Selecting_arm_var_changes_plot_and_doesn_t_throw_validation_errors."/>
    <testcase time="0.00599999999997181" classname="shinytest2_tm_g_forest_rsp" name="e2e_tm_g_forest_rsp_Selecting_arm_var_changes_plot_and_doesn_t_throw_validation_errors."/>
    <testcase time="8.30899999999997" classname="shinytest2_tm_g_forest_rsp" name="e2e_tm_g_forest_rsp_Deselecting_arm_var_throws_validation_error."/>
    <testcase time="0.0080000000000382" classname="shinytest2_tm_g_forest_rsp" name="e2e_tm_g_forest_rsp_Deselecting_arm_var_throws_validation_error."/>
    <testcase time="10.9639999999999" classname="shinytest2_tm_g_forest_rsp" name="e2e_tm_g_forest_rsp_Selecting_paramcd_changes_plot_and_doesn_t_throw_validation_errors."/>
    <testcase time="0.00599999999997181" classname="shinytest2_tm_g_forest_rsp" name="e2e_tm_g_forest_rsp_Selecting_paramcd_changes_plot_and_doesn_t_throw_validation_errors."/>
    <testcase time="8.35000000000002" classname="shinytest2_tm_g_forest_rsp" name="e2e_tm_g_forest_rsp_Deselecting_paramcd_throws_validation_error."/>
    <testcase time="0.00700000000006185" classname="shinytest2_tm_g_forest_rsp" name="e2e_tm_g_forest_rsp_Deselecting_paramcd_throws_validation_error."/>
    <testcase time="9.51400000000001" classname="shinytest2_tm_g_forest_rsp" name="e2e_tm_g_forest_rsp_Selecting_responders_changes_plot_and_doesn_t_throw_validation_errors."/>
    <testcase time="0.00599999999997181" classname="shinytest2_tm_g_forest_rsp" name="e2e_tm_g_forest_rsp_Selecting_responders_changes_plot_and_doesn_t_throw_validation_errors."/>
    <testcase time="8.21899999999994" classname="shinytest2_tm_g_forest_rsp" name="e2e_tm_g_forest_rsp_Deselecting_responders_throws_validation_error."/>
    <testcase time="0.0080000000000382" classname="shinytest2_tm_g_forest_rsp" name="e2e_tm_g_forest_rsp_Deselecting_responders_throws_validation_error."/>
    <testcase time="9.98199999999997" classname="shinytest2_tm_g_forest_rsp" name="e2e_tm_g_forest_rsp_Selecting_subgroup_var_changes_plot_and_doesn_t_throw_validation_errors."/>
    <testcase time="0.00600000000008549" classname="shinytest2_tm_g_forest_rsp" name="e2e_tm_g_forest_rsp_Selecting_subgroup_var_changes_plot_and_doesn_t_throw_validation_errors."/>
    <testcase time="8.37599999999998" classname="shinytest2_tm_g_forest_rsp" name="e2e_tm_g_forest_rsp_Selecting_a_non_factors_column_in_subgroup_var_throws_validation_error."/>
    <testcase time="0.0080000000000382" classname="shinytest2_tm_g_forest_rsp" name="e2e_tm_g_forest_rsp_Selecting_a_non_factors_column_in_subgroup_var_throws_validation_error."/>
    <testcase time="9.03899999999999" classname="shinytest2_tm_g_forest_rsp" name="e2e_tm_g_forest_rsp_Deselecting_subgroup_var_changes_plot_and_doesn_t_throw_validation_errors."/>
    <testcase time="0.00599999999997181" classname="shinytest2_tm_g_forest_rsp" name="e2e_tm_g_forest_rsp_Deselecting_subgroup_var_changes_plot_and_doesn_t_throw_validation_errors."/>
    <testcase time="9.40099999999995" classname="shinytest2_tm_g_forest_rsp" name="e2e_tm_g_forest_rsp_Selecting_strata_var_changes_plot_and_doesn_t_throw_validation_errors."/>
    <testcase time="0.00600000000008549" classname="shinytest2_tm_g_forest_rsp" name="e2e_tm_g_forest_rsp_Selecting_strata_var_changes_plot_and_doesn_t_throw_validation_errors."/>
    <testcase time="9.58799999999997" classname="shinytest2_tm_g_forest_rsp" name="e2e_tm_g_forest_rsp_Deselecting_strata_var_changes_plot_and_doesn_t_throw_validation_errors."/>
    <testcase time="0.00599999999997181" classname="shinytest2_tm_g_forest_rsp" name="e2e_tm_g_forest_rsp_Deselecting_strata_var_changes_plot_and_doesn_t_throw_validation_errors."/>
    <testcase time="9.67100000000005" classname="shinytest2_tm_g_forest_rsp" name="e2e_tm_g_forest_rsp_Selecting_conf_level_changes_plot_and_doesn_t_throw_validation_errors."/>
    <testcase time="0.00599999999997181" classname="shinytest2_tm_g_forest_rsp" name="e2e_tm_g_forest_rsp_Selecting_conf_level_changes_plot_and_doesn_t_throw_validation_errors."/>
    <testcase time="8.21600000000001" classname="shinytest2_tm_g_forest_rsp" name="e2e_tm_g_forest_rsp_Deselecting_conf_level_or_selecting_outside_the_range_of_0_1_throws_validation_error."/>
    <testcase time="0.00699999999994816" classname="shinytest2_tm_g_forest_rsp" name="e2e_tm_g_forest_rsp_Deselecting_conf_level_or_selecting_outside_the_range_of_0_1_throws_validation_error."/>
    <testcase time="0.554000000000087" classname="shinytest2_tm_g_forest_rsp" name="e2e_tm_g_forest_rsp_Deselecting_conf_level_or_selecting_outside_the_range_of_0_1_throws_validation_error."/>
    <testcase time="0.00699999999994816" classname="shinytest2_tm_g_forest_rsp" name="e2e_tm_g_forest_rsp_Deselecting_conf_level_or_selecting_outside_the_range_of_0_1_throws_validation_error."/>
    <testcase time="9.39300000000003" classname="shinytest2_tm_g_forest_rsp" name="e2e_tm_g_forest_rsp_Unsetting_fixed_symbol_size_changes_plot_and_doesn_t_throw_validation_errors."/>
    <testcase time="0.00599999999997181" classname="shinytest2_tm_g_forest_rsp" name="e2e_tm_g_forest_rsp_Unsetting_fixed_symbol_size_changes_plot_and_doesn_t_throw_validation_errors."/>
    <testcase time="9.60500000000002" classname="shinytest2_tm_g_forest_rsp" name="e2e_tm_g_forest_rsp_Changing_rel_width_forest_changes_plot_and_doesn_t_throw_validation_errors."/>
    <testcase time="0.00599999999997181" classname="shinytest2_tm_g_forest_rsp" name="e2e_tm_g_forest_rsp_Changing_rel_width_forest_changes_plot_and_doesn_t_throw_validation_errors."/>
    <testcase time="9.78300000000002" classname="shinytest2_tm_g_forest_rsp" name="e2e_tm_g_forest_rsp_Changing_font_size_changes_plot_and_doesn_t_throw_validation_errors."/>
    <testcase time="0.00599999999997181" classname="shinytest2_tm_g_forest_rsp" name="e2e_tm_g_forest_rsp_Changing_font_size_changes_plot_and_doesn_t_throw_validation_errors."/>
  </testsuite>
  <testsuite name="shinytest2-tm_g_pp_therapy" timestamp="2024-04-26T22:48:51Z" hostname="e757815382f9" tests="23" skipped="0" failures="0" errors="23" time="2369.636">
    <testcase time="103.03" classname="shinytest2_tm_g_pp_therapy" name="e2e_tm_g_pp_therapy_Module_initializes_in_teal_without_errors_and_produces_output.">
      <error type="error" message="Error in `app_initialize(self, private, app_dir = app_dir, ..., load_timeout = load_timeout,  ('test-shinytest2-tm_g_pp_therapy.R:93:3')">Error in `app_initialize(self, private, app_dir = app_dir, ..., load_timeout = load_timeout, 
    timeout = timeout, wait = wait, expect_values_screenshot_args = expect_values_screenshot_args, 
    screenshot_args = screenshot_args, check_names = check_names, 
    name = name, variant = variant, view = view, height = height, 
    width = width, seed = seed, clean_logs = clean_logs, shiny_args = shiny_args, 
    render_args = render_args, options = options)`: Shiny app did not become stable in 1e+05ms.
Message: An error occurred while waiting for Shiny to be stable
Caused by error in `app_wait_for_idle()`:
! An error occurred while waiting for Shiny to be stable


i You can inspect the failed AppDriver object via `rlang::last_error()$app`
i AppDriver logs:
{shinytest2} R  info   22:48:51.43 Start AppDriver initialization
{shinytest2} R  info   22:48:51.45 Starting Shiny app
{shinytest2} R  info   22:48:53.49 Creating new ChromoteSession
{shinytest2} R  info   22:48:53.52 Navigating to Shiny app
{shinytest2} R  info   22:48:53.61 Injecting shiny-tracer.js
{chromote}   JS info   22:48:53.62 shinytest2; jQuery not found
{chromote}   JS info   22:48:53.62 shinytest2; Loaded
{shinytest2} R  info   22:48:53.62 Waiting for Shiny to become ready
{chromote}   JS info   22:48:53.70 shinytest2; jQuery found
{chromote}   JS info   22:48:53.70 shinytest2; Waiting for shiny session to connect
{chromote}   JS info   22:48:53.84 shinytest2; Connected
{chromote}   JS info   22:48:53.88 shinytest2; shiny:busy
{shinytest2} R  info   22:48:53.93 Waiting for Shiny to become idle for 200ms within 1e+05ms
{chromote}   JS info   22:48:53.94 shinytest2; Waiting for Shiny to be stable
{chromote}   JS info   22:48:55.08 shinytest2; shiny:idle
{chromote}   JS info   22:48:55.09 shinytest2; shiny:value teal-identifier
{chromote}   JS info   22:48:55.09 shinytest2; shiny:value error
{chromote}   JS info   22:48:55.09 shinytest2; shiny:busy
{chromote}   JS info   22:48:55.09 shinytest2; shiny:idle
{chromote}   JS info   22:48:55.11 shinytest2; shiny:busy
{shinytest2} R  info   22:50:33.95 Error while initializing AppDriver:
                                   Shiny app did not become stable in 1e+05ms.
                                   Message: An error occurred while waiting for Shiny to be stable
                                   Caused by error in `app_wait_for_idle()`:
                                   ! An error occurred while waiting for Shiny to be stable
{shiny}      R  stderr ----------- Loading required package: shiny
{shiny}      R  stderr ----------- Attempting to load the environment ‘package:dplyr’
{shiny}      R  stderr ----------- 
{shiny}      R  stderr ----------- Attaching package: ‘dplyr’
{shiny}      R  stderr ----------- 
{shiny}      R  stderr ----------- The following objects are masked from ‘package:stats’:
{shiny}      R  stderr ----------- 
{shiny}      R  stderr -----------     filter, lag
{shiny}      R  stderr ----------- 
{shiny}      R  stderr ----------- The following objects are masked from ‘package:base’:
{shiny}      R  stderr ----------- 
{shiny}      R  stderr -----------     intersect, setdiff, setequal, union
{shiny}      R  stderr ----------- 
{shiny}      R  stderr ----------- Loading required package: teal
{shiny}      R  stderr ----------- Loading required package: teal.data
{shiny}      R  stderr ----------- Loading required package: teal.code
{shiny}      R  stderr ----------- Loading required package: teal.slice
{shiny}      R  stderr ----------- 
{shiny}      R  stderr ----------- You are using teal version 0.15.2.9031
{shiny}      R  stderr ----------- 
{shiny}      R  stderr ----------- Attaching package: ‘teal’
{shiny}      R  stderr ----------- 
{shiny}      R  stderr ----------- The following objects are masked from ‘package:teal.slice’:
{shiny}      R  stderr ----------- 
{shiny}      R  stderr -----------     as.teal_slices, teal_slices
{shiny}      R  stderr ----------- 
{shiny}      R  stderr ----------- Loading required package: teal.transform
{shiny}      R  stderr ----------- Loading required package: tern
{shiny}      R  stderr ----------- Loading required package: rtables
{shiny}      R  stderr ----------- Loading required package: formatters
{shiny}      R  stderr ----------- Loading required package: magrittr
{shiny}      R  stderr ----------- 
{shiny}      R  stderr ----------- Attaching package: ‘rtables’
{shiny}      R  stderr ----------- 
{shiny}      R  stderr ----------- The following object is masked from ‘package:utils’:
{shiny}      R  stderr ----------- 
{shiny}      R  stderr -----------     str
{shiny}      R  stderr ----------- 
{shiny}      R  stderr ----------- Running application in test mode.
{shiny}      R  stderr ----------- 
{shiny}      R  stderr ----------- Listening on http://127.0.0.1:7416
{shiny}      R  stderr ----------- Initializing reporter_previewer_module
{shiny}      R  stderr ----------- Warning: Error in &lt;Anonymous&gt;: error in evaluating the argument 'code' in selecting a method for function 'eval_code': Assertion on 'subset' failed: Must be a subset of {'','USUBJID','STUDYID','CMCLAS','CMDECOD','ATIREL','CMCAT','COUNTRY','SITEID','SUBJID','AGE','SEX','ARMCD','ARM','ACTARMCD','ACTARM','RACE','TRTSDTM','TRTEDTM','EOSDY','EOSDT','STRATA1','STRATA2','BMRKR1','BMRKR2','REGION1','SAFFL','EOSSTT','EOTSTT','DCSREAS','DTHDT','ASTDTM','ASTDY','AENDTM','AENDY','CMSEQ','ATC1','ATC2','ATC3','ATC4','CMINDC','CMDOSE','CMTRT','CMDOSU','CMROUTE','CMDOSFRQ','CMASTDTM','CMAENDTM','ATIREL2','CMDECOD2','CMINDC2','CMDOSE2','CMDOSU2','CMROUTE2','CMDOSFRQ2','ASTDY2','AENDY2'}, but has additional elements {'CMTRT2'}.
{shiny}      R  stderr -----------   241: &lt;Anonymous&gt;
{shiny}      R  stderr -----------   240: stop
{shiny}      R  stderr -----------   239: mstop
{shiny}      R  stderr -----------   238: makeAssertion
{shiny}      R  stderr -----------   237: checkmate::assert_subset
{shiny}      R  stderr -----------   236: variable_choices.data.frame
{shiny}      R  stderr -----------   233: resolve.delayed_variable_choices
{shiny}      R  stderr -----------   231: resolve.delayed_select_spec
{shiny}      R  stderr -----------   229: resolve.delayed_data_extract_spec
{shiny}      R  stderr -----------   227: resolve_delayed.list
{shiny}      R  stderr -----------   213: module
{shiny}      R  stderr -----------   208: callModule
{shiny}      R  stderr -----------   207: moduleServer
{shiny}      R  stderr -----------   206: data_extract_single_srv
{shiny}      R  stderr -----------   205: FUN
{shiny}      R  stderr -----------   204: lapply
{shiny}      R  stderr -----------   203: module
{shiny}      R  stderr -----------   198: callModule
{shiny}      R  stderr -----------   197: moduleServer
{shiny}      R  stderr -----------   196: data_extract_srv.list
{shiny}      R  stderr -----------   194: FUN
{shiny}      R  stderr -----------   193: lapply
{shiny}      R  stderr -----------   192: sapply
{shiny}      R  stderr -----------   191: &lt;reactive&gt;
{shiny}      R  stderr -----------   175: selector_list
{shiny}      R  stderr -----------   170: &lt;reactive&gt;
{shiny}      R  stderr -----------   154: anl_inputs
{shiny}      R  stderr -----------   153: as.expression
{shiny}      R  stderr -----------   152: teal.code::eval_code
{shiny}      R  stderr -----------   151: %&gt;%
{shiny}      R  stderr -----------   150: &lt;reactive&gt;
{shiny}      R  stderr -----------   134: merged$anl_q
{shiny}      R  stderr -----------   128: &lt;reactive&gt;
{shiny}      R  stderr -----------   112: all_q
{shiny}      R  stderr -----------   110: renderText
{shiny}      R  stderr -----------   109: func
{shiny}      R  stderr -----------    96: renderFunc
{shiny}      R  stderr -----------    95: output$teal-main_ui-root-therapy__e2e_-module-title
{shiny}      R  stderr -----------    14: &lt;Anonymous&gt;
{shiny}      R  stderr -----------    12: &lt;Anonymous&gt;
{shiny}      R  stderr -----------    11: &lt;Anonymous&gt;
{shiny}      R  stderr -----------    10: base::do.call
{shiny}      R  stderr -----------     9: base::saveRDS
{shiny}      R  stderr -----------     8: base::withCallingHandlers
{shiny}      R  stderr -----------     7: doTryCatch
{shiny}      R  stderr -----------     6: tryCatchOne
{shiny}      R  stderr -----------     5: tryCatchList
{shiny}      R  stderr -----------     2: tryCatchList
{shiny}      R  stderr -----------     1: base::tryCatch
{shiny}      R  stderr ----------- Warning: Error in &lt;Anonymous&gt;: error in evaluating the argument 'code' in selecting a method for function 'eval_code': Assertion on 'subset' failed: Must be a subset of {'','USUBJID','STUDYID','CMCLAS','CMDECOD','ATIREL','CMCAT','COUNTRY','SITEID','SUBJID','AGE','SEX','ARMCD','ARM','ACTARMCD','ACTARM','RACE','TRTSDTM','TRTEDTM','EOSDY','EOSDT','STRATA1','STRATA2','BMRKR1','BMRKR2','REGION1','SAFFL','EOSSTT','EOTSTT','DCSREAS','DTHDT','ASTDTM','ASTDY','AENDTM','AENDY','CMSEQ','ATC1','ATC2','ATC3','ATC4','CMINDC','CMDOSE','CMTRT','CMDOSU','CMROUTE','CMDOSFRQ','CMASTDTM','CMAENDTM','ATIREL2','CMDECOD2','CMINDC2','CMDOSE2','CMDOSU2','CMROUTE2','CMDOSFRQ2','ASTDY2','AENDY2'}, but has additional elements {'CMTRT2'}.
{shiny}      R  stderr -----------   122: &lt;Anonymous&gt;
{shiny}      R  stderr -----------   121: stop
{shiny}      R  stderr -----------   120: all_q
{shiny}      R  stderr -----------   117: exprFunc
{shiny}      R  stderr -----------   116: widgetFunc
{shiny}      R  stderr -----------   115: ::
{shiny}      R  stderr ----------- htmlwidgets
{shiny}      R  stderr ----------- shinyRenderWidget
{shiny}      R  stderr -----------   114: func
{shiny}      R  stderr -----------   101: renderFunc
{shiny}      R  stderr -----------   100: renderFunc
{shiny}      R  stderr -----------    96: renderFunc
{shiny}      R  stderr -----------    95: output$teal-main_ui-root-therapy__e2e_-module-therapy_table
{shiny}      R  stderr -----------    14: &lt;Anonymous&gt;
{shiny}      R  stderr -----------    12: &lt;Anonymous&gt;
{shiny}      R  stderr -----------    11: &lt;Anonymous&gt;
{shiny}      R  stderr -----------    10: base::do.call
{shiny}      R  stderr -----------     9: base::saveRDS
{shiny}      R  stderr -----------     8: base::withCallingHandlers
{shiny}      R  stderr -----------     7: doTryCatch
{shiny}      R  stderr -----------     6: tryCatchOne
{shiny}      R  stderr -----------     5: tryCatchList
{shiny}      R  stderr -----------     2: tryCatchList
{shiny}      R  stderr -----------     1: base::tryCatch
{shiny}      R  stderr ----------- Warning: Error in variable_choices.data.frame: Assertion on 'subset' failed: Must be a subset of {'','USUBJID','STUDYID','CMCLAS','CMDECOD','ATIREL','CMCAT','COUNTRY','SITEID','SUBJID','AGE','SEX','ARMCD','ARM','ACTARMCD','ACTARM','RACE','TRTSDTM','TRTEDTM','EOSDY','EOSDT','STRATA1','STRATA2','BMRKR1','BMRKR2','REGION1','SAFFL','EOSSTT','EOTSTT','DCSREAS','DTHDT','ASTDTM','ASTDY','AENDTM','AENDY','CMSEQ','ATC1','ATC2','ATC3','ATC4','CMINDC','CMDOSE','CMTRT','CMDOSU','CMROUTE','CMDOSFRQ','CMASTDTM','CMAENDTM','ATIREL2','CMDECOD2','CMINDC2','CMDOSE2','CMDOSU2','CMROUTE2','CMDOSFRQ2','ASTDY2','AENDY2'}, but has additional elements {'CMTRT2'}.
{shiny}      R  stderr -----------   162: &lt;Anonymous&gt;
{shiny}      R  stderr -----------   161: stop
{shiny}      R  stderr -----------   160: selector_list
{shiny}      R  stderr -----------   159: teal.transform::compose_and_enable_validators
{shiny}      R  stderr -----------   158: &lt;reactive&gt;
{shiny}      R  stderr -----------   142: iv_r
{shiny}      R  stderr -----------   135: &lt;reactive&gt;
{shiny}      R  stderr -----------   119: plot_r
{shiny}      R  stderr -----------   110: renderUI
{shiny}      R  stderr -----------   109: func
{shiny}      R  stderr -----------    96: renderFunc
{shiny}      R  stderr -----------    95: output$teal-main_ui-root-therapy__e2e_-module-therapy_plot-plot_out_main
{shiny}      R  stderr -----------    14: &lt;Anonymous&gt;
{shiny}      R  stderr -----------    12: &lt;Anonymous&gt;
{shiny}      R  stderr -----------    11: &lt;Anonymous&gt;
{shiny}      R  stderr -----------    10: base::do.call
{shiny}      R  stderr -----------     9: base::saveRDS
{shiny}      R  stderr -----------     8: base::withCallingHandlers
{shiny}      R  stderr -----------     7: doTryCatch
{shiny}      R  stderr -----------     6: tryCatchOne
{shiny}      R  stderr -----------     5: tryCatchList
{shiny}      R  stderr -----------     2: tryCatchList
{shiny}      R  stderr -----------     1: base::tryCatch
{shiny}      R  stderr ----------- Warning: Error in &lt;Anonymous&gt;: error in evaluating the argument 'code' in selecting a method for function 'eval_code': Assertion on 'subset' failed: Must be a subset of {'','USUBJID','STUDYID','CMCLAS','CMDECOD','ATIREL','CMCAT','COUNTRY','SITEID','SUBJID','AGE','SEX','ARMCD','ARM','ACTARMCD','ACTARM','RACE','TRTSDTM','TRTEDTM','EOSDY','EOSDT','STRATA1','STRATA2','BMRKR1','BMRKR2','REGION1','SAFFL','EOSSTT','EOTSTT','DCSREAS','DTHDT','ASTDTM','ASTDY','AENDTM','AENDY','CMSEQ','ATC1','ATC2','ATC3','ATC4','CMINDC','CMDOSE','CMTRT','CMDOSU','CMROUTE','CMDOSFRQ','CMASTDTM','CMAENDTM','ATIREL2','CMDECOD2','CMINDC2','CMDOSE2','CMDOSU2','CMROUTE2','CMDOSFRQ2','ASTDY2','AENDY2'}, but has additional elements {'CMTRT2'}.
{shiny}      R  stderr -----------   14: &lt;Anonymous&gt;
{shiny}      R  stderr -----------   12: &lt;Anonymous&gt;
{shiny}      R  stderr -----------   11: &lt;Anonymous&gt;
{shiny}      R  stderr -----------   10: base::do.call
{shiny}      R  stderr -----------    9: base::saveRDS
{shiny}      R  stderr -----------    8: base::withCallingHandlers
{shiny}      R  stderr -----------    7: doTryCatch
{shiny}      R  stderr -----------    6: tryCatchOne
{shiny}      R  stderr -----------    5: tryCatchList
{shiny}      R  stderr -----------    2: tryCatchList
{shiny}      R  stderr -----------    1: base::tryCatch


Caused by error in `app_initialize_()`:
! Shiny app did not become stable in 1e+05ms.
Message: An error occurred while waiting for Shiny to be stable
Caused by error in `app_wait_for_idle()`:
! An error occurred while waiting for Shiny to be stable
Backtrace:
     x
  1. +-teal.modules.clinical (local) app_driver_tm_g_pp_therapy() at test-shinytest2-tm_g_pp_therapy.R:93:3
  2. | \-teal.modules.clinical:::init_teal_app_driver(...) at test-shinytest2-tm_g_pp_therapy.R:31:3
  3. |   +-testthat::with_mocked_bindings(...) at tests/testthat/helper-TealAppDriver.R:7:3
  4. |   \-TealAppDriver$new(...) at tests/testthat/helper-TealAppDriver.R:10:7
  5. |     \-teal (local) initialize(...)
  6. |       +-base::suppressWarnings(...)
  7. |       | \-base::withCallingHandlers(...)
  8. |       \-super$initialize(...)
  9. |         \-shinytest2:::app_initialize(...)
 10. |           +-base::withCallingHandlers(...)
 11. |           \-shinytest2:::app_initialize_(self, private, ..., view = view)
 12. |             +-base::withCallingHandlers(...)
 13. |             \-self$wait_for_idle(duration = 200, timeout = private$load_timeout)
 14. |               \-shinytest2:::app_wait_for_idle(...)
 15. |                 \-shinytest2:::app_abort(self, private, "An error occurred while waiting for Shiny to be stable")
 16. |                   \-rlang::abort(..., app = self, call = call)
 17. |                     \-rlang:::signal_abort(cnd, .file)
 18. |                       \-base::signalCondition(cnd)
 19. +-shinytest2 (local) `&lt;fn&gt;`(`&lt;rlng_rrr&gt;`)
 20. | \-shinytest2:::app_abort(...)
 21. |   \-rlang::abort(..., app = self, call = call)
 22. |     \-rlang:::signal_abort(cnd, .file)
 23. |       \-base::signalCondition(cnd)
 24. \-shinytest2 (local) `&lt;fn&gt;`(`&lt;rlng_rrr&gt;`)
 25.   \-shinytest2:::app_abort(...)
 26.     \-rlang::abort(..., app = self, call = call)</error>
    </testcase>
    <testcase time="103.083" classname="shinytest2_tm_g_pp_therapy" name="e2e_tm_g_pp_therapy_Starts_with_specified_label_paramcd_arm_var_buckets_paramcd_subgroup_var_strata_var_and_plot_settings">
      <error type="error" message="Error in `app_initialize(self, private, app_dir = app_dir, ..., load_timeout = load_timeout,  ('test-shinytest2-tm_g_pp_therapy.R:114:5')">Error in `app_initialize(self, private, app_dir = app_dir, ..., load_timeout = load_timeout, 
    timeout = timeout, wait = wait, expect_values_screenshot_args = expect_values_screenshot_args, 
    screenshot_args = screenshot_args, check_names = check_names, 
    name = name, variant = variant, view = view, height = height, 
    width = width, seed = seed, clean_logs = clean_logs, shiny_args = shiny_args, 
    render_args = render_args, options = options)`: Shiny app did not become stable in 1e+05ms.
Message: An error occurred while waiting for Shiny to be stable
Caused by error in `app_wait_for_idle()`:
! An error occurred while waiting for Shiny to be stable


i You can inspect the failed AppDriver object via `rlang::last_error()$app`
i AppDriver logs:
{shinytest2} R  info   22:50:34.46 Start AppDriver initialization
{shinytest2} R  info   22:50:34.49 Starting Shiny app
{shinytest2} R  info   22:50:36.52 Creating new ChromoteSession
{shinytest2} R  info   22:50:36.56 Navigating to Shiny app
{shinytest2} R  info   22:50:36.70 Injecting shiny-tracer.js
{chromote}   JS info   22:50:36.71 shinytest2; jQuery not found
{chromote}   JS info   22:50:36.71 shinytest2; Loaded
{shinytest2} R  info   22:50:36.71 Waiting for Shiny to become ready
{chromote}   JS info   22:50:36.80 shinytest2; jQuery found
{chromote}   JS info   22:50:36.80 shinytest2; Waiting for shiny session to connect
{chromote}   JS info   22:50:36.92 shinytest2; Connected
{shinytest2} R  info   22:50:36.93 Waiting for Shiny to become idle for 200ms within 1e+05ms
{chromote}   JS info   22:50:36.93 shinytest2; Waiting for Shiny to be stable
{chromote}   JS info   22:50:36.96 shinytest2; shiny:busy
{chromote}   JS info   22:50:38.18 shinytest2; shiny:idle
{chromote}   JS info   22:50:38.18 shinytest2; shiny:value teal-identifier
{chromote}   JS info   22:50:38.18 shinytest2; shiny:value error
{chromote}   JS info   22:50:38.18 shinytest2; shiny:busy
{chromote}   JS info   22:50:38.18 shinytest2; shiny:idle
{chromote}   JS info   22:50:38.19 shinytest2; shiny:busy
{shinytest2} R  info   22:52:17.04 Error while initializing AppDriver:
                                   Shiny app did not become stable in 1e+05ms.
                                   Message: An error occurred while waiting for Shiny to be stable
                                   Caused by error in `app_wait_for_idle()`:
                                   ! An error occurred while waiting for Shiny to be stable
{shiny}      R  stderr ----------- Loading required package: shiny
{shiny}      R  stderr ----------- Attempting to load the environment ‘package:dplyr’
{shiny}      R  stderr ----------- 
{shiny}      R  stderr ----------- Attaching package: ‘dplyr’
{shiny}      R  stderr ----------- 
{shiny}      R  stderr ----------- The following objects are masked from ‘package:stats’:
{shiny}      R  stderr ----------- 
{shiny}      R  stderr -----------     filter, lag
{shiny}      R  stderr ----------- 
{shiny}      R  stderr ----------- The following objects are masked from ‘package:base’:
{shiny}      R  stderr ----------- 
{shiny}      R  stderr -----------     intersect, setdiff, setequal, union
{shiny}      R  stderr ----------- 
{shiny}      R  stderr ----------- Loading required package: teal
{shiny}      R  stderr ----------- Loading required package: teal.data
{shiny}      R  stderr ----------- Loading required package: teal.code
{shiny}      R  stderr ----------- Loading required package: teal.slice
{shiny}      R  stderr ----------- 
{shiny}      R  stderr ----------- You are using teal version 0.15.2.9031
{shiny}      R  stderr ----------- 
{shiny}      R  stderr ----------- Attaching package: ‘teal’
{shiny}      R  stderr ----------- 
{shiny}      R  stderr ----------- The following objects are masked from ‘package:teal.slice’:
{shiny}      R  stderr ----------- 
{shiny}      R  stderr -----------     as.teal_slices, teal_slices
{shiny}      R  stderr ----------- 
{shiny}      R  stderr ----------- Loading required package: teal.transform
{shiny}      R  stderr ----------- Loading required package: tern
{shiny}      R  stderr ----------- Loading required package: rtables
{shiny}      R  stderr ----------- Loading required package: formatters
{shiny}      R  stderr ----------- Loading required package: magrittr
{shiny}      R  stderr ----------- 
{shiny}      R  stderr ----------- Attaching package: ‘rtables’
{shiny}      R  stderr ----------- 
{shiny}      R  stderr ----------- The following object is masked from ‘package:utils’:
{shiny}      R  stderr ----------- 
{shiny}      R  stderr -----------     str
{shiny}      R  stderr ----------- 
{shiny}      R  stderr ----------- Running application in test mode.
{shiny}      R  stderr ----------- 
{shiny}      R  stderr ----------- Listening on http://127.0.0.1:6803
{shiny}      R  stderr ----------- Initializing reporter_previewer_module
{shiny}      R  stderr ----------- Warning: Error in &lt;Anonymous&gt;: error in evaluating the argument 'code' in selecting a method for function 'eval_code': Assertion on 'subset' failed: Must be a subset of {'','USUBJID','STUDYID','CMCLAS','CMDECOD','ATIREL','CMCAT','COUNTRY','SITEID','SUBJID','AGE','SEX','ARMCD','ARM','ACTARMCD','ACTARM','RACE','TRTSDTM','TRTEDTM','EOSDY','EOSDT','STRATA1','STRATA2','BMRKR1','BMRKR2','REGION1','SAFFL','EOSSTT','EOTSTT','DCSREAS','DTHDT','ASTDTM','ASTDY','AENDTM','AENDY','CMSEQ','ATC1','ATC2','ATC3','ATC4','CMINDC','CMDOSE','CMTRT','CMDOSU','CMROUTE','CMDOSFRQ','CMASTDTM','CMAENDTM','ATIREL2','CMDECOD2','CMINDC2','CMDOSE2','CMDOSU2','CMROUTE2','CMDOSFRQ2','ASTDY2','AENDY2'}, but has additional elements {'CMTRT2'}.
{shiny}      R  stderr -----------   241: &lt;Anonymous&gt;
{shiny}      R  stderr -----------   240: stop
{shiny}      R  stderr -----------   239: mstop
{shiny}      R  stderr -----------   238: makeAssertion
{shiny}      R  stderr -----------   237: checkmate::assert_subset
{shiny}      R  stderr -----------   236: variable_choices.data.frame
{shiny}      R  stderr -----------   233: resolve.delayed_variable_choices
{shiny}      R  stderr -----------   231: resolve.delayed_select_spec
{shiny}      R  stderr -----------   229: resolve.delayed_data_extract_spec
{shiny}      R  stderr -----------   227: resolve_delayed.list
{shiny}      R  stderr -----------   213: module
{shiny}      R  stderr -----------   208: callModule
{shiny}      R  stderr -----------   207: moduleServer
{shiny}      R  stderr -----------   206: data_extract_single_srv
{shiny}      R  stderr -----------   205: FUN
{shiny}      R  stderr -----------   204: lapply
{shiny}      R  stderr -----------   203: module
{shiny}      R  stderr -----------   198: callModule
{shiny}      R  stderr -----------   197: moduleServer
{shiny}      R  stderr -----------   196: data_extract_srv.list
{shiny}      R  stderr -----------   194: FUN
{shiny}      R  stderr -----------   193: lapply
{shiny}      R  stderr -----------   192: sapply
{shiny}      R  stderr -----------   191: &lt;reactive&gt;
{shiny}      R  stderr -----------   175: selector_list
{shiny}      R  stderr -----------   170: &lt;reactive&gt;
{shiny}      R  stderr -----------   154: anl_inputs
{shiny}      R  stderr -----------   153: as.expression
{shiny}      R  stderr -----------   152: teal.code::eval_code
{shiny}      R  stderr -----------   151: %&gt;%
{shiny}      R  stderr -----------   150: &lt;reactive&gt;
{shiny}      R  stderr -----------   134: merged$anl_q
{shiny}      R  stderr -----------   128: &lt;reactive&gt;
{shiny}      R  stderr -----------   112: all_q
{shiny}      R  stderr -----------   110: renderText
{shiny}      R  stderr -----------   109: func
{shiny}      R  stderr -----------    96: renderFunc
{shiny}      R  stderr -----------    95: output$teal-main_ui-root-therapy__e2e_-module-title
{shiny}      R  stderr -----------    14: &lt;Anonymous&gt;
{shiny}      R  stderr -----------    12: &lt;Anonymous&gt;
{shiny}      R  stderr -----------    11: &lt;Anonymous&gt;
{shiny}      R  stderr -----------    10: base::do.call
{shiny}      R  stderr -----------     9: base::saveRDS
{shiny}      R  stderr -----------     8: base::withCallingHandlers
{shiny}      R  stderr -----------     7: doTryCatch
{shiny}      R  stderr -----------     6: tryCatchOne
{shiny}      R  stderr -----------     5: tryCatchList
{shiny}      R  stderr -----------     2: tryCatchList
{shiny}      R  stderr -----------     1: base::tryCatch
{shiny}      R  stderr ----------- Warning: Error in &lt;Anonymous&gt;: error in evaluating the argument 'code' in selecting a method for function 'eval_code': Assertion on 'subset' failed: Must be a subset of {'','USUBJID','STUDYID','CMCLAS','CMDECOD','ATIREL','CMCAT','COUNTRY','SITEID','SUBJID','AGE','SEX','ARMCD','ARM','ACTARMCD','ACTARM','RACE','TRTSDTM','TRTEDTM','EOSDY','EOSDT','STRATA1','STRATA2','BMRKR1','BMRKR2','REGION1','SAFFL','EOSSTT','EOTSTT','DCSREAS','DTHDT','ASTDTM','ASTDY','AENDTM','AENDY','CMSEQ','ATC1','ATC2','ATC3','ATC4','CMINDC','CMDOSE','CMTRT','CMDOSU','CMROUTE','CMDOSFRQ','CMASTDTM','CMAENDTM','ATIREL2','CMDECOD2','CMINDC2','CMDOSE2','CMDOSU2','CMROUTE2','CMDOSFRQ2','ASTDY2','AENDY2'}, but has additional elements {'CMTRT2'}.
{shiny}      R  stderr -----------   122: &lt;Anonymous&gt;
{shiny}      R  stderr -----------   121: stop
{shiny}      R  stderr -----------   120: all_q
{shiny}      R  stderr -----------   117: exprFunc
{shiny}      R  stderr -----------   116: widgetFunc
{shiny}      R  stderr -----------   115: ::
{shiny}      R  stderr ----------- htmlwidgets
{shiny}      R  stderr ----------- shinyRenderWidget
{shiny}      R  stderr -----------   114: func
{shiny}      R  stderr -----------   101: renderFunc
{shiny}      R  stderr -----------   100: renderFunc
{shiny}      R  stderr -----------    96: renderFunc
{shiny}      R  stderr -----------    95: output$teal-main_ui-root-therapy__e2e_-module-therapy_table
{shiny}      R  stderr -----------    14: &lt;Anonymous&gt;
{shiny}      R  stderr -----------    12: &lt;Anonymous&gt;
{shiny}      R  stderr -----------    11: &lt;Anonymous&gt;
{shiny}      R  stderr -----------    10: base::do.call
{shiny}      R  stderr -----------     9: base::saveRDS
{shiny}      R  stderr -----------     8: base::withCallingHandlers
{shiny}      R  stderr -----------     7: doTryCatch
{shiny}      R  stderr -----------     6: tryCatchOne
{shiny}      R  stderr -----------     5: tryCatchList
{shiny}      R  stderr -----------     2: tryCatchList
{shiny}      R  stderr -----------     1: base::tryCatch
{shiny}      R  stderr ----------- Warning: Error in variable_choices.data.frame: Assertion on 'subset' failed: Must be a subset of {'','USUBJID','STUDYID','CMCLAS','CMDECOD','ATIREL','CMCAT','COUNTRY','SITEID','SUBJID','AGE','SEX','ARMCD','ARM','ACTARMCD','ACTARM','RACE','TRTSDTM','TRTEDTM','EOSDY','EOSDT','STRATA1','STRATA2','BMRKR1','BMRKR2','REGION1','SAFFL','EOSSTT','EOTSTT','DCSREAS','DTHDT','ASTDTM','ASTDY','AENDTM','AENDY','CMSEQ','ATC1','ATC2','ATC3','ATC4','CMINDC','CMDOSE','CMTRT','CMDOSU','CMROUTE','CMDOSFRQ','CMASTDTM','CMAENDTM','ATIREL2','CMDECOD2','CMINDC2','CMDOSE2','CMDOSU2','CMROUTE2','CMDOSFRQ2','ASTDY2','AENDY2'}, but has additional elements {'CMTRT2'}.
{shiny}      R  stderr -----------   162: &lt;Anonymous&gt;
{shiny}      R  stderr -----------   161: stop
{shiny}      R  stderr -----------   160: selector_list
{shiny}      R  stderr -----------   159: teal.transform::compose_and_enable_validators
{shiny}      R  stderr -----------   158: &lt;reactive&gt;
{shiny}      R  stderr -----------   142: iv_r
{shiny}      R  stderr -----------   135: &lt;reactive&gt;
{shiny}      R  stderr -----------   119: plot_r
{shiny}      R  stderr -----------   110: renderUI
{shiny}      R  stderr -----------   109: func
{shiny}      R  stderr -----------    96: renderFunc
{shiny}      R  stderr -----------    95: output$teal-main_ui-root-therapy__e2e_-module-therapy_plot-plot_out_main
{shiny}      R  stderr -----------    14: &lt;Anonymous&gt;
{shiny}      R  stderr -----------    12: &lt;Anonymous&gt;
{shiny}      R  stderr -----------    11: &lt;Anonymous&gt;
{shiny}      R  stderr -----------    10: base::do.call
{shiny}      R  stderr -----------     9: base::saveRDS
{shiny}      R  stderr -----------     8: base::withCallingHandlers
{shiny}      R  stderr -----------     7: doTryCatch
{shiny}      R  stderr -----------     6: tryCatchOne
{shiny}      R  stderr -----------     5: tryCatchList
{shiny}      R  stderr -----------     2: tryCatchList
{shiny}      R  stderr -----------     1: base::tryCatch
{shiny}      R  stderr ----------- Warning: Error in &lt;Anonymous&gt;: error in evaluating the argument 'code' in selecting a method for function 'eval_code': Assertion on 'subset' failed: Must be a subset of {'','USUBJID','STUDYID','CMCLAS','CMDECOD','ATIREL','CMCAT','COUNTRY','SITEID','SUBJID','AGE','SEX','ARMCD','ARM','ACTARMCD','ACTARM','RACE','TRTSDTM','TRTEDTM','EOSDY','EOSDT','STRATA1','STRATA2','BMRKR1','BMRKR2','REGION1','SAFFL','EOSSTT','EOTSTT','DCSREAS','DTHDT','ASTDTM','ASTDY','AENDTM','AENDY','CMSEQ','ATC1','ATC2','ATC3','ATC4','CMINDC','CMDOSE','CMTRT','CMDOSU','CMROUTE','CMDOSFRQ','CMASTDTM','CMAENDTM','ATIREL2','CMDECOD2','CMINDC2','CMDOSE2','CMDOSU2','CMROUTE2','CMDOSFRQ2','ASTDY2','AENDY2'}, but has additional elements {'CMTRT2'}.
{shiny}      R  stderr -----------   14: &lt;Anonymous&gt;
{shiny}      R  stderr -----------   12: &lt;Anonymous&gt;
{shiny}      R  stderr -----------   11: &lt;Anonymous&gt;
{shiny}      R  stderr -----------   10: base::do.call
{shiny}      R  stderr -----------    9: base::saveRDS
{shiny}      R  stderr -----------    8: base::withCallingHandlers
{shiny}      R  stderr -----------    7: doTryCatch
{shiny}      R  stderr -----------    6: tryCatchOne
{shiny}      R  stderr -----------    5: tryCatchList
{shiny}      R  stderr -----------    2: tryCatchList
{shiny}      R  stderr -----------    1: base::tryCatch


Caused by error in `app_initialize_()`:
! Shiny app did not become stable in 1e+05ms.
Message: An error occurred while waiting for Shiny to be stable
Caused by error in `app_wait_for_idle()`:
! An error occurred while waiting for Shiny to be stable
Backtrace:
     x
  1. +-teal.modules.clinical (local) app_driver_tm_g_pp_therapy() at test-shinytest2-tm_g_pp_therapy.R:114:5
  2. | \-teal.modules.clinical:::init_teal_app_driver(...) at test-shinytest2-tm_g_pp_therapy.R:31:3
  3. |   +-testthat::with_mocked_bindings(...) at tests/testthat/helper-TealAppDriver.R:7:3
  4. |   \-TealAppDriver$new(...) at tests/testthat/helper-TealAppDriver.R:10:7
  5. |     \-teal (local) initialize(...)
  6. |       +-base::suppressWarnings(...)
  7. |       | \-base::withCallingHandlers(...)
  8. |       \-super$initialize(...)
  9. |         \-shinytest2:::app_initialize(...)
 10. |           +-base::withCallingHandlers(...)
 11. |           \-shinytest2:::app_initialize_(self, private, ..., view = view)
 12. |             +-base::withCallingHandlers(...)
 13. |             \-self$wait_for_idle(duration = 200, timeout = private$load_timeout)
 14. |               \-shinytest2:::app_wait_for_idle(...)
 15. |                 \-shinytest2:::app_abort(self, private, "An error occurred while waiting for Shiny to be stable")
 16. |                   \-rlang::abort(..., app = self, call = call)
 17. |                     \-rlang:::signal_abort(cnd, .file)
 18. |                       \-base::signalCondition(cnd)
 19. +-shinytest2 (local) `&lt;fn&gt;`(`&lt;rlng_rrr&gt;`)
 20. | \-shinytest2:::app_abort(...)
 21. |   \-rlang::abort(..., app = self, call = call)
 22. |     \-rlang:::signal_abort(cnd, .file)
 23. |       \-base::signalCondition(cnd)
 24. \-shinytest2 (local) `&lt;fn&gt;`(`&lt;rlng_rrr&gt;`)
 25.   \-shinytest2:::app_abort(...)
 26.     \-rlang::abort(..., app = self, call = call)</error>
    </testcase>
    <testcase time="103.046" classname="shinytest2_tm_g_pp_therapy" name="e2e_tm_g_pp_therapy_Selection_of_patient_id_changes_the_element_and_does_not_throw_validation_errors">
      <error type="error" message="Error in `app_initialize(self, private, app_dir = app_dir, ..., load_timeout = load_timeout,  ('test-shinytest2-tm_g_pp_therapy.R:162:9')">Error in `app_initialize(self, private, app_dir = app_dir, ..., load_timeout = load_timeout, 
    timeout = timeout, wait = wait, expect_values_screenshot_args = expect_values_screenshot_args, 
    screenshot_args = screenshot_args, check_names = check_names, 
    name = name, variant = variant, view = view, height = height, 
    width = width, seed = seed, clean_logs = clean_logs, shiny_args = shiny_args, 
    render_args = render_args, options = options)`: Shiny app did not become stable in 1e+05ms.
Message: An error occurred while waiting for Shiny to be stable
Caused by error in `app_wait_for_idle()`:
! An error occurred while waiting for Shiny to be stable


i You can inspect the failed AppDriver object via `rlang::last_error()$app`
i AppDriver logs:
{shinytest2} R  info   22:52:17.52 Start AppDriver initialization
{shinytest2} R  info   22:52:17.55 Starting Shiny app
{shinytest2} R  info   22:52:19.59 Creating new ChromoteSession
{shinytest2} R  info   22:52:19.62 Navigating to Shiny app
{shinytest2} R  info   22:52:19.75 Injecting shiny-tracer.js
{chromote}   JS info   22:52:19.76 shinytest2; jQuery not found
{chromote}   JS info   22:52:19.76 shinytest2; Loaded
{shinytest2} R  info   22:52:19.76 Waiting for Shiny to become ready
{chromote}   JS info   22:52:19.87 shinytest2; jQuery found
{chromote}   JS info   22:52:19.87 shinytest2; Waiting for shiny session to connect
{chromote}   JS info   22:52:19.99 shinytest2; Connected
{chromote}   JS info   22:52:20.03 shinytest2; shiny:busy
{shinytest2} R  info   22:52:20.07 Waiting for Shiny to become idle for 200ms within 1e+05ms
{chromote}   JS info   22:52:20.07 shinytest2; Waiting for Shiny to be stable
{chromote}   JS info   22:52:21.26 shinytest2; shiny:idle
{chromote}   JS info   22:52:21.26 shinytest2; shiny:value teal-identifier
{chromote}   JS info   22:52:21.26 shinytest2; shiny:value error
{chromote}   JS info   22:52:21.26 shinytest2; shiny:busy
{chromote}   JS info   22:52:21.26 shinytest2; shiny:idle
{chromote}   JS info   22:52:21.28 shinytest2; shiny:busy
{shinytest2} R  info   22:54:00.08 Error while initializing AppDriver:
                                   Shiny app did not become stable in 1e+05ms.
                                   Message: An error occurred while waiting for Shiny to be stable
                                   Caused by error in `app_wait_for_idle()`:
                                   ! An error occurred while waiting for Shiny to be stable
{shiny}      R  stderr ----------- Loading required package: shiny
{shiny}      R  stderr ----------- Attempting to load the environment ‘package:dplyr’
{shiny}      R  stderr ----------- 
{shiny}      R  stderr ----------- Attaching package: ‘dplyr’
{shiny}      R  stderr ----------- 
{shiny}      R  stderr ----------- The following objects are masked from ‘package:stats’:
{shiny}      R  stderr ----------- 
{shiny}      R  stderr -----------     filter, lag
{shiny}      R  stderr ----------- 
{shiny}      R  stderr ----------- The following objects are masked from ‘package:base’:
{shiny}      R  stderr ----------- 
{shiny}      R  stderr -----------     intersect, setdiff, setequal, union
{shiny}      R  stderr ----------- 
{shiny}      R  stderr ----------- Loading required package: teal
{shiny}      R  stderr ----------- Loading required package: teal.data
{shiny}      R  stderr ----------- Loading required package: teal.code
{shiny}      R  stderr ----------- Loading required package: teal.slice
{shiny}      R  stderr ----------- 
{shiny}      R  stderr ----------- You are using teal version 0.15.2.9031
{shiny}      R  stderr ----------- 
{shiny}      R  stderr ----------- Attaching package: ‘teal’
{shiny}      R  stderr ----------- 
{shiny}      R  stderr ----------- The following objects are masked from ‘package:teal.slice’:
{shiny}      R  stderr ----------- 
{shiny}      R  stderr -----------     as.teal_slices, teal_slices
{shiny}      R  stderr ----------- 
{shiny}      R  stderr ----------- Loading required package: teal.transform
{shiny}      R  stderr ----------- Loading required package: tern
{shiny}      R  stderr ----------- Loading required package: rtables
{shiny}      R  stderr ----------- Loading required package: formatters
{shiny}      R  stderr ----------- Loading required package: magrittr
{shiny}      R  stderr ----------- 
{shiny}      R  stderr ----------- Attaching package: ‘rtables’
{shiny}      R  stderr ----------- 
{shiny}      R  stderr ----------- The following object is masked from ‘package:utils’:
{shiny}      R  stderr ----------- 
{shiny}      R  stderr -----------     str
{shiny}      R  stderr ----------- 
{shiny}      R  stderr ----------- Running application in test mode.
{shiny}      R  stderr ----------- 
{shiny}      R  stderr ----------- Listening on http://127.0.0.1:5501
{shiny}      R  stderr ----------- Initializing reporter_previewer_module
{shiny}      R  stderr ----------- Warning: Error in &lt;Anonymous&gt;: error in evaluating the argument 'code' in selecting a method for function 'eval_code': Assertion on 'subset' failed: Must be a subset of {'','USUBJID','STUDYID','CMCLAS','CMDECOD','ATIREL','CMCAT','COUNTRY','SITEID','SUBJID','AGE','SEX','ARMCD','ARM','ACTARMCD','ACTARM','RACE','TRTSDTM','TRTEDTM','EOSDY','EOSDT','STRATA1','STRATA2','BMRKR1','BMRKR2','REGION1','SAFFL','EOSSTT','EOTSTT','DCSREAS','DTHDT','ASTDTM','ASTDY','AENDTM','AENDY','CMSEQ','ATC1','ATC2','ATC3','ATC4','CMINDC','CMDOSE','CMTRT','CMDOSU','CMROUTE','CMDOSFRQ','CMASTDTM','CMAENDTM','ATIREL2','CMDECOD2','CMINDC2','CMDOSE2','CMDOSU2','CMROUTE2','CMDOSFRQ2','ASTDY2','AENDY2'}, but has additional elements {'CMTRT2'}.
{shiny}      R  stderr -----------   241: &lt;Anonymous&gt;
{shiny}      R  stderr -----------   240: stop
{shiny}      R  stderr -----------   239: mstop
{shiny}      R  stderr -----------   238: makeAssertion
{shiny}      R  stderr -----------   237: checkmate::assert_subset
{shiny}      R  stderr -----------   236: variable_choices.data.frame
{shiny}      R  stderr -----------   233: resolve.delayed_variable_choices
{shiny}      R  stderr -----------   231: resolve.delayed_select_spec
{shiny}      R  stderr -----------   229: resolve.delayed_data_extract_spec
{shiny}      R  stderr -----------   227: resolve_delayed.list
{shiny}      R  stderr -----------   213: module
{shiny}      R  stderr -----------   208: callModule
{shiny}      R  stderr -----------   207: moduleServer
{shiny}      R  stderr -----------   206: data_extract_single_srv
{shiny}      R  stderr -----------   205: FUN
{shiny}      R  stderr -----------   204: lapply
{shiny}      R  stderr -----------   203: module
{shiny}      R  stderr -----------   198: callModule
{shiny}      R  stderr -----------   197: moduleServer
{shiny}      R  stderr -----------   196: data_extract_srv.list
{shiny}      R  stderr -----------   194: FUN
{shiny}      R  stderr -----------   193: lapply
{shiny}      R  stderr -----------   192: sapply
{shiny}      R  stderr -----------   191: &lt;reactive&gt;
{shiny}      R  stderr -----------   175: selector_list
{shiny}      R  stderr -----------   170: &lt;reactive&gt;
{shiny}      R  stderr -----------   154: anl_inputs
{shiny}      R  stderr -----------   153: as.expression
{shiny}      R  stderr -----------   152: teal.code::eval_code
{shiny}      R  stderr -----------   151: %&gt;%
{shiny}      R  stderr -----------   150: &lt;reactive&gt;
{shiny}      R  stderr -----------   134: merged$anl_q
{shiny}      R  stderr -----------   128: &lt;reactive&gt;
{shiny}      R  stderr -----------   112: all_q
{shiny}      R  stderr -----------   110: renderText
{shiny}      R  stderr -----------   109: func
{shiny}      R  stderr -----------    96: renderFunc
{shiny}      R  stderr -----------    95: output$teal-main_ui-root-therapy__e2e_-module-title
{shiny}      R  stderr -----------    14: &lt;Anonymous&gt;
{shiny}      R  stderr -----------    12: &lt;Anonymous&gt;
{shiny}      R  stderr -----------    11: &lt;Anonymous&gt;
{shiny}      R  stderr -----------    10: base::do.call
{shiny}      R  stderr -----------     9: base::saveRDS
{shiny}      R  stderr -----------     8: base::withCallingHandlers
{shiny}      R  stderr -----------     7: doTryCatch
{shiny}      R  stderr -----------     6: tryCatchOne
{shiny}      R  stderr -----------     5: tryCatchList
{shiny}      R  stderr -----------     2: tryCatchList
{shiny}      R  stderr -----------     1: base::tryCatch
{shiny}      R  stderr ----------- Warning: Error in &lt;Anonymous&gt;: error in evaluating the argument 'code' in selecting a method for function 'eval_code': Assertion on 'subset' failed: Must be a subset of {'','USUBJID','STUDYID','CMCLAS','CMDECOD','ATIREL','CMCAT','COUNTRY','SITEID','SUBJID','AGE','SEX','ARMCD','ARM','ACTARMCD','ACTARM','RACE','TRTSDTM','TRTEDTM','EOSDY','EOSDT','STRATA1','STRATA2','BMRKR1','BMRKR2','REGION1','SAFFL','EOSSTT','EOTSTT','DCSREAS','DTHDT','ASTDTM','ASTDY','AENDTM','AENDY','CMSEQ','ATC1','ATC2','ATC3','ATC4','CMINDC','CMDOSE','CMTRT','CMDOSU','CMROUTE','CMDOSFRQ','CMASTDTM','CMAENDTM','ATIREL2','CMDECOD2','CMINDC2','CMDOSE2','CMDOSU2','CMROUTE2','CMDOSFRQ2','ASTDY2','AENDY2'}, but has additional elements {'CMTRT2'}.
{shiny}      R  stderr -----------   122: &lt;Anonymous&gt;
{shiny}      R  stderr -----------   121: stop
{shiny}      R  stderr -----------   120: all_q
{shiny}      R  stderr -----------   117: exprFunc
{shiny}      R  stderr -----------   116: widgetFunc
{shiny}      R  stderr -----------   115: ::
{shiny}      R  stderr ----------- htmlwidgets
{shiny}      R  stderr ----------- shinyRenderWidget
{shiny}      R  stderr -----------   114: func
{shiny}      R  stderr -----------   101: renderFunc
{shiny}      R  stderr -----------   100: renderFunc
{shiny}      R  stderr -----------    96: renderFunc
{shiny}      R  stderr -----------    95: output$teal-main_ui-root-therapy__e2e_-module-therapy_table
{shiny}      R  stderr -----------    14: &lt;Anonymous&gt;
{shiny}      R  stderr -----------    12: &lt;Anonymous&gt;
{shiny}      R  stderr -----------    11: &lt;Anonymous&gt;
{shiny}      R  stderr -----------    10: base::do.call
{shiny}      R  stderr -----------     9: base::saveRDS
{shiny}      R  stderr -----------     8: base::withCallingHandlers
{shiny}      R  stderr -----------     7: doTryCatch
{shiny}      R  stderr -----------     6: tryCatchOne
{shiny}      R  stderr -----------     5: tryCatchList
{shiny}      R  stderr -----------     2: tryCatchList
{shiny}      R  stderr -----------     1: base::tryCatch
{shiny}      R  stderr ----------- Warning: Error in variable_choices.data.frame: Assertion on 'subset' failed: Must be a subset of {'','USUBJID','STUDYID','CMCLAS','CMDECOD','ATIREL','CMCAT','COUNTRY','SITEID','SUBJID','AGE','SEX','ARMCD','ARM','ACTARMCD','ACTARM','RACE','TRTSDTM','TRTEDTM','EOSDY','EOSDT','STRATA1','STRATA2','BMRKR1','BMRKR2','REGION1','SAFFL','EOSSTT','EOTSTT','DCSREAS','DTHDT','ASTDTM','ASTDY','AENDTM','AENDY','CMSEQ','ATC1','ATC2','ATC3','ATC4','CMINDC','CMDOSE','CMTRT','CMDOSU','CMROUTE','CMDOSFRQ','CMASTDTM','CMAENDTM','ATIREL2','CMDECOD2','CMINDC2','CMDOSE2','CMDOSU2','CMROUTE2','CMDOSFRQ2','ASTDY2','AENDY2'}, but has additional elements {'CMTRT2'}.
{shiny}      R  stderr -----------   162: &lt;Anonymous&gt;
{shiny}      R  stderr -----------   161: stop
{shiny}      R  stderr -----------   160: selector_list
{shiny}      R  stderr -----------   159: teal.transform::compose_and_enable_validators
{shiny}      R  stderr -----------   158: &lt;reactive&gt;
{shiny}      R  stderr -----------   142: iv_r
{shiny}      R  stderr -----------   135: &lt;reactive&gt;
{shiny}      R  stderr -----------   119: plot_r
{shiny}      R  stderr -----------   110: renderUI
{shiny}      R  stderr -----------   109: func
{shiny}      R  stderr -----------    96: renderFunc
{shiny}      R  stderr -----------    95: output$teal-main_ui-root-therapy__e2e_-module-therapy_plot-plot_out_main
{shiny}      R  stderr -----------    14: &lt;Anonymous&gt;
{shiny}      R  stderr -----------    12: &lt;Anonymous&gt;
{shiny}      R  stderr -----------    11: &lt;Anonymous&gt;
{shiny}      R  stderr -----------    10: base::do.call
{shiny}      R  stderr -----------     9: base::saveRDS
{shiny}      R  stderr -----------     8: base::withCallingHandlers
{shiny}      R  stderr -----------     7: doTryCatch
{shiny}      R  stderr -----------     6: tryCatchOne
{shiny}      R  stderr -----------     5: tryCatchList
{shiny}      R  stderr -----------     2: tryCatchList
{shiny}      R  stderr -----------     1: base::tryCatch
{shiny}      R  stderr ----------- Warning: Error in &lt;Anonymous&gt;: error in evaluating the argument 'code' in selecting a method for function 'eval_code': Assertion on 'subset' failed: Must be a subset of {'','USUBJID','STUDYID','CMCLAS','CMDECOD','ATIREL','CMCAT','COUNTRY','SITEID','SUBJID','AGE','SEX','ARMCD','ARM','ACTARMCD','ACTARM','RACE','TRTSDTM','TRTEDTM','EOSDY','EOSDT','STRATA1','STRATA2','BMRKR1','BMRKR2','REGION1','SAFFL','EOSSTT','EOTSTT','DCSREAS','DTHDT','ASTDTM','ASTDY','AENDTM','AENDY','CMSEQ','ATC1','ATC2','ATC3','ATC4','CMINDC','CMDOSE','CMTRT','CMDOSU','CMROUTE','CMDOSFRQ','CMASTDTM','CMAENDTM','ATIREL2','CMDECOD2','CMINDC2','CMDOSE2','CMDOSU2','CMROUTE2','CMDOSFRQ2','ASTDY2','AENDY2'}, but has additional elements {'CMTRT2'}.
{shiny}      R  stderr -----------   14: &lt;Anonymous&gt;
{shiny}      R  stderr -----------   12: &lt;Anonymous&gt;
{shiny}      R  stderr -----------   11: &lt;Anonymous&gt;
{shiny}      R  stderr -----------   10: base::do.call
{shiny}      R  stderr -----------    9: base::saveRDS
{shiny}      R  stderr -----------    8: base::withCallingHandlers
{shiny}      R  stderr -----------    7: doTryCatch
{shiny}      R  stderr -----------    6: tryCatchOne
{shiny}      R  stderr -----------    5: tryCatchList
{shiny}      R  stderr -----------    2: tryCatchList
{shiny}      R  stderr -----------    1: base::tryCatch


Caused by error in `app_initialize_()`:
! Shiny app did not become stable in 1e+05ms.
Message: An error occurred while waiting for Shiny to be stable
Caused by error in `app_wait_for_idle()`:
! An error occurred while waiting for Shiny to be stable
Backtrace:
     x
  1. +-teal.modules.clinical (local) app_driver_tm_g_pp_therapy() at test-shinytest2-tm_g_pp_therapy.R:162:9
  2. | \-teal.modules.clinical:::init_teal_app_driver(...) at test-shinytest2-tm_g_pp_therapy.R:31:3
  3. |   +-testthat::with_mocked_bindings(...) at tests/testthat/helper-TealAppDriver.R:7:3
  4. |   \-TealAppDriver$new(...) at tests/testthat/helper-TealAppDriver.R:10:7
  5. |     \-teal (local) initialize(...)
  6. |       +-base::suppressWarnings(...)
  7. |       | \-base::withCallingHandlers(...)
  8. |       \-super$initialize(...)
  9. |         \-shinytest2:::app_initialize(...)
 10. |           +-base::withCallingHandlers(...)
 11. |           \-shinytest2:::app_initialize_(self, private, ..., view = view)
 12. |             +-base::withCallingHandlers(...)
 13. |             \-self$wait_for_idle(duration = 200, timeout = private$load_timeout)
 14. |               \-shinytest2:::app_wait_for_idle(...)
 15. |                 \-shinytest2:::app_abort(self, private, "An error occurred while waiting for Shiny to be stable")
 16. |                   \-rlang::abort(..., app = self, call = call)
 17. |                     \-rlang:::signal_abort(cnd, .file)
 18. |                       \-base::signalCondition(cnd)
 19. +-shinytest2 (local) `&lt;fn&gt;`(`&lt;rlng_rrr&gt;`)
 20. | \-shinytest2:::app_abort(...)
 21. |   \-rlang::abort(..., app = self, call = call)
 22. |     \-rlang:::signal_abort(cnd, .file)
 23. |       \-base::signalCondition(cnd)
 24. \-shinytest2 (local) `&lt;fn&gt;`(`&lt;rlng_rrr&gt;`)
 25.   \-shinytest2:::app_abort(...)
 26.     \-rlang::abort(..., app = self, call = call)</error>
    </testcase>
    <testcase time="103.138" classname="shinytest2_tm_g_pp_therapy" name="e2e_tm_g_pp_therapy_Deselection_of_patient_id_throws_validation_error.">
      <error type="error" message="Error in `app_initialize(self, private, app_dir = app_dir, ..., load_timeout = load_timeout,  ('test-shinytest2-tm_g_pp_therapy.R:189:5')">Error in `app_initialize(self, private, app_dir = app_dir, ..., load_timeout = load_timeout, 
    timeout = timeout, wait = wait, expect_values_screenshot_args = expect_values_screenshot_args, 
    screenshot_args = screenshot_args, check_names = check_names, 
    name = name, variant = variant, view = view, height = height, 
    width = width, seed = seed, clean_logs = clean_logs, shiny_args = shiny_args, 
    render_args = render_args, options = options)`: Shiny app did not become stable in 1e+05ms.
Message: An error occurred while waiting for Shiny to be stable
Caused by error in `app_wait_for_idle()`:
! An error occurred while waiting for Shiny to be stable


i You can inspect the failed AppDriver object via `rlang::last_error()$app`
i AppDriver logs:
{shinytest2} R  info   22:54:00.56 Start AppDriver initialization
{shinytest2} R  info   22:54:00.59 Starting Shiny app
{shinytest2} R  info   22:54:02.62 Creating new ChromoteSession
{shinytest2} R  info   22:54:02.65 Navigating to Shiny app
{shinytest2} R  info   22:54:02.75 Injecting shiny-tracer.js
{chromote}   JS info   22:54:02.75 shinytest2; jQuery not found
{chromote}   JS info   22:54:02.76 shinytest2; Loaded
{shinytest2} R  info   22:54:02.76 Waiting for Shiny to become ready
{chromote}   JS info   22:54:02.85 shinytest2; jQuery found
{chromote}   JS info   22:54:02.85 shinytest2; Waiting for shiny session to connect
{chromote}   JS info   22:54:02.96 shinytest2; Connected
{shinytest2} R  info   22:54:02.97 Waiting for Shiny to become idle for 200ms within 1e+05ms
{chromote}   JS info   22:54:02.98 shinytest2; Waiting for Shiny to be stable
{chromote}   JS info   22:54:03.01 shinytest2; shiny:busy
{chromote}   JS info   22:54:04.25 shinytest2; shiny:idle
{chromote}   JS info   22:54:04.25 shinytest2; shiny:value teal-identifier
{chromote}   JS info   22:54:04.26 shinytest2; shiny:value error
{chromote}   JS info   22:54:04.26 shinytest2; shiny:busy
{chromote}   JS info   22:54:04.26 shinytest2; shiny:idle
{chromote}   JS info   22:54:04.28 shinytest2; shiny:busy
{shinytest2} R  info   22:55:42.99 Error while initializing AppDriver:
                                   Shiny app did not become stable in 1e+05ms.
                                   Message: An error occurred while waiting for Shiny to be stable
                                   Caused by error in `app_wait_for_idle()`:
                                   ! An error occurred while waiting for Shiny to be stable
{shiny}      R  stderr ----------- Loading required package: shiny
{shiny}      R  stderr ----------- Attempting to load the environment ‘package:dplyr’
{shiny}      R  stderr ----------- 
{shiny}      R  stderr ----------- Attaching package: ‘dplyr’
{shiny}      R  stderr ----------- 
{shiny}      R  stderr ----------- The following objects are masked from ‘package:stats’:
{shiny}      R  stderr ----------- 
{shiny}      R  stderr -----------     filter, lag
{shiny}      R  stderr ----------- 
{shiny}      R  stderr ----------- The following objects are masked from ‘package:base’:
{shiny}      R  stderr ----------- 
{shiny}      R  stderr -----------     intersect, setdiff, setequal, union
{shiny}      R  stderr ----------- 
{shiny}      R  stderr ----------- Loading required package: teal
{shiny}      R  stderr ----------- Loading required package: teal.data
{shiny}      R  stderr ----------- Loading required package: teal.code
{shiny}      R  stderr ----------- Loading required package: teal.slice
{shiny}      R  stderr ----------- 
{shiny}      R  stderr ----------- You are using teal version 0.15.2.9031
{shiny}      R  stderr ----------- 
{shiny}      R  stderr ----------- Attaching package: ‘teal’
{shiny}      R  stderr ----------- 
{shiny}      R  stderr ----------- The following objects are masked from ‘package:teal.slice’:
{shiny}      R  stderr ----------- 
{shiny}      R  stderr -----------     as.teal_slices, teal_slices
{shiny}      R  stderr ----------- 
{shiny}      R  stderr ----------- Loading required package: teal.transform
{shiny}      R  stderr ----------- Loading required package: tern
{shiny}      R  stderr ----------- Loading required package: rtables
{shiny}      R  stderr ----------- Loading required package: formatters
{shiny}      R  stderr ----------- Loading required package: magrittr
{shiny}      R  stderr ----------- 
{shiny}      R  stderr ----------- Attaching package: ‘rtables’
{shiny}      R  stderr ----------- 
{shiny}      R  stderr ----------- The following object is masked from ‘package:utils’:
{shiny}      R  stderr ----------- 
{shiny}      R  stderr -----------     str
{shiny}      R  stderr ----------- 
{shiny}      R  stderr ----------- Running application in test mode.
{shiny}      R  stderr ----------- 
{shiny}      R  stderr ----------- Listening on http://127.0.0.1:5281
{shiny}      R  stderr ----------- Initializing reporter_previewer_module
{shiny}      R  stderr ----------- Warning: Error in &lt;Anonymous&gt;: error in evaluating the argument 'code' in selecting a method for function 'eval_code': Assertion on 'subset' failed: Must be a subset of {'','USUBJID','STUDYID','CMCLAS','CMDECOD','ATIREL','CMCAT','COUNTRY','SITEID','SUBJID','AGE','SEX','ARMCD','ARM','ACTARMCD','ACTARM','RACE','TRTSDTM','TRTEDTM','EOSDY','EOSDT','STRATA1','STRATA2','BMRKR1','BMRKR2','REGION1','SAFFL','EOSSTT','EOTSTT','DCSREAS','DTHDT','ASTDTM','ASTDY','AENDTM','AENDY','CMSEQ','ATC1','ATC2','ATC3','ATC4','CMINDC','CMDOSE','CMTRT','CMDOSU','CMROUTE','CMDOSFRQ','CMASTDTM','CMAENDTM','ATIREL2','CMDECOD2','CMINDC2','CMDOSE2','CMDOSU2','CMROUTE2','CMDOSFRQ2','ASTDY2','AENDY2'}, but has additional elements {'CMTRT2'}.
{shiny}      R  stderr -----------   241: &lt;Anonymous&gt;
{shiny}      R  stderr -----------   240: stop
{shiny}      R  stderr -----------   239: mstop
{shiny}      R  stderr -----------   238: makeAssertion
{shiny}      R  stderr -----------   237: checkmate::assert_subset
{shiny}      R  stderr -----------   236: variable_choices.data.frame
{shiny}      R  stderr -----------   233: resolve.delayed_variable_choices
{shiny}      R  stderr -----------   231: resolve.delayed_select_spec
{shiny}      R  stderr -----------   229: resolve.delayed_data_extract_spec
{shiny}      R  stderr -----------   227: resolve_delayed.list
{shiny}      R  stderr -----------   213: module
{shiny}      R  stderr -----------   208: callModule
{shiny}      R  stderr -----------   207: moduleServer
{shiny}      R  stderr -----------   206: data_extract_single_srv
{shiny}      R  stderr -----------   205: FUN
{shiny}      R  stderr -----------   204: lapply
{shiny}      R  stderr -----------   203: module
{shiny}      R  stderr -----------   198: callModule
{shiny}      R  stderr -----------   197: moduleServer
{shiny}      R  stderr -----------   196: data_extract_srv.list
{shiny}      R  stderr -----------   194: FUN
{shiny}      R  stderr -----------   193: lapply
{shiny}      R  stderr -----------   192: sapply
{shiny}      R  stderr -----------   191: &lt;reactive&gt;
{shiny}      R  stderr -----------   175: selector_list
{shiny}      R  stderr -----------   170: &lt;reactive&gt;
{shiny}      R  stderr -----------   154: anl_inputs
{shiny}      R  stderr -----------   153: as.expression
{shiny}      R  stderr -----------   152: teal.code::eval_code
{shiny}      R  stderr -----------   151: %&gt;%
{shiny}      R  stderr -----------   150: &lt;reactive&gt;
{shiny}      R  stderr -----------   134: merged$anl_q
{shiny}      R  stderr -----------   128: &lt;reactive&gt;
{shiny}      R  stderr -----------   112: all_q
{shiny}      R  stderr -----------   110: renderText
{shiny}      R  stderr -----------   109: func
{shiny}      R  stderr -----------    96: renderFunc
{shiny}      R  stderr -----------    95: output$teal-main_ui-root-therapy__e2e_-module-title
{shiny}      R  stderr -----------    14: &lt;Anonymous&gt;
{shiny}      R  stderr -----------    12: &lt;Anonymous&gt;
{shiny}      R  stderr -----------    11: &lt;Anonymous&gt;
{shiny}      R  stderr -----------    10: base::do.call
{shiny}      R  stderr -----------     9: base::saveRDS
{shiny}      R  stderr -----------     8: base::withCallingHandlers
{shiny}      R  stderr -----------     7: doTryCatch
{shiny}      R  stderr -----------     6: tryCatchOne
{shiny}      R  stderr -----------     5: tryCatchList
{shiny}      R  stderr -----------     2: tryCatchList
{shiny}      R  stderr -----------     1: base::tryCatch
{shiny}      R  stderr ----------- Warning: Error in &lt;Anonymous&gt;: error in evaluating the argument 'code' in selecting a method for function 'eval_code': Assertion on 'subset' failed: Must be a subset of {'','USUBJID','STUDYID','CMCLAS','CMDECOD','ATIREL','CMCAT','COUNTRY','SITEID','SUBJID','AGE','SEX','ARMCD','ARM','ACTARMCD','ACTARM','RACE','TRTSDTM','TRTEDTM','EOSDY','EOSDT','STRATA1','STRATA2','BMRKR1','BMRKR2','REGION1','SAFFL','EOSSTT','EOTSTT','DCSREAS','DTHDT','ASTDTM','ASTDY','AENDTM','AENDY','CMSEQ','ATC1','ATC2','ATC3','ATC4','CMINDC','CMDOSE','CMTRT','CMDOSU','CMROUTE','CMDOSFRQ','CMASTDTM','CMAENDTM','ATIREL2','CMDECOD2','CMINDC2','CMDOSE2','CMDOSU2','CMROUTE2','CMDOSFRQ2','ASTDY2','AENDY2'}, but has additional elements {'CMTRT2'}.
{shiny}      R  stderr -----------   122: &lt;Anonymous&gt;
{shiny}      R  stderr -----------   121: stop
{shiny}      R  stderr -----------   120: all_q
{shiny}      R  stderr -----------   117: exprFunc
{shiny}      R  stderr -----------   116: widgetFunc
{shiny}      R  stderr -----------   115: ::
{shiny}      R  stderr ----------- htmlwidgets
{shiny}      R  stderr ----------- shinyRenderWidget
{shiny}      R  stderr -----------   114: func
{shiny}      R  stderr -----------   101: renderFunc
{shiny}      R  stderr -----------   100: renderFunc
{shiny}      R  stderr -----------    96: renderFunc
{shiny}      R  stderr -----------    95: output$teal-main_ui-root-therapy__e2e_-module-therapy_table
{shiny}      R  stderr -----------    14: &lt;Anonymous&gt;
{shiny}      R  stderr -----------    12: &lt;Anonymous&gt;
{shiny}      R  stderr -----------    11: &lt;Anonymous&gt;
{shiny}      R  stderr -----------    10: base::do.call
{shiny}      R  stderr -----------     9: base::saveRDS
{shiny}      R  stderr -----------     8: base::withCallingHandlers
{shiny}      R  stderr -----------     7: doTryCatch
{shiny}      R  stderr -----------     6: tryCatchOne
{shiny}      R  stderr -----------     5: tryCatchList
{shiny}      R  stderr -----------     2: tryCatchList
{shiny}      R  stderr -----------     1: base::tryCatch
{shiny}      R  stderr ----------- Warning: Error in variable_choices.data.frame: Assertion on 'subset' failed: Must be a subset of {'','USUBJID','STUDYID','CMCLAS','CMDECOD','ATIREL','CMCAT','COUNTRY','SITEID','SUBJID','AGE','SEX','ARMCD','ARM','ACTARMCD','ACTARM','RACE','TRTSDTM','TRTEDTM','EOSDY','EOSDT','STRATA1','STRATA2','BMRKR1','BMRKR2','REGION1','SAFFL','EOSSTT','EOTSTT','DCSREAS','DTHDT','ASTDTM','ASTDY','AENDTM','AENDY','CMSEQ','ATC1','ATC2','ATC3','ATC4','CMINDC','CMDOSE','CMTRT','CMDOSU','CMROUTE','CMDOSFRQ','CMASTDTM','CMAENDTM','ATIREL2','CMDECOD2','CMINDC2','CMDOSE2','CMDOSU2','CMROUTE2','CMDOSFRQ2','ASTDY2','AENDY2'}, but has additional elements {'CMTRT2'}.
{shiny}      R  stderr -----------   162: &lt;Anonymous&gt;
{shiny}      R  stderr -----------   161: stop
{shiny}      R  stderr -----------   160: selector_list
{shiny}      R  stderr -----------   159: teal.transform::compose_and_enable_validators
{shiny}      R  stderr -----------   158: &lt;reactive&gt;
{shiny}      R  stderr -----------   142: iv_r
{shiny}      R  stderr -----------   135: &lt;reactive&gt;
{shiny}      R  stderr -----------   119: plot_r
{shiny}      R  stderr -----------   110: renderUI
{shiny}      R  stderr -----------   109: func
{shiny}      R  stderr -----------    96: renderFunc
{shiny}      R  stderr -----------    95: output$teal-main_ui-root-therapy__e2e_-module-therapy_plot-plot_out_main
{shiny}      R  stderr -----------    14: &lt;Anonymous&gt;
{shiny}      R  stderr -----------    12: &lt;Anonymous&gt;
{shiny}      R  stderr -----------    11: &lt;Anonymous&gt;
{shiny}      R  stderr -----------    10: base::do.call
{shiny}      R  stderr -----------     9: base::saveRDS
{shiny}      R  stderr -----------     8: base::withCallingHandlers
{shiny}      R  stderr -----------     7: doTryCatch
{shiny}      R  stderr -----------     6: tryCatchOne
{shiny}      R  stderr -----------     5: tryCatchList
{shiny}      R  stderr -----------     2: tryCatchList
{shiny}      R  stderr -----------     1: base::tryCatch
{shiny}      R  stderr ----------- Warning: Error in &lt;Anonymous&gt;: error in evaluating the argument 'code' in selecting a method for function 'eval_code': Assertion on 'subset' failed: Must be a subset of {'','USUBJID','STUDYID','CMCLAS','CMDECOD','ATIREL','CMCAT','COUNTRY','SITEID','SUBJID','AGE','SEX','ARMCD','ARM','ACTARMCD','ACTARM','RACE','TRTSDTM','TRTEDTM','EOSDY','EOSDT','STRATA1','STRATA2','BMRKR1','BMRKR2','REGION1','SAFFL','EOSSTT','EOTSTT','DCSREAS','DTHDT','ASTDTM','ASTDY','AENDTM','AENDY','CMSEQ','ATC1','ATC2','ATC3','ATC4','CMINDC','CMDOSE','CMTRT','CMDOSU','CMROUTE','CMDOSFRQ','CMASTDTM','CMAENDTM','ATIREL2','CMDECOD2','CMINDC2','CMDOSE2','CMDOSU2','CMROUTE2','CMDOSFRQ2','ASTDY2','AENDY2'}, but has additional elements {'CMTRT2'}.
{shiny}      R  stderr -----------   14: &lt;Anonymous&gt;
{shiny}      R  stderr -----------   12: &lt;Anonymous&gt;
{shiny}      R  stderr -----------   11: &lt;Anonymous&gt;
{shiny}      R  stderr -----------   10: base::do.call
{shiny}      R  stderr -----------    9: base::saveRDS
{shiny}      R  stderr -----------    8: base::withCallingHandlers
{shiny}      R  stderr -----------    7: doTryCatch
{shiny}      R  stderr -----------    6: tryCatchOne
{shiny}      R  stderr -----------    5: tryCatchList
{shiny}      R  stderr -----------    2: tryCatchList
{shiny}      R  stderr -----------    1: base::tryCatch


Caused by error in `app_initialize_()`:
! Shiny app did not become stable in 1e+05ms.
Message: An error occurred while waiting for Shiny to be stable
Caused by error in `app_wait_for_idle()`:
! An error occurred while waiting for Shiny to be stable
Backtrace:
     x
  1. +-teal.modules.clinical (local) app_driver_tm_g_pp_therapy() at test-shinytest2-tm_g_pp_therapy.R:189:5
  2. | \-teal.modules.clinical:::init_teal_app_driver(...) at test-shinytest2-tm_g_pp_therapy.R:31:3
  3. |   +-testthat::with_mocked_bindings(...) at tests/testthat/helper-TealAppDriver.R:7:3
  4. |   \-TealAppDriver$new(...) at tests/testthat/helper-TealAppDriver.R:10:7
  5. |     \-teal (local) initialize(...)
  6. |       +-base::suppressWarnings(...)
  7. |       | \-base::withCallingHandlers(...)
  8. |       \-super$initialize(...)
  9. |         \-shinytest2:::app_initialize(...)
 10. |           +-base::withCallingHandlers(...)
 11. |           \-shinytest2:::app_initialize_(self, private, ..., view = view)
 12. |             +-base::withCallingHandlers(...)
 13. |             \-self$wait_for_idle(duration = 200, timeout = private$load_timeout)
 14. |               \-shinytest2:::app_wait_for_idle(...)
 15. |                 \-shinytest2:::app_abort(self, private, "An error occurred while waiting for Shiny to be stable")
 16. |                   \-rlang::abort(..., app = self, call = call)
 17. |                     \-rlang:::signal_abort(cnd, .file)
 18. |                       \-base::signalCondition(cnd)
 19. +-shinytest2 (local) `&lt;fn&gt;`(`&lt;rlng_rrr&gt;`)
 20. | \-shinytest2:::app_abort(...)
 21. |   \-rlang::abort(..., app = self, call = call)
 22. |     \-rlang:::signal_abort(cnd, .file)
 23. |       \-base::signalCondition(cnd)
 24. \-shinytest2 (local) `&lt;fn&gt;`(`&lt;rlng_rrr&gt;`)
 25.   \-shinytest2:::app_abort(...)
 26.     \-rlang::abort(..., app = self, call = call)</error>
    </testcase>
    <testcase time="102.941" classname="shinytest2_tm_g_pp_therapy" name="e2e_tm_g_pp_therapy_Deselection_of_cmtrt_dataset_ADCM_singleextract_select_throws_validation_error.">
      <error type="error" message="Error in `app_initialize(self, private, app_dir = app_dir, ..., load_timeout = load_timeout,  ('test-shinytest2-tm_g_pp_therapy.R:189:5')">Error in `app_initialize(self, private, app_dir = app_dir, ..., load_timeout = load_timeout, 
    timeout = timeout, wait = wait, expect_values_screenshot_args = expect_values_screenshot_args, 
    screenshot_args = screenshot_args, check_names = check_names, 
    name = name, variant = variant, view = view, height = height, 
    width = width, seed = seed, clean_logs = clean_logs, shiny_args = shiny_args, 
    render_args = render_args, options = options)`: Shiny app did not become stable in 1e+05ms.
Message: An error occurred while waiting for Shiny to be stable
Caused by error in `app_wait_for_idle()`:
! An error occurred while waiting for Shiny to be stable


i You can inspect the failed AppDriver object via `rlang::last_error()$app`
i AppDriver logs:
{shinytest2} R  info   22:55:43.70 Start AppDriver initialization
{shinytest2} R  info   22:55:43.73 Starting Shiny app
{shinytest2} R  info   22:55:45.76 Creating new ChromoteSession
{shinytest2} R  info   22:55:45.79 Navigating to Shiny app
{shinytest2} R  info   22:55:45.92 Injecting shiny-tracer.js
{chromote}   JS info   22:55:45.93 shinytest2; jQuery not found
{chromote}   JS info   22:55:45.93 shinytest2; Loaded
{shinytest2} R  info   22:55:45.93 Waiting for Shiny to become ready
{chromote}   JS info   22:55:46.01 shinytest2; jQuery found
{chromote}   JS info   22:55:46.02 shinytest2; Waiting for shiny session to connect
{chromote}   JS info   22:55:46.15 shinytest2; Connected
{shinytest2} R  info   22:55:46.15 Waiting for Shiny to become idle for 200ms within 1e+05ms
{chromote}   JS info   22:55:46.15 shinytest2; Waiting for Shiny to be stable
{chromote}   JS info   22:55:46.19 shinytest2; shiny:busy
{chromote}   JS info   22:55:47.55 shinytest2; shiny:idle
{chromote}   JS info   22:55:47.56 shinytest2; shiny:value teal-identifier
{chromote}   JS info   22:55:47.56 shinytest2; shiny:value error
{chromote}   JS info   22:55:47.56 shinytest2; shiny:busy
{chromote}   JS info   22:55:47.56 shinytest2; shiny:idle
{chromote}   JS info   22:55:47.58 shinytest2; shiny:busy
{shinytest2} R  info   22:57:26.17 Error while initializing AppDriver:
                                   Shiny app did not become stable in 1e+05ms.
                                   Message: An error occurred while waiting for Shiny to be stable
                                   Caused by error in `app_wait_for_idle()`:
                                   ! An error occurred while waiting for Shiny to be stable
{shiny}      R  stderr ----------- Loading required package: shiny
{shiny}      R  stderr ----------- Attempting to load the environment ‘package:dplyr’
{shiny}      R  stderr ----------- 
{shiny}      R  stderr ----------- Attaching package: ‘dplyr’
{shiny}      R  stderr ----------- 
{shiny}      R  stderr ----------- The following objects are masked from ‘package:stats’:
{shiny}      R  stderr ----------- 
{shiny}      R  stderr -----------     filter, lag
{shiny}      R  stderr ----------- 
{shiny}      R  stderr ----------- The following objects are masked from ‘package:base’:
{shiny}      R  stderr ----------- 
{shiny}      R  stderr -----------     intersect, setdiff, setequal, union
{shiny}      R  stderr ----------- 
{shiny}      R  stderr ----------- Loading required package: teal
{shiny}      R  stderr ----------- Loading required package: teal.data
{shiny}      R  stderr ----------- Loading required package: teal.code
{shiny}      R  stderr ----------- Loading required package: teal.slice
{shiny}      R  stderr ----------- 
{shiny}      R  stderr ----------- You are using teal version 0.15.2.9031
{shiny}      R  stderr ----------- 
{shiny}      R  stderr ----------- Attaching package: ‘teal’
{shiny}      R  stderr ----------- 
{shiny}      R  stderr ----------- The following objects are masked from ‘package:teal.slice’:
{shiny}      R  stderr ----------- 
{shiny}      R  stderr -----------     as.teal_slices, teal_slices
{shiny}      R  stderr ----------- 
{shiny}      R  stderr ----------- Loading required package: teal.transform
{shiny}      R  stderr ----------- Loading required package: tern
{shiny}      R  stderr ----------- Loading required package: rtables
{shiny}      R  stderr ----------- Loading required package: formatters
{shiny}      R  stderr ----------- Loading required package: magrittr
{shiny}      R  stderr ----------- 
{shiny}      R  stderr ----------- Attaching package: ‘rtables’
{shiny}      R  stderr ----------- 
{shiny}      R  stderr ----------- The following object is masked from ‘package:utils’:
{shiny}      R  stderr ----------- 
{shiny}      R  stderr -----------     str
{shiny}      R  stderr ----------- 
{shiny}      R  stderr ----------- Running application in test mode.
{shiny}      R  stderr ----------- 
{shiny}      R  stderr ----------- Listening on http://127.0.0.1:6822
{shiny}      R  stderr ----------- Initializing reporter_previewer_module
{shiny}      R  stderr ----------- Warning: Error in &lt;Anonymous&gt;: error in evaluating the argument 'code' in selecting a method for function 'eval_code': Assertion on 'subset' failed: Must be a subset of {'','USUBJID','STUDYID','CMCLAS','CMDECOD','ATIREL','CMCAT','COUNTRY','SITEID','SUBJID','AGE','SEX','ARMCD','ARM','ACTARMCD','ACTARM','RACE','TRTSDTM','TRTEDTM','EOSDY','EOSDT','STRATA1','STRATA2','BMRKR1','BMRKR2','REGION1','SAFFL','EOSSTT','EOTSTT','DCSREAS','DTHDT','ASTDTM','ASTDY','AENDTM','AENDY','CMSEQ','ATC1','ATC2','ATC3','ATC4','CMINDC','CMDOSE','CMTRT','CMDOSU','CMROUTE','CMDOSFRQ','CMASTDTM','CMAENDTM','ATIREL2','CMDECOD2','CMINDC2','CMDOSE2','CMDOSU2','CMROUTE2','CMDOSFRQ2','ASTDY2','AENDY2'}, but has additional elements {'CMTRT2'}.
{shiny}      R  stderr -----------   241: &lt;Anonymous&gt;
{shiny}      R  stderr -----------   240: stop
{shiny}      R  stderr -----------   239: mstop
{shiny}      R  stderr -----------   238: makeAssertion
{shiny}      R  stderr -----------   237: checkmate::assert_subset
{shiny}      R  stderr -----------   236: variable_choices.data.frame
{shiny}      R  stderr -----------   233: resolve.delayed_variable_choices
{shiny}      R  stderr -----------   231: resolve.delayed_select_spec
{shiny}      R  stderr -----------   229: resolve.delayed_data_extract_spec
{shiny}      R  stderr -----------   227: resolve_delayed.list
{shiny}      R  stderr -----------   213: module
{shiny}      R  stderr -----------   208: callModule
{shiny}      R  stderr -----------   207: moduleServer
{shiny}      R  stderr -----------   206: data_extract_single_srv
{shiny}      R  stderr -----------   205: FUN
{shiny}      R  stderr -----------   204: lapply
{shiny}      R  stderr -----------   203: module
{shiny}      R  stderr -----------   198: callModule
{shiny}      R  stderr -----------   197: moduleServer
{shiny}      R  stderr -----------   196: data_extract_srv.list
{shiny}      R  stderr -----------   194: FUN
{shiny}      R  stderr -----------   193: lapply
{shiny}      R  stderr -----------   192: sapply
{shiny}      R  stderr -----------   191: &lt;reactive&gt;
{shiny}      R  stderr -----------   175: selector_list
{shiny}      R  stderr -----------   170: &lt;reactive&gt;
{shiny}      R  stderr -----------   154: anl_inputs
{shiny}      R  stderr -----------   153: as.expression
{shiny}      R  stderr -----------   152: teal.code::eval_code
{shiny}      R  stderr -----------   151: %&gt;%
{shiny}      R  stderr -----------   150: &lt;reactive&gt;
{shiny}      R  stderr -----------   134: merged$anl_q
{shiny}      R  stderr -----------   128: &lt;reactive&gt;
{shiny}      R  stderr -----------   112: all_q
{shiny}      R  stderr -----------   110: renderText
{shiny}      R  stderr -----------   109: func
{shiny}      R  stderr -----------    96: renderFunc
{shiny}      R  stderr -----------    95: output$teal-main_ui-root-therapy__e2e_-module-title
{shiny}      R  stderr -----------    14: &lt;Anonymous&gt;
{shiny}      R  stderr -----------    12: &lt;Anonymous&gt;
{shiny}      R  stderr -----------    11: &lt;Anonymous&gt;
{shiny}      R  stderr -----------    10: base::do.call
{shiny}      R  stderr -----------     9: base::saveRDS
{shiny}      R  stderr -----------     8: base::withCallingHandlers
{shiny}      R  stderr -----------     7: doTryCatch
{shiny}      R  stderr -----------     6: tryCatchOne
{shiny}      R  stderr -----------     5: tryCatchList
{shiny}      R  stderr -----------     2: tryCatchList
{shiny}      R  stderr -----------     1: base::tryCatch
{shiny}      R  stderr ----------- Warning: Error in &lt;Anonymous&gt;: error in evaluating the argument 'code' in selecting a method for function 'eval_code': Assertion on 'subset' failed: Must be a subset of {'','USUBJID','STUDYID','CMCLAS','CMDECOD','ATIREL','CMCAT','COUNTRY','SITEID','SUBJID','AGE','SEX','ARMCD','ARM','ACTARMCD','ACTARM','RACE','TRTSDTM','TRTEDTM','EOSDY','EOSDT','STRATA1','STRATA2','BMRKR1','BMRKR2','REGION1','SAFFL','EOSSTT','EOTSTT','DCSREAS','DTHDT','ASTDTM','ASTDY','AENDTM','AENDY','CMSEQ','ATC1','ATC2','ATC3','ATC4','CMINDC','CMDOSE','CMTRT','CMDOSU','CMROUTE','CMDOSFRQ','CMASTDTM','CMAENDTM','ATIREL2','CMDECOD2','CMINDC2','CMDOSE2','CMDOSU2','CMROUTE2','CMDOSFRQ2','ASTDY2','AENDY2'}, but has additional elements {'CMTRT2'}.
{shiny}      R  stderr -----------   122: &lt;Anonymous&gt;
{shiny}      R  stderr -----------   121: stop
{shiny}      R  stderr -----------   120: all_q
{shiny}      R  stderr -----------   117: exprFunc
{shiny}      R  stderr -----------   116: widgetFunc
{shiny}      R  stderr -----------   115: ::
{shiny}      R  stderr ----------- htmlwidgets
{shiny}      R  stderr ----------- shinyRenderWidget
{shiny}      R  stderr -----------   114: func
{shiny}      R  stderr -----------   101: renderFunc
{shiny}      R  stderr -----------   100: renderFunc
{shiny}      R  stderr -----------    96: renderFunc
{shiny}      R  stderr -----------    95: output$teal-main_ui-root-therapy__e2e_-module-therapy_table
{shiny}      R  stderr -----------    14: &lt;Anonymous&gt;
{shiny}      R  stderr -----------    12: &lt;Anonymous&gt;
{shiny}      R  stderr -----------    11: &lt;Anonymous&gt;
{shiny}      R  stderr -----------    10: base::do.call
{shiny}      R  stderr -----------     9: base::saveRDS
{shiny}      R  stderr -----------     8: base::withCallingHandlers
{shiny}      R  stderr -----------     7: doTryCatch
{shiny}      R  stderr -----------     6: tryCatchOne
{shiny}      R  stderr -----------     5: tryCatchList
{shiny}      R  stderr -----------     2: tryCatchList
{shiny}      R  stderr -----------     1: base::tryCatch
{shiny}      R  stderr ----------- Warning: Error in variable_choices.data.frame: Assertion on 'subset' failed: Must be a subset of {'','USUBJID','STUDYID','CMCLAS','CMDECOD','ATIREL','CMCAT','COUNTRY','SITEID','SUBJID','AGE','SEX','ARMCD','ARM','ACTARMCD','ACTARM','RACE','TRTSDTM','TRTEDTM','EOSDY','EOSDT','STRATA1','STRATA2','BMRKR1','BMRKR2','REGION1','SAFFL','EOSSTT','EOTSTT','DCSREAS','DTHDT','ASTDTM','ASTDY','AENDTM','AENDY','CMSEQ','ATC1','ATC2','ATC3','ATC4','CMINDC','CMDOSE','CMTRT','CMDOSU','CMROUTE','CMDOSFRQ','CMASTDTM','CMAENDTM','ATIREL2','CMDECOD2','CMINDC2','CMDOSE2','CMDOSU2','CMROUTE2','CMDOSFRQ2','ASTDY2','AENDY2'}, but has additional elements {'CMTRT2'}.
{shiny}      R  stderr -----------   162: &lt;Anonymous&gt;
{shiny}      R  stderr -----------   161: stop
{shiny}      R  stderr -----------   160: selector_list
{shiny}      R  stderr -----------   159: teal.transform::compose_and_enable_validators
{shiny}      R  stderr -----------   158: &lt;reactive&gt;
{shiny}      R  stderr -----------   142: iv_r
{shiny}      R  stderr -----------   135: &lt;reactive&gt;
{shiny}      R  stderr -----------   119: plot_r
{shiny}      R  stderr -----------   110: renderUI
{shiny}      R  stderr -----------   109: func
{shiny}      R  stderr -----------    96: renderFunc
{shiny}      R  stderr -----------    95: output$teal-main_ui-root-therapy__e2e_-module-therapy_plot-plot_out_main
{shiny}      R  stderr -----------    14: &lt;Anonymous&gt;
{shiny}      R  stderr -----------    12: &lt;Anonymous&gt;
{shiny}      R  stderr -----------    11: &lt;Anonymous&gt;
{shiny}      R  stderr -----------    10: base::do.call
{shiny}      R  stderr -----------     9: base::saveRDS
{shiny}      R  stderr -----------     8: base::withCallingHandlers
{shiny}      R  stderr -----------     7: doTryCatch
{shiny}      R  stderr -----------     6: tryCatchOne
{shiny}      R  stderr -----------     5: tryCatchList
{shiny}      R  stderr -----------     2: tryCatchList
{shiny}      R  stderr -----------     1: base::tryCatch
{shiny}      R  stderr ----------- Warning: Error in &lt;Anonymous&gt;: error in evaluating the argument 'code' in selecting a method for function 'eval_code': Assertion on 'subset' failed: Must be a subset of {'','USUBJID','STUDYID','CMCLAS','CMDECOD','ATIREL','CMCAT','COUNTRY','SITEID','SUBJID','AGE','SEX','ARMCD','ARM','ACTARMCD','ACTARM','RACE','TRTSDTM','TRTEDTM','EOSDY','EOSDT','STRATA1','STRATA2','BMRKR1','BMRKR2','REGION1','SAFFL','EOSSTT','EOTSTT','DCSREAS','DTHDT','ASTDTM','ASTDY','AENDTM','AENDY','CMSEQ','ATC1','ATC2','ATC3','ATC4','CMINDC','CMDOSE','CMTRT','CMDOSU','CMROUTE','CMDOSFRQ','CMASTDTM','CMAENDTM','ATIREL2','CMDECOD2','CMINDC2','CMDOSE2','CMDOSU2','CMROUTE2','CMDOSFRQ2','ASTDY2','AENDY2'}, but has additional elements {'CMTRT2'}.
{shiny}      R  stderr -----------   14: &lt;Anonymous&gt;
{shiny}      R  stderr -----------   12: &lt;Anonymous&gt;
{shiny}      R  stderr -----------   11: &lt;Anonymous&gt;
{shiny}      R  stderr -----------   10: base::do.call
{shiny}      R  stderr -----------    9: base::saveRDS
{shiny}      R  stderr -----------    8: base::withCallingHandlers
{shiny}      R  stderr -----------    7: doTryCatch
{shiny}      R  stderr -----------    6: tryCatchOne
{shiny}      R  stderr -----------    5: tryCatchList
{shiny}      R  stderr -----------    2: tryCatchList
{shiny}      R  stderr -----------    1: base::tryCatch


Caused by error in `app_initialize_()`:
! Shiny app did not become stable in 1e+05ms.
Message: An error occurred while waiting for Shiny to be stable
Caused by error in `app_wait_for_idle()`:
! An error occurred while waiting for Shiny to be stable
Backtrace:
     x
  1. +-teal.modules.clinical (local) app_driver_tm_g_pp_therapy() at test-shinytest2-tm_g_pp_therapy.R:189:5
  2. | \-teal.modules.clinical:::init_teal_app_driver(...) at test-shinytest2-tm_g_pp_therapy.R:31:3
  3. |   +-testthat::with_mocked_bindings(...) at tests/testthat/helper-TealAppDriver.R:7:3
  4. |   \-TealAppDriver$new(...) at tests/testthat/helper-TealAppDriver.R:10:7
  5. |     \-teal (local) initialize(...)
  6. |       +-base::suppressWarnings(...)
  7. |       | \-base::withCallingHandlers(...)
  8. |       \-super$initialize(...)
  9. |         \-shinytest2:::app_initialize(...)
 10. |           +-base::withCallingHandlers(...)
 11. |           \-shinytest2:::app_initialize_(self, private, ..., view = view)
 12. |             +-base::withCallingHandlers(...)
 13. |             \-self$wait_for_idle(duration = 200, timeout = private$load_timeout)
 14. |               \-shinytest2:::app_wait_for_idle(...)
 15. |                 \-shinytest2:::app_abort(self, private, "An error occurred while waiting for Shiny to be stable")
 16. |                   \-rlang::abort(..., app = self, call = call)
 17. |                     \-rlang:::signal_abort(cnd, .file)
 18. |                       \-base::signalCondition(cnd)
 19. +-shinytest2 (local) `&lt;fn&gt;`(`&lt;rlng_rrr&gt;`)
 20. | \-shinytest2:::app_abort(...)
 21. |   \-rlang::abort(..., app = self, call = call)
 22. |     \-rlang:::signal_abort(cnd, .file)
 23. |       \-base::signalCondition(cnd)
 24. \-shinytest2 (local) `&lt;fn&gt;`(`&lt;rlng_rrr&gt;`)
 25.   \-shinytest2:::app_abort(...)
 26.     \-rlang::abort(..., app = self, call = call)</error>
    </testcase>
    <testcase time="102.919" classname="shinytest2_tm_g_pp_therapy" name="e2e_tm_g_pp_therapy_Deselection_of_cmdecod_dataset_ADCM_singleextract_select_throws_validation_error.">
      <error type="error" message="Error in `app_initialize(self, private, app_dir = app_dir, ..., load_timeout = load_timeout,  ('test-shinytest2-tm_g_pp_therapy.R:189:5')">Error in `app_initialize(self, private, app_dir = app_dir, ..., load_timeout = load_timeout, 
    timeout = timeout, wait = wait, expect_values_screenshot_args = expect_values_screenshot_args, 
    screenshot_args = screenshot_args, check_names = check_names, 
    name = name, variant = variant, view = view, height = height, 
    width = width, seed = seed, clean_logs = clean_logs, shiny_args = shiny_args, 
    render_args = render_args, options = options)`: Shiny app did not become stable in 1e+05ms.
Message: An error occurred while waiting for Shiny to be stable
Caused by error in `app_wait_for_idle()`:
! An error occurred while waiting for Shiny to be stable


i You can inspect the failed AppDriver object via `rlang::last_error()$app`
i AppDriver logs:
{shinytest2} R  info   22:57:26.64 Start AppDriver initialization
{shinytest2} R  info   22:57:26.67 Starting Shiny app
{shinytest2} R  info   22:57:28.70 Creating new ChromoteSession
{shinytest2} R  info   22:57:28.73 Navigating to Shiny app
{shinytest2} R  info   22:57:28.83 Injecting shiny-tracer.js
{chromote}   JS info   22:57:28.84 shinytest2; jQuery not found
{chromote}   JS info   22:57:28.84 shinytest2; Loaded
{shinytest2} R  info   22:57:28.84 Waiting for Shiny to become ready
{chromote}   JS info   22:57:28.93 shinytest2; jQuery found
{chromote}   JS info   22:57:28.93 shinytest2; Waiting for shiny session to connect
{chromote}   JS info   22:57:29.05 shinytest2; Connected
{shinytest2} R  info   22:57:29.06 Waiting for Shiny to become idle for 200ms within 1e+05ms
{chromote}   JS info   22:57:29.06 shinytest2; Waiting for Shiny to be stable
{chromote}   JS info   22:57:29.09 shinytest2; shiny:busy
{chromote}   JS info   22:57:30.35 shinytest2; shiny:idle
{chromote}   JS info   22:57:30.35 shinytest2; shiny:value teal-identifier
{chromote}   JS info   22:57:30.36 shinytest2; shiny:value error
{chromote}   JS info   22:57:30.36 shinytest2; shiny:busy
{chromote}   JS info   22:57:30.36 shinytest2; shiny:idle
{chromote}   JS info   22:57:30.37 shinytest2; shiny:busy
{shinytest2} R  info   22:59:09.07 Error while initializing AppDriver:
                                   Shiny app did not become stable in 1e+05ms.
                                   Message: An error occurred while waiting for Shiny to be stable
                                   Caused by error in `app_wait_for_idle()`:
                                   ! An error occurred while waiting for Shiny to be stable
{shiny}      R  stderr ----------- Loading required package: shiny
{shiny}      R  stderr ----------- Attempting to load the environment ‘package:dplyr’
{shiny}      R  stderr ----------- 
{shiny}      R  stderr ----------- Attaching package: ‘dplyr’
{shiny}      R  stderr ----------- 
{shiny}      R  stderr ----------- The following objects are masked from ‘package:stats’:
{shiny}      R  stderr ----------- 
{shiny}      R  stderr -----------     filter, lag
{shiny}      R  stderr ----------- 
{shiny}      R  stderr ----------- The following objects are masked from ‘package:base’:
{shiny}      R  stderr ----------- 
{shiny}      R  stderr -----------     intersect, setdiff, setequal, union
{shiny}      R  stderr ----------- 
{shiny}      R  stderr ----------- Loading required package: teal
{shiny}      R  stderr ----------- Loading required package: teal.data
{shiny}      R  stderr ----------- Loading required package: teal.code
{shiny}      R  stderr ----------- Loading required package: teal.slice
{shiny}      R  stderr ----------- 
{shiny}      R  stderr ----------- You are using teal version 0.15.2.9031
{shiny}      R  stderr ----------- 
{shiny}      R  stderr ----------- Attaching package: ‘teal’
{shiny}      R  stderr ----------- 
{shiny}      R  stderr ----------- The following objects are masked from ‘package:teal.slice’:
{shiny}      R  stderr ----------- 
{shiny}      R  stderr -----------     as.teal_slices, teal_slices
{shiny}      R  stderr ----------- 
{shiny}      R  stderr ----------- Loading required package: teal.transform
{shiny}      R  stderr ----------- Loading required package: tern
{shiny}      R  stderr ----------- Loading required package: rtables
{shiny}      R  stderr ----------- Loading required package: formatters
{shiny}      R  stderr ----------- Loading required package: magrittr
{shiny}      R  stderr ----------- 
{shiny}      R  stderr ----------- Attaching package: ‘rtables’
{shiny}      R  stderr ----------- 
{shiny}      R  stderr ----------- The following object is masked from ‘package:utils’:
{shiny}      R  stderr ----------- 
{shiny}      R  stderr -----------     str
{shiny}      R  stderr ----------- 
{shiny}      R  stderr ----------- Running application in test mode.
{shiny}      R  stderr ----------- 
{shiny}      R  stderr ----------- Listening on http://127.0.0.1:5894
{shiny}      R  stderr ----------- Initializing reporter_previewer_module
{shiny}      R  stderr ----------- Warning: Error in &lt;Anonymous&gt;: error in evaluating the argument 'code' in selecting a method for function 'eval_code': Assertion on 'subset' failed: Must be a subset of {'','USUBJID','STUDYID','CMCLAS','CMDECOD','ATIREL','CMCAT','COUNTRY','SITEID','SUBJID','AGE','SEX','ARMCD','ARM','ACTARMCD','ACTARM','RACE','TRTSDTM','TRTEDTM','EOSDY','EOSDT','STRATA1','STRATA2','BMRKR1','BMRKR2','REGION1','SAFFL','EOSSTT','EOTSTT','DCSREAS','DTHDT','ASTDTM','ASTDY','AENDTM','AENDY','CMSEQ','ATC1','ATC2','ATC3','ATC4','CMINDC','CMDOSE','CMTRT','CMDOSU','CMROUTE','CMDOSFRQ','CMASTDTM','CMAENDTM','ATIREL2','CMDECOD2','CMINDC2','CMDOSE2','CMDOSU2','CMROUTE2','CMDOSFRQ2','ASTDY2','AENDY2'}, but has additional elements {'CMTRT2'}.
{shiny}      R  stderr -----------   241: &lt;Anonymous&gt;
{shiny}      R  stderr -----------   240: stop
{shiny}      R  stderr -----------   239: mstop
{shiny}      R  stderr -----------   238: makeAssertion
{shiny}      R  stderr -----------   237: checkmate::assert_subset
{shiny}      R  stderr -----------   236: variable_choices.data.frame
{shiny}      R  stderr -----------   233: resolve.delayed_variable_choices
{shiny}      R  stderr -----------   231: resolve.delayed_select_spec
{shiny}      R  stderr -----------   229: resolve.delayed_data_extract_spec
{shiny}      R  stderr -----------   227: resolve_delayed.list
{shiny}      R  stderr -----------   213: module
{shiny}      R  stderr -----------   208: callModule
{shiny}      R  stderr -----------   207: moduleServer
{shiny}      R  stderr -----------   206: data_extract_single_srv
{shiny}      R  stderr -----------   205: FUN
{shiny}      R  stderr -----------   204: lapply
{shiny}      R  stderr -----------   203: module
{shiny}      R  stderr -----------   198: callModule
{shiny}      R  stderr -----------   197: moduleServer
{shiny}      R  stderr -----------   196: data_extract_srv.list
{shiny}      R  stderr -----------   194: FUN
{shiny}      R  stderr -----------   193: lapply
{shiny}      R  stderr -----------   192: sapply
{shiny}      R  stderr -----------   191: &lt;reactive&gt;
{shiny}      R  stderr -----------   175: selector_list
{shiny}      R  stderr -----------   170: &lt;reactive&gt;
{shiny}      R  stderr -----------   154: anl_inputs
{shiny}      R  stderr -----------   153: as.expression
{shiny}      R  stderr -----------   152: teal.code::eval_code
{shiny}      R  stderr -----------   151: %&gt;%
{shiny}      R  stderr -----------   150: &lt;reactive&gt;
{shiny}      R  stderr -----------   134: merged$anl_q
{shiny}      R  stderr -----------   128: &lt;reactive&gt;
{shiny}      R  stderr -----------   112: all_q
{shiny}      R  stderr -----------   110: renderText
{shiny}      R  stderr -----------   109: func
{shiny}      R  stderr -----------    96: renderFunc
{shiny}      R  stderr -----------    95: output$teal-main_ui-root-therapy__e2e_-module-title
{shiny}      R  stderr -----------    14: &lt;Anonymous&gt;
{shiny}      R  stderr -----------    12: &lt;Anonymous&gt;
{shiny}      R  stderr -----------    11: &lt;Anonymous&gt;
{shiny}      R  stderr -----------    10: base::do.call
{shiny}      R  stderr -----------     9: base::saveRDS
{shiny}      R  stderr -----------     8: base::withCallingHandlers
{shiny}      R  stderr -----------     7: doTryCatch
{shiny}      R  stderr -----------     6: tryCatchOne
{shiny}      R  stderr -----------     5: tryCatchList
{shiny}      R  stderr -----------     2: tryCatchList
{shiny}      R  stderr -----------     1: base::tryCatch
{shiny}      R  stderr ----------- Warning: Error in &lt;Anonymous&gt;: error in evaluating the argument 'code' in selecting a method for function 'eval_code': Assertion on 'subset' failed: Must be a subset of {'','USUBJID','STUDYID','CMCLAS','CMDECOD','ATIREL','CMCAT','COUNTRY','SITEID','SUBJID','AGE','SEX','ARMCD','ARM','ACTARMCD','ACTARM','RACE','TRTSDTM','TRTEDTM','EOSDY','EOSDT','STRATA1','STRATA2','BMRKR1','BMRKR2','REGION1','SAFFL','EOSSTT','EOTSTT','DCSREAS','DTHDT','ASTDTM','ASTDY','AENDTM','AENDY','CMSEQ','ATC1','ATC2','ATC3','ATC4','CMINDC','CMDOSE','CMTRT','CMDOSU','CMROUTE','CMDOSFRQ','CMASTDTM','CMAENDTM','ATIREL2','CMDECOD2','CMINDC2','CMDOSE2','CMDOSU2','CMROUTE2','CMDOSFRQ2','ASTDY2','AENDY2'}, but has additional elements {'CMTRT2'}.
{shiny}      R  stderr -----------   122: &lt;Anonymous&gt;
{shiny}      R  stderr -----------   121: stop
{shiny}      R  stderr -----------   120: all_q
{shiny}      R  stderr -----------   117: exprFunc
{shiny}      R  stderr -----------   116: widgetFunc
{shiny}      R  stderr -----------   115: ::
{shiny}      R  stderr ----------- htmlwidgets
{shiny}      R  stderr ----------- shinyRenderWidget
{shiny}      R  stderr -----------   114: func
{shiny}      R  stderr -----------   101: renderFunc
{shiny}      R  stderr -----------   100: renderFunc
{shiny}      R  stderr -----------    96: renderFunc
{shiny}      R  stderr -----------    95: output$teal-main_ui-root-therapy__e2e_-module-therapy_table
{shiny}      R  stderr -----------    14: &lt;Anonymous&gt;
{shiny}      R  stderr -----------    12: &lt;Anonymous&gt;
{shiny}      R  stderr -----------    11: &lt;Anonymous&gt;
{shiny}      R  stderr -----------    10: base::do.call
{shiny}      R  stderr -----------     9: base::saveRDS
{shiny}      R  stderr -----------     8: base::withCallingHandlers
{shiny}      R  stderr -----------     7: doTryCatch
{shiny}      R  stderr -----------     6: tryCatchOne
{shiny}      R  stderr -----------     5: tryCatchList
{shiny}      R  stderr -----------     2: tryCatchList
{shiny}      R  stderr -----------     1: base::tryCatch
{shiny}      R  stderr ----------- Warning: Error in variable_choices.data.frame: Assertion on 'subset' failed: Must be a subset of {'','USUBJID','STUDYID','CMCLAS','CMDECOD','ATIREL','CMCAT','COUNTRY','SITEID','SUBJID','AGE','SEX','ARMCD','ARM','ACTARMCD','ACTARM','RACE','TRTSDTM','TRTEDTM','EOSDY','EOSDT','STRATA1','STRATA2','BMRKR1','BMRKR2','REGION1','SAFFL','EOSSTT','EOTSTT','DCSREAS','DTHDT','ASTDTM','ASTDY','AENDTM','AENDY','CMSEQ','ATC1','ATC2','ATC3','ATC4','CMINDC','CMDOSE','CMTRT','CMDOSU','CMROUTE','CMDOSFRQ','CMASTDTM','CMAENDTM','ATIREL2','CMDECOD2','CMINDC2','CMDOSE2','CMDOSU2','CMROUTE2','CMDOSFRQ2','ASTDY2','AENDY2'}, but has additional elements {'CMTRT2'}.
{shiny}      R  stderr -----------   162: &lt;Anonymous&gt;
{shiny}      R  stderr -----------   161: stop
{shiny}      R  stderr -----------   160: selector_list
{shiny}      R  stderr -----------   159: teal.transform::compose_and_enable_validators
{shiny}      R  stderr -----------   158: &lt;reactive&gt;
{shiny}      R  stderr -----------   142: iv_r
{shiny}      R  stderr -----------   135: &lt;reactive&gt;
{shiny}      R  stderr -----------   119: plot_r
{shiny}      R  stderr -----------   110: renderUI
{shiny}      R  stderr -----------   109: func
{shiny}      R  stderr -----------    96: renderFunc
{shiny}      R  stderr -----------    95: output$teal-main_ui-root-therapy__e2e_-module-therapy_plot-plot_out_main
{shiny}      R  stderr -----------    14: &lt;Anonymous&gt;
{shiny}      R  stderr -----------    12: &lt;Anonymous&gt;
{shiny}      R  stderr -----------    11: &lt;Anonymous&gt;
{shiny}      R  stderr -----------    10: base::do.call
{shiny}      R  stderr -----------     9: base::saveRDS
{shiny}      R  stderr -----------     8: base::withCallingHandlers
{shiny}      R  stderr -----------     7: doTryCatch
{shiny}      R  stderr -----------     6: tryCatchOne
{shiny}      R  stderr -----------     5: tryCatchList
{shiny}      R  stderr -----------     2: tryCatchList
{shiny}      R  stderr -----------     1: base::tryCatch
{shiny}      R  stderr ----------- Warning: Error in &lt;Anonymous&gt;: error in evaluating the argument 'code' in selecting a method for function 'eval_code': Assertion on 'subset' failed: Must be a subset of {'','USUBJID','STUDYID','CMCLAS','CMDECOD','ATIREL','CMCAT','COUNTRY','SITEID','SUBJID','AGE','SEX','ARMCD','ARM','ACTARMCD','ACTARM','RACE','TRTSDTM','TRTEDTM','EOSDY','EOSDT','STRATA1','STRATA2','BMRKR1','BMRKR2','REGION1','SAFFL','EOSSTT','EOTSTT','DCSREAS','DTHDT','ASTDTM','ASTDY','AENDTM','AENDY','CMSEQ','ATC1','ATC2','ATC3','ATC4','CMINDC','CMDOSE','CMTRT','CMDOSU','CMROUTE','CMDOSFRQ','CMASTDTM','CMAENDTM','ATIREL2','CMDECOD2','CMINDC2','CMDOSE2','CMDOSU2','CMROUTE2','CMDOSFRQ2','ASTDY2','AENDY2'}, but has additional elements {'CMTRT2'}.
{shiny}      R  stderr -----------   14: &lt;Anonymous&gt;
{shiny}      R  stderr -----------   12: &lt;Anonymous&gt;
{shiny}      R  stderr -----------   11: &lt;Anonymous&gt;
{shiny}      R  stderr -----------   10: base::do.call
{shiny}      R  stderr -----------    9: base::saveRDS
{shiny}      R  stderr -----------    8: base::withCallingHandlers
{shiny}      R  stderr -----------    7: doTryCatch
{shiny}      R  stderr -----------    6: tryCatchOne
{shiny}      R  stderr -----------    5: tryCatchList
{shiny}      R  stderr -----------    2: tryCatchList
{shiny}      R  stderr -----------    1: base::tryCatch


Caused by error in `app_initialize_()`:
! Shiny app did not become stable in 1e+05ms.
Message: An error occurred while waiting for Shiny to be stable
Caused by error in `app_wait_for_idle()`:
! An error occurred while waiting for Shiny to be stable
Backtrace:
     x
  1. +-teal.modules.clinical (local) app_driver_tm_g_pp_therapy() at test-shinytest2-tm_g_pp_therapy.R:189:5
  2. | \-teal.modules.clinical:::init_teal_app_driver(...) at test-shinytest2-tm_g_pp_therapy.R:31:3
  3. |   +-testthat::with_mocked_bindings(...) at tests/testthat/helper-TealAppDriver.R:7:3
  4. |   \-TealAppDriver$new(...) at tests/testthat/helper-TealAppDriver.R:10:7
  5. |     \-teal (local) initialize(...)
  6. |       +-base::suppressWarnings(...)
  7. |       | \-base::withCallingHandlers(...)
  8. |       \-super$initialize(...)
  9. |         \-shinytest2:::app_initialize(...)
 10. |           +-base::withCallingHandlers(...)
 11. |           \-shinytest2:::app_initialize_(self, private, ..., view = view)
 12. |             +-base::withCallingHandlers(...)
 13. |             \-self$wait_for_idle(duration = 200, timeout = private$load_timeout)
 14. |               \-shinytest2:::app_wait_for_idle(...)
 15. |                 \-shinytest2:::app_abort(self, private, "An error occurred while waiting for Shiny to be stable")
 16. |                   \-rlang::abort(..., app = self, call = call)
 17. |                     \-rlang:::signal_abort(cnd, .file)
 18. |                       \-base::signalCondition(cnd)
 19. +-shinytest2 (local) `&lt;fn&gt;`(`&lt;rlng_rrr&gt;`)
 20. | \-shinytest2:::app_abort(...)
 21. |   \-rlang::abort(..., app = self, call = call)
 22. |     \-rlang:::signal_abort(cnd, .file)
 23. |       \-base::signalCondition(cnd)
 24. \-shinytest2 (local) `&lt;fn&gt;`(`&lt;rlng_rrr&gt;`)
 25.   \-shinytest2:::app_abort(...)
 26.     \-rlang::abort(..., app = self, call = call)</error>
    </testcase>
    <testcase time="102.889" classname="shinytest2_tm_g_pp_therapy" name="e2e_tm_g_pp_therapy_Selection_of_atirel_changes_the_element_and_does_not_throw_validation_errors">
      <error type="error" message="Error in `app_initialize(self, private, app_dir = app_dir, ..., load_timeout = load_timeout,  ('test-shinytest2-tm_g_pp_therapy.R:162:9')">Error in `app_initialize(self, private, app_dir = app_dir, ..., load_timeout = load_timeout, 
    timeout = timeout, wait = wait, expect_values_screenshot_args = expect_values_screenshot_args, 
    screenshot_args = screenshot_args, check_names = check_names, 
    name = name, variant = variant, view = view, height = height, 
    width = width, seed = seed, clean_logs = clean_logs, shiny_args = shiny_args, 
    render_args = render_args, options = options)`: Shiny app did not become stable in 1e+05ms.
Message: An error occurred while waiting for Shiny to be stable
Caused by error in `app_wait_for_idle()`:
! An error occurred while waiting for Shiny to be stable


i You can inspect the failed AppDriver object via `rlang::last_error()$app`
i AppDriver logs:
{shinytest2} R  info   22:59:09.53 Start AppDriver initialization
{shinytest2} R  info   22:59:09.56 Starting Shiny app
{shinytest2} R  info   22:59:11.59 Creating new ChromoteSession
{shinytest2} R  info   22:59:11.63 Navigating to Shiny app
{shinytest2} R  info   22:59:11.73 Injecting shiny-tracer.js
{chromote}   JS info   22:59:11.73 shinytest2; jQuery not found
{chromote}   JS info   22:59:11.74 shinytest2; Loaded
{shinytest2} R  info   22:59:11.74 Waiting for Shiny to become ready
{chromote}   JS info   22:59:11.82 shinytest2; jQuery found
{chromote}   JS info   22:59:11.82 shinytest2; Waiting for shiny session to connect
{chromote}   JS info   22:59:11.94 shinytest2; Connected
{shinytest2} R  info   22:59:11.96 Waiting for Shiny to become idle for 200ms within 1e+05ms
{chromote}   JS info   22:59:11.96 shinytest2; Waiting for Shiny to be stable
{chromote}   JS info   22:59:11.98 shinytest2; shiny:busy
{chromote}   JS info   22:59:13.28 shinytest2; shiny:idle
{chromote}   JS info   22:59:13.28 shinytest2; shiny:value teal-identifier
{chromote}   JS info   22:59:13.29 shinytest2; shiny:value error
{chromote}   JS info   22:59:13.29 shinytest2; shiny:busy
{chromote}   JS info   22:59:13.29 shinytest2; shiny:idle
{chromote}   JS info   22:59:13.31 shinytest2; shiny:busy
{shinytest2} R  info   23:00:51.97 Error while initializing AppDriver:
                                   Shiny app did not become stable in 1e+05ms.
                                   Message: An error occurred while waiting for Shiny to be stable
                                   Caused by error in `app_wait_for_idle()`:
                                   ! An error occurred while waiting for Shiny to be stable
{shiny}      R  stderr ----------- Loading required package: shiny
{shiny}      R  stderr ----------- Attempting to load the environment ‘package:dplyr’
{shiny}      R  stderr ----------- 
{shiny}      R  stderr ----------- Attaching package: ‘dplyr’
{shiny}      R  stderr ----------- 
{shiny}      R  stderr ----------- The following objects are masked from ‘package:stats’:
{shiny}      R  stderr ----------- 
{shiny}      R  stderr -----------     filter, lag
{shiny}      R  stderr ----------- 
{shiny}      R  stderr ----------- The following objects are masked from ‘package:base’:
{shiny}      R  stderr ----------- 
{shiny}      R  stderr -----------     intersect, setdiff, setequal, union
{shiny}      R  stderr ----------- 
{shiny}      R  stderr ----------- Loading required package: teal
{shiny}      R  stderr ----------- Loading required package: teal.data
{shiny}      R  stderr ----------- Loading required package: teal.code
{shiny}      R  stderr ----------- Loading required package: teal.slice
{shiny}      R  stderr ----------- 
{shiny}      R  stderr ----------- You are using teal version 0.15.2.9031
{shiny}      R  stderr ----------- 
{shiny}      R  stderr ----------- Attaching package: ‘teal’
{shiny}      R  stderr ----------- 
{shiny}      R  stderr ----------- The following objects are masked from ‘package:teal.slice’:
{shiny}      R  stderr ----------- 
{shiny}      R  stderr -----------     as.teal_slices, teal_slices
{shiny}      R  stderr ----------- 
{shiny}      R  stderr ----------- Loading required package: teal.transform
{shiny}      R  stderr ----------- Loading required package: tern
{shiny}      R  stderr ----------- Loading required package: rtables
{shiny}      R  stderr ----------- Loading required package: formatters
{shiny}      R  stderr ----------- Loading required package: magrittr
{shiny}      R  stderr ----------- 
{shiny}      R  stderr ----------- Attaching package: ‘rtables’
{shiny}      R  stderr ----------- 
{shiny}      R  stderr ----------- The following object is masked from ‘package:utils’:
{shiny}      R  stderr ----------- 
{shiny}      R  stderr -----------     str
{shiny}      R  stderr ----------- 
{shiny}      R  stderr ----------- Running application in test mode.
{shiny}      R  stderr ----------- 
{shiny}      R  stderr ----------- Listening on http://127.0.0.1:4593
{shiny}      R  stderr ----------- Initializing reporter_previewer_module
{shiny}      R  stderr ----------- Warning: Error in &lt;Anonymous&gt;: error in evaluating the argument 'code' in selecting a method for function 'eval_code': Assertion on 'subset' failed: Must be a subset of {'','USUBJID','STUDYID','CMCLAS','CMDECOD','ATIREL','CMCAT','COUNTRY','SITEID','SUBJID','AGE','SEX','ARMCD','ARM','ACTARMCD','ACTARM','RACE','TRTSDTM','TRTEDTM','EOSDY','EOSDT','STRATA1','STRATA2','BMRKR1','BMRKR2','REGION1','SAFFL','EOSSTT','EOTSTT','DCSREAS','DTHDT','ASTDTM','ASTDY','AENDTM','AENDY','CMSEQ','ATC1','ATC2','ATC3','ATC4','CMINDC','CMDOSE','CMTRT','CMDOSU','CMROUTE','CMDOSFRQ','CMASTDTM','CMAENDTM','ATIREL2','CMDECOD2','CMINDC2','CMDOSE2','CMDOSU2','CMROUTE2','CMDOSFRQ2','ASTDY2','AENDY2'}, but has additional elements {'CMTRT2'}.
{shiny}      R  stderr -----------   241: &lt;Anonymous&gt;
{shiny}      R  stderr -----------   240: stop
{shiny}      R  stderr -----------   239: mstop
{shiny}      R  stderr -----------   238: makeAssertion
{shiny}      R  stderr -----------   237: checkmate::assert_subset
{shiny}      R  stderr -----------   236: variable_choices.data.frame
{shiny}      R  stderr -----------   233: resolve.delayed_variable_choices
{shiny}      R  stderr -----------   231: resolve.delayed_select_spec
{shiny}      R  stderr -----------   229: resolve.delayed_data_extract_spec
{shiny}      R  stderr -----------   227: resolve_delayed.list
{shiny}      R  stderr -----------   213: module
{shiny}      R  stderr -----------   208: callModule
{shiny}      R  stderr -----------   207: moduleServer
{shiny}      R  stderr -----------   206: data_extract_single_srv
{shiny}      R  stderr -----------   205: FUN
{shiny}      R  stderr -----------   204: lapply
{shiny}      R  stderr -----------   203: module
{shiny}      R  stderr -----------   198: callModule
{shiny}      R  stderr -----------   197: moduleServer
{shiny}      R  stderr -----------   196: data_extract_srv.list
{shiny}      R  stderr -----------   194: FUN
{shiny}      R  stderr -----------   193: lapply
{shiny}      R  stderr -----------   192: sapply
{shiny}      R  stderr -----------   191: &lt;reactive&gt;
{shiny}      R  stderr -----------   175: selector_list
{shiny}      R  stderr -----------   170: &lt;reactive&gt;
{shiny}      R  stderr -----------   154: anl_inputs
{shiny}      R  stderr -----------   153: as.expression
{shiny}      R  stderr -----------   152: teal.code::eval_code
{shiny}      R  stderr -----------   151: %&gt;%
{shiny}      R  stderr -----------   150: &lt;reactive&gt;
{shiny}      R  stderr -----------   134: merged$anl_q
{shiny}      R  stderr -----------   128: &lt;reactive&gt;
{shiny}      R  stderr -----------   112: all_q
{shiny}      R  stderr -----------   110: renderText
{shiny}      R  stderr -----------   109: func
{shiny}      R  stderr -----------    96: renderFunc
{shiny}      R  stderr -----------    95: output$teal-main_ui-root-therapy__e2e_-module-title
{shiny}      R  stderr -----------    14: &lt;Anonymous&gt;
{shiny}      R  stderr -----------    12: &lt;Anonymous&gt;
{shiny}      R  stderr -----------    11: &lt;Anonymous&gt;
{shiny}      R  stderr -----------    10: base::do.call
{shiny}      R  stderr -----------     9: base::saveRDS
{shiny}      R  stderr -----------     8: base::withCallingHandlers
{shiny}      R  stderr -----------     7: doTryCatch
{shiny}      R  stderr -----------     6: tryCatchOne
{shiny}      R  stderr -----------     5: tryCatchList
{shiny}      R  stderr -----------     2: tryCatchList
{shiny}      R  stderr -----------     1: base::tryCatch
{shiny}      R  stderr ----------- Warning: Error in &lt;Anonymous&gt;: error in evaluating the argument 'code' in selecting a method for function 'eval_code': Assertion on 'subset' failed: Must be a subset of {'','USUBJID','STUDYID','CMCLAS','CMDECOD','ATIREL','CMCAT','COUNTRY','SITEID','SUBJID','AGE','SEX','ARMCD','ARM','ACTARMCD','ACTARM','RACE','TRTSDTM','TRTEDTM','EOSDY','EOSDT','STRATA1','STRATA2','BMRKR1','BMRKR2','REGION1','SAFFL','EOSSTT','EOTSTT','DCSREAS','DTHDT','ASTDTM','ASTDY','AENDTM','AENDY','CMSEQ','ATC1','ATC2','ATC3','ATC4','CMINDC','CMDOSE','CMTRT','CMDOSU','CMROUTE','CMDOSFRQ','CMASTDTM','CMAENDTM','ATIREL2','CMDECOD2','CMINDC2','CMDOSE2','CMDOSU2','CMROUTE2','CMDOSFRQ2','ASTDY2','AENDY2'}, but has additional elements {'CMTRT2'}.
{shiny}      R  stderr -----------   122: &lt;Anonymous&gt;
{shiny}      R  stderr -----------   121: stop
{shiny}      R  stderr -----------   120: all_q
{shiny}      R  stderr -----------   117: exprFunc
{shiny}      R  stderr -----------   116: widgetFunc
{shiny}      R  stderr -----------   115: ::
{shiny}      R  stderr ----------- htmlwidgets
{shiny}      R  stderr ----------- shinyRenderWidget
{shiny}      R  stderr -----------   114: func
{shiny}      R  stderr -----------   101: renderFunc
{shiny}      R  stderr -----------   100: renderFunc
{shiny}      R  stderr -----------    96: renderFunc
{shiny}      R  stderr -----------    95: output$teal-main_ui-root-therapy__e2e_-module-therapy_table
{shiny}      R  stderr -----------    14: &lt;Anonymous&gt;
{shiny}      R  stderr -----------    12: &lt;Anonymous&gt;
{shiny}      R  stderr -----------    11: &lt;Anonymous&gt;
{shiny}      R  stderr -----------    10: base::do.call
{shiny}      R  stderr -----------     9: base::saveRDS
{shiny}      R  stderr -----------     8: base::withCallingHandlers
{shiny}      R  stderr -----------     7: doTryCatch
{shiny}      R  stderr -----------     6: tryCatchOne
{shiny}      R  stderr -----------     5: tryCatchList
{shiny}      R  stderr -----------     2: tryCatchList
{shiny}      R  stderr -----------     1: base::tryCatch
{shiny}      R  stderr ----------- Warning: Error in variable_choices.data.frame: Assertion on 'subset' failed: Must be a subset of {'','USUBJID','STUDYID','CMCLAS','CMDECOD','ATIREL','CMCAT','COUNTRY','SITEID','SUBJID','AGE','SEX','ARMCD','ARM','ACTARMCD','ACTARM','RACE','TRTSDTM','TRTEDTM','EOSDY','EOSDT','STRATA1','STRATA2','BMRKR1','BMRKR2','REGION1','SAFFL','EOSSTT','EOTSTT','DCSREAS','DTHDT','ASTDTM','ASTDY','AENDTM','AENDY','CMSEQ','ATC1','ATC2','ATC3','ATC4','CMINDC','CMDOSE','CMTRT','CMDOSU','CMROUTE','CMDOSFRQ','CMASTDTM','CMAENDTM','ATIREL2','CMDECOD2','CMINDC2','CMDOSE2','CMDOSU2','CMROUTE2','CMDOSFRQ2','ASTDY2','AENDY2'}, but has additional elements {'CMTRT2'}.
{shiny}      R  stderr -----------   162: &lt;Anonymous&gt;
{shiny}      R  stderr -----------   161: stop
{shiny}      R  stderr -----------   160: selector_list
{shiny}      R  stderr -----------   159: teal.transform::compose_and_enable_validators
{shiny}      R  stderr -----------   158: &lt;reactive&gt;
{shiny}      R  stderr -----------   142: iv_r
{shiny}      R  stderr -----------   135: &lt;reactive&gt;
{shiny}      R  stderr -----------   119: plot_r
{shiny}      R  stderr -----------   110: renderUI
{shiny}      R  stderr -----------   109: func
{shiny}      R  stderr -----------    96: renderFunc
{shiny}      R  stderr -----------    95: output$teal-main_ui-root-therapy__e2e_-module-therapy_plot-plot_out_main
{shiny}      R  stderr -----------    14: &lt;Anonymous&gt;
{shiny}      R  stderr -----------    12: &lt;Anonymous&gt;
{shiny}      R  stderr -----------    11: &lt;Anonymous&gt;
{shiny}      R  stderr -----------    10: base::do.call
{shiny}      R  stderr -----------     9: base::saveRDS
{shiny}      R  stderr -----------     8: base::withCallingHandlers
{shiny}      R  stderr -----------     7: doTryCatch
{shiny}      R  stderr -----------     6: tryCatchOne
{shiny}      R  stderr -----------     5: tryCatchList
{shiny}      R  stderr -----------     2: tryCatchList
{shiny}      R  stderr -----------     1: base::tryCatch
{shiny}      R  stderr ----------- Warning: Error in &lt;Anonymous&gt;: error in evaluating the argument 'code' in selecting a method for function 'eval_code': Assertion on 'subset' failed: Must be a subset of {'','USUBJID','STUDYID','CMCLAS','CMDECOD','ATIREL','CMCAT','COUNTRY','SITEID','SUBJID','AGE','SEX','ARMCD','ARM','ACTARMCD','ACTARM','RACE','TRTSDTM','TRTEDTM','EOSDY','EOSDT','STRATA1','STRATA2','BMRKR1','BMRKR2','REGION1','SAFFL','EOSSTT','EOTSTT','DCSREAS','DTHDT','ASTDTM','ASTDY','AENDTM','AENDY','CMSEQ','ATC1','ATC2','ATC3','ATC4','CMINDC','CMDOSE','CMTRT','CMDOSU','CMROUTE','CMDOSFRQ','CMASTDTM','CMAENDTM','ATIREL2','CMDECOD2','CMINDC2','CMDOSE2','CMDOSU2','CMROUTE2','CMDOSFRQ2','ASTDY2','AENDY2'}, but has additional elements {'CMTRT2'}.
{shiny}      R  stderr -----------   14: &lt;Anonymous&gt;
{shiny}      R  stderr -----------   12: &lt;Anonymous&gt;
{shiny}      R  stderr -----------   11: &lt;Anonymous&gt;
{shiny}      R  stderr -----------   10: base::do.call
{shiny}      R  stderr -----------    9: base::saveRDS
{shiny}      R  stderr -----------    8: base::withCallingHandlers
{shiny}      R  stderr -----------    7: doTryCatch
{shiny}      R  stderr -----------    6: tryCatchOne
{shiny}      R  stderr -----------    5: tryCatchList
{shiny}      R  stderr -----------    2: tryCatchList
{shiny}      R  stderr -----------    1: base::tryCatch


Caused by error in `app_initialize_()`:
! Shiny app did not become stable in 1e+05ms.
Message: An error occurred while waiting for Shiny to be stable
Caused by error in `app_wait_for_idle()`:
! An error occurred while waiting for Shiny to be stable
Backtrace:
     x
  1. +-teal.modules.clinical (local) app_driver_tm_g_pp_therapy() at test-shinytest2-tm_g_pp_therapy.R:162:9
  2. | \-teal.modules.clinical:::init_teal_app_driver(...) at test-shinytest2-tm_g_pp_therapy.R:31:3
  3. |   +-testthat::with_mocked_bindings(...) at tests/testthat/helper-TealAppDriver.R:7:3
  4. |   \-TealAppDriver$new(...) at tests/testthat/helper-TealAppDriver.R:10:7
  5. |     \-teal (local) initialize(...)
  6. |       +-base::suppressWarnings(...)
  7. |       | \-base::withCallingHandlers(...)
  8. |       \-super$initialize(...)
  9. |         \-shinytest2:::app_initialize(...)
 10. |           +-base::withCallingHandlers(...)
 11. |           \-shinytest2:::app_initialize_(self, private, ..., view = view)
 12. |             +-base::withCallingHandlers(...)
 13. |             \-self$wait_for_idle(duration = 200, timeout = private$load_timeout)
 14. |               \-shinytest2:::app_wait_for_idle(...)
 15. |                 \-shinytest2:::app_abort(self, private, "An error occurred while waiting for Shiny to be stable")
 16. |                   \-rlang::abort(..., app = self, call = call)
 17. |                     \-rlang:::signal_abort(cnd, .file)
 18. |                       \-base::signalCondition(cnd)
 19. +-shinytest2 (local) `&lt;fn&gt;`(`&lt;rlng_rrr&gt;`)
 20. | \-shinytest2:::app_abort(...)
 21. |   \-rlang::abort(..., app = self, call = call)
 22. |     \-rlang:::signal_abort(cnd, .file)
 23. |       \-base::signalCondition(cnd)
 24. \-shinytest2 (local) `&lt;fn&gt;`(`&lt;rlng_rrr&gt;`)
 25.   \-shinytest2:::app_abort(...)
 26.     \-rlang::abort(..., app = self, call = call)</error>
    </testcase>
    <testcase time="102.883" classname="shinytest2_tm_g_pp_therapy" name="e2e_tm_g_pp_therapy_Deselection_of_atirel_dataset_ADCM_singleextract_select_throws_validation_error.">
      <error type="error" message="Error in `app_initialize(self, private, app_dir = app_dir, ..., load_timeout = load_timeout,  ('test-shinytest2-tm_g_pp_therapy.R:189:5')">Error in `app_initialize(self, private, app_dir = app_dir, ..., load_timeout = load_timeout, 
    timeout = timeout, wait = wait, expect_values_screenshot_args = expect_values_screenshot_args, 
    screenshot_args = screenshot_args, check_names = check_names, 
    name = name, variant = variant, view = view, height = height, 
    width = width, seed = seed, clean_logs = clean_logs, shiny_args = shiny_args, 
    render_args = render_args, options = options)`: Shiny app did not become stable in 1e+05ms.
Message: An error occurred while waiting for Shiny to be stable
Caused by error in `app_wait_for_idle()`:
! An error occurred while waiting for Shiny to be stable


i You can inspect the failed AppDriver object via `rlang::last_error()$app`
i AppDriver logs:
{shinytest2} R  info   23:00:52.43 Start AppDriver initialization
{shinytest2} R  info   23:00:52.46 Starting Shiny app
{shinytest2} R  info   23:00:54.49 Creating new ChromoteSession
{shinytest2} R  info   23:00:54.52 Navigating to Shiny app
{shinytest2} R  info   23:00:54.62 Injecting shiny-tracer.js
{chromote}   JS info   23:00:54.62 shinytest2; jQuery not found
{chromote}   JS info   23:00:54.63 shinytest2; Loaded
{shinytest2} R  info   23:00:54.63 Waiting for Shiny to become ready
{chromote}   JS info   23:00:54.71 shinytest2; jQuery found
{chromote}   JS info   23:00:54.72 shinytest2; Waiting for shiny session to connect
{chromote}   JS info   23:00:54.84 shinytest2; Connected
{shinytest2} R  info   23:00:54.84 Waiting for Shiny to become idle for 200ms within 1e+05ms
{chromote}   JS info   23:00:54.84 shinytest2; Waiting for Shiny to be stable
{chromote}   JS info   23:00:54.88 shinytest2; shiny:busy
{chromote}   JS info   23:00:56.14 shinytest2; shiny:idle
{chromote}   JS info   23:00:56.15 shinytest2; shiny:value teal-identifier
{chromote}   JS info   23:00:56.15 shinytest2; shiny:value error
{chromote}   JS info   23:00:56.15 shinytest2; shiny:busy
{chromote}   JS info   23:00:56.15 shinytest2; shiny:idle
{chromote}   JS info   23:00:56.17 shinytest2; shiny:busy
{shinytest2} R  info   23:02:34.86 Error while initializing AppDriver:
                                   Shiny app did not become stable in 1e+05ms.
                                   Message: An error occurred while waiting for Shiny to be stable
                                   Caused by error in `app_wait_for_idle()`:
                                   ! An error occurred while waiting for Shiny to be stable
{shiny}      R  stderr ----------- Loading required package: shiny
{shiny}      R  stderr ----------- Attempting to load the environment ‘package:dplyr’
{shiny}      R  stderr ----------- 
{shiny}      R  stderr ----------- Attaching package: ‘dplyr’
{shiny}      R  stderr ----------- 
{shiny}      R  stderr ----------- The following objects are masked from ‘package:stats’:
{shiny}      R  stderr ----------- 
{shiny}      R  stderr -----------     filter, lag
{shiny}      R  stderr ----------- 
{shiny}      R  stderr ----------- The following objects are masked from ‘package:base’:
{shiny}      R  stderr ----------- 
{shiny}      R  stderr -----------     intersect, setdiff, setequal, union
{shiny}      R  stderr ----------- 
{shiny}      R  stderr ----------- Loading required package: teal
{shiny}      R  stderr ----------- Loading required package: teal.data
{shiny}      R  stderr ----------- Loading required package: teal.code
{shiny}      R  stderr ----------- Loading required package: teal.slice
{shiny}      R  stderr ----------- 
{shiny}      R  stderr ----------- You are using teal version 0.15.2.9031
{shiny}      R  stderr ----------- 
{shiny}      R  stderr ----------- Attaching package: ‘teal’
{shiny}      R  stderr ----------- 
{shiny}      R  stderr ----------- The following objects are masked from ‘package:teal.slice’:
{shiny}      R  stderr ----------- 
{shiny}      R  stderr -----------     as.teal_slices, teal_slices
{shiny}      R  stderr ----------- 
{shiny}      R  stderr ----------- Loading required package: teal.transform
{shiny}      R  stderr ----------- Loading required package: tern
{shiny}      R  stderr ----------- Loading required package: rtables
{shiny}      R  stderr ----------- Loading required package: formatters
{shiny}      R  stderr ----------- Loading required package: magrittr
{shiny}      R  stderr ----------- 
{shiny}      R  stderr ----------- Attaching package: ‘rtables’
{shiny}      R  stderr ----------- 
{shiny}      R  stderr ----------- The following object is masked from ‘package:utils’:
{shiny}      R  stderr ----------- 
{shiny}      R  stderr -----------     str
{shiny}      R  stderr ----------- 
{shiny}      R  stderr ----------- Running application in test mode.
{shiny}      R  stderr ----------- 
{shiny}      R  stderr ----------- Listening on http://127.0.0.1:3189
{shiny}      R  stderr ----------- Initializing reporter_previewer_module
{shiny}      R  stderr ----------- Warning: Error in &lt;Anonymous&gt;: error in evaluating the argument 'code' in selecting a method for function 'eval_code': Assertion on 'subset' failed: Must be a subset of {'','USUBJID','STUDYID','CMCLAS','CMDECOD','ATIREL','CMCAT','COUNTRY','SITEID','SUBJID','AGE','SEX','ARMCD','ARM','ACTARMCD','ACTARM','RACE','TRTSDTM','TRTEDTM','EOSDY','EOSDT','STRATA1','STRATA2','BMRKR1','BMRKR2','REGION1','SAFFL','EOSSTT','EOTSTT','DCSREAS','DTHDT','ASTDTM','ASTDY','AENDTM','AENDY','CMSEQ','ATC1','ATC2','ATC3','ATC4','CMINDC','CMDOSE','CMTRT','CMDOSU','CMROUTE','CMDOSFRQ','CMASTDTM','CMAENDTM','ATIREL2','CMDECOD2','CMINDC2','CMDOSE2','CMDOSU2','CMROUTE2','CMDOSFRQ2','ASTDY2','AENDY2'}, but has additional elements {'CMTRT2'}.
{shiny}      R  stderr -----------   241: &lt;Anonymous&gt;
{shiny}      R  stderr -----------   240: stop
{shiny}      R  stderr -----------   239: mstop
{shiny}      R  stderr -----------   238: makeAssertion
{shiny}      R  stderr -----------   237: checkmate::assert_subset
{shiny}      R  stderr -----------   236: variable_choices.data.frame
{shiny}      R  stderr -----------   233: resolve.delayed_variable_choices
{shiny}      R  stderr -----------   231: resolve.delayed_select_spec
{shiny}      R  stderr -----------   229: resolve.delayed_data_extract_spec
{shiny}      R  stderr -----------   227: resolve_delayed.list
{shiny}      R  stderr -----------   213: module
{shiny}      R  stderr -----------   208: callModule
{shiny}      R  stderr -----------   207: moduleServer
{shiny}      R  stderr -----------   206: data_extract_single_srv
{shiny}      R  stderr -----------   205: FUN
{shiny}      R  stderr -----------   204: lapply
{shiny}      R  stderr -----------   203: module
{shiny}      R  stderr -----------   198: callModule
{shiny}      R  stderr -----------   197: moduleServer
{shiny}      R  stderr -----------   196: data_extract_srv.list
{shiny}      R  stderr -----------   194: FUN
{shiny}      R  stderr -----------   193: lapply
{shiny}      R  stderr -----------   192: sapply
{shiny}      R  stderr -----------   191: &lt;reactive&gt;
{shiny}      R  stderr -----------   175: selector_list
{shiny}      R  stderr -----------   170: &lt;reactive&gt;
{shiny}      R  stderr -----------   154: anl_inputs
{shiny}      R  stderr -----------   153: as.expression
{shiny}      R  stderr -----------   152: teal.code::eval_code
{shiny}      R  stderr -----------   151: %&gt;%
{shiny}      R  stderr -----------   150: &lt;reactive&gt;
{shiny}      R  stderr -----------   134: merged$anl_q
{shiny}      R  stderr -----------   128: &lt;reactive&gt;
{shiny}      R  stderr -----------   112: all_q
{shiny}      R  stderr -----------   110: renderText
{shiny}      R  stderr -----------   109: func
{shiny}      R  stderr -----------    96: renderFunc
{shiny}      R  stderr -----------    95: output$teal-main_ui-root-therapy__e2e_-module-title
{shiny}      R  stderr -----------    14: &lt;Anonymous&gt;
{shiny}      R  stderr -----------    12: &lt;Anonymous&gt;
{shiny}      R  stderr -----------    11: &lt;Anonymous&gt;
{shiny}      R  stderr -----------    10: base::do.call
{shiny}      R  stderr -----------     9: base::saveRDS
{shiny}      R  stderr -----------     8: base::withCallingHandlers
{shiny}      R  stderr -----------     7: doTryCatch
{shiny}      R  stderr -----------     6: tryCatchOne
{shiny}      R  stderr -----------     5: tryCatchList
{shiny}      R  stderr -----------     2: tryCatchList
{shiny}      R  stderr -----------     1: base::tryCatch
{shiny}      R  stderr ----------- Warning: Error in &lt;Anonymous&gt;: error in evaluating the argument 'code' in selecting a method for function 'eval_code': Assertion on 'subset' failed: Must be a subset of {'','USUBJID','STUDYID','CMCLAS','CMDECOD','ATIREL','CMCAT','COUNTRY','SITEID','SUBJID','AGE','SEX','ARMCD','ARM','ACTARMCD','ACTARM','RACE','TRTSDTM','TRTEDTM','EOSDY','EOSDT','STRATA1','STRATA2','BMRKR1','BMRKR2','REGION1','SAFFL','EOSSTT','EOTSTT','DCSREAS','DTHDT','ASTDTM','ASTDY','AENDTM','AENDY','CMSEQ','ATC1','ATC2','ATC3','ATC4','CMINDC','CMDOSE','CMTRT','CMDOSU','CMROUTE','CMDOSFRQ','CMASTDTM','CMAENDTM','ATIREL2','CMDECOD2','CMINDC2','CMDOSE2','CMDOSU2','CMROUTE2','CMDOSFRQ2','ASTDY2','AENDY2'}, but has additional elements {'CMTRT2'}.
{shiny}      R  stderr -----------   122: &lt;Anonymous&gt;
{shiny}      R  stderr -----------   121: stop
{shiny}      R  stderr -----------   120: all_q
{shiny}      R  stderr -----------   117: exprFunc
{shiny}      R  stderr -----------   116: widgetFunc
{shiny}      R  stderr -----------   115: ::
{shiny}      R  stderr ----------- htmlwidgets
{shiny}      R  stderr ----------- shinyRenderWidget
{shiny}      R  stderr -----------   114: func
{shiny}      R  stderr -----------   101: renderFunc
{shiny}      R  stderr -----------   100: renderFunc
{shiny}      R  stderr -----------    96: renderFunc
{shiny}      R  stderr -----------    95: output$teal-main_ui-root-therapy__e2e_-module-therapy_table
{shiny}      R  stderr -----------    14: &lt;Anonymous&gt;
{shiny}      R  stderr -----------    12: &lt;Anonymous&gt;
{shiny}      R  stderr -----------    11: &lt;Anonymous&gt;
{shiny}      R  stderr -----------    10: base::do.call
{shiny}      R  stderr -----------     9: base::saveRDS
{shiny}      R  stderr -----------     8: base::withCallingHandlers
{shiny}      R  stderr -----------     7: doTryCatch
{shiny}      R  stderr -----------     6: tryCatchOne
{shiny}      R  stderr -----------     5: tryCatchList
{shiny}      R  stderr -----------     2: tryCatchList
{shiny}      R  stderr -----------     1: base::tryCatch
{shiny}      R  stderr ----------- Warning: Error in variable_choices.data.frame: Assertion on 'subset' failed: Must be a subset of {'','USUBJID','STUDYID','CMCLAS','CMDECOD','ATIREL','CMCAT','COUNTRY','SITEID','SUBJID','AGE','SEX','ARMCD','ARM','ACTARMCD','ACTARM','RACE','TRTSDTM','TRTEDTM','EOSDY','EOSDT','STRATA1','STRATA2','BMRKR1','BMRKR2','REGION1','SAFFL','EOSSTT','EOTSTT','DCSREAS','DTHDT','ASTDTM','ASTDY','AENDTM','AENDY','CMSEQ','ATC1','ATC2','ATC3','ATC4','CMINDC','CMDOSE','CMTRT','CMDOSU','CMROUTE','CMDOSFRQ','CMASTDTM','CMAENDTM','ATIREL2','CMDECOD2','CMINDC2','CMDOSE2','CMDOSU2','CMROUTE2','CMDOSFRQ2','ASTDY2','AENDY2'}, but has additional elements {'CMTRT2'}.
{shiny}      R  stderr -----------   162: &lt;Anonymous&gt;
{shiny}      R  stderr -----------   161: stop
{shiny}      R  stderr -----------   160: selector_list
{shiny}      R  stderr -----------   159: teal.transform::compose_and_enable_validators
{shiny}      R  stderr -----------   158: &lt;reactive&gt;
{shiny}      R  stderr -----------   142: iv_r
{shiny}      R  stderr -----------   135: &lt;reactive&gt;
{shiny}      R  stderr -----------   119: plot_r
{shiny}      R  stderr -----------   110: renderUI
{shiny}      R  stderr -----------   109: func
{shiny}      R  stderr -----------    96: renderFunc
{shiny}      R  stderr -----------    95: output$teal-main_ui-root-therapy__e2e_-module-therapy_plot-plot_out_main
{shiny}      R  stderr -----------    14: &lt;Anonymous&gt;
{shiny}      R  stderr -----------    12: &lt;Anonymous&gt;
{shiny}      R  stderr -----------    11: &lt;Anonymous&gt;
{shiny}      R  stderr -----------    10: base::do.call
{shiny}      R  stderr -----------     9: base::saveRDS
{shiny}      R  stderr -----------     8: base::withCallingHandlers
{shiny}      R  stderr -----------     7: doTryCatch
{shiny}      R  stderr -----------     6: tryCatchOne
{shiny}      R  stderr -----------     5: tryCatchList
{shiny}      R  stderr -----------     2: tryCatchList
{shiny}      R  stderr -----------     1: base::tryCatch
{shiny}      R  stderr ----------- Warning: Error in &lt;Anonymous&gt;: error in evaluating the argument 'code' in selecting a method for function 'eval_code': Assertion on 'subset' failed: Must be a subset of {'','USUBJID','STUDYID','CMCLAS','CMDECOD','ATIREL','CMCAT','COUNTRY','SITEID','SUBJID','AGE','SEX','ARMCD','ARM','ACTARMCD','ACTARM','RACE','TRTSDTM','TRTEDTM','EOSDY','EOSDT','STRATA1','STRATA2','BMRKR1','BMRKR2','REGION1','SAFFL','EOSSTT','EOTSTT','DCSREAS','DTHDT','ASTDTM','ASTDY','AENDTM','AENDY','CMSEQ','ATC1','ATC2','ATC3','ATC4','CMINDC','CMDOSE','CMTRT','CMDOSU','CMROUTE','CMDOSFRQ','CMASTDTM','CMAENDTM','ATIREL2','CMDECOD2','CMINDC2','CMDOSE2','CMDOSU2','CMROUTE2','CMDOSFRQ2','ASTDY2','AENDY2'}, but has additional elements {'CMTRT2'}.
{shiny}      R  stderr -----------   14: &lt;Anonymous&gt;
{shiny}      R  stderr -----------   12: &lt;Anonymous&gt;
{shiny}      R  stderr -----------   11: &lt;Anonymous&gt;
{shiny}      R  stderr -----------   10: base::do.call
{shiny}      R  stderr -----------    9: base::saveRDS
{shiny}      R  stderr -----------    8: base::withCallingHandlers
{shiny}      R  stderr -----------    7: doTryCatch
{shiny}      R  stderr -----------    6: tryCatchOne
{shiny}      R  stderr -----------    5: tryCatchList
{shiny}      R  stderr -----------    2: tryCatchList
{shiny}      R  stderr -----------    1: base::tryCatch


Caused by error in `app_initialize_()`:
! Shiny app did not become stable in 1e+05ms.
Message: An error occurred while waiting for Shiny to be stable
Caused by error in `app_wait_for_idle()`:
! An error occurred while waiting for Shiny to be stable
Backtrace:
     x
  1. +-teal.modules.clinical (local) app_driver_tm_g_pp_therapy() at test-shinytest2-tm_g_pp_therapy.R:189:5
  2. | \-teal.modules.clinical:::init_teal_app_driver(...) at test-shinytest2-tm_g_pp_therapy.R:31:3
  3. |   +-testthat::with_mocked_bindings(...) at tests/testthat/helper-TealAppDriver.R:7:3
  4. |   \-TealAppDriver$new(...) at tests/testthat/helper-TealAppDriver.R:10:7
  5. |     \-teal (local) initialize(...)
  6. |       +-base::suppressWarnings(...)
  7. |       | \-base::withCallingHandlers(...)
  8. |       \-super$initialize(...)
  9. |         \-shinytest2:::app_initialize(...)
 10. |           +-base::withCallingHandlers(...)
 11. |           \-shinytest2:::app_initialize_(self, private, ..., view = view)
 12. |             +-base::withCallingHandlers(...)
 13. |             \-self$wait_for_idle(duration = 200, timeout = private$load_timeout)
 14. |               \-shinytest2:::app_wait_for_idle(...)
 15. |                 \-shinytest2:::app_abort(self, private, "An error occurred while waiting for Shiny to be stable")
 16. |                   \-rlang::abort(..., app = self, call = call)
 17. |                     \-rlang:::signal_abort(cnd, .file)
 18. |                       \-base::signalCondition(cnd)
 19. +-shinytest2 (local) `&lt;fn&gt;`(`&lt;rlng_rrr&gt;`)
 20. | \-shinytest2:::app_abort(...)
 21. |   \-rlang::abort(..., app = self, call = call)
 22. |     \-rlang:::signal_abort(cnd, .file)
 23. |       \-base::signalCondition(cnd)
 24. \-shinytest2 (local) `&lt;fn&gt;`(`&lt;rlng_rrr&gt;`)
 25.   \-shinytest2:::app_abort(...)
 26.     \-rlang::abort(..., app = self, call = call)</error>
    </testcase>
    <testcase time="102.988" classname="shinytest2_tm_g_pp_therapy" name="e2e_tm_g_pp_therapy_Selection_of_cmindc_changes_the_element_and_does_not_throw_validation_errors">
      <error type="error" message="Error in `app_initialize(self, private, app_dir = app_dir, ..., load_timeout = load_timeout,  ('test-shinytest2-tm_g_pp_therapy.R:162:9')">Error in `app_initialize(self, private, app_dir = app_dir, ..., load_timeout = load_timeout, 
    timeout = timeout, wait = wait, expect_values_screenshot_args = expect_values_screenshot_args, 
    screenshot_args = screenshot_args, check_names = check_names, 
    name = name, variant = variant, view = view, height = height, 
    width = width, seed = seed, clean_logs = clean_logs, shiny_args = shiny_args, 
    render_args = render_args, options = options)`: Shiny app did not become stable in 1e+05ms.
Message: An error occurred while waiting for Shiny to be stable
Caused by error in `app_wait_for_idle()`:
! An error occurred while waiting for Shiny to be stable


i You can inspect the failed AppDriver object via `rlang::last_error()$app`
i AppDriver logs:
{shinytest2} R  info   23:02:35.31 Start AppDriver initialization
{shinytest2} R  info   23:02:35.34 Starting Shiny app
{shinytest2} R  info   23:02:37.37 Creating new ChromoteSession
{shinytest2} R  info   23:02:37.40 Navigating to Shiny app
{shinytest2} R  info   23:02:37.50 Injecting shiny-tracer.js
{chromote}   JS info   23:02:37.50 shinytest2; jQuery not found
{chromote}   JS info   23:02:37.51 shinytest2; Loaded
{shinytest2} R  info   23:02:37.51 Waiting for Shiny to become ready
{chromote}   JS info   23:02:37.61 shinytest2; jQuery found
{chromote}   JS info   23:02:37.61 shinytest2; Waiting for shiny session to connect
{chromote}   JS info   23:02:37.74 shinytest2; Connected
{chromote}   JS info   23:02:37.78 shinytest2; shiny:busy
{shinytest2} R  info   23:02:37.82 Waiting for Shiny to become idle for 200ms within 1e+05ms
{chromote}   JS info   23:02:37.82 shinytest2; Waiting for Shiny to be stable
{chromote}   JS info   23:02:39.01 shinytest2; shiny:idle
{chromote}   JS info   23:02:39.02 shinytest2; shiny:value teal-identifier
{chromote}   JS info   23:02:39.02 shinytest2; shiny:value error
{chromote}   JS info   23:02:39.02 shinytest2; shiny:busy
{chromote}   JS info   23:02:39.02 shinytest2; shiny:idle
{chromote}   JS info   23:02:39.03 shinytest2; shiny:busy
{shinytest2} R  info   23:04:17.84 Error while initializing AppDriver:
                                   Shiny app did not become stable in 1e+05ms.
                                   Message: An error occurred while waiting for Shiny to be stable
                                   Caused by error in `app_wait_for_idle()`:
                                   ! An error occurred while waiting for Shiny to be stable
{shiny}      R  stderr ----------- Loading required package: shiny
{shiny}      R  stderr ----------- Attempting to load the environment ‘package:dplyr’
{shiny}      R  stderr ----------- 
{shiny}      R  stderr ----------- Attaching package: ‘dplyr’
{shiny}      R  stderr ----------- 
{shiny}      R  stderr ----------- The following objects are masked from ‘package:stats’:
{shiny}      R  stderr ----------- 
{shiny}      R  stderr -----------     filter, lag
{shiny}      R  stderr ----------- 
{shiny}      R  stderr ----------- The following objects are masked from ‘package:base’:
{shiny}      R  stderr ----------- 
{shiny}      R  stderr -----------     intersect, setdiff, setequal, union
{shiny}      R  stderr ----------- 
{shiny}      R  stderr ----------- Loading required package: teal
{shiny}      R  stderr ----------- Loading required package: teal.data
{shiny}      R  stderr ----------- Loading required package: teal.code
{shiny}      R  stderr ----------- Loading required package: teal.slice
{shiny}      R  stderr ----------- 
{shiny}      R  stderr ----------- You are using teal version 0.15.2.9031
{shiny}      R  stderr ----------- 
{shiny}      R  stderr ----------- Attaching package: ‘teal’
{shiny}      R  stderr ----------- 
{shiny}      R  stderr ----------- The following objects are masked from ‘package:teal.slice’:
{shiny}      R  stderr ----------- 
{shiny}      R  stderr -----------     as.teal_slices, teal_slices
{shiny}      R  stderr ----------- 
{shiny}      R  stderr ----------- Loading required package: teal.transform
{shiny}      R  stderr ----------- Loading required package: tern
{shiny}      R  stderr ----------- Loading required package: rtables
{shiny}      R  stderr ----------- Loading required package: formatters
{shiny}      R  stderr ----------- Loading required package: magrittr
{shiny}      R  stderr ----------- 
{shiny}      R  stderr ----------- Attaching package: ‘rtables’
{shiny}      R  stderr ----------- 
{shiny}      R  stderr ----------- The following object is masked from ‘package:utils’:
{shiny}      R  stderr ----------- 
{shiny}      R  stderr -----------     str
{shiny}      R  stderr ----------- 
{shiny}      R  stderr ----------- Running application in test mode.
{shiny}      R  stderr ----------- 
{shiny}      R  stderr ----------- Listening on http://127.0.0.1:3760
{shiny}      R  stderr ----------- Initializing reporter_previewer_module
{shiny}      R  stderr ----------- Warning: Error in &lt;Anonymous&gt;: error in evaluating the argument 'code' in selecting a method for function 'eval_code': Assertion on 'subset' failed: Must be a subset of {'','USUBJID','STUDYID','CMCLAS','CMDECOD','ATIREL','CMCAT','COUNTRY','SITEID','SUBJID','AGE','SEX','ARMCD','ARM','ACTARMCD','ACTARM','RACE','TRTSDTM','TRTEDTM','EOSDY','EOSDT','STRATA1','STRATA2','BMRKR1','BMRKR2','REGION1','SAFFL','EOSSTT','EOTSTT','DCSREAS','DTHDT','ASTDTM','ASTDY','AENDTM','AENDY','CMSEQ','ATC1','ATC2','ATC3','ATC4','CMINDC','CMDOSE','CMTRT','CMDOSU','CMROUTE','CMDOSFRQ','CMASTDTM','CMAENDTM','ATIREL2','CMDECOD2','CMINDC2','CMDOSE2','CMDOSU2','CMROUTE2','CMDOSFRQ2','ASTDY2','AENDY2'}, but has additional elements {'CMTRT2'}.
{shiny}      R  stderr -----------   241: &lt;Anonymous&gt;
{shiny}      R  stderr -----------   240: stop
{shiny}      R  stderr -----------   239: mstop
{shiny}      R  stderr -----------   238: makeAssertion
{shiny}      R  stderr -----------   237: checkmate::assert_subset
{shiny}      R  stderr -----------   236: variable_choices.data.frame
{shiny}      R  stderr -----------   233: resolve.delayed_variable_choices
{shiny}      R  stderr -----------   231: resolve.delayed_select_spec
{shiny}      R  stderr -----------   229: resolve.delayed_data_extract_spec
{shiny}      R  stderr -----------   227: resolve_delayed.list
{shiny}      R  stderr -----------   213: module
{shiny}      R  stderr -----------   208: callModule
{shiny}      R  stderr -----------   207: moduleServer
{shiny}      R  stderr -----------   206: data_extract_single_srv
{shiny}      R  stderr -----------   205: FUN
{shiny}      R  stderr -----------   204: lapply
{shiny}      R  stderr -----------   203: module
{shiny}      R  stderr -----------   198: callModule
{shiny}      R  stderr -----------   197: moduleServer
{shiny}      R  stderr -----------   196: data_extract_srv.list
{shiny}      R  stderr -----------   194: FUN
{shiny}      R  stderr -----------   193: lapply
{shiny}      R  stderr -----------   192: sapply
{shiny}      R  stderr -----------   191: &lt;reactive&gt;
{shiny}      R  stderr -----------   175: selector_list
{shiny}      R  stderr -----------   170: &lt;reactive&gt;
{shiny}      R  stderr -----------   154: anl_inputs
{shiny}      R  stderr -----------   153: as.expression
{shiny}      R  stderr -----------   152: teal.code::eval_code
{shiny}      R  stderr -----------   151: %&gt;%
{shiny}      R  stderr -----------   150: &lt;reactive&gt;
{shiny}      R  stderr -----------   134: merged$anl_q
{shiny}      R  stderr -----------   128: &lt;reactive&gt;
{shiny}      R  stderr -----------   112: all_q
{shiny}      R  stderr -----------   110: renderText
{shiny}      R  stderr -----------   109: func
{shiny}      R  stderr -----------    96: renderFunc
{shiny}      R  stderr -----------    95: output$teal-main_ui-root-therapy__e2e_-module-title
{shiny}      R  stderr -----------    14: &lt;Anonymous&gt;
{shiny}      R  stderr -----------    12: &lt;Anonymous&gt;
{shiny}      R  stderr -----------    11: &lt;Anonymous&gt;
{shiny}      R  stderr -----------    10: base::do.call
{shiny}      R  stderr -----------     9: base::saveRDS
{shiny}      R  stderr -----------     8: base::withCallingHandlers
{shiny}      R  stderr -----------     7: doTryCatch
{shiny}      R  stderr -----------     6: tryCatchOne
{shiny}      R  stderr -----------     5: tryCatchList
{shiny}      R  stderr -----------     2: tryCatchList
{shiny}      R  stderr -----------     1: base::tryCatch
{shiny}      R  stderr ----------- Warning: Error in &lt;Anonymous&gt;: error in evaluating the argument 'code' in selecting a method for function 'eval_code': Assertion on 'subset' failed: Must be a subset of {'','USUBJID','STUDYID','CMCLAS','CMDECOD','ATIREL','CMCAT','COUNTRY','SITEID','SUBJID','AGE','SEX','ARMCD','ARM','ACTARMCD','ACTARM','RACE','TRTSDTM','TRTEDTM','EOSDY','EOSDT','STRATA1','STRATA2','BMRKR1','BMRKR2','REGION1','SAFFL','EOSSTT','EOTSTT','DCSREAS','DTHDT','ASTDTM','ASTDY','AENDTM','AENDY','CMSEQ','ATC1','ATC2','ATC3','ATC4','CMINDC','CMDOSE','CMTRT','CMDOSU','CMROUTE','CMDOSFRQ','CMASTDTM','CMAENDTM','ATIREL2','CMDECOD2','CMINDC2','CMDOSE2','CMDOSU2','CMROUTE2','CMDOSFRQ2','ASTDY2','AENDY2'}, but has additional elements {'CMTRT2'}.
{shiny}      R  stderr -----------   122: &lt;Anonymous&gt;
{shiny}      R  stderr -----------   121: stop
{shiny}      R  stderr -----------   120: all_q
{shiny}      R  stderr -----------   117: exprFunc
{shiny}      R  stderr -----------   116: widgetFunc
{shiny}      R  stderr -----------   115: ::
{shiny}      R  stderr ----------- htmlwidgets
{shiny}      R  stderr ----------- shinyRenderWidget
{shiny}      R  stderr -----------   114: func
{shiny}      R  stderr -----------   101: renderFunc
{shiny}      R  stderr -----------   100: renderFunc
{shiny}      R  stderr -----------    96: renderFunc
{shiny}      R  stderr -----------    95: output$teal-main_ui-root-therapy__e2e_-module-therapy_table
{shiny}      R  stderr -----------    14: &lt;Anonymous&gt;
{shiny}      R  stderr -----------    12: &lt;Anonymous&gt;
{shiny}      R  stderr -----------    11: &lt;Anonymous&gt;
{shiny}      R  stderr -----------    10: base::do.call
{shiny}      R  stderr -----------     9: base::saveRDS
{shiny}      R  stderr -----------     8: base::withCallingHandlers
{shiny}      R  stderr -----------     7: doTryCatch
{shiny}      R  stderr -----------     6: tryCatchOne
{shiny}      R  stderr -----------     5: tryCatchList
{shiny}      R  stderr -----------     2: tryCatchList
{shiny}      R  stderr -----------     1: base::tryCatch
{shiny}      R  stderr ----------- Warning: Error in variable_choices.data.frame: Assertion on 'subset' failed: Must be a subset of {'','USUBJID','STUDYID','CMCLAS','CMDECOD','ATIREL','CMCAT','COUNTRY','SITEID','SUBJID','AGE','SEX','ARMCD','ARM','ACTARMCD','ACTARM','RACE','TRTSDTM','TRTEDTM','EOSDY','EOSDT','STRATA1','STRATA2','BMRKR1','BMRKR2','REGION1','SAFFL','EOSSTT','EOTSTT','DCSREAS','DTHDT','ASTDTM','ASTDY','AENDTM','AENDY','CMSEQ','ATC1','ATC2','ATC3','ATC4','CMINDC','CMDOSE','CMTRT','CMDOSU','CMROUTE','CMDOSFRQ','CMASTDTM','CMAENDTM','ATIREL2','CMDECOD2','CMINDC2','CMDOSE2','CMDOSU2','CMROUTE2','CMDOSFRQ2','ASTDY2','AENDY2'}, but has additional elements {'CMTRT2'}.
{shiny}      R  stderr -----------   162: &lt;Anonymous&gt;
{shiny}      R  stderr -----------   161: stop
{shiny}      R  stderr -----------   160: selector_list
{shiny}      R  stderr -----------   159: teal.transform::compose_and_enable_validators
{shiny}      R  stderr -----------   158: &lt;reactive&gt;
{shiny}      R  stderr -----------   142: iv_r
{shiny}      R  stderr -----------   135: &lt;reactive&gt;
{shiny}      R  stderr -----------   119: plot_r
{shiny}      R  stderr -----------   110: renderUI
{shiny}      R  stderr -----------   109: func
{shiny}      R  stderr -----------    96: renderFunc
{shiny}      R  stderr -----------    95: output$teal-main_ui-root-therapy__e2e_-module-therapy_plot-plot_out_main
{shiny}      R  stderr -----------    14: &lt;Anonymous&gt;
{shiny}      R  stderr -----------    12: &lt;Anonymous&gt;
{shiny}      R  stderr -----------    11: &lt;Anonymous&gt;
{shiny}      R  stderr -----------    10: base::do.call
{shiny}      R  stderr -----------     9: base::saveRDS
{shiny}      R  stderr -----------     8: base::withCallingHandlers
{shiny}      R  stderr -----------     7: doTryCatch
{shiny}      R  stderr -----------     6: tryCatchOne
{shiny}      R  stderr -----------     5: tryCatchList
{shiny}      R  stderr -----------     2: tryCatchList
{shiny}      R  stderr -----------     1: base::tryCatch
{shiny}      R  stderr ----------- Warning: Error in &lt;Anonymous&gt;: error in evaluating the argument 'code' in selecting a method for function 'eval_code': Assertion on 'subset' failed: Must be a subset of {'','USUBJID','STUDYID','CMCLAS','CMDECOD','ATIREL','CMCAT','COUNTRY','SITEID','SUBJID','AGE','SEX','ARMCD','ARM','ACTARMCD','ACTARM','RACE','TRTSDTM','TRTEDTM','EOSDY','EOSDT','STRATA1','STRATA2','BMRKR1','BMRKR2','REGION1','SAFFL','EOSSTT','EOTSTT','DCSREAS','DTHDT','ASTDTM','ASTDY','AENDTM','AENDY','CMSEQ','ATC1','ATC2','ATC3','ATC4','CMINDC','CMDOSE','CMTRT','CMDOSU','CMROUTE','CMDOSFRQ','CMASTDTM','CMAENDTM','ATIREL2','CMDECOD2','CMINDC2','CMDOSE2','CMDOSU2','CMROUTE2','CMDOSFRQ2','ASTDY2','AENDY2'}, but has additional elements {'CMTRT2'}.
{shiny}      R  stderr -----------   14: &lt;Anonymous&gt;
{shiny}      R  stderr -----------   12: &lt;Anonymous&gt;
{shiny}      R  stderr -----------   11: &lt;Anonymous&gt;
{shiny}      R  stderr -----------   10: base::do.call
{shiny}      R  stderr -----------    9: base::saveRDS
{shiny}      R  stderr -----------    8: base::withCallingHandlers
{shiny}      R  stderr -----------    7: doTryCatch
{shiny}      R  stderr -----------    6: tryCatchOne
{shiny}      R  stderr -----------    5: tryCatchList
{shiny}      R  stderr -----------    2: tryCatchList
{shiny}      R  stderr -----------    1: base::tryCatch


Caused by error in `app_initialize_()`:
! Shiny app did not become stable in 1e+05ms.
Message: An error occurred while waiting for Shiny to be stable
Caused by error in `app_wait_for_idle()`:
! An error occurred while waiting for Shiny to be stable
Backtrace:
     x
  1. +-teal.modules.clinical (local) app_driver_tm_g_pp_therapy() at test-shinytest2-tm_g_pp_therapy.R:162:9
  2. | \-teal.modules.clinical:::init_teal_app_driver(...) at test-shinytest2-tm_g_pp_therapy.R:31:3
  3. |   +-testthat::with_mocked_bindings(...) at tests/testthat/helper-TealAppDriver.R:7:3
  4. |   \-TealAppDriver$new(...) at tests/testthat/helper-TealAppDriver.R:10:7
  5. |     \-teal (local) initialize(...)
  6. |       +-base::suppressWarnings(...)
  7. |       | \-base::withCallingHandlers(...)
  8. |       \-super$initialize(...)
  9. |         \-shinytest2:::app_initialize(...)
 10. |           +-base::withCallingHandlers(...)
 11. |           \-shinytest2:::app_initialize_(self, private, ..., view = view)
 12. |             +-base::withCallingHandlers(...)
 13. |             \-self$wait_for_idle(duration = 200, timeout = private$load_timeout)
 14. |               \-shinytest2:::app_wait_for_idle(...)
 15. |                 \-shinytest2:::app_abort(self, private, "An error occurred while waiting for Shiny to be stable")
 16. |                   \-rlang::abort(..., app = self, call = call)
 17. |                     \-rlang:::signal_abort(cnd, .file)
 18. |                       \-base::signalCondition(cnd)
 19. +-shinytest2 (local) `&lt;fn&gt;`(`&lt;rlng_rrr&gt;`)
 20. | \-shinytest2:::app_abort(...)
 21. |   \-rlang::abort(..., app = self, call = call)
 22. |     \-rlang:::signal_abort(cnd, .file)
 23. |       \-base::signalCondition(cnd)
 24. \-shinytest2 (local) `&lt;fn&gt;`(`&lt;rlng_rrr&gt;`)
 25.   \-shinytest2:::app_abort(...)
 26.     \-rlang::abort(..., app = self, call = call)</error>
    </testcase>
    <testcase time="102.923" classname="shinytest2_tm_g_pp_therapy" name="e2e_tm_g_pp_therapy_Deselection_of_cmindc_dataset_ADCM_singleextract_select_throws_validation_error.">
      <error type="error" message="Error in `app_initialize(self, private, app_dir = app_dir, ..., load_timeout = load_timeout,  ('test-shinytest2-tm_g_pp_therapy.R:189:5')">Error in `app_initialize(self, private, app_dir = app_dir, ..., load_timeout = load_timeout, 
    timeout = timeout, wait = wait, expect_values_screenshot_args = expect_values_screenshot_args, 
    screenshot_args = screenshot_args, check_names = check_names, 
    name = name, variant = variant, view = view, height = height, 
    width = width, seed = seed, clean_logs = clean_logs, shiny_args = shiny_args, 
    render_args = render_args, options = options)`: Shiny app did not become stable in 1e+05ms.
Message: An error occurred while waiting for Shiny to be stable
Caused by error in `app_wait_for_idle()`:
! An error occurred while waiting for Shiny to be stable


i You can inspect the failed AppDriver object via `rlang::last_error()$app`
i AppDriver logs:
{shinytest2} R  info   23:04:18.30 Start AppDriver initialization
{shinytest2} R  info   23:04:18.33 Starting Shiny app
{shinytest2} R  info   23:04:20.36 Creating new ChromoteSession
{shinytest2} R  info   23:04:20.38 Navigating to Shiny app
{shinytest2} R  info   23:04:20.50 Injecting shiny-tracer.js
{chromote}   JS info   23:04:20.51 shinytest2; jQuery not found
{chromote}   JS info   23:04:20.51 shinytest2; Loaded
{shinytest2} R  info   23:04:20.51 Waiting for Shiny to become ready
{chromote}   JS info   23:04:20.60 shinytest2; jQuery found
{chromote}   JS info   23:04:20.60 shinytest2; Waiting for shiny session to connect
{chromote}   JS info   23:04:20.72 shinytest2; Connected
{shinytest2} R  info   23:04:20.73 Waiting for Shiny to become idle for 200ms within 1e+05ms
{chromote}   JS info   23:04:20.73 shinytest2; Waiting for Shiny to be stable
{chromote}   JS info   23:04:20.76 shinytest2; shiny:busy
{chromote}   JS info   23:04:22.05 shinytest2; shiny:idle
{chromote}   JS info   23:04:22.05 shinytest2; shiny:value teal-identifier
{chromote}   JS info   23:04:22.05 shinytest2; shiny:value error
{chromote}   JS info   23:04:22.06 shinytest2; shiny:busy
{chromote}   JS info   23:04:22.06 shinytest2; shiny:idle
{chromote}   JS info   23:04:22.08 shinytest2; shiny:busy
{shinytest2} R  info   23:06:00.74 Error while initializing AppDriver:
                                   Shiny app did not become stable in 1e+05ms.
                                   Message: An error occurred while waiting for Shiny to be stable
                                   Caused by error in `app_wait_for_idle()`:
                                   ! An error occurred while waiting for Shiny to be stable
{shiny}      R  stderr ----------- Loading required package: shiny
{shiny}      R  stderr ----------- Attempting to load the environment ‘package:dplyr’
{shiny}      R  stderr ----------- 
{shiny}      R  stderr ----------- Attaching package: ‘dplyr’
{shiny}      R  stderr ----------- 
{shiny}      R  stderr ----------- The following objects are masked from ‘package:stats’:
{shiny}      R  stderr ----------- 
{shiny}      R  stderr -----------     filter, lag
{shiny}      R  stderr ----------- 
{shiny}      R  stderr ----------- The following objects are masked from ‘package:base’:
{shiny}      R  stderr ----------- 
{shiny}      R  stderr -----------     intersect, setdiff, setequal, union
{shiny}      R  stderr ----------- 
{shiny}      R  stderr ----------- Loading required package: teal
{shiny}      R  stderr ----------- Loading required package: teal.data
{shiny}      R  stderr ----------- Loading required package: teal.code
{shiny}      R  stderr ----------- Loading required package: teal.slice
{shiny}      R  stderr ----------- 
{shiny}      R  stderr ----------- You are using teal version 0.15.2.9031
{shiny}      R  stderr ----------- 
{shiny}      R  stderr ----------- Attaching package: ‘teal’
{shiny}      R  stderr ----------- 
{shiny}      R  stderr ----------- The following objects are masked from ‘package:teal.slice’:
{shiny}      R  stderr ----------- 
{shiny}      R  stderr -----------     as.teal_slices, teal_slices
{shiny}      R  stderr ----------- 
{shiny}      R  stderr ----------- Loading required package: teal.transform
{shiny}      R  stderr ----------- Loading required package: tern
{shiny}      R  stderr ----------- Loading required package: rtables
{shiny}      R  stderr ----------- Loading required package: formatters
{shiny}      R  stderr ----------- Loading required package: magrittr
{shiny}      R  stderr ----------- 
{shiny}      R  stderr ----------- Attaching package: ‘rtables’
{shiny}      R  stderr ----------- 
{shiny}      R  stderr ----------- The following object is masked from ‘package:utils’:
{shiny}      R  stderr ----------- 
{shiny}      R  stderr -----------     str
{shiny}      R  stderr ----------- 
{shiny}      R  stderr ----------- Running application in test mode.
{shiny}      R  stderr ----------- 
{shiny}      R  stderr ----------- Listening on http://127.0.0.1:6525
{shiny}      R  stderr ----------- Initializing reporter_previewer_module
{shiny}      R  stderr ----------- Warning: Error in &lt;Anonymous&gt;: error in evaluating the argument 'code' in selecting a method for function 'eval_code': Assertion on 'subset' failed: Must be a subset of {'','USUBJID','STUDYID','CMCLAS','CMDECOD','ATIREL','CMCAT','COUNTRY','SITEID','SUBJID','AGE','SEX','ARMCD','ARM','ACTARMCD','ACTARM','RACE','TRTSDTM','TRTEDTM','EOSDY','EOSDT','STRATA1','STRATA2','BMRKR1','BMRKR2','REGION1','SAFFL','EOSSTT','EOTSTT','DCSREAS','DTHDT','ASTDTM','ASTDY','AENDTM','AENDY','CMSEQ','ATC1','ATC2','ATC3','ATC4','CMINDC','CMDOSE','CMTRT','CMDOSU','CMROUTE','CMDOSFRQ','CMASTDTM','CMAENDTM','ATIREL2','CMDECOD2','CMINDC2','CMDOSE2','CMDOSU2','CMROUTE2','CMDOSFRQ2','ASTDY2','AENDY2'}, but has additional elements {'CMTRT2'}.
{shiny}      R  stderr -----------   241: &lt;Anonymous&gt;
{shiny}      R  stderr -----------   240: stop
{shiny}      R  stderr -----------   239: mstop
{shiny}      R  stderr -----------   238: makeAssertion
{shiny}      R  stderr -----------   237: checkmate::assert_subset
{shiny}      R  stderr -----------   236: variable_choices.data.frame
{shiny}      R  stderr -----------   233: resolve.delayed_variable_choices
{shiny}      R  stderr -----------   231: resolve.delayed_select_spec
{shiny}      R  stderr -----------   229: resolve.delayed_data_extract_spec
{shiny}      R  stderr -----------   227: resolve_delayed.list
{shiny}      R  stderr -----------   213: module
{shiny}      R  stderr -----------   208: callModule
{shiny}      R  stderr -----------   207: moduleServer
{shiny}      R  stderr -----------   206: data_extract_single_srv
{shiny}      R  stderr -----------   205: FUN
{shiny}      R  stderr -----------   204: lapply
{shiny}      R  stderr -----------   203: module
{shiny}      R  stderr -----------   198: callModule
{shiny}      R  stderr -----------   197: moduleServer
{shiny}      R  stderr -----------   196: data_extract_srv.list
{shiny}      R  stderr -----------   194: FUN
{shiny}      R  stderr -----------   193: lapply
{shiny}      R  stderr -----------   192: sapply
{shiny}      R  stderr -----------   191: &lt;reactive&gt;
{shiny}      R  stderr -----------   175: selector_list
{shiny}      R  stderr -----------   170: &lt;reactive&gt;
{shiny}      R  stderr -----------   154: anl_inputs
{shiny}      R  stderr -----------   153: as.expression
{shiny}      R  stderr -----------   152: teal.code::eval_code
{shiny}      R  stderr -----------   151: %&gt;%
{shiny}      R  stderr -----------   150: &lt;reactive&gt;
{shiny}      R  stderr -----------   134: merged$anl_q
{shiny}      R  stderr -----------   128: &lt;reactive&gt;
{shiny}      R  stderr -----------   112: all_q
{shiny}      R  stderr -----------   110: renderText
{shiny}      R  stderr -----------   109: func
{shiny}      R  stderr -----------    96: renderFunc
{shiny}      R  stderr -----------    95: output$teal-main_ui-root-therapy__e2e_-module-title
{shiny}      R  stderr -----------    14: &lt;Anonymous&gt;
{shiny}      R  stderr -----------    12: &lt;Anonymous&gt;
{shiny}      R  stderr -----------    11: &lt;Anonymous&gt;
{shiny}      R  stderr -----------    10: base::do.call
{shiny}      R  stderr -----------     9: base::saveRDS
{shiny}      R  stderr -----------     8: base::withCallingHandlers
{shiny}      R  stderr -----------     7: doTryCatch
{shiny}      R  stderr -----------     6: tryCatchOne
{shiny}      R  stderr -----------     5: tryCatchList
{shiny}      R  stderr -----------     2: tryCatchList
{shiny}      R  stderr -----------     1: base::tryCatch
{shiny}      R  stderr ----------- Warning: Error in &lt;Anonymous&gt;: error in evaluating the argument 'code' in selecting a method for function 'eval_code': Assertion on 'subset' failed: Must be a subset of {'','USUBJID','STUDYID','CMCLAS','CMDECOD','ATIREL','CMCAT','COUNTRY','SITEID','SUBJID','AGE','SEX','ARMCD','ARM','ACTARMCD','ACTARM','RACE','TRTSDTM','TRTEDTM','EOSDY','EOSDT','STRATA1','STRATA2','BMRKR1','BMRKR2','REGION1','SAFFL','EOSSTT','EOTSTT','DCSREAS','DTHDT','ASTDTM','ASTDY','AENDTM','AENDY','CMSEQ','ATC1','ATC2','ATC3','ATC4','CMINDC','CMDOSE','CMTRT','CMDOSU','CMROUTE','CMDOSFRQ','CMASTDTM','CMAENDTM','ATIREL2','CMDECOD2','CMINDC2','CMDOSE2','CMDOSU2','CMROUTE2','CMDOSFRQ2','ASTDY2','AENDY2'}, but has additional elements {'CMTRT2'}.
{shiny}      R  stderr -----------   122: &lt;Anonymous&gt;
{shiny}      R  stderr -----------   121: stop
{shiny}      R  stderr -----------   120: all_q
{shiny}      R  stderr -----------   117: exprFunc
{shiny}      R  stderr -----------   116: widgetFunc
{shiny}      R  stderr -----------   115: ::
{shiny}      R  stderr ----------- htmlwidgets
{shiny}      R  stderr ----------- shinyRenderWidget
{shiny}      R  stderr -----------   114: func
{shiny}      R  stderr -----------   101: renderFunc
{shiny}      R  stderr -----------   100: renderFunc
{shiny}      R  stderr -----------    96: renderFunc
{shiny}      R  stderr -----------    95: output$teal-main_ui-root-therapy__e2e_-module-therapy_table
{shiny}      R  stderr -----------    14: &lt;Anonymous&gt;
{shiny}      R  stderr -----------    12: &lt;Anonymous&gt;
{shiny}      R  stderr -----------    11: &lt;Anonymous&gt;
{shiny}      R  stderr -----------    10: base::do.call
{shiny}      R  stderr -----------     9: base::saveRDS
{shiny}      R  stderr -----------     8: base::withCallingHandlers
{shiny}      R  stderr -----------     7: doTryCatch
{shiny}      R  stderr -----------     6: tryCatchOne
{shiny}      R  stderr -----------     5: tryCatchList
{shiny}      R  stderr -----------     2: tryCatchList
{shiny}      R  stderr -----------     1: base::tryCatch
{shiny}      R  stderr ----------- Warning: Error in variable_choices.data.frame: Assertion on 'subset' failed: Must be a subset of {'','USUBJID','STUDYID','CMCLAS','CMDECOD','ATIREL','CMCAT','COUNTRY','SITEID','SUBJID','AGE','SEX','ARMCD','ARM','ACTARMCD','ACTARM','RACE','TRTSDTM','TRTEDTM','EOSDY','EOSDT','STRATA1','STRATA2','BMRKR1','BMRKR2','REGION1','SAFFL','EOSSTT','EOTSTT','DCSREAS','DTHDT','ASTDTM','ASTDY','AENDTM','AENDY','CMSEQ','ATC1','ATC2','ATC3','ATC4','CMINDC','CMDOSE','CMTRT','CMDOSU','CMROUTE','CMDOSFRQ','CMASTDTM','CMAENDTM','ATIREL2','CMDECOD2','CMINDC2','CMDOSE2','CMDOSU2','CMROUTE2','CMDOSFRQ2','ASTDY2','AENDY2'}, but has additional elements {'CMTRT2'}.
{shiny}      R  stderr -----------   162: &lt;Anonymous&gt;
{shiny}      R  stderr -----------   161: stop
{shiny}      R  stderr -----------   160: selector_list
{shiny}      R  stderr -----------   159: teal.transform::compose_and_enable_validators
{shiny}      R  stderr -----------   158: &lt;reactive&gt;
{shiny}      R  stderr -----------   142: iv_r
{shiny}      R  stderr -----------   135: &lt;reactive&gt;
{shiny}      R  stderr -----------   119: plot_r
{shiny}      R  stderr -----------   110: renderUI
{shiny}      R  stderr -----------   109: func
{shiny}      R  stderr -----------    96: renderFunc
{shiny}      R  stderr -----------    95: output$teal-main_ui-root-therapy__e2e_-module-therapy_plot-plot_out_main
{shiny}      R  stderr -----------    14: &lt;Anonymous&gt;
{shiny}      R  stderr -----------    12: &lt;Anonymous&gt;
{shiny}      R  stderr -----------    11: &lt;Anonymous&gt;
{shiny}      R  stderr -----------    10: base::do.call
{shiny}      R  stderr -----------     9: base::saveRDS
{shiny}      R  stderr -----------     8: base::withCallingHandlers
{shiny}      R  stderr -----------     7: doTryCatch
{shiny}      R  stderr -----------     6: tryCatchOne
{shiny}      R  stderr -----------     5: tryCatchList
{shiny}      R  stderr -----------     2: tryCatchList
{shiny}      R  stderr -----------     1: base::tryCatch
{shiny}      R  stderr ----------- Warning: Error in &lt;Anonymous&gt;: error in evaluating the argument 'code' in selecting a method for function 'eval_code': Assertion on 'subset' failed: Must be a subset of {'','USUBJID','STUDYID','CMCLAS','CMDECOD','ATIREL','CMCAT','COUNTRY','SITEID','SUBJID','AGE','SEX','ARMCD','ARM','ACTARMCD','ACTARM','RACE','TRTSDTM','TRTEDTM','EOSDY','EOSDT','STRATA1','STRATA2','BMRKR1','BMRKR2','REGION1','SAFFL','EOSSTT','EOTSTT','DCSREAS','DTHDT','ASTDTM','ASTDY','AENDTM','AENDY','CMSEQ','ATC1','ATC2','ATC3','ATC4','CMINDC','CMDOSE','CMTRT','CMDOSU','CMROUTE','CMDOSFRQ','CMASTDTM','CMAENDTM','ATIREL2','CMDECOD2','CMINDC2','CMDOSE2','CMDOSU2','CMROUTE2','CMDOSFRQ2','ASTDY2','AENDY2'}, but has additional elements {'CMTRT2'}.
{shiny}      R  stderr -----------   14: &lt;Anonymous&gt;
{shiny}      R  stderr -----------   12: &lt;Anonymous&gt;
{shiny}      R  stderr -----------   11: &lt;Anonymous&gt;
{shiny}      R  stderr -----------   10: base::do.call
{shiny}      R  stderr -----------    9: base::saveRDS
{shiny}      R  stderr -----------    8: base::withCallingHandlers
{shiny}      R  stderr -----------    7: doTryCatch
{shiny}      R  stderr -----------    6: tryCatchOne
{shiny}      R  stderr -----------    5: tryCatchList
{shiny}      R  stderr -----------    2: tryCatchList
{shiny}      R  stderr -----------    1: base::tryCatch


Caused by error in `app_initialize_()`:
! Shiny app did not become stable in 1e+05ms.
Message: An error occurred while waiting for Shiny to be stable
Caused by error in `app_wait_for_idle()`:
! An error occurred while waiting for Shiny to be stable
Backtrace:
     x
  1. +-teal.modules.clinical (local) app_driver_tm_g_pp_therapy() at test-shinytest2-tm_g_pp_therapy.R:189:5
  2. | \-teal.modules.clinical:::init_teal_app_driver(...) at test-shinytest2-tm_g_pp_therapy.R:31:3
  3. |   +-testthat::with_mocked_bindings(...) at tests/testthat/helper-TealAppDriver.R:7:3
  4. |   \-TealAppDriver$new(...) at tests/testthat/helper-TealAppDriver.R:10:7
  5. |     \-teal (local) initialize(...)
  6. |       +-base::suppressWarnings(...)
  7. |       | \-base::withCallingHandlers(...)
  8. |       \-super$initialize(...)
  9. |         \-shinytest2:::app_initialize(...)
 10. |           +-base::withCallingHandlers(...)
 11. |           \-shinytest2:::app_initialize_(self, private, ..., view = view)
 12. |             +-base::withCallingHandlers(...)
 13. |             \-self$wait_for_idle(duration = 200, timeout = private$load_timeout)
 14. |               \-shinytest2:::app_wait_for_idle(...)
 15. |                 \-shinytest2:::app_abort(self, private, "An error occurred while waiting for Shiny to be stable")
 16. |                   \-rlang::abort(..., app = self, call = call)
 17. |                     \-rlang:::signal_abort(cnd, .file)
 18. |                       \-base::signalCondition(cnd)
 19. +-shinytest2 (local) `&lt;fn&gt;`(`&lt;rlng_rrr&gt;`)
 20. | \-shinytest2:::app_abort(...)
 21. |   \-rlang::abort(..., app = self, call = call)
 22. |     \-rlang:::signal_abort(cnd, .file)
 23. |       \-base::signalCondition(cnd)
 24. \-shinytest2 (local) `&lt;fn&gt;`(`&lt;rlng_rrr&gt;`)
 25.   \-shinytest2:::app_abort(...)
 26.     \-rlang::abort(..., app = self, call = call)</error>
    </testcase>
    <testcase time="102.854" classname="shinytest2_tm_g_pp_therapy" name="e2e_tm_g_pp_therapy_Selection_of_cmdose_changes_the_element_and_does_not_throw_validation_errors">
      <error type="error" message="Error in `app_initialize(self, private, app_dir = app_dir, ..., load_timeout = load_timeout,  ('test-shinytest2-tm_g_pp_therapy.R:162:9')">Error in `app_initialize(self, private, app_dir = app_dir, ..., load_timeout = load_timeout, 
    timeout = timeout, wait = wait, expect_values_screenshot_args = expect_values_screenshot_args, 
    screenshot_args = screenshot_args, check_names = check_names, 
    name = name, variant = variant, view = view, height = height, 
    width = width, seed = seed, clean_logs = clean_logs, shiny_args = shiny_args, 
    render_args = render_args, options = options)`: Shiny app did not become stable in 1e+05ms.
Message: An error occurred while waiting for Shiny to be stable
Caused by error in `app_wait_for_idle()`:
! An error occurred while waiting for Shiny to be stable


i You can inspect the failed AppDriver object via `rlang::last_error()$app`
i AppDriver logs:
{shinytest2} R  info   23:06:01.20 Start AppDriver initialization
{shinytest2} R  info   23:06:01.22 Starting Shiny app
{shinytest2} R  info   23:06:03.25 Creating new ChromoteSession
{shinytest2} R  info   23:06:03.27 Navigating to Shiny app
{shinytest2} R  info   23:06:03.37 Injecting shiny-tracer.js
{chromote}   JS info   23:06:03.38 shinytest2; jQuery not found
{chromote}   JS info   23:06:03.38 shinytest2; Loaded
{shinytest2} R  info   23:06:03.38 Waiting for Shiny to become ready
{chromote}   JS info   23:06:03.47 shinytest2; jQuery found
{chromote}   JS info   23:06:03.47 shinytest2; Waiting for shiny session to connect
{chromote}   JS info   23:06:03.59 shinytest2; Connected
{shinytest2} R  info   23:06:03.60 Waiting for Shiny to become idle for 200ms within 1e+05ms
{chromote}   JS info   23:06:03.60 shinytest2; Waiting for Shiny to be stable
{chromote}   JS info   23:06:03.63 shinytest2; shiny:busy
{chromote}   JS info   23:06:04.89 shinytest2; shiny:idle
{chromote}   JS info   23:06:04.90 shinytest2; shiny:value teal-identifier
{chromote}   JS info   23:06:04.90 shinytest2; shiny:value error
{chromote}   JS info   23:06:04.90 shinytest2; shiny:busy
{chromote}   JS info   23:06:04.90 shinytest2; shiny:idle
{chromote}   JS info   23:06:04.94 shinytest2; shiny:busy
{shinytest2} R  info   23:07:43.62 Error while initializing AppDriver:
                                   Shiny app did not become stable in 1e+05ms.
                                   Message: An error occurred while waiting for Shiny to be stable
                                   Caused by error in `app_wait_for_idle()`:
                                   ! An error occurred while waiting for Shiny to be stable
{shiny}      R  stderr ----------- Loading required package: shiny
{shiny}      R  stderr ----------- Attempting to load the environment ‘package:dplyr’
{shiny}      R  stderr ----------- 
{shiny}      R  stderr ----------- Attaching package: ‘dplyr’
{shiny}      R  stderr ----------- 
{shiny}      R  stderr ----------- The following objects are masked from ‘package:stats’:
{shiny}      R  stderr ----------- 
{shiny}      R  stderr -----------     filter, lag
{shiny}      R  stderr ----------- 
{shiny}      R  stderr ----------- The following objects are masked from ‘package:base’:
{shiny}      R  stderr ----------- 
{shiny}      R  stderr -----------     intersect, setdiff, setequal, union
{shiny}      R  stderr ----------- 
{shiny}      R  stderr ----------- Loading required package: teal
{shiny}      R  stderr ----------- Loading required package: teal.data
{shiny}      R  stderr ----------- Loading required package: teal.code
{shiny}      R  stderr ----------- Loading required package: teal.slice
{shiny}      R  stderr ----------- 
{shiny}      R  stderr ----------- You are using teal version 0.15.2.9031
{shiny}      R  stderr ----------- 
{shiny}      R  stderr ----------- Attaching package: ‘teal’
{shiny}      R  stderr ----------- 
{shiny}      R  stderr ----------- The following objects are masked from ‘package:teal.slice’:
{shiny}      R  stderr ----------- 
{shiny}      R  stderr -----------     as.teal_slices, teal_slices
{shiny}      R  stderr ----------- 
{shiny}      R  stderr ----------- Loading required package: teal.transform
{shiny}      R  stderr ----------- Loading required package: tern
{shiny}      R  stderr ----------- Loading required package: rtables
{shiny}      R  stderr ----------- Loading required package: formatters
{shiny}      R  stderr ----------- Loading required package: magrittr
{shiny}      R  stderr ----------- 
{shiny}      R  stderr ----------- Attaching package: ‘rtables’
{shiny}      R  stderr ----------- 
{shiny}      R  stderr ----------- The following object is masked from ‘package:utils’:
{shiny}      R  stderr ----------- 
{shiny}      R  stderr -----------     str
{shiny}      R  stderr ----------- 
{shiny}      R  stderr ----------- Running application in test mode.
{shiny}      R  stderr ----------- 
{shiny}      R  stderr ----------- Listening on http://127.0.0.1:6860
{shiny}      R  stderr ----------- Initializing reporter_previewer_module
{shiny}      R  stderr ----------- Warning: Error in &lt;Anonymous&gt;: error in evaluating the argument 'code' in selecting a method for function 'eval_code': Assertion on 'subset' failed: Must be a subset of {'','USUBJID','STUDYID','CMCLAS','CMDECOD','ATIREL','CMCAT','COUNTRY','SITEID','SUBJID','AGE','SEX','ARMCD','ARM','ACTARMCD','ACTARM','RACE','TRTSDTM','TRTEDTM','EOSDY','EOSDT','STRATA1','STRATA2','BMRKR1','BMRKR2','REGION1','SAFFL','EOSSTT','EOTSTT','DCSREAS','DTHDT','ASTDTM','ASTDY','AENDTM','AENDY','CMSEQ','ATC1','ATC2','ATC3','ATC4','CMINDC','CMDOSE','CMTRT','CMDOSU','CMROUTE','CMDOSFRQ','CMASTDTM','CMAENDTM','ATIREL2','CMDECOD2','CMINDC2','CMDOSE2','CMDOSU2','CMROUTE2','CMDOSFRQ2','ASTDY2','AENDY2'}, but has additional elements {'CMTRT2'}.
{shiny}      R  stderr -----------   241: &lt;Anonymous&gt;
{shiny}      R  stderr -----------   240: stop
{shiny}      R  stderr -----------   239: mstop
{shiny}      R  stderr -----------   238: makeAssertion
{shiny}      R  stderr -----------   237: checkmate::assert_subset
{shiny}      R  stderr -----------   236: variable_choices.data.frame
{shiny}      R  stderr -----------   233: resolve.delayed_variable_choices
{shiny}      R  stderr -----------   231: resolve.delayed_select_spec
{shiny}      R  stderr -----------   229: resolve.delayed_data_extract_spec
{shiny}      R  stderr -----------   227: resolve_delayed.list
{shiny}      R  stderr -----------   213: module
{shiny}      R  stderr -----------   208: callModule
{shiny}      R  stderr -----------   207: moduleServer
{shiny}      R  stderr -----------   206: data_extract_single_srv
{shiny}      R  stderr -----------   205: FUN
{shiny}      R  stderr -----------   204: lapply
{shiny}      R  stderr -----------   203: module
{shiny}      R  stderr -----------   198: callModule
{shiny}      R  stderr -----------   197: moduleServer
{shiny}      R  stderr -----------   196: data_extract_srv.list
{shiny}      R  stderr -----------   194: FUN
{shiny}      R  stderr -----------   193: lapply
{shiny}      R  stderr -----------   192: sapply
{shiny}      R  stderr -----------   191: &lt;reactive&gt;
{shiny}      R  stderr -----------   175: selector_list
{shiny}      R  stderr -----------   170: &lt;reactive&gt;
{shiny}      R  stderr -----------   154: anl_inputs
{shiny}      R  stderr -----------   153: as.expression
{shiny}      R  stderr -----------   152: teal.code::eval_code
{shiny}      R  stderr -----------   151: %&gt;%
{shiny}      R  stderr -----------   150: &lt;reactive&gt;
{shiny}      R  stderr -----------   134: merged$anl_q
{shiny}      R  stderr -----------   128: &lt;reactive&gt;
{shiny}      R  stderr -----------   112: all_q
{shiny}      R  stderr -----------   110: renderText
{shiny}      R  stderr -----------   109: func
{shiny}      R  stderr -----------    96: renderFunc
{shiny}      R  stderr -----------    95: output$teal-main_ui-root-therapy__e2e_-module-title
{shiny}      R  stderr -----------    14: &lt;Anonymous&gt;
{shiny}      R  stderr -----------    12: &lt;Anonymous&gt;
{shiny}      R  stderr -----------    11: &lt;Anonymous&gt;
{shiny}      R  stderr -----------    10: base::do.call
{shiny}      R  stderr -----------     9: base::saveRDS
{shiny}      R  stderr -----------     8: base::withCallingHandlers
{shiny}      R  stderr -----------     7: doTryCatch
{shiny}      R  stderr -----------     6: tryCatchOne
{shiny}      R  stderr -----------     5: tryCatchList
{shiny}      R  stderr -----------     2: tryCatchList
{shiny}      R  stderr -----------     1: base::tryCatch
{shiny}      R  stderr ----------- Warning: Error in &lt;Anonymous&gt;: error in evaluating the argument 'code' in selecting a method for function 'eval_code': Assertion on 'subset' failed: Must be a subset of {'','USUBJID','STUDYID','CMCLAS','CMDECOD','ATIREL','CMCAT','COUNTRY','SITEID','SUBJID','AGE','SEX','ARMCD','ARM','ACTARMCD','ACTARM','RACE','TRTSDTM','TRTEDTM','EOSDY','EOSDT','STRATA1','STRATA2','BMRKR1','BMRKR2','REGION1','SAFFL','EOSSTT','EOTSTT','DCSREAS','DTHDT','ASTDTM','ASTDY','AENDTM','AENDY','CMSEQ','ATC1','ATC2','ATC3','ATC4','CMINDC','CMDOSE','CMTRT','CMDOSU','CMROUTE','CMDOSFRQ','CMASTDTM','CMAENDTM','ATIREL2','CMDECOD2','CMINDC2','CMDOSE2','CMDOSU2','CMROUTE2','CMDOSFRQ2','ASTDY2','AENDY2'}, but has additional elements {'CMTRT2'}.
{shiny}      R  stderr -----------   122: &lt;Anonymous&gt;
{shiny}      R  stderr -----------   121: stop
{shiny}      R  stderr -----------   120: all_q
{shiny}      R  stderr -----------   117: exprFunc
{shiny}      R  stderr -----------   116: widgetFunc
{shiny}      R  stderr -----------   115: ::
{shiny}      R  stderr ----------- htmlwidgets
{shiny}      R  stderr ----------- shinyRenderWidget
{shiny}      R  stderr -----------   114: func
{shiny}      R  stderr -----------   101: renderFunc
{shiny}      R  stderr -----------   100: renderFunc
{shiny}      R  stderr -----------    96: renderFunc
{shiny}      R  stderr -----------    95: output$teal-main_ui-root-therapy__e2e_-module-therapy_table
{shiny}      R  stderr -----------    14: &lt;Anonymous&gt;
{shiny}      R  stderr -----------    12: &lt;Anonymous&gt;
{shiny}      R  stderr -----------    11: &lt;Anonymous&gt;
{shiny}      R  stderr -----------    10: base::do.call
{shiny}      R  stderr -----------     9: base::saveRDS
{shiny}      R  stderr -----------     8: base::withCallingHandlers
{shiny}      R  stderr -----------     7: doTryCatch
{shiny}      R  stderr -----------     6: tryCatchOne
{shiny}      R  stderr -----------     5: tryCatchList
{shiny}      R  stderr -----------     2: tryCatchList
{shiny}      R  stderr -----------     1: base::tryCatch
{shiny}      R  stderr ----------- Warning: Error in variable_choices.data.frame: Assertion on 'subset' failed: Must be a subset of {'','USUBJID','STUDYID','CMCLAS','CMDECOD','ATIREL','CMCAT','COUNTRY','SITEID','SUBJID','AGE','SEX','ARMCD','ARM','ACTARMCD','ACTARM','RACE','TRTSDTM','TRTEDTM','EOSDY','EOSDT','STRATA1','STRATA2','BMRKR1','BMRKR2','REGION1','SAFFL','EOSSTT','EOTSTT','DCSREAS','DTHDT','ASTDTM','ASTDY','AENDTM','AENDY','CMSEQ','ATC1','ATC2','ATC3','ATC4','CMINDC','CMDOSE','CMTRT','CMDOSU','CMROUTE','CMDOSFRQ','CMASTDTM','CMAENDTM','ATIREL2','CMDECOD2','CMINDC2','CMDOSE2','CMDOSU2','CMROUTE2','CMDOSFRQ2','ASTDY2','AENDY2'}, but has additional elements {'CMTRT2'}.
{shiny}      R  stderr -----------   162: &lt;Anonymous&gt;
{shiny}      R  stderr -----------   161: stop
{shiny}      R  stderr -----------   160: selector_list
{shiny}      R  stderr -----------   159: teal.transform::compose_and_enable_validators
{shiny}      R  stderr -----------   158: &lt;reactive&gt;
{shiny}      R  stderr -----------   142: iv_r
{shiny}      R  stderr -----------   135: &lt;reactive&gt;
{shiny}      R  stderr -----------   119: plot_r
{shiny}      R  stderr -----------   110: renderUI
{shiny}      R  stderr -----------   109: func
{shiny}      R  stderr -----------    96: renderFunc
{shiny}      R  stderr -----------    95: output$teal-main_ui-root-therapy__e2e_-module-therapy_plot-plot_out_main
{shiny}      R  stderr -----------    14: &lt;Anonymous&gt;
{shiny}      R  stderr -----------    12: &lt;Anonymous&gt;
{shiny}      R  stderr -----------    11: &lt;Anonymous&gt;
{shiny}      R  stderr -----------    10: base::do.call
{shiny}      R  stderr -----------     9: base::saveRDS
{shiny}      R  stderr -----------     8: base::withCallingHandlers
{shiny}      R  stderr -----------     7: doTryCatch
{shiny}      R  stderr -----------     6: tryCatchOne
{shiny}      R  stderr -----------     5: tryCatchList
{shiny}      R  stderr -----------     2: tryCatchList
{shiny}      R  stderr -----------     1: base::tryCatch
{shiny}      R  stderr ----------- Warning: Error in &lt;Anonymous&gt;: error in evaluating the argument 'code' in selecting a method for function 'eval_code': Assertion on 'subset' failed: Must be a subset of {'','USUBJID','STUDYID','CMCLAS','CMDECOD','ATIREL','CMCAT','COUNTRY','SITEID','SUBJID','AGE','SEX','ARMCD','ARM','ACTARMCD','ACTARM','RACE','TRTSDTM','TRTEDTM','EOSDY','EOSDT','STRATA1','STRATA2','BMRKR1','BMRKR2','REGION1','SAFFL','EOSSTT','EOTSTT','DCSREAS','DTHDT','ASTDTM','ASTDY','AENDTM','AENDY','CMSEQ','ATC1','ATC2','ATC3','ATC4','CMINDC','CMDOSE','CMTRT','CMDOSU','CMROUTE','CMDOSFRQ','CMASTDTM','CMAENDTM','ATIREL2','CMDECOD2','CMINDC2','CMDOSE2','CMDOSU2','CMROUTE2','CMDOSFRQ2','ASTDY2','AENDY2'}, but has additional elements {'CMTRT2'}.
{shiny}      R  stderr -----------   14: &lt;Anonymous&gt;
{shiny}      R  stderr -----------   12: &lt;Anonymous&gt;
{shiny}      R  stderr -----------   11: &lt;Anonymous&gt;
{shiny}      R  stderr -----------   10: base::do.call
{shiny}      R  stderr -----------    9: base::saveRDS
{shiny}      R  stderr -----------    8: base::withCallingHandlers
{shiny}      R  stderr -----------    7: doTryCatch
{shiny}      R  stderr -----------    6: tryCatchOne
{shiny}      R  stderr -----------    5: tryCatchList
{shiny}      R  stderr -----------    2: tryCatchList
{shiny}      R  stderr -----------    1: base::tryCatch


Caused by error in `app_initialize_()`:
! Shiny app did not become stable in 1e+05ms.
Message: An error occurred while waiting for Shiny to be stable
Caused by error in `app_wait_for_idle()`:
! An error occurred while waiting for Shiny to be stable
Backtrace:
     x
  1. +-teal.modules.clinical (local) app_driver_tm_g_pp_therapy() at test-shinytest2-tm_g_pp_therapy.R:162:9
  2. | \-teal.modules.clinical:::init_teal_app_driver(...) at test-shinytest2-tm_g_pp_therapy.R:31:3
  3. |   +-testthat::with_mocked_bindings(...) at tests/testthat/helper-TealAppDriver.R:7:3
  4. |   \-TealAppDriver$new(...) at tests/testthat/helper-TealAppDriver.R:10:7
  5. |     \-teal (local) initialize(...)
  6. |       +-base::suppressWarnings(...)
  7. |       | \-base::withCallingHandlers(...)
  8. |       \-super$initialize(...)
  9. |         \-shinytest2:::app_initialize(...)
 10. |           +-base::withCallingHandlers(...)
 11. |           \-shinytest2:::app_initialize_(self, private, ..., view = view)
 12. |             +-base::withCallingHandlers(...)
 13. |             \-self$wait_for_idle(duration = 200, timeout = private$load_timeout)
 14. |               \-shinytest2:::app_wait_for_idle(...)
 15. |                 \-shinytest2:::app_abort(self, private, "An error occurred while waiting for Shiny to be stable")
 16. |                   \-rlang::abort(..., app = self, call = call)
 17. |                     \-rlang:::signal_abort(cnd, .file)
 18. |                       \-base::signalCondition(cnd)
 19. +-shinytest2 (local) `&lt;fn&gt;`(`&lt;rlng_rrr&gt;`)
 20. | \-shinytest2:::app_abort(...)
 21. |   \-rlang::abort(..., app = self, call = call)
 22. |     \-rlang:::signal_abort(cnd, .file)
 23. |       \-base::signalCondition(cnd)
 24. \-shinytest2 (local) `&lt;fn&gt;`(`&lt;rlng_rrr&gt;`)
 25.   \-shinytest2:::app_abort(...)
 26.     \-rlang::abort(..., app = self, call = call)</error>
    </testcase>
    <testcase time="102.95" classname="shinytest2_tm_g_pp_therapy" name="e2e_tm_g_pp_therapy_Deselection_of_cmdose_dataset_ADCM_singleextract_select_throws_validation_error.">
      <error type="error" message="Error in `app_initialize(self, private, app_dir = app_dir, ..., load_timeout = load_timeout,  ('test-shinytest2-tm_g_pp_therapy.R:189:5')">Error in `app_initialize(self, private, app_dir = app_dir, ..., load_timeout = load_timeout, 
    timeout = timeout, wait = wait, expect_values_screenshot_args = expect_values_screenshot_args, 
    screenshot_args = screenshot_args, check_names = check_names, 
    name = name, variant = variant, view = view, height = height, 
    width = width, seed = seed, clean_logs = clean_logs, shiny_args = shiny_args, 
    render_args = render_args, options = options)`: Shiny app did not become stable in 1e+05ms.
Message: An error occurred while waiting for Shiny to be stable
Caused by error in `app_wait_for_idle()`:
! An error occurred while waiting for Shiny to be stable


i You can inspect the failed AppDriver object via `rlang::last_error()$app`
i AppDriver logs:
{shinytest2} R  info   23:07:44.06 Start AppDriver initialization
{shinytest2} R  info   23:07:44.08 Starting Shiny app
{shinytest2} R  info   23:07:46.11 Creating new ChromoteSession
{shinytest2} R  info   23:07:46.13 Navigating to Shiny app
{shinytest2} R  info   23:07:46.23 Injecting shiny-tracer.js
{chromote}   JS info   23:07:46.23 shinytest2; jQuery not found
{chromote}   JS info   23:07:46.23 shinytest2; Loaded
{shinytest2} R  info   23:07:46.24 Waiting for Shiny to become ready
{chromote}   JS info   23:07:46.33 shinytest2; jQuery found
{chromote}   JS info   23:07:46.33 shinytest2; Waiting for shiny session to connect
{chromote}   JS info   23:07:46.46 shinytest2; Connected
{chromote}   JS info   23:07:46.50 shinytest2; shiny:busy
{shinytest2} R  info   23:07:46.55 Waiting for Shiny to become idle for 200ms within 1e+05ms
{chromote}   JS info   23:07:46.55 shinytest2; Waiting for Shiny to be stable
{chromote}   JS info   23:07:47.80 shinytest2; shiny:idle
{chromote}   JS info   23:07:47.80 shinytest2; shiny:value teal-identifier
{chromote}   JS info   23:07:47.80 shinytest2; shiny:value error
{chromote}   JS info   23:07:47.81 shinytest2; shiny:busy
{chromote}   JS info   23:07:47.81 shinytest2; shiny:idle
{chromote}   JS info   23:07:47.82 shinytest2; shiny:busy
{shinytest2} R  info   23:09:26.57 Error while initializing AppDriver:
                                   Shiny app did not become stable in 1e+05ms.
                                   Message: An error occurred while waiting for Shiny to be stable
                                   Caused by error in `app_wait_for_idle()`:
                                   ! An error occurred while waiting for Shiny to be stable
{shiny}      R  stderr ----------- Loading required package: shiny
{shiny}      R  stderr ----------- Attempting to load the environment ‘package:dplyr’
{shiny}      R  stderr ----------- 
{shiny}      R  stderr ----------- Attaching package: ‘dplyr’
{shiny}      R  stderr ----------- 
{shiny}      R  stderr ----------- The following objects are masked from ‘package:stats’:
{shiny}      R  stderr ----------- 
{shiny}      R  stderr -----------     filter, lag
{shiny}      R  stderr ----------- 
{shiny}      R  stderr ----------- The following objects are masked from ‘package:base’:
{shiny}      R  stderr ----------- 
{shiny}      R  stderr -----------     intersect, setdiff, setequal, union
{shiny}      R  stderr ----------- 
{shiny}      R  stderr ----------- Loading required package: teal
{shiny}      R  stderr ----------- Loading required package: teal.data
{shiny}      R  stderr ----------- Loading required package: teal.code
{shiny}      R  stderr ----------- Loading required package: teal.slice
{shiny}      R  stderr ----------- 
{shiny}      R  stderr ----------- You are using teal version 0.15.2.9031
{shiny}      R  stderr ----------- 
{shiny}      R  stderr ----------- Attaching package: ‘teal’
{shiny}      R  stderr ----------- 
{shiny}      R  stderr ----------- The following objects are masked from ‘package:teal.slice’:
{shiny}      R  stderr ----------- 
{shiny}      R  stderr -----------     as.teal_slices, teal_slices
{shiny}      R  stderr ----------- 
{shiny}      R  stderr ----------- Loading required package: teal.transform
{shiny}      R  stderr ----------- Loading required package: tern
{shiny}      R  stderr ----------- Loading required package: rtables
{shiny}      R  stderr ----------- Loading required package: formatters
{shiny}      R  stderr ----------- Loading required package: magrittr
{shiny}      R  stderr ----------- 
{shiny}      R  stderr ----------- Attaching package: ‘rtables’
{shiny}      R  stderr ----------- 
{shiny}      R  stderr ----------- The following object is masked from ‘package:utils’:
{shiny}      R  stderr ----------- 
{shiny}      R  stderr -----------     str
{shiny}      R  stderr ----------- 
{shiny}      R  stderr ----------- Running application in test mode.
{shiny}      R  stderr ----------- 
{shiny}      R  stderr ----------- Listening on http://127.0.0.1:6678
{shiny}      R  stderr ----------- Initializing reporter_previewer_module
{shiny}      R  stderr ----------- Warning: Error in &lt;Anonymous&gt;: error in evaluating the argument 'code' in selecting a method for function 'eval_code': Assertion on 'subset' failed: Must be a subset of {'','USUBJID','STUDYID','CMCLAS','CMDECOD','ATIREL','CMCAT','COUNTRY','SITEID','SUBJID','AGE','SEX','ARMCD','ARM','ACTARMCD','ACTARM','RACE','TRTSDTM','TRTEDTM','EOSDY','EOSDT','STRATA1','STRATA2','BMRKR1','BMRKR2','REGION1','SAFFL','EOSSTT','EOTSTT','DCSREAS','DTHDT','ASTDTM','ASTDY','AENDTM','AENDY','CMSEQ','ATC1','ATC2','ATC3','ATC4','CMINDC','CMDOSE','CMTRT','CMDOSU','CMROUTE','CMDOSFRQ','CMASTDTM','CMAENDTM','ATIREL2','CMDECOD2','CMINDC2','CMDOSE2','CMDOSU2','CMROUTE2','CMDOSFRQ2','ASTDY2','AENDY2'}, but has additional elements {'CMTRT2'}.
{shiny}      R  stderr -----------   241: &lt;Anonymous&gt;
{shiny}      R  stderr -----------   240: stop
{shiny}      R  stderr -----------   239: mstop
{shiny}      R  stderr -----------   238: makeAssertion
{shiny}      R  stderr -----------   237: checkmate::assert_subset
{shiny}      R  stderr -----------   236: variable_choices.data.frame
{shiny}      R  stderr -----------   233: resolve.delayed_variable_choices
{shiny}      R  stderr -----------   231: resolve.delayed_select_spec
{shiny}      R  stderr -----------   229: resolve.delayed_data_extract_spec
{shiny}      R  stderr -----------   227: resolve_delayed.list
{shiny}      R  stderr -----------   213: module
{shiny}      R  stderr -----------   208: callModule
{shiny}      R  stderr -----------   207: moduleServer
{shiny}      R  stderr -----------   206: data_extract_single_srv
{shiny}      R  stderr -----------   205: FUN
{shiny}      R  stderr -----------   204: lapply
{shiny}      R  stderr -----------   203: module
{shiny}      R  stderr -----------   198: callModule
{shiny}      R  stderr -----------   197: moduleServer
{shiny}      R  stderr -----------   196: data_extract_srv.list
{shiny}      R  stderr -----------   194: FUN
{shiny}      R  stderr -----------   193: lapply
{shiny}      R  stderr -----------   192: sapply
{shiny}      R  stderr -----------   191: &lt;reactive&gt;
{shiny}      R  stderr -----------   175: selector_list
{shiny}      R  stderr -----------   170: &lt;reactive&gt;
{shiny}      R  stderr -----------   154: anl_inputs
{shiny}      R  stderr -----------   153: as.expression
{shiny}      R  stderr -----------   152: teal.code::eval_code
{shiny}      R  stderr -----------   151: %&gt;%
{shiny}      R  stderr -----------   150: &lt;reactive&gt;
{shiny}      R  stderr -----------   134: merged$anl_q
{shiny}      R  stderr -----------   128: &lt;reactive&gt;
{shiny}      R  stderr -----------   112: all_q
{shiny}      R  stderr -----------   110: renderText
{shiny}      R  stderr -----------   109: func
{shiny}      R  stderr -----------    96: renderFunc
{shiny}      R  stderr -----------    95: output$teal-main_ui-root-therapy__e2e_-module-title
{shiny}      R  stderr -----------    14: &lt;Anonymous&gt;
{shiny}      R  stderr -----------    12: &lt;Anonymous&gt;
{shiny}      R  stderr -----------    11: &lt;Anonymous&gt;
{shiny}      R  stderr -----------    10: base::do.call
{shiny}      R  stderr -----------     9: base::saveRDS
{shiny}      R  stderr -----------     8: base::withCallingHandlers
{shiny}      R  stderr -----------     7: doTryCatch
{shiny}      R  stderr -----------     6: tryCatchOne
{shiny}      R  stderr -----------     5: tryCatchList
{shiny}      R  stderr -----------     2: tryCatchList
{shiny}      R  stderr -----------     1: base::tryCatch
{shiny}      R  stderr ----------- Warning: Error in &lt;Anonymous&gt;: error in evaluating the argument 'code' in selecting a method for function 'eval_code': Assertion on 'subset' failed: Must be a subset of {'','USUBJID','STUDYID','CMCLAS','CMDECOD','ATIREL','CMCAT','COUNTRY','SITEID','SUBJID','AGE','SEX','ARMCD','ARM','ACTARMCD','ACTARM','RACE','TRTSDTM','TRTEDTM','EOSDY','EOSDT','STRATA1','STRATA2','BMRKR1','BMRKR2','REGION1','SAFFL','EOSSTT','EOTSTT','DCSREAS','DTHDT','ASTDTM','ASTDY','AENDTM','AENDY','CMSEQ','ATC1','ATC2','ATC3','ATC4','CMINDC','CMDOSE','CMTRT','CMDOSU','CMROUTE','CMDOSFRQ','CMASTDTM','CMAENDTM','ATIREL2','CMDECOD2','CMINDC2','CMDOSE2','CMDOSU2','CMROUTE2','CMDOSFRQ2','ASTDY2','AENDY2'}, but has additional elements {'CMTRT2'}.
{shiny}      R  stderr -----------   122: &lt;Anonymous&gt;
{shiny}      R  stderr -----------   121: stop
{shiny}      R  stderr -----------   120: all_q
{shiny}      R  stderr -----------   117: exprFunc
{shiny}      R  stderr -----------   116: widgetFunc
{shiny}      R  stderr -----------   115: ::
{shiny}      R  stderr ----------- htmlwidgets
{shiny}      R  stderr ----------- shinyRenderWidget
{shiny}      R  stderr -----------   114: func
{shiny}      R  stderr -----------   101: renderFunc
{shiny}      R  stderr -----------   100: renderFunc
{shiny}      R  stderr -----------    96: renderFunc
{shiny}      R  stderr -----------    95: output$teal-main_ui-root-therapy__e2e_-module-therapy_table
{shiny}      R  stderr -----------    14: &lt;Anonymous&gt;
{shiny}      R  stderr -----------    12: &lt;Anonymous&gt;
{shiny}      R  stderr -----------    11: &lt;Anonymous&gt;
{shiny}      R  stderr -----------    10: base::do.call
{shiny}      R  stderr -----------     9: base::saveRDS
{shiny}      R  stderr -----------     8: base::withCallingHandlers
{shiny}      R  stderr -----------     7: doTryCatch
{shiny}      R  stderr -----------     6: tryCatchOne
{shiny}      R  stderr -----------     5: tryCatchList
{shiny}      R  stderr -----------     2: tryCatchList
{shiny}      R  stderr -----------     1: base::tryCatch
{shiny}      R  stderr ----------- Warning: Error in variable_choices.data.frame: Assertion on 'subset' failed: Must be a subset of {'','USUBJID','STUDYID','CMCLAS','CMDECOD','ATIREL','CMCAT','COUNTRY','SITEID','SUBJID','AGE','SEX','ARMCD','ARM','ACTARMCD','ACTARM','RACE','TRTSDTM','TRTEDTM','EOSDY','EOSDT','STRATA1','STRATA2','BMRKR1','BMRKR2','REGION1','SAFFL','EOSSTT','EOTSTT','DCSREAS','DTHDT','ASTDTM','ASTDY','AENDTM','AENDY','CMSEQ','ATC1','ATC2','ATC3','ATC4','CMINDC','CMDOSE','CMTRT','CMDOSU','CMROUTE','CMDOSFRQ','CMASTDTM','CMAENDTM','ATIREL2','CMDECOD2','CMINDC2','CMDOSE2','CMDOSU2','CMROUTE2','CMDOSFRQ2','ASTDY2','AENDY2'}, but has additional elements {'CMTRT2'}.
{shiny}      R  stderr -----------   162: &lt;Anonymous&gt;
{shiny}      R  stderr -----------   161: stop
{shiny}      R  stderr -----------   160: selector_list
{shiny}      R  stderr -----------   159: teal.transform::compose_and_enable_validators
{shiny}      R  stderr -----------   158: &lt;reactive&gt;
{shiny}      R  stderr -----------   142: iv_r
{shiny}      R  stderr -----------   135: &lt;reactive&gt;
{shiny}      R  stderr -----------   119: plot_r
{shiny}      R  stderr -----------   110: renderUI
{shiny}      R  stderr -----------   109: func
{shiny}      R  stderr -----------    96: renderFunc
{shiny}      R  stderr -----------    95: output$teal-main_ui-root-therapy__e2e_-module-therapy_plot-plot_out_main
{shiny}      R  stderr -----------    14: &lt;Anonymous&gt;
{shiny}      R  stderr -----------    12: &lt;Anonymous&gt;
{shiny}      R  stderr -----------    11: &lt;Anonymous&gt;
{shiny}      R  stderr -----------    10: base::do.call
{shiny}      R  stderr -----------     9: base::saveRDS
{shiny}      R  stderr -----------     8: base::withCallingHandlers
{shiny}      R  stderr -----------     7: doTryCatch
{shiny}      R  stderr -----------     6: tryCatchOne
{shiny}      R  stderr -----------     5: tryCatchList
{shiny}      R  stderr -----------     2: tryCatchList
{shiny}      R  stderr -----------     1: base::tryCatch
{shiny}      R  stderr ----------- Warning: Error in &lt;Anonymous&gt;: error in evaluating the argument 'code' in selecting a method for function 'eval_code': Assertion on 'subset' failed: Must be a subset of {'','USUBJID','STUDYID','CMCLAS','CMDECOD','ATIREL','CMCAT','COUNTRY','SITEID','SUBJID','AGE','SEX','ARMCD','ARM','ACTARMCD','ACTARM','RACE','TRTSDTM','TRTEDTM','EOSDY','EOSDT','STRATA1','STRATA2','BMRKR1','BMRKR2','REGION1','SAFFL','EOSSTT','EOTSTT','DCSREAS','DTHDT','ASTDTM','ASTDY','AENDTM','AENDY','CMSEQ','ATC1','ATC2','ATC3','ATC4','CMINDC','CMDOSE','CMTRT','CMDOSU','CMROUTE','CMDOSFRQ','CMASTDTM','CMAENDTM','ATIREL2','CMDECOD2','CMINDC2','CMDOSE2','CMDOSU2','CMROUTE2','CMDOSFRQ2','ASTDY2','AENDY2'}, but has additional elements {'CMTRT2'}.
{shiny}      R  stderr -----------   14: &lt;Anonymous&gt;
{shiny}      R  stderr -----------   12: &lt;Anonymous&gt;
{shiny}      R  stderr -----------   11: &lt;Anonymous&gt;
{shiny}      R  stderr -----------   10: base::do.call
{shiny}      R  stderr -----------    9: base::saveRDS
{shiny}      R  stderr -----------    8: base::withCallingHandlers
{shiny}      R  stderr -----------    7: doTryCatch
{shiny}      R  stderr -----------    6: tryCatchOne
{shiny}      R  stderr -----------    5: tryCatchList
{shiny}      R  stderr -----------    2: tryCatchList
{shiny}      R  stderr -----------    1: base::tryCatch


Caused by error in `app_initialize_()`:
! Shiny app did not become stable in 1e+05ms.
Message: An error occurred while waiting for Shiny to be stable
Caused by error in `app_wait_for_idle()`:
! An error occurred while waiting for Shiny to be stable
Backtrace:
     x
  1. +-teal.modules.clinical (local) app_driver_tm_g_pp_therapy() at test-shinytest2-tm_g_pp_therapy.R:189:5
  2. | \-teal.modules.clinical:::init_teal_app_driver(...) at test-shinytest2-tm_g_pp_therapy.R:31:3
  3. |   +-testthat::with_mocked_bindings(...) at tests/testthat/helper-TealAppDriver.R:7:3
  4. |   \-TealAppDriver$new(...) at tests/testthat/helper-TealAppDriver.R:10:7
  5. |     \-teal (local) initialize(...)
  6. |       +-base::suppressWarnings(...)
  7. |       | \-base::withCallingHandlers(...)
  8. |       \-super$initialize(...)
  9. |         \-shinytest2:::app_initialize(...)
 10. |           +-base::withCallingHandlers(...)
 11. |           \-shinytest2:::app_initialize_(self, private, ..., view = view)
 12. |             +-base::withCallingHandlers(...)
 13. |             \-self$wait_for_idle(duration = 200, timeout = private$load_timeout)
 14. |               \-shinytest2:::app_wait_for_idle(...)
 15. |                 \-shinytest2:::app_abort(self, private, "An error occurred while waiting for Shiny to be stable")
 16. |                   \-rlang::abort(..., app = self, call = call)
 17. |                     \-rlang:::signal_abort(cnd, .file)
 18. |                       \-base::signalCondition(cnd)
 19. +-shinytest2 (local) `&lt;fn&gt;`(`&lt;rlng_rrr&gt;`)
 20. | \-shinytest2:::app_abort(...)
 21. |   \-rlang::abort(..., app = self, call = call)
 22. |     \-rlang:::signal_abort(cnd, .file)
 23. |       \-base::signalCondition(cnd)
 24. \-shinytest2 (local) `&lt;fn&gt;`(`&lt;rlng_rrr&gt;`)
 25.   \-shinytest2:::app_abort(...)
 26.     \-rlang::abort(..., app = self, call = call)</error>
    </testcase>
    <testcase time="102.974" classname="shinytest2_tm_g_pp_therapy" name="e2e_tm_g_pp_therapy_Selection_of_cmdosu_changes_the_element_and_does_not_throw_validation_errors">
      <error type="error" message="Error in `app_initialize(self, private, app_dir = app_dir, ..., load_timeout = load_timeout,  ('test-shinytest2-tm_g_pp_therapy.R:162:9')">Error in `app_initialize(self, private, app_dir = app_dir, ..., load_timeout = load_timeout, 
    timeout = timeout, wait = wait, expect_values_screenshot_args = expect_values_screenshot_args, 
    screenshot_args = screenshot_args, check_names = check_names, 
    name = name, variant = variant, view = view, height = height, 
    width = width, seed = seed, clean_logs = clean_logs, shiny_args = shiny_args, 
    render_args = render_args, options = options)`: Shiny app did not become stable in 1e+05ms.
Message: An error occurred while waiting for Shiny to be stable
Caused by error in `app_wait_for_idle()`:
! An error occurred while waiting for Shiny to be stable


i You can inspect the failed AppDriver object via `rlang::last_error()$app`
i AppDriver logs:
{shinytest2} R  info   23:09:27.03 Start AppDriver initialization
{shinytest2} R  info   23:09:27.06 Starting Shiny app
{shinytest2} R  info   23:09:29.08 Creating new ChromoteSession
{shinytest2} R  info   23:09:29.10 Navigating to Shiny app
{shinytest2} R  info   23:09:29.20 Injecting shiny-tracer.js
{chromote}   JS info   23:09:29.20 shinytest2; jQuery not found
{chromote}   JS info   23:09:29.21 shinytest2; Loaded
{shinytest2} R  info   23:09:29.21 Waiting for Shiny to become ready
{chromote}   JS info   23:09:29.29 shinytest2; jQuery found
{chromote}   JS info   23:09:29.29 shinytest2; Waiting for shiny session to connect
{chromote}   JS info   23:09:29.43 shinytest2; Connected
{chromote}   JS info   23:09:29.47 shinytest2; shiny:busy
{shinytest2} R  info   23:09:29.52 Waiting for Shiny to become idle for 200ms within 1e+05ms
{chromote}   JS info   23:09:29.53 shinytest2; Waiting for Shiny to be stable
{chromote}   JS info   23:09:30.70 shinytest2; shiny:idle
{chromote}   JS info   23:09:30.70 shinytest2; shiny:value teal-identifier
{chromote}   JS info   23:09:30.70 shinytest2; shiny:value error
{chromote}   JS info   23:09:30.70 shinytest2; shiny:busy
{chromote}   JS info   23:09:30.70 shinytest2; shiny:idle
{chromote}   JS info   23:09:30.72 shinytest2; shiny:busy
{shinytest2} R  info   23:11:09.54 Error while initializing AppDriver:
                                   Shiny app did not become stable in 1e+05ms.
                                   Message: An error occurred while waiting for Shiny to be stable
                                   Caused by error in `app_wait_for_idle()`:
                                   ! An error occurred while waiting for Shiny to be stable
{shiny}      R  stderr ----------- Loading required package: shiny
{shiny}      R  stderr ----------- Attempting to load the environment ‘package:dplyr’
{shiny}      R  stderr ----------- 
{shiny}      R  stderr ----------- Attaching package: ‘dplyr’
{shiny}      R  stderr ----------- 
{shiny}      R  stderr ----------- The following objects are masked from ‘package:stats’:
{shiny}      R  stderr ----------- 
{shiny}      R  stderr -----------     filter, lag
{shiny}      R  stderr ----------- 
{shiny}      R  stderr ----------- The following objects are masked from ‘package:base’:
{shiny}      R  stderr ----------- 
{shiny}      R  stderr -----------     intersect, setdiff, setequal, union
{shiny}      R  stderr ----------- 
{shiny}      R  stderr ----------- Loading required package: teal
{shiny}      R  stderr ----------- Loading required package: teal.data
{shiny}      R  stderr ----------- Loading required package: teal.code
{shiny}      R  stderr ----------- Loading required package: teal.slice
{shiny}      R  stderr ----------- 
{shiny}      R  stderr ----------- You are using teal version 0.15.2.9031
{shiny}      R  stderr ----------- 
{shiny}      R  stderr ----------- Attaching package: ‘teal’
{shiny}      R  stderr ----------- 
{shiny}      R  stderr ----------- The following objects are masked from ‘package:teal.slice’:
{shiny}      R  stderr ----------- 
{shiny}      R  stderr -----------     as.teal_slices, teal_slices
{shiny}      R  stderr ----------- 
{shiny}      R  stderr ----------- Loading required package: teal.transform
{shiny}      R  stderr ----------- Loading required package: tern
{shiny}      R  stderr ----------- Loading required package: rtables
{shiny}      R  stderr ----------- Loading required package: formatters
{shiny}      R  stderr ----------- Loading required package: magrittr
{shiny}      R  stderr ----------- 
{shiny}      R  stderr ----------- Attaching package: ‘rtables’
{shiny}      R  stderr ----------- 
{shiny}      R  stderr ----------- The following object is masked from ‘package:utils’:
{shiny}      R  stderr ----------- 
{shiny}      R  stderr -----------     str
{shiny}      R  stderr ----------- 
{shiny}      R  stderr ----------- Running application in test mode.
{shiny}      R  stderr ----------- 
{shiny}      R  stderr ----------- Listening on http://127.0.0.1:7054
{shiny}      R  stderr ----------- Initializing reporter_previewer_module
{shiny}      R  stderr ----------- Warning: Error in &lt;Anonymous&gt;: error in evaluating the argument 'code' in selecting a method for function 'eval_code': Assertion on 'subset' failed: Must be a subset of {'','USUBJID','STUDYID','CMCLAS','CMDECOD','ATIREL','CMCAT','COUNTRY','SITEID','SUBJID','AGE','SEX','ARMCD','ARM','ACTARMCD','ACTARM','RACE','TRTSDTM','TRTEDTM','EOSDY','EOSDT','STRATA1','STRATA2','BMRKR1','BMRKR2','REGION1','SAFFL','EOSSTT','EOTSTT','DCSREAS','DTHDT','ASTDTM','ASTDY','AENDTM','AENDY','CMSEQ','ATC1','ATC2','ATC3','ATC4','CMINDC','CMDOSE','CMTRT','CMDOSU','CMROUTE','CMDOSFRQ','CMASTDTM','CMAENDTM','ATIREL2','CMDECOD2','CMINDC2','CMDOSE2','CMDOSU2','CMROUTE2','CMDOSFRQ2','ASTDY2','AENDY2'}, but has additional elements {'CMTRT2'}.
{shiny}      R  stderr -----------   241: &lt;Anonymous&gt;
{shiny}      R  stderr -----------   240: stop
{shiny}      R  stderr -----------   239: mstop
{shiny}      R  stderr -----------   238: makeAssertion
{shiny}      R  stderr -----------   237: checkmate::assert_subset
{shiny}      R  stderr -----------   236: variable_choices.data.frame
{shiny}      R  stderr -----------   233: resolve.delayed_variable_choices
{shiny}      R  stderr -----------   231: resolve.delayed_select_spec
{shiny}      R  stderr -----------   229: resolve.delayed_data_extract_spec
{shiny}      R  stderr -----------   227: resolve_delayed.list
{shiny}      R  stderr -----------   213: module
{shiny}      R  stderr -----------   208: callModule
{shiny}      R  stderr -----------   207: moduleServer
{shiny}      R  stderr -----------   206: data_extract_single_srv
{shiny}      R  stderr -----------   205: FUN
{shiny}      R  stderr -----------   204: lapply
{shiny}      R  stderr -----------   203: module
{shiny}      R  stderr -----------   198: callModule
{shiny}      R  stderr -----------   197: moduleServer
{shiny}      R  stderr -----------   196: data_extract_srv.list
{shiny}      R  stderr -----------   194: FUN
{shiny}      R  stderr -----------   193: lapply
{shiny}      R  stderr -----------   192: sapply
{shiny}      R  stderr -----------   191: &lt;reactive&gt;
{shiny}      R  stderr -----------   175: selector_list
{shiny}      R  stderr -----------   170: &lt;reactive&gt;
{shiny}      R  stderr -----------   154: anl_inputs
{shiny}      R  stderr -----------   153: as.expression
{shiny}      R  stderr -----------   152: teal.code::eval_code
{shiny}      R  stderr -----------   151: %&gt;%
{shiny}      R  stderr -----------   150: &lt;reactive&gt;
{shiny}      R  stderr -----------   134: merged$anl_q
{shiny}      R  stderr -----------   128: &lt;reactive&gt;
{shiny}      R  stderr -----------   112: all_q
{shiny}      R  stderr -----------   110: renderText
{shiny}      R  stderr -----------   109: func
{shiny}      R  stderr -----------    96: renderFunc
{shiny}      R  stderr -----------    95: output$teal-main_ui-root-therapy__e2e_-module-title
{shiny}      R  stderr -----------    14: &lt;Anonymous&gt;
{shiny}      R  stderr -----------    12: &lt;Anonymous&gt;
{shiny}      R  stderr -----------    11: &lt;Anonymous&gt;
{shiny}      R  stderr -----------    10: base::do.call
{shiny}      R  stderr -----------     9: base::saveRDS
{shiny}      R  stderr -----------     8: base::withCallingHandlers
{shiny}      R  stderr -----------     7: doTryCatch
{shiny}      R  stderr -----------     6: tryCatchOne
{shiny}      R  stderr -----------     5: tryCatchList
{shiny}      R  stderr -----------     2: tryCatchList
{shiny}      R  stderr -----------     1: base::tryCatch
{shiny}      R  stderr ----------- Warning: Error in &lt;Anonymous&gt;: error in evaluating the argument 'code' in selecting a method for function 'eval_code': Assertion on 'subset' failed: Must be a subset of {'','USUBJID','STUDYID','CMCLAS','CMDECOD','ATIREL','CMCAT','COUNTRY','SITEID','SUBJID','AGE','SEX','ARMCD','ARM','ACTARMCD','ACTARM','RACE','TRTSDTM','TRTEDTM','EOSDY','EOSDT','STRATA1','STRATA2','BMRKR1','BMRKR2','REGION1','SAFFL','EOSSTT','EOTSTT','DCSREAS','DTHDT','ASTDTM','ASTDY','AENDTM','AENDY','CMSEQ','ATC1','ATC2','ATC3','ATC4','CMINDC','CMDOSE','CMTRT','CMDOSU','CMROUTE','CMDOSFRQ','CMASTDTM','CMAENDTM','ATIREL2','CMDECOD2','CMINDC2','CMDOSE2','CMDOSU2','CMROUTE2','CMDOSFRQ2','ASTDY2','AENDY2'}, but has additional elements {'CMTRT2'}.
{shiny}      R  stderr -----------   122: &lt;Anonymous&gt;
{shiny}      R  stderr -----------   121: stop
{shiny}      R  stderr -----------   120: all_q
{shiny}      R  stderr -----------   117: exprFunc
{shiny}      R  stderr -----------   116: widgetFunc
{shiny}      R  stderr -----------   115: ::
{shiny}      R  stderr ----------- htmlwidgets
{shiny}      R  stderr ----------- shinyRenderWidget
{shiny}      R  stderr -----------   114: func
{shiny}      R  stderr -----------   101: renderFunc
{shiny}      R  stderr -----------   100: renderFunc
{shiny}      R  stderr -----------    96: renderFunc
{shiny}      R  stderr -----------    95: output$teal-main_ui-root-therapy__e2e_-module-therapy_table
{shiny}      R  stderr -----------    14: &lt;Anonymous&gt;
{shiny}      R  stderr -----------    12: &lt;Anonymous&gt;
{shiny}      R  stderr -----------    11: &lt;Anonymous&gt;
{shiny}      R  stderr -----------    10: base::do.call
{shiny}      R  stderr -----------     9: base::saveRDS
{shiny}      R  stderr -----------     8: base::withCallingHandlers
{shiny}      R  stderr -----------     7: doTryCatch
{shiny}      R  stderr -----------     6: tryCatchOne
{shiny}      R  stderr -----------     5: tryCatchList
{shiny}      R  stderr -----------     2: tryCatchList
{shiny}      R  stderr -----------     1: base::tryCatch
{shiny}      R  stderr ----------- Warning: Error in variable_choices.data.frame: Assertion on 'subset' failed: Must be a subset of {'','USUBJID','STUDYID','CMCLAS','CMDECOD','ATIREL','CMCAT','COUNTRY','SITEID','SUBJID','AGE','SEX','ARMCD','ARM','ACTARMCD','ACTARM','RACE','TRTSDTM','TRTEDTM','EOSDY','EOSDT','STRATA1','STRATA2','BMRKR1','BMRKR2','REGION1','SAFFL','EOSSTT','EOTSTT','DCSREAS','DTHDT','ASTDTM','ASTDY','AENDTM','AENDY','CMSEQ','ATC1','ATC2','ATC3','ATC4','CMINDC','CMDOSE','CMTRT','CMDOSU','CMROUTE','CMDOSFRQ','CMASTDTM','CMAENDTM','ATIREL2','CMDECOD2','CMINDC2','CMDOSE2','CMDOSU2','CMROUTE2','CMDOSFRQ2','ASTDY2','AENDY2'}, but has additional elements {'CMTRT2'}.
{shiny}      R  stderr -----------   162: &lt;Anonymous&gt;
{shiny}      R  stderr -----------   161: stop
{shiny}      R  stderr -----------   160: selector_list
{shiny}      R  stderr -----------   159: teal.transform::compose_and_enable_validators
{shiny}      R  stderr -----------   158: &lt;reactive&gt;
{shiny}      R  stderr -----------   142: iv_r
{shiny}      R  stderr -----------   135: &lt;reactive&gt;
{shiny}      R  stderr -----------   119: plot_r
{shiny}      R  stderr -----------   110: renderUI
{shiny}      R  stderr -----------   109: func
{shiny}      R  stderr -----------    96: renderFunc
{shiny}      R  stderr -----------    95: output$teal-main_ui-root-therapy__e2e_-module-therapy_plot-plot_out_main
{shiny}      R  stderr -----------    14: &lt;Anonymous&gt;
{shiny}      R  stderr -----------    12: &lt;Anonymous&gt;
{shiny}      R  stderr -----------    11: &lt;Anonymous&gt;
{shiny}      R  stderr -----------    10: base::do.call
{shiny}      R  stderr -----------     9: base::saveRDS
{shiny}      R  stderr -----------     8: base::withCallingHandlers
{shiny}      R  stderr -----------     7: doTryCatch
{shiny}      R  stderr -----------     6: tryCatchOne
{shiny}      R  stderr -----------     5: tryCatchList
{shiny}      R  stderr -----------     2: tryCatchList
{shiny}      R  stderr -----------     1: base::tryCatch
{shiny}      R  stderr ----------- Warning: Error in &lt;Anonymous&gt;: error in evaluating the argument 'code' in selecting a method for function 'eval_code': Assertion on 'subset' failed: Must be a subset of {'','USUBJID','STUDYID','CMCLAS','CMDECOD','ATIREL','CMCAT','COUNTRY','SITEID','SUBJID','AGE','SEX','ARMCD','ARM','ACTARMCD','ACTARM','RACE','TRTSDTM','TRTEDTM','EOSDY','EOSDT','STRATA1','STRATA2','BMRKR1','BMRKR2','REGION1','SAFFL','EOSSTT','EOTSTT','DCSREAS','DTHDT','ASTDTM','ASTDY','AENDTM','AENDY','CMSEQ','ATC1','ATC2','ATC3','ATC4','CMINDC','CMDOSE','CMTRT','CMDOSU','CMROUTE','CMDOSFRQ','CMASTDTM','CMAENDTM','ATIREL2','CMDECOD2','CMINDC2','CMDOSE2','CMDOSU2','CMROUTE2','CMDOSFRQ2','ASTDY2','AENDY2'}, but has additional elements {'CMTRT2'}.
{shiny}      R  stderr -----------   14: &lt;Anonymous&gt;
{shiny}      R  stderr -----------   12: &lt;Anonymous&gt;
{shiny}      R  stderr -----------   11: &lt;Anonymous&gt;
{shiny}      R  stderr -----------   10: base::do.call
{shiny}      R  stderr -----------    9: base::saveRDS
{shiny}      R  stderr -----------    8: base::withCallingHandlers
{shiny}      R  stderr -----------    7: doTryCatch
{shiny}      R  stderr -----------    6: tryCatchOne
{shiny}      R  stderr -----------    5: tryCatchList
{shiny}      R  stderr -----------    2: tryCatchList
{shiny}      R  stderr -----------    1: base::tryCatch


Caused by error in `app_initialize_()`:
! Shiny app did not become stable in 1e+05ms.
Message: An error occurred while waiting for Shiny to be stable
Caused by error in `app_wait_for_idle()`:
! An error occurred while waiting for Shiny to be stable
Backtrace:
     x
  1. +-teal.modules.clinical (local) app_driver_tm_g_pp_therapy() at test-shinytest2-tm_g_pp_therapy.R:162:9
  2. | \-teal.modules.clinical:::init_teal_app_driver(...) at test-shinytest2-tm_g_pp_therapy.R:31:3
  3. |   +-testthat::with_mocked_bindings(...) at tests/testthat/helper-TealAppDriver.R:7:3
  4. |   \-TealAppDriver$new(...) at tests/testthat/helper-TealAppDriver.R:10:7
  5. |     \-teal (local) initialize(...)
  6. |       +-base::suppressWarnings(...)
  7. |       | \-base::withCallingHandlers(...)
  8. |       \-super$initialize(...)
  9. |         \-shinytest2:::app_initialize(...)
 10. |           +-base::withCallingHandlers(...)
 11. |           \-shinytest2:::app_initialize_(self, private, ..., view = view)
 12. |             +-base::withCallingHandlers(...)
 13. |             \-self$wait_for_idle(duration = 200, timeout = private$load_timeout)
 14. |               \-shinytest2:::app_wait_for_idle(...)
 15. |                 \-shinytest2:::app_abort(self, private, "An error occurred while waiting for Shiny to be stable")
 16. |                   \-rlang::abort(..., app = self, call = call)
 17. |                     \-rlang:::signal_abort(cnd, .file)
 18. |                       \-base::signalCondition(cnd)
 19. +-shinytest2 (local) `&lt;fn&gt;`(`&lt;rlng_rrr&gt;`)
 20. | \-shinytest2:::app_abort(...)
 21. |   \-rlang::abort(..., app = self, call = call)
 22. |     \-rlang:::signal_abort(cnd, .file)
 23. |       \-base::signalCondition(cnd)
 24. \-shinytest2 (local) `&lt;fn&gt;`(`&lt;rlng_rrr&gt;`)
 25.   \-shinytest2:::app_abort(...)
 26.     \-rlang::abort(..., app = self, call = call)</error>
    </testcase>
    <testcase time="102.963" classname="shinytest2_tm_g_pp_therapy" name="e2e_tm_g_pp_therapy_Deselection_of_cmdosu_dataset_ADCM_singleextract_select_throws_validation_error.">
      <error type="error" message="Error in `app_initialize(self, private, app_dir = app_dir, ..., load_timeout = load_timeout,  ('test-shinytest2-tm_g_pp_therapy.R:189:5')">Error in `app_initialize(self, private, app_dir = app_dir, ..., load_timeout = load_timeout, 
    timeout = timeout, wait = wait, expect_values_screenshot_args = expect_values_screenshot_args, 
    screenshot_args = screenshot_args, check_names = check_names, 
    name = name, variant = variant, view = view, height = height, 
    width = width, seed = seed, clean_logs = clean_logs, shiny_args = shiny_args, 
    render_args = render_args, options = options)`: Shiny app did not become stable in 1e+05ms.
Message: An error occurred while waiting for Shiny to be stable
Caused by error in `app_wait_for_idle()`:
! An error occurred while waiting for Shiny to be stable


i You can inspect the failed AppDriver object via `rlang::last_error()$app`
i AppDriver logs:
{shinytest2} R  info   23:11:09.99 Start AppDriver initialization
{shinytest2} R  info   23:11:10.02 Starting Shiny app
{shinytest2} R  info   23:11:12.05 Creating new ChromoteSession
{shinytest2} R  info   23:11:12.07 Navigating to Shiny app
{shinytest2} R  info   23:11:12.16 Injecting shiny-tracer.js
{chromote}   JS info   23:11:12.17 shinytest2; jQuery not found
{chromote}   JS info   23:11:12.17 shinytest2; Loaded
{shinytest2} R  info   23:11:12.17 Waiting for Shiny to become ready
{chromote}   JS info   23:11:12.27 shinytest2; jQuery found
{chromote}   JS info   23:11:12.27 shinytest2; Waiting for shiny session to connect
{chromote}   JS info   23:11:12.40 shinytest2; Connected
{chromote}   JS info   23:11:12.45 shinytest2; shiny:busy
{shinytest2} R  info   23:11:12.48 Waiting for Shiny to become idle for 200ms within 1e+05ms
{chromote}   JS info   23:11:12.49 shinytest2; Waiting for Shiny to be stable
{chromote}   JS info   23:11:13.70 shinytest2; shiny:idle
{chromote}   JS info   23:11:13.70 shinytest2; shiny:value teal-identifier
{chromote}   JS info   23:11:13.70 shinytest2; shiny:value error
{chromote}   JS info   23:11:13.71 shinytest2; shiny:busy
{chromote}   JS info   23:11:13.71 shinytest2; shiny:idle
{chromote}   JS info   23:11:13.73 shinytest2; shiny:busy
{shinytest2} R  info   23:12:52.50 Error while initializing AppDriver:
                                   Shiny app did not become stable in 1e+05ms.
                                   Message: An error occurred while waiting for Shiny to be stable
                                   Caused by error in `app_wait_for_idle()`:
                                   ! An error occurred while waiting for Shiny to be stable
{shiny}      R  stderr ----------- Loading required package: shiny
{shiny}      R  stderr ----------- Attempting to load the environment ‘package:dplyr’
{shiny}      R  stderr ----------- 
{shiny}      R  stderr ----------- Attaching package: ‘dplyr’
{shiny}      R  stderr ----------- 
{shiny}      R  stderr ----------- The following objects are masked from ‘package:stats’:
{shiny}      R  stderr ----------- 
{shiny}      R  stderr -----------     filter, lag
{shiny}      R  stderr ----------- 
{shiny}      R  stderr ----------- The following objects are masked from ‘package:base’:
{shiny}      R  stderr ----------- 
{shiny}      R  stderr -----------     intersect, setdiff, setequal, union
{shiny}      R  stderr ----------- 
{shiny}      R  stderr ----------- Loading required package: teal
{shiny}      R  stderr ----------- Loading required package: teal.data
{shiny}      R  stderr ----------- Loading required package: teal.code
{shiny}      R  stderr ----------- Loading required package: teal.slice
{shiny}      R  stderr ----------- 
{shiny}      R  stderr ----------- You are using teal version 0.15.2.9031
{shiny}      R  stderr ----------- 
{shiny}      R  stderr ----------- Attaching package: ‘teal’
{shiny}      R  stderr ----------- 
{shiny}      R  stderr ----------- The following objects are masked from ‘package:teal.slice’:
{shiny}      R  stderr ----------- 
{shiny}      R  stderr -----------     as.teal_slices, teal_slices
{shiny}      R  stderr ----------- 
{shiny}      R  stderr ----------- Loading required package: teal.transform
{shiny}      R  stderr ----------- Loading required package: tern
{shiny}      R  stderr ----------- Loading required package: rtables
{shiny}      R  stderr ----------- Loading required package: formatters
{shiny}      R  stderr ----------- Loading required package: magrittr
{shiny}      R  stderr ----------- 
{shiny}      R  stderr ----------- Attaching package: ‘rtables’
{shiny}      R  stderr ----------- 
{shiny}      R  stderr ----------- The following object is masked from ‘package:utils’:
{shiny}      R  stderr ----------- 
{shiny}      R  stderr -----------     str
{shiny}      R  stderr ----------- 
{shiny}      R  stderr ----------- Running application in test mode.
{shiny}      R  stderr ----------- 
{shiny}      R  stderr ----------- Listening on http://127.0.0.1:7348
{shiny}      R  stderr ----------- Initializing reporter_previewer_module
{shiny}      R  stderr ----------- Warning: Error in &lt;Anonymous&gt;: error in evaluating the argument 'code' in selecting a method for function 'eval_code': Assertion on 'subset' failed: Must be a subset of {'','USUBJID','STUDYID','CMCLAS','CMDECOD','ATIREL','CMCAT','COUNTRY','SITEID','SUBJID','AGE','SEX','ARMCD','ARM','ACTARMCD','ACTARM','RACE','TRTSDTM','TRTEDTM','EOSDY','EOSDT','STRATA1','STRATA2','BMRKR1','BMRKR2','REGION1','SAFFL','EOSSTT','EOTSTT','DCSREAS','DTHDT','ASTDTM','ASTDY','AENDTM','AENDY','CMSEQ','ATC1','ATC2','ATC3','ATC4','CMINDC','CMDOSE','CMTRT','CMDOSU','CMROUTE','CMDOSFRQ','CMASTDTM','CMAENDTM','ATIREL2','CMDECOD2','CMINDC2','CMDOSE2','CMDOSU2','CMROUTE2','CMDOSFRQ2','ASTDY2','AENDY2'}, but has additional elements {'CMTRT2'}.
{shiny}      R  stderr -----------   241: &lt;Anonymous&gt;
{shiny}      R  stderr -----------   240: stop
{shiny}      R  stderr -----------   239: mstop
{shiny}      R  stderr -----------   238: makeAssertion
{shiny}      R  stderr -----------   237: checkmate::assert_subset
{shiny}      R  stderr -----------   236: variable_choices.data.frame
{shiny}      R  stderr -----------   233: resolve.delayed_variable_choices
{shiny}      R  stderr -----------   231: resolve.delayed_select_spec
{shiny}      R  stderr -----------   229: resolve.delayed_data_extract_spec
{shiny}      R  stderr -----------   227: resolve_delayed.list
{shiny}      R  stderr -----------   213: module
{shiny}      R  stderr -----------   208: callModule
{shiny}      R  stderr -----------   207: moduleServer
{shiny}      R  stderr -----------   206: data_extract_single_srv
{shiny}      R  stderr -----------   205: FUN
{shiny}      R  stderr -----------   204: lapply
{shiny}      R  stderr -----------   203: module
{shiny}      R  stderr -----------   198: callModule
{shiny}      R  stderr -----------   197: moduleServer
{shiny}      R  stderr -----------   196: data_extract_srv.list
{shiny}      R  stderr -----------   194: FUN
{shiny}      R  stderr -----------   193: lapply
{shiny}      R  stderr -----------   192: sapply
{shiny}      R  stderr -----------   191: &lt;reactive&gt;
{shiny}      R  stderr -----------   175: selector_list
{shiny}      R  stderr -----------   170: &lt;reactive&gt;
{shiny}      R  stderr -----------   154: anl_inputs
{shiny}      R  stderr -----------   153: as.expression
{shiny}      R  stderr -----------   152: teal.code::eval_code
{shiny}      R  stderr -----------   151: %&gt;%
{shiny}      R  stderr -----------   150: &lt;reactive&gt;
{shiny}      R  stderr -----------   134: merged$anl_q
{shiny}      R  stderr -----------   128: &lt;reactive&gt;
{shiny}      R  stderr -----------   112: all_q
{shiny}      R  stderr -----------   110: renderText
{shiny}      R  stderr -----------   109: func
{shiny}      R  stderr -----------    96: renderFunc
{shiny}      R  stderr -----------    95: output$teal-main_ui-root-therapy__e2e_-module-title
{shiny}      R  stderr -----------    14: &lt;Anonymous&gt;
{shiny}      R  stderr -----------    12: &lt;Anonymous&gt;
{shiny}      R  stderr -----------    11: &lt;Anonymous&gt;
{shiny}      R  stderr -----------    10: base::do.call
{shiny}      R  stderr -----------     9: base::saveRDS
{shiny}      R  stderr -----------     8: base::withCallingHandlers
{shiny}      R  stderr -----------     7: doTryCatch
{shiny}      R  stderr -----------     6: tryCatchOne
{shiny}      R  stderr -----------     5: tryCatchList
{shiny}      R  stderr -----------     2: tryCatchList
{shiny}      R  stderr -----------     1: base::tryCatch
{shiny}      R  stderr ----------- Warning: Error in &lt;Anonymous&gt;: error in evaluating the argument 'code' in selecting a method for function 'eval_code': Assertion on 'subset' failed: Must be a subset of {'','USUBJID','STUDYID','CMCLAS','CMDECOD','ATIREL','CMCAT','COUNTRY','SITEID','SUBJID','AGE','SEX','ARMCD','ARM','ACTARMCD','ACTARM','RACE','TRTSDTM','TRTEDTM','EOSDY','EOSDT','STRATA1','STRATA2','BMRKR1','BMRKR2','REGION1','SAFFL','EOSSTT','EOTSTT','DCSREAS','DTHDT','ASTDTM','ASTDY','AENDTM','AENDY','CMSEQ','ATC1','ATC2','ATC3','ATC4','CMINDC','CMDOSE','CMTRT','CMDOSU','CMROUTE','CMDOSFRQ','CMASTDTM','CMAENDTM','ATIREL2','CMDECOD2','CMINDC2','CMDOSE2','CMDOSU2','CMROUTE2','CMDOSFRQ2','ASTDY2','AENDY2'}, but has additional elements {'CMTRT2'}.
{shiny}      R  stderr -----------   122: &lt;Anonymous&gt;
{shiny}      R  stderr -----------   121: stop
{shiny}      R  stderr -----------   120: all_q
{shiny}      R  stderr -----------   117: exprFunc
{shiny}      R  stderr -----------   116: widgetFunc
{shiny}      R  stderr -----------   115: ::
{shiny}      R  stderr ----------- htmlwidgets
{shiny}      R  stderr ----------- shinyRenderWidget
{shiny}      R  stderr -----------   114: func
{shiny}      R  stderr -----------   101: renderFunc
{shiny}      R  stderr -----------   100: renderFunc
{shiny}      R  stderr -----------    96: renderFunc
{shiny}      R  stderr -----------    95: output$teal-main_ui-root-therapy__e2e_-module-therapy_table
{shiny}      R  stderr -----------    14: &lt;Anonymous&gt;
{shiny}      R  stderr -----------    12: &lt;Anonymous&gt;
{shiny}      R  stderr -----------    11: &lt;Anonymous&gt;
{shiny}      R  stderr -----------    10: base::do.call
{shiny}      R  stderr -----------     9: base::saveRDS
{shiny}      R  stderr -----------     8: base::withCallingHandlers
{shiny}      R  stderr -----------     7: doTryCatch
{shiny}      R  stderr -----------     6: tryCatchOne
{shiny}      R  stderr -----------     5: tryCatchList
{shiny}      R  stderr -----------     2: tryCatchList
{shiny}      R  stderr -----------     1: base::tryCatch
{shiny}      R  stderr ----------- Warning: Error in variable_choices.data.frame: Assertion on 'subset' failed: Must be a subset of {'','USUBJID','STUDYID','CMCLAS','CMDECOD','ATIREL','CMCAT','COUNTRY','SITEID','SUBJID','AGE','SEX','ARMCD','ARM','ACTARMCD','ACTARM','RACE','TRTSDTM','TRTEDTM','EOSDY','EOSDT','STRATA1','STRATA2','BMRKR1','BMRKR2','REGION1','SAFFL','EOSSTT','EOTSTT','DCSREAS','DTHDT','ASTDTM','ASTDY','AENDTM','AENDY','CMSEQ','ATC1','ATC2','ATC3','ATC4','CMINDC','CMDOSE','CMTRT','CMDOSU','CMROUTE','CMDOSFRQ','CMASTDTM','CMAENDTM','ATIREL2','CMDECOD2','CMINDC2','CMDOSE2','CMDOSU2','CMROUTE2','CMDOSFRQ2','ASTDY2','AENDY2'}, but has additional elements {'CMTRT2'}.
{shiny}      R  stderr -----------   162: &lt;Anonymous&gt;
{shiny}      R  stderr -----------   161: stop
{shiny}      R  stderr -----------   160: selector_list
{shiny}      R  stderr -----------   159: teal.transform::compose_and_enable_validators
{shiny}      R  stderr -----------   158: &lt;reactive&gt;
{shiny}      R  stderr -----------   142: iv_r
{shiny}      R  stderr -----------   135: &lt;reactive&gt;
{shiny}      R  stderr -----------   119: plot_r
{shiny}      R  stderr -----------   110: renderUI
{shiny}      R  stderr -----------   109: func
{shiny}      R  stderr -----------    96: renderFunc
{shiny}      R  stderr -----------    95: output$teal-main_ui-root-therapy__e2e_-module-therapy_plot-plot_out_main
{shiny}      R  stderr -----------    14: &lt;Anonymous&gt;
{shiny}      R  stderr -----------    12: &lt;Anonymous&gt;
{shiny}      R  stderr -----------    11: &lt;Anonymous&gt;
{shiny}      R  stderr -----------    10: base::do.call
{shiny}      R  stderr -----------     9: base::saveRDS
{shiny}      R  stderr -----------     8: base::withCallingHandlers
{shiny}      R  stderr -----------     7: doTryCatch
{shiny}      R  stderr -----------     6: tryCatchOne
{shiny}      R  stderr -----------     5: tryCatchList
{shiny}      R  stderr -----------     2: tryCatchList
{shiny}      R  stderr -----------     1: base::tryCatch
{shiny}      R  stderr ----------- Warning: Error in &lt;Anonymous&gt;: error in evaluating the argument 'code' in selecting a method for function 'eval_code': Assertion on 'subset' failed: Must be a subset of {'','USUBJID','STUDYID','CMCLAS','CMDECOD','ATIREL','CMCAT','COUNTRY','SITEID','SUBJID','AGE','SEX','ARMCD','ARM','ACTARMCD','ACTARM','RACE','TRTSDTM','TRTEDTM','EOSDY','EOSDT','STRATA1','STRATA2','BMRKR1','BMRKR2','REGION1','SAFFL','EOSSTT','EOTSTT','DCSREAS','DTHDT','ASTDTM','ASTDY','AENDTM','AENDY','CMSEQ','ATC1','ATC2','ATC3','ATC4','CMINDC','CMDOSE','CMTRT','CMDOSU','CMROUTE','CMDOSFRQ','CMASTDTM','CMAENDTM','ATIREL2','CMDECOD2','CMINDC2','CMDOSE2','CMDOSU2','CMROUTE2','CMDOSFRQ2','ASTDY2','AENDY2'}, but has additional elements {'CMTRT2'}.
{shiny}      R  stderr -----------   14: &lt;Anonymous&gt;
{shiny}      R  stderr -----------   12: &lt;Anonymous&gt;
{shiny}      R  stderr -----------   11: &lt;Anonymous&gt;
{shiny}      R  stderr -----------   10: base::do.call
{shiny}      R  stderr -----------    9: base::saveRDS
{shiny}      R  stderr -----------    8: base::withCallingHandlers
{shiny}      R  stderr -----------    7: doTryCatch
{shiny}      R  stderr -----------    6: tryCatchOne
{shiny}      R  stderr -----------    5: tryCatchList
{shiny}      R  stderr -----------    2: tryCatchList
{shiny}      R  stderr -----------    1: base::tryCatch


Caused by error in `app_initialize_()`:
! Shiny app did not become stable in 1e+05ms.
Message: An error occurred while waiting for Shiny to be stable
Caused by error in `app_wait_for_idle()`:
! An error occurred while waiting for Shiny to be stable
Backtrace:
     x
  1. +-teal.modules.clinical (local) app_driver_tm_g_pp_therapy() at test-shinytest2-tm_g_pp_therapy.R:189:5
  2. | \-teal.modules.clinical:::init_teal_app_driver(...) at test-shinytest2-tm_g_pp_therapy.R:31:3
  3. |   +-testthat::with_mocked_bindings(...) at tests/testthat/helper-TealAppDriver.R:7:3
  4. |   \-TealAppDriver$new(...) at tests/testthat/helper-TealAppDriver.R:10:7
  5. |     \-teal (local) initialize(...)
  6. |       +-base::suppressWarnings(...)
  7. |       | \-base::withCallingHandlers(...)
  8. |       \-super$initialize(...)
  9. |         \-shinytest2:::app_initialize(...)
 10. |           +-base::withCallingHandlers(...)
 11. |           \-shinytest2:::app_initialize_(self, private, ..., view = view)
 12. |             +-base::withCallingHandlers(...)
 13. |             \-self$wait_for_idle(duration = 200, timeout = private$load_timeout)
 14. |               \-shinytest2:::app_wait_for_idle(...)
 15. |                 \-shinytest2:::app_abort(self, private, "An error occurred while waiting for Shiny to be stable")
 16. |                   \-rlang::abort(..., app = self, call = call)
 17. |                     \-rlang:::signal_abort(cnd, .file)
 18. |                       \-base::signalCondition(cnd)
 19. +-shinytest2 (local) `&lt;fn&gt;`(`&lt;rlng_rrr&gt;`)
 20. | \-shinytest2:::app_abort(...)
 21. |   \-rlang::abort(..., app = self, call = call)
 22. |     \-rlang:::signal_abort(cnd, .file)
 23. |       \-base::signalCondition(cnd)
 24. \-shinytest2 (local) `&lt;fn&gt;`(`&lt;rlng_rrr&gt;`)
 25.   \-shinytest2:::app_abort(...)
 26.     \-rlang::abort(..., app = self, call = call)</error>
    </testcase>
    <testcase time="103.367" classname="shinytest2_tm_g_pp_therapy" name="e2e_tm_g_pp_therapy_Selection_of_cmroute_changes_the_element_and_does_not_throw_validation_errors">
      <error type="error" message="Error in `app_initialize(self, private, app_dir = app_dir, ..., load_timeout = load_timeout,  ('test-shinytest2-tm_g_pp_therapy.R:162:9')">Error in `app_initialize(self, private, app_dir = app_dir, ..., load_timeout = load_timeout, 
    timeout = timeout, wait = wait, expect_values_screenshot_args = expect_values_screenshot_args, 
    screenshot_args = screenshot_args, check_names = check_names, 
    name = name, variant = variant, view = view, height = height, 
    width = width, seed = seed, clean_logs = clean_logs, shiny_args = shiny_args, 
    render_args = render_args, options = options)`: Shiny app did not become stable in 1e+05ms.
Message: An error occurred while waiting for Shiny to be stable
Caused by error in `app_wait_for_idle()`:
! An error occurred while waiting for Shiny to be stable


i You can inspect the failed AppDriver object via `rlang::last_error()$app`
i AppDriver logs:
{shinytest2} R  info   23:12:52.96 Start AppDriver initialization
{shinytest2} R  info   23:12:52.98 Starting Shiny app
{shinytest2} R  info   23:12:55.41 Creating new ChromoteSession
{shinytest2} R  info   23:12:55.44 Navigating to Shiny app
{shinytest2} R  info   23:12:55.53 Injecting shiny-tracer.js
{chromote}   JS info   23:12:55.54 shinytest2; jQuery not found
{chromote}   JS info   23:12:55.54 shinytest2; Loaded
{shinytest2} R  info   23:12:55.54 Waiting for Shiny to become ready
{chromote}   JS info   23:12:55.63 shinytest2; jQuery found
{chromote}   JS info   23:12:55.63 shinytest2; Waiting for shiny session to connect
{chromote}   JS info   23:12:55.77 shinytest2; Connected
{chromote}   JS info   23:12:55.81 shinytest2; shiny:busy
{shinytest2} R  info   23:12:55.85 Waiting for Shiny to become idle for 200ms within 1e+05ms
{chromote}   JS info   23:12:55.86 shinytest2; Waiting for Shiny to be stable
{chromote}   JS info   23:12:57.05 shinytest2; shiny:idle
{chromote}   JS info   23:12:57.05 shinytest2; shiny:value teal-identifier
{chromote}   JS info   23:12:57.05 shinytest2; shiny:value error
{chromote}   JS info   23:12:57.05 shinytest2; shiny:busy
{chromote}   JS info   23:12:57.05 shinytest2; shiny:idle
{chromote}   JS info   23:12:57.07 shinytest2; shiny:busy
{shinytest2} R  info   23:14:35.87 Error while initializing AppDriver:
                                   Shiny app did not become stable in 1e+05ms.
                                   Message: An error occurred while waiting for Shiny to be stable
                                   Caused by error in `app_wait_for_idle()`:
                                   ! An error occurred while waiting for Shiny to be stable
{shiny}      R  stderr ----------- Loading required package: shiny
{shiny}      R  stderr ----------- Attempting to load the environment ‘package:dplyr’
{shiny}      R  stderr ----------- 
{shiny}      R  stderr ----------- Attaching package: ‘dplyr’
{shiny}      R  stderr ----------- 
{shiny}      R  stderr ----------- The following objects are masked from ‘package:stats’:
{shiny}      R  stderr ----------- 
{shiny}      R  stderr -----------     filter, lag
{shiny}      R  stderr ----------- 
{shiny}      R  stderr ----------- The following objects are masked from ‘package:base’:
{shiny}      R  stderr ----------- 
{shiny}      R  stderr -----------     intersect, setdiff, setequal, union
{shiny}      R  stderr ----------- 
{shiny}      R  stderr ----------- Loading required package: teal
{shiny}      R  stderr ----------- Loading required package: teal.data
{shiny}      R  stderr ----------- Loading required package: teal.code
{shiny}      R  stderr ----------- Loading required package: teal.slice
{shiny}      R  stderr ----------- 
{shiny}      R  stderr ----------- You are using teal version 0.15.2.9031
{shiny}      R  stderr ----------- 
{shiny}      R  stderr ----------- Attaching package: ‘teal’
{shiny}      R  stderr ----------- 
{shiny}      R  stderr ----------- The following objects are masked from ‘package:teal.slice’:
{shiny}      R  stderr ----------- 
{shiny}      R  stderr -----------     as.teal_slices, teal_slices
{shiny}      R  stderr ----------- 
{shiny}      R  stderr ----------- Loading required package: teal.transform
{shiny}      R  stderr ----------- Loading required package: tern
{shiny}      R  stderr ----------- Loading required package: rtables
{shiny}      R  stderr ----------- Loading required package: formatters
{shiny}      R  stderr ----------- Loading required package: magrittr
{shiny}      R  stderr ----------- 
{shiny}      R  stderr ----------- Attaching package: ‘rtables’
{shiny}      R  stderr ----------- 
{shiny}      R  stderr ----------- The following object is masked from ‘package:utils’:
{shiny}      R  stderr ----------- 
{shiny}      R  stderr -----------     str
{shiny}      R  stderr ----------- 
{shiny}      R  stderr ----------- Running application in test mode.
{shiny}      R  stderr ----------- 
{shiny}      R  stderr ----------- Listening on http://127.0.0.1:7865
{shiny}      R  stderr ----------- Initializing reporter_previewer_module
{shiny}      R  stderr ----------- Warning: Error in &lt;Anonymous&gt;: error in evaluating the argument 'code' in selecting a method for function 'eval_code': Assertion on 'subset' failed: Must be a subset of {'','USUBJID','STUDYID','CMCLAS','CMDECOD','ATIREL','CMCAT','COUNTRY','SITEID','SUBJID','AGE','SEX','ARMCD','ARM','ACTARMCD','ACTARM','RACE','TRTSDTM','TRTEDTM','EOSDY','EOSDT','STRATA1','STRATA2','BMRKR1','BMRKR2','REGION1','SAFFL','EOSSTT','EOTSTT','DCSREAS','DTHDT','ASTDTM','ASTDY','AENDTM','AENDY','CMSEQ','ATC1','ATC2','ATC3','ATC4','CMINDC','CMDOSE','CMTRT','CMDOSU','CMROUTE','CMDOSFRQ','CMASTDTM','CMAENDTM','ATIREL2','CMDECOD2','CMINDC2','CMDOSE2','CMDOSU2','CMROUTE2','CMDOSFRQ2','ASTDY2','AENDY2'}, but has additional elements {'CMTRT2'}.
{shiny}      R  stderr -----------   241: &lt;Anonymous&gt;
{shiny}      R  stderr -----------   240: stop
{shiny}      R  stderr -----------   239: mstop
{shiny}      R  stderr -----------   238: makeAssertion
{shiny}      R  stderr -----------   237: checkmate::assert_subset
{shiny}      R  stderr -----------   236: variable_choices.data.frame
{shiny}      R  stderr -----------   233: resolve.delayed_variable_choices
{shiny}      R  stderr -----------   231: resolve.delayed_select_spec
{shiny}      R  stderr -----------   229: resolve.delayed_data_extract_spec
{shiny}      R  stderr -----------   227: resolve_delayed.list
{shiny}      R  stderr -----------   213: module
{shiny}      R  stderr -----------   208: callModule
{shiny}      R  stderr -----------   207: moduleServer
{shiny}      R  stderr -----------   206: data_extract_single_srv
{shiny}      R  stderr -----------   205: FUN
{shiny}      R  stderr -----------   204: lapply
{shiny}      R  stderr -----------   203: module
{shiny}      R  stderr -----------   198: callModule
{shiny}      R  stderr -----------   197: moduleServer
{shiny}      R  stderr -----------   196: data_extract_srv.list
{shiny}      R  stderr -----------   194: FUN
{shiny}      R  stderr -----------   193: lapply
{shiny}      R  stderr -----------   192: sapply
{shiny}      R  stderr -----------   191: &lt;reactive&gt;
{shiny}      R  stderr -----------   175: selector_list
{shiny}      R  stderr -----------   170: &lt;reactive&gt;
{shiny}      R  stderr -----------   154: anl_inputs
{shiny}      R  stderr -----------   153: as.expression
{shiny}      R  stderr -----------   152: teal.code::eval_code
{shiny}      R  stderr -----------   151: %&gt;%
{shiny}      R  stderr -----------   150: &lt;reactive&gt;
{shiny}      R  stderr -----------   134: merged$anl_q
{shiny}      R  stderr -----------   128: &lt;reactive&gt;
{shiny}      R  stderr -----------   112: all_q
{shiny}      R  stderr -----------   110: renderText
{shiny}      R  stderr -----------   109: func
{shiny}      R  stderr -----------    96: renderFunc
{shiny}      R  stderr -----------    95: output$teal-main_ui-root-therapy__e2e_-module-title
{shiny}      R  stderr -----------    14: &lt;Anonymous&gt;
{shiny}      R  stderr -----------    12: &lt;Anonymous&gt;
{shiny}      R  stderr -----------    11: &lt;Anonymous&gt;
{shiny}      R  stderr -----------    10: base::do.call
{shiny}      R  stderr -----------     9: base::saveRDS
{shiny}      R  stderr -----------     8: base::withCallingHandlers
{shiny}      R  stderr -----------     7: doTryCatch
{shiny}      R  stderr -----------     6: tryCatchOne
{shiny}      R  stderr -----------     5: tryCatchList
{shiny}      R  stderr -----------     2: tryCatchList
{shiny}      R  stderr -----------     1: base::tryCatch
{shiny}      R  stderr ----------- Warning: Error in &lt;Anonymous&gt;: error in evaluating the argument 'code' in selecting a method for function 'eval_code': Assertion on 'subset' failed: Must be a subset of {'','USUBJID','STUDYID','CMCLAS','CMDECOD','ATIREL','CMCAT','COUNTRY','SITEID','SUBJID','AGE','SEX','ARMCD','ARM','ACTARMCD','ACTARM','RACE','TRTSDTM','TRTEDTM','EOSDY','EOSDT','STRATA1','STRATA2','BMRKR1','BMRKR2','REGION1','SAFFL','EOSSTT','EOTSTT','DCSREAS','DTHDT','ASTDTM','ASTDY','AENDTM','AENDY','CMSEQ','ATC1','ATC2','ATC3','ATC4','CMINDC','CMDOSE','CMTRT','CMDOSU','CMROUTE','CMDOSFRQ','CMASTDTM','CMAENDTM','ATIREL2','CMDECOD2','CMINDC2','CMDOSE2','CMDOSU2','CMROUTE2','CMDOSFRQ2','ASTDY2','AENDY2'}, but has additional elements {'CMTRT2'}.
{shiny}      R  stderr -----------   122: &lt;Anonymous&gt;
{shiny}      R  stderr -----------   121: stop
{shiny}      R  stderr -----------   120: all_q
{shiny}      R  stderr -----------   117: exprFunc
{shiny}      R  stderr -----------   116: widgetFunc
{shiny}      R  stderr -----------   115: ::
{shiny}      R  stderr ----------- htmlwidgets
{shiny}      R  stderr ----------- shinyRenderWidget
{shiny}      R  stderr -----------   114: func
{shiny}      R  stderr -----------   101: renderFunc
{shiny}      R  stderr -----------   100: renderFunc
{shiny}      R  stderr -----------    96: renderFunc
{shiny}      R  stderr -----------    95: output$teal-main_ui-root-therapy__e2e_-module-therapy_table
{shiny}      R  stderr -----------    14: &lt;Anonymous&gt;
{shiny}      R  stderr -----------    12: &lt;Anonymous&gt;
{shiny}      R  stderr -----------    11: &lt;Anonymous&gt;
{shiny}      R  stderr -----------    10: base::do.call
{shiny}      R  stderr -----------     9: base::saveRDS
{shiny}      R  stderr -----------     8: base::withCallingHandlers
{shiny}      R  stderr -----------     7: doTryCatch
{shiny}      R  stderr -----------     6: tryCatchOne
{shiny}      R  stderr -----------     5: tryCatchList
{shiny}      R  stderr -----------     2: tryCatchList
{shiny}      R  stderr -----------     1: base::tryCatch
{shiny}      R  stderr ----------- Warning: Error in variable_choices.data.frame: Assertion on 'subset' failed: Must be a subset of {'','USUBJID','STUDYID','CMCLAS','CMDECOD','ATIREL','CMCAT','COUNTRY','SITEID','SUBJID','AGE','SEX','ARMCD','ARM','ACTARMCD','ACTARM','RACE','TRTSDTM','TRTEDTM','EOSDY','EOSDT','STRATA1','STRATA2','BMRKR1','BMRKR2','REGION1','SAFFL','EOSSTT','EOTSTT','DCSREAS','DTHDT','ASTDTM','ASTDY','AENDTM','AENDY','CMSEQ','ATC1','ATC2','ATC3','ATC4','CMINDC','CMDOSE','CMTRT','CMDOSU','CMROUTE','CMDOSFRQ','CMASTDTM','CMAENDTM','ATIREL2','CMDECOD2','CMINDC2','CMDOSE2','CMDOSU2','CMROUTE2','CMDOSFRQ2','ASTDY2','AENDY2'}, but has additional elements {'CMTRT2'}.
{shiny}      R  stderr -----------   162: &lt;Anonymous&gt;
{shiny}      R  stderr -----------   161: stop
{shiny}      R  stderr -----------   160: selector_list
{shiny}      R  stderr -----------   159: teal.transform::compose_and_enable_validators
{shiny}      R  stderr -----------   158: &lt;reactive&gt;
{shiny}      R  stderr -----------   142: iv_r
{shiny}      R  stderr -----------   135: &lt;reactive&gt;
{shiny}      R  stderr -----------   119: plot_r
{shiny}      R  stderr -----------   110: renderUI
{shiny}      R  stderr -----------   109: func
{shiny}      R  stderr -----------    96: renderFunc
{shiny}      R  stderr -----------    95: output$teal-main_ui-root-therapy__e2e_-module-therapy_plot-plot_out_main
{shiny}      R  stderr -----------    14: &lt;Anonymous&gt;
{shiny}      R  stderr -----------    12: &lt;Anonymous&gt;
{shiny}      R  stderr -----------    11: &lt;Anonymous&gt;
{shiny}      R  stderr -----------    10: base::do.call
{shiny}      R  stderr -----------     9: base::saveRDS
{shiny}      R  stderr -----------     8: base::withCallingHandlers
{shiny}      R  stderr -----------     7: doTryCatch
{shiny}      R  stderr -----------     6: tryCatchOne
{shiny}      R  stderr -----------     5: tryCatchList
{shiny}      R  stderr -----------     2: tryCatchList
{shiny}      R  stderr -----------     1: base::tryCatch
{shiny}      R  stderr ----------- Warning: Error in &lt;Anonymous&gt;: error in evaluating the argument 'code' in selecting a method for function 'eval_code': Assertion on 'subset' failed: Must be a subset of {'','USUBJID','STUDYID','CMCLAS','CMDECOD','ATIREL','CMCAT','COUNTRY','SITEID','SUBJID','AGE','SEX','ARMCD','ARM','ACTARMCD','ACTARM','RACE','TRTSDTM','TRTEDTM','EOSDY','EOSDT','STRATA1','STRATA2','BMRKR1','BMRKR2','REGION1','SAFFL','EOSSTT','EOTSTT','DCSREAS','DTHDT','ASTDTM','ASTDY','AENDTM','AENDY','CMSEQ','ATC1','ATC2','ATC3','ATC4','CMINDC','CMDOSE','CMTRT','CMDOSU','CMROUTE','CMDOSFRQ','CMASTDTM','CMAENDTM','ATIREL2','CMDECOD2','CMINDC2','CMDOSE2','CMDOSU2','CMROUTE2','CMDOSFRQ2','ASTDY2','AENDY2'}, but has additional elements {'CMTRT2'}.
{shiny}      R  stderr -----------   14: &lt;Anonymous&gt;
{shiny}      R  stderr -----------   12: &lt;Anonymous&gt;
{shiny}      R  stderr -----------   11: &lt;Anonymous&gt;
{shiny}      R  stderr -----------   10: base::do.call
{shiny}      R  stderr -----------    9: base::saveRDS
{shiny}      R  stderr -----------    8: base::withCallingHandlers
{shiny}      R  stderr -----------    7: doTryCatch
{shiny}      R  stderr -----------    6: tryCatchOne
{shiny}      R  stderr -----------    5: tryCatchList
{shiny}      R  stderr -----------    2: tryCatchList
{shiny}      R  stderr -----------    1: base::tryCatch


Caused by error in `app_initialize_()`:
! Shiny app did not become stable in 1e+05ms.
Message: An error occurred while waiting for Shiny to be stable
Caused by error in `app_wait_for_idle()`:
! An error occurred while waiting for Shiny to be stable
Backtrace:
     x
  1. +-teal.modules.clinical (local) app_driver_tm_g_pp_therapy() at test-shinytest2-tm_g_pp_therapy.R:162:9
  2. | \-teal.modules.clinical:::init_teal_app_driver(...) at test-shinytest2-tm_g_pp_therapy.R:31:3
  3. |   +-testthat::with_mocked_bindings(...) at tests/testthat/helper-TealAppDriver.R:7:3
  4. |   \-TealAppDriver$new(...) at tests/testthat/helper-TealAppDriver.R:10:7
  5. |     \-teal (local) initialize(...)
  6. |       +-base::suppressWarnings(...)
  7. |       | \-base::withCallingHandlers(...)
  8. |       \-super$initialize(...)
  9. |         \-shinytest2:::app_initialize(...)
 10. |           +-base::withCallingHandlers(...)
 11. |           \-shinytest2:::app_initialize_(self, private, ..., view = view)
 12. |             +-base::withCallingHandlers(...)
 13. |             \-self$wait_for_idle(duration = 200, timeout = private$load_timeout)
 14. |               \-shinytest2:::app_wait_for_idle(...)
 15. |                 \-shinytest2:::app_abort(self, private, "An error occurred while waiting for Shiny to be stable")
 16. |                   \-rlang::abort(..., app = self, call = call)
 17. |                     \-rlang:::signal_abort(cnd, .file)
 18. |                       \-base::signalCondition(cnd)
 19. +-shinytest2 (local) `&lt;fn&gt;`(`&lt;rlng_rrr&gt;`)
 20. | \-shinytest2:::app_abort(...)
 21. |   \-rlang::abort(..., app = self, call = call)
 22. |     \-rlang:::signal_abort(cnd, .file)
 23. |       \-base::signalCondition(cnd)
 24. \-shinytest2 (local) `&lt;fn&gt;`(`&lt;rlng_rrr&gt;`)
 25.   \-shinytest2:::app_abort(...)
 26.     \-rlang::abort(..., app = self, call = call)</error>
    </testcase>
    <testcase time="103.203" classname="shinytest2_tm_g_pp_therapy" name="e2e_tm_g_pp_therapy_Deselection_of_cmroute_dataset_ADCM_singleextract_select_throws_validation_error.">
      <error type="error" message="Error in `app_initialize(self, private, app_dir = app_dir, ..., load_timeout = load_timeout,  ('test-shinytest2-tm_g_pp_therapy.R:189:5')">Error in `app_initialize(self, private, app_dir = app_dir, ..., load_timeout = load_timeout, 
    timeout = timeout, wait = wait, expect_values_screenshot_args = expect_values_screenshot_args, 
    screenshot_args = screenshot_args, check_names = check_names, 
    name = name, variant = variant, view = view, height = height, 
    width = width, seed = seed, clean_logs = clean_logs, shiny_args = shiny_args, 
    render_args = render_args, options = options)`: Shiny app did not become stable in 1e+05ms.
Message: An error occurred while waiting for Shiny to be stable
Caused by error in `app_wait_for_idle()`:
! An error occurred while waiting for Shiny to be stable


i You can inspect the failed AppDriver object via `rlang::last_error()$app`
i AppDriver logs:
{shinytest2} R  info   23:14:36.31 Start AppDriver initialization
{shinytest2} R  info   23:14:36.34 Starting Shiny app
{shinytest2} R  info   23:14:38.56 Creating new ChromoteSession
{shinytest2} R  info   23:14:38.58 Navigating to Shiny app
{shinytest2} R  info   23:14:38.68 Injecting shiny-tracer.js
{chromote}   JS info   23:14:38.69 shinytest2; jQuery not found
{chromote}   JS info   23:14:38.69 shinytest2; Loaded
{shinytest2} R  info   23:14:38.69 Waiting for Shiny to become ready
{chromote}   JS info   23:14:38.78 shinytest2; jQuery found
{chromote}   JS info   23:14:38.78 shinytest2; Waiting for shiny session to connect
{chromote}   JS info   23:14:38.92 shinytest2; Connected
{chromote}   JS info   23:14:38.96 shinytest2; shiny:busy
{shinytest2} R  info   23:14:39.01 Waiting for Shiny to become idle for 200ms within 1e+05ms
{chromote}   JS info   23:14:39.02 shinytest2; Waiting for Shiny to be stable
{chromote}   JS info   23:14:40.22 shinytest2; shiny:idle
{chromote}   JS info   23:14:40.23 shinytest2; shiny:value teal-identifier
{chromote}   JS info   23:14:40.23 shinytest2; shiny:value error
{chromote}   JS info   23:14:40.23 shinytest2; shiny:busy
{chromote}   JS info   23:14:40.23 shinytest2; shiny:idle
{chromote}   JS info   23:14:40.25 shinytest2; shiny:busy
{shinytest2} R  info   23:16:19.04 Error while initializing AppDriver:
                                   Shiny app did not become stable in 1e+05ms.
                                   Message: An error occurred while waiting for Shiny to be stable
                                   Caused by error in `app_wait_for_idle()`:
                                   ! An error occurred while waiting for Shiny to be stable
{shiny}      R  stderr ----------- Loading required package: shiny
{shiny}      R  stderr ----------- Attempting to load the environment ‘package:dplyr’
{shiny}      R  stderr ----------- 
{shiny}      R  stderr ----------- Attaching package: ‘dplyr’
{shiny}      R  stderr ----------- 
{shiny}      R  stderr ----------- The following objects are masked from ‘package:stats’:
{shiny}      R  stderr ----------- 
{shiny}      R  stderr -----------     filter, lag
{shiny}      R  stderr ----------- 
{shiny}      R  stderr ----------- The following objects are masked from ‘package:base’:
{shiny}      R  stderr ----------- 
{shiny}      R  stderr -----------     intersect, setdiff, setequal, union
{shiny}      R  stderr ----------- 
{shiny}      R  stderr ----------- Loading required package: teal
{shiny}      R  stderr ----------- Loading required package: teal.data
{shiny}      R  stderr ----------- Loading required package: teal.code
{shiny}      R  stderr ----------- Loading required package: teal.slice
{shiny}      R  stderr ----------- 
{shiny}      R  stderr ----------- You are using teal version 0.15.2.9031
{shiny}      R  stderr ----------- 
{shiny}      R  stderr ----------- Attaching package: ‘teal’
{shiny}      R  stderr ----------- 
{shiny}      R  stderr ----------- The following objects are masked from ‘package:teal.slice’:
{shiny}      R  stderr ----------- 
{shiny}      R  stderr -----------     as.teal_slices, teal_slices
{shiny}      R  stderr ----------- 
{shiny}      R  stderr ----------- Loading required package: teal.transform
{shiny}      R  stderr ----------- Loading required package: tern
{shiny}      R  stderr ----------- Loading required package: rtables
{shiny}      R  stderr ----------- Loading required package: formatters
{shiny}      R  stderr ----------- Loading required package: magrittr
{shiny}      R  stderr ----------- 
{shiny}      R  stderr ----------- Attaching package: ‘rtables’
{shiny}      R  stderr ----------- 
{shiny}      R  stderr ----------- The following object is masked from ‘package:utils’:
{shiny}      R  stderr ----------- 
{shiny}      R  stderr -----------     str
{shiny}      R  stderr ----------- 
{shiny}      R  stderr ----------- Running application in test mode.
{shiny}      R  stderr ----------- 
{shiny}      R  stderr ----------- Listening on http://127.0.0.1:3301
{shiny}      R  stderr ----------- Initializing reporter_previewer_module
{shiny}      R  stderr ----------- Warning: Error in &lt;Anonymous&gt;: error in evaluating the argument 'code' in selecting a method for function 'eval_code': Assertion on 'subset' failed: Must be a subset of {'','USUBJID','STUDYID','CMCLAS','CMDECOD','ATIREL','CMCAT','COUNTRY','SITEID','SUBJID','AGE','SEX','ARMCD','ARM','ACTARMCD','ACTARM','RACE','TRTSDTM','TRTEDTM','EOSDY','EOSDT','STRATA1','STRATA2','BMRKR1','BMRKR2','REGION1','SAFFL','EOSSTT','EOTSTT','DCSREAS','DTHDT','ASTDTM','ASTDY','AENDTM','AENDY','CMSEQ','ATC1','ATC2','ATC3','ATC4','CMINDC','CMDOSE','CMTRT','CMDOSU','CMROUTE','CMDOSFRQ','CMASTDTM','CMAENDTM','ATIREL2','CMDECOD2','CMINDC2','CMDOSE2','CMDOSU2','CMROUTE2','CMDOSFRQ2','ASTDY2','AENDY2'}, but has additional elements {'CMTRT2'}.
{shiny}      R  stderr -----------   241: &lt;Anonymous&gt;
{shiny}      R  stderr -----------   240: stop
{shiny}      R  stderr -----------   239: mstop
{shiny}      R  stderr -----------   238: makeAssertion
{shiny}      R  stderr -----------   237: checkmate::assert_subset
{shiny}      R  stderr -----------   236: variable_choices.data.frame
{shiny}      R  stderr -----------   233: resolve.delayed_variable_choices
{shiny}      R  stderr -----------   231: resolve.delayed_select_spec
{shiny}      R  stderr -----------   229: resolve.delayed_data_extract_spec
{shiny}      R  stderr -----------   227: resolve_delayed.list
{shiny}      R  stderr -----------   213: module
{shiny}      R  stderr -----------   208: callModule
{shiny}      R  stderr -----------   207: moduleServer
{shiny}      R  stderr -----------   206: data_extract_single_srv
{shiny}      R  stderr -----------   205: FUN
{shiny}      R  stderr -----------   204: lapply
{shiny}      R  stderr -----------   203: module
{shiny}      R  stderr -----------   198: callModule
{shiny}      R  stderr -----------   197: moduleServer
{shiny}      R  stderr -----------   196: data_extract_srv.list
{shiny}      R  stderr -----------   194: FUN
{shiny}      R  stderr -----------   193: lapply
{shiny}      R  stderr -----------   192: sapply
{shiny}      R  stderr -----------   191: &lt;reactive&gt;
{shiny}      R  stderr -----------   175: selector_list
{shiny}      R  stderr -----------   170: &lt;reactive&gt;
{shiny}      R  stderr -----------   154: anl_inputs
{shiny}      R  stderr -----------   153: as.expression
{shiny}      R  stderr -----------   152: teal.code::eval_code
{shiny}      R  stderr -----------   151: %&gt;%
{shiny}      R  stderr -----------   150: &lt;reactive&gt;
{shiny}      R  stderr -----------   134: merged$anl_q
{shiny}      R  stderr -----------   128: &lt;reactive&gt;
{shiny}      R  stderr -----------   112: all_q
{shiny}      R  stderr -----------   110: renderText
{shiny}      R  stderr -----------   109: func
{shiny}      R  stderr -----------    96: renderFunc
{shiny}      R  stderr -----------    95: output$teal-main_ui-root-therapy__e2e_-module-title
{shiny}      R  stderr -----------    14: &lt;Anonymous&gt;
{shiny}      R  stderr -----------    12: &lt;Anonymous&gt;
{shiny}      R  stderr -----------    11: &lt;Anonymous&gt;
{shiny}      R  stderr -----------    10: base::do.call
{shiny}      R  stderr -----------     9: base::saveRDS
{shiny}      R  stderr -----------     8: base::withCallingHandlers
{shiny}      R  stderr -----------     7: doTryCatch
{shiny}      R  stderr -----------     6: tryCatchOne
{shiny}      R  stderr -----------     5: tryCatchList
{shiny}      R  stderr -----------     2: tryCatchList
{shiny}      R  stderr -----------     1: base::tryCatch
{shiny}      R  stderr ----------- Warning: Error in &lt;Anonymous&gt;: error in evaluating the argument 'code' in selecting a method for function 'eval_code': Assertion on 'subset' failed: Must be a subset of {'','USUBJID','STUDYID','CMCLAS','CMDECOD','ATIREL','CMCAT','COUNTRY','SITEID','SUBJID','AGE','SEX','ARMCD','ARM','ACTARMCD','ACTARM','RACE','TRTSDTM','TRTEDTM','EOSDY','EOSDT','STRATA1','STRATA2','BMRKR1','BMRKR2','REGION1','SAFFL','EOSSTT','EOTSTT','DCSREAS','DTHDT','ASTDTM','ASTDY','AENDTM','AENDY','CMSEQ','ATC1','ATC2','ATC3','ATC4','CMINDC','CMDOSE','CMTRT','CMDOSU','CMROUTE','CMDOSFRQ','CMASTDTM','CMAENDTM','ATIREL2','CMDECOD2','CMINDC2','CMDOSE2','CMDOSU2','CMROUTE2','CMDOSFRQ2','ASTDY2','AENDY2'}, but has additional elements {'CMTRT2'}.
{shiny}      R  stderr -----------   122: &lt;Anonymous&gt;
{shiny}      R  stderr -----------   121: stop
{shiny}      R  stderr -----------   120: all_q
{shiny}      R  stderr -----------   117: exprFunc
{shiny}      R  stderr -----------   116: widgetFunc
{shiny}      R  stderr -----------   115: ::
{shiny}      R  stderr ----------- htmlwidgets
{shiny}      R  stderr ----------- shinyRenderWidget
{shiny}      R  stderr -----------   114: func
{shiny}      R  stderr -----------   101: renderFunc
{shiny}      R  stderr -----------   100: renderFunc
{shiny}      R  stderr -----------    96: renderFunc
{shiny}      R  stderr -----------    95: output$teal-main_ui-root-therapy__e2e_-module-therapy_table
{shiny}      R  stderr -----------    14: &lt;Anonymous&gt;
{shiny}      R  stderr -----------    12: &lt;Anonymous&gt;
{shiny}      R  stderr -----------    11: &lt;Anonymous&gt;
{shiny}      R  stderr -----------    10: base::do.call
{shiny}      R  stderr -----------     9: base::saveRDS
{shiny}      R  stderr -----------     8: base::withCallingHandlers
{shiny}      R  stderr -----------     7: doTryCatch
{shiny}      R  stderr -----------     6: tryCatchOne
{shiny}      R  stderr -----------     5: tryCatchList
{shiny}      R  stderr -----------     2: tryCatchList
{shiny}      R  stderr -----------     1: base::tryCatch
{shiny}      R  stderr ----------- Warning: Error in variable_choices.data.frame: Assertion on 'subset' failed: Must be a subset of {'','USUBJID','STUDYID','CMCLAS','CMDECOD','ATIREL','CMCAT','COUNTRY','SITEID','SUBJID','AGE','SEX','ARMCD','ARM','ACTARMCD','ACTARM','RACE','TRTSDTM','TRTEDTM','EOSDY','EOSDT','STRATA1','STRATA2','BMRKR1','BMRKR2','REGION1','SAFFL','EOSSTT','EOTSTT','DCSREAS','DTHDT','ASTDTM','ASTDY','AENDTM','AENDY','CMSEQ','ATC1','ATC2','ATC3','ATC4','CMINDC','CMDOSE','CMTRT','CMDOSU','CMROUTE','CMDOSFRQ','CMASTDTM','CMAENDTM','ATIREL2','CMDECOD2','CMINDC2','CMDOSE2','CMDOSU2','CMROUTE2','CMDOSFRQ2','ASTDY2','AENDY2'}, but has additional elements {'CMTRT2'}.
{shiny}      R  stderr -----------   162: &lt;Anonymous&gt;
{shiny}      R  stderr -----------   161: stop
{shiny}      R  stderr -----------   160: selector_list
{shiny}      R  stderr -----------   159: teal.transform::compose_and_enable_validators
{shiny}      R  stderr -----------   158: &lt;reactive&gt;
{shiny}      R  stderr -----------   142: iv_r
{shiny}      R  stderr -----------   135: &lt;reactive&gt;
{shiny}      R  stderr -----------   119: plot_r
{shiny}      R  stderr -----------   110: renderUI
{shiny}      R  stderr -----------   109: func
{shiny}      R  stderr -----------    96: renderFunc
{shiny}      R  stderr -----------    95: output$teal-main_ui-root-therapy__e2e_-module-therapy_plot-plot_out_main
{shiny}      R  stderr -----------    14: &lt;Anonymous&gt;
{shiny}      R  stderr -----------    12: &lt;Anonymous&gt;
{shiny}      R  stderr -----------    11: &lt;Anonymous&gt;
{shiny}      R  stderr -----------    10: base::do.call
{shiny}      R  stderr -----------     9: base::saveRDS
{shiny}      R  stderr -----------     8: base::withCallingHandlers
{shiny}      R  stderr -----------     7: doTryCatch
{shiny}      R  stderr -----------     6: tryCatchOne
{shiny}      R  stderr -----------     5: tryCatchList
{shiny}      R  stderr -----------     2: tryCatchList
{shiny}      R  stderr -----------     1: base::tryCatch
{shiny}      R  stderr ----------- Warning: Error in &lt;Anonymous&gt;: error in evaluating the argument 'code' in selecting a method for function 'eval_code': Assertion on 'subset' failed: Must be a subset of {'','USUBJID','STUDYID','CMCLAS','CMDECOD','ATIREL','CMCAT','COUNTRY','SITEID','SUBJID','AGE','SEX','ARMCD','ARM','ACTARMCD','ACTARM','RACE','TRTSDTM','TRTEDTM','EOSDY','EOSDT','STRATA1','STRATA2','BMRKR1','BMRKR2','REGION1','SAFFL','EOSSTT','EOTSTT','DCSREAS','DTHDT','ASTDTM','ASTDY','AENDTM','AENDY','CMSEQ','ATC1','ATC2','ATC3','ATC4','CMINDC','CMDOSE','CMTRT','CMDOSU','CMROUTE','CMDOSFRQ','CMASTDTM','CMAENDTM','ATIREL2','CMDECOD2','CMINDC2','CMDOSE2','CMDOSU2','CMROUTE2','CMDOSFRQ2','ASTDY2','AENDY2'}, but has additional elements {'CMTRT2'}.
{shiny}      R  stderr -----------   14: &lt;Anonymous&gt;
{shiny}      R  stderr -----------   12: &lt;Anonymous&gt;
{shiny}      R  stderr -----------   11: &lt;Anonymous&gt;
{shiny}      R  stderr -----------   10: base::do.call
{shiny}      R  stderr -----------    9: base::saveRDS
{shiny}      R  stderr -----------    8: base::withCallingHandlers
{shiny}      R  stderr -----------    7: doTryCatch
{shiny}      R  stderr -----------    6: tryCatchOne
{shiny}      R  stderr -----------    5: tryCatchList
{shiny}      R  stderr -----------    2: tryCatchList
{shiny}      R  stderr -----------    1: base::tryCatch


Caused by error in `app_initialize_()`:
! Shiny app did not become stable in 1e+05ms.
Message: An error occurred while waiting for Shiny to be stable
Caused by error in `app_wait_for_idle()`:
! An error occurred while waiting for Shiny to be stable
Backtrace:
     x
  1. +-teal.modules.clinical (local) app_driver_tm_g_pp_therapy() at test-shinytest2-tm_g_pp_therapy.R:189:5
  2. | \-teal.modules.clinical:::init_teal_app_driver(...) at test-shinytest2-tm_g_pp_therapy.R:31:3
  3. |   +-testthat::with_mocked_bindings(...) at tests/testthat/helper-TealAppDriver.R:7:3
  4. |   \-TealAppDriver$new(...) at tests/testthat/helper-TealAppDriver.R:10:7
  5. |     \-teal (local) initialize(...)
  6. |       +-base::suppressWarnings(...)
  7. |       | \-base::withCallingHandlers(...)
  8. |       \-super$initialize(...)
  9. |         \-shinytest2:::app_initialize(...)
 10. |           +-base::withCallingHandlers(...)
 11. |           \-shinytest2:::app_initialize_(self, private, ..., view = view)
 12. |             +-base::withCallingHandlers(...)
 13. |             \-self$wait_for_idle(duration = 200, timeout = private$load_timeout)
 14. |               \-shinytest2:::app_wait_for_idle(...)
 15. |                 \-shinytest2:::app_abort(self, private, "An error occurred while waiting for Shiny to be stable")
 16. |                   \-rlang::abort(..., app = self, call = call)
 17. |                     \-rlang:::signal_abort(cnd, .file)
 18. |                       \-base::signalCondition(cnd)
 19. +-shinytest2 (local) `&lt;fn&gt;`(`&lt;rlng_rrr&gt;`)
 20. | \-shinytest2:::app_abort(...)
 21. |   \-rlang::abort(..., app = self, call = call)
 22. |     \-rlang:::signal_abort(cnd, .file)
 23. |       \-base::signalCondition(cnd)
 24. \-shinytest2 (local) `&lt;fn&gt;`(`&lt;rlng_rrr&gt;`)
 25.   \-shinytest2:::app_abort(...)
 26.     \-rlang::abort(..., app = self, call = call)</error>
    </testcase>
    <testcase time="102.95" classname="shinytest2_tm_g_pp_therapy" name="e2e_tm_g_pp_therapy_Selection_of_cmdosfrq_changes_the_element_and_does_not_throw_validation_errors">
      <error type="error" message="Error in `app_initialize(self, private, app_dir = app_dir, ..., load_timeout = load_timeout,  ('test-shinytest2-tm_g_pp_therapy.R:162:9')">Error in `app_initialize(self, private, app_dir = app_dir, ..., load_timeout = load_timeout, 
    timeout = timeout, wait = wait, expect_values_screenshot_args = expect_values_screenshot_args, 
    screenshot_args = screenshot_args, check_names = check_names, 
    name = name, variant = variant, view = view, height = height, 
    width = width, seed = seed, clean_logs = clean_logs, shiny_args = shiny_args, 
    render_args = render_args, options = options)`: Shiny app did not become stable in 1e+05ms.
Message: An error occurred while waiting for Shiny to be stable
Caused by error in `app_wait_for_idle()`:
! An error occurred while waiting for Shiny to be stable


i You can inspect the failed AppDriver object via `rlang::last_error()$app`
i AppDriver logs:
{shinytest2} R  info   23:16:19.51 Start AppDriver initialization
{shinytest2} R  info   23:16:19.54 Starting Shiny app
{shinytest2} R  info   23:16:21.56 Creating new ChromoteSession
{shinytest2} R  info   23:16:21.58 Navigating to Shiny app
{shinytest2} R  info   23:16:21.69 Injecting shiny-tracer.js
{chromote}   JS info   23:16:21.69 shinytest2; jQuery not found
{chromote}   JS info   23:16:21.70 shinytest2; Loaded
{shinytest2} R  info   23:16:21.70 Waiting for Shiny to become ready
{chromote}   JS info   23:16:21.78 shinytest2; jQuery found
{chromote}   JS info   23:16:21.78 shinytest2; Waiting for shiny session to connect
{chromote}   JS info   23:16:21.92 shinytest2; Connected
{chromote}   JS info   23:16:21.96 shinytest2; shiny:busy
{shinytest2} R  info   23:16:22.01 Waiting for Shiny to become idle for 200ms within 1e+05ms
{chromote}   JS info   23:16:22.02 shinytest2; Waiting for Shiny to be stable
{chromote}   JS info   23:16:23.20 shinytest2; shiny:idle
{chromote}   JS info   23:16:23.21 shinytest2; shiny:value teal-identifier
{chromote}   JS info   23:16:23.21 shinytest2; shiny:value error
{chromote}   JS info   23:16:23.21 shinytest2; shiny:busy
{chromote}   JS info   23:16:23.21 shinytest2; shiny:idle
{chromote}   JS info   23:16:23.23 shinytest2; shiny:busy
{shinytest2} R  info   23:18:02.03 Error while initializing AppDriver:
                                   Shiny app did not become stable in 1e+05ms.
                                   Message: An error occurred while waiting for Shiny to be stable
                                   Caused by error in `app_wait_for_idle()`:
                                   ! An error occurred while waiting for Shiny to be stable
{shiny}      R  stderr ----------- Loading required package: shiny
{shiny}      R  stderr ----------- Attempting to load the environment ‘package:dplyr’
{shiny}      R  stderr ----------- 
{shiny}      R  stderr ----------- Attaching package: ‘dplyr’
{shiny}      R  stderr ----------- 
{shiny}      R  stderr ----------- The following objects are masked from ‘package:stats’:
{shiny}      R  stderr ----------- 
{shiny}      R  stderr -----------     filter, lag
{shiny}      R  stderr ----------- 
{shiny}      R  stderr ----------- The following objects are masked from ‘package:base’:
{shiny}      R  stderr ----------- 
{shiny}      R  stderr -----------     intersect, setdiff, setequal, union
{shiny}      R  stderr ----------- 
{shiny}      R  stderr ----------- Loading required package: teal
{shiny}      R  stderr ----------- Loading required package: teal.data
{shiny}      R  stderr ----------- Loading required package: teal.code
{shiny}      R  stderr ----------- Loading required package: teal.slice
{shiny}      R  stderr ----------- 
{shiny}      R  stderr ----------- You are using teal version 0.15.2.9031
{shiny}      R  stderr ----------- 
{shiny}      R  stderr ----------- Attaching package: ‘teal’
{shiny}      R  stderr ----------- 
{shiny}      R  stderr ----------- The following objects are masked from ‘package:teal.slice’:
{shiny}      R  stderr ----------- 
{shiny}      R  stderr -----------     as.teal_slices, teal_slices
{shiny}      R  stderr ----------- 
{shiny}      R  stderr ----------- Loading required package: teal.transform
{shiny}      R  stderr ----------- Loading required package: tern
{shiny}      R  stderr ----------- Loading required package: rtables
{shiny}      R  stderr ----------- Loading required package: formatters
{shiny}      R  stderr ----------- Loading required package: magrittr
{shiny}      R  stderr ----------- 
{shiny}      R  stderr ----------- Attaching package: ‘rtables’
{shiny}      R  stderr ----------- 
{shiny}      R  stderr ----------- The following object is masked from ‘package:utils’:
{shiny}      R  stderr ----------- 
{shiny}      R  stderr -----------     str
{shiny}      R  stderr ----------- 
{shiny}      R  stderr ----------- Running application in test mode.
{shiny}      R  stderr ----------- 
{shiny}      R  stderr ----------- Listening on http://127.0.0.1:3193
{shiny}      R  stderr ----------- Initializing reporter_previewer_module
{shiny}      R  stderr ----------- Warning: Error in &lt;Anonymous&gt;: error in evaluating the argument 'code' in selecting a method for function 'eval_code': Assertion on 'subset' failed: Must be a subset of {'','USUBJID','STUDYID','CMCLAS','CMDECOD','ATIREL','CMCAT','COUNTRY','SITEID','SUBJID','AGE','SEX','ARMCD','ARM','ACTARMCD','ACTARM','RACE','TRTSDTM','TRTEDTM','EOSDY','EOSDT','STRATA1','STRATA2','BMRKR1','BMRKR2','REGION1','SAFFL','EOSSTT','EOTSTT','DCSREAS','DTHDT','ASTDTM','ASTDY','AENDTM','AENDY','CMSEQ','ATC1','ATC2','ATC3','ATC4','CMINDC','CMDOSE','CMTRT','CMDOSU','CMROUTE','CMDOSFRQ','CMASTDTM','CMAENDTM','ATIREL2','CMDECOD2','CMINDC2','CMDOSE2','CMDOSU2','CMROUTE2','CMDOSFRQ2','ASTDY2','AENDY2'}, but has additional elements {'CMTRT2'}.
{shiny}      R  stderr -----------   241: &lt;Anonymous&gt;
{shiny}      R  stderr -----------   240: stop
{shiny}      R  stderr -----------   239: mstop
{shiny}      R  stderr -----------   238: makeAssertion
{shiny}      R  stderr -----------   237: checkmate::assert_subset
{shiny}      R  stderr -----------   236: variable_choices.data.frame
{shiny}      R  stderr -----------   233: resolve.delayed_variable_choices
{shiny}      R  stderr -----------   231: resolve.delayed_select_spec
{shiny}      R  stderr -----------   229: resolve.delayed_data_extract_spec
{shiny}      R  stderr -----------   227: resolve_delayed.list
{shiny}      R  stderr -----------   213: module
{shiny}      R  stderr -----------   208: callModule
{shiny}      R  stderr -----------   207: moduleServer
{shiny}      R  stderr -----------   206: data_extract_single_srv
{shiny}      R  stderr -----------   205: FUN
{shiny}      R  stderr -----------   204: lapply
{shiny}      R  stderr -----------   203: module
{shiny}      R  stderr -----------   198: callModule
{shiny}      R  stderr -----------   197: moduleServer
{shiny}      R  stderr -----------   196: data_extract_srv.list
{shiny}      R  stderr -----------   194: FUN
{shiny}      R  stderr -----------   193: lapply
{shiny}      R  stderr -----------   192: sapply
{shiny}      R  stderr -----------   191: &lt;reactive&gt;
{shiny}      R  stderr -----------   175: selector_list
{shiny}      R  stderr -----------   170: &lt;reactive&gt;
{shiny}      R  stderr -----------   154: anl_inputs
{shiny}      R  stderr -----------   153: as.expression
{shiny}      R  stderr -----------   152: teal.code::eval_code
{shiny}      R  stderr -----------   151: %&gt;%
{shiny}      R  stderr -----------   150: &lt;reactive&gt;
{shiny}      R  stderr -----------   134: merged$anl_q
{shiny}      R  stderr -----------   128: &lt;reactive&gt;
{shiny}      R  stderr -----------   112: all_q
{shiny}      R  stderr -----------   110: renderText
{shiny}      R  stderr -----------   109: func
{shiny}      R  stderr -----------    96: renderFunc
{shiny}      R  stderr -----------    95: output$teal-main_ui-root-therapy__e2e_-module-title
{shiny}      R  stderr -----------    14: &lt;Anonymous&gt;
{shiny}      R  stderr -----------    12: &lt;Anonymous&gt;
{shiny}      R  stderr -----------    11: &lt;Anonymous&gt;
{shiny}      R  stderr -----------    10: base::do.call
{shiny}      R  stderr -----------     9: base::saveRDS
{shiny}      R  stderr -----------     8: base::withCallingHandlers
{shiny}      R  stderr -----------     7: doTryCatch
{shiny}      R  stderr -----------     6: tryCatchOne
{shiny}      R  stderr -----------     5: tryCatchList
{shiny}      R  stderr -----------     2: tryCatchList
{shiny}      R  stderr -----------     1: base::tryCatch
{shiny}      R  stderr ----------- Warning: Error in &lt;Anonymous&gt;: error in evaluating the argument 'code' in selecting a method for function 'eval_code': Assertion on 'subset' failed: Must be a subset of {'','USUBJID','STUDYID','CMCLAS','CMDECOD','ATIREL','CMCAT','COUNTRY','SITEID','SUBJID','AGE','SEX','ARMCD','ARM','ACTARMCD','ACTARM','RACE','TRTSDTM','TRTEDTM','EOSDY','EOSDT','STRATA1','STRATA2','BMRKR1','BMRKR2','REGION1','SAFFL','EOSSTT','EOTSTT','DCSREAS','DTHDT','ASTDTM','ASTDY','AENDTM','AENDY','CMSEQ','ATC1','ATC2','ATC3','ATC4','CMINDC','CMDOSE','CMTRT','CMDOSU','CMROUTE','CMDOSFRQ','CMASTDTM','CMAENDTM','ATIREL2','CMDECOD2','CMINDC2','CMDOSE2','CMDOSU2','CMROUTE2','CMDOSFRQ2','ASTDY2','AENDY2'}, but has additional elements {'CMTRT2'}.
{shiny}      R  stderr -----------   122: &lt;Anonymous&gt;
{shiny}      R  stderr -----------   121: stop
{shiny}      R  stderr -----------   120: all_q
{shiny}      R  stderr -----------   117: exprFunc
{shiny}      R  stderr -----------   116: widgetFunc
{shiny}      R  stderr -----------   115: ::
{shiny}      R  stderr ----------- htmlwidgets
{shiny}      R  stderr ----------- shinyRenderWidget
{shiny}      R  stderr -----------   114: func
{shiny}      R  stderr -----------   101: renderFunc
{shiny}      R  stderr -----------   100: renderFunc
{shiny}      R  stderr -----------    96: renderFunc
{shiny}      R  stderr -----------    95: output$teal-main_ui-root-therapy__e2e_-module-therapy_table
{shiny}      R  stderr -----------    14: &lt;Anonymous&gt;
{shiny}      R  stderr -----------    12: &lt;Anonymous&gt;
{shiny}      R  stderr -----------    11: &lt;Anonymous&gt;
{shiny}      R  stderr -----------    10: base::do.call
{shiny}      R  stderr -----------     9: base::saveRDS
{shiny}      R  stderr -----------     8: base::withCallingHandlers
{shiny}      R  stderr -----------     7: doTryCatch
{shiny}      R  stderr -----------     6: tryCatchOne
{shiny}      R  stderr -----------     5: tryCatchList
{shiny}      R  stderr -----------     2: tryCatchList
{shiny}      R  stderr -----------     1: base::tryCatch
{shiny}      R  stderr ----------- Warning: Error in variable_choices.data.frame: Assertion on 'subset' failed: Must be a subset of {'','USUBJID','STUDYID','CMCLAS','CMDECOD','ATIREL','CMCAT','COUNTRY','SITEID','SUBJID','AGE','SEX','ARMCD','ARM','ACTARMCD','ACTARM','RACE','TRTSDTM','TRTEDTM','EOSDY','EOSDT','STRATA1','STRATA2','BMRKR1','BMRKR2','REGION1','SAFFL','EOSSTT','EOTSTT','DCSREAS','DTHDT','ASTDTM','ASTDY','AENDTM','AENDY','CMSEQ','ATC1','ATC2','ATC3','ATC4','CMINDC','CMDOSE','CMTRT','CMDOSU','CMROUTE','CMDOSFRQ','CMASTDTM','CMAENDTM','ATIREL2','CMDECOD2','CMINDC2','CMDOSE2','CMDOSU2','CMROUTE2','CMDOSFRQ2','ASTDY2','AENDY2'}, but has additional elements {'CMTRT2'}.
{shiny}      R  stderr -----------   162: &lt;Anonymous&gt;
{shiny}      R  stderr -----------   161: stop
{shiny}      R  stderr -----------   160: selector_list
{shiny}      R  stderr -----------   159: teal.transform::compose_and_enable_validators
{shiny}      R  stderr -----------   158: &lt;reactive&gt;
{shiny}      R  stderr -----------   142: iv_r
{shiny}      R  stderr -----------   135: &lt;reactive&gt;
{shiny}      R  stderr -----------   119: plot_r
{shiny}      R  stderr -----------   110: renderUI
{shiny}      R  stderr -----------   109: func
{shiny}      R  stderr -----------    96: renderFunc
{shiny}      R  stderr -----------    95: output$teal-main_ui-root-therapy__e2e_-module-therapy_plot-plot_out_main
{shiny}      R  stderr -----------    14: &lt;Anonymous&gt;
{shiny}      R  stderr -----------    12: &lt;Anonymous&gt;
{shiny}      R  stderr -----------    11: &lt;Anonymous&gt;
{shiny}      R  stderr -----------    10: base::do.call
{shiny}      R  stderr -----------     9: base::saveRDS
{shiny}      R  stderr -----------     8: base::withCallingHandlers
{shiny}      R  stderr -----------     7: doTryCatch
{shiny}      R  stderr -----------     6: tryCatchOne
{shiny}      R  stderr -----------     5: tryCatchList
{shiny}      R  stderr -----------     2: tryCatchList
{shiny}      R  stderr -----------     1: base::tryCatch
{shiny}      R  stderr ----------- Warning: Error in &lt;Anonymous&gt;: error in evaluating the argument 'code' in selecting a method for function 'eval_code': Assertion on 'subset' failed: Must be a subset of {'','USUBJID','STUDYID','CMCLAS','CMDECOD','ATIREL','CMCAT','COUNTRY','SITEID','SUBJID','AGE','SEX','ARMCD','ARM','ACTARMCD','ACTARM','RACE','TRTSDTM','TRTEDTM','EOSDY','EOSDT','STRATA1','STRATA2','BMRKR1','BMRKR2','REGION1','SAFFL','EOSSTT','EOTSTT','DCSREAS','DTHDT','ASTDTM','ASTDY','AENDTM','AENDY','CMSEQ','ATC1','ATC2','ATC3','ATC4','CMINDC','CMDOSE','CMTRT','CMDOSU','CMROUTE','CMDOSFRQ','CMASTDTM','CMAENDTM','ATIREL2','CMDECOD2','CMINDC2','CMDOSE2','CMDOSU2','CMROUTE2','CMDOSFRQ2','ASTDY2','AENDY2'}, but has additional elements {'CMTRT2'}.
{shiny}      R  stderr -----------   14: &lt;Anonymous&gt;
{shiny}      R  stderr -----------   12: &lt;Anonymous&gt;
{shiny}      R  stderr -----------   11: &lt;Anonymous&gt;
{shiny}      R  stderr -----------   10: base::do.call
{shiny}      R  stderr -----------    9: base::saveRDS
{shiny}      R  stderr -----------    8: base::withCallingHandlers
{shiny}      R  stderr -----------    7: doTryCatch
{shiny}      R  stderr -----------    6: tryCatchOne
{shiny}      R  stderr -----------    5: tryCatchList
{shiny}      R  stderr -----------    2: tryCatchList
{shiny}      R  stderr -----------    1: base::tryCatch


Caused by error in `app_initialize_()`:
! Shiny app did not become stable in 1e+05ms.
Message: An error occurred while waiting for Shiny to be stable
Caused by error in `app_wait_for_idle()`:
! An error occurred while waiting for Shiny to be stable
Backtrace:
     x
  1. +-teal.modules.clinical (local) app_driver_tm_g_pp_therapy() at test-shinytest2-tm_g_pp_therapy.R:162:9
  2. | \-teal.modules.clinical:::init_teal_app_driver(...) at test-shinytest2-tm_g_pp_therapy.R:31:3
  3. |   +-testthat::with_mocked_bindings(...) at tests/testthat/helper-TealAppDriver.R:7:3
  4. |   \-TealAppDriver$new(...) at tests/testthat/helper-TealAppDriver.R:10:7
  5. |     \-teal (local) initialize(...)
  6. |       +-base::suppressWarnings(...)
  7. |       | \-base::withCallingHandlers(...)
  8. |       \-super$initialize(...)
  9. |         \-shinytest2:::app_initialize(...)
 10. |           +-base::withCallingHandlers(...)
 11. |           \-shinytest2:::app_initialize_(self, private, ..., view = view)
 12. |             +-base::withCallingHandlers(...)
 13. |             \-self$wait_for_idle(duration = 200, timeout = private$load_timeout)
 14. |               \-shinytest2:::app_wait_for_idle(...)
 15. |                 \-shinytest2:::app_abort(self, private, "An error occurred while waiting for Shiny to be stable")
 16. |                   \-rlang::abort(..., app = self, call = call)
 17. |                     \-rlang:::signal_abort(cnd, .file)
 18. |                       \-base::signalCondition(cnd)
 19. +-shinytest2 (local) `&lt;fn&gt;`(`&lt;rlng_rrr&gt;`)
 20. | \-shinytest2:::app_abort(...)
 21. |   \-rlang::abort(..., app = self, call = call)
 22. |     \-rlang:::signal_abort(cnd, .file)
 23. |       \-base::signalCondition(cnd)
 24. \-shinytest2 (local) `&lt;fn&gt;`(`&lt;rlng_rrr&gt;`)
 25.   \-shinytest2:::app_abort(...)
 26.     \-rlang::abort(..., app = self, call = call)</error>
    </testcase>
    <testcase time="102.878" classname="shinytest2_tm_g_pp_therapy" name="e2e_tm_g_pp_therapy_Deselection_of_cmdosfrq_dataset_ADCM_singleextract_select_throws_validation_error.">
      <error type="error" message="Error in `app_initialize(self, private, app_dir = app_dir, ..., load_timeout = load_timeout,  ('test-shinytest2-tm_g_pp_therapy.R:189:5')">Error in `app_initialize(self, private, app_dir = app_dir, ..., load_timeout = load_timeout, 
    timeout = timeout, wait = wait, expect_values_screenshot_args = expect_values_screenshot_args, 
    screenshot_args = screenshot_args, check_names = check_names, 
    name = name, variant = variant, view = view, height = height, 
    width = width, seed = seed, clean_logs = clean_logs, shiny_args = shiny_args, 
    render_args = render_args, options = options)`: Shiny app did not become stable in 1e+05ms.
Message: An error occurred while waiting for Shiny to be stable
Caused by error in `app_wait_for_idle()`:
! An error occurred while waiting for Shiny to be stable


i You can inspect the failed AppDriver object via `rlang::last_error()$app`
i AppDriver logs:
{shinytest2} R  info   23:18:02.48 Start AppDriver initialization
{shinytest2} R  info   23:18:02.51 Starting Shiny app
{shinytest2} R  info   23:18:04.54 Creating new ChromoteSession
{shinytest2} R  info   23:18:04.56 Navigating to Shiny app
{shinytest2} R  info   23:18:04.67 Injecting shiny-tracer.js
{chromote}   JS info   23:18:04.68 shinytest2; jQuery not found
{chromote}   JS info   23:18:04.68 shinytest2; Loaded
{shinytest2} R  info   23:18:04.68 Waiting for Shiny to become ready
{chromote}   JS info   23:18:04.76 shinytest2; jQuery found
{chromote}   JS info   23:18:04.77 shinytest2; Waiting for shiny session to connect
{chromote}   JS info   23:18:04.88 shinytest2; Connected
{shinytest2} R  info   23:18:04.89 Waiting for Shiny to become idle for 200ms within 1e+05ms
{chromote}   JS info   23:18:04.89 shinytest2; Waiting for Shiny to be stable
{chromote}   JS info   23:18:04.92 shinytest2; shiny:busy
{chromote}   JS info   23:18:06.15 shinytest2; shiny:idle
{chromote}   JS info   23:18:06.15 shinytest2; shiny:value teal-identifier
{chromote}   JS info   23:18:06.15 shinytest2; shiny:value error
{chromote}   JS info   23:18:06.15 shinytest2; shiny:busy
{chromote}   JS info   23:18:06.15 shinytest2; shiny:idle
{chromote}   JS info   23:18:06.19 shinytest2; shiny:busy
{shinytest2} R  info   23:19:44.91 Error while initializing AppDriver:
                                   Shiny app did not become stable in 1e+05ms.
                                   Message: An error occurred while waiting for Shiny to be stable
                                   Caused by error in `app_wait_for_idle()`:
                                   ! An error occurred while waiting for Shiny to be stable
{shiny}      R  stderr ----------- Loading required package: shiny
{shiny}      R  stderr ----------- Attempting to load the environment ‘package:dplyr’
{shiny}      R  stderr ----------- 
{shiny}      R  stderr ----------- Attaching package: ‘dplyr’
{shiny}      R  stderr ----------- 
{shiny}      R  stderr ----------- The following objects are masked from ‘package:stats’:
{shiny}      R  stderr ----------- 
{shiny}      R  stderr -----------     filter, lag
{shiny}      R  stderr ----------- 
{shiny}      R  stderr ----------- The following objects are masked from ‘package:base’:
{shiny}      R  stderr ----------- 
{shiny}      R  stderr -----------     intersect, setdiff, setequal, union
{shiny}      R  stderr ----------- 
{shiny}      R  stderr ----------- Loading required package: teal
{shiny}      R  stderr ----------- Loading required package: teal.data
{shiny}      R  stderr ----------- Loading required package: teal.code
{shiny}      R  stderr ----------- Loading required package: teal.slice
{shiny}      R  stderr ----------- 
{shiny}      R  stderr ----------- You are using teal version 0.15.2.9031
{shiny}      R  stderr ----------- 
{shiny}      R  stderr ----------- Attaching package: ‘teal’
{shiny}      R  stderr ----------- 
{shiny}      R  stderr ----------- The following objects are masked from ‘package:teal.slice’:
{shiny}      R  stderr ----------- 
{shiny}      R  stderr -----------     as.teal_slices, teal_slices
{shiny}      R  stderr ----------- 
{shiny}      R  stderr ----------- Loading required package: teal.transform
{shiny}      R  stderr ----------- Loading required package: tern
{shiny}      R  stderr ----------- Loading required package: rtables
{shiny}      R  stderr ----------- Loading required package: formatters
{shiny}      R  stderr ----------- Loading required package: magrittr
{shiny}      R  stderr ----------- 
{shiny}      R  stderr ----------- Attaching package: ‘rtables’
{shiny}      R  stderr ----------- 
{shiny}      R  stderr ----------- The following object is masked from ‘package:utils’:
{shiny}      R  stderr ----------- 
{shiny}      R  stderr -----------     str
{shiny}      R  stderr ----------- 
{shiny}      R  stderr ----------- Running application in test mode.
{shiny}      R  stderr ----------- 
{shiny}      R  stderr ----------- Listening on http://127.0.0.1:4568
{shiny}      R  stderr ----------- Initializing reporter_previewer_module
{shiny}      R  stderr ----------- Warning: Error in &lt;Anonymous&gt;: error in evaluating the argument 'code' in selecting a method for function 'eval_code': Assertion on 'subset' failed: Must be a subset of {'','USUBJID','STUDYID','CMCLAS','CMDECOD','ATIREL','CMCAT','COUNTRY','SITEID','SUBJID','AGE','SEX','ARMCD','ARM','ACTARMCD','ACTARM','RACE','TRTSDTM','TRTEDTM','EOSDY','EOSDT','STRATA1','STRATA2','BMRKR1','BMRKR2','REGION1','SAFFL','EOSSTT','EOTSTT','DCSREAS','DTHDT','ASTDTM','ASTDY','AENDTM','AENDY','CMSEQ','ATC1','ATC2','ATC3','ATC4','CMINDC','CMDOSE','CMTRT','CMDOSU','CMROUTE','CMDOSFRQ','CMASTDTM','CMAENDTM','ATIREL2','CMDECOD2','CMINDC2','CMDOSE2','CMDOSU2','CMROUTE2','CMDOSFRQ2','ASTDY2','AENDY2'}, but has additional elements {'CMTRT2'}.
{shiny}      R  stderr -----------   241: &lt;Anonymous&gt;
{shiny}      R  stderr -----------   240: stop
{shiny}      R  stderr -----------   239: mstop
{shiny}      R  stderr -----------   238: makeAssertion
{shiny}      R  stderr -----------   237: checkmate::assert_subset
{shiny}      R  stderr -----------   236: variable_choices.data.frame
{shiny}      R  stderr -----------   233: resolve.delayed_variable_choices
{shiny}      R  stderr -----------   231: resolve.delayed_select_spec
{shiny}      R  stderr -----------   229: resolve.delayed_data_extract_spec
{shiny}      R  stderr -----------   227: resolve_delayed.list
{shiny}      R  stderr -----------   213: module
{shiny}      R  stderr -----------   208: callModule
{shiny}      R  stderr -----------   207: moduleServer
{shiny}      R  stderr -----------   206: data_extract_single_srv
{shiny}      R  stderr -----------   205: FUN
{shiny}      R  stderr -----------   204: lapply
{shiny}      R  stderr -----------   203: module
{shiny}      R  stderr -----------   198: callModule
{shiny}      R  stderr -----------   197: moduleServer
{shiny}      R  stderr -----------   196: data_extract_srv.list
{shiny}      R  stderr -----------   194: FUN
{shiny}      R  stderr -----------   193: lapply
{shiny}      R  stderr -----------   192: sapply
{shiny}      R  stderr -----------   191: &lt;reactive&gt;
{shiny}      R  stderr -----------   175: selector_list
{shiny}      R  stderr -----------   170: &lt;reactive&gt;
{shiny}      R  stderr -----------   154: anl_inputs
{shiny}      R  stderr -----------   153: as.expression
{shiny}      R  stderr -----------   152: teal.code::eval_code
{shiny}      R  stderr -----------   151: %&gt;%
{shiny}      R  stderr -----------   150: &lt;reactive&gt;
{shiny}      R  stderr -----------   134: merged$anl_q
{shiny}      R  stderr -----------   128: &lt;reactive&gt;
{shiny}      R  stderr -----------   112: all_q
{shiny}      R  stderr -----------   110: renderText
{shiny}      R  stderr -----------   109: func
{shiny}      R  stderr -----------    96: renderFunc
{shiny}      R  stderr -----------    95: output$teal-main_ui-root-therapy__e2e_-module-title
{shiny}      R  stderr -----------    14: &lt;Anonymous&gt;
{shiny}      R  stderr -----------    12: &lt;Anonymous&gt;
{shiny}      R  stderr -----------    11: &lt;Anonymous&gt;
{shiny}      R  stderr -----------    10: base::do.call
{shiny}      R  stderr -----------     9: base::saveRDS
{shiny}      R  stderr -----------     8: base::withCallingHandlers
{shiny}      R  stderr -----------     7: doTryCatch
{shiny}      R  stderr -----------     6: tryCatchOne
{shiny}      R  stderr -----------     5: tryCatchList
{shiny}      R  stderr -----------     2: tryCatchList
{shiny}      R  stderr -----------     1: base::tryCatch
{shiny}      R  stderr ----------- Warning: Error in &lt;Anonymous&gt;: error in evaluating the argument 'code' in selecting a method for function 'eval_code': Assertion on 'subset' failed: Must be a subset of {'','USUBJID','STUDYID','CMCLAS','CMDECOD','ATIREL','CMCAT','COUNTRY','SITEID','SUBJID','AGE','SEX','ARMCD','ARM','ACTARMCD','ACTARM','RACE','TRTSDTM','TRTEDTM','EOSDY','EOSDT','STRATA1','STRATA2','BMRKR1','BMRKR2','REGION1','SAFFL','EOSSTT','EOTSTT','DCSREAS','DTHDT','ASTDTM','ASTDY','AENDTM','AENDY','CMSEQ','ATC1','ATC2','ATC3','ATC4','CMINDC','CMDOSE','CMTRT','CMDOSU','CMROUTE','CMDOSFRQ','CMASTDTM','CMAENDTM','ATIREL2','CMDECOD2','CMINDC2','CMDOSE2','CMDOSU2','CMROUTE2','CMDOSFRQ2','ASTDY2','AENDY2'}, but has additional elements {'CMTRT2'}.
{shiny}      R  stderr -----------   122: &lt;Anonymous&gt;
{shiny}      R  stderr -----------   121: stop
{shiny}      R  stderr -----------   120: all_q
{shiny}      R  stderr -----------   117: exprFunc
{shiny}      R  stderr -----------   116: widgetFunc
{shiny}      R  stderr -----------   115: ::
{shiny}      R  stderr ----------- htmlwidgets
{shiny}      R  stderr ----------- shinyRenderWidget
{shiny}      R  stderr -----------   114: func
{shiny}      R  stderr -----------   101: renderFunc
{shiny}      R  stderr -----------   100: renderFunc
{shiny}      R  stderr -----------    96: renderFunc
{shiny}      R  stderr -----------    95: output$teal-main_ui-root-therapy__e2e_-module-therapy_table
{shiny}      R  stderr -----------    14: &lt;Anonymous&gt;
{shiny}      R  stderr -----------    12: &lt;Anonymous&gt;
{shiny}      R  stderr -----------    11: &lt;Anonymous&gt;
{shiny}      R  stderr -----------    10: base::do.call
{shiny}      R  stderr -----------     9: base::saveRDS
{shiny}      R  stderr -----------     8: base::withCallingHandlers
{shiny}      R  stderr -----------     7: doTryCatch
{shiny}      R  stderr -----------     6: tryCatchOne
{shiny}      R  stderr -----------     5: tryCatchList
{shiny}      R  stderr -----------     2: tryCatchList
{shiny}      R  stderr -----------     1: base::tryCatch
{shiny}      R  stderr ----------- Warning: Error in variable_choices.data.frame: Assertion on 'subset' failed: Must be a subset of {'','USUBJID','STUDYID','CMCLAS','CMDECOD','ATIREL','CMCAT','COUNTRY','SITEID','SUBJID','AGE','SEX','ARMCD','ARM','ACTARMCD','ACTARM','RACE','TRTSDTM','TRTEDTM','EOSDY','EOSDT','STRATA1','STRATA2','BMRKR1','BMRKR2','REGION1','SAFFL','EOSSTT','EOTSTT','DCSREAS','DTHDT','ASTDTM','ASTDY','AENDTM','AENDY','CMSEQ','ATC1','ATC2','ATC3','ATC4','CMINDC','CMDOSE','CMTRT','CMDOSU','CMROUTE','CMDOSFRQ','CMASTDTM','CMAENDTM','ATIREL2','CMDECOD2','CMINDC2','CMDOSE2','CMDOSU2','CMROUTE2','CMDOSFRQ2','ASTDY2','AENDY2'}, but has additional elements {'CMTRT2'}.
{shiny}      R  stderr -----------   162: &lt;Anonymous&gt;
{shiny}      R  stderr -----------   161: stop
{shiny}      R  stderr -----------   160: selector_list
{shiny}      R  stderr -----------   159: teal.transform::compose_and_enable_validators
{shiny}      R  stderr -----------   158: &lt;reactive&gt;
{shiny}      R  stderr -----------   142: iv_r
{shiny}      R  stderr -----------   135: &lt;reactive&gt;
{shiny}      R  stderr -----------   119: plot_r
{shiny}      R  stderr -----------   110: renderUI
{shiny}      R  stderr -----------   109: func
{shiny}      R  stderr -----------    96: renderFunc
{shiny}      R  stderr -----------    95: output$teal-main_ui-root-therapy__e2e_-module-therapy_plot-plot_out_main
{shiny}      R  stderr -----------    14: &lt;Anonymous&gt;
{shiny}      R  stderr -----------    12: &lt;Anonymous&gt;
{shiny}      R  stderr -----------    11: &lt;Anonymous&gt;
{shiny}      R  stderr -----------    10: base::do.call
{shiny}      R  stderr -----------     9: base::saveRDS
{shiny}      R  stderr -----------     8: base::withCallingHandlers
{shiny}      R  stderr -----------     7: doTryCatch
{shiny}      R  stderr -----------     6: tryCatchOne
{shiny}      R  stderr -----------     5: tryCatchList
{shiny}      R  stderr -----------     2: tryCatchList
{shiny}      R  stderr -----------     1: base::tryCatch
{shiny}      R  stderr ----------- Warning: Error in &lt;Anonymous&gt;: error in evaluating the argument 'code' in selecting a method for function 'eval_code': Assertion on 'subset' failed: Must be a subset of {'','USUBJID','STUDYID','CMCLAS','CMDECOD','ATIREL','CMCAT','COUNTRY','SITEID','SUBJID','AGE','SEX','ARMCD','ARM','ACTARMCD','ACTARM','RACE','TRTSDTM','TRTEDTM','EOSDY','EOSDT','STRATA1','STRATA2','BMRKR1','BMRKR2','REGION1','SAFFL','EOSSTT','EOTSTT','DCSREAS','DTHDT','ASTDTM','ASTDY','AENDTM','AENDY','CMSEQ','ATC1','ATC2','ATC3','ATC4','CMINDC','CMDOSE','CMTRT','CMDOSU','CMROUTE','CMDOSFRQ','CMASTDTM','CMAENDTM','ATIREL2','CMDECOD2','CMINDC2','CMDOSE2','CMDOSU2','CMROUTE2','CMDOSFRQ2','ASTDY2','AENDY2'}, but has additional elements {'CMTRT2'}.
{shiny}      R  stderr -----------   14: &lt;Anonymous&gt;
{shiny}      R  stderr -----------   12: &lt;Anonymous&gt;
{shiny}      R  stderr -----------   11: &lt;Anonymous&gt;
{shiny}      R  stderr -----------   10: base::do.call
{shiny}      R  stderr -----------    9: base::saveRDS
{shiny}      R  stderr -----------    8: base::withCallingHandlers
{shiny}      R  stderr -----------    7: doTryCatch
{shiny}      R  stderr -----------    6: tryCatchOne
{shiny}      R  stderr -----------    5: tryCatchList
{shiny}      R  stderr -----------    2: tryCatchList
{shiny}      R  stderr -----------    1: base::tryCatch


Caused by error in `app_initialize_()`:
! Shiny app did not become stable in 1e+05ms.
Message: An error occurred while waiting for Shiny to be stable
Caused by error in `app_wait_for_idle()`:
! An error occurred while waiting for Shiny to be stable
Backtrace:
     x
  1. +-teal.modules.clinical (local) app_driver_tm_g_pp_therapy() at test-shinytest2-tm_g_pp_therapy.R:189:5
  2. | \-teal.modules.clinical:::init_teal_app_driver(...) at test-shinytest2-tm_g_pp_therapy.R:31:3
  3. |   +-testthat::with_mocked_bindings(...) at tests/testthat/helper-TealAppDriver.R:7:3
  4. |   \-TealAppDriver$new(...) at tests/testthat/helper-TealAppDriver.R:10:7
  5. |     \-teal (local) initialize(...)
  6. |       +-base::suppressWarnings(...)
  7. |       | \-base::withCallingHandlers(...)
  8. |       \-super$initialize(...)
  9. |         \-shinytest2:::app_initialize(...)
 10. |           +-base::withCallingHandlers(...)
 11. |           \-shinytest2:::app_initialize_(self, private, ..., view = view)
 12. |             +-base::withCallingHandlers(...)
 13. |             \-self$wait_for_idle(duration = 200, timeout = private$load_timeout)
 14. |               \-shinytest2:::app_wait_for_idle(...)
 15. |                 \-shinytest2:::app_abort(self, private, "An error occurred while waiting for Shiny to be stable")
 16. |                   \-rlang::abort(..., app = self, call = call)
 17. |                     \-rlang:::signal_abort(cnd, .file)
 18. |                       \-base::signalCondition(cnd)
 19. +-shinytest2 (local) `&lt;fn&gt;`(`&lt;rlng_rrr&gt;`)
 20. | \-shinytest2:::app_abort(...)
 21. |   \-rlang::abort(..., app = self, call = call)
 22. |     \-rlang:::signal_abort(cnd, .file)
 23. |       \-base::signalCondition(cnd)
 24. \-shinytest2 (local) `&lt;fn&gt;`(`&lt;rlng_rrr&gt;`)
 25.   \-shinytest2:::app_abort(...)
 26.     \-rlang::abort(..., app = self, call = call)</error>
    </testcase>
    <testcase time="103.016" classname="shinytest2_tm_g_pp_therapy" name="e2e_tm_g_pp_therapy_Selection_of_cmstdy_changes_the_element_and_does_not_throw_validation_errors">
      <error type="error" message="Error in `app_initialize(self, private, app_dir = app_dir, ..., load_timeout = load_timeout,  ('test-shinytest2-tm_g_pp_therapy.R:162:9')">Error in `app_initialize(self, private, app_dir = app_dir, ..., load_timeout = load_timeout, 
    timeout = timeout, wait = wait, expect_values_screenshot_args = expect_values_screenshot_args, 
    screenshot_args = screenshot_args, check_names = check_names, 
    name = name, variant = variant, view = view, height = height, 
    width = width, seed = seed, clean_logs = clean_logs, shiny_args = shiny_args, 
    render_args = render_args, options = options)`: Shiny app did not become stable in 1e+05ms.
Message: An error occurred while waiting for Shiny to be stable
Caused by error in `app_wait_for_idle()`:
! An error occurred while waiting for Shiny to be stable


i You can inspect the failed AppDriver object via `rlang::last_error()$app`
i AppDriver logs:
{shinytest2} R  info   23:19:45.35 Start AppDriver initialization
{shinytest2} R  info   23:19:45.38 Starting Shiny app
{shinytest2} R  info   23:19:47.40 Creating new ChromoteSession
{shinytest2} R  info   23:19:47.43 Navigating to Shiny app
{shinytest2} R  info   23:19:47.57 Injecting shiny-tracer.js
{chromote}   JS info   23:19:47.58 shinytest2; jQuery not found
{chromote}   JS info   23:19:47.58 shinytest2; Loaded
{shinytest2} R  info   23:19:47.58 Waiting for Shiny to become ready
{chromote}   JS info   23:19:47.63 shinytest2; jQuery found
{chromote}   JS info   23:19:47.63 shinytest2; Waiting for shiny session to connect
{chromote}   JS info   23:19:47.83 shinytest2; Connected
{chromote}   JS info   23:19:47.86 shinytest2; shiny:busy
{shinytest2} R  info   23:19:47.90 Waiting for Shiny to become idle for 200ms within 1e+05ms
{chromote}   JS info   23:19:47.90 shinytest2; Waiting for Shiny to be stable
{chromote}   JS info   23:19:49.10 shinytest2; shiny:idle
{chromote}   JS info   23:19:49.10 shinytest2; shiny:value teal-identifier
{chromote}   JS info   23:19:49.10 shinytest2; shiny:value error
{chromote}   JS info   23:19:49.10 shinytest2; shiny:busy
{chromote}   JS info   23:19:49.10 shinytest2; shiny:idle
{chromote}   JS info   23:19:49.12 shinytest2; shiny:busy
{shinytest2} R  info   23:21:27.92 Error while initializing AppDriver:
                                   Shiny app did not become stable in 1e+05ms.
                                   Message: An error occurred while waiting for Shiny to be stable
                                   Caused by error in `app_wait_for_idle()`:
                                   ! An error occurred while waiting for Shiny to be stable
{shiny}      R  stderr ----------- Loading required package: shiny
{shiny}      R  stderr ----------- Attempting to load the environment ‘package:dplyr’
{shiny}      R  stderr ----------- 
{shiny}      R  stderr ----------- Attaching package: ‘dplyr’
{shiny}      R  stderr ----------- 
{shiny}      R  stderr ----------- The following objects are masked from ‘package:stats’:
{shiny}      R  stderr ----------- 
{shiny}      R  stderr -----------     filter, lag
{shiny}      R  stderr ----------- 
{shiny}      R  stderr ----------- The following objects are masked from ‘package:base’:
{shiny}      R  stderr ----------- 
{shiny}      R  stderr -----------     intersect, setdiff, setequal, union
{shiny}      R  stderr ----------- 
{shiny}      R  stderr ----------- Loading required package: teal
{shiny}      R  stderr ----------- Loading required package: teal.data
{shiny}      R  stderr ----------- Loading required package: teal.code
{shiny}      R  stderr ----------- Loading required package: teal.slice
{shiny}      R  stderr ----------- 
{shiny}      R  stderr ----------- You are using teal version 0.15.2.9031
{shiny}      R  stderr ----------- 
{shiny}      R  stderr ----------- Attaching package: ‘teal’
{shiny}      R  stderr ----------- 
{shiny}      R  stderr ----------- The following objects are masked from ‘package:teal.slice’:
{shiny}      R  stderr ----------- 
{shiny}      R  stderr -----------     as.teal_slices, teal_slices
{shiny}      R  stderr ----------- 
{shiny}      R  stderr ----------- Loading required package: teal.transform
{shiny}      R  stderr ----------- Loading required package: tern
{shiny}      R  stderr ----------- Loading required package: rtables
{shiny}      R  stderr ----------- Loading required package: formatters
{shiny}      R  stderr ----------- Loading required package: magrittr
{shiny}      R  stderr ----------- 
{shiny}      R  stderr ----------- Attaching package: ‘rtables’
{shiny}      R  stderr ----------- 
{shiny}      R  stderr ----------- The following object is masked from ‘package:utils’:
{shiny}      R  stderr ----------- 
{shiny}      R  stderr -----------     str
{shiny}      R  stderr ----------- 
{shiny}      R  stderr ----------- Running application in test mode.
{shiny}      R  stderr ----------- 
{shiny}      R  stderr ----------- Listening on http://127.0.0.1:7988
{shiny}      R  stderr ----------- Initializing reporter_previewer_module
{shiny}      R  stderr ----------- Warning: Error in &lt;Anonymous&gt;: error in evaluating the argument 'code' in selecting a method for function 'eval_code': Assertion on 'subset' failed: Must be a subset of {'','USUBJID','STUDYID','CMCLAS','CMDECOD','ATIREL','CMCAT','COUNTRY','SITEID','SUBJID','AGE','SEX','ARMCD','ARM','ACTARMCD','ACTARM','RACE','TRTSDTM','TRTEDTM','EOSDY','EOSDT','STRATA1','STRATA2','BMRKR1','BMRKR2','REGION1','SAFFL','EOSSTT','EOTSTT','DCSREAS','DTHDT','ASTDTM','ASTDY','AENDTM','AENDY','CMSEQ','ATC1','ATC2','ATC3','ATC4','CMINDC','CMDOSE','CMTRT','CMDOSU','CMROUTE','CMDOSFRQ','CMASTDTM','CMAENDTM','ATIREL2','CMDECOD2','CMINDC2','CMDOSE2','CMDOSU2','CMROUTE2','CMDOSFRQ2','ASTDY2','AENDY2'}, but has additional elements {'CMTRT2'}.
{shiny}      R  stderr -----------   241: &lt;Anonymous&gt;
{shiny}      R  stderr -----------   240: stop
{shiny}      R  stderr -----------   239: mstop
{shiny}      R  stderr -----------   238: makeAssertion
{shiny}      R  stderr -----------   237: checkmate::assert_subset
{shiny}      R  stderr -----------   236: variable_choices.data.frame
{shiny}      R  stderr -----------   233: resolve.delayed_variable_choices
{shiny}      R  stderr -----------   231: resolve.delayed_select_spec
{shiny}      R  stderr -----------   229: resolve.delayed_data_extract_spec
{shiny}      R  stderr -----------   227: resolve_delayed.list
{shiny}      R  stderr -----------   213: module
{shiny}      R  stderr -----------   208: callModule
{shiny}      R  stderr -----------   207: moduleServer
{shiny}      R  stderr -----------   206: data_extract_single_srv
{shiny}      R  stderr -----------   205: FUN
{shiny}      R  stderr -----------   204: lapply
{shiny}      R  stderr -----------   203: module
{shiny}      R  stderr -----------   198: callModule
{shiny}      R  stderr -----------   197: moduleServer
{shiny}      R  stderr -----------   196: data_extract_srv.list
{shiny}      R  stderr -----------   194: FUN
{shiny}      R  stderr -----------   193: lapply
{shiny}      R  stderr -----------   192: sapply
{shiny}      R  stderr -----------   191: &lt;reactive&gt;
{shiny}      R  stderr -----------   175: selector_list
{shiny}      R  stderr -----------   170: &lt;reactive&gt;
{shiny}      R  stderr -----------   154: anl_inputs
{shiny}      R  stderr -----------   153: as.expression
{shiny}      R  stderr -----------   152: teal.code::eval_code
{shiny}      R  stderr -----------   151: %&gt;%
{shiny}      R  stderr -----------   150: &lt;reactive&gt;
{shiny}      R  stderr -----------   134: merged$anl_q
{shiny}      R  stderr -----------   128: &lt;reactive&gt;
{shiny}      R  stderr -----------   112: all_q
{shiny}      R  stderr -----------   110: renderText
{shiny}      R  stderr -----------   109: func
{shiny}      R  stderr -----------    96: renderFunc
{shiny}      R  stderr -----------    95: output$teal-main_ui-root-therapy__e2e_-module-title
{shiny}      R  stderr -----------    14: &lt;Anonymous&gt;
{shiny}      R  stderr -----------    12: &lt;Anonymous&gt;
{shiny}      R  stderr -----------    11: &lt;Anonymous&gt;
{shiny}      R  stderr -----------    10: base::do.call
{shiny}      R  stderr -----------     9: base::saveRDS
{shiny}      R  stderr -----------     8: base::withCallingHandlers
{shiny}      R  stderr -----------     7: doTryCatch
{shiny}      R  stderr -----------     6: tryCatchOne
{shiny}      R  stderr -----------     5: tryCatchList
{shiny}      R  stderr -----------     2: tryCatchList
{shiny}      R  stderr -----------     1: base::tryCatch
{shiny}      R  stderr ----------- Warning: Error in &lt;Anonymous&gt;: error in evaluating the argument 'code' in selecting a method for function 'eval_code': Assertion on 'subset' failed: Must be a subset of {'','USUBJID','STUDYID','CMCLAS','CMDECOD','ATIREL','CMCAT','COUNTRY','SITEID','SUBJID','AGE','SEX','ARMCD','ARM','ACTARMCD','ACTARM','RACE','TRTSDTM','TRTEDTM','EOSDY','EOSDT','STRATA1','STRATA2','BMRKR1','BMRKR2','REGION1','SAFFL','EOSSTT','EOTSTT','DCSREAS','DTHDT','ASTDTM','ASTDY','AENDTM','AENDY','CMSEQ','ATC1','ATC2','ATC3','ATC4','CMINDC','CMDOSE','CMTRT','CMDOSU','CMROUTE','CMDOSFRQ','CMASTDTM','CMAENDTM','ATIREL2','CMDECOD2','CMINDC2','CMDOSE2','CMDOSU2','CMROUTE2','CMDOSFRQ2','ASTDY2','AENDY2'}, but has additional elements {'CMTRT2'}.
{shiny}      R  stderr -----------   122: &lt;Anonymous&gt;
{shiny}      R  stderr -----------   121: stop
{shiny}      R  stderr -----------   120: all_q
{shiny}      R  stderr -----------   117: exprFunc
{shiny}      R  stderr -----------   116: widgetFunc
{shiny}      R  stderr -----------   115: ::
{shiny}      R  stderr ----------- htmlwidgets
{shiny}      R  stderr ----------- shinyRenderWidget
{shiny}      R  stderr -----------   114: func
{shiny}      R  stderr -----------   101: renderFunc
{shiny}      R  stderr -----------   100: renderFunc
{shiny}      R  stderr -----------    96: renderFunc
{shiny}      R  stderr -----------    95: output$teal-main_ui-root-therapy__e2e_-module-therapy_table
{shiny}      R  stderr -----------    14: &lt;Anonymous&gt;
{shiny}      R  stderr -----------    12: &lt;Anonymous&gt;
{shiny}      R  stderr -----------    11: &lt;Anonymous&gt;
{shiny}      R  stderr -----------    10: base::do.call
{shiny}      R  stderr -----------     9: base::saveRDS
{shiny}      R  stderr -----------     8: base::withCallingHandlers
{shiny}      R  stderr -----------     7: doTryCatch
{shiny}      R  stderr -----------     6: tryCatchOne
{shiny}      R  stderr -----------     5: tryCatchList
{shiny}      R  stderr -----------     2: tryCatchList
{shiny}      R  stderr -----------     1: base::tryCatch
{shiny}      R  stderr ----------- Warning: Error in variable_choices.data.frame: Assertion on 'subset' failed: Must be a subset of {'','USUBJID','STUDYID','CMCLAS','CMDECOD','ATIREL','CMCAT','COUNTRY','SITEID','SUBJID','AGE','SEX','ARMCD','ARM','ACTARMCD','ACTARM','RACE','TRTSDTM','TRTEDTM','EOSDY','EOSDT','STRATA1','STRATA2','BMRKR1','BMRKR2','REGION1','SAFFL','EOSSTT','EOTSTT','DCSREAS','DTHDT','ASTDTM','ASTDY','AENDTM','AENDY','CMSEQ','ATC1','ATC2','ATC3','ATC4','CMINDC','CMDOSE','CMTRT','CMDOSU','CMROUTE','CMDOSFRQ','CMASTDTM','CMAENDTM','ATIREL2','CMDECOD2','CMINDC2','CMDOSE2','CMDOSU2','CMROUTE2','CMDOSFRQ2','ASTDY2','AENDY2'}, but has additional elements {'CMTRT2'}.
{shiny}      R  stderr -----------   162: &lt;Anonymous&gt;
{shiny}      R  stderr -----------   161: stop
{shiny}      R  stderr -----------   160: selector_list
{shiny}      R  stderr -----------   159: teal.transform::compose_and_enable_validators
{shiny}      R  stderr -----------   158: &lt;reactive&gt;
{shiny}      R  stderr -----------   142: iv_r
{shiny}      R  stderr -----------   135: &lt;reactive&gt;
{shiny}      R  stderr -----------   119: plot_r
{shiny}      R  stderr -----------   110: renderUI
{shiny}      R  stderr -----------   109: func
{shiny}      R  stderr -----------    96: renderFunc
{shiny}      R  stderr -----------    95: output$teal-main_ui-root-therapy__e2e_-module-therapy_plot-plot_out_main
{shiny}      R  stderr -----------    14: &lt;Anonymous&gt;
{shiny}      R  stderr -----------    12: &lt;Anonymous&gt;
{shiny}      R  stderr -----------    11: &lt;Anonymous&gt;
{shiny}      R  stderr -----------    10: base::do.call
{shiny}      R  stderr -----------     9: base::saveRDS
{shiny}      R  stderr -----------     8: base::withCallingHandlers
{shiny}      R  stderr -----------     7: doTryCatch
{shiny}      R  stderr -----------     6: tryCatchOne
{shiny}      R  stderr -----------     5: tryCatchList
{shiny}      R  stderr -----------     2: tryCatchList
{shiny}      R  stderr -----------     1: base::tryCatch
{shiny}      R  stderr ----------- Warning: Error in &lt;Anonymous&gt;: error in evaluating the argument 'code' in selecting a method for function 'eval_code': Assertion on 'subset' failed: Must be a subset of {'','USUBJID','STUDYID','CMCLAS','CMDECOD','ATIREL','CMCAT','COUNTRY','SITEID','SUBJID','AGE','SEX','ARMCD','ARM','ACTARMCD','ACTARM','RACE','TRTSDTM','TRTEDTM','EOSDY','EOSDT','STRATA1','STRATA2','BMRKR1','BMRKR2','REGION1','SAFFL','EOSSTT','EOTSTT','DCSREAS','DTHDT','ASTDTM','ASTDY','AENDTM','AENDY','CMSEQ','ATC1','ATC2','ATC3','ATC4','CMINDC','CMDOSE','CMTRT','CMDOSU','CMROUTE','CMDOSFRQ','CMASTDTM','CMAENDTM','ATIREL2','CMDECOD2','CMINDC2','CMDOSE2','CMDOSU2','CMROUTE2','CMDOSFRQ2','ASTDY2','AENDY2'}, but has additional elements {'CMTRT2'}.
{shiny}      R  stderr -----------   14: &lt;Anonymous&gt;
{shiny}      R  stderr -----------   12: &lt;Anonymous&gt;
{shiny}      R  stderr -----------   11: &lt;Anonymous&gt;
{shiny}      R  stderr -----------   10: base::do.call
{shiny}      R  stderr -----------    9: base::saveRDS
{shiny}      R  stderr -----------    8: base::withCallingHandlers
{shiny}      R  stderr -----------    7: doTryCatch
{shiny}      R  stderr -----------    6: tryCatchOne
{shiny}      R  stderr -----------    5: tryCatchList
{shiny}      R  stderr -----------    2: tryCatchList
{shiny}      R  stderr -----------    1: base::tryCatch


Caused by error in `app_initialize_()`:
! Shiny app did not become stable in 1e+05ms.
Message: An error occurred while waiting for Shiny to be stable
Caused by error in `app_wait_for_idle()`:
! An error occurred while waiting for Shiny to be stable
Backtrace:
     x
  1. +-teal.modules.clinical (local) app_driver_tm_g_pp_therapy() at test-shinytest2-tm_g_pp_therapy.R:162:9
  2. | \-teal.modules.clinical:::init_teal_app_driver(...) at test-shinytest2-tm_g_pp_therapy.R:31:3
  3. |   +-testthat::with_mocked_bindings(...) at tests/testthat/helper-TealAppDriver.R:7:3
  4. |   \-TealAppDriver$new(...) at tests/testthat/helper-TealAppDriver.R:10:7
  5. |     \-teal (local) initialize(...)
  6. |       +-base::suppressWarnings(...)
  7. |       | \-base::withCallingHandlers(...)
  8. |       \-super$initialize(...)
  9. |         \-shinytest2:::app_initialize(...)
 10. |           +-base::withCallingHandlers(...)
 11. |           \-shinytest2:::app_initialize_(self, private, ..., view = view)
 12. |             +-base::withCallingHandlers(...)
 13. |             \-self$wait_for_idle(duration = 200, timeout = private$load_timeout)
 14. |               \-shinytest2:::app_wait_for_idle(...)
 15. |                 \-shinytest2:::app_abort(self, private, "An error occurred while waiting for Shiny to be stable")
 16. |                   \-rlang::abort(..., app = self, call = call)
 17. |                     \-rlang:::signal_abort(cnd, .file)
 18. |                       \-base::signalCondition(cnd)
 19. +-shinytest2 (local) `&lt;fn&gt;`(`&lt;rlng_rrr&gt;`)
 20. | \-shinytest2:::app_abort(...)
 21. |   \-rlang::abort(..., app = self, call = call)
 22. |     \-rlang:::signal_abort(cnd, .file)
 23. |       \-base::signalCondition(cnd)
 24. \-shinytest2 (local) `&lt;fn&gt;`(`&lt;rlng_rrr&gt;`)
 25.   \-shinytest2:::app_abort(...)
 26.     \-rlang::abort(..., app = self, call = call)</error>
    </testcase>
    <testcase time="103.209" classname="shinytest2_tm_g_pp_therapy" name="e2e_tm_g_pp_therapy_Deselection_of_cmstdy_dataset_ADCM_singleextract_select_throws_validation_error.">
      <error type="error" message="Error in `app_initialize(self, private, app_dir = app_dir, ..., load_timeout = load_timeout,  ('test-shinytest2-tm_g_pp_therapy.R:189:5')">Error in `app_initialize(self, private, app_dir = app_dir, ..., load_timeout = load_timeout, 
    timeout = timeout, wait = wait, expect_values_screenshot_args = expect_values_screenshot_args, 
    screenshot_args = screenshot_args, check_names = check_names, 
    name = name, variant = variant, view = view, height = height, 
    width = width, seed = seed, clean_logs = clean_logs, shiny_args = shiny_args, 
    render_args = render_args, options = options)`: Shiny app did not become stable in 1e+05ms.
Message: An error occurred while waiting for Shiny to be stable
Caused by error in `app_wait_for_idle()`:
! An error occurred while waiting for Shiny to be stable


i You can inspect the failed AppDriver object via `rlang::last_error()$app`
i AppDriver logs:
{shinytest2} R  info   23:21:28.37 Start AppDriver initialization
{shinytest2} R  info   23:21:28.40 Starting Shiny app
{shinytest2} R  info   23:21:30.63 Creating new ChromoteSession
{shinytest2} R  info   23:21:30.65 Navigating to Shiny app
{shinytest2} R  info   23:21:30.78 Injecting shiny-tracer.js
{chromote}   JS info   23:21:30.79 shinytest2; jQuery not found
{chromote}   JS info   23:21:30.79 shinytest2; Loaded
{shinytest2} R  info   23:21:30.79 Waiting for Shiny to become ready
{chromote}   JS info   23:21:30.88 shinytest2; jQuery found
{chromote}   JS info   23:21:30.88 shinytest2; Waiting for shiny session to connect
{chromote}   JS info   23:21:31.03 shinytest2; Connected
{chromote}   JS info   23:21:31.07 shinytest2; shiny:busy
{shinytest2} R  info   23:21:31.11 Waiting for Shiny to become idle for 200ms within 1e+05ms
{chromote}   JS info   23:21:31.11 shinytest2; Waiting for Shiny to be stable
{chromote}   JS info   23:21:32.34 shinytest2; shiny:idle
{chromote}   JS info   23:21:32.34 shinytest2; shiny:value teal-identifier
{chromote}   JS info   23:21:32.34 shinytest2; shiny:value error
{chromote}   JS info   23:21:32.34 shinytest2; shiny:busy
{chromote}   JS info   23:21:32.34 shinytest2; shiny:idle
{chromote}   JS info   23:21:32.36 shinytest2; shiny:busy
{shinytest2} R  info   23:23:11.12 Error while initializing AppDriver:
                                   Shiny app did not become stable in 1e+05ms.
                                   Message: An error occurred while waiting for Shiny to be stable
                                   Caused by error in `app_wait_for_idle()`:
                                   ! An error occurred while waiting for Shiny to be stable
{shiny}      R  stderr ----------- Loading required package: shiny
{shiny}      R  stderr ----------- Attempting to load the environment ‘package:dplyr’
{shiny}      R  stderr ----------- 
{shiny}      R  stderr ----------- Attaching package: ‘dplyr’
{shiny}      R  stderr ----------- 
{shiny}      R  stderr ----------- The following objects are masked from ‘package:stats’:
{shiny}      R  stderr ----------- 
{shiny}      R  stderr -----------     filter, lag
{shiny}      R  stderr ----------- 
{shiny}      R  stderr ----------- The following objects are masked from ‘package:base’:
{shiny}      R  stderr ----------- 
{shiny}      R  stderr -----------     intersect, setdiff, setequal, union
{shiny}      R  stderr ----------- 
{shiny}      R  stderr ----------- Loading required package: teal
{shiny}      R  stderr ----------- Loading required package: teal.data
{shiny}      R  stderr ----------- Loading required package: teal.code
{shiny}      R  stderr ----------- Loading required package: teal.slice
{shiny}      R  stderr ----------- 
{shiny}      R  stderr ----------- You are using teal version 0.15.2.9031
{shiny}      R  stderr ----------- 
{shiny}      R  stderr ----------- Attaching package: ‘teal’
{shiny}      R  stderr ----------- 
{shiny}      R  stderr ----------- The following objects are masked from ‘package:teal.slice’:
{shiny}      R  stderr ----------- 
{shiny}      R  stderr -----------     as.teal_slices, teal_slices
{shiny}      R  stderr ----------- 
{shiny}      R  stderr ----------- Loading required package: teal.transform
{shiny}      R  stderr ----------- Loading required package: tern
{shiny}      R  stderr ----------- Loading required package: rtables
{shiny}      R  stderr ----------- Loading required package: formatters
{shiny}      R  stderr ----------- Loading required package: magrittr
{shiny}      R  stderr ----------- 
{shiny}      R  stderr ----------- Attaching package: ‘rtables’
{shiny}      R  stderr ----------- 
{shiny}      R  stderr ----------- The following object is masked from ‘package:utils’:
{shiny}      R  stderr ----------- 
{shiny}      R  stderr -----------     str
{shiny}      R  stderr ----------- 
{shiny}      R  stderr ----------- Running application in test mode.
{shiny}      R  stderr ----------- 
{shiny}      R  stderr ----------- Listening on http://127.0.0.1:3938
{shiny}      R  stderr ----------- Initializing reporter_previewer_module
{shiny}      R  stderr ----------- Warning: Error in &lt;Anonymous&gt;: error in evaluating the argument 'code' in selecting a method for function 'eval_code': Assertion on 'subset' failed: Must be a subset of {'','USUBJID','STUDYID','CMCLAS','CMDECOD','ATIREL','CMCAT','COUNTRY','SITEID','SUBJID','AGE','SEX','ARMCD','ARM','ACTARMCD','ACTARM','RACE','TRTSDTM','TRTEDTM','EOSDY','EOSDT','STRATA1','STRATA2','BMRKR1','BMRKR2','REGION1','SAFFL','EOSSTT','EOTSTT','DCSREAS','DTHDT','ASTDTM','ASTDY','AENDTM','AENDY','CMSEQ','ATC1','ATC2','ATC3','ATC4','CMINDC','CMDOSE','CMTRT','CMDOSU','CMROUTE','CMDOSFRQ','CMASTDTM','CMAENDTM','ATIREL2','CMDECOD2','CMINDC2','CMDOSE2','CMDOSU2','CMROUTE2','CMDOSFRQ2','ASTDY2','AENDY2'}, but has additional elements {'CMTRT2'}.
{shiny}      R  stderr -----------   241: &lt;Anonymous&gt;
{shiny}      R  stderr -----------   240: stop
{shiny}      R  stderr -----------   239: mstop
{shiny}      R  stderr -----------   238: makeAssertion
{shiny}      R  stderr -----------   237: checkmate::assert_subset
{shiny}      R  stderr -----------   236: variable_choices.data.frame
{shiny}      R  stderr -----------   233: resolve.delayed_variable_choices
{shiny}      R  stderr -----------   231: resolve.delayed_select_spec
{shiny}      R  stderr -----------   229: resolve.delayed_data_extract_spec
{shiny}      R  stderr -----------   227: resolve_delayed.list
{shiny}      R  stderr -----------   213: module
{shiny}      R  stderr -----------   208: callModule
{shiny}      R  stderr -----------   207: moduleServer
{shiny}      R  stderr -----------   206: data_extract_single_srv
{shiny}      R  stderr -----------   205: FUN
{shiny}      R  stderr -----------   204: lapply
{shiny}      R  stderr -----------   203: module
{shiny}      R  stderr -----------   198: callModule
{shiny}      R  stderr -----------   197: moduleServer
{shiny}      R  stderr -----------   196: data_extract_srv.list
{shiny}      R  stderr -----------   194: FUN
{shiny}      R  stderr -----------   193: lapply
{shiny}      R  stderr -----------   192: sapply
{shiny}      R  stderr -----------   191: &lt;reactive&gt;
{shiny}      R  stderr -----------   175: selector_list
{shiny}      R  stderr -----------   170: &lt;reactive&gt;
{shiny}      R  stderr -----------   154: anl_inputs
{shiny}      R  stderr -----------   153: as.expression
{shiny}      R  stderr -----------   152: teal.code::eval_code
{shiny}      R  stderr -----------   151: %&gt;%
{shiny}      R  stderr -----------   150: &lt;reactive&gt;
{shiny}      R  stderr -----------   134: merged$anl_q
{shiny}      R  stderr -----------   128: &lt;reactive&gt;
{shiny}      R  stderr -----------   112: all_q
{shiny}      R  stderr -----------   110: renderText
{shiny}      R  stderr -----------   109: func
{shiny}      R  stderr -----------    96: renderFunc
{shiny}      R  stderr -----------    95: output$teal-main_ui-root-therapy__e2e_-module-title
{shiny}      R  stderr -----------    14: &lt;Anonymous&gt;
{shiny}      R  stderr -----------    12: &lt;Anonymous&gt;
{shiny}      R  stderr -----------    11: &lt;Anonymous&gt;
{shiny}      R  stderr -----------    10: base::do.call
{shiny}      R  stderr -----------     9: base::saveRDS
{shiny}      R  stderr -----------     8: base::withCallingHandlers
{shiny}      R  stderr -----------     7: doTryCatch
{shiny}      R  stderr -----------     6: tryCatchOne
{shiny}      R  stderr -----------     5: tryCatchList
{shiny}      R  stderr -----------     2: tryCatchList
{shiny}      R  stderr -----------     1: base::tryCatch
{shiny}      R  stderr ----------- Warning: Error in &lt;Anonymous&gt;: error in evaluating the argument 'code' in selecting a method for function 'eval_code': Assertion on 'subset' failed: Must be a subset of {'','USUBJID','STUDYID','CMCLAS','CMDECOD','ATIREL','CMCAT','COUNTRY','SITEID','SUBJID','AGE','SEX','ARMCD','ARM','ACTARMCD','ACTARM','RACE','TRTSDTM','TRTEDTM','EOSDY','EOSDT','STRATA1','STRATA2','BMRKR1','BMRKR2','REGION1','SAFFL','EOSSTT','EOTSTT','DCSREAS','DTHDT','ASTDTM','ASTDY','AENDTM','AENDY','CMSEQ','ATC1','ATC2','ATC3','ATC4','CMINDC','CMDOSE','CMTRT','CMDOSU','CMROUTE','CMDOSFRQ','CMASTDTM','CMAENDTM','ATIREL2','CMDECOD2','CMINDC2','CMDOSE2','CMDOSU2','CMROUTE2','CMDOSFRQ2','ASTDY2','AENDY2'}, but has additional elements {'CMTRT2'}.
{shiny}      R  stderr -----------   122: &lt;Anonymous&gt;
{shiny}      R  stderr -----------   121: stop
{shiny}      R  stderr -----------   120: all_q
{shiny}      R  stderr -----------   117: exprFunc
{shiny}      R  stderr -----------   116: widgetFunc
{shiny}      R  stderr -----------   115: ::
{shiny}      R  stderr ----------- htmlwidgets
{shiny}      R  stderr ----------- shinyRenderWidget
{shiny}      R  stderr -----------   114: func
{shiny}      R  stderr -----------   101: renderFunc
{shiny}      R  stderr -----------   100: renderFunc
{shiny}      R  stderr -----------    96: renderFunc
{shiny}      R  stderr -----------    95: output$teal-main_ui-root-therapy__e2e_-module-therapy_table
{shiny}      R  stderr -----------    14: &lt;Anonymous&gt;
{shiny}      R  stderr -----------    12: &lt;Anonymous&gt;
{shiny}      R  stderr -----------    11: &lt;Anonymous&gt;
{shiny}      R  stderr -----------    10: base::do.call
{shiny}      R  stderr -----------     9: base::saveRDS
{shiny}      R  stderr -----------     8: base::withCallingHandlers
{shiny}      R  stderr -----------     7: doTryCatch
{shiny}      R  stderr -----------     6: tryCatchOne
{shiny}      R  stderr -----------     5: tryCatchList
{shiny}      R  stderr -----------     2: tryCatchList
{shiny}      R  stderr -----------     1: base::tryCatch
{shiny}      R  stderr ----------- Warning: Error in variable_choices.data.frame: Assertion on 'subset' failed: Must be a subset of {'','USUBJID','STUDYID','CMCLAS','CMDECOD','ATIREL','CMCAT','COUNTRY','SITEID','SUBJID','AGE','SEX','ARMCD','ARM','ACTARMCD','ACTARM','RACE','TRTSDTM','TRTEDTM','EOSDY','EOSDT','STRATA1','STRATA2','BMRKR1','BMRKR2','REGION1','SAFFL','EOSSTT','EOTSTT','DCSREAS','DTHDT','ASTDTM','ASTDY','AENDTM','AENDY','CMSEQ','ATC1','ATC2','ATC3','ATC4','CMINDC','CMDOSE','CMTRT','CMDOSU','CMROUTE','CMDOSFRQ','CMASTDTM','CMAENDTM','ATIREL2','CMDECOD2','CMINDC2','CMDOSE2','CMDOSU2','CMROUTE2','CMDOSFRQ2','ASTDY2','AENDY2'}, but has additional elements {'CMTRT2'}.
{shiny}      R  stderr -----------   162: &lt;Anonymous&gt;
{shiny}      R  stderr -----------   161: stop
{shiny}      R  stderr -----------   160: selector_list
{shiny}      R  stderr -----------   159: teal.transform::compose_and_enable_validators
{shiny}      R  stderr -----------   158: &lt;reactive&gt;
{shiny}      R  stderr -----------   142: iv_r
{shiny}      R  stderr -----------   135: &lt;reactive&gt;
{shiny}      R  stderr -----------   119: plot_r
{shiny}      R  stderr -----------   110: renderUI
{shiny}      R  stderr -----------   109: func
{shiny}      R  stderr -----------    96: renderFunc
{shiny}      R  stderr -----------    95: output$teal-main_ui-root-therapy__e2e_-module-therapy_plot-plot_out_main
{shiny}      R  stderr -----------    14: &lt;Anonymous&gt;
{shiny}      R  stderr -----------    12: &lt;Anonymous&gt;
{shiny}      R  stderr -----------    11: &lt;Anonymous&gt;
{shiny}      R  stderr -----------    10: base::do.call
{shiny}      R  stderr -----------     9: base::saveRDS
{shiny}      R  stderr -----------     8: base::withCallingHandlers
{shiny}      R  stderr -----------     7: doTryCatch
{shiny}      R  stderr -----------     6: tryCatchOne
{shiny}      R  stderr -----------     5: tryCatchList
{shiny}      R  stderr -----------     2: tryCatchList
{shiny}      R  stderr -----------     1: base::tryCatch
{shiny}      R  stderr ----------- Warning: Error in &lt;Anonymous&gt;: error in evaluating the argument 'code' in selecting a method for function 'eval_code': Assertion on 'subset' failed: Must be a subset of {'','USUBJID','STUDYID','CMCLAS','CMDECOD','ATIREL','CMCAT','COUNTRY','SITEID','SUBJID','AGE','SEX','ARMCD','ARM','ACTARMCD','ACTARM','RACE','TRTSDTM','TRTEDTM','EOSDY','EOSDT','STRATA1','STRATA2','BMRKR1','BMRKR2','REGION1','SAFFL','EOSSTT','EOTSTT','DCSREAS','DTHDT','ASTDTM','ASTDY','AENDTM','AENDY','CMSEQ','ATC1','ATC2','ATC3','ATC4','CMINDC','CMDOSE','CMTRT','CMDOSU','CMROUTE','CMDOSFRQ','CMASTDTM','CMAENDTM','ATIREL2','CMDECOD2','CMINDC2','CMDOSE2','CMDOSU2','CMROUTE2','CMDOSFRQ2','ASTDY2','AENDY2'}, but has additional elements {'CMTRT2'}.
{shiny}      R  stderr -----------   14: &lt;Anonymous&gt;
{shiny}      R  stderr -----------   12: &lt;Anonymous&gt;
{shiny}      R  stderr -----------   11: &lt;Anonymous&gt;
{shiny}      R  stderr -----------   10: base::do.call
{shiny}      R  stderr -----------    9: base::saveRDS
{shiny}      R  stderr -----------    8: base::withCallingHandlers
{shiny}      R  stderr -----------    7: doTryCatch
{shiny}      R  stderr -----------    6: tryCatchOne
{shiny}      R  stderr -----------    5: tryCatchList
{shiny}      R  stderr -----------    2: tryCatchList
{shiny}      R  stderr -----------    1: base::tryCatch


Caused by error in `app_initialize_()`:
! Shiny app did not become stable in 1e+05ms.
Message: An error occurred while waiting for Shiny to be stable
Caused by error in `app_wait_for_idle()`:
! An error occurred while waiting for Shiny to be stable
Backtrace:
     x
  1. +-teal.modules.clinical (local) app_driver_tm_g_pp_therapy() at test-shinytest2-tm_g_pp_therapy.R:189:5
  2. | \-teal.modules.clinical:::init_teal_app_driver(...) at test-shinytest2-tm_g_pp_therapy.R:31:3
  3. |   +-testthat::with_mocked_bindings(...) at tests/testthat/helper-TealAppDriver.R:7:3
  4. |   \-TealAppDriver$new(...) at tests/testthat/helper-TealAppDriver.R:10:7
  5. |     \-teal (local) initialize(...)
  6. |       +-base::suppressWarnings(...)
  7. |       | \-base::withCallingHandlers(...)
  8. |       \-super$initialize(...)
  9. |         \-shinytest2:::app_initialize(...)
 10. |           +-base::withCallingHandlers(...)
 11. |           \-shinytest2:::app_initialize_(self, private, ..., view = view)
 12. |             +-base::withCallingHandlers(...)
 13. |             \-self$wait_for_idle(duration = 200, timeout = private$load_timeout)
 14. |               \-shinytest2:::app_wait_for_idle(...)
 15. |                 \-shinytest2:::app_abort(self, private, "An error occurred while waiting for Shiny to be stable")
 16. |                   \-rlang::abort(..., app = self, call = call)
 17. |                     \-rlang:::signal_abort(cnd, .file)
 18. |                       \-base::signalCondition(cnd)
 19. +-shinytest2 (local) `&lt;fn&gt;`(`&lt;rlng_rrr&gt;`)
 20. | \-shinytest2:::app_abort(...)
 21. |   \-rlang::abort(..., app = self, call = call)
 22. |     \-rlang:::signal_abort(cnd, .file)
 23. |       \-base::signalCondition(cnd)
 24. \-shinytest2 (local) `&lt;fn&gt;`(`&lt;rlng_rrr&gt;`)
 25.   \-shinytest2:::app_abort(...)
 26.     \-rlang::abort(..., app = self, call = call)</error>
    </testcase>
    <testcase time="102.976" classname="shinytest2_tm_g_pp_therapy" name="e2e_tm_g_pp_therapy_Selection_of_cmendy_changes_the_element_and_does_not_throw_validation_errors">
      <error type="error" message="Error in `app_initialize(self, private, app_dir = app_dir, ..., load_timeout = load_timeout,  ('test-shinytest2-tm_g_pp_therapy.R:162:9')">Error in `app_initialize(self, private, app_dir = app_dir, ..., load_timeout = load_timeout, 
    timeout = timeout, wait = wait, expect_values_screenshot_args = expect_values_screenshot_args, 
    screenshot_args = screenshot_args, check_names = check_names, 
    name = name, variant = variant, view = view, height = height, 
    width = width, seed = seed, clean_logs = clean_logs, shiny_args = shiny_args, 
    render_args = render_args, options = options)`: Shiny app did not become stable in 1e+05ms.
Message: An error occurred while waiting for Shiny to be stable
Caused by error in `app_wait_for_idle()`:
! An error occurred while waiting for Shiny to be stable


i You can inspect the failed AppDriver object via `rlang::last_error()$app`
i AppDriver logs:
{shinytest2} R  info   23:23:11.58 Start AppDriver initialization
{shinytest2} R  info   23:23:11.61 Starting Shiny app
{shinytest2} R  info   23:23:13.64 Creating new ChromoteSession
{shinytest2} R  info   23:23:13.66 Navigating to Shiny app
{shinytest2} R  info   23:23:13.75 Injecting shiny-tracer.js
{chromote}   JS info   23:23:13.76 shinytest2; jQuery not found
{chromote}   JS info   23:23:13.76 shinytest2; Loaded
{shinytest2} R  info   23:23:13.77 Waiting for Shiny to become ready
{chromote}   JS info   23:23:13.87 shinytest2; jQuery found
{chromote}   JS info   23:23:13.87 shinytest2; Waiting for shiny session to connect
{chromote}   JS info   23:23:14.00 shinytest2; Connected
{chromote}   JS info   23:23:14.04 shinytest2; shiny:busy
{shinytest2} R  info   23:23:14.09 Waiting for Shiny to become idle for 200ms within 1e+05ms
{chromote}   JS info   23:23:14.10 shinytest2; Waiting for Shiny to be stable
{chromote}   JS info   23:23:15.33 shinytest2; shiny:idle
{chromote}   JS info   23:23:15.34 shinytest2; shiny:value teal-identifier
{chromote}   JS info   23:23:15.34 shinytest2; shiny:value error
{chromote}   JS info   23:23:15.34 shinytest2; shiny:busy
{chromote}   JS info   23:23:15.34 shinytest2; shiny:idle
{chromote}   JS info   23:23:15.36 shinytest2; shiny:busy
{shinytest2} R  info   23:24:54.11 Error while initializing AppDriver:
                                   Shiny app did not become stable in 1e+05ms.
                                   Message: An error occurred while waiting for Shiny to be stable
                                   Caused by error in `app_wait_for_idle()`:
                                   ! An error occurred while waiting for Shiny to be stable
{shiny}      R  stderr ----------- Loading required package: shiny
{shiny}      R  stderr ----------- Attempting to load the environment ‘package:dplyr’
{shiny}      R  stderr ----------- 
{shiny}      R  stderr ----------- Attaching package: ‘dplyr’
{shiny}      R  stderr ----------- 
{shiny}      R  stderr ----------- The following objects are masked from ‘package:stats’:
{shiny}      R  stderr ----------- 
{shiny}      R  stderr -----------     filter, lag
{shiny}      R  stderr ----------- 
{shiny}      R  stderr ----------- The following objects are masked from ‘package:base’:
{shiny}      R  stderr ----------- 
{shiny}      R  stderr -----------     intersect, setdiff, setequal, union
{shiny}      R  stderr ----------- 
{shiny}      R  stderr ----------- Loading required package: teal
{shiny}      R  stderr ----------- Loading required package: teal.data
{shiny}      R  stderr ----------- Loading required package: teal.code
{shiny}      R  stderr ----------- Loading required package: teal.slice
{shiny}      R  stderr ----------- 
{shiny}      R  stderr ----------- You are using teal version 0.15.2.9031
{shiny}      R  stderr ----------- 
{shiny}      R  stderr ----------- Attaching package: ‘teal’
{shiny}      R  stderr ----------- 
{shiny}      R  stderr ----------- The following objects are masked from ‘package:teal.slice’:
{shiny}      R  stderr ----------- 
{shiny}      R  stderr -----------     as.teal_slices, teal_slices
{shiny}      R  stderr ----------- 
{shiny}      R  stderr ----------- Loading required package: teal.transform
{shiny}      R  stderr ----------- Loading required package: tern
{shiny}      R  stderr ----------- Loading required package: rtables
{shiny}      R  stderr ----------- Loading required package: formatters
{shiny}      R  stderr ----------- Loading required package: magrittr
{shiny}      R  stderr ----------- 
{shiny}      R  stderr ----------- Attaching package: ‘rtables’
{shiny}      R  stderr ----------- 
{shiny}      R  stderr ----------- The following object is masked from ‘package:utils’:
{shiny}      R  stderr ----------- 
{shiny}      R  stderr -----------     str
{shiny}      R  stderr ----------- 
{shiny}      R  stderr ----------- Running application in test mode.
{shiny}      R  stderr ----------- 
{shiny}      R  stderr ----------- Listening on http://127.0.0.1:3169
{shiny}      R  stderr ----------- Initializing reporter_previewer_module
{shiny}      R  stderr ----------- Warning: Error in &lt;Anonymous&gt;: error in evaluating the argument 'code' in selecting a method for function 'eval_code': Assertion on 'subset' failed: Must be a subset of {'','USUBJID','STUDYID','CMCLAS','CMDECOD','ATIREL','CMCAT','COUNTRY','SITEID','SUBJID','AGE','SEX','ARMCD','ARM','ACTARMCD','ACTARM','RACE','TRTSDTM','TRTEDTM','EOSDY','EOSDT','STRATA1','STRATA2','BMRKR1','BMRKR2','REGION1','SAFFL','EOSSTT','EOTSTT','DCSREAS','DTHDT','ASTDTM','ASTDY','AENDTM','AENDY','CMSEQ','ATC1','ATC2','ATC3','ATC4','CMINDC','CMDOSE','CMTRT','CMDOSU','CMROUTE','CMDOSFRQ','CMASTDTM','CMAENDTM','ATIREL2','CMDECOD2','CMINDC2','CMDOSE2','CMDOSU2','CMROUTE2','CMDOSFRQ2','ASTDY2','AENDY2'}, but has additional elements {'CMTRT2'}.
{shiny}      R  stderr -----------   241: &lt;Anonymous&gt;
{shiny}      R  stderr -----------   240: stop
{shiny}      R  stderr -----------   239: mstop
{shiny}      R  stderr -----------   238: makeAssertion
{shiny}      R  stderr -----------   237: checkmate::assert_subset
{shiny}      R  stderr -----------   236: variable_choices.data.frame
{shiny}      R  stderr -----------   233: resolve.delayed_variable_choices
{shiny}      R  stderr -----------   231: resolve.delayed_select_spec
{shiny}      R  stderr -----------   229: resolve.delayed_data_extract_spec
{shiny}      R  stderr -----------   227: resolve_delayed.list
{shiny}      R  stderr -----------   213: module
{shiny}      R  stderr -----------   208: callModule
{shiny}      R  stderr -----------   207: moduleServer
{shiny}      R  stderr -----------   206: data_extract_single_srv
{shiny}      R  stderr -----------   205: FUN
{shiny}      R  stderr -----------   204: lapply
{shiny}      R  stderr -----------   203: module
{shiny}      R  stderr -----------   198: callModule
{shiny}      R  stderr -----------   197: moduleServer
{shiny}      R  stderr -----------   196: data_extract_srv.list
{shiny}      R  stderr -----------   194: FUN
{shiny}      R  stderr -----------   193: lapply
{shiny}      R  stderr -----------   192: sapply
{shiny}      R  stderr -----------   191: &lt;reactive&gt;
{shiny}      R  stderr -----------   175: selector_list
{shiny}      R  stderr -----------   170: &lt;reactive&gt;
{shiny}      R  stderr -----------   154: anl_inputs
{shiny}      R  stderr -----------   153: as.expression
{shiny}      R  stderr -----------   152: teal.code::eval_code
{shiny}      R  stderr -----------   151: %&gt;%
{shiny}      R  stderr -----------   150: &lt;reactive&gt;
{shiny}      R  stderr -----------   134: merged$anl_q
{shiny}      R  stderr -----------   128: &lt;reactive&gt;
{shiny}      R  stderr -----------   112: all_q
{shiny}      R  stderr -----------   110: renderText
{shiny}      R  stderr -----------   109: func
{shiny}      R  stderr -----------    96: renderFunc
{shiny}      R  stderr -----------    95: output$teal-main_ui-root-therapy__e2e_-module-title
{shiny}      R  stderr -----------    14: &lt;Anonymous&gt;
{shiny}      R  stderr -----------    12: &lt;Anonymous&gt;
{shiny}      R  stderr -----------    11: &lt;Anonymous&gt;
{shiny}      R  stderr -----------    10: base::do.call
{shiny}      R  stderr -----------     9: base::saveRDS
{shiny}      R  stderr -----------     8: base::withCallingHandlers
{shiny}      R  stderr -----------     7: doTryCatch
{shiny}      R  stderr -----------     6: tryCatchOne
{shiny}      R  stderr -----------     5: tryCatchList
{shiny}      R  stderr -----------     2: tryCatchList
{shiny}      R  stderr -----------     1: base::tryCatch
{shiny}      R  stderr ----------- Warning: Error in &lt;Anonymous&gt;: error in evaluating the argument 'code' in selecting a method for function 'eval_code': Assertion on 'subset' failed: Must be a subset of {'','USUBJID','STUDYID','CMCLAS','CMDECOD','ATIREL','CMCAT','COUNTRY','SITEID','SUBJID','AGE','SEX','ARMCD','ARM','ACTARMCD','ACTARM','RACE','TRTSDTM','TRTEDTM','EOSDY','EOSDT','STRATA1','STRATA2','BMRKR1','BMRKR2','REGION1','SAFFL','EOSSTT','EOTSTT','DCSREAS','DTHDT','ASTDTM','ASTDY','AENDTM','AENDY','CMSEQ','ATC1','ATC2','ATC3','ATC4','CMINDC','CMDOSE','CMTRT','CMDOSU','CMROUTE','CMDOSFRQ','CMASTDTM','CMAENDTM','ATIREL2','CMDECOD2','CMINDC2','CMDOSE2','CMDOSU2','CMROUTE2','CMDOSFRQ2','ASTDY2','AENDY2'}, but has additional elements {'CMTRT2'}.
{shiny}      R  stderr -----------   122: &lt;Anonymous&gt;
{shiny}      R  stderr -----------   121: stop
{shiny}      R  stderr -----------   120: all_q
{shiny}      R  stderr -----------   117: exprFunc
{shiny}      R  stderr -----------   116: widgetFunc
{shiny}      R  stderr -----------   115: ::
{shiny}      R  stderr ----------- htmlwidgets
{shiny}      R  stderr ----------- shinyRenderWidget
{shiny}      R  stderr -----------   114: func
{shiny}      R  stderr -----------   101: renderFunc
{shiny}      R  stderr -----------   100: renderFunc
{shiny}      R  stderr -----------    96: renderFunc
{shiny}      R  stderr -----------    95: output$teal-main_ui-root-therapy__e2e_-module-therapy_table
{shiny}      R  stderr -----------    14: &lt;Anonymous&gt;
{shiny}      R  stderr -----------    12: &lt;Anonymous&gt;
{shiny}      R  stderr -----------    11: &lt;Anonymous&gt;
{shiny}      R  stderr -----------    10: base::do.call
{shiny}      R  stderr -----------     9: base::saveRDS
{shiny}      R  stderr -----------     8: base::withCallingHandlers
{shiny}      R  stderr -----------     7: doTryCatch
{shiny}      R  stderr -----------     6: tryCatchOne
{shiny}      R  stderr -----------     5: tryCatchList
{shiny}      R  stderr -----------     2: tryCatchList
{shiny}      R  stderr -----------     1: base::tryCatch
{shiny}      R  stderr ----------- Warning: Error in variable_choices.data.frame: Assertion on 'subset' failed: Must be a subset of {'','USUBJID','STUDYID','CMCLAS','CMDECOD','ATIREL','CMCAT','COUNTRY','SITEID','SUBJID','AGE','SEX','ARMCD','ARM','ACTARMCD','ACTARM','RACE','TRTSDTM','TRTEDTM','EOSDY','EOSDT','STRATA1','STRATA2','BMRKR1','BMRKR2','REGION1','SAFFL','EOSSTT','EOTSTT','DCSREAS','DTHDT','ASTDTM','ASTDY','AENDTM','AENDY','CMSEQ','ATC1','ATC2','ATC3','ATC4','CMINDC','CMDOSE','CMTRT','CMDOSU','CMROUTE','CMDOSFRQ','CMASTDTM','CMAENDTM','ATIREL2','CMDECOD2','CMINDC2','CMDOSE2','CMDOSU2','CMROUTE2','CMDOSFRQ2','ASTDY2','AENDY2'}, but has additional elements {'CMTRT2'}.
{shiny}      R  stderr -----------   162: &lt;Anonymous&gt;
{shiny}      R  stderr -----------   161: stop
{shiny}      R  stderr -----------   160: selector_list
{shiny}      R  stderr -----------   159: teal.transform::compose_and_enable_validators
{shiny}      R  stderr -----------   158: &lt;reactive&gt;
{shiny}      R  stderr -----------   142: iv_r
{shiny}      R  stderr -----------   135: &lt;reactive&gt;
{shiny}      R  stderr -----------   119: plot_r
{shiny}      R  stderr -----------   110: renderUI
{shiny}      R  stderr -----------   109: func
{shiny}      R  stderr -----------    96: renderFunc
{shiny}      R  stderr -----------    95: output$teal-main_ui-root-therapy__e2e_-module-therapy_plot-plot_out_main
{shiny}      R  stderr -----------    14: &lt;Anonymous&gt;
{shiny}      R  stderr -----------    12: &lt;Anonymous&gt;
{shiny}      R  stderr -----------    11: &lt;Anonymous&gt;
{shiny}      R  stderr -----------    10: base::do.call
{shiny}      R  stderr -----------     9: base::saveRDS
{shiny}      R  stderr -----------     8: base::withCallingHandlers
{shiny}      R  stderr -----------     7: doTryCatch
{shiny}      R  stderr -----------     6: tryCatchOne
{shiny}      R  stderr -----------     5: tryCatchList
{shiny}      R  stderr -----------     2: tryCatchList
{shiny}      R  stderr -----------     1: base::tryCatch
{shiny}      R  stderr ----------- Warning: Error in &lt;Anonymous&gt;: error in evaluating the argument 'code' in selecting a method for function 'eval_code': Assertion on 'subset' failed: Must be a subset of {'','USUBJID','STUDYID','CMCLAS','CMDECOD','ATIREL','CMCAT','COUNTRY','SITEID','SUBJID','AGE','SEX','ARMCD','ARM','ACTARMCD','ACTARM','RACE','TRTSDTM','TRTEDTM','EOSDY','EOSDT','STRATA1','STRATA2','BMRKR1','BMRKR2','REGION1','SAFFL','EOSSTT','EOTSTT','DCSREAS','DTHDT','ASTDTM','ASTDY','AENDTM','AENDY','CMSEQ','ATC1','ATC2','ATC3','ATC4','CMINDC','CMDOSE','CMTRT','CMDOSU','CMROUTE','CMDOSFRQ','CMASTDTM','CMAENDTM','ATIREL2','CMDECOD2','CMINDC2','CMDOSE2','CMDOSU2','CMROUTE2','CMDOSFRQ2','ASTDY2','AENDY2'}, but has additional elements {'CMTRT2'}.
{shiny}      R  stderr -----------   14: &lt;Anonymous&gt;
{shiny}      R  stderr -----------   12: &lt;Anonymous&gt;
{shiny}      R  stderr -----------   11: &lt;Anonymous&gt;
{shiny}      R  stderr -----------   10: base::do.call
{shiny}      R  stderr -----------    9: base::saveRDS
{shiny}      R  stderr -----------    8: base::withCallingHandlers
{shiny}      R  stderr -----------    7: doTryCatch
{shiny}      R  stderr -----------    6: tryCatchOne
{shiny}      R  stderr -----------    5: tryCatchList
{shiny}      R  stderr -----------    2: tryCatchList
{shiny}      R  stderr -----------    1: base::tryCatch


Caused by error in `app_initialize_()`:
! Shiny app did not become stable in 1e+05ms.
Message: An error occurred while waiting for Shiny to be stable
Caused by error in `app_wait_for_idle()`:
! An error occurred while waiting for Shiny to be stable
Backtrace:
     x
  1. +-teal.modules.clinical (local) app_driver_tm_g_pp_therapy() at test-shinytest2-tm_g_pp_therapy.R:162:9
  2. | \-teal.modules.clinical:::init_teal_app_driver(...) at test-shinytest2-tm_g_pp_therapy.R:31:3
  3. |   +-testthat::with_mocked_bindings(...) at tests/testthat/helper-TealAppDriver.R:7:3
  4. |   \-TealAppDriver$new(...) at tests/testthat/helper-TealAppDriver.R:10:7
  5. |     \-teal (local) initialize(...)
  6. |       +-base::suppressWarnings(...)
  7. |       | \-base::withCallingHandlers(...)
  8. |       \-super$initialize(...)
  9. |         \-shinytest2:::app_initialize(...)
 10. |           +-base::withCallingHandlers(...)
 11. |           \-shinytest2:::app_initialize_(self, private, ..., view = view)
 12. |             +-base::withCallingHandlers(...)
 13. |             \-self$wait_for_idle(duration = 200, timeout = private$load_timeout)
 14. |               \-shinytest2:::app_wait_for_idle(...)
 15. |                 \-shinytest2:::app_abort(self, private, "An error occurred while waiting for Shiny to be stable")
 16. |                   \-rlang::abort(..., app = self, call = call)
 17. |                     \-rlang:::signal_abort(cnd, .file)
 18. |                       \-base::signalCondition(cnd)
 19. +-shinytest2 (local) `&lt;fn&gt;`(`&lt;rlng_rrr&gt;`)
 20. | \-shinytest2:::app_abort(...)
 21. |   \-rlang::abort(..., app = self, call = call)
 22. |     \-rlang:::signal_abort(cnd, .file)
 23. |       \-base::signalCondition(cnd)
 24. \-shinytest2 (local) `&lt;fn&gt;`(`&lt;rlng_rrr&gt;`)
 25.   \-shinytest2:::app_abort(...)
 26.     \-rlang::abort(..., app = self, call = call)</error>
    </testcase>
    <testcase time="103.173" classname="shinytest2_tm_g_pp_therapy" name="e2e_tm_g_pp_therapy_Deselection_of_cmendy_dataset_ADCM_singleextract_select_throws_validation_error.">
      <error type="error" message="Error in `app_initialize(self, private, app_dir = app_dir, ..., load_timeout = load_timeout,  ('test-shinytest2-tm_g_pp_therapy.R:189:5')">Error in `app_initialize(self, private, app_dir = app_dir, ..., load_timeout = load_timeout, 
    timeout = timeout, wait = wait, expect_values_screenshot_args = expect_values_screenshot_args, 
    screenshot_args = screenshot_args, check_names = check_names, 
    name = name, variant = variant, view = view, height = height, 
    width = width, seed = seed, clean_logs = clean_logs, shiny_args = shiny_args, 
    render_args = render_args, options = options)`: Shiny app did not become stable in 1e+05ms.
Message: An error occurred while waiting for Shiny to be stable
Caused by error in `app_wait_for_idle()`:
! An error occurred while waiting for Shiny to be stable


i You can inspect the failed AppDriver object via `rlang::last_error()$app`
i AppDriver logs:
{shinytest2} R  info   23:24:54.55 Start AppDriver initialization
{shinytest2} R  info   23:24:54.58 Starting Shiny app
{shinytest2} R  info   23:24:56.81 Creating new ChromoteSession
{shinytest2} R  info   23:24:56.83 Navigating to Shiny app
{shinytest2} R  info   23:24:56.93 Injecting shiny-tracer.js
{chromote}   JS info   23:24:56.94 shinytest2; jQuery not found
{chromote}   JS info   23:24:56.94 shinytest2; Loaded
{shinytest2} R  info   23:24:56.94 Waiting for Shiny to become ready
{chromote}   JS info   23:24:57.05 shinytest2; jQuery found
{chromote}   JS info   23:24:57.05 shinytest2; Waiting for shiny session to connect
{chromote}   JS info   23:24:57.17 shinytest2; Connected
{chromote}   JS info   23:24:57.22 shinytest2; shiny:busy
{shinytest2} R  info   23:24:57.26 Waiting for Shiny to become idle for 200ms within 1e+05ms
{chromote}   JS info   23:24:57.27 shinytest2; Waiting for Shiny to be stable
{chromote}   JS info   23:24:58.52 shinytest2; shiny:idle
{chromote}   JS info   23:24:58.52 shinytest2; shiny:value teal-identifier
{chromote}   JS info   23:24:58.53 shinytest2; shiny:value error
{chromote}   JS info   23:24:58.53 shinytest2; shiny:busy
{chromote}   JS info   23:24:58.53 shinytest2; shiny:idle
{chromote}   JS info   23:24:58.55 shinytest2; shiny:busy
{shinytest2} R  info   23:26:37.28 Error while initializing AppDriver:
                                   Shiny app did not become stable in 1e+05ms.
                                   Message: An error occurred while waiting for Shiny to be stable
                                   Caused by error in `app_wait_for_idle()`:
                                   ! An error occurred while waiting for Shiny to be stable
{shiny}      R  stderr ----------- Loading required package: shiny
{shiny}      R  stderr ----------- Attempting to load the environment ‘package:dplyr’
{shiny}      R  stderr ----------- 
{shiny}      R  stderr ----------- Attaching package: ‘dplyr’
{shiny}      R  stderr ----------- 
{shiny}      R  stderr ----------- The following objects are masked from ‘package:stats’:
{shiny}      R  stderr ----------- 
{shiny}      R  stderr -----------     filter, lag
{shiny}      R  stderr ----------- 
{shiny}      R  stderr ----------- The following objects are masked from ‘package:base’:
{shiny}      R  stderr ----------- 
{shiny}      R  stderr -----------     intersect, setdiff, setequal, union
{shiny}      R  stderr ----------- 
{shiny}      R  stderr ----------- Loading required package: teal
{shiny}      R  stderr ----------- Loading required package: teal.data
{shiny}      R  stderr ----------- Loading required package: teal.code
{shiny}      R  stderr ----------- Loading required package: teal.slice
{shiny}      R  stderr ----------- 
{shiny}      R  stderr ----------- You are using teal version 0.15.2.9031
{shiny}      R  stderr ----------- 
{shiny}      R  stderr ----------- Attaching package: ‘teal’
{shiny}      R  stderr ----------- 
{shiny}      R  stderr ----------- The following objects are masked from ‘package:teal.slice’:
{shiny}      R  stderr ----------- 
{shiny}      R  stderr -----------     as.teal_slices, teal_slices
{shiny}      R  stderr ----------- 
{shiny}      R  stderr ----------- Loading required package: teal.transform
{shiny}      R  stderr ----------- Loading required package: tern
{shiny}      R  stderr ----------- Loading required package: rtables
{shiny}      R  stderr ----------- Loading required package: formatters
{shiny}      R  stderr ----------- Loading required package: magrittr
{shiny}      R  stderr ----------- 
{shiny}      R  stderr ----------- Attaching package: ‘rtables’
{shiny}      R  stderr ----------- 
{shiny}      R  stderr ----------- The following object is masked from ‘package:utils’:
{shiny}      R  stderr ----------- 
{shiny}      R  stderr -----------     str
{shiny}      R  stderr ----------- 
{shiny}      R  stderr ----------- Running application in test mode.
{shiny}      R  stderr ----------- 
{shiny}      R  stderr ----------- Listening on http://127.0.0.1:7039
{shiny}      R  stderr ----------- Initializing reporter_previewer_module
{shiny}      R  stderr ----------- Warning: Error in &lt;Anonymous&gt;: error in evaluating the argument 'code' in selecting a method for function 'eval_code': Assertion on 'subset' failed: Must be a subset of {'','USUBJID','STUDYID','CMCLAS','CMDECOD','ATIREL','CMCAT','COUNTRY','SITEID','SUBJID','AGE','SEX','ARMCD','ARM','ACTARMCD','ACTARM','RACE','TRTSDTM','TRTEDTM','EOSDY','EOSDT','STRATA1','STRATA2','BMRKR1','BMRKR2','REGION1','SAFFL','EOSSTT','EOTSTT','DCSREAS','DTHDT','ASTDTM','ASTDY','AENDTM','AENDY','CMSEQ','ATC1','ATC2','ATC3','ATC4','CMINDC','CMDOSE','CMTRT','CMDOSU','CMROUTE','CMDOSFRQ','CMASTDTM','CMAENDTM','ATIREL2','CMDECOD2','CMINDC2','CMDOSE2','CMDOSU2','CMROUTE2','CMDOSFRQ2','ASTDY2','AENDY2'}, but has additional elements {'CMTRT2'}.
{shiny}      R  stderr -----------   241: &lt;Anonymous&gt;
{shiny}      R  stderr -----------   240: stop
{shiny}      R  stderr -----------   239: mstop
{shiny}      R  stderr -----------   238: makeAssertion
{shiny}      R  stderr -----------   237: checkmate::assert_subset
{shiny}      R  stderr -----------   236: variable_choices.data.frame
{shiny}      R  stderr -----------   233: resolve.delayed_variable_choices
{shiny}      R  stderr -----------   231: resolve.delayed_select_spec
{shiny}      R  stderr -----------   229: resolve.delayed_data_extract_spec
{shiny}      R  stderr -----------   227: resolve_delayed.list
{shiny}      R  stderr -----------   213: module
{shiny}      R  stderr -----------   208: callModule
{shiny}      R  stderr -----------   207: moduleServer
{shiny}      R  stderr -----------   206: data_extract_single_srv
{shiny}      R  stderr -----------   205: FUN
{shiny}      R  stderr -----------   204: lapply
{shiny}      R  stderr -----------   203: module
{shiny}      R  stderr -----------   198: callModule
{shiny}      R  stderr -----------   197: moduleServer
{shiny}      R  stderr -----------   196: data_extract_srv.list
{shiny}      R  stderr -----------   194: FUN
{shiny}      R  stderr -----------   193: lapply
{shiny}      R  stderr -----------   192: sapply
{shiny}      R  stderr -----------   191: &lt;reactive&gt;
{shiny}      R  stderr -----------   175: selector_list
{shiny}      R  stderr -----------   170: &lt;reactive&gt;
{shiny}      R  stderr -----------   154: anl_inputs
{shiny}      R  stderr -----------   153: as.expression
{shiny}      R  stderr -----------   152: teal.code::eval_code
{shiny}      R  stderr -----------   151: %&gt;%
{shiny}      R  stderr -----------   150: &lt;reactive&gt;
{shiny}      R  stderr -----------   134: merged$anl_q
{shiny}      R  stderr -----------   128: &lt;reactive&gt;
{shiny}      R  stderr -----------   112: all_q
{shiny}      R  stderr -----------   110: renderText
{shiny}      R  stderr -----------   109: func
{shiny}      R  stderr -----------    96: renderFunc
{shiny}      R  stderr -----------    95: output$teal-main_ui-root-therapy__e2e_-module-title
{shiny}      R  stderr -----------    14: &lt;Anonymous&gt;
{shiny}      R  stderr -----------    12: &lt;Anonymous&gt;
{shiny}      R  stderr -----------    11: &lt;Anonymous&gt;
{shiny}      R  stderr -----------    10: base::do.call
{shiny}      R  stderr -----------     9: base::saveRDS
{shiny}      R  stderr -----------     8: base::withCallingHandlers
{shiny}      R  stderr -----------     7: doTryCatch
{shiny}      R  stderr -----------     6: tryCatchOne
{shiny}      R  stderr -----------     5: tryCatchList
{shiny}      R  stderr -----------     2: tryCatchList
{shiny}      R  stderr -----------     1: base::tryCatch
{shiny}      R  stderr ----------- Warning: Error in &lt;Anonymous&gt;: error in evaluating the argument 'code' in selecting a method for function 'eval_code': Assertion on 'subset' failed: Must be a subset of {'','USUBJID','STUDYID','CMCLAS','CMDECOD','ATIREL','CMCAT','COUNTRY','SITEID','SUBJID','AGE','SEX','ARMCD','ARM','ACTARMCD','ACTARM','RACE','TRTSDTM','TRTEDTM','EOSDY','EOSDT','STRATA1','STRATA2','BMRKR1','BMRKR2','REGION1','SAFFL','EOSSTT','EOTSTT','DCSREAS','DTHDT','ASTDTM','ASTDY','AENDTM','AENDY','CMSEQ','ATC1','ATC2','ATC3','ATC4','CMINDC','CMDOSE','CMTRT','CMDOSU','CMROUTE','CMDOSFRQ','CMASTDTM','CMAENDTM','ATIREL2','CMDECOD2','CMINDC2','CMDOSE2','CMDOSU2','CMROUTE2','CMDOSFRQ2','ASTDY2','AENDY2'}, but has additional elements {'CMTRT2'}.
{shiny}      R  stderr -----------   122: &lt;Anonymous&gt;
{shiny}      R  stderr -----------   121: stop
{shiny}      R  stderr -----------   120: all_q
{shiny}      R  stderr -----------   117: exprFunc
{shiny}      R  stderr -----------   116: widgetFunc
{shiny}      R  stderr -----------   115: ::
{shiny}      R  stderr ----------- htmlwidgets
{shiny}      R  stderr ----------- shinyRenderWidget
{shiny}      R  stderr -----------   114: func
{shiny}      R  stderr -----------   101: renderFunc
{shiny}      R  stderr -----------   100: renderFunc
{shiny}      R  stderr -----------    96: renderFunc
{shiny}      R  stderr -----------    95: output$teal-main_ui-root-therapy__e2e_-module-therapy_table
{shiny}      R  stderr -----------    14: &lt;Anonymous&gt;
{shiny}      R  stderr -----------    12: &lt;Anonymous&gt;
{shiny}      R  stderr -----------    11: &lt;Anonymous&gt;
{shiny}      R  stderr -----------    10: base::do.call
{shiny}      R  stderr -----------     9: base::saveRDS
{shiny}      R  stderr -----------     8: base::withCallingHandlers
{shiny}      R  stderr -----------     7: doTryCatch
{shiny}      R  stderr -----------     6: tryCatchOne
{shiny}      R  stderr -----------     5: tryCatchList
{shiny}      R  stderr -----------     2: tryCatchList
{shiny}      R  stderr -----------     1: base::tryCatch
{shiny}      R  stderr ----------- Warning: Error in variable_choices.data.frame: Assertion on 'subset' failed: Must be a subset of {'','USUBJID','STUDYID','CMCLAS','CMDECOD','ATIREL','CMCAT','COUNTRY','SITEID','SUBJID','AGE','SEX','ARMCD','ARM','ACTARMCD','ACTARM','RACE','TRTSDTM','TRTEDTM','EOSDY','EOSDT','STRATA1','STRATA2','BMRKR1','BMRKR2','REGION1','SAFFL','EOSSTT','EOTSTT','DCSREAS','DTHDT','ASTDTM','ASTDY','AENDTM','AENDY','CMSEQ','ATC1','ATC2','ATC3','ATC4','CMINDC','CMDOSE','CMTRT','CMDOSU','CMROUTE','CMDOSFRQ','CMASTDTM','CMAENDTM','ATIREL2','CMDECOD2','CMINDC2','CMDOSE2','CMDOSU2','CMROUTE2','CMDOSFRQ2','ASTDY2','AENDY2'}, but has additional elements {'CMTRT2'}.
{shiny}      R  stderr -----------   162: &lt;Anonymous&gt;
{shiny}      R  stderr -----------   161: stop
{shiny}      R  stderr -----------   160: selector_list
{shiny}      R  stderr -----------   159: teal.transform::compose_and_enable_validators
{shiny}      R  stderr -----------   158: &lt;reactive&gt;
{shiny}      R  stderr -----------   142: iv_r
{shiny}      R  stderr -----------   135: &lt;reactive&gt;
{shiny}      R  stderr -----------   119: plot_r
{shiny}      R  stderr -----------   110: renderUI
{shiny}      R  stderr -----------   109: func
{shiny}      R  stderr -----------    96: renderFunc
{shiny}      R  stderr -----------    95: output$teal-main_ui-root-therapy__e2e_-module-therapy_plot-plot_out_main
{shiny}      R  stderr -----------    14: &lt;Anonymous&gt;
{shiny}      R  stderr -----------    12: &lt;Anonymous&gt;
{shiny}      R  stderr -----------    11: &lt;Anonymous&gt;
{shiny}      R  stderr -----------    10: base::do.call
{shiny}      R  stderr -----------     9: base::saveRDS
{shiny}      R  stderr -----------     8: base::withCallingHandlers
{shiny}      R  stderr -----------     7: doTryCatch
{shiny}      R  stderr -----------     6: tryCatchOne
{shiny}      R  stderr -----------     5: tryCatchList
{shiny}      R  stderr -----------     2: tryCatchList
{shiny}      R  stderr -----------     1: base::tryCatch
{shiny}      R  stderr ----------- Warning: Error in &lt;Anonymous&gt;: error in evaluating the argument 'code' in selecting a method for function 'eval_code': Assertion on 'subset' failed: Must be a subset of {'','USUBJID','STUDYID','CMCLAS','CMDECOD','ATIREL','CMCAT','COUNTRY','SITEID','SUBJID','AGE','SEX','ARMCD','ARM','ACTARMCD','ACTARM','RACE','TRTSDTM','TRTEDTM','EOSDY','EOSDT','STRATA1','STRATA2','BMRKR1','BMRKR2','REGION1','SAFFL','EOSSTT','EOTSTT','DCSREAS','DTHDT','ASTDTM','ASTDY','AENDTM','AENDY','CMSEQ','ATC1','ATC2','ATC3','ATC4','CMINDC','CMDOSE','CMTRT','CMDOSU','CMROUTE','CMDOSFRQ','CMASTDTM','CMAENDTM','ATIREL2','CMDECOD2','CMINDC2','CMDOSE2','CMDOSU2','CMROUTE2','CMDOSFRQ2','ASTDY2','AENDY2'}, but has additional elements {'CMTRT2'}.
{shiny}      R  stderr -----------   14: &lt;Anonymous&gt;
{shiny}      R  stderr -----------   12: &lt;Anonymous&gt;
{shiny}      R  stderr -----------   11: &lt;Anonymous&gt;
{shiny}      R  stderr -----------   10: base::do.call
{shiny}      R  stderr -----------    9: base::saveRDS
{shiny}      R  stderr -----------    8: base::withCallingHandlers
{shiny}      R  stderr -----------    7: doTryCatch
{shiny}      R  stderr -----------    6: tryCatchOne
{shiny}      R  stderr -----------    5: tryCatchList
{shiny}      R  stderr -----------    2: tryCatchList
{shiny}      R  stderr -----------    1: base::tryCatch


Caused by error in `app_initialize_()`:
! Shiny app did not become stable in 1e+05ms.
Message: An error occurred while waiting for Shiny to be stable
Caused by error in `app_wait_for_idle()`:
! An error occurred while waiting for Shiny to be stable
Backtrace:
     x
  1. +-teal.modules.clinical (local) app_driver_tm_g_pp_therapy() at test-shinytest2-tm_g_pp_therapy.R:189:5
  2. | \-teal.modules.clinical:::init_teal_app_driver(...) at test-shinytest2-tm_g_pp_therapy.R:31:3
  3. |   +-testthat::with_mocked_bindings(...) at tests/testthat/helper-TealAppDriver.R:7:3
  4. |   \-TealAppDriver$new(...) at tests/testthat/helper-TealAppDriver.R:10:7
  5. |     \-teal (local) initialize(...)
  6. |       +-base::suppressWarnings(...)
  7. |       | \-base::withCallingHandlers(...)
  8. |       \-super$initialize(...)
  9. |         \-shinytest2:::app_initialize(...)
 10. |           +-base::withCallingHandlers(...)
 11. |           \-shinytest2:::app_initialize_(self, private, ..., view = view)
 12. |             +-base::withCallingHandlers(...)
 13. |             \-self$wait_for_idle(duration = 200, timeout = private$load_timeout)
 14. |               \-shinytest2:::app_wait_for_idle(...)
 15. |                 \-shinytest2:::app_abort(self, private, "An error occurred while waiting for Shiny to be stable")
 16. |                   \-rlang::abort(..., app = self, call = call)
 17. |                     \-rlang:::signal_abort(cnd, .file)
 18. |                       \-base::signalCondition(cnd)
 19. +-shinytest2 (local) `&lt;fn&gt;`(`&lt;rlng_rrr&gt;`)
 20. | \-shinytest2:::app_abort(...)
 21. |   \-rlang::abort(..., app = self, call = call)
 22. |     \-rlang:::signal_abort(cnd, .file)
 23. |       \-base::signalCondition(cnd)
 24. \-shinytest2 (local) `&lt;fn&gt;`(`&lt;rlng_rrr&gt;`)
 25.   \-shinytest2:::app_abort(...)
 26.     \-rlang::abort(..., app = self, call = call)</error>
    </testcase>
    <testcase time="103.283" classname="shinytest2_tm_g_pp_therapy" name="e2e_tm_g_pp_therapy_Changing_font_size_changes_the_plot_and_does_not_throw_validation_errors.">
      <error type="error" message="Error in `app_initialize(self, private, app_dir = app_dir, ..., load_timeout = load_timeout,  ('test-shinytest2-tm_g_pp_therapy.R:231:7')">Error in `app_initialize(self, private, app_dir = app_dir, ..., load_timeout = load_timeout, 
    timeout = timeout, wait = wait, expect_values_screenshot_args = expect_values_screenshot_args, 
    screenshot_args = screenshot_args, check_names = check_names, 
    name = name, variant = variant, view = view, height = height, 
    width = width, seed = seed, clean_logs = clean_logs, shiny_args = shiny_args, 
    render_args = render_args, options = options)`: Shiny app did not become stable in 1e+05ms.
Message: An error occurred while waiting for Shiny to be stable
Caused by error in `app_wait_for_idle()`:
! An error occurred while waiting for Shiny to be stable


i You can inspect the failed AppDriver object via `rlang::last_error()$app`
i AppDriver logs:
{shinytest2} R  info   23:26:37.74 Start AppDriver initialization
{shinytest2} R  info   23:26:37.77 Starting Shiny app
{shinytest2} R  info   23:26:40.00 Creating new ChromoteSession
{shinytest2} R  info   23:26:40.02 Navigating to Shiny app
{shinytest2} R  info   23:26:40.11 Injecting shiny-tracer.js
{chromote}   JS info   23:26:40.12 shinytest2; jQuery not found
{chromote}   JS info   23:26:40.12 shinytest2; Loaded
{shinytest2} R  info   23:26:40.12 Waiting for Shiny to become ready
{chromote}   JS info   23:26:40.21 shinytest2; jQuery found
{chromote}   JS info   23:26:40.21 shinytest2; Waiting for shiny session to connect
{chromote}   JS info   23:26:40.54 shinytest2; Connected
{chromote}   JS info   23:26:40.54 shinytest2; shiny:busy
{shinytest2} R  info   23:26:40.54 Waiting for Shiny to become idle for 200ms within 1e+05ms
{chromote}   JS info   23:26:40.54 shinytest2; Waiting for Shiny to be stable
{chromote}   JS info   23:26:41.62 shinytest2; shiny:idle
{chromote}   JS info   23:26:41.62 shinytest2; shiny:value teal-identifier
{chromote}   JS info   23:26:41.62 shinytest2; shiny:value error
{chromote}   JS info   23:26:41.62 shinytest2; shiny:busy
{chromote}   JS info   23:26:41.62 shinytest2; shiny:idle
{chromote}   JS info   23:26:41.65 shinytest2; shiny:busy
{shinytest2} R  info   23:28:20.56 Error while initializing AppDriver:
                                   Shiny app did not become stable in 1e+05ms.
                                   Message: An error occurred while waiting for Shiny to be stable
                                   Caused by error in `app_wait_for_idle()`:
                                   ! An error occurred while waiting for Shiny to be stable
{shiny}      R  stderr ----------- Loading required package: shiny
{shiny}      R  stderr ----------- Attempting to load the environment ‘package:dplyr’
{shiny}      R  stderr ----------- 
{shiny}      R  stderr ----------- Attaching package: ‘dplyr’
{shiny}      R  stderr ----------- 
{shiny}      R  stderr ----------- The following objects are masked from ‘package:stats’:
{shiny}      R  stderr ----------- 
{shiny}      R  stderr -----------     filter, lag
{shiny}      R  stderr ----------- 
{shiny}      R  stderr ----------- The following objects are masked from ‘package:base’:
{shiny}      R  stderr ----------- 
{shiny}      R  stderr -----------     intersect, setdiff, setequal, union
{shiny}      R  stderr ----------- 
{shiny}      R  stderr ----------- Loading required package: teal
{shiny}      R  stderr ----------- Loading required package: teal.data
{shiny}      R  stderr ----------- Loading required package: teal.code
{shiny}      R  stderr ----------- Loading required package: teal.slice
{shiny}      R  stderr ----------- 
{shiny}      R  stderr ----------- You are using teal version 0.15.2.9031
{shiny}      R  stderr ----------- 
{shiny}      R  stderr ----------- Attaching package: ‘teal’
{shiny}      R  stderr ----------- 
{shiny}      R  stderr ----------- The following objects are masked from ‘package:teal.slice’:
{shiny}      R  stderr ----------- 
{shiny}      R  stderr -----------     as.teal_slices, teal_slices
{shiny}      R  stderr ----------- 
{shiny}      R  stderr ----------- Loading required package: teal.transform
{shiny}      R  stderr ----------- Loading required package: tern
{shiny}      R  stderr ----------- Loading required package: rtables
{shiny}      R  stderr ----------- Loading required package: formatters
{shiny}      R  stderr ----------- Loading required package: magrittr
{shiny}      R  stderr ----------- 
{shiny}      R  stderr ----------- Attaching package: ‘rtables’
{shiny}      R  stderr ----------- 
{shiny}      R  stderr ----------- The following object is masked from ‘package:utils’:
{shiny}      R  stderr ----------- 
{shiny}      R  stderr -----------     str
{shiny}      R  stderr ----------- 
{shiny}      R  stderr ----------- Running application in test mode.
{shiny}      R  stderr ----------- 
{shiny}      R  stderr ----------- Listening on http://127.0.0.1:3450
{shiny}      R  stderr ----------- Initializing reporter_previewer_module
{shiny}      R  stderr ----------- Warning: Error in &lt;Anonymous&gt;: error in evaluating the argument 'code' in selecting a method for function 'eval_code': Assertion on 'subset' failed: Must be a subset of {'','USUBJID','STUDYID','CMCLAS','CMDECOD','ATIREL','CMCAT','COUNTRY','SITEID','SUBJID','AGE','SEX','ARMCD','ARM','ACTARMCD','ACTARM','RACE','TRTSDTM','TRTEDTM','EOSDY','EOSDT','STRATA1','STRATA2','BMRKR1','BMRKR2','REGION1','SAFFL','EOSSTT','EOTSTT','DCSREAS','DTHDT','ASTDTM','ASTDY','AENDTM','AENDY','CMSEQ','ATC1','ATC2','ATC3','ATC4','CMINDC','CMDOSE','CMTRT','CMDOSU','CMROUTE','CMDOSFRQ','CMASTDTM','CMAENDTM','ATIREL2','CMDECOD2','CMINDC2','CMDOSE2','CMDOSU2','CMROUTE2','CMDOSFRQ2','ASTDY2','AENDY2'}, but has additional elements {'CMTRT2'}.
{shiny}      R  stderr -----------   241: &lt;Anonymous&gt;
{shiny}      R  stderr -----------   240: stop
{shiny}      R  stderr -----------   239: mstop
{shiny}      R  stderr -----------   238: makeAssertion
{shiny}      R  stderr -----------   237: checkmate::assert_subset
{shiny}      R  stderr -----------   236: variable_choices.data.frame
{shiny}      R  stderr -----------   233: resolve.delayed_variable_choices
{shiny}      R  stderr -----------   231: resolve.delayed_select_spec
{shiny}      R  stderr -----------   229: resolve.delayed_data_extract_spec
{shiny}      R  stderr -----------   227: resolve_delayed.list
{shiny}      R  stderr -----------   213: module
{shiny}      R  stderr -----------   208: callModule
{shiny}      R  stderr -----------   207: moduleServer
{shiny}      R  stderr -----------   206: data_extract_single_srv
{shiny}      R  stderr -----------   205: FUN
{shiny}      R  stderr -----------   204: lapply
{shiny}      R  stderr -----------   203: module
{shiny}      R  stderr -----------   198: callModule
{shiny}      R  stderr -----------   197: moduleServer
{shiny}      R  stderr -----------   196: data_extract_srv.list
{shiny}      R  stderr -----------   194: FUN
{shiny}      R  stderr -----------   193: lapply
{shiny}      R  stderr -----------   192: sapply
{shiny}      R  stderr -----------   191: &lt;reactive&gt;
{shiny}      R  stderr -----------   175: selector_list
{shiny}      R  stderr -----------   170: &lt;reactive&gt;
{shiny}      R  stderr -----------   154: anl_inputs
{shiny}      R  stderr -----------   153: as.expression
{shiny}      R  stderr -----------   152: teal.code::eval_code
{shiny}      R  stderr -----------   151: %&gt;%
{shiny}      R  stderr -----------   150: &lt;reactive&gt;
{shiny}      R  stderr -----------   134: merged$anl_q
{shiny}      R  stderr -----------   128: &lt;reactive&gt;
{shiny}      R  stderr -----------   112: all_q
{shiny}      R  stderr -----------   110: renderText
{shiny}      R  stderr -----------   109: func
{shiny}      R  stderr -----------    96: renderFunc
{shiny}      R  stderr -----------    95: output$teal-main_ui-root-therapy__e2e_-module-title
{shiny}      R  stderr -----------    14: &lt;Anonymous&gt;
{shiny}      R  stderr -----------    12: &lt;Anonymous&gt;
{shiny}      R  stderr -----------    11: &lt;Anonymous&gt;
{shiny}      R  stderr -----------    10: base::do.call
{shiny}      R  stderr -----------     9: base::saveRDS
{shiny}      R  stderr -----------     8: base::withCallingHandlers
{shiny}      R  stderr -----------     7: doTryCatch
{shiny}      R  stderr -----------     6: tryCatchOne
{shiny}      R  stderr -----------     5: tryCatchList
{shiny}      R  stderr -----------     2: tryCatchList
{shiny}      R  stderr -----------     1: base::tryCatch
{shiny}      R  stderr ----------- Warning: Error in &lt;Anonymous&gt;: error in evaluating the argument 'code' in selecting a method for function 'eval_code': Assertion on 'subset' failed: Must be a subset of {'','USUBJID','STUDYID','CMCLAS','CMDECOD','ATIREL','CMCAT','COUNTRY','SITEID','SUBJID','AGE','SEX','ARMCD','ARM','ACTARMCD','ACTARM','RACE','TRTSDTM','TRTEDTM','EOSDY','EOSDT','STRATA1','STRATA2','BMRKR1','BMRKR2','REGION1','SAFFL','EOSSTT','EOTSTT','DCSREAS','DTHDT','ASTDTM','ASTDY','AENDTM','AENDY','CMSEQ','ATC1','ATC2','ATC3','ATC4','CMINDC','CMDOSE','CMTRT','CMDOSU','CMROUTE','CMDOSFRQ','CMASTDTM','CMAENDTM','ATIREL2','CMDECOD2','CMINDC2','CMDOSE2','CMDOSU2','CMROUTE2','CMDOSFRQ2','ASTDY2','AENDY2'}, but has additional elements {'CMTRT2'}.
{shiny}      R  stderr -----------   122: &lt;Anonymous&gt;
{shiny}      R  stderr -----------   121: stop
{shiny}      R  stderr -----------   120: all_q
{shiny}      R  stderr -----------   117: exprFunc
{shiny}      R  stderr -----------   116: widgetFunc
{shiny}      R  stderr -----------   115: ::
{shiny}      R  stderr ----------- htmlwidgets
{shiny}      R  stderr ----------- shinyRenderWidget
{shiny}      R  stderr -----------   114: func
{shiny}      R  stderr -----------   101: renderFunc
{shiny}      R  stderr -----------   100: renderFunc
{shiny}      R  stderr -----------    96: renderFunc
{shiny}      R  stderr -----------    95: output$teal-main_ui-root-therapy__e2e_-module-therapy_table
{shiny}      R  stderr -----------    14: &lt;Anonymous&gt;
{shiny}      R  stderr -----------    12: &lt;Anonymous&gt;
{shiny}      R  stderr -----------    11: &lt;Anonymous&gt;
{shiny}      R  stderr -----------    10: base::do.call
{shiny}      R  stderr -----------     9: base::saveRDS
{shiny}      R  stderr -----------     8: base::withCallingHandlers
{shiny}      R  stderr -----------     7: doTryCatch
{shiny}      R  stderr -----------     6: tryCatchOne
{shiny}      R  stderr -----------     5: tryCatchList
{shiny}      R  stderr -----------     2: tryCatchList
{shiny}      R  stderr -----------     1: base::tryCatch
{shiny}      R  stderr ----------- Warning: Error in variable_choices.data.frame: Assertion on 'subset' failed: Must be a subset of {'','USUBJID','STUDYID','CMCLAS','CMDECOD','ATIREL','CMCAT','COUNTRY','SITEID','SUBJID','AGE','SEX','ARMCD','ARM','ACTARMCD','ACTARM','RACE','TRTSDTM','TRTEDTM','EOSDY','EOSDT','STRATA1','STRATA2','BMRKR1','BMRKR2','REGION1','SAFFL','EOSSTT','EOTSTT','DCSREAS','DTHDT','ASTDTM','ASTDY','AENDTM','AENDY','CMSEQ','ATC1','ATC2','ATC3','ATC4','CMINDC','CMDOSE','CMTRT','CMDOSU','CMROUTE','CMDOSFRQ','CMASTDTM','CMAENDTM','ATIREL2','CMDECOD2','CMINDC2','CMDOSE2','CMDOSU2','CMROUTE2','CMDOSFRQ2','ASTDY2','AENDY2'}, but has additional elements {'CMTRT2'}.
{shiny}      R  stderr -----------   162: &lt;Anonymous&gt;
{shiny}      R  stderr -----------   161: stop
{shiny}      R  stderr -----------   160: selector_list
{shiny}      R  stderr -----------   159: teal.transform::compose_and_enable_validators
{shiny}      R  stderr -----------   158: &lt;reactive&gt;
{shiny}      R  stderr -----------   142: iv_r
{shiny}      R  stderr -----------   135: &lt;reactive&gt;
{shiny}      R  stderr -----------   119: plot_r
{shiny}      R  stderr -----------   110: renderUI
{shiny}      R  stderr -----------   109: func
{shiny}      R  stderr -----------    96: renderFunc
{shiny}      R  stderr -----------    95: output$teal-main_ui-root-therapy__e2e_-module-therapy_plot-plot_out_main
{shiny}      R  stderr -----------    14: &lt;Anonymous&gt;
{shiny}      R  stderr -----------    12: &lt;Anonymous&gt;
{shiny}      R  stderr -----------    11: &lt;Anonymous&gt;
{shiny}      R  stderr -----------    10: base::do.call
{shiny}      R  stderr -----------     9: base::saveRDS
{shiny}      R  stderr -----------     8: base::withCallingHandlers
{shiny}      R  stderr -----------     7: doTryCatch
{shiny}      R  stderr -----------     6: tryCatchOne
{shiny}      R  stderr -----------     5: tryCatchList
{shiny}      R  stderr -----------     2: tryCatchList
{shiny}      R  stderr -----------     1: base::tryCatch
{shiny}      R  stderr ----------- Warning: Error in &lt;Anonymous&gt;: error in evaluating the argument 'code' in selecting a method for function 'eval_code': Assertion on 'subset' failed: Must be a subset of {'','USUBJID','STUDYID','CMCLAS','CMDECOD','ATIREL','CMCAT','COUNTRY','SITEID','SUBJID','AGE','SEX','ARMCD','ARM','ACTARMCD','ACTARM','RACE','TRTSDTM','TRTEDTM','EOSDY','EOSDT','STRATA1','STRATA2','BMRKR1','BMRKR2','REGION1','SAFFL','EOSSTT','EOTSTT','DCSREAS','DTHDT','ASTDTM','ASTDY','AENDTM','AENDY','CMSEQ','ATC1','ATC2','ATC3','ATC4','CMINDC','CMDOSE','CMTRT','CMDOSU','CMROUTE','CMDOSFRQ','CMASTDTM','CMAENDTM','ATIREL2','CMDECOD2','CMINDC2','CMDOSE2','CMDOSU2','CMROUTE2','CMDOSFRQ2','ASTDY2','AENDY2'}, but has additional elements {'CMTRT2'}.
{shiny}      R  stderr -----------   14: &lt;Anonymous&gt;
{shiny}      R  stderr -----------   12: &lt;Anonymous&gt;
{shiny}      R  stderr -----------   11: &lt;Anonymous&gt;
{shiny}      R  stderr -----------   10: base::do.call
{shiny}      R  stderr -----------    9: base::saveRDS
{shiny}      R  stderr -----------    8: base::withCallingHandlers
{shiny}      R  stderr -----------    7: doTryCatch
{shiny}      R  stderr -----------    6: tryCatchOne
{shiny}      R  stderr -----------    5: tryCatchList
{shiny}      R  stderr -----------    2: tryCatchList
{shiny}      R  stderr -----------    1: base::tryCatch


Caused by error in `app_initialize_()`:
! Shiny app did not become stable in 1e+05ms.
Message: An error occurred while waiting for Shiny to be stable
Caused by error in `app_wait_for_idle()`:
! An error occurred while waiting for Shiny to be stable
Backtrace:
     x
  1. +-teal.modules.clinical (local) app_driver_tm_g_pp_therapy() at test-shinytest2-tm_g_pp_therapy.R:231:7
  2. | \-teal.modules.clinical:::init_teal_app_driver(...) at test-shinytest2-tm_g_pp_therapy.R:31:3
  3. |   +-testthat::with_mocked_bindings(...) at tests/testthat/helper-TealAppDriver.R:7:3
  4. |   \-TealAppDriver$new(...) at tests/testthat/helper-TealAppDriver.R:10:7
  5. |     \-teal (local) initialize(...)
  6. |       +-base::suppressWarnings(...)
  7. |       | \-base::withCallingHandlers(...)
  8. |       \-super$initialize(...)
  9. |         \-shinytest2:::app_initialize(...)
 10. |           +-base::withCallingHandlers(...)
 11. |           \-shinytest2:::app_initialize_(self, private, ..., view = view)
 12. |             +-base::withCallingHandlers(...)
 13. |             \-self$wait_for_idle(duration = 200, timeout = private$load_timeout)
 14. |               \-shinytest2:::app_wait_for_idle(...)
 15. |                 \-shinytest2:::app_abort(self, private, "An error occurred while waiting for Shiny to be stable")
 16. |                   \-rlang::abort(..., app = self, call = call)
 17. |                     \-rlang:::signal_abort(cnd, .file)
 18. |                       \-base::signalCondition(cnd)
 19. +-shinytest2 (local) `&lt;fn&gt;`(`&lt;rlng_rrr&gt;`)
 20. | \-shinytest2:::app_abort(...)
 21. |   \-rlang::abort(..., app = self, call = call)
 22. |     \-rlang:::signal_abort(cnd, .file)
 23. |       \-base::signalCondition(cnd)
 24. \-shinytest2 (local) `&lt;fn&gt;`(`&lt;rlng_rrr&gt;`)
 25.   \-shinytest2:::app_abort(...)
 26.     \-rlang::abort(..., app = self, call = call)</error>
    </testcase>
  </testsuite>
  <testsuite name="string_ops" timestamp="2024-04-26T23:28:20Z" hostname="e757815382f9" tests="1" skipped="0" failures="0" errors="0" time="0.051">
    <testcase time="0.0509999999999309" classname="string_ops" name="_as_num_as_a_wide_interpretation_of_input_to_extract_numerics."/>
  </testsuite>
  <testsuite name="substitute_names" timestamp="2024-04-26T23:28:20Z" hostname="e757815382f9" tests="9" skipped="0" failures="0" errors="0" time="0.055">
    <testcase time="0.00799999999981083" classname="substitute_names" name="substitute_q_works_as_expected"/>
    <testcase time="0.00800000000026557" classname="substitute_names" name="substitute_q_fails_on_unquoted_call"/>
    <testcase time="0.00599999999985812" classname="substitute_names" name="h_subst_lhs_names_works_as_expected"/>
    <testcase time="0.00599999999985812" classname="substitute_names" name="substitute_lhs_names_works_as_expected_with_nested_expressions"/>
    <testcase time="0.00500000000010914" classname="substitute_names" name="substitute_lhs_names_does_not_lead_to_infinite_recursion"/>
    <testcase time="0.00500000000010914" classname="substitute_names" name="substitute_rhs_works_as_expected"/>
    <testcase time="0.00599999999985812" classname="substitute_names" name="substitute_names_works_as_expected"/>
    <testcase time="0.00599999999985812" classname="substitute_names" name="substitute_names_can_also_substitute_other_expressions_if_requested"/>
    <testcase time="0.00500000000010914" classname="substitute_names" name="substitute_names_works_as_expected_with_nested_expressions"/>
  </testsuite>
  <testsuite name="tm_a_gee" timestamp="2024-04-26T23:28:20Z" hostname="e757815382f9" tests="8" skipped="4" failures="0" errors="0" time="0.078">
    <testcase time="0.0100000000002183" classname="tm_a_gee" name="template_a_gee_t_gee_cov_table_works_as_expected_with_default_input"/>
    <testcase time="0.00900000000001455" classname="tm_a_gee" name="template_a_gee_t_gee_cov_table_works_as_expected_with_default_input">
      <skipped message="Reason: On CRAN ('test-tm_a_gee.R:13:3')"/>
    </testcase>
    <testcase time="0.01299999999992" classname="tm_a_gee" name="template_a_gee_t_gee_coef_table_works_as_expected_with_default_input"/>
    <testcase time="0.00399999999990541" classname="tm_a_gee" name="template_a_gee_t_gee_coef_table_works_as_expected_with_default_input">
      <skipped message="Reason: On CRAN ('test-tm_a_gee.R:28:3')"/>
    </testcase>
    <testcase time="0.0210000000001855" classname="tm_a_gee" name="template_a_gee_works_as_expected_with_non_default_reference_arm"/>
    <testcase time="0.00399999999990541" classname="tm_a_gee" name="template_a_gee_works_as_expected_with_non_default_reference_arm">
      <skipped message="Reason: On CRAN ('test-tm_a_gee.R:44:3')"/>
    </testcase>
    <testcase time="0.01299999999992" classname="tm_a_gee" name="template_a_gee_works_as_expected_when_arm_is_not_considered_in_the_model"/>
    <testcase time="0.00399999999990541" classname="tm_a_gee" name="template_a_gee_works_as_expected_when_arm_is_not_considered_in_the_model">
      <skipped message="Reason: On CRAN ('test-tm_a_gee.R:60:3')"/>
    </testcase>
  </testsuite>
  <testsuite name="tm_a_mmrm" timestamp="2024-04-26T23:28:20Z" hostname="e757815382f9" tests="10" skipped="5" failures="0" errors="0" time="0.096">
    <testcase time="0.024000000000342" classname="tm_a_mmrm" name="template_fit_mmrm_works_as_expected_when_not_combining_comparison_arms"/>
    <testcase time="0.00399999999990541" classname="tm_a_mmrm" name="template_fit_mmrm_works_as_expected_when_not_combining_comparison_arms">
      <skipped message="Reason: On CRAN ('test-tm_a_mmrm.R:16:3')"/>
    </testcase>
    <testcase time="0.0139999999996689" classname="tm_a_mmrm" name="template_fit_mmrm_works_as_expected_when_combining_combination_arms"/>
    <testcase time="0.00400000000036016" classname="tm_a_mmrm" name="template_fit_mmrm_works_as_expected_when_combining_combination_arms">
      <skipped message="Reason: On CRAN ('test-tm_a_mmrm.R:35:3')"/>
    </testcase>
    <testcase time="0.01299999999992" classname="tm_a_mmrm" name="template_mmrm_tables_works_as_expected"/>
    <testcase time="0.00399999999990541" classname="tm_a_mmrm" name="template_mmrm_tables_works_as_expected">
      <skipped message="Reason: On CRAN ('test-tm_a_mmrm.R:51:3')"/>
    </testcase>
    <testcase time="0.012000000000171" classname="tm_a_mmrm" name="template_mmrm_tables_works_as_expected_when_arm_is_not_considered_in_the_model"/>
    <testcase time="0.00399999999990541" classname="tm_a_mmrm" name="template_mmrm_tables_works_as_expected_when_arm_is_not_considered_in_the_model">
      <skipped message="Reason: On CRAN ('test-tm_a_mmrm.R:67:3')"/>
    </testcase>
    <testcase time="0.01299999999992" classname="tm_a_mmrm" name="template_mmrm_plots_works_as_expected"/>
    <testcase time="0.00399999999990541" classname="tm_a_mmrm" name="template_mmrm_plots_works_as_expected">
      <skipped message="Reason: On CRAN ('test-tm_a_mmrm.R:85:3')"/>
    </testcase>
  </testsuite>
  <testsuite name="tm_g_ci" timestamp="2024-04-26T23:28:20Z" hostname="e757815382f9" tests="8" skipped="4" failures="0" errors="0" time="0.072">
    <testcase time="0.0170000000002801" classname="tm_g_ci" name="1._and_2._Mean_and_95_CIs_for_mean"/>
    <testcase time="0.00299999999970169" classname="tm_g_ci" name="1._and_2._Mean_and_95_CIs_for_mean">
      <skipped message="Reason: On CRAN ('test-tm_g_ci.R:12:3')"/>
    </testcase>
    <testcase time="0.0140000000001237" classname="tm_g_ci" name="3._Confidence_Interval_Plot_using_different_stratification_variable_"/>
    <testcase time="0.00300000000015643" classname="tm_g_ci" name="3._Confidence_Interval_Plot_using_different_stratification_variable_">
      <skipped message="Reason: On CRAN ('test-tm_g_ci.R:27:3')"/>
    </testcase>
    <testcase time="0.0139999999996689" classname="tm_g_ci" name="4._Median_and_95_CIs_for_median"/>
    <testcase time="0.00300000000015643" classname="tm_g_ci" name="4._Median_and_95_CIs_for_median">
      <skipped message="Reason: On CRAN ('test-tm_g_ci.R:42:3')"/>
    </testcase>
    <testcase time="0.0140000000001237" classname="tm_g_ci" name="5._Using_different_alpha_level"/>
    <testcase time="0.00399999999990541" classname="tm_g_ci" name="5._Using_different_alpha_level">
      <skipped message="Reason: On CRAN ('test-tm_g_ci.R:58:3')"/>
    </testcase>
  </testsuite>
  <testsuite name="tm_g_forest_rsp" timestamp="2024-04-26T23:28:21Z" hostname="e757815382f9" tests="2" skipped="1" failures="0" errors="0" time="0.023">
    <testcase time="0.0180000000000291" classname="tm_g_forest_rsp" name="template_forest_rsp_generates_correct_expressions"/>
    <testcase time="0.00500000000010914" classname="tm_g_forest_rsp" name="template_forest_rsp_generates_correct_expressions">
      <skipped message="Reason: On CRAN ('test-tm_g_forest_rsp.R:16:3')"/>
    </testcase>
  </testsuite>
  <testsuite name="tm_g_forest_tte" timestamp="2024-04-26T23:28:21Z" hostname="e757815382f9" tests="2" skipped="1" failures="0" errors="0" time="0.028">
    <testcase time="0.0229999999996835" classname="tm_g_forest_tte" name="template_forest_tte_generates_correct_expressions"/>
    <testcase time="0.00500000000010914" classname="tm_g_forest_tte" name="template_forest_tte_generates_correct_expressions">
      <skipped message="Reason: On CRAN ('test-tm_g_forest_tte.R:14:3')"/>
    </testcase>
  </testsuite>
  <testsuite name="tm_g_ipp" timestamp="2024-04-26T23:28:21Z" hostname="e757815382f9" tests="4" skipped="2" failures="0" errors="0" time="0.038">
    <testcase time="0.0170000000002801" classname="tm_g_ipp" name="template_g_ipp_works_as_expected_with_default_arguments"/>
    <testcase time="0.00399999999990541" classname="tm_g_ipp" name="template_g_ipp_works_as_expected_with_default_arguments">
      <skipped message="Reason: On CRAN ('test-tm_g_ipp.R:8:3')"/>
    </testcase>
    <testcase time="0.01299999999992" classname="tm_g_ipp" name="template_g_ipp_works_as_expected_with_non_default_arguments"/>
    <testcase time="0.00399999999990541" classname="tm_g_ipp" name="template_g_ipp_works_as_expected_with_non_default_arguments">
      <skipped message="Reason: On CRAN ('test-tm_g_ipp.R:30:3')"/>
    </testcase>
  </testsuite>
  <testsuite name="tm_g_km" timestamp="2024-04-26T23:28:21Z" hostname="e757815382f9" tests="6" skipped="3" failures="0" errors="0" time="0.058">
    <testcase time="0.0170000000002801" classname="tm_g_km" name="template_g_km_works_as_expected_with_default_arguments"/>
    <testcase time="0.00399999999990541" classname="tm_g_km" name="template_g_km_works_as_expected_with_default_arguments">
      <skipped message="Reason: On CRAN ('test-tm_g_km.R:5:3')"/>
    </testcase>
    <testcase time="0.0149999999998727" classname="tm_g_km" name="template_g_km_gives_correct_data_expression_when_we_want_to_compare_versus_reference_arms"/>
    <testcase time="0.00399999999990541" classname="tm_g_km" name="template_g_km_gives_correct_data_expression_when_we_want_to_compare_versus_reference_arms">
      <skipped message="Reason: On CRAN ('test-tm_g_km.R:16:3')"/>
    </testcase>
    <testcase time="0.0140000000001237" classname="tm_g_km" name="template_g_km_gives_correct_data_expression_when_we_want_to_combine_comparison_arms"/>
    <testcase time="0.00399999999990541" classname="tm_g_km" name="template_g_km_gives_correct_data_expression_when_we_want_to_combine_comparison_arms">
      <skipped message="Reason: On CRAN ('test-tm_g_km.R:28:3')"/>
    </testcase>
  </testsuite>
  <testsuite name="tm_g_lineplot" timestamp="2024-04-26T23:28:21Z" hostname="e757815382f9" tests="4" skipped="2" failures="0" errors="0" time="0.039">
    <testcase time="0.0170000000002801" classname="tm_g_lineplot" name="template_g_lineplot_works_as_expected_with_default_arguments"/>
    <testcase time="0.00399999999990541" classname="tm_g_lineplot" name="template_g_lineplot_works_as_expected_with_default_arguments">
      <skipped message="Reason: On CRAN ('test-tm_g_lineplot.R:5:3')"/>
    </testcase>
    <testcase time="0.0139999999996689" classname="tm_g_lineplot" name="template_g_lineplot_gives_correct_data_expression_with_custom_arguments"/>
    <testcase time="0.00400000000036016" classname="tm_g_lineplot" name="template_g_lineplot_gives_correct_data_expression_with_custom_arguments">
      <skipped message="Reason: On CRAN ('test-tm_g_lineplot.R:23:3')"/>
    </testcase>
  </testsuite>
  <testsuite name="tm_t_abnormality" timestamp="2024-04-26T23:28:21Z" hostname="e757815382f9" tests="6" skipped="3" failures="0" errors="0" time="0.066">
    <testcase time="0.0180000000000291" classname="tm_t_abnormality" name="template_abnormality_generates_correct_expressions_with_default_arguments"/>
    <testcase time="0.00399999999990541" classname="tm_t_abnormality" name="template_abnormality_generates_correct_expressions_with_default_arguments">
      <skipped message="Reason: On CRAN ('test-tm_t_abnormality.R:17:3')"/>
    </testcase>
    <testcase time="0.0149999999998727" classname="tm_t_abnormality" name="template_abnormality_generates_correct_expressions_with_custom_arguments"/>
    <testcase time="0.00399999999990541" classname="tm_t_abnormality" name="template_abnormality_generates_correct_expressions_with_custom_arguments">
      <skipped message="Reason: On CRAN ('test-tm_t_abnormality.R:39:3')"/>
    </testcase>
    <testcase time="0.0210000000001855" classname="tm_t_abnormality" name="template_abnormality_generates_correct_expressions_with_customized_na_level"/>
    <testcase time="0.00399999999990541" classname="tm_t_abnormality" name="template_abnormality_generates_correct_expressions_with_customized_na_level">
      <skipped message="Reason: On CRAN ('test-tm_t_abnormality.R:59:3')"/>
    </testcase>
  </testsuite>
  <testsuite name="tm_t_abnormality_by_worst_grade" timestamp="2024-04-26T23:28:21Z" hostname="e757815382f9" tests="5" skipped="2" failures="0" errors="0" time="0.073">
    <testcase time="0.0210000000001855" classname="tm_t_abnormality_by_worst_grade" name="template_abnormality_by_worst_grade_generates_correct_expressions_with_default_arguments"/>
    <testcase time="0.00499999999965439" classname="tm_t_abnormality_by_worst_grade" name="template_abnormality_by_worst_grade_generates_correct_expressions_with_default_arguments">
      <skipped message="Reason: On CRAN ('test-tm_t_abnormality_by_worst_grade.R:17:3')"/>
    </testcase>
    <testcase time="0.0160000000000764" classname="tm_t_abnormality_by_worst_grade" name="template_abnormality_by_worst_grade_generates_correct_expressions_with_custom_arguments"/>
    <testcase time="0.00500000000010914" classname="tm_t_abnormality_by_worst_grade" name="template_abnormality_by_worst_grade_generates_correct_expressions_with_custom_arguments">
      <skipped message="Reason: On CRAN ('test-tm_t_abnormality_by_worst_grade.R:36:3')"/>
    </testcase>
    <testcase time="0.0259999999998399" classname="tm_t_abnormality_by_worst_grade" name="template_abnormality_by_worst_grade_throws_an_error_when_ATOXGR_contains_NA_values"/>
  </testsuite>
  <testsuite name="tm_t_ancova" timestamp="2024-04-26T23:28:21Z" hostname="e757815382f9" tests="14" skipped="7" failures="0" errors="0" time="0.138">
    <testcase time="0.0130000000003747" classname="tm_t_ancova" name="template_ancova_generates_expressions_with_multiple_endpoints"/>
    <testcase time="0.00499999999965439" classname="tm_t_ancova" name="template_ancova_generates_expressions_with_multiple_endpoints">
      <skipped message="Reason: On CRAN ('test-tm_t_ancova.R:20:3')"/>
    </testcase>
    <testcase time="0.0150000000003274" classname="tm_t_ancova" name="template_ancova_generates_expressions_with_multiple_endpoints_with_combined_comparison_arms"/>
    <testcase time="0.00399999999990541" classname="tm_t_ancova" name="template_ancova_generates_expressions_with_multiple_endpoints_with_combined_comparison_arms">
      <skipped message="Reason: On CRAN ('test-tm_t_ancova.R:42:3')"/>
    </testcase>
    <testcase time="0.0160000000000764" classname="tm_t_ancova" name="template_ancova_generates_expressions_with_multiple_endpoints_with_combined_reference_arms"/>
    <testcase time="0.00399999999990541" classname="tm_t_ancova" name="template_ancova_generates_expressions_with_multiple_endpoints_with_combined_reference_arms">
      <skipped message="Reason: On CRAN ('test-tm_t_ancova.R:64:3')"/>
    </testcase>
    <testcase time="0.0149999999998727" classname="tm_t_ancova" name="template_ancova_generates_expressions_with_single_endpoint"/>
    <testcase time="0.00399999999990541" classname="tm_t_ancova" name="template_ancova_generates_expressions_with_single_endpoint">
      <skipped message="Reason: On CRAN ('test-tm_t_ancova.R:86:3')"/>
    </testcase>
    <testcase time="0.0150000000003274" classname="tm_t_ancova" name="template_ancova_generates_expressions_with_multiple_endpoints"/>
    <testcase time="0.00399999999990541" classname="tm_t_ancova" name="template_ancova_generates_expressions_with_multiple_endpoints">
      <skipped message="Reason: On CRAN ('test-tm_t_ancova.R:111:3')"/>
    </testcase>
    <testcase time="0.0149999999998727" classname="tm_t_ancova" name="template_ancova_generates_expressions_with_discrete_interaction_variable"/>
    <testcase time="0.00399999999990541" classname="tm_t_ancova" name="template_ancova_generates_expressions_with_discrete_interaction_variable">
      <skipped message="Reason: On CRAN ('test-tm_t_ancova.R:136:3')"/>
    </testcase>
    <testcase time="0.0199999999999818" classname="tm_t_ancova" name="template_ancova_generates_expressions_with_continuous_interaction_variable"/>
    <testcase time="0.00400000000036016" classname="tm_t_ancova" name="template_ancova_generates_expressions_with_continuous_interaction_variable">
      <skipped message="Reason: On CRAN ('test-tm_t_ancova.R:160:3')"/>
    </testcase>
  </testsuite>
  <testsuite name="tm_t_binary_outcome" timestamp="2024-04-26T23:28:21Z" hostname="e757815382f9" tests="16" skipped="8" failures="0" errors="0" time="0.152">
    <testcase time="0.0199999999999818" classname="tm_t_binary_outcome" name="template_binary_outcome_generates_standard_expressions"/>
    <testcase time="0.00399999999990541" classname="tm_t_binary_outcome" name="template_binary_outcome_generates_standard_expressions">
      <skipped message="Reason: On CRAN ('test-tm_t_binary_outcome.R:16:3')"/>
    </testcase>
    <testcase time="0.0149999999998727" classname="tm_t_binary_outcome" name="template_binary_outcome_generates_right_expressions_with_non_default"/>
    <testcase time="0.00399999999990541" classname="tm_t_binary_outcome" name="template_binary_outcome_generates_right_expressions_with_non_default">
      <skipped message="Reason: On CRAN ('test-tm_t_binary_outcome.R:35:3')"/>
    </testcase>
    <testcase time="0.0130000000003747" classname="tm_t_binary_outcome" name="template_binary_outcome_generates_expression_without_arm_comparison"/>
    <testcase time="0.00399999999990541" classname="tm_t_binary_outcome" name="template_binary_outcome_generates_expression_without_arm_comparison">
      <skipped message="Reason: On CRAN ('test-tm_t_binary_outcome.R:52:3')"/>
    </testcase>
    <testcase time="0.0149999999998727" classname="tm_t_binary_outcome" name="template_binary_outcome_generates_expression_with_non_default_controls_and_strata."/>
    <testcase time="0.00500000000010914" classname="tm_t_binary_outcome" name="template_binary_outcome_generates_expression_with_non_default_controls_and_strata.">
      <skipped message="Reason: On CRAN ('test-tm_t_binary_outcome.R:76:3')"/>
    </testcase>
    <testcase time="0.0139999999996689" classname="tm_t_binary_outcome" name="template_binary_outcome_can_combine_comparison_arms"/>
    <testcase time="0.00400000000036016" classname="tm_t_binary_outcome" name="template_binary_outcome_can_combine_comparison_arms">
      <skipped message="Reason: On CRAN ('test-tm_t_binary_outcome.R:94:3')"/>
    </testcase>
    <testcase time="0.0149999999998727" classname="tm_t_binary_outcome" name="template_binary_outcome_can_combine_comparison_arms_when_compare_arms_is_FALSE"/>
    <testcase time="0.00399999999990541" classname="tm_t_binary_outcome" name="template_binary_outcome_can_combine_comparison_arms_when_compare_arms_is_FALSE">
      <skipped message="Reason: On CRAN ('test-tm_t_binary_outcome.R:112:3')"/>
    </testcase>
    <testcase time="0.012000000000171" classname="tm_t_binary_outcome" name="split_col_expr_prepare_the_right_four_possible_expressions"/>
    <testcase time="0.00399999999990541" classname="tm_t_binary_outcome" name="split_col_expr_prepare_the_right_four_possible_expressions">
      <skipped message="Reason: On CRAN ('test-tm_t_binary_outcome.R:124:3')"/>
    </testcase>
    <testcase time="0.0149999999998727" classname="tm_t_binary_outcome" name="template_binary_outcome_can_combine_refs"/>
    <testcase time="0.00400000000036016" classname="tm_t_binary_outcome" name="template_binary_outcome_can_combine_refs">
      <skipped message="Reason: On CRAN ('test-tm_t_binary_outcome.R:141:3')"/>
    </testcase>
  </testsuite>
  <testsuite name="tm_t_coxreg" timestamp="2024-04-26T23:28:21Z" hostname="e757815382f9" tests="6" skipped="3" failures="0" errors="0" time="0.064">
    <testcase time="0.0239999999998872" classname="tm_t_coxreg" name="template_coxreg_generates_correct_univariate_cox_regression_expressions"/>
    <testcase time="0.00399999999990541" classname="tm_t_coxreg" name="template_coxreg_generates_correct_univariate_cox_regression_expressions">
      <skipped message="Reason: On CRAN ('test-tm_t_coxreg.R:21:3')"/>
    </testcase>
    <testcase time="0.0140000000001237" classname="tm_t_coxreg" name="template_coxreg_generates_correct_univariate_cox_regression_expressions_with_interactions"/>
    <testcase time="0.00299999999970169" classname="tm_t_coxreg" name="template_coxreg_generates_correct_univariate_cox_regression_expressions_with_interactions">
      <skipped message="Reason: On CRAN ('test-tm_t_coxreg.R:45:3')"/>
    </testcase>
    <testcase time="0.0150000000003274" classname="tm_t_coxreg" name="template_coxreg_generates_correct_multivariate_cox_regression_expressions"/>
    <testcase time="0.00399999999990541" classname="tm_t_coxreg" name="template_coxreg_generates_correct_multivariate_cox_regression_expressions">
      <skipped message="Reason: On CRAN ('test-tm_t_coxreg.R:63:3')"/>
    </testcase>
  </testsuite>
  <testsuite name="tm_t_events" timestamp="2024-04-26T23:28:21Z" hostname="e757815382f9" tests="12" skipped="6" failures="0" errors="0" time="0.122">
    <testcase time="0.0189999999997781" classname="tm_t_events" name="template_events_generates_correct_expressions"/>
    <testcase time="0.00400000000036016" classname="tm_t_events" name="template_events_generates_correct_expressions">
      <skipped message="Reason: On CRAN ('test-tm_t_events.R:15:3')"/>
    </testcase>
    <testcase time="0.0159999999996217" classname="tm_t_events" name="template_events_generates_correct_expressions_for_nested_columns"/>
    <testcase time="0.00500000000010914" classname="tm_t_events" name="template_events_generates_correct_expressions_for_nested_columns">
      <skipped message="Reason: On CRAN ('test-tm_t_events.R:32:3')"/>
    </testcase>
    <testcase time="0.0140000000001237" classname="tm_t_events" name="template_events_can_generate_customized_table"/>
    <testcase time="0.00399999999990541" classname="tm_t_events" name="template_events_can_generate_customized_table">
      <skipped message="Reason: On CRAN ('test-tm_t_events.R:50:3')"/>
    </testcase>
    <testcase time="0.0149999999998727" classname="tm_t_events" name="template_events_can_generate_customized_table_with_alphabetical_sorting"/>
    <testcase time="0.00400000000036016" classname="tm_t_events" name="template_events_can_generate_customized_table_with_alphabetical_sorting">
      <skipped message="Reason: On CRAN ('test-tm_t_events.R:69:3')"/>
    </testcase>
    <testcase time="0.0159999999996217" classname="tm_t_events" name="template_events_can_generate_customized_table_with_pruning"/>
    <testcase time="0.00400000000036016" classname="tm_t_events" name="template_events_can_generate_customized_table_with_pruning">
      <skipped message="Reason: On CRAN ('test-tm_t_events.R:89:3')"/>
    </testcase>
    <testcase time="0.0169999999998254" classname="tm_t_events" name="template_events_can_generate_customized_table_with_pruning_for_nested_column"/>
    <testcase time="0.00399999999990541" classname="tm_t_events" name="template_events_can_generate_customized_table_with_pruning_for_nested_column">
      <skipped message="Reason: On CRAN ('test-tm_t_events.R:109:3')"/>
    </testcase>
  </testsuite>
  <testsuite name="tm_t_events_by_grade" timestamp="2024-04-26T23:28:21Z" hostname="e757815382f9" tests="16" skipped="8" failures="0" errors="0" time="0.168">
    <testcase time="0.0210000000001855" classname="tm_t_events_by_grade" name="template_events_by_grade_generates_standard_expressions"/>
    <testcase time="0.00900000000001455" classname="tm_t_events_by_grade" name="template_events_by_grade_generates_standard_expressions">
      <skipped message="Reason: On CRAN ('test-tm_t_events_by_grade.R:17:3')"/>
    </testcase>
    <testcase time="0.0149999999998727" classname="tm_t_events_by_grade" name="template_events_by_grade_generates_standard_expressions_with_pruning_conditions"/>
    <testcase time="0.00500000000010914" classname="tm_t_events_by_grade" name="template_events_by_grade_generates_standard_expressions_with_pruning_conditions">
      <skipped message="Reason: On CRAN ('test-tm_t_events_by_grade.R:38:3')"/>
    </testcase>
    <testcase time="0.0140000000001237" classname="tm_t_events_by_grade" name="template_events_by_grade_without_adding_total_column_option_works_as_expected"/>
    <testcase time="0.00399999999990541" classname="tm_t_events_by_grade" name="template_events_by_grade_without_adding_total_column_option_works_as_expected">
      <skipped message="Reason: On CRAN ('test-tm_t_events_by_grade.R:57:3')"/>
    </testcase>
    <testcase time="0.0149999999998727" classname="tm_t_events_by_grade" name="template_events_by_grade_with_hlt_only_works"/>
    <testcase time="0.00399999999990541" classname="tm_t_events_by_grade" name="template_events_by_grade_with_hlt_only_works">
      <skipped message="Reason: On CRAN ('test-tm_t_events_by_grade.R:76:3')"/>
    </testcase>
    <testcase time="0.0170000000002801" classname="tm_t_events_by_grade" name="template_events_col_by_grade_generates_standard_expressions"/>
    <testcase time="0.00399999999990541" classname="tm_t_events_by_grade" name="template_events_col_by_grade_generates_standard_expressions">
      <skipped message="Reason: On CRAN ('test-tm_t_events_by_grade.R:95:3')"/>
    </testcase>
    <testcase time="0.0149999999998727" classname="tm_t_events_by_grade" name="template_events_col_by_grade_works_with_custom_values"/>
    <testcase time="0.00500000000010914" classname="tm_t_events_by_grade" name="template_events_col_by_grade_works_with_custom_values">
      <skipped message="Reason: On CRAN ('test-tm_t_events_by_grade.R:114:3')"/>
    </testcase>
    <testcase time="0.0160000000000764" classname="tm_t_events_by_grade" name="template_events_col_by_grade_without_adding_total_column_option_works_as_expected"/>
    <testcase time="0.00399999999990541" classname="tm_t_events_by_grade" name="template_events_col_by_grade_without_adding_total_column_option_works_as_expected">
      <skipped message="Reason: On CRAN ('test-tm_t_events_by_grade.R:133:3')"/>
    </testcase>
    <testcase time="0.0149999999998727" classname="tm_t_events_by_grade" name="template_events_col_by_grade_without_dropping_arm_levels_option_works_as_expected"/>
    <testcase time="0.00500000000010914" classname="tm_t_events_by_grade" name="template_events_col_by_grade_without_dropping_arm_levels_option_works_as_expected">
      <skipped message="Reason: On CRAN ('test-tm_t_events_by_grade.R:152:3')"/>
    </testcase>
  </testsuite>
  <testsuite name="tm_t_events_patyear" timestamp="2024-04-26T23:28:21Z" hostname="e757815382f9" tests="6" skipped="3" failures="0" errors="0" time="0.064">
    <testcase time="0.0180000000000291" classname="tm_t_events_patyear" name="template_events_patyear_generates_standard_expressions"/>
    <testcase time="0.00399999999990541" classname="tm_t_events_patyear" name="template_events_patyear_generates_standard_expressions">
      <skipped message="Reason: On CRAN ('test-tm_t_events_patyear.R:15:3')"/>
    </testcase>
    <testcase time="0.0149999999998727" classname="tm_t_events_patyear" name="template_events_patyear_generates_right_expressions_with_non_default"/>
    <testcase time="0.00900000000001455" classname="tm_t_events_patyear" name="template_events_patyear_generates_right_expressions_with_non_default">
      <skipped message="Reason: On CRAN ('test-tm_t_events_patyear.R:32:3')"/>
    </testcase>
    <testcase time="0.0140000000001237" classname="tm_t_events_patyear" name="template_events_patyear_generates_right_expressions_with_non_default_controls"/>
    <testcase time="0.00399999999990541" classname="tm_t_events_patyear" name="template_events_patyear_generates_right_expressions_with_non_default_controls">
      <skipped message="Reason: On CRAN ('test-tm_t_events_patyear.R:54:3')"/>
    </testcase>
  </testsuite>
  <testsuite name="tm_t_events_summary" timestamp="2024-04-26T23:28:22Z" hostname="e757815382f9" tests="4" skipped="2" failures="0" errors="0" time="0.044">
    <testcase time="0.0190000000002328" classname="tm_t_events_summary" name="template_events_summary_generates_minimal_table"/>
    <testcase time="0.00399999999990541" classname="tm_t_events_summary" name="template_events_summary_generates_minimal_table">
      <skipped message="Reason: On CRAN ('test-tm_t_events_summary.R:9:3')"/>
    </testcase>
    <testcase time="0.0160000000000764" classname="tm_t_events_summary" name="template_events_summary_generates_table_with_multiple_flags"/>
    <testcase time="0.00500000000010914" classname="tm_t_events_summary" name="template_events_summary_generates_table_with_multiple_flags">
      <skipped message="Reason: On CRAN ('test-tm_t_events_summary.R:26:3')"/>
    </testcase>
  </testsuite>
  <testsuite name="tm_t_exposure" timestamp="2024-04-26T23:28:22Z" hostname="e757815382f9" tests="6" skipped="3" failures="0" errors="0" time="0.054">
    <testcase time="0.0159999999996217" classname="tm_t_exposure" name="template_exposure_generates_correct_expressions_with_default_arguments"/>
    <testcase time="0.00400000000036016" classname="tm_t_exposure" name="template_exposure_generates_correct_expressions_with_default_arguments">
      <skipped message="Reason: On CRAN ('test-tm_t_exposure.R:17:3')"/>
    </testcase>
    <testcase time="0.01299999999992" classname="tm_t_exposure" name="template_exposure_generates_correct_expressions_with_custom_arguments"/>
    <testcase time="0.00399999999990541" classname="tm_t_exposure" name="template_exposure_generates_correct_expressions_with_custom_arguments">
      <skipped message="Reason: On CRAN ('test-tm_t_exposure.R:36:3')"/>
    </testcase>
    <testcase time="0.01299999999992" classname="tm_t_exposure" name="template_exposure_generates_correct_expressions_with_paramcd_label"/>
    <testcase time="0.00399999999990541" classname="tm_t_exposure" name="template_exposure_generates_correct_expressions_with_paramcd_label">
      <skipped message="Reason: On CRAN ('test-tm_t_exposure.R:56:3')"/>
    </testcase>
  </testsuite>
  <testsuite name="tm_t_logisitic" timestamp="2024-04-26T23:28:22Z" hostname="e757815382f9" tests="6" skipped="3" failures="0" errors="0" time="0.057">
    <testcase time="0.0180000000000291" classname="tm_t_logisitic" name="template_logistic_generates_correct_expressions"/>
    <testcase time="0.00399999999990541" classname="tm_t_logisitic" name="template_logistic_generates_correct_expressions">
      <skipped message="Reason: On CRAN ('test-tm_t_logisitic.R:19:3')"/>
    </testcase>
    <testcase time="0.0130000000003747" classname="tm_t_logisitic" name="template_logistic_generates_correct_expressions_for_no_arm_variable"/>
    <testcase time="0.00399999999990541" classname="tm_t_logisitic" name="template_logistic_generates_correct_expressions_for_no_arm_variable">
      <skipped message="Reason: On CRAN ('test-tm_t_logisitic.R:38:3')"/>
    </testcase>
    <testcase time="0.0140000000001237" classname="tm_t_logisitic" name="template_logistic_generates_correct_expressions"/>
    <testcase time="0.00399999999990541" classname="tm_t_logisitic" name="template_logistic_generates_correct_expressions">
      <skipped message="Reason: On CRAN ('test-tm_t_logisitic.R:59:3')"/>
    </testcase>
  </testsuite>
  <testsuite name="tm_t_mult_events" timestamp="2024-04-26T23:28:22Z" hostname="e757815382f9" tests="12" skipped="6" failures="0" errors="0" time="0.123">
    <testcase time="0.0239999999998872" classname="tm_t_mult_events" name="template_mult_events_generates_correct_expressions_with_1_HLT_parameter"/>
    <testcase time="0.00399999999990541" classname="tm_t_mult_events" name="template_mult_events_generates_correct_expressions_with_1_HLT_parameter">
      <skipped message="Reason: On CRAN ('test-tm_t_mult_events.R:15:3')"/>
    </testcase>
    <testcase time="0.0150000000003274" classname="tm_t_mult_events" name="template_mult_events_generates_correct_expressions_with_2_HLT_parameters_and_drop_arm_levels_FALSE"/>
    <testcase time="0.00399999999990541" classname="tm_t_mult_events" name="template_mult_events_generates_correct_expressions_with_2_HLT_parameters_and_drop_arm_levels_FALSE">
      <skipped message="Reason: On CRAN ('test-tm_t_mult_events.R:34:5')"/>
    </testcase>
    <testcase time="0.0149999999998727" classname="tm_t_mult_events" name="template_mult_events_generates_correct_expressions_with_3_HLT_parameters"/>
    <testcase time="0.00399999999990541" classname="tm_t_mult_events" name="template_mult_events_generates_correct_expressions_with_3_HLT_parameters">
      <skipped message="Reason: On CRAN ('test-tm_t_mult_events.R:52:3')"/>
    </testcase>
    <testcase time="0.0160000000000764" classname="tm_t_mult_events" name="template_mult_events_generates_correct_expressions_with_4_HLT_parameters"/>
    <testcase time="0.00399999999990541" classname="tm_t_mult_events" name="template_mult_events_generates_correct_expressions_with_4_HLT_parameters">
      <skipped message="Reason: On CRAN ('test-tm_t_mult_events.R:69:3')"/>
    </testcase>
    <testcase time="0.0140000000001237" classname="tm_t_mult_events" name="template_mult_events_generates_correct_expressions_with_no_HLT_parameters"/>
    <testcase time="0.00399999999990541" classname="tm_t_mult_events" name="template_mult_events_generates_correct_expressions_with_no_HLT_parameters">
      <skipped message="Reason: On CRAN ('test-tm_t_mult_events.R:86:3')"/>
    </testcase>
    <testcase time="0.0149999999998727" classname="tm_t_mult_events" name="template_mult_events_generates_correct_expressions_with_1_HLT_parameter_and_without_All_Patients_column"/>
    <testcase time="0.00400000000036016" classname="tm_t_mult_events" name="template_mult_events_generates_correct_expressions_with_1_HLT_parameter_and_without_All_Patients_column">
      <skipped message="Reason: On CRAN ('test-tm_t_mult_events.R:105:5')"/>
    </testcase>
  </testsuite>
  <testsuite name="tm_t_pp_medical_history" timestamp="2024-04-26T23:28:22Z" hostname="e757815382f9" tests="9" skipped="1" failures="0" errors="0" time="0.044">
    <testcase time="0.0169999999998254" classname="tm_t_pp_medical_history" name="template_medical_history_outputs_a_list_with_one_named_element"/>
    <testcase time="0.00199999999995271" classname="tm_t_pp_medical_history" name="template_medical_history_outputs_a_list_with_one_named_element"/>
    <testcase time="0.00100000000020373" classname="tm_t_pp_medical_history" name="template_medical_history_outputs_a_list_with_one_named_element"/>
    <testcase time="0.00299999999970169" classname="tm_t_pp_medical_history" name="template_medical_history_outputs_a_list_with_one_named_element"/>
    <testcase time="0.00500000000010914" classname="tm_t_pp_medical_history" name="template_medical_history_s_output_has_element_table_which_is_of_class_call"/>
    <testcase time="0.00199999999995271" classname="tm_t_pp_medical_history" name="template_medical_history_s_output_has_element_table_which_is_of_class_call"/>
    <testcase time="0.00700000000006185" classname="tm_t_pp_medical_history" name="template_medical_history_non_default_parameters"/>
    <testcase time="0.00199999999995271" classname="tm_t_pp_medical_history" name="template_medical_history_non_default_parameters"/>
    <testcase time="0.00500000000010914" classname="tm_t_pp_medical_history" name="template_medical_history_non_default_parameters">
      <skipped message="Reason: On CRAN ('test-tm_t_pp_medical_history.R:17:3')"/>
    </testcase>
  </testsuite>
  <testsuite name="tm_t_shift_by_arm" timestamp="2024-04-26T23:28:22Z" hostname="e757815382f9" tests="6" skipped="3" failures="0" errors="0" time="0.082">
    <testcase time="0.0239999999998872" classname="tm_t_shift_by_arm" name="template_shift_by_arm_generates_correct_expressions_with_default_arguments"/>
    <testcase time="0.00500000000010914" classname="tm_t_shift_by_arm" name="template_shift_by_arm_generates_correct_expressions_with_default_arguments">
      <skipped message="Reason: On CRAN ('test-tm_t_shift_by_arm.R:14:3')"/>
    </testcase>
    <testcase time="0.0199999999999818" classname="tm_t_shift_by_arm" name="template_shift_by_arm_generates_correct_expressions_with_add_total_being_TRUE"/>
    <testcase time="0.0119999999997162" classname="tm_t_shift_by_arm" name="template_shift_by_arm_generates_correct_expressions_with_add_total_being_TRUE">
      <skipped message="Reason: On CRAN ('test-tm_t_shift_by_arm.R:31:3')"/>
    </testcase>
    <testcase time="0.0160000000000764" classname="tm_t_shift_by_arm" name="template_shift_by_arm_generates_correct_expressions_with_na.rm_being_TRUE"/>
    <testcase time="0.00500000000010914" classname="tm_t_shift_by_arm" name="template_shift_by_arm_generates_correct_expressions_with_na.rm_being_TRUE">
      <skipped message="Reason: On CRAN ('test-tm_t_shift_by_arm.R:48:3')"/>
    </testcase>
  </testsuite>
  <testsuite name="tm_t_shift_by_arm_by_worst" timestamp="2024-04-26T23:28:22Z" hostname="e757815382f9" tests="6" skipped="3" failures="0" errors="0" time="0.068">
    <testcase time="0.0229999999996835" classname="tm_t_shift_by_arm_by_worst" name="template_shift_by_arm_generates_correct_expressions_with_default_arguments"/>
    <testcase time="0.00600000000031287" classname="tm_t_shift_by_arm_by_worst" name="template_shift_by_arm_generates_correct_expressions_with_default_arguments">
      <skipped message="Reason: On CRAN ('test-tm_t_shift_by_arm_by_worst.R:15:3')"/>
    </testcase>
    <testcase time="0.0160000000000764" classname="tm_t_shift_by_arm_by_worst" name="template_shift_by_arm_generates_correct_expressions_with_add_total_being_TRUE"/>
    <testcase time="0.00499999999965439" classname="tm_t_shift_by_arm_by_worst" name="template_shift_by_arm_generates_correct_expressions_with_add_total_being_TRUE">
      <skipped message="Reason: On CRAN ('test-tm_t_shift_by_arm_by_worst.R:33:3')"/>
    </testcase>
    <testcase time="0.0130000000003747" classname="tm_t_shift_by_arm_by_worst" name="template_shift_by_arm_generates_correct_expressions_with_na.rm_being_TRUE"/>
    <testcase time="0.00499999999965439" classname="tm_t_shift_by_arm_by_worst" name="template_shift_by_arm_generates_correct_expressions_with_na.rm_being_TRUE">
      <skipped message="Reason: On CRAN ('test-tm_t_shift_by_arm_by_worst.R:51:3')"/>
    </testcase>
  </testsuite>
  <testsuite name="tm_t_shift_by_grade" timestamp="2024-04-26T23:28:22Z" hostname="e757815382f9" tests="6" skipped="2" failures="0" errors="0" time="0.146">
    <testcase time="0.0210000000001855" classname="tm_t_shift_by_grade" name="template_shift_by_grade_generates_correct_expressions_with_default_arguments"/>
    <testcase time="0.00399999999990541" classname="tm_t_shift_by_grade" name="template_shift_by_grade_generates_correct_expressions_with_default_arguments">
      <skipped message="Reason: On CRAN ('test-tm_t_shift_by_grade.R:20:3')"/>
    </testcase>
    <testcase time="0.0149999999998727" classname="tm_t_shift_by_grade" name="template_shift_by_grade_generates_correct_expressions_with_custom_arguments"/>
    <testcase time="0.00500000000010914" classname="tm_t_shift_by_grade" name="template_shift_by_grade_generates_correct_expressions_with_custom_arguments">
      <skipped message="Reason: On CRAN ('test-tm_t_shift_by_grade.R:42:3')"/>
    </testcase>
    <testcase time="0.0149999999998727" classname="tm_t_shift_by_grade" name="template_shift_by_grade_throws_an_error_when_worst_flag_var_is_not_one_of_WGRLOVFL_WGRLOFL_WGRHIVFL_WGRHIFL"/>
    <testcase time="0.0860000000002401" classname="tm_t_shift_by_grade" name="template_shift_by_grade_keeps_the_same_number_of_missing_data_Missing_after_preprocessing"/>
  </testsuite>
  <testsuite name="tm_t_smq" timestamp="2024-04-26T23:28:22Z" hostname="e757815382f9" tests="4" skipped="2" failures="0" errors="0" time="0.036">
    <testcase time="0.012000000000171" classname="tm_t_smq" name="template_smq_generates_correct_expressions_with_default_arguments"/>
    <testcase time="0.00499999999965439" classname="tm_t_smq" name="template_smq_generates_correct_expressions_with_default_arguments">
      <skipped message="Reason: On CRAN ('test-tm_t_smq.R:17:3')"/>
    </testcase>
    <testcase time="0.0150000000003274" classname="tm_t_smq" name="template_smq_generates_correct_expressions_with_custom_arguments"/>
    <testcase time="0.00399999999990541" classname="tm_t_smq" name="template_smq_generates_correct_expressions_with_custom_arguments">
      <skipped message="Reason: On CRAN ('test-tm_t_smq.R:36:3')"/>
    </testcase>
  </testsuite>
  <testsuite name="tm_t_summary" timestamp="2024-04-26T23:28:22Z" hostname="e757815382f9" tests="10" skipped="5" failures="0" errors="0" time="0.098">
    <testcase time="0.0180000000000291" classname="tm_t_summary" name="template_summary_generates_correct_expressions"/>
    <testcase time="0.00399999999990541" classname="tm_t_summary" name="template_summary_generates_correct_expressions">
      <skipped message="Reason: On CRAN ('test-tm_t_summary.R:16:3')"/>
    </testcase>
    <testcase time="0.0140000000001237" classname="tm_t_summary" name="template_summary_can_generate_customized_table"/>
    <testcase time="0.00399999999990541" classname="tm_t_summary" name="template_summary_can_generate_customized_table">
      <skipped message="Reason: On CRAN ('test-tm_t_summary.R:34:3')"/>
    </testcase>
    <testcase time="0.0160000000000764" classname="tm_t_summary" name="template_summary_generates_correct_expressions_for_multiple_grouping_variables"/>
    <testcase time="0.00399999999990541" classname="tm_t_summary" name="template_summary_generates_correct_expressions_for_multiple_grouping_variables">
      <skipped message="Reason: On CRAN ('test-tm_t_summary.R:52:3')"/>
    </testcase>
    <testcase time="0.0149999999998727" classname="tm_t_summary" name="template_summary_generates_correct_expressions_for_multiple_grouping_variables_and_all_patients"/>
    <testcase time="0.00399999999990541" classname="tm_t_summary" name="template_summary_generates_correct_expressions_for_multiple_grouping_variables_and_all_patients">
      <skipped message="Reason: On CRAN ('test-tm_t_summary.R:72:5')"/>
    </testcase>
    <testcase time="0.0149999999998727" classname="tm_t_summary" name="template_summary_generates_correct_expressions_for_customized_numeric_statistics"/>
    <testcase time="0.00399999999990541" classname="tm_t_summary" name="template_summary_generates_correct_expressions_for_customized_numeric_statistics">
      <skipped message="Reason: On CRAN ('test-tm_t_summary.R:92:3')"/>
    </testcase>
  </testsuite>
  <testsuite name="tm_t_summary_by" timestamp="2024-04-26T23:28:22Z" hostname="e757815382f9" tests="10" skipped="5" failures="0" errors="0" time="0.103">
    <testcase time="0.0199999999999818" classname="tm_t_summary_by" name="template_summary_by_generates_correct_expressions"/>
    <testcase time="0.00400000000036016" classname="tm_t_summary_by" name="template_summary_by_generates_correct_expressions">
      <skipped message="Reason: On CRAN ('test-tm_t_summary_by.R:17:3')"/>
    </testcase>
    <testcase time="0.0139999999996689" classname="tm_t_summary_by" name="template_summary_by_generates_correct_expressions_when_parallel_vars_is_true"/>
    <testcase time="0.0100000000002183" classname="tm_t_summary_by" name="template_summary_by_generates_correct_expressions_when_parallel_vars_is_true">
      <skipped message="Reason: On CRAN ('test-tm_t_summary_by.R:37:3')"/>
    </testcase>
    <testcase time="0.0149999999998727" classname="tm_t_summary_by" name="template_summary_by_generates_correct_expressions_when_row_groups_is_true"/>
    <testcase time="0.00399999999990541" classname="tm_t_summary_by" name="template_summary_by_generates_correct_expressions_when_row_groups_is_true">
      <skipped message="Reason: On CRAN ('test-tm_t_summary_by.R:58:3')"/>
    </testcase>
    <testcase time="0.0140000000001237" classname="tm_t_summary_by" name="template_summary_by_generates_correct_expressions_for_customized_numeric_statistics"/>
    <testcase time="0.00399999999990541" classname="tm_t_summary_by" name="template_summary_by_generates_correct_expressions_for_customized_numeric_statistics">
      <skipped message="Reason: On CRAN ('test-tm_t_summary_by.R:78:3')"/>
    </testcase>
    <testcase time="0.0140000000001237" classname="tm_t_summary_by" name="template_summary_by_generates_correct_expressions_for_drop_zero_levels_is_true"/>
    <testcase time="0.00399999999990541" classname="tm_t_summary_by" name="template_summary_by_generates_correct_expressions_for_drop_zero_levels_is_true">
      <skipped message="Reason: On CRAN ('test-tm_t_summary_by.R:97:3')"/>
    </testcase>
  </testsuite>
  <testsuite name="tm_t_tte" timestamp="2024-04-26T23:28:22Z" hostname="e757815382f9" tests="8" skipped="4" failures="0" errors="0" time="0.081">
    <testcase time="0.0190000000002328" classname="tm_t_tte" name="template_tte_produces_healthy_standard_output"/>
    <testcase time="0.00399999999990541" classname="tm_t_tte" name="template_tte_produces_healthy_standard_output">
      <skipped message="Reason: On CRAN ('test-tm_t_tte.R:25:3')"/>
    </testcase>
    <testcase time="0.0149999999998727" classname="tm_t_tte" name="template_tte_produces_correct_data_expression_when_not_comparing_arms"/>
    <testcase time="0.00399999999990541" classname="tm_t_tte" name="template_tte_produces_correct_data_expression_when_not_comparing_arms">
      <skipped message="Reason: On CRAN ('test-tm_t_tte.R:52:3')"/>
    </testcase>
    <testcase time="0.0150000000003274" classname="tm_t_tte" name="template_tte_produces_correct_data_expression_when_comparing_and_combining_arms"/>
    <testcase time="0.00399999999990541" classname="tm_t_tte" name="template_tte_produces_correct_data_expression_when_comparing_and_combining_arms">
      <skipped message="Reason: On CRAN ('test-tm_t_tte.R:79:3')"/>
    </testcase>
    <testcase time="0.0160000000000764" classname="tm_t_tte" name="template_tte_produces_correct_data_expression_when_comparing_arms"/>
    <testcase time="0.00399999999990541" classname="tm_t_tte" name="template_tte_produces_correct_data_expression_when_comparing_arms">
      <skipped message="Reason: On CRAN ('test-tm_t_tte.R:106:3')"/>
    </testcase>
  </testsuite>
  <testsuite name="utils" timestamp="2024-04-26T23:28:23Z" hostname="e757815382f9" tests="50" skipped="11" failures="0" errors="0" time="0.367">
    <testcase time="0.0169999999998254" classname="utils" name="h_concat_expr_returns_a_string_for_long_expression"/>
    <testcase time="0.00400000000036016" classname="utils" name="h_concat_expr_returns_a_string_for_long_expression">
      <skipped message="Reason: On CRAN ('test-utils.R:13:3')"/>
    </testcase>
    <testcase time="0.01299999999992" classname="utils" name="pipe_expr_concatenate_expressions_into_a_single_pipeline_"/>
    <testcase time="0.00399999999990541" classname="utils" name="add_expr_adds_expressions_to_expression_list"/>
    <testcase time="0.00399999999990541" classname="utils" name="add_expr_adds_expressions_to_expression_list">
      <skipped message="Reason: On CRAN ('test-utils.R:44:3')"/>
    </testcase>
    <testcase time="0.0190000000002328" classname="utils" name="add_expr_manages_expression_list_which_can_be_used_by_pipe_expr"/>
    <testcase time="0.00399999999990541" classname="utils" name="add_expr_manages_expression_list_which_can_be_used_by_pipe_expr">
      <skipped message="Reason: On CRAN ('test-utils.R:65:3')"/>
    </testcase>
    <testcase time="0.0140000000001237" classname="utils" name="bracket_expr_concatenates_expressions_into_a_single_expression"/>
    <testcase time="0.00299999999970169" classname="utils" name="bracket_expr_concatenates_expressions_into_a_single_expression">
      <skipped message="Reason: On CRAN ('test-utils.R:83:3')"/>
    </testcase>
    <testcase time="0.0140000000001237" classname="utils" name="bracket_expr_returns_a_single_evaluable_expression"/>
    <testcase time="0.00399999999990541" classname="utils" name="bracket_expr_returns_a_single_evaluable_expression">
      <skipped message="Reason: On CRAN ('test-utils.R:91:3')"/>
    </testcase>
    <testcase time="0.01299999999992" classname="utils" name="prepare_arm_with_standard_inputs"/>
    <testcase time="0.00400000000036016" classname="utils" name="prepare_arm_with_standard_inputs">
      <skipped message="Reason: On CRAN ('test-utils.R:104:3')"/>
    </testcase>
    <testcase time="0.01299999999992" classname="utils" name="prepare_arm_combine_ref_arms"/>
    <testcase time="0.00399999999990541" classname="utils" name="prepare_arm_combine_ref_arms">
      <skipped message="Reason: On CRAN ('test-utils.R:116:3')"/>
    </testcase>
    <testcase time="0.01299999999992" classname="utils" name="prepare_arm_combine_ref_arms_and_use_new_level"/>
    <testcase time="0.00300000000015643" classname="utils" name="prepare_arm_combine_ref_arms_and_use_new_level">
      <skipped message="Reason: On CRAN ('test-utils.R:129:3')"/>
    </testcase>
    <testcase time="0.0140000000001237" classname="utils" name="prepare_arm_does_not_do_anything_when_we_don_t_want_to_compare_or_drop_arms"/>
    <testcase time="0.00199999999995271" classname="utils" name="prepare_arm_does_not_do_anything_when_we_don_t_want_to_compare_or_drop_arms"/>
    <testcase time="0.00499999999965439" classname="utils" name="prepare_arm_levels_with_standard_inputs"/>
    <testcase time="0.00400000000036016" classname="utils" name="prepare_arm_levels_with_standard_inputs">
      <skipped message="Reason: On CRAN ('test-utils.R:168:3')"/>
    </testcase>
    <testcase time="0.01299999999992" classname="utils" name="prepare_arm_levels_can_use_parentname_arm_levels"/>
    <testcase time="0.00399999999990541" classname="utils" name="prepare_arm_levels_can_use_parentname_arm_levels">
      <skipped message="Reason: On CRAN ('test-utils.R:180:3')"/>
    </testcase>
    <testcase time="0.012000000000171" classname="utils" name="color_lab_values_main"/>
    <testcase time="0.00399999999990541" classname="utils" name="color_lab_values_main">
      <skipped message="Reason: On CRAN ('test-utils.R:188:3')"/>
    </testcase>
    <testcase time="0.0140000000001237" classname="utils" name="color_lab_values_neutral_for_none_characters"/>
    <testcase time="0.00199999999995271" classname="utils" name="color_lab_values_neutral_for_none_characters"/>
    <testcase time="0.00700000000006185" classname="utils" name="clean_description"/>
    <testcase time="0.00299999999970169" classname="utils" name="clean_description"/>
    <testcase time="0.012000000000171" classname="utils" name="get_g_forest_obj_var_name"/>
    <testcase time="0.00599999999985812" classname="utils" name="cs_to_select_spec_single_choices_selected_is_converted_to_select_spec"/>
    <testcase time="0.00599999999985812" classname="utils" name="cs_to_select_spec_single_choices_selected_is_converted_to_select_spec_with_multiple_TRUE"/>
    <testcase time="0.00700000000006185" classname="utils" name="cs_to_select_spec_single_choices_selected_is_converted_to_select_spec_with_ordered_TRUE"/>
    <testcase time="0.00700000000006185" classname="utils" name="cs_to_select_spec_accepts_choices_selected_only"/>
    <testcase time="0.00800000000026557" classname="utils" name="cs_to_select_spec_accepts_multiple_as_flag_only"/>
    <testcase time="0.00799999999981083" classname="utils" name="cs_to_select_spec_accepts_ordered_as_flag_only"/>
    <testcase time="0.00799999999981083" classname="utils" name="cs_to_filter_spec_fails_if_doesn_t_have_var_choices"/>
    <testcase time="0.012000000000171" classname="utils" name="cs_to_filter_spec_creates_filter_spec_from_choices_selected"/>
    <testcase time="0.00700000000006185" classname="utils" name="cs_to_des_select_creates_data_extract_spec_with_single_select_and_no_filter"/>
    <testcase time="0.00599999999985812" classname="utils" name="cs_to_des_select_returns_the_input_if_data_extract_spec_is_provided"/>
    <testcase time="0.00700000000006185" classname="utils" name="cs_to_des_select_creates_data_extract_spec_with_multiple_TRUE"/>
    <testcase time="0.00599999999985812" classname="utils" name="cs_to_des_select_creates_data_extract_spec_with_ordered_TRUE"/>
    <testcase time="0.00600000000031287" classname="utils" name="as_numeric_from_comma_sep_str_returns_NULL_if_blank_string_or_NULL_entered"/>
    <testcase time="0.00199999999995271" classname="utils" name="as_numeric_from_comma_sep_str_returns_NULL_if_blank_string_or_NULL_entered"/>
    <testcase time="0.00599999999985812" classname="utils" name="as_numeric_from_comma_sep_str_returns_numeric_vector_of_numbers"/>
    <testcase time="0.00300000000015643" classname="utils" name="as_numeric_from_comma_sep_str_returns_numeric_vector_of_numbers"/>
    <testcase time="0.00500000000010914" classname="utils" name="as_numeric_from_comma_sep_str_respects_sep_argument"/>
    <testcase time="0.00299999999970169" classname="utils" name="as_numeric_from_comma_sep_str_respects_sep_argument"/>
    <testcase time="0.00500000000010914" classname="utils" name="default_total_label_works_properly"/>
    <testcase time="0.00300000000015643" classname="utils" name="default_total_label_works_properly"/>
  </testsuite>
  <testsuite name="validate_standard_inputs" timestamp="2024-04-26T23:28:23Z" hostname="e757815382f9" tests="6" skipped="0" failures="0" errors="0" time="0.033">
    <testcase time="0.0109999999999673" classname="validate_standard_inputs" name="validate_arm_throws_shiny_error_if_arm_vec_is_not_a_factor"/>
    <testcase time="0.00399999999990541" classname="validate_standard_inputs" name="validate_arm_throws_shiny_error_if_arm_vec_is_not_a_factor"/>
    <testcase time="0.00799999999981083" classname="validate_standard_inputs" name="validate_arm_throws_specific_shiny_error_if_arm_vec_has_just_whitespace_strings"/>
    <testcase time="0.00400000000036016" classname="validate_standard_inputs" name="validate_arm_throws_specific_shiny_error_if_arm_vec_has_just_whitespace_strings"/>
    <testcase time="0.00499999999965439" classname="validate_standard_inputs" name="validate_arm_throws_no_error_if_arm_vec_is_a_factor"/>
    <testcase time="0.00100000000020373" classname="validate_standard_inputs" name="validate_arm_throws_no_error_if_arm_vec_is_a_factor"/>
  </testsuite>
</testsuites>
