<?xml version="1.0" encoding="UTF-8"?>
<testsuites>
  <testsuite name="examples" timestamp="2024-04-26T17:20:31Z" hostname="8dad1054ab36" tests="110" skipped="110" failures="0" errors="0" time="1.666">
    <testcase time="0.0100000000000002" classname="examples" name="example_add_expr.Rd">
      <skipped message="Reason: On CRAN ('test-examples.R:120:7')"/>
    </testcase>
    <testcase time="0.056" classname="examples" name="example_arm_ref_comp_observer.Rd">
      <skipped message="Reason: On CRAN ('test-examples.R:120:7')"/>
    </testcase>
    <testcase time="0.0349999999999997" classname="examples" name="example_as_num.Rd">
      <skipped message="Reason: On CRAN ('test-examples.R:120:7')"/>
    </testcase>
    <testcase time="0.0169999999999999" classname="examples" name="example_bracket_expr.Rd">
      <skipped message="Reason: On CRAN ('test-examples.R:120:7')"/>
    </testcase>
    <testcase time="0.0170000000000003" classname="examples" name="example_call_concatenate.Rd">
      <skipped message="Reason: On CRAN ('test-examples.R:120:7')"/>
    </testcase>
    <testcase time="0.0169999999999999" classname="examples" name="example_check_arm_ref_comp.Rd">
      <skipped message="Reason: On CRAN ('test-examples.R:120:7')"/>
    </testcase>
    <testcase time="0.016" classname="examples" name="example_clean_description.Rd">
      <skipped message="Reason: On CRAN ('test-examples.R:120:7')"/>
    </testcase>
    <testcase time="0.0169999999999999" classname="examples" name="example_color_lab_values.Rd">
      <skipped message="Reason: On CRAN ('test-examples.R:120:7')"/>
    </testcase>
    <testcase time="0.016" classname="examples" name="example_column_annotation_label.Rd">
      <skipped message="Reason: On CRAN ('test-examples.R:120:7')"/>
    </testcase>
    <testcase time="0.016" classname="examples" name="example_control_tte.Rd">
      <skipped message="Reason: On CRAN ('test-examples.R:120:7')"/>
    </testcase>
    <testcase time="0.0169999999999999" classname="examples" name="example_cs_to_des_filter.Rd">
      <skipped message="Reason: On CRAN ('test-examples.R:120:7')"/>
    </testcase>
    <testcase time="0.0169999999999999" classname="examples" name="example_cs_to_des_select.Rd">
      <skipped message="Reason: On CRAN ('test-examples.R:120:7')"/>
    </testcase>
    <testcase time="0.0180000000000002" classname="examples" name="example_cs_to_filter_spec.Rd">
      <skipped message="Reason: On CRAN ('test-examples.R:120:7')"/>
    </testcase>
    <testcase time="0.0169999999999999" classname="examples" name="example_cs_to_select_spec.Rd">
      <skipped message="Reason: On CRAN ('test-examples.R:120:7')"/>
    </testcase>
    <testcase time="0.0180000000000002" classname="examples" name="example_default_total_label.Rd">
      <skipped message="Reason: On CRAN ('test-examples.R:120:7')"/>
    </testcase>
    <testcase time="0.0189999999999997" classname="examples" name="example_ex_data.Rd">
      <skipped message="Reason: On CRAN ('test-examples.R:120:7')"/>
    </testcase>
    <testcase time="0.0170000000000003" classname="examples" name="example_extract_input.Rd">
      <skipped message="Reason: On CRAN ('test-examples.R:120:7')"/>
    </testcase>
    <testcase time="0.0169999999999999" classname="examples" name="example_facet_grid_formula.Rd">
      <skipped message="Reason: On CRAN ('test-examples.R:120:7')"/>
    </testcase>
    <testcase time="0.032" classname="examples" name="example_get_g_forest_obj_var_name.Rd">
      <skipped message="Reason: On CRAN ('test-examples.R:120:7')"/>
    </testcase>
    <testcase time="0.0139999999999998" classname="examples" name="example_get_paramcd_label.Rd">
      <skipped message="Reason: On CRAN ('test-examples.R:120:7')"/>
    </testcase>
    <testcase time="0.0129999999999999" classname="examples" name="example_get_var_labels.Rd">
      <skipped message="Reason: On CRAN ('test-examples.R:120:7')"/>
    </testcase>
    <testcase time="0.0140000000000002" classname="examples" name="example_h_concat_expr.Rd">
      <skipped message="Reason: On CRAN ('test-examples.R:120:7')"/>
    </testcase>
    <testcase time="0.0150000000000001" classname="examples" name="example_is.cs_or_des.Rd">
      <skipped message="Reason: On CRAN ('test-examples.R:120:7')"/>
    </testcase>
    <testcase time="0.0139999999999998" classname="examples" name="example_make_barchart_simple_call.Rd">
      <skipped message="Reason: On CRAN ('test-examples.R:120:7')"/>
    </testcase>
    <testcase time="0.0129999999999999" classname="examples" name="example_module_arguments.Rd">
      <skipped message="Reason: On CRAN ('test-examples.R:120:7')"/>
    </testcase>
    <testcase time="0.0129999999999999" classname="examples" name="example_pipe_expr.Rd">
      <skipped message="Reason: On CRAN ('test-examples.R:120:7')"/>
    </testcase>
    <testcase time="0.0139999999999998" classname="examples" name="example_prepare_arm.Rd">
      <skipped message="Reason: On CRAN ('test-examples.R:120:7')"/>
    </testcase>
    <testcase time="0.0140000000000002" classname="examples" name="example_prepare_arm_levels.Rd">
      <skipped message="Reason: On CRAN ('test-examples.R:120:7')"/>
    </testcase>
    <testcase time="0.0149999999999997" classname="examples" name="example_split_choices.Rd">
      <skipped message="Reason: On CRAN ('test-examples.R:120:7')"/>
    </testcase>
    <testcase time="0.0150000000000001" classname="examples" name="example_split_col_expr.Rd">
      <skipped message="Reason: On CRAN ('test-examples.R:120:7')"/>
    </testcase>
    <testcase time="0.0140000000000002" classname="examples" name="example_split_interactions.Rd">
      <skipped message="Reason: On CRAN ('test-examples.R:120:7')"/>
    </testcase>
    <testcase time="0.0139999999999998" classname="examples" name="example_substitute_names.Rd">
      <skipped message="Reason: On CRAN ('test-examples.R:120:7')"/>
    </testcase>
    <testcase time="0.0140000000000002" classname="examples" name="example_substitute_q.Rd">
      <skipped message="Reason: On CRAN ('test-examples.R:120:7')"/>
    </testcase>
    <testcase time="0.0139999999999998" classname="examples" name="example_teal.modules.clinical_package.Rd">
      <skipped message="Reason: On CRAN ('test-examples.R:120:7')"/>
    </testcase>
    <testcase time="0.0140000000000002" classname="examples" name="example_template_a_gee.Rd">
      <skipped message="Reason: On CRAN ('test-examples.R:120:7')"/>
    </testcase>
    <testcase time="0.0149999999999997" classname="examples" name="example_template_abnormality.Rd">
      <skipped message="Reason: On CRAN ('test-examples.R:120:7')"/>
    </testcase>
    <testcase time="0.0140000000000002" classname="examples" name="example_template_abnormality_by_worst_grade.Rd">
      <skipped message="Reason: On CRAN ('test-examples.R:120:7')"/>
    </testcase>
    <testcase time="0.0139999999999998" classname="examples" name="example_template_adverse_events.Rd">
      <skipped message="Reason: On CRAN ('test-examples.R:120:7')"/>
    </testcase>
    <testcase time="0.016" classname="examples" name="example_template_ancova.Rd">
      <skipped message="Reason: On CRAN ('test-examples.R:120:7')"/>
    </testcase>
    <testcase time="0.0140000000000002" classname="examples" name="example_template_arguments.Rd">
      <skipped message="Reason: On CRAN ('test-examples.R:120:7')"/>
    </testcase>
    <testcase time="0.0139999999999998" classname="examples" name="example_template_basic_info.Rd">
      <skipped message="Reason: On CRAN ('test-examples.R:120:7')"/>
    </testcase>
    <testcase time="0.0190000000000001" classname="examples" name="example_template_binary_outcome.Rd">
      <skipped message="Reason: On CRAN ('test-examples.R:120:7')"/>
    </testcase>
    <testcase time="0.0139999999999998" classname="examples" name="example_template_coxreg_m.Rd">
      <skipped message="Reason: On CRAN ('test-examples.R:120:7')"/>
    </testcase>
    <testcase time="0.0130000000000003" classname="examples" name="example_template_coxreg_u.Rd">
      <skipped message="Reason: On CRAN ('test-examples.R:120:7')"/>
    </testcase>
    <testcase time="0.0139999999999998" classname="examples" name="example_template_events.Rd">
      <skipped message="Reason: On CRAN ('test-examples.R:120:7')"/>
    </testcase>
    <testcase time="0.0139999999999998" classname="examples" name="example_template_events_by_grade.Rd">
      <skipped message="Reason: On CRAN ('test-examples.R:120:7')"/>
    </testcase>
    <testcase time="0.0130000000000003" classname="examples" name="example_template_events_col_by_grade.Rd">
      <skipped message="Reason: On CRAN ('test-examples.R:120:7')"/>
    </testcase>
    <testcase time="0.0139999999999998" classname="examples" name="example_template_events_patyear.Rd">
      <skipped message="Reason: On CRAN ('test-examples.R:120:7')"/>
    </testcase>
    <testcase time="0.0130000000000003" classname="examples" name="example_template_events_summary.Rd">
      <skipped message="Reason: On CRAN ('test-examples.R:120:7')"/>
    </testcase>
    <testcase time="0.0129999999999999" classname="examples" name="example_template_exposure.Rd">
      <skipped message="Reason: On CRAN ('test-examples.R:120:7')"/>
    </testcase>
    <testcase time="0.0150000000000001" classname="examples" name="example_template_fit_mmrm.Rd">
      <skipped message="Reason: On CRAN ('test-examples.R:120:7')"/>
    </testcase>
    <testcase time="0.0139999999999998" classname="examples" name="example_template_forest_rsp.Rd">
      <skipped message="Reason: On CRAN ('test-examples.R:120:7')"/>
    </testcase>
    <testcase time="0.0140000000000002" classname="examples" name="example_template_forest_tte.Rd">
      <skipped message="Reason: On CRAN ('test-examples.R:120:7')"/>
    </testcase>
    <testcase time="0.0129999999999999" classname="examples" name="example_template_g_ci.Rd">
      <skipped message="Reason: On CRAN ('test-examples.R:120:7')"/>
    </testcase>
    <testcase time="0.0129999999999999" classname="examples" name="example_template_g_ipp.Rd">
      <skipped message="Reason: On CRAN ('test-examples.R:120:7')"/>
    </testcase>
    <testcase time="0.0140000000000002" classname="examples" name="example_template_g_km.Rd">
      <skipped message="Reason: On CRAN ('test-examples.R:120:7')"/>
    </testcase>
    <testcase time="0.0139999999999998" classname="examples" name="example_template_g_lineplot.Rd">
      <skipped message="Reason: On CRAN ('test-examples.R:120:7')"/>
    </testcase>
    <testcase time="0.0140000000000002" classname="examples" name="example_template_laboratory.Rd">
      <skipped message="Reason: On CRAN ('test-examples.R:120:7')"/>
    </testcase>
    <testcase time="0.0139999999999998" classname="examples" name="example_template_logistic.Rd">
      <skipped message="Reason: On CRAN ('test-examples.R:120:7')"/>
    </testcase>
    <testcase time="0.0140000000000002" classname="examples" name="example_template_medical_history.Rd">
      <skipped message="Reason: On CRAN ('test-examples.R:120:7')"/>
    </testcase>
    <testcase time="0.0139999999999998" classname="examples" name="example_template_mult_events.Rd">
      <skipped message="Reason: On CRAN ('test-examples.R:120:7')"/>
    </testcase>
    <testcase time="0.0140000000000002" classname="examples" name="example_template_patient_timeline.Rd">
      <skipped message="Reason: On CRAN ('test-examples.R:120:7')"/>
    </testcase>
    <testcase time="0.0149999999999997" classname="examples" name="example_template_prior_medication.Rd">
      <skipped message="Reason: On CRAN ('test-examples.R:120:7')"/>
    </testcase>
    <testcase time="0.0129999999999999" classname="examples" name="example_template_shift_by_arm.Rd">
      <skipped message="Reason: On CRAN ('test-examples.R:120:7')"/>
    </testcase>
    <testcase time="0.0190000000000001" classname="examples" name="example_template_shift_by_arm_by_worst.Rd">
      <skipped message="Reason: On CRAN ('test-examples.R:120:7')"/>
    </testcase>
    <testcase time="0.0129999999999999" classname="examples" name="example_template_shift_by_grade.Rd">
      <skipped message="Reason: On CRAN ('test-examples.R:120:7')"/>
    </testcase>
    <testcase time="0.0130000000000003" classname="examples" name="example_template_smq.Rd">
      <skipped message="Reason: On CRAN ('test-examples.R:120:7')"/>
    </testcase>
    <testcase time="0.0139999999999998" classname="examples" name="example_template_summary.Rd">
      <skipped message="Reason: On CRAN ('test-examples.R:120:7')"/>
    </testcase>
    <testcase time="0.0129999999999999" classname="examples" name="example_template_summary_by.Rd">
      <skipped message="Reason: On CRAN ('test-examples.R:120:7')"/>
    </testcase>
    <testcase time="0.0140000000000002" classname="examples" name="example_template_therapy.Rd">
      <skipped message="Reason: On CRAN ('test-examples.R:120:7')"/>
    </testcase>
    <testcase time="0.0139999999999998" classname="examples" name="example_template_tte.Rd">
      <skipped message="Reason: On CRAN ('test-examples.R:120:7')"/>
    </testcase>
    <testcase time="0.0140000000000002" classname="examples" name="example_template_vitals.Rd">
      <skipped message="Reason: On CRAN ('test-examples.R:120:7')"/>
    </testcase>
    <testcase time="0.0139999999999998" classname="examples" name="example_tm_a_gee.Rd">
      <skipped message="Reason: On CRAN ('test-examples.R:120:7')"/>
    </testcase>
    <testcase time="0.0140000000000002" classname="examples" name="example_tm_a_mmrm.Rd">
      <skipped message="Reason: On CRAN ('test-examples.R:120:7')"/>
    </testcase>
    <testcase time="0.0139999999999998" classname="examples" name="example_tm_g_barchart_simple.Rd">
      <skipped message="Reason: On CRAN ('test-examples.R:120:7')"/>
    </testcase>
    <testcase time="0.0140000000000002" classname="examples" name="example_tm_g_ci.Rd">
      <skipped message="Reason: On CRAN ('test-examples.R:120:7')"/>
    </testcase>
    <testcase time="0.0139999999999998" classname="examples" name="example_tm_g_forest_rsp.Rd">
      <skipped message="Reason: On CRAN ('test-examples.R:120:7')"/>
    </testcase>
    <testcase time="0.0140000000000002" classname="examples" name="example_tm_g_forest_tte.Rd">
      <skipped message="Reason: On CRAN ('test-examples.R:120:7')"/>
    </testcase>
    <testcase time="0.0129999999999999" classname="examples" name="example_tm_g_ipp.Rd">
      <skipped message="Reason: On CRAN ('test-examples.R:120:7')"/>
    </testcase>
    <testcase time="0.0129999999999999" classname="examples" name="example_tm_g_km.Rd">
      <skipped message="Reason: On CRAN ('test-examples.R:120:7')"/>
    </testcase>
    <testcase time="0.0140000000000002" classname="examples" name="example_tm_g_lineplot.Rd">
      <skipped message="Reason: On CRAN ('test-examples.R:120:7')"/>
    </testcase>
    <testcase time="0.0139999999999998" classname="examples" name="example_tm_g_pp_adverse_events.Rd">
      <skipped message="Reason: On CRAN ('test-examples.R:120:7')"/>
    </testcase>
    <testcase time="0.0139999999999998" classname="examples" name="example_tm_g_pp_patient_timeline.Rd">
      <skipped message="Reason: On CRAN ('test-examples.R:120:7')"/>
    </testcase>
    <testcase time="0.0140000000000002" classname="examples" name="example_tm_g_pp_therapy.Rd">
      <skipped message="Reason: On CRAN ('test-examples.R:120:7')"/>
    </testcase>
    <testcase time="0.0129999999999999" classname="examples" name="example_tm_g_pp_vitals.Rd">
      <skipped message="Reason: On CRAN ('test-examples.R:120:7')"/>
    </testcase>
    <testcase time="0.0140000000000002" classname="examples" name="example_tm_t_abnormality.Rd">
      <skipped message="Reason: On CRAN ('test-examples.R:120:7')"/>
    </testcase>
    <testcase time="0.0189999999999997" classname="examples" name="example_tm_t_abnormality_by_worst_grade.Rd">
      <skipped message="Reason: On CRAN ('test-examples.R:120:7')"/>
    </testcase>
    <testcase time="0.0150000000000001" classname="examples" name="example_tm_t_ancova.Rd">
      <skipped message="Reason: On CRAN ('test-examples.R:120:7')"/>
    </testcase>
    <testcase time="0.0129999999999999" classname="examples" name="example_tm_t_binary_outcome.Rd">
      <skipped message="Reason: On CRAN ('test-examples.R:120:7')"/>
    </testcase>
    <testcase time="0.0130000000000003" classname="examples" name="example_tm_t_coxreg.Rd">
      <skipped message="Reason: On CRAN ('test-examples.R:120:7')"/>
    </testcase>
    <testcase time="0.0139999999999998" classname="examples" name="example_tm_t_events.Rd">
      <skipped message="Reason: On CRAN ('test-examples.R:120:7')"/>
    </testcase>
    <testcase time="0.0129999999999999" classname="examples" name="example_tm_t_events_by_grade.Rd">
      <skipped message="Reason: On CRAN ('test-examples.R:120:7')"/>
    </testcase>
    <testcase time="0.012" classname="examples" name="example_tm_t_events_patyear.Rd">
      <skipped message="Reason: On CRAN ('test-examples.R:120:7')"/>
    </testcase>
    <testcase time="0.0129999999999999" classname="examples" name="example_tm_t_events_summary.Rd">
      <skipped message="Reason: On CRAN ('test-examples.R:120:7')"/>
    </testcase>
    <testcase time="0.0130000000000003" classname="examples" name="example_tm_t_exposure.Rd">
      <skipped message="Reason: On CRAN ('test-examples.R:120:7')"/>
    </testcase>
    <testcase time="0.0129999999999999" classname="examples" name="example_tm_t_logistic.Rd">
      <skipped message="Reason: On CRAN ('test-examples.R:120:7')"/>
    </testcase>
    <testcase time="0.0129999999999999" classname="examples" name="example_tm_t_mult_events.Rd">
      <skipped message="Reason: On CRAN ('test-examples.R:120:7')"/>
    </testcase>
    <testcase time="0.0129999999999999" classname="examples" name="example_tm_t_pp_basic_info.Rd">
      <skipped message="Reason: On CRAN ('test-examples.R:120:7')"/>
    </testcase>
    <testcase time="0.0140000000000002" classname="examples" name="example_tm_t_pp_laboratory.Rd">
      <skipped message="Reason: On CRAN ('test-examples.R:120:7')"/>
    </testcase>
    <testcase time="0.0139999999999998" classname="examples" name="example_tm_t_pp_medical_history.Rd">
      <skipped message="Reason: On CRAN ('test-examples.R:120:7')"/>
    </testcase>
    <testcase time="0.0140000000000002" classname="examples" name="example_tm_t_pp_prior_medication.Rd">
      <skipped message="Reason: On CRAN ('test-examples.R:120:7')"/>
    </testcase>
    <testcase time="0.0139999999999998" classname="examples" name="example_tm_t_shift_by_arm.Rd">
      <skipped message="Reason: On CRAN ('test-examples.R:120:7')"/>
    </testcase>
    <testcase time="0.0150000000000001" classname="examples" name="example_tm_t_shift_by_arm_by_worst.Rd">
      <skipped message="Reason: On CRAN ('test-examples.R:120:7')"/>
    </testcase>
    <testcase time="0.0129999999999999" classname="examples" name="example_tm_t_shift_by_grade.Rd">
      <skipped message="Reason: On CRAN ('test-examples.R:120:7')"/>
    </testcase>
    <testcase time="0.0140000000000002" classname="examples" name="example_tm_t_smq.Rd">
      <skipped message="Reason: On CRAN ('test-examples.R:120:7')"/>
    </testcase>
    <testcase time="0.0139999999999998" classname="examples" name="example_tm_t_summary.Rd">
      <skipped message="Reason: On CRAN ('test-examples.R:120:7')"/>
    </testcase>
    <testcase time="0.0140000000000002" classname="examples" name="example_tm_t_summary_by.Rd">
      <skipped message="Reason: On CRAN ('test-examples.R:120:7')"/>
    </testcase>
    <testcase time="0.0139999999999998" classname="examples" name="example_tm_t_tte.Rd">
      <skipped message="Reason: On CRAN ('test-examples.R:120:7')"/>
    </testcase>
    <testcase time="0.0139999999999998" classname="examples" name="example_validate_arm.Rd">
      <skipped message="Reason: On CRAN ('test-examples.R:120:7')"/>
    </testcase>
    <testcase time="0.0190000000000001" classname="examples" name="example_validate_standard_inputs.Rd">
      <skipped message="Reason: On CRAN ('test-examples.R:120:7')"/>
    </testcase>
  </testsuite>
  <testsuite name="facet_grid_formula" timestamp="2024-04-26T17:20:32Z" hostname="8dad1054ab36" tests="4" skipped="0" failures="0" errors="0" time="0.036">
    <testcase time="0.0269999999999997" classname="facet_grid_formula" name="facet_grid_formula_works"/>
    <testcase time="0.00300000000000011" classname="facet_grid_formula" name="facet_grid_formula_works"/>
    <testcase time="0.00300000000000011" classname="facet_grid_formula" name="facet_grid_formula_works"/>
    <testcase time="0.00300000000000011" classname="facet_grid_formula" name="facet_grid_formula_works"/>
  </testsuite>
  <testsuite name="shinytest2-tm_a_gee" timestamp="2024-04-26T17:20:32Z" hostname="8dad1054ab36" tests="48" skipped="0" failures="0" errors="0" time="150.167">
    <testcase time="7.681" classname="shinytest2_tm_a_gee" name="e2e_tm_a_gee_Module_initializes_in_teal_without_errors_and_produces_table_output."/>
    <testcase time="0.00699999999999967" classname="shinytest2_tm_a_gee" name="e2e_tm_a_gee_Module_initializes_in_teal_without_errors_and_produces_table_output."/>
    <testcase time="0.00900000000000034" classname="shinytest2_tm_a_gee" name="e2e_tm_a_gee_Module_initializes_in_teal_without_errors_and_produces_table_output."/>
    <testcase time="6.636" classname="shinytest2_tm_a_gee" name="e2e_tm_a_gee_Starts_with_specified_label_id_var_arm_var_visit_var_paramcd_cov_var_conf_level_and_conf_struct."/>
    <testcase time="0.101000000000003" classname="shinytest2_tm_a_gee" name="e2e_tm_a_gee_Starts_with_specified_label_id_var_arm_var_visit_var_paramcd_cov_var_conf_level_and_conf_struct."/>
    <testcase time="0.0719999999999992" classname="shinytest2_tm_a_gee" name="e2e_tm_a_gee_Starts_with_specified_label_id_var_arm_var_visit_var_paramcd_cov_var_conf_level_and_conf_struct."/>
    <testcase time="0.0599999999999987" classname="shinytest2_tm_a_gee" name="e2e_tm_a_gee_Starts_with_specified_label_id_var_arm_var_visit_var_paramcd_cov_var_conf_level_and_conf_struct."/>
    <testcase time="0.0680000000000014" classname="shinytest2_tm_a_gee" name="e2e_tm_a_gee_Starts_with_specified_label_id_var_arm_var_visit_var_paramcd_cov_var_conf_level_and_conf_struct."/>
    <testcase time="0.0599999999999987" classname="shinytest2_tm_a_gee" name="e2e_tm_a_gee_Starts_with_specified_label_id_var_arm_var_visit_var_paramcd_cov_var_conf_level_and_conf_struct."/>
    <testcase time="0.0609999999999999" classname="shinytest2_tm_a_gee" name="e2e_tm_a_gee_Starts_with_specified_label_id_var_arm_var_visit_var_paramcd_cov_var_conf_level_and_conf_struct."/>
    <testcase time="0.0590000000000011" classname="shinytest2_tm_a_gee" name="e2e_tm_a_gee_Starts_with_specified_label_id_var_arm_var_visit_var_paramcd_cov_var_conf_level_and_conf_struct."/>
    <testcase time="0.0609999999999999" classname="shinytest2_tm_a_gee" name="e2e_tm_a_gee_Starts_with_specified_label_id_var_arm_var_visit_var_paramcd_cov_var_conf_level_and_conf_struct."/>
    <testcase time="0.0069999999999979" classname="shinytest2_tm_a_gee" name="e2e_tm_a_gee_Starts_with_specified_label_id_var_arm_var_visit_var_paramcd_cov_var_conf_level_and_conf_struct."/>
    <testcase time="8.157" classname="shinytest2_tm_a_gee" name="e2e_tm_a_gee_Selection_of_id_var_does_not_change_the_table_and_does_not_throw_validation_errors."/>
    <testcase time="0.00600000000000023" classname="shinytest2_tm_a_gee" name="e2e_tm_a_gee_Selection_of_id_var_does_not_change_the_table_and_does_not_throw_validation_errors."/>
    <testcase time="7.53900000000001" classname="shinytest2_tm_a_gee" name="e2e_tm_a_gee_Deselection_of_id_var_throws_validation_error."/>
    <testcase time="0.00599999999999312" classname="shinytest2_tm_a_gee" name="e2e_tm_a_gee_Deselection_of_id_var_throws_validation_error."/>
    <testcase time="0.00500000000000256" classname="shinytest2_tm_a_gee" name="e2e_tm_a_gee_Deselection_of_id_var_throws_validation_error."/>
    <testcase time="7.949" classname="shinytest2_tm_a_gee" name="e2e_tm_a_gee_Change_in_arm_var_changes_the_table_and_does_not_throw_validation_errors."/>
    <testcase time="0.00600000000000023" classname="shinytest2_tm_a_gee" name="e2e_tm_a_gee_Change_in_arm_var_changes_the_table_and_does_not_throw_validation_errors."/>
    <testcase time="7.341" classname="shinytest2_tm_a_gee" name="e2e_tm_a_gee_Deselection_of_arm_var_throws_validation_error."/>
    <testcase time="0.00600000000000023" classname="shinytest2_tm_a_gee" name="e2e_tm_a_gee_Deselection_of_arm_var_throws_validation_error."/>
    <testcase time="0.00600000000000023" classname="shinytest2_tm_a_gee" name="e2e_tm_a_gee_Deselection_of_arm_var_throws_validation_error."/>
    <testcase time="7.919" classname="shinytest2_tm_a_gee" name="e2e_tm_a_gee_Selection_of_visit_var_does_not_change_the_table_and_does_not_throw_validation_errors."/>
    <testcase time="0.0069999999999979" classname="shinytest2_tm_a_gee" name="e2e_tm_a_gee_Selection_of_visit_var_does_not_change_the_table_and_does_not_throw_validation_errors."/>
    <testcase time="7.89100000000001" classname="shinytest2_tm_a_gee" name="e2e_tm_a_gee_Deselection_of_visit_var_throws_validation_error."/>
    <testcase time="0.00600000000000023" classname="shinytest2_tm_a_gee" name="e2e_tm_a_gee_Deselection_of_visit_var_throws_validation_error."/>
    <testcase time="0.00600000000000023" classname="shinytest2_tm_a_gee" name="e2e_tm_a_gee_Deselection_of_visit_var_throws_validation_error."/>
    <testcase time="7.77799999999999" classname="shinytest2_tm_a_gee" name="e2e_tm_a_gee_Selection_of_paramcd_changes_the_table_and_does_not_throw_validation_errors."/>
    <testcase time="0.007000000000005" classname="shinytest2_tm_a_gee" name="e2e_tm_a_gee_Selection_of_paramcd_changes_the_table_and_does_not_throw_validation_errors."/>
    <testcase time="7.298" classname="shinytest2_tm_a_gee" name="e2e_tm_a_gee_Deselection_of_paramcd_throws_validation_error."/>
    <testcase time="0.00600000000000023" classname="shinytest2_tm_a_gee" name="e2e_tm_a_gee_Deselection_of_paramcd_throws_validation_error."/>
    <testcase time="0.00600000000000023" classname="shinytest2_tm_a_gee" name="e2e_tm_a_gee_Deselection_of_paramcd_throws_validation_error."/>
    <testcase time="8.35899999999999" classname="shinytest2_tm_a_gee" name="e2e_tm_a_gee_Selection_of_cov_var_changes_the_table_and_does_not_throw_validation_errors."/>
    <testcase time="0.00600000000000023" classname="shinytest2_tm_a_gee" name="e2e_tm_a_gee_Selection_of_cov_var_changes_the_table_and_does_not_throw_validation_errors."/>
    <testcase time="7.786" classname="shinytest2_tm_a_gee" name="e2e_tm_a_gee_Selection_of_conf_level_changes_the_table_and_does_not_throw_validation_errors."/>
    <testcase time="0.00699999999999079" classname="shinytest2_tm_a_gee" name="e2e_tm_a_gee_Selection_of_conf_level_changes_the_table_and_does_not_throw_validation_errors."/>
    <testcase time="7.18300000000001" classname="shinytest2_tm_a_gee" name="e2e_tm_a_gee_Selection_of_conf_level_out_of_0_1_range_throws_validation_error."/>
    <testcase time="0.007000000000005" classname="shinytest2_tm_a_gee" name="e2e_tm_a_gee_Selection_of_conf_level_out_of_0_1_range_throws_validation_error."/>
    <testcase time="0.00600000000000023" classname="shinytest2_tm_a_gee" name="e2e_tm_a_gee_Selection_of_conf_level_out_of_0_1_range_throws_validation_error."/>
    <testcase time="7.26299999999999" classname="shinytest2_tm_a_gee" name="e2e_tm_a_gee_Deselection_of_conf_level_throws_validation_error."/>
    <testcase time="0.00600000000000023" classname="shinytest2_tm_a_gee" name="e2e_tm_a_gee_Deselection_of_conf_level_throws_validation_error."/>
    <testcase time="0.007000000000005" classname="shinytest2_tm_a_gee" name="e2e_tm_a_gee_Deselection_of_conf_level_throws_validation_error."/>
    <testcase time="7.872" classname="shinytest2_tm_a_gee" name="e2e_tm_a_gee_Selection_of_cor_struct_changes_the_table_and_does_not_throw_validation_errors."/>
    <testcase time="0.007000000000005" classname="shinytest2_tm_a_gee" name="e2e_tm_a_gee_Selection_of_cor_struct_changes_the_table_and_does_not_throw_validation_errors."/>
    <testcase time="27.078" classname="shinytest2_tm_a_gee" name="e2e_tm_a_gee_Deselection_of_cor_struct_does_not_throw_validation_error."/>
    <testcase time="7.74700000000001" classname="shinytest2_tm_a_gee" name="e2e_tm_a_gee_Selection_of_output_table_changes_the_table_and_doesn_t_throw_validation_error."/>
    <testcase time="0.00600000000000023" classname="shinytest2_tm_a_gee" name="e2e_tm_a_gee_Selection_of_output_table_changes_the_table_and_doesn_t_throw_validation_error."/>
  </testsuite>
  <testsuite name="shinytest2-tm_g_barchart_simple" timestamp="2024-04-26T17:23:02Z" hostname="8dad1054ab36" tests="73" skipped="0" failures="0" errors="0" time="227.001">
    <testcase time="7.64999999999998" classname="shinytest2_tm_g_barchart_simple" name="e2e_tm_g_barchart_simple_Module_initializes_in_teal_without_errors_and_produces_output."/>
    <testcase time="0.00600000000000023" classname="shinytest2_tm_g_barchart_simple" name="e2e_tm_g_barchart_simple_Module_initializes_in_teal_without_errors_and_produces_output."/>
    <testcase time="0.00900000000001455" classname="shinytest2_tm_g_barchart_simple" name="e2e_tm_g_barchart_simple_Module_initializes_in_teal_without_errors_and_produces_output."/>
    <testcase time="0.00800000000000978" classname="shinytest2_tm_g_barchart_simple" name="e2e_tm_g_barchart_simple_Module_initializes_in_teal_without_errors_and_produces_output."/>
    <testcase time="7.565" classname="shinytest2_tm_g_barchart_simple" name="e2e_tm_g_barchart_simple_Starts_with_specified_label_id_var_arm_var_visit_var_paramcd_cov_var_conf_level_and_conf_struct."/>
    <testcase time="0.10499999999999" classname="shinytest2_tm_g_barchart_simple" name="e2e_tm_g_barchart_simple_Starts_with_specified_label_id_var_arm_var_visit_var_paramcd_cov_var_conf_level_and_conf_struct."/>
    <testcase time="0.0579999999999927" classname="shinytest2_tm_g_barchart_simple" name="e2e_tm_g_barchart_simple_Starts_with_specified_label_id_var_arm_var_visit_var_paramcd_cov_var_conf_level_and_conf_struct."/>
    <testcase time="0.0600000000000023" classname="shinytest2_tm_g_barchart_simple" name="e2e_tm_g_barchart_simple_Starts_with_specified_label_id_var_arm_var_visit_var_paramcd_cov_var_conf_level_and_conf_struct."/>
    <testcase time="0.0560000000000116" classname="shinytest2_tm_g_barchart_simple" name="e2e_tm_g_barchart_simple_Starts_with_specified_label_id_var_arm_var_visit_var_paramcd_cov_var_conf_level_and_conf_struct."/>
    <testcase time="0.0600000000000023" classname="shinytest2_tm_g_barchart_simple" name="e2e_tm_g_barchart_simple_Starts_with_specified_label_id_var_arm_var_visit_var_paramcd_cov_var_conf_level_and_conf_struct."/>
    <testcase time="0.0600000000000023" classname="shinytest2_tm_g_barchart_simple" name="e2e_tm_g_barchart_simple_Starts_with_specified_label_id_var_arm_var_visit_var_paramcd_cov_var_conf_level_and_conf_struct."/>
    <testcase time="0.054000000000002" classname="shinytest2_tm_g_barchart_simple" name="e2e_tm_g_barchart_simple_Starts_with_specified_label_id_var_arm_var_visit_var_paramcd_cov_var_conf_level_and_conf_struct."/>
    <testcase time="0.0579999999999927" classname="shinytest2_tm_g_barchart_simple" name="e2e_tm_g_barchart_simple_Starts_with_specified_label_id_var_arm_var_visit_var_paramcd_cov_var_conf_level_and_conf_struct."/>
    <testcase time="0.0600000000000023" classname="shinytest2_tm_g_barchart_simple" name="e2e_tm_g_barchart_simple_Starts_with_specified_label_id_var_arm_var_visit_var_paramcd_cov_var_conf_level_and_conf_struct."/>
    <testcase time="0.132999999999981" classname="shinytest2_tm_g_barchart_simple" name="e2e_tm_g_barchart_simple_Starts_with_specified_label_id_var_arm_var_visit_var_paramcd_cov_var_conf_level_and_conf_struct."/>
    <testcase time="0.0580000000000211" classname="shinytest2_tm_g_barchart_simple" name="e2e_tm_g_barchart_simple_Starts_with_specified_label_id_var_arm_var_visit_var_paramcd_cov_var_conf_level_and_conf_struct."/>
    <testcase time="0.0569999999999879" classname="shinytest2_tm_g_barchart_simple" name="e2e_tm_g_barchart_simple_Starts_with_specified_label_id_var_arm_var_visit_var_paramcd_cov_var_conf_level_and_conf_struct."/>
    <testcase time="0.0560000000000116" classname="shinytest2_tm_g_barchart_simple" name="e2e_tm_g_barchart_simple_Starts_with_specified_label_id_var_arm_var_visit_var_paramcd_cov_var_conf_level_and_conf_struct."/>
    <testcase time="0.0600000000000023" classname="shinytest2_tm_g_barchart_simple" name="e2e_tm_g_barchart_simple_Starts_with_specified_label_id_var_arm_var_visit_var_paramcd_cov_var_conf_level_and_conf_struct."/>
    <testcase time="9.916" classname="shinytest2_tm_g_barchart_simple" name="e2e_tm_g_barchart_simple_Selection_of_x_changes_the_element_and_does_not_throw_validation_errors"/>
    <testcase time="0.00600000000000023" classname="shinytest2_tm_g_barchart_simple" name="e2e_tm_g_barchart_simple_Selection_of_x_changes_the_element_and_does_not_throw_validation_errors"/>
    <testcase time="8.48499999999999" classname="shinytest2_tm_g_barchart_simple" name="e2e_tm_g_barchart_simple_Deselection_of_x_throws_validation_error."/>
    <testcase time="0.00800000000000978" classname="shinytest2_tm_g_barchart_simple" name="e2e_tm_g_barchart_simple_Deselection_of_x_throws_validation_error."/>
    <testcase time="9.989" classname="shinytest2_tm_g_barchart_simple" name="e2e_tm_g_barchart_simple_Selection_of_fill_dataset_changes_the_element_and_does_not_throw_validation_errors"/>
    <testcase time="0.100999999999999" classname="shinytest2_tm_g_barchart_simple" name="e2e_tm_g_barchart_simple_Selection_of_fill_dataset_changes_the_element_and_does_not_throw_validation_errors"/>
    <testcase time="2.15799999999999" classname="shinytest2_tm_g_barchart_simple" name="e2e_tm_g_barchart_simple_Selection_of_fill_dataset_changes_the_element_and_does_not_throw_validation_errors"/>
    <testcase time="0.00600000000000023" classname="shinytest2_tm_g_barchart_simple" name="e2e_tm_g_barchart_simple_Selection_of_fill_dataset_changes_the_element_and_does_not_throw_validation_errors"/>
    <testcase time="10.1" classname="shinytest2_tm_g_barchart_simple" name="e2e_tm_g_barchart_simple_De_selection_of_fill_dataset_changes_the_element_and_does_not_throw_validation_errors"/>
    <testcase time="0.0260000000000105" classname="shinytest2_tm_g_barchart_simple" name="e2e_tm_g_barchart_simple_De_selection_of_fill_dataset_changes_the_element_and_does_not_throw_validation_errors"/>
    <testcase time="0.00600000000000023" classname="shinytest2_tm_g_barchart_simple" name="e2e_tm_g_barchart_simple_De_selection_of_fill_dataset_changes_the_element_and_does_not_throw_validation_errors"/>
    <testcase time="9.44300000000001" classname="shinytest2_tm_g_barchart_simple" name="e2e_tm_g_barchart_simple_Selection_of_x_facet_dataset_changes_the_element_and_does_not_throw_validation_errors"/>
    <testcase time="0.106999999999999" classname="shinytest2_tm_g_barchart_simple" name="e2e_tm_g_barchart_simple_Selection_of_x_facet_dataset_changes_the_element_and_does_not_throw_validation_errors"/>
    <testcase time="2.24699999999999" classname="shinytest2_tm_g_barchart_simple" name="e2e_tm_g_barchart_simple_Selection_of_x_facet_dataset_changes_the_element_and_does_not_throw_validation_errors"/>
    <testcase time="0.00600000000000023" classname="shinytest2_tm_g_barchart_simple" name="e2e_tm_g_barchart_simple_Selection_of_x_facet_dataset_changes_the_element_and_does_not_throw_validation_errors"/>
    <testcase time="9.273" classname="shinytest2_tm_g_barchart_simple" name="e2e_tm_g_barchart_simple_De_selection_of_x_facet_dataset_changes_the_element_and_does_not_throw_validation_errors"/>
    <testcase time="0.0229999999999961" classname="shinytest2_tm_g_barchart_simple" name="e2e_tm_g_barchart_simple_De_selection_of_x_facet_dataset_changes_the_element_and_does_not_throw_validation_errors"/>
    <testcase time="0.00600000000000023" classname="shinytest2_tm_g_barchart_simple" name="e2e_tm_g_barchart_simple_De_selection_of_x_facet_dataset_changes_the_element_and_does_not_throw_validation_errors"/>
    <testcase time="8.99800000000002" classname="shinytest2_tm_g_barchart_simple" name="e2e_tm_g_barchart_simple_Selection_of_y_facet_dataset_changes_the_element_and_does_not_throw_validation_errors"/>
    <testcase time="0.0939999999999941" classname="shinytest2_tm_g_barchart_simple" name="e2e_tm_g_barchart_simple_Selection_of_y_facet_dataset_changes_the_element_and_does_not_throw_validation_errors"/>
    <testcase time="2.02000000000001" classname="shinytest2_tm_g_barchart_simple" name="e2e_tm_g_barchart_simple_Selection_of_y_facet_dataset_changes_the_element_and_does_not_throw_validation_errors"/>
    <testcase time="0.00600000000000023" classname="shinytest2_tm_g_barchart_simple" name="e2e_tm_g_barchart_simple_Selection_of_y_facet_dataset_changes_the_element_and_does_not_throw_validation_errors"/>
    <testcase time="9.39999999999998" classname="shinytest2_tm_g_barchart_simple" name="e2e_tm_g_barchart_simple_De_selection_of_y_facet_dataset_changes_the_element_and_does_not_throw_validation_errors"/>
    <testcase time="0.0220000000000198" classname="shinytest2_tm_g_barchart_simple" name="e2e_tm_g_barchart_simple_De_selection_of_y_facet_dataset_changes_the_element_and_does_not_throw_validation_errors"/>
    <testcase time="0.00600000000000023" classname="shinytest2_tm_g_barchart_simple" name="e2e_tm_g_barchart_simple_De_selection_of_y_facet_dataset_changes_the_element_and_does_not_throw_validation_errors"/>
    <testcase time="8.86999999999998" classname="shinytest2_tm_g_barchart_simple" name="e2e_tm_g_barchart_simple_Duplicate_between_x_and_fill_selection_throws_validation_error"/>
    <testcase time="0.0080000000000382" classname="shinytest2_tm_g_barchart_simple" name="e2e_tm_g_barchart_simple_Duplicate_between_x_and_fill_selection_throws_validation_error"/>
    <testcase time="0.007000000000005" classname="shinytest2_tm_g_barchart_simple" name="e2e_tm_g_barchart_simple_Duplicate_between_x_and_fill_selection_throws_validation_error"/>
    <testcase time="9.75599999999997" classname="shinytest2_tm_g_barchart_simple" name="e2e_tm_g_barchart_simple_Duplicate_between_x_and_x_facet_selection_throws_validation_error"/>
    <testcase time="0.007000000000005" classname="shinytest2_tm_g_barchart_simple" name="e2e_tm_g_barchart_simple_Duplicate_between_x_and_x_facet_selection_throws_validation_error"/>
    <testcase time="0.00799999999998136" classname="shinytest2_tm_g_barchart_simple" name="e2e_tm_g_barchart_simple_Duplicate_between_x_and_x_facet_selection_throws_validation_error"/>
    <testcase time="10.083" classname="shinytest2_tm_g_barchart_simple" name="e2e_tm_g_barchart_simple_Duplicate_between_x_and_y_facet_selection_throws_validation_error"/>
    <testcase time="0.007000000000005" classname="shinytest2_tm_g_barchart_simple" name="e2e_tm_g_barchart_simple_Duplicate_between_x_and_y_facet_selection_throws_validation_error"/>
    <testcase time="0.00799999999998136" classname="shinytest2_tm_g_barchart_simple" name="e2e_tm_g_barchart_simple_Duplicate_between_x_and_y_facet_selection_throws_validation_error"/>
    <testcase time="9.48000000000002" classname="shinytest2_tm_g_barchart_simple" name="e2e_tm_g_barchart_simple_Changing_barlayout_changes_the_plot_and_does_not_throw_validation_errors."/>
    <testcase time="0.00599999999997181" classname="shinytest2_tm_g_barchart_simple" name="e2e_tm_g_barchart_simple_Changing_barlayout_changes_the_plot_and_does_not_throw_validation_errors."/>
    <testcase time="9.59000000000003" classname="shinytest2_tm_g_barchart_simple" name="e2e_tm_g_barchart_simple_Changing_expand_y_range_changes_the_plot_and_does_not_throw_validation_errors."/>
    <testcase time="0.00599999999997181" classname="shinytest2_tm_g_barchart_simple" name="e2e_tm_g_barchart_simple_Changing_expand_y_range_changes_the_plot_and_does_not_throw_validation_errors."/>
    <testcase time="9.51499999999999" classname="shinytest2_tm_g_barchart_simple" name="e2e_tm_g_barchart_simple_Changing_facet_scale_x_changes_the_plot_and_does_not_throw_validation_errors."/>
    <testcase time="0.00600000000002865" classname="shinytest2_tm_g_barchart_simple" name="e2e_tm_g_barchart_simple_Changing_facet_scale_x_changes_the_plot_and_does_not_throw_validation_errors."/>
    <testcase time="9.63799999999998" classname="shinytest2_tm_g_barchart_simple" name="e2e_tm_g_barchart_simple_Changing_facet_scale_y_changes_the_plot_and_does_not_throw_validation_errors."/>
    <testcase time="0.00600000000002865" classname="shinytest2_tm_g_barchart_simple" name="e2e_tm_g_barchart_simple_Changing_facet_scale_y_changes_the_plot_and_does_not_throw_validation_errors."/>
    <testcase time="10.159" classname="shinytest2_tm_g_barchart_simple" name="e2e_tm_g_barchart_simple_Changing_label_bars_changes_the_plot_and_does_not_throw_validation_errors."/>
    <testcase time="0.00599999999997181" classname="shinytest2_tm_g_barchart_simple" name="e2e_tm_g_barchart_simple_Changing_label_bars_changes_the_plot_and_does_not_throw_validation_errors."/>
    <testcase time="9.54900000000004" classname="shinytest2_tm_g_barchart_simple" name="e2e_tm_g_barchart_simple_Changing_rotate_x_label_changes_the_plot_and_does_not_throw_validation_errors."/>
    <testcase time="0.00599999999997181" classname="shinytest2_tm_g_barchart_simple" name="e2e_tm_g_barchart_simple_Changing_rotate_x_label_changes_the_plot_and_does_not_throw_validation_errors."/>
    <testcase time="9.42900000000003" classname="shinytest2_tm_g_barchart_simple" name="e2e_tm_g_barchart_simple_Changing_rotate_y_label_changes_the_plot_and_does_not_throw_validation_errors."/>
    <testcase time="0.00599999999997181" classname="shinytest2_tm_g_barchart_simple" name="e2e_tm_g_barchart_simple_Changing_rotate_y_label_changes_the_plot_and_does_not_throw_validation_errors."/>
    <testcase time="9.56600000000003" classname="shinytest2_tm_g_barchart_simple" name="e2e_tm_g_barchart_simple_Changing_flip_axis_changes_the_plot_and_does_not_throw_validation_errors."/>
    <testcase time="0.00599999999997181" classname="shinytest2_tm_g_barchart_simple" name="e2e_tm_g_barchart_simple_Changing_flip_axis_changes_the_plot_and_does_not_throw_validation_errors."/>
    <testcase time="9.82800000000003" classname="shinytest2_tm_g_barchart_simple" name="e2e_tm_g_barchart_simple_Changing_show_n_changes_the_plot_and_does_not_throw_validation_errors."/>
    <testcase time="0.00599999999997181" classname="shinytest2_tm_g_barchart_simple" name="e2e_tm_g_barchart_simple_Changing_show_n_changes_the_plot_and_does_not_throw_validation_errors."/>
    <testcase time="12.808" classname="shinytest2_tm_g_barchart_simple" name="e2e_tm_g_barchart_simple_Changing_rotate_bar_labels_changes_the_plot_and_does_not_throw_validation_errors."/>
    <testcase time="0.00600000000002865" classname="shinytest2_tm_g_barchart_simple" name="e2e_tm_g_barchart_simple_Changing_rotate_bar_labels_changes_the_plot_and_does_not_throw_validation_errors."/>
  </testsuite>
  <testsuite name="shinytest2-tm_g_ci" timestamp="2024-04-26T17:26:49Z" hostname="8dad1054ab36" tests="41" skipped="0" failures="0" errors="0" time="101.249">
    <testcase time="6.46800000000002" classname="shinytest2_tm_g_ci" name="e2e_tm_g_ci_example_ci_module_initializes_in_teal_without_errors_and_produces_plot_output."/>
    <testcase time="0.00599999999997181" classname="shinytest2_tm_g_ci" name="e2e_tm_g_ci_example_ci_module_initializes_in_teal_without_errors_and_produces_plot_output."/>
    <testcase time="0.0430000000000064" classname="shinytest2_tm_g_ci" name="e2e_tm_g_ci_example_ci_module_initializes_in_teal_without_errors_and_produces_plot_output."/>
    <testcase time="6.51299999999998" classname="shinytest2_tm_g_ci" name="e2e_tm_g_ci_Module_initializes_with_specified_label_x_var_y_var_ADLB_filters_color_conf_level_and_stat."/>
    <testcase time="0.102000000000032" classname="shinytest2_tm_g_ci" name="e2e_tm_g_ci_Module_initializes_with_specified_label_x_var_y_var_ADLB_filters_color_conf_level_and_stat."/>
    <testcase time="0.0600000000000023" classname="shinytest2_tm_g_ci" name="e2e_tm_g_ci_Module_initializes_with_specified_label_x_var_y_var_ADLB_filters_color_conf_level_and_stat."/>
    <testcase time="0.0639999999999645" classname="shinytest2_tm_g_ci" name="e2e_tm_g_ci_Module_initializes_with_specified_label_x_var_y_var_ADLB_filters_color_conf_level_and_stat."/>
    <testcase time="0.123000000000047" classname="shinytest2_tm_g_ci" name="e2e_tm_g_ci_Module_initializes_with_specified_label_x_var_y_var_ADLB_filters_color_conf_level_and_stat."/>
    <testcase time="0.0569999999999595" classname="shinytest2_tm_g_ci" name="e2e_tm_g_ci_Module_initializes_with_specified_label_x_var_y_var_ADLB_filters_color_conf_level_and_stat."/>
    <testcase time="0.05600000000004" classname="shinytest2_tm_g_ci" name="e2e_tm_g_ci_Module_initializes_with_specified_label_x_var_y_var_ADLB_filters_color_conf_level_and_stat."/>
    <testcase time="0.0679999999999836" classname="shinytest2_tm_g_ci" name="e2e_tm_g_ci_Module_initializes_with_specified_label_x_var_y_var_ADLB_filters_color_conf_level_and_stat."/>
    <testcase time="0.0559999999999832" classname="shinytest2_tm_g_ci" name="e2e_tm_g_ci_Module_initializes_with_specified_label_x_var_y_var_ADLB_filters_color_conf_level_and_stat."/>
    <testcase time="0.0600000000000023" classname="shinytest2_tm_g_ci" name="e2e_tm_g_ci_Module_initializes_with_specified_label_x_var_y_var_ADLB_filters_color_conf_level_and_stat."/>
    <testcase time="7.61599999999999" classname="shinytest2_tm_g_ci" name="e2e_tm_g_ci_Selecting_x_var_column_changes_plot_and_doesn_t_throw_validation_errors."/>
    <testcase time="0.00600000000002865" classname="shinytest2_tm_g_ci" name="e2e_tm_g_ci_Selecting_x_var_column_changes_plot_and_doesn_t_throw_validation_errors."/>
    <testcase time="7.12099999999998" classname="shinytest2_tm_g_ci" name="e2e_tm_g_ci_Deselecting_x_var_column_throws_validation_error."/>
    <testcase time="0.007000000000005" classname="shinytest2_tm_g_ci" name="e2e_tm_g_ci_Deselecting_x_var_column_throws_validation_error."/>
    <testcase time="0.00600000000002865" classname="shinytest2_tm_g_ci" name="e2e_tm_g_ci_Deselecting_x_var_column_throws_validation_error."/>
    <testcase time="7.678" classname="shinytest2_tm_g_ci" name="e2e_tm_g_ci_Selecting_y_var_column_changes_plot_and_doesn_t_throw_validation_errors."/>
    <testcase time="0.007000000000005" classname="shinytest2_tm_g_ci" name="e2e_tm_g_ci_Selecting_y_var_column_changes_plot_and_doesn_t_throw_validation_errors."/>
    <testcase time="7.01799999999997" classname="shinytest2_tm_g_ci" name="e2e_tm_g_ci_Deselecting_y_var_column_throws_validation_error."/>
    <testcase time="0.00600000000002865" classname="shinytest2_tm_g_ci" name="e2e_tm_g_ci_Deselecting_y_var_column_throws_validation_error."/>
    <testcase time="0.00499999999999545" classname="shinytest2_tm_g_ci" name="e2e_tm_g_ci_Deselecting_y_var_column_throws_validation_error."/>
    <testcase time="7.40800000000002" classname="shinytest2_tm_g_ci" name="e2e_tm_g_ci_Selecting_PARAMCD_filter_value_changes_plot_and_doesn_t_throw_validation_errors."/>
    <testcase time="0.00599999999997181" classname="shinytest2_tm_g_ci" name="e2e_tm_g_ci_Selecting_PARAMCD_filter_value_changes_plot_and_doesn_t_throw_validation_errors."/>
    <testcase time="6.85400000000004" classname="shinytest2_tm_g_ci" name="e2e_tm_g_ci_Deselecting_PARAMCD_filter_value_throws_validation_error."/>
    <testcase time="0.00599999999997181" classname="shinytest2_tm_g_ci" name="e2e_tm_g_ci_Deselecting_PARAMCD_filter_value_throws_validation_error."/>
    <testcase time="0.00599999999997181" classname="shinytest2_tm_g_ci" name="e2e_tm_g_ci_Deselecting_PARAMCD_filter_value_throws_validation_error."/>
    <testcase time="7.36800000000005" classname="shinytest2_tm_g_ci" name="e2e_tm_g_ci_Selecting_AVISIT_filter_value_doesn_t_throw_validation_errors."/>
    <testcase time="0.00699999999994816" classname="shinytest2_tm_g_ci" name="e2e_tm_g_ci_Selecting_AVISIT_filter_value_doesn_t_throw_validation_errors."/>
    <testcase time="7.07600000000002" classname="shinytest2_tm_g_ci" name="e2e_tm_g_ci_Deselecting_AVISIT_filter_value_throws_validation_error."/>
    <testcase time="0.00600000000002865" classname="shinytest2_tm_g_ci" name="e2e_tm_g_ci_Deselecting_AVISIT_filter_value_throws_validation_error."/>
    <testcase time="0.00499999999999545" classname="shinytest2_tm_g_ci" name="e2e_tm_g_ci_Deselecting_AVISIT_filter_value_throws_validation_error."/>
    <testcase time="7.53100000000001" classname="shinytest2_tm_g_ci" name="e2e_tm_g_ci_Selecting_color_column_changes_plot_output_and_doesn_t_throw_validation_errors."/>
    <testcase time="0.00600000000002865" classname="shinytest2_tm_g_ci" name="e2e_tm_g_ci_Selecting_color_column_changes_plot_output_and_doesn_t_throw_validation_errors."/>
    <testcase time="7.32999999999998" classname="shinytest2_tm_g_ci" name="e2e_tm_g_ci_Deselecting_color_column_changes_plot_output_and_doesn_t_throw_validation_error."/>
    <testcase time="0.00599999999997181" classname="shinytest2_tm_g_ci" name="e2e_tm_g_ci_Deselecting_color_column_changes_plot_output_and_doesn_t_throw_validation_error."/>
    <testcase time="7.27100000000002" classname="shinytest2_tm_g_ci" name="e2e_tm_g_ci_Selecting_confidence_interval_value_changes_plot_and_doesn_t_throw_any_errors."/>
    <testcase time="0.00600000000002865" classname="shinytest2_tm_g_ci" name="e2e_tm_g_ci_Selecting_confidence_interval_value_changes_plot_and_doesn_t_throw_any_errors."/>
    <testcase time="7.20399999999995" classname="shinytest2_tm_g_ci" name="e2e_tm_g_ci_Selecting_statistic_to_use_changes_a_plot_and_doesn_t_throw_any_errors."/>
    <testcase time="0.007000000000005" classname="shinytest2_tm_g_ci" name="e2e_tm_g_ci_Selecting_statistic_to_use_changes_a_plot_and_doesn_t_throw_any_errors."/>
  </testsuite>
  <testsuite name="shinytest2-tm_g_forest_rsp" timestamp="2024-04-26T17:28:31Z" hostname="8dad1054ab36" tests="48" skipped="0" failures="0" errors="0" time="167.372">
    <testcase time="7.76800000000003" classname="shinytest2_tm_g_forest_rsp" name="e2e_tm_g_forest_rsp_Module_initializes_in_teal_without_errors_and_produces_plot_output."/>
    <testcase time="0.00599999999997181" classname="shinytest2_tm_g_forest_rsp" name="e2e_tm_g_forest_rsp_Module_initializes_in_teal_without_errors_and_produces_plot_output."/>
    <testcase time="0.0080000000000382" classname="shinytest2_tm_g_forest_rsp" name="e2e_tm_g_forest_rsp_Module_initializes_in_teal_without_errors_and_produces_plot_output."/>
    <testcase time="7.69399999999996" classname="shinytest2_tm_g_forest_rsp" name="e2e_tm_g_forest_rsp_Module_initializes_with_specified_label_arm_var_paramcd_aval_var_responders_subgroup_var_strata_var_conf_level_fixed_symbol_size_rel_width_forest_font_size."/>
    <testcase time="0.0930000000000177" classname="shinytest2_tm_g_forest_rsp" name="e2e_tm_g_forest_rsp_Module_initializes_with_specified_label_arm_var_paramcd_aval_var_responders_subgroup_var_strata_var_conf_level_fixed_symbol_size_rel_width_forest_font_size."/>
    <testcase time="0.0629999999999882" classname="shinytest2_tm_g_forest_rsp" name="e2e_tm_g_forest_rsp_Module_initializes_with_specified_label_arm_var_paramcd_aval_var_responders_subgroup_var_strata_var_conf_level_fixed_symbol_size_rel_width_forest_font_size."/>
    <testcase time="0.0600000000000023" classname="shinytest2_tm_g_forest_rsp" name="e2e_tm_g_forest_rsp_Module_initializes_with_specified_label_arm_var_paramcd_aval_var_responders_subgroup_var_strata_var_conf_level_fixed_symbol_size_rel_width_forest_font_size."/>
    <testcase time="0.0559999999999832" classname="shinytest2_tm_g_forest_rsp" name="e2e_tm_g_forest_rsp_Module_initializes_with_specified_label_arm_var_paramcd_aval_var_responders_subgroup_var_strata_var_conf_level_fixed_symbol_size_rel_width_forest_font_size."/>
    <testcase time="0.05600000000004" classname="shinytest2_tm_g_forest_rsp" name="e2e_tm_g_forest_rsp_Module_initializes_with_specified_label_arm_var_paramcd_aval_var_responders_subgroup_var_strata_var_conf_level_fixed_symbol_size_rel_width_forest_font_size."/>
    <testcase time="0.0559999999999832" classname="shinytest2_tm_g_forest_rsp" name="e2e_tm_g_forest_rsp_Module_initializes_with_specified_label_arm_var_paramcd_aval_var_responders_subgroup_var_strata_var_conf_level_fixed_symbol_size_rel_width_forest_font_size."/>
    <testcase time="0.0559999999999832" classname="shinytest2_tm_g_forest_rsp" name="e2e_tm_g_forest_rsp_Module_initializes_with_specified_label_arm_var_paramcd_aval_var_responders_subgroup_var_strata_var_conf_level_fixed_symbol_size_rel_width_forest_font_size."/>
    <testcase time="0.0600000000000023" classname="shinytest2_tm_g_forest_rsp" name="e2e_tm_g_forest_rsp_Module_initializes_with_specified_label_arm_var_paramcd_aval_var_responders_subgroup_var_strata_var_conf_level_fixed_symbol_size_rel_width_forest_font_size."/>
    <testcase time="0.0579999999999927" classname="shinytest2_tm_g_forest_rsp" name="e2e_tm_g_forest_rsp_Module_initializes_with_specified_label_arm_var_paramcd_aval_var_responders_subgroup_var_strata_var_conf_level_fixed_symbol_size_rel_width_forest_font_size."/>
    <testcase time="0.0670000000000073" classname="shinytest2_tm_g_forest_rsp" name="e2e_tm_g_forest_rsp_Module_initializes_with_specified_label_arm_var_paramcd_aval_var_responders_subgroup_var_strata_var_conf_level_fixed_symbol_size_rel_width_forest_font_size."/>
    <testcase time="9.67099999999999" classname="shinytest2_tm_g_forest_rsp" name="e2e_tm_g_forest_rsp_Selecting_arm_var_changes_plot_and_doesn_t_throw_validation_errors."/>
    <testcase time="0.00600000000002865" classname="shinytest2_tm_g_forest_rsp" name="e2e_tm_g_forest_rsp_Selecting_arm_var_changes_plot_and_doesn_t_throw_validation_errors."/>
    <testcase time="8.32599999999996" classname="shinytest2_tm_g_forest_rsp" name="e2e_tm_g_forest_rsp_Deselecting_arm_var_throws_validation_error."/>
    <testcase time="0.0080000000000382" classname="shinytest2_tm_g_forest_rsp" name="e2e_tm_g_forest_rsp_Deselecting_arm_var_throws_validation_error."/>
    <testcase time="11.322" classname="shinytest2_tm_g_forest_rsp" name="e2e_tm_g_forest_rsp_Selecting_paramcd_changes_plot_and_doesn_t_throw_validation_errors."/>
    <testcase time="0.00599999999997181" classname="shinytest2_tm_g_forest_rsp" name="e2e_tm_g_forest_rsp_Selecting_paramcd_changes_plot_and_doesn_t_throw_validation_errors."/>
    <testcase time="8.90100000000007" classname="shinytest2_tm_g_forest_rsp" name="e2e_tm_g_forest_rsp_Deselecting_paramcd_throws_validation_error."/>
    <testcase time="0.00799999999992451" classname="shinytest2_tm_g_forest_rsp" name="e2e_tm_g_forest_rsp_Deselecting_paramcd_throws_validation_error."/>
    <testcase time="9.56299999999999" classname="shinytest2_tm_g_forest_rsp" name="e2e_tm_g_forest_rsp_Selecting_responders_changes_plot_and_doesn_t_throw_validation_errors."/>
    <testcase time="0.00600000000008549" classname="shinytest2_tm_g_forest_rsp" name="e2e_tm_g_forest_rsp_Selecting_responders_changes_plot_and_doesn_t_throw_validation_errors."/>
    <testcase time="8.63799999999992" classname="shinytest2_tm_g_forest_rsp" name="e2e_tm_g_forest_rsp_Deselecting_responders_throws_validation_error."/>
    <testcase time="0.00700000000006185" classname="shinytest2_tm_g_forest_rsp" name="e2e_tm_g_forest_rsp_Deselecting_responders_throws_validation_error."/>
    <testcase time="9.82399999999996" classname="shinytest2_tm_g_forest_rsp" name="e2e_tm_g_forest_rsp_Selecting_subgroup_var_changes_plot_and_doesn_t_throw_validation_errors."/>
    <testcase time="0.00599999999997181" classname="shinytest2_tm_g_forest_rsp" name="e2e_tm_g_forest_rsp_Selecting_subgroup_var_changes_plot_and_doesn_t_throw_validation_errors."/>
    <testcase time="8.37900000000002" classname="shinytest2_tm_g_forest_rsp" name="e2e_tm_g_forest_rsp_Selecting_a_non_factors_column_in_subgroup_var_throws_validation_error."/>
    <testcase time="0.00700000000006185" classname="shinytest2_tm_g_forest_rsp" name="e2e_tm_g_forest_rsp_Selecting_a_non_factors_column_in_subgroup_var_throws_validation_error."/>
    <testcase time="9.25" classname="shinytest2_tm_g_forest_rsp" name="e2e_tm_g_forest_rsp_Deselecting_subgroup_var_changes_plot_and_doesn_t_throw_validation_errors."/>
    <testcase time="0.00599999999997181" classname="shinytest2_tm_g_forest_rsp" name="e2e_tm_g_forest_rsp_Deselecting_subgroup_var_changes_plot_and_doesn_t_throw_validation_errors."/>
    <testcase time="9.95000000000005" classname="shinytest2_tm_g_forest_rsp" name="e2e_tm_g_forest_rsp_Selecting_strata_var_changes_plot_and_doesn_t_throw_validation_errors."/>
    <testcase time="0.00699999999994816" classname="shinytest2_tm_g_forest_rsp" name="e2e_tm_g_forest_rsp_Selecting_strata_var_changes_plot_and_doesn_t_throw_validation_errors."/>
    <testcase time="9.94899999999996" classname="shinytest2_tm_g_forest_rsp" name="e2e_tm_g_forest_rsp_Deselecting_strata_var_changes_plot_and_doesn_t_throw_validation_errors."/>
    <testcase time="0.00600000000008549" classname="shinytest2_tm_g_forest_rsp" name="e2e_tm_g_forest_rsp_Deselecting_strata_var_changes_plot_and_doesn_t_throw_validation_errors."/>
    <testcase time="9.51900000000001" classname="shinytest2_tm_g_forest_rsp" name="e2e_tm_g_forest_rsp_Selecting_conf_level_changes_plot_and_doesn_t_throw_validation_errors."/>
    <testcase time="0.00599999999997181" classname="shinytest2_tm_g_forest_rsp" name="e2e_tm_g_forest_rsp_Selecting_conf_level_changes_plot_and_doesn_t_throw_validation_errors."/>
    <testcase time="8.48699999999997" classname="shinytest2_tm_g_forest_rsp" name="e2e_tm_g_forest_rsp_Deselecting_conf_level_or_selecting_outside_the_range_of_0_1_throws_validation_error."/>
    <testcase time="0.00700000000006185" classname="shinytest2_tm_g_forest_rsp" name="e2e_tm_g_forest_rsp_Deselecting_conf_level_or_selecting_outside_the_range_of_0_1_throws_validation_error."/>
    <testcase time="0.562999999999988" classname="shinytest2_tm_g_forest_rsp" name="e2e_tm_g_forest_rsp_Deselecting_conf_level_or_selecting_outside_the_range_of_0_1_throws_validation_error."/>
    <testcase time="0.00799999999992451" classname="shinytest2_tm_g_forest_rsp" name="e2e_tm_g_forest_rsp_Deselecting_conf_level_or_selecting_outside_the_range_of_0_1_throws_validation_error."/>
    <testcase time="9.58800000000008" classname="shinytest2_tm_g_forest_rsp" name="e2e_tm_g_forest_rsp_Unsetting_fixed_symbol_size_changes_plot_and_doesn_t_throw_validation_errors."/>
    <testcase time="0.00599999999997181" classname="shinytest2_tm_g_forest_rsp" name="e2e_tm_g_forest_rsp_Unsetting_fixed_symbol_size_changes_plot_and_doesn_t_throw_validation_errors."/>
    <testcase time="9.62599999999998" classname="shinytest2_tm_g_forest_rsp" name="e2e_tm_g_forest_rsp_Changing_rel_width_forest_changes_plot_and_doesn_t_throw_validation_errors."/>
    <testcase time="0.00600000000008549" classname="shinytest2_tm_g_forest_rsp" name="e2e_tm_g_forest_rsp_Changing_rel_width_forest_changes_plot_and_doesn_t_throw_validation_errors."/>
    <testcase time="9.60299999999995" classname="shinytest2_tm_g_forest_rsp" name="e2e_tm_g_forest_rsp_Changing_font_size_changes_plot_and_doesn_t_throw_validation_errors."/>
    <testcase time="0.00599999999997181" classname="shinytest2_tm_g_forest_rsp" name="e2e_tm_g_forest_rsp_Changing_font_size_changes_plot_and_doesn_t_throw_validation_errors."/>
  </testsuite>
  <testsuite name="shinytest2-tm_g_pp_therapy" timestamp="2024-04-26T17:31:18Z" hostname="8dad1054ab36" tests="23" skipped="0" failures="0" errors="23" time="2369.749">
    <testcase time="103.032" classname="shinytest2_tm_g_pp_therapy" name="e2e_tm_g_pp_therapy_Module_initializes_in_teal_without_errors_and_produces_output.">
      <error type="error" message="Error in `app_initialize(self, private, app_dir = app_dir, ..., load_timeout = load_timeout,  ('test-shinytest2-tm_g_pp_therapy.R:93:3')">Error in `app_initialize(self, private, app_dir = app_dir, ..., load_timeout = load_timeout, 
    timeout = timeout, wait = wait, expect_values_screenshot_args = expect_values_screenshot_args, 
    screenshot_args = screenshot_args, check_names = check_names, 
    name = name, variant = variant, view = view, height = height, 
    width = width, seed = seed, clean_logs = clean_logs, shiny_args = shiny_args, 
    render_args = render_args, options = options)`: Shiny app did not become stable in 1e+05ms.
Message: An error occurred while waiting for Shiny to be stable
Caused by error in `app_wait_for_idle()`:
! An error occurred while waiting for Shiny to be stable


i You can inspect the failed AppDriver object via `rlang::last_error()$app`
i AppDriver logs:
{shinytest2} R  info   17:31:18.94 Start AppDriver initialization
{shinytest2} R  info   17:31:18.97 Starting Shiny app
{shinytest2} R  info   17:31:21.00 Creating new ChromoteSession
{shinytest2} R  info   17:31:21.04 Navigating to Shiny app
{shinytest2} R  info   17:31:21.18 Injecting shiny-tracer.js
{chromote}   JS info   17:31:21.19 shinytest2; jQuery not found
{chromote}   JS info   17:31:21.19 shinytest2; Loaded
{shinytest2} R  info   17:31:21.19 Waiting for Shiny to become ready
{chromote}   JS info   17:31:21.28 shinytest2; jQuery found
{chromote}   JS info   17:31:21.28 shinytest2; Waiting for shiny session to connect
{chromote}   JS info   17:31:21.41 shinytest2; Connected
{shinytest2} R  info   17:31:21.41 Waiting for Shiny to become idle for 200ms within 1e+05ms
{chromote}   JS info   17:31:21.41 shinytest2; Waiting for Shiny to be stable
{chromote}   JS info   17:31:21.45 shinytest2; shiny:busy
{chromote}   JS info   17:31:22.71 shinytest2; shiny:idle
{chromote}   JS info   17:31:22.71 shinytest2; shiny:value teal-identifier
{chromote}   JS info   17:31:22.71 shinytest2; shiny:value error
{chromote}   JS info   17:31:22.72 shinytest2; shiny:busy
{chromote}   JS info   17:31:22.72 shinytest2; shiny:idle
{chromote}   JS info   17:31:22.74 shinytest2; shiny:busy
{shinytest2} R  info   17:33:01.43 Error while initializing AppDriver:
                                   Shiny app did not become stable in 1e+05ms.
                                   Message: An error occurred while waiting for Shiny to be stable
                                   Caused by error in `app_wait_for_idle()`:
                                   ! An error occurred while waiting for Shiny to be stable
{shiny}      R  stderr ----------- Loading required package: shiny
{shiny}      R  stderr ----------- Attempting to load the environment ‘package:dplyr’
{shiny}      R  stderr ----------- 
{shiny}      R  stderr ----------- Attaching package: ‘dplyr’
{shiny}      R  stderr ----------- 
{shiny}      R  stderr ----------- The following objects are masked from ‘package:stats’:
{shiny}      R  stderr ----------- 
{shiny}      R  stderr -----------     filter, lag
{shiny}      R  stderr ----------- 
{shiny}      R  stderr ----------- The following objects are masked from ‘package:base’:
{shiny}      R  stderr ----------- 
{shiny}      R  stderr -----------     intersect, setdiff, setequal, union
{shiny}      R  stderr ----------- 
{shiny}      R  stderr ----------- Loading required package: teal
{shiny}      R  stderr ----------- Loading required package: teal.data
{shiny}      R  stderr ----------- Loading required package: teal.code
{shiny}      R  stderr ----------- Loading required package: teal.slice
{shiny}      R  stderr ----------- 
{shiny}      R  stderr ----------- You are using teal version 0.15.2.9031
{shiny}      R  stderr ----------- 
{shiny}      R  stderr ----------- Attaching package: ‘teal’
{shiny}      R  stderr ----------- 
{shiny}      R  stderr ----------- The following objects are masked from ‘package:teal.slice’:
{shiny}      R  stderr ----------- 
{shiny}      R  stderr -----------     as.teal_slices, teal_slices
{shiny}      R  stderr ----------- 
{shiny}      R  stderr ----------- Loading required package: teal.transform
{shiny}      R  stderr ----------- Loading required package: tern
{shiny}      R  stderr ----------- Loading required package: rtables
{shiny}      R  stderr ----------- Loading required package: formatters
{shiny}      R  stderr ----------- Loading required package: magrittr
{shiny}      R  stderr ----------- 
{shiny}      R  stderr ----------- Attaching package: ‘rtables’
{shiny}      R  stderr ----------- 
{shiny}      R  stderr ----------- The following object is masked from ‘package:utils’:
{shiny}      R  stderr ----------- 
{shiny}      R  stderr -----------     str
{shiny}      R  stderr ----------- 
{shiny}      R  stderr ----------- Running application in test mode.
{shiny}      R  stderr ----------- 
{shiny}      R  stderr ----------- Listening on http://127.0.0.1:5582
{shiny}      R  stderr ----------- Initializing reporter_previewer_module
{shiny}      R  stderr ----------- Warning: Error in &lt;Anonymous&gt;: error in evaluating the argument 'code' in selecting a method for function 'eval_code': Assertion on 'subset' failed: Must be a subset of {'','USUBJID','STUDYID','CMCLAS','CMDECOD','ATIREL','CMCAT','COUNTRY','SITEID','SUBJID','AGE','SEX','ARMCD','ARM','ACTARMCD','ACTARM','RACE','TRTSDTM','TRTEDTM','EOSDY','EOSDT','STRATA1','STRATA2','BMRKR1','BMRKR2','REGION1','SAFFL','EOSSTT','EOTSTT','DCSREAS','DTHDT','ASTDTM','ASTDY','AENDTM','AENDY','CMSEQ','ATC1','ATC2','ATC3','ATC4','CMINDC','CMDOSE','CMTRT','CMDOSU','CMROUTE','CMDOSFRQ','CMASTDTM','CMAENDTM','ATIREL2','CMDECOD2','CMINDC2','CMDOSE2','CMDOSU2','CMROUTE2','CMDOSFRQ2','ASTDY2','AENDY2'}, but has additional elements {'CMTRT2'}.
{shiny}      R  stderr -----------   241: &lt;Anonymous&gt;
{shiny}      R  stderr -----------   240: stop
{shiny}      R  stderr -----------   239: mstop
{shiny}      R  stderr -----------   238: makeAssertion
{shiny}      R  stderr -----------   237: checkmate::assert_subset
{shiny}      R  stderr -----------   236: variable_choices.data.frame
{shiny}      R  stderr -----------   233: resolve.delayed_variable_choices
{shiny}      R  stderr -----------   231: resolve.delayed_select_spec
{shiny}      R  stderr -----------   229: resolve.delayed_data_extract_spec
{shiny}      R  stderr -----------   227: resolve_delayed.list
{shiny}      R  stderr -----------   213: module
{shiny}      R  stderr -----------   208: callModule
{shiny}      R  stderr -----------   207: moduleServer
{shiny}      R  stderr -----------   206: data_extract_single_srv
{shiny}      R  stderr -----------   205: FUN
{shiny}      R  stderr -----------   204: lapply
{shiny}      R  stderr -----------   203: module
{shiny}      R  stderr -----------   198: callModule
{shiny}      R  stderr -----------   197: moduleServer
{shiny}      R  stderr -----------   196: data_extract_srv.list
{shiny}      R  stderr -----------   194: FUN
{shiny}      R  stderr -----------   193: lapply
{shiny}      R  stderr -----------   192: sapply
{shiny}      R  stderr -----------   191: &lt;reactive&gt;
{shiny}      R  stderr -----------   175: selector_list
{shiny}      R  stderr -----------   170: &lt;reactive&gt;
{shiny}      R  stderr -----------   154: anl_inputs
{shiny}      R  stderr -----------   153: as.expression
{shiny}      R  stderr -----------   152: teal.code::eval_code
{shiny}      R  stderr -----------   151: %&gt;%
{shiny}      R  stderr -----------   150: &lt;reactive&gt;
{shiny}      R  stderr -----------   134: merged$anl_q
{shiny}      R  stderr -----------   128: &lt;reactive&gt;
{shiny}      R  stderr -----------   112: all_q
{shiny}      R  stderr -----------   110: renderText
{shiny}      R  stderr -----------   109: func
{shiny}      R  stderr -----------    96: renderFunc
{shiny}      R  stderr -----------    95: output$teal-main_ui-root-therapy__e2e_-module-title
{shiny}      R  stderr -----------    14: &lt;Anonymous&gt;
{shiny}      R  stderr -----------    12: &lt;Anonymous&gt;
{shiny}      R  stderr -----------    11: &lt;Anonymous&gt;
{shiny}      R  stderr -----------    10: base::do.call
{shiny}      R  stderr -----------     9: base::saveRDS
{shiny}      R  stderr -----------     8: base::withCallingHandlers
{shiny}      R  stderr -----------     7: doTryCatch
{shiny}      R  stderr -----------     6: tryCatchOne
{shiny}      R  stderr -----------     5: tryCatchList
{shiny}      R  stderr -----------     2: tryCatchList
{shiny}      R  stderr -----------     1: base::tryCatch
{shiny}      R  stderr ----------- Warning: Error in &lt;Anonymous&gt;: error in evaluating the argument 'code' in selecting a method for function 'eval_code': Assertion on 'subset' failed: Must be a subset of {'','USUBJID','STUDYID','CMCLAS','CMDECOD','ATIREL','CMCAT','COUNTRY','SITEID','SUBJID','AGE','SEX','ARMCD','ARM','ACTARMCD','ACTARM','RACE','TRTSDTM','TRTEDTM','EOSDY','EOSDT','STRATA1','STRATA2','BMRKR1','BMRKR2','REGION1','SAFFL','EOSSTT','EOTSTT','DCSREAS','DTHDT','ASTDTM','ASTDY','AENDTM','AENDY','CMSEQ','ATC1','ATC2','ATC3','ATC4','CMINDC','CMDOSE','CMTRT','CMDOSU','CMROUTE','CMDOSFRQ','CMASTDTM','CMAENDTM','ATIREL2','CMDECOD2','CMINDC2','CMDOSE2','CMDOSU2','CMROUTE2','CMDOSFRQ2','ASTDY2','AENDY2'}, but has additional elements {'CMTRT2'}.
{shiny}      R  stderr -----------   122: &lt;Anonymous&gt;
{shiny}      R  stderr -----------   121: stop
{shiny}      R  stderr -----------   120: all_q
{shiny}      R  stderr -----------   117: exprFunc
{shiny}      R  stderr -----------   116: widgetFunc
{shiny}      R  stderr -----------   115: ::
{shiny}      R  stderr ----------- htmlwidgets
{shiny}      R  stderr ----------- shinyRenderWidget
{shiny}      R  stderr -----------   114: func
{shiny}      R  stderr -----------   101: renderFunc
{shiny}      R  stderr -----------   100: renderFunc
{shiny}      R  stderr -----------    96: renderFunc
{shiny}      R  stderr -----------    95: output$teal-main_ui-root-therapy__e2e_-module-therapy_table
{shiny}      R  stderr -----------    14: &lt;Anonymous&gt;
{shiny}      R  stderr -----------    12: &lt;Anonymous&gt;
{shiny}      R  stderr -----------    11: &lt;Anonymous&gt;
{shiny}      R  stderr -----------    10: base::do.call
{shiny}      R  stderr -----------     9: base::saveRDS
{shiny}      R  stderr -----------     8: base::withCallingHandlers
{shiny}      R  stderr -----------     7: doTryCatch
{shiny}      R  stderr -----------     6: tryCatchOne
{shiny}      R  stderr -----------     5: tryCatchList
{shiny}      R  stderr -----------     2: tryCatchList
{shiny}      R  stderr -----------     1: base::tryCatch
{shiny}      R  stderr ----------- Warning: Error in variable_choices.data.frame: Assertion on 'subset' failed: Must be a subset of {'','USUBJID','STUDYID','CMCLAS','CMDECOD','ATIREL','CMCAT','COUNTRY','SITEID','SUBJID','AGE','SEX','ARMCD','ARM','ACTARMCD','ACTARM','RACE','TRTSDTM','TRTEDTM','EOSDY','EOSDT','STRATA1','STRATA2','BMRKR1','BMRKR2','REGION1','SAFFL','EOSSTT','EOTSTT','DCSREAS','DTHDT','ASTDTM','ASTDY','AENDTM','AENDY','CMSEQ','ATC1','ATC2','ATC3','ATC4','CMINDC','CMDOSE','CMTRT','CMDOSU','CMROUTE','CMDOSFRQ','CMASTDTM','CMAENDTM','ATIREL2','CMDECOD2','CMINDC2','CMDOSE2','CMDOSU2','CMROUTE2','CMDOSFRQ2','ASTDY2','AENDY2'}, but has additional elements {'CMTRT2'}.
{shiny}      R  stderr -----------   162: &lt;Anonymous&gt;
{shiny}      R  stderr -----------   161: stop
{shiny}      R  stderr -----------   160: selector_list
{shiny}      R  stderr -----------   159: teal.transform::compose_and_enable_validators
{shiny}      R  stderr -----------   158: &lt;reactive&gt;
{shiny}      R  stderr -----------   142: iv_r
{shiny}      R  stderr -----------   135: &lt;reactive&gt;
{shiny}      R  stderr -----------   119: plot_r
{shiny}      R  stderr -----------   110: renderUI
{shiny}      R  stderr -----------   109: func
{shiny}      R  stderr -----------    96: renderFunc
{shiny}      R  stderr -----------    95: output$teal-main_ui-root-therapy__e2e_-module-therapy_plot-plot_out_main
{shiny}      R  stderr -----------    14: &lt;Anonymous&gt;
{shiny}      R  stderr -----------    12: &lt;Anonymous&gt;
{shiny}      R  stderr -----------    11: &lt;Anonymous&gt;
{shiny}      R  stderr -----------    10: base::do.call
{shiny}      R  stderr -----------     9: base::saveRDS
{shiny}      R  stderr -----------     8: base::withCallingHandlers
{shiny}      R  stderr -----------     7: doTryCatch
{shiny}      R  stderr -----------     6: tryCatchOne
{shiny}      R  stderr -----------     5: tryCatchList
{shiny}      R  stderr -----------     2: tryCatchList
{shiny}      R  stderr -----------     1: base::tryCatch
{shiny}      R  stderr ----------- Warning: Error in &lt;Anonymous&gt;: error in evaluating the argument 'code' in selecting a method for function 'eval_code': Assertion on 'subset' failed: Must be a subset of {'','USUBJID','STUDYID','CMCLAS','CMDECOD','ATIREL','CMCAT','COUNTRY','SITEID','SUBJID','AGE','SEX','ARMCD','ARM','ACTARMCD','ACTARM','RACE','TRTSDTM','TRTEDTM','EOSDY','EOSDT','STRATA1','STRATA2','BMRKR1','BMRKR2','REGION1','SAFFL','EOSSTT','EOTSTT','DCSREAS','DTHDT','ASTDTM','ASTDY','AENDTM','AENDY','CMSEQ','ATC1','ATC2','ATC3','ATC4','CMINDC','CMDOSE','CMTRT','CMDOSU','CMROUTE','CMDOSFRQ','CMASTDTM','CMAENDTM','ATIREL2','CMDECOD2','CMINDC2','CMDOSE2','CMDOSU2','CMROUTE2','CMDOSFRQ2','ASTDY2','AENDY2'}, but has additional elements {'CMTRT2'}.
{shiny}      R  stderr -----------   14: &lt;Anonymous&gt;
{shiny}      R  stderr -----------   12: &lt;Anonymous&gt;
{shiny}      R  stderr -----------   11: &lt;Anonymous&gt;
{shiny}      R  stderr -----------   10: base::do.call
{shiny}      R  stderr -----------    9: base::saveRDS
{shiny}      R  stderr -----------    8: base::withCallingHandlers
{shiny}      R  stderr -----------    7: doTryCatch
{shiny}      R  stderr -----------    6: tryCatchOne
{shiny}      R  stderr -----------    5: tryCatchList
{shiny}      R  stderr -----------    2: tryCatchList
{shiny}      R  stderr -----------    1: base::tryCatch


Caused by error in `app_initialize_()`:
! Shiny app did not become stable in 1e+05ms.
Message: An error occurred while waiting for Shiny to be stable
Caused by error in `app_wait_for_idle()`:
! An error occurred while waiting for Shiny to be stable
Backtrace:
     x
  1. +-teal.modules.clinical (local) app_driver_tm_g_pp_therapy() at test-shinytest2-tm_g_pp_therapy.R:93:3
  2. | \-teal.modules.clinical:::init_teal_app_driver(...) at test-shinytest2-tm_g_pp_therapy.R:31:3
  3. |   +-testthat::with_mocked_bindings(...) at tests/testthat/helper-TealAppDriver.R:7:3
  4. |   \-TealAppDriver$new(...) at tests/testthat/helper-TealAppDriver.R:10:7
  5. |     \-teal (local) initialize(...)
  6. |       +-base::suppressWarnings(...)
  7. |       | \-base::withCallingHandlers(...)
  8. |       \-super$initialize(...)
  9. |         \-shinytest2:::app_initialize(...)
 10. |           +-base::withCallingHandlers(...)
 11. |           \-shinytest2:::app_initialize_(self, private, ..., view = view)
 12. |             +-base::withCallingHandlers(...)
 13. |             \-self$wait_for_idle(duration = 200, timeout = private$load_timeout)
 14. |               \-shinytest2:::app_wait_for_idle(...)
 15. |                 \-shinytest2:::app_abort(self, private, "An error occurred while waiting for Shiny to be stable")
 16. |                   \-rlang::abort(..., app = self, call = call)
 17. |                     \-rlang:::signal_abort(cnd, .file)
 18. |                       \-base::signalCondition(cnd)
 19. +-shinytest2 (local) `&lt;fn&gt;`(`&lt;rlng_rrr&gt;`)
 20. | \-shinytest2:::app_abort(...)
 21. |   \-rlang::abort(..., app = self, call = call)
 22. |     \-rlang:::signal_abort(cnd, .file)
 23. |       \-base::signalCondition(cnd)
 24. \-shinytest2 (local) `&lt;fn&gt;`(`&lt;rlng_rrr&gt;`)
 25.   \-shinytest2:::app_abort(...)
 26.     \-rlang::abort(..., app = self, call = call)</error>
    </testcase>
    <testcase time="102.964" classname="shinytest2_tm_g_pp_therapy" name="e2e_tm_g_pp_therapy_Starts_with_specified_label_paramcd_arm_var_buckets_paramcd_subgroup_var_strata_var_and_plot_settings">
      <error type="error" message="Error in `app_initialize(self, private, app_dir = app_dir, ..., load_timeout = load_timeout,  ('test-shinytest2-tm_g_pp_therapy.R:114:5')">Error in `app_initialize(self, private, app_dir = app_dir, ..., load_timeout = load_timeout, 
    timeout = timeout, wait = wait, expect_values_screenshot_args = expect_values_screenshot_args, 
    screenshot_args = screenshot_args, check_names = check_names, 
    name = name, variant = variant, view = view, height = height, 
    width = width, seed = seed, clean_logs = clean_logs, shiny_args = shiny_args, 
    render_args = render_args, options = options)`: Shiny app did not become stable in 1e+05ms.
Message: An error occurred while waiting for Shiny to be stable
Caused by error in `app_wait_for_idle()`:
! An error occurred while waiting for Shiny to be stable


i You can inspect the failed AppDriver object via `rlang::last_error()$app`
i AppDriver logs:
{shinytest2} R  info   17:33:01.96 Start AppDriver initialization
{shinytest2} R  info   17:33:01.99 Starting Shiny app
{shinytest2} R  info   17:33:04.02 Creating new ChromoteSession
{shinytest2} R  info   17:33:04.05 Navigating to Shiny app
{shinytest2} R  info   17:33:04.15 Injecting shiny-tracer.js
{chromote}   JS info   17:33:04.16 shinytest2; jQuery not found
{chromote}   JS info   17:33:04.16 shinytest2; Loaded
{shinytest2} R  info   17:33:04.16 Waiting for Shiny to become ready
{chromote}   JS info   17:33:04.25 shinytest2; jQuery found
{chromote}   JS info   17:33:04.25 shinytest2; Waiting for shiny session to connect
{chromote}   JS info   17:33:04.37 shinytest2; Connected
{shinytest2} R  info   17:33:04.38 Waiting for Shiny to become idle for 200ms within 1e+05ms
{chromote}   JS info   17:33:04.39 shinytest2; Waiting for Shiny to be stable
{chromote}   JS info   17:33:04.41 shinytest2; shiny:busy
{chromote}   JS info   17:33:05.64 shinytest2; shiny:idle
{chromote}   JS info   17:33:05.64 shinytest2; shiny:value teal-identifier
{chromote}   JS info   17:33:05.65 shinytest2; shiny:value error
{chromote}   JS info   17:33:05.65 shinytest2; shiny:busy
{chromote}   JS info   17:33:05.65 shinytest2; shiny:idle
{chromote}   JS info   17:33:05.67 shinytest2; shiny:busy
{shinytest2} R  info   17:34:44.40 Error while initializing AppDriver:
                                   Shiny app did not become stable in 1e+05ms.
                                   Message: An error occurred while waiting for Shiny to be stable
                                   Caused by error in `app_wait_for_idle()`:
                                   ! An error occurred while waiting for Shiny to be stable
{shiny}      R  stderr ----------- Loading required package: shiny
{shiny}      R  stderr ----------- Attempting to load the environment ‘package:dplyr’
{shiny}      R  stderr ----------- 
{shiny}      R  stderr ----------- Attaching package: ‘dplyr’
{shiny}      R  stderr ----------- 
{shiny}      R  stderr ----------- The following objects are masked from ‘package:stats’:
{shiny}      R  stderr ----------- 
{shiny}      R  stderr -----------     filter, lag
{shiny}      R  stderr ----------- 
{shiny}      R  stderr ----------- The following objects are masked from ‘package:base’:
{shiny}      R  stderr ----------- 
{shiny}      R  stderr -----------     intersect, setdiff, setequal, union
{shiny}      R  stderr ----------- 
{shiny}      R  stderr ----------- Loading required package: teal
{shiny}      R  stderr ----------- Loading required package: teal.data
{shiny}      R  stderr ----------- Loading required package: teal.code
{shiny}      R  stderr ----------- Loading required package: teal.slice
{shiny}      R  stderr ----------- 
{shiny}      R  stderr ----------- You are using teal version 0.15.2.9031
{shiny}      R  stderr ----------- 
{shiny}      R  stderr ----------- Attaching package: ‘teal’
{shiny}      R  stderr ----------- 
{shiny}      R  stderr ----------- The following objects are masked from ‘package:teal.slice’:
{shiny}      R  stderr ----------- 
{shiny}      R  stderr -----------     as.teal_slices, teal_slices
{shiny}      R  stderr ----------- 
{shiny}      R  stderr ----------- Loading required package: teal.transform
{shiny}      R  stderr ----------- Loading required package: tern
{shiny}      R  stderr ----------- Loading required package: rtables
{shiny}      R  stderr ----------- Loading required package: formatters
{shiny}      R  stderr ----------- Loading required package: magrittr
{shiny}      R  stderr ----------- 
{shiny}      R  stderr ----------- Attaching package: ‘rtables’
{shiny}      R  stderr ----------- 
{shiny}      R  stderr ----------- The following object is masked from ‘package:utils’:
{shiny}      R  stderr ----------- 
{shiny}      R  stderr -----------     str
{shiny}      R  stderr ----------- 
{shiny}      R  stderr ----------- Running application in test mode.
{shiny}      R  stderr ----------- 
{shiny}      R  stderr ----------- Listening on http://127.0.0.1:6198
{shiny}      R  stderr ----------- Initializing reporter_previewer_module
{shiny}      R  stderr ----------- Warning: Error in &lt;Anonymous&gt;: error in evaluating the argument 'code' in selecting a method for function 'eval_code': Assertion on 'subset' failed: Must be a subset of {'','USUBJID','STUDYID','CMCLAS','CMDECOD','ATIREL','CMCAT','COUNTRY','SITEID','SUBJID','AGE','SEX','ARMCD','ARM','ACTARMCD','ACTARM','RACE','TRTSDTM','TRTEDTM','EOSDY','EOSDT','STRATA1','STRATA2','BMRKR1','BMRKR2','REGION1','SAFFL','EOSSTT','EOTSTT','DCSREAS','DTHDT','ASTDTM','ASTDY','AENDTM','AENDY','CMSEQ','ATC1','ATC2','ATC3','ATC4','CMINDC','CMDOSE','CMTRT','CMDOSU','CMROUTE','CMDOSFRQ','CMASTDTM','CMAENDTM','ATIREL2','CMDECOD2','CMINDC2','CMDOSE2','CMDOSU2','CMROUTE2','CMDOSFRQ2','ASTDY2','AENDY2'}, but has additional elements {'CMTRT2'}.
{shiny}      R  stderr -----------   241: &lt;Anonymous&gt;
{shiny}      R  stderr -----------   240: stop
{shiny}      R  stderr -----------   239: mstop
{shiny}      R  stderr -----------   238: makeAssertion
{shiny}      R  stderr -----------   237: checkmate::assert_subset
{shiny}      R  stderr -----------   236: variable_choices.data.frame
{shiny}      R  stderr -----------   233: resolve.delayed_variable_choices
{shiny}      R  stderr -----------   231: resolve.delayed_select_spec
{shiny}      R  stderr -----------   229: resolve.delayed_data_extract_spec
{shiny}      R  stderr -----------   227: resolve_delayed.list
{shiny}      R  stderr -----------   213: module
{shiny}      R  stderr -----------   208: callModule
{shiny}      R  stderr -----------   207: moduleServer
{shiny}      R  stderr -----------   206: data_extract_single_srv
{shiny}      R  stderr -----------   205: FUN
{shiny}      R  stderr -----------   204: lapply
{shiny}      R  stderr -----------   203: module
{shiny}      R  stderr -----------   198: callModule
{shiny}      R  stderr -----------   197: moduleServer
{shiny}      R  stderr -----------   196: data_extract_srv.list
{shiny}      R  stderr -----------   194: FUN
{shiny}      R  stderr -----------   193: lapply
{shiny}      R  stderr -----------   192: sapply
{shiny}      R  stderr -----------   191: &lt;reactive&gt;
{shiny}      R  stderr -----------   175: selector_list
{shiny}      R  stderr -----------   170: &lt;reactive&gt;
{shiny}      R  stderr -----------   154: anl_inputs
{shiny}      R  stderr -----------   153: as.expression
{shiny}      R  stderr -----------   152: teal.code::eval_code
{shiny}      R  stderr -----------   151: %&gt;%
{shiny}      R  stderr -----------   150: &lt;reactive&gt;
{shiny}      R  stderr -----------   134: merged$anl_q
{shiny}      R  stderr -----------   128: &lt;reactive&gt;
{shiny}      R  stderr -----------   112: all_q
{shiny}      R  stderr -----------   110: renderText
{shiny}      R  stderr -----------   109: func
{shiny}      R  stderr -----------    96: renderFunc
{shiny}      R  stderr -----------    95: output$teal-main_ui-root-therapy__e2e_-module-title
{shiny}      R  stderr -----------    14: &lt;Anonymous&gt;
{shiny}      R  stderr -----------    12: &lt;Anonymous&gt;
{shiny}      R  stderr -----------    11: &lt;Anonymous&gt;
{shiny}      R  stderr -----------    10: base::do.call
{shiny}      R  stderr -----------     9: base::saveRDS
{shiny}      R  stderr -----------     8: base::withCallingHandlers
{shiny}      R  stderr -----------     7: doTryCatch
{shiny}      R  stderr -----------     6: tryCatchOne
{shiny}      R  stderr -----------     5: tryCatchList
{shiny}      R  stderr -----------     2: tryCatchList
{shiny}      R  stderr -----------     1: base::tryCatch
{shiny}      R  stderr ----------- Warning: Error in &lt;Anonymous&gt;: error in evaluating the argument 'code' in selecting a method for function 'eval_code': Assertion on 'subset' failed: Must be a subset of {'','USUBJID','STUDYID','CMCLAS','CMDECOD','ATIREL','CMCAT','COUNTRY','SITEID','SUBJID','AGE','SEX','ARMCD','ARM','ACTARMCD','ACTARM','RACE','TRTSDTM','TRTEDTM','EOSDY','EOSDT','STRATA1','STRATA2','BMRKR1','BMRKR2','REGION1','SAFFL','EOSSTT','EOTSTT','DCSREAS','DTHDT','ASTDTM','ASTDY','AENDTM','AENDY','CMSEQ','ATC1','ATC2','ATC3','ATC4','CMINDC','CMDOSE','CMTRT','CMDOSU','CMROUTE','CMDOSFRQ','CMASTDTM','CMAENDTM','ATIREL2','CMDECOD2','CMINDC2','CMDOSE2','CMDOSU2','CMROUTE2','CMDOSFRQ2','ASTDY2','AENDY2'}, but has additional elements {'CMTRT2'}.
{shiny}      R  stderr -----------   122: &lt;Anonymous&gt;
{shiny}      R  stderr -----------   121: stop
{shiny}      R  stderr -----------   120: all_q
{shiny}      R  stderr -----------   117: exprFunc
{shiny}      R  stderr -----------   116: widgetFunc
{shiny}      R  stderr -----------   115: ::
{shiny}      R  stderr ----------- htmlwidgets
{shiny}      R  stderr ----------- shinyRenderWidget
{shiny}      R  stderr -----------   114: func
{shiny}      R  stderr -----------   101: renderFunc
{shiny}      R  stderr -----------   100: renderFunc
{shiny}      R  stderr -----------    96: renderFunc
{shiny}      R  stderr -----------    95: output$teal-main_ui-root-therapy__e2e_-module-therapy_table
{shiny}      R  stderr -----------    14: &lt;Anonymous&gt;
{shiny}      R  stderr -----------    12: &lt;Anonymous&gt;
{shiny}      R  stderr -----------    11: &lt;Anonymous&gt;
{shiny}      R  stderr -----------    10: base::do.call
{shiny}      R  stderr -----------     9: base::saveRDS
{shiny}      R  stderr -----------     8: base::withCallingHandlers
{shiny}      R  stderr -----------     7: doTryCatch
{shiny}      R  stderr -----------     6: tryCatchOne
{shiny}      R  stderr -----------     5: tryCatchList
{shiny}      R  stderr -----------     2: tryCatchList
{shiny}      R  stderr -----------     1: base::tryCatch
{shiny}      R  stderr ----------- Warning: Error in variable_choices.data.frame: Assertion on 'subset' failed: Must be a subset of {'','USUBJID','STUDYID','CMCLAS','CMDECOD','ATIREL','CMCAT','COUNTRY','SITEID','SUBJID','AGE','SEX','ARMCD','ARM','ACTARMCD','ACTARM','RACE','TRTSDTM','TRTEDTM','EOSDY','EOSDT','STRATA1','STRATA2','BMRKR1','BMRKR2','REGION1','SAFFL','EOSSTT','EOTSTT','DCSREAS','DTHDT','ASTDTM','ASTDY','AENDTM','AENDY','CMSEQ','ATC1','ATC2','ATC3','ATC4','CMINDC','CMDOSE','CMTRT','CMDOSU','CMROUTE','CMDOSFRQ','CMASTDTM','CMAENDTM','ATIREL2','CMDECOD2','CMINDC2','CMDOSE2','CMDOSU2','CMROUTE2','CMDOSFRQ2','ASTDY2','AENDY2'}, but has additional elements {'CMTRT2'}.
{shiny}      R  stderr -----------   162: &lt;Anonymous&gt;
{shiny}      R  stderr -----------   161: stop
{shiny}      R  stderr -----------   160: selector_list
{shiny}      R  stderr -----------   159: teal.transform::compose_and_enable_validators
{shiny}      R  stderr -----------   158: &lt;reactive&gt;
{shiny}      R  stderr -----------   142: iv_r
{shiny}      R  stderr -----------   135: &lt;reactive&gt;
{shiny}      R  stderr -----------   119: plot_r
{shiny}      R  stderr -----------   110: renderUI
{shiny}      R  stderr -----------   109: func
{shiny}      R  stderr -----------    96: renderFunc
{shiny}      R  stderr -----------    95: output$teal-main_ui-root-therapy__e2e_-module-therapy_plot-plot_out_main
{shiny}      R  stderr -----------    14: &lt;Anonymous&gt;
{shiny}      R  stderr -----------    12: &lt;Anonymous&gt;
{shiny}      R  stderr -----------    11: &lt;Anonymous&gt;
{shiny}      R  stderr -----------    10: base::do.call
{shiny}      R  stderr -----------     9: base::saveRDS
{shiny}      R  stderr -----------     8: base::withCallingHandlers
{shiny}      R  stderr -----------     7: doTryCatch
{shiny}      R  stderr -----------     6: tryCatchOne
{shiny}      R  stderr -----------     5: tryCatchList
{shiny}      R  stderr -----------     2: tryCatchList
{shiny}      R  stderr -----------     1: base::tryCatch
{shiny}      R  stderr ----------- Warning: Error in &lt;Anonymous&gt;: error in evaluating the argument 'code' in selecting a method for function 'eval_code': Assertion on 'subset' failed: Must be a subset of {'','USUBJID','STUDYID','CMCLAS','CMDECOD','ATIREL','CMCAT','COUNTRY','SITEID','SUBJID','AGE','SEX','ARMCD','ARM','ACTARMCD','ACTARM','RACE','TRTSDTM','TRTEDTM','EOSDY','EOSDT','STRATA1','STRATA2','BMRKR1','BMRKR2','REGION1','SAFFL','EOSSTT','EOTSTT','DCSREAS','DTHDT','ASTDTM','ASTDY','AENDTM','AENDY','CMSEQ','ATC1','ATC2','ATC3','ATC4','CMINDC','CMDOSE','CMTRT','CMDOSU','CMROUTE','CMDOSFRQ','CMASTDTM','CMAENDTM','ATIREL2','CMDECOD2','CMINDC2','CMDOSE2','CMDOSU2','CMROUTE2','CMDOSFRQ2','ASTDY2','AENDY2'}, but has additional elements {'CMTRT2'}.
{shiny}      R  stderr -----------   14: &lt;Anonymous&gt;
{shiny}      R  stderr -----------   12: &lt;Anonymous&gt;
{shiny}      R  stderr -----------   11: &lt;Anonymous&gt;
{shiny}      R  stderr -----------   10: base::do.call
{shiny}      R  stderr -----------    9: base::saveRDS
{shiny}      R  stderr -----------    8: base::withCallingHandlers
{shiny}      R  stderr -----------    7: doTryCatch
{shiny}      R  stderr -----------    6: tryCatchOne
{shiny}      R  stderr -----------    5: tryCatchList
{shiny}      R  stderr -----------    2: tryCatchList
{shiny}      R  stderr -----------    1: base::tryCatch


Caused by error in `app_initialize_()`:
! Shiny app did not become stable in 1e+05ms.
Message: An error occurred while waiting for Shiny to be stable
Caused by error in `app_wait_for_idle()`:
! An error occurred while waiting for Shiny to be stable
Backtrace:
     x
  1. +-teal.modules.clinical (local) app_driver_tm_g_pp_therapy() at test-shinytest2-tm_g_pp_therapy.R:114:5
  2. | \-teal.modules.clinical:::init_teal_app_driver(...) at test-shinytest2-tm_g_pp_therapy.R:31:3
  3. |   +-testthat::with_mocked_bindings(...) at tests/testthat/helper-TealAppDriver.R:7:3
  4. |   \-TealAppDriver$new(...) at tests/testthat/helper-TealAppDriver.R:10:7
  5. |     \-teal (local) initialize(...)
  6. |       +-base::suppressWarnings(...)
  7. |       | \-base::withCallingHandlers(...)
  8. |       \-super$initialize(...)
  9. |         \-shinytest2:::app_initialize(...)
 10. |           +-base::withCallingHandlers(...)
 11. |           \-shinytest2:::app_initialize_(self, private, ..., view = view)
 12. |             +-base::withCallingHandlers(...)
 13. |             \-self$wait_for_idle(duration = 200, timeout = private$load_timeout)
 14. |               \-shinytest2:::app_wait_for_idle(...)
 15. |                 \-shinytest2:::app_abort(self, private, "An error occurred while waiting for Shiny to be stable")
 16. |                   \-rlang::abort(..., app = self, call = call)
 17. |                     \-rlang:::signal_abort(cnd, .file)
 18. |                       \-base::signalCondition(cnd)
 19. +-shinytest2 (local) `&lt;fn&gt;`(`&lt;rlng_rrr&gt;`)
 20. | \-shinytest2:::app_abort(...)
 21. |   \-rlang::abort(..., app = self, call = call)
 22. |     \-rlang:::signal_abort(cnd, .file)
 23. |       \-base::signalCondition(cnd)
 24. \-shinytest2 (local) `&lt;fn&gt;`(`&lt;rlng_rrr&gt;`)
 25.   \-shinytest2:::app_abort(...)
 26.     \-rlang::abort(..., app = self, call = call)</error>
    </testcase>
    <testcase time="102.913" classname="shinytest2_tm_g_pp_therapy" name="e2e_tm_g_pp_therapy_Selection_of_patient_id_changes_the_element_and_does_not_throw_validation_errors">
      <error type="error" message="Error in `app_initialize(self, private, app_dir = app_dir, ..., load_timeout = load_timeout,  ('test-shinytest2-tm_g_pp_therapy.R:162:9')">Error in `app_initialize(self, private, app_dir = app_dir, ..., load_timeout = load_timeout, 
    timeout = timeout, wait = wait, expect_values_screenshot_args = expect_values_screenshot_args, 
    screenshot_args = screenshot_args, check_names = check_names, 
    name = name, variant = variant, view = view, height = height, 
    width = width, seed = seed, clean_logs = clean_logs, shiny_args = shiny_args, 
    render_args = render_args, options = options)`: Shiny app did not become stable in 1e+05ms.
Message: An error occurred while waiting for Shiny to be stable
Caused by error in `app_wait_for_idle()`:
! An error occurred while waiting for Shiny to be stable


i You can inspect the failed AppDriver object via `rlang::last_error()$app`
i AppDriver logs:
{shinytest2} R  info   17:34:44.87 Start AppDriver initialization
{shinytest2} R  info   17:34:44.90 Starting Shiny app
{shinytest2} R  info   17:34:46.94 Creating new ChromoteSession
{shinytest2} R  info   17:34:46.97 Navigating to Shiny app
{shinytest2} R  info   17:34:47.06 Injecting shiny-tracer.js
{chromote}   JS info   17:34:47.07 shinytest2; jQuery not found
{chromote}   JS info   17:34:47.07 shinytest2; Loaded
{shinytest2} R  info   17:34:47.08 Waiting for Shiny to become ready
{chromote}   JS info   17:34:47.16 shinytest2; jQuery found
{chromote}   JS info   17:34:47.16 shinytest2; Waiting for shiny session to connect
{chromote}   JS info   17:34:47.28 shinytest2; Connected
{shinytest2} R  info   17:34:47.30 Waiting for Shiny to become idle for 200ms within 1e+05ms
{chromote}   JS info   17:34:47.30 shinytest2; Waiting for Shiny to be stable
{chromote}   JS info   17:34:47.33 shinytest2; shiny:busy
{chromote}   JS info   17:34:48.57 shinytest2; shiny:idle
{chromote}   JS info   17:34:48.57 shinytest2; shiny:value teal-identifier
{chromote}   JS info   17:34:48.57 shinytest2; shiny:value error
{chromote}   JS info   17:34:48.57 shinytest2; shiny:busy
{chromote}   JS info   17:34:48.57 shinytest2; shiny:idle
{chromote}   JS info   17:34:48.59 shinytest2; shiny:busy
{shinytest2} R  info   17:36:27.31 Error while initializing AppDriver:
                                   Shiny app did not become stable in 1e+05ms.
                                   Message: An error occurred while waiting for Shiny to be stable
                                   Caused by error in `app_wait_for_idle()`:
                                   ! An error occurred while waiting for Shiny to be stable
{shiny}      R  stderr ----------- Loading required package: shiny
{shiny}      R  stderr ----------- Attempting to load the environment ‘package:dplyr’
{shiny}      R  stderr ----------- 
{shiny}      R  stderr ----------- Attaching package: ‘dplyr’
{shiny}      R  stderr ----------- 
{shiny}      R  stderr ----------- The following objects are masked from ‘package:stats’:
{shiny}      R  stderr ----------- 
{shiny}      R  stderr -----------     filter, lag
{shiny}      R  stderr ----------- 
{shiny}      R  stderr ----------- The following objects are masked from ‘package:base’:
{shiny}      R  stderr ----------- 
{shiny}      R  stderr -----------     intersect, setdiff, setequal, union
{shiny}      R  stderr ----------- 
{shiny}      R  stderr ----------- Loading required package: teal
{shiny}      R  stderr ----------- Loading required package: teal.data
{shiny}      R  stderr ----------- Loading required package: teal.code
{shiny}      R  stderr ----------- Loading required package: teal.slice
{shiny}      R  stderr ----------- 
{shiny}      R  stderr ----------- You are using teal version 0.15.2.9031
{shiny}      R  stderr ----------- 
{shiny}      R  stderr ----------- Attaching package: ‘teal’
{shiny}      R  stderr ----------- 
{shiny}      R  stderr ----------- The following objects are masked from ‘package:teal.slice’:
{shiny}      R  stderr ----------- 
{shiny}      R  stderr -----------     as.teal_slices, teal_slices
{shiny}      R  stderr ----------- 
{shiny}      R  stderr ----------- Loading required package: teal.transform
{shiny}      R  stderr ----------- Loading required package: tern
{shiny}      R  stderr ----------- Loading required package: rtables
{shiny}      R  stderr ----------- Loading required package: formatters
{shiny}      R  stderr ----------- Loading required package: magrittr
{shiny}      R  stderr ----------- 
{shiny}      R  stderr ----------- Attaching package: ‘rtables’
{shiny}      R  stderr ----------- 
{shiny}      R  stderr ----------- The following object is masked from ‘package:utils’:
{shiny}      R  stderr ----------- 
{shiny}      R  stderr -----------     str
{shiny}      R  stderr ----------- 
{shiny}      R  stderr ----------- Running application in test mode.
{shiny}      R  stderr ----------- 
{shiny}      R  stderr ----------- Listening on http://127.0.0.1:4811
{shiny}      R  stderr ----------- Initializing reporter_previewer_module
{shiny}      R  stderr ----------- Warning: Error in &lt;Anonymous&gt;: error in evaluating the argument 'code' in selecting a method for function 'eval_code': Assertion on 'subset' failed: Must be a subset of {'','USUBJID','STUDYID','CMCLAS','CMDECOD','ATIREL','CMCAT','COUNTRY','SITEID','SUBJID','AGE','SEX','ARMCD','ARM','ACTARMCD','ACTARM','RACE','TRTSDTM','TRTEDTM','EOSDY','EOSDT','STRATA1','STRATA2','BMRKR1','BMRKR2','REGION1','SAFFL','EOSSTT','EOTSTT','DCSREAS','DTHDT','ASTDTM','ASTDY','AENDTM','AENDY','CMSEQ','ATC1','ATC2','ATC3','ATC4','CMINDC','CMDOSE','CMTRT','CMDOSU','CMROUTE','CMDOSFRQ','CMASTDTM','CMAENDTM','ATIREL2','CMDECOD2','CMINDC2','CMDOSE2','CMDOSU2','CMROUTE2','CMDOSFRQ2','ASTDY2','AENDY2'}, but has additional elements {'CMTRT2'}.
{shiny}      R  stderr -----------   241: &lt;Anonymous&gt;
{shiny}      R  stderr -----------   240: stop
{shiny}      R  stderr -----------   239: mstop
{shiny}      R  stderr -----------   238: makeAssertion
{shiny}      R  stderr -----------   237: checkmate::assert_subset
{shiny}      R  stderr -----------   236: variable_choices.data.frame
{shiny}      R  stderr -----------   233: resolve.delayed_variable_choices
{shiny}      R  stderr -----------   231: resolve.delayed_select_spec
{shiny}      R  stderr -----------   229: resolve.delayed_data_extract_spec
{shiny}      R  stderr -----------   227: resolve_delayed.list
{shiny}      R  stderr -----------   213: module
{shiny}      R  stderr -----------   208: callModule
{shiny}      R  stderr -----------   207: moduleServer
{shiny}      R  stderr -----------   206: data_extract_single_srv
{shiny}      R  stderr -----------   205: FUN
{shiny}      R  stderr -----------   204: lapply
{shiny}      R  stderr -----------   203: module
{shiny}      R  stderr -----------   198: callModule
{shiny}      R  stderr -----------   197: moduleServer
{shiny}      R  stderr -----------   196: data_extract_srv.list
{shiny}      R  stderr -----------   194: FUN
{shiny}      R  stderr -----------   193: lapply
{shiny}      R  stderr -----------   192: sapply
{shiny}      R  stderr -----------   191: &lt;reactive&gt;
{shiny}      R  stderr -----------   175: selector_list
{shiny}      R  stderr -----------   170: &lt;reactive&gt;
{shiny}      R  stderr -----------   154: anl_inputs
{shiny}      R  stderr -----------   153: as.expression
{shiny}      R  stderr -----------   152: teal.code::eval_code
{shiny}      R  stderr -----------   151: %&gt;%
{shiny}      R  stderr -----------   150: &lt;reactive&gt;
{shiny}      R  stderr -----------   134: merged$anl_q
{shiny}      R  stderr -----------   128: &lt;reactive&gt;
{shiny}      R  stderr -----------   112: all_q
{shiny}      R  stderr -----------   110: renderText
{shiny}      R  stderr -----------   109: func
{shiny}      R  stderr -----------    96: renderFunc
{shiny}      R  stderr -----------    95: output$teal-main_ui-root-therapy__e2e_-module-title
{shiny}      R  stderr -----------    14: &lt;Anonymous&gt;
{shiny}      R  stderr -----------    12: &lt;Anonymous&gt;
{shiny}      R  stderr -----------    11: &lt;Anonymous&gt;
{shiny}      R  stderr -----------    10: base::do.call
{shiny}      R  stderr -----------     9: base::saveRDS
{shiny}      R  stderr -----------     8: base::withCallingHandlers
{shiny}      R  stderr -----------     7: doTryCatch
{shiny}      R  stderr -----------     6: tryCatchOne
{shiny}      R  stderr -----------     5: tryCatchList
{shiny}      R  stderr -----------     2: tryCatchList
{shiny}      R  stderr -----------     1: base::tryCatch
{shiny}      R  stderr ----------- Warning: Error in &lt;Anonymous&gt;: error in evaluating the argument 'code' in selecting a method for function 'eval_code': Assertion on 'subset' failed: Must be a subset of {'','USUBJID','STUDYID','CMCLAS','CMDECOD','ATIREL','CMCAT','COUNTRY','SITEID','SUBJID','AGE','SEX','ARMCD','ARM','ACTARMCD','ACTARM','RACE','TRTSDTM','TRTEDTM','EOSDY','EOSDT','STRATA1','STRATA2','BMRKR1','BMRKR2','REGION1','SAFFL','EOSSTT','EOTSTT','DCSREAS','DTHDT','ASTDTM','ASTDY','AENDTM','AENDY','CMSEQ','ATC1','ATC2','ATC3','ATC4','CMINDC','CMDOSE','CMTRT','CMDOSU','CMROUTE','CMDOSFRQ','CMASTDTM','CMAENDTM','ATIREL2','CMDECOD2','CMINDC2','CMDOSE2','CMDOSU2','CMROUTE2','CMDOSFRQ2','ASTDY2','AENDY2'}, but has additional elements {'CMTRT2'}.
{shiny}      R  stderr -----------   122: &lt;Anonymous&gt;
{shiny}      R  stderr -----------   121: stop
{shiny}      R  stderr -----------   120: all_q
{shiny}      R  stderr -----------   117: exprFunc
{shiny}      R  stderr -----------   116: widgetFunc
{shiny}      R  stderr -----------   115: ::
{shiny}      R  stderr ----------- htmlwidgets
{shiny}      R  stderr ----------- shinyRenderWidget
{shiny}      R  stderr -----------   114: func
{shiny}      R  stderr -----------   101: renderFunc
{shiny}      R  stderr -----------   100: renderFunc
{shiny}      R  stderr -----------    96: renderFunc
{shiny}      R  stderr -----------    95: output$teal-main_ui-root-therapy__e2e_-module-therapy_table
{shiny}      R  stderr -----------    14: &lt;Anonymous&gt;
{shiny}      R  stderr -----------    12: &lt;Anonymous&gt;
{shiny}      R  stderr -----------    11: &lt;Anonymous&gt;
{shiny}      R  stderr -----------    10: base::do.call
{shiny}      R  stderr -----------     9: base::saveRDS
{shiny}      R  stderr -----------     8: base::withCallingHandlers
{shiny}      R  stderr -----------     7: doTryCatch
{shiny}      R  stderr -----------     6: tryCatchOne
{shiny}      R  stderr -----------     5: tryCatchList
{shiny}      R  stderr -----------     2: tryCatchList
{shiny}      R  stderr -----------     1: base::tryCatch
{shiny}      R  stderr ----------- Warning: Error in variable_choices.data.frame: Assertion on 'subset' failed: Must be a subset of {'','USUBJID','STUDYID','CMCLAS','CMDECOD','ATIREL','CMCAT','COUNTRY','SITEID','SUBJID','AGE','SEX','ARMCD','ARM','ACTARMCD','ACTARM','RACE','TRTSDTM','TRTEDTM','EOSDY','EOSDT','STRATA1','STRATA2','BMRKR1','BMRKR2','REGION1','SAFFL','EOSSTT','EOTSTT','DCSREAS','DTHDT','ASTDTM','ASTDY','AENDTM','AENDY','CMSEQ','ATC1','ATC2','ATC3','ATC4','CMINDC','CMDOSE','CMTRT','CMDOSU','CMROUTE','CMDOSFRQ','CMASTDTM','CMAENDTM','ATIREL2','CMDECOD2','CMINDC2','CMDOSE2','CMDOSU2','CMROUTE2','CMDOSFRQ2','ASTDY2','AENDY2'}, but has additional elements {'CMTRT2'}.
{shiny}      R  stderr -----------   162: &lt;Anonymous&gt;
{shiny}      R  stderr -----------   161: stop
{shiny}      R  stderr -----------   160: selector_list
{shiny}      R  stderr -----------   159: teal.transform::compose_and_enable_validators
{shiny}      R  stderr -----------   158: &lt;reactive&gt;
{shiny}      R  stderr -----------   142: iv_r
{shiny}      R  stderr -----------   135: &lt;reactive&gt;
{shiny}      R  stderr -----------   119: plot_r
{shiny}      R  stderr -----------   110: renderUI
{shiny}      R  stderr -----------   109: func
{shiny}      R  stderr -----------    96: renderFunc
{shiny}      R  stderr -----------    95: output$teal-main_ui-root-therapy__e2e_-module-therapy_plot-plot_out_main
{shiny}      R  stderr -----------    14: &lt;Anonymous&gt;
{shiny}      R  stderr -----------    12: &lt;Anonymous&gt;
{shiny}      R  stderr -----------    11: &lt;Anonymous&gt;
{shiny}      R  stderr -----------    10: base::do.call
{shiny}      R  stderr -----------     9: base::saveRDS
{shiny}      R  stderr -----------     8: base::withCallingHandlers
{shiny}      R  stderr -----------     7: doTryCatch
{shiny}      R  stderr -----------     6: tryCatchOne
{shiny}      R  stderr -----------     5: tryCatchList
{shiny}      R  stderr -----------     2: tryCatchList
{shiny}      R  stderr -----------     1: base::tryCatch
{shiny}      R  stderr ----------- Warning: Error in &lt;Anonymous&gt;: error in evaluating the argument 'code' in selecting a method for function 'eval_code': Assertion on 'subset' failed: Must be a subset of {'','USUBJID','STUDYID','CMCLAS','CMDECOD','ATIREL','CMCAT','COUNTRY','SITEID','SUBJID','AGE','SEX','ARMCD','ARM','ACTARMCD','ACTARM','RACE','TRTSDTM','TRTEDTM','EOSDY','EOSDT','STRATA1','STRATA2','BMRKR1','BMRKR2','REGION1','SAFFL','EOSSTT','EOTSTT','DCSREAS','DTHDT','ASTDTM','ASTDY','AENDTM','AENDY','CMSEQ','ATC1','ATC2','ATC3','ATC4','CMINDC','CMDOSE','CMTRT','CMDOSU','CMROUTE','CMDOSFRQ','CMASTDTM','CMAENDTM','ATIREL2','CMDECOD2','CMINDC2','CMDOSE2','CMDOSU2','CMROUTE2','CMDOSFRQ2','ASTDY2','AENDY2'}, but has additional elements {'CMTRT2'}.
{shiny}      R  stderr -----------   14: &lt;Anonymous&gt;
{shiny}      R  stderr -----------   12: &lt;Anonymous&gt;
{shiny}      R  stderr -----------   11: &lt;Anonymous&gt;
{shiny}      R  stderr -----------   10: base::do.call
{shiny}      R  stderr -----------    9: base::saveRDS
{shiny}      R  stderr -----------    8: base::withCallingHandlers
{shiny}      R  stderr -----------    7: doTryCatch
{shiny}      R  stderr -----------    6: tryCatchOne
{shiny}      R  stderr -----------    5: tryCatchList
{shiny}      R  stderr -----------    2: tryCatchList
{shiny}      R  stderr -----------    1: base::tryCatch


Caused by error in `app_initialize_()`:
! Shiny app did not become stable in 1e+05ms.
Message: An error occurred while waiting for Shiny to be stable
Caused by error in `app_wait_for_idle()`:
! An error occurred while waiting for Shiny to be stable
Backtrace:
     x
  1. +-teal.modules.clinical (local) app_driver_tm_g_pp_therapy() at test-shinytest2-tm_g_pp_therapy.R:162:9
  2. | \-teal.modules.clinical:::init_teal_app_driver(...) at test-shinytest2-tm_g_pp_therapy.R:31:3
  3. |   +-testthat::with_mocked_bindings(...) at tests/testthat/helper-TealAppDriver.R:7:3
  4. |   \-TealAppDriver$new(...) at tests/testthat/helper-TealAppDriver.R:10:7
  5. |     \-teal (local) initialize(...)
  6. |       +-base::suppressWarnings(...)
  7. |       | \-base::withCallingHandlers(...)
  8. |       \-super$initialize(...)
  9. |         \-shinytest2:::app_initialize(...)
 10. |           +-base::withCallingHandlers(...)
 11. |           \-shinytest2:::app_initialize_(self, private, ..., view = view)
 12. |             +-base::withCallingHandlers(...)
 13. |             \-self$wait_for_idle(duration = 200, timeout = private$load_timeout)
 14. |               \-shinytest2:::app_wait_for_idle(...)
 15. |                 \-shinytest2:::app_abort(self, private, "An error occurred while waiting for Shiny to be stable")
 16. |                   \-rlang::abort(..., app = self, call = call)
 17. |                     \-rlang:::signal_abort(cnd, .file)
 18. |                       \-base::signalCondition(cnd)
 19. +-shinytest2 (local) `&lt;fn&gt;`(`&lt;rlng_rrr&gt;`)
 20. | \-shinytest2:::app_abort(...)
 21. |   \-rlang::abort(..., app = self, call = call)
 22. |     \-rlang:::signal_abort(cnd, .file)
 23. |       \-base::signalCondition(cnd)
 24. \-shinytest2 (local) `&lt;fn&gt;`(`&lt;rlng_rrr&gt;`)
 25.   \-shinytest2:::app_abort(...)
 26.     \-rlang::abort(..., app = self, call = call)</error>
    </testcase>
    <testcase time="103.002" classname="shinytest2_tm_g_pp_therapy" name="e2e_tm_g_pp_therapy_Deselection_of_patient_id_throws_validation_error.">
      <error type="error" message="Error in `app_initialize(self, private, app_dir = app_dir, ..., load_timeout = load_timeout,  ('test-shinytest2-tm_g_pp_therapy.R:189:5')">Error in `app_initialize(self, private, app_dir = app_dir, ..., load_timeout = load_timeout, 
    timeout = timeout, wait = wait, expect_values_screenshot_args = expect_values_screenshot_args, 
    screenshot_args = screenshot_args, check_names = check_names, 
    name = name, variant = variant, view = view, height = height, 
    width = width, seed = seed, clean_logs = clean_logs, shiny_args = shiny_args, 
    render_args = render_args, options = options)`: Shiny app did not become stable in 1e+05ms.
Message: An error occurred while waiting for Shiny to be stable
Caused by error in `app_wait_for_idle()`:
! An error occurred while waiting for Shiny to be stable


i You can inspect the failed AppDriver object via `rlang::last_error()$app`
i AppDriver logs:
{shinytest2} R  info   17:36:27.78 Start AppDriver initialization
{shinytest2} R  info   17:36:27.81 Starting Shiny app
{shinytest2} R  info   17:36:29.84 Creating new ChromoteSession
{shinytest2} R  info   17:36:29.87 Navigating to Shiny app
{shinytest2} R  info   17:36:29.97 Injecting shiny-tracer.js
{chromote}   JS info   17:36:29.98 shinytest2; jQuery not found
{chromote}   JS info   17:36:29.98 shinytest2; Loaded
{shinytest2} R  info   17:36:29.98 Waiting for Shiny to become ready
{chromote}   JS info   17:36:30.07 shinytest2; jQuery found
{chromote}   JS info   17:36:30.07 shinytest2; Waiting for shiny session to connect
{chromote}   JS info   17:36:30.20 shinytest2; Connected
{chromote}   JS info   17:36:30.25 shinytest2; shiny:busy
{shinytest2} R  info   17:36:30.30 Waiting for Shiny to become idle for 200ms within 1e+05ms
{chromote}   JS info   17:36:30.30 shinytest2; Waiting for Shiny to be stable
{chromote}   JS info   17:36:31.47 shinytest2; shiny:idle
{chromote}   JS info   17:36:31.47 shinytest2; shiny:value teal-identifier
{chromote}   JS info   17:36:31.47 shinytest2; shiny:value error
{chromote}   JS info   17:36:31.47 shinytest2; shiny:busy
{chromote}   JS info   17:36:31.47 shinytest2; shiny:idle
{chromote}   JS info   17:36:31.50 shinytest2; shiny:busy
{shinytest2} R  info   17:38:10.31 Error while initializing AppDriver:
                                   Shiny app did not become stable in 1e+05ms.
                                   Message: An error occurred while waiting for Shiny to be stable
                                   Caused by error in `app_wait_for_idle()`:
                                   ! An error occurred while waiting for Shiny to be stable
{shiny}      R  stderr ----------- Loading required package: shiny
{shiny}      R  stderr ----------- Attempting to load the environment ‘package:dplyr’
{shiny}      R  stderr ----------- 
{shiny}      R  stderr ----------- Attaching package: ‘dplyr’
{shiny}      R  stderr ----------- 
{shiny}      R  stderr ----------- The following objects are masked from ‘package:stats’:
{shiny}      R  stderr ----------- 
{shiny}      R  stderr -----------     filter, lag
{shiny}      R  stderr ----------- 
{shiny}      R  stderr ----------- The following objects are masked from ‘package:base’:
{shiny}      R  stderr ----------- 
{shiny}      R  stderr -----------     intersect, setdiff, setequal, union
{shiny}      R  stderr ----------- 
{shiny}      R  stderr ----------- Loading required package: teal
{shiny}      R  stderr ----------- Loading required package: teal.data
{shiny}      R  stderr ----------- Loading required package: teal.code
{shiny}      R  stderr ----------- Loading required package: teal.slice
{shiny}      R  stderr ----------- 
{shiny}      R  stderr ----------- You are using teal version 0.15.2.9031
{shiny}      R  stderr ----------- 
{shiny}      R  stderr ----------- Attaching package: ‘teal’
{shiny}      R  stderr ----------- 
{shiny}      R  stderr ----------- The following objects are masked from ‘package:teal.slice’:
{shiny}      R  stderr ----------- 
{shiny}      R  stderr -----------     as.teal_slices, teal_slices
{shiny}      R  stderr ----------- 
{shiny}      R  stderr ----------- Loading required package: teal.transform
{shiny}      R  stderr ----------- Loading required package: tern
{shiny}      R  stderr ----------- Loading required package: rtables
{shiny}      R  stderr ----------- Loading required package: formatters
{shiny}      R  stderr ----------- Loading required package: magrittr
{shiny}      R  stderr ----------- 
{shiny}      R  stderr ----------- Attaching package: ‘rtables’
{shiny}      R  stderr ----------- 
{shiny}      R  stderr ----------- The following object is masked from ‘package:utils’:
{shiny}      R  stderr ----------- 
{shiny}      R  stderr -----------     str
{shiny}      R  stderr ----------- 
{shiny}      R  stderr ----------- Running application in test mode.
{shiny}      R  stderr ----------- 
{shiny}      R  stderr ----------- Listening on http://127.0.0.1:7963
{shiny}      R  stderr ----------- Initializing reporter_previewer_module
{shiny}      R  stderr ----------- Warning: Error in &lt;Anonymous&gt;: error in evaluating the argument 'code' in selecting a method for function 'eval_code': Assertion on 'subset' failed: Must be a subset of {'','USUBJID','STUDYID','CMCLAS','CMDECOD','ATIREL','CMCAT','COUNTRY','SITEID','SUBJID','AGE','SEX','ARMCD','ARM','ACTARMCD','ACTARM','RACE','TRTSDTM','TRTEDTM','EOSDY','EOSDT','STRATA1','STRATA2','BMRKR1','BMRKR2','REGION1','SAFFL','EOSSTT','EOTSTT','DCSREAS','DTHDT','ASTDTM','ASTDY','AENDTM','AENDY','CMSEQ','ATC1','ATC2','ATC3','ATC4','CMINDC','CMDOSE','CMTRT','CMDOSU','CMROUTE','CMDOSFRQ','CMASTDTM','CMAENDTM','ATIREL2','CMDECOD2','CMINDC2','CMDOSE2','CMDOSU2','CMROUTE2','CMDOSFRQ2','ASTDY2','AENDY2'}, but has additional elements {'CMTRT2'}.
{shiny}      R  stderr -----------   241: &lt;Anonymous&gt;
{shiny}      R  stderr -----------   240: stop
{shiny}      R  stderr -----------   239: mstop
{shiny}      R  stderr -----------   238: makeAssertion
{shiny}      R  stderr -----------   237: checkmate::assert_subset
{shiny}      R  stderr -----------   236: variable_choices.data.frame
{shiny}      R  stderr -----------   233: resolve.delayed_variable_choices
{shiny}      R  stderr -----------   231: resolve.delayed_select_spec
{shiny}      R  stderr -----------   229: resolve.delayed_data_extract_spec
{shiny}      R  stderr -----------   227: resolve_delayed.list
{shiny}      R  stderr -----------   213: module
{shiny}      R  stderr -----------   208: callModule
{shiny}      R  stderr -----------   207: moduleServer
{shiny}      R  stderr -----------   206: data_extract_single_srv
{shiny}      R  stderr -----------   205: FUN
{shiny}      R  stderr -----------   204: lapply
{shiny}      R  stderr -----------   203: module
{shiny}      R  stderr -----------   198: callModule
{shiny}      R  stderr -----------   197: moduleServer
{shiny}      R  stderr -----------   196: data_extract_srv.list
{shiny}      R  stderr -----------   194: FUN
{shiny}      R  stderr -----------   193: lapply
{shiny}      R  stderr -----------   192: sapply
{shiny}      R  stderr -----------   191: &lt;reactive&gt;
{shiny}      R  stderr -----------   175: selector_list
{shiny}      R  stderr -----------   170: &lt;reactive&gt;
{shiny}      R  stderr -----------   154: anl_inputs
{shiny}      R  stderr -----------   153: as.expression
{shiny}      R  stderr -----------   152: teal.code::eval_code
{shiny}      R  stderr -----------   151: %&gt;%
{shiny}      R  stderr -----------   150: &lt;reactive&gt;
{shiny}      R  stderr -----------   134: merged$anl_q
{shiny}      R  stderr -----------   128: &lt;reactive&gt;
{shiny}      R  stderr -----------   112: all_q
{shiny}      R  stderr -----------   110: renderText
{shiny}      R  stderr -----------   109: func
{shiny}      R  stderr -----------    96: renderFunc
{shiny}      R  stderr -----------    95: output$teal-main_ui-root-therapy__e2e_-module-title
{shiny}      R  stderr -----------    14: &lt;Anonymous&gt;
{shiny}      R  stderr -----------    12: &lt;Anonymous&gt;
{shiny}      R  stderr -----------    11: &lt;Anonymous&gt;
{shiny}      R  stderr -----------    10: base::do.call
{shiny}      R  stderr -----------     9: base::saveRDS
{shiny}      R  stderr -----------     8: base::withCallingHandlers
{shiny}      R  stderr -----------     7: doTryCatch
{shiny}      R  stderr -----------     6: tryCatchOne
{shiny}      R  stderr -----------     5: tryCatchList
{shiny}      R  stderr -----------     2: tryCatchList
{shiny}      R  stderr -----------     1: base::tryCatch
{shiny}      R  stderr ----------- Warning: Error in &lt;Anonymous&gt;: error in evaluating the argument 'code' in selecting a method for function 'eval_code': Assertion on 'subset' failed: Must be a subset of {'','USUBJID','STUDYID','CMCLAS','CMDECOD','ATIREL','CMCAT','COUNTRY','SITEID','SUBJID','AGE','SEX','ARMCD','ARM','ACTARMCD','ACTARM','RACE','TRTSDTM','TRTEDTM','EOSDY','EOSDT','STRATA1','STRATA2','BMRKR1','BMRKR2','REGION1','SAFFL','EOSSTT','EOTSTT','DCSREAS','DTHDT','ASTDTM','ASTDY','AENDTM','AENDY','CMSEQ','ATC1','ATC2','ATC3','ATC4','CMINDC','CMDOSE','CMTRT','CMDOSU','CMROUTE','CMDOSFRQ','CMASTDTM','CMAENDTM','ATIREL2','CMDECOD2','CMINDC2','CMDOSE2','CMDOSU2','CMROUTE2','CMDOSFRQ2','ASTDY2','AENDY2'}, but has additional elements {'CMTRT2'}.
{shiny}      R  stderr -----------   122: &lt;Anonymous&gt;
{shiny}      R  stderr -----------   121: stop
{shiny}      R  stderr -----------   120: all_q
{shiny}      R  stderr -----------   117: exprFunc
{shiny}      R  stderr -----------   116: widgetFunc
{shiny}      R  stderr -----------   115: ::
{shiny}      R  stderr ----------- htmlwidgets
{shiny}      R  stderr ----------- shinyRenderWidget
{shiny}      R  stderr -----------   114: func
{shiny}      R  stderr -----------   101: renderFunc
{shiny}      R  stderr -----------   100: renderFunc
{shiny}      R  stderr -----------    96: renderFunc
{shiny}      R  stderr -----------    95: output$teal-main_ui-root-therapy__e2e_-module-therapy_table
{shiny}      R  stderr -----------    14: &lt;Anonymous&gt;
{shiny}      R  stderr -----------    12: &lt;Anonymous&gt;
{shiny}      R  stderr -----------    11: &lt;Anonymous&gt;
{shiny}      R  stderr -----------    10: base::do.call
{shiny}      R  stderr -----------     9: base::saveRDS
{shiny}      R  stderr -----------     8: base::withCallingHandlers
{shiny}      R  stderr -----------     7: doTryCatch
{shiny}      R  stderr -----------     6: tryCatchOne
{shiny}      R  stderr -----------     5: tryCatchList
{shiny}      R  stderr -----------     2: tryCatchList
{shiny}      R  stderr -----------     1: base::tryCatch
{shiny}      R  stderr ----------- Warning: Error in variable_choices.data.frame: Assertion on 'subset' failed: Must be a subset of {'','USUBJID','STUDYID','CMCLAS','CMDECOD','ATIREL','CMCAT','COUNTRY','SITEID','SUBJID','AGE','SEX','ARMCD','ARM','ACTARMCD','ACTARM','RACE','TRTSDTM','TRTEDTM','EOSDY','EOSDT','STRATA1','STRATA2','BMRKR1','BMRKR2','REGION1','SAFFL','EOSSTT','EOTSTT','DCSREAS','DTHDT','ASTDTM','ASTDY','AENDTM','AENDY','CMSEQ','ATC1','ATC2','ATC3','ATC4','CMINDC','CMDOSE','CMTRT','CMDOSU','CMROUTE','CMDOSFRQ','CMASTDTM','CMAENDTM','ATIREL2','CMDECOD2','CMINDC2','CMDOSE2','CMDOSU2','CMROUTE2','CMDOSFRQ2','ASTDY2','AENDY2'}, but has additional elements {'CMTRT2'}.
{shiny}      R  stderr -----------   162: &lt;Anonymous&gt;
{shiny}      R  stderr -----------   161: stop
{shiny}      R  stderr -----------   160: selector_list
{shiny}      R  stderr -----------   159: teal.transform::compose_and_enable_validators
{shiny}      R  stderr -----------   158: &lt;reactive&gt;
{shiny}      R  stderr -----------   142: iv_r
{shiny}      R  stderr -----------   135: &lt;reactive&gt;
{shiny}      R  stderr -----------   119: plot_r
{shiny}      R  stderr -----------   110: renderUI
{shiny}      R  stderr -----------   109: func
{shiny}      R  stderr -----------    96: renderFunc
{shiny}      R  stderr -----------    95: output$teal-main_ui-root-therapy__e2e_-module-therapy_plot-plot_out_main
{shiny}      R  stderr -----------    14: &lt;Anonymous&gt;
{shiny}      R  stderr -----------    12: &lt;Anonymous&gt;
{shiny}      R  stderr -----------    11: &lt;Anonymous&gt;
{shiny}      R  stderr -----------    10: base::do.call
{shiny}      R  stderr -----------     9: base::saveRDS
{shiny}      R  stderr -----------     8: base::withCallingHandlers
{shiny}      R  stderr -----------     7: doTryCatch
{shiny}      R  stderr -----------     6: tryCatchOne
{shiny}      R  stderr -----------     5: tryCatchList
{shiny}      R  stderr -----------     2: tryCatchList
{shiny}      R  stderr -----------     1: base::tryCatch
{shiny}      R  stderr ----------- Warning: Error in &lt;Anonymous&gt;: error in evaluating the argument 'code' in selecting a method for function 'eval_code': Assertion on 'subset' failed: Must be a subset of {'','USUBJID','STUDYID','CMCLAS','CMDECOD','ATIREL','CMCAT','COUNTRY','SITEID','SUBJID','AGE','SEX','ARMCD','ARM','ACTARMCD','ACTARM','RACE','TRTSDTM','TRTEDTM','EOSDY','EOSDT','STRATA1','STRATA2','BMRKR1','BMRKR2','REGION1','SAFFL','EOSSTT','EOTSTT','DCSREAS','DTHDT','ASTDTM','ASTDY','AENDTM','AENDY','CMSEQ','ATC1','ATC2','ATC3','ATC4','CMINDC','CMDOSE','CMTRT','CMDOSU','CMROUTE','CMDOSFRQ','CMASTDTM','CMAENDTM','ATIREL2','CMDECOD2','CMINDC2','CMDOSE2','CMDOSU2','CMROUTE2','CMDOSFRQ2','ASTDY2','AENDY2'}, but has additional elements {'CMTRT2'}.
{shiny}      R  stderr -----------   14: &lt;Anonymous&gt;
{shiny}      R  stderr -----------   12: &lt;Anonymous&gt;
{shiny}      R  stderr -----------   11: &lt;Anonymous&gt;
{shiny}      R  stderr -----------   10: base::do.call
{shiny}      R  stderr -----------    9: base::saveRDS
{shiny}      R  stderr -----------    8: base::withCallingHandlers
{shiny}      R  stderr -----------    7: doTryCatch
{shiny}      R  stderr -----------    6: tryCatchOne
{shiny}      R  stderr -----------    5: tryCatchList
{shiny}      R  stderr -----------    2: tryCatchList
{shiny}      R  stderr -----------    1: base::tryCatch


Caused by error in `app_initialize_()`:
! Shiny app did not become stable in 1e+05ms.
Message: An error occurred while waiting for Shiny to be stable
Caused by error in `app_wait_for_idle()`:
! An error occurred while waiting for Shiny to be stable
Backtrace:
     x
  1. +-teal.modules.clinical (local) app_driver_tm_g_pp_therapy() at test-shinytest2-tm_g_pp_therapy.R:189:5
  2. | \-teal.modules.clinical:::init_teal_app_driver(...) at test-shinytest2-tm_g_pp_therapy.R:31:3
  3. |   +-testthat::with_mocked_bindings(...) at tests/testthat/helper-TealAppDriver.R:7:3
  4. |   \-TealAppDriver$new(...) at tests/testthat/helper-TealAppDriver.R:10:7
  5. |     \-teal (local) initialize(...)
  6. |       +-base::suppressWarnings(...)
  7. |       | \-base::withCallingHandlers(...)
  8. |       \-super$initialize(...)
  9. |         \-shinytest2:::app_initialize(...)
 10. |           +-base::withCallingHandlers(...)
 11. |           \-shinytest2:::app_initialize_(self, private, ..., view = view)
 12. |             +-base::withCallingHandlers(...)
 13. |             \-self$wait_for_idle(duration = 200, timeout = private$load_timeout)
 14. |               \-shinytest2:::app_wait_for_idle(...)
 15. |                 \-shinytest2:::app_abort(self, private, "An error occurred while waiting for Shiny to be stable")
 16. |                   \-rlang::abort(..., app = self, call = call)
 17. |                     \-rlang:::signal_abort(cnd, .file)
 18. |                       \-base::signalCondition(cnd)
 19. +-shinytest2 (local) `&lt;fn&gt;`(`&lt;rlng_rrr&gt;`)
 20. | \-shinytest2:::app_abort(...)
 21. |   \-rlang::abort(..., app = self, call = call)
 22. |     \-rlang:::signal_abort(cnd, .file)
 23. |       \-base::signalCondition(cnd)
 24. \-shinytest2 (local) `&lt;fn&gt;`(`&lt;rlng_rrr&gt;`)
 25.   \-shinytest2:::app_abort(...)
 26.     \-rlang::abort(..., app = self, call = call)</error>
    </testcase>
    <testcase time="103.018" classname="shinytest2_tm_g_pp_therapy" name="e2e_tm_g_pp_therapy_Deselection_of_cmtrt_dataset_ADCM_singleextract_select_throws_validation_error.">
      <error type="error" message="Error in `app_initialize(self, private, app_dir = app_dir, ..., load_timeout = load_timeout,  ('test-shinytest2-tm_g_pp_therapy.R:189:5')">Error in `app_initialize(self, private, app_dir = app_dir, ..., load_timeout = load_timeout, 
    timeout = timeout, wait = wait, expect_values_screenshot_args = expect_values_screenshot_args, 
    screenshot_args = screenshot_args, check_names = check_names, 
    name = name, variant = variant, view = view, height = height, 
    width = width, seed = seed, clean_logs = clean_logs, shiny_args = shiny_args, 
    render_args = render_args, options = options)`: Shiny app did not become stable in 1e+05ms.
Message: An error occurred while waiting for Shiny to be stable
Caused by error in `app_wait_for_idle()`:
! An error occurred while waiting for Shiny to be stable


i You can inspect the failed AppDriver object via `rlang::last_error()$app`
i AppDriver logs:
{shinytest2} R  info   17:38:10.79 Start AppDriver initialization
{shinytest2} R  info   17:38:10.82 Starting Shiny app
{shinytest2} R  info   17:38:12.85 Creating new ChromoteSession
{shinytest2} R  info   17:38:12.89 Navigating to Shiny app
{shinytest2} R  info   17:38:12.98 Injecting shiny-tracer.js
{chromote}   JS info   17:38:12.99 shinytest2; jQuery not found
{chromote}   JS info   17:38:12.99 shinytest2; Loaded
{shinytest2} R  info   17:38:12.99 Waiting for Shiny to become ready
{chromote}   JS info   17:38:13.09 shinytest2; jQuery found
{chromote}   JS info   17:38:13.09 shinytest2; Waiting for shiny session to connect
{chromote}   JS info   17:38:13.23 shinytest2; Connected
{chromote}   JS info   17:38:13.27 shinytest2; shiny:busy
{shinytest2} R  info   17:38:13.31 Waiting for Shiny to become idle for 200ms within 1e+05ms
{chromote}   JS info   17:38:13.31 shinytest2; Waiting for Shiny to be stable
{chromote}   JS info   17:38:14.52 shinytest2; shiny:idle
{chromote}   JS info   17:38:14.53 shinytest2; shiny:value teal-identifier
{chromote}   JS info   17:38:14.53 shinytest2; shiny:value error
{chromote}   JS info   17:38:14.53 shinytest2; shiny:busy
{chromote}   JS info   17:38:14.53 shinytest2; shiny:idle
{chromote}   JS info   17:38:14.55 shinytest2; shiny:busy
{shinytest2} R  info   17:39:53.32 Error while initializing AppDriver:
                                   Shiny app did not become stable in 1e+05ms.
                                   Message: An error occurred while waiting for Shiny to be stable
                                   Caused by error in `app_wait_for_idle()`:
                                   ! An error occurred while waiting for Shiny to be stable
{shiny}      R  stderr ----------- Loading required package: shiny
{shiny}      R  stderr ----------- Attempting to load the environment ‘package:dplyr’
{shiny}      R  stderr ----------- 
{shiny}      R  stderr ----------- Attaching package: ‘dplyr’
{shiny}      R  stderr ----------- 
{shiny}      R  stderr ----------- The following objects are masked from ‘package:stats’:
{shiny}      R  stderr ----------- 
{shiny}      R  stderr -----------     filter, lag
{shiny}      R  stderr ----------- 
{shiny}      R  stderr ----------- The following objects are masked from ‘package:base’:
{shiny}      R  stderr ----------- 
{shiny}      R  stderr -----------     intersect, setdiff, setequal, union
{shiny}      R  stderr ----------- 
{shiny}      R  stderr ----------- Loading required package: teal
{shiny}      R  stderr ----------- Loading required package: teal.data
{shiny}      R  stderr ----------- Loading required package: teal.code
{shiny}      R  stderr ----------- Loading required package: teal.slice
{shiny}      R  stderr ----------- 
{shiny}      R  stderr ----------- You are using teal version 0.15.2.9031
{shiny}      R  stderr ----------- 
{shiny}      R  stderr ----------- Attaching package: ‘teal’
{shiny}      R  stderr ----------- 
{shiny}      R  stderr ----------- The following objects are masked from ‘package:teal.slice’:
{shiny}      R  stderr ----------- 
{shiny}      R  stderr -----------     as.teal_slices, teal_slices
{shiny}      R  stderr ----------- 
{shiny}      R  stderr ----------- Loading required package: teal.transform
{shiny}      R  stderr ----------- Loading required package: tern
{shiny}      R  stderr ----------- Loading required package: rtables
{shiny}      R  stderr ----------- Loading required package: formatters
{shiny}      R  stderr ----------- Loading required package: magrittr
{shiny}      R  stderr ----------- 
{shiny}      R  stderr ----------- Attaching package: ‘rtables’
{shiny}      R  stderr ----------- 
{shiny}      R  stderr ----------- The following object is masked from ‘package:utils’:
{shiny}      R  stderr ----------- 
{shiny}      R  stderr -----------     str
{shiny}      R  stderr ----------- 
{shiny}      R  stderr ----------- Running application in test mode.
{shiny}      R  stderr ----------- 
{shiny}      R  stderr ----------- Listening on http://127.0.0.1:4620
{shiny}      R  stderr ----------- Initializing reporter_previewer_module
{shiny}      R  stderr ----------- Warning: Error in &lt;Anonymous&gt;: error in evaluating the argument 'code' in selecting a method for function 'eval_code': Assertion on 'subset' failed: Must be a subset of {'','USUBJID','STUDYID','CMCLAS','CMDECOD','ATIREL','CMCAT','COUNTRY','SITEID','SUBJID','AGE','SEX','ARMCD','ARM','ACTARMCD','ACTARM','RACE','TRTSDTM','TRTEDTM','EOSDY','EOSDT','STRATA1','STRATA2','BMRKR1','BMRKR2','REGION1','SAFFL','EOSSTT','EOTSTT','DCSREAS','DTHDT','ASTDTM','ASTDY','AENDTM','AENDY','CMSEQ','ATC1','ATC2','ATC3','ATC4','CMINDC','CMDOSE','CMTRT','CMDOSU','CMROUTE','CMDOSFRQ','CMASTDTM','CMAENDTM','ATIREL2','CMDECOD2','CMINDC2','CMDOSE2','CMDOSU2','CMROUTE2','CMDOSFRQ2','ASTDY2','AENDY2'}, but has additional elements {'CMTRT2'}.
{shiny}      R  stderr -----------   241: &lt;Anonymous&gt;
{shiny}      R  stderr -----------   240: stop
{shiny}      R  stderr -----------   239: mstop
{shiny}      R  stderr -----------   238: makeAssertion
{shiny}      R  stderr -----------   237: checkmate::assert_subset
{shiny}      R  stderr -----------   236: variable_choices.data.frame
{shiny}      R  stderr -----------   233: resolve.delayed_variable_choices
{shiny}      R  stderr -----------   231: resolve.delayed_select_spec
{shiny}      R  stderr -----------   229: resolve.delayed_data_extract_spec
{shiny}      R  stderr -----------   227: resolve_delayed.list
{shiny}      R  stderr -----------   213: module
{shiny}      R  stderr -----------   208: callModule
{shiny}      R  stderr -----------   207: moduleServer
{shiny}      R  stderr -----------   206: data_extract_single_srv
{shiny}      R  stderr -----------   205: FUN
{shiny}      R  stderr -----------   204: lapply
{shiny}      R  stderr -----------   203: module
{shiny}      R  stderr -----------   198: callModule
{shiny}      R  stderr -----------   197: moduleServer
{shiny}      R  stderr -----------   196: data_extract_srv.list
{shiny}      R  stderr -----------   194: FUN
{shiny}      R  stderr -----------   193: lapply
{shiny}      R  stderr -----------   192: sapply
{shiny}      R  stderr -----------   191: &lt;reactive&gt;
{shiny}      R  stderr -----------   175: selector_list
{shiny}      R  stderr -----------   170: &lt;reactive&gt;
{shiny}      R  stderr -----------   154: anl_inputs
{shiny}      R  stderr -----------   153: as.expression
{shiny}      R  stderr -----------   152: teal.code::eval_code
{shiny}      R  stderr -----------   151: %&gt;%
{shiny}      R  stderr -----------   150: &lt;reactive&gt;
{shiny}      R  stderr -----------   134: merged$anl_q
{shiny}      R  stderr -----------   128: &lt;reactive&gt;
{shiny}      R  stderr -----------   112: all_q
{shiny}      R  stderr -----------   110: renderText
{shiny}      R  stderr -----------   109: func
{shiny}      R  stderr -----------    96: renderFunc
{shiny}      R  stderr -----------    95: output$teal-main_ui-root-therapy__e2e_-module-title
{shiny}      R  stderr -----------    14: &lt;Anonymous&gt;
{shiny}      R  stderr -----------    12: &lt;Anonymous&gt;
{shiny}      R  stderr -----------    11: &lt;Anonymous&gt;
{shiny}      R  stderr -----------    10: base::do.call
{shiny}      R  stderr -----------     9: base::saveRDS
{shiny}      R  stderr -----------     8: base::withCallingHandlers
{shiny}      R  stderr -----------     7: doTryCatch
{shiny}      R  stderr -----------     6: tryCatchOne
{shiny}      R  stderr -----------     5: tryCatchList
{shiny}      R  stderr -----------     2: tryCatchList
{shiny}      R  stderr -----------     1: base::tryCatch
{shiny}      R  stderr ----------- Warning: Error in &lt;Anonymous&gt;: error in evaluating the argument 'code' in selecting a method for function 'eval_code': Assertion on 'subset' failed: Must be a subset of {'','USUBJID','STUDYID','CMCLAS','CMDECOD','ATIREL','CMCAT','COUNTRY','SITEID','SUBJID','AGE','SEX','ARMCD','ARM','ACTARMCD','ACTARM','RACE','TRTSDTM','TRTEDTM','EOSDY','EOSDT','STRATA1','STRATA2','BMRKR1','BMRKR2','REGION1','SAFFL','EOSSTT','EOTSTT','DCSREAS','DTHDT','ASTDTM','ASTDY','AENDTM','AENDY','CMSEQ','ATC1','ATC2','ATC3','ATC4','CMINDC','CMDOSE','CMTRT','CMDOSU','CMROUTE','CMDOSFRQ','CMASTDTM','CMAENDTM','ATIREL2','CMDECOD2','CMINDC2','CMDOSE2','CMDOSU2','CMROUTE2','CMDOSFRQ2','ASTDY2','AENDY2'}, but has additional elements {'CMTRT2'}.
{shiny}      R  stderr -----------   122: &lt;Anonymous&gt;
{shiny}      R  stderr -----------   121: stop
{shiny}      R  stderr -----------   120: all_q
{shiny}      R  stderr -----------   117: exprFunc
{shiny}      R  stderr -----------   116: widgetFunc
{shiny}      R  stderr -----------   115: ::
{shiny}      R  stderr ----------- htmlwidgets
{shiny}      R  stderr ----------- shinyRenderWidget
{shiny}      R  stderr -----------   114: func
{shiny}      R  stderr -----------   101: renderFunc
{shiny}      R  stderr -----------   100: renderFunc
{shiny}      R  stderr -----------    96: renderFunc
{shiny}      R  stderr -----------    95: output$teal-main_ui-root-therapy__e2e_-module-therapy_table
{shiny}      R  stderr -----------    14: &lt;Anonymous&gt;
{shiny}      R  stderr -----------    12: &lt;Anonymous&gt;
{shiny}      R  stderr -----------    11: &lt;Anonymous&gt;
{shiny}      R  stderr -----------    10: base::do.call
{shiny}      R  stderr -----------     9: base::saveRDS
{shiny}      R  stderr -----------     8: base::withCallingHandlers
{shiny}      R  stderr -----------     7: doTryCatch
{shiny}      R  stderr -----------     6: tryCatchOne
{shiny}      R  stderr -----------     5: tryCatchList
{shiny}      R  stderr -----------     2: tryCatchList
{shiny}      R  stderr -----------     1: base::tryCatch
{shiny}      R  stderr ----------- Warning: Error in variable_choices.data.frame: Assertion on 'subset' failed: Must be a subset of {'','USUBJID','STUDYID','CMCLAS','CMDECOD','ATIREL','CMCAT','COUNTRY','SITEID','SUBJID','AGE','SEX','ARMCD','ARM','ACTARMCD','ACTARM','RACE','TRTSDTM','TRTEDTM','EOSDY','EOSDT','STRATA1','STRATA2','BMRKR1','BMRKR2','REGION1','SAFFL','EOSSTT','EOTSTT','DCSREAS','DTHDT','ASTDTM','ASTDY','AENDTM','AENDY','CMSEQ','ATC1','ATC2','ATC3','ATC4','CMINDC','CMDOSE','CMTRT','CMDOSU','CMROUTE','CMDOSFRQ','CMASTDTM','CMAENDTM','ATIREL2','CMDECOD2','CMINDC2','CMDOSE2','CMDOSU2','CMROUTE2','CMDOSFRQ2','ASTDY2','AENDY2'}, but has additional elements {'CMTRT2'}.
{shiny}      R  stderr -----------   162: &lt;Anonymous&gt;
{shiny}      R  stderr -----------   161: stop
{shiny}      R  stderr -----------   160: selector_list
{shiny}      R  stderr -----------   159: teal.transform::compose_and_enable_validators
{shiny}      R  stderr -----------   158: &lt;reactive&gt;
{shiny}      R  stderr -----------   142: iv_r
{shiny}      R  stderr -----------   135: &lt;reactive&gt;
{shiny}      R  stderr -----------   119: plot_r
{shiny}      R  stderr -----------   110: renderUI
{shiny}      R  stderr -----------   109: func
{shiny}      R  stderr -----------    96: renderFunc
{shiny}      R  stderr -----------    95: output$teal-main_ui-root-therapy__e2e_-module-therapy_plot-plot_out_main
{shiny}      R  stderr -----------    14: &lt;Anonymous&gt;
{shiny}      R  stderr -----------    12: &lt;Anonymous&gt;
{shiny}      R  stderr -----------    11: &lt;Anonymous&gt;
{shiny}      R  stderr -----------    10: base::do.call
{shiny}      R  stderr -----------     9: base::saveRDS
{shiny}      R  stderr -----------     8: base::withCallingHandlers
{shiny}      R  stderr -----------     7: doTryCatch
{shiny}      R  stderr -----------     6: tryCatchOne
{shiny}      R  stderr -----------     5: tryCatchList
{shiny}      R  stderr -----------     2: tryCatchList
{shiny}      R  stderr -----------     1: base::tryCatch
{shiny}      R  stderr ----------- Warning: Error in &lt;Anonymous&gt;: error in evaluating the argument 'code' in selecting a method for function 'eval_code': Assertion on 'subset' failed: Must be a subset of {'','USUBJID','STUDYID','CMCLAS','CMDECOD','ATIREL','CMCAT','COUNTRY','SITEID','SUBJID','AGE','SEX','ARMCD','ARM','ACTARMCD','ACTARM','RACE','TRTSDTM','TRTEDTM','EOSDY','EOSDT','STRATA1','STRATA2','BMRKR1','BMRKR2','REGION1','SAFFL','EOSSTT','EOTSTT','DCSREAS','DTHDT','ASTDTM','ASTDY','AENDTM','AENDY','CMSEQ','ATC1','ATC2','ATC3','ATC4','CMINDC','CMDOSE','CMTRT','CMDOSU','CMROUTE','CMDOSFRQ','CMASTDTM','CMAENDTM','ATIREL2','CMDECOD2','CMINDC2','CMDOSE2','CMDOSU2','CMROUTE2','CMDOSFRQ2','ASTDY2','AENDY2'}, but has additional elements {'CMTRT2'}.
{shiny}      R  stderr -----------   14: &lt;Anonymous&gt;
{shiny}      R  stderr -----------   12: &lt;Anonymous&gt;
{shiny}      R  stderr -----------   11: &lt;Anonymous&gt;
{shiny}      R  stderr -----------   10: base::do.call
{shiny}      R  stderr -----------    9: base::saveRDS
{shiny}      R  stderr -----------    8: base::withCallingHandlers
{shiny}      R  stderr -----------    7: doTryCatch
{shiny}      R  stderr -----------    6: tryCatchOne
{shiny}      R  stderr -----------    5: tryCatchList
{shiny}      R  stderr -----------    2: tryCatchList
{shiny}      R  stderr -----------    1: base::tryCatch


Caused by error in `app_initialize_()`:
! Shiny app did not become stable in 1e+05ms.
Message: An error occurred while waiting for Shiny to be stable
Caused by error in `app_wait_for_idle()`:
! An error occurred while waiting for Shiny to be stable
Backtrace:
     x
  1. +-teal.modules.clinical (local) app_driver_tm_g_pp_therapy() at test-shinytest2-tm_g_pp_therapy.R:189:5
  2. | \-teal.modules.clinical:::init_teal_app_driver(...) at test-shinytest2-tm_g_pp_therapy.R:31:3
  3. |   +-testthat::with_mocked_bindings(...) at tests/testthat/helper-TealAppDriver.R:7:3
  4. |   \-TealAppDriver$new(...) at tests/testthat/helper-TealAppDriver.R:10:7
  5. |     \-teal (local) initialize(...)
  6. |       +-base::suppressWarnings(...)
  7. |       | \-base::withCallingHandlers(...)
  8. |       \-super$initialize(...)
  9. |         \-shinytest2:::app_initialize(...)
 10. |           +-base::withCallingHandlers(...)
 11. |           \-shinytest2:::app_initialize_(self, private, ..., view = view)
 12. |             +-base::withCallingHandlers(...)
 13. |             \-self$wait_for_idle(duration = 200, timeout = private$load_timeout)
 14. |               \-shinytest2:::app_wait_for_idle(...)
 15. |                 \-shinytest2:::app_abort(self, private, "An error occurred while waiting for Shiny to be stable")
 16. |                   \-rlang::abort(..., app = self, call = call)
 17. |                     \-rlang:::signal_abort(cnd, .file)
 18. |                       \-base::signalCondition(cnd)
 19. +-shinytest2 (local) `&lt;fn&gt;`(`&lt;rlng_rrr&gt;`)
 20. | \-shinytest2:::app_abort(...)
 21. |   \-rlang::abort(..., app = self, call = call)
 22. |     \-rlang:::signal_abort(cnd, .file)
 23. |       \-base::signalCondition(cnd)
 24. \-shinytest2 (local) `&lt;fn&gt;`(`&lt;rlng_rrr&gt;`)
 25.   \-shinytest2:::app_abort(...)
 26.     \-rlang::abort(..., app = self, call = call)</error>
    </testcase>
    <testcase time="102.883" classname="shinytest2_tm_g_pp_therapy" name="e2e_tm_g_pp_therapy_Deselection_of_cmdecod_dataset_ADCM_singleextract_select_throws_validation_error.">
      <error type="error" message="Error in `app_initialize(self, private, app_dir = app_dir, ..., load_timeout = load_timeout,  ('test-shinytest2-tm_g_pp_therapy.R:189:5')">Error in `app_initialize(self, private, app_dir = app_dir, ..., load_timeout = load_timeout, 
    timeout = timeout, wait = wait, expect_values_screenshot_args = expect_values_screenshot_args, 
    screenshot_args = screenshot_args, check_names = check_names, 
    name = name, variant = variant, view = view, height = height, 
    width = width, seed = seed, clean_logs = clean_logs, shiny_args = shiny_args, 
    render_args = render_args, options = options)`: Shiny app did not become stable in 1e+05ms.
Message: An error occurred while waiting for Shiny to be stable
Caused by error in `app_wait_for_idle()`:
! An error occurred while waiting for Shiny to be stable


i You can inspect the failed AppDriver object via `rlang::last_error()$app`
i AppDriver logs:
{shinytest2} R  info   17:39:53.79 Start AppDriver initialization
{shinytest2} R  info   17:39:53.82 Starting Shiny app
{shinytest2} R  info   17:39:55.85 Creating new ChromoteSession
{shinytest2} R  info   17:39:55.88 Navigating to Shiny app
{shinytest2} R  info   17:39:55.97 Injecting shiny-tracer.js
{chromote}   JS info   17:39:55.98 shinytest2; jQuery not found
{chromote}   JS info   17:39:55.98 shinytest2; Loaded
{shinytest2} R  info   17:39:55.98 Waiting for Shiny to become ready
{chromote}   JS info   17:39:56.07 shinytest2; jQuery found
{chromote}   JS info   17:39:56.07 shinytest2; Waiting for shiny session to connect
{chromote}   JS info   17:39:56.19 shinytest2; Connected
{shinytest2} R  info   17:39:56.20 Waiting for Shiny to become idle for 200ms within 1e+05ms
{chromote}   JS info   17:39:56.20 shinytest2; Waiting for Shiny to be stable
{chromote}   JS info   17:39:56.23 shinytest2; shiny:busy
{chromote}   JS info   17:39:57.50 shinytest2; shiny:idle
{chromote}   JS info   17:39:57.50 shinytest2; shiny:value teal-identifier
{chromote}   JS info   17:39:57.50 shinytest2; shiny:value error
{chromote}   JS info   17:39:57.51 shinytest2; shiny:busy
{chromote}   JS info   17:39:57.51 shinytest2; shiny:idle
{chromote}   JS info   17:39:57.53 shinytest2; shiny:busy
{shinytest2} R  info   17:41:36.22 Error while initializing AppDriver:
                                   Shiny app did not become stable in 1e+05ms.
                                   Message: An error occurred while waiting for Shiny to be stable
                                   Caused by error in `app_wait_for_idle()`:
                                   ! An error occurred while waiting for Shiny to be stable
{shiny}      R  stderr ----------- Loading required package: shiny
{shiny}      R  stderr ----------- Attempting to load the environment ‘package:dplyr’
{shiny}      R  stderr ----------- 
{shiny}      R  stderr ----------- Attaching package: ‘dplyr’
{shiny}      R  stderr ----------- 
{shiny}      R  stderr ----------- The following objects are masked from ‘package:stats’:
{shiny}      R  stderr ----------- 
{shiny}      R  stderr -----------     filter, lag
{shiny}      R  stderr ----------- 
{shiny}      R  stderr ----------- The following objects are masked from ‘package:base’:
{shiny}      R  stderr ----------- 
{shiny}      R  stderr -----------     intersect, setdiff, setequal, union
{shiny}      R  stderr ----------- 
{shiny}      R  stderr ----------- Loading required package: teal
{shiny}      R  stderr ----------- Loading required package: teal.data
{shiny}      R  stderr ----------- Loading required package: teal.code
{shiny}      R  stderr ----------- Loading required package: teal.slice
{shiny}      R  stderr ----------- 
{shiny}      R  stderr ----------- You are using teal version 0.15.2.9031
{shiny}      R  stderr ----------- 
{shiny}      R  stderr ----------- Attaching package: ‘teal’
{shiny}      R  stderr ----------- 
{shiny}      R  stderr ----------- The following objects are masked from ‘package:teal.slice’:
{shiny}      R  stderr ----------- 
{shiny}      R  stderr -----------     as.teal_slices, teal_slices
{shiny}      R  stderr ----------- 
{shiny}      R  stderr ----------- Loading required package: teal.transform
{shiny}      R  stderr ----------- Loading required package: tern
{shiny}      R  stderr ----------- Loading required package: rtables
{shiny}      R  stderr ----------- Loading required package: formatters
{shiny}      R  stderr ----------- Loading required package: magrittr
{shiny}      R  stderr ----------- 
{shiny}      R  stderr ----------- Attaching package: ‘rtables’
{shiny}      R  stderr ----------- 
{shiny}      R  stderr ----------- The following object is masked from ‘package:utils’:
{shiny}      R  stderr ----------- 
{shiny}      R  stderr -----------     str
{shiny}      R  stderr ----------- 
{shiny}      R  stderr ----------- Running application in test mode.
{shiny}      R  stderr ----------- 
{shiny}      R  stderr ----------- Listening on http://127.0.0.1:7962
{shiny}      R  stderr ----------- Initializing reporter_previewer_module
{shiny}      R  stderr ----------- Warning: Error in &lt;Anonymous&gt;: error in evaluating the argument 'code' in selecting a method for function 'eval_code': Assertion on 'subset' failed: Must be a subset of {'','USUBJID','STUDYID','CMCLAS','CMDECOD','ATIREL','CMCAT','COUNTRY','SITEID','SUBJID','AGE','SEX','ARMCD','ARM','ACTARMCD','ACTARM','RACE','TRTSDTM','TRTEDTM','EOSDY','EOSDT','STRATA1','STRATA2','BMRKR1','BMRKR2','REGION1','SAFFL','EOSSTT','EOTSTT','DCSREAS','DTHDT','ASTDTM','ASTDY','AENDTM','AENDY','CMSEQ','ATC1','ATC2','ATC3','ATC4','CMINDC','CMDOSE','CMTRT','CMDOSU','CMROUTE','CMDOSFRQ','CMASTDTM','CMAENDTM','ATIREL2','CMDECOD2','CMINDC2','CMDOSE2','CMDOSU2','CMROUTE2','CMDOSFRQ2','ASTDY2','AENDY2'}, but has additional elements {'CMTRT2'}.
{shiny}      R  stderr -----------   241: &lt;Anonymous&gt;
{shiny}      R  stderr -----------   240: stop
{shiny}      R  stderr -----------   239: mstop
{shiny}      R  stderr -----------   238: makeAssertion
{shiny}      R  stderr -----------   237: checkmate::assert_subset
{shiny}      R  stderr -----------   236: variable_choices.data.frame
{shiny}      R  stderr -----------   233: resolve.delayed_variable_choices
{shiny}      R  stderr -----------   231: resolve.delayed_select_spec
{shiny}      R  stderr -----------   229: resolve.delayed_data_extract_spec
{shiny}      R  stderr -----------   227: resolve_delayed.list
{shiny}      R  stderr -----------   213: module
{shiny}      R  stderr -----------   208: callModule
{shiny}      R  stderr -----------   207: moduleServer
{shiny}      R  stderr -----------   206: data_extract_single_srv
{shiny}      R  stderr -----------   205: FUN
{shiny}      R  stderr -----------   204: lapply
{shiny}      R  stderr -----------   203: module
{shiny}      R  stderr -----------   198: callModule
{shiny}      R  stderr -----------   197: moduleServer
{shiny}      R  stderr -----------   196: data_extract_srv.list
{shiny}      R  stderr -----------   194: FUN
{shiny}      R  stderr -----------   193: lapply
{shiny}      R  stderr -----------   192: sapply
{shiny}      R  stderr -----------   191: &lt;reactive&gt;
{shiny}      R  stderr -----------   175: selector_list
{shiny}      R  stderr -----------   170: &lt;reactive&gt;
{shiny}      R  stderr -----------   154: anl_inputs
{shiny}      R  stderr -----------   153: as.expression
{shiny}      R  stderr -----------   152: teal.code::eval_code
{shiny}      R  stderr -----------   151: %&gt;%
{shiny}      R  stderr -----------   150: &lt;reactive&gt;
{shiny}      R  stderr -----------   134: merged$anl_q
{shiny}      R  stderr -----------   128: &lt;reactive&gt;
{shiny}      R  stderr -----------   112: all_q
{shiny}      R  stderr -----------   110: renderText
{shiny}      R  stderr -----------   109: func
{shiny}      R  stderr -----------    96: renderFunc
{shiny}      R  stderr -----------    95: output$teal-main_ui-root-therapy__e2e_-module-title
{shiny}      R  stderr -----------    14: &lt;Anonymous&gt;
{shiny}      R  stderr -----------    12: &lt;Anonymous&gt;
{shiny}      R  stderr -----------    11: &lt;Anonymous&gt;
{shiny}      R  stderr -----------    10: base::do.call
{shiny}      R  stderr -----------     9: base::saveRDS
{shiny}      R  stderr -----------     8: base::withCallingHandlers
{shiny}      R  stderr -----------     7: doTryCatch
{shiny}      R  stderr -----------     6: tryCatchOne
{shiny}      R  stderr -----------     5: tryCatchList
{shiny}      R  stderr -----------     2: tryCatchList
{shiny}      R  stderr -----------     1: base::tryCatch
{shiny}      R  stderr ----------- Warning: Error in &lt;Anonymous&gt;: error in evaluating the argument 'code' in selecting a method for function 'eval_code': Assertion on 'subset' failed: Must be a subset of {'','USUBJID','STUDYID','CMCLAS','CMDECOD','ATIREL','CMCAT','COUNTRY','SITEID','SUBJID','AGE','SEX','ARMCD','ARM','ACTARMCD','ACTARM','RACE','TRTSDTM','TRTEDTM','EOSDY','EOSDT','STRATA1','STRATA2','BMRKR1','BMRKR2','REGION1','SAFFL','EOSSTT','EOTSTT','DCSREAS','DTHDT','ASTDTM','ASTDY','AENDTM','AENDY','CMSEQ','ATC1','ATC2','ATC3','ATC4','CMINDC','CMDOSE','CMTRT','CMDOSU','CMROUTE','CMDOSFRQ','CMASTDTM','CMAENDTM','ATIREL2','CMDECOD2','CMINDC2','CMDOSE2','CMDOSU2','CMROUTE2','CMDOSFRQ2','ASTDY2','AENDY2'}, but has additional elements {'CMTRT2'}.
{shiny}      R  stderr -----------   122: &lt;Anonymous&gt;
{shiny}      R  stderr -----------   121: stop
{shiny}      R  stderr -----------   120: all_q
{shiny}      R  stderr -----------   117: exprFunc
{shiny}      R  stderr -----------   116: widgetFunc
{shiny}      R  stderr -----------   115: ::
{shiny}      R  stderr ----------- htmlwidgets
{shiny}      R  stderr ----------- shinyRenderWidget
{shiny}      R  stderr -----------   114: func
{shiny}      R  stderr -----------   101: renderFunc
{shiny}      R  stderr -----------   100: renderFunc
{shiny}      R  stderr -----------    96: renderFunc
{shiny}      R  stderr -----------    95: output$teal-main_ui-root-therapy__e2e_-module-therapy_table
{shiny}      R  stderr -----------    14: &lt;Anonymous&gt;
{shiny}      R  stderr -----------    12: &lt;Anonymous&gt;
{shiny}      R  stderr -----------    11: &lt;Anonymous&gt;
{shiny}      R  stderr -----------    10: base::do.call
{shiny}      R  stderr -----------     9: base::saveRDS
{shiny}      R  stderr -----------     8: base::withCallingHandlers
{shiny}      R  stderr -----------     7: doTryCatch
{shiny}      R  stderr -----------     6: tryCatchOne
{shiny}      R  stderr -----------     5: tryCatchList
{shiny}      R  stderr -----------     2: tryCatchList
{shiny}      R  stderr -----------     1: base::tryCatch
{shiny}      R  stderr ----------- Warning: Error in variable_choices.data.frame: Assertion on 'subset' failed: Must be a subset of {'','USUBJID','STUDYID','CMCLAS','CMDECOD','ATIREL','CMCAT','COUNTRY','SITEID','SUBJID','AGE','SEX','ARMCD','ARM','ACTARMCD','ACTARM','RACE','TRTSDTM','TRTEDTM','EOSDY','EOSDT','STRATA1','STRATA2','BMRKR1','BMRKR2','REGION1','SAFFL','EOSSTT','EOTSTT','DCSREAS','DTHDT','ASTDTM','ASTDY','AENDTM','AENDY','CMSEQ','ATC1','ATC2','ATC3','ATC4','CMINDC','CMDOSE','CMTRT','CMDOSU','CMROUTE','CMDOSFRQ','CMASTDTM','CMAENDTM','ATIREL2','CMDECOD2','CMINDC2','CMDOSE2','CMDOSU2','CMROUTE2','CMDOSFRQ2','ASTDY2','AENDY2'}, but has additional elements {'CMTRT2'}.
{shiny}      R  stderr -----------   162: &lt;Anonymous&gt;
{shiny}      R  stderr -----------   161: stop
{shiny}      R  stderr -----------   160: selector_list
{shiny}      R  stderr -----------   159: teal.transform::compose_and_enable_validators
{shiny}      R  stderr -----------   158: &lt;reactive&gt;
{shiny}      R  stderr -----------   142: iv_r
{shiny}      R  stderr -----------   135: &lt;reactive&gt;
{shiny}      R  stderr -----------   119: plot_r
{shiny}      R  stderr -----------   110: renderUI
{shiny}      R  stderr -----------   109: func
{shiny}      R  stderr -----------    96: renderFunc
{shiny}      R  stderr -----------    95: output$teal-main_ui-root-therapy__e2e_-module-therapy_plot-plot_out_main
{shiny}      R  stderr -----------    14: &lt;Anonymous&gt;
{shiny}      R  stderr -----------    12: &lt;Anonymous&gt;
{shiny}      R  stderr -----------    11: &lt;Anonymous&gt;
{shiny}      R  stderr -----------    10: base::do.call
{shiny}      R  stderr -----------     9: base::saveRDS
{shiny}      R  stderr -----------     8: base::withCallingHandlers
{shiny}      R  stderr -----------     7: doTryCatch
{shiny}      R  stderr -----------     6: tryCatchOne
{shiny}      R  stderr -----------     5: tryCatchList
{shiny}      R  stderr -----------     2: tryCatchList
{shiny}      R  stderr -----------     1: base::tryCatch
{shiny}      R  stderr ----------- Warning: Error in &lt;Anonymous&gt;: error in evaluating the argument 'code' in selecting a method for function 'eval_code': Assertion on 'subset' failed: Must be a subset of {'','USUBJID','STUDYID','CMCLAS','CMDECOD','ATIREL','CMCAT','COUNTRY','SITEID','SUBJID','AGE','SEX','ARMCD','ARM','ACTARMCD','ACTARM','RACE','TRTSDTM','TRTEDTM','EOSDY','EOSDT','STRATA1','STRATA2','BMRKR1','BMRKR2','REGION1','SAFFL','EOSSTT','EOTSTT','DCSREAS','DTHDT','ASTDTM','ASTDY','AENDTM','AENDY','CMSEQ','ATC1','ATC2','ATC3','ATC4','CMINDC','CMDOSE','CMTRT','CMDOSU','CMROUTE','CMDOSFRQ','CMASTDTM','CMAENDTM','ATIREL2','CMDECOD2','CMINDC2','CMDOSE2','CMDOSU2','CMROUTE2','CMDOSFRQ2','ASTDY2','AENDY2'}, but has additional elements {'CMTRT2'}.
{shiny}      R  stderr -----------   14: &lt;Anonymous&gt;
{shiny}      R  stderr -----------   12: &lt;Anonymous&gt;
{shiny}      R  stderr -----------   11: &lt;Anonymous&gt;
{shiny}      R  stderr -----------   10: base::do.call
{shiny}      R  stderr -----------    9: base::saveRDS
{shiny}      R  stderr -----------    8: base::withCallingHandlers
{shiny}      R  stderr -----------    7: doTryCatch
{shiny}      R  stderr -----------    6: tryCatchOne
{shiny}      R  stderr -----------    5: tryCatchList
{shiny}      R  stderr -----------    2: tryCatchList
{shiny}      R  stderr -----------    1: base::tryCatch


Caused by error in `app_initialize_()`:
! Shiny app did not become stable in 1e+05ms.
Message: An error occurred while waiting for Shiny to be stable
Caused by error in `app_wait_for_idle()`:
! An error occurred while waiting for Shiny to be stable
Backtrace:
     x
  1. +-teal.modules.clinical (local) app_driver_tm_g_pp_therapy() at test-shinytest2-tm_g_pp_therapy.R:189:5
  2. | \-teal.modules.clinical:::init_teal_app_driver(...) at test-shinytest2-tm_g_pp_therapy.R:31:3
  3. |   +-testthat::with_mocked_bindings(...) at tests/testthat/helper-TealAppDriver.R:7:3
  4. |   \-TealAppDriver$new(...) at tests/testthat/helper-TealAppDriver.R:10:7
  5. |     \-teal (local) initialize(...)
  6. |       +-base::suppressWarnings(...)
  7. |       | \-base::withCallingHandlers(...)
  8. |       \-super$initialize(...)
  9. |         \-shinytest2:::app_initialize(...)
 10. |           +-base::withCallingHandlers(...)
 11. |           \-shinytest2:::app_initialize_(self, private, ..., view = view)
 12. |             +-base::withCallingHandlers(...)
 13. |             \-self$wait_for_idle(duration = 200, timeout = private$load_timeout)
 14. |               \-shinytest2:::app_wait_for_idle(...)
 15. |                 \-shinytest2:::app_abort(self, private, "An error occurred while waiting for Shiny to be stable")
 16. |                   \-rlang::abort(..., app = self, call = call)
 17. |                     \-rlang:::signal_abort(cnd, .file)
 18. |                       \-base::signalCondition(cnd)
 19. +-shinytest2 (local) `&lt;fn&gt;`(`&lt;rlng_rrr&gt;`)
 20. | \-shinytest2:::app_abort(...)
 21. |   \-rlang::abort(..., app = self, call = call)
 22. |     \-rlang:::signal_abort(cnd, .file)
 23. |       \-base::signalCondition(cnd)
 24. \-shinytest2 (local) `&lt;fn&gt;`(`&lt;rlng_rrr&gt;`)
 25.   \-shinytest2:::app_abort(...)
 26.     \-rlang::abort(..., app = self, call = call)</error>
    </testcase>
    <testcase time="102.985" classname="shinytest2_tm_g_pp_therapy" name="e2e_tm_g_pp_therapy_Selection_of_atirel_changes_the_element_and_does_not_throw_validation_errors">
      <error type="error" message="Error in `app_initialize(self, private, app_dir = app_dir, ..., load_timeout = load_timeout,  ('test-shinytest2-tm_g_pp_therapy.R:162:9')">Error in `app_initialize(self, private, app_dir = app_dir, ..., load_timeout = load_timeout, 
    timeout = timeout, wait = wait, expect_values_screenshot_args = expect_values_screenshot_args, 
    screenshot_args = screenshot_args, check_names = check_names, 
    name = name, variant = variant, view = view, height = height, 
    width = width, seed = seed, clean_logs = clean_logs, shiny_args = shiny_args, 
    render_args = render_args, options = options)`: Shiny app did not become stable in 1e+05ms.
Message: An error occurred while waiting for Shiny to be stable
Caused by error in `app_wait_for_idle()`:
! An error occurred while waiting for Shiny to be stable


i You can inspect the failed AppDriver object via `rlang::last_error()$app`
i AppDriver logs:
{shinytest2} R  info   17:41:36.67 Start AppDriver initialization
{shinytest2} R  info   17:41:36.70 Starting Shiny app
{shinytest2} R  info   17:41:38.72 Creating new ChromoteSession
{shinytest2} R  info   17:41:38.76 Navigating to Shiny app
{shinytest2} R  info   17:41:38.85 Injecting shiny-tracer.js
{chromote}   JS info   17:41:38.86 shinytest2; jQuery not found
{chromote}   JS info   17:41:38.86 shinytest2; Loaded
{shinytest2} R  info   17:41:38.86 Waiting for Shiny to become ready
{chromote}   JS info   17:41:38.98 shinytest2; jQuery found
{chromote}   JS info   17:41:38.98 shinytest2; Waiting for shiny session to connect
{chromote}   JS info   17:41:39.11 shinytest2; Connected
{chromote}   JS info   17:41:39.15 shinytest2; shiny:busy
{shinytest2} R  info   17:41:39.18 Waiting for Shiny to become idle for 200ms within 1e+05ms
{chromote}   JS info   17:41:39.19 shinytest2; Waiting for Shiny to be stable
{chromote}   JS info   17:41:40.37 shinytest2; shiny:idle
{chromote}   JS info   17:41:40.37 shinytest2; shiny:value teal-identifier
{chromote}   JS info   17:41:40.37 shinytest2; shiny:value error
{chromote}   JS info   17:41:40.37 shinytest2; shiny:busy
{chromote}   JS info   17:41:40.37 shinytest2; shiny:idle
{chromote}   JS info   17:41:40.39 shinytest2; shiny:busy
{shinytest2} R  info   17:43:19.20 Error while initializing AppDriver:
                                   Shiny app did not become stable in 1e+05ms.
                                   Message: An error occurred while waiting for Shiny to be stable
                                   Caused by error in `app_wait_for_idle()`:
                                   ! An error occurred while waiting for Shiny to be stable
{shiny}      R  stderr ----------- Loading required package: shiny
{shiny}      R  stderr ----------- Attempting to load the environment ‘package:dplyr’
{shiny}      R  stderr ----------- 
{shiny}      R  stderr ----------- Attaching package: ‘dplyr’
{shiny}      R  stderr ----------- 
{shiny}      R  stderr ----------- The following objects are masked from ‘package:stats’:
{shiny}      R  stderr ----------- 
{shiny}      R  stderr -----------     filter, lag
{shiny}      R  stderr ----------- 
{shiny}      R  stderr ----------- The following objects are masked from ‘package:base’:
{shiny}      R  stderr ----------- 
{shiny}      R  stderr -----------     intersect, setdiff, setequal, union
{shiny}      R  stderr ----------- 
{shiny}      R  stderr ----------- Loading required package: teal
{shiny}      R  stderr ----------- Loading required package: teal.data
{shiny}      R  stderr ----------- Loading required package: teal.code
{shiny}      R  stderr ----------- Loading required package: teal.slice
{shiny}      R  stderr ----------- 
{shiny}      R  stderr ----------- You are using teal version 0.15.2.9031
{shiny}      R  stderr ----------- 
{shiny}      R  stderr ----------- Attaching package: ‘teal’
{shiny}      R  stderr ----------- 
{shiny}      R  stderr ----------- The following objects are masked from ‘package:teal.slice’:
{shiny}      R  stderr ----------- 
{shiny}      R  stderr -----------     as.teal_slices, teal_slices
{shiny}      R  stderr ----------- 
{shiny}      R  stderr ----------- Loading required package: teal.transform
{shiny}      R  stderr ----------- Loading required package: tern
{shiny}      R  stderr ----------- Loading required package: rtables
{shiny}      R  stderr ----------- Loading required package: formatters
{shiny}      R  stderr ----------- Loading required package: magrittr
{shiny}      R  stderr ----------- 
{shiny}      R  stderr ----------- Attaching package: ‘rtables’
{shiny}      R  stderr ----------- 
{shiny}      R  stderr ----------- The following object is masked from ‘package:utils’:
{shiny}      R  stderr ----------- 
{shiny}      R  stderr -----------     str
{shiny}      R  stderr ----------- 
{shiny}      R  stderr ----------- Running application in test mode.
{shiny}      R  stderr ----------- 
{shiny}      R  stderr ----------- Listening on http://127.0.0.1:4512
{shiny}      R  stderr ----------- Initializing reporter_previewer_module
{shiny}      R  stderr ----------- Warning: Error in &lt;Anonymous&gt;: error in evaluating the argument 'code' in selecting a method for function 'eval_code': Assertion on 'subset' failed: Must be a subset of {'','USUBJID','STUDYID','CMCLAS','CMDECOD','ATIREL','CMCAT','COUNTRY','SITEID','SUBJID','AGE','SEX','ARMCD','ARM','ACTARMCD','ACTARM','RACE','TRTSDTM','TRTEDTM','EOSDY','EOSDT','STRATA1','STRATA2','BMRKR1','BMRKR2','REGION1','SAFFL','EOSSTT','EOTSTT','DCSREAS','DTHDT','ASTDTM','ASTDY','AENDTM','AENDY','CMSEQ','ATC1','ATC2','ATC3','ATC4','CMINDC','CMDOSE','CMTRT','CMDOSU','CMROUTE','CMDOSFRQ','CMASTDTM','CMAENDTM','ATIREL2','CMDECOD2','CMINDC2','CMDOSE2','CMDOSU2','CMROUTE2','CMDOSFRQ2','ASTDY2','AENDY2'}, but has additional elements {'CMTRT2'}.
{shiny}      R  stderr -----------   241: &lt;Anonymous&gt;
{shiny}      R  stderr -----------   240: stop
{shiny}      R  stderr -----------   239: mstop
{shiny}      R  stderr -----------   238: makeAssertion
{shiny}      R  stderr -----------   237: checkmate::assert_subset
{shiny}      R  stderr -----------   236: variable_choices.data.frame
{shiny}      R  stderr -----------   233: resolve.delayed_variable_choices
{shiny}      R  stderr -----------   231: resolve.delayed_select_spec
{shiny}      R  stderr -----------   229: resolve.delayed_data_extract_spec
{shiny}      R  stderr -----------   227: resolve_delayed.list
{shiny}      R  stderr -----------   213: module
{shiny}      R  stderr -----------   208: callModule
{shiny}      R  stderr -----------   207: moduleServer
{shiny}      R  stderr -----------   206: data_extract_single_srv
{shiny}      R  stderr -----------   205: FUN
{shiny}      R  stderr -----------   204: lapply
{shiny}      R  stderr -----------   203: module
{shiny}      R  stderr -----------   198: callModule
{shiny}      R  stderr -----------   197: moduleServer
{shiny}      R  stderr -----------   196: data_extract_srv.list
{shiny}      R  stderr -----------   194: FUN
{shiny}      R  stderr -----------   193: lapply
{shiny}      R  stderr -----------   192: sapply
{shiny}      R  stderr -----------   191: &lt;reactive&gt;
{shiny}      R  stderr -----------   175: selector_list
{shiny}      R  stderr -----------   170: &lt;reactive&gt;
{shiny}      R  stderr -----------   154: anl_inputs
{shiny}      R  stderr -----------   153: as.expression
{shiny}      R  stderr -----------   152: teal.code::eval_code
{shiny}      R  stderr -----------   151: %&gt;%
{shiny}      R  stderr -----------   150: &lt;reactive&gt;
{shiny}      R  stderr -----------   134: merged$anl_q
{shiny}      R  stderr -----------   128: &lt;reactive&gt;
{shiny}      R  stderr -----------   112: all_q
{shiny}      R  stderr -----------   110: renderText
{shiny}      R  stderr -----------   109: func
{shiny}      R  stderr -----------    96: renderFunc
{shiny}      R  stderr -----------    95: output$teal-main_ui-root-therapy__e2e_-module-title
{shiny}      R  stderr -----------    14: &lt;Anonymous&gt;
{shiny}      R  stderr -----------    12: &lt;Anonymous&gt;
{shiny}      R  stderr -----------    11: &lt;Anonymous&gt;
{shiny}      R  stderr -----------    10: base::do.call
{shiny}      R  stderr -----------     9: base::saveRDS
{shiny}      R  stderr -----------     8: base::withCallingHandlers
{shiny}      R  stderr -----------     7: doTryCatch
{shiny}      R  stderr -----------     6: tryCatchOne
{shiny}      R  stderr -----------     5: tryCatchList
{shiny}      R  stderr -----------     2: tryCatchList
{shiny}      R  stderr -----------     1: base::tryCatch
{shiny}      R  stderr ----------- Warning: Error in &lt;Anonymous&gt;: error in evaluating the argument 'code' in selecting a method for function 'eval_code': Assertion on 'subset' failed: Must be a subset of {'','USUBJID','STUDYID','CMCLAS','CMDECOD','ATIREL','CMCAT','COUNTRY','SITEID','SUBJID','AGE','SEX','ARMCD','ARM','ACTARMCD','ACTARM','RACE','TRTSDTM','TRTEDTM','EOSDY','EOSDT','STRATA1','STRATA2','BMRKR1','BMRKR2','REGION1','SAFFL','EOSSTT','EOTSTT','DCSREAS','DTHDT','ASTDTM','ASTDY','AENDTM','AENDY','CMSEQ','ATC1','ATC2','ATC3','ATC4','CMINDC','CMDOSE','CMTRT','CMDOSU','CMROUTE','CMDOSFRQ','CMASTDTM','CMAENDTM','ATIREL2','CMDECOD2','CMINDC2','CMDOSE2','CMDOSU2','CMROUTE2','CMDOSFRQ2','ASTDY2','AENDY2'}, but has additional elements {'CMTRT2'}.
{shiny}      R  stderr -----------   122: &lt;Anonymous&gt;
{shiny}      R  stderr -----------   121: stop
{shiny}      R  stderr -----------   120: all_q
{shiny}      R  stderr -----------   117: exprFunc
{shiny}      R  stderr -----------   116: widgetFunc
{shiny}      R  stderr -----------   115: ::
{shiny}      R  stderr ----------- htmlwidgets
{shiny}      R  stderr ----------- shinyRenderWidget
{shiny}      R  stderr -----------   114: func
{shiny}      R  stderr -----------   101: renderFunc
{shiny}      R  stderr -----------   100: renderFunc
{shiny}      R  stderr -----------    96: renderFunc
{shiny}      R  stderr -----------    95: output$teal-main_ui-root-therapy__e2e_-module-therapy_table
{shiny}      R  stderr -----------    14: &lt;Anonymous&gt;
{shiny}      R  stderr -----------    12: &lt;Anonymous&gt;
{shiny}      R  stderr -----------    11: &lt;Anonymous&gt;
{shiny}      R  stderr -----------    10: base::do.call
{shiny}      R  stderr -----------     9: base::saveRDS
{shiny}      R  stderr -----------     8: base::withCallingHandlers
{shiny}      R  stderr -----------     7: doTryCatch
{shiny}      R  stderr -----------     6: tryCatchOne
{shiny}      R  stderr -----------     5: tryCatchList
{shiny}      R  stderr -----------     2: tryCatchList
{shiny}      R  stderr -----------     1: base::tryCatch
{shiny}      R  stderr ----------- Warning: Error in variable_choices.data.frame: Assertion on 'subset' failed: Must be a subset of {'','USUBJID','STUDYID','CMCLAS','CMDECOD','ATIREL','CMCAT','COUNTRY','SITEID','SUBJID','AGE','SEX','ARMCD','ARM','ACTARMCD','ACTARM','RACE','TRTSDTM','TRTEDTM','EOSDY','EOSDT','STRATA1','STRATA2','BMRKR1','BMRKR2','REGION1','SAFFL','EOSSTT','EOTSTT','DCSREAS','DTHDT','ASTDTM','ASTDY','AENDTM','AENDY','CMSEQ','ATC1','ATC2','ATC3','ATC4','CMINDC','CMDOSE','CMTRT','CMDOSU','CMROUTE','CMDOSFRQ','CMASTDTM','CMAENDTM','ATIREL2','CMDECOD2','CMINDC2','CMDOSE2','CMDOSU2','CMROUTE2','CMDOSFRQ2','ASTDY2','AENDY2'}, but has additional elements {'CMTRT2'}.
{shiny}      R  stderr -----------   162: &lt;Anonymous&gt;
{shiny}      R  stderr -----------   161: stop
{shiny}      R  stderr -----------   160: selector_list
{shiny}      R  stderr -----------   159: teal.transform::compose_and_enable_validators
{shiny}      R  stderr -----------   158: &lt;reactive&gt;
{shiny}      R  stderr -----------   142: iv_r
{shiny}      R  stderr -----------   135: &lt;reactive&gt;
{shiny}      R  stderr -----------   119: plot_r
{shiny}      R  stderr -----------   110: renderUI
{shiny}      R  stderr -----------   109: func
{shiny}      R  stderr -----------    96: renderFunc
{shiny}      R  stderr -----------    95: output$teal-main_ui-root-therapy__e2e_-module-therapy_plot-plot_out_main
{shiny}      R  stderr -----------    14: &lt;Anonymous&gt;
{shiny}      R  stderr -----------    12: &lt;Anonymous&gt;
{shiny}      R  stderr -----------    11: &lt;Anonymous&gt;
{shiny}      R  stderr -----------    10: base::do.call
{shiny}      R  stderr -----------     9: base::saveRDS
{shiny}      R  stderr -----------     8: base::withCallingHandlers
{shiny}      R  stderr -----------     7: doTryCatch
{shiny}      R  stderr -----------     6: tryCatchOne
{shiny}      R  stderr -----------     5: tryCatchList
{shiny}      R  stderr -----------     2: tryCatchList
{shiny}      R  stderr -----------     1: base::tryCatch
{shiny}      R  stderr ----------- Warning: Error in &lt;Anonymous&gt;: error in evaluating the argument 'code' in selecting a method for function 'eval_code': Assertion on 'subset' failed: Must be a subset of {'','USUBJID','STUDYID','CMCLAS','CMDECOD','ATIREL','CMCAT','COUNTRY','SITEID','SUBJID','AGE','SEX','ARMCD','ARM','ACTARMCD','ACTARM','RACE','TRTSDTM','TRTEDTM','EOSDY','EOSDT','STRATA1','STRATA2','BMRKR1','BMRKR2','REGION1','SAFFL','EOSSTT','EOTSTT','DCSREAS','DTHDT','ASTDTM','ASTDY','AENDTM','AENDY','CMSEQ','ATC1','ATC2','ATC3','ATC4','CMINDC','CMDOSE','CMTRT','CMDOSU','CMROUTE','CMDOSFRQ','CMASTDTM','CMAENDTM','ATIREL2','CMDECOD2','CMINDC2','CMDOSE2','CMDOSU2','CMROUTE2','CMDOSFRQ2','ASTDY2','AENDY2'}, but has additional elements {'CMTRT2'}.
{shiny}      R  stderr -----------   14: &lt;Anonymous&gt;
{shiny}      R  stderr -----------   12: &lt;Anonymous&gt;
{shiny}      R  stderr -----------   11: &lt;Anonymous&gt;
{shiny}      R  stderr -----------   10: base::do.call
{shiny}      R  stderr -----------    9: base::saveRDS
{shiny}      R  stderr -----------    8: base::withCallingHandlers
{shiny}      R  stderr -----------    7: doTryCatch
{shiny}      R  stderr -----------    6: tryCatchOne
{shiny}      R  stderr -----------    5: tryCatchList
{shiny}      R  stderr -----------    2: tryCatchList
{shiny}      R  stderr -----------    1: base::tryCatch


Caused by error in `app_initialize_()`:
! Shiny app did not become stable in 1e+05ms.
Message: An error occurred while waiting for Shiny to be stable
Caused by error in `app_wait_for_idle()`:
! An error occurred while waiting for Shiny to be stable
Backtrace:
     x
  1. +-teal.modules.clinical (local) app_driver_tm_g_pp_therapy() at test-shinytest2-tm_g_pp_therapy.R:162:9
  2. | \-teal.modules.clinical:::init_teal_app_driver(...) at test-shinytest2-tm_g_pp_therapy.R:31:3
  3. |   +-testthat::with_mocked_bindings(...) at tests/testthat/helper-TealAppDriver.R:7:3
  4. |   \-TealAppDriver$new(...) at tests/testthat/helper-TealAppDriver.R:10:7
  5. |     \-teal (local) initialize(...)
  6. |       +-base::suppressWarnings(...)
  7. |       | \-base::withCallingHandlers(...)
  8. |       \-super$initialize(...)
  9. |         \-shinytest2:::app_initialize(...)
 10. |           +-base::withCallingHandlers(...)
 11. |           \-shinytest2:::app_initialize_(self, private, ..., view = view)
 12. |             +-base::withCallingHandlers(...)
 13. |             \-self$wait_for_idle(duration = 200, timeout = private$load_timeout)
 14. |               \-shinytest2:::app_wait_for_idle(...)
 15. |                 \-shinytest2:::app_abort(self, private, "An error occurred while waiting for Shiny to be stable")
 16. |                   \-rlang::abort(..., app = self, call = call)
 17. |                     \-rlang:::signal_abort(cnd, .file)
 18. |                       \-base::signalCondition(cnd)
 19. +-shinytest2 (local) `&lt;fn&gt;`(`&lt;rlng_rrr&gt;`)
 20. | \-shinytest2:::app_abort(...)
 21. |   \-rlang::abort(..., app = self, call = call)
 22. |     \-rlang:::signal_abort(cnd, .file)
 23. |       \-base::signalCondition(cnd)
 24. \-shinytest2 (local) `&lt;fn&gt;`(`&lt;rlng_rrr&gt;`)
 25.   \-shinytest2:::app_abort(...)
 26.     \-rlang::abort(..., app = self, call = call)</error>
    </testcase>
    <testcase time="103.204" classname="shinytest2_tm_g_pp_therapy" name="e2e_tm_g_pp_therapy_Deselection_of_atirel_dataset_ADCM_singleextract_select_throws_validation_error.">
      <error type="error" message="Error in `app_initialize(self, private, app_dir = app_dir, ..., load_timeout = load_timeout,  ('test-shinytest2-tm_g_pp_therapy.R:189:5')">Error in `app_initialize(self, private, app_dir = app_dir, ..., load_timeout = load_timeout, 
    timeout = timeout, wait = wait, expect_values_screenshot_args = expect_values_screenshot_args, 
    screenshot_args = screenshot_args, check_names = check_names, 
    name = name, variant = variant, view = view, height = height, 
    width = width, seed = seed, clean_logs = clean_logs, shiny_args = shiny_args, 
    render_args = render_args, options = options)`: Shiny app did not become stable in 1e+05ms.
Message: An error occurred while waiting for Shiny to be stable
Caused by error in `app_wait_for_idle()`:
! An error occurred while waiting for Shiny to be stable


i You can inspect the failed AppDriver object via `rlang::last_error()$app`
i AppDriver logs:
{shinytest2} R  info   17:43:19.67 Start AppDriver initialization
{shinytest2} R  info   17:43:19.69 Starting Shiny app
{shinytest2} R  info   17:43:21.92 Creating new ChromoteSession
{shinytest2} R  info   17:43:21.95 Navigating to Shiny app
{shinytest2} R  info   17:43:22.05 Injecting shiny-tracer.js
{chromote}   JS info   17:43:22.06 shinytest2; jQuery not found
{chromote}   JS info   17:43:22.06 shinytest2; Loaded
{shinytest2} R  info   17:43:22.06 Waiting for Shiny to become ready
{chromote}   JS info   17:43:22.11 shinytest2; jQuery found
{chromote}   JS info   17:43:22.11 shinytest2; Waiting for shiny session to connect
{chromote}   JS info   17:43:22.29 shinytest2; Connected
{chromote}   JS info   17:43:22.33 shinytest2; shiny:busy
{shinytest2} R  info   17:43:22.38 Waiting for Shiny to become idle for 200ms within 1e+05ms
{chromote}   JS info   17:43:22.38 shinytest2; Waiting for Shiny to be stable
{chromote}   JS info   17:43:23.55 shinytest2; shiny:idle
{chromote}   JS info   17:43:23.55 shinytest2; shiny:value teal-identifier
{chromote}   JS info   17:43:23.55 shinytest2; shiny:value error
{chromote}   JS info   17:43:23.56 shinytest2; shiny:busy
{chromote}   JS info   17:43:23.56 shinytest2; shiny:idle
{chromote}   JS info   17:43:23.57 shinytest2; shiny:busy
{shinytest2} R  info   17:45:02.40 Error while initializing AppDriver:
                                   Shiny app did not become stable in 1e+05ms.
                                   Message: An error occurred while waiting for Shiny to be stable
                                   Caused by error in `app_wait_for_idle()`:
                                   ! An error occurred while waiting for Shiny to be stable
{shiny}      R  stderr ----------- Loading required package: shiny
{shiny}      R  stderr ----------- Attempting to load the environment ‘package:dplyr’
{shiny}      R  stderr ----------- 
{shiny}      R  stderr ----------- Attaching package: ‘dplyr’
{shiny}      R  stderr ----------- 
{shiny}      R  stderr ----------- The following objects are masked from ‘package:stats’:
{shiny}      R  stderr ----------- 
{shiny}      R  stderr -----------     filter, lag
{shiny}      R  stderr ----------- 
{shiny}      R  stderr ----------- The following objects are masked from ‘package:base’:
{shiny}      R  stderr ----------- 
{shiny}      R  stderr -----------     intersect, setdiff, setequal, union
{shiny}      R  stderr ----------- 
{shiny}      R  stderr ----------- Loading required package: teal
{shiny}      R  stderr ----------- Loading required package: teal.data
{shiny}      R  stderr ----------- Loading required package: teal.code
{shiny}      R  stderr ----------- Loading required package: teal.slice
{shiny}      R  stderr ----------- 
{shiny}      R  stderr ----------- You are using teal version 0.15.2.9031
{shiny}      R  stderr ----------- 
{shiny}      R  stderr ----------- Attaching package: ‘teal’
{shiny}      R  stderr ----------- 
{shiny}      R  stderr ----------- The following objects are masked from ‘package:teal.slice’:
{shiny}      R  stderr ----------- 
{shiny}      R  stderr -----------     as.teal_slices, teal_slices
{shiny}      R  stderr ----------- 
{shiny}      R  stderr ----------- Loading required package: teal.transform
{shiny}      R  stderr ----------- Loading required package: tern
{shiny}      R  stderr ----------- Loading required package: rtables
{shiny}      R  stderr ----------- Loading required package: formatters
{shiny}      R  stderr ----------- Loading required package: magrittr
{shiny}      R  stderr ----------- 
{shiny}      R  stderr ----------- Attaching package: ‘rtables’
{shiny}      R  stderr ----------- 
{shiny}      R  stderr ----------- The following object is masked from ‘package:utils’:
{shiny}      R  stderr ----------- 
{shiny}      R  stderr -----------     str
{shiny}      R  stderr ----------- 
{shiny}      R  stderr ----------- Running application in test mode.
{shiny}      R  stderr ----------- 
{shiny}      R  stderr ----------- Listening on http://127.0.0.1:6882
{shiny}      R  stderr ----------- Initializing reporter_previewer_module
{shiny}      R  stderr ----------- Warning: Error in &lt;Anonymous&gt;: error in evaluating the argument 'code' in selecting a method for function 'eval_code': Assertion on 'subset' failed: Must be a subset of {'','USUBJID','STUDYID','CMCLAS','CMDECOD','ATIREL','CMCAT','COUNTRY','SITEID','SUBJID','AGE','SEX','ARMCD','ARM','ACTARMCD','ACTARM','RACE','TRTSDTM','TRTEDTM','EOSDY','EOSDT','STRATA1','STRATA2','BMRKR1','BMRKR2','REGION1','SAFFL','EOSSTT','EOTSTT','DCSREAS','DTHDT','ASTDTM','ASTDY','AENDTM','AENDY','CMSEQ','ATC1','ATC2','ATC3','ATC4','CMINDC','CMDOSE','CMTRT','CMDOSU','CMROUTE','CMDOSFRQ','CMASTDTM','CMAENDTM','ATIREL2','CMDECOD2','CMINDC2','CMDOSE2','CMDOSU2','CMROUTE2','CMDOSFRQ2','ASTDY2','AENDY2'}, but has additional elements {'CMTRT2'}.
{shiny}      R  stderr -----------   241: &lt;Anonymous&gt;
{shiny}      R  stderr -----------   240: stop
{shiny}      R  stderr -----------   239: mstop
{shiny}      R  stderr -----------   238: makeAssertion
{shiny}      R  stderr -----------   237: checkmate::assert_subset
{shiny}      R  stderr -----------   236: variable_choices.data.frame
{shiny}      R  stderr -----------   233: resolve.delayed_variable_choices
{shiny}      R  stderr -----------   231: resolve.delayed_select_spec
{shiny}      R  stderr -----------   229: resolve.delayed_data_extract_spec
{shiny}      R  stderr -----------   227: resolve_delayed.list
{shiny}      R  stderr -----------   213: module
{shiny}      R  stderr -----------   208: callModule
{shiny}      R  stderr -----------   207: moduleServer
{shiny}      R  stderr -----------   206: data_extract_single_srv
{shiny}      R  stderr -----------   205: FUN
{shiny}      R  stderr -----------   204: lapply
{shiny}      R  stderr -----------   203: module
{shiny}      R  stderr -----------   198: callModule
{shiny}      R  stderr -----------   197: moduleServer
{shiny}      R  stderr -----------   196: data_extract_srv.list
{shiny}      R  stderr -----------   194: FUN
{shiny}      R  stderr -----------   193: lapply
{shiny}      R  stderr -----------   192: sapply
{shiny}      R  stderr -----------   191: &lt;reactive&gt;
{shiny}      R  stderr -----------   175: selector_list
{shiny}      R  stderr -----------   170: &lt;reactive&gt;
{shiny}      R  stderr -----------   154: anl_inputs
{shiny}      R  stderr -----------   153: as.expression
{shiny}      R  stderr -----------   152: teal.code::eval_code
{shiny}      R  stderr -----------   151: %&gt;%
{shiny}      R  stderr -----------   150: &lt;reactive&gt;
{shiny}      R  stderr -----------   134: merged$anl_q
{shiny}      R  stderr -----------   128: &lt;reactive&gt;
{shiny}      R  stderr -----------   112: all_q
{shiny}      R  stderr -----------   110: renderText
{shiny}      R  stderr -----------   109: func
{shiny}      R  stderr -----------    96: renderFunc
{shiny}      R  stderr -----------    95: output$teal-main_ui-root-therapy__e2e_-module-title
{shiny}      R  stderr -----------    14: &lt;Anonymous&gt;
{shiny}      R  stderr -----------    12: &lt;Anonymous&gt;
{shiny}      R  stderr -----------    11: &lt;Anonymous&gt;
{shiny}      R  stderr -----------    10: base::do.call
{shiny}      R  stderr -----------     9: base::saveRDS
{shiny}      R  stderr -----------     8: base::withCallingHandlers
{shiny}      R  stderr -----------     7: doTryCatch
{shiny}      R  stderr -----------     6: tryCatchOne
{shiny}      R  stderr -----------     5: tryCatchList
{shiny}      R  stderr -----------     2: tryCatchList
{shiny}      R  stderr -----------     1: base::tryCatch
{shiny}      R  stderr ----------- Warning: Error in &lt;Anonymous&gt;: error in evaluating the argument 'code' in selecting a method for function 'eval_code': Assertion on 'subset' failed: Must be a subset of {'','USUBJID','STUDYID','CMCLAS','CMDECOD','ATIREL','CMCAT','COUNTRY','SITEID','SUBJID','AGE','SEX','ARMCD','ARM','ACTARMCD','ACTARM','RACE','TRTSDTM','TRTEDTM','EOSDY','EOSDT','STRATA1','STRATA2','BMRKR1','BMRKR2','REGION1','SAFFL','EOSSTT','EOTSTT','DCSREAS','DTHDT','ASTDTM','ASTDY','AENDTM','AENDY','CMSEQ','ATC1','ATC2','ATC3','ATC4','CMINDC','CMDOSE','CMTRT','CMDOSU','CMROUTE','CMDOSFRQ','CMASTDTM','CMAENDTM','ATIREL2','CMDECOD2','CMINDC2','CMDOSE2','CMDOSU2','CMROUTE2','CMDOSFRQ2','ASTDY2','AENDY2'}, but has additional elements {'CMTRT2'}.
{shiny}      R  stderr -----------   122: &lt;Anonymous&gt;
{shiny}      R  stderr -----------   121: stop
{shiny}      R  stderr -----------   120: all_q
{shiny}      R  stderr -----------   117: exprFunc
{shiny}      R  stderr -----------   116: widgetFunc
{shiny}      R  stderr -----------   115: ::
{shiny}      R  stderr ----------- htmlwidgets
{shiny}      R  stderr ----------- shinyRenderWidget
{shiny}      R  stderr -----------   114: func
{shiny}      R  stderr -----------   101: renderFunc
{shiny}      R  stderr -----------   100: renderFunc
{shiny}      R  stderr -----------    96: renderFunc
{shiny}      R  stderr -----------    95: output$teal-main_ui-root-therapy__e2e_-module-therapy_table
{shiny}      R  stderr -----------    14: &lt;Anonymous&gt;
{shiny}      R  stderr -----------    12: &lt;Anonymous&gt;
{shiny}      R  stderr -----------    11: &lt;Anonymous&gt;
{shiny}      R  stderr -----------    10: base::do.call
{shiny}      R  stderr -----------     9: base::saveRDS
{shiny}      R  stderr -----------     8: base::withCallingHandlers
{shiny}      R  stderr -----------     7: doTryCatch
{shiny}      R  stderr -----------     6: tryCatchOne
{shiny}      R  stderr -----------     5: tryCatchList
{shiny}      R  stderr -----------     2: tryCatchList
{shiny}      R  stderr -----------     1: base::tryCatch
{shiny}      R  stderr ----------- Warning: Error in variable_choices.data.frame: Assertion on 'subset' failed: Must be a subset of {'','USUBJID','STUDYID','CMCLAS','CMDECOD','ATIREL','CMCAT','COUNTRY','SITEID','SUBJID','AGE','SEX','ARMCD','ARM','ACTARMCD','ACTARM','RACE','TRTSDTM','TRTEDTM','EOSDY','EOSDT','STRATA1','STRATA2','BMRKR1','BMRKR2','REGION1','SAFFL','EOSSTT','EOTSTT','DCSREAS','DTHDT','ASTDTM','ASTDY','AENDTM','AENDY','CMSEQ','ATC1','ATC2','ATC3','ATC4','CMINDC','CMDOSE','CMTRT','CMDOSU','CMROUTE','CMDOSFRQ','CMASTDTM','CMAENDTM','ATIREL2','CMDECOD2','CMINDC2','CMDOSE2','CMDOSU2','CMROUTE2','CMDOSFRQ2','ASTDY2','AENDY2'}, but has additional elements {'CMTRT2'}.
{shiny}      R  stderr -----------   162: &lt;Anonymous&gt;
{shiny}      R  stderr -----------   161: stop
{shiny}      R  stderr -----------   160: selector_list
{shiny}      R  stderr -----------   159: teal.transform::compose_and_enable_validators
{shiny}      R  stderr -----------   158: &lt;reactive&gt;
{shiny}      R  stderr -----------   142: iv_r
{shiny}      R  stderr -----------   135: &lt;reactive&gt;
{shiny}      R  stderr -----------   119: plot_r
{shiny}      R  stderr -----------   110: renderUI
{shiny}      R  stderr -----------   109: func
{shiny}      R  stderr -----------    96: renderFunc
{shiny}      R  stderr -----------    95: output$teal-main_ui-root-therapy__e2e_-module-therapy_plot-plot_out_main
{shiny}      R  stderr -----------    14: &lt;Anonymous&gt;
{shiny}      R  stderr -----------    12: &lt;Anonymous&gt;
{shiny}      R  stderr -----------    11: &lt;Anonymous&gt;
{shiny}      R  stderr -----------    10: base::do.call
{shiny}      R  stderr -----------     9: base::saveRDS
{shiny}      R  stderr -----------     8: base::withCallingHandlers
{shiny}      R  stderr -----------     7: doTryCatch
{shiny}      R  stderr -----------     6: tryCatchOne
{shiny}      R  stderr -----------     5: tryCatchList
{shiny}      R  stderr -----------     2: tryCatchList
{shiny}      R  stderr -----------     1: base::tryCatch
{shiny}      R  stderr ----------- Warning: Error in &lt;Anonymous&gt;: error in evaluating the argument 'code' in selecting a method for function 'eval_code': Assertion on 'subset' failed: Must be a subset of {'','USUBJID','STUDYID','CMCLAS','CMDECOD','ATIREL','CMCAT','COUNTRY','SITEID','SUBJID','AGE','SEX','ARMCD','ARM','ACTARMCD','ACTARM','RACE','TRTSDTM','TRTEDTM','EOSDY','EOSDT','STRATA1','STRATA2','BMRKR1','BMRKR2','REGION1','SAFFL','EOSSTT','EOTSTT','DCSREAS','DTHDT','ASTDTM','ASTDY','AENDTM','AENDY','CMSEQ','ATC1','ATC2','ATC3','ATC4','CMINDC','CMDOSE','CMTRT','CMDOSU','CMROUTE','CMDOSFRQ','CMASTDTM','CMAENDTM','ATIREL2','CMDECOD2','CMINDC2','CMDOSE2','CMDOSU2','CMROUTE2','CMDOSFRQ2','ASTDY2','AENDY2'}, but has additional elements {'CMTRT2'}.
{shiny}      R  stderr -----------   14: &lt;Anonymous&gt;
{shiny}      R  stderr -----------   12: &lt;Anonymous&gt;
{shiny}      R  stderr -----------   11: &lt;Anonymous&gt;
{shiny}      R  stderr -----------   10: base::do.call
{shiny}      R  stderr -----------    9: base::saveRDS
{shiny}      R  stderr -----------    8: base::withCallingHandlers
{shiny}      R  stderr -----------    7: doTryCatch
{shiny}      R  stderr -----------    6: tryCatchOne
{shiny}      R  stderr -----------    5: tryCatchList
{shiny}      R  stderr -----------    2: tryCatchList
{shiny}      R  stderr -----------    1: base::tryCatch


Caused by error in `app_initialize_()`:
! Shiny app did not become stable in 1e+05ms.
Message: An error occurred while waiting for Shiny to be stable
Caused by error in `app_wait_for_idle()`:
! An error occurred while waiting for Shiny to be stable
Backtrace:
     x
  1. +-teal.modules.clinical (local) app_driver_tm_g_pp_therapy() at test-shinytest2-tm_g_pp_therapy.R:189:5
  2. | \-teal.modules.clinical:::init_teal_app_driver(...) at test-shinytest2-tm_g_pp_therapy.R:31:3
  3. |   +-testthat::with_mocked_bindings(...) at tests/testthat/helper-TealAppDriver.R:7:3
  4. |   \-TealAppDriver$new(...) at tests/testthat/helper-TealAppDriver.R:10:7
  5. |     \-teal (local) initialize(...)
  6. |       +-base::suppressWarnings(...)
  7. |       | \-base::withCallingHandlers(...)
  8. |       \-super$initialize(...)
  9. |         \-shinytest2:::app_initialize(...)
 10. |           +-base::withCallingHandlers(...)
 11. |           \-shinytest2:::app_initialize_(self, private, ..., view = view)
 12. |             +-base::withCallingHandlers(...)
 13. |             \-self$wait_for_idle(duration = 200, timeout = private$load_timeout)
 14. |               \-shinytest2:::app_wait_for_idle(...)
 15. |                 \-shinytest2:::app_abort(self, private, "An error occurred while waiting for Shiny to be stable")
 16. |                   \-rlang::abort(..., app = self, call = call)
 17. |                     \-rlang:::signal_abort(cnd, .file)
 18. |                       \-base::signalCondition(cnd)
 19. +-shinytest2 (local) `&lt;fn&gt;`(`&lt;rlng_rrr&gt;`)
 20. | \-shinytest2:::app_abort(...)
 21. |   \-rlang::abort(..., app = self, call = call)
 22. |     \-rlang:::signal_abort(cnd, .file)
 23. |       \-base::signalCondition(cnd)
 24. \-shinytest2 (local) `&lt;fn&gt;`(`&lt;rlng_rrr&gt;`)
 25.   \-shinytest2:::app_abort(...)
 26.     \-rlang::abort(..., app = self, call = call)</error>
    </testcase>
    <testcase time="102.881" classname="shinytest2_tm_g_pp_therapy" name="e2e_tm_g_pp_therapy_Selection_of_cmindc_changes_the_element_and_does_not_throw_validation_errors">
      <error type="error" message="Error in `app_initialize(self, private, app_dir = app_dir, ..., load_timeout = load_timeout,  ('test-shinytest2-tm_g_pp_therapy.R:162:9')">Error in `app_initialize(self, private, app_dir = app_dir, ..., load_timeout = load_timeout, 
    timeout = timeout, wait = wait, expect_values_screenshot_args = expect_values_screenshot_args, 
    screenshot_args = screenshot_args, check_names = check_names, 
    name = name, variant = variant, view = view, height = height, 
    width = width, seed = seed, clean_logs = clean_logs, shiny_args = shiny_args, 
    render_args = render_args, options = options)`: Shiny app did not become stable in 1e+05ms.
Message: An error occurred while waiting for Shiny to be stable
Caused by error in `app_wait_for_idle()`:
! An error occurred while waiting for Shiny to be stable


i You can inspect the failed AppDriver object via `rlang::last_error()$app`
i AppDriver logs:
{shinytest2} R  info   17:45:02.85 Start AppDriver initialization
{shinytest2} R  info   17:45:02.88 Starting Shiny app
{shinytest2} R  info   17:45:04.90 Creating new ChromoteSession
{shinytest2} R  info   17:45:04.94 Navigating to Shiny app
{shinytest2} R  info   17:45:05.03 Injecting shiny-tracer.js
{chromote}   JS info   17:45:05.04 shinytest2; jQuery not found
{chromote}   JS info   17:45:05.04 shinytest2; Loaded
{shinytest2} R  info   17:45:05.04 Waiting for Shiny to become ready
{chromote}   JS info   17:45:05.14 shinytest2; jQuery found
{chromote}   JS info   17:45:05.14 shinytest2; Waiting for shiny session to connect
{chromote}   JS info   17:45:05.26 shinytest2; Connected
{shinytest2} R  info   17:45:05.26 Waiting for Shiny to become idle for 200ms within 1e+05ms
{chromote}   JS info   17:45:05.27 shinytest2; Waiting for Shiny to be stable
{chromote}   JS info   17:45:05.30 shinytest2; shiny:busy
{chromote}   JS info   17:45:06.56 shinytest2; shiny:idle
{chromote}   JS info   17:45:06.56 shinytest2; shiny:value teal-identifier
{chromote}   JS info   17:45:06.56 shinytest2; shiny:value error
{chromote}   JS info   17:45:06.56 shinytest2; shiny:busy
{chromote}   JS info   17:45:06.56 shinytest2; shiny:idle
{chromote}   JS info   17:45:06.58 shinytest2; shiny:busy
{shinytest2} R  info   17:46:45.29 Error while initializing AppDriver:
                                   Shiny app did not become stable in 1e+05ms.
                                   Message: An error occurred while waiting for Shiny to be stable
                                   Caused by error in `app_wait_for_idle()`:
                                   ! An error occurred while waiting for Shiny to be stable
{shiny}      R  stderr ----------- Loading required package: shiny
{shiny}      R  stderr ----------- Attempting to load the environment ‘package:dplyr’
{shiny}      R  stderr ----------- 
{shiny}      R  stderr ----------- Attaching package: ‘dplyr’
{shiny}      R  stderr ----------- 
{shiny}      R  stderr ----------- The following objects are masked from ‘package:stats’:
{shiny}      R  stderr ----------- 
{shiny}      R  stderr -----------     filter, lag
{shiny}      R  stderr ----------- 
{shiny}      R  stderr ----------- The following objects are masked from ‘package:base’:
{shiny}      R  stderr ----------- 
{shiny}      R  stderr -----------     intersect, setdiff, setequal, union
{shiny}      R  stderr ----------- 
{shiny}      R  stderr ----------- Loading required package: teal
{shiny}      R  stderr ----------- Loading required package: teal.data
{shiny}      R  stderr ----------- Loading required package: teal.code
{shiny}      R  stderr ----------- Loading required package: teal.slice
{shiny}      R  stderr ----------- 
{shiny}      R  stderr ----------- You are using teal version 0.15.2.9031
{shiny}      R  stderr ----------- 
{shiny}      R  stderr ----------- Attaching package: ‘teal’
{shiny}      R  stderr ----------- 
{shiny}      R  stderr ----------- The following objects are masked from ‘package:teal.slice’:
{shiny}      R  stderr ----------- 
{shiny}      R  stderr -----------     as.teal_slices, teal_slices
{shiny}      R  stderr ----------- 
{shiny}      R  stderr ----------- Loading required package: teal.transform
{shiny}      R  stderr ----------- Loading required package: tern
{shiny}      R  stderr ----------- Loading required package: rtables
{shiny}      R  stderr ----------- Loading required package: formatters
{shiny}      R  stderr ----------- Loading required package: magrittr
{shiny}      R  stderr ----------- 
{shiny}      R  stderr ----------- Attaching package: ‘rtables’
{shiny}      R  stderr ----------- 
{shiny}      R  stderr ----------- The following object is masked from ‘package:utils’:
{shiny}      R  stderr ----------- 
{shiny}      R  stderr -----------     str
{shiny}      R  stderr ----------- 
{shiny}      R  stderr ----------- Running application in test mode.
{shiny}      R  stderr ----------- 
{shiny}      R  stderr ----------- Listening on http://127.0.0.1:3135
{shiny}      R  stderr ----------- Initializing reporter_previewer_module
{shiny}      R  stderr ----------- Warning: Error in &lt;Anonymous&gt;: error in evaluating the argument 'code' in selecting a method for function 'eval_code': Assertion on 'subset' failed: Must be a subset of {'','USUBJID','STUDYID','CMCLAS','CMDECOD','ATIREL','CMCAT','COUNTRY','SITEID','SUBJID','AGE','SEX','ARMCD','ARM','ACTARMCD','ACTARM','RACE','TRTSDTM','TRTEDTM','EOSDY','EOSDT','STRATA1','STRATA2','BMRKR1','BMRKR2','REGION1','SAFFL','EOSSTT','EOTSTT','DCSREAS','DTHDT','ASTDTM','ASTDY','AENDTM','AENDY','CMSEQ','ATC1','ATC2','ATC3','ATC4','CMINDC','CMDOSE','CMTRT','CMDOSU','CMROUTE','CMDOSFRQ','CMASTDTM','CMAENDTM','ATIREL2','CMDECOD2','CMINDC2','CMDOSE2','CMDOSU2','CMROUTE2','CMDOSFRQ2','ASTDY2','AENDY2'}, but has additional elements {'CMTRT2'}.
{shiny}      R  stderr -----------   241: &lt;Anonymous&gt;
{shiny}      R  stderr -----------   240: stop
{shiny}      R  stderr -----------   239: mstop
{shiny}      R  stderr -----------   238: makeAssertion
{shiny}      R  stderr -----------   237: checkmate::assert_subset
{shiny}      R  stderr -----------   236: variable_choices.data.frame
{shiny}      R  stderr -----------   233: resolve.delayed_variable_choices
{shiny}      R  stderr -----------   231: resolve.delayed_select_spec
{shiny}      R  stderr -----------   229: resolve.delayed_data_extract_spec
{shiny}      R  stderr -----------   227: resolve_delayed.list
{shiny}      R  stderr -----------   213: module
{shiny}      R  stderr -----------   208: callModule
{shiny}      R  stderr -----------   207: moduleServer
{shiny}      R  stderr -----------   206: data_extract_single_srv
{shiny}      R  stderr -----------   205: FUN
{shiny}      R  stderr -----------   204: lapply
{shiny}      R  stderr -----------   203: module
{shiny}      R  stderr -----------   198: callModule
{shiny}      R  stderr -----------   197: moduleServer
{shiny}      R  stderr -----------   196: data_extract_srv.list
{shiny}      R  stderr -----------   194: FUN
{shiny}      R  stderr -----------   193: lapply
{shiny}      R  stderr -----------   192: sapply
{shiny}      R  stderr -----------   191: &lt;reactive&gt;
{shiny}      R  stderr -----------   175: selector_list
{shiny}      R  stderr -----------   170: &lt;reactive&gt;
{shiny}      R  stderr -----------   154: anl_inputs
{shiny}      R  stderr -----------   153: as.expression
{shiny}      R  stderr -----------   152: teal.code::eval_code
{shiny}      R  stderr -----------   151: %&gt;%
{shiny}      R  stderr -----------   150: &lt;reactive&gt;
{shiny}      R  stderr -----------   134: merged$anl_q
{shiny}      R  stderr -----------   128: &lt;reactive&gt;
{shiny}      R  stderr -----------   112: all_q
{shiny}      R  stderr -----------   110: renderText
{shiny}      R  stderr -----------   109: func
{shiny}      R  stderr -----------    96: renderFunc
{shiny}      R  stderr -----------    95: output$teal-main_ui-root-therapy__e2e_-module-title
{shiny}      R  stderr -----------    14: &lt;Anonymous&gt;
{shiny}      R  stderr -----------    12: &lt;Anonymous&gt;
{shiny}      R  stderr -----------    11: &lt;Anonymous&gt;
{shiny}      R  stderr -----------    10: base::do.call
{shiny}      R  stderr -----------     9: base::saveRDS
{shiny}      R  stderr -----------     8: base::withCallingHandlers
{shiny}      R  stderr -----------     7: doTryCatch
{shiny}      R  stderr -----------     6: tryCatchOne
{shiny}      R  stderr -----------     5: tryCatchList
{shiny}      R  stderr -----------     2: tryCatchList
{shiny}      R  stderr -----------     1: base::tryCatch
{shiny}      R  stderr ----------- Warning: Error in &lt;Anonymous&gt;: error in evaluating the argument 'code' in selecting a method for function 'eval_code': Assertion on 'subset' failed: Must be a subset of {'','USUBJID','STUDYID','CMCLAS','CMDECOD','ATIREL','CMCAT','COUNTRY','SITEID','SUBJID','AGE','SEX','ARMCD','ARM','ACTARMCD','ACTARM','RACE','TRTSDTM','TRTEDTM','EOSDY','EOSDT','STRATA1','STRATA2','BMRKR1','BMRKR2','REGION1','SAFFL','EOSSTT','EOTSTT','DCSREAS','DTHDT','ASTDTM','ASTDY','AENDTM','AENDY','CMSEQ','ATC1','ATC2','ATC3','ATC4','CMINDC','CMDOSE','CMTRT','CMDOSU','CMROUTE','CMDOSFRQ','CMASTDTM','CMAENDTM','ATIREL2','CMDECOD2','CMINDC2','CMDOSE2','CMDOSU2','CMROUTE2','CMDOSFRQ2','ASTDY2','AENDY2'}, but has additional elements {'CMTRT2'}.
{shiny}      R  stderr -----------   122: &lt;Anonymous&gt;
{shiny}      R  stderr -----------   121: stop
{shiny}      R  stderr -----------   120: all_q
{shiny}      R  stderr -----------   117: exprFunc
{shiny}      R  stderr -----------   116: widgetFunc
{shiny}      R  stderr -----------   115: ::
{shiny}      R  stderr ----------- htmlwidgets
{shiny}      R  stderr ----------- shinyRenderWidget
{shiny}      R  stderr -----------   114: func
{shiny}      R  stderr -----------   101: renderFunc
{shiny}      R  stderr -----------   100: renderFunc
{shiny}      R  stderr -----------    96: renderFunc
{shiny}      R  stderr -----------    95: output$teal-main_ui-root-therapy__e2e_-module-therapy_table
{shiny}      R  stderr -----------    14: &lt;Anonymous&gt;
{shiny}      R  stderr -----------    12: &lt;Anonymous&gt;
{shiny}      R  stderr -----------    11: &lt;Anonymous&gt;
{shiny}      R  stderr -----------    10: base::do.call
{shiny}      R  stderr -----------     9: base::saveRDS
{shiny}      R  stderr -----------     8: base::withCallingHandlers
{shiny}      R  stderr -----------     7: doTryCatch
{shiny}      R  stderr -----------     6: tryCatchOne
{shiny}      R  stderr -----------     5: tryCatchList
{shiny}      R  stderr -----------     2: tryCatchList
{shiny}      R  stderr -----------     1: base::tryCatch
{shiny}      R  stderr ----------- Warning: Error in variable_choices.data.frame: Assertion on 'subset' failed: Must be a subset of {'','USUBJID','STUDYID','CMCLAS','CMDECOD','ATIREL','CMCAT','COUNTRY','SITEID','SUBJID','AGE','SEX','ARMCD','ARM','ACTARMCD','ACTARM','RACE','TRTSDTM','TRTEDTM','EOSDY','EOSDT','STRATA1','STRATA2','BMRKR1','BMRKR2','REGION1','SAFFL','EOSSTT','EOTSTT','DCSREAS','DTHDT','ASTDTM','ASTDY','AENDTM','AENDY','CMSEQ','ATC1','ATC2','ATC3','ATC4','CMINDC','CMDOSE','CMTRT','CMDOSU','CMROUTE','CMDOSFRQ','CMASTDTM','CMAENDTM','ATIREL2','CMDECOD2','CMINDC2','CMDOSE2','CMDOSU2','CMROUTE2','CMDOSFRQ2','ASTDY2','AENDY2'}, but has additional elements {'CMTRT2'}.
{shiny}      R  stderr -----------   162: &lt;Anonymous&gt;
{shiny}      R  stderr -----------   161: stop
{shiny}      R  stderr -----------   160: selector_list
{shiny}      R  stderr -----------   159: teal.transform::compose_and_enable_validators
{shiny}      R  stderr -----------   158: &lt;reactive&gt;
{shiny}      R  stderr -----------   142: iv_r
{shiny}      R  stderr -----------   135: &lt;reactive&gt;
{shiny}      R  stderr -----------   119: plot_r
{shiny}      R  stderr -----------   110: renderUI
{shiny}      R  stderr -----------   109: func
{shiny}      R  stderr -----------    96: renderFunc
{shiny}      R  stderr -----------    95: output$teal-main_ui-root-therapy__e2e_-module-therapy_plot-plot_out_main
{shiny}      R  stderr -----------    14: &lt;Anonymous&gt;
{shiny}      R  stderr -----------    12: &lt;Anonymous&gt;
{shiny}      R  stderr -----------    11: &lt;Anonymous&gt;
{shiny}      R  stderr -----------    10: base::do.call
{shiny}      R  stderr -----------     9: base::saveRDS
{shiny}      R  stderr -----------     8: base::withCallingHandlers
{shiny}      R  stderr -----------     7: doTryCatch
{shiny}      R  stderr -----------     6: tryCatchOne
{shiny}      R  stderr -----------     5: tryCatchList
{shiny}      R  stderr -----------     2: tryCatchList
{shiny}      R  stderr -----------     1: base::tryCatch
{shiny}      R  stderr ----------- Warning: Error in &lt;Anonymous&gt;: error in evaluating the argument 'code' in selecting a method for function 'eval_code': Assertion on 'subset' failed: Must be a subset of {'','USUBJID','STUDYID','CMCLAS','CMDECOD','ATIREL','CMCAT','COUNTRY','SITEID','SUBJID','AGE','SEX','ARMCD','ARM','ACTARMCD','ACTARM','RACE','TRTSDTM','TRTEDTM','EOSDY','EOSDT','STRATA1','STRATA2','BMRKR1','BMRKR2','REGION1','SAFFL','EOSSTT','EOTSTT','DCSREAS','DTHDT','ASTDTM','ASTDY','AENDTM','AENDY','CMSEQ','ATC1','ATC2','ATC3','ATC4','CMINDC','CMDOSE','CMTRT','CMDOSU','CMROUTE','CMDOSFRQ','CMASTDTM','CMAENDTM','ATIREL2','CMDECOD2','CMINDC2','CMDOSE2','CMDOSU2','CMROUTE2','CMDOSFRQ2','ASTDY2','AENDY2'}, but has additional elements {'CMTRT2'}.
{shiny}      R  stderr -----------   14: &lt;Anonymous&gt;
{shiny}      R  stderr -----------   12: &lt;Anonymous&gt;
{shiny}      R  stderr -----------   11: &lt;Anonymous&gt;
{shiny}      R  stderr -----------   10: base::do.call
{shiny}      R  stderr -----------    9: base::saveRDS
{shiny}      R  stderr -----------    8: base::withCallingHandlers
{shiny}      R  stderr -----------    7: doTryCatch
{shiny}      R  stderr -----------    6: tryCatchOne
{shiny}      R  stderr -----------    5: tryCatchList
{shiny}      R  stderr -----------    2: tryCatchList
{shiny}      R  stderr -----------    1: base::tryCatch


Caused by error in `app_initialize_()`:
! Shiny app did not become stable in 1e+05ms.
Message: An error occurred while waiting for Shiny to be stable
Caused by error in `app_wait_for_idle()`:
! An error occurred while waiting for Shiny to be stable
Backtrace:
     x
  1. +-teal.modules.clinical (local) app_driver_tm_g_pp_therapy() at test-shinytest2-tm_g_pp_therapy.R:162:9
  2. | \-teal.modules.clinical:::init_teal_app_driver(...) at test-shinytest2-tm_g_pp_therapy.R:31:3
  3. |   +-testthat::with_mocked_bindings(...) at tests/testthat/helper-TealAppDriver.R:7:3
  4. |   \-TealAppDriver$new(...) at tests/testthat/helper-TealAppDriver.R:10:7
  5. |     \-teal (local) initialize(...)
  6. |       +-base::suppressWarnings(...)
  7. |       | \-base::withCallingHandlers(...)
  8. |       \-super$initialize(...)
  9. |         \-shinytest2:::app_initialize(...)
 10. |           +-base::withCallingHandlers(...)
 11. |           \-shinytest2:::app_initialize_(self, private, ..., view = view)
 12. |             +-base::withCallingHandlers(...)
 13. |             \-self$wait_for_idle(duration = 200, timeout = private$load_timeout)
 14. |               \-shinytest2:::app_wait_for_idle(...)
 15. |                 \-shinytest2:::app_abort(self, private, "An error occurred while waiting for Shiny to be stable")
 16. |                   \-rlang::abort(..., app = self, call = call)
 17. |                     \-rlang:::signal_abort(cnd, .file)
 18. |                       \-base::signalCondition(cnd)
 19. +-shinytest2 (local) `&lt;fn&gt;`(`&lt;rlng_rrr&gt;`)
 20. | \-shinytest2:::app_abort(...)
 21. |   \-rlang::abort(..., app = self, call = call)
 22. |     \-rlang:::signal_abort(cnd, .file)
 23. |       \-base::signalCondition(cnd)
 24. \-shinytest2 (local) `&lt;fn&gt;`(`&lt;rlng_rrr&gt;`)
 25.   \-shinytest2:::app_abort(...)
 26.     \-rlang::abort(..., app = self, call = call)</error>
    </testcase>
    <testcase time="103.07" classname="shinytest2_tm_g_pp_therapy" name="e2e_tm_g_pp_therapy_Deselection_of_cmindc_dataset_ADCM_singleextract_select_throws_validation_error.">
      <error type="error" message="Error in `app_initialize(self, private, app_dir = app_dir, ..., load_timeout = load_timeout,  ('test-shinytest2-tm_g_pp_therapy.R:189:5')">Error in `app_initialize(self, private, app_dir = app_dir, ..., load_timeout = load_timeout, 
    timeout = timeout, wait = wait, expect_values_screenshot_args = expect_values_screenshot_args, 
    screenshot_args = screenshot_args, check_names = check_names, 
    name = name, variant = variant, view = view, height = height, 
    width = width, seed = seed, clean_logs = clean_logs, shiny_args = shiny_args, 
    render_args = render_args, options = options)`: Shiny app did not become stable in 1e+05ms.
Message: An error occurred while waiting for Shiny to be stable
Caused by error in `app_wait_for_idle()`:
! An error occurred while waiting for Shiny to be stable


i You can inspect the failed AppDriver object via `rlang::last_error()$app`
i AppDriver logs:
{shinytest2} R  info   17:46:45.74 Start AppDriver initialization
{shinytest2} R  info   17:46:45.77 Starting Shiny app
{shinytest2} R  info   17:46:47.99 Creating new ChromoteSession
{shinytest2} R  info   17:46:48.02 Navigating to Shiny app
{shinytest2} R  info   17:46:48.11 Injecting shiny-tracer.js
{chromote}   JS info   17:46:48.12 shinytest2; jQuery not found
{chromote}   JS info   17:46:48.12 shinytest2; Loaded
{shinytest2} R  info   17:46:48.12 Waiting for Shiny to become ready
{chromote}   JS info   17:46:48.21 shinytest2; jQuery found
{chromote}   JS info   17:46:48.21 shinytest2; Waiting for shiny session to connect
{chromote}   JS info   17:46:48.34 shinytest2; Connected
{shinytest2} R  info   17:46:48.34 Waiting for Shiny to become idle for 200ms within 1e+05ms
{chromote}   JS info   17:46:48.34 shinytest2; Waiting for Shiny to be stable
{chromote}   JS info   17:46:48.38 shinytest2; shiny:busy
{chromote}   JS info   17:46:49.63 shinytest2; shiny:idle
{chromote}   JS info   17:46:49.63 shinytest2; shiny:value teal-identifier
{chromote}   JS info   17:46:49.64 shinytest2; shiny:value error
{chromote}   JS info   17:46:49.64 shinytest2; shiny:busy
{chromote}   JS info   17:46:49.64 shinytest2; shiny:idle
{chromote}   JS info   17:46:49.66 shinytest2; shiny:busy
{shinytest2} R  info   17:48:28.36 Error while initializing AppDriver:
                                   Shiny app did not become stable in 1e+05ms.
                                   Message: An error occurred while waiting for Shiny to be stable
                                   Caused by error in `app_wait_for_idle()`:
                                   ! An error occurred while waiting for Shiny to be stable
{shiny}      R  stderr ----------- Loading required package: shiny
{shiny}      R  stderr ----------- Attempting to load the environment ‘package:dplyr’
{shiny}      R  stderr ----------- 
{shiny}      R  stderr ----------- Attaching package: ‘dplyr’
{shiny}      R  stderr ----------- 
{shiny}      R  stderr ----------- The following objects are masked from ‘package:stats’:
{shiny}      R  stderr ----------- 
{shiny}      R  stderr -----------     filter, lag
{shiny}      R  stderr ----------- 
{shiny}      R  stderr ----------- The following objects are masked from ‘package:base’:
{shiny}      R  stderr ----------- 
{shiny}      R  stderr -----------     intersect, setdiff, setequal, union
{shiny}      R  stderr ----------- 
{shiny}      R  stderr ----------- Loading required package: teal
{shiny}      R  stderr ----------- Loading required package: teal.data
{shiny}      R  stderr ----------- Loading required package: teal.code
{shiny}      R  stderr ----------- Loading required package: teal.slice
{shiny}      R  stderr ----------- 
{shiny}      R  stderr ----------- You are using teal version 0.15.2.9031
{shiny}      R  stderr ----------- 
{shiny}      R  stderr ----------- Attaching package: ‘teal’
{shiny}      R  stderr ----------- 
{shiny}      R  stderr ----------- The following objects are masked from ‘package:teal.slice’:
{shiny}      R  stderr ----------- 
{shiny}      R  stderr -----------     as.teal_slices, teal_slices
{shiny}      R  stderr ----------- 
{shiny}      R  stderr ----------- Loading required package: teal.transform
{shiny}      R  stderr ----------- Loading required package: tern
{shiny}      R  stderr ----------- Loading required package: rtables
{shiny}      R  stderr ----------- Loading required package: formatters
{shiny}      R  stderr ----------- Loading required package: magrittr
{shiny}      R  stderr ----------- 
{shiny}      R  stderr ----------- Attaching package: ‘rtables’
{shiny}      R  stderr ----------- 
{shiny}      R  stderr ----------- The following object is masked from ‘package:utils’:
{shiny}      R  stderr ----------- 
{shiny}      R  stderr -----------     str
{shiny}      R  stderr ----------- 
{shiny}      R  stderr ----------- Running application in test mode.
{shiny}      R  stderr ----------- 
{shiny}      R  stderr ----------- Listening on http://127.0.0.1:6406
{shiny}      R  stderr ----------- Initializing reporter_previewer_module
{shiny}      R  stderr ----------- Warning: Error in &lt;Anonymous&gt;: error in evaluating the argument 'code' in selecting a method for function 'eval_code': Assertion on 'subset' failed: Must be a subset of {'','USUBJID','STUDYID','CMCLAS','CMDECOD','ATIREL','CMCAT','COUNTRY','SITEID','SUBJID','AGE','SEX','ARMCD','ARM','ACTARMCD','ACTARM','RACE','TRTSDTM','TRTEDTM','EOSDY','EOSDT','STRATA1','STRATA2','BMRKR1','BMRKR2','REGION1','SAFFL','EOSSTT','EOTSTT','DCSREAS','DTHDT','ASTDTM','ASTDY','AENDTM','AENDY','CMSEQ','ATC1','ATC2','ATC3','ATC4','CMINDC','CMDOSE','CMTRT','CMDOSU','CMROUTE','CMDOSFRQ','CMASTDTM','CMAENDTM','ATIREL2','CMDECOD2','CMINDC2','CMDOSE2','CMDOSU2','CMROUTE2','CMDOSFRQ2','ASTDY2','AENDY2'}, but has additional elements {'CMTRT2'}.
{shiny}      R  stderr -----------   241: &lt;Anonymous&gt;
{shiny}      R  stderr -----------   240: stop
{shiny}      R  stderr -----------   239: mstop
{shiny}      R  stderr -----------   238: makeAssertion
{shiny}      R  stderr -----------   237: checkmate::assert_subset
{shiny}      R  stderr -----------   236: variable_choices.data.frame
{shiny}      R  stderr -----------   233: resolve.delayed_variable_choices
{shiny}      R  stderr -----------   231: resolve.delayed_select_spec
{shiny}      R  stderr -----------   229: resolve.delayed_data_extract_spec
{shiny}      R  stderr -----------   227: resolve_delayed.list
{shiny}      R  stderr -----------   213: module
{shiny}      R  stderr -----------   208: callModule
{shiny}      R  stderr -----------   207: moduleServer
{shiny}      R  stderr -----------   206: data_extract_single_srv
{shiny}      R  stderr -----------   205: FUN
{shiny}      R  stderr -----------   204: lapply
{shiny}      R  stderr -----------   203: module
{shiny}      R  stderr -----------   198: callModule
{shiny}      R  stderr -----------   197: moduleServer
{shiny}      R  stderr -----------   196: data_extract_srv.list
{shiny}      R  stderr -----------   194: FUN
{shiny}      R  stderr -----------   193: lapply
{shiny}      R  stderr -----------   192: sapply
{shiny}      R  stderr -----------   191: &lt;reactive&gt;
{shiny}      R  stderr -----------   175: selector_list
{shiny}      R  stderr -----------   170: &lt;reactive&gt;
{shiny}      R  stderr -----------   154: anl_inputs
{shiny}      R  stderr -----------   153: as.expression
{shiny}      R  stderr -----------   152: teal.code::eval_code
{shiny}      R  stderr -----------   151: %&gt;%
{shiny}      R  stderr -----------   150: &lt;reactive&gt;
{shiny}      R  stderr -----------   134: merged$anl_q
{shiny}      R  stderr -----------   128: &lt;reactive&gt;
{shiny}      R  stderr -----------   112: all_q
{shiny}      R  stderr -----------   110: renderText
{shiny}      R  stderr -----------   109: func
{shiny}      R  stderr -----------    96: renderFunc
{shiny}      R  stderr -----------    95: output$teal-main_ui-root-therapy__e2e_-module-title
{shiny}      R  stderr -----------    14: &lt;Anonymous&gt;
{shiny}      R  stderr -----------    12: &lt;Anonymous&gt;
{shiny}      R  stderr -----------    11: &lt;Anonymous&gt;
{shiny}      R  stderr -----------    10: base::do.call
{shiny}      R  stderr -----------     9: base::saveRDS
{shiny}      R  stderr -----------     8: base::withCallingHandlers
{shiny}      R  stderr -----------     7: doTryCatch
{shiny}      R  stderr -----------     6: tryCatchOne
{shiny}      R  stderr -----------     5: tryCatchList
{shiny}      R  stderr -----------     2: tryCatchList
{shiny}      R  stderr -----------     1: base::tryCatch
{shiny}      R  stderr ----------- Warning: Error in &lt;Anonymous&gt;: error in evaluating the argument 'code' in selecting a method for function 'eval_code': Assertion on 'subset' failed: Must be a subset of {'','USUBJID','STUDYID','CMCLAS','CMDECOD','ATIREL','CMCAT','COUNTRY','SITEID','SUBJID','AGE','SEX','ARMCD','ARM','ACTARMCD','ACTARM','RACE','TRTSDTM','TRTEDTM','EOSDY','EOSDT','STRATA1','STRATA2','BMRKR1','BMRKR2','REGION1','SAFFL','EOSSTT','EOTSTT','DCSREAS','DTHDT','ASTDTM','ASTDY','AENDTM','AENDY','CMSEQ','ATC1','ATC2','ATC3','ATC4','CMINDC','CMDOSE','CMTRT','CMDOSU','CMROUTE','CMDOSFRQ','CMASTDTM','CMAENDTM','ATIREL2','CMDECOD2','CMINDC2','CMDOSE2','CMDOSU2','CMROUTE2','CMDOSFRQ2','ASTDY2','AENDY2'}, but has additional elements {'CMTRT2'}.
{shiny}      R  stderr -----------   122: &lt;Anonymous&gt;
{shiny}      R  stderr -----------   121: stop
{shiny}      R  stderr -----------   120: all_q
{shiny}      R  stderr -----------   117: exprFunc
{shiny}      R  stderr -----------   116: widgetFunc
{shiny}      R  stderr -----------   115: ::
{shiny}      R  stderr ----------- htmlwidgets
{shiny}      R  stderr ----------- shinyRenderWidget
{shiny}      R  stderr -----------   114: func
{shiny}      R  stderr -----------   101: renderFunc
{shiny}      R  stderr -----------   100: renderFunc
{shiny}      R  stderr -----------    96: renderFunc
{shiny}      R  stderr -----------    95: output$teal-main_ui-root-therapy__e2e_-module-therapy_table
{shiny}      R  stderr -----------    14: &lt;Anonymous&gt;
{shiny}      R  stderr -----------    12: &lt;Anonymous&gt;
{shiny}      R  stderr -----------    11: &lt;Anonymous&gt;
{shiny}      R  stderr -----------    10: base::do.call
{shiny}      R  stderr -----------     9: base::saveRDS
{shiny}      R  stderr -----------     8: base::withCallingHandlers
{shiny}      R  stderr -----------     7: doTryCatch
{shiny}      R  stderr -----------     6: tryCatchOne
{shiny}      R  stderr -----------     5: tryCatchList
{shiny}      R  stderr -----------     2: tryCatchList
{shiny}      R  stderr -----------     1: base::tryCatch
{shiny}      R  stderr ----------- Warning: Error in variable_choices.data.frame: Assertion on 'subset' failed: Must be a subset of {'','USUBJID','STUDYID','CMCLAS','CMDECOD','ATIREL','CMCAT','COUNTRY','SITEID','SUBJID','AGE','SEX','ARMCD','ARM','ACTARMCD','ACTARM','RACE','TRTSDTM','TRTEDTM','EOSDY','EOSDT','STRATA1','STRATA2','BMRKR1','BMRKR2','REGION1','SAFFL','EOSSTT','EOTSTT','DCSREAS','DTHDT','ASTDTM','ASTDY','AENDTM','AENDY','CMSEQ','ATC1','ATC2','ATC3','ATC4','CMINDC','CMDOSE','CMTRT','CMDOSU','CMROUTE','CMDOSFRQ','CMASTDTM','CMAENDTM','ATIREL2','CMDECOD2','CMINDC2','CMDOSE2','CMDOSU2','CMROUTE2','CMDOSFRQ2','ASTDY2','AENDY2'}, but has additional elements {'CMTRT2'}.
{shiny}      R  stderr -----------   162: &lt;Anonymous&gt;
{shiny}      R  stderr -----------   161: stop
{shiny}      R  stderr -----------   160: selector_list
{shiny}      R  stderr -----------   159: teal.transform::compose_and_enable_validators
{shiny}      R  stderr -----------   158: &lt;reactive&gt;
{shiny}      R  stderr -----------   142: iv_r
{shiny}      R  stderr -----------   135: &lt;reactive&gt;
{shiny}      R  stderr -----------   119: plot_r
{shiny}      R  stderr -----------   110: renderUI
{shiny}      R  stderr -----------   109: func
{shiny}      R  stderr -----------    96: renderFunc
{shiny}      R  stderr -----------    95: output$teal-main_ui-root-therapy__e2e_-module-therapy_plot-plot_out_main
{shiny}      R  stderr -----------    14: &lt;Anonymous&gt;
{shiny}      R  stderr -----------    12: &lt;Anonymous&gt;
{shiny}      R  stderr -----------    11: &lt;Anonymous&gt;
{shiny}      R  stderr -----------    10: base::do.call
{shiny}      R  stderr -----------     9: base::saveRDS
{shiny}      R  stderr -----------     8: base::withCallingHandlers
{shiny}      R  stderr -----------     7: doTryCatch
{shiny}      R  stderr -----------     6: tryCatchOne
{shiny}      R  stderr -----------     5: tryCatchList
{shiny}      R  stderr -----------     2: tryCatchList
{shiny}      R  stderr -----------     1: base::tryCatch
{shiny}      R  stderr ----------- Warning: Error in &lt;Anonymous&gt;: error in evaluating the argument 'code' in selecting a method for function 'eval_code': Assertion on 'subset' failed: Must be a subset of {'','USUBJID','STUDYID','CMCLAS','CMDECOD','ATIREL','CMCAT','COUNTRY','SITEID','SUBJID','AGE','SEX','ARMCD','ARM','ACTARMCD','ACTARM','RACE','TRTSDTM','TRTEDTM','EOSDY','EOSDT','STRATA1','STRATA2','BMRKR1','BMRKR2','REGION1','SAFFL','EOSSTT','EOTSTT','DCSREAS','DTHDT','ASTDTM','ASTDY','AENDTM','AENDY','CMSEQ','ATC1','ATC2','ATC3','ATC4','CMINDC','CMDOSE','CMTRT','CMDOSU','CMROUTE','CMDOSFRQ','CMASTDTM','CMAENDTM','ATIREL2','CMDECOD2','CMINDC2','CMDOSE2','CMDOSU2','CMROUTE2','CMDOSFRQ2','ASTDY2','AENDY2'}, but has additional elements {'CMTRT2'}.
{shiny}      R  stderr -----------   14: &lt;Anonymous&gt;
{shiny}      R  stderr -----------   12: &lt;Anonymous&gt;
{shiny}      R  stderr -----------   11: &lt;Anonymous&gt;
{shiny}      R  stderr -----------   10: base::do.call
{shiny}      R  stderr -----------    9: base::saveRDS
{shiny}      R  stderr -----------    8: base::withCallingHandlers
{shiny}      R  stderr -----------    7: doTryCatch
{shiny}      R  stderr -----------    6: tryCatchOne
{shiny}      R  stderr -----------    5: tryCatchList
{shiny}      R  stderr -----------    2: tryCatchList
{shiny}      R  stderr -----------    1: base::tryCatch


Caused by error in `app_initialize_()`:
! Shiny app did not become stable in 1e+05ms.
Message: An error occurred while waiting for Shiny to be stable
Caused by error in `app_wait_for_idle()`:
! An error occurred while waiting for Shiny to be stable
Backtrace:
     x
  1. +-teal.modules.clinical (local) app_driver_tm_g_pp_therapy() at test-shinytest2-tm_g_pp_therapy.R:189:5
  2. | \-teal.modules.clinical:::init_teal_app_driver(...) at test-shinytest2-tm_g_pp_therapy.R:31:3
  3. |   +-testthat::with_mocked_bindings(...) at tests/testthat/helper-TealAppDriver.R:7:3
  4. |   \-TealAppDriver$new(...) at tests/testthat/helper-TealAppDriver.R:10:7
  5. |     \-teal (local) initialize(...)
  6. |       +-base::suppressWarnings(...)
  7. |       | \-base::withCallingHandlers(...)
  8. |       \-super$initialize(...)
  9. |         \-shinytest2:::app_initialize(...)
 10. |           +-base::withCallingHandlers(...)
 11. |           \-shinytest2:::app_initialize_(self, private, ..., view = view)
 12. |             +-base::withCallingHandlers(...)
 13. |             \-self$wait_for_idle(duration = 200, timeout = private$load_timeout)
 14. |               \-shinytest2:::app_wait_for_idle(...)
 15. |                 \-shinytest2:::app_abort(self, private, "An error occurred while waiting for Shiny to be stable")
 16. |                   \-rlang::abort(..., app = self, call = call)
 17. |                     \-rlang:::signal_abort(cnd, .file)
 18. |                       \-base::signalCondition(cnd)
 19. +-shinytest2 (local) `&lt;fn&gt;`(`&lt;rlng_rrr&gt;`)
 20. | \-shinytest2:::app_abort(...)
 21. |   \-rlang::abort(..., app = self, call = call)
 22. |     \-rlang:::signal_abort(cnd, .file)
 23. |       \-base::signalCondition(cnd)
 24. \-shinytest2 (local) `&lt;fn&gt;`(`&lt;rlng_rrr&gt;`)
 25.   \-shinytest2:::app_abort(...)
 26.     \-rlang::abort(..., app = self, call = call)</error>
    </testcase>
    <testcase time="102.881" classname="shinytest2_tm_g_pp_therapy" name="e2e_tm_g_pp_therapy_Selection_of_cmdose_changes_the_element_and_does_not_throw_validation_errors">
      <error type="error" message="Error in `app_initialize(self, private, app_dir = app_dir, ..., load_timeout = load_timeout,  ('test-shinytest2-tm_g_pp_therapy.R:162:9')">Error in `app_initialize(self, private, app_dir = app_dir, ..., load_timeout = load_timeout, 
    timeout = timeout, wait = wait, expect_values_screenshot_args = expect_values_screenshot_args, 
    screenshot_args = screenshot_args, check_names = check_names, 
    name = name, variant = variant, view = view, height = height, 
    width = width, seed = seed, clean_logs = clean_logs, shiny_args = shiny_args, 
    render_args = render_args, options = options)`: Shiny app did not become stable in 1e+05ms.
Message: An error occurred while waiting for Shiny to be stable
Caused by error in `app_wait_for_idle()`:
! An error occurred while waiting for Shiny to be stable


i You can inspect the failed AppDriver object via `rlang::last_error()$app`
i AppDriver logs:
{shinytest2} R  info   17:48:28.80 Start AppDriver initialization
{shinytest2} R  info   17:48:28.82 Starting Shiny app
{shinytest2} R  info   17:48:30.85 Creating new ChromoteSession
{shinytest2} R  info   17:48:30.87 Navigating to Shiny app
{shinytest2} R  info   17:48:30.97 Injecting shiny-tracer.js
{chromote}   JS info   17:48:30.97 shinytest2; jQuery not found
{chromote}   JS info   17:48:30.97 shinytest2; Loaded
{shinytest2} R  info   17:48:30.98 Waiting for Shiny to become ready
{chromote}   JS info   17:48:31.07 shinytest2; jQuery found
{chromote}   JS info   17:48:31.07 shinytest2; Waiting for shiny session to connect
{chromote}   JS info   17:48:31.19 shinytest2; Connected
{shinytest2} R  info   17:48:31.20 Waiting for Shiny to become idle for 200ms within 1e+05ms
{chromote}   JS info   17:48:31.20 shinytest2; Waiting for Shiny to be stable
{chromote}   JS info   17:48:31.23 shinytest2; shiny:busy
{chromote}   JS info   17:48:32.50 shinytest2; shiny:idle
{chromote}   JS info   17:48:32.50 shinytest2; shiny:value teal-identifier
{chromote}   JS info   17:48:32.50 shinytest2; shiny:value error
{chromote}   JS info   17:48:32.50 shinytest2; shiny:busy
{chromote}   JS info   17:48:32.50 shinytest2; shiny:idle
{chromote}   JS info   17:48:32.52 shinytest2; shiny:busy
{shinytest2} R  info   17:50:11.22 Error while initializing AppDriver:
                                   Shiny app did not become stable in 1e+05ms.
                                   Message: An error occurred while waiting for Shiny to be stable
                                   Caused by error in `app_wait_for_idle()`:
                                   ! An error occurred while waiting for Shiny to be stable
{shiny}      R  stderr ----------- Loading required package: shiny
{shiny}      R  stderr ----------- Attempting to load the environment ‘package:dplyr’
{shiny}      R  stderr ----------- 
{shiny}      R  stderr ----------- Attaching package: ‘dplyr’
{shiny}      R  stderr ----------- 
{shiny}      R  stderr ----------- The following objects are masked from ‘package:stats’:
{shiny}      R  stderr ----------- 
{shiny}      R  stderr -----------     filter, lag
{shiny}      R  stderr ----------- 
{shiny}      R  stderr ----------- The following objects are masked from ‘package:base’:
{shiny}      R  stderr ----------- 
{shiny}      R  stderr -----------     intersect, setdiff, setequal, union
{shiny}      R  stderr ----------- 
{shiny}      R  stderr ----------- Loading required package: teal
{shiny}      R  stderr ----------- Loading required package: teal.data
{shiny}      R  stderr ----------- Loading required package: teal.code
{shiny}      R  stderr ----------- Loading required package: teal.slice
{shiny}      R  stderr ----------- 
{shiny}      R  stderr ----------- You are using teal version 0.15.2.9031
{shiny}      R  stderr ----------- 
{shiny}      R  stderr ----------- Attaching package: ‘teal’
{shiny}      R  stderr ----------- 
{shiny}      R  stderr ----------- The following objects are masked from ‘package:teal.slice’:
{shiny}      R  stderr ----------- 
{shiny}      R  stderr -----------     as.teal_slices, teal_slices
{shiny}      R  stderr ----------- 
{shiny}      R  stderr ----------- Loading required package: teal.transform
{shiny}      R  stderr ----------- Loading required package: tern
{shiny}      R  stderr ----------- Loading required package: rtables
{shiny}      R  stderr ----------- Loading required package: formatters
{shiny}      R  stderr ----------- Loading required package: magrittr
{shiny}      R  stderr ----------- 
{shiny}      R  stderr ----------- Attaching package: ‘rtables’
{shiny}      R  stderr ----------- 
{shiny}      R  stderr ----------- The following object is masked from ‘package:utils’:
{shiny}      R  stderr ----------- 
{shiny}      R  stderr -----------     str
{shiny}      R  stderr ----------- 
{shiny}      R  stderr ----------- Running application in test mode.
{shiny}      R  stderr ----------- 
{shiny}      R  stderr ----------- Listening on http://127.0.0.1:5826
{shiny}      R  stderr ----------- Initializing reporter_previewer_module
{shiny}      R  stderr ----------- Warning: Error in &lt;Anonymous&gt;: error in evaluating the argument 'code' in selecting a method for function 'eval_code': Assertion on 'subset' failed: Must be a subset of {'','USUBJID','STUDYID','CMCLAS','CMDECOD','ATIREL','CMCAT','COUNTRY','SITEID','SUBJID','AGE','SEX','ARMCD','ARM','ACTARMCD','ACTARM','RACE','TRTSDTM','TRTEDTM','EOSDY','EOSDT','STRATA1','STRATA2','BMRKR1','BMRKR2','REGION1','SAFFL','EOSSTT','EOTSTT','DCSREAS','DTHDT','ASTDTM','ASTDY','AENDTM','AENDY','CMSEQ','ATC1','ATC2','ATC3','ATC4','CMINDC','CMDOSE','CMTRT','CMDOSU','CMROUTE','CMDOSFRQ','CMASTDTM','CMAENDTM','ATIREL2','CMDECOD2','CMINDC2','CMDOSE2','CMDOSU2','CMROUTE2','CMDOSFRQ2','ASTDY2','AENDY2'}, but has additional elements {'CMTRT2'}.
{shiny}      R  stderr -----------   241: &lt;Anonymous&gt;
{shiny}      R  stderr -----------   240: stop
{shiny}      R  stderr -----------   239: mstop
{shiny}      R  stderr -----------   238: makeAssertion
{shiny}      R  stderr -----------   237: checkmate::assert_subset
{shiny}      R  stderr -----------   236: variable_choices.data.frame
{shiny}      R  stderr -----------   233: resolve.delayed_variable_choices
{shiny}      R  stderr -----------   231: resolve.delayed_select_spec
{shiny}      R  stderr -----------   229: resolve.delayed_data_extract_spec
{shiny}      R  stderr -----------   227: resolve_delayed.list
{shiny}      R  stderr -----------   213: module
{shiny}      R  stderr -----------   208: callModule
{shiny}      R  stderr -----------   207: moduleServer
{shiny}      R  stderr -----------   206: data_extract_single_srv
{shiny}      R  stderr -----------   205: FUN
{shiny}      R  stderr -----------   204: lapply
{shiny}      R  stderr -----------   203: module
{shiny}      R  stderr -----------   198: callModule
{shiny}      R  stderr -----------   197: moduleServer
{shiny}      R  stderr -----------   196: data_extract_srv.list
{shiny}      R  stderr -----------   194: FUN
{shiny}      R  stderr -----------   193: lapply
{shiny}      R  stderr -----------   192: sapply
{shiny}      R  stderr -----------   191: &lt;reactive&gt;
{shiny}      R  stderr -----------   175: selector_list
{shiny}      R  stderr -----------   170: &lt;reactive&gt;
{shiny}      R  stderr -----------   154: anl_inputs
{shiny}      R  stderr -----------   153: as.expression
{shiny}      R  stderr -----------   152: teal.code::eval_code
{shiny}      R  stderr -----------   151: %&gt;%
{shiny}      R  stderr -----------   150: &lt;reactive&gt;
{shiny}      R  stderr -----------   134: merged$anl_q
{shiny}      R  stderr -----------   128: &lt;reactive&gt;
{shiny}      R  stderr -----------   112: all_q
{shiny}      R  stderr -----------   110: renderText
{shiny}      R  stderr -----------   109: func
{shiny}      R  stderr -----------    96: renderFunc
{shiny}      R  stderr -----------    95: output$teal-main_ui-root-therapy__e2e_-module-title
{shiny}      R  stderr -----------    14: &lt;Anonymous&gt;
{shiny}      R  stderr -----------    12: &lt;Anonymous&gt;
{shiny}      R  stderr -----------    11: &lt;Anonymous&gt;
{shiny}      R  stderr -----------    10: base::do.call
{shiny}      R  stderr -----------     9: base::saveRDS
{shiny}      R  stderr -----------     8: base::withCallingHandlers
{shiny}      R  stderr -----------     7: doTryCatch
{shiny}      R  stderr -----------     6: tryCatchOne
{shiny}      R  stderr -----------     5: tryCatchList
{shiny}      R  stderr -----------     2: tryCatchList
{shiny}      R  stderr -----------     1: base::tryCatch
{shiny}      R  stderr ----------- Warning: Error in &lt;Anonymous&gt;: error in evaluating the argument 'code' in selecting a method for function 'eval_code': Assertion on 'subset' failed: Must be a subset of {'','USUBJID','STUDYID','CMCLAS','CMDECOD','ATIREL','CMCAT','COUNTRY','SITEID','SUBJID','AGE','SEX','ARMCD','ARM','ACTARMCD','ACTARM','RACE','TRTSDTM','TRTEDTM','EOSDY','EOSDT','STRATA1','STRATA2','BMRKR1','BMRKR2','REGION1','SAFFL','EOSSTT','EOTSTT','DCSREAS','DTHDT','ASTDTM','ASTDY','AENDTM','AENDY','CMSEQ','ATC1','ATC2','ATC3','ATC4','CMINDC','CMDOSE','CMTRT','CMDOSU','CMROUTE','CMDOSFRQ','CMASTDTM','CMAENDTM','ATIREL2','CMDECOD2','CMINDC2','CMDOSE2','CMDOSU2','CMROUTE2','CMDOSFRQ2','ASTDY2','AENDY2'}, but has additional elements {'CMTRT2'}.
{shiny}      R  stderr -----------   122: &lt;Anonymous&gt;
{shiny}      R  stderr -----------   121: stop
{shiny}      R  stderr -----------   120: all_q
{shiny}      R  stderr -----------   117: exprFunc
{shiny}      R  stderr -----------   116: widgetFunc
{shiny}      R  stderr -----------   115: ::
{shiny}      R  stderr ----------- htmlwidgets
{shiny}      R  stderr ----------- shinyRenderWidget
{shiny}      R  stderr -----------   114: func
{shiny}      R  stderr -----------   101: renderFunc
{shiny}      R  stderr -----------   100: renderFunc
{shiny}      R  stderr -----------    96: renderFunc
{shiny}      R  stderr -----------    95: output$teal-main_ui-root-therapy__e2e_-module-therapy_table
{shiny}      R  stderr -----------    14: &lt;Anonymous&gt;
{shiny}      R  stderr -----------    12: &lt;Anonymous&gt;
{shiny}      R  stderr -----------    11: &lt;Anonymous&gt;
{shiny}      R  stderr -----------    10: base::do.call
{shiny}      R  stderr -----------     9: base::saveRDS
{shiny}      R  stderr -----------     8: base::withCallingHandlers
{shiny}      R  stderr -----------     7: doTryCatch
{shiny}      R  stderr -----------     6: tryCatchOne
{shiny}      R  stderr -----------     5: tryCatchList
{shiny}      R  stderr -----------     2: tryCatchList
{shiny}      R  stderr -----------     1: base::tryCatch
{shiny}      R  stderr ----------- Warning: Error in variable_choices.data.frame: Assertion on 'subset' failed: Must be a subset of {'','USUBJID','STUDYID','CMCLAS','CMDECOD','ATIREL','CMCAT','COUNTRY','SITEID','SUBJID','AGE','SEX','ARMCD','ARM','ACTARMCD','ACTARM','RACE','TRTSDTM','TRTEDTM','EOSDY','EOSDT','STRATA1','STRATA2','BMRKR1','BMRKR2','REGION1','SAFFL','EOSSTT','EOTSTT','DCSREAS','DTHDT','ASTDTM','ASTDY','AENDTM','AENDY','CMSEQ','ATC1','ATC2','ATC3','ATC4','CMINDC','CMDOSE','CMTRT','CMDOSU','CMROUTE','CMDOSFRQ','CMASTDTM','CMAENDTM','ATIREL2','CMDECOD2','CMINDC2','CMDOSE2','CMDOSU2','CMROUTE2','CMDOSFRQ2','ASTDY2','AENDY2'}, but has additional elements {'CMTRT2'}.
{shiny}      R  stderr -----------   162: &lt;Anonymous&gt;
{shiny}      R  stderr -----------   161: stop
{shiny}      R  stderr -----------   160: selector_list
{shiny}      R  stderr -----------   159: teal.transform::compose_and_enable_validators
{shiny}      R  stderr -----------   158: &lt;reactive&gt;
{shiny}      R  stderr -----------   142: iv_r
{shiny}      R  stderr -----------   135: &lt;reactive&gt;
{shiny}      R  stderr -----------   119: plot_r
{shiny}      R  stderr -----------   110: renderUI
{shiny}      R  stderr -----------   109: func
{shiny}      R  stderr -----------    96: renderFunc
{shiny}      R  stderr -----------    95: output$teal-main_ui-root-therapy__e2e_-module-therapy_plot-plot_out_main
{shiny}      R  stderr -----------    14: &lt;Anonymous&gt;
{shiny}      R  stderr -----------    12: &lt;Anonymous&gt;
{shiny}      R  stderr -----------    11: &lt;Anonymous&gt;
{shiny}      R  stderr -----------    10: base::do.call
{shiny}      R  stderr -----------     9: base::saveRDS
{shiny}      R  stderr -----------     8: base::withCallingHandlers
{shiny}      R  stderr -----------     7: doTryCatch
{shiny}      R  stderr -----------     6: tryCatchOne
{shiny}      R  stderr -----------     5: tryCatchList
{shiny}      R  stderr -----------     2: tryCatchList
{shiny}      R  stderr -----------     1: base::tryCatch
{shiny}      R  stderr ----------- Warning: Error in &lt;Anonymous&gt;: error in evaluating the argument 'code' in selecting a method for function 'eval_code': Assertion on 'subset' failed: Must be a subset of {'','USUBJID','STUDYID','CMCLAS','CMDECOD','ATIREL','CMCAT','COUNTRY','SITEID','SUBJID','AGE','SEX','ARMCD','ARM','ACTARMCD','ACTARM','RACE','TRTSDTM','TRTEDTM','EOSDY','EOSDT','STRATA1','STRATA2','BMRKR1','BMRKR2','REGION1','SAFFL','EOSSTT','EOTSTT','DCSREAS','DTHDT','ASTDTM','ASTDY','AENDTM','AENDY','CMSEQ','ATC1','ATC2','ATC3','ATC4','CMINDC','CMDOSE','CMTRT','CMDOSU','CMROUTE','CMDOSFRQ','CMASTDTM','CMAENDTM','ATIREL2','CMDECOD2','CMINDC2','CMDOSE2','CMDOSU2','CMROUTE2','CMDOSFRQ2','ASTDY2','AENDY2'}, but has additional elements {'CMTRT2'}.
{shiny}      R  stderr -----------   14: &lt;Anonymous&gt;
{shiny}      R  stderr -----------   12: &lt;Anonymous&gt;
{shiny}      R  stderr -----------   11: &lt;Anonymous&gt;
{shiny}      R  stderr -----------   10: base::do.call
{shiny}      R  stderr -----------    9: base::saveRDS
{shiny}      R  stderr -----------    8: base::withCallingHandlers
{shiny}      R  stderr -----------    7: doTryCatch
{shiny}      R  stderr -----------    6: tryCatchOne
{shiny}      R  stderr -----------    5: tryCatchList
{shiny}      R  stderr -----------    2: tryCatchList
{shiny}      R  stderr -----------    1: base::tryCatch


Caused by error in `app_initialize_()`:
! Shiny app did not become stable in 1e+05ms.
Message: An error occurred while waiting for Shiny to be stable
Caused by error in `app_wait_for_idle()`:
! An error occurred while waiting for Shiny to be stable
Backtrace:
     x
  1. +-teal.modules.clinical (local) app_driver_tm_g_pp_therapy() at test-shinytest2-tm_g_pp_therapy.R:162:9
  2. | \-teal.modules.clinical:::init_teal_app_driver(...) at test-shinytest2-tm_g_pp_therapy.R:31:3
  3. |   +-testthat::with_mocked_bindings(...) at tests/testthat/helper-TealAppDriver.R:7:3
  4. |   \-TealAppDriver$new(...) at tests/testthat/helper-TealAppDriver.R:10:7
  5. |     \-teal (local) initialize(...)
  6. |       +-base::suppressWarnings(...)
  7. |       | \-base::withCallingHandlers(...)
  8. |       \-super$initialize(...)
  9. |         \-shinytest2:::app_initialize(...)
 10. |           +-base::withCallingHandlers(...)
 11. |           \-shinytest2:::app_initialize_(self, private, ..., view = view)
 12. |             +-base::withCallingHandlers(...)
 13. |             \-self$wait_for_idle(duration = 200, timeout = private$load_timeout)
 14. |               \-shinytest2:::app_wait_for_idle(...)
 15. |                 \-shinytest2:::app_abort(self, private, "An error occurred while waiting for Shiny to be stable")
 16. |                   \-rlang::abort(..., app = self, call = call)
 17. |                     \-rlang:::signal_abort(cnd, .file)
 18. |                       \-base::signalCondition(cnd)
 19. +-shinytest2 (local) `&lt;fn&gt;`(`&lt;rlng_rrr&gt;`)
 20. | \-shinytest2:::app_abort(...)
 21. |   \-rlang::abort(..., app = self, call = call)
 22. |     \-rlang:::signal_abort(cnd, .file)
 23. |       \-base::signalCondition(cnd)
 24. \-shinytest2 (local) `&lt;fn&gt;`(`&lt;rlng_rrr&gt;`)
 25.   \-shinytest2:::app_abort(...)
 26.     \-rlang::abort(..., app = self, call = call)</error>
    </testcase>
    <testcase time="102.957" classname="shinytest2_tm_g_pp_therapy" name="e2e_tm_g_pp_therapy_Deselection_of_cmdose_dataset_ADCM_singleextract_select_throws_validation_error.">
      <error type="error" message="Error in `app_initialize(self, private, app_dir = app_dir, ..., load_timeout = load_timeout,  ('test-shinytest2-tm_g_pp_therapy.R:189:5')">Error in `app_initialize(self, private, app_dir = app_dir, ..., load_timeout = load_timeout, 
    timeout = timeout, wait = wait, expect_values_screenshot_args = expect_values_screenshot_args, 
    screenshot_args = screenshot_args, check_names = check_names, 
    name = name, variant = variant, view = view, height = height, 
    width = width, seed = seed, clean_logs = clean_logs, shiny_args = shiny_args, 
    render_args = render_args, options = options)`: Shiny app did not become stable in 1e+05ms.
Message: An error occurred while waiting for Shiny to be stable
Caused by error in `app_wait_for_idle()`:
! An error occurred while waiting for Shiny to be stable


i You can inspect the failed AppDriver object via `rlang::last_error()$app`
i AppDriver logs:
{shinytest2} R  info   17:50:11.68 Start AppDriver initialization
{shinytest2} R  info   17:50:11.70 Starting Shiny app
{shinytest2} R  info   17:50:13.73 Creating new ChromoteSession
{shinytest2} R  info   17:50:13.75 Navigating to Shiny app
{shinytest2} R  info   17:50:13.85 Injecting shiny-tracer.js
{chromote}   JS info   17:50:13.86 shinytest2; jQuery not found
{chromote}   JS info   17:50:13.86 shinytest2; Loaded
{shinytest2} R  info   17:50:13.86 Waiting for Shiny to become ready
{chromote}   JS info   17:50:13.95 shinytest2; jQuery found
{chromote}   JS info   17:50:13.95 shinytest2; Waiting for shiny session to connect
{chromote}   JS info   17:50:14.08 shinytest2; Connected
{chromote}   JS info   17:50:14.13 shinytest2; shiny:busy
{shinytest2} R  info   17:50:14.18 Waiting for Shiny to become idle for 200ms within 1e+05ms
{chromote}   JS info   17:50:14.18 shinytest2; Waiting for Shiny to be stable
{chromote}   JS info   17:50:15.36 shinytest2; shiny:idle
{chromote}   JS info   17:50:15.36 shinytest2; shiny:value teal-identifier
{chromote}   JS info   17:50:15.37 shinytest2; shiny:value error
{chromote}   JS info   17:50:15.37 shinytest2; shiny:busy
{chromote}   JS info   17:50:15.37 shinytest2; shiny:idle
{chromote}   JS info   17:50:15.39 shinytest2; shiny:busy
{shinytest2} R  info   17:51:54.19 Error while initializing AppDriver:
                                   Shiny app did not become stable in 1e+05ms.
                                   Message: An error occurred while waiting for Shiny to be stable
                                   Caused by error in `app_wait_for_idle()`:
                                   ! An error occurred while waiting for Shiny to be stable
{shiny}      R  stderr ----------- Loading required package: shiny
{shiny}      R  stderr ----------- Attempting to load the environment ‘package:dplyr’
{shiny}      R  stderr ----------- 
{shiny}      R  stderr ----------- Attaching package: ‘dplyr’
{shiny}      R  stderr ----------- 
{shiny}      R  stderr ----------- The following objects are masked from ‘package:stats’:
{shiny}      R  stderr ----------- 
{shiny}      R  stderr -----------     filter, lag
{shiny}      R  stderr ----------- 
{shiny}      R  stderr ----------- The following objects are masked from ‘package:base’:
{shiny}      R  stderr ----------- 
{shiny}      R  stderr -----------     intersect, setdiff, setequal, union
{shiny}      R  stderr ----------- 
{shiny}      R  stderr ----------- Loading required package: teal
{shiny}      R  stderr ----------- Loading required package: teal.data
{shiny}      R  stderr ----------- Loading required package: teal.code
{shiny}      R  stderr ----------- Loading required package: teal.slice
{shiny}      R  stderr ----------- 
{shiny}      R  stderr ----------- You are using teal version 0.15.2.9031
{shiny}      R  stderr ----------- 
{shiny}      R  stderr ----------- Attaching package: ‘teal’
{shiny}      R  stderr ----------- 
{shiny}      R  stderr ----------- The following objects are masked from ‘package:teal.slice’:
{shiny}      R  stderr ----------- 
{shiny}      R  stderr -----------     as.teal_slices, teal_slices
{shiny}      R  stderr ----------- 
{shiny}      R  stderr ----------- Loading required package: teal.transform
{shiny}      R  stderr ----------- Loading required package: tern
{shiny}      R  stderr ----------- Loading required package: rtables
{shiny}      R  stderr ----------- Loading required package: formatters
{shiny}      R  stderr ----------- Loading required package: magrittr
{shiny}      R  stderr ----------- 
{shiny}      R  stderr ----------- Attaching package: ‘rtables’
{shiny}      R  stderr ----------- 
{shiny}      R  stderr ----------- The following object is masked from ‘package:utils’:
{shiny}      R  stderr ----------- 
{shiny}      R  stderr -----------     str
{shiny}      R  stderr ----------- 
{shiny}      R  stderr ----------- Running application in test mode.
{shiny}      R  stderr ----------- 
{shiny}      R  stderr ----------- Listening on http://127.0.0.1:6445
{shiny}      R  stderr ----------- Initializing reporter_previewer_module
{shiny}      R  stderr ----------- Warning: Error in &lt;Anonymous&gt;: error in evaluating the argument 'code' in selecting a method for function 'eval_code': Assertion on 'subset' failed: Must be a subset of {'','USUBJID','STUDYID','CMCLAS','CMDECOD','ATIREL','CMCAT','COUNTRY','SITEID','SUBJID','AGE','SEX','ARMCD','ARM','ACTARMCD','ACTARM','RACE','TRTSDTM','TRTEDTM','EOSDY','EOSDT','STRATA1','STRATA2','BMRKR1','BMRKR2','REGION1','SAFFL','EOSSTT','EOTSTT','DCSREAS','DTHDT','ASTDTM','ASTDY','AENDTM','AENDY','CMSEQ','ATC1','ATC2','ATC3','ATC4','CMINDC','CMDOSE','CMTRT','CMDOSU','CMROUTE','CMDOSFRQ','CMASTDTM','CMAENDTM','ATIREL2','CMDECOD2','CMINDC2','CMDOSE2','CMDOSU2','CMROUTE2','CMDOSFRQ2','ASTDY2','AENDY2'}, but has additional elements {'CMTRT2'}.
{shiny}      R  stderr -----------   241: &lt;Anonymous&gt;
{shiny}      R  stderr -----------   240: stop
{shiny}      R  stderr -----------   239: mstop
{shiny}      R  stderr -----------   238: makeAssertion
{shiny}      R  stderr -----------   237: checkmate::assert_subset
{shiny}      R  stderr -----------   236: variable_choices.data.frame
{shiny}      R  stderr -----------   233: resolve.delayed_variable_choices
{shiny}      R  stderr -----------   231: resolve.delayed_select_spec
{shiny}      R  stderr -----------   229: resolve.delayed_data_extract_spec
{shiny}      R  stderr -----------   227: resolve_delayed.list
{shiny}      R  stderr -----------   213: module
{shiny}      R  stderr -----------   208: callModule
{shiny}      R  stderr -----------   207: moduleServer
{shiny}      R  stderr -----------   206: data_extract_single_srv
{shiny}      R  stderr -----------   205: FUN
{shiny}      R  stderr -----------   204: lapply
{shiny}      R  stderr -----------   203: module
{shiny}      R  stderr -----------   198: callModule
{shiny}      R  stderr -----------   197: moduleServer
{shiny}      R  stderr -----------   196: data_extract_srv.list
{shiny}      R  stderr -----------   194: FUN
{shiny}      R  stderr -----------   193: lapply
{shiny}      R  stderr -----------   192: sapply
{shiny}      R  stderr -----------   191: &lt;reactive&gt;
{shiny}      R  stderr -----------   175: selector_list
{shiny}      R  stderr -----------   170: &lt;reactive&gt;
{shiny}      R  stderr -----------   154: anl_inputs
{shiny}      R  stderr -----------   153: as.expression
{shiny}      R  stderr -----------   152: teal.code::eval_code
{shiny}      R  stderr -----------   151: %&gt;%
{shiny}      R  stderr -----------   150: &lt;reactive&gt;
{shiny}      R  stderr -----------   134: merged$anl_q
{shiny}      R  stderr -----------   128: &lt;reactive&gt;
{shiny}      R  stderr -----------   112: all_q
{shiny}      R  stderr -----------   110: renderText
{shiny}      R  stderr -----------   109: func
{shiny}      R  stderr -----------    96: renderFunc
{shiny}      R  stderr -----------    95: output$teal-main_ui-root-therapy__e2e_-module-title
{shiny}      R  stderr -----------    14: &lt;Anonymous&gt;
{shiny}      R  stderr -----------    12: &lt;Anonymous&gt;
{shiny}      R  stderr -----------    11: &lt;Anonymous&gt;
{shiny}      R  stderr -----------    10: base::do.call
{shiny}      R  stderr -----------     9: base::saveRDS
{shiny}      R  stderr -----------     8: base::withCallingHandlers
{shiny}      R  stderr -----------     7: doTryCatch
{shiny}      R  stderr -----------     6: tryCatchOne
{shiny}      R  stderr -----------     5: tryCatchList
{shiny}      R  stderr -----------     2: tryCatchList
{shiny}      R  stderr -----------     1: base::tryCatch
{shiny}      R  stderr ----------- Warning: Error in &lt;Anonymous&gt;: error in evaluating the argument 'code' in selecting a method for function 'eval_code': Assertion on 'subset' failed: Must be a subset of {'','USUBJID','STUDYID','CMCLAS','CMDECOD','ATIREL','CMCAT','COUNTRY','SITEID','SUBJID','AGE','SEX','ARMCD','ARM','ACTARMCD','ACTARM','RACE','TRTSDTM','TRTEDTM','EOSDY','EOSDT','STRATA1','STRATA2','BMRKR1','BMRKR2','REGION1','SAFFL','EOSSTT','EOTSTT','DCSREAS','DTHDT','ASTDTM','ASTDY','AENDTM','AENDY','CMSEQ','ATC1','ATC2','ATC3','ATC4','CMINDC','CMDOSE','CMTRT','CMDOSU','CMROUTE','CMDOSFRQ','CMASTDTM','CMAENDTM','ATIREL2','CMDECOD2','CMINDC2','CMDOSE2','CMDOSU2','CMROUTE2','CMDOSFRQ2','ASTDY2','AENDY2'}, but has additional elements {'CMTRT2'}.
{shiny}      R  stderr -----------   122: &lt;Anonymous&gt;
{shiny}      R  stderr -----------   121: stop
{shiny}      R  stderr -----------   120: all_q
{shiny}      R  stderr -----------   117: exprFunc
{shiny}      R  stderr -----------   116: widgetFunc
{shiny}      R  stderr -----------   115: ::
{shiny}      R  stderr ----------- htmlwidgets
{shiny}      R  stderr ----------- shinyRenderWidget
{shiny}      R  stderr -----------   114: func
{shiny}      R  stderr -----------   101: renderFunc
{shiny}      R  stderr -----------   100: renderFunc
{shiny}      R  stderr -----------    96: renderFunc
{shiny}      R  stderr -----------    95: output$teal-main_ui-root-therapy__e2e_-module-therapy_table
{shiny}      R  stderr -----------    14: &lt;Anonymous&gt;
{shiny}      R  stderr -----------    12: &lt;Anonymous&gt;
{shiny}      R  stderr -----------    11: &lt;Anonymous&gt;
{shiny}      R  stderr -----------    10: base::do.call
{shiny}      R  stderr -----------     9: base::saveRDS
{shiny}      R  stderr -----------     8: base::withCallingHandlers
{shiny}      R  stderr -----------     7: doTryCatch
{shiny}      R  stderr -----------     6: tryCatchOne
{shiny}      R  stderr -----------     5: tryCatchList
{shiny}      R  stderr -----------     2: tryCatchList
{shiny}      R  stderr -----------     1: base::tryCatch
{shiny}      R  stderr ----------- Warning: Error in variable_choices.data.frame: Assertion on 'subset' failed: Must be a subset of {'','USUBJID','STUDYID','CMCLAS','CMDECOD','ATIREL','CMCAT','COUNTRY','SITEID','SUBJID','AGE','SEX','ARMCD','ARM','ACTARMCD','ACTARM','RACE','TRTSDTM','TRTEDTM','EOSDY','EOSDT','STRATA1','STRATA2','BMRKR1','BMRKR2','REGION1','SAFFL','EOSSTT','EOTSTT','DCSREAS','DTHDT','ASTDTM','ASTDY','AENDTM','AENDY','CMSEQ','ATC1','ATC2','ATC3','ATC4','CMINDC','CMDOSE','CMTRT','CMDOSU','CMROUTE','CMDOSFRQ','CMASTDTM','CMAENDTM','ATIREL2','CMDECOD2','CMINDC2','CMDOSE2','CMDOSU2','CMROUTE2','CMDOSFRQ2','ASTDY2','AENDY2'}, but has additional elements {'CMTRT2'}.
{shiny}      R  stderr -----------   162: &lt;Anonymous&gt;
{shiny}      R  stderr -----------   161: stop
{shiny}      R  stderr -----------   160: selector_list
{shiny}      R  stderr -----------   159: teal.transform::compose_and_enable_validators
{shiny}      R  stderr -----------   158: &lt;reactive&gt;
{shiny}      R  stderr -----------   142: iv_r
{shiny}      R  stderr -----------   135: &lt;reactive&gt;
{shiny}      R  stderr -----------   119: plot_r
{shiny}      R  stderr -----------   110: renderUI
{shiny}      R  stderr -----------   109: func
{shiny}      R  stderr -----------    96: renderFunc
{shiny}      R  stderr -----------    95: output$teal-main_ui-root-therapy__e2e_-module-therapy_plot-plot_out_main
{shiny}      R  stderr -----------    14: &lt;Anonymous&gt;
{shiny}      R  stderr -----------    12: &lt;Anonymous&gt;
{shiny}      R  stderr -----------    11: &lt;Anonymous&gt;
{shiny}      R  stderr -----------    10: base::do.call
{shiny}      R  stderr -----------     9: base::saveRDS
{shiny}      R  stderr -----------     8: base::withCallingHandlers
{shiny}      R  stderr -----------     7: doTryCatch
{shiny}      R  stderr -----------     6: tryCatchOne
{shiny}      R  stderr -----------     5: tryCatchList
{shiny}      R  stderr -----------     2: tryCatchList
{shiny}      R  stderr -----------     1: base::tryCatch
{shiny}      R  stderr ----------- Warning: Error in &lt;Anonymous&gt;: error in evaluating the argument 'code' in selecting a method for function 'eval_code': Assertion on 'subset' failed: Must be a subset of {'','USUBJID','STUDYID','CMCLAS','CMDECOD','ATIREL','CMCAT','COUNTRY','SITEID','SUBJID','AGE','SEX','ARMCD','ARM','ACTARMCD','ACTARM','RACE','TRTSDTM','TRTEDTM','EOSDY','EOSDT','STRATA1','STRATA2','BMRKR1','BMRKR2','REGION1','SAFFL','EOSSTT','EOTSTT','DCSREAS','DTHDT','ASTDTM','ASTDY','AENDTM','AENDY','CMSEQ','ATC1','ATC2','ATC3','ATC4','CMINDC','CMDOSE','CMTRT','CMDOSU','CMROUTE','CMDOSFRQ','CMASTDTM','CMAENDTM','ATIREL2','CMDECOD2','CMINDC2','CMDOSE2','CMDOSU2','CMROUTE2','CMDOSFRQ2','ASTDY2','AENDY2'}, but has additional elements {'CMTRT2'}.
{shiny}      R  stderr -----------   14: &lt;Anonymous&gt;
{shiny}      R  stderr -----------   12: &lt;Anonymous&gt;
{shiny}      R  stderr -----------   11: &lt;Anonymous&gt;
{shiny}      R  stderr -----------   10: base::do.call
{shiny}      R  stderr -----------    9: base::saveRDS
{shiny}      R  stderr -----------    8: base::withCallingHandlers
{shiny}      R  stderr -----------    7: doTryCatch
{shiny}      R  stderr -----------    6: tryCatchOne
{shiny}      R  stderr -----------    5: tryCatchList
{shiny}      R  stderr -----------    2: tryCatchList
{shiny}      R  stderr -----------    1: base::tryCatch


Caused by error in `app_initialize_()`:
! Shiny app did not become stable in 1e+05ms.
Message: An error occurred while waiting for Shiny to be stable
Caused by error in `app_wait_for_idle()`:
! An error occurred while waiting for Shiny to be stable
Backtrace:
     x
  1. +-teal.modules.clinical (local) app_driver_tm_g_pp_therapy() at test-shinytest2-tm_g_pp_therapy.R:189:5
  2. | \-teal.modules.clinical:::init_teal_app_driver(...) at test-shinytest2-tm_g_pp_therapy.R:31:3
  3. |   +-testthat::with_mocked_bindings(...) at tests/testthat/helper-TealAppDriver.R:7:3
  4. |   \-TealAppDriver$new(...) at tests/testthat/helper-TealAppDriver.R:10:7
  5. |     \-teal (local) initialize(...)
  6. |       +-base::suppressWarnings(...)
  7. |       | \-base::withCallingHandlers(...)
  8. |       \-super$initialize(...)
  9. |         \-shinytest2:::app_initialize(...)
 10. |           +-base::withCallingHandlers(...)
 11. |           \-shinytest2:::app_initialize_(self, private, ..., view = view)
 12. |             +-base::withCallingHandlers(...)
 13. |             \-self$wait_for_idle(duration = 200, timeout = private$load_timeout)
 14. |               \-shinytest2:::app_wait_for_idle(...)
 15. |                 \-shinytest2:::app_abort(self, private, "An error occurred while waiting for Shiny to be stable")
 16. |                   \-rlang::abort(..., app = self, call = call)
 17. |                     \-rlang:::signal_abort(cnd, .file)
 18. |                       \-base::signalCondition(cnd)
 19. +-shinytest2 (local) `&lt;fn&gt;`(`&lt;rlng_rrr&gt;`)
 20. | \-shinytest2:::app_abort(...)
 21. |   \-rlang::abort(..., app = self, call = call)
 22. |     \-rlang:::signal_abort(cnd, .file)
 23. |       \-base::signalCondition(cnd)
 24. \-shinytest2 (local) `&lt;fn&gt;`(`&lt;rlng_rrr&gt;`)
 25.   \-shinytest2:::app_abort(...)
 26.     \-rlang::abort(..., app = self, call = call)</error>
    </testcase>
    <testcase time="103.08" classname="shinytest2_tm_g_pp_therapy" name="e2e_tm_g_pp_therapy_Selection_of_cmdosu_changes_the_element_and_does_not_throw_validation_errors">
      <error type="error" message="Error in `app_initialize(self, private, app_dir = app_dir, ..., load_timeout = load_timeout,  ('test-shinytest2-tm_g_pp_therapy.R:162:9')">Error in `app_initialize(self, private, app_dir = app_dir, ..., load_timeout = load_timeout, 
    timeout = timeout, wait = wait, expect_values_screenshot_args = expect_values_screenshot_args, 
    screenshot_args = screenshot_args, check_names = check_names, 
    name = name, variant = variant, view = view, height = height, 
    width = width, seed = seed, clean_logs = clean_logs, shiny_args = shiny_args, 
    render_args = render_args, options = options)`: Shiny app did not become stable in 1e+05ms.
Message: An error occurred while waiting for Shiny to be stable
Caused by error in `app_wait_for_idle()`:
! An error occurred while waiting for Shiny to be stable


i You can inspect the failed AppDriver object via `rlang::last_error()$app`
i AppDriver logs:
{shinytest2} R  info   17:51:54.64 Start AppDriver initialization
{shinytest2} R  info   17:51:54.66 Starting Shiny app
{shinytest2} R  info   17:51:56.89 Creating new ChromoteSession
{shinytest2} R  info   17:51:56.92 Navigating to Shiny app
{shinytest2} R  info   17:51:57.02 Injecting shiny-tracer.js
{chromote}   JS info   17:51:57.03 shinytest2; jQuery not found
{chromote}   JS info   17:51:57.03 shinytest2; Loaded
{shinytest2} R  info   17:51:57.03 Waiting for Shiny to become ready
{chromote}   JS info   17:51:57.11 shinytest2; jQuery found
{chromote}   JS info   17:51:57.11 shinytest2; Waiting for shiny session to connect
{chromote}   JS info   17:51:57.24 shinytest2; Connected
{shinytest2} R  info   17:51:57.26 Waiting for Shiny to become idle for 200ms within 1e+05ms
{chromote}   JS info   17:51:57.26 shinytest2; Waiting for Shiny to be stable
{chromote}   JS info   17:51:57.28 shinytest2; shiny:busy
{chromote}   JS info   17:51:58.52 shinytest2; shiny:idle
{chromote}   JS info   17:51:58.52 shinytest2; shiny:value teal-identifier
{chromote}   JS info   17:51:58.52 shinytest2; shiny:value error
{chromote}   JS info   17:51:58.52 shinytest2; shiny:busy
{chromote}   JS info   17:51:58.52 shinytest2; shiny:idle
{chromote}   JS info   17:51:58.55 shinytest2; shiny:busy
{shinytest2} R  info   17:53:37.27 Error while initializing AppDriver:
                                   Shiny app did not become stable in 1e+05ms.
                                   Message: An error occurred while waiting for Shiny to be stable
                                   Caused by error in `app_wait_for_idle()`:
                                   ! An error occurred while waiting for Shiny to be stable
{shiny}      R  stderr ----------- Loading required package: shiny
{shiny}      R  stderr ----------- Attempting to load the environment ‘package:dplyr’
{shiny}      R  stderr ----------- 
{shiny}      R  stderr ----------- Attaching package: ‘dplyr’
{shiny}      R  stderr ----------- 
{shiny}      R  stderr ----------- The following objects are masked from ‘package:stats’:
{shiny}      R  stderr ----------- 
{shiny}      R  stderr -----------     filter, lag
{shiny}      R  stderr ----------- 
{shiny}      R  stderr ----------- The following objects are masked from ‘package:base’:
{shiny}      R  stderr ----------- 
{shiny}      R  stderr -----------     intersect, setdiff, setequal, union
{shiny}      R  stderr ----------- 
{shiny}      R  stderr ----------- Loading required package: teal
{shiny}      R  stderr ----------- Loading required package: teal.data
{shiny}      R  stderr ----------- Loading required package: teal.code
{shiny}      R  stderr ----------- Loading required package: teal.slice
{shiny}      R  stderr ----------- 
{shiny}      R  stderr ----------- You are using teal version 0.15.2.9031
{shiny}      R  stderr ----------- 
{shiny}      R  stderr ----------- Attaching package: ‘teal’
{shiny}      R  stderr ----------- 
{shiny}      R  stderr ----------- The following objects are masked from ‘package:teal.slice’:
{shiny}      R  stderr ----------- 
{shiny}      R  stderr -----------     as.teal_slices, teal_slices
{shiny}      R  stderr ----------- 
{shiny}      R  stderr ----------- Loading required package: teal.transform
{shiny}      R  stderr ----------- Loading required package: tern
{shiny}      R  stderr ----------- Loading required package: rtables
{shiny}      R  stderr ----------- Loading required package: formatters
{shiny}      R  stderr ----------- Loading required package: magrittr
{shiny}      R  stderr ----------- 
{shiny}      R  stderr ----------- Attaching package: ‘rtables’
{shiny}      R  stderr ----------- 
{shiny}      R  stderr ----------- The following object is masked from ‘package:utils’:
{shiny}      R  stderr ----------- 
{shiny}      R  stderr -----------     str
{shiny}      R  stderr ----------- 
{shiny}      R  stderr ----------- Running application in test mode.
{shiny}      R  stderr ----------- 
{shiny}      R  stderr ----------- Listening on http://127.0.0.1:6286
{shiny}      R  stderr ----------- Initializing reporter_previewer_module
{shiny}      R  stderr ----------- Warning: Error in &lt;Anonymous&gt;: error in evaluating the argument 'code' in selecting a method for function 'eval_code': Assertion on 'subset' failed: Must be a subset of {'','USUBJID','STUDYID','CMCLAS','CMDECOD','ATIREL','CMCAT','COUNTRY','SITEID','SUBJID','AGE','SEX','ARMCD','ARM','ACTARMCD','ACTARM','RACE','TRTSDTM','TRTEDTM','EOSDY','EOSDT','STRATA1','STRATA2','BMRKR1','BMRKR2','REGION1','SAFFL','EOSSTT','EOTSTT','DCSREAS','DTHDT','ASTDTM','ASTDY','AENDTM','AENDY','CMSEQ','ATC1','ATC2','ATC3','ATC4','CMINDC','CMDOSE','CMTRT','CMDOSU','CMROUTE','CMDOSFRQ','CMASTDTM','CMAENDTM','ATIREL2','CMDECOD2','CMINDC2','CMDOSE2','CMDOSU2','CMROUTE2','CMDOSFRQ2','ASTDY2','AENDY2'}, but has additional elements {'CMTRT2'}.
{shiny}      R  stderr -----------   241: &lt;Anonymous&gt;
{shiny}      R  stderr -----------   240: stop
{shiny}      R  stderr -----------   239: mstop
{shiny}      R  stderr -----------   238: makeAssertion
{shiny}      R  stderr -----------   237: checkmate::assert_subset
{shiny}      R  stderr -----------   236: variable_choices.data.frame
{shiny}      R  stderr -----------   233: resolve.delayed_variable_choices
{shiny}      R  stderr -----------   231: resolve.delayed_select_spec
{shiny}      R  stderr -----------   229: resolve.delayed_data_extract_spec
{shiny}      R  stderr -----------   227: resolve_delayed.list
{shiny}      R  stderr -----------   213: module
{shiny}      R  stderr -----------   208: callModule
{shiny}      R  stderr -----------   207: moduleServer
{shiny}      R  stderr -----------   206: data_extract_single_srv
{shiny}      R  stderr -----------   205: FUN
{shiny}      R  stderr -----------   204: lapply
{shiny}      R  stderr -----------   203: module
{shiny}      R  stderr -----------   198: callModule
{shiny}      R  stderr -----------   197: moduleServer
{shiny}      R  stderr -----------   196: data_extract_srv.list
{shiny}      R  stderr -----------   194: FUN
{shiny}      R  stderr -----------   193: lapply
{shiny}      R  stderr -----------   192: sapply
{shiny}      R  stderr -----------   191: &lt;reactive&gt;
{shiny}      R  stderr -----------   175: selector_list
{shiny}      R  stderr -----------   170: &lt;reactive&gt;
{shiny}      R  stderr -----------   154: anl_inputs
{shiny}      R  stderr -----------   153: as.expression
{shiny}      R  stderr -----------   152: teal.code::eval_code
{shiny}      R  stderr -----------   151: %&gt;%
{shiny}      R  stderr -----------   150: &lt;reactive&gt;
{shiny}      R  stderr -----------   134: merged$anl_q
{shiny}      R  stderr -----------   128: &lt;reactive&gt;
{shiny}      R  stderr -----------   112: all_q
{shiny}      R  stderr -----------   110: renderText
{shiny}      R  stderr -----------   109: func
{shiny}      R  stderr -----------    96: renderFunc
{shiny}      R  stderr -----------    95: output$teal-main_ui-root-therapy__e2e_-module-title
{shiny}      R  stderr -----------    14: &lt;Anonymous&gt;
{shiny}      R  stderr -----------    12: &lt;Anonymous&gt;
{shiny}      R  stderr -----------    11: &lt;Anonymous&gt;
{shiny}      R  stderr -----------    10: base::do.call
{shiny}      R  stderr -----------     9: base::saveRDS
{shiny}      R  stderr -----------     8: base::withCallingHandlers
{shiny}      R  stderr -----------     7: doTryCatch
{shiny}      R  stderr -----------     6: tryCatchOne
{shiny}      R  stderr -----------     5: tryCatchList
{shiny}      R  stderr -----------     2: tryCatchList
{shiny}      R  stderr -----------     1: base::tryCatch
{shiny}      R  stderr ----------- Warning: Error in &lt;Anonymous&gt;: error in evaluating the argument 'code' in selecting a method for function 'eval_code': Assertion on 'subset' failed: Must be a subset of {'','USUBJID','STUDYID','CMCLAS','CMDECOD','ATIREL','CMCAT','COUNTRY','SITEID','SUBJID','AGE','SEX','ARMCD','ARM','ACTARMCD','ACTARM','RACE','TRTSDTM','TRTEDTM','EOSDY','EOSDT','STRATA1','STRATA2','BMRKR1','BMRKR2','REGION1','SAFFL','EOSSTT','EOTSTT','DCSREAS','DTHDT','ASTDTM','ASTDY','AENDTM','AENDY','CMSEQ','ATC1','ATC2','ATC3','ATC4','CMINDC','CMDOSE','CMTRT','CMDOSU','CMROUTE','CMDOSFRQ','CMASTDTM','CMAENDTM','ATIREL2','CMDECOD2','CMINDC2','CMDOSE2','CMDOSU2','CMROUTE2','CMDOSFRQ2','ASTDY2','AENDY2'}, but has additional elements {'CMTRT2'}.
{shiny}      R  stderr -----------   122: &lt;Anonymous&gt;
{shiny}      R  stderr -----------   121: stop
{shiny}      R  stderr -----------   120: all_q
{shiny}      R  stderr -----------   117: exprFunc
{shiny}      R  stderr -----------   116: widgetFunc
{shiny}      R  stderr -----------   115: ::
{shiny}      R  stderr ----------- htmlwidgets
{shiny}      R  stderr ----------- shinyRenderWidget
{shiny}      R  stderr -----------   114: func
{shiny}      R  stderr -----------   101: renderFunc
{shiny}      R  stderr -----------   100: renderFunc
{shiny}      R  stderr -----------    96: renderFunc
{shiny}      R  stderr -----------    95: output$teal-main_ui-root-therapy__e2e_-module-therapy_table
{shiny}      R  stderr -----------    14: &lt;Anonymous&gt;
{shiny}      R  stderr -----------    12: &lt;Anonymous&gt;
{shiny}      R  stderr -----------    11: &lt;Anonymous&gt;
{shiny}      R  stderr -----------    10: base::do.call
{shiny}      R  stderr -----------     9: base::saveRDS
{shiny}      R  stderr -----------     8: base::withCallingHandlers
{shiny}      R  stderr -----------     7: doTryCatch
{shiny}      R  stderr -----------     6: tryCatchOne
{shiny}      R  stderr -----------     5: tryCatchList
{shiny}      R  stderr -----------     2: tryCatchList
{shiny}      R  stderr -----------     1: base::tryCatch
{shiny}      R  stderr ----------- Warning: Error in variable_choices.data.frame: Assertion on 'subset' failed: Must be a subset of {'','USUBJID','STUDYID','CMCLAS','CMDECOD','ATIREL','CMCAT','COUNTRY','SITEID','SUBJID','AGE','SEX','ARMCD','ARM','ACTARMCD','ACTARM','RACE','TRTSDTM','TRTEDTM','EOSDY','EOSDT','STRATA1','STRATA2','BMRKR1','BMRKR2','REGION1','SAFFL','EOSSTT','EOTSTT','DCSREAS','DTHDT','ASTDTM','ASTDY','AENDTM','AENDY','CMSEQ','ATC1','ATC2','ATC3','ATC4','CMINDC','CMDOSE','CMTRT','CMDOSU','CMROUTE','CMDOSFRQ','CMASTDTM','CMAENDTM','ATIREL2','CMDECOD2','CMINDC2','CMDOSE2','CMDOSU2','CMROUTE2','CMDOSFRQ2','ASTDY2','AENDY2'}, but has additional elements {'CMTRT2'}.
{shiny}      R  stderr -----------   162: &lt;Anonymous&gt;
{shiny}      R  stderr -----------   161: stop
{shiny}      R  stderr -----------   160: selector_list
{shiny}      R  stderr -----------   159: teal.transform::compose_and_enable_validators
{shiny}      R  stderr -----------   158: &lt;reactive&gt;
{shiny}      R  stderr -----------   142: iv_r
{shiny}      R  stderr -----------   135: &lt;reactive&gt;
{shiny}      R  stderr -----------   119: plot_r
{shiny}      R  stderr -----------   110: renderUI
{shiny}      R  stderr -----------   109: func
{shiny}      R  stderr -----------    96: renderFunc
{shiny}      R  stderr -----------    95: output$teal-main_ui-root-therapy__e2e_-module-therapy_plot-plot_out_main
{shiny}      R  stderr -----------    14: &lt;Anonymous&gt;
{shiny}      R  stderr -----------    12: &lt;Anonymous&gt;
{shiny}      R  stderr -----------    11: &lt;Anonymous&gt;
{shiny}      R  stderr -----------    10: base::do.call
{shiny}      R  stderr -----------     9: base::saveRDS
{shiny}      R  stderr -----------     8: base::withCallingHandlers
{shiny}      R  stderr -----------     7: doTryCatch
{shiny}      R  stderr -----------     6: tryCatchOne
{shiny}      R  stderr -----------     5: tryCatchList
{shiny}      R  stderr -----------     2: tryCatchList
{shiny}      R  stderr -----------     1: base::tryCatch
{shiny}      R  stderr ----------- Warning: Error in &lt;Anonymous&gt;: error in evaluating the argument 'code' in selecting a method for function 'eval_code': Assertion on 'subset' failed: Must be a subset of {'','USUBJID','STUDYID','CMCLAS','CMDECOD','ATIREL','CMCAT','COUNTRY','SITEID','SUBJID','AGE','SEX','ARMCD','ARM','ACTARMCD','ACTARM','RACE','TRTSDTM','TRTEDTM','EOSDY','EOSDT','STRATA1','STRATA2','BMRKR1','BMRKR2','REGION1','SAFFL','EOSSTT','EOTSTT','DCSREAS','DTHDT','ASTDTM','ASTDY','AENDTM','AENDY','CMSEQ','ATC1','ATC2','ATC3','ATC4','CMINDC','CMDOSE','CMTRT','CMDOSU','CMROUTE','CMDOSFRQ','CMASTDTM','CMAENDTM','ATIREL2','CMDECOD2','CMINDC2','CMDOSE2','CMDOSU2','CMROUTE2','CMDOSFRQ2','ASTDY2','AENDY2'}, but has additional elements {'CMTRT2'}.
{shiny}      R  stderr -----------   14: &lt;Anonymous&gt;
{shiny}      R  stderr -----------   12: &lt;Anonymous&gt;
{shiny}      R  stderr -----------   11: &lt;Anonymous&gt;
{shiny}      R  stderr -----------   10: base::do.call
{shiny}      R  stderr -----------    9: base::saveRDS
{shiny}      R  stderr -----------    8: base::withCallingHandlers
{shiny}      R  stderr -----------    7: doTryCatch
{shiny}      R  stderr -----------    6: tryCatchOne
{shiny}      R  stderr -----------    5: tryCatchList
{shiny}      R  stderr -----------    2: tryCatchList
{shiny}      R  stderr -----------    1: base::tryCatch


Caused by error in `app_initialize_()`:
! Shiny app did not become stable in 1e+05ms.
Message: An error occurred while waiting for Shiny to be stable
Caused by error in `app_wait_for_idle()`:
! An error occurred while waiting for Shiny to be stable
Backtrace:
     x
  1. +-teal.modules.clinical (local) app_driver_tm_g_pp_therapy() at test-shinytest2-tm_g_pp_therapy.R:162:9
  2. | \-teal.modules.clinical:::init_teal_app_driver(...) at test-shinytest2-tm_g_pp_therapy.R:31:3
  3. |   +-testthat::with_mocked_bindings(...) at tests/testthat/helper-TealAppDriver.R:7:3
  4. |   \-TealAppDriver$new(...) at tests/testthat/helper-TealAppDriver.R:10:7
  5. |     \-teal (local) initialize(...)
  6. |       +-base::suppressWarnings(...)
  7. |       | \-base::withCallingHandlers(...)
  8. |       \-super$initialize(...)
  9. |         \-shinytest2:::app_initialize(...)
 10. |           +-base::withCallingHandlers(...)
 11. |           \-shinytest2:::app_initialize_(self, private, ..., view = view)
 12. |             +-base::withCallingHandlers(...)
 13. |             \-self$wait_for_idle(duration = 200, timeout = private$load_timeout)
 14. |               \-shinytest2:::app_wait_for_idle(...)
 15. |                 \-shinytest2:::app_abort(self, private, "An error occurred while waiting for Shiny to be stable")
 16. |                   \-rlang::abort(..., app = self, call = call)
 17. |                     \-rlang:::signal_abort(cnd, .file)
 18. |                       \-base::signalCondition(cnd)
 19. +-shinytest2 (local) `&lt;fn&gt;`(`&lt;rlng_rrr&gt;`)
 20. | \-shinytest2:::app_abort(...)
 21. |   \-rlang::abort(..., app = self, call = call)
 22. |     \-rlang:::signal_abort(cnd, .file)
 23. |       \-base::signalCondition(cnd)
 24. \-shinytest2 (local) `&lt;fn&gt;`(`&lt;rlng_rrr&gt;`)
 25.   \-shinytest2:::app_abort(...)
 26.     \-rlang::abort(..., app = self, call = call)</error>
    </testcase>
    <testcase time="103.007" classname="shinytest2_tm_g_pp_therapy" name="e2e_tm_g_pp_therapy_Deselection_of_cmdosu_dataset_ADCM_singleextract_select_throws_validation_error.">
      <error type="error" message="Error in `app_initialize(self, private, app_dir = app_dir, ..., load_timeout = load_timeout,  ('test-shinytest2-tm_g_pp_therapy.R:189:5')">Error in `app_initialize(self, private, app_dir = app_dir, ..., load_timeout = load_timeout, 
    timeout = timeout, wait = wait, expect_values_screenshot_args = expect_values_screenshot_args, 
    screenshot_args = screenshot_args, check_names = check_names, 
    name = name, variant = variant, view = view, height = height, 
    width = width, seed = seed, clean_logs = clean_logs, shiny_args = shiny_args, 
    render_args = render_args, options = options)`: Shiny app did not become stable in 1e+05ms.
Message: An error occurred while waiting for Shiny to be stable
Caused by error in `app_wait_for_idle()`:
! An error occurred while waiting for Shiny to be stable


i You can inspect the failed AppDriver object via `rlang::last_error()$app`
i AppDriver logs:
{shinytest2} R  info   17:53:37.72 Start AppDriver initialization
{shinytest2} R  info   17:53:37.75 Starting Shiny app
{shinytest2} R  info   17:53:39.78 Creating new ChromoteSession
{shinytest2} R  info   17:53:39.80 Navigating to Shiny app
{shinytest2} R  info   17:53:39.92 Injecting shiny-tracer.js
{chromote}   JS info   17:53:39.93 shinytest2; jQuery not found
{chromote}   JS info   17:53:39.94 shinytest2; Loaded
{shinytest2} R  info   17:53:39.94 Waiting for Shiny to become ready
{chromote}   JS info   17:53:39.99 shinytest2; jQuery found
{chromote}   JS info   17:53:39.99 shinytest2; Waiting for shiny session to connect
{chromote}   JS info   17:53:40.24 shinytest2; Connected
{chromote}   JS info   17:53:40.24 shinytest2; shiny:busy
{shinytest2} R  info   17:53:40.26 Waiting for Shiny to become idle for 200ms within 1e+05ms
{chromote}   JS info   17:53:40.27 shinytest2; Waiting for Shiny to be stable
{chromote}   JS info   17:53:41.51 shinytest2; shiny:idle
{chromote}   JS info   17:53:41.51 shinytest2; shiny:value teal-identifier
{chromote}   JS info   17:53:41.51 shinytest2; shiny:value error
{chromote}   JS info   17:53:41.51 shinytest2; shiny:busy
{chromote}   JS info   17:53:41.51 shinytest2; shiny:idle
{chromote}   JS info   17:53:41.53 shinytest2; shiny:busy
{shinytest2} R  info   17:55:20.28 Error while initializing AppDriver:
                                   Shiny app did not become stable in 1e+05ms.
                                   Message: An error occurred while waiting for Shiny to be stable
                                   Caused by error in `app_wait_for_idle()`:
                                   ! An error occurred while waiting for Shiny to be stable
{shiny}      R  stderr ----------- Loading required package: shiny
{shiny}      R  stderr ----------- Attempting to load the environment ‘package:dplyr’
{shiny}      R  stderr ----------- 
{shiny}      R  stderr ----------- Attaching package: ‘dplyr’
{shiny}      R  stderr ----------- 
{shiny}      R  stderr ----------- The following objects are masked from ‘package:stats’:
{shiny}      R  stderr ----------- 
{shiny}      R  stderr -----------     filter, lag
{shiny}      R  stderr ----------- 
{shiny}      R  stderr ----------- The following objects are masked from ‘package:base’:
{shiny}      R  stderr ----------- 
{shiny}      R  stderr -----------     intersect, setdiff, setequal, union
{shiny}      R  stderr ----------- 
{shiny}      R  stderr ----------- Loading required package: teal
{shiny}      R  stderr ----------- Loading required package: teal.data
{shiny}      R  stderr ----------- Loading required package: teal.code
{shiny}      R  stderr ----------- Loading required package: teal.slice
{shiny}      R  stderr ----------- 
{shiny}      R  stderr ----------- You are using teal version 0.15.2.9031
{shiny}      R  stderr ----------- 
{shiny}      R  stderr ----------- Attaching package: ‘teal’
{shiny}      R  stderr ----------- 
{shiny}      R  stderr ----------- The following objects are masked from ‘package:teal.slice’:
{shiny}      R  stderr ----------- 
{shiny}      R  stderr -----------     as.teal_slices, teal_slices
{shiny}      R  stderr ----------- 
{shiny}      R  stderr ----------- Loading required package: teal.transform
{shiny}      R  stderr ----------- Loading required package: tern
{shiny}      R  stderr ----------- Loading required package: rtables
{shiny}      R  stderr ----------- Loading required package: formatters
{shiny}      R  stderr ----------- Loading required package: magrittr
{shiny}      R  stderr ----------- 
{shiny}      R  stderr ----------- Attaching package: ‘rtables’
{shiny}      R  stderr ----------- 
{shiny}      R  stderr ----------- The following object is masked from ‘package:utils’:
{shiny}      R  stderr ----------- 
{shiny}      R  stderr -----------     str
{shiny}      R  stderr ----------- 
{shiny}      R  stderr ----------- Running application in test mode.
{shiny}      R  stderr ----------- 
{shiny}      R  stderr ----------- Listening on http://127.0.0.1:3295
{shiny}      R  stderr ----------- Initializing reporter_previewer_module
{shiny}      R  stderr ----------- Warning: Error in &lt;Anonymous&gt;: error in evaluating the argument 'code' in selecting a method for function 'eval_code': Assertion on 'subset' failed: Must be a subset of {'','USUBJID','STUDYID','CMCLAS','CMDECOD','ATIREL','CMCAT','COUNTRY','SITEID','SUBJID','AGE','SEX','ARMCD','ARM','ACTARMCD','ACTARM','RACE','TRTSDTM','TRTEDTM','EOSDY','EOSDT','STRATA1','STRATA2','BMRKR1','BMRKR2','REGION1','SAFFL','EOSSTT','EOTSTT','DCSREAS','DTHDT','ASTDTM','ASTDY','AENDTM','AENDY','CMSEQ','ATC1','ATC2','ATC3','ATC4','CMINDC','CMDOSE','CMTRT','CMDOSU','CMROUTE','CMDOSFRQ','CMASTDTM','CMAENDTM','ATIREL2','CMDECOD2','CMINDC2','CMDOSE2','CMDOSU2','CMROUTE2','CMDOSFRQ2','ASTDY2','AENDY2'}, but has additional elements {'CMTRT2'}.
{shiny}      R  stderr -----------   241: &lt;Anonymous&gt;
{shiny}      R  stderr -----------   240: stop
{shiny}      R  stderr -----------   239: mstop
{shiny}      R  stderr -----------   238: makeAssertion
{shiny}      R  stderr -----------   237: checkmate::assert_subset
{shiny}      R  stderr -----------   236: variable_choices.data.frame
{shiny}      R  stderr -----------   233: resolve.delayed_variable_choices
{shiny}      R  stderr -----------   231: resolve.delayed_select_spec
{shiny}      R  stderr -----------   229: resolve.delayed_data_extract_spec
{shiny}      R  stderr -----------   227: resolve_delayed.list
{shiny}      R  stderr -----------   213: module
{shiny}      R  stderr -----------   208: callModule
{shiny}      R  stderr -----------   207: moduleServer
{shiny}      R  stderr -----------   206: data_extract_single_srv
{shiny}      R  stderr -----------   205: FUN
{shiny}      R  stderr -----------   204: lapply
{shiny}      R  stderr -----------   203: module
{shiny}      R  stderr -----------   198: callModule
{shiny}      R  stderr -----------   197: moduleServer
{shiny}      R  stderr -----------   196: data_extract_srv.list
{shiny}      R  stderr -----------   194: FUN
{shiny}      R  stderr -----------   193: lapply
{shiny}      R  stderr -----------   192: sapply
{shiny}      R  stderr -----------   191: &lt;reactive&gt;
{shiny}      R  stderr -----------   175: selector_list
{shiny}      R  stderr -----------   170: &lt;reactive&gt;
{shiny}      R  stderr -----------   154: anl_inputs
{shiny}      R  stderr -----------   153: as.expression
{shiny}      R  stderr -----------   152: teal.code::eval_code
{shiny}      R  stderr -----------   151: %&gt;%
{shiny}      R  stderr -----------   150: &lt;reactive&gt;
{shiny}      R  stderr -----------   134: merged$anl_q
{shiny}      R  stderr -----------   128: &lt;reactive&gt;
{shiny}      R  stderr -----------   112: all_q
{shiny}      R  stderr -----------   110: renderText
{shiny}      R  stderr -----------   109: func
{shiny}      R  stderr -----------    96: renderFunc
{shiny}      R  stderr -----------    95: output$teal-main_ui-root-therapy__e2e_-module-title
{shiny}      R  stderr -----------    14: &lt;Anonymous&gt;
{shiny}      R  stderr -----------    12: &lt;Anonymous&gt;
{shiny}      R  stderr -----------    11: &lt;Anonymous&gt;
{shiny}      R  stderr -----------    10: base::do.call
{shiny}      R  stderr -----------     9: base::saveRDS
{shiny}      R  stderr -----------     8: base::withCallingHandlers
{shiny}      R  stderr -----------     7: doTryCatch
{shiny}      R  stderr -----------     6: tryCatchOne
{shiny}      R  stderr -----------     5: tryCatchList
{shiny}      R  stderr -----------     2: tryCatchList
{shiny}      R  stderr -----------     1: base::tryCatch
{shiny}      R  stderr ----------- Warning: Error in &lt;Anonymous&gt;: error in evaluating the argument 'code' in selecting a method for function 'eval_code': Assertion on 'subset' failed: Must be a subset of {'','USUBJID','STUDYID','CMCLAS','CMDECOD','ATIREL','CMCAT','COUNTRY','SITEID','SUBJID','AGE','SEX','ARMCD','ARM','ACTARMCD','ACTARM','RACE','TRTSDTM','TRTEDTM','EOSDY','EOSDT','STRATA1','STRATA2','BMRKR1','BMRKR2','REGION1','SAFFL','EOSSTT','EOTSTT','DCSREAS','DTHDT','ASTDTM','ASTDY','AENDTM','AENDY','CMSEQ','ATC1','ATC2','ATC3','ATC4','CMINDC','CMDOSE','CMTRT','CMDOSU','CMROUTE','CMDOSFRQ','CMASTDTM','CMAENDTM','ATIREL2','CMDECOD2','CMINDC2','CMDOSE2','CMDOSU2','CMROUTE2','CMDOSFRQ2','ASTDY2','AENDY2'}, but has additional elements {'CMTRT2'}.
{shiny}      R  stderr -----------   122: &lt;Anonymous&gt;
{shiny}      R  stderr -----------   121: stop
{shiny}      R  stderr -----------   120: all_q
{shiny}      R  stderr -----------   117: exprFunc
{shiny}      R  stderr -----------   116: widgetFunc
{shiny}      R  stderr -----------   115: ::
{shiny}      R  stderr ----------- htmlwidgets
{shiny}      R  stderr ----------- shinyRenderWidget
{shiny}      R  stderr -----------   114: func
{shiny}      R  stderr -----------   101: renderFunc
{shiny}      R  stderr -----------   100: renderFunc
{shiny}      R  stderr -----------    96: renderFunc
{shiny}      R  stderr -----------    95: output$teal-main_ui-root-therapy__e2e_-module-therapy_table
{shiny}      R  stderr -----------    14: &lt;Anonymous&gt;
{shiny}      R  stderr -----------    12: &lt;Anonymous&gt;
{shiny}      R  stderr -----------    11: &lt;Anonymous&gt;
{shiny}      R  stderr -----------    10: base::do.call
{shiny}      R  stderr -----------     9: base::saveRDS
{shiny}      R  stderr -----------     8: base::withCallingHandlers
{shiny}      R  stderr -----------     7: doTryCatch
{shiny}      R  stderr -----------     6: tryCatchOne
{shiny}      R  stderr -----------     5: tryCatchList
{shiny}      R  stderr -----------     2: tryCatchList
{shiny}      R  stderr -----------     1: base::tryCatch
{shiny}      R  stderr ----------- Warning: Error in variable_choices.data.frame: Assertion on 'subset' failed: Must be a subset of {'','USUBJID','STUDYID','CMCLAS','CMDECOD','ATIREL','CMCAT','COUNTRY','SITEID','SUBJID','AGE','SEX','ARMCD','ARM','ACTARMCD','ACTARM','RACE','TRTSDTM','TRTEDTM','EOSDY','EOSDT','STRATA1','STRATA2','BMRKR1','BMRKR2','REGION1','SAFFL','EOSSTT','EOTSTT','DCSREAS','DTHDT','ASTDTM','ASTDY','AENDTM','AENDY','CMSEQ','ATC1','ATC2','ATC3','ATC4','CMINDC','CMDOSE','CMTRT','CMDOSU','CMROUTE','CMDOSFRQ','CMASTDTM','CMAENDTM','ATIREL2','CMDECOD2','CMINDC2','CMDOSE2','CMDOSU2','CMROUTE2','CMDOSFRQ2','ASTDY2','AENDY2'}, but has additional elements {'CMTRT2'}.
{shiny}      R  stderr -----------   162: &lt;Anonymous&gt;
{shiny}      R  stderr -----------   161: stop
{shiny}      R  stderr -----------   160: selector_list
{shiny}      R  stderr -----------   159: teal.transform::compose_and_enable_validators
{shiny}      R  stderr -----------   158: &lt;reactive&gt;
{shiny}      R  stderr -----------   142: iv_r
{shiny}      R  stderr -----------   135: &lt;reactive&gt;
{shiny}      R  stderr -----------   119: plot_r
{shiny}      R  stderr -----------   110: renderUI
{shiny}      R  stderr -----------   109: func
{shiny}      R  stderr -----------    96: renderFunc
{shiny}      R  stderr -----------    95: output$teal-main_ui-root-therapy__e2e_-module-therapy_plot-plot_out_main
{shiny}      R  stderr -----------    14: &lt;Anonymous&gt;
{shiny}      R  stderr -----------    12: &lt;Anonymous&gt;
{shiny}      R  stderr -----------    11: &lt;Anonymous&gt;
{shiny}      R  stderr -----------    10: base::do.call
{shiny}      R  stderr -----------     9: base::saveRDS
{shiny}      R  stderr -----------     8: base::withCallingHandlers
{shiny}      R  stderr -----------     7: doTryCatch
{shiny}      R  stderr -----------     6: tryCatchOne
{shiny}      R  stderr -----------     5: tryCatchList
{shiny}      R  stderr -----------     2: tryCatchList
{shiny}      R  stderr -----------     1: base::tryCatch
{shiny}      R  stderr ----------- Warning: Error in &lt;Anonymous&gt;: error in evaluating the argument 'code' in selecting a method for function 'eval_code': Assertion on 'subset' failed: Must be a subset of {'','USUBJID','STUDYID','CMCLAS','CMDECOD','ATIREL','CMCAT','COUNTRY','SITEID','SUBJID','AGE','SEX','ARMCD','ARM','ACTARMCD','ACTARM','RACE','TRTSDTM','TRTEDTM','EOSDY','EOSDT','STRATA1','STRATA2','BMRKR1','BMRKR2','REGION1','SAFFL','EOSSTT','EOTSTT','DCSREAS','DTHDT','ASTDTM','ASTDY','AENDTM','AENDY','CMSEQ','ATC1','ATC2','ATC3','ATC4','CMINDC','CMDOSE','CMTRT','CMDOSU','CMROUTE','CMDOSFRQ','CMASTDTM','CMAENDTM','ATIREL2','CMDECOD2','CMINDC2','CMDOSE2','CMDOSU2','CMROUTE2','CMDOSFRQ2','ASTDY2','AENDY2'}, but has additional elements {'CMTRT2'}.
{shiny}      R  stderr -----------   14: &lt;Anonymous&gt;
{shiny}      R  stderr -----------   12: &lt;Anonymous&gt;
{shiny}      R  stderr -----------   11: &lt;Anonymous&gt;
{shiny}      R  stderr -----------   10: base::do.call
{shiny}      R  stderr -----------    9: base::saveRDS
{shiny}      R  stderr -----------    8: base::withCallingHandlers
{shiny}      R  stderr -----------    7: doTryCatch
{shiny}      R  stderr -----------    6: tryCatchOne
{shiny}      R  stderr -----------    5: tryCatchList
{shiny}      R  stderr -----------    2: tryCatchList
{shiny}      R  stderr -----------    1: base::tryCatch


Caused by error in `app_initialize_()`:
! Shiny app did not become stable in 1e+05ms.
Message: An error occurred while waiting for Shiny to be stable
Caused by error in `app_wait_for_idle()`:
! An error occurred while waiting for Shiny to be stable
Backtrace:
     x
  1. +-teal.modules.clinical (local) app_driver_tm_g_pp_therapy() at test-shinytest2-tm_g_pp_therapy.R:189:5
  2. | \-teal.modules.clinical:::init_teal_app_driver(...) at test-shinytest2-tm_g_pp_therapy.R:31:3
  3. |   +-testthat::with_mocked_bindings(...) at tests/testthat/helper-TealAppDriver.R:7:3
  4. |   \-TealAppDriver$new(...) at tests/testthat/helper-TealAppDriver.R:10:7
  5. |     \-teal (local) initialize(...)
  6. |       +-base::suppressWarnings(...)
  7. |       | \-base::withCallingHandlers(...)
  8. |       \-super$initialize(...)
  9. |         \-shinytest2:::app_initialize(...)
 10. |           +-base::withCallingHandlers(...)
 11. |           \-shinytest2:::app_initialize_(self, private, ..., view = view)
 12. |             +-base::withCallingHandlers(...)
 13. |             \-self$wait_for_idle(duration = 200, timeout = private$load_timeout)
 14. |               \-shinytest2:::app_wait_for_idle(...)
 15. |                 \-shinytest2:::app_abort(self, private, "An error occurred while waiting for Shiny to be stable")
 16. |                   \-rlang::abort(..., app = self, call = call)
 17. |                     \-rlang:::signal_abort(cnd, .file)
 18. |                       \-base::signalCondition(cnd)
 19. +-shinytest2 (local) `&lt;fn&gt;`(`&lt;rlng_rrr&gt;`)
 20. | \-shinytest2:::app_abort(...)
 21. |   \-rlang::abort(..., app = self, call = call)
 22. |     \-rlang:::signal_abort(cnd, .file)
 23. |       \-base::signalCondition(cnd)
 24. \-shinytest2 (local) `&lt;fn&gt;`(`&lt;rlng_rrr&gt;`)
 25.   \-shinytest2:::app_abort(...)
 26.     \-rlang::abort(..., app = self, call = call)</error>
    </testcase>
    <testcase time="102.961" classname="shinytest2_tm_g_pp_therapy" name="e2e_tm_g_pp_therapy_Selection_of_cmroute_changes_the_element_and_does_not_throw_validation_errors">
      <error type="error" message="Error in `app_initialize(self, private, app_dir = app_dir, ..., load_timeout = load_timeout,  ('test-shinytest2-tm_g_pp_therapy.R:162:9')">Error in `app_initialize(self, private, app_dir = app_dir, ..., load_timeout = load_timeout, 
    timeout = timeout, wait = wait, expect_values_screenshot_args = expect_values_screenshot_args, 
    screenshot_args = screenshot_args, check_names = check_names, 
    name = name, variant = variant, view = view, height = height, 
    width = width, seed = seed, clean_logs = clean_logs, shiny_args = shiny_args, 
    render_args = render_args, options = options)`: Shiny app did not become stable in 1e+05ms.
Message: An error occurred while waiting for Shiny to be stable
Caused by error in `app_wait_for_idle()`:
! An error occurred while waiting for Shiny to be stable


i You can inspect the failed AppDriver object via `rlang::last_error()$app`
i AppDriver logs:
{shinytest2} R  info   17:55:20.73 Start AppDriver initialization
{shinytest2} R  info   17:55:20.76 Starting Shiny app
{shinytest2} R  info   17:55:22.78 Creating new ChromoteSession
{shinytest2} R  info   17:55:22.81 Navigating to Shiny app
{shinytest2} R  info   17:55:22.91 Injecting shiny-tracer.js
{chromote}   JS info   17:55:22.91 shinytest2; jQuery not found
{chromote}   JS info   17:55:22.92 shinytest2; Loaded
{shinytest2} R  info   17:55:22.92 Waiting for Shiny to become ready
{chromote}   JS info   17:55:23.01 shinytest2; jQuery found
{chromote}   JS info   17:55:23.01 shinytest2; Waiting for shiny session to connect
{chromote}   JS info   17:55:23.13 shinytest2; Connected
{chromote}   JS info   17:55:23.17 shinytest2; shiny:busy
{shinytest2} R  info   17:55:23.23 Waiting for Shiny to become idle for 200ms within 1e+05ms
{chromote}   JS info   17:55:23.23 shinytest2; Waiting for Shiny to be stable
{chromote}   JS info   17:55:24.43 shinytest2; shiny:idle
{chromote}   JS info   17:55:24.43 shinytest2; shiny:value teal-identifier
{chromote}   JS info   17:55:24.43 shinytest2; shiny:value error
{chromote}   JS info   17:55:24.43 shinytest2; shiny:busy
{chromote}   JS info   17:55:24.43 shinytest2; shiny:idle
{chromote}   JS info   17:55:24.45 shinytest2; shiny:busy
{shinytest2} R  info   17:57:03.24 Error while initializing AppDriver:
                                   Shiny app did not become stable in 1e+05ms.
                                   Message: An error occurred while waiting for Shiny to be stable
                                   Caused by error in `app_wait_for_idle()`:
                                   ! An error occurred while waiting for Shiny to be stable
{shiny}      R  stderr ----------- Loading required package: shiny
{shiny}      R  stderr ----------- Attempting to load the environment ‘package:dplyr’
{shiny}      R  stderr ----------- 
{shiny}      R  stderr ----------- Attaching package: ‘dplyr’
{shiny}      R  stderr ----------- 
{shiny}      R  stderr ----------- The following objects are masked from ‘package:stats’:
{shiny}      R  stderr ----------- 
{shiny}      R  stderr -----------     filter, lag
{shiny}      R  stderr ----------- 
{shiny}      R  stderr ----------- The following objects are masked from ‘package:base’:
{shiny}      R  stderr ----------- 
{shiny}      R  stderr -----------     intersect, setdiff, setequal, union
{shiny}      R  stderr ----------- 
{shiny}      R  stderr ----------- Loading required package: teal
{shiny}      R  stderr ----------- Loading required package: teal.data
{shiny}      R  stderr ----------- Loading required package: teal.code
{shiny}      R  stderr ----------- Loading required package: teal.slice
{shiny}      R  stderr ----------- 
{shiny}      R  stderr ----------- You are using teal version 0.15.2.9031
{shiny}      R  stderr ----------- 
{shiny}      R  stderr ----------- Attaching package: ‘teal’
{shiny}      R  stderr ----------- 
{shiny}      R  stderr ----------- The following objects are masked from ‘package:teal.slice’:
{shiny}      R  stderr ----------- 
{shiny}      R  stderr -----------     as.teal_slices, teal_slices
{shiny}      R  stderr ----------- 
{shiny}      R  stderr ----------- Loading required package: teal.transform
{shiny}      R  stderr ----------- Loading required package: tern
{shiny}      R  stderr ----------- Loading required package: rtables
{shiny}      R  stderr ----------- Loading required package: formatters
{shiny}      R  stderr ----------- Loading required package: magrittr
{shiny}      R  stderr ----------- 
{shiny}      R  stderr ----------- Attaching package: ‘rtables’
{shiny}      R  stderr ----------- 
{shiny}      R  stderr ----------- The following object is masked from ‘package:utils’:
{shiny}      R  stderr ----------- 
{shiny}      R  stderr -----------     str
{shiny}      R  stderr ----------- 
{shiny}      R  stderr ----------- Running application in test mode.
{shiny}      R  stderr ----------- 
{shiny}      R  stderr ----------- Listening on http://127.0.0.1:6652
{shiny}      R  stderr ----------- Initializing reporter_previewer_module
{shiny}      R  stderr ----------- Warning: Error in &lt;Anonymous&gt;: error in evaluating the argument 'code' in selecting a method for function 'eval_code': Assertion on 'subset' failed: Must be a subset of {'','USUBJID','STUDYID','CMCLAS','CMDECOD','ATIREL','CMCAT','COUNTRY','SITEID','SUBJID','AGE','SEX','ARMCD','ARM','ACTARMCD','ACTARM','RACE','TRTSDTM','TRTEDTM','EOSDY','EOSDT','STRATA1','STRATA2','BMRKR1','BMRKR2','REGION1','SAFFL','EOSSTT','EOTSTT','DCSREAS','DTHDT','ASTDTM','ASTDY','AENDTM','AENDY','CMSEQ','ATC1','ATC2','ATC3','ATC4','CMINDC','CMDOSE','CMTRT','CMDOSU','CMROUTE','CMDOSFRQ','CMASTDTM','CMAENDTM','ATIREL2','CMDECOD2','CMINDC2','CMDOSE2','CMDOSU2','CMROUTE2','CMDOSFRQ2','ASTDY2','AENDY2'}, but has additional elements {'CMTRT2'}.
{shiny}      R  stderr -----------   241: &lt;Anonymous&gt;
{shiny}      R  stderr -----------   240: stop
{shiny}      R  stderr -----------   239: mstop
{shiny}      R  stderr -----------   238: makeAssertion
{shiny}      R  stderr -----------   237: checkmate::assert_subset
{shiny}      R  stderr -----------   236: variable_choices.data.frame
{shiny}      R  stderr -----------   233: resolve.delayed_variable_choices
{shiny}      R  stderr -----------   231: resolve.delayed_select_spec
{shiny}      R  stderr -----------   229: resolve.delayed_data_extract_spec
{shiny}      R  stderr -----------   227: resolve_delayed.list
{shiny}      R  stderr -----------   213: module
{shiny}      R  stderr -----------   208: callModule
{shiny}      R  stderr -----------   207: moduleServer
{shiny}      R  stderr -----------   206: data_extract_single_srv
{shiny}      R  stderr -----------   205: FUN
{shiny}      R  stderr -----------   204: lapply
{shiny}      R  stderr -----------   203: module
{shiny}      R  stderr -----------   198: callModule
{shiny}      R  stderr -----------   197: moduleServer
{shiny}      R  stderr -----------   196: data_extract_srv.list
{shiny}      R  stderr -----------   194: FUN
{shiny}      R  stderr -----------   193: lapply
{shiny}      R  stderr -----------   192: sapply
{shiny}      R  stderr -----------   191: &lt;reactive&gt;
{shiny}      R  stderr -----------   175: selector_list
{shiny}      R  stderr -----------   170: &lt;reactive&gt;
{shiny}      R  stderr -----------   154: anl_inputs
{shiny}      R  stderr -----------   153: as.expression
{shiny}      R  stderr -----------   152: teal.code::eval_code
{shiny}      R  stderr -----------   151: %&gt;%
{shiny}      R  stderr -----------   150: &lt;reactive&gt;
{shiny}      R  stderr -----------   134: merged$anl_q
{shiny}      R  stderr -----------   128: &lt;reactive&gt;
{shiny}      R  stderr -----------   112: all_q
{shiny}      R  stderr -----------   110: renderText
{shiny}      R  stderr -----------   109: func
{shiny}      R  stderr -----------    96: renderFunc
{shiny}      R  stderr -----------    95: output$teal-main_ui-root-therapy__e2e_-module-title
{shiny}      R  stderr -----------    14: &lt;Anonymous&gt;
{shiny}      R  stderr -----------    12: &lt;Anonymous&gt;
{shiny}      R  stderr -----------    11: &lt;Anonymous&gt;
{shiny}      R  stderr -----------    10: base::do.call
{shiny}      R  stderr -----------     9: base::saveRDS
{shiny}      R  stderr -----------     8: base::withCallingHandlers
{shiny}      R  stderr -----------     7: doTryCatch
{shiny}      R  stderr -----------     6: tryCatchOne
{shiny}      R  stderr -----------     5: tryCatchList
{shiny}      R  stderr -----------     2: tryCatchList
{shiny}      R  stderr -----------     1: base::tryCatch
{shiny}      R  stderr ----------- Warning: Error in &lt;Anonymous&gt;: error in evaluating the argument 'code' in selecting a method for function 'eval_code': Assertion on 'subset' failed: Must be a subset of {'','USUBJID','STUDYID','CMCLAS','CMDECOD','ATIREL','CMCAT','COUNTRY','SITEID','SUBJID','AGE','SEX','ARMCD','ARM','ACTARMCD','ACTARM','RACE','TRTSDTM','TRTEDTM','EOSDY','EOSDT','STRATA1','STRATA2','BMRKR1','BMRKR2','REGION1','SAFFL','EOSSTT','EOTSTT','DCSREAS','DTHDT','ASTDTM','ASTDY','AENDTM','AENDY','CMSEQ','ATC1','ATC2','ATC3','ATC4','CMINDC','CMDOSE','CMTRT','CMDOSU','CMROUTE','CMDOSFRQ','CMASTDTM','CMAENDTM','ATIREL2','CMDECOD2','CMINDC2','CMDOSE2','CMDOSU2','CMROUTE2','CMDOSFRQ2','ASTDY2','AENDY2'}, but has additional elements {'CMTRT2'}.
{shiny}      R  stderr -----------   122: &lt;Anonymous&gt;
{shiny}      R  stderr -----------   121: stop
{shiny}      R  stderr -----------   120: all_q
{shiny}      R  stderr -----------   117: exprFunc
{shiny}      R  stderr -----------   116: widgetFunc
{shiny}      R  stderr -----------   115: ::
{shiny}      R  stderr ----------- htmlwidgets
{shiny}      R  stderr ----------- shinyRenderWidget
{shiny}      R  stderr -----------   114: func
{shiny}      R  stderr -----------   101: renderFunc
{shiny}      R  stderr -----------   100: renderFunc
{shiny}      R  stderr -----------    96: renderFunc
{shiny}      R  stderr -----------    95: output$teal-main_ui-root-therapy__e2e_-module-therapy_table
{shiny}      R  stderr -----------    14: &lt;Anonymous&gt;
{shiny}      R  stderr -----------    12: &lt;Anonymous&gt;
{shiny}      R  stderr -----------    11: &lt;Anonymous&gt;
{shiny}      R  stderr -----------    10: base::do.call
{shiny}      R  stderr -----------     9: base::saveRDS
{shiny}      R  stderr -----------     8: base::withCallingHandlers
{shiny}      R  stderr -----------     7: doTryCatch
{shiny}      R  stderr -----------     6: tryCatchOne
{shiny}      R  stderr -----------     5: tryCatchList
{shiny}      R  stderr -----------     2: tryCatchList
{shiny}      R  stderr -----------     1: base::tryCatch
{shiny}      R  stderr ----------- Warning: Error in variable_choices.data.frame: Assertion on 'subset' failed: Must be a subset of {'','USUBJID','STUDYID','CMCLAS','CMDECOD','ATIREL','CMCAT','COUNTRY','SITEID','SUBJID','AGE','SEX','ARMCD','ARM','ACTARMCD','ACTARM','RACE','TRTSDTM','TRTEDTM','EOSDY','EOSDT','STRATA1','STRATA2','BMRKR1','BMRKR2','REGION1','SAFFL','EOSSTT','EOTSTT','DCSREAS','DTHDT','ASTDTM','ASTDY','AENDTM','AENDY','CMSEQ','ATC1','ATC2','ATC3','ATC4','CMINDC','CMDOSE','CMTRT','CMDOSU','CMROUTE','CMDOSFRQ','CMASTDTM','CMAENDTM','ATIREL2','CMDECOD2','CMINDC2','CMDOSE2','CMDOSU2','CMROUTE2','CMDOSFRQ2','ASTDY2','AENDY2'}, but has additional elements {'CMTRT2'}.
{shiny}      R  stderr -----------   162: &lt;Anonymous&gt;
{shiny}      R  stderr -----------   161: stop
{shiny}      R  stderr -----------   160: selector_list
{shiny}      R  stderr -----------   159: teal.transform::compose_and_enable_validators
{shiny}      R  stderr -----------   158: &lt;reactive&gt;
{shiny}      R  stderr -----------   142: iv_r
{shiny}      R  stderr -----------   135: &lt;reactive&gt;
{shiny}      R  stderr -----------   119: plot_r
{shiny}      R  stderr -----------   110: renderUI
{shiny}      R  stderr -----------   109: func
{shiny}      R  stderr -----------    96: renderFunc
{shiny}      R  stderr -----------    95: output$teal-main_ui-root-therapy__e2e_-module-therapy_plot-plot_out_main
{shiny}      R  stderr -----------    14: &lt;Anonymous&gt;
{shiny}      R  stderr -----------    12: &lt;Anonymous&gt;
{shiny}      R  stderr -----------    11: &lt;Anonymous&gt;
{shiny}      R  stderr -----------    10: base::do.call
{shiny}      R  stderr -----------     9: base::saveRDS
{shiny}      R  stderr -----------     8: base::withCallingHandlers
{shiny}      R  stderr -----------     7: doTryCatch
{shiny}      R  stderr -----------     6: tryCatchOne
{shiny}      R  stderr -----------     5: tryCatchList
{shiny}      R  stderr -----------     2: tryCatchList
{shiny}      R  stderr -----------     1: base::tryCatch
{shiny}      R  stderr ----------- Warning: Error in &lt;Anonymous&gt;: error in evaluating the argument 'code' in selecting a method for function 'eval_code': Assertion on 'subset' failed: Must be a subset of {'','USUBJID','STUDYID','CMCLAS','CMDECOD','ATIREL','CMCAT','COUNTRY','SITEID','SUBJID','AGE','SEX','ARMCD','ARM','ACTARMCD','ACTARM','RACE','TRTSDTM','TRTEDTM','EOSDY','EOSDT','STRATA1','STRATA2','BMRKR1','BMRKR2','REGION1','SAFFL','EOSSTT','EOTSTT','DCSREAS','DTHDT','ASTDTM','ASTDY','AENDTM','AENDY','CMSEQ','ATC1','ATC2','ATC3','ATC4','CMINDC','CMDOSE','CMTRT','CMDOSU','CMROUTE','CMDOSFRQ','CMASTDTM','CMAENDTM','ATIREL2','CMDECOD2','CMINDC2','CMDOSE2','CMDOSU2','CMROUTE2','CMDOSFRQ2','ASTDY2','AENDY2'}, but has additional elements {'CMTRT2'}.
{shiny}      R  stderr -----------   14: &lt;Anonymous&gt;
{shiny}      R  stderr -----------   12: &lt;Anonymous&gt;
{shiny}      R  stderr -----------   11: &lt;Anonymous&gt;
{shiny}      R  stderr -----------   10: base::do.call
{shiny}      R  stderr -----------    9: base::saveRDS
{shiny}      R  stderr -----------    8: base::withCallingHandlers
{shiny}      R  stderr -----------    7: doTryCatch
{shiny}      R  stderr -----------    6: tryCatchOne
{shiny}      R  stderr -----------    5: tryCatchList
{shiny}      R  stderr -----------    2: tryCatchList
{shiny}      R  stderr -----------    1: base::tryCatch


Caused by error in `app_initialize_()`:
! Shiny app did not become stable in 1e+05ms.
Message: An error occurred while waiting for Shiny to be stable
Caused by error in `app_wait_for_idle()`:
! An error occurred while waiting for Shiny to be stable
Backtrace:
     x
  1. +-teal.modules.clinical (local) app_driver_tm_g_pp_therapy() at test-shinytest2-tm_g_pp_therapy.R:162:9
  2. | \-teal.modules.clinical:::init_teal_app_driver(...) at test-shinytest2-tm_g_pp_therapy.R:31:3
  3. |   +-testthat::with_mocked_bindings(...) at tests/testthat/helper-TealAppDriver.R:7:3
  4. |   \-TealAppDriver$new(...) at tests/testthat/helper-TealAppDriver.R:10:7
  5. |     \-teal (local) initialize(...)
  6. |       +-base::suppressWarnings(...)
  7. |       | \-base::withCallingHandlers(...)
  8. |       \-super$initialize(...)
  9. |         \-shinytest2:::app_initialize(...)
 10. |           +-base::withCallingHandlers(...)
 11. |           \-shinytest2:::app_initialize_(self, private, ..., view = view)
 12. |             +-base::withCallingHandlers(...)
 13. |             \-self$wait_for_idle(duration = 200, timeout = private$load_timeout)
 14. |               \-shinytest2:::app_wait_for_idle(...)
 15. |                 \-shinytest2:::app_abort(self, private, "An error occurred while waiting for Shiny to be stable")
 16. |                   \-rlang::abort(..., app = self, call = call)
 17. |                     \-rlang:::signal_abort(cnd, .file)
 18. |                       \-base::signalCondition(cnd)
 19. +-shinytest2 (local) `&lt;fn&gt;`(`&lt;rlng_rrr&gt;`)
 20. | \-shinytest2:::app_abort(...)
 21. |   \-rlang::abort(..., app = self, call = call)
 22. |     \-rlang:::signal_abort(cnd, .file)
 23. |       \-base::signalCondition(cnd)
 24. \-shinytest2 (local) `&lt;fn&gt;`(`&lt;rlng_rrr&gt;`)
 25.   \-shinytest2:::app_abort(...)
 26.     \-rlang::abort(..., app = self, call = call)</error>
    </testcase>
    <testcase time="102.968" classname="shinytest2_tm_g_pp_therapy" name="e2e_tm_g_pp_therapy_Deselection_of_cmroute_dataset_ADCM_singleextract_select_throws_validation_error.">
      <error type="error" message="Error in `app_initialize(self, private, app_dir = app_dir, ..., load_timeout = load_timeout,  ('test-shinytest2-tm_g_pp_therapy.R:189:5')">Error in `app_initialize(self, private, app_dir = app_dir, ..., load_timeout = load_timeout, 
    timeout = timeout, wait = wait, expect_values_screenshot_args = expect_values_screenshot_args, 
    screenshot_args = screenshot_args, check_names = check_names, 
    name = name, variant = variant, view = view, height = height, 
    width = width, seed = seed, clean_logs = clean_logs, shiny_args = shiny_args, 
    render_args = render_args, options = options)`: Shiny app did not become stable in 1e+05ms.
Message: An error occurred while waiting for Shiny to be stable
Caused by error in `app_wait_for_idle()`:
! An error occurred while waiting for Shiny to be stable


i You can inspect the failed AppDriver object via `rlang::last_error()$app`
i AppDriver logs:
{shinytest2} R  info   17:57:03.68 Start AppDriver initialization
{shinytest2} R  info   17:57:03.71 Starting Shiny app
{shinytest2} R  info   17:57:05.74 Creating new ChromoteSession
{shinytest2} R  info   17:57:05.76 Navigating to Shiny app
{shinytest2} R  info   17:57:05.87 Injecting shiny-tracer.js
{chromote}   JS info   17:57:05.88 shinytest2; jQuery not found
{chromote}   JS info   17:57:05.88 shinytest2; Loaded
{shinytest2} R  info   17:57:05.88 Waiting for Shiny to become ready
{chromote}   JS info   17:57:05.97 shinytest2; jQuery found
{chromote}   JS info   17:57:05.97 shinytest2; Waiting for shiny session to connect
{chromote}   JS info   17:57:06.09 shinytest2; Connected
{chromote}   JS info   17:57:06.13 shinytest2; shiny:busy
{shinytest2} R  info   17:57:06.19 Waiting for Shiny to become idle for 200ms within 1e+05ms
{chromote}   JS info   17:57:06.19 shinytest2; Waiting for Shiny to be stable
{chromote}   JS info   17:57:07.39 shinytest2; shiny:idle
{chromote}   JS info   17:57:07.39 shinytest2; shiny:value teal-identifier
{chromote}   JS info   17:57:07.39 shinytest2; shiny:value error
{chromote}   JS info   17:57:07.40 shinytest2; shiny:busy
{chromote}   JS info   17:57:07.40 shinytest2; shiny:idle
{chromote}   JS info   17:57:07.42 shinytest2; shiny:busy
{shinytest2} R  info   17:58:46.20 Error while initializing AppDriver:
                                   Shiny app did not become stable in 1e+05ms.
                                   Message: An error occurred while waiting for Shiny to be stable
                                   Caused by error in `app_wait_for_idle()`:
                                   ! An error occurred while waiting for Shiny to be stable
{shiny}      R  stderr ----------- Loading required package: shiny
{shiny}      R  stderr ----------- Attempting to load the environment ‘package:dplyr’
{shiny}      R  stderr ----------- 
{shiny}      R  stderr ----------- Attaching package: ‘dplyr’
{shiny}      R  stderr ----------- 
{shiny}      R  stderr ----------- The following objects are masked from ‘package:stats’:
{shiny}      R  stderr ----------- 
{shiny}      R  stderr -----------     filter, lag
{shiny}      R  stderr ----------- 
{shiny}      R  stderr ----------- The following objects are masked from ‘package:base’:
{shiny}      R  stderr ----------- 
{shiny}      R  stderr -----------     intersect, setdiff, setequal, union
{shiny}      R  stderr ----------- 
{shiny}      R  stderr ----------- Loading required package: teal
{shiny}      R  stderr ----------- Loading required package: teal.data
{shiny}      R  stderr ----------- Loading required package: teal.code
{shiny}      R  stderr ----------- Loading required package: teal.slice
{shiny}      R  stderr ----------- 
{shiny}      R  stderr ----------- You are using teal version 0.15.2.9031
{shiny}      R  stderr ----------- 
{shiny}      R  stderr ----------- Attaching package: ‘teal’
{shiny}      R  stderr ----------- 
{shiny}      R  stderr ----------- The following objects are masked from ‘package:teal.slice’:
{shiny}      R  stderr ----------- 
{shiny}      R  stderr -----------     as.teal_slices, teal_slices
{shiny}      R  stderr ----------- 
{shiny}      R  stderr ----------- Loading required package: teal.transform
{shiny}      R  stderr ----------- Loading required package: tern
{shiny}      R  stderr ----------- Loading required package: rtables
{shiny}      R  stderr ----------- Loading required package: formatters
{shiny}      R  stderr ----------- Loading required package: magrittr
{shiny}      R  stderr ----------- 
{shiny}      R  stderr ----------- Attaching package: ‘rtables’
{shiny}      R  stderr ----------- 
{shiny}      R  stderr ----------- The following object is masked from ‘package:utils’:
{shiny}      R  stderr ----------- 
{shiny}      R  stderr -----------     str
{shiny}      R  stderr ----------- 
{shiny}      R  stderr ----------- Running application in test mode.
{shiny}      R  stderr ----------- 
{shiny}      R  stderr ----------- Listening on http://127.0.0.1:3357
{shiny}      R  stderr ----------- Initializing reporter_previewer_module
{shiny}      R  stderr ----------- Warning: Error in &lt;Anonymous&gt;: error in evaluating the argument 'code' in selecting a method for function 'eval_code': Assertion on 'subset' failed: Must be a subset of {'','USUBJID','STUDYID','CMCLAS','CMDECOD','ATIREL','CMCAT','COUNTRY','SITEID','SUBJID','AGE','SEX','ARMCD','ARM','ACTARMCD','ACTARM','RACE','TRTSDTM','TRTEDTM','EOSDY','EOSDT','STRATA1','STRATA2','BMRKR1','BMRKR2','REGION1','SAFFL','EOSSTT','EOTSTT','DCSREAS','DTHDT','ASTDTM','ASTDY','AENDTM','AENDY','CMSEQ','ATC1','ATC2','ATC3','ATC4','CMINDC','CMDOSE','CMTRT','CMDOSU','CMROUTE','CMDOSFRQ','CMASTDTM','CMAENDTM','ATIREL2','CMDECOD2','CMINDC2','CMDOSE2','CMDOSU2','CMROUTE2','CMDOSFRQ2','ASTDY2','AENDY2'}, but has additional elements {'CMTRT2'}.
{shiny}      R  stderr -----------   241: &lt;Anonymous&gt;
{shiny}      R  stderr -----------   240: stop
{shiny}      R  stderr -----------   239: mstop
{shiny}      R  stderr -----------   238: makeAssertion
{shiny}      R  stderr -----------   237: checkmate::assert_subset
{shiny}      R  stderr -----------   236: variable_choices.data.frame
{shiny}      R  stderr -----------   233: resolve.delayed_variable_choices
{shiny}      R  stderr -----------   231: resolve.delayed_select_spec
{shiny}      R  stderr -----------   229: resolve.delayed_data_extract_spec
{shiny}      R  stderr -----------   227: resolve_delayed.list
{shiny}      R  stderr -----------   213: module
{shiny}      R  stderr -----------   208: callModule
{shiny}      R  stderr -----------   207: moduleServer
{shiny}      R  stderr -----------   206: data_extract_single_srv
{shiny}      R  stderr -----------   205: FUN
{shiny}      R  stderr -----------   204: lapply
{shiny}      R  stderr -----------   203: module
{shiny}      R  stderr -----------   198: callModule
{shiny}      R  stderr -----------   197: moduleServer
{shiny}      R  stderr -----------   196: data_extract_srv.list
{shiny}      R  stderr -----------   194: FUN
{shiny}      R  stderr -----------   193: lapply
{shiny}      R  stderr -----------   192: sapply
{shiny}      R  stderr -----------   191: &lt;reactive&gt;
{shiny}      R  stderr -----------   175: selector_list
{shiny}      R  stderr -----------   170: &lt;reactive&gt;
{shiny}      R  stderr -----------   154: anl_inputs
{shiny}      R  stderr -----------   153: as.expression
{shiny}      R  stderr -----------   152: teal.code::eval_code
{shiny}      R  stderr -----------   151: %&gt;%
{shiny}      R  stderr -----------   150: &lt;reactive&gt;
{shiny}      R  stderr -----------   134: merged$anl_q
{shiny}      R  stderr -----------   128: &lt;reactive&gt;
{shiny}      R  stderr -----------   112: all_q
{shiny}      R  stderr -----------   110: renderText
{shiny}      R  stderr -----------   109: func
{shiny}      R  stderr -----------    96: renderFunc
{shiny}      R  stderr -----------    95: output$teal-main_ui-root-therapy__e2e_-module-title
{shiny}      R  stderr -----------    14: &lt;Anonymous&gt;
{shiny}      R  stderr -----------    12: &lt;Anonymous&gt;
{shiny}      R  stderr -----------    11: &lt;Anonymous&gt;
{shiny}      R  stderr -----------    10: base::do.call
{shiny}      R  stderr -----------     9: base::saveRDS
{shiny}      R  stderr -----------     8: base::withCallingHandlers
{shiny}      R  stderr -----------     7: doTryCatch
{shiny}      R  stderr -----------     6: tryCatchOne
{shiny}      R  stderr -----------     5: tryCatchList
{shiny}      R  stderr -----------     2: tryCatchList
{shiny}      R  stderr -----------     1: base::tryCatch
{shiny}      R  stderr ----------- Warning: Error in &lt;Anonymous&gt;: error in evaluating the argument 'code' in selecting a method for function 'eval_code': Assertion on 'subset' failed: Must be a subset of {'','USUBJID','STUDYID','CMCLAS','CMDECOD','ATIREL','CMCAT','COUNTRY','SITEID','SUBJID','AGE','SEX','ARMCD','ARM','ACTARMCD','ACTARM','RACE','TRTSDTM','TRTEDTM','EOSDY','EOSDT','STRATA1','STRATA2','BMRKR1','BMRKR2','REGION1','SAFFL','EOSSTT','EOTSTT','DCSREAS','DTHDT','ASTDTM','ASTDY','AENDTM','AENDY','CMSEQ','ATC1','ATC2','ATC3','ATC4','CMINDC','CMDOSE','CMTRT','CMDOSU','CMROUTE','CMDOSFRQ','CMASTDTM','CMAENDTM','ATIREL2','CMDECOD2','CMINDC2','CMDOSE2','CMDOSU2','CMROUTE2','CMDOSFRQ2','ASTDY2','AENDY2'}, but has additional elements {'CMTRT2'}.
{shiny}      R  stderr -----------   122: &lt;Anonymous&gt;
{shiny}      R  stderr -----------   121: stop
{shiny}      R  stderr -----------   120: all_q
{shiny}      R  stderr -----------   117: exprFunc
{shiny}      R  stderr -----------   116: widgetFunc
{shiny}      R  stderr -----------   115: ::
{shiny}      R  stderr ----------- htmlwidgets
{shiny}      R  stderr ----------- shinyRenderWidget
{shiny}      R  stderr -----------   114: func
{shiny}      R  stderr -----------   101: renderFunc
{shiny}      R  stderr -----------   100: renderFunc
{shiny}      R  stderr -----------    96: renderFunc
{shiny}      R  stderr -----------    95: output$teal-main_ui-root-therapy__e2e_-module-therapy_table
{shiny}      R  stderr -----------    14: &lt;Anonymous&gt;
{shiny}      R  stderr -----------    12: &lt;Anonymous&gt;
{shiny}      R  stderr -----------    11: &lt;Anonymous&gt;
{shiny}      R  stderr -----------    10: base::do.call
{shiny}      R  stderr -----------     9: base::saveRDS
{shiny}      R  stderr -----------     8: base::withCallingHandlers
{shiny}      R  stderr -----------     7: doTryCatch
{shiny}      R  stderr -----------     6: tryCatchOne
{shiny}      R  stderr -----------     5: tryCatchList
{shiny}      R  stderr -----------     2: tryCatchList
{shiny}      R  stderr -----------     1: base::tryCatch
{shiny}      R  stderr ----------- Warning: Error in variable_choices.data.frame: Assertion on 'subset' failed: Must be a subset of {'','USUBJID','STUDYID','CMCLAS','CMDECOD','ATIREL','CMCAT','COUNTRY','SITEID','SUBJID','AGE','SEX','ARMCD','ARM','ACTARMCD','ACTARM','RACE','TRTSDTM','TRTEDTM','EOSDY','EOSDT','STRATA1','STRATA2','BMRKR1','BMRKR2','REGION1','SAFFL','EOSSTT','EOTSTT','DCSREAS','DTHDT','ASTDTM','ASTDY','AENDTM','AENDY','CMSEQ','ATC1','ATC2','ATC3','ATC4','CMINDC','CMDOSE','CMTRT','CMDOSU','CMROUTE','CMDOSFRQ','CMASTDTM','CMAENDTM','ATIREL2','CMDECOD2','CMINDC2','CMDOSE2','CMDOSU2','CMROUTE2','CMDOSFRQ2','ASTDY2','AENDY2'}, but has additional elements {'CMTRT2'}.
{shiny}      R  stderr -----------   162: &lt;Anonymous&gt;
{shiny}      R  stderr -----------   161: stop
{shiny}      R  stderr -----------   160: selector_list
{shiny}      R  stderr -----------   159: teal.transform::compose_and_enable_validators
{shiny}      R  stderr -----------   158: &lt;reactive&gt;
{shiny}      R  stderr -----------   142: iv_r
{shiny}      R  stderr -----------   135: &lt;reactive&gt;
{shiny}      R  stderr -----------   119: plot_r
{shiny}      R  stderr -----------   110: renderUI
{shiny}      R  stderr -----------   109: func
{shiny}      R  stderr -----------    96: renderFunc
{shiny}      R  stderr -----------    95: output$teal-main_ui-root-therapy__e2e_-module-therapy_plot-plot_out_main
{shiny}      R  stderr -----------    14: &lt;Anonymous&gt;
{shiny}      R  stderr -----------    12: &lt;Anonymous&gt;
{shiny}      R  stderr -----------    11: &lt;Anonymous&gt;
{shiny}      R  stderr -----------    10: base::do.call
{shiny}      R  stderr -----------     9: base::saveRDS
{shiny}      R  stderr -----------     8: base::withCallingHandlers
{shiny}      R  stderr -----------     7: doTryCatch
{shiny}      R  stderr -----------     6: tryCatchOne
{shiny}      R  stderr -----------     5: tryCatchList
{shiny}      R  stderr -----------     2: tryCatchList
{shiny}      R  stderr -----------     1: base::tryCatch
{shiny}      R  stderr ----------- Warning: Error in &lt;Anonymous&gt;: error in evaluating the argument 'code' in selecting a method for function 'eval_code': Assertion on 'subset' failed: Must be a subset of {'','USUBJID','STUDYID','CMCLAS','CMDECOD','ATIREL','CMCAT','COUNTRY','SITEID','SUBJID','AGE','SEX','ARMCD','ARM','ACTARMCD','ACTARM','RACE','TRTSDTM','TRTEDTM','EOSDY','EOSDT','STRATA1','STRATA2','BMRKR1','BMRKR2','REGION1','SAFFL','EOSSTT','EOTSTT','DCSREAS','DTHDT','ASTDTM','ASTDY','AENDTM','AENDY','CMSEQ','ATC1','ATC2','ATC3','ATC4','CMINDC','CMDOSE','CMTRT','CMDOSU','CMROUTE','CMDOSFRQ','CMASTDTM','CMAENDTM','ATIREL2','CMDECOD2','CMINDC2','CMDOSE2','CMDOSU2','CMROUTE2','CMDOSFRQ2','ASTDY2','AENDY2'}, but has additional elements {'CMTRT2'}.
{shiny}      R  stderr -----------   14: &lt;Anonymous&gt;
{shiny}      R  stderr -----------   12: &lt;Anonymous&gt;
{shiny}      R  stderr -----------   11: &lt;Anonymous&gt;
{shiny}      R  stderr -----------   10: base::do.call
{shiny}      R  stderr -----------    9: base::saveRDS
{shiny}      R  stderr -----------    8: base::withCallingHandlers
{shiny}      R  stderr -----------    7: doTryCatch
{shiny}      R  stderr -----------    6: tryCatchOne
{shiny}      R  stderr -----------    5: tryCatchList
{shiny}      R  stderr -----------    2: tryCatchList
{shiny}      R  stderr -----------    1: base::tryCatch


Caused by error in `app_initialize_()`:
! Shiny app did not become stable in 1e+05ms.
Message: An error occurred while waiting for Shiny to be stable
Caused by error in `app_wait_for_idle()`:
! An error occurred while waiting for Shiny to be stable
Backtrace:
     x
  1. +-teal.modules.clinical (local) app_driver_tm_g_pp_therapy() at test-shinytest2-tm_g_pp_therapy.R:189:5
  2. | \-teal.modules.clinical:::init_teal_app_driver(...) at test-shinytest2-tm_g_pp_therapy.R:31:3
  3. |   +-testthat::with_mocked_bindings(...) at tests/testthat/helper-TealAppDriver.R:7:3
  4. |   \-TealAppDriver$new(...) at tests/testthat/helper-TealAppDriver.R:10:7
  5. |     \-teal (local) initialize(...)
  6. |       +-base::suppressWarnings(...)
  7. |       | \-base::withCallingHandlers(...)
  8. |       \-super$initialize(...)
  9. |         \-shinytest2:::app_initialize(...)
 10. |           +-base::withCallingHandlers(...)
 11. |           \-shinytest2:::app_initialize_(self, private, ..., view = view)
 12. |             +-base::withCallingHandlers(...)
 13. |             \-self$wait_for_idle(duration = 200, timeout = private$load_timeout)
 14. |               \-shinytest2:::app_wait_for_idle(...)
 15. |                 \-shinytest2:::app_abort(self, private, "An error occurred while waiting for Shiny to be stable")
 16. |                   \-rlang::abort(..., app = self, call = call)
 17. |                     \-rlang:::signal_abort(cnd, .file)
 18. |                       \-base::signalCondition(cnd)
 19. +-shinytest2 (local) `&lt;fn&gt;`(`&lt;rlng_rrr&gt;`)
 20. | \-shinytest2:::app_abort(...)
 21. |   \-rlang::abort(..., app = self, call = call)
 22. |     \-rlang:::signal_abort(cnd, .file)
 23. |       \-base::signalCondition(cnd)
 24. \-shinytest2 (local) `&lt;fn&gt;`(`&lt;rlng_rrr&gt;`)
 25.   \-shinytest2:::app_abort(...)
 26.     \-rlang::abort(..., app = self, call = call)</error>
    </testcase>
    <testcase time="102.979" classname="shinytest2_tm_g_pp_therapy" name="e2e_tm_g_pp_therapy_Selection_of_cmdosfrq_changes_the_element_and_does_not_throw_validation_errors">
      <error type="error" message="Error in `app_initialize(self, private, app_dir = app_dir, ..., load_timeout = load_timeout,  ('test-shinytest2-tm_g_pp_therapy.R:162:9')">Error in `app_initialize(self, private, app_dir = app_dir, ..., load_timeout = load_timeout, 
    timeout = timeout, wait = wait, expect_values_screenshot_args = expect_values_screenshot_args, 
    screenshot_args = screenshot_args, check_names = check_names, 
    name = name, variant = variant, view = view, height = height, 
    width = width, seed = seed, clean_logs = clean_logs, shiny_args = shiny_args, 
    render_args = render_args, options = options)`: Shiny app did not become stable in 1e+05ms.
Message: An error occurred while waiting for Shiny to be stable
Caused by error in `app_wait_for_idle()`:
! An error occurred while waiting for Shiny to be stable


i You can inspect the failed AppDriver object via `rlang::last_error()$app`
i AppDriver logs:
{shinytest2} R  info   17:58:46.65 Start AppDriver initialization
{shinytest2} R  info   17:58:46.68 Starting Shiny app
{shinytest2} R  info   17:58:48.70 Creating new ChromoteSession
{shinytest2} R  info   17:58:48.72 Navigating to Shiny app
{shinytest2} R  info   17:58:48.85 Injecting shiny-tracer.js
{chromote}   JS info   17:58:48.86 shinytest2; jQuery not found
{chromote}   JS info   17:58:48.86 shinytest2; Loaded
{shinytest2} R  info   17:58:48.86 Waiting for Shiny to become ready
{chromote}   JS info   17:58:48.95 shinytest2; jQuery found
{chromote}   JS info   17:58:48.95 shinytest2; Waiting for shiny session to connect
{chromote}   JS info   17:58:49.07 shinytest2; Connected
{chromote}   JS info   17:58:49.12 shinytest2; shiny:busy
{shinytest2} R  info   17:58:49.17 Waiting for Shiny to become idle for 200ms within 1e+05ms
{chromote}   JS info   17:58:49.17 shinytest2; Waiting for Shiny to be stable
{chromote}   JS info   17:58:50.34 shinytest2; shiny:idle
{chromote}   JS info   17:58:50.35 shinytest2; shiny:value teal-identifier
{chromote}   JS info   17:58:50.35 shinytest2; shiny:value error
{chromote}   JS info   17:58:50.35 shinytest2; shiny:busy
{chromote}   JS info   17:58:50.35 shinytest2; shiny:idle
{chromote}   JS info   17:58:50.37 shinytest2; shiny:busy
{shinytest2} R  info   18:00:29.18 Error while initializing AppDriver:
                                   Shiny app did not become stable in 1e+05ms.
                                   Message: An error occurred while waiting for Shiny to be stable
                                   Caused by error in `app_wait_for_idle()`:
                                   ! An error occurred while waiting for Shiny to be stable
{shiny}      R  stderr ----------- Loading required package: shiny
{shiny}      R  stderr ----------- Attempting to load the environment ‘package:dplyr’
{shiny}      R  stderr ----------- 
{shiny}      R  stderr ----------- Attaching package: ‘dplyr’
{shiny}      R  stderr ----------- 
{shiny}      R  stderr ----------- The following objects are masked from ‘package:stats’:
{shiny}      R  stderr ----------- 
{shiny}      R  stderr -----------     filter, lag
{shiny}      R  stderr ----------- 
{shiny}      R  stderr ----------- The following objects are masked from ‘package:base’:
{shiny}      R  stderr ----------- 
{shiny}      R  stderr -----------     intersect, setdiff, setequal, union
{shiny}      R  stderr ----------- 
{shiny}      R  stderr ----------- Loading required package: teal
{shiny}      R  stderr ----------- Loading required package: teal.data
{shiny}      R  stderr ----------- Loading required package: teal.code
{shiny}      R  stderr ----------- Loading required package: teal.slice
{shiny}      R  stderr ----------- 
{shiny}      R  stderr ----------- You are using teal version 0.15.2.9031
{shiny}      R  stderr ----------- 
{shiny}      R  stderr ----------- Attaching package: ‘teal’
{shiny}      R  stderr ----------- 
{shiny}      R  stderr ----------- The following objects are masked from ‘package:teal.slice’:
{shiny}      R  stderr ----------- 
{shiny}      R  stderr -----------     as.teal_slices, teal_slices
{shiny}      R  stderr ----------- 
{shiny}      R  stderr ----------- Loading required package: teal.transform
{shiny}      R  stderr ----------- Loading required package: tern
{shiny}      R  stderr ----------- Loading required package: rtables
{shiny}      R  stderr ----------- Loading required package: formatters
{shiny}      R  stderr ----------- Loading required package: magrittr
{shiny}      R  stderr ----------- 
{shiny}      R  stderr ----------- Attaching package: ‘rtables’
{shiny}      R  stderr ----------- 
{shiny}      R  stderr ----------- The following object is masked from ‘package:utils’:
{shiny}      R  stderr ----------- 
{shiny}      R  stderr -----------     str
{shiny}      R  stderr ----------- 
{shiny}      R  stderr ----------- Running application in test mode.
{shiny}      R  stderr ----------- 
{shiny}      R  stderr ----------- Listening on http://127.0.0.1:3466
{shiny}      R  stderr ----------- Initializing reporter_previewer_module
{shiny}      R  stderr ----------- Warning: Error in &lt;Anonymous&gt;: error in evaluating the argument 'code' in selecting a method for function 'eval_code': Assertion on 'subset' failed: Must be a subset of {'','USUBJID','STUDYID','CMCLAS','CMDECOD','ATIREL','CMCAT','COUNTRY','SITEID','SUBJID','AGE','SEX','ARMCD','ARM','ACTARMCD','ACTARM','RACE','TRTSDTM','TRTEDTM','EOSDY','EOSDT','STRATA1','STRATA2','BMRKR1','BMRKR2','REGION1','SAFFL','EOSSTT','EOTSTT','DCSREAS','DTHDT','ASTDTM','ASTDY','AENDTM','AENDY','CMSEQ','ATC1','ATC2','ATC3','ATC4','CMINDC','CMDOSE','CMTRT','CMDOSU','CMROUTE','CMDOSFRQ','CMASTDTM','CMAENDTM','ATIREL2','CMDECOD2','CMINDC2','CMDOSE2','CMDOSU2','CMROUTE2','CMDOSFRQ2','ASTDY2','AENDY2'}, but has additional elements {'CMTRT2'}.
{shiny}      R  stderr -----------   241: &lt;Anonymous&gt;
{shiny}      R  stderr -----------   240: stop
{shiny}      R  stderr -----------   239: mstop
{shiny}      R  stderr -----------   238: makeAssertion
{shiny}      R  stderr -----------   237: checkmate::assert_subset
{shiny}      R  stderr -----------   236: variable_choices.data.frame
{shiny}      R  stderr -----------   233: resolve.delayed_variable_choices
{shiny}      R  stderr -----------   231: resolve.delayed_select_spec
{shiny}      R  stderr -----------   229: resolve.delayed_data_extract_spec
{shiny}      R  stderr -----------   227: resolve_delayed.list
{shiny}      R  stderr -----------   213: module
{shiny}      R  stderr -----------   208: callModule
{shiny}      R  stderr -----------   207: moduleServer
{shiny}      R  stderr -----------   206: data_extract_single_srv
{shiny}      R  stderr -----------   205: FUN
{shiny}      R  stderr -----------   204: lapply
{shiny}      R  stderr -----------   203: module
{shiny}      R  stderr -----------   198: callModule
{shiny}      R  stderr -----------   197: moduleServer
{shiny}      R  stderr -----------   196: data_extract_srv.list
{shiny}      R  stderr -----------   194: FUN
{shiny}      R  stderr -----------   193: lapply
{shiny}      R  stderr -----------   192: sapply
{shiny}      R  stderr -----------   191: &lt;reactive&gt;
{shiny}      R  stderr -----------   175: selector_list
{shiny}      R  stderr -----------   170: &lt;reactive&gt;
{shiny}      R  stderr -----------   154: anl_inputs
{shiny}      R  stderr -----------   153: as.expression
{shiny}      R  stderr -----------   152: teal.code::eval_code
{shiny}      R  stderr -----------   151: %&gt;%
{shiny}      R  stderr -----------   150: &lt;reactive&gt;
{shiny}      R  stderr -----------   134: merged$anl_q
{shiny}      R  stderr -----------   128: &lt;reactive&gt;
{shiny}      R  stderr -----------   112: all_q
{shiny}      R  stderr -----------   110: renderText
{shiny}      R  stderr -----------   109: func
{shiny}      R  stderr -----------    96: renderFunc
{shiny}      R  stderr -----------    95: output$teal-main_ui-root-therapy__e2e_-module-title
{shiny}      R  stderr -----------    14: &lt;Anonymous&gt;
{shiny}      R  stderr -----------    12: &lt;Anonymous&gt;
{shiny}      R  stderr -----------    11: &lt;Anonymous&gt;
{shiny}      R  stderr -----------    10: base::do.call
{shiny}      R  stderr -----------     9: base::saveRDS
{shiny}      R  stderr -----------     8: base::withCallingHandlers
{shiny}      R  stderr -----------     7: doTryCatch
{shiny}      R  stderr -----------     6: tryCatchOne
{shiny}      R  stderr -----------     5: tryCatchList
{shiny}      R  stderr -----------     2: tryCatchList
{shiny}      R  stderr -----------     1: base::tryCatch
{shiny}      R  stderr ----------- Warning: Error in &lt;Anonymous&gt;: error in evaluating the argument 'code' in selecting a method for function 'eval_code': Assertion on 'subset' failed: Must be a subset of {'','USUBJID','STUDYID','CMCLAS','CMDECOD','ATIREL','CMCAT','COUNTRY','SITEID','SUBJID','AGE','SEX','ARMCD','ARM','ACTARMCD','ACTARM','RACE','TRTSDTM','TRTEDTM','EOSDY','EOSDT','STRATA1','STRATA2','BMRKR1','BMRKR2','REGION1','SAFFL','EOSSTT','EOTSTT','DCSREAS','DTHDT','ASTDTM','ASTDY','AENDTM','AENDY','CMSEQ','ATC1','ATC2','ATC3','ATC4','CMINDC','CMDOSE','CMTRT','CMDOSU','CMROUTE','CMDOSFRQ','CMASTDTM','CMAENDTM','ATIREL2','CMDECOD2','CMINDC2','CMDOSE2','CMDOSU2','CMROUTE2','CMDOSFRQ2','ASTDY2','AENDY2'}, but has additional elements {'CMTRT2'}.
{shiny}      R  stderr -----------   122: &lt;Anonymous&gt;
{shiny}      R  stderr -----------   121: stop
{shiny}      R  stderr -----------   120: all_q
{shiny}      R  stderr -----------   117: exprFunc
{shiny}      R  stderr -----------   116: widgetFunc
{shiny}      R  stderr -----------   115: ::
{shiny}      R  stderr ----------- htmlwidgets
{shiny}      R  stderr ----------- shinyRenderWidget
{shiny}      R  stderr -----------   114: func
{shiny}      R  stderr -----------   101: renderFunc
{shiny}      R  stderr -----------   100: renderFunc
{shiny}      R  stderr -----------    96: renderFunc
{shiny}      R  stderr -----------    95: output$teal-main_ui-root-therapy__e2e_-module-therapy_table
{shiny}      R  stderr -----------    14: &lt;Anonymous&gt;
{shiny}      R  stderr -----------    12: &lt;Anonymous&gt;
{shiny}      R  stderr -----------    11: &lt;Anonymous&gt;
{shiny}      R  stderr -----------    10: base::do.call
{shiny}      R  stderr -----------     9: base::saveRDS
{shiny}      R  stderr -----------     8: base::withCallingHandlers
{shiny}      R  stderr -----------     7: doTryCatch
{shiny}      R  stderr -----------     6: tryCatchOne
{shiny}      R  stderr -----------     5: tryCatchList
{shiny}      R  stderr -----------     2: tryCatchList
{shiny}      R  stderr -----------     1: base::tryCatch
{shiny}      R  stderr ----------- Warning: Error in variable_choices.data.frame: Assertion on 'subset' failed: Must be a subset of {'','USUBJID','STUDYID','CMCLAS','CMDECOD','ATIREL','CMCAT','COUNTRY','SITEID','SUBJID','AGE','SEX','ARMCD','ARM','ACTARMCD','ACTARM','RACE','TRTSDTM','TRTEDTM','EOSDY','EOSDT','STRATA1','STRATA2','BMRKR1','BMRKR2','REGION1','SAFFL','EOSSTT','EOTSTT','DCSREAS','DTHDT','ASTDTM','ASTDY','AENDTM','AENDY','CMSEQ','ATC1','ATC2','ATC3','ATC4','CMINDC','CMDOSE','CMTRT','CMDOSU','CMROUTE','CMDOSFRQ','CMASTDTM','CMAENDTM','ATIREL2','CMDECOD2','CMINDC2','CMDOSE2','CMDOSU2','CMROUTE2','CMDOSFRQ2','ASTDY2','AENDY2'}, but has additional elements {'CMTRT2'}.
{shiny}      R  stderr -----------   162: &lt;Anonymous&gt;
{shiny}      R  stderr -----------   161: stop
{shiny}      R  stderr -----------   160: selector_list
{shiny}      R  stderr -----------   159: teal.transform::compose_and_enable_validators
{shiny}      R  stderr -----------   158: &lt;reactive&gt;
{shiny}      R  stderr -----------   142: iv_r
{shiny}      R  stderr -----------   135: &lt;reactive&gt;
{shiny}      R  stderr -----------   119: plot_r
{shiny}      R  stderr -----------   110: renderUI
{shiny}      R  stderr -----------   109: func
{shiny}      R  stderr -----------    96: renderFunc
{shiny}      R  stderr -----------    95: output$teal-main_ui-root-therapy__e2e_-module-therapy_plot-plot_out_main
{shiny}      R  stderr -----------    14: &lt;Anonymous&gt;
{shiny}      R  stderr -----------    12: &lt;Anonymous&gt;
{shiny}      R  stderr -----------    11: &lt;Anonymous&gt;
{shiny}      R  stderr -----------    10: base::do.call
{shiny}      R  stderr -----------     9: base::saveRDS
{shiny}      R  stderr -----------     8: base::withCallingHandlers
{shiny}      R  stderr -----------     7: doTryCatch
{shiny}      R  stderr -----------     6: tryCatchOne
{shiny}      R  stderr -----------     5: tryCatchList
{shiny}      R  stderr -----------     2: tryCatchList
{shiny}      R  stderr -----------     1: base::tryCatch
{shiny}      R  stderr ----------- Warning: Error in &lt;Anonymous&gt;: error in evaluating the argument 'code' in selecting a method for function 'eval_code': Assertion on 'subset' failed: Must be a subset of {'','USUBJID','STUDYID','CMCLAS','CMDECOD','ATIREL','CMCAT','COUNTRY','SITEID','SUBJID','AGE','SEX','ARMCD','ARM','ACTARMCD','ACTARM','RACE','TRTSDTM','TRTEDTM','EOSDY','EOSDT','STRATA1','STRATA2','BMRKR1','BMRKR2','REGION1','SAFFL','EOSSTT','EOTSTT','DCSREAS','DTHDT','ASTDTM','ASTDY','AENDTM','AENDY','CMSEQ','ATC1','ATC2','ATC3','ATC4','CMINDC','CMDOSE','CMTRT','CMDOSU','CMROUTE','CMDOSFRQ','CMASTDTM','CMAENDTM','ATIREL2','CMDECOD2','CMINDC2','CMDOSE2','CMDOSU2','CMROUTE2','CMDOSFRQ2','ASTDY2','AENDY2'}, but has additional elements {'CMTRT2'}.
{shiny}      R  stderr -----------   14: &lt;Anonymous&gt;
{shiny}      R  stderr -----------   12: &lt;Anonymous&gt;
{shiny}      R  stderr -----------   11: &lt;Anonymous&gt;
{shiny}      R  stderr -----------   10: base::do.call
{shiny}      R  stderr -----------    9: base::saveRDS
{shiny}      R  stderr -----------    8: base::withCallingHandlers
{shiny}      R  stderr -----------    7: doTryCatch
{shiny}      R  stderr -----------    6: tryCatchOne
{shiny}      R  stderr -----------    5: tryCatchList
{shiny}      R  stderr -----------    2: tryCatchList
{shiny}      R  stderr -----------    1: base::tryCatch


Caused by error in `app_initialize_()`:
! Shiny app did not become stable in 1e+05ms.
Message: An error occurred while waiting for Shiny to be stable
Caused by error in `app_wait_for_idle()`:
! An error occurred while waiting for Shiny to be stable
Backtrace:
     x
  1. +-teal.modules.clinical (local) app_driver_tm_g_pp_therapy() at test-shinytest2-tm_g_pp_therapy.R:162:9
  2. | \-teal.modules.clinical:::init_teal_app_driver(...) at test-shinytest2-tm_g_pp_therapy.R:31:3
  3. |   +-testthat::with_mocked_bindings(...) at tests/testthat/helper-TealAppDriver.R:7:3
  4. |   \-TealAppDriver$new(...) at tests/testthat/helper-TealAppDriver.R:10:7
  5. |     \-teal (local) initialize(...)
  6. |       +-base::suppressWarnings(...)
  7. |       | \-base::withCallingHandlers(...)
  8. |       \-super$initialize(...)
  9. |         \-shinytest2:::app_initialize(...)
 10. |           +-base::withCallingHandlers(...)
 11. |           \-shinytest2:::app_initialize_(self, private, ..., view = view)
 12. |             +-base::withCallingHandlers(...)
 13. |             \-self$wait_for_idle(duration = 200, timeout = private$load_timeout)
 14. |               \-shinytest2:::app_wait_for_idle(...)
 15. |                 \-shinytest2:::app_abort(self, private, "An error occurred while waiting for Shiny to be stable")
 16. |                   \-rlang::abort(..., app = self, call = call)
 17. |                     \-rlang:::signal_abort(cnd, .file)
 18. |                       \-base::signalCondition(cnd)
 19. +-shinytest2 (local) `&lt;fn&gt;`(`&lt;rlng_rrr&gt;`)
 20. | \-shinytest2:::app_abort(...)
 21. |   \-rlang::abort(..., app = self, call = call)
 22. |     \-rlang:::signal_abort(cnd, .file)
 23. |       \-base::signalCondition(cnd)
 24. \-shinytest2 (local) `&lt;fn&gt;`(`&lt;rlng_rrr&gt;`)
 25.   \-shinytest2:::app_abort(...)
 26.     \-rlang::abort(..., app = self, call = call)</error>
    </testcase>
    <testcase time="102.956" classname="shinytest2_tm_g_pp_therapy" name="e2e_tm_g_pp_therapy_Deselection_of_cmdosfrq_dataset_ADCM_singleextract_select_throws_validation_error.">
      <error type="error" message="Error in `app_initialize(self, private, app_dir = app_dir, ..., load_timeout = load_timeout,  ('test-shinytest2-tm_g_pp_therapy.R:189:5')">Error in `app_initialize(self, private, app_dir = app_dir, ..., load_timeout = load_timeout, 
    timeout = timeout, wait = wait, expect_values_screenshot_args = expect_values_screenshot_args, 
    screenshot_args = screenshot_args, check_names = check_names, 
    name = name, variant = variant, view = view, height = height, 
    width = width, seed = seed, clean_logs = clean_logs, shiny_args = shiny_args, 
    render_args = render_args, options = options)`: Shiny app did not become stable in 1e+05ms.
Message: An error occurred while waiting for Shiny to be stable
Caused by error in `app_wait_for_idle()`:
! An error occurred while waiting for Shiny to be stable


i You can inspect the failed AppDriver object via `rlang::last_error()$app`
i AppDriver logs:
{shinytest2} R  info   18:00:29.64 Start AppDriver initialization
{shinytest2} R  info   18:00:29.67 Starting Shiny app
{shinytest2} R  info   18:00:31.69 Creating new ChromoteSession
{shinytest2} R  info   18:00:31.71 Navigating to Shiny app
{shinytest2} R  info   18:00:31.81 Injecting shiny-tracer.js
{chromote}   JS info   18:00:31.82 shinytest2; jQuery not found
{chromote}   JS info   18:00:31.82 shinytest2; Loaded
{shinytest2} R  info   18:00:31.82 Waiting for Shiny to become ready
{chromote}   JS info   18:00:31.91 shinytest2; jQuery found
{chromote}   JS info   18:00:31.91 shinytest2; Waiting for shiny session to connect
{chromote}   JS info   18:00:32.05 shinytest2; Connected
{chromote}   JS info   18:00:32.09 shinytest2; shiny:busy
{shinytest2} R  info   18:00:32.13 Waiting for Shiny to become idle for 200ms within 1e+05ms
{chromote}   JS info   18:00:32.13 shinytest2; Waiting for Shiny to be stable
{chromote}   JS info   18:00:33.32 shinytest2; shiny:idle
{chromote}   JS info   18:00:33.32 shinytest2; shiny:value teal-identifier
{chromote}   JS info   18:00:33.32 shinytest2; shiny:value error
{chromote}   JS info   18:00:33.32 shinytest2; shiny:busy
{chromote}   JS info   18:00:33.32 shinytest2; shiny:idle
{chromote}   JS info   18:00:33.35 shinytest2; shiny:busy
{shinytest2} R  info   18:02:12.15 Error while initializing AppDriver:
                                   Shiny app did not become stable in 1e+05ms.
                                   Message: An error occurred while waiting for Shiny to be stable
                                   Caused by error in `app_wait_for_idle()`:
                                   ! An error occurred while waiting for Shiny to be stable
{shiny}      R  stderr ----------- Loading required package: shiny
{shiny}      R  stderr ----------- Attempting to load the environment ‘package:dplyr’
{shiny}      R  stderr ----------- 
{shiny}      R  stderr ----------- Attaching package: ‘dplyr’
{shiny}      R  stderr ----------- 
{shiny}      R  stderr ----------- The following objects are masked from ‘package:stats’:
{shiny}      R  stderr ----------- 
{shiny}      R  stderr -----------     filter, lag
{shiny}      R  stderr ----------- 
{shiny}      R  stderr ----------- The following objects are masked from ‘package:base’:
{shiny}      R  stderr ----------- 
{shiny}      R  stderr -----------     intersect, setdiff, setequal, union
{shiny}      R  stderr ----------- 
{shiny}      R  stderr ----------- Loading required package: teal
{shiny}      R  stderr ----------- Loading required package: teal.data
{shiny}      R  stderr ----------- Loading required package: teal.code
{shiny}      R  stderr ----------- Loading required package: teal.slice
{shiny}      R  stderr ----------- 
{shiny}      R  stderr ----------- You are using teal version 0.15.2.9031
{shiny}      R  stderr ----------- 
{shiny}      R  stderr ----------- Attaching package: ‘teal’
{shiny}      R  stderr ----------- 
{shiny}      R  stderr ----------- The following objects are masked from ‘package:teal.slice’:
{shiny}      R  stderr ----------- 
{shiny}      R  stderr -----------     as.teal_slices, teal_slices
{shiny}      R  stderr ----------- 
{shiny}      R  stderr ----------- Loading required package: teal.transform
{shiny}      R  stderr ----------- Loading required package: tern
{shiny}      R  stderr ----------- Loading required package: rtables
{shiny}      R  stderr ----------- Loading required package: formatters
{shiny}      R  stderr ----------- Loading required package: magrittr
{shiny}      R  stderr ----------- 
{shiny}      R  stderr ----------- Attaching package: ‘rtables’
{shiny}      R  stderr ----------- 
{shiny}      R  stderr ----------- The following object is masked from ‘package:utils’:
{shiny}      R  stderr ----------- 
{shiny}      R  stderr -----------     str
{shiny}      R  stderr ----------- 
{shiny}      R  stderr ----------- Running application in test mode.
{shiny}      R  stderr ----------- 
{shiny}      R  stderr ----------- Listening on http://127.0.0.1:7966
{shiny}      R  stderr ----------- Initializing reporter_previewer_module
{shiny}      R  stderr ----------- Warning: Error in &lt;Anonymous&gt;: error in evaluating the argument 'code' in selecting a method for function 'eval_code': Assertion on 'subset' failed: Must be a subset of {'','USUBJID','STUDYID','CMCLAS','CMDECOD','ATIREL','CMCAT','COUNTRY','SITEID','SUBJID','AGE','SEX','ARMCD','ARM','ACTARMCD','ACTARM','RACE','TRTSDTM','TRTEDTM','EOSDY','EOSDT','STRATA1','STRATA2','BMRKR1','BMRKR2','REGION1','SAFFL','EOSSTT','EOTSTT','DCSREAS','DTHDT','ASTDTM','ASTDY','AENDTM','AENDY','CMSEQ','ATC1','ATC2','ATC3','ATC4','CMINDC','CMDOSE','CMTRT','CMDOSU','CMROUTE','CMDOSFRQ','CMASTDTM','CMAENDTM','ATIREL2','CMDECOD2','CMINDC2','CMDOSE2','CMDOSU2','CMROUTE2','CMDOSFRQ2','ASTDY2','AENDY2'}, but has additional elements {'CMTRT2'}.
{shiny}      R  stderr -----------   241: &lt;Anonymous&gt;
{shiny}      R  stderr -----------   240: stop
{shiny}      R  stderr -----------   239: mstop
{shiny}      R  stderr -----------   238: makeAssertion
{shiny}      R  stderr -----------   237: checkmate::assert_subset
{shiny}      R  stderr -----------   236: variable_choices.data.frame
{shiny}      R  stderr -----------   233: resolve.delayed_variable_choices
{shiny}      R  stderr -----------   231: resolve.delayed_select_spec
{shiny}      R  stderr -----------   229: resolve.delayed_data_extract_spec
{shiny}      R  stderr -----------   227: resolve_delayed.list
{shiny}      R  stderr -----------   213: module
{shiny}      R  stderr -----------   208: callModule
{shiny}      R  stderr -----------   207: moduleServer
{shiny}      R  stderr -----------   206: data_extract_single_srv
{shiny}      R  stderr -----------   205: FUN
{shiny}      R  stderr -----------   204: lapply
{shiny}      R  stderr -----------   203: module
{shiny}      R  stderr -----------   198: callModule
{shiny}      R  stderr -----------   197: moduleServer
{shiny}      R  stderr -----------   196: data_extract_srv.list
{shiny}      R  stderr -----------   194: FUN
{shiny}      R  stderr -----------   193: lapply
{shiny}      R  stderr -----------   192: sapply
{shiny}      R  stderr -----------   191: &lt;reactive&gt;
{shiny}      R  stderr -----------   175: selector_list
{shiny}      R  stderr -----------   170: &lt;reactive&gt;
{shiny}      R  stderr -----------   154: anl_inputs
{shiny}      R  stderr -----------   153: as.expression
{shiny}      R  stderr -----------   152: teal.code::eval_code
{shiny}      R  stderr -----------   151: %&gt;%
{shiny}      R  stderr -----------   150: &lt;reactive&gt;
{shiny}      R  stderr -----------   134: merged$anl_q
{shiny}      R  stderr -----------   128: &lt;reactive&gt;
{shiny}      R  stderr -----------   112: all_q
{shiny}      R  stderr -----------   110: renderText
{shiny}      R  stderr -----------   109: func
{shiny}      R  stderr -----------    96: renderFunc
{shiny}      R  stderr -----------    95: output$teal-main_ui-root-therapy__e2e_-module-title
{shiny}      R  stderr -----------    14: &lt;Anonymous&gt;
{shiny}      R  stderr -----------    12: &lt;Anonymous&gt;
{shiny}      R  stderr -----------    11: &lt;Anonymous&gt;
{shiny}      R  stderr -----------    10: base::do.call
{shiny}      R  stderr -----------     9: base::saveRDS
{shiny}      R  stderr -----------     8: base::withCallingHandlers
{shiny}      R  stderr -----------     7: doTryCatch
{shiny}      R  stderr -----------     6: tryCatchOne
{shiny}      R  stderr -----------     5: tryCatchList
{shiny}      R  stderr -----------     2: tryCatchList
{shiny}      R  stderr -----------     1: base::tryCatch
{shiny}      R  stderr ----------- Warning: Error in &lt;Anonymous&gt;: error in evaluating the argument 'code' in selecting a method for function 'eval_code': Assertion on 'subset' failed: Must be a subset of {'','USUBJID','STUDYID','CMCLAS','CMDECOD','ATIREL','CMCAT','COUNTRY','SITEID','SUBJID','AGE','SEX','ARMCD','ARM','ACTARMCD','ACTARM','RACE','TRTSDTM','TRTEDTM','EOSDY','EOSDT','STRATA1','STRATA2','BMRKR1','BMRKR2','REGION1','SAFFL','EOSSTT','EOTSTT','DCSREAS','DTHDT','ASTDTM','ASTDY','AENDTM','AENDY','CMSEQ','ATC1','ATC2','ATC3','ATC4','CMINDC','CMDOSE','CMTRT','CMDOSU','CMROUTE','CMDOSFRQ','CMASTDTM','CMAENDTM','ATIREL2','CMDECOD2','CMINDC2','CMDOSE2','CMDOSU2','CMROUTE2','CMDOSFRQ2','ASTDY2','AENDY2'}, but has additional elements {'CMTRT2'}.
{shiny}      R  stderr -----------   122: &lt;Anonymous&gt;
{shiny}      R  stderr -----------   121: stop
{shiny}      R  stderr -----------   120: all_q
{shiny}      R  stderr -----------   117: exprFunc
{shiny}      R  stderr -----------   116: widgetFunc
{shiny}      R  stderr -----------   115: ::
{shiny}      R  stderr ----------- htmlwidgets
{shiny}      R  stderr ----------- shinyRenderWidget
{shiny}      R  stderr -----------   114: func
{shiny}      R  stderr -----------   101: renderFunc
{shiny}      R  stderr -----------   100: renderFunc
{shiny}      R  stderr -----------    96: renderFunc
{shiny}      R  stderr -----------    95: output$teal-main_ui-root-therapy__e2e_-module-therapy_table
{shiny}      R  stderr -----------    14: &lt;Anonymous&gt;
{shiny}      R  stderr -----------    12: &lt;Anonymous&gt;
{shiny}      R  stderr -----------    11: &lt;Anonymous&gt;
{shiny}      R  stderr -----------    10: base::do.call
{shiny}      R  stderr -----------     9: base::saveRDS
{shiny}      R  stderr -----------     8: base::withCallingHandlers
{shiny}      R  stderr -----------     7: doTryCatch
{shiny}      R  stderr -----------     6: tryCatchOne
{shiny}      R  stderr -----------     5: tryCatchList
{shiny}      R  stderr -----------     2: tryCatchList
{shiny}      R  stderr -----------     1: base::tryCatch
{shiny}      R  stderr ----------- Warning: Error in variable_choices.data.frame: Assertion on 'subset' failed: Must be a subset of {'','USUBJID','STUDYID','CMCLAS','CMDECOD','ATIREL','CMCAT','COUNTRY','SITEID','SUBJID','AGE','SEX','ARMCD','ARM','ACTARMCD','ACTARM','RACE','TRTSDTM','TRTEDTM','EOSDY','EOSDT','STRATA1','STRATA2','BMRKR1','BMRKR2','REGION1','SAFFL','EOSSTT','EOTSTT','DCSREAS','DTHDT','ASTDTM','ASTDY','AENDTM','AENDY','CMSEQ','ATC1','ATC2','ATC3','ATC4','CMINDC','CMDOSE','CMTRT','CMDOSU','CMROUTE','CMDOSFRQ','CMASTDTM','CMAENDTM','ATIREL2','CMDECOD2','CMINDC2','CMDOSE2','CMDOSU2','CMROUTE2','CMDOSFRQ2','ASTDY2','AENDY2'}, but has additional elements {'CMTRT2'}.
{shiny}      R  stderr -----------   162: &lt;Anonymous&gt;
{shiny}      R  stderr -----------   161: stop
{shiny}      R  stderr -----------   160: selector_list
{shiny}      R  stderr -----------   159: teal.transform::compose_and_enable_validators
{shiny}      R  stderr -----------   158: &lt;reactive&gt;
{shiny}      R  stderr -----------   142: iv_r
{shiny}      R  stderr -----------   135: &lt;reactive&gt;
{shiny}      R  stderr -----------   119: plot_r
{shiny}      R  stderr -----------   110: renderUI
{shiny}      R  stderr -----------   109: func
{shiny}      R  stderr -----------    96: renderFunc
{shiny}      R  stderr -----------    95: output$teal-main_ui-root-therapy__e2e_-module-therapy_plot-plot_out_main
{shiny}      R  stderr -----------    14: &lt;Anonymous&gt;
{shiny}      R  stderr -----------    12: &lt;Anonymous&gt;
{shiny}      R  stderr -----------    11: &lt;Anonymous&gt;
{shiny}      R  stderr -----------    10: base::do.call
{shiny}      R  stderr -----------     9: base::saveRDS
{shiny}      R  stderr -----------     8: base::withCallingHandlers
{shiny}      R  stderr -----------     7: doTryCatch
{shiny}      R  stderr -----------     6: tryCatchOne
{shiny}      R  stderr -----------     5: tryCatchList
{shiny}      R  stderr -----------     2: tryCatchList
{shiny}      R  stderr -----------     1: base::tryCatch
{shiny}      R  stderr ----------- Warning: Error in &lt;Anonymous&gt;: error in evaluating the argument 'code' in selecting a method for function 'eval_code': Assertion on 'subset' failed: Must be a subset of {'','USUBJID','STUDYID','CMCLAS','CMDECOD','ATIREL','CMCAT','COUNTRY','SITEID','SUBJID','AGE','SEX','ARMCD','ARM','ACTARMCD','ACTARM','RACE','TRTSDTM','TRTEDTM','EOSDY','EOSDT','STRATA1','STRATA2','BMRKR1','BMRKR2','REGION1','SAFFL','EOSSTT','EOTSTT','DCSREAS','DTHDT','ASTDTM','ASTDY','AENDTM','AENDY','CMSEQ','ATC1','ATC2','ATC3','ATC4','CMINDC','CMDOSE','CMTRT','CMDOSU','CMROUTE','CMDOSFRQ','CMASTDTM','CMAENDTM','ATIREL2','CMDECOD2','CMINDC2','CMDOSE2','CMDOSU2','CMROUTE2','CMDOSFRQ2','ASTDY2','AENDY2'}, but has additional elements {'CMTRT2'}.
{shiny}      R  stderr -----------   14: &lt;Anonymous&gt;
{shiny}      R  stderr -----------   12: &lt;Anonymous&gt;
{shiny}      R  stderr -----------   11: &lt;Anonymous&gt;
{shiny}      R  stderr -----------   10: base::do.call
{shiny}      R  stderr -----------    9: base::saveRDS
{shiny}      R  stderr -----------    8: base::withCallingHandlers
{shiny}      R  stderr -----------    7: doTryCatch
{shiny}      R  stderr -----------    6: tryCatchOne
{shiny}      R  stderr -----------    5: tryCatchList
{shiny}      R  stderr -----------    2: tryCatchList
{shiny}      R  stderr -----------    1: base::tryCatch


Caused by error in `app_initialize_()`:
! Shiny app did not become stable in 1e+05ms.
Message: An error occurred while waiting for Shiny to be stable
Caused by error in `app_wait_for_idle()`:
! An error occurred while waiting for Shiny to be stable
Backtrace:
     x
  1. +-teal.modules.clinical (local) app_driver_tm_g_pp_therapy() at test-shinytest2-tm_g_pp_therapy.R:189:5
  2. | \-teal.modules.clinical:::init_teal_app_driver(...) at test-shinytest2-tm_g_pp_therapy.R:31:3
  3. |   +-testthat::with_mocked_bindings(...) at tests/testthat/helper-TealAppDriver.R:7:3
  4. |   \-TealAppDriver$new(...) at tests/testthat/helper-TealAppDriver.R:10:7
  5. |     \-teal (local) initialize(...)
  6. |       +-base::suppressWarnings(...)
  7. |       | \-base::withCallingHandlers(...)
  8. |       \-super$initialize(...)
  9. |         \-shinytest2:::app_initialize(...)
 10. |           +-base::withCallingHandlers(...)
 11. |           \-shinytest2:::app_initialize_(self, private, ..., view = view)
 12. |             +-base::withCallingHandlers(...)
 13. |             \-self$wait_for_idle(duration = 200, timeout = private$load_timeout)
 14. |               \-shinytest2:::app_wait_for_idle(...)
 15. |                 \-shinytest2:::app_abort(self, private, "An error occurred while waiting for Shiny to be stable")
 16. |                   \-rlang::abort(..., app = self, call = call)
 17. |                     \-rlang:::signal_abort(cnd, .file)
 18. |                       \-base::signalCondition(cnd)
 19. +-shinytest2 (local) `&lt;fn&gt;`(`&lt;rlng_rrr&gt;`)
 20. | \-shinytest2:::app_abort(...)
 21. |   \-rlang::abort(..., app = self, call = call)
 22. |     \-rlang:::signal_abort(cnd, .file)
 23. |       \-base::signalCondition(cnd)
 24. \-shinytest2 (local) `&lt;fn&gt;`(`&lt;rlng_rrr&gt;`)
 25.   \-shinytest2:::app_abort(...)
 26.     \-rlang::abort(..., app = self, call = call)</error>
    </testcase>
    <testcase time="103.178" classname="shinytest2_tm_g_pp_therapy" name="e2e_tm_g_pp_therapy_Selection_of_cmstdy_changes_the_element_and_does_not_throw_validation_errors">
      <error type="error" message="Error in `app_initialize(self, private, app_dir = app_dir, ..., load_timeout = load_timeout,  ('test-shinytest2-tm_g_pp_therapy.R:162:9')">Error in `app_initialize(self, private, app_dir = app_dir, ..., load_timeout = load_timeout, 
    timeout = timeout, wait = wait, expect_values_screenshot_args = expect_values_screenshot_args, 
    screenshot_args = screenshot_args, check_names = check_names, 
    name = name, variant = variant, view = view, height = height, 
    width = width, seed = seed, clean_logs = clean_logs, shiny_args = shiny_args, 
    render_args = render_args, options = options)`: Shiny app did not become stable in 1e+05ms.
Message: An error occurred while waiting for Shiny to be stable
Caused by error in `app_wait_for_idle()`:
! An error occurred while waiting for Shiny to be stable


i You can inspect the failed AppDriver object via `rlang::last_error()$app`
i AppDriver logs:
{shinytest2} R  info   18:02:12.59 Start AppDriver initialization
{shinytest2} R  info   18:02:12.62 Starting Shiny app
{shinytest2} R  info   18:02:14.85 Creating new ChromoteSession
{shinytest2} R  info   18:02:14.87 Navigating to Shiny app
{shinytest2} R  info   18:02:14.98 Injecting shiny-tracer.js
{chromote}   JS info   18:02:14.98 shinytest2; jQuery not found
{chromote}   JS info   18:02:14.99 shinytest2; Loaded
{shinytest2} R  info   18:02:14.99 Waiting for Shiny to become ready
{chromote}   JS info   18:02:15.09 shinytest2; jQuery found
{chromote}   JS info   18:02:15.09 shinytest2; Waiting for shiny session to connect
{chromote}   JS info   18:02:15.22 shinytest2; Connected
{chromote}   JS info   18:02:15.26 shinytest2; shiny:busy
{shinytest2} R  info   18:02:15.30 Waiting for Shiny to become idle for 200ms within 1e+05ms
{chromote}   JS info   18:02:15.30 shinytest2; Waiting for Shiny to be stable
{chromote}   JS info   18:02:16.53 shinytest2; shiny:idle
{chromote}   JS info   18:02:16.53 shinytest2; shiny:value teal-identifier
{chromote}   JS info   18:02:16.53 shinytest2; shiny:value error
{chromote}   JS info   18:02:16.53 shinytest2; shiny:busy
{chromote}   JS info   18:02:16.53 shinytest2; shiny:idle
{chromote}   JS info   18:02:16.55 shinytest2; shiny:busy
{shinytest2} R  info   18:03:55.32 Error while initializing AppDriver:
                                   Shiny app did not become stable in 1e+05ms.
                                   Message: An error occurred while waiting for Shiny to be stable
                                   Caused by error in `app_wait_for_idle()`:
                                   ! An error occurred while waiting for Shiny to be stable
{shiny}      R  stderr ----------- Loading required package: shiny
{shiny}      R  stderr ----------- Attempting to load the environment ‘package:dplyr’
{shiny}      R  stderr ----------- 
{shiny}      R  stderr ----------- Attaching package: ‘dplyr’
{shiny}      R  stderr ----------- 
{shiny}      R  stderr ----------- The following objects are masked from ‘package:stats’:
{shiny}      R  stderr ----------- 
{shiny}      R  stderr -----------     filter, lag
{shiny}      R  stderr ----------- 
{shiny}      R  stderr ----------- The following objects are masked from ‘package:base’:
{shiny}      R  stderr ----------- 
{shiny}      R  stderr -----------     intersect, setdiff, setequal, union
{shiny}      R  stderr ----------- 
{shiny}      R  stderr ----------- Loading required package: teal
{shiny}      R  stderr ----------- Loading required package: teal.data
{shiny}      R  stderr ----------- Loading required package: teal.code
{shiny}      R  stderr ----------- Loading required package: teal.slice
{shiny}      R  stderr ----------- 
{shiny}      R  stderr ----------- You are using teal version 0.15.2.9031
{shiny}      R  stderr ----------- 
{shiny}      R  stderr ----------- Attaching package: ‘teal’
{shiny}      R  stderr ----------- 
{shiny}      R  stderr ----------- The following objects are masked from ‘package:teal.slice’:
{shiny}      R  stderr ----------- 
{shiny}      R  stderr -----------     as.teal_slices, teal_slices
{shiny}      R  stderr ----------- 
{shiny}      R  stderr ----------- Loading required package: teal.transform
{shiny}      R  stderr ----------- Loading required package: tern
{shiny}      R  stderr ----------- Loading required package: rtables
{shiny}      R  stderr ----------- Loading required package: formatters
{shiny}      R  stderr ----------- Loading required package: magrittr
{shiny}      R  stderr ----------- 
{shiny}      R  stderr ----------- Attaching package: ‘rtables’
{shiny}      R  stderr ----------- 
{shiny}      R  stderr ----------- The following object is masked from ‘package:utils’:
{shiny}      R  stderr ----------- 
{shiny}      R  stderr -----------     str
{shiny}      R  stderr ----------- 
{shiny}      R  stderr ----------- Running application in test mode.
{shiny}      R  stderr ----------- 
{shiny}      R  stderr ----------- Listening on http://127.0.0.1:5124
{shiny}      R  stderr ----------- Initializing reporter_previewer_module
{shiny}      R  stderr ----------- Warning: Error in &lt;Anonymous&gt;: error in evaluating the argument 'code' in selecting a method for function 'eval_code': Assertion on 'subset' failed: Must be a subset of {'','USUBJID','STUDYID','CMCLAS','CMDECOD','ATIREL','CMCAT','COUNTRY','SITEID','SUBJID','AGE','SEX','ARMCD','ARM','ACTARMCD','ACTARM','RACE','TRTSDTM','TRTEDTM','EOSDY','EOSDT','STRATA1','STRATA2','BMRKR1','BMRKR2','REGION1','SAFFL','EOSSTT','EOTSTT','DCSREAS','DTHDT','ASTDTM','ASTDY','AENDTM','AENDY','CMSEQ','ATC1','ATC2','ATC3','ATC4','CMINDC','CMDOSE','CMTRT','CMDOSU','CMROUTE','CMDOSFRQ','CMASTDTM','CMAENDTM','ATIREL2','CMDECOD2','CMINDC2','CMDOSE2','CMDOSU2','CMROUTE2','CMDOSFRQ2','ASTDY2','AENDY2'}, but has additional elements {'CMTRT2'}.
{shiny}      R  stderr -----------   241: &lt;Anonymous&gt;
{shiny}      R  stderr -----------   240: stop
{shiny}      R  stderr -----------   239: mstop
{shiny}      R  stderr -----------   238: makeAssertion
{shiny}      R  stderr -----------   237: checkmate::assert_subset
{shiny}      R  stderr -----------   236: variable_choices.data.frame
{shiny}      R  stderr -----------   233: resolve.delayed_variable_choices
{shiny}      R  stderr -----------   231: resolve.delayed_select_spec
{shiny}      R  stderr -----------   229: resolve.delayed_data_extract_spec
{shiny}      R  stderr -----------   227: resolve_delayed.list
{shiny}      R  stderr -----------   213: module
{shiny}      R  stderr -----------   208: callModule
{shiny}      R  stderr -----------   207: moduleServer
{shiny}      R  stderr -----------   206: data_extract_single_srv
{shiny}      R  stderr -----------   205: FUN
{shiny}      R  stderr -----------   204: lapply
{shiny}      R  stderr -----------   203: module
{shiny}      R  stderr -----------   198: callModule
{shiny}      R  stderr -----------   197: moduleServer
{shiny}      R  stderr -----------   196: data_extract_srv.list
{shiny}      R  stderr -----------   194: FUN
{shiny}      R  stderr -----------   193: lapply
{shiny}      R  stderr -----------   192: sapply
{shiny}      R  stderr -----------   191: &lt;reactive&gt;
{shiny}      R  stderr -----------   175: selector_list
{shiny}      R  stderr -----------   170: &lt;reactive&gt;
{shiny}      R  stderr -----------   154: anl_inputs
{shiny}      R  stderr -----------   153: as.expression
{shiny}      R  stderr -----------   152: teal.code::eval_code
{shiny}      R  stderr -----------   151: %&gt;%
{shiny}      R  stderr -----------   150: &lt;reactive&gt;
{shiny}      R  stderr -----------   134: merged$anl_q
{shiny}      R  stderr -----------   128: &lt;reactive&gt;
{shiny}      R  stderr -----------   112: all_q
{shiny}      R  stderr -----------   110: renderText
{shiny}      R  stderr -----------   109: func
{shiny}      R  stderr -----------    96: renderFunc
{shiny}      R  stderr -----------    95: output$teal-main_ui-root-therapy__e2e_-module-title
{shiny}      R  stderr -----------    14: &lt;Anonymous&gt;
{shiny}      R  stderr -----------    12: &lt;Anonymous&gt;
{shiny}      R  stderr -----------    11: &lt;Anonymous&gt;
{shiny}      R  stderr -----------    10: base::do.call
{shiny}      R  stderr -----------     9: base::saveRDS
{shiny}      R  stderr -----------     8: base::withCallingHandlers
{shiny}      R  stderr -----------     7: doTryCatch
{shiny}      R  stderr -----------     6: tryCatchOne
{shiny}      R  stderr -----------     5: tryCatchList
{shiny}      R  stderr -----------     2: tryCatchList
{shiny}      R  stderr -----------     1: base::tryCatch
{shiny}      R  stderr ----------- Warning: Error in &lt;Anonymous&gt;: error in evaluating the argument 'code' in selecting a method for function 'eval_code': Assertion on 'subset' failed: Must be a subset of {'','USUBJID','STUDYID','CMCLAS','CMDECOD','ATIREL','CMCAT','COUNTRY','SITEID','SUBJID','AGE','SEX','ARMCD','ARM','ACTARMCD','ACTARM','RACE','TRTSDTM','TRTEDTM','EOSDY','EOSDT','STRATA1','STRATA2','BMRKR1','BMRKR2','REGION1','SAFFL','EOSSTT','EOTSTT','DCSREAS','DTHDT','ASTDTM','ASTDY','AENDTM','AENDY','CMSEQ','ATC1','ATC2','ATC3','ATC4','CMINDC','CMDOSE','CMTRT','CMDOSU','CMROUTE','CMDOSFRQ','CMASTDTM','CMAENDTM','ATIREL2','CMDECOD2','CMINDC2','CMDOSE2','CMDOSU2','CMROUTE2','CMDOSFRQ2','ASTDY2','AENDY2'}, but has additional elements {'CMTRT2'}.
{shiny}      R  stderr -----------   122: &lt;Anonymous&gt;
{shiny}      R  stderr -----------   121: stop
{shiny}      R  stderr -----------   120: all_q
{shiny}      R  stderr -----------   117: exprFunc
{shiny}      R  stderr -----------   116: widgetFunc
{shiny}      R  stderr -----------   115: ::
{shiny}      R  stderr ----------- htmlwidgets
{shiny}      R  stderr ----------- shinyRenderWidget
{shiny}      R  stderr -----------   114: func
{shiny}      R  stderr -----------   101: renderFunc
{shiny}      R  stderr -----------   100: renderFunc
{shiny}      R  stderr -----------    96: renderFunc
{shiny}      R  stderr -----------    95: output$teal-main_ui-root-therapy__e2e_-module-therapy_table
{shiny}      R  stderr -----------    14: &lt;Anonymous&gt;
{shiny}      R  stderr -----------    12: &lt;Anonymous&gt;
{shiny}      R  stderr -----------    11: &lt;Anonymous&gt;
{shiny}      R  stderr -----------    10: base::do.call
{shiny}      R  stderr -----------     9: base::saveRDS
{shiny}      R  stderr -----------     8: base::withCallingHandlers
{shiny}      R  stderr -----------     7: doTryCatch
{shiny}      R  stderr -----------     6: tryCatchOne
{shiny}      R  stderr -----------     5: tryCatchList
{shiny}      R  stderr -----------     2: tryCatchList
{shiny}      R  stderr -----------     1: base::tryCatch
{shiny}      R  stderr ----------- Warning: Error in variable_choices.data.frame: Assertion on 'subset' failed: Must be a subset of {'','USUBJID','STUDYID','CMCLAS','CMDECOD','ATIREL','CMCAT','COUNTRY','SITEID','SUBJID','AGE','SEX','ARMCD','ARM','ACTARMCD','ACTARM','RACE','TRTSDTM','TRTEDTM','EOSDY','EOSDT','STRATA1','STRATA2','BMRKR1','BMRKR2','REGION1','SAFFL','EOSSTT','EOTSTT','DCSREAS','DTHDT','ASTDTM','ASTDY','AENDTM','AENDY','CMSEQ','ATC1','ATC2','ATC3','ATC4','CMINDC','CMDOSE','CMTRT','CMDOSU','CMROUTE','CMDOSFRQ','CMASTDTM','CMAENDTM','ATIREL2','CMDECOD2','CMINDC2','CMDOSE2','CMDOSU2','CMROUTE2','CMDOSFRQ2','ASTDY2','AENDY2'}, but has additional elements {'CMTRT2'}.
{shiny}      R  stderr -----------   162: &lt;Anonymous&gt;
{shiny}      R  stderr -----------   161: stop
{shiny}      R  stderr -----------   160: selector_list
{shiny}      R  stderr -----------   159: teal.transform::compose_and_enable_validators
{shiny}      R  stderr -----------   158: &lt;reactive&gt;
{shiny}      R  stderr -----------   142: iv_r
{shiny}      R  stderr -----------   135: &lt;reactive&gt;
{shiny}      R  stderr -----------   119: plot_r
{shiny}      R  stderr -----------   110: renderUI
{shiny}      R  stderr -----------   109: func
{shiny}      R  stderr -----------    96: renderFunc
{shiny}      R  stderr -----------    95: output$teal-main_ui-root-therapy__e2e_-module-therapy_plot-plot_out_main
{shiny}      R  stderr -----------    14: &lt;Anonymous&gt;
{shiny}      R  stderr -----------    12: &lt;Anonymous&gt;
{shiny}      R  stderr -----------    11: &lt;Anonymous&gt;
{shiny}      R  stderr -----------    10: base::do.call
{shiny}      R  stderr -----------     9: base::saveRDS
{shiny}      R  stderr -----------     8: base::withCallingHandlers
{shiny}      R  stderr -----------     7: doTryCatch
{shiny}      R  stderr -----------     6: tryCatchOne
{shiny}      R  stderr -----------     5: tryCatchList
{shiny}      R  stderr -----------     2: tryCatchList
{shiny}      R  stderr -----------     1: base::tryCatch
{shiny}      R  stderr ----------- Warning: Error in &lt;Anonymous&gt;: error in evaluating the argument 'code' in selecting a method for function 'eval_code': Assertion on 'subset' failed: Must be a subset of {'','USUBJID','STUDYID','CMCLAS','CMDECOD','ATIREL','CMCAT','COUNTRY','SITEID','SUBJID','AGE','SEX','ARMCD','ARM','ACTARMCD','ACTARM','RACE','TRTSDTM','TRTEDTM','EOSDY','EOSDT','STRATA1','STRATA2','BMRKR1','BMRKR2','REGION1','SAFFL','EOSSTT','EOTSTT','DCSREAS','DTHDT','ASTDTM','ASTDY','AENDTM','AENDY','CMSEQ','ATC1','ATC2','ATC3','ATC4','CMINDC','CMDOSE','CMTRT','CMDOSU','CMROUTE','CMDOSFRQ','CMASTDTM','CMAENDTM','ATIREL2','CMDECOD2','CMINDC2','CMDOSE2','CMDOSU2','CMROUTE2','CMDOSFRQ2','ASTDY2','AENDY2'}, but has additional elements {'CMTRT2'}.
{shiny}      R  stderr -----------   14: &lt;Anonymous&gt;
{shiny}      R  stderr -----------   12: &lt;Anonymous&gt;
{shiny}      R  stderr -----------   11: &lt;Anonymous&gt;
{shiny}      R  stderr -----------   10: base::do.call
{shiny}      R  stderr -----------    9: base::saveRDS
{shiny}      R  stderr -----------    8: base::withCallingHandlers
{shiny}      R  stderr -----------    7: doTryCatch
{shiny}      R  stderr -----------    6: tryCatchOne
{shiny}      R  stderr -----------    5: tryCatchList
{shiny}      R  stderr -----------    2: tryCatchList
{shiny}      R  stderr -----------    1: base::tryCatch


Caused by error in `app_initialize_()`:
! Shiny app did not become stable in 1e+05ms.
Message: An error occurred while waiting for Shiny to be stable
Caused by error in `app_wait_for_idle()`:
! An error occurred while waiting for Shiny to be stable
Backtrace:
     x
  1. +-teal.modules.clinical (local) app_driver_tm_g_pp_therapy() at test-shinytest2-tm_g_pp_therapy.R:162:9
  2. | \-teal.modules.clinical:::init_teal_app_driver(...) at test-shinytest2-tm_g_pp_therapy.R:31:3
  3. |   +-testthat::with_mocked_bindings(...) at tests/testthat/helper-TealAppDriver.R:7:3
  4. |   \-TealAppDriver$new(...) at tests/testthat/helper-TealAppDriver.R:10:7
  5. |     \-teal (local) initialize(...)
  6. |       +-base::suppressWarnings(...)
  7. |       | \-base::withCallingHandlers(...)
  8. |       \-super$initialize(...)
  9. |         \-shinytest2:::app_initialize(...)
 10. |           +-base::withCallingHandlers(...)
 11. |           \-shinytest2:::app_initialize_(self, private, ..., view = view)
 12. |             +-base::withCallingHandlers(...)
 13. |             \-self$wait_for_idle(duration = 200, timeout = private$load_timeout)
 14. |               \-shinytest2:::app_wait_for_idle(...)
 15. |                 \-shinytest2:::app_abort(self, private, "An error occurred while waiting for Shiny to be stable")
 16. |                   \-rlang::abort(..., app = self, call = call)
 17. |                     \-rlang:::signal_abort(cnd, .file)
 18. |                       \-base::signalCondition(cnd)
 19. +-shinytest2 (local) `&lt;fn&gt;`(`&lt;rlng_rrr&gt;`)
 20. | \-shinytest2:::app_abort(...)
 21. |   \-rlang::abort(..., app = self, call = call)
 22. |     \-rlang:::signal_abort(cnd, .file)
 23. |       \-base::signalCondition(cnd)
 24. \-shinytest2 (local) `&lt;fn&gt;`(`&lt;rlng_rrr&gt;`)
 25.   \-shinytest2:::app_abort(...)
 26.     \-rlang::abort(..., app = self, call = call)</error>
    </testcase>
    <testcase time="103.192" classname="shinytest2_tm_g_pp_therapy" name="e2e_tm_g_pp_therapy_Deselection_of_cmstdy_dataset_ADCM_singleextract_select_throws_validation_error.">
      <error type="error" message="Error in `app_initialize(self, private, app_dir = app_dir, ..., load_timeout = load_timeout,  ('test-shinytest2-tm_g_pp_therapy.R:189:5')">Error in `app_initialize(self, private, app_dir = app_dir, ..., load_timeout = load_timeout, 
    timeout = timeout, wait = wait, expect_values_screenshot_args = expect_values_screenshot_args, 
    screenshot_args = screenshot_args, check_names = check_names, 
    name = name, variant = variant, view = view, height = height, 
    width = width, seed = seed, clean_logs = clean_logs, shiny_args = shiny_args, 
    render_args = render_args, options = options)`: Shiny app did not become stable in 1e+05ms.
Message: An error occurred while waiting for Shiny to be stable
Caused by error in `app_wait_for_idle()`:
! An error occurred while waiting for Shiny to be stable


i You can inspect the failed AppDriver object via `rlang::last_error()$app`
i AppDriver logs:
{shinytest2} R  info   18:03:55.77 Start AppDriver initialization
{shinytest2} R  info   18:03:55.80 Starting Shiny app
{shinytest2} R  info   18:03:58.03 Creating new ChromoteSession
{shinytest2} R  info   18:03:58.05 Navigating to Shiny app
{shinytest2} R  info   18:03:58.18 Injecting shiny-tracer.js
{chromote}   JS info   18:03:58.18 shinytest2; jQuery not found
{chromote}   JS info   18:03:58.19 shinytest2; Loaded
{shinytest2} R  info   18:03:58.19 Waiting for Shiny to become ready
{chromote}   JS info   18:03:58.29 shinytest2; jQuery found
{chromote}   JS info   18:03:58.29 shinytest2; Waiting for shiny session to connect
{chromote}   JS info   18:03:58.41 shinytest2; Connected
{chromote}   JS info   18:03:58.45 shinytest2; shiny:busy
{shinytest2} R  info   18:03:58.50 Waiting for Shiny to become idle for 200ms within 1e+05ms
{chromote}   JS info   18:03:58.50 shinytest2; Waiting for Shiny to be stable
{chromote}   JS info   18:03:59.72 shinytest2; shiny:idle
{chromote}   JS info   18:03:59.72 shinytest2; shiny:value teal-identifier
{chromote}   JS info   18:03:59.72 shinytest2; shiny:value error
{chromote}   JS info   18:03:59.72 shinytest2; shiny:busy
{chromote}   JS info   18:03:59.72 shinytest2; shiny:idle
{chromote}   JS info   18:03:59.75 shinytest2; shiny:busy
{shinytest2} R  info   18:05:38.52 Error while initializing AppDriver:
                                   Shiny app did not become stable in 1e+05ms.
                                   Message: An error occurred while waiting for Shiny to be stable
                                   Caused by error in `app_wait_for_idle()`:
                                   ! An error occurred while waiting for Shiny to be stable
{shiny}      R  stderr ----------- Loading required package: shiny
{shiny}      R  stderr ----------- Attempting to load the environment ‘package:dplyr’
{shiny}      R  stderr ----------- 
{shiny}      R  stderr ----------- Attaching package: ‘dplyr’
{shiny}      R  stderr ----------- 
{shiny}      R  stderr ----------- The following objects are masked from ‘package:stats’:
{shiny}      R  stderr ----------- 
{shiny}      R  stderr -----------     filter, lag
{shiny}      R  stderr ----------- 
{shiny}      R  stderr ----------- The following objects are masked from ‘package:base’:
{shiny}      R  stderr ----------- 
{shiny}      R  stderr -----------     intersect, setdiff, setequal, union
{shiny}      R  stderr ----------- 
{shiny}      R  stderr ----------- Loading required package: teal
{shiny}      R  stderr ----------- Loading required package: teal.data
{shiny}      R  stderr ----------- Loading required package: teal.code
{shiny}      R  stderr ----------- Loading required package: teal.slice
{shiny}      R  stderr ----------- 
{shiny}      R  stderr ----------- You are using teal version 0.15.2.9031
{shiny}      R  stderr ----------- 
{shiny}      R  stderr ----------- Attaching package: ‘teal’
{shiny}      R  stderr ----------- 
{shiny}      R  stderr ----------- The following objects are masked from ‘package:teal.slice’:
{shiny}      R  stderr ----------- 
{shiny}      R  stderr -----------     as.teal_slices, teal_slices
{shiny}      R  stderr ----------- 
{shiny}      R  stderr ----------- Loading required package: teal.transform
{shiny}      R  stderr ----------- Loading required package: tern
{shiny}      R  stderr ----------- Loading required package: rtables
{shiny}      R  stderr ----------- Loading required package: formatters
{shiny}      R  stderr ----------- Loading required package: magrittr
{shiny}      R  stderr ----------- 
{shiny}      R  stderr ----------- Attaching package: ‘rtables’
{shiny}      R  stderr ----------- 
{shiny}      R  stderr ----------- The following object is masked from ‘package:utils’:
{shiny}      R  stderr ----------- 
{shiny}      R  stderr -----------     str
{shiny}      R  stderr ----------- 
{shiny}      R  stderr ----------- Running application in test mode.
{shiny}      R  stderr ----------- 
{shiny}      R  stderr ----------- Listening on http://127.0.0.1:4873
{shiny}      R  stderr ----------- Initializing reporter_previewer_module
{shiny}      R  stderr ----------- Warning: Error in &lt;Anonymous&gt;: error in evaluating the argument 'code' in selecting a method for function 'eval_code': Assertion on 'subset' failed: Must be a subset of {'','USUBJID','STUDYID','CMCLAS','CMDECOD','ATIREL','CMCAT','COUNTRY','SITEID','SUBJID','AGE','SEX','ARMCD','ARM','ACTARMCD','ACTARM','RACE','TRTSDTM','TRTEDTM','EOSDY','EOSDT','STRATA1','STRATA2','BMRKR1','BMRKR2','REGION1','SAFFL','EOSSTT','EOTSTT','DCSREAS','DTHDT','ASTDTM','ASTDY','AENDTM','AENDY','CMSEQ','ATC1','ATC2','ATC3','ATC4','CMINDC','CMDOSE','CMTRT','CMDOSU','CMROUTE','CMDOSFRQ','CMASTDTM','CMAENDTM','ATIREL2','CMDECOD2','CMINDC2','CMDOSE2','CMDOSU2','CMROUTE2','CMDOSFRQ2','ASTDY2','AENDY2'}, but has additional elements {'CMTRT2'}.
{shiny}      R  stderr -----------   241: &lt;Anonymous&gt;
{shiny}      R  stderr -----------   240: stop
{shiny}      R  stderr -----------   239: mstop
{shiny}      R  stderr -----------   238: makeAssertion
{shiny}      R  stderr -----------   237: checkmate::assert_subset
{shiny}      R  stderr -----------   236: variable_choices.data.frame
{shiny}      R  stderr -----------   233: resolve.delayed_variable_choices
{shiny}      R  stderr -----------   231: resolve.delayed_select_spec
{shiny}      R  stderr -----------   229: resolve.delayed_data_extract_spec
{shiny}      R  stderr -----------   227: resolve_delayed.list
{shiny}      R  stderr -----------   213: module
{shiny}      R  stderr -----------   208: callModule
{shiny}      R  stderr -----------   207: moduleServer
{shiny}      R  stderr -----------   206: data_extract_single_srv
{shiny}      R  stderr -----------   205: FUN
{shiny}      R  stderr -----------   204: lapply
{shiny}      R  stderr -----------   203: module
{shiny}      R  stderr -----------   198: callModule
{shiny}      R  stderr -----------   197: moduleServer
{shiny}      R  stderr -----------   196: data_extract_srv.list
{shiny}      R  stderr -----------   194: FUN
{shiny}      R  stderr -----------   193: lapply
{shiny}      R  stderr -----------   192: sapply
{shiny}      R  stderr -----------   191: &lt;reactive&gt;
{shiny}      R  stderr -----------   175: selector_list
{shiny}      R  stderr -----------   170: &lt;reactive&gt;
{shiny}      R  stderr -----------   154: anl_inputs
{shiny}      R  stderr -----------   153: as.expression
{shiny}      R  stderr -----------   152: teal.code::eval_code
{shiny}      R  stderr -----------   151: %&gt;%
{shiny}      R  stderr -----------   150: &lt;reactive&gt;
{shiny}      R  stderr -----------   134: merged$anl_q
{shiny}      R  stderr -----------   128: &lt;reactive&gt;
{shiny}      R  stderr -----------   112: all_q
{shiny}      R  stderr -----------   110: renderText
{shiny}      R  stderr -----------   109: func
{shiny}      R  stderr -----------    96: renderFunc
{shiny}      R  stderr -----------    95: output$teal-main_ui-root-therapy__e2e_-module-title
{shiny}      R  stderr -----------    14: &lt;Anonymous&gt;
{shiny}      R  stderr -----------    12: &lt;Anonymous&gt;
{shiny}      R  stderr -----------    11: &lt;Anonymous&gt;
{shiny}      R  stderr -----------    10: base::do.call
{shiny}      R  stderr -----------     9: base::saveRDS
{shiny}      R  stderr -----------     8: base::withCallingHandlers
{shiny}      R  stderr -----------     7: doTryCatch
{shiny}      R  stderr -----------     6: tryCatchOne
{shiny}      R  stderr -----------     5: tryCatchList
{shiny}      R  stderr -----------     2: tryCatchList
{shiny}      R  stderr -----------     1: base::tryCatch
{shiny}      R  stderr ----------- Warning: Error in &lt;Anonymous&gt;: error in evaluating the argument 'code' in selecting a method for function 'eval_code': Assertion on 'subset' failed: Must be a subset of {'','USUBJID','STUDYID','CMCLAS','CMDECOD','ATIREL','CMCAT','COUNTRY','SITEID','SUBJID','AGE','SEX','ARMCD','ARM','ACTARMCD','ACTARM','RACE','TRTSDTM','TRTEDTM','EOSDY','EOSDT','STRATA1','STRATA2','BMRKR1','BMRKR2','REGION1','SAFFL','EOSSTT','EOTSTT','DCSREAS','DTHDT','ASTDTM','ASTDY','AENDTM','AENDY','CMSEQ','ATC1','ATC2','ATC3','ATC4','CMINDC','CMDOSE','CMTRT','CMDOSU','CMROUTE','CMDOSFRQ','CMASTDTM','CMAENDTM','ATIREL2','CMDECOD2','CMINDC2','CMDOSE2','CMDOSU2','CMROUTE2','CMDOSFRQ2','ASTDY2','AENDY2'}, but has additional elements {'CMTRT2'}.
{shiny}      R  stderr -----------   122: &lt;Anonymous&gt;
{shiny}      R  stderr -----------   121: stop
{shiny}      R  stderr -----------   120: all_q
{shiny}      R  stderr -----------   117: exprFunc
{shiny}      R  stderr -----------   116: widgetFunc
{shiny}      R  stderr -----------   115: ::
{shiny}      R  stderr ----------- htmlwidgets
{shiny}      R  stderr ----------- shinyRenderWidget
{shiny}      R  stderr -----------   114: func
{shiny}      R  stderr -----------   101: renderFunc
{shiny}      R  stderr -----------   100: renderFunc
{shiny}      R  stderr -----------    96: renderFunc
{shiny}      R  stderr -----------    95: output$teal-main_ui-root-therapy__e2e_-module-therapy_table
{shiny}      R  stderr -----------    14: &lt;Anonymous&gt;
{shiny}      R  stderr -----------    12: &lt;Anonymous&gt;
{shiny}      R  stderr -----------    11: &lt;Anonymous&gt;
{shiny}      R  stderr -----------    10: base::do.call
{shiny}      R  stderr -----------     9: base::saveRDS
{shiny}      R  stderr -----------     8: base::withCallingHandlers
{shiny}      R  stderr -----------     7: doTryCatch
{shiny}      R  stderr -----------     6: tryCatchOne
{shiny}      R  stderr -----------     5: tryCatchList
{shiny}      R  stderr -----------     2: tryCatchList
{shiny}      R  stderr -----------     1: base::tryCatch
{shiny}      R  stderr ----------- Warning: Error in variable_choices.data.frame: Assertion on 'subset' failed: Must be a subset of {'','USUBJID','STUDYID','CMCLAS','CMDECOD','ATIREL','CMCAT','COUNTRY','SITEID','SUBJID','AGE','SEX','ARMCD','ARM','ACTARMCD','ACTARM','RACE','TRTSDTM','TRTEDTM','EOSDY','EOSDT','STRATA1','STRATA2','BMRKR1','BMRKR2','REGION1','SAFFL','EOSSTT','EOTSTT','DCSREAS','DTHDT','ASTDTM','ASTDY','AENDTM','AENDY','CMSEQ','ATC1','ATC2','ATC3','ATC4','CMINDC','CMDOSE','CMTRT','CMDOSU','CMROUTE','CMDOSFRQ','CMASTDTM','CMAENDTM','ATIREL2','CMDECOD2','CMINDC2','CMDOSE2','CMDOSU2','CMROUTE2','CMDOSFRQ2','ASTDY2','AENDY2'}, but has additional elements {'CMTRT2'}.
{shiny}      R  stderr -----------   162: &lt;Anonymous&gt;
{shiny}      R  stderr -----------   161: stop
{shiny}      R  stderr -----------   160: selector_list
{shiny}      R  stderr -----------   159: teal.transform::compose_and_enable_validators
{shiny}      R  stderr -----------   158: &lt;reactive&gt;
{shiny}      R  stderr -----------   142: iv_r
{shiny}      R  stderr -----------   135: &lt;reactive&gt;
{shiny}      R  stderr -----------   119: plot_r
{shiny}      R  stderr -----------   110: renderUI
{shiny}      R  stderr -----------   109: func
{shiny}      R  stderr -----------    96: renderFunc
{shiny}      R  stderr -----------    95: output$teal-main_ui-root-therapy__e2e_-module-therapy_plot-plot_out_main
{shiny}      R  stderr -----------    14: &lt;Anonymous&gt;
{shiny}      R  stderr -----------    12: &lt;Anonymous&gt;
{shiny}      R  stderr -----------    11: &lt;Anonymous&gt;
{shiny}      R  stderr -----------    10: base::do.call
{shiny}      R  stderr -----------     9: base::saveRDS
{shiny}      R  stderr -----------     8: base::withCallingHandlers
{shiny}      R  stderr -----------     7: doTryCatch
{shiny}      R  stderr -----------     6: tryCatchOne
{shiny}      R  stderr -----------     5: tryCatchList
{shiny}      R  stderr -----------     2: tryCatchList
{shiny}      R  stderr -----------     1: base::tryCatch
{shiny}      R  stderr ----------- Warning: Error in &lt;Anonymous&gt;: error in evaluating the argument 'code' in selecting a method for function 'eval_code': Assertion on 'subset' failed: Must be a subset of {'','USUBJID','STUDYID','CMCLAS','CMDECOD','ATIREL','CMCAT','COUNTRY','SITEID','SUBJID','AGE','SEX','ARMCD','ARM','ACTARMCD','ACTARM','RACE','TRTSDTM','TRTEDTM','EOSDY','EOSDT','STRATA1','STRATA2','BMRKR1','BMRKR2','REGION1','SAFFL','EOSSTT','EOTSTT','DCSREAS','DTHDT','ASTDTM','ASTDY','AENDTM','AENDY','CMSEQ','ATC1','ATC2','ATC3','ATC4','CMINDC','CMDOSE','CMTRT','CMDOSU','CMROUTE','CMDOSFRQ','CMASTDTM','CMAENDTM','ATIREL2','CMDECOD2','CMINDC2','CMDOSE2','CMDOSU2','CMROUTE2','CMDOSFRQ2','ASTDY2','AENDY2'}, but has additional elements {'CMTRT2'}.
{shiny}      R  stderr -----------   14: &lt;Anonymous&gt;
{shiny}      R  stderr -----------   12: &lt;Anonymous&gt;
{shiny}      R  stderr -----------   11: &lt;Anonymous&gt;
{shiny}      R  stderr -----------   10: base::do.call
{shiny}      R  stderr -----------    9: base::saveRDS
{shiny}      R  stderr -----------    8: base::withCallingHandlers
{shiny}      R  stderr -----------    7: doTryCatch
{shiny}      R  stderr -----------    6: tryCatchOne
{shiny}      R  stderr -----------    5: tryCatchList
{shiny}      R  stderr -----------    2: tryCatchList
{shiny}      R  stderr -----------    1: base::tryCatch


Caused by error in `app_initialize_()`:
! Shiny app did not become stable in 1e+05ms.
Message: An error occurred while waiting for Shiny to be stable
Caused by error in `app_wait_for_idle()`:
! An error occurred while waiting for Shiny to be stable
Backtrace:
     x
  1. +-teal.modules.clinical (local) app_driver_tm_g_pp_therapy() at test-shinytest2-tm_g_pp_therapy.R:189:5
  2. | \-teal.modules.clinical:::init_teal_app_driver(...) at test-shinytest2-tm_g_pp_therapy.R:31:3
  3. |   +-testthat::with_mocked_bindings(...) at tests/testthat/helper-TealAppDriver.R:7:3
  4. |   \-TealAppDriver$new(...) at tests/testthat/helper-TealAppDriver.R:10:7
  5. |     \-teal (local) initialize(...)
  6. |       +-base::suppressWarnings(...)
  7. |       | \-base::withCallingHandlers(...)
  8. |       \-super$initialize(...)
  9. |         \-shinytest2:::app_initialize(...)
 10. |           +-base::withCallingHandlers(...)
 11. |           \-shinytest2:::app_initialize_(self, private, ..., view = view)
 12. |             +-base::withCallingHandlers(...)
 13. |             \-self$wait_for_idle(duration = 200, timeout = private$load_timeout)
 14. |               \-shinytest2:::app_wait_for_idle(...)
 15. |                 \-shinytest2:::app_abort(self, private, "An error occurred while waiting for Shiny to be stable")
 16. |                   \-rlang::abort(..., app = self, call = call)
 17. |                     \-rlang:::signal_abort(cnd, .file)
 18. |                       \-base::signalCondition(cnd)
 19. +-shinytest2 (local) `&lt;fn&gt;`(`&lt;rlng_rrr&gt;`)
 20. | \-shinytest2:::app_abort(...)
 21. |   \-rlang::abort(..., app = self, call = call)
 22. |     \-rlang:::signal_abort(cnd, .file)
 23. |       \-base::signalCondition(cnd)
 24. \-shinytest2 (local) `&lt;fn&gt;`(`&lt;rlng_rrr&gt;`)
 25.   \-shinytest2:::app_abort(...)
 26.     \-rlang::abort(..., app = self, call = call)</error>
    </testcase>
    <testcase time="103.225" classname="shinytest2_tm_g_pp_therapy" name="e2e_tm_g_pp_therapy_Selection_of_cmendy_changes_the_element_and_does_not_throw_validation_errors">
      <error type="error" message="Error in `app_initialize(self, private, app_dir = app_dir, ..., load_timeout = load_timeout,  ('test-shinytest2-tm_g_pp_therapy.R:162:9')">Error in `app_initialize(self, private, app_dir = app_dir, ..., load_timeout = load_timeout, 
    timeout = timeout, wait = wait, expect_values_screenshot_args = expect_values_screenshot_args, 
    screenshot_args = screenshot_args, check_names = check_names, 
    name = name, variant = variant, view = view, height = height, 
    width = width, seed = seed, clean_logs = clean_logs, shiny_args = shiny_args, 
    render_args = render_args, options = options)`: Shiny app did not become stable in 1e+05ms.
Message: An error occurred while waiting for Shiny to be stable
Caused by error in `app_wait_for_idle()`:
! An error occurred while waiting for Shiny to be stable


i You can inspect the failed AppDriver object via `rlang::last_error()$app`
i AppDriver logs:
{shinytest2} R  info   18:05:38.97 Start AppDriver initialization
{shinytest2} R  info   18:05:38.99 Starting Shiny app
{shinytest2} R  info   18:05:41.22 Creating new ChromoteSession
{shinytest2} R  info   18:05:41.24 Navigating to Shiny app
{shinytest2} R  info   18:05:41.39 Injecting shiny-tracer.js
{chromote}   JS info   18:05:41.40 shinytest2; jQuery not found
{chromote}   JS info   18:05:41.40 shinytest2; Loaded
{shinytest2} R  info   18:05:41.40 Waiting for Shiny to become ready
{chromote}   JS info   18:05:41.49 shinytest2; jQuery found
{chromote}   JS info   18:05:41.49 shinytest2; Waiting for shiny session to connect
{chromote}   JS info   18:05:41.63 shinytest2; Connected
{chromote}   JS info   18:05:41.67 shinytest2; shiny:busy
{shinytest2} R  info   18:05:41.72 Waiting for Shiny to become idle for 200ms within 1e+05ms
{chromote}   JS info   18:05:41.72 shinytest2; Waiting for Shiny to be stable
{chromote}   JS info   18:05:42.96 shinytest2; shiny:idle
{chromote}   JS info   18:05:42.96 shinytest2; shiny:value teal-identifier
{chromote}   JS info   18:05:42.96 shinytest2; shiny:value error
{chromote}   JS info   18:05:42.97 shinytest2; shiny:busy
{chromote}   JS info   18:05:42.97 shinytest2; shiny:idle
{chromote}   JS info   18:05:42.98 shinytest2; shiny:busy
{shinytest2} R  info   18:07:21.74 Error while initializing AppDriver:
                                   Shiny app did not become stable in 1e+05ms.
                                   Message: An error occurred while waiting for Shiny to be stable
                                   Caused by error in `app_wait_for_idle()`:
                                   ! An error occurred while waiting for Shiny to be stable
{shiny}      R  stderr ----------- Loading required package: shiny
{shiny}      R  stderr ----------- Attempting to load the environment ‘package:dplyr’
{shiny}      R  stderr ----------- 
{shiny}      R  stderr ----------- Attaching package: ‘dplyr’
{shiny}      R  stderr ----------- 
{shiny}      R  stderr ----------- The following objects are masked from ‘package:stats’:
{shiny}      R  stderr ----------- 
{shiny}      R  stderr -----------     filter, lag
{shiny}      R  stderr ----------- 
{shiny}      R  stderr ----------- The following objects are masked from ‘package:base’:
{shiny}      R  stderr ----------- 
{shiny}      R  stderr -----------     intersect, setdiff, setequal, union
{shiny}      R  stderr ----------- 
{shiny}      R  stderr ----------- Loading required package: teal
{shiny}      R  stderr ----------- Loading required package: teal.data
{shiny}      R  stderr ----------- Loading required package: teal.code
{shiny}      R  stderr ----------- Loading required package: teal.slice
{shiny}      R  stderr ----------- 
{shiny}      R  stderr ----------- You are using teal version 0.15.2.9031
{shiny}      R  stderr ----------- 
{shiny}      R  stderr ----------- Attaching package: ‘teal’
{shiny}      R  stderr ----------- 
{shiny}      R  stderr ----------- The following objects are masked from ‘package:teal.slice’:
{shiny}      R  stderr ----------- 
{shiny}      R  stderr -----------     as.teal_slices, teal_slices
{shiny}      R  stderr ----------- 
{shiny}      R  stderr ----------- Loading required package: teal.transform
{shiny}      R  stderr ----------- Loading required package: tern
{shiny}      R  stderr ----------- Loading required package: rtables
{shiny}      R  stderr ----------- Loading required package: formatters
{shiny}      R  stderr ----------- Loading required package: magrittr
{shiny}      R  stderr ----------- 
{shiny}      R  stderr ----------- Attaching package: ‘rtables’
{shiny}      R  stderr ----------- 
{shiny}      R  stderr ----------- The following object is masked from ‘package:utils’:
{shiny}      R  stderr ----------- 
{shiny}      R  stderr -----------     str
{shiny}      R  stderr ----------- 
{shiny}      R  stderr ----------- Running application in test mode.
{shiny}      R  stderr ----------- 
{shiny}      R  stderr ----------- Listening on http://127.0.0.1:7116
{shiny}      R  stderr ----------- Initializing reporter_previewer_module
{shiny}      R  stderr ----------- Warning: Error in &lt;Anonymous&gt;: error in evaluating the argument 'code' in selecting a method for function 'eval_code': Assertion on 'subset' failed: Must be a subset of {'','USUBJID','STUDYID','CMCLAS','CMDECOD','ATIREL','CMCAT','COUNTRY','SITEID','SUBJID','AGE','SEX','ARMCD','ARM','ACTARMCD','ACTARM','RACE','TRTSDTM','TRTEDTM','EOSDY','EOSDT','STRATA1','STRATA2','BMRKR1','BMRKR2','REGION1','SAFFL','EOSSTT','EOTSTT','DCSREAS','DTHDT','ASTDTM','ASTDY','AENDTM','AENDY','CMSEQ','ATC1','ATC2','ATC3','ATC4','CMINDC','CMDOSE','CMTRT','CMDOSU','CMROUTE','CMDOSFRQ','CMASTDTM','CMAENDTM','ATIREL2','CMDECOD2','CMINDC2','CMDOSE2','CMDOSU2','CMROUTE2','CMDOSFRQ2','ASTDY2','AENDY2'}, but has additional elements {'CMTRT2'}.
{shiny}      R  stderr -----------   241: &lt;Anonymous&gt;
{shiny}      R  stderr -----------   240: stop
{shiny}      R  stderr -----------   239: mstop
{shiny}      R  stderr -----------   238: makeAssertion
{shiny}      R  stderr -----------   237: checkmate::assert_subset
{shiny}      R  stderr -----------   236: variable_choices.data.frame
{shiny}      R  stderr -----------   233: resolve.delayed_variable_choices
{shiny}      R  stderr -----------   231: resolve.delayed_select_spec
{shiny}      R  stderr -----------   229: resolve.delayed_data_extract_spec
{shiny}      R  stderr -----------   227: resolve_delayed.list
{shiny}      R  stderr -----------   213: module
{shiny}      R  stderr -----------   208: callModule
{shiny}      R  stderr -----------   207: moduleServer
{shiny}      R  stderr -----------   206: data_extract_single_srv
{shiny}      R  stderr -----------   205: FUN
{shiny}      R  stderr -----------   204: lapply
{shiny}      R  stderr -----------   203: module
{shiny}      R  stderr -----------   198: callModule
{shiny}      R  stderr -----------   197: moduleServer
{shiny}      R  stderr -----------   196: data_extract_srv.list
{shiny}      R  stderr -----------   194: FUN
{shiny}      R  stderr -----------   193: lapply
{shiny}      R  stderr -----------   192: sapply
{shiny}      R  stderr -----------   191: &lt;reactive&gt;
{shiny}      R  stderr -----------   175: selector_list
{shiny}      R  stderr -----------   170: &lt;reactive&gt;
{shiny}      R  stderr -----------   154: anl_inputs
{shiny}      R  stderr -----------   153: as.expression
{shiny}      R  stderr -----------   152: teal.code::eval_code
{shiny}      R  stderr -----------   151: %&gt;%
{shiny}      R  stderr -----------   150: &lt;reactive&gt;
{shiny}      R  stderr -----------   134: merged$anl_q
{shiny}      R  stderr -----------   128: &lt;reactive&gt;
{shiny}      R  stderr -----------   112: all_q
{shiny}      R  stderr -----------   110: renderText
{shiny}      R  stderr -----------   109: func
{shiny}      R  stderr -----------    96: renderFunc
{shiny}      R  stderr -----------    95: output$teal-main_ui-root-therapy__e2e_-module-title
{shiny}      R  stderr -----------    14: &lt;Anonymous&gt;
{shiny}      R  stderr -----------    12: &lt;Anonymous&gt;
{shiny}      R  stderr -----------    11: &lt;Anonymous&gt;
{shiny}      R  stderr -----------    10: base::do.call
{shiny}      R  stderr -----------     9: base::saveRDS
{shiny}      R  stderr -----------     8: base::withCallingHandlers
{shiny}      R  stderr -----------     7: doTryCatch
{shiny}      R  stderr -----------     6: tryCatchOne
{shiny}      R  stderr -----------     5: tryCatchList
{shiny}      R  stderr -----------     2: tryCatchList
{shiny}      R  stderr -----------     1: base::tryCatch
{shiny}      R  stderr ----------- Warning: Error in &lt;Anonymous&gt;: error in evaluating the argument 'code' in selecting a method for function 'eval_code': Assertion on 'subset' failed: Must be a subset of {'','USUBJID','STUDYID','CMCLAS','CMDECOD','ATIREL','CMCAT','COUNTRY','SITEID','SUBJID','AGE','SEX','ARMCD','ARM','ACTARMCD','ACTARM','RACE','TRTSDTM','TRTEDTM','EOSDY','EOSDT','STRATA1','STRATA2','BMRKR1','BMRKR2','REGION1','SAFFL','EOSSTT','EOTSTT','DCSREAS','DTHDT','ASTDTM','ASTDY','AENDTM','AENDY','CMSEQ','ATC1','ATC2','ATC3','ATC4','CMINDC','CMDOSE','CMTRT','CMDOSU','CMROUTE','CMDOSFRQ','CMASTDTM','CMAENDTM','ATIREL2','CMDECOD2','CMINDC2','CMDOSE2','CMDOSU2','CMROUTE2','CMDOSFRQ2','ASTDY2','AENDY2'}, but has additional elements {'CMTRT2'}.
{shiny}      R  stderr -----------   122: &lt;Anonymous&gt;
{shiny}      R  stderr -----------   121: stop
{shiny}      R  stderr -----------   120: all_q
{shiny}      R  stderr -----------   117: exprFunc
{shiny}      R  stderr -----------   116: widgetFunc
{shiny}      R  stderr -----------   115: ::
{shiny}      R  stderr ----------- htmlwidgets
{shiny}      R  stderr ----------- shinyRenderWidget
{shiny}      R  stderr -----------   114: func
{shiny}      R  stderr -----------   101: renderFunc
{shiny}      R  stderr -----------   100: renderFunc
{shiny}      R  stderr -----------    96: renderFunc
{shiny}      R  stderr -----------    95: output$teal-main_ui-root-therapy__e2e_-module-therapy_table
{shiny}      R  stderr -----------    14: &lt;Anonymous&gt;
{shiny}      R  stderr -----------    12: &lt;Anonymous&gt;
{shiny}      R  stderr -----------    11: &lt;Anonymous&gt;
{shiny}      R  stderr -----------    10: base::do.call
{shiny}      R  stderr -----------     9: base::saveRDS
{shiny}      R  stderr -----------     8: base::withCallingHandlers
{shiny}      R  stderr -----------     7: doTryCatch
{shiny}      R  stderr -----------     6: tryCatchOne
{shiny}      R  stderr -----------     5: tryCatchList
{shiny}      R  stderr -----------     2: tryCatchList
{shiny}      R  stderr -----------     1: base::tryCatch
{shiny}      R  stderr ----------- Warning: Error in variable_choices.data.frame: Assertion on 'subset' failed: Must be a subset of {'','USUBJID','STUDYID','CMCLAS','CMDECOD','ATIREL','CMCAT','COUNTRY','SITEID','SUBJID','AGE','SEX','ARMCD','ARM','ACTARMCD','ACTARM','RACE','TRTSDTM','TRTEDTM','EOSDY','EOSDT','STRATA1','STRATA2','BMRKR1','BMRKR2','REGION1','SAFFL','EOSSTT','EOTSTT','DCSREAS','DTHDT','ASTDTM','ASTDY','AENDTM','AENDY','CMSEQ','ATC1','ATC2','ATC3','ATC4','CMINDC','CMDOSE','CMTRT','CMDOSU','CMROUTE','CMDOSFRQ','CMASTDTM','CMAENDTM','ATIREL2','CMDECOD2','CMINDC2','CMDOSE2','CMDOSU2','CMROUTE2','CMDOSFRQ2','ASTDY2','AENDY2'}, but has additional elements {'CMTRT2'}.
{shiny}      R  stderr -----------   162: &lt;Anonymous&gt;
{shiny}      R  stderr -----------   161: stop
{shiny}      R  stderr -----------   160: selector_list
{shiny}      R  stderr -----------   159: teal.transform::compose_and_enable_validators
{shiny}      R  stderr -----------   158: &lt;reactive&gt;
{shiny}      R  stderr -----------   142: iv_r
{shiny}      R  stderr -----------   135: &lt;reactive&gt;
{shiny}      R  stderr -----------   119: plot_r
{shiny}      R  stderr -----------   110: renderUI
{shiny}      R  stderr -----------   109: func
{shiny}      R  stderr -----------    96: renderFunc
{shiny}      R  stderr -----------    95: output$teal-main_ui-root-therapy__e2e_-module-therapy_plot-plot_out_main
{shiny}      R  stderr -----------    14: &lt;Anonymous&gt;
{shiny}      R  stderr -----------    12: &lt;Anonymous&gt;
{shiny}      R  stderr -----------    11: &lt;Anonymous&gt;
{shiny}      R  stderr -----------    10: base::do.call
{shiny}      R  stderr -----------     9: base::saveRDS
{shiny}      R  stderr -----------     8: base::withCallingHandlers
{shiny}      R  stderr -----------     7: doTryCatch
{shiny}      R  stderr -----------     6: tryCatchOne
{shiny}      R  stderr -----------     5: tryCatchList
{shiny}      R  stderr -----------     2: tryCatchList
{shiny}      R  stderr -----------     1: base::tryCatch
{shiny}      R  stderr ----------- Warning: Error in &lt;Anonymous&gt;: error in evaluating the argument 'code' in selecting a method for function 'eval_code': Assertion on 'subset' failed: Must be a subset of {'','USUBJID','STUDYID','CMCLAS','CMDECOD','ATIREL','CMCAT','COUNTRY','SITEID','SUBJID','AGE','SEX','ARMCD','ARM','ACTARMCD','ACTARM','RACE','TRTSDTM','TRTEDTM','EOSDY','EOSDT','STRATA1','STRATA2','BMRKR1','BMRKR2','REGION1','SAFFL','EOSSTT','EOTSTT','DCSREAS','DTHDT','ASTDTM','ASTDY','AENDTM','AENDY','CMSEQ','ATC1','ATC2','ATC3','ATC4','CMINDC','CMDOSE','CMTRT','CMDOSU','CMROUTE','CMDOSFRQ','CMASTDTM','CMAENDTM','ATIREL2','CMDECOD2','CMINDC2','CMDOSE2','CMDOSU2','CMROUTE2','CMDOSFRQ2','ASTDY2','AENDY2'}, but has additional elements {'CMTRT2'}.
{shiny}      R  stderr -----------   14: &lt;Anonymous&gt;
{shiny}      R  stderr -----------   12: &lt;Anonymous&gt;
{shiny}      R  stderr -----------   11: &lt;Anonymous&gt;
{shiny}      R  stderr -----------   10: base::do.call
{shiny}      R  stderr -----------    9: base::saveRDS
{shiny}      R  stderr -----------    8: base::withCallingHandlers
{shiny}      R  stderr -----------    7: doTryCatch
{shiny}      R  stderr -----------    6: tryCatchOne
{shiny}      R  stderr -----------    5: tryCatchList
{shiny}      R  stderr -----------    2: tryCatchList
{shiny}      R  stderr -----------    1: base::tryCatch


Caused by error in `app_initialize_()`:
! Shiny app did not become stable in 1e+05ms.
Message: An error occurred while waiting for Shiny to be stable
Caused by error in `app_wait_for_idle()`:
! An error occurred while waiting for Shiny to be stable
Backtrace:
     x
  1. +-teal.modules.clinical (local) app_driver_tm_g_pp_therapy() at test-shinytest2-tm_g_pp_therapy.R:162:9
  2. | \-teal.modules.clinical:::init_teal_app_driver(...) at test-shinytest2-tm_g_pp_therapy.R:31:3
  3. |   +-testthat::with_mocked_bindings(...) at tests/testthat/helper-TealAppDriver.R:7:3
  4. |   \-TealAppDriver$new(...) at tests/testthat/helper-TealAppDriver.R:10:7
  5. |     \-teal (local) initialize(...)
  6. |       +-base::suppressWarnings(...)
  7. |       | \-base::withCallingHandlers(...)
  8. |       \-super$initialize(...)
  9. |         \-shinytest2:::app_initialize(...)
 10. |           +-base::withCallingHandlers(...)
 11. |           \-shinytest2:::app_initialize_(self, private, ..., view = view)
 12. |             +-base::withCallingHandlers(...)
 13. |             \-self$wait_for_idle(duration = 200, timeout = private$load_timeout)
 14. |               \-shinytest2:::app_wait_for_idle(...)
 15. |                 \-shinytest2:::app_abort(self, private, "An error occurred while waiting for Shiny to be stable")
 16. |                   \-rlang::abort(..., app = self, call = call)
 17. |                     \-rlang:::signal_abort(cnd, .file)
 18. |                       \-base::signalCondition(cnd)
 19. +-shinytest2 (local) `&lt;fn&gt;`(`&lt;rlng_rrr&gt;`)
 20. | \-shinytest2:::app_abort(...)
 21. |   \-rlang::abort(..., app = self, call = call)
 22. |     \-rlang:::signal_abort(cnd, .file)
 23. |       \-base::signalCondition(cnd)
 24. \-shinytest2 (local) `&lt;fn&gt;`(`&lt;rlng_rrr&gt;`)
 25.   \-shinytest2:::app_abort(...)
 26.     \-rlang::abort(..., app = self, call = call)</error>
    </testcase>
    <testcase time="103.164" classname="shinytest2_tm_g_pp_therapy" name="e2e_tm_g_pp_therapy_Deselection_of_cmendy_dataset_ADCM_singleextract_select_throws_validation_error.">
      <error type="error" message="Error in `app_initialize(self, private, app_dir = app_dir, ..., load_timeout = load_timeout,  ('test-shinytest2-tm_g_pp_therapy.R:189:5')">Error in `app_initialize(self, private, app_dir = app_dir, ..., load_timeout = load_timeout, 
    timeout = timeout, wait = wait, expect_values_screenshot_args = expect_values_screenshot_args, 
    screenshot_args = screenshot_args, check_names = check_names, 
    name = name, variant = variant, view = view, height = height, 
    width = width, seed = seed, clean_logs = clean_logs, shiny_args = shiny_args, 
    render_args = render_args, options = options)`: Shiny app did not become stable in 1e+05ms.
Message: An error occurred while waiting for Shiny to be stable
Caused by error in `app_wait_for_idle()`:
! An error occurred while waiting for Shiny to be stable


i You can inspect the failed AppDriver object via `rlang::last_error()$app`
i AppDriver logs:
{shinytest2} R  info   18:07:22.19 Start AppDriver initialization
{shinytest2} R  info   18:07:22.22 Starting Shiny app
{shinytest2} R  info   18:07:24.44 Creating new ChromoteSession
{shinytest2} R  info   18:07:24.47 Navigating to Shiny app
{shinytest2} R  info   18:07:24.56 Injecting shiny-tracer.js
{chromote}   JS info   18:07:24.57 shinytest2; jQuery not found
{chromote}   JS info   18:07:24.57 shinytest2; Loaded
{shinytest2} R  info   18:07:24.57 Waiting for Shiny to become ready
{chromote}   JS info   18:07:24.66 shinytest2; jQuery found
{chromote}   JS info   18:07:24.66 shinytest2; Waiting for shiny session to connect
{chromote}   JS info   18:07:24.79 shinytest2; Connected
{chromote}   JS info   18:07:24.83 shinytest2; shiny:busy
{shinytest2} R  info   18:07:24.88 Waiting for Shiny to become idle for 200ms within 1e+05ms
{chromote}   JS info   18:07:24.88 shinytest2; Waiting for Shiny to be stable
{chromote}   JS info   18:07:26.11 shinytest2; shiny:idle
{chromote}   JS info   18:07:26.11 shinytest2; shiny:value teal-identifier
{chromote}   JS info   18:07:26.11 shinytest2; shiny:value error
{chromote}   JS info   18:07:26.12 shinytest2; shiny:busy
{chromote}   JS info   18:07:26.12 shinytest2; shiny:idle
{chromote}   JS info   18:07:26.13 shinytest2; shiny:busy
{shinytest2} R  info   18:09:04.90 Error while initializing AppDriver:
                                   Shiny app did not become stable in 1e+05ms.
                                   Message: An error occurred while waiting for Shiny to be stable
                                   Caused by error in `app_wait_for_idle()`:
                                   ! An error occurred while waiting for Shiny to be stable
{shiny}      R  stderr ----------- Loading required package: shiny
{shiny}      R  stderr ----------- Attempting to load the environment ‘package:dplyr’
{shiny}      R  stderr ----------- 
{shiny}      R  stderr ----------- Attaching package: ‘dplyr’
{shiny}      R  stderr ----------- 
{shiny}      R  stderr ----------- The following objects are masked from ‘package:stats’:
{shiny}      R  stderr ----------- 
{shiny}      R  stderr -----------     filter, lag
{shiny}      R  stderr ----------- 
{shiny}      R  stderr ----------- The following objects are masked from ‘package:base’:
{shiny}      R  stderr ----------- 
{shiny}      R  stderr -----------     intersect, setdiff, setequal, union
{shiny}      R  stderr ----------- 
{shiny}      R  stderr ----------- Loading required package: teal
{shiny}      R  stderr ----------- Loading required package: teal.data
{shiny}      R  stderr ----------- Loading required package: teal.code
{shiny}      R  stderr ----------- Loading required package: teal.slice
{shiny}      R  stderr ----------- 
{shiny}      R  stderr ----------- You are using teal version 0.15.2.9031
{shiny}      R  stderr ----------- 
{shiny}      R  stderr ----------- Attaching package: ‘teal’
{shiny}      R  stderr ----------- 
{shiny}      R  stderr ----------- The following objects are masked from ‘package:teal.slice’:
{shiny}      R  stderr ----------- 
{shiny}      R  stderr -----------     as.teal_slices, teal_slices
{shiny}      R  stderr ----------- 
{shiny}      R  stderr ----------- Loading required package: teal.transform
{shiny}      R  stderr ----------- Loading required package: tern
{shiny}      R  stderr ----------- Loading required package: rtables
{shiny}      R  stderr ----------- Loading required package: formatters
{shiny}      R  stderr ----------- Loading required package: magrittr
{shiny}      R  stderr ----------- 
{shiny}      R  stderr ----------- Attaching package: ‘rtables’
{shiny}      R  stderr ----------- 
{shiny}      R  stderr ----------- The following object is masked from ‘package:utils’:
{shiny}      R  stderr ----------- 
{shiny}      R  stderr -----------     str
{shiny}      R  stderr ----------- 
{shiny}      R  stderr ----------- Running application in test mode.
{shiny}      R  stderr ----------- 
{shiny}      R  stderr ----------- Listening on http://127.0.0.1:7813
{shiny}      R  stderr ----------- Initializing reporter_previewer_module
{shiny}      R  stderr ----------- Warning: Error in &lt;Anonymous&gt;: error in evaluating the argument 'code' in selecting a method for function 'eval_code': Assertion on 'subset' failed: Must be a subset of {'','USUBJID','STUDYID','CMCLAS','CMDECOD','ATIREL','CMCAT','COUNTRY','SITEID','SUBJID','AGE','SEX','ARMCD','ARM','ACTARMCD','ACTARM','RACE','TRTSDTM','TRTEDTM','EOSDY','EOSDT','STRATA1','STRATA2','BMRKR1','BMRKR2','REGION1','SAFFL','EOSSTT','EOTSTT','DCSREAS','DTHDT','ASTDTM','ASTDY','AENDTM','AENDY','CMSEQ','ATC1','ATC2','ATC3','ATC4','CMINDC','CMDOSE','CMTRT','CMDOSU','CMROUTE','CMDOSFRQ','CMASTDTM','CMAENDTM','ATIREL2','CMDECOD2','CMINDC2','CMDOSE2','CMDOSU2','CMROUTE2','CMDOSFRQ2','ASTDY2','AENDY2'}, but has additional elements {'CMTRT2'}.
{shiny}      R  stderr -----------   241: &lt;Anonymous&gt;
{shiny}      R  stderr -----------   240: stop
{shiny}      R  stderr -----------   239: mstop
{shiny}      R  stderr -----------   238: makeAssertion
{shiny}      R  stderr -----------   237: checkmate::assert_subset
{shiny}      R  stderr -----------   236: variable_choices.data.frame
{shiny}      R  stderr -----------   233: resolve.delayed_variable_choices
{shiny}      R  stderr -----------   231: resolve.delayed_select_spec
{shiny}      R  stderr -----------   229: resolve.delayed_data_extract_spec
{shiny}      R  stderr -----------   227: resolve_delayed.list
{shiny}      R  stderr -----------   213: module
{shiny}      R  stderr -----------   208: callModule
{shiny}      R  stderr -----------   207: moduleServer
{shiny}      R  stderr -----------   206: data_extract_single_srv
{shiny}      R  stderr -----------   205: FUN
{shiny}      R  stderr -----------   204: lapply
{shiny}      R  stderr -----------   203: module
{shiny}      R  stderr -----------   198: callModule
{shiny}      R  stderr -----------   197: moduleServer
{shiny}      R  stderr -----------   196: data_extract_srv.list
{shiny}      R  stderr -----------   194: FUN
{shiny}      R  stderr -----------   193: lapply
{shiny}      R  stderr -----------   192: sapply
{shiny}      R  stderr -----------   191: &lt;reactive&gt;
{shiny}      R  stderr -----------   175: selector_list
{shiny}      R  stderr -----------   170: &lt;reactive&gt;
{shiny}      R  stderr -----------   154: anl_inputs
{shiny}      R  stderr -----------   153: as.expression
{shiny}      R  stderr -----------   152: teal.code::eval_code
{shiny}      R  stderr -----------   151: %&gt;%
{shiny}      R  stderr -----------   150: &lt;reactive&gt;
{shiny}      R  stderr -----------   134: merged$anl_q
{shiny}      R  stderr -----------   128: &lt;reactive&gt;
{shiny}      R  stderr -----------   112: all_q
{shiny}      R  stderr -----------   110: renderText
{shiny}      R  stderr -----------   109: func
{shiny}      R  stderr -----------    96: renderFunc
{shiny}      R  stderr -----------    95: output$teal-main_ui-root-therapy__e2e_-module-title
{shiny}      R  stderr -----------    14: &lt;Anonymous&gt;
{shiny}      R  stderr -----------    12: &lt;Anonymous&gt;
{shiny}      R  stderr -----------    11: &lt;Anonymous&gt;
{shiny}      R  stderr -----------    10: base::do.call
{shiny}      R  stderr -----------     9: base::saveRDS
{shiny}      R  stderr -----------     8: base::withCallingHandlers
{shiny}      R  stderr -----------     7: doTryCatch
{shiny}      R  stderr -----------     6: tryCatchOne
{shiny}      R  stderr -----------     5: tryCatchList
{shiny}      R  stderr -----------     2: tryCatchList
{shiny}      R  stderr -----------     1: base::tryCatch
{shiny}      R  stderr ----------- Warning: Error in &lt;Anonymous&gt;: error in evaluating the argument 'code' in selecting a method for function 'eval_code': Assertion on 'subset' failed: Must be a subset of {'','USUBJID','STUDYID','CMCLAS','CMDECOD','ATIREL','CMCAT','COUNTRY','SITEID','SUBJID','AGE','SEX','ARMCD','ARM','ACTARMCD','ACTARM','RACE','TRTSDTM','TRTEDTM','EOSDY','EOSDT','STRATA1','STRATA2','BMRKR1','BMRKR2','REGION1','SAFFL','EOSSTT','EOTSTT','DCSREAS','DTHDT','ASTDTM','ASTDY','AENDTM','AENDY','CMSEQ','ATC1','ATC2','ATC3','ATC4','CMINDC','CMDOSE','CMTRT','CMDOSU','CMROUTE','CMDOSFRQ','CMASTDTM','CMAENDTM','ATIREL2','CMDECOD2','CMINDC2','CMDOSE2','CMDOSU2','CMROUTE2','CMDOSFRQ2','ASTDY2','AENDY2'}, but has additional elements {'CMTRT2'}.
{shiny}      R  stderr -----------   122: &lt;Anonymous&gt;
{shiny}      R  stderr -----------   121: stop
{shiny}      R  stderr -----------   120: all_q
{shiny}      R  stderr -----------   117: exprFunc
{shiny}      R  stderr -----------   116: widgetFunc
{shiny}      R  stderr -----------   115: ::
{shiny}      R  stderr ----------- htmlwidgets
{shiny}      R  stderr ----------- shinyRenderWidget
{shiny}      R  stderr -----------   114: func
{shiny}      R  stderr -----------   101: renderFunc
{shiny}      R  stderr -----------   100: renderFunc
{shiny}      R  stderr -----------    96: renderFunc
{shiny}      R  stderr -----------    95: output$teal-main_ui-root-therapy__e2e_-module-therapy_table
{shiny}      R  stderr -----------    14: &lt;Anonymous&gt;
{shiny}      R  stderr -----------    12: &lt;Anonymous&gt;
{shiny}      R  stderr -----------    11: &lt;Anonymous&gt;
{shiny}      R  stderr -----------    10: base::do.call
{shiny}      R  stderr -----------     9: base::saveRDS
{shiny}      R  stderr -----------     8: base::withCallingHandlers
{shiny}      R  stderr -----------     7: doTryCatch
{shiny}      R  stderr -----------     6: tryCatchOne
{shiny}      R  stderr -----------     5: tryCatchList
{shiny}      R  stderr -----------     2: tryCatchList
{shiny}      R  stderr -----------     1: base::tryCatch
{shiny}      R  stderr ----------- Warning: Error in variable_choices.data.frame: Assertion on 'subset' failed: Must be a subset of {'','USUBJID','STUDYID','CMCLAS','CMDECOD','ATIREL','CMCAT','COUNTRY','SITEID','SUBJID','AGE','SEX','ARMCD','ARM','ACTARMCD','ACTARM','RACE','TRTSDTM','TRTEDTM','EOSDY','EOSDT','STRATA1','STRATA2','BMRKR1','BMRKR2','REGION1','SAFFL','EOSSTT','EOTSTT','DCSREAS','DTHDT','ASTDTM','ASTDY','AENDTM','AENDY','CMSEQ','ATC1','ATC2','ATC3','ATC4','CMINDC','CMDOSE','CMTRT','CMDOSU','CMROUTE','CMDOSFRQ','CMASTDTM','CMAENDTM','ATIREL2','CMDECOD2','CMINDC2','CMDOSE2','CMDOSU2','CMROUTE2','CMDOSFRQ2','ASTDY2','AENDY2'}, but has additional elements {'CMTRT2'}.
{shiny}      R  stderr -----------   162: &lt;Anonymous&gt;
{shiny}      R  stderr -----------   161: stop
{shiny}      R  stderr -----------   160: selector_list
{shiny}      R  stderr -----------   159: teal.transform::compose_and_enable_validators
{shiny}      R  stderr -----------   158: &lt;reactive&gt;
{shiny}      R  stderr -----------   142: iv_r
{shiny}      R  stderr -----------   135: &lt;reactive&gt;
{shiny}      R  stderr -----------   119: plot_r
{shiny}      R  stderr -----------   110: renderUI
{shiny}      R  stderr -----------   109: func
{shiny}      R  stderr -----------    96: renderFunc
{shiny}      R  stderr -----------    95: output$teal-main_ui-root-therapy__e2e_-module-therapy_plot-plot_out_main
{shiny}      R  stderr -----------    14: &lt;Anonymous&gt;
{shiny}      R  stderr -----------    12: &lt;Anonymous&gt;
{shiny}      R  stderr -----------    11: &lt;Anonymous&gt;
{shiny}      R  stderr -----------    10: base::do.call
{shiny}      R  stderr -----------     9: base::saveRDS
{shiny}      R  stderr -----------     8: base::withCallingHandlers
{shiny}      R  stderr -----------     7: doTryCatch
{shiny}      R  stderr -----------     6: tryCatchOne
{shiny}      R  stderr -----------     5: tryCatchList
{shiny}      R  stderr -----------     2: tryCatchList
{shiny}      R  stderr -----------     1: base::tryCatch
{shiny}      R  stderr ----------- Warning: Error in &lt;Anonymous&gt;: error in evaluating the argument 'code' in selecting a method for function 'eval_code': Assertion on 'subset' failed: Must be a subset of {'','USUBJID','STUDYID','CMCLAS','CMDECOD','ATIREL','CMCAT','COUNTRY','SITEID','SUBJID','AGE','SEX','ARMCD','ARM','ACTARMCD','ACTARM','RACE','TRTSDTM','TRTEDTM','EOSDY','EOSDT','STRATA1','STRATA2','BMRKR1','BMRKR2','REGION1','SAFFL','EOSSTT','EOTSTT','DCSREAS','DTHDT','ASTDTM','ASTDY','AENDTM','AENDY','CMSEQ','ATC1','ATC2','ATC3','ATC4','CMINDC','CMDOSE','CMTRT','CMDOSU','CMROUTE','CMDOSFRQ','CMASTDTM','CMAENDTM','ATIREL2','CMDECOD2','CMINDC2','CMDOSE2','CMDOSU2','CMROUTE2','CMDOSFRQ2','ASTDY2','AENDY2'}, but has additional elements {'CMTRT2'}.
{shiny}      R  stderr -----------   14: &lt;Anonymous&gt;
{shiny}      R  stderr -----------   12: &lt;Anonymous&gt;
{shiny}      R  stderr -----------   11: &lt;Anonymous&gt;
{shiny}      R  stderr -----------   10: base::do.call
{shiny}      R  stderr -----------    9: base::saveRDS
{shiny}      R  stderr -----------    8: base::withCallingHandlers
{shiny}      R  stderr -----------    7: doTryCatch
{shiny}      R  stderr -----------    6: tryCatchOne
{shiny}      R  stderr -----------    5: tryCatchList
{shiny}      R  stderr -----------    2: tryCatchList
{shiny}      R  stderr -----------    1: base::tryCatch


Caused by error in `app_initialize_()`:
! Shiny app did not become stable in 1e+05ms.
Message: An error occurred while waiting for Shiny to be stable
Caused by error in `app_wait_for_idle()`:
! An error occurred while waiting for Shiny to be stable
Backtrace:
     x
  1. +-teal.modules.clinical (local) app_driver_tm_g_pp_therapy() at test-shinytest2-tm_g_pp_therapy.R:189:5
  2. | \-teal.modules.clinical:::init_teal_app_driver(...) at test-shinytest2-tm_g_pp_therapy.R:31:3
  3. |   +-testthat::with_mocked_bindings(...) at tests/testthat/helper-TealAppDriver.R:7:3
  4. |   \-TealAppDriver$new(...) at tests/testthat/helper-TealAppDriver.R:10:7
  5. |     \-teal (local) initialize(...)
  6. |       +-base::suppressWarnings(...)
  7. |       | \-base::withCallingHandlers(...)
  8. |       \-super$initialize(...)
  9. |         \-shinytest2:::app_initialize(...)
 10. |           +-base::withCallingHandlers(...)
 11. |           \-shinytest2:::app_initialize_(self, private, ..., view = view)
 12. |             +-base::withCallingHandlers(...)
 13. |             \-self$wait_for_idle(duration = 200, timeout = private$load_timeout)
 14. |               \-shinytest2:::app_wait_for_idle(...)
 15. |                 \-shinytest2:::app_abort(self, private, "An error occurred while waiting for Shiny to be stable")
 16. |                   \-rlang::abort(..., app = self, call = call)
 17. |                     \-rlang:::signal_abort(cnd, .file)
 18. |                       \-base::signalCondition(cnd)
 19. +-shinytest2 (local) `&lt;fn&gt;`(`&lt;rlng_rrr&gt;`)
 20. | \-shinytest2:::app_abort(...)
 21. |   \-rlang::abort(..., app = self, call = call)
 22. |     \-rlang:::signal_abort(cnd, .file)
 23. |       \-base::signalCondition(cnd)
 24. \-shinytest2 (local) `&lt;fn&gt;`(`&lt;rlng_rrr&gt;`)
 25.   \-shinytest2:::app_abort(...)
 26.     \-rlang::abort(..., app = self, call = call)</error>
    </testcase>
    <testcase time="103.249" classname="shinytest2_tm_g_pp_therapy" name="e2e_tm_g_pp_therapy_Changing_font_size_changes_the_plot_and_does_not_throw_validation_errors.">
      <error type="error" message="Error in `app_initialize(self, private, app_dir = app_dir, ..., load_timeout = load_timeout,  ('test-shinytest2-tm_g_pp_therapy.R:231:7')">Error in `app_initialize(self, private, app_dir = app_dir, ..., load_timeout = load_timeout, 
    timeout = timeout, wait = wait, expect_values_screenshot_args = expect_values_screenshot_args, 
    screenshot_args = screenshot_args, check_names = check_names, 
    name = name, variant = variant, view = view, height = height, 
    width = width, seed = seed, clean_logs = clean_logs, shiny_args = shiny_args, 
    render_args = render_args, options = options)`: Shiny app did not become stable in 1e+05ms.
Message: An error occurred while waiting for Shiny to be stable
Caused by error in `app_wait_for_idle()`:
! An error occurred while waiting for Shiny to be stable


i You can inspect the failed AppDriver object via `rlang::last_error()$app`
i AppDriver logs:
{shinytest2} R  info   18:09:05.38 Start AppDriver initialization
{shinytest2} R  info   18:09:05.42 Starting Shiny app
{shinytest2} R  info   18:09:07.66 Creating new ChromoteSession
{shinytest2} R  info   18:09:07.70 Navigating to Shiny app
{shinytest2} R  info   18:09:07.82 Injecting shiny-tracer.js
{chromote}   JS info   18:09:07.82 shinytest2; jQuery not found
{chromote}   JS info   18:09:07.82 shinytest2; Loaded
{shinytest2} R  info   18:09:07.83 Waiting for Shiny to become ready
{chromote}   JS info   18:09:07.94 shinytest2; jQuery found
{chromote}   JS info   18:09:07.94 shinytest2; Waiting for shiny session to connect
{chromote}   JS info   18:09:08.07 shinytest2; Connected
{chromote}   JS info   18:09:08.11 shinytest2; shiny:busy
{shinytest2} R  info   18:09:08.14 Waiting for Shiny to become idle for 200ms within 1e+05ms
{chromote}   JS info   18:09:08.14 shinytest2; Waiting for Shiny to be stable
{chromote}   JS info   18:09:09.47 shinytest2; shiny:idle
{chromote}   JS info   18:09:09.47 shinytest2; shiny:value teal-identifier
{chromote}   JS info   18:09:09.47 shinytest2; shiny:value error
{chromote}   JS info   18:09:09.47 shinytest2; shiny:busy
{chromote}   JS info   18:09:09.47 shinytest2; shiny:idle
{chromote}   JS info   18:09:09.49 shinytest2; shiny:busy
{shinytest2} R  info   18:10:48.16 Error while initializing AppDriver:
                                   Shiny app did not become stable in 1e+05ms.
                                   Message: An error occurred while waiting for Shiny to be stable
                                   Caused by error in `app_wait_for_idle()`:
                                   ! An error occurred while waiting for Shiny to be stable
{shiny}      R  stderr ----------- Loading required package: shiny
{shiny}      R  stderr ----------- Attempting to load the environment ‘package:dplyr’
{shiny}      R  stderr ----------- 
{shiny}      R  stderr ----------- Attaching package: ‘dplyr’
{shiny}      R  stderr ----------- 
{shiny}      R  stderr ----------- The following objects are masked from ‘package:stats’:
{shiny}      R  stderr ----------- 
{shiny}      R  stderr -----------     filter, lag
{shiny}      R  stderr ----------- 
{shiny}      R  stderr ----------- The following objects are masked from ‘package:base’:
{shiny}      R  stderr ----------- 
{shiny}      R  stderr -----------     intersect, setdiff, setequal, union
{shiny}      R  stderr ----------- 
{shiny}      R  stderr ----------- Loading required package: teal
{shiny}      R  stderr ----------- Loading required package: teal.data
{shiny}      R  stderr ----------- Loading required package: teal.code
{shiny}      R  stderr ----------- Loading required package: teal.slice
{shiny}      R  stderr ----------- 
{shiny}      R  stderr ----------- You are using teal version 0.15.2.9031
{shiny}      R  stderr ----------- 
{shiny}      R  stderr ----------- Attaching package: ‘teal’
{shiny}      R  stderr ----------- 
{shiny}      R  stderr ----------- The following objects are masked from ‘package:teal.slice’:
{shiny}      R  stderr ----------- 
{shiny}      R  stderr -----------     as.teal_slices, teal_slices
{shiny}      R  stderr ----------- 
{shiny}      R  stderr ----------- Loading required package: teal.transform
{shiny}      R  stderr ----------- Loading required package: tern
{shiny}      R  stderr ----------- Loading required package: rtables
{shiny}      R  stderr ----------- Loading required package: formatters
{shiny}      R  stderr ----------- Loading required package: magrittr
{shiny}      R  stderr ----------- 
{shiny}      R  stderr ----------- Attaching package: ‘rtables’
{shiny}      R  stderr ----------- 
{shiny}      R  stderr ----------- The following object is masked from ‘package:utils’:
{shiny}      R  stderr ----------- 
{shiny}      R  stderr -----------     str
{shiny}      R  stderr ----------- 
{shiny}      R  stderr ----------- Running application in test mode.
{shiny}      R  stderr ----------- 
{shiny}      R  stderr ----------- Listening on http://127.0.0.1:3139
{shiny}      R  stderr ----------- Initializing reporter_previewer_module
{shiny}      R  stderr ----------- Warning: Error in &lt;Anonymous&gt;: error in evaluating the argument 'code' in selecting a method for function 'eval_code': Assertion on 'subset' failed: Must be a subset of {'','USUBJID','STUDYID','CMCLAS','CMDECOD','ATIREL','CMCAT','COUNTRY','SITEID','SUBJID','AGE','SEX','ARMCD','ARM','ACTARMCD','ACTARM','RACE','TRTSDTM','TRTEDTM','EOSDY','EOSDT','STRATA1','STRATA2','BMRKR1','BMRKR2','REGION1','SAFFL','EOSSTT','EOTSTT','DCSREAS','DTHDT','ASTDTM','ASTDY','AENDTM','AENDY','CMSEQ','ATC1','ATC2','ATC3','ATC4','CMINDC','CMDOSE','CMTRT','CMDOSU','CMROUTE','CMDOSFRQ','CMASTDTM','CMAENDTM','ATIREL2','CMDECOD2','CMINDC2','CMDOSE2','CMDOSU2','CMROUTE2','CMDOSFRQ2','ASTDY2','AENDY2'}, but has additional elements {'CMTRT2'}.
{shiny}      R  stderr -----------   241: &lt;Anonymous&gt;
{shiny}      R  stderr -----------   240: stop
{shiny}      R  stderr -----------   239: mstop
{shiny}      R  stderr -----------   238: makeAssertion
{shiny}      R  stderr -----------   237: checkmate::assert_subset
{shiny}      R  stderr -----------   236: variable_choices.data.frame
{shiny}      R  stderr -----------   233: resolve.delayed_variable_choices
{shiny}      R  stderr -----------   231: resolve.delayed_select_spec
{shiny}      R  stderr -----------   229: resolve.delayed_data_extract_spec
{shiny}      R  stderr -----------   227: resolve_delayed.list
{shiny}      R  stderr -----------   213: module
{shiny}      R  stderr -----------   208: callModule
{shiny}      R  stderr -----------   207: moduleServer
{shiny}      R  stderr -----------   206: data_extract_single_srv
{shiny}      R  stderr -----------   205: FUN
{shiny}      R  stderr -----------   204: lapply
{shiny}      R  stderr -----------   203: module
{shiny}      R  stderr -----------   198: callModule
{shiny}      R  stderr -----------   197: moduleServer
{shiny}      R  stderr -----------   196: data_extract_srv.list
{shiny}      R  stderr -----------   194: FUN
{shiny}      R  stderr -----------   193: lapply
{shiny}      R  stderr -----------   192: sapply
{shiny}      R  stderr -----------   191: &lt;reactive&gt;
{shiny}      R  stderr -----------   175: selector_list
{shiny}      R  stderr -----------   170: &lt;reactive&gt;
{shiny}      R  stderr -----------   154: anl_inputs
{shiny}      R  stderr -----------   153: as.expression
{shiny}      R  stderr -----------   152: teal.code::eval_code
{shiny}      R  stderr -----------   151: %&gt;%
{shiny}      R  stderr -----------   150: &lt;reactive&gt;
{shiny}      R  stderr -----------   134: merged$anl_q
{shiny}      R  stderr -----------   128: &lt;reactive&gt;
{shiny}      R  stderr -----------   112: all_q
{shiny}      R  stderr -----------   110: renderText
{shiny}      R  stderr -----------   109: func
{shiny}      R  stderr -----------    96: renderFunc
{shiny}      R  stderr -----------    95: output$teal-main_ui-root-therapy__e2e_-module-title
{shiny}      R  stderr -----------    14: &lt;Anonymous&gt;
{shiny}      R  stderr -----------    12: &lt;Anonymous&gt;
{shiny}      R  stderr -----------    11: &lt;Anonymous&gt;
{shiny}      R  stderr -----------    10: base::do.call
{shiny}      R  stderr -----------     9: base::saveRDS
{shiny}      R  stderr -----------     8: base::withCallingHandlers
{shiny}      R  stderr -----------     7: doTryCatch
{shiny}      R  stderr -----------     6: tryCatchOne
{shiny}      R  stderr -----------     5: tryCatchList
{shiny}      R  stderr -----------     2: tryCatchList
{shiny}      R  stderr -----------     1: base::tryCatch
{shiny}      R  stderr ----------- Warning: Error in &lt;Anonymous&gt;: error in evaluating the argument 'code' in selecting a method for function 'eval_code': Assertion on 'subset' failed: Must be a subset of {'','USUBJID','STUDYID','CMCLAS','CMDECOD','ATIREL','CMCAT','COUNTRY','SITEID','SUBJID','AGE','SEX','ARMCD','ARM','ACTARMCD','ACTARM','RACE','TRTSDTM','TRTEDTM','EOSDY','EOSDT','STRATA1','STRATA2','BMRKR1','BMRKR2','REGION1','SAFFL','EOSSTT','EOTSTT','DCSREAS','DTHDT','ASTDTM','ASTDY','AENDTM','AENDY','CMSEQ','ATC1','ATC2','ATC3','ATC4','CMINDC','CMDOSE','CMTRT','CMDOSU','CMROUTE','CMDOSFRQ','CMASTDTM','CMAENDTM','ATIREL2','CMDECOD2','CMINDC2','CMDOSE2','CMDOSU2','CMROUTE2','CMDOSFRQ2','ASTDY2','AENDY2'}, but has additional elements {'CMTRT2'}.
{shiny}      R  stderr -----------   122: &lt;Anonymous&gt;
{shiny}      R  stderr -----------   121: stop
{shiny}      R  stderr -----------   120: all_q
{shiny}      R  stderr -----------   117: exprFunc
{shiny}      R  stderr -----------   116: widgetFunc
{shiny}      R  stderr -----------   115: ::
{shiny}      R  stderr ----------- htmlwidgets
{shiny}      R  stderr ----------- shinyRenderWidget
{shiny}      R  stderr -----------   114: func
{shiny}      R  stderr -----------   101: renderFunc
{shiny}      R  stderr -----------   100: renderFunc
{shiny}      R  stderr -----------    96: renderFunc
{shiny}      R  stderr -----------    95: output$teal-main_ui-root-therapy__e2e_-module-therapy_table
{shiny}      R  stderr -----------    14: &lt;Anonymous&gt;
{shiny}      R  stderr -----------    12: &lt;Anonymous&gt;
{shiny}      R  stderr -----------    11: &lt;Anonymous&gt;
{shiny}      R  stderr -----------    10: base::do.call
{shiny}      R  stderr -----------     9: base::saveRDS
{shiny}      R  stderr -----------     8: base::withCallingHandlers
{shiny}      R  stderr -----------     7: doTryCatch
{shiny}      R  stderr -----------     6: tryCatchOne
{shiny}      R  stderr -----------     5: tryCatchList
{shiny}      R  stderr -----------     2: tryCatchList
{shiny}      R  stderr -----------     1: base::tryCatch
{shiny}      R  stderr ----------- Warning: Error in variable_choices.data.frame: Assertion on 'subset' failed: Must be a subset of {'','USUBJID','STUDYID','CMCLAS','CMDECOD','ATIREL','CMCAT','COUNTRY','SITEID','SUBJID','AGE','SEX','ARMCD','ARM','ACTARMCD','ACTARM','RACE','TRTSDTM','TRTEDTM','EOSDY','EOSDT','STRATA1','STRATA2','BMRKR1','BMRKR2','REGION1','SAFFL','EOSSTT','EOTSTT','DCSREAS','DTHDT','ASTDTM','ASTDY','AENDTM','AENDY','CMSEQ','ATC1','ATC2','ATC3','ATC4','CMINDC','CMDOSE','CMTRT','CMDOSU','CMROUTE','CMDOSFRQ','CMASTDTM','CMAENDTM','ATIREL2','CMDECOD2','CMINDC2','CMDOSE2','CMDOSU2','CMROUTE2','CMDOSFRQ2','ASTDY2','AENDY2'}, but has additional elements {'CMTRT2'}.
{shiny}      R  stderr -----------   162: &lt;Anonymous&gt;
{shiny}      R  stderr -----------   161: stop
{shiny}      R  stderr -----------   160: selector_list
{shiny}      R  stderr -----------   159: teal.transform::compose_and_enable_validators
{shiny}      R  stderr -----------   158: &lt;reactive&gt;
{shiny}      R  stderr -----------   142: iv_r
{shiny}      R  stderr -----------   135: &lt;reactive&gt;
{shiny}      R  stderr -----------   119: plot_r
{shiny}      R  stderr -----------   110: renderUI
{shiny}      R  stderr -----------   109: func
{shiny}      R  stderr -----------    96: renderFunc
{shiny}      R  stderr -----------    95: output$teal-main_ui-root-therapy__e2e_-module-therapy_plot-plot_out_main
{shiny}      R  stderr -----------    14: &lt;Anonymous&gt;
{shiny}      R  stderr -----------    12: &lt;Anonymous&gt;
{shiny}      R  stderr -----------    11: &lt;Anonymous&gt;
{shiny}      R  stderr -----------    10: base::do.call
{shiny}      R  stderr -----------     9: base::saveRDS
{shiny}      R  stderr -----------     8: base::withCallingHandlers
{shiny}      R  stderr -----------     7: doTryCatch
{shiny}      R  stderr -----------     6: tryCatchOne
{shiny}      R  stderr -----------     5: tryCatchList
{shiny}      R  stderr -----------     2: tryCatchList
{shiny}      R  stderr -----------     1: base::tryCatch
{shiny}      R  stderr ----------- Warning: Error in &lt;Anonymous&gt;: error in evaluating the argument 'code' in selecting a method for function 'eval_code': Assertion on 'subset' failed: Must be a subset of {'','USUBJID','STUDYID','CMCLAS','CMDECOD','ATIREL','CMCAT','COUNTRY','SITEID','SUBJID','AGE','SEX','ARMCD','ARM','ACTARMCD','ACTARM','RACE','TRTSDTM','TRTEDTM','EOSDY','EOSDT','STRATA1','STRATA2','BMRKR1','BMRKR2','REGION1','SAFFL','EOSSTT','EOTSTT','DCSREAS','DTHDT','ASTDTM','ASTDY','AENDTM','AENDY','CMSEQ','ATC1','ATC2','ATC3','ATC4','CMINDC','CMDOSE','CMTRT','CMDOSU','CMROUTE','CMDOSFRQ','CMASTDTM','CMAENDTM','ATIREL2','CMDECOD2','CMINDC2','CMDOSE2','CMDOSU2','CMROUTE2','CMDOSFRQ2','ASTDY2','AENDY2'}, but has additional elements {'CMTRT2'}.
{shiny}      R  stderr -----------   14: &lt;Anonymous&gt;
{shiny}      R  stderr -----------   12: &lt;Anonymous&gt;
{shiny}      R  stderr -----------   11: &lt;Anonymous&gt;
{shiny}      R  stderr -----------   10: base::do.call
{shiny}      R  stderr -----------    9: base::saveRDS
{shiny}      R  stderr -----------    8: base::withCallingHandlers
{shiny}      R  stderr -----------    7: doTryCatch
{shiny}      R  stderr -----------    6: tryCatchOne
{shiny}      R  stderr -----------    5: tryCatchList
{shiny}      R  stderr -----------    2: tryCatchList
{shiny}      R  stderr -----------    1: base::tryCatch


Caused by error in `app_initialize_()`:
! Shiny app did not become stable in 1e+05ms.
Message: An error occurred while waiting for Shiny to be stable
Caused by error in `app_wait_for_idle()`:
! An error occurred while waiting for Shiny to be stable
Backtrace:
     x
  1. +-teal.modules.clinical (local) app_driver_tm_g_pp_therapy() at test-shinytest2-tm_g_pp_therapy.R:231:7
  2. | \-teal.modules.clinical:::init_teal_app_driver(...) at test-shinytest2-tm_g_pp_therapy.R:31:3
  3. |   +-testthat::with_mocked_bindings(...) at tests/testthat/helper-TealAppDriver.R:7:3
  4. |   \-TealAppDriver$new(...) at tests/testthat/helper-TealAppDriver.R:10:7
  5. |     \-teal (local) initialize(...)
  6. |       +-base::suppressWarnings(...)
  7. |       | \-base::withCallingHandlers(...)
  8. |       \-super$initialize(...)
  9. |         \-shinytest2:::app_initialize(...)
 10. |           +-base::withCallingHandlers(...)
 11. |           \-shinytest2:::app_initialize_(self, private, ..., view = view)
 12. |             +-base::withCallingHandlers(...)
 13. |             \-self$wait_for_idle(duration = 200, timeout = private$load_timeout)
 14. |               \-shinytest2:::app_wait_for_idle(...)
 15. |                 \-shinytest2:::app_abort(self, private, "An error occurred while waiting for Shiny to be stable")
 16. |                   \-rlang::abort(..., app = self, call = call)
 17. |                     \-rlang:::signal_abort(cnd, .file)
 18. |                       \-base::signalCondition(cnd)
 19. +-shinytest2 (local) `&lt;fn&gt;`(`&lt;rlng_rrr&gt;`)
 20. | \-shinytest2:::app_abort(...)
 21. |   \-rlang::abort(..., app = self, call = call)
 22. |     \-rlang:::signal_abort(cnd, .file)
 23. |       \-base::signalCondition(cnd)
 24. \-shinytest2 (local) `&lt;fn&gt;`(`&lt;rlng_rrr&gt;`)
 25.   \-shinytest2:::app_abort(...)
 26.     \-rlang::abort(..., app = self, call = call)</error>
    </testcase>
  </testsuite>
  <testsuite name="string_ops" timestamp="2024-04-26T18:10:48Z" hostname="8dad1054ab36" tests="1" skipped="0" failures="0" errors="0" time="0.056">
    <testcase time="0.05600000000004" classname="string_ops" name="_as_num_as_a_wide_interpretation_of_input_to_extract_numerics."/>
  </testsuite>
  <testsuite name="substitute_names" timestamp="2024-04-26T18:10:48Z" hostname="8dad1054ab36" tests="9" skipped="0" failures="0" errors="0" time="0.062">
    <testcase time="0.01299999999992" classname="substitute_names" name="substitute_q_works_as_expected"/>
    <testcase time="0.00800000000026557" classname="substitute_names" name="substitute_q_fails_on_unquoted_call"/>
    <testcase time="0.00700000000006185" classname="substitute_names" name="h_subst_lhs_names_works_as_expected"/>
    <testcase time="0.00599999999985812" classname="substitute_names" name="substitute_lhs_names_works_as_expected_with_nested_expressions"/>
    <testcase time="0.00500000000010914" classname="substitute_names" name="substitute_lhs_names_does_not_lead_to_infinite_recursion"/>
    <testcase time="0.00599999999985812" classname="substitute_names" name="substitute_rhs_works_as_expected"/>
    <testcase time="0.00500000000010914" classname="substitute_names" name="substitute_names_works_as_expected"/>
    <testcase time="0.00599999999985812" classname="substitute_names" name="substitute_names_can_also_substitute_other_expressions_if_requested"/>
    <testcase time="0.00599999999985812" classname="substitute_names" name="substitute_names_works_as_expected_with_nested_expressions"/>
  </testsuite>
  <testsuite name="tm_a_gee" timestamp="2024-04-26T18:10:48Z" hostname="8dad1054ab36" tests="8" skipped="4" failures="0" errors="0" time="0.071">
    <testcase time="0.00900000000001455" classname="tm_a_gee" name="template_a_gee_t_gee_cov_table_works_as_expected_with_default_input"/>
    <testcase time="0.0109999999999673" classname="tm_a_gee" name="template_a_gee_t_gee_cov_table_works_as_expected_with_default_input">
      <skipped message="Reason: On CRAN ('test-tm_a_gee.R:13:3')"/>
    </testcase>
    <testcase time="0.01299999999992" classname="tm_a_gee" name="template_a_gee_t_gee_coef_table_works_as_expected_with_default_input"/>
    <testcase time="0.00399999999990541" classname="tm_a_gee" name="template_a_gee_t_gee_coef_table_works_as_expected_with_default_input">
      <skipped message="Reason: On CRAN ('test-tm_a_gee.R:28:3')"/>
    </testcase>
    <testcase time="0.0130000000003747" classname="tm_a_gee" name="template_a_gee_works_as_expected_with_non_default_reference_arm"/>
    <testcase time="0.00399999999990541" classname="tm_a_gee" name="template_a_gee_works_as_expected_with_non_default_reference_arm">
      <skipped message="Reason: On CRAN ('test-tm_a_gee.R:44:3')"/>
    </testcase>
    <testcase time="0.01299999999992" classname="tm_a_gee" name="template_a_gee_works_as_expected_when_arm_is_not_considered_in_the_model"/>
    <testcase time="0.00399999999990541" classname="tm_a_gee" name="template_a_gee_works_as_expected_when_arm_is_not_considered_in_the_model">
      <skipped message="Reason: On CRAN ('test-tm_a_gee.R:60:3')"/>
    </testcase>
  </testsuite>
  <testsuite name="tm_a_mmrm" timestamp="2024-04-26T18:10:48Z" hostname="8dad1054ab36" tests="10" skipped="5" failures="0" errors="0" time="0.097">
    <testcase time="0.0180000000000291" classname="tm_a_mmrm" name="template_fit_mmrm_works_as_expected_when_not_combining_comparison_arms"/>
    <testcase time="0.00399999999990541" classname="tm_a_mmrm" name="template_fit_mmrm_works_as_expected_when_not_combining_comparison_arms">
      <skipped message="Reason: On CRAN ('test-tm_a_mmrm.R:16:3')"/>
    </testcase>
    <testcase time="0.0150000000003274" classname="tm_a_mmrm" name="template_fit_mmrm_works_as_expected_when_combining_combination_arms"/>
    <testcase time="0.00399999999990541" classname="tm_a_mmrm" name="template_fit_mmrm_works_as_expected_when_combining_combination_arms">
      <skipped message="Reason: On CRAN ('test-tm_a_mmrm.R:35:3')"/>
    </testcase>
    <testcase time="0.01299999999992" classname="tm_a_mmrm" name="template_mmrm_tables_works_as_expected"/>
    <testcase time="0.00399999999990541" classname="tm_a_mmrm" name="template_mmrm_tables_works_as_expected">
      <skipped message="Reason: On CRAN ('test-tm_a_mmrm.R:51:3')"/>
    </testcase>
    <testcase time="0.012000000000171" classname="tm_a_mmrm" name="template_mmrm_tables_works_as_expected_when_arm_is_not_considered_in_the_model"/>
    <testcase time="0.00399999999990541" classname="tm_a_mmrm" name="template_mmrm_tables_works_as_expected_when_arm_is_not_considered_in_the_model">
      <skipped message="Reason: On CRAN ('test-tm_a_mmrm.R:67:3')"/>
    </testcase>
    <testcase time="0.0189999999997781" classname="tm_a_mmrm" name="template_mmrm_plots_works_as_expected"/>
    <testcase time="0.00400000000036016" classname="tm_a_mmrm" name="template_mmrm_plots_works_as_expected">
      <skipped message="Reason: On CRAN ('test-tm_a_mmrm.R:85:3')"/>
    </testcase>
  </testsuite>
  <testsuite name="tm_g_ci" timestamp="2024-04-26T18:10:48Z" hostname="8dad1054ab36" tests="8" skipped="4" failures="0" errors="0" time="0.086">
    <testcase time="0.0169999999998254" classname="tm_g_ci" name="1._and_2._Mean_and_95_CIs_for_mean"/>
    <testcase time="0.00599999999985812" classname="tm_g_ci" name="1._and_2._Mean_and_95_CIs_for_mean">
      <skipped message="Reason: On CRAN ('test-tm_g_ci.R:12:3')"/>
    </testcase>
    <testcase time="0.0190000000002328" classname="tm_g_ci" name="3._Confidence_Interval_Plot_using_different_stratification_variable_"/>
    <testcase time="0.00599999999985812" classname="tm_g_ci" name="3._Confidence_Interval_Plot_using_different_stratification_variable_">
      <skipped message="Reason: On CRAN ('test-tm_g_ci.R:27:3')"/>
    </testcase>
    <testcase time="0.0149999999998727" classname="tm_g_ci" name="4._Median_and_95_CIs_for_median"/>
    <testcase time="0.00400000000036016" classname="tm_g_ci" name="4._Median_and_95_CIs_for_median">
      <skipped message="Reason: On CRAN ('test-tm_g_ci.R:42:3')"/>
    </testcase>
    <testcase time="0.0139999999996689" classname="tm_g_ci" name="5._Using_different_alpha_level"/>
    <testcase time="0.00500000000010914" classname="tm_g_ci" name="5._Using_different_alpha_level">
      <skipped message="Reason: On CRAN ('test-tm_g_ci.R:58:3')"/>
    </testcase>
  </testsuite>
  <testsuite name="tm_g_forest_rsp" timestamp="2024-04-26T18:10:48Z" hostname="8dad1054ab36" tests="2" skipped="1" failures="0" errors="0" time="0.026">
    <testcase time="0.0199999999999818" classname="tm_g_forest_rsp" name="template_forest_rsp_generates_correct_expressions"/>
    <testcase time="0.00599999999985812" classname="tm_g_forest_rsp" name="template_forest_rsp_generates_correct_expressions">
      <skipped message="Reason: On CRAN ('test-tm_g_forest_rsp.R:16:3')"/>
    </testcase>
  </testsuite>
  <testsuite name="tm_g_forest_tte" timestamp="2024-04-26T18:10:48Z" hostname="8dad1054ab36" tests="2" skipped="1" failures="0" errors="0" time="0.024">
    <testcase time="0.0200000000004366" classname="tm_g_forest_tte" name="template_forest_tte_generates_correct_expressions"/>
    <testcase time="0.00399999999990541" classname="tm_g_forest_tte" name="template_forest_tte_generates_correct_expressions">
      <skipped message="Reason: On CRAN ('test-tm_g_forest_tte.R:14:3')"/>
    </testcase>
  </testsuite>
  <testsuite name="tm_g_ipp" timestamp="2024-04-26T18:10:48Z" hostname="8dad1054ab36" tests="4" skipped="2" failures="0" errors="0" time="0.039">
    <testcase time="0.0169999999998254" classname="tm_g_ipp" name="template_g_ipp_works_as_expected_with_default_arguments"/>
    <testcase time="0.00399999999990541" classname="tm_g_ipp" name="template_g_ipp_works_as_expected_with_default_arguments">
      <skipped message="Reason: On CRAN ('test-tm_g_ipp.R:8:3')"/>
    </testcase>
    <testcase time="0.0140000000001237" classname="tm_g_ipp" name="template_g_ipp_works_as_expected_with_non_default_arguments"/>
    <testcase time="0.00399999999990541" classname="tm_g_ipp" name="template_g_ipp_works_as_expected_with_non_default_arguments">
      <skipped message="Reason: On CRAN ('test-tm_g_ipp.R:30:3')"/>
    </testcase>
  </testsuite>
  <testsuite name="tm_g_km" timestamp="2024-04-26T18:10:48Z" hostname="8dad1054ab36" tests="6" skipped="3" failures="0" errors="0" time="0.067">
    <testcase time="0.0180000000000291" classname="tm_g_km" name="template_g_km_works_as_expected_with_default_arguments"/>
    <testcase time="0.00399999999990541" classname="tm_g_km" name="template_g_km_works_as_expected_with_default_arguments">
      <skipped message="Reason: On CRAN ('test-tm_g_km.R:5:3')"/>
    </testcase>
    <testcase time="0.0190000000002328" classname="tm_g_km" name="template_g_km_gives_correct_data_expression_when_we_want_to_compare_versus_reference_arms"/>
    <testcase time="0.00400000000036016" classname="tm_g_km" name="template_g_km_gives_correct_data_expression_when_we_want_to_compare_versus_reference_arms">
      <skipped message="Reason: On CRAN ('test-tm_g_km.R:16:3')"/>
    </testcase>
    <testcase time="0.0169999999998254" classname="tm_g_km" name="template_g_km_gives_correct_data_expression_when_we_want_to_combine_comparison_arms"/>
    <testcase time="0.00500000000010914" classname="tm_g_km" name="template_g_km_gives_correct_data_expression_when_we_want_to_combine_comparison_arms">
      <skipped message="Reason: On CRAN ('test-tm_g_km.R:28:3')"/>
    </testcase>
  </testsuite>
  <testsuite name="tm_g_lineplot" timestamp="2024-04-26T18:10:48Z" hostname="8dad1054ab36" tests="4" skipped="2" failures="0" errors="0" time="0.04">
    <testcase time="0.0169999999998254" classname="tm_g_lineplot" name="template_g_lineplot_works_as_expected_with_default_arguments"/>
    <testcase time="0.00399999999990541" classname="tm_g_lineplot" name="template_g_lineplot_works_as_expected_with_default_arguments">
      <skipped message="Reason: On CRAN ('test-tm_g_lineplot.R:5:3')"/>
    </testcase>
    <testcase time="0.0150000000003274" classname="tm_g_lineplot" name="template_g_lineplot_gives_correct_data_expression_with_custom_arguments"/>
    <testcase time="0.00399999999990541" classname="tm_g_lineplot" name="template_g_lineplot_gives_correct_data_expression_with_custom_arguments">
      <skipped message="Reason: On CRAN ('test-tm_g_lineplot.R:23:3')"/>
    </testcase>
  </testsuite>
  <testsuite name="tm_t_abnormality" timestamp="2024-04-26T18:10:48Z" hostname="8dad1054ab36" tests="6" skipped="3" failures="0" errors="0" time="0.061">
    <testcase time="0.0189999999997781" classname="tm_t_abnormality" name="template_abnormality_generates_correct_expressions_with_default_arguments"/>
    <testcase time="0.00400000000036016" classname="tm_t_abnormality" name="template_abnormality_generates_correct_expressions_with_default_arguments">
      <skipped message="Reason: On CRAN ('test-tm_t_abnormality.R:17:3')"/>
    </testcase>
    <testcase time="0.0149999999998727" classname="tm_t_abnormality" name="template_abnormality_generates_correct_expressions_with_custom_arguments"/>
    <testcase time="0.00399999999990541" classname="tm_t_abnormality" name="template_abnormality_generates_correct_expressions_with_custom_arguments">
      <skipped message="Reason: On CRAN ('test-tm_t_abnormality.R:39:3')"/>
    </testcase>
    <testcase time="0.0149999999998727" classname="tm_t_abnormality" name="template_abnormality_generates_correct_expressions_with_customized_na_level"/>
    <testcase time="0.00400000000036016" classname="tm_t_abnormality" name="template_abnormality_generates_correct_expressions_with_customized_na_level">
      <skipped message="Reason: On CRAN ('test-tm_t_abnormality.R:59:3')"/>
    </testcase>
  </testsuite>
  <testsuite name="tm_t_abnormality_by_worst_grade" timestamp="2024-04-26T18:10:48Z" hostname="8dad1054ab36" tests="5" skipped="2" failures="0" errors="0" time="0.069">
    <testcase time="0.0189999999997781" classname="tm_t_abnormality_by_worst_grade" name="template_abnormality_by_worst_grade_generates_correct_expressions_with_default_arguments"/>
    <testcase time="0.00399999999990541" classname="tm_t_abnormality_by_worst_grade" name="template_abnormality_by_worst_grade_generates_correct_expressions_with_default_arguments">
      <skipped message="Reason: On CRAN ('test-tm_t_abnormality_by_worst_grade.R:17:3')"/>
    </testcase>
    <testcase time="0.0150000000003274" classname="tm_t_abnormality_by_worst_grade" name="template_abnormality_by_worst_grade_generates_correct_expressions_with_custom_arguments"/>
    <testcase time="0.00399999999990541" classname="tm_t_abnormality_by_worst_grade" name="template_abnormality_by_worst_grade_generates_correct_expressions_with_custom_arguments">
      <skipped message="Reason: On CRAN ('test-tm_t_abnormality_by_worst_grade.R:36:3')"/>
    </testcase>
    <testcase time="0.0270000000000437" classname="tm_t_abnormality_by_worst_grade" name="template_abnormality_by_worst_grade_throws_an_error_when_ATOXGR_contains_NA_values"/>
  </testsuite>
  <testsuite name="tm_t_ancova" timestamp="2024-04-26T18:10:48Z" hostname="8dad1054ab36" tests="14" skipped="7" failures="0" errors="0" time="0.136">
    <testcase time="0.0169999999998254" classname="tm_t_ancova" name="template_ancova_generates_expressions_with_multiple_endpoints"/>
    <testcase time="0.00399999999990541" classname="tm_t_ancova" name="template_ancova_generates_expressions_with_multiple_endpoints">
      <skipped message="Reason: On CRAN ('test-tm_t_ancova.R:20:3')"/>
    </testcase>
    <testcase time="0.0160000000000764" classname="tm_t_ancova" name="template_ancova_generates_expressions_with_multiple_endpoints_with_combined_comparison_arms"/>
    <testcase time="0.00399999999990541" classname="tm_t_ancova" name="template_ancova_generates_expressions_with_multiple_endpoints_with_combined_comparison_arms">
      <skipped message="Reason: On CRAN ('test-tm_t_ancova.R:42:3')"/>
    </testcase>
    <testcase time="0.0150000000003274" classname="tm_t_ancova" name="template_ancova_generates_expressions_with_multiple_endpoints_with_combined_reference_arms"/>
    <testcase time="0.00399999999990541" classname="tm_t_ancova" name="template_ancova_generates_expressions_with_multiple_endpoints_with_combined_reference_arms">
      <skipped message="Reason: On CRAN ('test-tm_t_ancova.R:64:3')"/>
    </testcase>
    <testcase time="0.0149999999998727" classname="tm_t_ancova" name="template_ancova_generates_expressions_with_single_endpoint"/>
    <testcase time="0.00399999999990541" classname="tm_t_ancova" name="template_ancova_generates_expressions_with_single_endpoint">
      <skipped message="Reason: On CRAN ('test-tm_t_ancova.R:86:3')"/>
    </testcase>
    <testcase time="0.0150000000003274" classname="tm_t_ancova" name="template_ancova_generates_expressions_with_multiple_endpoints"/>
    <testcase time="0.00399999999990541" classname="tm_t_ancova" name="template_ancova_generates_expressions_with_multiple_endpoints">
      <skipped message="Reason: On CRAN ('test-tm_t_ancova.R:111:3')"/>
    </testcase>
    <testcase time="0.0149999999998727" classname="tm_t_ancova" name="template_ancova_generates_expressions_with_discrete_interaction_variable"/>
    <testcase time="0.00399999999990541" classname="tm_t_ancova" name="template_ancova_generates_expressions_with_discrete_interaction_variable">
      <skipped message="Reason: On CRAN ('test-tm_t_ancova.R:136:3')"/>
    </testcase>
    <testcase time="0.0149999999998727" classname="tm_t_ancova" name="template_ancova_generates_expressions_with_continuous_interaction_variable"/>
    <testcase time="0.00400000000036016" classname="tm_t_ancova" name="template_ancova_generates_expressions_with_continuous_interaction_variable">
      <skipped message="Reason: On CRAN ('test-tm_t_ancova.R:160:3')"/>
    </testcase>
  </testsuite>
  <testsuite name="tm_t_binary_outcome" timestamp="2024-04-26T18:10:49Z" hostname="8dad1054ab36" tests="16" skipped="8" failures="0" errors="0" time="0.159">
    <testcase time="0.0199999999999818" classname="tm_t_binary_outcome" name="template_binary_outcome_generates_standard_expressions"/>
    <testcase time="0.00399999999990541" classname="tm_t_binary_outcome" name="template_binary_outcome_generates_standard_expressions">
      <skipped message="Reason: On CRAN ('test-tm_t_binary_outcome.R:16:3')"/>
    </testcase>
    <testcase time="0.0149999999998727" classname="tm_t_binary_outcome" name="template_binary_outcome_generates_right_expressions_with_non_default"/>
    <testcase time="0.00399999999990541" classname="tm_t_binary_outcome" name="template_binary_outcome_generates_right_expressions_with_non_default">
      <skipped message="Reason: On CRAN ('test-tm_t_binary_outcome.R:35:3')"/>
    </testcase>
    <testcase time="0.0150000000003274" classname="tm_t_binary_outcome" name="template_binary_outcome_generates_expression_without_arm_comparison"/>
    <testcase time="0.00900000000001455" classname="tm_t_binary_outcome" name="template_binary_outcome_generates_expression_without_arm_comparison">
      <skipped message="Reason: On CRAN ('test-tm_t_binary_outcome.R:52:3')"/>
    </testcase>
    <testcase time="0.0149999999998727" classname="tm_t_binary_outcome" name="template_binary_outcome_generates_expression_with_non_default_controls_and_strata."/>
    <testcase time="0.00500000000010914" classname="tm_t_binary_outcome" name="template_binary_outcome_generates_expression_with_non_default_controls_and_strata.">
      <skipped message="Reason: On CRAN ('test-tm_t_binary_outcome.R:76:3')"/>
    </testcase>
    <testcase time="0.0139999999996689" classname="tm_t_binary_outcome" name="template_binary_outcome_can_combine_comparison_arms"/>
    <testcase time="0.00500000000010914" classname="tm_t_binary_outcome" name="template_binary_outcome_can_combine_comparison_arms">
      <skipped message="Reason: On CRAN ('test-tm_t_binary_outcome.R:94:3')"/>
    </testcase>
    <testcase time="0.01299999999992" classname="tm_t_binary_outcome" name="template_binary_outcome_can_combine_comparison_arms_when_compare_arms_is_FALSE"/>
    <testcase time="0.00500000000010914" classname="tm_t_binary_outcome" name="template_binary_outcome_can_combine_comparison_arms_when_compare_arms_is_FALSE">
      <skipped message="Reason: On CRAN ('test-tm_t_binary_outcome.R:112:3')"/>
    </testcase>
    <testcase time="0.012000000000171" classname="tm_t_binary_outcome" name="split_col_expr_prepare_the_right_four_possible_expressions"/>
    <testcase time="0.00399999999990541" classname="tm_t_binary_outcome" name="split_col_expr_prepare_the_right_four_possible_expressions">
      <skipped message="Reason: On CRAN ('test-tm_t_binary_outcome.R:124:3')"/>
    </testcase>
    <testcase time="0.0149999999998727" classname="tm_t_binary_outcome" name="template_binary_outcome_can_combine_refs"/>
    <testcase time="0.00399999999990541" classname="tm_t_binary_outcome" name="template_binary_outcome_can_combine_refs">
      <skipped message="Reason: On CRAN ('test-tm_t_binary_outcome.R:141:3')"/>
    </testcase>
  </testsuite>
  <testsuite name="tm_t_coxreg" timestamp="2024-04-26T18:10:49Z" hostname="8dad1054ab36" tests="6" skipped="3" failures="0" errors="0" time="0.059">
    <testcase time="0.0180000000000291" classname="tm_t_coxreg" name="template_coxreg_generates_correct_univariate_cox_regression_expressions"/>
    <testcase time="0.00400000000036016" classname="tm_t_coxreg" name="template_coxreg_generates_correct_univariate_cox_regression_expressions">
      <skipped message="Reason: On CRAN ('test-tm_t_coxreg.R:21:3')"/>
    </testcase>
    <testcase time="0.0139999999996689" classname="tm_t_coxreg" name="template_coxreg_generates_correct_univariate_cox_regression_expressions_with_interactions"/>
    <testcase time="0.00400000000036016" classname="tm_t_coxreg" name="template_coxreg_generates_correct_univariate_cox_regression_expressions_with_interactions">
      <skipped message="Reason: On CRAN ('test-tm_t_coxreg.R:45:3')"/>
    </testcase>
    <testcase time="0.0149999999998727" classname="tm_t_coxreg" name="template_coxreg_generates_correct_multivariate_cox_regression_expressions"/>
    <testcase time="0.00399999999990541" classname="tm_t_coxreg" name="template_coxreg_generates_correct_multivariate_cox_regression_expressions">
      <skipped message="Reason: On CRAN ('test-tm_t_coxreg.R:63:3')"/>
    </testcase>
  </testsuite>
  <testsuite name="tm_t_events" timestamp="2024-04-26T18:10:49Z" hostname="8dad1054ab36" tests="12" skipped="6" failures="0" errors="0" time="0.129">
    <testcase time="0.0199999999999818" classname="tm_t_events" name="template_events_generates_correct_expressions"/>
    <testcase time="0.00399999999990541" classname="tm_t_events" name="template_events_generates_correct_expressions">
      <skipped message="Reason: On CRAN ('test-tm_t_events.R:15:3')"/>
    </testcase>
    <testcase time="0.0219999999999345" classname="tm_t_events" name="template_events_generates_correct_expressions_for_nested_columns"/>
    <testcase time="0.00400000000036016" classname="tm_t_events" name="template_events_generates_correct_expressions_for_nested_columns">
      <skipped message="Reason: On CRAN ('test-tm_t_events.R:32:3')"/>
    </testcase>
    <testcase time="0.0149999999998727" classname="tm_t_events" name="template_events_can_generate_customized_table"/>
    <testcase time="0.00399999999990541" classname="tm_t_events" name="template_events_can_generate_customized_table">
      <skipped message="Reason: On CRAN ('test-tm_t_events.R:50:3')"/>
    </testcase>
    <testcase time="0.0149999999998727" classname="tm_t_events" name="template_events_can_generate_customized_table_with_alphabetical_sorting"/>
    <testcase time="0.00400000000036016" classname="tm_t_events" name="template_events_can_generate_customized_table_with_alphabetical_sorting">
      <skipped message="Reason: On CRAN ('test-tm_t_events.R:69:3')"/>
    </testcase>
    <testcase time="0.0159999999996217" classname="tm_t_events" name="template_events_can_generate_customized_table_with_pruning"/>
    <testcase time="0.00400000000036016" classname="tm_t_events" name="template_events_can_generate_customized_table_with_pruning">
      <skipped message="Reason: On CRAN ('test-tm_t_events.R:89:3')"/>
    </testcase>
    <testcase time="0.0169999999998254" classname="tm_t_events" name="template_events_can_generate_customized_table_with_pruning_for_nested_column"/>
    <testcase time="0.00399999999990541" classname="tm_t_events" name="template_events_can_generate_customized_table_with_pruning_for_nested_column">
      <skipped message="Reason: On CRAN ('test-tm_t_events.R:109:3')"/>
    </testcase>
  </testsuite>
  <testsuite name="tm_t_events_by_grade" timestamp="2024-04-26T18:10:49Z" hostname="8dad1054ab36" tests="16" skipped="8" failures="0" errors="0" time="0.172">
    <testcase time="0.0210000000001855" classname="tm_t_events_by_grade" name="template_events_by_grade_generates_standard_expressions"/>
    <testcase time="0.00399999999990541" classname="tm_t_events_by_grade" name="template_events_by_grade_generates_standard_expressions">
      <skipped message="Reason: On CRAN ('test-tm_t_events_by_grade.R:17:3')"/>
    </testcase>
    <testcase time="0.0149999999998727" classname="tm_t_events_by_grade" name="template_events_by_grade_generates_standard_expressions_with_pruning_conditions"/>
    <testcase time="0.00500000000010914" classname="tm_t_events_by_grade" name="template_events_by_grade_generates_standard_expressions_with_pruning_conditions">
      <skipped message="Reason: On CRAN ('test-tm_t_events_by_grade.R:38:3')"/>
    </testcase>
    <testcase time="0.0140000000001237" classname="tm_t_events_by_grade" name="template_events_by_grade_without_adding_total_column_option_works_as_expected"/>
    <testcase time="0.00500000000010914" classname="tm_t_events_by_grade" name="template_events_by_grade_without_adding_total_column_option_works_as_expected">
      <skipped message="Reason: On CRAN ('test-tm_t_events_by_grade.R:57:3')"/>
    </testcase>
    <testcase time="0.0139999999996689" classname="tm_t_events_by_grade" name="template_events_by_grade_with_hlt_only_works"/>
    <testcase time="0.00500000000010914" classname="tm_t_events_by_grade" name="template_events_by_grade_with_hlt_only_works">
      <skipped message="Reason: On CRAN ('test-tm_t_events_by_grade.R:76:3')"/>
    </testcase>
    <testcase time="0.0230000000001382" classname="tm_t_events_by_grade" name="template_events_col_by_grade_generates_standard_expressions"/>
    <testcase time="0.00500000000010914" classname="tm_t_events_by_grade" name="template_events_col_by_grade_generates_standard_expressions">
      <skipped message="Reason: On CRAN ('test-tm_t_events_by_grade.R:95:3')"/>
    </testcase>
    <testcase time="0.0159999999996217" classname="tm_t_events_by_grade" name="template_events_col_by_grade_works_with_custom_values"/>
    <testcase time="0.00400000000036016" classname="tm_t_events_by_grade" name="template_events_col_by_grade_works_with_custom_values">
      <skipped message="Reason: On CRAN ('test-tm_t_events_by_grade.R:114:3')"/>
    </testcase>
    <testcase time="0.0159999999996217" classname="tm_t_events_by_grade" name="template_events_col_by_grade_without_adding_total_column_option_works_as_expected"/>
    <testcase time="0.00500000000010914" classname="tm_t_events_by_grade" name="template_events_col_by_grade_without_adding_total_column_option_works_as_expected">
      <skipped message="Reason: On CRAN ('test-tm_t_events_by_grade.R:133:3')"/>
    </testcase>
    <testcase time="0.0149999999998727" classname="tm_t_events_by_grade" name="template_events_col_by_grade_without_dropping_arm_levels_option_works_as_expected"/>
    <testcase time="0.00500000000010914" classname="tm_t_events_by_grade" name="template_events_col_by_grade_without_dropping_arm_levels_option_works_as_expected">
      <skipped message="Reason: On CRAN ('test-tm_t_events_by_grade.R:152:3')"/>
    </testcase>
  </testsuite>
  <testsuite name="tm_t_events_patyear" timestamp="2024-04-26T18:10:49Z" hostname="8dad1054ab36" tests="6" skipped="3" failures="0" errors="0" time="0.063">
    <testcase time="0.0190000000002328" classname="tm_t_events_patyear" name="template_events_patyear_generates_standard_expressions"/>
    <testcase time="0.00399999999990541" classname="tm_t_events_patyear" name="template_events_patyear_generates_standard_expressions">
      <skipped message="Reason: On CRAN ('test-tm_t_events_patyear.R:15:3')"/>
    </testcase>
    <testcase time="0.0149999999998727" classname="tm_t_events_patyear" name="template_events_patyear_generates_right_expressions_with_non_default"/>
    <testcase time="0.00399999999990541" classname="tm_t_events_patyear" name="template_events_patyear_generates_right_expressions_with_non_default">
      <skipped message="Reason: On CRAN ('test-tm_t_events_patyear.R:32:3')"/>
    </testcase>
    <testcase time="0.0150000000003274" classname="tm_t_events_patyear" name="template_events_patyear_generates_right_expressions_with_non_default_controls"/>
    <testcase time="0.00599999999985812" classname="tm_t_events_patyear" name="template_events_patyear_generates_right_expressions_with_non_default_controls">
      <skipped message="Reason: On CRAN ('test-tm_t_events_patyear.R:54:3')"/>
    </testcase>
  </testsuite>
  <testsuite name="tm_t_events_summary" timestamp="2024-04-26T18:10:49Z" hostname="8dad1054ab36" tests="4" skipped="2" failures="0" errors="0" time="0.065">
    <testcase time="0.0279999999997926" classname="tm_t_events_summary" name="template_events_summary_generates_minimal_table"/>
    <testcase time="0.00600000000031287" classname="tm_t_events_summary" name="template_events_summary_generates_minimal_table">
      <skipped message="Reason: On CRAN ('test-tm_t_events_summary.R:9:3')"/>
    </testcase>
    <testcase time="0.0239999999998872" classname="tm_t_events_summary" name="template_events_summary_generates_table_with_multiple_flags"/>
    <testcase time="0.00700000000006185" classname="tm_t_events_summary" name="template_events_summary_generates_table_with_multiple_flags">
      <skipped message="Reason: On CRAN ('test-tm_t_events_summary.R:26:3')"/>
    </testcase>
  </testsuite>
  <testsuite name="tm_t_exposure" timestamp="2024-04-26T18:10:49Z" hostname="8dad1054ab36" tests="6" skipped="3" failures="0" errors="0" time="0.083">
    <testcase time="0.0320000000001528" classname="tm_t_exposure" name="template_exposure_generates_correct_expressions_with_default_arguments"/>
    <testcase time="0.00599999999985812" classname="tm_t_exposure" name="template_exposure_generates_correct_expressions_with_default_arguments">
      <skipped message="Reason: On CRAN ('test-tm_t_exposure.R:17:3')"/>
    </testcase>
    <testcase time="0.0199999999999818" classname="tm_t_exposure" name="template_exposure_generates_correct_expressions_with_custom_arguments"/>
    <testcase time="0.00599999999985812" classname="tm_t_exposure" name="template_exposure_generates_correct_expressions_with_custom_arguments">
      <skipped message="Reason: On CRAN ('test-tm_t_exposure.R:36:3')"/>
    </testcase>
    <testcase time="0.0149999999998727" classname="tm_t_exposure" name="template_exposure_generates_correct_expressions_with_paramcd_label"/>
    <testcase time="0.00400000000036016" classname="tm_t_exposure" name="template_exposure_generates_correct_expressions_with_paramcd_label">
      <skipped message="Reason: On CRAN ('test-tm_t_exposure.R:56:3')"/>
    </testcase>
  </testsuite>
  <testsuite name="tm_t_logisitic" timestamp="2024-04-26T18:10:49Z" hostname="8dad1054ab36" tests="6" skipped="3" failures="0" errors="0" time="0.058">
    <testcase time="0.0189999999997781" classname="tm_t_logisitic" name="template_logistic_generates_correct_expressions"/>
    <testcase time="0.00399999999990541" classname="tm_t_logisitic" name="template_logistic_generates_correct_expressions">
      <skipped message="Reason: On CRAN ('test-tm_t_logisitic.R:19:3')"/>
    </testcase>
    <testcase time="0.0130000000003747" classname="tm_t_logisitic" name="template_logistic_generates_correct_expressions_for_no_arm_variable"/>
    <testcase time="0.00399999999990541" classname="tm_t_logisitic" name="template_logistic_generates_correct_expressions_for_no_arm_variable">
      <skipped message="Reason: On CRAN ('test-tm_t_logisitic.R:38:3')"/>
    </testcase>
    <testcase time="0.0139999999996689" classname="tm_t_logisitic" name="template_logistic_generates_correct_expressions"/>
    <testcase time="0.00400000000036016" classname="tm_t_logisitic" name="template_logistic_generates_correct_expressions">
      <skipped message="Reason: On CRAN ('test-tm_t_logisitic.R:59:3')"/>
    </testcase>
  </testsuite>
  <testsuite name="tm_t_mult_events" timestamp="2024-04-26T18:10:49Z" hostname="8dad1054ab36" tests="12" skipped="6" failures="0" errors="0" time="0.138">
    <testcase time="0.0199999999999818" classname="tm_t_mult_events" name="template_mult_events_generates_correct_expressions_with_1_HLT_parameter"/>
    <testcase time="0.00499999999965439" classname="tm_t_mult_events" name="template_mult_events_generates_correct_expressions_with_1_HLT_parameter">
      <skipped message="Reason: On CRAN ('test-tm_t_mult_events.R:15:3')"/>
    </testcase>
    <testcase time="0.0150000000003274" classname="tm_t_mult_events" name="template_mult_events_generates_correct_expressions_with_2_HLT_parameters_and_drop_arm_levels_FALSE"/>
    <testcase time="0.00399999999990541" classname="tm_t_mult_events" name="template_mult_events_generates_correct_expressions_with_2_HLT_parameters_and_drop_arm_levels_FALSE">
      <skipped message="Reason: On CRAN ('test-tm_t_mult_events.R:34:5')"/>
    </testcase>
    <testcase time="0.0160000000000764" classname="tm_t_mult_events" name="template_mult_events_generates_correct_expressions_with_3_HLT_parameters"/>
    <testcase time="0.00399999999990541" classname="tm_t_mult_events" name="template_mult_events_generates_correct_expressions_with_3_HLT_parameters">
      <skipped message="Reason: On CRAN ('test-tm_t_mult_events.R:52:3')"/>
    </testcase>
    <testcase time="0.0149999999998727" classname="tm_t_mult_events" name="template_mult_events_generates_correct_expressions_with_4_HLT_parameters"/>
    <testcase time="0.00500000000010914" classname="tm_t_mult_events" name="template_mult_events_generates_correct_expressions_with_4_HLT_parameters">
      <skipped message="Reason: On CRAN ('test-tm_t_mult_events.R:69:3')"/>
    </testcase>
    <testcase time="0.0300000000002001" classname="tm_t_mult_events" name="template_mult_events_generates_correct_expressions_with_no_HLT_parameters"/>
    <testcase time="0.00499999999965439" classname="tm_t_mult_events" name="template_mult_events_generates_correct_expressions_with_no_HLT_parameters">
      <skipped message="Reason: On CRAN ('test-tm_t_mult_events.R:86:3')"/>
    </testcase>
    <testcase time="0.0150000000003274" classname="tm_t_mult_events" name="template_mult_events_generates_correct_expressions_with_1_HLT_parameter_and_without_All_Patients_column"/>
    <testcase time="0.00399999999990541" classname="tm_t_mult_events" name="template_mult_events_generates_correct_expressions_with_1_HLT_parameter_and_without_All_Patients_column">
      <skipped message="Reason: On CRAN ('test-tm_t_mult_events.R:105:5')"/>
    </testcase>
  </testsuite>
  <testsuite name="tm_t_pp_medical_history" timestamp="2024-04-26T18:10:50Z" hostname="8dad1054ab36" tests="9" skipped="1" failures="0" errors="0" time="0.043">
    <testcase time="0.0169999999998254" classname="tm_t_pp_medical_history" name="template_medical_history_outputs_a_list_with_one_named_element"/>
    <testcase time="0.00300000000015643" classname="tm_t_pp_medical_history" name="template_medical_history_outputs_a_list_with_one_named_element"/>
    <testcase time="0.000999999999748979" classname="tm_t_pp_medical_history" name="template_medical_history_outputs_a_list_with_one_named_element"/>
    <testcase time="0.00300000000015643" classname="tm_t_pp_medical_history" name="template_medical_history_outputs_a_list_with_one_named_element"/>
    <testcase time="0.00500000000010914" classname="tm_t_pp_medical_history" name="template_medical_history_s_output_has_element_table_which_is_of_class_call"/>
    <testcase time="0.00300000000015643" classname="tm_t_pp_medical_history" name="template_medical_history_s_output_has_element_table_which_is_of_class_call"/>
    <testcase time="0.00499999999965439" classname="tm_t_pp_medical_history" name="template_medical_history_non_default_parameters"/>
    <testcase time="0.00199999999995271" classname="tm_t_pp_medical_history" name="template_medical_history_non_default_parameters"/>
    <testcase time="0.00400000000036016" classname="tm_t_pp_medical_history" name="template_medical_history_non_default_parameters">
      <skipped message="Reason: On CRAN ('test-tm_t_pp_medical_history.R:17:3')"/>
    </testcase>
  </testsuite>
  <testsuite name="tm_t_shift_by_arm" timestamp="2024-04-26T18:10:50Z" hostname="8dad1054ab36" tests="6" skipped="3" failures="0" errors="0" time="0.057">
    <testcase time="0.0169999999998254" classname="tm_t_shift_by_arm" name="template_shift_by_arm_generates_correct_expressions_with_default_arguments"/>
    <testcase time="0.00500000000010914" classname="tm_t_shift_by_arm" name="template_shift_by_arm_generates_correct_expressions_with_default_arguments">
      <skipped message="Reason: On CRAN ('test-tm_t_shift_by_arm.R:14:3')"/>
    </testcase>
    <testcase time="0.01299999999992" classname="tm_t_shift_by_arm" name="template_shift_by_arm_generates_correct_expressions_with_add_total_being_TRUE"/>
    <testcase time="0.00500000000010914" classname="tm_t_shift_by_arm" name="template_shift_by_arm_generates_correct_expressions_with_add_total_being_TRUE">
      <skipped message="Reason: On CRAN ('test-tm_t_shift_by_arm.R:31:3')"/>
    </testcase>
    <testcase time="0.01299999999992" classname="tm_t_shift_by_arm" name="template_shift_by_arm_generates_correct_expressions_with_na.rm_being_TRUE"/>
    <testcase time="0.00399999999990541" classname="tm_t_shift_by_arm" name="template_shift_by_arm_generates_correct_expressions_with_na.rm_being_TRUE">
      <skipped message="Reason: On CRAN ('test-tm_t_shift_by_arm.R:48:3')"/>
    </testcase>
  </testsuite>
  <testsuite name="tm_t_shift_by_arm_by_worst" timestamp="2024-04-26T18:10:50Z" hostname="8dad1054ab36" tests="6" skipped="3" failures="0" errors="0" time="0.06">
    <testcase time="0.0169999999998254" classname="tm_t_shift_by_arm_by_worst" name="template_shift_by_arm_generates_correct_expressions_with_default_arguments"/>
    <testcase time="0.00500000000010914" classname="tm_t_shift_by_arm_by_worst" name="template_shift_by_arm_generates_correct_expressions_with_default_arguments">
      <skipped message="Reason: On CRAN ('test-tm_t_shift_by_arm_by_worst.R:15:3')"/>
    </testcase>
    <testcase time="0.01299999999992" classname="tm_t_shift_by_arm_by_worst" name="template_shift_by_arm_generates_correct_expressions_with_add_total_being_TRUE"/>
    <testcase time="0.00400000000036016" classname="tm_t_shift_by_arm_by_worst" name="template_shift_by_arm_generates_correct_expressions_with_add_total_being_TRUE">
      <skipped message="Reason: On CRAN ('test-tm_t_shift_by_arm_by_worst.R:33:3')"/>
    </testcase>
    <testcase time="0.0149999999998727" classname="tm_t_shift_by_arm_by_worst" name="template_shift_by_arm_generates_correct_expressions_with_na.rm_being_TRUE"/>
    <testcase time="0.00599999999985812" classname="tm_t_shift_by_arm_by_worst" name="template_shift_by_arm_generates_correct_expressions_with_na.rm_being_TRUE">
      <skipped message="Reason: On CRAN ('test-tm_t_shift_by_arm_by_worst.R:51:3')"/>
    </testcase>
  </testsuite>
  <testsuite name="tm_t_shift_by_grade" timestamp="2024-04-26T18:10:50Z" hostname="8dad1054ab36" tests="6" skipped="2" failures="0" errors="0" time="0.145">
    <testcase time="0.0280000000002474" classname="tm_t_shift_by_grade" name="template_shift_by_grade_generates_correct_expressions_with_default_arguments"/>
    <testcase time="0.00499999999965439" classname="tm_t_shift_by_grade" name="template_shift_by_grade_generates_correct_expressions_with_default_arguments">
      <skipped message="Reason: On CRAN ('test-tm_t_shift_by_grade.R:20:3')"/>
    </testcase>
    <testcase time="0.0160000000000764" classname="tm_t_shift_by_grade" name="template_shift_by_grade_generates_correct_expressions_with_custom_arguments"/>
    <testcase time="0.00500000000010914" classname="tm_t_shift_by_grade" name="template_shift_by_grade_generates_correct_expressions_with_custom_arguments">
      <skipped message="Reason: On CRAN ('test-tm_t_shift_by_grade.R:42:3')"/>
    </testcase>
    <testcase time="0.0160000000000764" classname="tm_t_shift_by_grade" name="template_shift_by_grade_throws_an_error_when_worst_flag_var_is_not_one_of_WGRLOVFL_WGRLOFL_WGRHIVFL_WGRHIFL"/>
    <testcase time="0.0749999999998181" classname="tm_t_shift_by_grade" name="template_shift_by_grade_keeps_the_same_number_of_missing_data_Missing_after_preprocessing"/>
  </testsuite>
  <testsuite name="tm_t_smq" timestamp="2024-04-26T18:10:50Z" hostname="8dad1054ab36" tests="4" skipped="2" failures="0" errors="0" time="0.037">
    <testcase time="0.01299999999992" classname="tm_t_smq" name="template_smq_generates_correct_expressions_with_default_arguments"/>
    <testcase time="0.00400000000036016" classname="tm_t_smq" name="template_smq_generates_correct_expressions_with_default_arguments">
      <skipped message="Reason: On CRAN ('test-tm_t_smq.R:17:3')"/>
    </testcase>
    <testcase time="0.0159999999996217" classname="tm_t_smq" name="template_smq_generates_correct_expressions_with_custom_arguments"/>
    <testcase time="0.00400000000036016" classname="tm_t_smq" name="template_smq_generates_correct_expressions_with_custom_arguments">
      <skipped message="Reason: On CRAN ('test-tm_t_smq.R:36:3')"/>
    </testcase>
  </testsuite>
  <testsuite name="tm_t_summary" timestamp="2024-04-26T18:10:50Z" hostname="8dad1054ab36" tests="10" skipped="5" failures="0" errors="0" time="0.108">
    <testcase time="0.0189999999997781" classname="tm_t_summary" name="template_summary_generates_correct_expressions"/>
    <testcase time="0.00399999999990541" classname="tm_t_summary" name="template_summary_generates_correct_expressions">
      <skipped message="Reason: On CRAN ('test-tm_t_summary.R:16:3')"/>
    </testcase>
    <testcase time="0.0150000000003274" classname="tm_t_summary" name="template_summary_can_generate_customized_table"/>
    <testcase time="0.00999999999976353" classname="tm_t_summary" name="template_summary_can_generate_customized_table">
      <skipped message="Reason: On CRAN ('test-tm_t_summary.R:34:3')"/>
    </testcase>
    <testcase time="0.0160000000000764" classname="tm_t_summary" name="template_summary_generates_correct_expressions_for_multiple_grouping_variables"/>
    <testcase time="0.00399999999990541" classname="tm_t_summary" name="template_summary_generates_correct_expressions_for_multiple_grouping_variables">
      <skipped message="Reason: On CRAN ('test-tm_t_summary.R:52:3')"/>
    </testcase>
    <testcase time="0.0160000000000764" classname="tm_t_summary" name="template_summary_generates_correct_expressions_for_multiple_grouping_variables_and_all_patients"/>
    <testcase time="0.00500000000010914" classname="tm_t_summary" name="template_summary_generates_correct_expressions_for_multiple_grouping_variables_and_all_patients">
      <skipped message="Reason: On CRAN ('test-tm_t_summary.R:72:5')"/>
    </testcase>
    <testcase time="0.0149999999998727" classname="tm_t_summary" name="template_summary_generates_correct_expressions_for_customized_numeric_statistics"/>
    <testcase time="0.00399999999990541" classname="tm_t_summary" name="template_summary_generates_correct_expressions_for_customized_numeric_statistics">
      <skipped message="Reason: On CRAN ('test-tm_t_summary.R:92:3')"/>
    </testcase>
  </testsuite>
  <testsuite name="tm_t_summary_by" timestamp="2024-04-26T18:10:50Z" hostname="8dad1054ab36" tests="10" skipped="5" failures="0" errors="0" time="0.098">
    <testcase time="0.0190000000002328" classname="tm_t_summary_by" name="template_summary_by_generates_correct_expressions"/>
    <testcase time="0.00399999999990541" classname="tm_t_summary_by" name="template_summary_by_generates_correct_expressions">
      <skipped message="Reason: On CRAN ('test-tm_t_summary_by.R:17:3')"/>
    </testcase>
    <testcase time="0.0140000000001237" classname="tm_t_summary_by" name="template_summary_by_generates_correct_expressions_when_parallel_vars_is_true"/>
    <testcase time="0.00399999999990541" classname="tm_t_summary_by" name="template_summary_by_generates_correct_expressions_when_parallel_vars_is_true">
      <skipped message="Reason: On CRAN ('test-tm_t_summary_by.R:37:3')"/>
    </testcase>
    <testcase time="0.0149999999998727" classname="tm_t_summary_by" name="template_summary_by_generates_correct_expressions_when_row_groups_is_true"/>
    <testcase time="0.00399999999990541" classname="tm_t_summary_by" name="template_summary_by_generates_correct_expressions_when_row_groups_is_true">
      <skipped message="Reason: On CRAN ('test-tm_t_summary_by.R:58:3')"/>
    </testcase>
    <testcase time="0.0150000000003274" classname="tm_t_summary_by" name="template_summary_by_generates_correct_expressions_for_customized_numeric_statistics"/>
    <testcase time="0.00399999999990541" classname="tm_t_summary_by" name="template_summary_by_generates_correct_expressions_for_customized_numeric_statistics">
      <skipped message="Reason: On CRAN ('test-tm_t_summary_by.R:78:3')"/>
    </testcase>
    <testcase time="0.0149999999998727" classname="tm_t_summary_by" name="template_summary_by_generates_correct_expressions_for_drop_zero_levels_is_true"/>
    <testcase time="0.00399999999990541" classname="tm_t_summary_by" name="template_summary_by_generates_correct_expressions_for_drop_zero_levels_is_true">
      <skipped message="Reason: On CRAN ('test-tm_t_summary_by.R:97:3')"/>
    </testcase>
  </testsuite>
  <testsuite name="tm_t_tte" timestamp="2024-04-26T18:10:50Z" hostname="8dad1054ab36" tests="8" skipped="4" failures="0" errors="0" time="0.088">
    <testcase time="0.0190000000002328" classname="tm_t_tte" name="template_tte_produces_healthy_standard_output"/>
    <testcase time="0.00999999999976353" classname="tm_t_tte" name="template_tte_produces_healthy_standard_output">
      <skipped message="Reason: On CRAN ('test-tm_t_tte.R:25:3')"/>
    </testcase>
    <testcase time="0.0150000000003274" classname="tm_t_tte" name="template_tte_produces_correct_data_expression_when_not_comparing_arms"/>
    <testcase time="0.00399999999990541" classname="tm_t_tte" name="template_tte_produces_correct_data_expression_when_not_comparing_arms">
      <skipped message="Reason: On CRAN ('test-tm_t_tte.R:52:3')"/>
    </testcase>
    <testcase time="0.0160000000000764" classname="tm_t_tte" name="template_tte_produces_correct_data_expression_when_comparing_and_combining_arms"/>
    <testcase time="0.00399999999990541" classname="tm_t_tte" name="template_tte_produces_correct_data_expression_when_comparing_and_combining_arms">
      <skipped message="Reason: On CRAN ('test-tm_t_tte.R:79:3')"/>
    </testcase>
    <testcase time="0.0160000000000764" classname="tm_t_tte" name="template_tte_produces_correct_data_expression_when_comparing_arms"/>
    <testcase time="0.00399999999990541" classname="tm_t_tte" name="template_tte_produces_correct_data_expression_when_comparing_arms">
      <skipped message="Reason: On CRAN ('test-tm_t_tte.R:106:3')"/>
    </testcase>
  </testsuite>
  <testsuite name="utils" timestamp="2024-04-26T18:10:50Z" hostname="8dad1054ab36" tests="50" skipped="11" failures="0" errors="0" time="0.387">
    <testcase time="0.0180000000000291" classname="utils" name="h_concat_expr_returns_a_string_for_long_expression"/>
    <testcase time="0.00399999999990541" classname="utils" name="h_concat_expr_returns_a_string_for_long_expression">
      <skipped message="Reason: On CRAN ('test-utils.R:13:3')"/>
    </testcase>
    <testcase time="0.01299999999992" classname="utils" name="pipe_expr_concatenate_expressions_into_a_single_pipeline_"/>
    <testcase time="0.00500000000010914" classname="utils" name="add_expr_adds_expressions_to_expression_list"/>
    <testcase time="0.00399999999990541" classname="utils" name="add_expr_adds_expressions_to_expression_list">
      <skipped message="Reason: On CRAN ('test-utils.R:44:3')"/>
    </testcase>
    <testcase time="0.01299999999992" classname="utils" name="add_expr_manages_expression_list_which_can_be_used_by_pipe_expr"/>
    <testcase time="0.00400000000036016" classname="utils" name="add_expr_manages_expression_list_which_can_be_used_by_pipe_expr">
      <skipped message="Reason: On CRAN ('test-utils.R:65:3')"/>
    </testcase>
    <testcase time="0.0139999999996689" classname="utils" name="bracket_expr_concatenates_expressions_into_a_single_expression"/>
    <testcase time="0.00400000000036016" classname="utils" name="bracket_expr_concatenates_expressions_into_a_single_expression">
      <skipped message="Reason: On CRAN ('test-utils.R:83:3')"/>
    </testcase>
    <testcase time="0.0139999999996689" classname="utils" name="bracket_expr_returns_a_single_evaluable_expression"/>
    <testcase time="0.00399999999990541" classname="utils" name="bracket_expr_returns_a_single_evaluable_expression">
      <skipped message="Reason: On CRAN ('test-utils.R:91:3')"/>
    </testcase>
    <testcase time="0.0130000000003747" classname="utils" name="prepare_arm_with_standard_inputs"/>
    <testcase time="0.00399999999990541" classname="utils" name="prepare_arm_with_standard_inputs">
      <skipped message="Reason: On CRAN ('test-utils.R:104:3')"/>
    </testcase>
    <testcase time="0.0199999999999818" classname="utils" name="prepare_arm_combine_ref_arms"/>
    <testcase time="0.00399999999990541" classname="utils" name="prepare_arm_combine_ref_arms">
      <skipped message="Reason: On CRAN ('test-utils.R:116:3')"/>
    </testcase>
    <testcase time="0.01299999999992" classname="utils" name="prepare_arm_combine_ref_arms_and_use_new_level"/>
    <testcase time="0.00399999999990541" classname="utils" name="prepare_arm_combine_ref_arms_and_use_new_level">
      <skipped message="Reason: On CRAN ('test-utils.R:129:3')"/>
    </testcase>
    <testcase time="0.0150000000003274" classname="utils" name="prepare_arm_does_not_do_anything_when_we_don_t_want_to_compare_or_drop_arms"/>
    <testcase time="0.00299999999970169" classname="utils" name="prepare_arm_does_not_do_anything_when_we_don_t_want_to_compare_or_drop_arms"/>
    <testcase time="0.00500000000010914" classname="utils" name="prepare_arm_levels_with_standard_inputs"/>
    <testcase time="0.00399999999990541" classname="utils" name="prepare_arm_levels_with_standard_inputs">
      <skipped message="Reason: On CRAN ('test-utils.R:168:3')"/>
    </testcase>
    <testcase time="0.0149999999998727" classname="utils" name="prepare_arm_levels_can_use_parentname_arm_levels"/>
    <testcase time="0.00500000000010914" classname="utils" name="prepare_arm_levels_can_use_parentname_arm_levels">
      <skipped message="Reason: On CRAN ('test-utils.R:180:3')"/>
    </testcase>
    <testcase time="0.01299999999992" classname="utils" name="color_lab_values_main"/>
    <testcase time="0.00500000000010914" classname="utils" name="color_lab_values_main">
      <skipped message="Reason: On CRAN ('test-utils.R:188:3')"/>
    </testcase>
    <testcase time="0.0149999999998727" classname="utils" name="color_lab_values_neutral_for_none_characters"/>
    <testcase time="0.00300000000015643" classname="utils" name="color_lab_values_neutral_for_none_characters"/>
    <testcase time="0.00900000000001455" classname="utils" name="clean_description"/>
    <testcase time="0.00199999999995271" classname="utils" name="clean_description"/>
    <testcase time="0.00700000000006185" classname="utils" name="get_g_forest_obj_var_name"/>
    <testcase time="0.00599999999985812" classname="utils" name="cs_to_select_spec_single_choices_selected_is_converted_to_select_spec"/>
    <testcase time="0.00700000000006185" classname="utils" name="cs_to_select_spec_single_choices_selected_is_converted_to_select_spec_with_multiple_TRUE"/>
    <testcase time="0.00700000000006185" classname="utils" name="cs_to_select_spec_single_choices_selected_is_converted_to_select_spec_with_ordered_TRUE"/>
    <testcase time="0.00799999999981083" classname="utils" name="cs_to_select_spec_accepts_choices_selected_only"/>
    <testcase time="0.00800000000026557" classname="utils" name="cs_to_select_spec_accepts_multiple_as_flag_only"/>
    <testcase time="0.00799999999981083" classname="utils" name="cs_to_select_spec_accepts_ordered_as_flag_only"/>
    <testcase time="0.00799999999981083" classname="utils" name="cs_to_filter_spec_fails_if_doesn_t_have_var_choices"/>
    <testcase time="0.0140000000001237" classname="utils" name="cs_to_filter_spec_creates_filter_spec_from_choices_selected"/>
    <testcase time="0.00700000000006185" classname="utils" name="cs_to_des_select_creates_data_extract_spec_with_single_select_and_no_filter"/>
    <testcase time="0.012000000000171" classname="utils" name="cs_to_des_select_returns_the_input_if_data_extract_spec_is_provided"/>
    <testcase time="0.00599999999985812" classname="utils" name="cs_to_des_select_creates_data_extract_spec_with_multiple_TRUE"/>
    <testcase time="0.00700000000006185" classname="utils" name="cs_to_des_select_creates_data_extract_spec_with_ordered_TRUE"/>
    <testcase time="0.00599999999985812" classname="utils" name="as_numeric_from_comma_sep_str_returns_NULL_if_blank_string_or_NULL_entered"/>
    <testcase time="0.00199999999995271" classname="utils" name="as_numeric_from_comma_sep_str_returns_NULL_if_blank_string_or_NULL_entered"/>
    <testcase time="0.00600000000031287" classname="utils" name="as_numeric_from_comma_sep_str_returns_numeric_vector_of_numbers"/>
    <testcase time="0.00299999999970169" classname="utils" name="as_numeric_from_comma_sep_str_returns_numeric_vector_of_numbers"/>
    <testcase time="0.00600000000031287" classname="utils" name="as_numeric_from_comma_sep_str_respects_sep_argument"/>
    <testcase time="0.00299999999970169" classname="utils" name="as_numeric_from_comma_sep_str_respects_sep_argument"/>
    <testcase time="0.00500000000010914" classname="utils" name="default_total_label_works_properly"/>
    <testcase time="0.00199999999995271" classname="utils" name="default_total_label_works_properly"/>
  </testsuite>
  <testsuite name="validate_standard_inputs" timestamp="2024-04-26T18:10:51Z" hostname="8dad1054ab36" tests="6" skipped="0" failures="0" errors="0" time="0.034">
    <testcase time="0.0109999999999673" classname="validate_standard_inputs" name="validate_arm_throws_shiny_error_if_arm_vec_is_not_a_factor"/>
    <testcase time="0.00399999999990541" classname="validate_standard_inputs" name="validate_arm_throws_shiny_error_if_arm_vec_is_not_a_factor"/>
    <testcase time="0.00800000000026557" classname="validate_standard_inputs" name="validate_arm_throws_specific_shiny_error_if_arm_vec_has_just_whitespace_strings"/>
    <testcase time="0.00399999999990541" classname="validate_standard_inputs" name="validate_arm_throws_specific_shiny_error_if_arm_vec_has_just_whitespace_strings"/>
    <testcase time="0.00500000000010914" classname="validate_standard_inputs" name="validate_arm_throws_no_error_if_arm_vec_is_a_factor"/>
    <testcase time="0.00199999999995271" classname="validate_standard_inputs" name="validate_arm_throws_no_error_if_arm_vec_is_a_factor"/>
  </testsuite>
</testsuites>
