<?xml version="1.0" encoding="UTF-8"?>
<testsuites>
  <testsuite name="examples" timestamp="2025-02-07T08:07:12Z" hostname="4c0cf582fd9a" tests="113" skipped="113" failures="0" errors="0" time="1.512">
    <testcase time="0.0100000000000002" classname="examples" name="example_add_expr.Rd">
      <skipped message="Reason: testing depth 3 is below current testing specification 5 ('test-examples.R:127:7')"/>
    </testcase>
    <testcase time="0.0600000000000001" classname="examples" name="example_arm_ref_comp_observer.Rd">
      <skipped message="Reason: testing depth 3 is below current testing specification 5 ('test-examples.R:127:7')"/>
    </testcase>
    <testcase time="0.032" classname="examples" name="example_as_num.Rd">
      <skipped message="Reason: testing depth 3 is below current testing specification 5 ('test-examples.R:127:7')"/>
    </testcase>
    <testcase time="0.0149999999999997" classname="examples" name="example_bracket_expr.Rd">
      <skipped message="Reason: testing depth 3 is below current testing specification 5 ('test-examples.R:127:7')"/>
    </testcase>
    <testcase time="0.0150000000000001" classname="examples" name="example_call_concatenate.Rd">
      <skipped message="Reason: testing depth 3 is below current testing specification 5 ('test-examples.R:127:7')"/>
    </testcase>
    <testcase time="0.0150000000000001" classname="examples" name="example_check_arm_ref_comp.Rd">
      <skipped message="Reason: testing depth 3 is below current testing specification 5 ('test-examples.R:127:7')"/>
    </testcase>
    <testcase time="0.0149999999999997" classname="examples" name="example_clean_description.Rd">
      <skipped message="Reason: testing depth 3 is below current testing specification 5 ('test-examples.R:127:7')"/>
    </testcase>
    <testcase time="0.0150000000000001" classname="examples" name="example_color_lab_values.Rd">
      <skipped message="Reason: testing depth 3 is below current testing specification 5 ('test-examples.R:127:7')"/>
    </testcase>
    <testcase time="0.0150000000000001" classname="examples" name="example_column_annotation_label.Rd">
      <skipped message="Reason: testing depth 3 is below current testing specification 5 ('test-examples.R:127:7')"/>
    </testcase>
    <testcase time="0.0150000000000001" classname="examples" name="example_control_tte.Rd">
      <skipped message="Reason: testing depth 3 is below current testing specification 5 ('test-examples.R:127:7')"/>
    </testcase>
    <testcase time="0.0149999999999997" classname="examples" name="example_cs_to_des_filter.Rd">
      <skipped message="Reason: testing depth 3 is below current testing specification 5 ('test-examples.R:127:7')"/>
    </testcase>
    <testcase time="0.0249999999999999" classname="examples" name="example_cs_to_des_select.Rd">
      <skipped message="Reason: testing depth 3 is below current testing specification 5 ('test-examples.R:127:7')"/>
    </testcase>
    <testcase time="0.012" classname="examples" name="example_cs_to_filter_spec.Rd">
      <skipped message="Reason: testing depth 3 is below current testing specification 5 ('test-examples.R:127:7')"/>
    </testcase>
    <testcase time="0.012" classname="examples" name="example_cs_to_select_spec.Rd">
      <skipped message="Reason: testing depth 3 is below current testing specification 5 ('test-examples.R:127:7')"/>
    </testcase>
    <testcase time="0.012" classname="examples" name="example_default_total_label.Rd">
      <skipped message="Reason: testing depth 3 is below current testing specification 5 ('test-examples.R:127:7')"/>
    </testcase>
    <testcase time="0.012" classname="examples" name="example_ex_data.Rd">
      <skipped message="Reason: testing depth 3 is below current testing specification 5 ('test-examples.R:127:7')"/>
    </testcase>
    <testcase time="0.012" classname="examples" name="example_extract_input.Rd">
      <skipped message="Reason: testing depth 3 is below current testing specification 5 ('test-examples.R:127:7')"/>
    </testcase>
    <testcase time="0.012" classname="examples" name="example_facet_grid_formula.Rd">
      <skipped message="Reason: testing depth 3 is below current testing specification 5 ('test-examples.R:127:7')"/>
    </testcase>
    <testcase time="0.012" classname="examples" name="example_get_g_forest_obj_var_name.Rd">
      <skipped message="Reason: testing depth 3 is below current testing specification 5 ('test-examples.R:127:7')"/>
    </testcase>
    <testcase time="0.012" classname="examples" name="example_get_paramcd_label.Rd">
      <skipped message="Reason: testing depth 3 is below current testing specification 5 ('test-examples.R:127:7')"/>
    </testcase>
    <testcase time="0.012" classname="examples" name="example_get_var_labels.Rd">
      <skipped message="Reason: testing depth 3 is below current testing specification 5 ('test-examples.R:127:7')"/>
    </testcase>
    <testcase time="0.012" classname="examples" name="example_h_concat_expr.Rd">
      <skipped message="Reason: testing depth 3 is below current testing specification 5 ('test-examples.R:127:7')"/>
    </testcase>
    <testcase time="0.012" classname="examples" name="example_is.cs_or_des.Rd">
      <skipped message="Reason: testing depth 3 is below current testing specification 5 ('test-examples.R:127:7')"/>
    </testcase>
    <testcase time="0.012" classname="examples" name="example_make_barchart_simple_call.Rd">
      <skipped message="Reason: testing depth 3 is below current testing specification 5 ('test-examples.R:127:7')"/>
    </testcase>
    <testcase time="0.012" classname="examples" name="example_module_arguments.Rd">
      <skipped message="Reason: testing depth 3 is below current testing specification 5 ('test-examples.R:127:7')"/>
    </testcase>
    <testcase time="0.012" classname="examples" name="example_normalize_decorators.Rd">
      <skipped message="Reason: testing depth 3 is below current testing specification 5 ('test-examples.R:127:7')"/>
    </testcase>
    <testcase time="0.012" classname="examples" name="example_pipe_expr.Rd">
      <skipped message="Reason: testing depth 3 is below current testing specification 5 ('test-examples.R:127:7')"/>
    </testcase>
    <testcase time="0.012" classname="examples" name="example_prepare_arm.Rd">
      <skipped message="Reason: testing depth 3 is below current testing specification 5 ('test-examples.R:127:7')"/>
    </testcase>
    <testcase time="0.012" classname="examples" name="example_prepare_arm_levels.Rd">
      <skipped message="Reason: testing depth 3 is below current testing specification 5 ('test-examples.R:127:7')"/>
    </testcase>
    <testcase time="0.0110000000000001" classname="examples" name="example_select_decorators.Rd">
      <skipped message="Reason: testing depth 3 is below current testing specification 5 ('test-examples.R:127:7')"/>
    </testcase>
    <testcase time="0.012" classname="examples" name="example_split_choices.Rd">
      <skipped message="Reason: testing depth 3 is below current testing specification 5 ('test-examples.R:127:7')"/>
    </testcase>
    <testcase time="0.012" classname="examples" name="example_split_col_expr.Rd">
      <skipped message="Reason: testing depth 3 is below current testing specification 5 ('test-examples.R:127:7')"/>
    </testcase>
    <testcase time="0.012" classname="examples" name="example_split_interactions.Rd">
      <skipped message="Reason: testing depth 3 is below current testing specification 5 ('test-examples.R:127:7')"/>
    </testcase>
    <testcase time="0.016" classname="examples" name="example_srv_decorate_teal_data.Rd">
      <skipped message="Reason: testing depth 3 is below current testing specification 5 ('test-examples.R:127:7')"/>
    </testcase>
    <testcase time="0.012" classname="examples" name="example_substitute_names.Rd">
      <skipped message="Reason: testing depth 3 is below current testing specification 5 ('test-examples.R:127:7')"/>
    </testcase>
    <testcase time="0.012" classname="examples" name="example_substitute_q.Rd">
      <skipped message="Reason: testing depth 3 is below current testing specification 5 ('test-examples.R:127:7')"/>
    </testcase>
    <testcase time="0.0129999999999999" classname="examples" name="example_teal.modules.clinical_package.Rd">
      <skipped message="Reason: testing depth 3 is below current testing specification 5 ('test-examples.R:127:7')"/>
    </testcase>
    <testcase time="0.012" classname="examples" name="example_template_a_gee.Rd">
      <skipped message="Reason: testing depth 3 is below current testing specification 5 ('test-examples.R:127:7')"/>
    </testcase>
    <testcase time="0.012" classname="examples" name="example_template_abnormality.Rd">
      <skipped message="Reason: testing depth 3 is below current testing specification 5 ('test-examples.R:127:7')"/>
    </testcase>
    <testcase time="0.012" classname="examples" name="example_template_abnormality_by_worst_grade.Rd">
      <skipped message="Reason: testing depth 3 is below current testing specification 5 ('test-examples.R:127:7')"/>
    </testcase>
    <testcase time="0.012" classname="examples" name="example_template_adverse_events.Rd">
      <skipped message="Reason: testing depth 3 is below current testing specification 5 ('test-examples.R:127:7')"/>
    </testcase>
    <testcase time="0.012" classname="examples" name="example_template_ancova.Rd">
      <skipped message="Reason: testing depth 3 is below current testing specification 5 ('test-examples.R:127:7')"/>
    </testcase>
    <testcase time="0.012" classname="examples" name="example_template_arguments.Rd">
      <skipped message="Reason: testing depth 3 is below current testing specification 5 ('test-examples.R:127:7')"/>
    </testcase>
    <testcase time="0.012" classname="examples" name="example_template_basic_info.Rd">
      <skipped message="Reason: testing depth 3 is below current testing specification 5 ('test-examples.R:127:7')"/>
    </testcase>
    <testcase time="0.012" classname="examples" name="example_template_binary_outcome.Rd">
      <skipped message="Reason: testing depth 3 is below current testing specification 5 ('test-examples.R:127:7')"/>
    </testcase>
    <testcase time="0.012" classname="examples" name="example_template_coxreg_m.Rd">
      <skipped message="Reason: testing depth 3 is below current testing specification 5 ('test-examples.R:127:7')"/>
    </testcase>
    <testcase time="0.012" classname="examples" name="example_template_coxreg_u.Rd">
      <skipped message="Reason: testing depth 3 is below current testing specification 5 ('test-examples.R:127:7')"/>
    </testcase>
    <testcase time="0.012" classname="examples" name="example_template_events.Rd">
      <skipped message="Reason: testing depth 3 is below current testing specification 5 ('test-examples.R:127:7')"/>
    </testcase>
    <testcase time="0.012" classname="examples" name="example_template_events_by_grade.Rd">
      <skipped message="Reason: testing depth 3 is below current testing specification 5 ('test-examples.R:127:7')"/>
    </testcase>
    <testcase time="0.012" classname="examples" name="example_template_events_col_by_grade.Rd">
      <skipped message="Reason: testing depth 3 is below current testing specification 5 ('test-examples.R:127:7')"/>
    </testcase>
    <testcase time="0.012" classname="examples" name="example_template_events_patyear.Rd">
      <skipped message="Reason: testing depth 3 is below current testing specification 5 ('test-examples.R:127:7')"/>
    </testcase>
    <testcase time="0.012" classname="examples" name="example_template_events_summary.Rd">
      <skipped message="Reason: testing depth 3 is below current testing specification 5 ('test-examples.R:127:7')"/>
    </testcase>
    <testcase time="0.0119999999999996" classname="examples" name="example_template_exposure.Rd">
      <skipped message="Reason: testing depth 3 is below current testing specification 5 ('test-examples.R:127:7')"/>
    </testcase>
    <testcase time="0.012" classname="examples" name="example_template_fit_mmrm.Rd">
      <skipped message="Reason: testing depth 3 is below current testing specification 5 ('test-examples.R:127:7')"/>
    </testcase>
    <testcase time="0.036" classname="examples" name="example_template_forest_rsp.Rd">
      <skipped message="Reason: testing depth 3 is below current testing specification 5 ('test-examples.R:127:7')"/>
    </testcase>
    <testcase time="0.0130000000000003" classname="examples" name="example_template_forest_tte.Rd">
      <skipped message="Reason: testing depth 3 is below current testing specification 5 ('test-examples.R:127:7')"/>
    </testcase>
    <testcase time="0.0129999999999999" classname="examples" name="example_template_g_ci.Rd">
      <skipped message="Reason: testing depth 3 is below current testing specification 5 ('test-examples.R:127:7')"/>
    </testcase>
    <testcase time="0.012" classname="examples" name="example_template_g_ipp.Rd">
      <skipped message="Reason: testing depth 3 is below current testing specification 5 ('test-examples.R:127:7')"/>
    </testcase>
    <testcase time="0.0129999999999999" classname="examples" name="example_template_g_km.Rd">
      <skipped message="Reason: testing depth 3 is below current testing specification 5 ('test-examples.R:127:7')"/>
    </testcase>
    <testcase time="0.012" classname="examples" name="example_template_g_lineplot.Rd">
      <skipped message="Reason: testing depth 3 is below current testing specification 5 ('test-examples.R:127:7')"/>
    </testcase>
    <testcase time="0.012" classname="examples" name="example_template_laboratory.Rd">
      <skipped message="Reason: testing depth 3 is below current testing specification 5 ('test-examples.R:127:7')"/>
    </testcase>
    <testcase time="0.0129999999999999" classname="examples" name="example_template_logistic.Rd">
      <skipped message="Reason: testing depth 3 is below current testing specification 5 ('test-examples.R:127:7')"/>
    </testcase>
    <testcase time="0.012" classname="examples" name="example_template_medical_history.Rd">
      <skipped message="Reason: testing depth 3 is below current testing specification 5 ('test-examples.R:127:7')"/>
    </testcase>
    <testcase time="0.012" classname="examples" name="example_template_mult_events.Rd">
      <skipped message="Reason: testing depth 3 is below current testing specification 5 ('test-examples.R:127:7')"/>
    </testcase>
    <testcase time="0.012" classname="examples" name="example_template_patient_timeline.Rd">
      <skipped message="Reason: testing depth 3 is below current testing specification 5 ('test-examples.R:127:7')"/>
    </testcase>
    <testcase time="0.0129999999999999" classname="examples" name="example_template_prior_medication.Rd">
      <skipped message="Reason: testing depth 3 is below current testing specification 5 ('test-examples.R:127:7')"/>
    </testcase>
    <testcase time="0.012" classname="examples" name="example_template_shift_by_arm.Rd">
      <skipped message="Reason: testing depth 3 is below current testing specification 5 ('test-examples.R:127:7')"/>
    </testcase>
    <testcase time="0.0130000000000003" classname="examples" name="example_template_shift_by_arm_by_worst.Rd">
      <skipped message="Reason: testing depth 3 is below current testing specification 5 ('test-examples.R:127:7')"/>
    </testcase>
    <testcase time="0.012" classname="examples" name="example_template_shift_by_grade.Rd">
      <skipped message="Reason: testing depth 3 is below current testing specification 5 ('test-examples.R:127:7')"/>
    </testcase>
    <testcase time="0.012" classname="examples" name="example_template_smq.Rd">
      <skipped message="Reason: testing depth 3 is below current testing specification 5 ('test-examples.R:127:7')"/>
    </testcase>
    <testcase time="0.012" classname="examples" name="example_template_summary.Rd">
      <skipped message="Reason: testing depth 3 is below current testing specification 5 ('test-examples.R:127:7')"/>
    </testcase>
    <testcase time="0.012" classname="examples" name="example_template_summary_by.Rd">
      <skipped message="Reason: testing depth 3 is below current testing specification 5 ('test-examples.R:127:7')"/>
    </testcase>
    <testcase time="0.0129999999999999" classname="examples" name="example_template_therapy.Rd">
      <skipped message="Reason: testing depth 3 is below current testing specification 5 ('test-examples.R:127:7')"/>
    </testcase>
    <testcase time="0.012" classname="examples" name="example_template_tte.Rd">
      <skipped message="Reason: testing depth 3 is below current testing specification 5 ('test-examples.R:127:7')"/>
    </testcase>
    <testcase time="0.012" classname="examples" name="example_template_vitals.Rd">
      <skipped message="Reason: testing depth 3 is below current testing specification 5 ('test-examples.R:127:7')"/>
    </testcase>
    <testcase time="0.0169999999999999" classname="examples" name="example_tm_a_gee.Rd">
      <skipped message="Reason: testing depth 3 is below current testing specification 5 ('test-examples.R:127:7')"/>
    </testcase>
    <testcase time="0.012" classname="examples" name="example_tm_a_mmrm.Rd">
      <skipped message="Reason: testing depth 3 is below current testing specification 5 ('test-examples.R:127:7')"/>
    </testcase>
    <testcase time="0.012" classname="examples" name="example_tm_g_barchart_simple.Rd">
      <skipped message="Reason: testing depth 3 is below current testing specification 5 ('test-examples.R:127:7')"/>
    </testcase>
    <testcase time="0.012" classname="examples" name="example_tm_g_ci.Rd">
      <skipped message="Reason: testing depth 3 is below current testing specification 5 ('test-examples.R:127:7')"/>
    </testcase>
    <testcase time="0.0129999999999999" classname="examples" name="example_tm_g_forest_rsp.Rd">
      <skipped message="Reason: testing depth 3 is below current testing specification 5 ('test-examples.R:127:7')"/>
    </testcase>
    <testcase time="0.0130000000000003" classname="examples" name="example_tm_g_forest_tte.Rd">
      <skipped message="Reason: testing depth 3 is below current testing specification 5 ('test-examples.R:127:7')"/>
    </testcase>
    <testcase time="0.0119999999999996" classname="examples" name="example_tm_g_ipp.Rd">
      <skipped message="Reason: testing depth 3 is below current testing specification 5 ('test-examples.R:127:7')"/>
    </testcase>
    <testcase time="0.0130000000000003" classname="examples" name="example_tm_g_km.Rd">
      <skipped message="Reason: testing depth 3 is below current testing specification 5 ('test-examples.R:127:7')"/>
    </testcase>
    <testcase time="0.012" classname="examples" name="example_tm_g_lineplot.Rd">
      <skipped message="Reason: testing depth 3 is below current testing specification 5 ('test-examples.R:127:7')"/>
    </testcase>
    <testcase time="0.012" classname="examples" name="example_tm_g_pp_adverse_events.Rd">
      <skipped message="Reason: testing depth 3 is below current testing specification 5 ('test-examples.R:127:7')"/>
    </testcase>
    <testcase time="0.012" classname="examples" name="example_tm_g_pp_patient_timeline.Rd">
      <skipped message="Reason: testing depth 3 is below current testing specification 5 ('test-examples.R:127:7')"/>
    </testcase>
    <testcase time="0.0129999999999999" classname="examples" name="example_tm_g_pp_therapy.Rd">
      <skipped message="Reason: testing depth 3 is below current testing specification 5 ('test-examples.R:127:7')"/>
    </testcase>
    <testcase time="0.012" classname="examples" name="example_tm_g_pp_vitals.Rd">
      <skipped message="Reason: testing depth 3 is below current testing specification 5 ('test-examples.R:127:7')"/>
    </testcase>
    <testcase time="0.012" classname="examples" name="example_tm_t_abnormality.Rd">
      <skipped message="Reason: testing depth 3 is below current testing specification 5 ('test-examples.R:127:7')"/>
    </testcase>
    <testcase time="0.012" classname="examples" name="example_tm_t_abnormality_by_worst_grade.Rd">
      <skipped message="Reason: testing depth 3 is below current testing specification 5 ('test-examples.R:127:7')"/>
    </testcase>
    <testcase time="0.012" classname="examples" name="example_tm_t_ancova.Rd">
      <skipped message="Reason: testing depth 3 is below current testing specification 5 ('test-examples.R:127:7')"/>
    </testcase>
    <testcase time="0.0129999999999999" classname="examples" name="example_tm_t_binary_outcome.Rd">
      <skipped message="Reason: testing depth 3 is below current testing specification 5 ('test-examples.R:127:7')"/>
    </testcase>
    <testcase time="0.012" classname="examples" name="example_tm_t_coxreg.Rd">
      <skipped message="Reason: testing depth 3 is below current testing specification 5 ('test-examples.R:127:7')"/>
    </testcase>
    <testcase time="0.012" classname="examples" name="example_tm_t_events.Rd">
      <skipped message="Reason: testing depth 3 is below current testing specification 5 ('test-examples.R:127:7')"/>
    </testcase>
    <testcase time="0.012" classname="examples" name="example_tm_t_events_by_grade.Rd">
      <skipped message="Reason: testing depth 3 is below current testing specification 5 ('test-examples.R:127:7')"/>
    </testcase>
    <testcase time="0.012" classname="examples" name="example_tm_t_events_patyear.Rd">
      <skipped message="Reason: testing depth 3 is below current testing specification 5 ('test-examples.R:127:7')"/>
    </testcase>
    <testcase time="0.016" classname="examples" name="example_tm_t_events_summary.Rd">
      <skipped message="Reason: testing depth 3 is below current testing specification 5 ('test-examples.R:127:7')"/>
    </testcase>
    <testcase time="0.012" classname="examples" name="example_tm_t_exposure.Rd">
      <skipped message="Reason: testing depth 3 is below current testing specification 5 ('test-examples.R:127:7')"/>
    </testcase>
    <testcase time="0.012" classname="examples" name="example_tm_t_logistic.Rd">
      <skipped message="Reason: testing depth 3 is below current testing specification 5 ('test-examples.R:127:7')"/>
    </testcase>
    <testcase time="0.0129999999999999" classname="examples" name="example_tm_t_mult_events.Rd">
      <skipped message="Reason: testing depth 3 is below current testing specification 5 ('test-examples.R:127:7')"/>
    </testcase>
    <testcase time="0.012" classname="examples" name="example_tm_t_pp_basic_info.Rd">
      <skipped message="Reason: testing depth 3 is below current testing specification 5 ('test-examples.R:127:7')"/>
    </testcase>
    <testcase time="0.012" classname="examples" name="example_tm_t_pp_laboratory.Rd">
      <skipped message="Reason: testing depth 3 is below current testing specification 5 ('test-examples.R:127:7')"/>
    </testcase>
    <testcase time="0.012" classname="examples" name="example_tm_t_pp_medical_history.Rd">
      <skipped message="Reason: testing depth 3 is below current testing specification 5 ('test-examples.R:127:7')"/>
    </testcase>
    <testcase time="0.0129999999999999" classname="examples" name="example_tm_t_pp_prior_medication.Rd">
      <skipped message="Reason: testing depth 3 is below current testing specification 5 ('test-examples.R:127:7')"/>
    </testcase>
    <testcase time="0.012" classname="examples" name="example_tm_t_shift_by_arm.Rd">
      <skipped message="Reason: testing depth 3 is below current testing specification 5 ('test-examples.R:127:7')"/>
    </testcase>
    <testcase time="0.012" classname="examples" name="example_tm_t_shift_by_arm_by_worst.Rd">
      <skipped message="Reason: testing depth 3 is below current testing specification 5 ('test-examples.R:127:7')"/>
    </testcase>
    <testcase time="0.012" classname="examples" name="example_tm_t_shift_by_grade.Rd">
      <skipped message="Reason: testing depth 3 is below current testing specification 5 ('test-examples.R:127:7')"/>
    </testcase>
    <testcase time="0.0129999999999999" classname="examples" name="example_tm_t_smq.Rd">
      <skipped message="Reason: testing depth 3 is below current testing specification 5 ('test-examples.R:127:7')"/>
    </testcase>
    <testcase time="0.012" classname="examples" name="example_tm_t_summary.Rd">
      <skipped message="Reason: testing depth 3 is below current testing specification 5 ('test-examples.R:127:7')"/>
    </testcase>
    <testcase time="0.012" classname="examples" name="example_tm_t_summary_by.Rd">
      <skipped message="Reason: testing depth 3 is below current testing specification 5 ('test-examples.R:127:7')"/>
    </testcase>
    <testcase time="0.012" classname="examples" name="example_tm_t_tte.Rd">
      <skipped message="Reason: testing depth 3 is below current testing specification 5 ('test-examples.R:127:7')"/>
    </testcase>
    <testcase time="0.012" classname="examples" name="example_validate_arm.Rd">
      <skipped message="Reason: testing depth 3 is below current testing specification 5 ('test-examples.R:127:7')"/>
    </testcase>
    <testcase time="0.0129999999999999" classname="examples" name="example_validate_standard_inputs.Rd">
      <skipped message="Reason: testing depth 3 is below current testing specification 5 ('test-examples.R:127:7')"/>
    </testcase>
  </testsuite>
  <testsuite name="facet_grid_formula" timestamp="2025-02-07T08:07:14Z" hostname="4c0cf582fd9a" tests="4" skipped="0" failures="0" errors="0" time="0.031">
    <testcase time="0.0230000000000001" classname="facet_grid_formula" name="facet_grid_formula_works"/>
    <testcase time="0.00300000000000011" classname="facet_grid_formula" name="facet_grid_formula_works"/>
    <testcase time="0.00199999999999978" classname="facet_grid_formula" name="facet_grid_formula_works"/>
    <testcase time="0.00300000000000011" classname="facet_grid_formula" name="facet_grid_formula_works"/>
  </testsuite>
  <testsuite name="shinytest2-tm_a_gee" timestamp="2025-02-07T08:07:14Z" hostname="4c0cf582fd9a" tests="17" skipped="17" failures="0" errors="0" time="0.215">
    <testcase time="0.016" classname="shinytest2_tm_a_gee" name="e2e_tm_a_gee_Module_initializes_in_teal_without_errors_and_produces_table_output.">
      <skipped message="Reason: testing depth 3 is below current testing specification 5 ('test-shinytest2-tm_a_gee.R:45:3')"/>
    </testcase>
    <testcase time="0.012" classname="shinytest2_tm_a_gee" name="e2e_tm_a_gee_Starts_with_specified_label_id_var_arm_var_visit_var_paramcd_cov_var_conf_level_and_conf_struct.">
      <skipped message="Reason: testing depth 3 is below current testing specification 5 ('test-shinytest2-tm_a_gee.R:58:5')"/>
    </testcase>
    <testcase time="0.0169999999999999" classname="shinytest2_tm_a_gee" name="e2e_tm_a_gee_Selection_of_id_var_does_not_change_the_table_and_does_not_throw_validation_errors.">
      <skipped message="Reason: testing depth 3 is below current testing specification 5 ('test-shinytest2-tm_a_gee.R:112:5')"/>
    </testcase>
    <testcase time="0.0110000000000001" classname="shinytest2_tm_a_gee" name="e2e_tm_a_gee_Deselection_of_id_var_throws_validation_error.">
      <skipped message="Reason: testing depth 3 is below current testing specification 5 ('test-shinytest2-tm_a_gee.R:128:3')"/>
    </testcase>
    <testcase time="0.012" classname="shinytest2_tm_a_gee" name="e2e_tm_a_gee_Change_in_arm_var_changes_the_table_and_does_not_throw_validation_errors.">
      <skipped message="Reason: testing depth 3 is below current testing specification 5 ('test-shinytest2-tm_a_gee.R:141:3')"/>
    </testcase>
    <testcase time="0.012" classname="shinytest2_tm_a_gee" name="e2e_tm_a_gee_Deselection_of_arm_var_throws_validation_error.">
      <skipped message="Reason: testing depth 3 is below current testing specification 5 ('test-shinytest2-tm_a_gee.R:157:3')"/>
    </testcase>
    <testcase time="0.012" classname="shinytest2_tm_a_gee" name="e2e_tm_a_gee_Selection_of_visit_var_does_not_change_the_table_and_does_not_throw_validation_errors.">
      <skipped message="Reason: testing depth 3 is below current testing specification 5 ('test-shinytest2-tm_a_gee.R:172:5')"/>
    </testcase>
    <testcase time="0.012" classname="shinytest2_tm_a_gee" name="e2e_tm_a_gee_Deselection_of_visit_var_throws_validation_error.">
      <skipped message="Reason: testing depth 3 is below current testing specification 5 ('test-shinytest2-tm_a_gee.R:188:3')"/>
    </testcase>
    <testcase time="0.0129999999999999" classname="shinytest2_tm_a_gee" name="e2e_tm_a_gee_Selection_of_paramcd_changes_the_table_and_does_not_throw_validation_errors.">
      <skipped message="Reason: testing depth 3 is below current testing specification 5 ('test-shinytest2-tm_a_gee.R:202:3')"/>
    </testcase>
    <testcase time="0.012" classname="shinytest2_tm_a_gee" name="e2e_tm_a_gee_Deselection_of_paramcd_throws_validation_error.">
      <skipped message="Reason: testing depth 3 is below current testing specification 5 ('test-shinytest2-tm_a_gee.R:217:3')"/>
    </testcase>
    <testcase time="0.012" classname="shinytest2_tm_a_gee" name="e2e_tm_a_gee_Selection_of_cov_var_changes_the_table_and_does_not_throw_validation_errors.">
      <skipped message="Reason: testing depth 3 is below current testing specification 5 ('test-shinytest2-tm_a_gee.R:230:3')"/>
    </testcase>
    <testcase time="0.0129999999999999" classname="shinytest2_tm_a_gee" name="e2e_tm_a_gee_Selection_of_conf_level_changes_the_table_and_does_not_throw_validation_errors.">
      <skipped message="Reason: testing depth 3 is below current testing specification 5 ('test-shinytest2-tm_a_gee.R:245:3')"/>
    </testcase>
    <testcase time="0.012" classname="shinytest2_tm_a_gee" name="e2e_tm_a_gee_Selection_of_conf_level_out_of_0_1_range_throws_validation_error.">
      <skipped message="Reason: testing depth 3 is below current testing specification 5 ('test-shinytest2-tm_a_gee.R:260:3')"/>
    </testcase>
    <testcase time="0.012" classname="shinytest2_tm_a_gee" name="e2e_tm_a_gee_Deselection_of_conf_level_throws_validation_error.">
      <skipped message="Reason: testing depth 3 is below current testing specification 5 ('test-shinytest2-tm_a_gee.R:274:3')"/>
    </testcase>
    <testcase time="0.012" classname="shinytest2_tm_a_gee" name="e2e_tm_a_gee_Selection_of_cor_struct_changes_the_table_and_does_not_throw_validation_errors.">
      <skipped message="Reason: testing depth 3 is below current testing specification 5 ('test-shinytest2-tm_a_gee.R:287:3')"/>
    </testcase>
    <testcase time="0.012" classname="shinytest2_tm_a_gee" name="e2e_tm_a_gee_Deselection_of_cor_struct_does_not_throw_validation_error.">
      <skipped message="Reason: testing depth 3 is below current testing specification 5 ('test-shinytest2-tm_a_gee.R:302:3')"/>
    </testcase>
    <testcase time="0.0130000000000003" classname="shinytest2_tm_a_gee" name="e2e_tm_a_gee_Selection_of_output_table_changes_the_table_and_doesn_t_throw_validation_error.">
      <skipped message="Reason: testing depth 3 is below current testing specification 5 ('test-shinytest2-tm_a_gee.R:310:3')"/>
    </testcase>
  </testsuite>
  <testsuite name="shinytest2-tm_a_mmrm" timestamp="2025-02-07T08:07:14Z" hostname="4c0cf582fd9a" tests="48" skipped="48" failures="0" errors="0" time="0.594">
    <testcase time="0.0149999999999997" classname="shinytest2_tm_a_mmrm" name="e2e_tm_a_mmrm_Module_initializes_in_teal_without_errors_and_displays_a_message_to_click_Fit_Model_.">
      <skipped message="Reason: testing depth 3 is below current testing specification 5 ('test-shinytest2-tm_a_mmrm.R:82:5')"/>
    </testcase>
    <testcase time="0.0129999999999999" classname="shinytest2_tm_a_mmrm" name="e2e_tm_a_mmrm_Module_initializes_with_specified_label_aval_var_paramcd_visit_var_cov_var_arm_var_buckets_combine_comp_arms_id_var_cor_struct_weights_emmeans_conf_level_method_parallel_and_output_function.">
      <skipped message="Reason: testing depth 3 is below current testing specification 5 ('test-shinytest2-tm_a_mmrm.R:101:5')"/>
    </testcase>
    <testcase time="0.012" classname="shinytest2_tm_a_mmrm" name="e2e_tm_a_mmrm_Click_on_fit_model_shows_table_for_default_selection.">
      <skipped message="Reason: testing depth 3 is below current testing specification 5 ('test-shinytest2-tm_a_mmrm.R:148:3')"/>
    </testcase>
    <testcase time="0.012" classname="shinytest2_tm_a_mmrm" name="e2e_tm_a_mmrm_Function_t_mmrm_lsmeans_selection_shows_output_settings_changing_settings_throws_no_validation_errors_and_verify_visibility_of_generated_tables.">
      <skipped message="Reason: testing depth 3 is below current testing specification 5 ('test-shinytest2-tm_a_mmrm.R:164:5')"/>
    </testcase>
    <testcase time="0.012" classname="shinytest2_tm_a_mmrm" name="e2e_tm_a_mmrm_Function_g_mmrm_lsmeans_selection_shows_output_settings_changing_settings_throws_no_validation_errors_and_verify_visibility_of_generated_plots.">
      <skipped message="Reason: testing depth 3 is below current testing specification 5 ('test-shinytest2-tm_a_mmrm.R:184:5')"/>
    </testcase>
    <testcase time="0.012" classname="shinytest2_tm_a_mmrm" name="e2e_tm_a_mmrm_Function_g_mmrm_diagnostic_selection_shows_output_settings_changing_settings_throws_no_validation_errors_and_verify_visibility_of_generated_plots.">
      <skipped message="Reason: testing depth 3 is below current testing specification 5 ('test-shinytest2-tm_a_mmrm.R:225:5')"/>
    </testcase>
    <testcase time="0.0180000000000002" classname="shinytest2_tm_a_mmrm" name="e2e_tm_a_mmrm_Deselection_of_aval_var_throws_validation_error_in_method_t_mmrm_lsmeans.">
      <skipped message="Reason: testing depth 3 is below current testing specification 5 ('test-shinytest2-tm_a_mmrm.R:255:7')"/>
    </testcase>
    <testcase time="0.0129999999999999" classname="shinytest2_tm_a_mmrm" name="e2e_tm_a_mmrm_Deselection_paramcd_throws_validation_error_in_method_t_mmrm_lsmeans.">
      <skipped message="Reason: testing depth 3 is below current testing specification 5 ('test-shinytest2-tm_a_mmrm.R:290:7')"/>
    </testcase>
    <testcase time="0.012" classname="shinytest2_tm_a_mmrm" name="e2e_tm_a_mmrm_Deselection_of_visit_var_throws_validation_error_in_method_t_mmrm_lsmeans.">
      <skipped message="Reason: testing depth 3 is below current testing specification 5 ('test-shinytest2-tm_a_mmrm.R:325:7')"/>
    </testcase>
    <testcase time="0.012" classname="shinytest2_tm_a_mmrm" name="e2e_tm_a_mmrm_Deselection_of_arm_var_throws_validation_error_in_method_t_mmrm_lsmeans.">
      <skipped message="Reason: testing depth 3 is below current testing specification 5 ('test-shinytest2-tm_a_mmrm.R:360:7')"/>
    </testcase>
    <testcase time="0.0129999999999999" classname="shinytest2_tm_a_mmrm" name="e2e_tm_a_mmrm_Deselection_of_id_var_throws_validation_error_in_method_t_mmrm_lsmeans.">
      <skipped message="Reason: testing depth 3 is below current testing specification 5 ('test-shinytest2-tm_a_mmrm.R:395:7')"/>
    </testcase>
    <testcase time="0.012" classname="shinytest2_tm_a_mmrm" name="e2e_tm_a_mmrm_Deselection_of_conf_level_throws_validation_error_in_method_t_mmrm_lsmeans.">
      <skipped message="Reason: testing depth 3 is below current testing specification 5 ('test-shinytest2-tm_a_mmrm.R:430:7')"/>
    </testcase>
    <testcase time="0.0130000000000003" classname="shinytest2_tm_a_mmrm" name="e2e_tm_a_mmrm_Deselection_of_aval_var_throws_validation_error_in_method_g_mmrm_lsmeans.">
      <skipped message="Reason: testing depth 3 is below current testing specification 5 ('test-shinytest2-tm_a_mmrm.R:255:7')"/>
    </testcase>
    <testcase time="0.0119999999999996" classname="shinytest2_tm_a_mmrm" name="e2e_tm_a_mmrm_Deselection_paramcd_throws_validation_error_in_method_g_mmrm_lsmeans.">
      <skipped message="Reason: testing depth 3 is below current testing specification 5 ('test-shinytest2-tm_a_mmrm.R:290:7')"/>
    </testcase>
    <testcase time="0.0120000000000005" classname="shinytest2_tm_a_mmrm" name="e2e_tm_a_mmrm_Deselection_of_visit_var_throws_validation_error_in_method_g_mmrm_lsmeans.">
      <skipped message="Reason: testing depth 3 is below current testing specification 5 ('test-shinytest2-tm_a_mmrm.R:325:7')"/>
    </testcase>
    <testcase time="0.0119999999999996" classname="shinytest2_tm_a_mmrm" name="e2e_tm_a_mmrm_Deselection_of_arm_var_throws_validation_error_in_method_g_mmrm_lsmeans.">
      <skipped message="Reason: testing depth 3 is below current testing specification 5 ('test-shinytest2-tm_a_mmrm.R:360:7')"/>
    </testcase>
    <testcase time="0.0120000000000005" classname="shinytest2_tm_a_mmrm" name="e2e_tm_a_mmrm_Deselection_of_id_var_throws_validation_error_in_method_g_mmrm_lsmeans.">
      <skipped message="Reason: testing depth 3 is below current testing specification 5 ('test-shinytest2-tm_a_mmrm.R:395:7')"/>
    </testcase>
    <testcase time="0.0120000000000005" classname="shinytest2_tm_a_mmrm" name="e2e_tm_a_mmrm_Deselection_of_conf_level_throws_validation_error_in_method_g_mmrm_lsmeans.">
      <skipped message="Reason: testing depth 3 is below current testing specification 5 ('test-shinytest2-tm_a_mmrm.R:430:7')"/>
    </testcase>
    <testcase time="0.0119999999999996" classname="shinytest2_tm_a_mmrm" name="e2e_tm_a_mmrm_Deselection_of_aval_var_throws_validation_error_in_method_t_mmrm_cov.">
      <skipped message="Reason: testing depth 3 is below current testing specification 5 ('test-shinytest2-tm_a_mmrm.R:255:7')"/>
    </testcase>
    <testcase time="0.0120000000000005" classname="shinytest2_tm_a_mmrm" name="e2e_tm_a_mmrm_Deselection_paramcd_throws_validation_error_in_method_t_mmrm_cov.">
      <skipped message="Reason: testing depth 3 is below current testing specification 5 ('test-shinytest2-tm_a_mmrm.R:290:7')"/>
    </testcase>
    <testcase time="0.0119999999999996" classname="shinytest2_tm_a_mmrm" name="e2e_tm_a_mmrm_Deselection_of_visit_var_throws_validation_error_in_method_t_mmrm_cov.">
      <skipped message="Reason: testing depth 3 is below current testing specification 5 ('test-shinytest2-tm_a_mmrm.R:325:7')"/>
    </testcase>
    <testcase time="0.0120000000000005" classname="shinytest2_tm_a_mmrm" name="e2e_tm_a_mmrm_Deselection_of_arm_var_throws_validation_error_in_method_t_mmrm_cov.">
      <skipped message="Reason: testing depth 3 is below current testing specification 5 ('test-shinytest2-tm_a_mmrm.R:360:7')"/>
    </testcase>
    <testcase time="0.0119999999999996" classname="shinytest2_tm_a_mmrm" name="e2e_tm_a_mmrm_Deselection_of_id_var_throws_validation_error_in_method_t_mmrm_cov.">
      <skipped message="Reason: testing depth 3 is below current testing specification 5 ('test-shinytest2-tm_a_mmrm.R:395:7')"/>
    </testcase>
    <testcase time="0.0120000000000005" classname="shinytest2_tm_a_mmrm" name="e2e_tm_a_mmrm_Deselection_of_conf_level_throws_validation_error_in_method_t_mmrm_cov.">
      <skipped message="Reason: testing depth 3 is below current testing specification 5 ('test-shinytest2-tm_a_mmrm.R:430:7')"/>
    </testcase>
    <testcase time="0.0119999999999996" classname="shinytest2_tm_a_mmrm" name="e2e_tm_a_mmrm_Deselection_of_aval_var_throws_validation_error_in_method_t_mmrm_fixed.">
      <skipped message="Reason: testing depth 3 is below current testing specification 5 ('test-shinytest2-tm_a_mmrm.R:255:7')"/>
    </testcase>
    <testcase time="0.0120000000000005" classname="shinytest2_tm_a_mmrm" name="e2e_tm_a_mmrm_Deselection_paramcd_throws_validation_error_in_method_t_mmrm_fixed.">
      <skipped message="Reason: testing depth 3 is below current testing specification 5 ('test-shinytest2-tm_a_mmrm.R:290:7')"/>
    </testcase>
    <testcase time="0.0119999999999996" classname="shinytest2_tm_a_mmrm" name="e2e_tm_a_mmrm_Deselection_of_visit_var_throws_validation_error_in_method_t_mmrm_fixed.">
      <skipped message="Reason: testing depth 3 is below current testing specification 5 ('test-shinytest2-tm_a_mmrm.R:325:7')"/>
    </testcase>
    <testcase time="0.0120000000000005" classname="shinytest2_tm_a_mmrm" name="e2e_tm_a_mmrm_Deselection_of_arm_var_throws_validation_error_in_method_t_mmrm_fixed.">
      <skipped message="Reason: testing depth 3 is below current testing specification 5 ('test-shinytest2-tm_a_mmrm.R:360:7')"/>
    </testcase>
    <testcase time="0.016" classname="shinytest2_tm_a_mmrm" name="e2e_tm_a_mmrm_Deselection_of_id_var_throws_validation_error_in_method_t_mmrm_fixed.">
      <skipped message="Reason: testing depth 3 is below current testing specification 5 ('test-shinytest2-tm_a_mmrm.R:395:7')"/>
    </testcase>
    <testcase time="0.0119999999999996" classname="shinytest2_tm_a_mmrm" name="e2e_tm_a_mmrm_Deselection_of_conf_level_throws_validation_error_in_method_t_mmrm_fixed.">
      <skipped message="Reason: testing depth 3 is below current testing specification 5 ('test-shinytest2-tm_a_mmrm.R:430:7')"/>
    </testcase>
    <testcase time="0.0120000000000005" classname="shinytest2_tm_a_mmrm" name="e2e_tm_a_mmrm_Deselection_of_aval_var_throws_validation_error_in_method_t_mmrm_diagnostic.">
      <skipped message="Reason: testing depth 3 is below current testing specification 5 ('test-shinytest2-tm_a_mmrm.R:255:7')"/>
    </testcase>
    <testcase time="0.0129999999999999" classname="shinytest2_tm_a_mmrm" name="e2e_tm_a_mmrm_Deselection_paramcd_throws_validation_error_in_method_t_mmrm_diagnostic.">
      <skipped message="Reason: testing depth 3 is below current testing specification 5 ('test-shinytest2-tm_a_mmrm.R:290:7')"/>
    </testcase>
    <testcase time="0.0119999999999996" classname="shinytest2_tm_a_mmrm" name="e2e_tm_a_mmrm_Deselection_of_visit_var_throws_validation_error_in_method_t_mmrm_diagnostic.">
      <skipped message="Reason: testing depth 3 is below current testing specification 5 ('test-shinytest2-tm_a_mmrm.R:325:7')"/>
    </testcase>
    <testcase time="0.0120000000000005" classname="shinytest2_tm_a_mmrm" name="e2e_tm_a_mmrm_Deselection_of_arm_var_throws_validation_error_in_method_t_mmrm_diagnostic.">
      <skipped message="Reason: testing depth 3 is below current testing specification 5 ('test-shinytest2-tm_a_mmrm.R:360:7')"/>
    </testcase>
    <testcase time="0.0119999999999996" classname="shinytest2_tm_a_mmrm" name="e2e_tm_a_mmrm_Deselection_of_id_var_throws_validation_error_in_method_t_mmrm_diagnostic.">
      <skipped message="Reason: testing depth 3 is below current testing specification 5 ('test-shinytest2-tm_a_mmrm.R:395:7')"/>
    </testcase>
    <testcase time="0.0120000000000005" classname="shinytest2_tm_a_mmrm" name="e2e_tm_a_mmrm_Deselection_of_conf_level_throws_validation_error_in_method_t_mmrm_diagnostic.">
      <skipped message="Reason: testing depth 3 is below current testing specification 5 ('test-shinytest2-tm_a_mmrm.R:430:7')"/>
    </testcase>
    <testcase time="0.0119999999999996" classname="shinytest2_tm_a_mmrm" name="e2e_tm_a_mmrm_Deselection_of_aval_var_throws_validation_error_in_method_g_mmrm_diagnostic.">
      <skipped message="Reason: testing depth 3 is below current testing specification 5 ('test-shinytest2-tm_a_mmrm.R:255:7')"/>
    </testcase>
    <testcase time="0.0120000000000005" classname="shinytest2_tm_a_mmrm" name="e2e_tm_a_mmrm_Deselection_paramcd_throws_validation_error_in_method_g_mmrm_diagnostic.">
      <skipped message="Reason: testing depth 3 is below current testing specification 5 ('test-shinytest2-tm_a_mmrm.R:290:7')"/>
    </testcase>
    <testcase time="0.0119999999999996" classname="shinytest2_tm_a_mmrm" name="e2e_tm_a_mmrm_Deselection_of_visit_var_throws_validation_error_in_method_g_mmrm_diagnostic.">
      <skipped message="Reason: testing depth 3 is below current testing specification 5 ('test-shinytest2-tm_a_mmrm.R:325:7')"/>
    </testcase>
    <testcase time="0.0120000000000005" classname="shinytest2_tm_a_mmrm" name="e2e_tm_a_mmrm_Deselection_of_arm_var_throws_validation_error_in_method_g_mmrm_diagnostic.">
      <skipped message="Reason: testing depth 3 is below current testing specification 5 ('test-shinytest2-tm_a_mmrm.R:360:7')"/>
    </testcase>
    <testcase time="0.0119999999999996" classname="shinytest2_tm_a_mmrm" name="e2e_tm_a_mmrm_Deselection_of_id_var_throws_validation_error_in_method_g_mmrm_diagnostic.">
      <skipped message="Reason: testing depth 3 is below current testing specification 5 ('test-shinytest2-tm_a_mmrm.R:395:7')"/>
    </testcase>
    <testcase time="0.0120000000000005" classname="shinytest2_tm_a_mmrm" name="e2e_tm_a_mmrm_Deselection_of_conf_level_throws_validation_error_in_method_g_mmrm_diagnostic.">
      <skipped message="Reason: testing depth 3 is below current testing specification 5 ('test-shinytest2-tm_a_mmrm.R:430:7')"/>
    </testcase>
    <testcase time="0.0119999999999996" classname="shinytest2_tm_a_mmrm" name="e2e_tm_a_mmrm_Validate_output_on_different_selection_on_method_t_mmrm_lsmeans.">
      <skipped message="Reason: testing depth 3 is below current testing specification 5 ('test-shinytest2-tm_a_mmrm.R:497:7')"/>
    </testcase>
    <testcase time="0.0120000000000005" classname="shinytest2_tm_a_mmrm" name="e2e_tm_a_mmrm_Validate_output_on_different_selection_on_method_g_mmrm_lsmeans.">
      <skipped message="Reason: testing depth 3 is below current testing specification 5 ('test-shinytest2-tm_a_mmrm.R:497:7')"/>
    </testcase>
    <testcase time="0.0119999999999996" classname="shinytest2_tm_a_mmrm" name="e2e_tm_a_mmrm_Validate_output_on_different_selection_on_method_t_mmrm_cov.">
      <skipped message="Reason: testing depth 3 is below current testing specification 5 ('test-shinytest2-tm_a_mmrm.R:497:7')"/>
    </testcase>
    <testcase time="0.0120000000000005" classname="shinytest2_tm_a_mmrm" name="e2e_tm_a_mmrm_Validate_output_on_different_selection_on_method_t_mmrm_fixed.">
      <skipped message="Reason: testing depth 3 is below current testing specification 5 ('test-shinytest2-tm_a_mmrm.R:497:7')"/>
    </testcase>
    <testcase time="0.0119999999999996" classname="shinytest2_tm_a_mmrm" name="e2e_tm_a_mmrm_Validate_output_on_different_selection_on_method_t_mmrm_diagnostic.">
      <skipped message="Reason: testing depth 3 is below current testing specification 5 ('test-shinytest2-tm_a_mmrm.R:497:7')"/>
    </testcase>
    <testcase time="0.0120000000000005" classname="shinytest2_tm_a_mmrm" name="e2e_tm_a_mmrm_Validate_output_on_different_selection_on_method_g_mmrm_diagnostic.">
      <skipped message="Reason: testing depth 3 is below current testing specification 5 ('test-shinytest2-tm_a_mmrm.R:497:7')"/>
    </testcase>
  </testsuite>
  <testsuite name="shinytest2-tm_g_barchart_simple" timestamp="2025-02-07T08:07:15Z" hostname="4c0cf582fd9a" tests="23" skipped="23" failures="0" errors="0" time="0.3">
    <testcase time="0.0149999999999997" classname="shinytest2_tm_g_barchart_simple" name="e2e_tm_g_barchart_simple_Module_initializes_in_teal_without_errors_and_produces_output.">
      <skipped message="Reason: testing depth 3 is below current testing specification 5 ('test-shinytest2-tm_g_barchart_simple.R:115:3')"/>
    </testcase>
    <testcase time="0.016" classname="shinytest2_tm_g_barchart_simple" name="e2e_tm_g_barchart_simple_Starts_with_specified_label_id_var_arm_var_visit_var_paramcd_cov_var_conf_level_and_conf_struct.">
      <skipped message="Reason: testing depth 3 is below current testing specification 5 ('test-shinytest2-tm_g_barchart_simple.R:133:5')"/>
    </testcase>
    <testcase time="0.0119999999999996" classname="shinytest2_tm_g_barchart_simple" name="e2e_tm_g_barchart_simple_Selection_of_x_changes_the_element_and_does_not_throw_validation_errors.">
      <skipped message="Reason: testing depth 3 is below current testing specification 5 ('test-shinytest2-tm_g_barchart_simple.R:193:5')"/>
    </testcase>
    <testcase time="0.0120000000000005" classname="shinytest2_tm_g_barchart_simple" name="e2e_tm_g_barchart_simple_Deselection_of_x_throws_validation_error.">
      <skipped message="Reason: testing depth 3 is below current testing specification 5 ('test-shinytest2-tm_g_barchart_simple.R:204:3')"/>
    </testcase>
    <testcase time="0.0119999999999996" classname="shinytest2_tm_g_barchart_simple" name="e2e_tm_g_barchart_simple_Selection_of_fill_dataset_changes_the_element_and_does_not_throw_validation_errors.">
      <skipped message="Reason: testing depth 3 is below current testing specification 5 ('test-shinytest2-tm_g_barchart_simple.R:229:7')"/>
    </testcase>
    <testcase time="0.0120000000000005" classname="shinytest2_tm_g_barchart_simple" name="e2e_tm_g_barchart_simple_Deselection_of_fill_dataset_changes_the_element_and_does_not_throw_validation_errors.">
      <skipped message="Reason: testing depth 3 is below current testing specification 5 ('test-shinytest2-tm_g_barchart_simple.R:252:7')"/>
    </testcase>
    <testcase time="0.0249999999999995" classname="shinytest2_tm_g_barchart_simple" name="e2e_tm_g_barchart_simple_Selection_of_x_facet_dataset_changes_the_element_and_does_not_throw_validation_errors.">
      <skipped message="Reason: testing depth 3 is below current testing specification 5 ('test-shinytest2-tm_g_barchart_simple.R:229:7')"/>
    </testcase>
    <testcase time="0.0120000000000005" classname="shinytest2_tm_g_barchart_simple" name="e2e_tm_g_barchart_simple_Deselection_of_x_facet_dataset_changes_the_element_and_does_not_throw_validation_errors.">
      <skipped message="Reason: testing depth 3 is below current testing specification 5 ('test-shinytest2-tm_g_barchart_simple.R:252:7')"/>
    </testcase>
    <testcase time="0.0119999999999996" classname="shinytest2_tm_g_barchart_simple" name="e2e_tm_g_barchart_simple_Selection_of_y_facet_dataset_changes_the_element_and_does_not_throw_validation_errors.">
      <skipped message="Reason: testing depth 3 is below current testing specification 5 ('test-shinytest2-tm_g_barchart_simple.R:229:7')"/>
    </testcase>
    <testcase time="0.0120000000000005" classname="shinytest2_tm_g_barchart_simple" name="e2e_tm_g_barchart_simple_Deselection_of_y_facet_dataset_changes_the_element_and_does_not_throw_validation_errors.">
      <skipped message="Reason: testing depth 3 is below current testing specification 5 ('test-shinytest2-tm_g_barchart_simple.R:252:7')"/>
    </testcase>
    <testcase time="0.0110000000000001" classname="shinytest2_tm_g_barchart_simple" name="e2e_tm_g_barchart_simple_Duplicate_between_x_and_fill_selection_throws_validation_error.">
      <skipped message="Reason: testing depth 3 is below current testing specification 5 ('test-shinytest2-tm_g_barchart_simple.R:277:7')"/>
    </testcase>
    <testcase time="0.0119999999999996" classname="shinytest2_tm_g_barchart_simple" name="e2e_tm_g_barchart_simple_Duplicate_between_x_and_x_facet_selection_throws_validation_error.">
      <skipped message="Reason: testing depth 3 is below current testing specification 5 ('test-shinytest2-tm_g_barchart_simple.R:277:7')"/>
    </testcase>
    <testcase time="0.0120000000000005" classname="shinytest2_tm_g_barchart_simple" name="e2e_tm_g_barchart_simple_Duplicate_between_x_and_y_facet_selection_throws_validation_error.">
      <skipped message="Reason: testing depth 3 is below current testing specification 5 ('test-shinytest2-tm_g_barchart_simple.R:277:7')"/>
    </testcase>
    <testcase time="0.0119999999999996" classname="shinytest2_tm_g_barchart_simple" name="e2e_tm_g_barchart_simple_Changing_barlayout_changes_the_plot_and_does_not_throw_validation_errors.">
      <skipped message="Reason: testing depth 3 is below current testing specification 5 ('test-shinytest2-tm_g_barchart_simple.R:318:7')"/>
    </testcase>
    <testcase time="0.0120000000000005" classname="shinytest2_tm_g_barchart_simple" name="e2e_tm_g_barchart_simple_Changing_expand_y_range_changes_the_plot_and_does_not_throw_validation_errors.">
      <skipped message="Reason: testing depth 3 is below current testing specification 5 ('test-shinytest2-tm_g_barchart_simple.R:318:7')"/>
    </testcase>
    <testcase time="0.0119999999999996" classname="shinytest2_tm_g_barchart_simple" name="e2e_tm_g_barchart_simple_Changing_facet_scale_x_changes_the_plot_and_does_not_throw_validation_errors.">
      <skipped message="Reason: testing depth 3 is below current testing specification 5 ('test-shinytest2-tm_g_barchart_simple.R:318:7')"/>
    </testcase>
    <testcase time="0.0120000000000005" classname="shinytest2_tm_g_barchart_simple" name="e2e_tm_g_barchart_simple_Changing_facet_scale_y_changes_the_plot_and_does_not_throw_validation_errors.">
      <skipped message="Reason: testing depth 3 is below current testing specification 5 ('test-shinytest2-tm_g_barchart_simple.R:318:7')"/>
    </testcase>
    <testcase time="0.0119999999999996" classname="shinytest2_tm_g_barchart_simple" name="e2e_tm_g_barchart_simple_Changing_label_bars_changes_the_plot_and_does_not_throw_validation_errors.">
      <skipped message="Reason: testing depth 3 is below current testing specification 5 ('test-shinytest2-tm_g_barchart_simple.R:318:7')"/>
    </testcase>
    <testcase time="0.0120000000000005" classname="shinytest2_tm_g_barchart_simple" name="e2e_tm_g_barchart_simple_Changing_rotate_x_label_changes_the_plot_and_does_not_throw_validation_errors.">
      <skipped message="Reason: testing depth 3 is below current testing specification 5 ('test-shinytest2-tm_g_barchart_simple.R:318:7')"/>
    </testcase>
    <testcase time="0.0119999999999996" classname="shinytest2_tm_g_barchart_simple" name="e2e_tm_g_barchart_simple_Changing_rotate_y_label_changes_the_plot_and_does_not_throw_validation_errors.">
      <skipped message="Reason: testing depth 3 is below current testing specification 5 ('test-shinytest2-tm_g_barchart_simple.R:318:7')"/>
    </testcase>
    <testcase time="0.0120000000000005" classname="shinytest2_tm_g_barchart_simple" name="e2e_tm_g_barchart_simple_Changing_flip_axis_changes_the_plot_and_does_not_throw_validation_errors.">
      <skipped message="Reason: testing depth 3 is below current testing specification 5 ('test-shinytest2-tm_g_barchart_simple.R:318:7')"/>
    </testcase>
    <testcase time="0.0169999999999995" classname="shinytest2_tm_g_barchart_simple" name="e2e_tm_g_barchart_simple_Changing_show_n_changes_the_plot_and_does_not_throw_validation_errors.">
      <skipped message="Reason: testing depth 3 is below current testing specification 5 ('test-shinytest2-tm_g_barchart_simple.R:318:7')"/>
    </testcase>
    <testcase time="0.0120000000000005" classname="shinytest2_tm_g_barchart_simple" name="e2e_tm_g_barchart_simple_Changing_rotate_bar_labels_changes_the_plot_and_does_not_throw_validation_errors.">
      <skipped message="Reason: testing depth 3 is below current testing specification 5 ('test-shinytest2-tm_g_barchart_simple.R:318:7')"/>
    </testcase>
  </testsuite>
  <testsuite name="shinytest2-tm_g_ci" timestamp="2025-02-07T08:07:15Z" hostname="4c0cf582fd9a" tests="14" skipped="14" failures="0" errors="0" time="0.171">
    <testcase time="0.0149999999999997" classname="shinytest2_tm_g_ci" name="e2e_tm_g_ci_Module_initializes_in_teal_without_errors_and_produces_plot_output.">
      <skipped message="Reason: testing depth 3 is below current testing specification 5 ('test-shinytest2-tm_g_ci.R:75:3')"/>
    </testcase>
    <testcase time="0.0120000000000005" classname="shinytest2_tm_g_ci" name="e2e_tm_g_ci_Module_initializes_with_specified_label_x_var_y_var_ADLB_filters_color_conf_level_and_stat.">
      <skipped message="Reason: testing depth 3 is below current testing specification 5 ('test-shinytest2-tm_g_ci.R:86:5')"/>
    </testcase>
    <testcase time="0.0119999999999996" classname="shinytest2_tm_g_ci" name="e2e_tm_g_ci_Selecting_x_var_column_changes_plot_and_doesn_t_throw_validation_errors.">
      <skipped message="Reason: testing depth 3 is below current testing specification 5 ('test-shinytest2-tm_g_ci.R:141:3')"/>
    </testcase>
    <testcase time="0.0120000000000005" classname="shinytest2_tm_g_ci" name="e2e_tm_g_ci_Deselecting_x_var_column_throws_validation_error.">
      <skipped message="Reason: testing depth 3 is below current testing specification 5 ('test-shinytest2-tm_g_ci.R:156:3')"/>
    </testcase>
    <testcase time="0.0119999999999996" classname="shinytest2_tm_g_ci" name="e2e_tm_g_ci_Selecting_y_var_column_changes_plot_and_doesn_t_throw_validation_errors.">
      <skipped message="Reason: testing depth 3 is below current testing specification 5 ('test-shinytest2-tm_g_ci.R:169:3')"/>
    </testcase>
    <testcase time="0.0129999999999999" classname="shinytest2_tm_g_ci" name="e2e_tm_g_ci_Deselecting_y_var_column_throws_validation_error.">
      <skipped message="Reason: testing depth 3 is below current testing specification 5 ('test-shinytest2-tm_g_ci.R:184:3')"/>
    </testcase>
    <testcase time="0.0120000000000005" classname="shinytest2_tm_g_ci" name="e2e_tm_g_ci_Selecting_PARAMCD_filter_value_changes_plot_and_doesn_t_throw_validation_errors.">
      <skipped message="Reason: testing depth 3 is below current testing specification 5 ('test-shinytest2-tm_g_ci.R:199:5')"/>
    </testcase>
    <testcase time="0.0119999999999996" classname="shinytest2_tm_g_ci" name="e2e_tm_g_ci_Deselecting_PARAMCD_filter_value_throws_validation_error.">
      <skipped message="Reason: testing depth 3 is below current testing specification 5 ('test-shinytest2-tm_g_ci.R:215:3')"/>
    </testcase>
    <testcase time="0.0110000000000001" classname="shinytest2_tm_g_ci" name="e2e_tm_g_ci_Selecting_AVISIT_filter_value_doesn_t_throw_validation_errors.">
      <skipped message="Reason: testing depth 3 is below current testing specification 5 ('test-shinytest2-tm_g_ci.R:228:3')"/>
    </testcase>
    <testcase time="0.0120000000000005" classname="shinytest2_tm_g_ci" name="e2e_tm_g_ci_Deselecting_AVISIT_filter_value_throws_validation_error.">
      <skipped message="Reason: testing depth 3 is below current testing specification 5 ('test-shinytest2-tm_g_ci.R:238:3')"/>
    </testcase>
    <testcase time="0.0119999999999996" classname="shinytest2_tm_g_ci" name="e2e_tm_g_ci_Selecting_color_column_changes_plot_output_and_doesn_t_throw_validation_errors.">
      <skipped message="Reason: testing depth 3 is below current testing specification 5 ('test-shinytest2-tm_g_ci.R:251:3')"/>
    </testcase>
    <testcase time="0.0119999999999996" classname="shinytest2_tm_g_ci" name="e2e_tm_g_ci_Deselecting_color_column_changes_plot_output_and_doesn_t_throw_validation_error.">
      <skipped message="Reason: testing depth 3 is below current testing specification 5 ('test-shinytest2-tm_g_ci.R:261:3')"/>
    </testcase>
    <testcase time="0.0120000000000005" classname="shinytest2_tm_g_ci" name="e2e_tm_g_ci_Selecting_confidence_interval_value_changes_plot_and_doesn_t_throw_any_errors.">
      <skipped message="Reason: testing depth 3 is below current testing specification 5 ('test-shinytest2-tm_g_ci.R:271:3')"/>
    </testcase>
    <testcase time="0.0119999999999996" classname="shinytest2_tm_g_ci" name="e2e_tm_g_ci_Selecting_statistic_to_use_changes_a_plot_and_doesn_t_throw_any_errors.">
      <skipped message="Reason: testing depth 3 is below current testing specification 5 ('test-shinytest2-tm_g_ci.R:282:3')"/>
    </testcase>
  </testsuite>
  <testsuite name="shinytest2-tm_g_forest_rsp" timestamp="2025-02-07T08:07:15Z" hostname="4c0cf582fd9a" tests="18" skipped="18" failures="0" errors="0" time="0.222">
    <testcase time="0.0150000000000006" classname="shinytest2_tm_g_forest_rsp" name="e2e_tm_g_forest_rsp_Module_initializes_in_teal_without_errors_and_produces_plot_output.">
      <skipped message="Reason: testing depth 3 is below current testing specification 5 ('test-shinytest2-tm_g_forest_rsp.R:88:3')"/>
    </testcase>
    <testcase time="0.0119999999999996" classname="shinytest2_tm_g_forest_rsp" name="e2e_tm_g_forest_rsp_Module_initializes_with_specified_label_arm_var_paramcd_aval_var_responders_subgroup_var_strata_var_conf_level_fixed_symbol_size_rel_width_forest_font_size.">
      <skipped message="Reason: testing depth 3 is below current testing specification 5 ('test-shinytest2-tm_g_forest_rsp.R:103:5')"/>
    </testcase>
    <testcase time="0.0120000000000005" classname="shinytest2_tm_g_forest_rsp" name="e2e_tm_g_forest_rsp_Selecting_arm_var_changes_plot_and_doesn_t_throw_validation_errors.">
      <skipped message="Reason: testing depth 3 is below current testing specification 5 ('test-shinytest2-tm_g_forest_rsp.R:159:3')"/>
    </testcase>
    <testcase time="0.0110000000000001" classname="shinytest2_tm_g_forest_rsp" name="e2e_tm_g_forest_rsp_Deselecting_arm_var_throws_validation_error.">
      <skipped message="Reason: testing depth 3 is below current testing specification 5 ('test-shinytest2-tm_g_forest_rsp.R:169:3')"/>
    </testcase>
    <testcase time="0.0119999999999996" classname="shinytest2_tm_g_forest_rsp" name="e2e_tm_g_forest_rsp_Selecting_paramcd_changes_plot_and_doesn_t_throw_validation_errors.">
      <skipped message="Reason: testing depth 3 is below current testing specification 5 ('test-shinytest2-tm_g_forest_rsp.R:181:3')"/>
    </testcase>
    <testcase time="0.0170000000000003" classname="shinytest2_tm_g_forest_rsp" name="e2e_tm_g_forest_rsp_Deselecting_paramcd_throws_validation_error.">
      <skipped message="Reason: testing depth 3 is below current testing specification 5 ('test-shinytest2-tm_g_forest_rsp.R:191:3')"/>
    </testcase>
    <testcase time="0.0119999999999996" classname="shinytest2_tm_g_forest_rsp" name="e2e_tm_g_forest_rsp_Selecting_responders_changes_plot_and_doesn_t_throw_validation_errors.">
      <skipped message="Reason: testing depth 3 is below current testing specification 5 ('test-shinytest2-tm_g_forest_rsp.R:203:3')"/>
    </testcase>
    <testcase time="0.0120000000000005" classname="shinytest2_tm_g_forest_rsp" name="e2e_tm_g_forest_rsp_Deselecting_responders_throws_validation_error.">
      <skipped message="Reason: testing depth 3 is below current testing specification 5 ('test-shinytest2-tm_g_forest_rsp.R:213:3')"/>
    </testcase>
    <testcase time="0.0119999999999996" classname="shinytest2_tm_g_forest_rsp" name="e2e_tm_g_forest_rsp_Selecting_subgroup_var_changes_plot_and_doesn_t_throw_validation_errors.">
      <skipped message="Reason: testing depth 3 is below current testing specification 5 ('test-shinytest2-tm_g_forest_rsp.R:225:3')"/>
    </testcase>
    <testcase time="0.0120000000000005" classname="shinytest2_tm_g_forest_rsp" name="e2e_tm_g_forest_rsp_Selecting_a_non_factors_column_in_subgroup_var_throws_validation_error.">
      <skipped message="Reason: testing depth 3 is below current testing specification 5 ('test-shinytest2-tm_g_forest_rsp.R:235:3')"/>
    </testcase>
    <testcase time="0.0119999999999996" classname="shinytest2_tm_g_forest_rsp" name="e2e_tm_g_forest_rsp_Deselecting_subgroup_var_changes_plot_and_doesn_t_throw_validation_errors.">
      <skipped message="Reason: testing depth 3 is below current testing specification 5 ('test-shinytest2-tm_g_forest_rsp.R:247:3')"/>
    </testcase>
    <testcase time="0.0120000000000005" classname="shinytest2_tm_g_forest_rsp" name="e2e_tm_g_forest_rsp_Selecting_strata_var_changes_plot_and_doesn_t_throw_validation_errors.">
      <skipped message="Reason: testing depth 3 is below current testing specification 5 ('test-shinytest2-tm_g_forest_rsp.R:257:3')"/>
    </testcase>
    <testcase time="0.0119999999999996" classname="shinytest2_tm_g_forest_rsp" name="e2e_tm_g_forest_rsp_Deselecting_strata_var_changes_plot_and_doesn_t_throw_validation_errors.">
      <skipped message="Reason: testing depth 3 is below current testing specification 5 ('test-shinytest2-tm_g_forest_rsp.R:267:3')"/>
    </testcase>
    <testcase time="0.0120000000000005" classname="shinytest2_tm_g_forest_rsp" name="e2e_tm_g_forest_rsp_Selecting_conf_level_changes_plot_and_doesn_t_throw_validation_errors.">
      <skipped message="Reason: testing depth 3 is below current testing specification 5 ('test-shinytest2-tm_g_forest_rsp.R:277:3')"/>
    </testcase>
    <testcase time="0.0119999999999996" classname="shinytest2_tm_g_forest_rsp" name="e2e_tm_g_forest_rsp_Deselecting_conf_level_or_selecting_outside_the_range_of_0_1_throws_validation_error.">
      <skipped message="Reason: testing depth 3 is below current testing specification 5 ('test-shinytest2-tm_g_forest_rsp.R:287:3')"/>
    </testcase>
    <testcase time="0.0110000000000001" classname="shinytest2_tm_g_forest_rsp" name="e2e_tm_g_forest_rsp_Unsetting_fixed_symbol_size_changes_plot_and_doesn_t_throw_validation_errors.">
      <skipped message="Reason: testing depth 3 is below current testing specification 5 ('test-shinytest2-tm_g_forest_rsp.R:305:3')"/>
    </testcase>
    <testcase time="0.0120000000000005" classname="shinytest2_tm_g_forest_rsp" name="e2e_tm_g_forest_rsp_Changing_rel_width_forest_changes_plot_and_doesn_t_throw_validation_errors.">
      <skipped message="Reason: testing depth 3 is below current testing specification 5 ('test-shinytest2-tm_g_forest_rsp.R:315:3')"/>
    </testcase>
    <testcase time="0.0119999999999996" classname="shinytest2_tm_g_forest_rsp" name="e2e_tm_g_forest_rsp_Changing_font_size_changes_plot_and_doesn_t_throw_validation_errors.">
      <skipped message="Reason: testing depth 3 is below current testing specification 5 ('test-shinytest2-tm_g_forest_rsp.R:325:3')"/>
    </testcase>
  </testsuite>
  <testsuite name="shinytest2-tm_g_forest_tte" timestamp="2025-02-07T08:07:15Z" hostname="4c0cf582fd9a" tests="7" skipped="7" failures="0" errors="0" time="0.086">
    <testcase time="0.0149999999999997" classname="shinytest2_tm_g_forest_tte" name="e2e_tm_g_forest_tte_Module_initializes_in_teal_without_errors_and_produces_output.">
      <skipped message="Reason: testing depth 3 is below current testing specification 5 ('test-shinytest2-tm_g_forest_tte.R:77:3')"/>
    </testcase>
    <testcase time="0.0120000000000005" classname="shinytest2_tm_g_forest_tte" name="e2e_tm_g_forest_tte_Starts_with_specified_label_paramcd_arm_var_buckets_paramcd_subgroup_var_strata_var_and_plot_settings.">
      <skipped message="Reason: testing depth 3 is below current testing specification 5 ('test-shinytest2-tm_g_forest_tte.R:92:5')"/>
    </testcase>
    <testcase time="0.0110000000000001" classname="shinytest2_tm_g_forest_tte" name="e2e_tm_g_forest_tte_Selection_of_paramcd_changes_the_element_and_does_not_throw_validation_errors.">
      <skipped message="Reason: testing depth 3 is below current testing specification 5 ('test-shinytest2-tm_g_forest_tte.R:150:5')"/>
    </testcase>
    <testcase time="0.0119999999999996" classname="shinytest2_tm_g_forest_tte" name="e2e_tm_g_forest_tte_Deselection_of_paramcd_filter_throws_validation_error.">
      <skipped message="Reason: testing depth 3 is below current testing specification 5 ('test-shinytest2-tm_g_forest_tte.R:161:3')"/>
    </testcase>
    <testcase time="0.0120000000000005" classname="shinytest2_tm_g_forest_tte" name="e2e_tm_g_forest_tte_Selection_of_arm_var_changes_the_element_and_does_not_throw_validation_errors.">
      <skipped message="Reason: testing depth 3 is below current testing specification 5 ('test-shinytest2-tm_g_forest_tte.R:181:5')"/>
    </testcase>
    <testcase time="0.0119999999999996" classname="shinytest2_tm_g_forest_tte" name="e2e_tm_g_forest_tte_Deselection_of_paramcd_var_throws_validation_error.">
      <skipped message="Reason: testing depth 3 is below current testing specification 5 ('test-shinytest2-tm_g_forest_tte.R:192:3')"/>
    </testcase>
    <testcase time="0.0120000000000005" classname="shinytest2_tm_g_forest_tte" name="e2e_tm_g_forest_tte_Selecting_conf_level_does_not_throw_validation_errors_and_changes_a_plot.">
      <skipped message="Reason: testing depth 3 is below current testing specification 5 ('test-shinytest2-tm_g_forest_tte.R:212:5')"/>
    </testcase>
  </testsuite>
  <testsuite name="shinytest2-tm_g_ipp" timestamp="2025-02-07T08:07:15Z" hostname="4c0cf582fd9a" tests="14" skipped="14" failures="0" errors="0" time="0.175">
    <testcase time="0.0149999999999997" classname="shinytest2_tm_g_ipp" name="e2e_tm_g_ipp_Module_initializes_in_teal_without_errors_and_produces_plot_output.">
      <skipped message="Reason: testing depth 3 is below current testing specification 5 ('test-shinytest2-tm_g_ipp.R:66:3')"/>
    </testcase>
    <testcase time="0.0170000000000003" classname="shinytest2_tm_g_ipp" name="e2e_tm_g_ipp_Starts_with_specified_label_parentname_arm_var_paramcd_id_var_visit_var_aval_var_avalu_var_baseline_var_add_baseline_hline_separate_by_obs_suppress_legend_add_avalu.">
      <skipped message="Reason: testing depth 3 is below current testing specification 5 ('test-shinytest2-tm_g_ipp.R:82:5')"/>
    </testcase>
    <testcase time="0.0119999999999996" classname="shinytest2_tm_g_ipp" name="e2e_tm_g_ipp_Selecting_arm_var_changes_plot_and_doesn_t_throw_validation_errors.">
      <skipped message="Reason: testing depth 3 is below current testing specification 5 ('test-shinytest2-tm_g_ipp.R:133:3')"/>
    </testcase>
    <testcase time="0.0120000000000005" classname="shinytest2_tm_g_ipp" name="e2e_tm_g_ipp_Deselecting_arm_var_column_throws_validation_error.">
      <skipped message="Reason: testing depth 3 is below current testing specification 5 ('test-shinytest2-tm_g_ipp.R:148:3')"/>
    </testcase>
    <testcase time="0.0119999999999996" classname="shinytest2_tm_g_ipp" name="e2e_tm_g_ipp_Selecting_paramcd_changes_plot_and_doesn_t_throw_validation_errors.">
      <skipped message="Reason: testing depth 3 is below current testing specification 5 ('test-shinytest2-tm_g_ipp.R:161:3')"/>
    </testcase>
    <testcase time="0.0120000000000005" classname="shinytest2_tm_g_ipp" name="e2e_tm_g_ipp_Deselecting_paramcd_throws_validation_error.">
      <skipped message="Reason: testing depth 3 is below current testing specification 5 ('test-shinytest2-tm_g_ipp.R:176:3')"/>
    </testcase>
    <testcase time="0.0119999999999996" classname="shinytest2_tm_g_ipp" name="e2e_tm_g_ipp_Selecting_visit_var_changes_plot_and_doesn_t_throw_validation_errors.">
      <skipped message="Reason: testing depth 3 is below current testing specification 5 ('test-shinytest2-tm_g_ipp.R:189:3')"/>
    </testcase>
    <testcase time="0.0120000000000005" classname="shinytest2_tm_g_ipp" name="e2e_tm_g_ipp_Deselecting_visit_var_throws_validation_error.">
      <skipped message="Reason: testing depth 3 is below current testing specification 5 ('test-shinytest2-tm_g_ipp.R:204:3')"/>
    </testcase>
    <testcase time="0.0119999999999996" classname="shinytest2_tm_g_ipp" name="e2e_tm_g_ipp_Selecting_aval_var_changes_plot_and_doesn_t_throw_validation_errors.">
      <skipped message="Reason: testing depth 3 is below current testing specification 5 ('test-shinytest2-tm_g_ipp.R:217:3')"/>
    </testcase>
    <testcase time="0.0110000000000001" classname="shinytest2_tm_g_ipp" name="e2e_tm_g_ipp_Deselecting_aval_var_throws_validation_error.">
      <skipped message="Reason: testing depth 3 is below current testing specification 5 ('test-shinytest2-tm_g_ipp.R:232:3')"/>
    </testcase>
    <testcase time="0.0119999999999996" classname="shinytest2_tm_g_ipp" name="e2e_tm_g_ipp_Changing_add_baseline_hline_changes_plot_and_doesn_t_throw_validation_errors.">
      <skipped message="Reason: testing depth 3 is below current testing specification 5 ('test-shinytest2-tm_g_ipp.R:245:3')"/>
    </testcase>
    <testcase time="0.0120000000000005" classname="shinytest2_tm_g_ipp" name="e2e_tm_g_ipp_Changing_separate_by_obs_changes_plot_and_doesn_t_throw_validation_errors.">
      <skipped message="Reason: testing depth 3 is below current testing specification 5 ('test-shinytest2-tm_g_ipp.R:259:3')"/>
    </testcase>
    <testcase time="0.0119999999999996" classname="shinytest2_tm_g_ipp" name="e2e_tm_g_ipp_Changing_suppress_legend_changes_plot_and_doesn_t_throw_validation_errors.">
      <skipped message="Reason: testing depth 3 is below current testing specification 5 ('test-shinytest2-tm_g_ipp.R:274:3')"/>
    </testcase>
    <testcase time="0.0120000000000005" classname="shinytest2_tm_g_ipp" name="e2e_tm_g_ipp_Changing_add_avalu_changes_plot_and_doesn_t_throw_validation_errors.">
      <skipped message="Reason: testing depth 3 is below current testing specification 5 ('test-shinytest2-tm_g_ipp.R:289:3')"/>
    </testcase>
  </testsuite>
  <testsuite name="shinytest2-tm_g_km" timestamp="2025-02-07T08:07:16Z" hostname="4c0cf582fd9a" tests="27" skipped="27" failures="0" errors="0" time="0.332">
    <testcase time="0.0149999999999997" classname="shinytest2_tm_g_km" name="e2e_tm_g_km_Module_initializes_in_teal_without_errors_and_produces_plot_output.">
      <skipped message="Reason: testing depth 3 is below current testing specification 5 ('test-shinytest2-tm_g_km.R:78:3')"/>
    </testcase>
    <testcase time="0.0120000000000005" classname="shinytest2_tm_g_km" name="e2e_tm_g_km_Starts_with_specified_paramcd_aval_var_cnsr_var_facet_var_arm_var_compare_arms_strata_var.">
      <skipped message="Reason: testing depth 3 is below current testing specification 5 ('test-shinytest2-tm_g_km.R:93:5')"/>
    </testcase>
    <testcase time="0.0119999999999996" classname="shinytest2_tm_g_km" name="e2e_tm_g_km_Changing_paramcd_changes_the_plot_without_errors.">
      <skipped message="Reason: testing depth 3 is below current testing specification 5 ('test-shinytest2-tm_g_km.R:136:3')"/>
    </testcase>
    <testcase time="0.0120000000000005" classname="shinytest2_tm_g_km" name="e2e_tm_g_km_Changing_facet_var_changes_the_plot_without_errors.">
      <skipped message="Reason: testing depth 3 is below current testing specification 5 ('test-shinytest2-tm_g_km.R:146:3')"/>
    </testcase>
    <testcase time="0.0119999999999996" classname="shinytest2_tm_g_km" name="e2e_tm_g_km_Changing_arm_var_changes_the_plot_without_errors.">
      <skipped message="Reason: testing depth 3 is below current testing specification 5 ('test-shinytest2-tm_g_km.R:156:3')"/>
    </testcase>
    <testcase time="0.0120000000000005" classname="shinytest2_tm_g_km" name="e2e_tm_g_km_Changing_compare_arms_changes_the_plot_without_errors.">
      <skipped message="Reason: testing depth 3 is below current testing specification 5 ('test-shinytest2-tm_g_km.R:166:3')"/>
    </testcase>
    <testcase time="0.0119999999999996" classname="shinytest2_tm_g_km" name="e2e_tm_g_km_Changing_strata_var_changes_the_plot_without_errors.">
      <skipped message="Reason: testing depth 3 is below current testing specification 5 ('test-shinytest2-tm_g_km.R:176:3')"/>
    </testcase>
    <testcase time="0.0120000000000005" classname="shinytest2_tm_g_km" name="e2e_tm_g_km_Deselecting_paramcd_throws_validation_error.">
      <skipped message="Reason: testing depth 3 is below current testing specification 5 ('test-shinytest2-tm_g_km.R:186:3')"/>
    </testcase>
    <testcase time="0.0119999999999996" classname="shinytest2_tm_g_km" name="e2e_tm_g_km_Deselecting_arm_var_throws_validation_error.">
      <skipped message="Reason: testing depth 3 is below current testing specification 5 ('test-shinytest2-tm_g_km.R:204:3')"/>
    </testcase>
    <testcase time="0.0170000000000003" classname="shinytest2_tm_g_km" name="e2e_tm_g_km_Deselecting_compare_arms_sets_it_to_FALSE.">
      <skipped message="Reason: testing depth 3 is below current testing specification 5 ('test-shinytest2-tm_g_km.R:218:3')"/>
    </testcase>
    <testcase time="0.0119999999999996" classname="shinytest2_tm_g_km" name="e2e_tm_g_km_Deselecting_strata_var_does_not_throw_errors.">
      <skipped message="Reason: testing depth 3 is below current testing specification 5 ('test-shinytest2-tm_g_km.R:227:3')"/>
    </testcase>
    <testcase time="0.0120000000000005" classname="shinytest2_tm_g_km" name="e2e_tm_g_km_Starts_with_specified_groups.">
      <skipped message="Reason: testing depth 3 is below current testing specification 5 ('test-shinytest2-tm_g_km.R:237:3')"/>
    </testcase>
    <testcase time="0.0119999999999996" classname="shinytest2_tm_g_km" name="e2e_tm_g_km_Starts_with_specified_collapsed_comparison_settings.">
      <skipped message="Reason: testing depth 3 is below current testing specification 5 ('test-shinytest2-tm_g_km.R:256:3')"/>
    </testcase>
    <testcase time="0.0120000000000005" classname="shinytest2_tm_g_km" name="e2e_tm_g_km_Changing_pval_method_coxph_changes_the_plot_without_errors.">
      <skipped message="Reason: testing depth 3 is below current testing specification 5 ('test-shinytest2-tm_g_km.R:277:3')"/>
    </testcase>
    <testcase time="0.0119999999999996" classname="shinytest2_tm_g_km" name="e2e_tm_g_km_Changing_ties_coxph_changes_the_plot_without_errors.">
      <skipped message="Reason: testing depth 3 is below current testing specification 5 ('test-shinytest2-tm_g_km.R:287:3')"/>
    </testcase>
    <testcase time="0.0120000000000005" classname="shinytest2_tm_g_km" name="e2e_tm_g_km_Deselecting_pval_method_coxph_gives_no_validation_error.">
      <skipped message="Reason: testing depth 3 is below current testing specification 5 ('test-shinytest2-tm_g_km.R:297:3')"/>
    </testcase>
    <testcase time="0.0119999999999996" classname="shinytest2_tm_g_km" name="e2e_tm_g_km_Deselecting_ties_coxph_gives_no_validation_error.">
      <skipped message="Reason: testing depth 3 is below current testing specification 5 ('test-shinytest2-tm_g_km.R:305:3')"/>
    </testcase>
    <testcase time="0.0120000000000005" classname="shinytest2_tm_g_km" name="e2e_tm_g_km_Starts_with_specified_collapsed_additional_plot_settings.">
      <skipped message="Reason: testing depth 3 is below current testing specification 5 ('test-shinytest2-tm_g_km.R:315:3')"/>
    </testcase>
    <testcase time="0.0119999999999996" classname="shinytest2_tm_g_km" name="e2e_tm_g_km_Changing_xticks_changes_the_plot_and_does_not_throw_validation_errors.">
      <skipped message="Reason: testing depth 3 is below current testing specification 5 ('test-shinytest2-tm_g_km.R:355:7')"/>
    </testcase>
    <testcase time="0.0120000000000005" classname="shinytest2_tm_g_km" name="e2e_tm_g_km_Changing_yval_changes_the_plot_and_does_not_throw_validation_errors.">
      <skipped message="Reason: testing depth 3 is below current testing specification 5 ('test-shinytest2-tm_g_km.R:355:7')"/>
    </testcase>
    <testcase time="0.0119999999999996" classname="shinytest2_tm_g_km" name="e2e_tm_g_km_Changing_font_size_changes_the_plot_and_does_not_throw_validation_errors.">
      <skipped message="Reason: testing depth 3 is below current testing specification 5 ('test-shinytest2-tm_g_km.R:355:7')"/>
    </testcase>
    <testcase time="0.0120000000000005" classname="shinytest2_tm_g_km" name="e2e_tm_g_km_Changing_rel_height_plot_changes_the_plot_and_does_not_throw_validation_errors.">
      <skipped message="Reason: testing depth 3 is below current testing specification 5 ('test-shinytest2-tm_g_km.R:355:7')"/>
    </testcase>
    <testcase time="0.0119999999999996" classname="shinytest2_tm_g_km" name="e2e_tm_g_km_Changing_show_ci_ribbon_changes_the_plot_and_does_not_throw_validation_errors.">
      <skipped message="Reason: testing depth 3 is below current testing specification 5 ('test-shinytest2-tm_g_km.R:355:7')"/>
    </testcase>
    <testcase time="0.0120000000000005" classname="shinytest2_tm_g_km" name="e2e_tm_g_km_Changing_show_km_table_changes_the_plot_and_does_not_throw_validation_errors.">
      <skipped message="Reason: testing depth 3 is below current testing specification 5 ('test-shinytest2-tm_g_km.R:355:7')"/>
    </testcase>
    <testcase time="0.0119999999999996" classname="shinytest2_tm_g_km" name="e2e_tm_g_km_Changing_conf_level_changes_the_plot_and_does_not_throw_validation_errors.">
      <skipped message="Reason: testing depth 3 is below current testing specification 5 ('test-shinytest2-tm_g_km.R:355:7')"/>
    </testcase>
    <testcase time="0.0120000000000005" classname="shinytest2_tm_g_km" name="e2e_tm_g_km_Changing_xlab_changes_the_plot_and_does_not_throw_validation_errors.">
      <skipped message="Reason: testing depth 3 is below current testing specification 5 ('test-shinytest2-tm_g_km.R:355:7')"/>
    </testcase>
    <testcase time="0.0119999999999996" classname="shinytest2_tm_g_km" name="e2e_tm_g_km_Deselecting_conf_level_throws_validation_error.">
      <skipped message="Reason: testing depth 3 is below current testing specification 5 ('test-shinytest2-tm_g_km.R:376:3')"/>
    </testcase>
  </testsuite>
  <testsuite name="shinytest2-tm_g_lineplot" timestamp="2025-02-07T08:07:16Z" hostname="4c0cf582fd9a" tests="10" skipped="10" failures="0" errors="0" time="0.127">
    <testcase time="0.0149999999999997" classname="shinytest2_tm_g_lineplot" name="e2e_tm_g_lineplot_Module_initializes_in_teal_without_errors.">
      <skipped message="Reason: testing depth 3 is below current testing specification 5 ('test-shinytest2-tm_g_lineplot.R:65:3')"/>
    </testcase>
    <testcase time="0.0120000000000005" classname="shinytest2_tm_g_lineplot" name="e2e_tm_g_lineplot_Starts_with_specified_label_param_group_var_y_x_mid_interval_incl_screen_plot_settings_and_table_settings.">
      <skipped message="Reason: testing depth 3 is below current testing specification 5 ('test-shinytest2-tm_g_lineplot.R:82:5')"/>
    </testcase>
    <testcase time="0.0119999999999996" classname="shinytest2_tm_g_lineplot" name="e2e_tm_g_lineplot_Selecting_param_changes_plot_and_doesn_t_throw_validation_errors.">
      <skipped message="Reason: testing depth 3 is below current testing specification 5 ('test-shinytest2-tm_g_lineplot.R:112:3')"/>
    </testcase>
    <testcase time="0.016" classname="shinytest2_tm_g_lineplot" name="e2e_tm_g_lineplot_Deselecting_param_throws_validation_error.">
      <skipped message="Reason: testing depth 3 is below current testing specification 5 ('test-shinytest2-tm_g_lineplot.R:127:3')"/>
    </testcase>
    <testcase time="0.0119999999999996" classname="shinytest2_tm_g_lineplot" name="e2e_tm_g_lineplot_Selecting_group_var_changes_plot_and_doesn_t_throw_validation_errors.">
      <skipped message="Reason: testing depth 3 is below current testing specification 5 ('test-shinytest2-tm_g_lineplot.R:142:5')"/>
    </testcase>
    <testcase time="0.0120000000000005" classname="shinytest2_tm_g_lineplot" name="e2e_tm_g_lineplot_Deselecting_group_var_throws_validation_error.">
      <skipped message="Reason: testing depth 3 is below current testing specification 5 ('test-shinytest2-tm_g_lineplot.R:158:3')"/>
    </testcase>
    <testcase time="0.0119999999999996" classname="shinytest2_tm_g_lineplot" name="e2e_tm_g_lineplot_Selecting_y_changes_plot_and_doesn_t_throw_validation_errors.">
      <skipped message="Reason: testing depth 3 is below current testing specification 5 ('test-shinytest2-tm_g_lineplot.R:173:3')"/>
    </testcase>
    <testcase time="0.0120000000000005" classname="shinytest2_tm_g_lineplot" name="e2e_tm_g_lineplot_Deselecting_y_throws_validation_error.">
      <skipped message="Reason: testing depth 3 is below current testing specification 5 ('test-shinytest2-tm_g_lineplot.R:188:3')"/>
    </testcase>
    <testcase time="0.0119999999999996" classname="shinytest2_tm_g_lineplot" name="e2e_tm_g_lineplot_Selecting_conf_level_changes_plot_and_doesn_t_throw_validation_errors.">
      <skipped message="Reason: testing depth 3 is below current testing specification 5 ('test-shinytest2-tm_g_lineplot.R:203:3')"/>
    </testcase>
    <testcase time="0.0120000000000005" classname="shinytest2_tm_g_lineplot" name="e2e_tm_g_lineplot_Deselecting_conf_level_validation_error.">
      <skipped message="Reason: testing depth 3 is below current testing specification 5 ('test-shinytest2-tm_g_lineplot.R:218:3')"/>
    </testcase>
  </testsuite>
  <testsuite name="shinytest2-tm_g_pp_adverse_events" timestamp="2025-02-07T08:07:16Z" hostname="4c0cf582fd9a" tests="16" skipped="16" failures="0" errors="0" time="0.198">
    <testcase time="0.0149999999999997" classname="shinytest2_tm_g_pp_adverse_events" name="e2e_tm_g_pp_adverse_events_Module_initializes_in_teal_without_any_errors_and_produces_the_plot_and_table.">
      <skipped message="Reason: testing depth 3 is below current testing specification 5 ('test-shinytest2-tm_g_pp_adverse_events.R:56:5')"/>
    </testcase>
    <testcase time="0.0120000000000005" classname="shinytest2_tm_g_pp_adverse_events" name="e2e_tm_g_pp_adverse_events_Module_initializes_with_specific_label_patient_id_aeterm_tox_grade_causality_outcome_action_time_decod.">
      <skipped message="Reason: testing depth 3 is below current testing specification 5 ('test-shinytest2-tm_g_pp_adverse_events.R:72:5')"/>
    </testcase>
    <testcase time="0.0119999999999996" classname="shinytest2_tm_g_pp_adverse_events" name="e2e_tm_g_pp_adverse_events_Selecting_patient_id_doesn_t_throw_errors_and_changes_the_plot_and_table.">
      <skipped message="Reason: testing depth 3 is below current testing specification 5 ('test-shinytest2-tm_g_pp_adverse_events.R:125:5')"/>
    </testcase>
    <testcase time="0.0110000000000001" classname="shinytest2_tm_g_pp_adverse_events" name="e2e_tm_g_pp_adverse_events_Deselecting_patient_id_throw_validation_error">
      <skipped message="Reason: testing depth 3 is below current testing specification 5 ('test-shinytest2-tm_g_pp_adverse_events.R:150:5')"/>
    </testcase>
    <testcase time="0.0120000000000005" classname="shinytest2_tm_g_pp_adverse_events" name="e2e_tm_g_pp_adverse_events_Selecting_aeterm_column_doesn_t_throw_errors_and_changes_the_plot_and_table.">
      <skipped message="Reason: testing depth 3 is below current testing specification 5 ('test-shinytest2-tm_g_pp_adverse_events.R:166:5')"/>
    </testcase>
    <testcase time="0.0119999999999996" classname="shinytest2_tm_g_pp_adverse_events" name="e2e_tm_g_pp_adverse_events_Deselecting_aeterm_column_throw_validation_error">
      <skipped message="Reason: testing depth 3 is below current testing specification 5 ('test-shinytest2-tm_g_pp_adverse_events.R:192:5')"/>
    </testcase>
    <testcase time="0.0120000000000005" classname="shinytest2_tm_g_pp_adverse_events" name="e2e_tm_g_pp_adverse_events_Selecting_tox_grade_column_doesn_t_throw_errors_and_changes_the_plot_and_table.">
      <skipped message="Reason: testing depth 3 is below current testing specification 5 ('test-shinytest2-tm_g_pp_adverse_events.R:208:5')"/>
    </testcase>
    <testcase time="0.0119999999999996" classname="shinytest2_tm_g_pp_adverse_events" name="e2e_tm_g_pp_adverse_events_Deselecting_tox_grade_column_throw_validation_error">
      <skipped message="Reason: testing depth 3 is below current testing specification 5 ('test-shinytest2-tm_g_pp_adverse_events.R:234:5')"/>
    </testcase>
    <testcase time="0.0120000000000005" classname="shinytest2_tm_g_pp_adverse_events" name="e2e_tm_g_pp_adverse_events_Selecting_causality_column_doesn_t_throw_errors_and_changes_the_plot_and_table.">
      <skipped message="Reason: testing depth 3 is below current testing specification 5 ('test-shinytest2-tm_g_pp_adverse_events.R:250:5')"/>
    </testcase>
    <testcase time="0.0119999999999996" classname="shinytest2_tm_g_pp_adverse_events" name="e2e_tm_g_pp_adverse_events_Deselecting_causality_column_throw_validation_error">
      <skipped message="Reason: testing depth 3 is below current testing specification 5 ('test-shinytest2-tm_g_pp_adverse_events.R:276:5')"/>
    </testcase>
    <testcase time="0.0120000000000005" classname="shinytest2_tm_g_pp_adverse_events" name="e2e_tm_g_pp_adverse_events_Selecting_outcome_column_doesn_t_throw_errors_and_changes_the_plot_and_table.">
      <skipped message="Reason: testing depth 3 is below current testing specification 5 ('test-shinytest2-tm_g_pp_adverse_events.R:292:5')"/>
    </testcase>
    <testcase time="0.0109999999999992" classname="shinytest2_tm_g_pp_adverse_events" name="e2e_tm_g_pp_adverse_events_Deselecting_outcome_column_throw_validation_error">
      <skipped message="Reason: testing depth 3 is below current testing specification 5 ('test-shinytest2-tm_g_pp_adverse_events.R:318:5')"/>
    </testcase>
    <testcase time="0.0120000000000005" classname="shinytest2_tm_g_pp_adverse_events" name="e2e_tm_g_pp_adverse_events_Selecting_action_column_doesn_t_throw_errors_and_changes_the_plot_and_table.">
      <skipped message="Reason: testing depth 3 is below current testing specification 5 ('test-shinytest2-tm_g_pp_adverse_events.R:334:5')"/>
    </testcase>
    <testcase time="0.0119999999999996" classname="shinytest2_tm_g_pp_adverse_events" name="e2e_tm_g_pp_adverse_events_Deselecting_action_column_throw_validation_error">
      <skipped message="Reason: testing depth 3 is below current testing specification 5 ('test-shinytest2-tm_g_pp_adverse_events.R:360:5')"/>
    </testcase>
    <testcase time="0.0170000000000003" classname="shinytest2_tm_g_pp_adverse_events" name="e2e_tm_g_pp_adverse_events_Selecting_time_column_doesn_t_throw_errors_and_changes_the_plot_and_table.">
      <skipped message="Reason: testing depth 3 is below current testing specification 5 ('test-shinytest2-tm_g_pp_adverse_events.R:376:5')"/>
    </testcase>
    <testcase time="0.0119999999999996" classname="shinytest2_tm_g_pp_adverse_events" name="e2e_tm_g_pp_adverse_events_Deselecting_time_column_throw_validation_error">
      <skipped message="Reason: testing depth 3 is below current testing specification 5 ('test-shinytest2-tm_g_pp_adverse_events.R:402:5')"/>
    </testcase>
  </testsuite>
  <testsuite name="shinytest2-tm_g_pp_patient_timeline" timestamp="2025-02-07T08:07:16Z" hostname="4c0cf582fd9a" tests="26" skipped="26" failures="0" errors="0" time="0.319">
    <testcase time="0.016" classname="shinytest2_tm_g_pp_patient_timeline" name="e2e_tm_g_pp_patient_timeline_Module_initializes_in_teal_without_errors_and_produces_plot_output.">
      <skipped message="Reason: testing depth 3 is below current testing specification 5 ('test-shinytest2-tm_g_pp_patient_timeline.R:90:5')"/>
    </testcase>
    <testcase time="0.0120000000000005" classname="shinytest2_tm_g_pp_patient_timeline" name="e2e_tm_g_pp_patient_timeline_Starts_with_specified_label_patient_id_cmdecod_aeterm_aetime_start_aetime_end_dstime_start_dstime_end_aerelday_start_aerelday_end_dsrelday_start_dsrelday_en.">
      <skipped message="Reason: testing depth 3 is below current testing specification 5 ('test-shinytest2-tm_g_pp_patient_timeline.R:108:5')"/>
    </testcase>
    <testcase time="0.0119999999999996" classname="shinytest2_tm_g_pp_patient_timeline" name="e2e_tm_g_pp_patient_timeline_Encodings_aerelday_start_aerelday_end_dsrelday_start_dsrelday_end_are_shown_only_when_relday_x_axis_is_checked.">
      <skipped message="Reason: testing depth 3 is below current testing specification 5 ('test-shinytest2-tm_g_pp_patient_timeline.R:173:5')"/>
    </testcase>
    <testcase time="0.0110000000000001" classname="shinytest2_tm_g_pp_patient_timeline" name="e2e_tm_g_pp_patient_timeline_Encodings_aetime_start_aetime_end_dstime_start_dstime_end_are_shown_only_when_relday_x_axis_is_unchecked.">
      <skipped message="Reason: testing depth 3 is below current testing specification 5 ('test-shinytest2-tm_g_pp_patient_timeline.R:204:5')"/>
    </testcase>
    <testcase time="0.0110000000000001" classname="shinytest2_tm_g_pp_patient_timeline" name="e2e_tm_g_pp_patient_timeline_Selecting_patient_id_changes_plot_and_doesn_t_throw_validation_errors.">
      <skipped message="Reason: testing depth 3 is below current testing specification 5 ('test-shinytest2-tm_g_pp_patient_timeline.R:234:5')"/>
    </testcase>
    <testcase time="0.0119999999999996" classname="shinytest2_tm_g_pp_patient_timeline" name="e2e_tm_g_pp_patient_timeline_Deselecting_patient_id_column_throws_validation_error.">
      <skipped message="Reason: testing depth 3 is below current testing specification 5 ('test-shinytest2-tm_g_pp_patient_timeline.R:250:3')"/>
    </testcase>
    <testcase time="0.0120000000000005" classname="shinytest2_tm_g_pp_patient_timeline" name="e2e_tm_g_pp_patient_timeline_Selecting_cmdecod_changes_plot_and_doesn_t_throw_validation_errors.">
      <skipped message="Reason: testing depth 3 is below current testing specification 5 ('test-shinytest2-tm_g_pp_patient_timeline.R:265:5')"/>
    </testcase>
    <testcase time="0.0119999999999996" classname="shinytest2_tm_g_pp_patient_timeline" name="e2e_tm_g_pp_patient_timeline_Deselecting_cmdecod_changes_plot_and_doesn_t_throw_validation_error.">
      <skipped message="Reason: testing depth 3 is below current testing specification 5 ('test-shinytest2-tm_g_pp_patient_timeline.R:283:5')"/>
    </testcase>
    <testcase time="0.0120000000000005" classname="shinytest2_tm_g_pp_patient_timeline" name="e2e_tm_g_pp_patient_timeline_Selecting_aeterm_changes_plot_and_doesn_t_throw_validation_errors.">
      <skipped message="Reason: testing depth 3 is below current testing specification 5 ('test-shinytest2-tm_g_pp_patient_timeline.R:296:5')"/>
    </testcase>
    <testcase time="0.0119999999999996" classname="shinytest2_tm_g_pp_patient_timeline" name="e2e_tm_g_pp_patient_timeline_Deselecting_aeterm_changes_plot_and_doesn_t_throw_validation_error.">
      <skipped message="Reason: testing depth 3 is below current testing specification 5 ('test-shinytest2-tm_g_pp_patient_timeline.R:314:5')"/>
    </testcase>
    <testcase time="0.0120000000000005" classname="shinytest2_tm_g_pp_patient_timeline" name="e2e_tm_g_pp_patient_timeline_Selecting_aetime_start_changes_plot_and_doesn_t_throw_validation_errors.">
      <skipped message="Reason: testing depth 3 is below current testing specification 5 ('test-shinytest2-tm_g_pp_patient_timeline.R:327:5')"/>
    </testcase>
    <testcase time="0.0110000000000001" classname="shinytest2_tm_g_pp_patient_timeline" name="e2e_tm_g_pp_patient_timeline_Deselecting_aetime_start_throws_validation_error.">
      <skipped message="Reason: testing depth 3 is below current testing specification 5 ('test-shinytest2-tm_g_pp_patient_timeline.R:346:5')"/>
    </testcase>
    <testcase time="0.0119999999999996" classname="shinytest2_tm_g_pp_patient_timeline" name="e2e_tm_g_pp_patient_timeline_Selecting_aetime_end_changes_plot_and_doesn_t_throw_validation_errors.">
      <skipped message="Reason: testing depth 3 is below current testing specification 5 ('test-shinytest2-tm_g_pp_patient_timeline.R:363:5')"/>
    </testcase>
    <testcase time="0.0120000000000005" classname="shinytest2_tm_g_pp_patient_timeline" name="e2e_tm_g_pp_patient_timeline_Deselecting_aetime_end_throws_validation_error.">
      <skipped message="Reason: testing depth 3 is below current testing specification 5 ('test-shinytest2-tm_g_pp_patient_timeline.R:382:5')"/>
    </testcase>
    <testcase time="0.0119999999999996" classname="shinytest2_tm_g_pp_patient_timeline" name="e2e_tm_g_pp_patient_timeline_Selecting_aerelday_start_changes_plot_and_doesn_t_throw_validation_errors.">
      <skipped message="Reason: testing depth 3 is below current testing specification 5 ('test-shinytest2-tm_g_pp_patient_timeline.R:399:5')"/>
    </testcase>
    <testcase time="0.0120000000000005" classname="shinytest2_tm_g_pp_patient_timeline" name="e2e_tm_g_pp_patient_timeline_Deselecting_aerelday_start_throws_validation_error.">
      <skipped message="Reason: testing depth 3 is below current testing specification 5 ('test-shinytest2-tm_g_pp_patient_timeline.R:417:5')"/>
    </testcase>
    <testcase time="0.0119999999999996" classname="shinytest2_tm_g_pp_patient_timeline" name="e2e_tm_g_pp_patient_timeline_Selecting_aerelday_end_changes_plot_and_doesn_t_throw_validation_errors.">
      <skipped message="Reason: testing depth 3 is below current testing specification 5 ('test-shinytest2-tm_g_pp_patient_timeline.R:433:5')"/>
    </testcase>
    <testcase time="0.0120000000000005" classname="shinytest2_tm_g_pp_patient_timeline" name="e2e_tm_g_pp_patient_timeline_Deselecting_aerelday_end_throws_validation_error.">
      <skipped message="Reason: testing depth 3 is below current testing specification 5 ('test-shinytest2-tm_g_pp_patient_timeline.R:451:5')"/>
    </testcase>
    <testcase time="0.0119999999999996" classname="shinytest2_tm_g_pp_patient_timeline" name="e2e_tm_g_pp_patient_timeline_Selecting_dstime_start_changes_plot_and_doesn_t_throw_validation_errors.">
      <skipped message="Reason: testing depth 3 is below current testing specification 5 ('test-shinytest2-tm_g_pp_patient_timeline.R:467:5')"/>
    </testcase>
    <testcase time="0.0170000000000003" classname="shinytest2_tm_g_pp_patient_timeline" name="e2e_tm_g_pp_patient_timeline_Deselecting_dstime_start_throws_validation_error.">
      <skipped message="Reason: testing depth 3 is below current testing specification 5 ('test-shinytest2-tm_g_pp_patient_timeline.R:486:5')"/>
    </testcase>
    <testcase time="0.0119999999999996" classname="shinytest2_tm_g_pp_patient_timeline" name="e2e_tm_g_pp_patient_timeline_Selecting_dstime_end_changes_plot_and_doesn_t_throw_validation_errors.">
      <skipped message="Reason: testing depth 3 is below current testing specification 5 ('test-shinytest2-tm_g_pp_patient_timeline.R:503:5')"/>
    </testcase>
    <testcase time="0.0120000000000005" classname="shinytest2_tm_g_pp_patient_timeline" name="e2e_tm_g_pp_patient_timeline_Deselecting_dstime_end_throws_validation_error.">
      <skipped message="Reason: testing depth 3 is below current testing specification 5 ('test-shinytest2-tm_g_pp_patient_timeline.R:522:5')"/>
    </testcase>
    <testcase time="0.0119999999999996" classname="shinytest2_tm_g_pp_patient_timeline" name="e2e_tm_g_pp_patient_timeline_Selecting_dsrelday_start_changes_plot_and_doesn_t_throw_validation_errors.">
      <skipped message="Reason: testing depth 3 is below current testing specification 5 ('test-shinytest2-tm_g_pp_patient_timeline.R:539:5')"/>
    </testcase>
    <testcase time="0.0120000000000005" classname="shinytest2_tm_g_pp_patient_timeline" name="e2e_tm_g_pp_patient_timeline_Deselecting_dsrelday_start_throws_validation_error.">
      <skipped message="Reason: testing depth 3 is below current testing specification 5 ('test-shinytest2-tm_g_pp_patient_timeline.R:557:5')"/>
    </testcase>
    <testcase time="0.0119999999999996" classname="shinytest2_tm_g_pp_patient_timeline" name="e2e_tm_g_pp_patient_timeline_Selecting_dsrelday_end_changes_plot_and_doesn_t_throw_validation_errors.">
      <skipped message="Reason: testing depth 3 is below current testing specification 5 ('test-shinytest2-tm_g_pp_patient_timeline.R:573:5')"/>
    </testcase>
    <testcase time="0.0129999999999999" classname="shinytest2_tm_g_pp_patient_timeline" name="e2e_tm_g_pp_patient_timeline_Deselecting_dsrelday_end_throws_validation_error.">
      <skipped message="Reason: testing depth 3 is below current testing specification 5 ('test-shinytest2-tm_g_pp_patient_timeline.R:591:5')"/>
    </testcase>
  </testsuite>
  <testsuite name="shinytest2-tm_g_pp_therapy" timestamp="2025-02-07T08:07:16Z" hostname="4c0cf582fd9a" tests="23" skipped="23" failures="0" errors="0" time="0.283">
    <testcase time="0.0150000000000006" classname="shinytest2_tm_g_pp_therapy" name="e2e_tm_g_pp_therapy_Module_initializes_in_teal_without_errors_and_produces_output.">
      <skipped message="Reason: testing depth 3 is below current testing specification 5 ('test-shinytest2-tm_g_pp_therapy.R:90:3')"/>
    </testcase>
    <testcase time="0.0119999999999996" classname="shinytest2_tm_g_pp_therapy" name="e2e_tm_g_pp_therapy_Starts_with_specified_label_paramcd_arm_var_buckets_paramcd_subgroup_var_strata_var_and_plot_settings.">
      <skipped message="Reason: testing depth 3 is below current testing specification 5 ('test-shinytest2-tm_g_pp_therapy.R:110:5')"/>
    </testcase>
    <testcase time="0.0110000000000001" classname="shinytest2_tm_g_pp_therapy" name="e2e_tm_g_pp_therapy_Selection_of_patient_id_changes_the_plot_and_table_without_any_validation_errors.">
      <skipped message="Reason: testing depth 3 is below current testing specification 5 ('test-shinytest2-tm_g_pp_therapy.R:152:7')"/>
    </testcase>
    <testcase time="0.0109999999999992" classname="shinytest2_tm_g_pp_therapy" name="e2e_tm_g_pp_therapy_Selection_of_cmdecod_changes_the_plot_and_table_without_any_validation_errors.">
      <skipped message="Reason: testing depth 3 is below current testing specification 5 ('test-shinytest2-tm_g_pp_therapy.R:152:7')"/>
    </testcase>
    <testcase time="0.0110000000000001" classname="shinytest2_tm_g_pp_therapy" name="e2e_tm_g_pp_therapy_Selection_of_atirel_changes_the_plot_and_table_without_any_validation_errors.">
      <skipped message="Reason: testing depth 3 is below current testing specification 5 ('test-shinytest2-tm_g_pp_therapy.R:152:7')"/>
    </testcase>
    <testcase time="0.0119999999999996" classname="shinytest2_tm_g_pp_therapy" name="e2e_tm_g_pp_therapy_Selection_of_cmindc_changes_the_plot_and_table_without_any_validation_errors.">
      <skipped message="Reason: testing depth 3 is below current testing specification 5 ('test-shinytest2-tm_g_pp_therapy.R:152:7')"/>
    </testcase>
    <testcase time="0.0120000000000005" classname="shinytest2_tm_g_pp_therapy" name="e2e_tm_g_pp_therapy_Selection_of_cmdose_changes_the_plot_and_table_without_any_validation_errors.">
      <skipped message="Reason: testing depth 3 is below current testing specification 5 ('test-shinytest2-tm_g_pp_therapy.R:152:7')"/>
    </testcase>
    <testcase time="0.0119999999999996" classname="shinytest2_tm_g_pp_therapy" name="e2e_tm_g_pp_therapy_Selection_of_cmdosu_changes_the_plot_and_table_without_any_validation_errors.">
      <skipped message="Reason: testing depth 3 is below current testing specification 5 ('test-shinytest2-tm_g_pp_therapy.R:152:7')"/>
    </testcase>
    <testcase time="0.0120000000000005" classname="shinytest2_tm_g_pp_therapy" name="e2e_tm_g_pp_therapy_Selection_of_cmroute_changes_the_plot_and_table_without_any_validation_errors.">
      <skipped message="Reason: testing depth 3 is below current testing specification 5 ('test-shinytest2-tm_g_pp_therapy.R:152:7')"/>
    </testcase>
    <testcase time="0.0119999999999996" classname="shinytest2_tm_g_pp_therapy" name="e2e_tm_g_pp_therapy_Selection_of_cmdosfrq_changes_the_plot_and_table_without_any_validation_errors.">
      <skipped message="Reason: testing depth 3 is below current testing specification 5 ('test-shinytest2-tm_g_pp_therapy.R:152:7')"/>
    </testcase>
    <testcase time="0.0120000000000005" classname="shinytest2_tm_g_pp_therapy" name="e2e_tm_g_pp_therapy_Selection_of_cmstdy_changes_the_plot_and_table_without_any_validation_errors.">
      <skipped message="Reason: testing depth 3 is below current testing specification 5 ('test-shinytest2-tm_g_pp_therapy.R:152:7')"/>
    </testcase>
    <testcase time="0.0129999999999999" classname="shinytest2_tm_g_pp_therapy" name="e2e_tm_g_pp_therapy_Selection_of_cmendy_changes_the_plot_and_table_without_any_validation_errors.">
      <skipped message="Reason: testing depth 3 is below current testing specification 5 ('test-shinytest2-tm_g_pp_therapy.R:152:7')"/>
    </testcase>
    <testcase time="0.0119999999999996" classname="shinytest2_tm_g_pp_therapy" name="e2e_tm_g_pp_therapy_Changing_font_size_changes_the_plot_and_does_not_throw_validation_errors.">
      <skipped message="Reason: testing depth 3 is below current testing specification 5 ('test-shinytest2-tm_g_pp_therapy.R:188:5')"/>
    </testcase>
    <testcase time="0.0120000000000005" classname="shinytest2_tm_g_pp_therapy" name="e2e_tm_g_pp_therapy_Deselection_of_patient_id_throws_validation_error.">
      <skipped message="Reason: testing depth 3 is below current testing specification 5 ('test-shinytest2-tm_g_pp_therapy.R:207:5')"/>
    </testcase>
    <testcase time="0.0169999999999995" classname="shinytest2_tm_g_pp_therapy" name="e2e_tm_g_pp_therapy_Deselection_of_cmdecod_throws_validation_error.">
      <skipped message="Reason: testing depth 3 is below current testing specification 5 ('test-shinytest2-tm_g_pp_therapy.R:207:5')"/>
    </testcase>
    <testcase time="0.0120000000000005" classname="shinytest2_tm_g_pp_therapy" name="e2e_tm_g_pp_therapy_Deselection_of_atirel_throws_validation_error.">
      <skipped message="Reason: testing depth 3 is below current testing specification 5 ('test-shinytest2-tm_g_pp_therapy.R:207:5')"/>
    </testcase>
    <testcase time="0.0119999999999996" classname="shinytest2_tm_g_pp_therapy" name="e2e_tm_g_pp_therapy_Deselection_of_cmindc_throws_validation_error.">
      <skipped message="Reason: testing depth 3 is below current testing specification 5 ('test-shinytest2-tm_g_pp_therapy.R:207:5')"/>
    </testcase>
    <testcase time="0.0120000000000005" classname="shinytest2_tm_g_pp_therapy" name="e2e_tm_g_pp_therapy_Deselection_of_cmdose_throws_validation_error.">
      <skipped message="Reason: testing depth 3 is below current testing specification 5 ('test-shinytest2-tm_g_pp_therapy.R:207:5')"/>
    </testcase>
    <testcase time="0.0129999999999999" classname="shinytest2_tm_g_pp_therapy" name="e2e_tm_g_pp_therapy_Deselection_of_cmdosu_throws_validation_error.">
      <skipped message="Reason: testing depth 3 is below current testing specification 5 ('test-shinytest2-tm_g_pp_therapy.R:207:5')"/>
    </testcase>
    <testcase time="0.0120000000000005" classname="shinytest2_tm_g_pp_therapy" name="e2e_tm_g_pp_therapy_Deselection_of_cmroute_throws_validation_error.">
      <skipped message="Reason: testing depth 3 is below current testing specification 5 ('test-shinytest2-tm_g_pp_therapy.R:207:5')"/>
    </testcase>
    <testcase time="0.0119999999999996" classname="shinytest2_tm_g_pp_therapy" name="e2e_tm_g_pp_therapy_Deselection_of_cmdosfrq_throws_validation_error.">
      <skipped message="Reason: testing depth 3 is below current testing specification 5 ('test-shinytest2-tm_g_pp_therapy.R:207:5')"/>
    </testcase>
    <testcase time="0.0120000000000005" classname="shinytest2_tm_g_pp_therapy" name="e2e_tm_g_pp_therapy_Deselection_of_cmstdy_throws_validation_error.">
      <skipped message="Reason: testing depth 3 is below current testing specification 5 ('test-shinytest2-tm_g_pp_therapy.R:207:5')"/>
    </testcase>
    <testcase time="0.0119999999999996" classname="shinytest2_tm_g_pp_therapy" name="e2e_tm_g_pp_therapy_Deselection_of_cmendy_throws_validation_error.">
      <skipped message="Reason: testing depth 3 is below current testing specification 5 ('test-shinytest2-tm_g_pp_therapy.R:207:5')"/>
    </testcase>
  </testsuite>
  <testsuite name="shinytest2-tm_g_pp_vitals" timestamp="2025-02-07T08:07:17Z" hostname="4c0cf582fd9a" tests="11" skipped="11" failures="0" errors="0" time="0.134">
    <testcase time="0.0149999999999997" classname="shinytest2_tm_g_pp_vitals" name="e2e_tm_g_pp_vitals_Module_initializes_in_teal_without_errors_and_produces_plot_output.">
      <skipped message="Reason: testing depth 3 is below current testing specification 5 ('test-shinytest2-tm_g_pp_vitals.R:37:3')"/>
    </testcase>
    <testcase time="0.0120000000000005" classname="shinytest2_tm_g_pp_vitals" name="e2e_tm_g_pp_vitals_Starts_with_specified_label_patient_id_paramcd_xaxis_aval_var_font_size_parentname_patient_col.">
      <skipped message="Reason: testing depth 3 is below current testing specification 5 ('test-shinytest2-tm_g_pp_vitals.R:56:5')"/>
    </testcase>
    <testcase time="0.0119999999999996" classname="shinytest2_tm_g_pp_vitals" name="e2e_tm_g_pp_vitals_Selecting_patient_id_changes_plot_and_doesn_t_throw_validation_errors.">
      <skipped message="Reason: testing depth 3 is below current testing specification 5 ('test-shinytest2-tm_g_pp_vitals.R:92:3')"/>
    </testcase>
    <testcase time="0.0120000000000005" classname="shinytest2_tm_g_pp_vitals" name="e2e_tm_g_pp_vitals_Deselecting_patient_id_column_throws_validation_error.">
      <skipped message="Reason: testing depth 3 is below current testing specification 5 ('test-shinytest2-tm_g_pp_vitals.R:107:3')"/>
    </testcase>
    <testcase time="0.0110000000000001" classname="shinytest2_tm_g_pp_vitals" name="e2e_tm_g_pp_vitals_Selecting_valid_paramcd_and_paramcd_levels_vals_changes_plot_and_doesn_t_throw_validation_errors.">
      <skipped message="Reason: testing depth 3 is below current testing specification 5 ('test-shinytest2-tm_g_pp_vitals.R:123:5')"/>
    </testcase>
    <testcase time="0.0119999999999996" classname="shinytest2_tm_g_pp_vitals" name="e2e_tm_g_pp_vitals_Deselecting_paramcd_throws_validation_error.">
      <skipped message="Reason: testing depth 3 is below current testing specification 5 ('test-shinytest2-tm_g_pp_vitals.R:159:3')"/>
    </testcase>
    <testcase time="0.0120000000000005" classname="shinytest2_tm_g_pp_vitals" name="e2e_tm_g_pp_vitals_Selecting_xaxis_changes_plot_and_doesn_t_throw_validation_errors.">
      <skipped message="Reason: testing depth 3 is below current testing specification 5 ('test-shinytest2-tm_g_pp_vitals.R:172:3')"/>
    </testcase>
    <testcase time="0.0119999999999996" classname="shinytest2_tm_g_pp_vitals" name="e2e_tm_g_pp_vitals_Deselecting_xaxis_column_throws_validation_error.">
      <skipped message="Reason: testing depth 3 is below current testing specification 5 ('test-shinytest2-tm_g_pp_vitals.R:187:3')"/>
    </testcase>
    <testcase time="0.0120000000000005" classname="shinytest2_tm_g_pp_vitals" name="e2e_tm_g_pp_vitals_Selecting_aval_var_changes_plot_and_doesn_t_throw_validation_errors.">
      <skipped message="Reason: testing depth 3 is below current testing specification 5 ('test-shinytest2-tm_g_pp_vitals.R:200:3')"/>
    </testcase>
    <testcase time="0.0119999999999996" classname="shinytest2_tm_g_pp_vitals" name="e2e_tm_g_pp_vitals_Deselecting_aval_var_column_throws_validation_error.">
      <skipped message="Reason: testing depth 3 is below current testing specification 5 ('test-shinytest2-tm_g_pp_vitals.R:215:3')"/>
    </testcase>
    <testcase time="0.0120000000000005" classname="shinytest2_tm_g_pp_vitals" name="e2e_tm_g_pp_vitals_Changing_font_size_changes_plot_and_doesn_t_throw_validation_error.">
      <skipped message="Reason: testing depth 3 is below current testing specification 5 ('test-shinytest2-tm_g_pp_vitals.R:228:3')"/>
    </testcase>
  </testsuite>
  <testsuite name="shinytest2-tm_t_abnormality" timestamp="2025-02-07T08:07:17Z" hostname="4c0cf582fd9a" tests="9" skipped="9" failures="0" errors="0" time="0.116">
    <testcase time="0.0199999999999996" classname="shinytest2_tm_t_abnormality" name="e2e_tm_t_abnormality_Module_initializes_in_teal_without_errors_and_produces_table_output.">
      <skipped message="Reason: testing depth 3 is below current testing specification 5 ('test-shinytest2-tm_t_abnormality.R:64:3')"/>
    </testcase>
    <testcase time="0.0120000000000005" classname="shinytest2_tm_t_abnormality" name="e2e_tm_t_abnormality_Starts_with_specified_label_arm_var_by_vars_add_total_exclude_base_abn_drop_arm_levels.">
      <skipped message="Reason: testing depth 3 is below current testing specification 5 ('test-shinytest2-tm_t_abnormality.R:79:5')"/>
    </testcase>
    <testcase time="0.0119999999999996" classname="shinytest2_tm_t_abnormality" name="e2e_tm_t_abnormality_Selecting_arm_var_changes_the_table_and_does_not_throw_validation_errors.">
      <skipped message="Reason: testing depth 3 is below current testing specification 5 ('test-shinytest2-tm_t_abnormality.R:112:5')"/>
    </testcase>
    <testcase time="0.0120000000000005" classname="shinytest2_tm_t_abnormality" name="e2e_arm_var_Deselection_of_arm_var_throws_validation_error.">
      <skipped message="Reason: testing depth 3 is below current testing specification 5 ('test-shinytest2-tm_t_abnormality.R:128:3')"/>
    </testcase>
    <testcase time="0.0119999999999996" classname="shinytest2_tm_t_abnormality" name="e2e_tm_t_abnormality_Selecting_by_vars_changes_the_table_and_does_not_throw_validation_errors.">
      <skipped message="Reason: testing depth 3 is below current testing specification 5 ('test-shinytest2-tm_t_abnormality.R:143:5')"/>
    </testcase>
    <testcase time="0.0120000000000005" classname="shinytest2_tm_t_abnormality" name="e2e_tm_t_abnormality_Deselection_of_by_vars_throws_validation_error.">
      <skipped message="Reason: testing depth 3 is below current testing specification 5 ('test-shinytest2-tm_t_abnormality.R:159:3')"/>
    </testcase>
    <testcase time="0.0119999999999996" classname="shinytest2_tm_t_abnormality" name="e2e_tm_t_abnormality_Changing_add_total_changes_the_table_and_does_not_throw_validation_errors.">
      <skipped message="Reason: testing depth 3 is below current testing specification 5 ('test-shinytest2-tm_t_abnormality.R:174:5')"/>
    </testcase>
    <testcase time="0.0120000000000005" classname="shinytest2_tm_t_abnormality" name="e2e_tm_t_abnormality_Changing_exclude_base_abn_changes_the_table_and_does_not_throw_validation_errors.">
      <skipped message="Reason: testing depth 3 is below current testing specification 5 ('test-shinytest2-tm_t_abnormality.R:192:5')"/>
    </testcase>
    <testcase time="0.0119999999999996" classname="shinytest2_tm_t_abnormality" name="e2e_tm_t_abnormality_Changing_drop_arm_levels_does_not_change_the_table_and_does_not_throw_validation_errors.">
      <skipped message="Reason: testing depth 3 is below current testing specification 5 ('test-shinytest2-tm_t_abnormality.R:210:5')"/>
    </testcase>
  </testsuite>
  <testsuite name="shinytest2-tm_t_abnormality_by_worst_grade" timestamp="2025-02-07T08:07:17Z" hostname="4c0cf582fd9a" tests="8" skipped="8" failures="0" errors="0" time="0.098">
    <testcase time="0.0140000000000002" classname="shinytest2_tm_t_abnormality_by_worst_grade" name="e2e_tm_t_abnormality_by_worst_grade_Module_initializes_in_teal_without_errors_and_produces_table_output.">
      <skipped message="Reason: testing depth 3 is below current testing specification 5 ('test-shinytest2-tm_t_abnormality_by_worst_grade.R:59:5')"/>
    </testcase>
    <testcase time="0.0119999999999996" classname="shinytest2_tm_t_abnormality_by_worst_grade" name="e2e_tm_t_abnormality_by_worst_grade_Starts_with_specified_label_arm_var_paramcd_id_var_atoxgr_var_worst_high_flag_var_worst_low_flag_var_worst_flag_indicator_add_total_drop_arm_levels.">
      <skipped message="Reason: testing depth 3 is below current testing specification 5 ('test-shinytest2-tm_t_abnormality_by_worst_grade.R:75:5')"/>
    </testcase>
    <testcase time="0.0120000000000005" classname="shinytest2_tm_t_abnormality_by_worst_grade" name="e2e_tm_t_abnormality_by_worst_grade_Selecting_arm_var_changes_the_table_and_does_not_throw_validation_errors.">
      <skipped message="Reason: testing depth 3 is below current testing specification 5 ('test-shinytest2-tm_t_abnormality_by_worst_grade.R:119:5')"/>
    </testcase>
    <testcase time="0.0119999999999996" classname="shinytest2_tm_t_abnormality_by_worst_grade" name="e2e_tm_t_abnormality_by_worst_grade_Selecting_paramcd_changes_the_table_and_does_not_throw_validation_errors.">
      <skipped message="Reason: testing depth 3 is below current testing specification 5 ('test-shinytest2-tm_t_abnormality_by_worst_grade.R:137:5')"/>
    </testcase>
    <testcase time="0.0120000000000005" classname="shinytest2_tm_t_abnormality_by_worst_grade" name="e2e_tm_t_abnormality_by_worst_grade_Deselection_of_arm_var_throws_validation_error.">
      <skipped message="Reason: testing depth 3 is below current testing specification 5 ('test-shinytest2-tm_t_abnormality_by_worst_grade.R:153:3')"/>
    </testcase>
    <testcase time="0.0119999999999996" classname="shinytest2_tm_t_abnormality_by_worst_grade" name="e2e_tm_t_abnormality_by_worst_grade_Deselection_of_paramcd_throws_validation_error.">
      <skipped message="Reason: testing depth 3 is below current testing specification 5 ('test-shinytest2-tm_t_abnormality_by_worst_grade.R:166:3')"/>
    </testcase>
    <testcase time="0.0120000000000005" classname="shinytest2_tm_t_abnormality_by_worst_grade" name="e2e_tm_t_abnormality_by_worst_grade_Changing_add_total_changes_the_table_and_does_not_throw_validation_errors.">
      <skipped message="Reason: testing depth 3 is below current testing specification 5 ('test-shinytest2-tm_t_abnormality_by_worst_grade.R:183:5')"/>
    </testcase>
    <testcase time="0.0119999999999996" classname="shinytest2_tm_t_abnormality_by_worst_grade" name="e2e_tm_t_abnormality_by_worst_grade_Changing_drop_arm_levels_does_not_change_the_table_and_does_not_throw_validation_errors.">
      <skipped message="Reason: testing depth 3 is below current testing specification 5 ('test-shinytest2-tm_t_abnormality_by_worst_grade.R:202:5')"/>
    </testcase>
  </testsuite>
  <testsuite name="shinytest2-tm_t_ancova" timestamp="2025-02-07T08:07:17Z" hostname="4c0cf582fd9a" tests="12" skipped="12" failures="0" errors="0" time="0.152">
    <testcase time="0.0150000000000006" classname="shinytest2_tm_t_ancova" name="e2e_tm_t_ancova_Module_initializes_in_teal_without_errors_and_produces_table_output.">
      <skipped message="Reason: testing depth 3 is below current testing specification 5 ('test-shinytest2-tm_t_ancova.R:61:3')"/>
    </testcase>
    <testcase time="0.0119999999999996" classname="shinytest2_tm_t_ancova" name="e2e_tm_t_ancova_Starts_with_specified_label_avisit_paramcd_aval_var_aval_var_arm_var_buckets_combine_comp_arms_interact_var_cov_var_conf_level_include_interact.">
      <skipped message="Reason: testing depth 3 is below current testing specification 5 ('test-shinytest2-tm_t_ancova.R:75:5')"/>
    </testcase>
    <testcase time="0.0120000000000005" classname="shinytest2_tm_t_ancova" name="e2e_tm_t_ancova_Selecting_avisit_changes_the_table_and_does_not_throw_validation_errors.">
      <skipped message="Reason: testing depth 3 is below current testing specification 5 ('test-shinytest2-tm_t_ancova.R:130:5')"/>
    </testcase>
    <testcase time="0.0119999999999996" classname="shinytest2_tm_t_ancova" name="e2e_tm_t_ancova_Deselection_of_avisit_throws_validation_error.">
      <skipped message="Reason: testing depth 3 is below current testing specification 5 ('test-shinytest2-tm_t_ancova.R:149:3')"/>
    </testcase>
    <testcase time="0.0170000000000003" classname="shinytest2_tm_t_ancova" name="e2e_tm_t_ancova_Selecting_paramcd_changes_the_table_and_does_not_throw_validation_errors.">
      <skipped message="Reason: testing depth 3 is below current testing specification 5 ('test-shinytest2-tm_t_ancova.R:166:5')"/>
    </testcase>
    <testcase time="0.0119999999999996" classname="shinytest2_tm_t_ancova" name="e2e_tm_t_ancova_Deselection_of_paramcd_throws_validation_error.">
      <skipped message="Reason: testing depth 3 is below current testing specification 5 ('test-shinytest2-tm_t_ancova.R:182:3')"/>
    </testcase>
    <testcase time="0.0120000000000005" classname="shinytest2_tm_t_ancova" name="e2e_tm_t_ancova_Selecting_aval_var_changes_the_table_and_does_not_throw_validation_errors.">
      <skipped message="Reason: testing depth 3 is below current testing specification 5 ('test-shinytest2-tm_t_ancova.R:199:5')"/>
    </testcase>
    <testcase time="0.0119999999999996" classname="shinytest2_tm_t_ancova" name="e2e_tm_t_ancova_Deselection_of_aval_var_throws_validation_error.">
      <skipped message="Reason: testing depth 3 is below current testing specification 5 ('test-shinytest2-tm_t_ancova.R:215:3')"/>
    </testcase>
    <testcase time="0.0120000000000005" classname="shinytest2_tm_t_ancova" name="e2e_tm_t_ancova_Selecting_arm_var_changes_the_table_and_does_not_throw_validation_errors.">
      <skipped message="Reason: testing depth 3 is below current testing specification 5 ('test-shinytest2-tm_t_ancova.R:230:5')"/>
    </testcase>
    <testcase time="0.0119999999999996" classname="shinytest2_tm_t_ancova" name="e2e_tm_t_ancova_Deselection_of_arm_var_throws_validation_error.">
      <skipped message="Reason: testing depth 3 is below current testing specification 5 ('test-shinytest2-tm_t_ancova.R:246:3')"/>
    </testcase>
    <testcase time="0.0120000000000005" classname="shinytest2_tm_t_ancova" name="e2e_tm_t_ancova_Selecting_cov_var_changes_the_table_and_does_not_throw_validation_errors.">
      <skipped message="Reason: testing depth 3 is below current testing specification 5 ('test-shinytest2-tm_t_ancova.R:261:5')"/>
    </testcase>
    <testcase time="0.0119999999999996" classname="shinytest2_tm_t_ancova" name="e2e_tm_t_ancova_Deselection_of_cov_var_changes_table_and_doesn_t_throw_validation_error.">
      <skipped message="Reason: testing depth 3 is below current testing specification 5 ('test-shinytest2-tm_t_ancova.R:279:5')"/>
    </testcase>
  </testsuite>
  <testsuite name="shinytest2-tm_t_binary_outcome" timestamp="2025-02-07T08:07:17Z" hostname="4c0cf582fd9a" tests="10" skipped="10" failures="0" errors="0" time="0.123">
    <testcase time="0.0149999999999997" classname="shinytest2_tm_t_binary_outcome" name="e2e_tm_t_binary_outcome_Module_initializes_in_teal_without_errors_and_produces_table_output.">
      <skipped message="Reason: testing depth 3 is below current testing specification 5 ('test-shinytest2-tm_t_binary_outcome.R:91:3')"/>
    </testcase>
    <testcase time="0.0120000000000005" classname="shinytest2_tm_t_binary_outcome" name="e2e_tm_t_binary_outcome_Starts_with_specified_label_paramcd_responders_arm_var_buckets_u_diff_ci_u_diff_test_strata_var_s_diff_ci_prop_ci_method_conf_level_aval_var_compare_arms_combine_comp_arms_u_odds_ratio_show_rsp_cat.">
      <skipped message="Reason: testing depth 3 is below current testing specification 5 ('test-shinytest2-tm_t_binary_outcome.R:106:5')"/>
    </testcase>
    <testcase time="0.0119999999999996" classname="shinytest2_tm_t_binary_outcome" name="e2e_tm_t_binary_outcome_Selecting_paramcd_changes_the_table_and_does_not_throw_validation_errors.">
      <skipped message="Reason: testing depth 3 is below current testing specification 5 ('test-shinytest2-tm_t_binary_outcome.R:171:5')"/>
    </testcase>
    <testcase time="0.0120000000000005" classname="shinytest2_tm_t_binary_outcome" name="e2e_tm_t_binary_outcome_Deselection_of_paramcd_throws_validation_error.">
      <skipped message="Reason: testing depth 3 is below current testing specification 5 ('test-shinytest2-tm_t_binary_outcome.R:187:3')"/>
    </testcase>
    <testcase time="0.0119999999999996" classname="shinytest2_tm_t_binary_outcome" name="e2e_tm_t_binary_outcome_Selecting_responders_changes_the_table_and_does_not_throw_validation_errors.">
      <skipped message="Reason: testing depth 3 is below current testing specification 5 ('test-shinytest2-tm_t_binary_outcome.R:204:5')"/>
    </testcase>
    <testcase time="0.0120000000000005" classname="shinytest2_tm_t_binary_outcome" name="e2e_tm_t_binary_outcome_Deselection_of_responders_throws_validation_error.">
      <skipped message="Reason: testing depth 3 is below current testing specification 5 ('test-shinytest2-tm_t_binary_outcome.R:220:3')"/>
    </testcase>
    <testcase time="0.0119999999999996" classname="shinytest2_tm_t_binary_outcome" name="e2e_tm_t_binary_outcome_Selecting_arm_var_changes_the_table_and_does_not_throw_validation_errors.">
      <skipped message="Reason: testing depth 3 is below current testing specification 5 ('test-shinytest2-tm_t_binary_outcome.R:235:5')"/>
    </testcase>
    <testcase time="0.0120000000000005" classname="shinytest2_tm_t_binary_outcome" name="e2e_tm_t_binary_outcome_Deselection_of_arm_var_throws_validation_error.">
      <skipped message="Reason: testing depth 3 is below current testing specification 5 ('test-shinytest2-tm_t_binary_outcome.R:251:3')"/>
    </testcase>
    <testcase time="0.0119999999999996" classname="shinytest2_tm_t_binary_outcome" name="e2e_tm_t_binary_outcome_Selecting_strata_var_changes_the_table_and_does_not_throw_validation_errors.">
      <skipped message="Reason: testing depth 3 is below current testing specification 5 ('test-shinytest2-tm_t_binary_outcome.R:266:5')"/>
    </testcase>
    <testcase time="0.0120000000000005" classname="shinytest2_tm_t_binary_outcome" name="e2e_tm_t_binary_outcome_Deselection_of_strata_var_changes_the_table_and_does_not_throw_validation_errors.">
      <skipped message="Reason: testing depth 3 is below current testing specification 5 ('test-shinytest2-tm_t_binary_outcome.R:285:5')"/>
    </testcase>
  </testsuite>
  <testsuite name="shinytest2-tm_t_coxreg" timestamp="2025-02-07T08:07:17Z" hostname="4c0cf582fd9a" tests="10" skipped="10" failures="0" errors="0" time="0.128">
    <testcase time="0.0149999999999997" classname="shinytest2_tm_t_coxreg" name="e2e_tm_t_coxreg_Module_initializes_in_teal_without_errors_and_produces_table_output.">
      <skipped message="Reason: testing depth 3 is below current testing specification 5 ('test-shinytest2-tm_t_coxreg.R:60:3')"/>
    </testcase>
    <testcase time="0.0110000000000001" classname="shinytest2_tm_t_coxreg" name="e2e_tm_t_coxreg_Starts_with_specified_label_type_paramcd_arm_var_buckets_cov_var_strata_var_pval_method_ties_conf_level_combine_comp_arms.">
      <skipped message="Reason: testing depth 3 is below current testing specification 5 ('test-shinytest2-tm_t_coxreg.R:74:5')"/>
    </testcase>
    <testcase time="0.0119999999999996" classname="shinytest2_tm_t_coxreg" name="e2e_tm_t_coxreg_Selecting_paramcd_changes_the_table_and_does_not_throw_validation_errors.">
      <skipped message="Reason: testing depth 3 is below current testing specification 5 ('test-shinytest2-tm_t_coxreg.R:127:5')"/>
    </testcase>
    <testcase time="0.0180000000000007" classname="shinytest2_tm_t_coxreg" name="e2e_tm_t_coxreg_Deselection_of_paramcd_throws_validation_error.">
      <skipped message="Reason: testing depth 3 is below current testing specification 5 ('test-shinytest2-tm_t_coxreg.R:143:3')"/>
    </testcase>
    <testcase time="0.0119999999999996" classname="shinytest2_tm_t_coxreg" name="e2e_tm_t_coxreg_Selecting_arm_var_changes_the_table_and_does_not_throw_validation_errors.">
      <skipped message="Reason: testing depth 3 is below current testing specification 5 ('test-shinytest2-tm_t_coxreg.R:160:5')"/>
    </testcase>
    <testcase time="0.0120000000000005" classname="shinytest2_tm_t_coxreg" name="e2e_tm_t_coxreg_Deselection_of_arm_var_throws_validation_error.">
      <skipped message="Reason: testing depth 3 is below current testing specification 5 ('test-shinytest2-tm_t_coxreg.R:176:3')"/>
    </testcase>
    <testcase time="0.0119999999999996" classname="shinytest2_tm_t_coxreg" name="e2e_tm_t_coxreg_Selecting_cov_var_changes_the_table_and_does_not_throw_validation_errors.">
      <skipped message="Reason: testing depth 3 is below current testing specification 5 ('test-shinytest2-tm_t_coxreg.R:191:5')"/>
    </testcase>
    <testcase time="0.0120000000000005" classname="shinytest2_tm_t_coxreg" name="e2e_tm_t_coxreg_Deselection_of_cov_var_changes_the_table_and_does_not_throw_validation_errors.">
      <skipped message="Reason: testing depth 3 is below current testing specification 5 ('test-shinytest2-tm_t_coxreg.R:209:5')"/>
    </testcase>
    <testcase time="0.0119999999999996" classname="shinytest2_tm_t_coxreg" name="e2e_tm_t_coxreg_Selecting_strata_var_changes_the_table_and_does_not_throw_validation_errors.">
      <skipped message="Reason: testing depth 3 is below current testing specification 5 ('test-shinytest2-tm_t_coxreg.R:227:5')"/>
    </testcase>
    <testcase time="0.0120000000000005" classname="shinytest2_tm_t_coxreg" name="e2e_tm_t_coxreg_Deselection_of_strata_var_changes_the_table_and_does_not_throw_validation_errors.">
      <skipped message="Reason: testing depth 3 is below current testing specification 5 ('test-shinytest2-tm_t_coxreg.R:245:5')"/>
    </testcase>
  </testsuite>
  <testsuite name="shinytest2-tm_t_events" timestamp="2025-02-07T08:07:18Z" hostname="4c0cf582fd9a" tests="8" skipped="8" failures="0" errors="0" time="0.098">
    <testcase time="0.0139999999999993" classname="shinytest2_tm_t_events" name="e2e_tm_t_events_Module_initializes_in_teal_without_errors_and_produces_table_output.">
      <skipped message="Reason: testing depth 3 is below current testing specification 5 ('test-shinytest2-tm_t_events.R:42:3')"/>
    </testcase>
    <testcase time="0.0120000000000005" classname="shinytest2_tm_t_events" name="e2e_tm_t_events_Starts_with_specified_label_arm_var_hlt_llt_sort_criteria_prune_freq_prune_diff_add_total_drop_arm_levels.">
      <skipped message="Reason: testing depth 3 is below current testing specification 5 ('test-shinytest2-tm_t_events.R:56:5')"/>
    </testcase>
    <testcase time="0.0119999999999996" classname="shinytest2_tm_t_events" name="e2e_tm_t_events_Selecting_arm_var_changes_the_table_and_does_not_throw_validation_errors.">
      <skipped message="Reason: testing depth 3 is below current testing specification 5 ('test-shinytest2-tm_t_events.R:96:5')"/>
    </testcase>
    <testcase time="0.0120000000000005" classname="shinytest2_tm_t_events" name="e2e_tm_t_events_Deselection_of_arm_var_throws_validation_error.">
      <skipped message="Reason: testing depth 3 is below current testing specification 5 ('test-shinytest2-tm_t_events.R:112:3')"/>
    </testcase>
    <testcase time="0.0119999999999996" classname="shinytest2_tm_t_events" name="e2e_tm_t_events_Selecting_hlt_changes_the_table_and_does_not_throw_validation_errors.">
      <skipped message="Reason: testing depth 3 is below current testing specification 5 ('test-shinytest2-tm_t_events.R:127:5')"/>
    </testcase>
    <testcase time="0.0120000000000005" classname="shinytest2_tm_t_events" name="e2e_tm_t_events_Deselection_of_hlt_changes_the_table_and_does_not_throw_validation_errors.">
      <skipped message="Reason: testing depth 3 is below current testing specification 5 ('test-shinytest2-tm_t_events.R:145:5')"/>
    </testcase>
    <testcase time="0.0119999999999996" classname="shinytest2_tm_t_events" name="e2e_tm_t_events_Selecting_llt_changes_the_table_and_does_not_throw_validation_errors.">
      <skipped message="Reason: testing depth 3 is below current testing specification 5 ('test-shinytest2-tm_t_events.R:163:5')"/>
    </testcase>
    <testcase time="0.0120000000000005" classname="shinytest2_tm_t_events" name="e2e_tm_t_events_Deselection_of_llt_changes_the_table_and_does_not_throw_validation_errors.">
      <skipped message="Reason: testing depth 3 is below current testing specification 5 ('test-shinytest2-tm_t_events.R:181:5')"/>
    </testcase>
  </testsuite>
  <testsuite name="shinytest2-tm_t_events_by_grade" timestamp="2025-02-07T08:07:18Z" hostname="4c0cf582fd9a" tests="10" skipped="10" failures="0" errors="0" time="0.129">
    <testcase time="0.0149999999999997" classname="shinytest2_tm_t_events_by_grade" name="e2e_tm_t_events_by_grade_Module_initializes_in_teal_without_errors_and_produces_table_output.">
      <skipped message="Reason: testing depth 3 is below current testing specification 5 ('test-shinytest2-tm_t_events_by_grade.R:54:5')"/>
    </testcase>
    <testcase time="0.0120000000000005" classname="shinytest2_tm_t_events_by_grade" name="e2e_tm_t_events_by_grade_Starts_with_specified_label_arm_var_hlt_llt_grade_prune_freq_prune_diff_add_total_col_by_grade_drop_arm_levels.">
      <skipped message="Reason: testing depth 3 is below current testing specification 5 ('test-shinytest2-tm_t_events_by_grade.R:69:5')"/>
    </testcase>
    <testcase time="0.0119999999999996" classname="shinytest2_tm_t_events_by_grade" name="e2e_tm_t_events_by_grade_Selecting_arm_var_changes_the_table_and_does_not_throw_validation_errors.">
      <skipped message="Reason: testing depth 3 is below current testing specification 5 ('test-shinytest2-tm_t_events_by_grade.R:109:5')"/>
    </testcase>
    <testcase time="0.0120000000000005" classname="shinytest2_tm_t_events_by_grade" name="e2e_tm_t_events_by_grade_Deselection_of_arm_var_throws_validation_error.">
      <skipped message="Reason: testing depth 3 is below current testing specification 5 ('test-shinytest2-tm_t_events_by_grade.R:125:3')"/>
    </testcase>
    <testcase time="0.0119999999999996" classname="shinytest2_tm_t_events_by_grade" name="e2e_tm_t_events_by_grade_Selecting_hlt_changes_the_table_and_does_not_throw_validation_errors.">
      <skipped message="Reason: testing depth 3 is below current testing specification 5 ('test-shinytest2-tm_t_events_by_grade.R:140:5')"/>
    </testcase>
    <testcase time="0.0120000000000005" classname="shinytest2_tm_t_events_by_grade" name="e2e_tm_t_events_by_grade_Deselection_of_hlt_changes_the_table_and_does_not_throw_validation_errors.">
      <skipped message="Reason: testing depth 3 is below current testing specification 5 ('test-shinytest2-tm_t_events_by_grade.R:158:5')"/>
    </testcase>
    <testcase time="0.0179999999999998" classname="shinytest2_tm_t_events_by_grade" name="e2e_tm_t_events_by_grade_Selecting_llt_changes_the_table_and_does_not_throw_validation_errors.">
      <skipped message="Reason: testing depth 3 is below current testing specification 5 ('test-shinytest2-tm_t_events_by_grade.R:176:5')"/>
    </testcase>
    <testcase time="0.0119999999999996" classname="shinytest2_tm_t_events_by_grade" name="e2e_tm_t_events_by_grade_Deselection_of_llt_changes_the_table_and_does_not_throw_validation_errors.">
      <skipped message="Reason: testing depth 3 is below current testing specification 5 ('test-shinytest2-tm_t_events_by_grade.R:194:5')"/>
    </testcase>
    <testcase time="0.0120000000000005" classname="shinytest2_tm_t_events_by_grade" name="e2e_tm_t_events_by_grade_Selecting_grade_changes_the_table_and_does_not_throw_validation_errors.">
      <skipped message="Reason: testing depth 3 is below current testing specification 5 ('test-shinytest2-tm_t_events_by_grade.R:212:5')"/>
    </testcase>
    <testcase time="0.0119999999999996" classname="shinytest2_tm_t_events_by_grade" name="e2e_tm_t_events_by_grade_Deselection_of_grade_throws_validation_error.">
      <skipped message="Reason: testing depth 3 is below current testing specification 5 ('test-shinytest2-tm_t_events_by_grade.R:228:3')"/>
    </testcase>
  </testsuite>
  <testsuite name="shinytest2-tm_t_events_patyear" timestamp="2025-02-07T08:07:18Z" hostname="4c0cf582fd9a" tests="7" skipped="7" failures="0" errors="0" time="0.086">
    <testcase time="0.0150000000000006" classname="shinytest2_tm_t_events_patyear" name="e2e_tm_t_events_patyear_Module_initializes_in_teal_without_errors_and_produces_table_output.">
      <skipped message="Reason: testing depth 3 is below current testing specification 5 ('test-shinytest2-tm_t_events_patyear.R:56:3')"/>
    </testcase>
    <testcase time="0.0119999999999996" classname="shinytest2_tm_t_events_patyear" name="e2e_tm_t_events_patyear_Starts_with_specified_label_arm_var_paramcd_conf_level_conf_method_num_pt_year_input_time_unit_add_total_drop_arm_levels.">
      <skipped message="Reason: testing depth 3 is below current testing specification 5 ('test-shinytest2-tm_t_events_patyear.R:70:5')"/>
    </testcase>
    <testcase time="0.0120000000000005" classname="shinytest2_tm_t_events_patyear" name="e2e_tm_t_events_patyear_Selecting_paramcd_changes_the_table_and_does_not_throw_validation_errors.">
      <skipped message="Reason: testing depth 3 is below current testing specification 5 ('test-shinytest2-tm_t_events_patyear.R:109:5')"/>
    </testcase>
    <testcase time="0.0119999999999996" classname="shinytest2_tm_t_events_patyear" name="e2e_tm_t_events_patyear_Deselection_of_paramcd_throws_validation_error.">
      <skipped message="Reason: testing depth 3 is below current testing specification 5 ('test-shinytest2-tm_t_events_patyear.R:125:3')"/>
    </testcase>
    <testcase time="0.0120000000000005" classname="shinytest2_tm_t_events_patyear" name="e2e_tm_t_events_patyear_Selecting_arm_var_changes_the_table_and_does_not_throw_validation_errors.">
      <skipped message="Reason: testing depth 3 is below current testing specification 5 ('test-shinytest2-tm_t_events_patyear.R:145:5')"/>
    </testcase>
    <testcase time="0.0119999999999996" classname="shinytest2_tm_t_events_patyear" name="e2e_tm_t_events_patyear_Deselection_of_arm_var_throws_validation_error.">
      <skipped message="Reason: testing depth 3 is below current testing specification 5 ('test-shinytest2-tm_t_events_patyear.R:161:3')"/>
    </testcase>
    <testcase time="0.0110000000000001" classname="shinytest2_tm_t_events_patyear" name="e2e_tm_t_events_patyear_Selecting_2_variables_as_arm_var_changes_the_table_and_does_not_throw_validation_errors.">
      <skipped message="Reason: testing depth 3 is below current testing specification 5 ('test-shinytest2-tm_t_events_patyear.R:179:5')"/>
    </testcase>
  </testsuite>
  <testsuite name="shinytest2-tm_t_events_summary" timestamp="2025-02-07T08:07:18Z" hostname="4c0cf582fd9a" tests="8" skipped="8" failures="0" errors="0" time="0.099">
    <testcase time="0.0149999999999997" classname="shinytest2_tm_t_events_summary" name="e2e_tm_t_events_summary_Module_initializes_in_teal_without_errors_and_produces_table_output.">
      <skipped message="Reason: testing depth 3 is below current testing specification 5 ('test-shinytest2-tm_t_events_summary.R:95:3')"/>
    </testcase>
    <testcase time="0.0120000000000005" classname="shinytest2_tm_t_events_summary" name="e2e_tm_t_events_summary_Starts_with_specified_label_arm_var_flag_var_anl_flag_var_aesi_add_total_count_subj_count_pt_count_events.">
      <skipped message="Reason: testing depth 3 is below current testing specification 5 ('test-shinytest2-tm_t_events_summary.R:109:5')"/>
    </testcase>
    <testcase time="0.0119999999999996" classname="shinytest2_tm_t_events_summary" name="e2e_tm_t_events_summary_Selecting_arm_var_changes_the_table_and_does_not_throw_validation_errors.">
      <skipped message="Reason: testing depth 3 is below current testing specification 5 ('test-shinytest2-tm_t_events_summary.R:138:5')"/>
    </testcase>
    <testcase time="0.0120000000000005" classname="shinytest2_tm_t_events_summary" name="e2e_tm_t_events_summary_Deselection_of_arm_var_throws_validation_error.">
      <skipped message="Reason: testing depth 3 is below current testing specification 5 ('test-shinytest2-tm_t_events_summary.R:154:3')"/>
    </testcase>
    <testcase time="0.0119999999999996" classname="shinytest2_tm_t_events_summary" name="e2e_tm_t_events_summary_Selecting_flag_var_anl_changes_the_table_and_does_not_throw_validation_errors.">
      <skipped message="Reason: testing depth 3 is below current testing specification 5 ('test-shinytest2-tm_t_events_summary.R:169:5')"/>
    </testcase>
    <testcase time="0.0120000000000005" classname="shinytest2_tm_t_events_summary" name="e2e_tm_t_events_summary_Deselection_of_flag_var_anl_changes_the_table_and_does_not_throw_validation_errors.">
      <skipped message="Reason: testing depth 3 is below current testing specification 5 ('test-shinytest2-tm_t_events_summary.R:188:5')"/>
    </testcase>
    <testcase time="0.0119999999999996" classname="shinytest2_tm_t_events_summary" name="e2e_tm_t_events_summary_Selecting_flag_var_aesi_changes_the_table_and_does_not_throw_validation_errors.">
      <skipped message="Reason: testing depth 3 is below current testing specification 5 ('test-shinytest2-tm_t_events_summary.R:207:5')"/>
    </testcase>
    <testcase time="0.0120000000000005" classname="shinytest2_tm_t_events_summary" name="e2e_tm_t_events_summary_Deselection_of_flag_var_aesi_changes_the_table_and_does_not_throw_validation_errors.">
      <skipped message="Reason: testing depth 3 is below current testing specification 5 ('test-shinytest2-tm_t_events_summary.R:226:5')"/>
    </testcase>
  </testsuite>
  <testsuite name="shinytest2-tm_t_exposure" timestamp="2025-02-07T08:07:18Z" hostname="4c0cf582fd9a" tests="10" skipped="10" failures="0" errors="0" time="0.129">
    <testcase time="0.0149999999999997" classname="shinytest2_tm_t_exposure" name="e2e_tm_t_exposure_Module_initializes_in_teal_without_errors_and_produces_table_output.">
      <skipped message="Reason: testing depth 3 is below current testing specification 5 ('test-shinytest2-tm_t_exposure.R:72:3')"/>
    </testcase>
    <testcase time="0.0170000000000003" classname="shinytest2_tm_t_exposure" name="e2e_tm_t_exposure_Starts_with_specified_label_paramcd_parcat_col_by_var_row_by_var_add_total_row_add_total">
      <skipped message="Reason: testing depth 3 is below current testing specification 5 ('test-shinytest2-tm_t_exposure.R:86:5')"/>
    </testcase>
    <testcase time="0.0119999999999996" classname="shinytest2_tm_t_exposure" name="e2e_tm_t_exposure_Selecting_paramcd_changes_the_table_and_does_not_throw_validation_errors.">
      <skipped message="Reason: testing depth 3 is below current testing specification 5 ('test-shinytest2-tm_t_exposure.R:117:5')"/>
    </testcase>
    <testcase time="0.0120000000000005" classname="shinytest2_tm_t_exposure" name="e2e_tm_t_exposure_Deselection_of_paramcd_throws_validation_error.">
      <skipped message="Reason: testing depth 3 is below current testing specification 5 ('test-shinytest2-tm_t_exposure.R:133:3')"/>
    </testcase>
    <testcase time="0.0119999999999996" classname="shinytest2_tm_t_exposure" name="e2e_tm_t_exposure_Selecting_parcat_changes_the_table_and_does_not_throw_validation_errors.">
      <skipped message="Reason: testing depth 3 is below current testing specification 5 ('test-shinytest2-tm_t_exposure.R:150:5')"/>
    </testcase>
    <testcase time="0.0120000000000005" classname="shinytest2_tm_t_exposure" name="e2e_tm_t_exposure_Deselection_of_parcat_throws_validation_error.">
      <skipped message="Reason: testing depth 3 is below current testing specification 5 ('test-shinytest2-tm_t_exposure.R:166:3')"/>
    </testcase>
    <testcase time="0.0119999999999996" classname="shinytest2_tm_t_exposure" name="e2e_tm_t_exposure_Selecting_col_by_var_changes_the_table_and_does_not_throw_validation_errors.">
      <skipped message="Reason: testing depth 3 is below current testing specification 5 ('test-shinytest2-tm_t_exposure.R:183:5')"/>
    </testcase>
    <testcase time="0.0129999999999999" classname="shinytest2_tm_t_exposure" name="e2e_tm_t_exposure_Deselection_of_col_by_var_changes_the_table_and_does_not_throw_validation_errors.">
      <skipped message="Reason: testing depth 3 is below current testing specification 5 ('test-shinytest2-tm_t_exposure.R:201:5')"/>
    </testcase>
    <testcase time="0.0120000000000005" classname="shinytest2_tm_t_exposure" name="e2e_tm_t_exposure_Selecting_row_by_var_changes_the_table_and_does_not_throw_validation_errors.">
      <skipped message="Reason: testing depth 3 is below current testing specification 5 ('test-shinytest2-tm_t_exposure.R:219:5')"/>
    </testcase>
    <testcase time="0.0119999999999996" classname="shinytest2_tm_t_exposure" name="e2e_tm_t_exposure_Deselection_of_row_by_var_throws_validation_error.">
      <skipped message="Reason: testing depth 3 is below current testing specification 5 ('test-shinytest2-tm_t_exposure.R:235:3')"/>
    </testcase>
  </testsuite>
  <testsuite name="shinytest2-tm_t_logistic" timestamp="2025-02-07T08:07:18Z" hostname="4c0cf582fd9a" tests="8" skipped="8" failures="0" errors="0" time="0.097">
    <testcase time="0.0140000000000002" classname="shinytest2_tm_t_logistic" name="e2e_tm_t_logistic_Module_initializes_in_teal_without_errors_and_produces_table_output.">
      <skipped message="Reason: testing depth 3 is below current testing specification 5 ('test-shinytest2-tm_t_logistic.R:54:3')"/>
    </testcase>
    <testcase time="0.0119999999999996" classname="shinytest2_tm_t_logistic" name="e2e_tm_t_logistic_Starts_with_specified_label_paramcd_responders_arm_var_buckets_cov_var_interaction_var_conf_level_combine_comp_arms.">
      <skipped message="Reason: testing depth 3 is below current testing specification 5 ('test-shinytest2-tm_t_logistic.R:68:5')"/>
    </testcase>
    <testcase time="0.0120000000000005" classname="shinytest2_tm_t_logistic" name="e2e_tm_t_logistic_Selecting_paramcd_changes_the_table_and_does_not_throw_validation_errors.">
      <skipped message="Reason: testing depth 3 is below current testing specification 5 ('test-shinytest2-tm_t_logistic.R:110:5')"/>
    </testcase>
    <testcase time="0.0119999999999996" classname="shinytest2_tm_t_logistic" name="e2e_tm_t_logistic_Deselection_of_paramcd_throws_validation_error.">
      <skipped message="Reason: testing depth 3 is below current testing specification 5 ('test-shinytest2-tm_t_logistic.R:126:3')"/>
    </testcase>
    <testcase time="0.0120000000000005" classname="shinytest2_tm_t_logistic" name="e2e_tm_t_logistic_Selecting_arm_var_changes_the_table_and_does_not_throw_validation_errors.">
      <skipped message="Reason: testing depth 3 is below current testing specification 5 ('test-shinytest2-tm_t_logistic.R:143:5')"/>
    </testcase>
    <testcase time="0.0119999999999996" classname="shinytest2_tm_t_logistic" name="e2e_tm_t_logistic_Deselection_of_arm_var_throws_validation_error.">
      <skipped message="Reason: testing depth 3 is below current testing specification 5 ('test-shinytest2-tm_t_logistic.R:159:3')"/>
    </testcase>
    <testcase time="0.011000000000001" classname="shinytest2_tm_t_logistic" name="e2e_tm_t_logistic_Selecting_cov_var_changes_the_table_and_does_not_throw_validation_errors.">
      <skipped message="Reason: testing depth 3 is below current testing specification 5 ('test-shinytest2-tm_t_logistic.R:174:5')"/>
    </testcase>
    <testcase time="0.0119999999999987" classname="shinytest2_tm_t_logistic" name="e2e_tm_t_logistic_Deselection_of_cov_var_throws_validation_error.">
      <skipped message="Reason: testing depth 3 is below current testing specification 5 ('test-shinytest2-tm_t_logistic.R:190:3')"/>
    </testcase>
  </testsuite>
  <testsuite name="shinytest2-tm_t_mult_events" timestamp="2025-02-07T08:07:18Z" hostname="4c0cf582fd9a" tests="7" skipped="7" failures="0" errors="0" time="0.09">
    <testcase time="0.0150000000000006" classname="shinytest2_tm_t_mult_events" name="e2e_tm_t_mult_events_Module_initializes_in_teal_without_errors_and_produces_table_output.">
      <skipped message="Reason: testing depth 3 is below current testing specification 5 ('test-shinytest2-tm_t_mult_events.R:40:3')"/>
    </testcase>
    <testcase time="0.0120000000000005" classname="shinytest2_tm_t_mult_events" name="e2e_tm_t_mult_events_Starts_with_specified_label_arm_var_hlt_llt_add_total_drop_arm_levels.">
      <skipped message="Reason: testing depth 3 is below current testing specification 5 ('test-shinytest2-tm_t_mult_events.R:53:5')"/>
    </testcase>
    <testcase time="0.0120000000000005" classname="shinytest2_tm_t_mult_events" name="e2e_tm_t_mult_events_Selecting_arm_var_changes_the_table_and_does_not_throw_validation_errors.">
      <skipped message="Reason: testing depth 3 is below current testing specification 5 ('test-shinytest2-tm_t_mult_events.R:80:5')"/>
    </testcase>
    <testcase time="0.0109999999999992" classname="shinytest2_tm_t_mult_events" name="e2e_tm_t_mult_events_Deselection_of_arm_var_throws_validation_error.">
      <skipped message="Reason: testing depth 3 is below current testing specification 5 ('test-shinytest2-tm_t_mult_events.R:96:3')"/>
    </testcase>
    <testcase time="0.0180000000000007" classname="shinytest2_tm_t_mult_events" name="e2e_tm_t_mult_events_Selecting_hlt_changes_the_table_and_does_not_throw_validation_errors.">
      <skipped message="Reason: testing depth 3 is below current testing specification 5 ('test-shinytest2-tm_t_mult_events.R:111:5')"/>
    </testcase>
    <testcase time="0.0109999999999992" classname="shinytest2_tm_t_mult_events" name="e2e_tm_t_mult_events_Deselection_of_hlt_changes_the_table_and_does_not_throw_validation_errors.">
      <skipped message="Reason: testing depth 3 is below current testing specification 5 ('test-shinytest2-tm_t_mult_events.R:129:5')"/>
    </testcase>
    <testcase time="0.011000000000001" classname="shinytest2_tm_t_mult_events" name="e2e_tm_t_mult_events_Deselection_of_llt_throws_validation_error.">
      <skipped message="Reason: testing depth 3 is below current testing specification 5 ('test-shinytest2-tm_t_mult_events.R:145:3')"/>
    </testcase>
  </testsuite>
  <testsuite name="shinytest2-tm_t_pp_basic_info" timestamp="2025-02-07T08:07:18Z" hostname="4c0cf582fd9a" tests="6" skipped="6" failures="0" errors="0" time="0.074">
    <testcase time="0.0149999999999988" classname="shinytest2_tm_t_pp_basic_info" name="e2e_tm_t_pp_basic_info_Module_initializes_in_teal_without_errors_and_produces_table_output.">
      <skipped message="Reason: testing depth 3 is below current testing specification 5 ('test-shinytest2-tm_t_pp_basic_info.R:25:3')"/>
    </testcase>
    <testcase time="0.0120000000000005" classname="shinytest2_tm_t_pp_basic_info" name="e2e_tm_t_pp_basic_info_Starts_with_specified_label_patient_id_vars.">
      <skipped message="Reason: testing depth 3 is below current testing specification 5 ('test-shinytest2-tm_t_pp_basic_info.R:36:3')"/>
    </testcase>
    <testcase time="0.0120000000000005" classname="shinytest2_tm_t_pp_basic_info" name="e2e_tm_t_pp_basic_info_Selecting_patient_id_changes_the_table_and_does_not_throw_validation_errors.">
      <skipped message="Reason: testing depth 3 is below current testing specification 5 ('test-shinytest2-tm_t_pp_basic_info.R:56:5')"/>
    </testcase>
    <testcase time="0.0120000000000005" classname="shinytest2_tm_t_pp_basic_info" name="e2e_tm_t_pp_basic_info_Deselection_of_patient_id_throws_validation_error_and_table_is_not_visible.">
      <skipped message="Reason: testing depth 3 is below current testing specification 5 ('test-shinytest2-tm_t_pp_basic_info.R:74:5')"/>
    </testcase>
    <testcase time="0.0119999999999987" classname="shinytest2_tm_t_pp_basic_info" name="e2e_tm_t_pp_basic_info_Selecting_cov_var_changes_the_table_and_does_not_throw_validation_errors.">
      <skipped message="Reason: testing depth 3 is below current testing specification 5 ('test-shinytest2-tm_t_pp_basic_info.R:95:5')"/>
    </testcase>
    <testcase time="0.011000000000001" classname="shinytest2_tm_t_pp_basic_info" name="e2e_tm_t_pp_basic_info_Deselection_of_cov_var_throws_validation_error.">
      <skipped message="Reason: testing depth 3 is below current testing specification 5 ('test-shinytest2-tm_t_pp_basic_info.R:114:3')"/>
    </testcase>
  </testsuite>
  <testsuite name="shinytest2-tm_t_pp_laboratory" timestamp="2025-02-07T08:07:18Z" hostname="4c0cf582fd9a" tests="16" skipped="16" failures="0" errors="0" time="0.377">
    <testcase time="0.0150000000000006" classname="shinytest2_tm_t_pp_laboratory" name="e2e_tm_t_pp_laboratory_Module_initializes_in_teal_without_errors_and_produces_table_output.">
      <skipped message="Reason: testing depth 3 is below current testing specification 5 ('test-shinytest2-tm_t_pp_laboratory.R:47:3')"/>
    </testcase>
    <testcase time="0.0119999999999987" classname="shinytest2_tm_t_pp_laboratory" name="e2e_tm_t_pp_laboratory_Starts_with_specified_label_patient_id_paramcd_param_timepoints_aval_var_avalu_var_anrind_round_value.">
      <skipped message="Reason: testing depth 3 is below current testing specification 5 ('test-shinytest2-tm_t_pp_laboratory.R:61:5')"/>
    </testcase>
    <testcase time="0.0120000000000005" classname="shinytest2_tm_t_pp_laboratory" name="e2e_tm_t_pp_laboratory_Selecting_patient_id_changes_the_table_and_does_not_throw_validation_errors.">
      <skipped message="Reason: testing depth 3 is below current testing specification 5 ('test-shinytest2-tm_t_pp_laboratory.R:107:5')"/>
    </testcase>
    <testcase time="0.0120000000000005" classname="shinytest2_tm_t_pp_laboratory" name="e2e_tm_t_pp_laboratory_Deselection_of_patient_id_throws_validation_error.">
      <skipped message="Reason: testing depth 3 is below current testing specification 5 ('test-shinytest2-tm_t_pp_laboratory.R:123:3')"/>
    </testcase>
    <testcase time="0.0120000000000005" classname="shinytest2_tm_t_pp_laboratory" name="e2e_tm_t_pp_laboratory_Selecting_paramcd_changes_the_table_and_does_not_throw_validation_errors.">
      <skipped message="Reason: testing depth 3 is below current testing specification 5 ('test-shinytest2-tm_t_pp_laboratory.R:144:5')"/>
    </testcase>
    <testcase time="0.0119999999999987" classname="shinytest2_tm_t_pp_laboratory" name="e2e_tm_t_pp_laboratory_Deselection_of_paramcd_throws_validation_error.">
      <skipped message="Reason: testing depth 3 is below current testing specification 5 ('test-shinytest2-tm_t_pp_laboratory.R:160:3')"/>
    </testcase>
    <testcase time="0.0120000000000005" classname="shinytest2_tm_t_pp_laboratory" name="e2e_tm_t_pp_laboratory_Selecting_param_changes_the_table_and_does_not_throw_validation_errors.">
      <skipped message="Reason: testing depth 3 is below current testing specification 5 ('test-shinytest2-tm_t_pp_laboratory.R:181:5')"/>
    </testcase>
    <testcase time="0.0120000000000005" classname="shinytest2_tm_t_pp_laboratory" name="e2e_tm_t_pp_laboratory_Deselection_of_param_throws_validation_error.">
      <skipped message="Reason: testing depth 3 is below current testing specification 5 ('test-shinytest2-tm_t_pp_laboratory.R:199:5')"/>
    </testcase>
    <testcase time="0.0109999999999992" classname="shinytest2_tm_t_pp_laboratory" name="e2e_tm_t_pp_laboratory_Selecting_timepoints_changes_the_table_and_does_not_throw_validation_errors.">
      <skipped message="Reason: testing depth 3 is below current testing specification 5 ('test-shinytest2-tm_t_pp_laboratory.R:221:5')"/>
    </testcase>
    <testcase time="0.0120000000000005" classname="shinytest2_tm_t_pp_laboratory" name="e2e_tm_t_pp_laboratory_Deselection_of_timepoints_throws_validation_error.">
      <skipped message="Reason: testing depth 3 is below current testing specification 5 ('test-shinytest2-tm_t_pp_laboratory.R:237:3')"/>
    </testcase>
    <testcase time="0.0120000000000005" classname="shinytest2_tm_t_pp_laboratory" name="e2e_tm_t_pp_laboratory_Selecting_avalu_changes_the_table_and_does_not_throw_validation_errors.">
      <skipped message="Reason: testing depth 3 is below current testing specification 5 ('test-shinytest2-tm_t_pp_laboratory.R:260:5')"/>
    </testcase>
    <testcase time="0.0119999999999987" classname="shinytest2_tm_t_pp_laboratory" name="e2e_tm_t_pp_laboratory_Deselection_of_avalu_throws_validation_error.">
      <skipped message="Reason: testing depth 3 is below current testing specification 5 ('test-shinytest2-tm_t_pp_laboratory.R:276:3')"/>
    </testcase>
    <testcase time="0.196000000000002" classname="shinytest2_tm_t_pp_laboratory" name="e2e_tm_t_pp_laboratory_Selecting_aval_var_changes_the_table_and_does_not_throw_validation_errors.">
      <skipped message="Reason: testing depth 3 is below current testing specification 5 ('test-shinytest2-tm_t_pp_laboratory.R:299:5')"/>
    </testcase>
    <testcase time="0.0109999999999992" classname="shinytest2_tm_t_pp_laboratory" name="e2e_tm_t_pp_laboratory_Deselection_of_aval_var_throws_validation_error.">
      <skipped message="Reason: testing depth 3 is below current testing specification 5 ('test-shinytest2-tm_t_pp_laboratory.R:315:3')"/>
    </testcase>
    <testcase time="0.0120000000000005" classname="shinytest2_tm_t_pp_laboratory" name="e2e_tm_t_pp_laboratory_Selecting_arind_changes_the_table_and_does_not_throw_validation_errors.">
      <skipped message="Reason: testing depth 3 is below current testing specification 5 ('test-shinytest2-tm_t_pp_laboratory.R:336:5')"/>
    </testcase>
    <testcase time="0.0120000000000005" classname="shinytest2_tm_t_pp_laboratory" name="e2e_tm_t_pp_laboratory_Deselection_of_arind_throws_validation_error.">
      <skipped message="Reason: testing depth 3 is below current testing specification 5 ('test-shinytest2-tm_t_pp_laboratory.R:352:3')"/>
    </testcase>
  </testsuite>
  <testsuite name="shinytest2-tm_t_pp_medical_history" timestamp="2025-02-07T08:07:19Z" hostname="4c0cf582fd9a" tests="10" skipped="10" failures="0" errors="0" time="0.118">
    <testcase time="0.0139999999999993" classname="shinytest2_tm_t_pp_medical_history" name="e2e_tm_t_pp_medical_history_Module_initializes_in_teal_without_errors_and_produces_table_output.">
      <skipped message="Reason: testing depth 3 is below current testing specification 5 ('test-shinytest2-tm_t_pp_medical_history.R:37:5')"/>
    </testcase>
    <testcase time="0.0120000000000005" classname="shinytest2_tm_t_pp_medical_history" name="e2e_tm_t_pp_medical_history_Starts_with_specified_label_patient_id_mhterm_mhbodsys_mhdistat.">
      <skipped message="Reason: testing depth 3 is below current testing specification 5 ('test-shinytest2-tm_t_pp_medical_history.R:51:5')"/>
    </testcase>
    <testcase time="0.0109999999999992" classname="shinytest2_tm_t_pp_medical_history" name="e2e_tm_t_pp_medical_history_Selecting_patient_id_changes_the_table_and_does_not_throw_validation_errors.">
      <skipped message="Reason: testing depth 3 is below current testing specification 5 ('test-shinytest2-tm_t_pp_medical_history.R:81:5')"/>
    </testcase>
    <testcase time="0.0120000000000005" classname="shinytest2_tm_t_pp_medical_history" name="e2e_tm_t_pp_medical_history_Deselection_of_patient_id_throws_validation_error.">
      <skipped message="Reason: testing depth 3 is below current testing specification 5 ('test-shinytest2-tm_t_pp_medical_history.R:97:3')"/>
    </testcase>
    <testcase time="0.0109999999999992" classname="shinytest2_tm_t_pp_medical_history" name="e2e_tm_t_pp_medical_history_Selecting_mhterm_changes_the_table_and_does_not_throw_validation_errors.">
      <skipped message="Reason: testing depth 3 is below current testing specification 5 ('test-shinytest2-tm_t_pp_medical_history.R:112:5')"/>
    </testcase>
    <testcase time="0.0120000000000005" classname="shinytest2_tm_t_pp_medical_history" name="e2e_tm_t_pp_medical_history_Deselection_of_mhterm_throws_validation_error.">
      <skipped message="Reason: testing depth 3 is below current testing specification 5 ('test-shinytest2-tm_t_pp_medical_history.R:128:3')"/>
    </testcase>
    <testcase time="0.0109999999999992" classname="shinytest2_tm_t_pp_medical_history" name="e2e_tm_t_pp_medical_history_Selecting_mhbodsys_changes_the_table_and_does_not_throw_validation_errors.">
      <skipped message="Reason: testing depth 3 is below current testing specification 5 ('test-shinytest2-tm_t_pp_medical_history.R:143:5')"/>
    </testcase>
    <testcase time="0.0120000000000005" classname="shinytest2_tm_t_pp_medical_history" name="e2e_tm_t_pp_medical_history_Deselection_of_mhbodsys_throws_validation_error.">
      <skipped message="Reason: testing depth 3 is below current testing specification 5 ('test-shinytest2-tm_t_pp_medical_history.R:159:3')"/>
    </testcase>
    <testcase time="0.011000000000001" classname="shinytest2_tm_t_pp_medical_history" name="e2e_tm_t_pp_medical_history_Selecting_mhbodsys_changes_the_table_and_does_not_throw_validation_errors.">
      <skipped message="Reason: testing depth 3 is below current testing specification 5 ('test-shinytest2-tm_t_pp_medical_history.R:174:5')"/>
    </testcase>
    <testcase time="0.0119999999999987" classname="shinytest2_tm_t_pp_medical_history" name="e2e_tm_t_pp_medical_history_Deselection_of_mhdistat_throws_validation_error.">
      <skipped message="Reason: testing depth 3 is below current testing specification 5 ('test-shinytest2-tm_t_pp_medical_history.R:190:3')"/>
    </testcase>
  </testsuite>
  <testsuite name="shinytest2-tm_t_pp_prior_medication" timestamp="2025-02-07T08:07:19Z" hostname="4c0cf582fd9a" tests="12" skipped="12" failures="0" errors="0" time="0.155">
    <testcase time="0.0150000000000006" classname="shinytest2_tm_t_pp_prior_medication" name="e2e_tm_t_pp_prior_medication_Module_initializes_in_teal_without_errors_and_produces_table_output.">
      <skipped message="Reason: testing depth 3 is below current testing specification 5 ('test-shinytest2-tm_t_pp_prior_medication.R:47:5')"/>
    </testcase>
    <testcase time="0.0109999999999992" classname="shinytest2_tm_t_pp_prior_medication" name="e2e_tm_t_pp_prior_medication_Starts_with_specified_label_patient_id_cmdecod_atirel_cmindc_cmstdy.">
      <skipped message="Reason: testing depth 3 is below current testing specification 5 ('test-shinytest2-tm_t_pp_prior_medication.R:61:5')"/>
    </testcase>
    <testcase time="0.0190000000000001" classname="shinytest2_tm_t_pp_prior_medication" name="e2e_tm_t_pp_prior_medication_Selecting_patient_id_changes_the_table_and_does_not_throw_validation_errors.">
      <skipped message="Reason: testing depth 3 is below current testing specification 5 ('test-shinytest2-tm_t_pp_prior_medication.R:94:5')"/>
    </testcase>
    <testcase time="0.0120000000000005" classname="shinytest2_tm_t_pp_prior_medication" name="e2e_tm_t_pp_prior_medication_Deselection_of_patient_id_throws_validation_error.">
      <skipped message="Reason: testing depth 3 is below current testing specification 5 ('test-shinytest2-tm_t_pp_prior_medication.R:110:3')"/>
    </testcase>
    <testcase time="0.0120000000000005" classname="shinytest2_tm_t_pp_prior_medication" name="e2e_tm_t_pp_prior_medication_Selecting_cmdecod_changes_the_table_and_does_not_throw_validation_errors.">
      <skipped message="Reason: testing depth 3 is below current testing specification 5 ('test-shinytest2-tm_t_pp_prior_medication.R:124:5')"/>
    </testcase>
    <testcase time="0.0120000000000005" classname="shinytest2_tm_t_pp_prior_medication" name="e2e_tm_t_pp_prior_medication_Deselection_of_cmdecod_throws_validation_error.">
      <skipped message="Reason: testing depth 3 is below current testing specification 5 ('test-shinytest2-tm_t_pp_prior_medication.R:140:3')"/>
    </testcase>
    <testcase time="0.0119999999999987" classname="shinytest2_tm_t_pp_prior_medication" name="e2e_tm_t_pp_prior_medication_Selecting_atirel_changes_the_table_and_does_not_throw_validation_errors.">
      <skipped message="Reason: testing depth 3 is below current testing specification 5 ('test-shinytest2-tm_t_pp_prior_medication.R:154:5')"/>
    </testcase>
    <testcase time="0.016" classname="shinytest2_tm_t_pp_prior_medication" name="e2e_tm_t_pp_prior_medication_Deselection_of_atirel_throws_validation_error.">
      <skipped message="Reason: testing depth 3 is below current testing specification 5 ('test-shinytest2-tm_t_pp_prior_medication.R:170:3')"/>
    </testcase>
    <testcase time="0.011000000000001" classname="shinytest2_tm_t_pp_prior_medication" name="e2e_tm_t_pp_prior_medication_Selecting_cmindc_changes_the_table_and_does_not_throw_validation_errors.">
      <skipped message="Reason: testing depth 3 is below current testing specification 5 ('test-shinytest2-tm_t_pp_prior_medication.R:184:5')"/>
    </testcase>
    <testcase time="0.0120000000000005" classname="shinytest2_tm_t_pp_prior_medication" name="e2e_tm_t_pp_prior_medication_Deselection_of_cmindc_throws_validation_error.">
      <skipped message="Reason: testing depth 3 is below current testing specification 5 ('test-shinytest2-tm_t_pp_prior_medication.R:200:3')"/>
    </testcase>
    <testcase time="0.0119999999999987" classname="shinytest2_tm_t_pp_prior_medication" name="e2e_tm_t_pp_prior_medication_Selecting_cmstdy_changes_the_table_and_does_not_throw_validation_errors.">
      <skipped message="Reason: testing depth 3 is below current testing specification 5 ('test-shinytest2-tm_t_pp_prior_medication.R:214:5')"/>
    </testcase>
    <testcase time="0.011000000000001" classname="shinytest2_tm_t_pp_prior_medication" name="e2e_tm_t_pp_prior_medication_Deselection_of_cmstdy_throws_validation_error.">
      <skipped message="Reason: testing depth 3 is below current testing specification 5 ('test-shinytest2-tm_t_pp_prior_medication.R:230:3')"/>
    </testcase>
  </testsuite>
  <testsuite name="shinytest2-tm_t_shift_by_arm" timestamp="2025-02-07T08:07:19Z" hostname="4c0cf582fd9a" tests="8" skipped="8" failures="0" errors="0" time="0.099">
    <testcase time="0.0149999999999988" classname="shinytest2_tm_t_shift_by_arm" name="e2e_tm_t_shift_by_arm_Module_initializes_in_teal_without_errors_and_produces_table_output.">
      <skipped message="Reason: testing depth 3 is below current testing specification 5 ('test-shinytest2-tm_t_shift_by_arm.R:52:3')"/>
    </testcase>
    <testcase time="0.011000000000001" classname="shinytest2_tm_t_shift_by_arm" name="e2e_tm_t_shift_by_arm_Starts_with_specified_label_arm_varparamcd_visit_var_useNA_treatment_flag_var_add_total.">
      <skipped message="Reason: testing depth 3 is below current testing specification 5 ('test-shinytest2-tm_t_shift_by_arm.R:66:5')"/>
    </testcase>
    <testcase time="0.0120000000000005" classname="shinytest2_tm_t_shift_by_arm" name="e2e_tm_t_shift_by_arm_Selecting_arm_var_changes_the_table_and_does_not_throw_validation_errors.">
      <skipped message="Reason: testing depth 3 is below current testing specification 5 ('test-shinytest2-tm_t_shift_by_arm.R:100:5')"/>
    </testcase>
    <testcase time="0.0119999999999987" classname="shinytest2_tm_t_shift_by_arm" name="e2e_tm_t_shift_by_arm_Deselection_of_arm_var_throws_validation_error.">
      <skipped message="Reason: testing depth 3 is below current testing specification 5 ('test-shinytest2-tm_t_shift_by_arm.R:116:3')"/>
    </testcase>
    <testcase time="0.0140000000000011" classname="shinytest2_tm_t_shift_by_arm" name="e2e_tm_t_shift_by_arm_Selecting_paramcd_changes_the_table_and_does_not_throw_validation_errors.">
      <skipped message="Reason: testing depth 3 is below current testing specification 5 ('test-shinytest2-tm_t_shift_by_arm.R:131:5')"/>
    </testcase>
    <testcase time="0.0109999999999992" classname="shinytest2_tm_t_shift_by_arm" name="e2e_tm_t_shift_by_arm_Deselection_of_paramcd_throws_validation_error.">
      <skipped message="Reason: testing depth 3 is below current testing specification 5 ('test-shinytest2-tm_t_shift_by_arm.R:147:3')"/>
    </testcase>
    <testcase time="0.0120000000000005" classname="shinytest2_tm_t_shift_by_arm" name="e2e_tm_t_shift_by_arm_Selecting_visit_var_changes_the_table_and_does_not_throw_validation_errors.">
      <skipped message="Reason: testing depth 3 is below current testing specification 5 ('test-shinytest2-tm_t_shift_by_arm.R:164:5')"/>
    </testcase>
    <testcase time="0.0120000000000005" classname="shinytest2_tm_t_shift_by_arm" name="e2e_tm_t_shift_by_arm_Deselection_of_visit_var_throws_validation_error.">
      <skipped message="Reason: testing depth 3 is below current testing specification 5 ('test-shinytest2-tm_t_shift_by_arm.R:180:3')"/>
    </testcase>
  </testsuite>
  <testsuite name="shinytest2-tm_t_shift_by_arm_by_worst" timestamp="2025-02-07T08:07:19Z" hostname="4c0cf582fd9a" tests="12" skipped="12" failures="0" errors="0" time="0.148">
    <testcase time="0.0139999999999993" classname="shinytest2_tm_t_shift_by_arm_by_worst" name="e2e_tm_t_shift_by_arm_by_worst_Module_initializes_in_teal_without_errors_and_produces_table_output.">
      <skipped message="Reason: testing depth 3 is below current testing specification 5 ('test-shinytest2-tm_t_shift_by_arm_by_worst.R:54:5')"/>
    </testcase>
    <testcase time="0.0120000000000005" classname="shinytest2_tm_t_shift_by_arm_by_worst" name="e2e_tm_t_shift_by_arm_by_worst_Starts_with_specified_label_arm_var_paramcd_worst_flag_var_aval_var_baseline_var_useNA_treatment_flag_var_add_total.">
      <skipped message="Reason: testing depth 3 is below current testing specification 5 ('test-shinytest2-tm_t_shift_by_arm_by_worst.R:69:5')"/>
    </testcase>
    <testcase time="0.0119999999999987" classname="shinytest2_tm_t_shift_by_arm_by_worst" name="e2e_tm_t_shift_by_arm_by_worst_Selecting_arm_var_changes_the_table_and_does_not_throw_validation_errors.">
      <skipped message="Reason: testing depth 3 is below current testing specification 5 ('test-shinytest2-tm_t_shift_by_arm_by_worst.R:113:5')"/>
    </testcase>
    <testcase time="0.0120000000000005" classname="shinytest2_tm_t_shift_by_arm_by_worst" name="e2e_tm_t_shift_by_arm_by_worst_Deselection_of_arm_var_throws_validation_error.">
      <skipped message="Reason: testing depth 3 is below current testing specification 5 ('test-shinytest2-tm_t_shift_by_arm_by_worst.R:129:3')"/>
    </testcase>
    <testcase time="0.011000000000001" classname="shinytest2_tm_t_shift_by_arm_by_worst" name="e2e_tm_t_shift_by_arm_by_worst_Selecting_paramcd_changes_the_table_and_does_not_throw_validation_errors.">
      <skipped message="Reason: testing depth 3 is below current testing specification 5 ('test-shinytest2-tm_t_shift_by_arm_by_worst.R:144:5')"/>
    </testcase>
    <testcase time="0.0119999999999987" classname="shinytest2_tm_t_shift_by_arm_by_worst" name="e2e_tm_t_shift_by_arm_by_worst_Deselection_of_paramcd_throws_validation_error.">
      <skipped message="Reason: testing depth 3 is below current testing specification 5 ('test-shinytest2-tm_t_shift_by_arm_by_worst.R:160:3')"/>
    </testcase>
    <testcase time="0.0120000000000005" classname="shinytest2_tm_t_shift_by_arm_by_worst" name="e2e_tm_t_shift_by_arm_by_worst_Selecting_worst_flag_changes_the_table_and_does_not_throw_validation_errors.">
      <skipped message="Reason: testing depth 3 is below current testing specification 5 ('test-shinytest2-tm_t_shift_by_arm_by_worst.R:178:5')"/>
    </testcase>
    <testcase time="0.0120000000000005" classname="shinytest2_tm_t_shift_by_arm_by_worst" name="e2e_tm_t_shift_by_arm_by_worst_Deselection_of_worst_flag_throws_validation_error.">
      <skipped message="Reason: testing depth 3 is below current testing specification 5 ('test-shinytest2-tm_t_shift_by_arm_by_worst.R:194:3')"/>
    </testcase>
    <testcase time="0.016" classname="shinytest2_tm_t_shift_by_arm_by_worst" name="e2e_tm_t_shift_by_arm_by_worst_Selecting_aval_var_changes_the_table_and_does_not_throw_validation_errors.">
      <skipped message="Reason: testing depth 3 is below current testing specification 5 ('test-shinytest2-tm_t_shift_by_arm_by_worst.R:212:5')"/>
    </testcase>
    <testcase time="0.0120000000000005" classname="shinytest2_tm_t_shift_by_arm_by_worst" name="e2e_tm_t_shift_by_arm_by_worst_Deselection_of_aval_var_throws_validation_error.">
      <skipped message="Reason: testing depth 3 is below current testing specification 5 ('test-shinytest2-tm_t_shift_by_arm_by_worst.R:228:3')"/>
    </testcase>
    <testcase time="0.0119999999999987" classname="shinytest2_tm_t_shift_by_arm_by_worst" name="e2e_tm_t_shift_by_arm_by_worst_Selecting_baseline_var_changes_the_table_and_does_not_throw_validation_errors.">
      <skipped message="Reason: testing depth 3 is below current testing specification 5 ('test-shinytest2-tm_t_shift_by_arm_by_worst.R:244:5')"/>
    </testcase>
    <testcase time="0.011000000000001" classname="shinytest2_tm_t_shift_by_arm_by_worst" name="e2e_tm_t_shift_by_arm_by_worst_Deselection_of_baseline_var_throws_validation_error.">
      <skipped message="Reason: testing depth 3 is below current testing specification 5 ('test-shinytest2-tm_t_shift_by_arm_by_worst.R:260:3')"/>
    </testcase>
  </testsuite>
  <testsuite name="shinytest2-tm_t_shift_by_grade" timestamp="2025-02-07T08:07:19Z" hostname="4c0cf582fd9a" tests="8" skipped="8" failures="0" errors="0" time="0.097">
    <testcase time="0.0149999999999988" classname="shinytest2_tm_t_shift_by_grade" name="e2e_tm_t_shift_by_grade_Module_initializes_in_teal_without_errors_and_produces_table_output.">
      <skipped message="Reason: testing depth 3 is below current testing specification 5 ('test-shinytest2-tm_t_shift_by_grade.R:68:5')"/>
    </testcase>
    <testcase time="0.0120000000000005" classname="shinytest2_tm_t_shift_by_grade" name="e2e_tm_t_shift_by_grade_Starts_with_specified_label_arm_var_paramcd_worst_flag_var_anl_toxgrade_var_base_toxgrade_var_worst_flag_indicator_add_total_drop_arm_levels_code_missing_baseline.">
      <skipped message="Reason: testing depth 3 is below current testing specification 5 ('test-shinytest2-tm_t_shift_by_grade.R:83:5')"/>
    </testcase>
    <testcase time="0.0120000000000005" classname="shinytest2_tm_t_shift_by_grade" name="e2e_tm_t_shift_by_grade_Selecting_arm_var_changes_the_table_and_does_not_throw_validation_errors.">
      <skipped message="Reason: testing depth 3 is below current testing specification 5 ('test-shinytest2-tm_t_shift_by_grade.R:123:5')"/>
    </testcase>
    <testcase time="0.0109999999999992" classname="shinytest2_tm_t_shift_by_grade" name="e2e_tm_t_shift_by_grade_Deselection_of_arm_var_throws_validation_error.">
      <skipped message="Reason: testing depth 3 is below current testing specification 5 ('test-shinytest2-tm_t_shift_by_grade.R:139:3')"/>
    </testcase>
    <testcase time="0.0120000000000005" classname="shinytest2_tm_t_shift_by_grade" name="e2e_tm_t_shift_by_grade_Selecting_paramcd_changes_the_table_and_does_not_throw_validation_errors.">
      <skipped message="Reason: testing depth 3 is below current testing specification 5 ('test-shinytest2-tm_t_shift_by_grade.R:154:5')"/>
    </testcase>
    <testcase time="0.0120000000000005" classname="shinytest2_tm_t_shift_by_grade" name="e2e_tm_t_shift_by_grade_Deselection_of_paramcd_throws_validation_error.">
      <skipped message="Reason: testing depth 3 is below current testing specification 5 ('test-shinytest2-tm_t_shift_by_grade.R:170:3')"/>
    </testcase>
    <testcase time="0.0109999999999992" classname="shinytest2_tm_t_shift_by_grade" name="e2e_tm_t_shift_by_grade_Selecting_worst_flag_changes_the_table_and_does_not_throw_validation_errors.">
      <skipped message="Reason: testing depth 3 is below current testing specification 5 ('test-shinytest2-tm_t_shift_by_grade.R:187:5')"/>
    </testcase>
    <testcase time="0.0120000000000005" classname="shinytest2_tm_t_shift_by_grade" name="e2e_tm_t_shift_by_grade_Deselection_of_worst_flag_throws_validation_error.">
      <skipped message="Reason: testing depth 3 is below current testing specification 5 ('test-shinytest2-tm_t_shift_by_grade.R:203:3')"/>
    </testcase>
  </testsuite>
  <testsuite name="shinytest2-tm_t_smq" timestamp="2025-02-07T08:07:19Z" hostname="4c0cf582fd9a" tests="8" skipped="8" failures="0" errors="0" time="0.096">
    <testcase time="0.0139999999999993" classname="shinytest2_tm_t_smq" name="e2e_tm_t_smq_Module_initializes_in_teal_without_errors_and_produces_table_output.">
      <skipped message="Reason: testing depth 3 is below current testing specification 5 ('test-shinytest2-tm_t_smq.R:57:3')"/>
    </testcase>
    <testcase time="0.0120000000000005" classname="shinytest2_tm_t_smq" name="e2e_tm_t_smq_Starts_with_specified_label_arm_var_llt_baskets_sort_criteria_add_total_drop_arm_levels.">
      <skipped message="Reason: testing depth 3 is below current testing specification 5 ('test-shinytest2-tm_t_smq.R:70:5')"/>
    </testcase>
    <testcase time="0.0120000000000005" classname="shinytest2_tm_t_smq" name="e2e_tm_t_smq_Selecting_arm_var_changes_the_table_and_does_not_throw_validation_errors.">
      <skipped message="Reason: testing depth 3 is below current testing specification 5 ('test-shinytest2-tm_t_smq.R:101:5')"/>
    </testcase>
    <testcase time="0.0109999999999992" classname="shinytest2_tm_t_smq" name="e2e_tm_t_smq_Deselection_of_arm_var_throws_validation_error.">
      <skipped message="Reason: testing depth 3 is below current testing specification 5 ('test-shinytest2-tm_t_smq.R:117:3')"/>
    </testcase>
    <testcase time="0.0120000000000005" classname="shinytest2_tm_t_smq" name="e2e_tm_t_smq_Selecting_paramcd_changes_the_table_and_does_not_throw_validation_errors.">
      <skipped message="Reason: testing depth 3 is below current testing specification 5 ('test-shinytest2-tm_t_smq.R:130:3')"/>
    </testcase>
    <testcase time="0.0109999999999992" classname="shinytest2_tm_t_smq" name="e2e_tm_t_smq_Deselection_of_paramcd_throws_validation_error.">
      <skipped message="Reason: testing depth 3 is below current testing specification 5 ('test-shinytest2-tm_t_smq.R:145:3')"/>
    </testcase>
    <testcase time="0.0120000000000005" classname="shinytest2_tm_t_smq" name="e2e_tm_t_smq_Selecting_worst_flag_changes_the_table_and_does_not_throw_validation_errors.">
      <skipped message="Reason: testing depth 3 is below current testing specification 5 ('test-shinytest2-tm_t_smq.R:160:5')"/>
    </testcase>
    <testcase time="0.0120000000000005" classname="shinytest2_tm_t_smq" name="e2e_tm_t_smq_Deselection_of_worst_flag_throws_validation_error.">
      <skipped message="Reason: testing depth 3 is below current testing specification 5 ('test-shinytest2-tm_t_smq.R:176:3')"/>
    </testcase>
  </testsuite>
  <testsuite name="shinytest2-tm_t_summary" timestamp="2025-02-07T08:07:19Z" hostname="4c0cf582fd9a" tests="6" skipped="6" failures="0" errors="0" time="0.077">
    <testcase time="0.0139999999999993" classname="shinytest2_tm_t_summary" name="e2e_tm_t_summary_Module_initializes_in_teal_without_errors_and_produces_table_output.">
      <skipped message="Reason: testing depth 3 is below current testing specification 5 ('test-shinytest2-tm_t_summary.R:37:3')"/>
    </testcase>
    <testcase time="0.0170000000000012" classname="shinytest2_tm_t_summary" name="e2e_tm_t_summary_Starts_with_specified_label_arm_var_summarize_vars_useNA_denominator.">
      <skipped message="Reason: testing depth 3 is below current testing specification 5 ('test-shinytest2-tm_t_summary.R:48:3')"/>
    </testcase>
    <testcase time="0.0109999999999992" classname="shinytest2_tm_t_summary" name="e2e_tm_t_summary_Selecting_arm_var_changes_the_table_and_does_not_throw_validation_errors.">
      <skipped message="Reason: testing depth 3 is below current testing specification 5 ('test-shinytest2-tm_t_summary.R:76:5')"/>
    </testcase>
    <testcase time="0.0120000000000005" classname="shinytest2_tm_t_summary" name="e2e_tm_t_summary_Deselection_of_arm_var_throws_validation_error.">
      <skipped message="Reason: testing depth 3 is below current testing specification 5 ('test-shinytest2-tm_t_summary.R:92:3')"/>
    </testcase>
    <testcase time="0.0120000000000005" classname="shinytest2_tm_t_summary" name="e2e_tm_t_summary_Selecting_summarize_vars_changes_the_table_and_does_not_throw_validation_errors.">
      <skipped message="Reason: testing depth 3 is below current testing specification 5 ('test-shinytest2-tm_t_summary.R:107:5')"/>
    </testcase>
    <testcase time="0.0109999999999992" classname="shinytest2_tm_t_summary" name="e2e_tm_t_summary_Deselection_of_summarize_vars_throws_validation_error.">
      <skipped message="Reason: testing depth 3 is below current testing specification 5 ('test-shinytest2-tm_t_summary.R:123:3')"/>
    </testcase>
  </testsuite>
  <testsuite name="shinytest2-tm_t_summary_by" timestamp="2025-02-07T08:07:20Z" hostname="4c0cf582fd9a" tests="10" skipped="10" failures="0" errors="0" time="0.119">
    <testcase time="0.0150000000000006" classname="shinytest2_tm_t_summary_by" name="e2e_tm_t_summary_by_Module_initializes_in_teal_without_errors_and_produces_table_output.">
      <skipped message="Reason: testing depth 3 is below current testing specification 5 ('test-shinytest2-tm_t_summary_by.R:55:3')"/>
    </testcase>
    <testcase time="0.0109999999999992" classname="shinytest2_tm_t_summary_by" name="e2e_tm_t_summary_by_Starts_with_specified_label_arm_var_paramcd_by_vars_summarize_vars_useNA_numeric_stats_add_total_parallel_vars_row_groups_drop_zero_levels.">
      <skipped message="Reason: testing depth 3 is below current testing specification 5 ('test-shinytest2-tm_t_summary_by.R:69:5')"/>
    </testcase>
    <testcase time="0.0120000000000005" classname="shinytest2_tm_t_summary_by" name="e2e_tm_t_summary_by_Selecting_arm_var_changes_the_table_and_does_not_throw_validation_errors.">
      <skipped message="Reason: testing depth 3 is below current testing specification 5 ('test-shinytest2-tm_t_summary_by.R:110:5')"/>
    </testcase>
    <testcase time="0.0120000000000005" classname="shinytest2_tm_t_summary_by" name="e2e_tm_t_summary_by_Deselection_of_arm_var_throws_validation_error.">
      <skipped message="Reason: testing depth 3 is below current testing specification 5 ('test-shinytest2-tm_t_summary_by.R:126:3')"/>
    </testcase>
    <testcase time="0.0109999999999992" classname="shinytest2_tm_t_summary_by" name="e2e_tm_t_summary_by_Selecting_arm_var_changes_the_table_and_does_not_throw_validation_errors.">
      <skipped message="Reason: testing depth 3 is below current testing specification 5 ('test-shinytest2-tm_t_summary_by.R:141:5')"/>
    </testcase>
    <testcase time="0.0120000000000005" classname="shinytest2_tm_t_summary_by" name="e2e_tm_t_summary_by_Deselection_of_arm_var_throws_validation_error.">
      <skipped message="Reason: testing depth 3 is below current testing specification 5 ('test-shinytest2-tm_t_summary_by.R:157:3')"/>
    </testcase>
    <testcase time="0.0109999999999992" classname="shinytest2_tm_t_summary_by" name="e2e_tm_t_summary_by_Selecting_arm_var_changes_the_table_and_does_not_throw_validation_errors.">
      <skipped message="Reason: testing depth 3 is below current testing specification 5 ('test-shinytest2-tm_t_summary_by.R:174:5')"/>
    </testcase>
    <testcase time="0.0120000000000005" classname="shinytest2_tm_t_summary_by" name="e2e_tm_t_summary_by_Deselection_of_arm_var_changes_the_table_and_does_not_throw_validation_errors.">
      <skipped message="Reason: testing depth 3 is below current testing specification 5 ('test-shinytest2-tm_t_summary_by.R:192:5')"/>
    </testcase>
    <testcase time="0.0109999999999992" classname="shinytest2_tm_t_summary_by" name="e2e_tm_t_summary_by_Selecting_summarize_vars_changes_the_table_and_does_not_throw_validation_errors.">
      <skipped message="Reason: testing depth 3 is below current testing specification 5 ('test-shinytest2-tm_t_summary_by.R:210:5')"/>
    </testcase>
    <testcase time="0.0120000000000005" classname="shinytest2_tm_t_summary_by" name="e2e_tm_t_summary_by_Deselection_of_summarize_vars_throws_validation_error.">
      <skipped message="Reason: testing depth 3 is below current testing specification 5 ('test-shinytest2-tm_t_summary_by.R:226:3')"/>
    </testcase>
  </testsuite>
  <testsuite name="shinytest2-tm_t_tte" timestamp="2025-02-07T08:07:20Z" hostname="4c0cf582fd9a" tests="8" skipped="8" failures="0" errors="0" time="0.107">
    <testcase time="0.0150000000000006" classname="shinytest2_tm_t_tte" name="e2e_tm_t_tte_Module_initializes_in_teal_without_errors_and_produces_table_output.">
      <skipped message="Reason: testing depth 3 is below current testing specification 5 ('test-shinytest2-tm_t_tte.R:76:3')"/>
    </testcase>
    <testcase time="0.0109999999999992" classname="shinytest2_tm_t_tte" name="e2e_tm_t_tte_Starts_with_specified_label_paramcd_event_desc_var_arm_var_buckets_strata_var_time_points_pval_method_coxph_ties_coxph_conf_level_coxph_conf_level_survfit_conf_type_survfit_probs_survfit_compare_arms_combine_comp_arms.">
      <skipped message="Reason: testing depth 3 is below current testing specification 5 ('test-shinytest2-tm_t_tte.R:91:5')"/>
    </testcase>
    <testcase time="0.0150000000000006" classname="shinytest2_tm_t_tte" name="e2e_tm_t_tte_Selecting_paramcd_changes_the_table_and_does_not_throw_validation_errors.">
      <skipped message="Reason: testing depth 3 is below current testing specification 5 ('test-shinytest2-tm_t_tte.R:157:5')"/>
    </testcase>
    <testcase time="0.0139999999999993" classname="shinytest2_tm_t_tte" name="e2e_tm_t_tte_Deselection_of_paramcd_throws_validation_error.">
      <skipped message="Reason: testing depth 3 is below current testing specification 5 ('test-shinytest2-tm_t_tte.R:173:3')"/>
    </testcase>
    <testcase time="0.0120000000000005" classname="shinytest2_tm_t_tte" name="e2e_tm_t_tte_Selecting_arm_var_changes_the_table_and_does_not_throw_validation_errors.">
      <skipped message="Reason: testing depth 3 is below current testing specification 5 ('test-shinytest2-tm_t_tte.R:190:5')"/>
    </testcase>
    <testcase time="0.0120000000000005" classname="shinytest2_tm_t_tte" name="e2e_tm_t_tte_Deselection_of_arm_var_throws_validation_error.">
      <skipped message="Reason: testing depth 3 is below current testing specification 5 ('test-shinytest2-tm_t_tte.R:206:3')"/>
    </testcase>
    <testcase time="0.016" classname="shinytest2_tm_t_tte" name="e2e_tm_t_tte_Selecting_strata_var_changes_the_table_and_does_not_throw_validation_errors.">
      <skipped message="Reason: testing depth 3 is below current testing specification 5 ('test-shinytest2-tm_t_tte.R:223:5')"/>
    </testcase>
    <testcase time="0.0120000000000005" classname="shinytest2_tm_t_tte" name="e2e_tm_t_tte_Deselection_of_strata_var_changes_the_table_and_throw_validation_errors.">
      <skipped message="Reason: testing depth 3 is below current testing specification 5 ('test-shinytest2-tm_t_tte.R:241:5')"/>
    </testcase>
  </testsuite>
  <testsuite name="string_ops" timestamp="2025-02-07T08:07:20Z" hostname="4c0cf582fd9a" tests="1" skipped="0" failures="0" errors="0" time="0.016">
    <testcase time="0.0159999999999982" classname="string_ops" name="_as_num_as_a_wide_interpretation_of_input_to_extract_numerics."/>
  </testsuite>
  <testsuite name="substitute_names" timestamp="2025-02-07T08:07:20Z" hostname="4c0cf582fd9a" tests="9" skipped="0" failures="0" errors="0" time="0.056">
    <testcase time="0.0080000000000009" classname="substitute_names" name="substitute_q_works_as_expected"/>
    <testcase time="0.00999999999999979" classname="substitute_names" name="substitute_q_fails_on_unquoted_call"/>
    <testcase time="0.00500000000000078" classname="substitute_names" name="h_subst_lhs_names_works_as_expected"/>
    <testcase time="0.00600000000000023" classname="substitute_names" name="substitute_lhs_names_works_as_expected_with_nested_expressions"/>
    <testcase time="0.00499999999999901" classname="substitute_names" name="substitute_lhs_names_does_not_lead_to_infinite_recursion"/>
    <testcase time="0.00600000000000023" classname="substitute_names" name="substitute_rhs_works_as_expected"/>
    <testcase time="0.00600000000000023" classname="substitute_names" name="substitute_names_works_as_expected"/>
    <testcase time="0.00499999999999901" classname="substitute_names" name="substitute_names_can_also_substitute_other_expressions_if_requested"/>
    <testcase time="0.00499999999999901" classname="substitute_names" name="substitute_names_works_as_expected_with_nested_expressions"/>
  </testsuite>
  <testsuite name="tm_a_gee" timestamp="2025-02-07T08:07:20Z" hostname="4c0cf582fd9a" tests="8" skipped="0" failures="0" errors="0" time="0.152">
    <testcase time="0.0120000000000005" classname="tm_a_gee" name="template_a_gee_t_gee_cov_table_works_as_expected_with_default_input"/>
    <testcase time="0.0549999999999997" classname="tm_a_gee" name="template_a_gee_t_gee_cov_table_works_as_expected_with_default_input"/>
    <testcase time="0.00500000000000078" classname="tm_a_gee" name="template_a_gee_t_gee_coef_table_works_as_expected_with_default_input"/>
    <testcase time="0.0309999999999988" classname="tm_a_gee" name="template_a_gee_t_gee_coef_table_works_as_expected_with_default_input"/>
    <testcase time="0.00500000000000078" classname="tm_a_gee" name="template_a_gee_works_as_expected_with_non_default_reference_arm"/>
    <testcase time="0.0190000000000001" classname="tm_a_gee" name="template_a_gee_works_as_expected_with_non_default_reference_arm"/>
    <testcase time="0.00600000000000023" classname="tm_a_gee" name="template_a_gee_works_as_expected_when_arm_is_not_considered_in_the_model"/>
    <testcase time="0.0190000000000001" classname="tm_a_gee" name="template_a_gee_works_as_expected_when_arm_is_not_considered_in_the_model"/>
  </testsuite>
  <testsuite name="tm_a_mmrm" timestamp="2025-02-07T08:07:20Z" hostname="4c0cf582fd9a" tests="10" skipped="0" failures="0" errors="0" time="0.14">
    <testcase time="0.00999999999999979" classname="tm_a_mmrm" name="template_fit_mmrm_works_as_expected_when_not_combining_comparison_arms"/>
    <testcase time="0.0199999999999996" classname="tm_a_mmrm" name="template_fit_mmrm_works_as_expected_when_not_combining_comparison_arms"/>
    <testcase time="0.00700000000000145" classname="tm_a_mmrm" name="template_fit_mmrm_works_as_expected_when_combining_combination_arms"/>
    <testcase time="0.0199999999999996" classname="tm_a_mmrm" name="template_fit_mmrm_works_as_expected_when_combining_combination_arms"/>
    <testcase time="0.00499999999999901" classname="tm_a_mmrm" name="template_mmrm_tables_works_as_expected"/>
    <testcase time="0.0259999999999998" classname="tm_a_mmrm" name="template_mmrm_tables_works_as_expected"/>
    <testcase time="0.00499999999999901" classname="tm_a_mmrm" name="template_mmrm_tables_works_as_expected_when_arm_is_not_considered_in_the_model"/>
    <testcase time="0.0200000000000014" classname="tm_a_mmrm" name="template_mmrm_tables_works_as_expected_when_arm_is_not_considered_in_the_model"/>
    <testcase time="0.00599999999999845" classname="tm_a_mmrm" name="template_mmrm_plots_works_as_expected"/>
    <testcase time="0.0210000000000008" classname="tm_a_mmrm" name="template_mmrm_plots_works_as_expected"/>
  </testsuite>
  <testsuite name="tm_g_ci" timestamp="2025-02-07T08:07:20Z" hostname="4c0cf582fd9a" tests="8" skipped="0" failures="0" errors="0" time="0.104">
    <testcase time="0.00900000000000034" classname="tm_g_ci" name="1._and_2._Mean_and_95_CIs_for_mean"/>
    <testcase time="0.0190000000000001" classname="tm_g_ci" name="1._and_2._Mean_and_95_CIs_for_mean"/>
    <testcase time="0.00600000000000023" classname="tm_g_ci" name="3._Confidence_Interval_Plot_using_different_stratification_variable_"/>
    <testcase time="0.0199999999999996" classname="tm_g_ci" name="3._Confidence_Interval_Plot_using_different_stratification_variable_"/>
    <testcase time="0.00499999999999901" classname="tm_g_ci" name="4._Median_and_95_CIs_for_median"/>
    <testcase time="0.0200000000000014" classname="tm_g_ci" name="4._Median_and_95_CIs_for_median"/>
    <testcase time="0.00499999999999901" classname="tm_g_ci" name="5._Using_different_alpha_level"/>
    <testcase time="0.0199999999999996" classname="tm_g_ci" name="5._Using_different_alpha_level"/>
  </testsuite>
  <testsuite name="tm_g_forest_rsp" timestamp="2025-02-07T08:07:20Z" hostname="4c0cf582fd9a" tests="4" skipped="0" failures="0" errors="0" time="0.059">
    <testcase time="0.011000000000001" classname="tm_g_forest_rsp" name="template_forest_rsp_generates_correct_expressions"/>
    <testcase time="0.0199999999999996" classname="tm_g_forest_rsp" name="template_forest_rsp_generates_correct_expressions"/>
    <testcase time="0.0080000000000009" classname="tm_g_forest_rsp" name="template_forest_rsp_works_with_risk_difference_column_added"/>
    <testcase time="0.0199999999999996" classname="tm_g_forest_rsp" name="template_forest_rsp_works_with_risk_difference_column_added"/>
  </testsuite>
  <testsuite name="tm_g_forest_tte" timestamp="2025-02-07T08:07:20Z" hostname="4c0cf582fd9a" tests="4" skipped="0" failures="0" errors="0" time="0.066">
    <testcase time="0.0129999999999999" classname="tm_g_forest_tte" name="template_forest_tte_generates_correct_expressions"/>
    <testcase time="0.0199999999999996" classname="tm_g_forest_tte" name="template_forest_tte_generates_correct_expressions"/>
    <testcase time="0.0080000000000009" classname="tm_g_forest_tte" name="template_forest_tte_works_with_risk_difference_column_added"/>
    <testcase time="0.0249999999999986" classname="tm_g_forest_tte" name="template_forest_tte_works_with_risk_difference_column_added"/>
  </testsuite>
  <testsuite name="tm_g_ipp" timestamp="2025-02-07T08:07:20Z" hostname="4c0cf582fd9a" tests="4" skipped="0" failures="0" errors="0" time="0.054">
    <testcase time="0.00900000000000034" classname="tm_g_ipp" name="template_g_ipp_works_as_expected_with_default_arguments"/>
    <testcase time="0.0200000000000014" classname="tm_g_ipp" name="template_g_ipp_works_as_expected_with_default_arguments"/>
    <testcase time="0.00599999999999845" classname="tm_g_ipp" name="template_g_ipp_works_as_expected_with_non_default_arguments"/>
    <testcase time="0.0190000000000001" classname="tm_g_ipp" name="template_g_ipp_works_as_expected_with_non_default_arguments"/>
  </testsuite>
  <testsuite name="tm_g_km" timestamp="2025-02-07T08:07:20Z" hostname="4c0cf582fd9a" tests="6" skipped="0" failures="0" errors="0" time="0.087">
    <testcase time="0.00999999999999979" classname="tm_g_km" name="template_g_km_works_as_expected_with_default_arguments"/>
    <testcase time="0.0200000000000014" classname="tm_g_km" name="template_g_km_works_as_expected_with_default_arguments"/>
    <testcase time="0.00699999999999967" classname="tm_g_km" name="template_g_km_gives_correct_data_expression_when_we_want_to_compare_versus_reference_arms"/>
    <testcase time="0.020999999999999" classname="tm_g_km" name="template_g_km_gives_correct_data_expression_when_we_want_to_compare_versus_reference_arms"/>
    <testcase time="0.00700000000000145" classname="tm_g_km" name="template_g_km_gives_correct_data_expression_when_we_want_to_combine_comparison_arms"/>
    <testcase time="0.0219999999999985" classname="tm_g_km" name="template_g_km_gives_correct_data_expression_when_we_want_to_combine_comparison_arms"/>
  </testsuite>
  <testsuite name="tm_g_lineplot" timestamp="2025-02-07T08:07:20Z" hostname="4c0cf582fd9a" tests="4" skipped="0" failures="0" errors="0" time="0.058">
    <testcase time="0.0100000000000016" classname="tm_g_lineplot" name="template_g_lineplot_works_as_expected_with_default_arguments"/>
    <testcase time="0.020999999999999" classname="tm_g_lineplot" name="template_g_lineplot_works_as_expected_with_default_arguments"/>
    <testcase time="0.00600000000000023" classname="tm_g_lineplot" name="template_g_lineplot_gives_correct_data_expression_with_custom_arguments"/>
    <testcase time="0.0210000000000008" classname="tm_g_lineplot" name="template_g_lineplot_gives_correct_data_expression_with_custom_arguments"/>
  </testsuite>
  <testsuite name="tm_t_abnormality" timestamp="2025-02-07T08:07:21Z" hostname="4c0cf582fd9a" tests="6" skipped="0" failures="0" errors="0" time="0.09">
    <testcase time="0.0109999999999992" classname="tm_t_abnormality" name="template_abnormality_generates_correct_expressions_with_default_arguments"/>
    <testcase time="0.0199999999999996" classname="tm_t_abnormality" name="template_abnormality_generates_correct_expressions_with_default_arguments"/>
    <testcase time="0.00699999999999967" classname="tm_t_abnormality" name="template_abnormality_generates_correct_expressions_with_custom_arguments"/>
    <testcase time="0.0200000000000014" classname="tm_t_abnormality" name="template_abnormality_generates_correct_expressions_with_custom_arguments"/>
    <testcase time="0.00699999999999967" classname="tm_t_abnormality" name="template_abnormality_generates_correct_expressions_with_customized_na_level"/>
    <testcase time="0.0250000000000004" classname="tm_t_abnormality" name="template_abnormality_generates_correct_expressions_with_customized_na_level"/>
  </testsuite>
  <testsuite name="tm_t_abnormality_by_worst_grade" timestamp="2025-02-07T08:07:21Z" hostname="4c0cf582fd9a" tests="5" skipped="0" failures="0" errors="0" time="0.078">
    <testcase time="0.00999999999999979" classname="tm_t_abnormality_by_worst_grade" name="template_abnormality_by_worst_grade_generates_correct_expressions_with_default_arguments"/>
    <testcase time="0.020999999999999" classname="tm_t_abnormality_by_worst_grade" name="template_abnormality_by_worst_grade_generates_correct_expressions_with_default_arguments"/>
    <testcase time="0.00699999999999967" classname="tm_t_abnormality_by_worst_grade" name="template_abnormality_by_worst_grade_generates_correct_expressions_with_custom_arguments"/>
    <testcase time="0.0200000000000014" classname="tm_t_abnormality_by_worst_grade" name="template_abnormality_by_worst_grade_generates_correct_expressions_with_custom_arguments"/>
    <testcase time="0.0199999999999996" classname="tm_t_abnormality_by_worst_grade" name="template_abnormality_by_worst_grade_throws_an_error_when_ATOXGR_contains_NA_values"/>
  </testsuite>
  <testsuite name="tm_t_ancova" timestamp="2025-02-07T08:07:21Z" hostname="4c0cf582fd9a" tests="14" skipped="0" failures="0" errors="0" time="0.201">
    <testcase time="0.0120000000000005" classname="tm_t_ancova" name="template_ancova_generates_expressions_with_multiple_endpoints"/>
    <testcase time="0.0199999999999996" classname="tm_t_ancova" name="template_ancova_generates_expressions_with_multiple_endpoints"/>
    <testcase time="0.00799999999999912" classname="tm_t_ancova" name="template_ancova_generates_expressions_with_multiple_endpoints_with_combined_comparison_arms"/>
    <testcase time="0.0200000000000014" classname="tm_t_ancova" name="template_ancova_generates_expressions_with_multiple_endpoints_with_combined_comparison_arms"/>
    <testcase time="0.00699999999999967" classname="tm_t_ancova" name="template_ancova_generates_expressions_with_multiple_endpoints_with_combined_reference_arms"/>
    <testcase time="0.0199999999999996" classname="tm_t_ancova" name="template_ancova_generates_expressions_with_multiple_endpoints_with_combined_reference_arms"/>
    <testcase time="0.00699999999999967" classname="tm_t_ancova" name="template_ancova_generates_expressions_with_single_endpoint"/>
    <testcase time="0.0200000000000014" classname="tm_t_ancova" name="template_ancova_generates_expressions_with_single_endpoint"/>
    <testcase time="0.00699999999999967" classname="tm_t_ancova" name="template_ancova_generates_expressions_with_multiple_endpoints"/>
    <testcase time="0.0199999999999996" classname="tm_t_ancova" name="template_ancova_generates_expressions_with_multiple_endpoints"/>
    <testcase time="0.00699999999999967" classname="tm_t_ancova" name="template_ancova_generates_expressions_with_discrete_interaction_variable"/>
    <testcase time="0.0199999999999996" classname="tm_t_ancova" name="template_ancova_generates_expressions_with_discrete_interaction_variable"/>
    <testcase time="0.0080000000000009" classname="tm_t_ancova" name="template_ancova_generates_expressions_with_continuous_interaction_variable"/>
    <testcase time="0.0250000000000004" classname="tm_t_ancova" name="template_ancova_generates_expressions_with_continuous_interaction_variable"/>
  </testsuite>
  <testsuite name="tm_t_binary_outcome" timestamp="2025-02-07T08:07:21Z" hostname="4c0cf582fd9a" tests="16" skipped="0" failures="0" errors="0" time="0.218">
    <testcase time="0.0119999999999987" classname="tm_t_binary_outcome" name="template_binary_outcome_generates_standard_expressions"/>
    <testcase time="0.0200000000000014" classname="tm_t_binary_outcome" name="template_binary_outcome_generates_standard_expressions"/>
    <testcase time="0.00699999999999967" classname="tm_t_binary_outcome" name="template_binary_outcome_generates_right_expressions_with_non_default"/>
    <testcase time="0.0199999999999996" classname="tm_t_binary_outcome" name="template_binary_outcome_generates_right_expressions_with_non_default"/>
    <testcase time="0.00699999999999967" classname="tm_t_binary_outcome" name="template_binary_outcome_generates_expression_without_arm_comparison"/>
    <testcase time="0.0190000000000001" classname="tm_t_binary_outcome" name="template_binary_outcome_generates_expression_without_arm_comparison"/>
    <testcase time="0.0080000000000009" classname="tm_t_binary_outcome" name="template_binary_outcome_generates_expression_with_non_default_controls_and_strata."/>
    <testcase time="0.0199999999999996" classname="tm_t_binary_outcome" name="template_binary_outcome_generates_expression_with_non_default_controls_and_strata."/>
    <testcase time="0.00699999999999967" classname="tm_t_binary_outcome" name="template_binary_outcome_can_combine_comparison_arms"/>
    <testcase time="0.0199999999999996" classname="tm_t_binary_outcome" name="template_binary_outcome_can_combine_comparison_arms"/>
    <testcase time="0.00600000000000023" classname="tm_t_binary_outcome" name="template_binary_outcome_can_combine_comparison_arms_when_compare_arms_is_FALSE"/>
    <testcase time="0.0199999999999996" classname="tm_t_binary_outcome" name="template_binary_outcome_can_combine_comparison_arms_when_compare_arms_is_FALSE"/>
    <testcase time="0.00500000000000078" classname="tm_t_binary_outcome" name="split_col_expr_prepare_the_right_four_possible_expressions"/>
    <testcase time="0.0190000000000001" classname="tm_t_binary_outcome" name="split_col_expr_prepare_the_right_four_possible_expressions"/>
    <testcase time="0.00799999999999912" classname="tm_t_binary_outcome" name="template_binary_outcome_can_combine_refs"/>
    <testcase time="0.0200000000000014" classname="tm_t_binary_outcome" name="template_binary_outcome_can_combine_refs"/>
  </testsuite>
  <testsuite name="tm_t_coxreg" timestamp="2025-02-07T08:07:21Z" hostname="4c0cf582fd9a" tests="6" skipped="0" failures="0" errors="0" time="0.089">
    <testcase time="0.00999999999999979" classname="tm_t_coxreg" name="template_coxreg_generates_correct_univariate_cox_regression_expressions"/>
    <testcase time="0.0199999999999996" classname="tm_t_coxreg" name="template_coxreg_generates_correct_univariate_cox_regression_expressions"/>
    <testcase time="0.00699999999999967" classname="tm_t_coxreg" name="template_coxreg_generates_correct_univariate_cox_regression_expressions_with_interactions"/>
    <testcase time="0.0259999999999998" classname="tm_t_coxreg" name="template_coxreg_generates_correct_univariate_cox_regression_expressions_with_interactions"/>
    <testcase time="0.00700000000000145" classname="tm_t_coxreg" name="template_coxreg_generates_correct_multivariate_cox_regression_expressions"/>
    <testcase time="0.0189999999999984" classname="tm_t_coxreg" name="template_coxreg_generates_correct_multivariate_cox_regression_expressions"/>
  </testsuite>
  <testsuite name="tm_t_events" timestamp="2025-02-07T08:07:21Z" hostname="4c0cf582fd9a" tests="12" skipped="0" failures="0" errors="0" time="0.173">
    <testcase time="0.0130000000000017" classname="tm_t_events" name="template_events_generates_correct_expressions"/>
    <testcase time="0.0199999999999996" classname="tm_t_events" name="template_events_generates_correct_expressions"/>
    <testcase time="0.00799999999999912" classname="tm_t_events" name="template_events_generates_correct_expressions_for_nested_columns"/>
    <testcase time="0.0200000000000014" classname="tm_t_events" name="template_events_generates_correct_expressions_for_nested_columns"/>
    <testcase time="0.00699999999999967" classname="tm_t_events" name="template_events_can_generate_customized_table"/>
    <testcase time="0.0199999999999996" classname="tm_t_events" name="template_events_can_generate_customized_table"/>
    <testcase time="0.00699999999999967" classname="tm_t_events" name="template_events_can_generate_customized_table_with_alphabetical_sorting"/>
    <testcase time="0.0199999999999996" classname="tm_t_events" name="template_events_can_generate_customized_table_with_alphabetical_sorting"/>
    <testcase time="0.0080000000000009" classname="tm_t_events" name="template_events_can_generate_customized_table_with_pruning"/>
    <testcase time="0.0199999999999996" classname="tm_t_events" name="template_events_can_generate_customized_table_with_pruning"/>
    <testcase time="0.00900000000000034" classname="tm_t_events" name="template_events_can_generate_customized_table_with_pruning_for_nested_column"/>
    <testcase time="0.020999999999999" classname="tm_t_events" name="template_events_can_generate_customized_table_with_pruning_for_nested_column"/>
  </testsuite>
  <testsuite name="tm_t_events_by_grade" timestamp="2025-02-07T08:07:21Z" hostname="4c0cf582fd9a" tests="16" skipped="0" failures="0" errors="0" time="0.237">
    <testcase time="0.0120000000000005" classname="tm_t_events_by_grade" name="template_events_by_grade_generates_standard_expressions"/>
    <testcase time="0.0199999999999996" classname="tm_t_events_by_grade" name="template_events_by_grade_generates_standard_expressions"/>
    <testcase time="0.0080000000000009" classname="tm_t_events_by_grade" name="template_events_by_grade_generates_standard_expressions_with_pruning_conditions"/>
    <testcase time="0.0259999999999998" classname="tm_t_events_by_grade" name="template_events_by_grade_generates_standard_expressions_with_pruning_conditions"/>
    <testcase time="0.00699999999999967" classname="tm_t_events_by_grade" name="template_events_by_grade_without_adding_total_column_option_works_as_expected"/>
    <testcase time="0.0210000000000008" classname="tm_t_events_by_grade" name="template_events_by_grade_without_adding_total_column_option_works_as_expected"/>
    <testcase time="0.00699999999999967" classname="tm_t_events_by_grade" name="template_events_by_grade_with_hlt_only_works"/>
    <testcase time="0.0210000000000008" classname="tm_t_events_by_grade" name="template_events_by_grade_with_hlt_only_works"/>
    <testcase time="0.00899999999999856" classname="tm_t_events_by_grade" name="template_events_col_by_grade_generates_standard_expressions"/>
    <testcase time="0.0210000000000008" classname="tm_t_events_by_grade" name="template_events_col_by_grade_generates_standard_expressions"/>
    <testcase time="0.00799999999999912" classname="tm_t_events_by_grade" name="template_events_col_by_grade_works_with_custom_values"/>
    <testcase time="0.0200000000000014" classname="tm_t_events_by_grade" name="template_events_col_by_grade_works_with_custom_values"/>
    <testcase time="0.00899999999999856" classname="tm_t_events_by_grade" name="template_events_col_by_grade_without_adding_total_column_option_works_as_expected"/>
    <testcase time="0.0200000000000014" classname="tm_t_events_by_grade" name="template_events_col_by_grade_without_adding_total_column_option_works_as_expected"/>
    <testcase time="0.00799999999999912" classname="tm_t_events_by_grade" name="template_events_col_by_grade_without_dropping_arm_levels_option_works_as_expected"/>
    <testcase time="0.0199999999999996" classname="tm_t_events_by_grade" name="template_events_col_by_grade_without_dropping_arm_levels_option_works_as_expected"/>
  </testsuite>
  <testsuite name="tm_t_events_patyear" timestamp="2025-02-07T08:07:22Z" hostname="4c0cf582fd9a" tests="6" skipped="0" failures="0" errors="0" time="0.089">
    <testcase time="0.011000000000001" classname="tm_t_events_patyear" name="template_events_patyear_generates_standard_expressions"/>
    <testcase time="0.0199999999999996" classname="tm_t_events_patyear" name="template_events_patyear_generates_standard_expressions"/>
    <testcase time="0.00699999999999967" classname="tm_t_events_patyear" name="template_events_patyear_generates_right_expressions_with_non_default"/>
    <testcase time="0.0199999999999996" classname="tm_t_events_patyear" name="template_events_patyear_generates_right_expressions_with_non_default"/>
    <testcase time="0.00900000000000034" classname="tm_t_events_patyear" name="template_events_patyear_generates_right_expressions_with_non_default_controls"/>
    <testcase time="0.0220000000000002" classname="tm_t_events_patyear" name="template_events_patyear_generates_right_expressions_with_non_default_controls"/>
  </testsuite>
  <testsuite name="tm_t_events_summary" timestamp="2025-02-07T08:07:22Z" hostname="4c0cf582fd9a" tests="4" skipped="0" failures="0" errors="0" time="0.066">
    <testcase time="0.0169999999999995" classname="tm_t_events_summary" name="template_events_summary_generates_minimal_table"/>
    <testcase time="0.0200000000000014" classname="tm_t_events_summary" name="template_events_summary_generates_minimal_table"/>
    <testcase time="0.00799999999999912" classname="tm_t_events_summary" name="template_events_summary_generates_table_with_multiple_flags"/>
    <testcase time="0.0210000000000008" classname="tm_t_events_summary" name="template_events_summary_generates_table_with_multiple_flags"/>
  </testsuite>
  <testsuite name="tm_t_exposure" timestamp="2025-02-07T08:07:22Z" hostname="4c0cf582fd9a" tests="6" skipped="0" failures="0" errors="0" time="0.079">
    <testcase time="0.00900000000000034" classname="tm_t_exposure" name="template_exposure_generates_correct_expressions_with_default_arguments"/>
    <testcase time="0.0199999999999996" classname="tm_t_exposure" name="template_exposure_generates_correct_expressions_with_default_arguments"/>
    <testcase time="0.00499999999999901" classname="tm_t_exposure" name="template_exposure_generates_correct_expressions_with_custom_arguments"/>
    <testcase time="0.0200000000000014" classname="tm_t_exposure" name="template_exposure_generates_correct_expressions_with_custom_arguments"/>
    <testcase time="0.00599999999999845" classname="tm_t_exposure" name="template_exposure_generates_correct_expressions_with_paramcd_label"/>
    <testcase time="0.0190000000000001" classname="tm_t_exposure" name="template_exposure_generates_correct_expressions_with_paramcd_label"/>
  </testsuite>
  <testsuite name="tm_t_logisitic" timestamp="2025-02-07T08:07:22Z" hostname="4c0cf582fd9a" tests="6" skipped="0" failures="0" errors="0" time="0.082">
    <testcase time="0.0100000000000016" classname="tm_t_logisitic" name="template_logistic_generates_correct_expressions"/>
    <testcase time="0.0199999999999996" classname="tm_t_logisitic" name="template_logistic_generates_correct_expressions"/>
    <testcase time="0.00600000000000023" classname="tm_t_logisitic" name="template_logistic_generates_correct_expressions_for_no_arm_variable"/>
    <testcase time="0.0190000000000001" classname="tm_t_logisitic" name="template_logistic_generates_correct_expressions_for_no_arm_variable"/>
    <testcase time="0.00699999999999967" classname="tm_t_logisitic" name="template_logistic_generates_correct_expressions"/>
    <testcase time="0.0199999999999996" classname="tm_t_logisitic" name="template_logistic_generates_correct_expressions"/>
  </testsuite>
  <testsuite name="tm_t_mult_events" timestamp="2025-02-07T08:07:22Z" hostname="4c0cf582fd9a" tests="12" skipped="0" failures="0" errors="0" time="0.181">
    <testcase time="0.0109999999999992" classname="tm_t_mult_events" name="template_mult_events_generates_correct_expressions_with_1_HLT_parameter"/>
    <testcase time="0.0200000000000014" classname="tm_t_mult_events" name="template_mult_events_generates_correct_expressions_with_1_HLT_parameter"/>
    <testcase time="0.00799999999999912" classname="tm_t_mult_events" name="template_mult_events_generates_correct_expressions_with_2_HLT_parameters_and_drop_arm_levels_FALSE"/>
    <testcase time="0.0259999999999998" classname="tm_t_mult_events" name="template_mult_events_generates_correct_expressions_with_2_HLT_parameters_and_drop_arm_levels_FALSE"/>
    <testcase time="0.00699999999999967" classname="tm_t_mult_events" name="template_mult_events_generates_correct_expressions_with_3_HLT_parameters"/>
    <testcase time="0.0220000000000002" classname="tm_t_mult_events" name="template_mult_events_generates_correct_expressions_with_3_HLT_parameters"/>
    <testcase time="0.00900000000000034" classname="tm_t_mult_events" name="template_mult_events_generates_correct_expressions_with_4_HLT_parameters"/>
    <testcase time="0.0210000000000008" classname="tm_t_mult_events" name="template_mult_events_generates_correct_expressions_with_4_HLT_parameters"/>
    <testcase time="0.00799999999999912" classname="tm_t_mult_events" name="template_mult_events_generates_correct_expressions_with_no_HLT_parameters"/>
    <testcase time="0.0220000000000002" classname="tm_t_mult_events" name="template_mult_events_generates_correct_expressions_with_no_HLT_parameters"/>
    <testcase time="0.00699999999999967" classname="tm_t_mult_events" name="template_mult_events_generates_correct_expressions_with_1_HLT_parameter_and_without_All_Patients_column"/>
    <testcase time="0.0199999999999996" classname="tm_t_mult_events" name="template_mult_events_generates_correct_expressions_with_1_HLT_parameter_and_without_All_Patients_column"/>
  </testsuite>
  <testsuite name="tm_t_pp_medical_history" timestamp="2025-02-07T08:07:22Z" hostname="4c0cf582fd9a" tests="9" skipped="0" failures="0" errors="0" time="0.05">
    <testcase time="0.00900000000000034" classname="tm_t_pp_medical_history" name="template_medical_history_outputs_a_list_with_one_named_element"/>
    <testcase time="0.00200000000000067" classname="tm_t_pp_medical_history" name="template_medical_history_outputs_a_list_with_one_named_element"/>
    <testcase time="0.00200000000000067" classname="tm_t_pp_medical_history" name="template_medical_history_outputs_a_list_with_one_named_element"/>
    <testcase time="0.00199999999999889" classname="tm_t_pp_medical_history" name="template_medical_history_outputs_a_list_with_one_named_element"/>
    <testcase time="0.00500000000000078" classname="tm_t_pp_medical_history" name="template_medical_history_s_output_has_element_table_which_is_of_class_call"/>
    <testcase time="0.00300000000000011" classname="tm_t_pp_medical_history" name="template_medical_history_s_output_has_element_table_which_is_of_class_call"/>
    <testcase time="0.00499999999999901" classname="tm_t_pp_medical_history" name="template_medical_history_non_default_parameters"/>
    <testcase time="0.00200000000000067" classname="tm_t_pp_medical_history" name="template_medical_history_non_default_parameters"/>
    <testcase time="0.0199999999999996" classname="tm_t_pp_medical_history" name="template_medical_history_non_default_parameters"/>
  </testsuite>
  <testsuite name="tm_t_shift_by_arm" timestamp="2025-02-07T08:07:22Z" hostname="4c0cf582fd9a" tests="6" skipped="0" failures="0" errors="0" time="0.078">
    <testcase time="0.0080000000000009" classname="tm_t_shift_by_arm" name="template_shift_by_arm_generates_correct_expressions_with_default_arguments"/>
    <testcase time="0.0199999999999996" classname="tm_t_shift_by_arm" name="template_shift_by_arm_generates_correct_expressions_with_default_arguments"/>
    <testcase time="0.00499999999999901" classname="tm_t_shift_by_arm" name="template_shift_by_arm_generates_correct_expressions_with_add_total_being_TRUE"/>
    <testcase time="0.0200000000000014" classname="tm_t_shift_by_arm" name="template_shift_by_arm_generates_correct_expressions_with_add_total_being_TRUE"/>
    <testcase time="0.00499999999999901" classname="tm_t_shift_by_arm" name="template_shift_by_arm_generates_correct_expressions_with_na.rm_being_TRUE"/>
    <testcase time="0.0199999999999996" classname="tm_t_shift_by_arm" name="template_shift_by_arm_generates_correct_expressions_with_na.rm_being_TRUE"/>
  </testsuite>
  <testsuite name="tm_t_shift_by_arm_by_worst" timestamp="2025-02-07T08:07:22Z" hostname="4c0cf582fd9a" tests="6" skipped="0" failures="0" errors="0" time="0.086">
    <testcase time="0.0100000000000016" classname="tm_t_shift_by_arm_by_worst" name="template_shift_by_arm_generates_correct_expressions_with_default_arguments"/>
    <testcase time="0.0249999999999986" classname="tm_t_shift_by_arm_by_worst" name="template_shift_by_arm_generates_correct_expressions_with_default_arguments"/>
    <testcase time="0.00600000000000023" classname="tm_t_shift_by_arm_by_worst" name="template_shift_by_arm_generates_correct_expressions_with_add_total_being_TRUE"/>
    <testcase time="0.0199999999999996" classname="tm_t_shift_by_arm_by_worst" name="template_shift_by_arm_generates_correct_expressions_with_add_total_being_TRUE"/>
    <testcase time="0.00500000000000078" classname="tm_t_shift_by_arm_by_worst" name="template_shift_by_arm_generates_correct_expressions_with_na.rm_being_TRUE"/>
    <testcase time="0.0199999999999996" classname="tm_t_shift_by_arm_by_worst" name="template_shift_by_arm_generates_correct_expressions_with_na.rm_being_TRUE"/>
  </testsuite>
  <testsuite name="tm_t_shift_by_grade" timestamp="2025-02-07T08:07:22Z" hostname="4c0cf582fd9a" tests="6" skipped="0" failures="0" errors="0" time="0.153">
    <testcase time="0.0120000000000005" classname="tm_t_shift_by_grade" name="template_shift_by_grade_generates_correct_expressions_with_default_arguments"/>
    <testcase time="0.0210000000000008" classname="tm_t_shift_by_grade" name="template_shift_by_grade_generates_correct_expressions_with_default_arguments"/>
    <testcase time="0.00900000000000034" classname="tm_t_shift_by_grade" name="template_shift_by_grade_generates_correct_expressions_with_custom_arguments"/>
    <testcase time="0.020999999999999" classname="tm_t_shift_by_grade" name="template_shift_by_grade_generates_correct_expressions_with_custom_arguments"/>
    <testcase time="0.0080000000000009" classname="tm_t_shift_by_grade" name="template_shift_by_grade_throws_an_error_when_worst_flag_var_is_not_one_of_WGRLOVFL_WGRLOFL_WGRHIVFL_WGRHIFL"/>
    <testcase time="0.081999999999999" classname="tm_t_shift_by_grade" name="template_shift_by_grade_keeps_the_same_number_of_missing_data_Missing_after_preprocessing"/>
  </testsuite>
  <testsuite name="tm_t_smq" timestamp="2025-02-07T08:07:22Z" hostname="4c0cf582fd9a" tests="4" skipped="0" failures="0" errors="0" time="0.061">
    <testcase time="0.0129999999999999" classname="tm_t_smq" name="template_smq_generates_correct_expressions_with_default_arguments"/>
    <testcase time="0.0210000000000008" classname="tm_t_smq" name="template_smq_generates_correct_expressions_with_default_arguments"/>
    <testcase time="0.00699999999999967" classname="tm_t_smq" name="template_smq_generates_correct_expressions_with_custom_arguments"/>
    <testcase time="0.0199999999999996" classname="tm_t_smq" name="template_smq_generates_correct_expressions_with_custom_arguments"/>
  </testsuite>
  <testsuite name="tm_t_summary" timestamp="2025-02-07T08:07:23Z" hostname="4c0cf582fd9a" tests="12" skipped="0" failures="0" errors="0" time="0.178">
    <testcase time="0.0120000000000005" classname="tm_t_summary" name="template_summary_generates_correct_expressions"/>
    <testcase time="0.0269999999999992" classname="tm_t_summary" name="template_summary_generates_correct_expressions"/>
    <testcase time="0.00700000000000145" classname="tm_t_summary" name="template_summary_can_generate_customized_table"/>
    <testcase time="0.0190000000000001" classname="tm_t_summary" name="template_summary_can_generate_customized_table"/>
    <testcase time="0.00799999999999912" classname="tm_t_summary" name="template_summary_generates_correct_expressions_for_multiple_grouping_variables"/>
    <testcase time="0.0199999999999996" classname="tm_t_summary" name="template_summary_generates_correct_expressions_for_multiple_grouping_variables"/>
    <testcase time="0.0080000000000009" classname="tm_t_summary" name="template_summary_generates_correct_expressions_for_multiple_grouping_variables_and_all_patients"/>
    <testcase time="0.0199999999999996" classname="tm_t_summary" name="template_summary_generates_correct_expressions_for_multiple_grouping_variables_and_all_patients"/>
    <testcase time="0.0080000000000009" classname="tm_t_summary" name="template_summary_generates_correct_expressions_for_customized_numeric_statistics"/>
    <testcase time="0.0199999999999996" classname="tm_t_summary" name="template_summary_generates_correct_expressions_for_customized_numeric_statistics"/>
    <testcase time="0.00799999999999912" classname="tm_t_summary" name="template_summary_generates_correct_expressions_when_arm_variable_labels_are_added"/>
    <testcase time="0.0210000000000008" classname="tm_t_summary" name="template_summary_generates_correct_expressions_when_arm_variable_labels_are_added"/>
  </testsuite>
  <testsuite name="tm_t_summary_by" timestamp="2025-02-07T08:07:23Z" hostname="4c0cf582fd9a" tests="10" skipped="0" failures="0" errors="0" time="0.145">
    <testcase time="0.0120000000000005" classname="tm_t_summary_by" name="template_summary_by_generates_correct_expressions"/>
    <testcase time="0.0199999999999996" classname="tm_t_summary_by" name="template_summary_by_generates_correct_expressions"/>
    <testcase time="0.00699999999999967" classname="tm_t_summary_by" name="template_summary_by_generates_correct_expressions_when_parallel_vars_is_true"/>
    <testcase time="0.0190000000000001" classname="tm_t_summary_by" name="template_summary_by_generates_correct_expressions_when_parallel_vars_is_true"/>
    <testcase time="0.00699999999999967" classname="tm_t_summary_by" name="template_summary_by_generates_correct_expressions_when_row_groups_is_true"/>
    <testcase time="0.0199999999999996" classname="tm_t_summary_by" name="template_summary_by_generates_correct_expressions_when_row_groups_is_true"/>
    <testcase time="0.00700000000000145" classname="tm_t_summary_by" name="template_summary_by_generates_correct_expressions_for_customized_numeric_statistics"/>
    <testcase time="0.0259999999999998" classname="tm_t_summary_by" name="template_summary_by_generates_correct_expressions_for_customized_numeric_statistics"/>
    <testcase time="0.00699999999999967" classname="tm_t_summary_by" name="template_summary_by_generates_correct_expressions_for_drop_zero_levels_is_true"/>
    <testcase time="0.0199999999999996" classname="tm_t_summary_by" name="template_summary_by_generates_correct_expressions_for_drop_zero_levels_is_true"/>
  </testsuite>
  <testsuite name="tm_t_tte" timestamp="2025-02-07T08:07:23Z" hostname="4c0cf582fd9a" tests="8" skipped="0" failures="0" errors="0" time="0.114">
    <testcase time="0.011000000000001" classname="tm_t_tte" name="template_tte_produces_healthy_standard_output"/>
    <testcase time="0.0199999999999996" classname="tm_t_tte" name="template_tte_produces_healthy_standard_output"/>
    <testcase time="0.00699999999999967" classname="tm_t_tte" name="template_tte_produces_correct_data_expression_when_not_comparing_arms"/>
    <testcase time="0.0210000000000008" classname="tm_t_tte" name="template_tte_produces_correct_data_expression_when_not_comparing_arms"/>
    <testcase time="0.00699999999999967" classname="tm_t_tte" name="template_tte_produces_correct_data_expression_when_comparing_and_combining_arms"/>
    <testcase time="0.020999999999999" classname="tm_t_tte" name="template_tte_produces_correct_data_expression_when_comparing_and_combining_arms"/>
    <testcase time="0.00699999999999967" classname="tm_t_tte" name="template_tte_produces_correct_data_expression_when_comparing_arms"/>
    <testcase time="0.0200000000000014" classname="tm_t_tte" name="template_tte_produces_correct_data_expression_when_comparing_arms"/>
  </testsuite>
  <testsuite name="utils" timestamp="2025-02-07T08:07:23Z" hostname="4c0cf582fd9a" tests="51" skipped="0" failures="0" errors="0" time="0.463">
    <testcase time="0.00999999999999979" classname="utils" name="h_concat_expr_returns_a_string_for_long_expression"/>
    <testcase time="0.0190000000000001" classname="utils" name="h_concat_expr_returns_a_string_for_long_expression"/>
    <testcase time="0.00600000000000023" classname="utils" name="pipe_expr_concatenate_expressions_into_a_single_pipeline_"/>
    <testcase time="0.00499999999999901" classname="utils" name="add_expr_adds_expressions_to_expression_list"/>
    <testcase time="0.0190000000000001" classname="utils" name="add_expr_adds_expressions_to_expression_list"/>
    <testcase time="0.00500000000000078" classname="utils" name="add_expr_manages_expression_list_which_can_be_used_by_pipe_expr"/>
    <testcase time="0.0199999999999996" classname="utils" name="add_expr_manages_expression_list_which_can_be_used_by_pipe_expr"/>
    <testcase time="0.00600000000000023" classname="utils" name="bracket_expr_concatenates_expressions_into_a_single_expression"/>
    <testcase time="0.0199999999999996" classname="utils" name="bracket_expr_concatenates_expressions_into_a_single_expression"/>
    <testcase time="0.00600000000000023" classname="utils" name="bracket_expr_returns_a_single_evaluable_expression"/>
    <testcase time="0.0269999999999992" classname="utils" name="bracket_expr_returns_a_single_evaluable_expression"/>
    <testcase time="0.00500000000000078" classname="utils" name="prepare_arm_with_standard_inputs"/>
    <testcase time="0.0199999999999996" classname="utils" name="prepare_arm_with_standard_inputs"/>
    <testcase time="0.00500000000000078" classname="utils" name="prepare_arm_combine_ref_arms"/>
    <testcase time="0.0199999999999996" classname="utils" name="prepare_arm_combine_ref_arms"/>
    <testcase time="0.00499999999999901" classname="utils" name="prepare_arm_combine_ref_arms_and_use_new_level"/>
    <testcase time="0.0200000000000014" classname="utils" name="prepare_arm_combine_ref_arms_and_use_new_level"/>
    <testcase time="0.00600000000000023" classname="utils" name="prepare_arm_does_not_do_anything_when_we_don_t_want_to_compare_or_drop_arms"/>
    <testcase time="0.00299999999999834" classname="utils" name="prepare_arm_does_not_do_anything_when_we_don_t_want_to_compare_or_drop_arms"/>
    <testcase time="0.00500000000000078" classname="utils" name="prepare_arm_levels_with_standard_inputs"/>
    <testcase time="0.0190000000000001" classname="utils" name="prepare_arm_levels_with_standard_inputs"/>
    <testcase time="0.00500000000000078" classname="utils" name="prepare_arm_levels_can_use_parentname_arm_levels"/>
    <testcase time="0.0199999999999996" classname="utils" name="prepare_arm_levels_can_use_parentname_arm_levels"/>
    <testcase time="0.00500000000000078" classname="utils" name="color_lab_values_main"/>
    <testcase time="0.0190000000000001" classname="utils" name="color_lab_values_main"/>
    <testcase time="0.00599999999999845" classname="utils" name="color_lab_values_neutral_for_none_characters"/>
    <testcase time="0.00300000000000011" classname="utils" name="color_lab_values_neutral_for_none_characters"/>
    <testcase time="0.00600000000000023" classname="utils" name="clean_description"/>
    <testcase time="0.00300000000000011" classname="utils" name="clean_description"/>
    <testcase time="0.00699999999999967" classname="utils" name="get_g_forest_obj_var_name"/>
    <testcase time="0.00700000000000145" classname="utils" name="cs_to_select_spec_single_choices_selected_is_converted_to_select_spec"/>
    <testcase time="0.00699999999999967" classname="utils" name="cs_to_select_spec_single_choices_selected_is_converted_to_select_spec_with_multiple_TRUE"/>
    <testcase time="0.00600000000000023" classname="utils" name="cs_to_select_spec_single_choices_selected_is_converted_to_select_spec_with_ordered_TRUE"/>
    <testcase time="0.00799999999999912" classname="utils" name="cs_to_select_spec_accepts_choices_selected_only"/>
    <testcase time="0.0080000000000009" classname="utils" name="cs_to_select_spec_accepts_multiple_as_flag_only"/>
    <testcase time="0.00799999999999912" classname="utils" name="cs_to_select_spec_accepts_ordered_as_flag_only"/>
    <testcase time="0.00900000000000034" classname="utils" name="cs_to_filter_spec_fails_if_doesn_t_have_var_choices"/>
    <testcase time="0.0220000000000002" classname="utils" name="cs_to_filter_spec_creates_filter_spec_from_choices_selected"/>
    <testcase time="0.00699999999999967" classname="utils" name="cs_to_des_select_creates_data_extract_spec_with_single_select_and_no_filter"/>
    <testcase time="0.00699999999999967" classname="utils" name="cs_to_des_select_returns_the_input_if_data_extract_spec_is_provided"/>
    <testcase time="0.00699999999999967" classname="utils" name="cs_to_des_select_creates_data_extract_spec_with_multiple_TRUE"/>
    <testcase time="0.00600000000000023" classname="utils" name="cs_to_des_select_creates_data_extract_spec_with_ordered_TRUE"/>
    <testcase time="0.00600000000000023" classname="utils" name="as_numeric_from_comma_sep_str_returns_NULL_if_blank_string_or_NULL_entered"/>
    <testcase time="0.00300000000000011" classname="utils" name="as_numeric_from_comma_sep_str_returns_NULL_if_blank_string_or_NULL_entered"/>
    <testcase time="0.00600000000000023" classname="utils" name="as_numeric_from_comma_sep_str_returns_numeric_vector_of_numbers"/>
    <testcase time="0.00300000000000011" classname="utils" name="as_numeric_from_comma_sep_str_returns_numeric_vector_of_numbers"/>
    <testcase time="0.00600000000000023" classname="utils" name="as_numeric_from_comma_sep_str_respects_sep_argument"/>
    <testcase time="0.00300000000000011" classname="utils" name="as_numeric_from_comma_sep_str_respects_sep_argument"/>
    <testcase time="0.00499999999999901" classname="utils" name="default_total_label_works_properly"/>
    <testcase time="0.00200000000000067" classname="utils" name="default_total_label_works_properly"/>
    <testcase time="0.00199999999999889" classname="utils" name="default_total_label_works_properly"/>
  </testsuite>
  <testsuite name="validate_standard_inputs" timestamp="2025-02-07T08:07:23Z" hostname="4c0cf582fd9a" tests="6" skipped="0" failures="0" errors="0" time="0.034">
    <testcase time="0.011000000000001" classname="validate_standard_inputs" name="validate_arm_throws_shiny_error_if_arm_vec_is_not_a_factor"/>
    <testcase time="0.00499999999999901" classname="validate_standard_inputs" name="validate_arm_throws_shiny_error_if_arm_vec_is_not_a_factor"/>
    <testcase time="0.00700000000000145" classname="validate_standard_inputs" name="validate_arm_throws_specific_shiny_error_if_arm_vec_has_just_whitespace_strings"/>
    <testcase time="0.00499999999999901" classname="validate_standard_inputs" name="validate_arm_throws_specific_shiny_error_if_arm_vec_has_just_whitespace_strings"/>
    <testcase time="0.00500000000000078" classname="validate_standard_inputs" name="validate_arm_throws_no_error_if_arm_vec_is_a_factor"/>
    <testcase time="0.000999999999999446" classname="validate_standard_inputs" name="validate_arm_throws_no_error_if_arm_vec_is_a_factor"/>
  </testsuite>
</testsuites>
