<?xml version="1.0" encoding="UTF-8"?>
<testsuites>
  <testsuite name="examples" timestamp="2025-10-16T11:16:57Z" hostname="69ce977a8e31" tests="115" skipped="0" failures="0" errors="0" time="6.781">
    <testcase time="0.233" classname="examples" name="example_add_expr.Rd"/>
    <testcase time="0.0489999999999999" classname="examples" name="example_arm_ref_comp_observer.Rd"/>
    <testcase time="0.0149999999999997" classname="examples" name="example_as_num.Rd"/>
    <testcase time="0.0130000000000003" classname="examples" name="example_bracket_expr.Rd"/>
    <testcase time="0.0919999999999996" classname="examples" name="example_call_concatenate.Rd"/>
    <testcase time="0.00900000000000034" classname="examples" name="example_check_arm_ref_comp.Rd"/>
    <testcase time="0.00800000000000001" classname="examples" name="example_clean_description.Rd"/>
    <testcase time="0.0089999999999999" classname="examples" name="example_color_lab_values.Rd"/>
    <testcase time="0.0089999999999999" classname="examples" name="example_column_annotation_label.Rd"/>
    <testcase time="0.00800000000000001" classname="examples" name="example_control_tte.Rd"/>
    <testcase time="0.00700000000000012" classname="examples" name="example_cs_to_des_filter.Rd"/>
    <testcase time="0.00700000000000012" classname="examples" name="example_cs_to_des_select.Rd"/>
    <testcase time="0.00699999999999967" classname="examples" name="example_cs_to_filter_spec.Rd"/>
    <testcase time="0.00800000000000001" classname="examples" name="example_cs_to_select_spec.Rd"/>
    <testcase time="0.00900000000000034" classname="examples" name="example_default_total_label.Rd"/>
    <testcase time="0.00699999999999967" classname="examples" name="example_ex_data.Rd"/>
    <testcase time="0.00900000000000034" classname="examples" name="example_extract_input.Rd"/>
    <testcase time="0.00699999999999967" classname="examples" name="example_facet_grid_formula.Rd"/>
    <testcase time="0.00700000000000012" classname="examples" name="example_get_g_forest_obj_var_name.Rd"/>
    <testcase time="0.00700000000000012" classname="examples" name="example_get_paramcd_label.Rd"/>
    <testcase time="0.00700000000000012" classname="examples" name="example_get_var_labels.Rd"/>
    <testcase time="0.0139999999999998" classname="examples" name="example_h_concat_expr.Rd"/>
    <testcase time="0.00700000000000012" classname="examples" name="example_is.cs_or_des.Rd"/>
    <testcase time="0.00800000000000001" classname="examples" name="example_make_barchart_simple_call.Rd"/>
    <testcase time="0.00800000000000001" classname="examples" name="example_module_arguments.Rd"/>
    <testcase time="0.00800000000000001" classname="examples" name="example_pipe_expr.Rd"/>
    <testcase time="0.0109999999999997" classname="examples" name="example_prepare_arm.Rd"/>
    <testcase time="0.0100000000000002" classname="examples" name="example_prepare_arm_levels.Rd"/>
    <testcase time="0.00700000000000012" classname="examples" name="example_select_decorators.Rd"/>
    <testcase time="0.00699999999999967" classname="examples" name="example_set_chunk_attrs.Rd"/>
    <testcase time="0.00800000000000001" classname="examples" name="example_set_chunk_dims.Rd"/>
    <testcase time="0.00900000000000034" classname="examples" name="example_split_choices.Rd"/>
    <testcase time="0.00800000000000001" classname="examples" name="example_split_col_expr.Rd"/>
    <testcase time="0.0089999999999999" classname="examples" name="example_split_interactions.Rd"/>
    <testcase time="0.00700000000000012" classname="examples" name="example_srv_decorate_teal_data.Rd"/>
    <testcase time="0.00699999999999967" classname="examples" name="example_substitute_names.Rd"/>
    <testcase time="0.00700000000000012" classname="examples" name="example_substitute_q.Rd"/>
    <testcase time="0.00800000000000001" classname="examples" name="example_teal.modules.clinical_package.Rd"/>
    <testcase time="0.0110000000000001" classname="examples" name="example_template_a_gee.Rd"/>
    <testcase time="0.00800000000000001" classname="examples" name="example_template_abnormality.Rd"/>
    <testcase time="0.00699999999999967" classname="examples" name="example_template_abnormality_by_worst_grade.Rd"/>
    <testcase time="0.00800000000000001" classname="examples" name="example_template_adverse_events.Rd"/>
    <testcase time="0.00700000000000012" classname="examples" name="example_template_ancova.Rd"/>
    <testcase time="0.00800000000000001" classname="examples" name="example_template_arguments.Rd"/>
    <testcase time="0.00800000000000001" classname="examples" name="example_template_basic_info.Rd"/>
    <testcase time="0.00700000000000012" classname="examples" name="example_template_binary_outcome.Rd"/>
    <testcase time="0.00800000000000001" classname="examples" name="example_template_coxreg_m.Rd"/>
    <testcase time="0.00800000000000001" classname="examples" name="example_template_coxreg_u.Rd"/>
    <testcase time="0.00800000000000001" classname="examples" name="example_template_events.Rd"/>
    <testcase time="0.00700000000000012" classname="examples" name="example_template_events_by_grade.Rd"/>
    <testcase time="0.00800000000000001" classname="examples" name="example_template_events_col_by_grade.Rd"/>
    <testcase time="0.00699999999999967" classname="examples" name="example_template_events_patyear.Rd"/>
    <testcase time="0.00800000000000001" classname="examples" name="example_template_events_summary.Rd"/>
    <testcase time="0.00700000000000012" classname="examples" name="example_template_exposure.Rd"/>
    <testcase time="0.012" classname="examples" name="example_template_fit_mmrm.Rd"/>
    <testcase time="0.00800000000000001" classname="examples" name="example_template_forest_rsp.Rd"/>
    <testcase time="0.00800000000000001" classname="examples" name="example_template_forest_tte.Rd"/>
    <testcase time="0.00700000000000012" classname="examples" name="example_template_g_ci.Rd"/>
    <testcase time="0.00699999999999967" classname="examples" name="example_template_g_ipp.Rd"/>
    <testcase time="0.00699999999999967" classname="examples" name="example_template_g_km.Rd"/>
    <testcase time="0.00800000000000001" classname="examples" name="example_template_g_lineplot.Rd"/>
    <testcase time="0.00700000000000012" classname="examples" name="example_template_laboratory.Rd"/>
    <testcase time="0.00800000000000001" classname="examples" name="example_template_logistic.Rd"/>
    <testcase time="0.00700000000000012" classname="examples" name="example_template_medical_history.Rd"/>
    <testcase time="0.00700000000000012" classname="examples" name="example_template_mult_events.Rd"/>
    <testcase time="0.00800000000000001" classname="examples" name="example_template_patient_timeline.Rd"/>
    <testcase time="0.00699999999999967" classname="examples" name="example_template_prior_medication.Rd"/>
    <testcase time="0.00800000000000001" classname="examples" name="example_template_shift_by_arm.Rd"/>
    <testcase time="0.00700000000000012" classname="examples" name="example_template_shift_by_arm_by_worst.Rd"/>
    <testcase time="0.00800000000000001" classname="examples" name="example_template_shift_by_grade.Rd"/>
    <testcase time="0.00700000000000012" classname="examples" name="example_template_smq.Rd"/>
    <testcase time="0.012" classname="examples" name="example_template_summary.Rd"/>
    <testcase time="0.00800000000000001" classname="examples" name="example_template_summary_by.Rd"/>
    <testcase time="0.00800000000000001" classname="examples" name="example_template_therapy.Rd"/>
    <testcase time="0.00699999999999967" classname="examples" name="example_template_tte.Rd"/>
    <testcase time="0.00800000000000001" classname="examples" name="example_template_vitals.Rd"/>
    <testcase time="0.267" classname="examples" name="example_tm_a_gee.Rd"/>
    <testcase time="0.194" classname="examples" name="example_tm_a_mmrm.Rd"/>
    <testcase time="0.158" classname="examples" name="example_tm_g_barchart_simple.Rd"/>
    <testcase time="0.109" classname="examples" name="example_tm_g_ci.Rd"/>
    <testcase time="0.152" classname="examples" name="example_tm_g_forest_rsp.Rd"/>
    <testcase time="0.140000000000001" classname="examples" name="example_tm_g_forest_tte.Rd"/>
    <testcase time="0.206" classname="examples" name="example_tm_g_ipp.Rd"/>
    <testcase time="0.117" classname="examples" name="example_tm_g_km.Rd"/>
    <testcase time="0.157" classname="examples" name="example_tm_g_lineplot.Rd"/>
    <testcase time="0.117" classname="examples" name="example_tm_g_pp_adverse_events.Rd"/>
    <testcase time="0.214" classname="examples" name="example_tm_g_pp_patient_timeline.Rd"/>
    <testcase time="0.325" classname="examples" name="example_tm_g_pp_therapy.Rd"/>
    <testcase time="0.0899999999999999" classname="examples" name="example_tm_g_pp_vitals.Rd"/>
    <testcase time="0.165" classname="examples" name="example_tm_t_abnormality.Rd"/>
    <testcase time="0.187" classname="examples" name="example_tm_t_abnormality_by_worst_grade.Rd"/>
    <testcase time="0.184" classname="examples" name="example_tm_t_ancova.Rd"/>
    <testcase time="0.139" classname="examples" name="example_tm_t_binary_outcome.Rd"/>
    <testcase time="0.393" classname="examples" name="example_tm_t_coxreg.Rd"/>
    <testcase time="0.0809999999999995" classname="examples" name="example_tm_t_events.Rd"/>
    <testcase time="0.156000000000001" classname="examples" name="example_tm_t_events_by_grade.Rd"/>
    <testcase time="0.181999999999999" classname="examples" name="example_tm_t_events_patyear.Rd"/>
    <testcase time="0.306" classname="examples" name="example_tm_t_events_summary.Rd"/>
    <testcase time="0.174" classname="examples" name="example_tm_t_exposure.Rd"/>
    <testcase time="0.0869999999999997" classname="examples" name="example_tm_t_glm_counts.Rd"/>
    <testcase time="0.104" classname="examples" name="example_tm_t_logistic.Rd"/>
    <testcase time="0.0830000000000002" classname="examples" name="example_tm_t_mult_events.Rd"/>
    <testcase time="0.0670000000000002" classname="examples" name="example_tm_t_pp_basic_info.Rd"/>
    <testcase time="0.0880000000000001" classname="examples" name="example_tm_t_pp_laboratory.Rd"/>
    <testcase time="0.0809999999999995" classname="examples" name="example_tm_t_pp_medical_history.Rd"/>
    <testcase time="0.12" classname="examples" name="example_tm_t_pp_prior_medication.Rd"/>
    <testcase time="0.164999999999999" classname="examples" name="example_tm_t_shift_by_arm.Rd"/>
    <testcase time="0.192" classname="examples" name="example_tm_t_shift_by_arm_by_worst.Rd"/>
    <testcase time="0.136000000000001" classname="examples" name="example_tm_t_shift_by_grade.Rd"/>
    <testcase time="0.170999999999999" classname="examples" name="example_tm_t_smq.Rd"/>
    <testcase time="0.0860000000000003" classname="examples" name="example_tm_t_summary.Rd"/>
    <testcase time="0.108000000000001" classname="examples" name="example_tm_t_summary_by.Rd"/>
    <testcase time="0.0950000000000006" classname="examples" name="example_tm_t_tte.Rd"/>
    <testcase time="0.00799999999999912" classname="examples" name="example_validate_arm.Rd"/>
    <testcase time="0.0080000000000009" classname="examples" name="example_validate_standard_inputs.Rd"/>
  </testsuite>
  <testsuite name="facet_grid_formula" timestamp="2025-10-16T11:17:04Z" hostname="69ce977a8e31" tests="4" skipped="0" failures="0" errors="0" time="0.024">
    <testcase time="0.016" classname="facet_grid_formula" name="facet_grid_formula_works"/>
    <testcase time="0.00300000000000011" classname="facet_grid_formula" name="facet_grid_formula_works"/>
    <testcase time="0.00299999999999834" classname="facet_grid_formula" name="facet_grid_formula_works"/>
    <testcase time="0.00200000000000067" classname="facet_grid_formula" name="facet_grid_formula_works"/>
  </testsuite>
  <testsuite name="shinytest2-tm_a_gee" timestamp="2025-10-16T11:17:04Z" hostname="69ce977a8e31" tests="17" skipped="17" failures="0" errors="0" time="0.251">
    <testcase time="0.0169999999999995" classname="shinytest2_tm_a_gee" name="e2e_tm_a_gee_Module_initializes_in_teal_without_errors_and_produces_table_output.">
      <skipped message="Reason: chromium ('test-shinytest2-tm_a_gee.R:47:3')"/>
    </testcase>
    <testcase time="0.0240000000000009" classname="shinytest2_tm_a_gee" name="e2e_tm_a_gee_Starts_with_specified_label_id_var_arm_var_visit_var_paramcd_cov_var_conf_level_and_conf_struct.">
      <skipped message="Reason: chromium ('test-shinytest2-tm_a_gee.R:61:5')"/>
    </testcase>
    <testcase time="0.0259999999999998" classname="shinytest2_tm_a_gee" name="e2e_tm_a_gee_Selection_of_id_var_does_not_change_the_table_and_does_not_throw_validation_errors.">
      <skipped message="Reason: chromium ('test-shinytest2-tm_a_gee.R:116:5')"/>
    </testcase>
    <testcase time="0.0199999999999996" classname="shinytest2_tm_a_gee" name="e2e_tm_a_gee_Deselection_of_id_var_throws_validation_error.">
      <skipped message="Reason: chromium ('test-shinytest2-tm_a_gee.R:133:3')"/>
    </testcase>
    <testcase time="0.0120000000000005" classname="shinytest2_tm_a_gee" name="e2e_tm_a_gee_Change_in_arm_var_changes_the_table_and_does_not_throw_validation_errors.">
      <skipped message="Reason: chromium ('test-shinytest2-tm_a_gee.R:147:3')"/>
    </testcase>
    <testcase time="0.0129999999999999" classname="shinytest2_tm_a_gee" name="e2e_tm_a_gee_Deselection_of_arm_var_throws_validation_error.">
      <skipped message="Reason: chromium ('test-shinytest2-tm_a_gee.R:164:3')"/>
    </testcase>
    <testcase time="0.0120000000000005" classname="shinytest2_tm_a_gee" name="e2e_tm_a_gee_Selection_of_visit_var_does_not_change_the_table_and_does_not_throw_validation_errors.">
      <skipped message="Reason: chromium ('test-shinytest2-tm_a_gee.R:180:5')"/>
    </testcase>
    <testcase time="0.0129999999999999" classname="shinytest2_tm_a_gee" name="e2e_tm_a_gee_Deselection_of_visit_var_throws_validation_error.">
      <skipped message="Reason: chromium ('test-shinytest2-tm_a_gee.R:197:3')"/>
    </testcase>
    <testcase time="0.0129999999999999" classname="shinytest2_tm_a_gee" name="e2e_tm_a_gee_Selection_of_paramcd_changes_the_table_and_does_not_throw_validation_errors.">
      <skipped message="Reason: chromium ('test-shinytest2-tm_a_gee.R:212:3')"/>
    </testcase>
    <testcase time="0.0120000000000005" classname="shinytest2_tm_a_gee" name="e2e_tm_a_gee_Deselection_of_paramcd_throws_validation_error.">
      <skipped message="Reason: chromium ('test-shinytest2-tm_a_gee.R:228:3')"/>
    </testcase>
    <testcase time="0.0129999999999999" classname="shinytest2_tm_a_gee" name="e2e_tm_a_gee_Selection_of_cov_var_changes_the_table_and_does_not_throw_validation_errors.">
      <skipped message="Reason: chromium ('test-shinytest2-tm_a_gee.R:242:3')"/>
    </testcase>
    <testcase time="0.0129999999999999" classname="shinytest2_tm_a_gee" name="e2e_tm_a_gee_Selection_of_conf_level_changes_the_table_and_does_not_throw_validation_errors.">
      <skipped message="Reason: chromium ('test-shinytest2-tm_a_gee.R:258:3')"/>
    </testcase>
    <testcase time="0.0120000000000005" classname="shinytest2_tm_a_gee" name="e2e_tm_a_gee_Selection_of_conf_level_out_of_0_1_range_throws_validation_error.">
      <skipped message="Reason: chromium ('test-shinytest2-tm_a_gee.R:274:3')"/>
    </testcase>
    <testcase time="0.0120000000000005" classname="shinytest2_tm_a_gee" name="e2e_tm_a_gee_Deselection_of_conf_level_throws_validation_error.">
      <skipped message="Reason: chromium ('test-shinytest2-tm_a_gee.R:289:3')"/>
    </testcase>
    <testcase time="0.0129999999999999" classname="shinytest2_tm_a_gee" name="e2e_tm_a_gee_Selection_of_cor_struct_changes_the_table_and_does_not_throw_validation_errors.">
      <skipped message="Reason: chromium ('test-shinytest2-tm_a_gee.R:303:3')"/>
    </testcase>
    <testcase time="0.0129999999999999" classname="shinytest2_tm_a_gee" name="e2e_tm_a_gee_Deselection_of_cor_struct_does_not_throw_validation_error.">
      <skipped message="Reason: chromium ('test-shinytest2-tm_a_gee.R:319:3')"/>
    </testcase>
    <testcase time="0.0129999999999999" classname="shinytest2_tm_a_gee" name="e2e_tm_a_gee_Selection_of_output_table_changes_the_table_and_doesn_t_throw_validation_error.">
      <skipped message="Reason: chromium ('test-shinytest2-tm_a_gee.R:328:3')"/>
    </testcase>
  </testsuite>
  <testsuite name="shinytest2-tm_a_mmrm" timestamp="2025-10-16T11:17:04Z" hostname="69ce977a8e31" tests="48" skipped="48" failures="0" errors="0" time="0.624">
    <testcase time="0.016" classname="shinytest2_tm_a_mmrm" name="e2e_tm_a_mmrm_Module_initializes_in_teal_without_errors_and_displays_a_message_to_click_Fit_Model_.">
      <skipped message="Reason: chromium ('test-shinytest2-tm_a_mmrm.R:84:5')"/>
    </testcase>
    <testcase time="0.0129999999999999" classname="shinytest2_tm_a_mmrm" name="e2e_tm_a_mmrm_Module_initializes_with_specified_label_aval_var_paramcd_visit_var_cov_var_arm_var_buckets_combine_comp_arms_id_var_cor_struct_weights_emmeans_conf_level_method_parallel_and_output_function.">
      <skipped message="Reason: chromium ('test-shinytest2-tm_a_mmrm.R:104:5')"/>
    </testcase>
    <testcase time="0.0120000000000005" classname="shinytest2_tm_a_mmrm" name="e2e_tm_a_mmrm_Click_on_fit_model_shows_table_for_default_selection.">
      <skipped message="Reason: chromium ('test-shinytest2-tm_a_mmrm.R:152:3')"/>
    </testcase>
    <testcase time="0.0129999999999999" classname="shinytest2_tm_a_mmrm" name="e2e_tm_a_mmrm_Function_t_mmrm_lsmeans_selection_shows_output_settings_changing_settings_throws_no_validation_errors_and_verify_visibility_of_generated_tables.">
      <skipped message="Reason: chromium ('test-shinytest2-tm_a_mmrm.R:169:5')"/>
    </testcase>
    <testcase time="0.0129999999999999" classname="shinytest2_tm_a_mmrm" name="e2e_tm_a_mmrm_Function_g_mmrm_lsmeans_selection_shows_output_settings_changing_settings_throws_no_validation_errors_and_verify_visibility_of_generated_plots.">
      <skipped message="Reason: chromium ('test-shinytest2-tm_a_mmrm.R:191:5')"/>
    </testcase>
    <testcase time="0.0119999999999987" classname="shinytest2_tm_a_mmrm" name="e2e_tm_a_mmrm_Function_g_mmrm_diagnostic_selection_shows_output_settings_changing_settings_throws_no_validation_errors_and_verify_visibility_of_generated_plots.">
      <skipped message="Reason: chromium ('test-shinytest2-tm_a_mmrm.R:234:5')"/>
    </testcase>
    <testcase time="0.0129999999999999" classname="shinytest2_tm_a_mmrm" name="e2e_tm_a_mmrm_Deselection_of_aval_var_throws_validation_error_in_method_t_mmrm_lsmeans.">
      <skipped message="Reason: chromium ('test-shinytest2-tm_a_mmrm.R:266:7')"/>
    </testcase>
    <testcase time="0.0130000000000017" classname="shinytest2_tm_a_mmrm" name="e2e_tm_a_mmrm_Deselection_paramcd_throws_validation_error_in_method_t_mmrm_lsmeans.">
      <skipped message="Reason: chromium ('test-shinytest2-tm_a_mmrm.R:302:7')"/>
    </testcase>
    <testcase time="0.0119999999999987" classname="shinytest2_tm_a_mmrm" name="e2e_tm_a_mmrm_Deselection_of_visit_var_throws_validation_error_in_method_t_mmrm_lsmeans.">
      <skipped message="Reason: chromium ('test-shinytest2-tm_a_mmrm.R:338:7')"/>
    </testcase>
    <testcase time="0.0129999999999999" classname="shinytest2_tm_a_mmrm" name="e2e_tm_a_mmrm_Deselection_of_arm_var_throws_validation_error_in_method_t_mmrm_lsmeans.">
      <skipped message="Reason: chromium ('test-shinytest2-tm_a_mmrm.R:374:7')"/>
    </testcase>
    <testcase time="0.0180000000000007" classname="shinytest2_tm_a_mmrm" name="e2e_tm_a_mmrm_Deselection_of_id_var_throws_validation_error_in_method_t_mmrm_lsmeans.">
      <skipped message="Reason: chromium ('test-shinytest2-tm_a_mmrm.R:410:7')"/>
    </testcase>
    <testcase time="0.0120000000000005" classname="shinytest2_tm_a_mmrm" name="e2e_tm_a_mmrm_Deselection_of_conf_level_throws_validation_error_in_method_t_mmrm_lsmeans.">
      <skipped message="Reason: chromium ('test-shinytest2-tm_a_mmrm.R:446:7')"/>
    </testcase>
    <testcase time="0.0129999999999999" classname="shinytest2_tm_a_mmrm" name="e2e_tm_a_mmrm_Deselection_of_aval_var_throws_validation_error_in_method_g_mmrm_lsmeans.">
      <skipped message="Reason: chromium ('test-shinytest2-tm_a_mmrm.R:266:7')"/>
    </testcase>
    <testcase time="0.0119999999999987" classname="shinytest2_tm_a_mmrm" name="e2e_tm_a_mmrm_Deselection_paramcd_throws_validation_error_in_method_g_mmrm_lsmeans.">
      <skipped message="Reason: chromium ('test-shinytest2-tm_a_mmrm.R:302:7')"/>
    </testcase>
    <testcase time="0.0130000000000017" classname="shinytest2_tm_a_mmrm" name="e2e_tm_a_mmrm_Deselection_of_visit_var_throws_validation_error_in_method_g_mmrm_lsmeans.">
      <skipped message="Reason: chromium ('test-shinytest2-tm_a_mmrm.R:338:7')"/>
    </testcase>
    <testcase time="0.0129999999999999" classname="shinytest2_tm_a_mmrm" name="e2e_tm_a_mmrm_Deselection_of_arm_var_throws_validation_error_in_method_g_mmrm_lsmeans.">
      <skipped message="Reason: chromium ('test-shinytest2-tm_a_mmrm.R:374:7')"/>
    </testcase>
    <testcase time="0.0119999999999987" classname="shinytest2_tm_a_mmrm" name="e2e_tm_a_mmrm_Deselection_of_id_var_throws_validation_error_in_method_g_mmrm_lsmeans.">
      <skipped message="Reason: chromium ('test-shinytest2-tm_a_mmrm.R:410:7')"/>
    </testcase>
    <testcase time="0.0129999999999999" classname="shinytest2_tm_a_mmrm" name="e2e_tm_a_mmrm_Deselection_of_conf_level_throws_validation_error_in_method_g_mmrm_lsmeans.">
      <skipped message="Reason: chromium ('test-shinytest2-tm_a_mmrm.R:446:7')"/>
    </testcase>
    <testcase time="0.0129999999999999" classname="shinytest2_tm_a_mmrm" name="e2e_tm_a_mmrm_Deselection_of_aval_var_throws_validation_error_in_method_t_mmrm_cov.">
      <skipped message="Reason: chromium ('test-shinytest2-tm_a_mmrm.R:266:7')"/>
    </testcase>
    <testcase time="0.0120000000000005" classname="shinytest2_tm_a_mmrm" name="e2e_tm_a_mmrm_Deselection_paramcd_throws_validation_error_in_method_t_mmrm_cov.">
      <skipped message="Reason: chromium ('test-shinytest2-tm_a_mmrm.R:302:7')"/>
    </testcase>
    <testcase time="0.0129999999999999" classname="shinytest2_tm_a_mmrm" name="e2e_tm_a_mmrm_Deselection_of_visit_var_throws_validation_error_in_method_t_mmrm_cov.">
      <skipped message="Reason: chromium ('test-shinytest2-tm_a_mmrm.R:338:7')"/>
    </testcase>
    <testcase time="0.0129999999999999" classname="shinytest2_tm_a_mmrm" name="e2e_tm_a_mmrm_Deselection_of_arm_var_throws_validation_error_in_method_t_mmrm_cov.">
      <skipped message="Reason: chromium ('test-shinytest2-tm_a_mmrm.R:374:7')"/>
    </testcase>
    <testcase time="0.0129999999999999" classname="shinytest2_tm_a_mmrm" name="e2e_tm_a_mmrm_Deselection_of_id_var_throws_validation_error_in_method_t_mmrm_cov.">
      <skipped message="Reason: chromium ('test-shinytest2-tm_a_mmrm.R:410:7')"/>
    </testcase>
    <testcase time="0.0120000000000005" classname="shinytest2_tm_a_mmrm" name="e2e_tm_a_mmrm_Deselection_of_conf_level_throws_validation_error_in_method_t_mmrm_cov.">
      <skipped message="Reason: chromium ('test-shinytest2-tm_a_mmrm.R:446:7')"/>
    </testcase>
    <testcase time="0.0129999999999999" classname="shinytest2_tm_a_mmrm" name="e2e_tm_a_mmrm_Deselection_of_aval_var_throws_validation_error_in_method_t_mmrm_fixed.">
      <skipped message="Reason: chromium ('test-shinytest2-tm_a_mmrm.R:266:7')"/>
    </testcase>
    <testcase time="0.0129999999999999" classname="shinytest2_tm_a_mmrm" name="e2e_tm_a_mmrm_Deselection_paramcd_throws_validation_error_in_method_t_mmrm_fixed.">
      <skipped message="Reason: chromium ('test-shinytest2-tm_a_mmrm.R:302:7')"/>
    </testcase>
    <testcase time="0.0129999999999999" classname="shinytest2_tm_a_mmrm" name="e2e_tm_a_mmrm_Deselection_of_visit_var_throws_validation_error_in_method_t_mmrm_fixed.">
      <skipped message="Reason: chromium ('test-shinytest2-tm_a_mmrm.R:338:7')"/>
    </testcase>
    <testcase time="0.0129999999999999" classname="shinytest2_tm_a_mmrm" name="e2e_tm_a_mmrm_Deselection_of_arm_var_throws_validation_error_in_method_t_mmrm_fixed.">
      <skipped message="Reason: chromium ('test-shinytest2-tm_a_mmrm.R:374:7')"/>
    </testcase>
    <testcase time="0.0120000000000005" classname="shinytest2_tm_a_mmrm" name="e2e_tm_a_mmrm_Deselection_of_id_var_throws_validation_error_in_method_t_mmrm_fixed.">
      <skipped message="Reason: chromium ('test-shinytest2-tm_a_mmrm.R:410:7')"/>
    </testcase>
    <testcase time="0.0129999999999999" classname="shinytest2_tm_a_mmrm" name="e2e_tm_a_mmrm_Deselection_of_conf_level_throws_validation_error_in_method_t_mmrm_fixed.">
      <skipped message="Reason: chromium ('test-shinytest2-tm_a_mmrm.R:446:7')"/>
    </testcase>
    <testcase time="0.0129999999999999" classname="shinytest2_tm_a_mmrm" name="e2e_tm_a_mmrm_Deselection_of_aval_var_throws_validation_error_in_method_t_mmrm_diagnostic.">
      <skipped message="Reason: chromium ('test-shinytest2-tm_a_mmrm.R:266:7')"/>
    </testcase>
    <testcase time="0.0129999999999999" classname="shinytest2_tm_a_mmrm" name="e2e_tm_a_mmrm_Deselection_paramcd_throws_validation_error_in_method_t_mmrm_diagnostic.">
      <skipped message="Reason: chromium ('test-shinytest2-tm_a_mmrm.R:302:7')"/>
    </testcase>
    <testcase time="0.0129999999999999" classname="shinytest2_tm_a_mmrm" name="e2e_tm_a_mmrm_Deselection_of_visit_var_throws_validation_error_in_method_t_mmrm_diagnostic.">
      <skipped message="Reason: chromium ('test-shinytest2-tm_a_mmrm.R:338:7')"/>
    </testcase>
    <testcase time="0.0129999999999999" classname="shinytest2_tm_a_mmrm" name="e2e_tm_a_mmrm_Deselection_of_arm_var_throws_validation_error_in_method_t_mmrm_diagnostic.">
      <skipped message="Reason: chromium ('test-shinytest2-tm_a_mmrm.R:374:7')"/>
    </testcase>
    <testcase time="0.0129999999999999" classname="shinytest2_tm_a_mmrm" name="e2e_tm_a_mmrm_Deselection_of_id_var_throws_validation_error_in_method_t_mmrm_diagnostic.">
      <skipped message="Reason: chromium ('test-shinytest2-tm_a_mmrm.R:410:7')"/>
    </testcase>
    <testcase time="0.0170000000000012" classname="shinytest2_tm_a_mmrm" name="e2e_tm_a_mmrm_Deselection_of_conf_level_throws_validation_error_in_method_t_mmrm_diagnostic.">
      <skipped message="Reason: chromium ('test-shinytest2-tm_a_mmrm.R:446:7')"/>
    </testcase>
    <testcase time="0.0129999999999999" classname="shinytest2_tm_a_mmrm" name="e2e_tm_a_mmrm_Deselection_of_aval_var_throws_validation_error_in_method_g_mmrm_diagnostic.">
      <skipped message="Reason: chromium ('test-shinytest2-tm_a_mmrm.R:266:7')"/>
    </testcase>
    <testcase time="0.0129999999999999" classname="shinytest2_tm_a_mmrm" name="e2e_tm_a_mmrm_Deselection_paramcd_throws_validation_error_in_method_g_mmrm_diagnostic.">
      <skipped message="Reason: chromium ('test-shinytest2-tm_a_mmrm.R:302:7')"/>
    </testcase>
    <testcase time="0.0129999999999999" classname="shinytest2_tm_a_mmrm" name="e2e_tm_a_mmrm_Deselection_of_visit_var_throws_validation_error_in_method_g_mmrm_diagnostic.">
      <skipped message="Reason: chromium ('test-shinytest2-tm_a_mmrm.R:338:7')"/>
    </testcase>
    <testcase time="0.0120000000000005" classname="shinytest2_tm_a_mmrm" name="e2e_tm_a_mmrm_Deselection_of_arm_var_throws_validation_error_in_method_g_mmrm_diagnostic.">
      <skipped message="Reason: chromium ('test-shinytest2-tm_a_mmrm.R:374:7')"/>
    </testcase>
    <testcase time="0.0129999999999999" classname="shinytest2_tm_a_mmrm" name="e2e_tm_a_mmrm_Deselection_of_id_var_throws_validation_error_in_method_g_mmrm_diagnostic.">
      <skipped message="Reason: chromium ('test-shinytest2-tm_a_mmrm.R:410:7')"/>
    </testcase>
    <testcase time="0.0119999999999987" classname="shinytest2_tm_a_mmrm" name="e2e_tm_a_mmrm_Deselection_of_conf_level_throws_validation_error_in_method_g_mmrm_diagnostic.">
      <skipped message="Reason: chromium ('test-shinytest2-tm_a_mmrm.R:446:7')"/>
    </testcase>
    <testcase time="0.0129999999999999" classname="shinytest2_tm_a_mmrm" name="e2e_tm_a_mmrm_Validate_output_on_different_selection_on_method_t_mmrm_lsmeans.">
      <skipped message="Reason: chromium ('test-shinytest2-tm_a_mmrm.R:514:7')"/>
    </testcase>
    <testcase time="0.0130000000000017" classname="shinytest2_tm_a_mmrm" name="e2e_tm_a_mmrm_Validate_output_on_different_selection_on_method_g_mmrm_lsmeans.">
      <skipped message="Reason: chromium ('test-shinytest2-tm_a_mmrm.R:514:7')"/>
    </testcase>
    <testcase time="0.0129999999999999" classname="shinytest2_tm_a_mmrm" name="e2e_tm_a_mmrm_Validate_output_on_different_selection_on_method_t_mmrm_cov.">
      <skipped message="Reason: chromium ('test-shinytest2-tm_a_mmrm.R:514:7')"/>
    </testcase>
    <testcase time="0.0129999999999999" classname="shinytest2_tm_a_mmrm" name="e2e_tm_a_mmrm_Validate_output_on_different_selection_on_method_t_mmrm_fixed.">
      <skipped message="Reason: chromium ('test-shinytest2-tm_a_mmrm.R:514:7')"/>
    </testcase>
    <testcase time="0.0119999999999987" classname="shinytest2_tm_a_mmrm" name="e2e_tm_a_mmrm_Validate_output_on_different_selection_on_method_t_mmrm_diagnostic.">
      <skipped message="Reason: chromium ('test-shinytest2-tm_a_mmrm.R:514:7')"/>
    </testcase>
    <testcase time="0.0129999999999999" classname="shinytest2_tm_a_mmrm" name="e2e_tm_a_mmrm_Validate_output_on_different_selection_on_method_g_mmrm_diagnostic.">
      <skipped message="Reason: chromium ('test-shinytest2-tm_a_mmrm.R:514:7')"/>
    </testcase>
  </testsuite>
  <testsuite name="shinytest2-tm_g_barchart_simple" timestamp="2025-10-16T11:17:05Z" hostname="69ce977a8e31" tests="23" skipped="23" failures="0" errors="0" time="0.314">
    <testcase time="0.016" classname="shinytest2_tm_g_barchart_simple" name="e2e_tm_g_barchart_simple_Module_initializes_in_teal_without_errors_and_produces_output.">
      <skipped message="Reason: chromium ('test-shinytest2-tm_g_barchart_simple.R:117:3')"/>
    </testcase>
    <testcase time="0.0129999999999999" classname="shinytest2_tm_g_barchart_simple" name="e2e_tm_g_barchart_simple_Starts_with_specified_label_id_var_arm_var_visit_var_paramcd_cov_var_conf_level_and_conf_struct.">
      <skipped message="Reason: chromium ('test-shinytest2-tm_g_barchart_simple.R:136:5')"/>
    </testcase>
    <testcase time="0.0130000000000017" classname="shinytest2_tm_g_barchart_simple" name="e2e_tm_g_barchart_simple_Selection_of_x_changes_the_element_and_does_not_throw_validation_errors.">
      <skipped message="Reason: chromium ('test-shinytest2-tm_g_barchart_simple.R:197:5')"/>
    </testcase>
    <testcase time="0.0119999999999987" classname="shinytest2_tm_g_barchart_simple" name="e2e_tm_g_barchart_simple_Deselection_of_x_throws_validation_error.">
      <skipped message="Reason: chromium ('test-shinytest2-tm_g_barchart_simple.R:209:3')"/>
    </testcase>
    <testcase time="0.0129999999999999" classname="shinytest2_tm_g_barchart_simple" name="e2e_tm_g_barchart_simple_Selection_of_fill_dataset_changes_the_element_and_does_not_throw_validation_errors.">
      <skipped message="Reason: chromium ('test-shinytest2-tm_g_barchart_simple.R:235:7')"/>
    </testcase>
    <testcase time="0.0129999999999999" classname="shinytest2_tm_g_barchart_simple" name="e2e_tm_g_barchart_simple_Deselection_of_fill_dataset_changes_the_element_and_does_not_throw_validation_errors.">
      <skipped message="Reason: chromium ('test-shinytest2-tm_g_barchart_simple.R:259:7')"/>
    </testcase>
    <testcase time="0.0260000000000016" classname="shinytest2_tm_g_barchart_simple" name="e2e_tm_g_barchart_simple_Selection_of_x_facet_dataset_changes_the_element_and_does_not_throw_validation_errors.">
      <skipped message="Reason: chromium ('test-shinytest2-tm_g_barchart_simple.R:235:7')"/>
    </testcase>
    <testcase time="0.0129999999999999" classname="shinytest2_tm_g_barchart_simple" name="e2e_tm_g_barchart_simple_Deselection_of_x_facet_dataset_changes_the_element_and_does_not_throw_validation_errors.">
      <skipped message="Reason: chromium ('test-shinytest2-tm_g_barchart_simple.R:259:7')"/>
    </testcase>
    <testcase time="0.0119999999999987" classname="shinytest2_tm_g_barchart_simple" name="e2e_tm_g_barchart_simple_Selection_of_y_facet_dataset_changes_the_element_and_does_not_throw_validation_errors.">
      <skipped message="Reason: chromium ('test-shinytest2-tm_g_barchart_simple.R:235:7')"/>
    </testcase>
    <testcase time="0.0180000000000007" classname="shinytest2_tm_g_barchart_simple" name="e2e_tm_g_barchart_simple_Deselection_of_y_facet_dataset_changes_the_element_and_does_not_throw_validation_errors.">
      <skipped message="Reason: chromium ('test-shinytest2-tm_g_barchart_simple.R:259:7')"/>
    </testcase>
    <testcase time="0.0129999999999999" classname="shinytest2_tm_g_barchart_simple" name="e2e_tm_g_barchart_simple_Duplicate_between_x_and_fill_selection_throws_validation_error.">
      <skipped message="Reason: chromium ('test-shinytest2-tm_g_barchart_simple.R:285:7')"/>
    </testcase>
    <testcase time="0.0120000000000005" classname="shinytest2_tm_g_barchart_simple" name="e2e_tm_g_barchart_simple_Duplicate_between_x_and_x_facet_selection_throws_validation_error.">
      <skipped message="Reason: chromium ('test-shinytest2-tm_g_barchart_simple.R:285:7')"/>
    </testcase>
    <testcase time="0.0129999999999999" classname="shinytest2_tm_g_barchart_simple" name="e2e_tm_g_barchart_simple_Duplicate_between_x_and_y_facet_selection_throws_validation_error.">
      <skipped message="Reason: chromium ('test-shinytest2-tm_g_barchart_simple.R:285:7')"/>
    </testcase>
    <testcase time="0.0120000000000005" classname="shinytest2_tm_g_barchart_simple" name="e2e_tm_g_barchart_simple_Changing_barlayout_changes_the_plot_and_does_not_throw_validation_errors.">
      <skipped message="Reason: chromium ('test-shinytest2-tm_g_barchart_simple.R:327:7')"/>
    </testcase>
    <testcase time="0.0129999999999999" classname="shinytest2_tm_g_barchart_simple" name="e2e_tm_g_barchart_simple_Changing_expand_y_range_changes_the_plot_and_does_not_throw_validation_errors.">
      <skipped message="Reason: chromium ('test-shinytest2-tm_g_barchart_simple.R:327:7')"/>
    </testcase>
    <testcase time="0.0129999999999999" classname="shinytest2_tm_g_barchart_simple" name="e2e_tm_g_barchart_simple_Changing_facet_scale_x_changes_the_plot_and_does_not_throw_validation_errors.">
      <skipped message="Reason: chromium ('test-shinytest2-tm_g_barchart_simple.R:327:7')"/>
    </testcase>
    <testcase time="0.0119999999999987" classname="shinytest2_tm_g_barchart_simple" name="e2e_tm_g_barchart_simple_Changing_facet_scale_y_changes_the_plot_and_does_not_throw_validation_errors.">
      <skipped message="Reason: chromium ('test-shinytest2-tm_g_barchart_simple.R:327:7')"/>
    </testcase>
    <testcase time="0.0129999999999999" classname="shinytest2_tm_g_barchart_simple" name="e2e_tm_g_barchart_simple_Changing_label_bars_changes_the_plot_and_does_not_throw_validation_errors.">
      <skipped message="Reason: chromium ('test-shinytest2-tm_g_barchart_simple.R:327:7')"/>
    </testcase>
    <testcase time="0.0130000000000017" classname="shinytest2_tm_g_barchart_simple" name="e2e_tm_g_barchart_simple_Changing_rotate_x_label_changes_the_plot_and_does_not_throw_validation_errors.">
      <skipped message="Reason: chromium ('test-shinytest2-tm_g_barchart_simple.R:327:7')"/>
    </testcase>
    <testcase time="0.0129999999999999" classname="shinytest2_tm_g_barchart_simple" name="e2e_tm_g_barchart_simple_Changing_rotate_y_label_changes_the_plot_and_does_not_throw_validation_errors.">
      <skipped message="Reason: chromium ('test-shinytest2-tm_g_barchart_simple.R:327:7')"/>
    </testcase>
    <testcase time="0.0129999999999999" classname="shinytest2_tm_g_barchart_simple" name="e2e_tm_g_barchart_simple_Changing_flip_axis_changes_the_plot_and_does_not_throw_validation_errors.">
      <skipped message="Reason: chromium ('test-shinytest2-tm_g_barchart_simple.R:327:7')"/>
    </testcase>
    <testcase time="0.0119999999999987" classname="shinytest2_tm_g_barchart_simple" name="e2e_tm_g_barchart_simple_Changing_show_n_changes_the_plot_and_does_not_throw_validation_errors.">
      <skipped message="Reason: chromium ('test-shinytest2-tm_g_barchart_simple.R:327:7')"/>
    </testcase>
    <testcase time="0.0129999999999999" classname="shinytest2_tm_g_barchart_simple" name="e2e_tm_g_barchart_simple_Changing_rotate_bar_labels_changes_the_plot_and_does_not_throw_validation_errors.">
      <skipped message="Reason: chromium ('test-shinytest2-tm_g_barchart_simple.R:327:7')"/>
    </testcase>
  </testsuite>
  <testsuite name="shinytest2-tm_g_ci" timestamp="2025-10-16T11:17:05Z" hostname="69ce977a8e31" tests="14" skipped="14" failures="0" errors="0" time="0.187">
    <testcase time="0.016" classname="shinytest2_tm_g_ci" name="e2e_tm_g_ci_Module_initializes_in_teal_without_errors_and_produces_plot_output.">
      <skipped message="Reason: chromium ('test-shinytest2-tm_g_ci.R:77:3')"/>
    </testcase>
    <testcase time="0.0129999999999999" classname="shinytest2_tm_g_ci" name="e2e_tm_g_ci_Module_initializes_with_specified_label_x_var_y_var_ADLB_filters_color_conf_level_and_stat.">
      <skipped message="Reason: chromium ('test-shinytest2-tm_g_ci.R:89:5')"/>
    </testcase>
    <testcase time="0.0120000000000005" classname="shinytest2_tm_g_ci" name="e2e_tm_g_ci_Selecting_x_var_column_changes_plot_and_doesn_t_throw_validation_errors.">
      <skipped message="Reason: chromium ('test-shinytest2-tm_g_ci.R:145:3')"/>
    </testcase>
    <testcase time="0.0129999999999999" classname="shinytest2_tm_g_ci" name="e2e_tm_g_ci_Deselecting_x_var_column_throws_validation_error.">
      <skipped message="Reason: chromium ('test-shinytest2-tm_g_ci.R:161:3')"/>
    </testcase>
    <testcase time="0.0129999999999999" classname="shinytest2_tm_g_ci" name="e2e_tm_g_ci_Selecting_y_var_column_changes_plot_and_doesn_t_throw_validation_errors.">
      <skipped message="Reason: chromium ('test-shinytest2-tm_g_ci.R:175:3')"/>
    </testcase>
    <testcase time="0.0120000000000005" classname="shinytest2_tm_g_ci" name="e2e_tm_g_ci_Deselecting_y_var_column_throws_validation_error.">
      <skipped message="Reason: chromium ('test-shinytest2-tm_g_ci.R:191:3')"/>
    </testcase>
    <testcase time="0.0139999999999993" classname="shinytest2_tm_g_ci" name="e2e_tm_g_ci_Selecting_PARAMCD_filter_value_changes_plot_and_doesn_t_throw_validation_errors.">
      <skipped message="Reason: chromium ('test-shinytest2-tm_g_ci.R:207:5')"/>
    </testcase>
    <testcase time="0.0129999999999999" classname="shinytest2_tm_g_ci" name="e2e_tm_g_ci_Deselecting_PARAMCD_filter_value_throws_validation_error.">
      <skipped message="Reason: chromium ('test-shinytest2-tm_g_ci.R:224:3')"/>
    </testcase>
    <testcase time="0.0120000000000005" classname="shinytest2_tm_g_ci" name="e2e_tm_g_ci_Selecting_AVISIT_filter_value_doesn_t_throw_validation_errors.">
      <skipped message="Reason: chromium ('test-shinytest2-tm_g_ci.R:238:3')"/>
    </testcase>
    <testcase time="0.0129999999999999" classname="shinytest2_tm_g_ci" name="e2e_tm_g_ci_Deselecting_AVISIT_filter_value_throws_validation_error.">
      <skipped message="Reason: chromium ('test-shinytest2-tm_g_ci.R:249:3')"/>
    </testcase>
    <testcase time="0.0129999999999999" classname="shinytest2_tm_g_ci" name="e2e_tm_g_ci_Selecting_color_column_changes_plot_output_and_doesn_t_throw_validation_errors.">
      <skipped message="Reason: chromium ('test-shinytest2-tm_g_ci.R:263:3')"/>
    </testcase>
    <testcase time="0.0180000000000007" classname="shinytest2_tm_g_ci" name="e2e_tm_g_ci_Deselecting_color_column_changes_plot_output_and_doesn_t_throw_validation_error.">
      <skipped message="Reason: chromium ('test-shinytest2-tm_g_ci.R:274:3')"/>
    </testcase>
    <testcase time="0.0120000000000005" classname="shinytest2_tm_g_ci" name="e2e_tm_g_ci_Selecting_confidence_interval_value_changes_plot_and_doesn_t_throw_any_errors.">
      <skipped message="Reason: chromium ('test-shinytest2-tm_g_ci.R:285:3')"/>
    </testcase>
    <testcase time="0.0129999999999999" classname="shinytest2_tm_g_ci" name="e2e_tm_g_ci_Selecting_statistic_to_use_changes_a_plot_and_doesn_t_throw_any_errors.">
      <skipped message="Reason: chromium ('test-shinytest2-tm_g_ci.R:297:3')"/>
    </testcase>
  </testsuite>
  <testsuite name="shinytest2-tm_g_forest_rsp" timestamp="2025-10-16T11:17:05Z" hostname="69ce977a8e31" tests="18" skipped="18" failures="0" errors="0" time="0.231">
    <testcase time="0.016" classname="shinytest2_tm_g_forest_rsp" name="e2e_tm_g_forest_rsp_Module_initializes_in_teal_without_errors_and_produces_plot_output.">
      <skipped message="Reason: chromium ('test-shinytest2-tm_g_forest_rsp.R:90:3')"/>
    </testcase>
    <testcase time="0.0119999999999987" classname="shinytest2_tm_g_forest_rsp" name="e2e_tm_g_forest_rsp_Module_initializes_with_specified_label_arm_var_paramcd_aval_var_responders_subgroup_var_strata_var_conf_level_fixed_symbol_size_rel_width_forest_font_size.">
      <skipped message="Reason: chromium ('test-shinytest2-tm_g_forest_rsp.R:106:5')"/>
    </testcase>
    <testcase time="0.0130000000000017" classname="shinytest2_tm_g_forest_rsp" name="e2e_tm_g_forest_rsp_Selecting_arm_var_changes_plot_and_doesn_t_throw_validation_errors.">
      <skipped message="Reason: chromium ('test-shinytest2-tm_g_forest_rsp.R:163:3')"/>
    </testcase>
    <testcase time="0.0119999999999987" classname="shinytest2_tm_g_forest_rsp" name="e2e_tm_g_forest_rsp_Deselecting_arm_var_throws_validation_error.">
      <skipped message="Reason: chromium ('test-shinytest2-tm_g_forest_rsp.R:174:3')"/>
    </testcase>
    <testcase time="0.0129999999999999" classname="shinytest2_tm_g_forest_rsp" name="e2e_tm_g_forest_rsp_Selecting_paramcd_changes_plot_and_doesn_t_throw_validation_errors.">
      <skipped message="Reason: chromium ('test-shinytest2-tm_g_forest_rsp.R:187:3')"/>
    </testcase>
    <testcase time="0.0129999999999999" classname="shinytest2_tm_g_forest_rsp" name="e2e_tm_g_forest_rsp_Deselecting_paramcd_throws_validation_error.">
      <skipped message="Reason: chromium ('test-shinytest2-tm_g_forest_rsp.R:198:3')"/>
    </testcase>
    <testcase time="0.0129999999999999" classname="shinytest2_tm_g_forest_rsp" name="e2e_tm_g_forest_rsp_Selecting_responders_changes_plot_and_doesn_t_throw_validation_errors.">
      <skipped message="Reason: chromium ('test-shinytest2-tm_g_forest_rsp.R:211:3')"/>
    </testcase>
    <testcase time="0.0120000000000005" classname="shinytest2_tm_g_forest_rsp" name="e2e_tm_g_forest_rsp_Deselecting_responders_throws_validation_error.">
      <skipped message="Reason: chromium ('test-shinytest2-tm_g_forest_rsp.R:222:3')"/>
    </testcase>
    <testcase time="0.0129999999999999" classname="shinytest2_tm_g_forest_rsp" name="e2e_tm_g_forest_rsp_Selecting_subgroup_var_changes_plot_and_doesn_t_throw_validation_errors.">
      <skipped message="Reason: chromium ('test-shinytest2-tm_g_forest_rsp.R:235:3')"/>
    </testcase>
    <testcase time="0.0129999999999999" classname="shinytest2_tm_g_forest_rsp" name="e2e_tm_g_forest_rsp_Selecting_a_non_factors_column_in_subgroup_var_throws_validation_error.">
      <skipped message="Reason: chromium ('test-shinytest2-tm_g_forest_rsp.R:246:3')"/>
    </testcase>
    <testcase time="0.0129999999999999" classname="shinytest2_tm_g_forest_rsp" name="e2e_tm_g_forest_rsp_Deselecting_subgroup_var_changes_plot_and_doesn_t_throw_validation_errors.">
      <skipped message="Reason: chromium ('test-shinytest2-tm_g_forest_rsp.R:259:3')"/>
    </testcase>
    <testcase time="0.0120000000000005" classname="shinytest2_tm_g_forest_rsp" name="e2e_tm_g_forest_rsp_Selecting_strata_var_changes_plot_and_doesn_t_throw_validation_errors.">
      <skipped message="Reason: chromium ('test-shinytest2-tm_g_forest_rsp.R:270:3')"/>
    </testcase>
    <testcase time="0.0129999999999999" classname="shinytest2_tm_g_forest_rsp" name="e2e_tm_g_forest_rsp_Deselecting_strata_var_changes_plot_and_doesn_t_throw_validation_errors.">
      <skipped message="Reason: chromium ('test-shinytest2-tm_g_forest_rsp.R:281:3')"/>
    </testcase>
    <testcase time="0.0129999999999999" classname="shinytest2_tm_g_forest_rsp" name="e2e_tm_g_forest_rsp_Selecting_conf_level_changes_plot_and_doesn_t_throw_validation_errors.">
      <skipped message="Reason: chromium ('test-shinytest2-tm_g_forest_rsp.R:292:3')"/>
    </testcase>
    <testcase time="0.0120000000000005" classname="shinytest2_tm_g_forest_rsp" name="e2e_tm_g_forest_rsp_Deselecting_conf_level_or_selecting_outside_the_range_of_0_1_throws_validation_error.">
      <skipped message="Reason: chromium ('test-shinytest2-tm_g_forest_rsp.R:303:3')"/>
    </testcase>
    <testcase time="0.0120000000000005" classname="shinytest2_tm_g_forest_rsp" name="e2e_tm_g_forest_rsp_Unsetting_fixed_symbol_size_changes_plot_and_doesn_t_throw_validation_errors.">
      <skipped message="Reason: chromium ('test-shinytest2-tm_g_forest_rsp.R:322:3')"/>
    </testcase>
    <testcase time="0.0129999999999999" classname="shinytest2_tm_g_forest_rsp" name="e2e_tm_g_forest_rsp_Changing_rel_width_forest_changes_plot_and_doesn_t_throw_validation_errors.">
      <skipped message="Reason: chromium ('test-shinytest2-tm_g_forest_rsp.R:333:3')"/>
    </testcase>
    <testcase time="0.0129999999999999" classname="shinytest2_tm_g_forest_rsp" name="e2e_tm_g_forest_rsp_Changing_font_size_changes_plot_and_doesn_t_throw_validation_errors.">
      <skipped message="Reason: chromium ('test-shinytest2-tm_g_forest_rsp.R:344:3')"/>
    </testcase>
  </testsuite>
  <testsuite name="shinytest2-tm_g_forest_tte" timestamp="2025-10-16T11:17:05Z" hostname="69ce977a8e31" tests="7" skipped="7" failures="0" errors="0" time="0.096">
    <testcase time="0.0150000000000006" classname="shinytest2_tm_g_forest_tte" name="e2e_tm_g_forest_tte_Module_initializes_in_teal_without_errors_and_produces_output.">
      <skipped message="Reason: chromium ('test-shinytest2-tm_g_forest_tte.R:79:3')"/>
    </testcase>
    <testcase time="0.0129999999999999" classname="shinytest2_tm_g_forest_tte" name="e2e_tm_g_forest_tte_Starts_with_specified_label_paramcd_arm_var_buckets_paramcd_subgroup_var_strata_var_and_plot_settings.">
      <skipped message="Reason: chromium ('test-shinytest2-tm_g_forest_tte.R:95:5')"/>
    </testcase>
    <testcase time="0.0180000000000007" classname="shinytest2_tm_g_forest_tte" name="e2e_tm_g_forest_tte_Selection_of_paramcd_changes_the_element_and_does_not_throw_validation_errors.">
      <skipped message="Reason: chromium ('test-shinytest2-tm_g_forest_tte.R:154:5')"/>
    </testcase>
    <testcase time="0.0119999999999987" classname="shinytest2_tm_g_forest_tte" name="e2e_tm_g_forest_tte_Deselection_of_paramcd_filter_throws_validation_error.">
      <skipped message="Reason: chromium ('test-shinytest2-tm_g_forest_tte.R:166:3')"/>
    </testcase>
    <testcase time="0.0129999999999999" classname="shinytest2_tm_g_forest_tte" name="e2e_tm_g_forest_tte_Selection_of_arm_var_changes_the_element_and_does_not_throw_validation_errors.">
      <skipped message="Reason: chromium ('test-shinytest2-tm_g_forest_tte.R:187:5')"/>
    </testcase>
    <testcase time="0.0120000000000005" classname="shinytest2_tm_g_forest_tte" name="e2e_tm_g_forest_tte_Deselection_of_paramcd_var_throws_validation_error.">
      <skipped message="Reason: chromium ('test-shinytest2-tm_g_forest_tte.R:199:3')"/>
    </testcase>
    <testcase time="0.0129999999999999" classname="shinytest2_tm_g_forest_tte" name="e2e_tm_g_forest_tte_Selecting_conf_level_does_not_throw_validation_errors_and_changes_a_plot.">
      <skipped message="Reason: chromium ('test-shinytest2-tm_g_forest_tte.R:220:5')"/>
    </testcase>
  </testsuite>
  <testsuite name="shinytest2-tm_g_ipp" timestamp="2025-10-16T11:17:05Z" hostname="69ce977a8e31" tests="14" skipped="14" failures="0" errors="0" time="0.18">
    <testcase time="0.016" classname="shinytest2_tm_g_ipp" name="e2e_tm_g_ipp_Module_initializes_in_teal_without_errors_and_produces_plot_output.">
      <skipped message="Reason: chromium ('test-shinytest2-tm_g_ipp.R:68:3')"/>
    </testcase>
    <testcase time="0.0120000000000005" classname="shinytest2_tm_g_ipp" name="e2e_tm_g_ipp_Starts_with_specified_label_parentname_arm_var_paramcd_id_var_visit_var_aval_var_avalu_var_baseline_var_add_baseline_hline_separate_by_obs_suppress_legend_add_avalu.">
      <skipped message="Reason: chromium ('test-shinytest2-tm_g_ipp.R:85:5')"/>
    </testcase>
    <testcase time="0.0129999999999999" classname="shinytest2_tm_g_ipp" name="e2e_tm_g_ipp_Selecting_arm_var_changes_plot_and_doesn_t_throw_validation_errors.">
      <skipped message="Reason: chromium ('test-shinytest2-tm_g_ipp.R:137:3')"/>
    </testcase>
    <testcase time="0.0129999999999999" classname="shinytest2_tm_g_ipp" name="e2e_tm_g_ipp_Deselecting_arm_var_column_throws_validation_error.">
      <skipped message="Reason: chromium ('test-shinytest2-tm_g_ipp.R:153:3')"/>
    </testcase>
    <testcase time="0.0120000000000005" classname="shinytest2_tm_g_ipp" name="e2e_tm_g_ipp_Selecting_paramcd_changes_plot_and_doesn_t_throw_validation_errors.">
      <skipped message="Reason: chromium ('test-shinytest2-tm_g_ipp.R:167:3')"/>
    </testcase>
    <testcase time="0.0129999999999999" classname="shinytest2_tm_g_ipp" name="e2e_tm_g_ipp_Deselecting_paramcd_throws_validation_error.">
      <skipped message="Reason: chromium ('test-shinytest2-tm_g_ipp.R:183:3')"/>
    </testcase>
    <testcase time="0.0129999999999999" classname="shinytest2_tm_g_ipp" name="e2e_tm_g_ipp_Selecting_visit_var_changes_plot_and_doesn_t_throw_validation_errors.">
      <skipped message="Reason: chromium ('test-shinytest2-tm_g_ipp.R:197:3')"/>
    </testcase>
    <testcase time="0.0120000000000005" classname="shinytest2_tm_g_ipp" name="e2e_tm_g_ipp_Deselecting_visit_var_throws_validation_error.">
      <skipped message="Reason: chromium ('test-shinytest2-tm_g_ipp.R:213:3')"/>
    </testcase>
    <testcase time="0.0129999999999999" classname="shinytest2_tm_g_ipp" name="e2e_tm_g_ipp_Selecting_aval_var_changes_plot_and_doesn_t_throw_validation_errors.">
      <skipped message="Reason: chromium ('test-shinytest2-tm_g_ipp.R:227:3')"/>
    </testcase>
    <testcase time="0.0129999999999999" classname="shinytest2_tm_g_ipp" name="e2e_tm_g_ipp_Deselecting_aval_var_throws_validation_error.">
      <skipped message="Reason: chromium ('test-shinytest2-tm_g_ipp.R:243:3')"/>
    </testcase>
    <testcase time="0.0119999999999987" classname="shinytest2_tm_g_ipp" name="e2e_tm_g_ipp_Changing_add_baseline_hline_changes_plot_and_doesn_t_throw_validation_errors.">
      <skipped message="Reason: chromium ('test-shinytest2-tm_g_ipp.R:257:3')"/>
    </testcase>
    <testcase time="0.0129999999999999" classname="shinytest2_tm_g_ipp" name="e2e_tm_g_ipp_Changing_separate_by_obs_changes_plot_and_doesn_t_throw_validation_errors.">
      <skipped message="Reason: chromium ('test-shinytest2-tm_g_ipp.R:272:3')"/>
    </testcase>
    <testcase time="0.0130000000000017" classname="shinytest2_tm_g_ipp" name="e2e_tm_g_ipp_Changing_suppress_legend_changes_plot_and_doesn_t_throw_validation_errors.">
      <skipped message="Reason: chromium ('test-shinytest2-tm_g_ipp.R:288:3')"/>
    </testcase>
    <testcase time="0.0119999999999987" classname="shinytest2_tm_g_ipp" name="e2e_tm_g_ipp_Changing_add_avalu_changes_plot_and_doesn_t_throw_validation_errors.">
      <skipped message="Reason: chromium ('test-shinytest2-tm_g_ipp.R:304:3')"/>
    </testcase>
  </testsuite>
  <testsuite name="shinytest2-tm_g_km" timestamp="2025-10-16T11:17:06Z" hostname="69ce977a8e31" tests="27" skipped="27" failures="0" errors="0" time="0.354">
    <testcase time="0.0170000000000012" classname="shinytest2_tm_g_km" name="e2e_tm_g_km_Module_initializes_in_teal_without_errors_and_produces_plot_output.">
      <skipped message="Reason: chromium ('test-shinytest2-tm_g_km.R:81:3')"/>
    </testcase>
    <testcase time="0.0139999999999993" classname="shinytest2_tm_g_km" name="e2e_tm_g_km_Starts_with_specified_paramcd_aval_var_cnsr_var_facet_var_arm_var_compare_arms_strata_var.">
      <skipped message="Reason: chromium ('test-shinytest2-tm_g_km.R:97:5')"/>
    </testcase>
    <testcase time="0.0129999999999999" classname="shinytest2_tm_g_km" name="e2e_tm_g_km_Changing_paramcd_changes_the_plot_without_errors.">
      <skipped message="Reason: chromium ('test-shinytest2-tm_g_km.R:141:3')"/>
    </testcase>
    <testcase time="0.0129999999999999" classname="shinytest2_tm_g_km" name="e2e_tm_g_km_Changing_facet_var_changes_the_plot_without_errors.">
      <skipped message="Reason: chromium ('test-shinytest2-tm_g_km.R:152:3')"/>
    </testcase>
    <testcase time="0.0129999999999999" classname="shinytest2_tm_g_km" name="e2e_tm_g_km_Changing_arm_var_changes_the_plot_without_errors.">
      <skipped message="Reason: chromium ('test-shinytest2-tm_g_km.R:163:3')"/>
    </testcase>
    <testcase time="0.0180000000000007" classname="shinytest2_tm_g_km" name="e2e_tm_g_km_Changing_compare_arms_changes_the_plot_without_errors.">
      <skipped message="Reason: chromium ('test-shinytest2-tm_g_km.R:174:3')"/>
    </testcase>
    <testcase time="0.0119999999999987" classname="shinytest2_tm_g_km" name="e2e_tm_g_km_Changing_strata_var_changes_the_plot_without_errors.">
      <skipped message="Reason: chromium ('test-shinytest2-tm_g_km.R:185:3')"/>
    </testcase>
    <testcase time="0.0130000000000017" classname="shinytest2_tm_g_km" name="e2e_tm_g_km_Deselecting_paramcd_throws_validation_error.">
      <skipped message="Reason: chromium ('test-shinytest2-tm_g_km.R:196:3')"/>
    </testcase>
    <testcase time="0.0119999999999987" classname="shinytest2_tm_g_km" name="e2e_tm_g_km_Deselecting_arm_var_throws_validation_error.">
      <skipped message="Reason: chromium ('test-shinytest2-tm_g_km.R:215:3')"/>
    </testcase>
    <testcase time="0.0129999999999999" classname="shinytest2_tm_g_km" name="e2e_tm_g_km_Deselecting_compare_arms_sets_it_to_FALSE.">
      <skipped message="Reason: chromium ('test-shinytest2-tm_g_km.R:230:3')"/>
    </testcase>
    <testcase time="0.0120000000000005" classname="shinytest2_tm_g_km" name="e2e_tm_g_km_Deselecting_strata_var_does_not_throw_errors.">
      <skipped message="Reason: chromium ('test-shinytest2-tm_g_km.R:240:3')"/>
    </testcase>
    <testcase time="0.0129999999999999" classname="shinytest2_tm_g_km" name="e2e_tm_g_km_Starts_with_specified_groups.">
      <skipped message="Reason: chromium ('test-shinytest2-tm_g_km.R:251:3')"/>
    </testcase>
    <testcase time="0.0120000000000005" classname="shinytest2_tm_g_km" name="e2e_tm_g_km_Starts_with_specified_collapsed_comparison_settings.">
      <skipped message="Reason: chromium ('test-shinytest2-tm_g_km.R:271:3')"/>
    </testcase>
    <testcase time="0.0139999999999993" classname="shinytest2_tm_g_km" name="e2e_tm_g_km_Changing_pval_method_coxph_changes_the_plot_without_errors.">
      <skipped message="Reason: chromium ('test-shinytest2-tm_g_km.R:293:3')"/>
    </testcase>
    <testcase time="0.0129999999999999" classname="shinytest2_tm_g_km" name="e2e_tm_g_km_Changing_ties_coxph_changes_the_plot_without_errors.">
      <skipped message="Reason: chromium ('test-shinytest2-tm_g_km.R:304:3')"/>
    </testcase>
    <testcase time="0.0129999999999999" classname="shinytest2_tm_g_km" name="e2e_tm_g_km_Deselecting_pval_method_coxph_gives_no_validation_error.">
      <skipped message="Reason: chromium ('test-shinytest2-tm_g_km.R:315:3')"/>
    </testcase>
    <testcase time="0.0129999999999999" classname="shinytest2_tm_g_km" name="e2e_tm_g_km_Deselecting_ties_coxph_gives_no_validation_error.">
      <skipped message="Reason: chromium ('test-shinytest2-tm_g_km.R:324:3')"/>
    </testcase>
    <testcase time="0.0120000000000005" classname="shinytest2_tm_g_km" name="e2e_tm_g_km_Starts_with_specified_collapsed_additional_plot_settings.">
      <skipped message="Reason: chromium ('test-shinytest2-tm_g_km.R:335:3')"/>
    </testcase>
    <testcase time="0.0129999999999999" classname="shinytest2_tm_g_km" name="e2e_tm_g_km_Changing_xticks_changes_the_plot_and_does_not_throw_validation_errors.">
      <skipped message="Reason: chromium ('test-shinytest2-tm_g_km.R:377:7')"/>
    </testcase>
    <testcase time="0.0120000000000005" classname="shinytest2_tm_g_km" name="e2e_tm_g_km_Changing_yval_changes_the_plot_and_does_not_throw_validation_errors.">
      <skipped message="Reason: chromium ('test-shinytest2-tm_g_km.R:377:7')"/>
    </testcase>
    <testcase time="0.0120000000000005" classname="shinytest2_tm_g_km" name="e2e_tm_g_km_Changing_font_size_changes_the_plot_and_does_not_throw_validation_errors.">
      <skipped message="Reason: chromium ('test-shinytest2-tm_g_km.R:377:7')"/>
    </testcase>
    <testcase time="0.0129999999999999" classname="shinytest2_tm_g_km" name="e2e_tm_g_km_Changing_rel_height_plot_changes_the_plot_and_does_not_throw_validation_errors.">
      <skipped message="Reason: chromium ('test-shinytest2-tm_g_km.R:377:7')"/>
    </testcase>
    <testcase time="0.0129999999999999" classname="shinytest2_tm_g_km" name="e2e_tm_g_km_Changing_show_ci_ribbon_changes_the_plot_and_does_not_throw_validation_errors.">
      <skipped message="Reason: chromium ('test-shinytest2-tm_g_km.R:377:7')"/>
    </testcase>
    <testcase time="0.0120000000000005" classname="shinytest2_tm_g_km" name="e2e_tm_g_km_Changing_show_km_table_changes_the_plot_and_does_not_throw_validation_errors.">
      <skipped message="Reason: chromium ('test-shinytest2-tm_g_km.R:377:7')"/>
    </testcase>
    <testcase time="0.0129999999999999" classname="shinytest2_tm_g_km" name="e2e_tm_g_km_Changing_conf_level_changes_the_plot_and_does_not_throw_validation_errors.">
      <skipped message="Reason: chromium ('test-shinytest2-tm_g_km.R:377:7')"/>
    </testcase>
    <testcase time="0.0129999999999999" classname="shinytest2_tm_g_km" name="e2e_tm_g_km_Changing_xlab_changes_the_plot_and_does_not_throw_validation_errors.">
      <skipped message="Reason: chromium ('test-shinytest2-tm_g_km.R:377:7')"/>
    </testcase>
    <testcase time="0.0129999999999999" classname="shinytest2_tm_g_km" name="e2e_tm_g_km_Deselecting_conf_level_throws_validation_error.">
      <skipped message="Reason: chromium ('test-shinytest2-tm_g_km.R:399:3')"/>
    </testcase>
  </testsuite>
  <testsuite name="shinytest2-tm_g_lineplot" timestamp="2025-10-16T11:17:06Z" hostname="69ce977a8e31" tests="10" skipped="10" failures="0" errors="0" time="0.133">
    <testcase time="0.016" classname="shinytest2_tm_g_lineplot" name="e2e_tm_g_lineplot_Module_initializes_in_teal_without_errors.">
      <skipped message="Reason: chromium ('test-shinytest2-tm_g_lineplot.R:67:3')"/>
    </testcase>
    <testcase time="0.0129999999999999" classname="shinytest2_tm_g_lineplot" name="e2e_tm_g_lineplot_Starts_with_specified_label_param_group_var_y_x_mid_interval_incl_screen_plot_settings_and_table_settings.">
      <skipped message="Reason: chromium ('test-shinytest2-tm_g_lineplot.R:85:5')"/>
    </testcase>
    <testcase time="0.0169999999999995" classname="shinytest2_tm_g_lineplot" name="e2e_tm_g_lineplot_Selecting_param_changes_plot_and_doesn_t_throw_validation_errors.">
      <skipped message="Reason: chromium ('test-shinytest2-tm_g_lineplot.R:116:3')"/>
    </testcase>
    <testcase time="0.0119999999999987" classname="shinytest2_tm_g_lineplot" name="e2e_tm_g_lineplot_Deselecting_param_throws_validation_error.">
      <skipped message="Reason: chromium ('test-shinytest2-tm_g_lineplot.R:132:3')"/>
    </testcase>
    <testcase time="0.0120000000000005" classname="shinytest2_tm_g_lineplot" name="e2e_tm_g_lineplot_Selecting_group_var_changes_plot_and_doesn_t_throw_validation_errors.">
      <skipped message="Reason: chromium ('test-shinytest2-tm_g_lineplot.R:148:5')"/>
    </testcase>
    <testcase time="0.0129999999999999" classname="shinytest2_tm_g_lineplot" name="e2e_tm_g_lineplot_Deselecting_group_var_throws_validation_error.">
      <skipped message="Reason: chromium ('test-shinytest2-tm_g_lineplot.R:165:3')"/>
    </testcase>
    <testcase time="0.0120000000000005" classname="shinytest2_tm_g_lineplot" name="e2e_tm_g_lineplot_Selecting_y_changes_plot_and_doesn_t_throw_validation_errors.">
      <skipped message="Reason: chromium ('test-shinytest2-tm_g_lineplot.R:181:3')"/>
    </testcase>
    <testcase time="0.0129999999999999" classname="shinytest2_tm_g_lineplot" name="e2e_tm_g_lineplot_Deselecting_y_throws_validation_error.">
      <skipped message="Reason: chromium ('test-shinytest2-tm_g_lineplot.R:197:3')"/>
    </testcase>
    <testcase time="0.0120000000000005" classname="shinytest2_tm_g_lineplot" name="e2e_tm_g_lineplot_Selecting_conf_level_changes_plot_and_doesn_t_throw_validation_errors.">
      <skipped message="Reason: chromium ('test-shinytest2-tm_g_lineplot.R:213:3')"/>
    </testcase>
    <testcase time="0.0129999999999999" classname="shinytest2_tm_g_lineplot" name="e2e_tm_g_lineplot_Deselecting_conf_level_validation_error.">
      <skipped message="Reason: chromium ('test-shinytest2-tm_g_lineplot.R:229:3')"/>
    </testcase>
  </testsuite>
  <testsuite name="shinytest2-tm_g_pp_adverse_events" timestamp="2025-10-16T11:17:06Z" hostname="69ce977a8e31" tests="16" skipped="16" failures="0" errors="0" time="0.207">
    <testcase time="0.016" classname="shinytest2_tm_g_pp_adverse_events" name="e2e_tm_g_pp_adverse_events_Module_initializes_in_teal_without_any_errors_and_produces_the_plot_and_table.">
      <skipped message="Reason: chromium ('test-shinytest2-tm_g_pp_adverse_events.R:58:5')"/>
    </testcase>
    <testcase time="0.0129999999999999" classname="shinytest2_tm_g_pp_adverse_events" name="e2e_tm_g_pp_adverse_events_Module_initializes_with_specific_label_patient_id_aeterm_tox_grade_causality_outcome_action_time_decod.">
      <skipped message="Reason: chromium ('test-shinytest2-tm_g_pp_adverse_events.R:75:5')"/>
    </testcase>
    <testcase time="0.0120000000000005" classname="shinytest2_tm_g_pp_adverse_events" name="e2e_tm_g_pp_adverse_events_Selecting_patient_id_doesn_t_throw_errors_and_changes_the_plot_and_table.">
      <skipped message="Reason: chromium ('test-shinytest2-tm_g_pp_adverse_events.R:129:5')"/>
    </testcase>
    <testcase time="0.0129999999999999" classname="shinytest2_tm_g_pp_adverse_events" name="e2e_tm_g_pp_adverse_events_Deselecting_patient_id_throw_validation_error">
      <skipped message="Reason: chromium ('test-shinytest2-tm_g_pp_adverse_events.R:155:5')"/>
    </testcase>
    <testcase time="0.0129999999999999" classname="shinytest2_tm_g_pp_adverse_events" name="e2e_tm_g_pp_adverse_events_Selecting_aeterm_column_doesn_t_throw_errors_and_changes_the_plot_and_table.">
      <skipped message="Reason: chromium ('test-shinytest2-tm_g_pp_adverse_events.R:172:5')"/>
    </testcase>
    <testcase time="0.0129999999999999" classname="shinytest2_tm_g_pp_adverse_events" name="e2e_tm_g_pp_adverse_events_Deselecting_aeterm_column_throw_validation_error">
      <skipped message="Reason: chromium ('test-shinytest2-tm_g_pp_adverse_events.R:199:5')"/>
    </testcase>
    <testcase time="0.0120000000000005" classname="shinytest2_tm_g_pp_adverse_events" name="e2e_tm_g_pp_adverse_events_Selecting_tox_grade_column_doesn_t_throw_errors_and_changes_the_plot_and_table.">
      <skipped message="Reason: chromium ('test-shinytest2-tm_g_pp_adverse_events.R:216:5')"/>
    </testcase>
    <testcase time="0.0129999999999999" classname="shinytest2_tm_g_pp_adverse_events" name="e2e_tm_g_pp_adverse_events_Deselecting_tox_grade_column_throw_validation_error">
      <skipped message="Reason: chromium ('test-shinytest2-tm_g_pp_adverse_events.R:243:5')"/>
    </testcase>
    <testcase time="0.0129999999999999" classname="shinytest2_tm_g_pp_adverse_events" name="e2e_tm_g_pp_adverse_events_Selecting_causality_column_doesn_t_throw_errors_and_changes_the_plot_and_table.">
      <skipped message="Reason: chromium ('test-shinytest2-tm_g_pp_adverse_events.R:260:5')"/>
    </testcase>
    <testcase time="0.0129999999999999" classname="shinytest2_tm_g_pp_adverse_events" name="e2e_tm_g_pp_adverse_events_Deselecting_causality_column_throw_validation_error">
      <skipped message="Reason: chromium ('test-shinytest2-tm_g_pp_adverse_events.R:287:5')"/>
    </testcase>
    <testcase time="0.0119999999999987" classname="shinytest2_tm_g_pp_adverse_events" name="e2e_tm_g_pp_adverse_events_Selecting_outcome_column_doesn_t_throw_errors_and_changes_the_plot_and_table.">
      <skipped message="Reason: chromium ('test-shinytest2-tm_g_pp_adverse_events.R:304:5')"/>
    </testcase>
    <testcase time="0.0130000000000017" classname="shinytest2_tm_g_pp_adverse_events" name="e2e_tm_g_pp_adverse_events_Deselecting_outcome_column_throw_validation_error">
      <skipped message="Reason: chromium ('test-shinytest2-tm_g_pp_adverse_events.R:331:5')"/>
    </testcase>
    <testcase time="0.0129999999999999" classname="shinytest2_tm_g_pp_adverse_events" name="e2e_tm_g_pp_adverse_events_Selecting_action_column_doesn_t_throw_errors_and_changes_the_plot_and_table.">
      <skipped message="Reason: chromium ('test-shinytest2-tm_g_pp_adverse_events.R:348:5')"/>
    </testcase>
    <testcase time="0.0129999999999999" classname="shinytest2_tm_g_pp_adverse_events" name="e2e_tm_g_pp_adverse_events_Deselecting_action_column_throw_validation_error">
      <skipped message="Reason: chromium ('test-shinytest2-tm_g_pp_adverse_events.R:375:5')"/>
    </testcase>
    <testcase time="0.0119999999999987" classname="shinytest2_tm_g_pp_adverse_events" name="e2e_tm_g_pp_adverse_events_Selecting_time_column_doesn_t_throw_errors_and_changes_the_plot_and_table.">
      <skipped message="Reason: chromium ('test-shinytest2-tm_g_pp_adverse_events.R:392:5')"/>
    </testcase>
    <testcase time="0.0129999999999999" classname="shinytest2_tm_g_pp_adverse_events" name="e2e_tm_g_pp_adverse_events_Deselecting_time_column_throw_validation_error">
      <skipped message="Reason: chromium ('test-shinytest2-tm_g_pp_adverse_events.R:419:5')"/>
    </testcase>
  </testsuite>
  <testsuite name="shinytest2-tm_g_pp_patient_timeline" timestamp="2025-10-16T11:17:06Z" hostname="69ce977a8e31" tests="26" skipped="26" failures="0" errors="0" time="0.345">
    <testcase time="0.0220000000000002" classname="shinytest2_tm_g_pp_patient_timeline" name="e2e_tm_g_pp_patient_timeline_Module_initializes_in_teal_without_errors_and_produces_plot_output.">
      <skipped message="Reason: chromium ('test-shinytest2-tm_g_pp_patient_timeline.R:92:5')"/>
    </testcase>
    <testcase time="0.0129999999999999" classname="shinytest2_tm_g_pp_patient_timeline" name="e2e_tm_g_pp_patient_timeline_Starts_with_specified_label_patient_id_cmdecod_aeterm_aetime_start_aetime_end_dstime_start_dstime_end_aerelday_start_aerelday_end_dsrelday_start_dsrelday_en.">
      <skipped message="Reason: chromium ('test-shinytest2-tm_g_pp_patient_timeline.R:111:5')"/>
    </testcase>
    <testcase time="0.0120000000000005" classname="shinytest2_tm_g_pp_patient_timeline" name="e2e_tm_g_pp_patient_timeline_Encodings_aerelday_start_aerelday_end_dsrelday_start_dsrelday_end_are_shown_only_when_relday_x_axis_is_checked.">
      <skipped message="Reason: chromium ('test-shinytest2-tm_g_pp_patient_timeline.R:177:5')"/>
    </testcase>
    <testcase time="0.0129999999999999" classname="shinytest2_tm_g_pp_patient_timeline" name="e2e_tm_g_pp_patient_timeline_Encodings_aetime_start_aetime_end_dstime_start_dstime_end_are_shown_only_when_relday_x_axis_is_unchecked.">
      <skipped message="Reason: chromium ('test-shinytest2-tm_g_pp_patient_timeline.R:209:5')"/>
    </testcase>
    <testcase time="0.0120000000000005" classname="shinytest2_tm_g_pp_patient_timeline" name="e2e_tm_g_pp_patient_timeline_Selecting_patient_id_changes_plot_and_doesn_t_throw_validation_errors.">
      <skipped message="Reason: chromium ('test-shinytest2-tm_g_pp_patient_timeline.R:240:5')"/>
    </testcase>
    <testcase time="0.0120000000000005" classname="shinytest2_tm_g_pp_patient_timeline" name="e2e_tm_g_pp_patient_timeline_Deselecting_patient_id_column_throws_validation_error.">
      <skipped message="Reason: chromium ('test-shinytest2-tm_g_pp_patient_timeline.R:257:3')"/>
    </testcase>
    <testcase time="0.0129999999999999" classname="shinytest2_tm_g_pp_patient_timeline" name="e2e_tm_g_pp_patient_timeline_Selecting_cmdecod_changes_plot_and_doesn_t_throw_validation_errors.">
      <skipped message="Reason: chromium ('test-shinytest2-tm_g_pp_patient_timeline.R:273:5')"/>
    </testcase>
    <testcase time="0.0119999999999987" classname="shinytest2_tm_g_pp_patient_timeline" name="e2e_tm_g_pp_patient_timeline_Deselecting_cmdecod_changes_plot_and_doesn_t_throw_validation_error.">
      <skipped message="Reason: chromium ('test-shinytest2-tm_g_pp_patient_timeline.R:292:5')"/>
    </testcase>
    <testcase time="0.0129999999999999" classname="shinytest2_tm_g_pp_patient_timeline" name="e2e_tm_g_pp_patient_timeline_Selecting_aeterm_changes_plot_and_doesn_t_throw_validation_errors.">
      <skipped message="Reason: chromium ('test-shinytest2-tm_g_pp_patient_timeline.R:306:5')"/>
    </testcase>
    <testcase time="0.0130000000000017" classname="shinytest2_tm_g_pp_patient_timeline" name="e2e_tm_g_pp_patient_timeline_Deselecting_aeterm_changes_plot_and_doesn_t_throw_validation_error.">
      <skipped message="Reason: chromium ('test-shinytest2-tm_g_pp_patient_timeline.R:325:5')"/>
    </testcase>
    <testcase time="0.0129999999999999" classname="shinytest2_tm_g_pp_patient_timeline" name="e2e_tm_g_pp_patient_timeline_Selecting_aetime_start_changes_plot_and_doesn_t_throw_validation_errors.">
      <skipped message="Reason: chromium ('test-shinytest2-tm_g_pp_patient_timeline.R:339:5')"/>
    </testcase>
    <testcase time="0.0129999999999999" classname="shinytest2_tm_g_pp_patient_timeline" name="e2e_tm_g_pp_patient_timeline_Deselecting_aetime_start_throws_validation_error.">
      <skipped message="Reason: chromium ('test-shinytest2-tm_g_pp_patient_timeline.R:359:5')"/>
    </testcase>
    <testcase time="0.0119999999999987" classname="shinytest2_tm_g_pp_patient_timeline" name="e2e_tm_g_pp_patient_timeline_Selecting_aetime_end_changes_plot_and_doesn_t_throw_validation_errors.">
      <skipped message="Reason: chromium ('test-shinytest2-tm_g_pp_patient_timeline.R:377:5')"/>
    </testcase>
    <testcase time="0.0140000000000011" classname="shinytest2_tm_g_pp_patient_timeline" name="e2e_tm_g_pp_patient_timeline_Deselecting_aetime_end_throws_validation_error.">
      <skipped message="Reason: chromium ('test-shinytest2-tm_g_pp_patient_timeline.R:397:5')"/>
    </testcase>
    <testcase time="0.0129999999999999" classname="shinytest2_tm_g_pp_patient_timeline" name="e2e_tm_g_pp_patient_timeline_Selecting_aerelday_start_changes_plot_and_doesn_t_throw_validation_errors.">
      <skipped message="Reason: chromium ('test-shinytest2-tm_g_pp_patient_timeline.R:415:5')"/>
    </testcase>
    <testcase time="0.0120000000000005" classname="shinytest2_tm_g_pp_patient_timeline" name="e2e_tm_g_pp_patient_timeline_Deselecting_aerelday_start_throws_validation_error.">
      <skipped message="Reason: chromium ('test-shinytest2-tm_g_pp_patient_timeline.R:434:5')"/>
    </testcase>
    <testcase time="0.0129999999999999" classname="shinytest2_tm_g_pp_patient_timeline" name="e2e_tm_g_pp_patient_timeline_Selecting_aerelday_end_changes_plot_and_doesn_t_throw_validation_errors.">
      <skipped message="Reason: chromium ('test-shinytest2-tm_g_pp_patient_timeline.R:451:5')"/>
    </testcase>
    <testcase time="0.0129999999999999" classname="shinytest2_tm_g_pp_patient_timeline" name="e2e_tm_g_pp_patient_timeline_Deselecting_aerelday_end_throws_validation_error.">
      <skipped message="Reason: chromium ('test-shinytest2-tm_g_pp_patient_timeline.R:470:5')"/>
    </testcase>
    <testcase time="0.0119999999999987" classname="shinytest2_tm_g_pp_patient_timeline" name="e2e_tm_g_pp_patient_timeline_Selecting_dstime_start_changes_plot_and_doesn_t_throw_validation_errors.">
      <skipped message="Reason: chromium ('test-shinytest2-tm_g_pp_patient_timeline.R:487:5')"/>
    </testcase>
    <testcase time="0.0129999999999999" classname="shinytest2_tm_g_pp_patient_timeline" name="e2e_tm_g_pp_patient_timeline_Deselecting_dstime_start_throws_validation_error.">
      <skipped message="Reason: chromium ('test-shinytest2-tm_g_pp_patient_timeline.R:507:5')"/>
    </testcase>
    <testcase time="0.0130000000000017" classname="shinytest2_tm_g_pp_patient_timeline" name="e2e_tm_g_pp_patient_timeline_Selecting_dstime_end_changes_plot_and_doesn_t_throw_validation_errors.">
      <skipped message="Reason: chromium ('test-shinytest2-tm_g_pp_patient_timeline.R:525:5')"/>
    </testcase>
    <testcase time="0.0129999999999999" classname="shinytest2_tm_g_pp_patient_timeline" name="e2e_tm_g_pp_patient_timeline_Deselecting_dstime_end_throws_validation_error.">
      <skipped message="Reason: chromium ('test-shinytest2-tm_g_pp_patient_timeline.R:545:5')"/>
    </testcase>
    <testcase time="0.0129999999999999" classname="shinytest2_tm_g_pp_patient_timeline" name="e2e_tm_g_pp_patient_timeline_Selecting_dsrelday_start_changes_plot_and_doesn_t_throw_validation_errors.">
      <skipped message="Reason: chromium ('test-shinytest2-tm_g_pp_patient_timeline.R:563:5')"/>
    </testcase>
    <testcase time="0.0129999999999999" classname="shinytest2_tm_g_pp_patient_timeline" name="e2e_tm_g_pp_patient_timeline_Deselecting_dsrelday_start_throws_validation_error.">
      <skipped message="Reason: chromium ('test-shinytest2-tm_g_pp_patient_timeline.R:582:5')"/>
    </testcase>
    <testcase time="0.0179999999999989" classname="shinytest2_tm_g_pp_patient_timeline" name="e2e_tm_g_pp_patient_timeline_Selecting_dsrelday_end_changes_plot_and_doesn_t_throw_validation_errors.">
      <skipped message="Reason: chromium ('test-shinytest2-tm_g_pp_patient_timeline.R:599:5')"/>
    </testcase>
    <testcase time="0.0120000000000005" classname="shinytest2_tm_g_pp_patient_timeline" name="e2e_tm_g_pp_patient_timeline_Deselecting_dsrelday_end_throws_validation_error.">
      <skipped message="Reason: chromium ('test-shinytest2-tm_g_pp_patient_timeline.R:618:5')"/>
    </testcase>
  </testsuite>
  <testsuite name="shinytest2-tm_g_pp_therapy" timestamp="2025-10-16T11:17:07Z" hostname="69ce977a8e31" tests="23" skipped="23" failures="0" errors="0" time="0.302">
    <testcase time="0.016" classname="shinytest2_tm_g_pp_therapy" name="e2e_tm_g_pp_therapy_Module_initializes_in_teal_without_errors_and_produces_output.">
      <skipped message="Reason: chromium ('test-shinytest2-tm_g_pp_therapy.R:92:3')"/>
    </testcase>
    <testcase time="0.0129999999999999" classname="shinytest2_tm_g_pp_therapy" name="e2e_tm_g_pp_therapy_Starts_with_specified_label_paramcd_arm_var_buckets_paramcd_subgroup_var_strata_var_and_plot_settings.">
      <skipped message="Reason: chromium ('test-shinytest2-tm_g_pp_therapy.R:113:5')"/>
    </testcase>
    <testcase time="0.0120000000000005" classname="shinytest2_tm_g_pp_therapy" name="e2e_tm_g_pp_therapy_Selection_of_patient_id_changes_the_plot_and_table_without_any_validation_errors.">
      <skipped message="Reason: chromium ('test-shinytest2-tm_g_pp_therapy.R:156:7')"/>
    </testcase>
    <testcase time="0.0129999999999999" classname="shinytest2_tm_g_pp_therapy" name="e2e_tm_g_pp_therapy_Selection_of_cmdecod_changes_the_plot_and_table_without_any_validation_errors.">
      <skipped message="Reason: chromium ('test-shinytest2-tm_g_pp_therapy.R:156:7')"/>
    </testcase>
    <testcase time="0.0120000000000005" classname="shinytest2_tm_g_pp_therapy" name="e2e_tm_g_pp_therapy_Selection_of_atirel_changes_the_plot_and_table_without_any_validation_errors.">
      <skipped message="Reason: chromium ('test-shinytest2-tm_g_pp_therapy.R:156:7')"/>
    </testcase>
    <testcase time="0.0120000000000005" classname="shinytest2_tm_g_pp_therapy" name="e2e_tm_g_pp_therapy_Selection_of_cmindc_changes_the_plot_and_table_without_any_validation_errors.">
      <skipped message="Reason: chromium ('test-shinytest2-tm_g_pp_therapy.R:156:7')"/>
    </testcase>
    <testcase time="0.0129999999999999" classname="shinytest2_tm_g_pp_therapy" name="e2e_tm_g_pp_therapy_Selection_of_cmdose_changes_the_plot_and_table_without_any_validation_errors.">
      <skipped message="Reason: chromium ('test-shinytest2-tm_g_pp_therapy.R:156:7')"/>
    </testcase>
    <testcase time="0.0129999999999999" classname="shinytest2_tm_g_pp_therapy" name="e2e_tm_g_pp_therapy_Selection_of_cmdosu_changes_the_plot_and_table_without_any_validation_errors.">
      <skipped message="Reason: chromium ('test-shinytest2-tm_g_pp_therapy.R:156:7')"/>
    </testcase>
    <testcase time="0.0129999999999999" classname="shinytest2_tm_g_pp_therapy" name="e2e_tm_g_pp_therapy_Selection_of_cmroute_changes_the_plot_and_table_without_any_validation_errors.">
      <skipped message="Reason: chromium ('test-shinytest2-tm_g_pp_therapy.R:156:7')"/>
    </testcase>
    <testcase time="0.0120000000000005" classname="shinytest2_tm_g_pp_therapy" name="e2e_tm_g_pp_therapy_Selection_of_cmdosfrq_changes_the_plot_and_table_without_any_validation_errors.">
      <skipped message="Reason: chromium ('test-shinytest2-tm_g_pp_therapy.R:156:7')"/>
    </testcase>
    <testcase time="0.0129999999999999" classname="shinytest2_tm_g_pp_therapy" name="e2e_tm_g_pp_therapy_Selection_of_cmstdy_changes_the_plot_and_table_without_any_validation_errors.">
      <skipped message="Reason: chromium ('test-shinytest2-tm_g_pp_therapy.R:156:7')"/>
    </testcase>
    <testcase time="0.0129999999999999" classname="shinytest2_tm_g_pp_therapy" name="e2e_tm_g_pp_therapy_Selection_of_cmendy_changes_the_plot_and_table_without_any_validation_errors.">
      <skipped message="Reason: chromium ('test-shinytest2-tm_g_pp_therapy.R:156:7')"/>
    </testcase>
    <testcase time="0.0129999999999999" classname="shinytest2_tm_g_pp_therapy" name="e2e_tm_g_pp_therapy_Changing_font_size_changes_the_plot_and_does_not_throw_validation_errors.">
      <skipped message="Reason: chromium ('test-shinytest2-tm_g_pp_therapy.R:193:5')"/>
    </testcase>
    <testcase time="0.0129999999999999" classname="shinytest2_tm_g_pp_therapy" name="e2e_tm_g_pp_therapy_Deselection_of_patient_id_throws_validation_error.">
      <skipped message="Reason: chromium ('test-shinytest2-tm_g_pp_therapy.R:213:5')"/>
    </testcase>
    <testcase time="0.0120000000000005" classname="shinytest2_tm_g_pp_therapy" name="e2e_tm_g_pp_therapy_Deselection_of_cmdecod_throws_validation_error.">
      <skipped message="Reason: chromium ('test-shinytest2-tm_g_pp_therapy.R:213:5')"/>
    </testcase>
    <testcase time="0.0129999999999999" classname="shinytest2_tm_g_pp_therapy" name="e2e_tm_g_pp_therapy_Deselection_of_atirel_throws_validation_error.">
      <skipped message="Reason: chromium ('test-shinytest2-tm_g_pp_therapy.R:213:5')"/>
    </testcase>
    <testcase time="0.0129999999999999" classname="shinytest2_tm_g_pp_therapy" name="e2e_tm_g_pp_therapy_Deselection_of_cmindc_throws_validation_error.">
      <skipped message="Reason: chromium ('test-shinytest2-tm_g_pp_therapy.R:213:5')"/>
    </testcase>
    <testcase time="0.0129999999999999" classname="shinytest2_tm_g_pp_therapy" name="e2e_tm_g_pp_therapy_Deselection_of_cmdose_throws_validation_error.">
      <skipped message="Reason: chromium ('test-shinytest2-tm_g_pp_therapy.R:213:5')"/>
    </testcase>
    <testcase time="0.0129999999999999" classname="shinytest2_tm_g_pp_therapy" name="e2e_tm_g_pp_therapy_Deselection_of_cmdosu_throws_validation_error.">
      <skipped message="Reason: chromium ('test-shinytest2-tm_g_pp_therapy.R:213:5')"/>
    </testcase>
    <testcase time="0.0129999999999999" classname="shinytest2_tm_g_pp_therapy" name="e2e_tm_g_pp_therapy_Deselection_of_cmroute_throws_validation_error.">
      <skipped message="Reason: chromium ('test-shinytest2-tm_g_pp_therapy.R:213:5')"/>
    </testcase>
    <testcase time="0.0129999999999999" classname="shinytest2_tm_g_pp_therapy" name="e2e_tm_g_pp_therapy_Deselection_of_cmdosfrq_throws_validation_error.">
      <skipped message="Reason: chromium ('test-shinytest2-tm_g_pp_therapy.R:213:5')"/>
    </testcase>
    <testcase time="0.0129999999999999" classname="shinytest2_tm_g_pp_therapy" name="e2e_tm_g_pp_therapy_Deselection_of_cmstdy_throws_validation_error.">
      <skipped message="Reason: chromium ('test-shinytest2-tm_g_pp_therapy.R:213:5')"/>
    </testcase>
    <testcase time="0.0180000000000007" classname="shinytest2_tm_g_pp_therapy" name="e2e_tm_g_pp_therapy_Deselection_of_cmendy_throws_validation_error.">
      <skipped message="Reason: chromium ('test-shinytest2-tm_g_pp_therapy.R:213:5')"/>
    </testcase>
  </testsuite>
  <testsuite name="shinytest2-tm_g_pp_vitals" timestamp="2025-10-16T11:17:07Z" hostname="69ce977a8e31" tests="11" skipped="11" failures="0" errors="0" time="0.142">
    <testcase time="0.0149999999999988" classname="shinytest2_tm_g_pp_vitals" name="e2e_tm_g_pp_vitals_Module_initializes_in_teal_without_errors_and_produces_plot_output.">
      <skipped message="Reason: chromium ('test-shinytest2-tm_g_pp_vitals.R:39:3')"/>
    </testcase>
    <testcase time="0.0129999999999999" classname="shinytest2_tm_g_pp_vitals" name="e2e_tm_g_pp_vitals_Starts_with_specified_label_patient_id_paramcd_xaxis_aval_var_font_size_parentname_patient_col.">
      <skipped message="Reason: chromium ('test-shinytest2-tm_g_pp_vitals.R:59:5')"/>
    </testcase>
    <testcase time="0.0120000000000005" classname="shinytest2_tm_g_pp_vitals" name="e2e_tm_g_pp_vitals_Selecting_patient_id_changes_plot_and_doesn_t_throw_validation_errors.">
      <skipped message="Reason: chromium ('test-shinytest2-tm_g_pp_vitals.R:96:3')"/>
    </testcase>
    <testcase time="0.0129999999999999" classname="shinytest2_tm_g_pp_vitals" name="e2e_tm_g_pp_vitals_Deselecting_patient_id_column_throws_validation_error.">
      <skipped message="Reason: chromium ('test-shinytest2-tm_g_pp_vitals.R:112:3')"/>
    </testcase>
    <testcase time="0.0120000000000005" classname="shinytest2_tm_g_pp_vitals" name="e2e_tm_g_pp_vitals_Selecting_valid_paramcd_and_paramcd_levels_vals_changes_plot_and_doesn_t_throw_validation_errors.">
      <skipped message="Reason: chromium ('test-shinytest2-tm_g_pp_vitals.R:129:5')"/>
    </testcase>
    <testcase time="0.0129999999999999" classname="shinytest2_tm_g_pp_vitals" name="e2e_tm_g_pp_vitals_Deselecting_paramcd_throws_validation_error.">
      <skipped message="Reason: chromium ('test-shinytest2-tm_g_pp_vitals.R:166:3')"/>
    </testcase>
    <testcase time="0.0120000000000005" classname="shinytest2_tm_g_pp_vitals" name="e2e_tm_g_pp_vitals_Selecting_xaxis_changes_plot_and_doesn_t_throw_validation_errors.">
      <skipped message="Reason: chromium ('test-shinytest2-tm_g_pp_vitals.R:180:3')"/>
    </testcase>
    <testcase time="0.0129999999999999" classname="shinytest2_tm_g_pp_vitals" name="e2e_tm_g_pp_vitals_Deselecting_xaxis_column_throws_validation_error.">
      <skipped message="Reason: chromium ('test-shinytest2-tm_g_pp_vitals.R:196:3')"/>
    </testcase>
    <testcase time="0.0129999999999999" classname="shinytest2_tm_g_pp_vitals" name="e2e_tm_g_pp_vitals_Selecting_aval_var_changes_plot_and_doesn_t_throw_validation_errors.">
      <skipped message="Reason: chromium ('test-shinytest2-tm_g_pp_vitals.R:210:3')"/>
    </testcase>
    <testcase time="0.0129999999999999" classname="shinytest2_tm_g_pp_vitals" name="e2e_tm_g_pp_vitals_Deselecting_aval_var_column_throws_validation_error.">
      <skipped message="Reason: chromium ('test-shinytest2-tm_g_pp_vitals.R:226:3')"/>
    </testcase>
    <testcase time="0.0129999999999999" classname="shinytest2_tm_g_pp_vitals" name="e2e_tm_g_pp_vitals_Changing_font_size_changes_plot_and_doesn_t_throw_validation_error.">
      <skipped message="Reason: chromium ('test-shinytest2-tm_g_pp_vitals.R:240:3')"/>
    </testcase>
  </testsuite>
  <testsuite name="shinytest2-tm_t_abnormality" timestamp="2025-10-16T11:17:07Z" hostname="69ce977a8e31" tests="9" skipped="9" failures="0" errors="0" time="0.116">
    <testcase time="0.0150000000000006" classname="shinytest2_tm_t_abnormality" name="e2e_tm_t_abnormality_Module_initializes_in_teal_without_errors_and_produces_table_output.">
      <skipped message="Reason: chromium ('test-shinytest2-tm_t_abnormality.R:66:3')"/>
    </testcase>
    <testcase time="0.0129999999999999" classname="shinytest2_tm_t_abnormality" name="e2e_tm_t_abnormality_Starts_with_specified_label_arm_var_by_vars_add_total_exclude_base_abn_drop_arm_levels.">
      <skipped message="Reason: chromium ('test-shinytest2-tm_t_abnormality.R:82:5')"/>
    </testcase>
    <testcase time="0.0129999999999999" classname="shinytest2_tm_t_abnormality" name="e2e_tm_t_abnormality_Selecting_arm_var_changes_the_table_and_does_not_throw_validation_errors.">
      <skipped message="Reason: chromium ('test-shinytest2-tm_t_abnormality.R:116:5')"/>
    </testcase>
    <testcase time="0.0119999999999987" classname="shinytest2_tm_t_abnormality" name="e2e_arm_var_Deselection_of_arm_var_throws_validation_error.">
      <skipped message="Reason: chromium ('test-shinytest2-tm_t_abnormality.R:133:3')"/>
    </testcase>
    <testcase time="0.0130000000000017" classname="shinytest2_tm_t_abnormality" name="e2e_tm_t_abnormality_Selecting_by_vars_changes_the_table_and_does_not_throw_validation_errors.">
      <skipped message="Reason: chromium ('test-shinytest2-tm_t_abnormality.R:149:5')"/>
    </testcase>
    <testcase time="0.0129999999999999" classname="shinytest2_tm_t_abnormality" name="e2e_tm_t_abnormality_Deselection_of_by_vars_throws_validation_error.">
      <skipped message="Reason: chromium ('test-shinytest2-tm_t_abnormality.R:166:3')"/>
    </testcase>
    <testcase time="0.0119999999999987" classname="shinytest2_tm_t_abnormality" name="e2e_tm_t_abnormality_Changing_add_total_changes_the_table_and_does_not_throw_validation_errors.">
      <skipped message="Reason: chromium ('test-shinytest2-tm_t_abnormality.R:182:5')"/>
    </testcase>
    <testcase time="0.0119999999999987" classname="shinytest2_tm_t_abnormality" name="e2e_tm_t_abnormality_Changing_exclude_base_abn_changes_the_table_and_does_not_throw_validation_errors.">
      <skipped message="Reason: chromium ('test-shinytest2-tm_t_abnormality.R:201:5')"/>
    </testcase>
    <testcase time="0.0129999999999999" classname="shinytest2_tm_t_abnormality" name="e2e_tm_t_abnormality_Changing_drop_arm_levels_does_not_change_the_table_and_does_not_throw_validation_errors.">
      <skipped message="Reason: chromium ('test-shinytest2-tm_t_abnormality.R:220:5')"/>
    </testcase>
  </testsuite>
  <testsuite name="shinytest2-tm_t_abnormality_by_worst_grade" timestamp="2025-10-16T11:17:07Z" hostname="69ce977a8e31" tests="8" skipped="8" failures="0" errors="0" time="0.109">
    <testcase time="0.016" classname="shinytest2_tm_t_abnormality_by_worst_grade" name="e2e_tm_t_abnormality_by_worst_grade_Module_initializes_in_teal_without_errors_and_produces_table_output.">
      <skipped message="Reason: chromium ('test-shinytest2-tm_t_abnormality_by_worst_grade.R:61:5')"/>
    </testcase>
    <testcase time="0.0120000000000005" classname="shinytest2_tm_t_abnormality_by_worst_grade" name="e2e_tm_t_abnormality_by_worst_grade_Starts_with_specified_label_arm_var_paramcd_id_var_atoxgr_var_worst_high_flag_var_worst_low_flag_var_worst_flag_indicator_add_total_drop_arm_levels.">
      <skipped message="Reason: chromium ('test-shinytest2-tm_t_abnormality_by_worst_grade.R:78:5')"/>
    </testcase>
    <testcase time="0.0180000000000007" classname="shinytest2_tm_t_abnormality_by_worst_grade" name="e2e_tm_t_abnormality_by_worst_grade_Selecting_arm_var_changes_the_table_and_does_not_throw_validation_errors.">
      <skipped message="Reason: chromium ('test-shinytest2-tm_t_abnormality_by_worst_grade.R:123:5')"/>
    </testcase>
    <testcase time="0.0129999999999999" classname="shinytest2_tm_t_abnormality_by_worst_grade" name="e2e_tm_t_abnormality_by_worst_grade_Selecting_paramcd_changes_the_table_and_does_not_throw_validation_errors.">
      <skipped message="Reason: chromium ('test-shinytest2-tm_t_abnormality_by_worst_grade.R:142:5')"/>
    </testcase>
    <testcase time="0.0120000000000005" classname="shinytest2_tm_t_abnormality_by_worst_grade" name="e2e_tm_t_abnormality_by_worst_grade_Deselection_of_arm_var_throws_validation_error.">
      <skipped message="Reason: chromium ('test-shinytest2-tm_t_abnormality_by_worst_grade.R:159:3')"/>
    </testcase>
    <testcase time="0.0129999999999999" classname="shinytest2_tm_t_abnormality_by_worst_grade" name="e2e_tm_t_abnormality_by_worst_grade_Deselection_of_paramcd_throws_validation_error.">
      <skipped message="Reason: chromium ('test-shinytest2-tm_t_abnormality_by_worst_grade.R:173:3')"/>
    </testcase>
    <testcase time="0.0119999999999987" classname="shinytest2_tm_t_abnormality_by_worst_grade" name="e2e_tm_t_abnormality_by_worst_grade_Changing_add_total_changes_the_table_and_does_not_throw_validation_errors.">
      <skipped message="Reason: chromium ('test-shinytest2-tm_t_abnormality_by_worst_grade.R:191:5')"/>
    </testcase>
    <testcase time="0.0129999999999999" classname="shinytest2_tm_t_abnormality_by_worst_grade" name="e2e_tm_t_abnormality_by_worst_grade_Changing_drop_arm_levels_does_not_change_the_table_and_does_not_throw_validation_errors.">
      <skipped message="Reason: chromium ('test-shinytest2-tm_t_abnormality_by_worst_grade.R:211:5')"/>
    </testcase>
  </testsuite>
  <testsuite name="shinytest2-tm_t_ancova" timestamp="2025-10-16T11:17:07Z" hostname="69ce977a8e31" tests="12" skipped="12" failures="0" errors="0" time="0.155">
    <testcase time="0.0150000000000006" classname="shinytest2_tm_t_ancova" name="e2e_tm_t_ancova_Module_initializes_in_teal_without_errors_and_produces_table_output.">
      <skipped message="Reason: chromium ('test-shinytest2-tm_t_ancova.R:63:3')"/>
    </testcase>
    <testcase time="0.0129999999999999" classname="shinytest2_tm_t_ancova" name="e2e_tm_t_ancova_Starts_with_specified_label_avisit_paramcd_aval_var_aval_var_arm_var_buckets_combine_comp_arms_interact_var_cov_var_conf_level_include_interact.">
      <skipped message="Reason: chromium ('test-shinytest2-tm_t_ancova.R:78:5')"/>
    </testcase>
    <testcase time="0.0129999999999999" classname="shinytest2_tm_t_ancova" name="e2e_tm_t_ancova_Selecting_avisit_changes_the_table_and_does_not_throw_validation_errors.">
      <skipped message="Reason: chromium ('test-shinytest2-tm_t_ancova.R:134:5')"/>
    </testcase>
    <testcase time="0.0120000000000005" classname="shinytest2_tm_t_ancova" name="e2e_tm_t_ancova_Deselection_of_avisit_throws_validation_error.">
      <skipped message="Reason: chromium ('test-shinytest2-tm_t_ancova.R:154:3')"/>
    </testcase>
    <testcase time="0.0129999999999999" classname="shinytest2_tm_t_ancova" name="e2e_tm_t_ancova_Selecting_paramcd_changes_the_table_and_does_not_throw_validation_errors.">
      <skipped message="Reason: chromium ('test-shinytest2-tm_t_ancova.R:172:5')"/>
    </testcase>
    <testcase time="0.0129999999999999" classname="shinytest2_tm_t_ancova" name="e2e_tm_t_ancova_Deselection_of_paramcd_throws_validation_error.">
      <skipped message="Reason: chromium ('test-shinytest2-tm_t_ancova.R:189:3')"/>
    </testcase>
    <testcase time="0.0120000000000005" classname="shinytest2_tm_t_ancova" name="e2e_tm_t_ancova_Selecting_aval_var_changes_the_table_and_does_not_throw_validation_errors.">
      <skipped message="Reason: chromium ('test-shinytest2-tm_t_ancova.R:207:5')"/>
    </testcase>
    <testcase time="0.0129999999999999" classname="shinytest2_tm_t_ancova" name="e2e_tm_t_ancova_Deselection_of_aval_var_throws_validation_error.">
      <skipped message="Reason: chromium ('test-shinytest2-tm_t_ancova.R:224:3')"/>
    </testcase>
    <testcase time="0.0129999999999999" classname="shinytest2_tm_t_ancova" name="e2e_tm_t_ancova_Selecting_arm_var_changes_the_table_and_does_not_throw_validation_errors.">
      <skipped message="Reason: chromium ('test-shinytest2-tm_t_ancova.R:240:5')"/>
    </testcase>
    <testcase time="0.0129999999999999" classname="shinytest2_tm_t_ancova" name="e2e_tm_t_ancova_Deselection_of_arm_var_throws_validation_error.">
      <skipped message="Reason: chromium ('test-shinytest2-tm_t_ancova.R:257:3')"/>
    </testcase>
    <testcase time="0.0120000000000005" classname="shinytest2_tm_t_ancova" name="e2e_tm_t_ancova_Selecting_cov_var_changes_the_table_and_does_not_throw_validation_errors.">
      <skipped message="Reason: chromium ('test-shinytest2-tm_t_ancova.R:273:5')"/>
    </testcase>
    <testcase time="0.0129999999999999" classname="shinytest2_tm_t_ancova" name="e2e_tm_t_ancova_Deselection_of_cov_var_changes_table_and_doesn_t_throw_validation_error.">
      <skipped message="Reason: chromium ('test-shinytest2-tm_t_ancova.R:292:5')"/>
    </testcase>
  </testsuite>
  <testsuite name="shinytest2-tm_t_binary_outcome" timestamp="2025-10-16T11:17:07Z" hostname="69ce977a8e31" tests="10" skipped="10" failures="0" errors="0" time="0.155">
    <testcase time="0.016" classname="shinytest2_tm_t_binary_outcome" name="e2e_tm_t_binary_outcome_Module_initializes_in_teal_without_errors_and_produces_table_output.">
      <skipped message="Reason: chromium ('test-shinytest2-tm_t_binary_outcome.R:93:3')"/>
    </testcase>
    <testcase time="0.0129999999999999" classname="shinytest2_tm_t_binary_outcome" name="e2e_tm_t_binary_outcome_Starts_with_specified_label_paramcd_responders_arm_var_buckets_u_diff_ci_u_diff_test_strata_var_s_diff_ci_prop_ci_method_conf_level_aval_var_compare_arms_combine_comp_arms_u_odds_ratio_show_rsp_cat.">
      <skipped message="Reason: chromium ('test-shinytest2-tm_t_binary_outcome.R:109:5')"/>
    </testcase>
    <testcase time="0.0120000000000005" classname="shinytest2_tm_t_binary_outcome" name="e2e_tm_t_binary_outcome_Selecting_paramcd_changes_the_table_and_does_not_throw_validation_errors.">
      <skipped message="Reason: chromium ('test-shinytest2-tm_t_binary_outcome.R:175:5')"/>
    </testcase>
    <testcase time="0.0129999999999999" classname="shinytest2_tm_t_binary_outcome" name="e2e_tm_t_binary_outcome_Deselection_of_paramcd_throws_validation_error.">
      <skipped message="Reason: chromium ('test-shinytest2-tm_t_binary_outcome.R:192:3')"/>
    </testcase>
    <testcase time="0.0129999999999999" classname="shinytest2_tm_t_binary_outcome" name="e2e_tm_t_binary_outcome_Selecting_responders_changes_the_table_and_does_not_throw_validation_errors.">
      <skipped message="Reason: chromium ('test-shinytest2-tm_t_binary_outcome.R:210:5')"/>
    </testcase>
    <testcase time="0.0119999999999987" classname="shinytest2_tm_t_binary_outcome" name="e2e_tm_t_binary_outcome_Deselection_of_responders_throws_validation_error.">
      <skipped message="Reason: chromium ('test-shinytest2-tm_t_binary_outcome.R:227:3')"/>
    </testcase>
    <testcase time="0.0380000000000003" classname="shinytest2_tm_t_binary_outcome" name="e2e_tm_t_binary_outcome_Selecting_arm_var_changes_the_table_and_does_not_throw_validation_errors.">
      <skipped message="Reason: chromium ('test-shinytest2-tm_t_binary_outcome.R:243:5')"/>
    </testcase>
    <testcase time="0.0129999999999999" classname="shinytest2_tm_t_binary_outcome" name="e2e_tm_t_binary_outcome_Deselection_of_arm_var_throws_validation_error.">
      <skipped message="Reason: chromium ('test-shinytest2-tm_t_binary_outcome.R:260:3')"/>
    </testcase>
    <testcase time="0.0129999999999999" classname="shinytest2_tm_t_binary_outcome" name="e2e_tm_t_binary_outcome_Selecting_strata_var_changes_the_table_and_does_not_throw_validation_errors.">
      <skipped message="Reason: chromium ('test-shinytest2-tm_t_binary_outcome.R:276:5')"/>
    </testcase>
    <testcase time="0.0120000000000005" classname="shinytest2_tm_t_binary_outcome" name="e2e_tm_t_binary_outcome_Deselection_of_strata_var_changes_the_table_and_does_not_throw_validation_errors.">
      <skipped message="Reason: chromium ('test-shinytest2-tm_t_binary_outcome.R:296:5')"/>
    </testcase>
  </testsuite>
  <testsuite name="shinytest2-tm_t_coxreg" timestamp="2025-10-16T11:17:08Z" hostname="69ce977a8e31" tests="10" skipped="10" failures="0" errors="0" time="0.133">
    <testcase time="0.016" classname="shinytest2_tm_t_coxreg" name="e2e_tm_t_coxreg_Module_initializes_in_teal_without_errors_and_produces_table_output.">
      <skipped message="Reason: chromium ('test-shinytest2-tm_t_coxreg.R:62:3')"/>
    </testcase>
    <testcase time="0.0129999999999999" classname="shinytest2_tm_t_coxreg" name="e2e_tm_t_coxreg_Starts_with_specified_label_type_paramcd_arm_var_buckets_cov_var_strata_var_pval_method_ties_conf_level_combine_comp_arms.">
      <skipped message="Reason: chromium ('test-shinytest2-tm_t_coxreg.R:77:5')"/>
    </testcase>
    <testcase time="0.0150000000000006" classname="shinytest2_tm_t_coxreg" name="e2e_tm_t_coxreg_Selecting_paramcd_changes_the_table_and_does_not_throw_validation_errors.">
      <skipped message="Reason: chromium ('test-shinytest2-tm_t_coxreg.R:131:5')"/>
    </testcase>
    <testcase time="0.0129999999999999" classname="shinytest2_tm_t_coxreg" name="e2e_tm_t_coxreg_Deselection_of_paramcd_throws_validation_error.">
      <skipped message="Reason: chromium ('test-shinytest2-tm_t_coxreg.R:148:3')"/>
    </testcase>
    <testcase time="0.0129999999999999" classname="shinytest2_tm_t_coxreg" name="e2e_tm_t_coxreg_Selecting_arm_var_changes_the_table_and_does_not_throw_validation_errors.">
      <skipped message="Reason: chromium ('test-shinytest2-tm_t_coxreg.R:166:5')"/>
    </testcase>
    <testcase time="0.0120000000000005" classname="shinytest2_tm_t_coxreg" name="e2e_tm_t_coxreg_Deselection_of_arm_var_throws_validation_error.">
      <skipped message="Reason: chromium ('test-shinytest2-tm_t_coxreg.R:183:3')"/>
    </testcase>
    <testcase time="0.0129999999999999" classname="shinytest2_tm_t_coxreg" name="e2e_tm_t_coxreg_Selecting_cov_var_changes_the_table_and_does_not_throw_validation_errors.">
      <skipped message="Reason: chromium ('test-shinytest2-tm_t_coxreg.R:199:5')"/>
    </testcase>
    <testcase time="0.0129999999999999" classname="shinytest2_tm_t_coxreg" name="e2e_tm_t_coxreg_Deselection_of_cov_var_changes_the_table_and_does_not_throw_validation_errors.">
      <skipped message="Reason: chromium ('test-shinytest2-tm_t_coxreg.R:218:5')"/>
    </testcase>
    <testcase time="0.0120000000000005" classname="shinytest2_tm_t_coxreg" name="e2e_tm_t_coxreg_Selecting_strata_var_changes_the_table_and_does_not_throw_validation_errors.">
      <skipped message="Reason: chromium ('test-shinytest2-tm_t_coxreg.R:237:5')"/>
    </testcase>
    <testcase time="0.0129999999999999" classname="shinytest2_tm_t_coxreg" name="e2e_tm_t_coxreg_Deselection_of_strata_var_changes_the_table_and_does_not_throw_validation_errors.">
      <skipped message="Reason: chromium ('test-shinytest2-tm_t_coxreg.R:256:5')"/>
    </testcase>
  </testsuite>
  <testsuite name="shinytest2-tm_t_events" timestamp="2025-10-16T11:17:08Z" hostname="69ce977a8e31" tests="8" skipped="8" failures="0" errors="0" time="0.104">
    <testcase time="0.0149999999999988" classname="shinytest2_tm_t_events" name="e2e_tm_t_events_Module_initializes_in_teal_without_errors_and_produces_table_output.">
      <skipped message="Reason: chromium ('test-shinytest2-tm_t_events.R:44:3')"/>
    </testcase>
    <testcase time="0.0129999999999999" classname="shinytest2_tm_t_events" name="e2e_tm_t_events_Starts_with_specified_label_arm_var_hlt_llt_sort_criteria_prune_freq_prune_diff_add_total_drop_arm_levels.">
      <skipped message="Reason: chromium ('test-shinytest2-tm_t_events.R:59:5')"/>
    </testcase>
    <testcase time="0.0129999999999999" classname="shinytest2_tm_t_events" name="e2e_tm_t_events_Selecting_arm_var_changes_the_table_and_does_not_throw_validation_errors.">
      <skipped message="Reason: chromium ('test-shinytest2-tm_t_events.R:100:5')"/>
    </testcase>
    <testcase time="0.0120000000000005" classname="shinytest2_tm_t_events" name="e2e_tm_t_events_Deselection_of_arm_var_throws_validation_error.">
      <skipped message="Reason: chromium ('test-shinytest2-tm_t_events.R:117:3')"/>
    </testcase>
    <testcase time="0.0129999999999999" classname="shinytest2_tm_t_events" name="e2e_tm_t_events_Selecting_hlt_changes_the_table_and_does_not_throw_validation_errors.">
      <skipped message="Reason: chromium ('test-shinytest2-tm_t_events.R:133:5')"/>
    </testcase>
    <testcase time="0.0129999999999999" classname="shinytest2_tm_t_events" name="e2e_tm_t_events_Deselection_of_hlt_changes_the_table_and_does_not_throw_validation_errors.">
      <skipped message="Reason: chromium ('test-shinytest2-tm_t_events.R:152:5')"/>
    </testcase>
    <testcase time="0.0120000000000005" classname="shinytest2_tm_t_events" name="e2e_tm_t_events_Selecting_llt_changes_the_table_and_does_not_throw_validation_errors.">
      <skipped message="Reason: chromium ('test-shinytest2-tm_t_events.R:171:5')"/>
    </testcase>
    <testcase time="0.0129999999999999" classname="shinytest2_tm_t_events" name="e2e_tm_t_events_Deselection_of_llt_changes_the_table_and_does_not_throw_validation_errors.">
      <skipped message="Reason: chromium ('test-shinytest2-tm_t_events.R:190:5')"/>
    </testcase>
  </testsuite>
  <testsuite name="shinytest2-tm_t_events_by_grade" timestamp="2025-10-16T11:17:08Z" hostname="69ce977a8e31" tests="10" skipped="10" failures="0" errors="0" time="0.138">
    <testcase time="0.016" classname="shinytest2_tm_t_events_by_grade" name="e2e_tm_t_events_by_grade_Module_initializes_in_teal_without_errors_and_produces_table_output.">
      <skipped message="Reason: chromium ('test-shinytest2-tm_t_events_by_grade.R:56:5')"/>
    </testcase>
    <testcase time="0.0129999999999999" classname="shinytest2_tm_t_events_by_grade" name="e2e_tm_t_events_by_grade_Starts_with_specified_label_arm_var_hlt_llt_grade_prune_freq_prune_diff_add_total_col_by_grade_drop_arm_levels.">
      <skipped message="Reason: chromium ('test-shinytest2-tm_t_events_by_grade.R:72:5')"/>
    </testcase>
    <testcase time="0.0199999999999996" classname="shinytest2_tm_t_events_by_grade" name="e2e_tm_t_events_by_grade_Selecting_arm_var_changes_the_table_and_does_not_throw_validation_errors.">
      <skipped message="Reason: chromium ('test-shinytest2-tm_t_events_by_grade.R:113:5')"/>
    </testcase>
    <testcase time="0.0140000000000011" classname="shinytest2_tm_t_events_by_grade" name="e2e_tm_t_events_by_grade_Deselection_of_arm_var_throws_validation_error.">
      <skipped message="Reason: chromium ('test-shinytest2-tm_t_events_by_grade.R:130:3')"/>
    </testcase>
    <testcase time="0.0119999999999987" classname="shinytest2_tm_t_events_by_grade" name="e2e_tm_t_events_by_grade_Selecting_hlt_changes_the_table_and_does_not_throw_validation_errors.">
      <skipped message="Reason: chromium ('test-shinytest2-tm_t_events_by_grade.R:146:5')"/>
    </testcase>
    <testcase time="0.0130000000000017" classname="shinytest2_tm_t_events_by_grade" name="e2e_tm_t_events_by_grade_Deselection_of_hlt_changes_the_table_and_does_not_throw_validation_errors.">
      <skipped message="Reason: chromium ('test-shinytest2-tm_t_events_by_grade.R:165:5')"/>
    </testcase>
    <testcase time="0.0129999999999999" classname="shinytest2_tm_t_events_by_grade" name="e2e_tm_t_events_by_grade_Selecting_llt_changes_the_table_and_does_not_throw_validation_errors.">
      <skipped message="Reason: chromium ('test-shinytest2-tm_t_events_by_grade.R:184:5')"/>
    </testcase>
    <testcase time="0.0119999999999987" classname="shinytest2_tm_t_events_by_grade" name="e2e_tm_t_events_by_grade_Deselection_of_llt_changes_the_table_and_does_not_throw_validation_errors.">
      <skipped message="Reason: chromium ('test-shinytest2-tm_t_events_by_grade.R:203:5')"/>
    </testcase>
    <testcase time="0.0129999999999999" classname="shinytest2_tm_t_events_by_grade" name="e2e_tm_t_events_by_grade_Selecting_grade_changes_the_table_and_does_not_throw_validation_errors.">
      <skipped message="Reason: chromium ('test-shinytest2-tm_t_events_by_grade.R:222:5')"/>
    </testcase>
    <testcase time="0.0120000000000005" classname="shinytest2_tm_t_events_by_grade" name="e2e_tm_t_events_by_grade_Deselection_of_grade_throws_validation_error.">
      <skipped message="Reason: chromium ('test-shinytest2-tm_t_events_by_grade.R:239:3')"/>
    </testcase>
  </testsuite>
  <testsuite name="shinytest2-tm_t_events_patyear" timestamp="2025-10-16T11:17:08Z" hostname="69ce977a8e31" tests="7" skipped="7" failures="0" errors="0" time="0.092">
    <testcase time="0.016" classname="shinytest2_tm_t_events_patyear" name="e2e_tm_t_events_patyear_Module_initializes_in_teal_without_errors_and_produces_table_output.">
      <skipped message="Reason: chromium ('test-shinytest2-tm_t_events_patyear.R:58:3')"/>
    </testcase>
    <testcase time="0.0129999999999999" classname="shinytest2_tm_t_events_patyear" name="e2e_tm_t_events_patyear_Starts_with_specified_label_arm_var_paramcd_conf_level_conf_method_num_pt_year_input_time_unit_add_total_drop_arm_levels.">
      <skipped message="Reason: chromium ('test-shinytest2-tm_t_events_patyear.R:73:5')"/>
    </testcase>
    <testcase time="0.0120000000000005" classname="shinytest2_tm_t_events_patyear" name="e2e_tm_t_events_patyear_Selecting_paramcd_changes_the_table_and_does_not_throw_validation_errors.">
      <skipped message="Reason: chromium ('test-shinytest2-tm_t_events_patyear.R:113:5')"/>
    </testcase>
    <testcase time="0.0129999999999999" classname="shinytest2_tm_t_events_patyear" name="e2e_tm_t_events_patyear_Deselection_of_paramcd_throws_validation_error.">
      <skipped message="Reason: chromium ('test-shinytest2-tm_t_events_patyear.R:130:3')"/>
    </testcase>
    <testcase time="0.0129999999999999" classname="shinytest2_tm_t_events_patyear" name="e2e_tm_t_events_patyear_Selecting_arm_var_changes_the_table_and_does_not_throw_validation_errors.">
      <skipped message="Reason: chromium ('test-shinytest2-tm_t_events_patyear.R:151:5')"/>
    </testcase>
    <testcase time="0.0120000000000005" classname="shinytest2_tm_t_events_patyear" name="e2e_tm_t_events_patyear_Deselection_of_arm_var_throws_validation_error.">
      <skipped message="Reason: chromium ('test-shinytest2-tm_t_events_patyear.R:168:3')"/>
    </testcase>
    <testcase time="0.0129999999999999" classname="shinytest2_tm_t_events_patyear" name="e2e_tm_t_events_patyear_Selecting_2_variables_as_arm_var_changes_the_table_and_does_not_throw_validation_errors.">
      <skipped message="Reason: chromium ('test-shinytest2-tm_t_events_patyear.R:187:5')"/>
    </testcase>
  </testsuite>
  <testsuite name="shinytest2-tm_t_events_summary" timestamp="2025-10-16T11:17:08Z" hostname="69ce977a8e31" tests="8" skipped="8" failures="0" errors="0" time="0.104">
    <testcase time="0.016" classname="shinytest2_tm_t_events_summary" name="e2e_tm_t_events_summary_Module_initializes_in_teal_without_errors_and_produces_table_output.">
      <skipped message="Reason: chromium ('test-shinytest2-tm_t_events_summary.R:97:3')"/>
    </testcase>
    <testcase time="0.0120000000000005" classname="shinytest2_tm_t_events_summary" name="e2e_tm_t_events_summary_Starts_with_specified_label_arm_var_flag_var_anl_flag_var_aesi_add_total_count_subj_count_pt_count_events.">
      <skipped message="Reason: chromium ('test-shinytest2-tm_t_events_summary.R:112:5')"/>
    </testcase>
    <testcase time="0.0120000000000005" classname="shinytest2_tm_t_events_summary" name="e2e_tm_t_events_summary_Selecting_arm_var_changes_the_table_and_does_not_throw_validation_errors.">
      <skipped message="Reason: chromium ('test-shinytest2-tm_t_events_summary.R:142:5')"/>
    </testcase>
    <testcase time="0.0129999999999999" classname="shinytest2_tm_t_events_summary" name="e2e_tm_t_events_summary_Deselection_of_arm_var_throws_validation_error.">
      <skipped message="Reason: chromium ('test-shinytest2-tm_t_events_summary.R:159:3')"/>
    </testcase>
    <testcase time="0.0129999999999999" classname="shinytest2_tm_t_events_summary" name="e2e_tm_t_events_summary_Selecting_flag_var_anl_changes_the_table_and_does_not_throw_validation_errors.">
      <skipped message="Reason: chromium ('test-shinytest2-tm_t_events_summary.R:175:5')"/>
    </testcase>
    <testcase time="0.0120000000000005" classname="shinytest2_tm_t_events_summary" name="e2e_tm_t_events_summary_Deselection_of_flag_var_anl_changes_the_table_and_does_not_throw_validation_errors.">
      <skipped message="Reason: chromium ('test-shinytest2-tm_t_events_summary.R:195:5')"/>
    </testcase>
    <testcase time="0.0129999999999999" classname="shinytest2_tm_t_events_summary" name="e2e_tm_t_events_summary_Selecting_flag_var_aesi_changes_the_table_and_does_not_throw_validation_errors.">
      <skipped message="Reason: chromium ('test-shinytest2-tm_t_events_summary.R:215:5')"/>
    </testcase>
    <testcase time="0.0129999999999999" classname="shinytest2_tm_t_events_summary" name="e2e_tm_t_events_summary_Deselection_of_flag_var_aesi_changes_the_table_and_does_not_throw_validation_errors.">
      <skipped message="Reason: chromium ('test-shinytest2-tm_t_events_summary.R:235:5')"/>
    </testcase>
  </testsuite>
  <testsuite name="shinytest2-tm_t_exposure" timestamp="2025-10-16T11:17:08Z" hostname="69ce977a8e31" tests="10" skipped="10" failures="0" errors="0" time="0.138">
    <testcase time="0.016" classname="shinytest2_tm_t_exposure" name="e2e_tm_t_exposure_Module_initializes_in_teal_without_errors_and_produces_table_output.">
      <skipped message="Reason: chromium ('test-shinytest2-tm_t_exposure.R:74:3')"/>
    </testcase>
    <testcase time="0.0190000000000001" classname="shinytest2_tm_t_exposure" name="e2e_tm_t_exposure_Starts_with_specified_label_paramcd_parcat_col_by_var_row_by_var_add_total_row_add_total">
      <skipped message="Reason: chromium ('test-shinytest2-tm_t_exposure.R:89:5')"/>
    </testcase>
    <testcase time="0.0139999999999993" classname="shinytest2_tm_t_exposure" name="e2e_tm_t_exposure_Selecting_paramcd_changes_the_table_and_does_not_throw_validation_errors.">
      <skipped message="Reason: chromium ('test-shinytest2-tm_t_exposure.R:121:5')"/>
    </testcase>
    <testcase time="0.0129999999999999" classname="shinytest2_tm_t_exposure" name="e2e_tm_t_exposure_Deselection_of_paramcd_throws_validation_error.">
      <skipped message="Reason: chromium ('test-shinytest2-tm_t_exposure.R:138:3')"/>
    </testcase>
    <testcase time="0.0129999999999999" classname="shinytest2_tm_t_exposure" name="e2e_tm_t_exposure_Selecting_parcat_changes_the_table_and_does_not_throw_validation_errors.">
      <skipped message="Reason: chromium ('test-shinytest2-tm_t_exposure.R:156:5')"/>
    </testcase>
    <testcase time="0.0120000000000005" classname="shinytest2_tm_t_exposure" name="e2e_tm_t_exposure_Deselection_of_parcat_throws_validation_error.">
      <skipped message="Reason: chromium ('test-shinytest2-tm_t_exposure.R:173:3')"/>
    </testcase>
    <testcase time="0.0129999999999999" classname="shinytest2_tm_t_exposure" name="e2e_tm_t_exposure_Selecting_col_by_var_changes_the_table_and_does_not_throw_validation_errors.">
      <skipped message="Reason: chromium ('test-shinytest2-tm_t_exposure.R:191:5')"/>
    </testcase>
    <testcase time="0.0120000000000005" classname="shinytest2_tm_t_exposure" name="e2e_tm_t_exposure_Deselection_of_col_by_var_changes_the_table_and_does_not_throw_validation_errors.">
      <skipped message="Reason: chromium ('test-shinytest2-tm_t_exposure.R:210:5')"/>
    </testcase>
    <testcase time="0.0129999999999999" classname="shinytest2_tm_t_exposure" name="e2e_tm_t_exposure_Selecting_row_by_var_changes_the_table_and_does_not_throw_validation_errors.">
      <skipped message="Reason: chromium ('test-shinytest2-tm_t_exposure.R:229:5')"/>
    </testcase>
    <testcase time="0.0129999999999999" classname="shinytest2_tm_t_exposure" name="e2e_tm_t_exposure_Deselection_of_row_by_var_throws_validation_error.">
      <skipped message="Reason: chromium ('test-shinytest2-tm_t_exposure.R:246:3')"/>
    </testcase>
  </testsuite>
  <testsuite name="shinytest2-tm_t_logistic" timestamp="2025-10-16T11:17:08Z" hostname="69ce977a8e31" tests="8" skipped="8" failures="0" errors="0" time="0.105">
    <testcase time="0.016" classname="shinytest2_tm_t_logistic" name="e2e_tm_t_logistic_Module_initializes_in_teal_without_errors_and_produces_table_output.">
      <skipped message="Reason: chromium ('test-shinytest2-tm_t_logistic.R:56:3')"/>
    </testcase>
    <testcase time="0.0119999999999987" classname="shinytest2_tm_t_logistic" name="e2e_tm_t_logistic_Starts_with_specified_label_paramcd_responders_arm_var_buckets_cov_var_interaction_var_conf_level_combine_comp_arms.">
      <skipped message="Reason: chromium ('test-shinytest2-tm_t_logistic.R:71:5')"/>
    </testcase>
    <testcase time="0.0129999999999999" classname="shinytest2_tm_t_logistic" name="e2e_tm_t_logistic_Selecting_paramcd_changes_the_table_and_does_not_throw_validation_errors.">
      <skipped message="Reason: chromium ('test-shinytest2-tm_t_logistic.R:114:5')"/>
    </testcase>
    <testcase time="0.0130000000000017" classname="shinytest2_tm_t_logistic" name="e2e_tm_t_logistic_Deselection_of_paramcd_throws_validation_error.">
      <skipped message="Reason: chromium ('test-shinytest2-tm_t_logistic.R:131:3')"/>
    </testcase>
    <testcase time="0.0119999999999987" classname="shinytest2_tm_t_logistic" name="e2e_tm_t_logistic_Selecting_arm_var_changes_the_table_and_does_not_throw_validation_errors.">
      <skipped message="Reason: chromium ('test-shinytest2-tm_t_logistic.R:149:5')"/>
    </testcase>
    <testcase time="0.0129999999999999" classname="shinytest2_tm_t_logistic" name="e2e_tm_t_logistic_Deselection_of_arm_var_throws_validation_error.">
      <skipped message="Reason: chromium ('test-shinytest2-tm_t_logistic.R:166:3')"/>
    </testcase>
    <testcase time="0.0129999999999999" classname="shinytest2_tm_t_logistic" name="e2e_tm_t_logistic_Selecting_cov_var_changes_the_table_and_does_not_throw_validation_errors.">
      <skipped message="Reason: chromium ('test-shinytest2-tm_t_logistic.R:182:5')"/>
    </testcase>
    <testcase time="0.0129999999999999" classname="shinytest2_tm_t_logistic" name="e2e_tm_t_logistic_Deselection_of_cov_var_throws_validation_error.">
      <skipped message="Reason: chromium ('test-shinytest2-tm_t_logistic.R:199:3')"/>
    </testcase>
  </testsuite>
  <testsuite name="shinytest2-tm_t_mult_events" timestamp="2025-10-16T11:17:08Z" hostname="69ce977a8e31" tests="7" skipped="7" failures="0" errors="0" time="0.092">
    <testcase time="0.0150000000000006" classname="shinytest2_tm_t_mult_events" name="e2e_tm_t_mult_events_Module_initializes_in_teal_without_errors_and_produces_table_output.">
      <skipped message="Reason: chromium ('test-shinytest2-tm_t_mult_events.R:43:3')"/>
    </testcase>
    <testcase time="0.0129999999999999" classname="shinytest2_tm_t_mult_events" name="e2e_tm_t_mult_events_Starts_with_specified_label_arm_var_hlt_llt_add_total_drop_arm_levels.">
      <skipped message="Reason: chromium ('test-shinytest2-tm_t_mult_events.R:57:5')"/>
    </testcase>
    <testcase time="0.0129999999999999" classname="shinytest2_tm_t_mult_events" name="e2e_tm_t_mult_events_Selecting_arm_var_changes_the_table_and_does_not_throw_validation_errors.">
      <skipped message="Reason: chromium ('test-shinytest2-tm_t_mult_events.R:85:5')"/>
    </testcase>
    <testcase time="0.0129999999999999" classname="shinytest2_tm_t_mult_events" name="e2e_tm_t_mult_events_Deselection_of_arm_var_throws_validation_error.">
      <skipped message="Reason: chromium ('test-shinytest2-tm_t_mult_events.R:102:3')"/>
    </testcase>
    <testcase time="0.0129999999999999" classname="shinytest2_tm_t_mult_events" name="e2e_tm_t_mult_events_Selecting_hlt_changes_the_table_and_does_not_throw_validation_errors.">
      <skipped message="Reason: chromium ('test-shinytest2-tm_t_mult_events.R:118:5')"/>
    </testcase>
    <testcase time="0.0129999999999999" classname="shinytest2_tm_t_mult_events" name="e2e_tm_t_mult_events_Deselection_of_hlt_changes_the_table_and_does_not_throw_validation_errors.">
      <skipped message="Reason: chromium ('test-shinytest2-tm_t_mult_events.R:137:5')"/>
    </testcase>
    <testcase time="0.0120000000000005" classname="shinytest2_tm_t_mult_events" name="e2e_tm_t_mult_events_Deselection_of_llt_throws_validation_error.">
      <skipped message="Reason: chromium ('test-shinytest2-tm_t_mult_events.R:154:3')"/>
    </testcase>
  </testsuite>
  <testsuite name="shinytest2-tm_t_pp_basic_info" timestamp="2025-10-16T11:17:09Z" hostname="69ce977a8e31" tests="6" skipped="6" failures="0" errors="0" time="0.087">
    <testcase time="0.0220000000000002" classname="shinytest2_tm_t_pp_basic_info" name="e2e_tm_t_pp_basic_info_Module_initializes_in_teal_without_errors_and_produces_table_output.">
      <skipped message="Reason: chromium ('test-shinytest2-tm_t_pp_basic_info.R:27:3')"/>
    </testcase>
    <testcase time="0.0150000000000006" classname="shinytest2_tm_t_pp_basic_info" name="e2e_tm_t_pp_basic_info_Starts_with_specified_label_patient_id_vars.">
      <skipped message="Reason: chromium ('test-shinytest2-tm_t_pp_basic_info.R:39:3')"/>
    </testcase>
    <testcase time="0.0129999999999999" classname="shinytest2_tm_t_pp_basic_info" name="e2e_tm_t_pp_basic_info_Selecting_patient_id_changes_the_table_and_does_not_throw_validation_errors.">
      <skipped message="Reason: chromium ('test-shinytest2-tm_t_pp_basic_info.R:60:5')"/>
    </testcase>
    <testcase time="0.0119999999999987" classname="shinytest2_tm_t_pp_basic_info" name="e2e_tm_t_pp_basic_info_Deselection_of_patient_id_throws_validation_error_and_table_is_not_visible.">
      <skipped message="Reason: chromium ('test-shinytest2-tm_t_pp_basic_info.R:79:5')"/>
    </testcase>
    <testcase time="0.0130000000000017" classname="shinytest2_tm_t_pp_basic_info" name="e2e_tm_t_pp_basic_info_Selecting_cov_var_changes_the_table_and_does_not_throw_validation_errors.">
      <skipped message="Reason: chromium ('test-shinytest2-tm_t_pp_basic_info.R:101:5')"/>
    </testcase>
    <testcase time="0.0119999999999987" classname="shinytest2_tm_t_pp_basic_info" name="e2e_tm_t_pp_basic_info_Deselection_of_cov_var_throws_validation_error.">
      <skipped message="Reason: chromium ('test-shinytest2-tm_t_pp_basic_info.R:121:3')"/>
    </testcase>
  </testsuite>
  <testsuite name="shinytest2-tm_t_pp_laboratory" timestamp="2025-10-16T11:17:09Z" hostname="69ce977a8e31" tests="16" skipped="16" failures="0" errors="0" time="0.207">
    <testcase time="0.016" classname="shinytest2_tm_t_pp_laboratory" name="e2e_tm_t_pp_laboratory_Module_initializes_in_teal_without_errors_and_produces_table_output.">
      <skipped message="Reason: chromium ('test-shinytest2-tm_t_pp_laboratory.R:49:3')"/>
    </testcase>
    <testcase time="0.0129999999999999" classname="shinytest2_tm_t_pp_laboratory" name="e2e_tm_t_pp_laboratory_Starts_with_specified_label_patient_id_paramcd_param_timepoints_aval_var_avalu_var_anrind_round_value.">
      <skipped message="Reason: chromium ('test-shinytest2-tm_t_pp_laboratory.R:64:5')"/>
    </testcase>
    <testcase time="0.0120000000000005" classname="shinytest2_tm_t_pp_laboratory" name="e2e_tm_t_pp_laboratory_Selecting_patient_id_changes_the_table_and_does_not_throw_validation_errors.">
      <skipped message="Reason: chromium ('test-shinytest2-tm_t_pp_laboratory.R:111:5')"/>
    </testcase>
    <testcase time="0.0129999999999999" classname="shinytest2_tm_t_pp_laboratory" name="e2e_tm_t_pp_laboratory_Deselection_of_patient_id_throws_validation_error.">
      <skipped message="Reason: chromium ('test-shinytest2-tm_t_pp_laboratory.R:128:3')"/>
    </testcase>
    <testcase time="0.0129999999999999" classname="shinytest2_tm_t_pp_laboratory" name="e2e_tm_t_pp_laboratory_Selecting_paramcd_changes_the_table_and_does_not_throw_validation_errors.">
      <skipped message="Reason: chromium ('test-shinytest2-tm_t_pp_laboratory.R:150:5')"/>
    </testcase>
    <testcase time="0.0129999999999999" classname="shinytest2_tm_t_pp_laboratory" name="e2e_tm_t_pp_laboratory_Deselection_of_paramcd_throws_validation_error.">
      <skipped message="Reason: chromium ('test-shinytest2-tm_t_pp_laboratory.R:167:3')"/>
    </testcase>
    <testcase time="0.0120000000000005" classname="shinytest2_tm_t_pp_laboratory" name="e2e_tm_t_pp_laboratory_Selecting_param_changes_the_table_and_does_not_throw_validation_errors.">
      <skipped message="Reason: chromium ('test-shinytest2-tm_t_pp_laboratory.R:189:5')"/>
    </testcase>
    <testcase time="0.0129999999999999" classname="shinytest2_tm_t_pp_laboratory" name="e2e_tm_t_pp_laboratory_Deselection_of_param_throws_validation_error.">
      <skipped message="Reason: chromium ('test-shinytest2-tm_t_pp_laboratory.R:208:5')"/>
    </testcase>
    <testcase time="0.0129999999999999" classname="shinytest2_tm_t_pp_laboratory" name="e2e_tm_t_pp_laboratory_Selecting_timepoints_changes_the_table_and_does_not_throw_validation_errors.">
      <skipped message="Reason: chromium ('test-shinytest2-tm_t_pp_laboratory.R:231:5')"/>
    </testcase>
    <testcase time="0.0129999999999999" classname="shinytest2_tm_t_pp_laboratory" name="e2e_tm_t_pp_laboratory_Deselection_of_timepoints_throws_validation_error.">
      <skipped message="Reason: chromium ('test-shinytest2-tm_t_pp_laboratory.R:248:3')"/>
    </testcase>
    <testcase time="0.0120000000000005" classname="shinytest2_tm_t_pp_laboratory" name="e2e_tm_t_pp_laboratory_Selecting_avalu_changes_the_table_and_does_not_throw_validation_errors.">
      <skipped message="Reason: chromium ('test-shinytest2-tm_t_pp_laboratory.R:272:5')"/>
    </testcase>
    <testcase time="0.0129999999999999" classname="shinytest2_tm_t_pp_laboratory" name="e2e_tm_t_pp_laboratory_Deselection_of_avalu_throws_validation_error.">
      <skipped message="Reason: chromium ('test-shinytest2-tm_t_pp_laboratory.R:289:3')"/>
    </testcase>
    <testcase time="0.0129999999999999" classname="shinytest2_tm_t_pp_laboratory" name="e2e_tm_t_pp_laboratory_Selecting_aval_var_changes_the_table_and_does_not_throw_validation_errors.">
      <skipped message="Reason: chromium ('test-shinytest2-tm_t_pp_laboratory.R:313:5')"/>
    </testcase>
    <testcase time="0.0120000000000005" classname="shinytest2_tm_t_pp_laboratory" name="e2e_tm_t_pp_laboratory_Deselection_of_aval_var_throws_validation_error.">
      <skipped message="Reason: chromium ('test-shinytest2-tm_t_pp_laboratory.R:330:3')"/>
    </testcase>
    <testcase time="0.0129999999999999" classname="shinytest2_tm_t_pp_laboratory" name="e2e_tm_t_pp_laboratory_Selecting_arind_changes_the_table_and_does_not_throw_validation_errors.">
      <skipped message="Reason: chromium ('test-shinytest2-tm_t_pp_laboratory.R:352:5')"/>
    </testcase>
    <testcase time="0.0129999999999999" classname="shinytest2_tm_t_pp_laboratory" name="e2e_tm_t_pp_laboratory_Deselection_of_arind_throws_validation_error.">
      <skipped message="Reason: chromium ('test-shinytest2-tm_t_pp_laboratory.R:369:3')"/>
    </testcase>
  </testsuite>
  <testsuite name="shinytest2-tm_t_pp_medical_history" timestamp="2025-10-16T11:17:09Z" hostname="69ce977a8e31" tests="10" skipped="10" failures="0" errors="0" time="0.138">
    <testcase time="0.016" classname="shinytest2_tm_t_pp_medical_history" name="e2e_tm_t_pp_medical_history_Module_initializes_in_teal_without_errors_and_produces_table_output.">
      <skipped message="Reason: chromium ('test-shinytest2-tm_t_pp_medical_history.R:39:5')"/>
    </testcase>
    <testcase time="0.0129999999999999" classname="shinytest2_tm_t_pp_medical_history" name="e2e_tm_t_pp_medical_history_Starts_with_specified_label_patient_id_mhterm_mhbodsys_mhdistat.">
      <skipped message="Reason: chromium ('test-shinytest2-tm_t_pp_medical_history.R:54:5')"/>
    </testcase>
    <testcase time="0.0120000000000005" classname="shinytest2_tm_t_pp_medical_history" name="e2e_tm_t_pp_medical_history_Selecting_patient_id_changes_the_table_and_does_not_throw_validation_errors.">
      <skipped message="Reason: chromium ('test-shinytest2-tm_t_pp_medical_history.R:85:5')"/>
    </testcase>
    <testcase time="0.020999999999999" classname="shinytest2_tm_t_pp_medical_history" name="e2e_tm_t_pp_medical_history_Deselection_of_patient_id_throws_validation_error.">
      <skipped message="Reason: chromium ('test-shinytest2-tm_t_pp_medical_history.R:102:3')"/>
    </testcase>
    <testcase time="0.0129999999999999" classname="shinytest2_tm_t_pp_medical_history" name="e2e_tm_t_pp_medical_history_Selecting_mhterm_changes_the_table_and_does_not_throw_validation_errors.">
      <skipped message="Reason: chromium ('test-shinytest2-tm_t_pp_medical_history.R:118:5')"/>
    </testcase>
    <testcase time="0.0129999999999999" classname="shinytest2_tm_t_pp_medical_history" name="e2e_tm_t_pp_medical_history_Deselection_of_mhterm_throws_validation_error.">
      <skipped message="Reason: chromium ('test-shinytest2-tm_t_pp_medical_history.R:135:3')"/>
    </testcase>
    <testcase time="0.0120000000000005" classname="shinytest2_tm_t_pp_medical_history" name="e2e_tm_t_pp_medical_history_Selecting_mhbodsys_changes_the_table_and_does_not_throw_validation_errors.">
      <skipped message="Reason: chromium ('test-shinytest2-tm_t_pp_medical_history.R:151:5')"/>
    </testcase>
    <testcase time="0.0129999999999999" classname="shinytest2_tm_t_pp_medical_history" name="e2e_tm_t_pp_medical_history_Deselection_of_mhbodsys_throws_validation_error.">
      <skipped message="Reason: chromium ('test-shinytest2-tm_t_pp_medical_history.R:168:3')"/>
    </testcase>
    <testcase time="0.0120000000000005" classname="shinytest2_tm_t_pp_medical_history" name="e2e_tm_t_pp_medical_history_Selecting_mhbodsys_changes_the_table_and_does_not_throw_validation_errors.">
      <skipped message="Reason: chromium ('test-shinytest2-tm_t_pp_medical_history.R:184:5')"/>
    </testcase>
    <testcase time="0.0129999999999999" classname="shinytest2_tm_t_pp_medical_history" name="e2e_tm_t_pp_medical_history_Deselection_of_mhdistat_throws_validation_error.">
      <skipped message="Reason: chromium ('test-shinytest2-tm_t_pp_medical_history.R:201:3')"/>
    </testcase>
  </testsuite>
  <testsuite name="shinytest2-tm_t_pp_prior_medication" timestamp="2025-10-16T11:17:09Z" hostname="69ce977a8e31" tests="12" skipped="12" failures="0" errors="0" time="0.155">
    <testcase time="0.016" classname="shinytest2_tm_t_pp_prior_medication" name="e2e_tm_t_pp_prior_medication_Module_initializes_in_teal_without_errors_and_produces_table_output.">
      <skipped message="Reason: chromium ('test-shinytest2-tm_t_pp_prior_medication.R:49:5')"/>
    </testcase>
    <testcase time="0.0129999999999999" classname="shinytest2_tm_t_pp_prior_medication" name="e2e_tm_t_pp_prior_medication_Starts_with_specified_label_patient_id_cmdecod_atirel_cmindc_cmstdy.">
      <skipped message="Reason: chromium ('test-shinytest2-tm_t_pp_prior_medication.R:64:5')"/>
    </testcase>
    <testcase time="0.0120000000000005" classname="shinytest2_tm_t_pp_prior_medication" name="e2e_tm_t_pp_prior_medication_Selecting_patient_id_changes_the_table_and_does_not_throw_validation_errors.">
      <skipped message="Reason: chromium ('test-shinytest2-tm_t_pp_prior_medication.R:98:5')"/>
    </testcase>
    <testcase time="0.0129999999999999" classname="shinytest2_tm_t_pp_prior_medication" name="e2e_tm_t_pp_prior_medication_Deselection_of_patient_id_throws_validation_error.">
      <skipped message="Reason: chromium ('test-shinytest2-tm_t_pp_prior_medication.R:115:3')"/>
    </testcase>
    <testcase time="0.0129999999999999" classname="shinytest2_tm_t_pp_prior_medication" name="e2e_tm_t_pp_prior_medication_Selecting_cmdecod_changes_the_table_and_does_not_throw_validation_errors.">
      <skipped message="Reason: chromium ('test-shinytest2-tm_t_pp_prior_medication.R:130:5')"/>
    </testcase>
    <testcase time="0.0129999999999999" classname="shinytest2_tm_t_pp_prior_medication" name="e2e_tm_t_pp_prior_medication_Deselection_of_cmdecod_throws_validation_error.">
      <skipped message="Reason: chromium ('test-shinytest2-tm_t_pp_prior_medication.R:147:3')"/>
    </testcase>
    <testcase time="0.0120000000000005" classname="shinytest2_tm_t_pp_prior_medication" name="e2e_tm_t_pp_prior_medication_Selecting_atirel_changes_the_table_and_does_not_throw_validation_errors.">
      <skipped message="Reason: chromium ('test-shinytest2-tm_t_pp_prior_medication.R:162:5')"/>
    </testcase>
    <testcase time="0.0129999999999999" classname="shinytest2_tm_t_pp_prior_medication" name="e2e_tm_t_pp_prior_medication_Deselection_of_atirel_throws_validation_error.">
      <skipped message="Reason: chromium ('test-shinytest2-tm_t_pp_prior_medication.R:179:3')"/>
    </testcase>
    <testcase time="0.0129999999999999" classname="shinytest2_tm_t_pp_prior_medication" name="e2e_tm_t_pp_prior_medication_Selecting_cmindc_changes_the_table_and_does_not_throw_validation_errors.">
      <skipped message="Reason: chromium ('test-shinytest2-tm_t_pp_prior_medication.R:194:5')"/>
    </testcase>
    <testcase time="0.0119999999999987" classname="shinytest2_tm_t_pp_prior_medication" name="e2e_tm_t_pp_prior_medication_Deselection_of_cmindc_throws_validation_error.">
      <skipped message="Reason: chromium ('test-shinytest2-tm_t_pp_prior_medication.R:211:3')"/>
    </testcase>
    <testcase time="0.0120000000000005" classname="shinytest2_tm_t_pp_prior_medication" name="e2e_tm_t_pp_prior_medication_Selecting_cmstdy_changes_the_table_and_does_not_throw_validation_errors.">
      <skipped message="Reason: chromium ('test-shinytest2-tm_t_pp_prior_medication.R:226:5')"/>
    </testcase>
    <testcase time="0.0129999999999999" classname="shinytest2_tm_t_pp_prior_medication" name="e2e_tm_t_pp_prior_medication_Deselection_of_cmstdy_throws_validation_error.">
      <skipped message="Reason: chromium ('test-shinytest2-tm_t_pp_prior_medication.R:243:3')"/>
    </testcase>
  </testsuite>
  <testsuite name="shinytest2-tm_t_shift_by_arm" timestamp="2025-10-16T11:17:09Z" hostname="69ce977a8e31" tests="8" skipped="8" failures="0" errors="0" time="0.113">
    <testcase time="0.016" classname="shinytest2_tm_t_shift_by_arm" name="e2e_tm_t_shift_by_arm_Module_initializes_in_teal_without_errors_and_produces_table_output.">
      <skipped message="Reason: chromium ('test-shinytest2-tm_t_shift_by_arm.R:54:3')"/>
    </testcase>
    <testcase time="0.0129999999999999" classname="shinytest2_tm_t_shift_by_arm" name="e2e_tm_t_shift_by_arm_Starts_with_specified_label_arm_varparamcd_visit_var_useNA_treatment_flag_var_add_total.">
      <skipped message="Reason: chromium ('test-shinytest2-tm_t_shift_by_arm.R:69:5')"/>
    </testcase>
    <testcase time="0.0119999999999987" classname="shinytest2_tm_t_shift_by_arm" name="e2e_tm_t_shift_by_arm_Selecting_arm_var_changes_the_table_and_does_not_throw_validation_errors.">
      <skipped message="Reason: chromium ('test-shinytest2-tm_t_shift_by_arm.R:104:5')"/>
    </testcase>
    <testcase time="0.0119999999999987" classname="shinytest2_tm_t_shift_by_arm" name="e2e_tm_t_shift_by_arm_Deselection_of_arm_var_throws_validation_error.">
      <skipped message="Reason: chromium ('test-shinytest2-tm_t_shift_by_arm.R:121:3')"/>
    </testcase>
    <testcase time="0.0130000000000017" classname="shinytest2_tm_t_shift_by_arm" name="e2e_tm_t_shift_by_arm_Selecting_paramcd_changes_the_table_and_does_not_throw_validation_errors.">
      <skipped message="Reason: chromium ('test-shinytest2-tm_t_shift_by_arm.R:137:5')"/>
    </testcase>
    <testcase time="0.020999999999999" classname="shinytest2_tm_t_shift_by_arm" name="e2e_tm_t_shift_by_arm_Deselection_of_paramcd_throws_validation_error.">
      <skipped message="Reason: chromium ('test-shinytest2-tm_t_shift_by_arm.R:154:3')"/>
    </testcase>
    <testcase time="0.0129999999999999" classname="shinytest2_tm_t_shift_by_arm" name="e2e_tm_t_shift_by_arm_Selecting_visit_var_changes_the_table_and_does_not_throw_validation_errors.">
      <skipped message="Reason: chromium ('test-shinytest2-tm_t_shift_by_arm.R:172:5')"/>
    </testcase>
    <testcase time="0.0129999999999999" classname="shinytest2_tm_t_shift_by_arm" name="e2e_tm_t_shift_by_arm_Deselection_of_visit_var_throws_validation_error.">
      <skipped message="Reason: chromium ('test-shinytest2-tm_t_shift_by_arm.R:189:3')"/>
    </testcase>
  </testsuite>
  <testsuite name="shinytest2-tm_t_shift_by_arm_by_worst" timestamp="2025-10-16T11:17:09Z" hostname="69ce977a8e31" tests="12" skipped="12" failures="0" errors="0" time="0.154">
    <testcase time="0.016" classname="shinytest2_tm_t_shift_by_arm_by_worst" name="e2e_tm_t_shift_by_arm_by_worst_Module_initializes_in_teal_without_errors_and_produces_table_output.">
      <skipped message="Reason: chromium ('test-shinytest2-tm_t_shift_by_arm_by_worst.R:56:5')"/>
    </testcase>
    <testcase time="0.0120000000000005" classname="shinytest2_tm_t_shift_by_arm_by_worst" name="e2e_tm_t_shift_by_arm_by_worst_Starts_with_specified_label_arm_var_paramcd_worst_flag_var_aval_var_baseline_var_useNA_treatment_flag_var_add_total.">
      <skipped message="Reason: chromium ('test-shinytest2-tm_t_shift_by_arm_by_worst.R:72:5')"/>
    </testcase>
    <testcase time="0.0129999999999999" classname="shinytest2_tm_t_shift_by_arm_by_worst" name="e2e_tm_t_shift_by_arm_by_worst_Selecting_arm_var_changes_the_table_and_does_not_throw_validation_errors.">
      <skipped message="Reason: chromium ('test-shinytest2-tm_t_shift_by_arm_by_worst.R:117:5')"/>
    </testcase>
    <testcase time="0.0120000000000005" classname="shinytest2_tm_t_shift_by_arm_by_worst" name="e2e_tm_t_shift_by_arm_by_worst_Deselection_of_arm_var_throws_validation_error.">
      <skipped message="Reason: chromium ('test-shinytest2-tm_t_shift_by_arm_by_worst.R:134:3')"/>
    </testcase>
    <testcase time="0.0129999999999999" classname="shinytest2_tm_t_shift_by_arm_by_worst" name="e2e_tm_t_shift_by_arm_by_worst_Selecting_paramcd_changes_the_table_and_does_not_throw_validation_errors.">
      <skipped message="Reason: chromium ('test-shinytest2-tm_t_shift_by_arm_by_worst.R:150:5')"/>
    </testcase>
    <testcase time="0.0129999999999999" classname="shinytest2_tm_t_shift_by_arm_by_worst" name="e2e_tm_t_shift_by_arm_by_worst_Deselection_of_paramcd_throws_validation_error.">
      <skipped message="Reason: chromium ('test-shinytest2-tm_t_shift_by_arm_by_worst.R:167:3')"/>
    </testcase>
    <testcase time="0.0120000000000005" classname="shinytest2_tm_t_shift_by_arm_by_worst" name="e2e_tm_t_shift_by_arm_by_worst_Selecting_worst_flag_changes_the_table_and_does_not_throw_validation_errors.">
      <skipped message="Reason: chromium ('test-shinytest2-tm_t_shift_by_arm_by_worst.R:186:5')"/>
    </testcase>
    <testcase time="0.0129999999999999" classname="shinytest2_tm_t_shift_by_arm_by_worst" name="e2e_tm_t_shift_by_arm_by_worst_Deselection_of_worst_flag_throws_validation_error.">
      <skipped message="Reason: chromium ('test-shinytest2-tm_t_shift_by_arm_by_worst.R:203:3')"/>
    </testcase>
    <testcase time="0.0129999999999999" classname="shinytest2_tm_t_shift_by_arm_by_worst" name="e2e_tm_t_shift_by_arm_by_worst_Selecting_aval_var_changes_the_table_and_does_not_throw_validation_errors.">
      <skipped message="Reason: chromium ('test-shinytest2-tm_t_shift_by_arm_by_worst.R:222:5')"/>
    </testcase>
    <testcase time="0.0129999999999999" classname="shinytest2_tm_t_shift_by_arm_by_worst" name="e2e_tm_t_shift_by_arm_by_worst_Deselection_of_aval_var_throws_validation_error.">
      <skipped message="Reason: chromium ('test-shinytest2-tm_t_shift_by_arm_by_worst.R:239:3')"/>
    </testcase>
    <testcase time="0.0119999999999987" classname="shinytest2_tm_t_shift_by_arm_by_worst" name="e2e_tm_t_shift_by_arm_by_worst_Selecting_baseline_var_changes_the_table_and_does_not_throw_validation_errors.">
      <skipped message="Reason: chromium ('test-shinytest2-tm_t_shift_by_arm_by_worst.R:256:5')"/>
    </testcase>
    <testcase time="0.0120000000000005" classname="shinytest2_tm_t_shift_by_arm_by_worst" name="e2e_tm_t_shift_by_arm_by_worst_Deselection_of_baseline_var_throws_validation_error.">
      <skipped message="Reason: chromium ('test-shinytest2-tm_t_shift_by_arm_by_worst.R:273:3')"/>
    </testcase>
  </testsuite>
  <testsuite name="shinytest2-tm_t_shift_by_grade" timestamp="2025-10-16T11:17:09Z" hostname="69ce977a8e31" tests="9" skipped="9" failures="0" errors="0" time="0.118">
    <testcase time="0.016" classname="shinytest2_tm_t_shift_by_grade" name="e2e_tm_t_shift_by_grade_Module_initializes_in_teal_without_errors_and_produces_table_output.">
      <skipped message="Reason: chromium ('test-shinytest2-tm_t_shift_by_grade.R:70:5')"/>
    </testcase>
    <testcase time="0.0129999999999999" classname="shinytest2_tm_t_shift_by_grade" name="e2e_tm_t_shift_by_grade_Starts_with_specified_label_arm_var_paramcd_worst_flag_var_anl_toxgrade_var_base_toxgrade_var_worst_flag_indicator_add_total_drop_arm_levels_code_missing_baseline.">
      <skipped message="Reason: chromium ('test-shinytest2-tm_t_shift_by_grade.R:86:5')"/>
    </testcase>
    <testcase time="0.0129999999999999" classname="shinytest2_tm_t_shift_by_grade" name="e2e_tm_t_shift_by_grade_Selecting_arm_var_changes_the_table_and_does_not_throw_validation_errors.">
      <skipped message="Reason: chromium ('test-shinytest2-tm_t_shift_by_grade.R:127:5')"/>
    </testcase>
    <testcase time="0.0119999999999987" classname="shinytest2_tm_t_shift_by_grade" name="e2e_tm_t_shift_by_grade_Deselection_of_arm_var_throws_validation_error.">
      <skipped message="Reason: chromium ('test-shinytest2-tm_t_shift_by_grade.R:144:3')"/>
    </testcase>
    <testcase time="0.0129999999999999" classname="shinytest2_tm_t_shift_by_grade" name="e2e_tm_t_shift_by_grade_Selecting_paramcd_changes_the_table_and_does_not_throw_validation_errors.">
      <skipped message="Reason: chromium ('test-shinytest2-tm_t_shift_by_grade.R:160:5')"/>
    </testcase>
    <testcase time="0.0130000000000017" classname="shinytest2_tm_t_shift_by_grade" name="e2e_tm_t_shift_by_grade_Deselection_of_paramcd_throws_validation_error.">
      <skipped message="Reason: chromium ('test-shinytest2-tm_t_shift_by_grade.R:177:3')"/>
    </testcase>
    <testcase time="0.0129999999999999" classname="shinytest2_tm_t_shift_by_grade" name="e2e_tm_t_shift_by_grade_Selecting_worst_flag_changes_the_table_and_does_not_throw_validation_errors.">
      <skipped message="Reason: chromium ('test-shinytest2-tm_t_shift_by_grade.R:195:5')"/>
    </testcase>
    <testcase time="0.0129999999999999" classname="shinytest2_tm_t_shift_by_grade" name="e2e_tm_t_shift_by_grade_Deselection_of_worst_flag_throws_validation_error.">
      <skipped message="Reason: chromium ('test-shinytest2-tm_t_shift_by_grade.R:212:3')"/>
    </testcase>
    <testcase time="0.0119999999999987" classname="shinytest2_tm_t_shift_by_grade" name="e2e_tm_t_shift_by_grade_Invalid_worst_flag_indicator_shows_validation_error_instead_of_hanging">
      <skipped message="Reason: chromium ('test-shinytest2-tm_t_shift_by_grade.R:283:5')"/>
    </testcase>
  </testsuite>
  <testsuite name="shinytest2-tm_t_smq" timestamp="2025-10-16T11:17:10Z" hostname="69ce977a8e31" tests="8" skipped="8" failures="0" errors="0" time="0.113">
    <testcase time="0.0240000000000009" classname="shinytest2_tm_t_smq" name="e2e_tm_t_smq_Module_initializes_in_teal_without_errors_and_produces_table_output.">
      <skipped message="Reason: chromium ('test-shinytest2-tm_t_smq.R:59:3')"/>
    </testcase>
    <testcase time="0.0129999999999999" classname="shinytest2_tm_t_smq" name="e2e_tm_t_smq_Starts_with_specified_label_arm_var_llt_baskets_sort_criteria_add_total_drop_arm_levels.">
      <skipped message="Reason: chromium ('test-shinytest2-tm_t_smq.R:73:5')"/>
    </testcase>
    <testcase time="0.0129999999999999" classname="shinytest2_tm_t_smq" name="e2e_tm_t_smq_Selecting_arm_var_changes_the_table_and_does_not_throw_validation_errors.">
      <skipped message="Reason: chromium ('test-shinytest2-tm_t_smq.R:105:5')"/>
    </testcase>
    <testcase time="0.0120000000000005" classname="shinytest2_tm_t_smq" name="e2e_tm_t_smq_Deselection_of_arm_var_throws_validation_error.">
      <skipped message="Reason: chromium ('test-shinytest2-tm_t_smq.R:122:3')"/>
    </testcase>
    <testcase time="0.0129999999999999" classname="shinytest2_tm_t_smq" name="e2e_tm_t_smq_Selecting_paramcd_changes_the_table_and_does_not_throw_validation_errors.">
      <skipped message="Reason: chromium ('test-shinytest2-tm_t_smq.R:136:3')"/>
    </testcase>
    <testcase time="0.0129999999999999" classname="shinytest2_tm_t_smq" name="e2e_tm_t_smq_Deselection_of_paramcd_throws_validation_error.">
      <skipped message="Reason: chromium ('test-shinytest2-tm_t_smq.R:152:3')"/>
    </testcase>
    <testcase time="0.0120000000000005" classname="shinytest2_tm_t_smq" name="e2e_tm_t_smq_Selecting_worst_flag_changes_the_table_and_does_not_throw_validation_errors.">
      <skipped message="Reason: chromium ('test-shinytest2-tm_t_smq.R:168:5')"/>
    </testcase>
    <testcase time="0.0129999999999999" classname="shinytest2_tm_t_smq" name="e2e_tm_t_smq_Deselection_of_worst_flag_throws_validation_error.">
      <skipped message="Reason: chromium ('test-shinytest2-tm_t_smq.R:185:3')"/>
    </testcase>
  </testsuite>
  <testsuite name="shinytest2-tm_t_summary" timestamp="2025-10-16T11:17:10Z" hostname="69ce977a8e31" tests="6" skipped="6" failures="0" errors="0" time="0.079">
    <testcase time="0.016" classname="shinytest2_tm_t_summary" name="e2e_tm_t_summary_Module_initializes_in_teal_without_errors_and_produces_table_output.">
      <skipped message="Reason: chromium ('test-shinytest2-tm_t_summary.R:39:3')"/>
    </testcase>
    <testcase time="0.0119999999999987" classname="shinytest2_tm_t_summary" name="e2e_tm_t_summary_Starts_with_specified_label_arm_var_summarize_vars_useNA_denominator.">
      <skipped message="Reason: chromium ('test-shinytest2-tm_t_summary.R:51:3')"/>
    </testcase>
    <testcase time="0.0129999999999999" classname="shinytest2_tm_t_summary" name="e2e_tm_t_summary_Selecting_arm_var_changes_the_table_and_does_not_throw_validation_errors.">
      <skipped message="Reason: chromium ('test-shinytest2-tm_t_summary.R:80:5')"/>
    </testcase>
    <testcase time="0.0129999999999999" classname="shinytest2_tm_t_summary" name="e2e_tm_t_summary_Deselection_of_arm_var_throws_validation_error.">
      <skipped message="Reason: chromium ('test-shinytest2-tm_t_summary.R:97:3')"/>
    </testcase>
    <testcase time="0.0120000000000005" classname="shinytest2_tm_t_summary" name="e2e_tm_t_summary_Selecting_summarize_vars_changes_the_table_and_does_not_throw_validation_errors.">
      <skipped message="Reason: chromium ('test-shinytest2-tm_t_summary.R:113:5')"/>
    </testcase>
    <testcase time="0.0129999999999999" classname="shinytest2_tm_t_summary" name="e2e_tm_t_summary_Deselection_of_summarize_vars_throws_validation_error.">
      <skipped message="Reason: chromium ('test-shinytest2-tm_t_summary.R:130:3')"/>
    </testcase>
  </testsuite>
  <testsuite name="shinytest2-tm_t_summary_by" timestamp="2025-10-16T11:17:10Z" hostname="69ce977a8e31" tests="10" skipped="10" failures="0" errors="0" time="0.131">
    <testcase time="0.016" classname="shinytest2_tm_t_summary_by" name="e2e_tm_t_summary_by_Module_initializes_in_teal_without_errors_and_produces_table_output.">
      <skipped message="Reason: chromium ('test-shinytest2-tm_t_summary_by.R:57:3')"/>
    </testcase>
    <testcase time="0.0129999999999999" classname="shinytest2_tm_t_summary_by" name="e2e_tm_t_summary_by_Starts_with_specified_label_arm_var_paramcd_by_vars_summarize_vars_useNA_numeric_stats_add_total_parallel_vars_row_groups_drop_zero_levels.">
      <skipped message="Reason: chromium ('test-shinytest2-tm_t_summary_by.R:72:5')"/>
    </testcase>
    <testcase time="0.0129999999999999" classname="shinytest2_tm_t_summary_by" name="e2e_tm_t_summary_by_Selecting_arm_var_changes_the_table_and_does_not_throw_validation_errors.">
      <skipped message="Reason: chromium ('test-shinytest2-tm_t_summary_by.R:114:5')"/>
    </testcase>
    <testcase time="0.0120000000000005" classname="shinytest2_tm_t_summary_by" name="e2e_tm_t_summary_by_Deselection_of_arm_var_throws_validation_error.">
      <skipped message="Reason: chromium ('test-shinytest2-tm_t_summary_by.R:131:3')"/>
    </testcase>
    <testcase time="0.0129999999999999" classname="shinytest2_tm_t_summary_by" name="e2e_tm_t_summary_by_Selecting_arm_var_changes_the_table_and_does_not_throw_validation_errors.">
      <skipped message="Reason: chromium ('test-shinytest2-tm_t_summary_by.R:147:5')"/>
    </testcase>
    <testcase time="0.0129999999999999" classname="shinytest2_tm_t_summary_by" name="e2e_tm_t_summary_by_Deselection_of_arm_var_throws_validation_error.">
      <skipped message="Reason: chromium ('test-shinytest2-tm_t_summary_by.R:164:3')"/>
    </testcase>
    <testcase time="0.0129999999999999" classname="shinytest2_tm_t_summary_by" name="e2e_tm_t_summary_by_Selecting_arm_var_changes_the_table_and_does_not_throw_validation_errors.">
      <skipped message="Reason: chromium ('test-shinytest2-tm_t_summary_by.R:182:5')"/>
    </testcase>
    <testcase time="0.0129999999999999" classname="shinytest2_tm_t_summary_by" name="e2e_tm_t_summary_by_Deselection_of_arm_var_changes_the_table_and_does_not_throw_validation_errors.">
      <skipped message="Reason: chromium ('test-shinytest2-tm_t_summary_by.R:201:5')"/>
    </testcase>
    <testcase time="0.0120000000000005" classname="shinytest2_tm_t_summary_by" name="e2e_tm_t_summary_by_Selecting_summarize_vars_changes_the_table_and_does_not_throw_validation_errors.">
      <skipped message="Reason: chromium ('test-shinytest2-tm_t_summary_by.R:220:5')"/>
    </testcase>
    <testcase time="0.0129999999999999" classname="shinytest2_tm_t_summary_by" name="e2e_tm_t_summary_by_Deselection_of_summarize_vars_throws_validation_error.">
      <skipped message="Reason: chromium ('test-shinytest2-tm_t_summary_by.R:237:3')"/>
    </testcase>
  </testsuite>
  <testsuite name="shinytest2-tm_t_tte" timestamp="2025-10-16T11:17:10Z" hostname="69ce977a8e31" tests="8" skipped="8" failures="0" errors="0" time="0.113">
    <testcase time="0.0240000000000009" classname="shinytest2_tm_t_tte" name="e2e_tm_t_tte_Module_initializes_in_teal_without_errors_and_produces_table_output.">
      <skipped message="Reason: chromium ('test-shinytest2-tm_t_tte.R:78:3')"/>
    </testcase>
    <testcase time="0.0129999999999999" classname="shinytest2_tm_t_tte" name="e2e_tm_t_tte_Starts_with_specified_label_paramcd_event_desc_var_arm_var_buckets_strata_var_time_points_pval_method_coxph_ties_coxph_conf_level_coxph_conf_level_survfit_conf_type_survfit_probs_survfit_compare_arms_combine_comp_arms.">
      <skipped message="Reason: chromium ('test-shinytest2-tm_t_tte.R:94:5')"/>
    </testcase>
    <testcase time="0.0129999999999999" classname="shinytest2_tm_t_tte" name="e2e_tm_t_tte_Selecting_paramcd_changes_the_table_and_does_not_throw_validation_errors.">
      <skipped message="Reason: chromium ('test-shinytest2-tm_t_tte.R:161:5')"/>
    </testcase>
    <testcase time="0.0129999999999999" classname="shinytest2_tm_t_tte" name="e2e_tm_t_tte_Deselection_of_paramcd_throws_validation_error.">
      <skipped message="Reason: chromium ('test-shinytest2-tm_t_tte.R:178:3')"/>
    </testcase>
    <testcase time="0.0120000000000005" classname="shinytest2_tm_t_tte" name="e2e_tm_t_tte_Selecting_arm_var_changes_the_table_and_does_not_throw_validation_errors.">
      <skipped message="Reason: chromium ('test-shinytest2-tm_t_tte.R:196:5')"/>
    </testcase>
    <testcase time="0.0129999999999999" classname="shinytest2_tm_t_tte" name="e2e_tm_t_tte_Deselection_of_arm_var_throws_validation_error.">
      <skipped message="Reason: chromium ('test-shinytest2-tm_t_tte.R:213:3')"/>
    </testcase>
    <testcase time="0.0129999999999999" classname="shinytest2_tm_t_tte" name="e2e_tm_t_tte_Selecting_strata_var_changes_the_table_and_does_not_throw_validation_errors.">
      <skipped message="Reason: chromium ('test-shinytest2-tm_t_tte.R:231:5')"/>
    </testcase>
    <testcase time="0.0119999999999987" classname="shinytest2_tm_t_tte" name="e2e_tm_t_tte_Deselection_of_strata_var_changes_the_table_and_throw_validation_errors.">
      <skipped message="Reason: chromium ('test-shinytest2-tm_t_tte.R:250:5')"/>
    </testcase>
  </testsuite>
  <testsuite name="string_ops" timestamp="2025-10-16T11:17:10Z" hostname="69ce977a8e31" tests="1" skipped="0" failures="0" errors="0" time="0.018">
    <testcase time="0.0180000000000007" classname="string_ops" name="_as_num_as_a_wide_interpretation_of_input_to_extract_numerics."/>
  </testsuite>
  <testsuite name="substitute_names" timestamp="2025-10-16T11:17:10Z" hostname="69ce977a8e31" tests="9" skipped="0" failures="0" errors="0" time="0.058">
    <testcase time="0.0080000000000009" classname="substitute_names" name="substitute_q_works_as_expected"/>
    <testcase time="0.00899999999999856" classname="substitute_names" name="substitute_q_fails_on_unquoted_call"/>
    <testcase time="0.00600000000000023" classname="substitute_names" name="h_subst_lhs_names_works_as_expected"/>
    <testcase time="0.00600000000000023" classname="substitute_names" name="substitute_lhs_names_works_as_expected_with_nested_expressions"/>
    <testcase time="0.00600000000000023" classname="substitute_names" name="substitute_lhs_names_does_not_lead_to_infinite_recursion"/>
    <testcase time="0.00499999999999901" classname="substitute_names" name="substitute_rhs_works_as_expected"/>
    <testcase time="0.00600000000000023" classname="substitute_names" name="substitute_names_works_as_expected"/>
    <testcase time="0.00600000000000023" classname="substitute_names" name="substitute_names_can_also_substitute_other_expressions_if_requested"/>
    <testcase time="0.00600000000000023" classname="substitute_names" name="substitute_names_works_as_expected_with_nested_expressions"/>
  </testsuite>
  <testsuite name="tm_a_gee" timestamp="2025-10-16T11:17:10Z" hostname="69ce977a8e31" tests="8" skipped="0" failures="0" errors="0" time="0.149">
    <testcase time="0.00900000000000034" classname="tm_a_gee" name="template_a_gee_t_gee_cov_table_works_as_expected_with_default_input"/>
    <testcase time="0.0489999999999995" classname="tm_a_gee" name="template_a_gee_t_gee_cov_table_works_as_expected_with_default_input"/>
    <testcase time="0.00500000000000078" classname="tm_a_gee" name="template_a_gee_t_gee_coef_table_works_as_expected_with_default_input"/>
    <testcase time="0.0329999999999995" classname="tm_a_gee" name="template_a_gee_t_gee_coef_table_works_as_expected_with_default_input"/>
    <testcase time="0.00600000000000023" classname="tm_a_gee" name="template_a_gee_works_as_expected_with_non_default_reference_arm"/>
    <testcase time="0.020999999999999" classname="tm_a_gee" name="template_a_gee_works_as_expected_with_non_default_reference_arm"/>
    <testcase time="0.00500000000000078" classname="tm_a_gee" name="template_a_gee_works_as_expected_when_arm_is_not_considered_in_the_model"/>
    <testcase time="0.0210000000000008" classname="tm_a_gee" name="template_a_gee_works_as_expected_when_arm_is_not_considered_in_the_model"/>
  </testsuite>
  <testsuite name="tm_a_mmrm" timestamp="2025-10-16T11:17:10Z" hostname="69ce977a8e31" tests="10" skipped="0" failures="0" errors="0" time="0.146">
    <testcase time="0.00999999999999979" classname="tm_a_mmrm" name="template_fit_mmrm_works_as_expected_when_not_combining_comparison_arms"/>
    <testcase time="0.020999999999999" classname="tm_a_mmrm" name="template_fit_mmrm_works_as_expected_when_not_combining_comparison_arms"/>
    <testcase time="0.00699999999999967" classname="tm_a_mmrm" name="template_fit_mmrm_works_as_expected_when_combining_combination_arms"/>
    <testcase time="0.0300000000000011" classname="tm_a_mmrm" name="template_fit_mmrm_works_as_expected_when_combining_combination_arms"/>
    <testcase time="0.00600000000000023" classname="tm_a_mmrm" name="template_mmrm_tables_works_as_expected"/>
    <testcase time="0.0199999999999996" classname="tm_a_mmrm" name="template_mmrm_tables_works_as_expected"/>
    <testcase time="0.00499999999999901" classname="tm_a_mmrm" name="template_mmrm_tables_works_as_expected_when_arm_is_not_considered_in_the_model"/>
    <testcase time="0.0210000000000008" classname="tm_a_mmrm" name="template_mmrm_tables_works_as_expected_when_arm_is_not_considered_in_the_model"/>
    <testcase time="0.00500000000000078" classname="tm_a_mmrm" name="template_mmrm_plots_works_as_expected"/>
    <testcase time="0.020999999999999" classname="tm_a_mmrm" name="template_mmrm_plots_works_as_expected"/>
  </testsuite>
  <testsuite name="tm_g_ci" timestamp="2025-10-16T11:17:10Z" hostname="69ce977a8e31" tests="8" skipped="0" failures="0" errors="0" time="0.108">
    <testcase time="0.00900000000000034" classname="tm_g_ci" name="1._and_2._Mean_and_95_CIs_for_mean"/>
    <testcase time="0.0199999999999996" classname="tm_g_ci" name="1._and_2._Mean_and_95_CIs_for_mean"/>
    <testcase time="0.00600000000000023" classname="tm_g_ci" name="3._Confidence_Interval_Plot_using_different_stratification_variable_"/>
    <testcase time="0.0210000000000008" classname="tm_g_ci" name="3._Confidence_Interval_Plot_using_different_stratification_variable_"/>
    <testcase time="0.00499999999999901" classname="tm_g_ci" name="4._Median_and_95_CIs_for_median"/>
    <testcase time="0.0210000000000008" classname="tm_g_ci" name="4._Median_and_95_CIs_for_median"/>
    <testcase time="0.00600000000000023" classname="tm_g_ci" name="5._Using_different_alpha_level"/>
    <testcase time="0.0199999999999996" classname="tm_g_ci" name="5._Using_different_alpha_level"/>
  </testsuite>
  <testsuite name="tm_g_forest_rsp" timestamp="2025-10-16T11:17:10Z" hostname="69ce977a8e31" tests="4" skipped="0" failures="0" errors="0" time="0.063">
    <testcase time="0.0120000000000005" classname="tm_g_forest_rsp" name="template_forest_rsp_generates_correct_expressions"/>
    <testcase time="0.0219999999999985" classname="tm_g_forest_rsp" name="template_forest_rsp_generates_correct_expressions"/>
    <testcase time="0.0080000000000009" classname="tm_g_forest_rsp" name="template_forest_rsp_works_with_risk_difference_column_added"/>
    <testcase time="0.0210000000000008" classname="tm_g_forest_rsp" name="template_forest_rsp_works_with_risk_difference_column_added"/>
  </testsuite>
  <testsuite name="tm_g_forest_tte" timestamp="2025-10-16T11:17:10Z" hostname="69ce977a8e31" tests="4" skipped="0" failures="0" errors="0" time="0.061">
    <testcase time="0.0109999999999992" classname="tm_g_forest_tte" name="template_forest_tte_generates_correct_expressions"/>
    <testcase time="0.0210000000000008" classname="tm_g_forest_tte" name="template_forest_tte_generates_correct_expressions"/>
    <testcase time="0.00900000000000034" classname="tm_g_forest_tte" name="template_forest_tte_works_with_risk_difference_column_added"/>
    <testcase time="0.0199999999999996" classname="tm_g_forest_tte" name="template_forest_tte_works_with_risk_difference_column_added"/>
  </testsuite>
  <testsuite name="tm_g_ipp" timestamp="2025-10-16T11:17:11Z" hostname="69ce977a8e31" tests="4" skipped="0" failures="0" errors="0" time="0.065">
    <testcase time="0.0169999999999995" classname="tm_g_ipp" name="template_g_ipp_works_as_expected_with_default_arguments"/>
    <testcase time="0.0220000000000002" classname="tm_g_ipp" name="template_g_ipp_works_as_expected_with_default_arguments"/>
    <testcase time="0.00600000000000023" classname="tm_g_ipp" name="template_g_ipp_works_as_expected_with_non_default_arguments"/>
    <testcase time="0.0199999999999996" classname="tm_g_ipp" name="template_g_ipp_works_as_expected_with_non_default_arguments"/>
  </testsuite>
  <testsuite name="tm_g_km" timestamp="2025-10-16T11:17:11Z" hostname="69ce977a8e31" tests="6" skipped="0" failures="0" errors="0" time="0.086">
    <testcase time="0.00999999999999979" classname="tm_g_km" name="template_g_km_works_as_expected_with_default_arguments"/>
    <testcase time="0.0199999999999996" classname="tm_g_km" name="template_g_km_works_as_expected_with_default_arguments"/>
    <testcase time="0.00700000000000145" classname="tm_g_km" name="template_g_km_gives_correct_data_expression_when_we_want_to_compare_versus_reference_arms"/>
    <testcase time="0.020999999999999" classname="tm_g_km" name="template_g_km_gives_correct_data_expression_when_we_want_to_compare_versus_reference_arms"/>
    <testcase time="0.00699999999999967" classname="tm_g_km" name="template_g_km_gives_correct_data_expression_when_we_want_to_combine_comparison_arms"/>
    <testcase time="0.0210000000000008" classname="tm_g_km" name="template_g_km_gives_correct_data_expression_when_we_want_to_combine_comparison_arms"/>
  </testsuite>
  <testsuite name="tm_g_lineplot" timestamp="2025-10-16T11:17:11Z" hostname="69ce977a8e31" tests="4" skipped="0" failures="0" errors="0" time="0.056">
    <testcase time="0.00999999999999979" classname="tm_g_lineplot" name="template_g_lineplot_works_as_expected_with_default_arguments"/>
    <testcase time="0.0199999999999996" classname="tm_g_lineplot" name="template_g_lineplot_works_as_expected_with_default_arguments"/>
    <testcase time="0.00600000000000023" classname="tm_g_lineplot" name="template_g_lineplot_gives_correct_data_expression_with_custom_arguments"/>
    <testcase time="0.0199999999999978" classname="tm_g_lineplot" name="template_g_lineplot_gives_correct_data_expression_with_custom_arguments"/>
  </testsuite>
  <testsuite name="tm_t_abnormality" timestamp="2025-10-16T11:17:11Z" hostname="69ce977a8e31" tests="6" skipped="0" failures="0" errors="0" time="0.087">
    <testcase time="0.0110000000000028" classname="tm_t_abnormality" name="template_abnormality_generates_correct_expressions_with_default_arguments"/>
    <testcase time="0.0209999999999972" classname="tm_t_abnormality" name="template_abnormality_generates_correct_expressions_with_default_arguments"/>
    <testcase time="0.00700000000000145" classname="tm_t_abnormality" name="template_abnormality_generates_correct_expressions_with_custom_arguments"/>
    <testcase time="0.0199999999999996" classname="tm_t_abnormality" name="template_abnormality_generates_correct_expressions_with_custom_arguments"/>
    <testcase time="0.00700000000000145" classname="tm_t_abnormality" name="template_abnormality_generates_correct_expressions_with_customized_na_level"/>
    <testcase time="0.0209999999999972" classname="tm_t_abnormality" name="template_abnormality_generates_correct_expressions_with_customized_na_level"/>
  </testsuite>
  <testsuite name="tm_t_abnormality_by_worst_grade" timestamp="2025-10-16T11:17:11Z" hostname="69ce977a8e31" tests="5" skipped="0" failures="0" errors="0" time="0.08">
    <testcase time="0.0110000000000028" classname="tm_t_abnormality_by_worst_grade" name="template_abnormality_by_worst_grade_generates_correct_expressions_with_default_arguments"/>
    <testcase time="0.0209999999999972" classname="tm_t_abnormality_by_worst_grade" name="template_abnormality_by_worst_grade_generates_correct_expressions_with_default_arguments"/>
    <testcase time="0.00700000000000145" classname="tm_t_abnormality_by_worst_grade" name="template_abnormality_by_worst_grade_generates_correct_expressions_with_custom_arguments"/>
    <testcase time="0.0279999999999987" classname="tm_t_abnormality_by_worst_grade" name="template_abnormality_by_worst_grade_generates_correct_expressions_with_custom_arguments"/>
    <testcase time="0.0130000000000017" classname="tm_t_abnormality_by_worst_grade" name="template_abnormality_by_worst_grade_throws_an_error_when_ATOXGR_contains_NA_values"/>
  </testsuite>
  <testsuite name="tm_t_ancova" timestamp="2025-10-16T11:17:11Z" hostname="69ce977a8e31" tests="14" skipped="0" failures="0" errors="0" time="0.201">
    <testcase time="0.0120000000000005" classname="tm_t_ancova" name="template_ancova_generates_expressions_with_multiple_endpoints"/>
    <testcase time="0.0210000000000008" classname="tm_t_ancova" name="template_ancova_generates_expressions_with_multiple_endpoints"/>
    <testcase time="0.0069999999999979" classname="tm_t_ancova" name="template_ancova_generates_expressions_with_multiple_endpoints_with_combined_comparison_arms"/>
    <testcase time="0.0210000000000008" classname="tm_t_ancova" name="template_ancova_generates_expressions_with_multiple_endpoints_with_combined_comparison_arms"/>
    <testcase time="0.00700000000000145" classname="tm_t_ancova" name="template_ancova_generates_expressions_with_multiple_endpoints_with_combined_reference_arms"/>
    <testcase time="0.0209999999999972" classname="tm_t_ancova" name="template_ancova_generates_expressions_with_multiple_endpoints_with_combined_reference_arms"/>
    <testcase time="0.00700000000000145" classname="tm_t_ancova" name="template_ancova_generates_expressions_with_single_endpoint"/>
    <testcase time="0.0210000000000008" classname="tm_t_ancova" name="template_ancova_generates_expressions_with_single_endpoint"/>
    <testcase time="0.0069999999999979" classname="tm_t_ancova" name="template_ancova_generates_expressions_with_multiple_endpoints"/>
    <testcase time="0.0210000000000008" classname="tm_t_ancova" name="template_ancova_generates_expressions_with_multiple_endpoints"/>
    <testcase time="0.00799999999999912" classname="tm_t_ancova" name="template_ancova_generates_expressions_with_discrete_interaction_variable"/>
    <testcase time="0.0199999999999996" classname="tm_t_ancova" name="template_ancova_generates_expressions_with_discrete_interaction_variable"/>
    <testcase time="0.00800000000000267" classname="tm_t_ancova" name="template_ancova_generates_expressions_with_continuous_interaction_variable"/>
    <testcase time="0.0199999999999996" classname="tm_t_ancova" name="template_ancova_generates_expressions_with_continuous_interaction_variable"/>
  </testsuite>
  <testsuite name="tm_t_binary_outcome" timestamp="2025-10-16T11:17:11Z" hostname="69ce977a8e31" tests="16" skipped="0" failures="0" errors="0" time="0.235">
    <testcase time="0.0129999999999981" classname="tm_t_binary_outcome" name="template_binary_outcome_generates_standard_expressions"/>
    <testcase time="0.0199999999999996" classname="tm_t_binary_outcome" name="template_binary_outcome_generates_standard_expressions"/>
    <testcase time="0.00700000000000145" classname="tm_t_binary_outcome" name="template_binary_outcome_generates_right_expressions_with_non_default"/>
    <testcase time="0.0209999999999972" classname="tm_t_binary_outcome" name="template_binary_outcome_generates_right_expressions_with_non_default"/>
    <testcase time="0.00600000000000023" classname="tm_t_binary_outcome" name="template_binary_outcome_generates_expression_without_arm_comparison"/>
    <testcase time="0.0210000000000008" classname="tm_t_binary_outcome" name="template_binary_outcome_generates_expression_without_arm_comparison"/>
    <testcase time="0.00799999999999912" classname="tm_t_binary_outcome" name="template_binary_outcome_generates_expression_with_non_default_controls_and_strata."/>
    <testcase time="0.0289999999999999" classname="tm_t_binary_outcome" name="template_binary_outcome_generates_expression_with_non_default_controls_and_strata."/>
    <testcase time="0.00800000000000267" classname="tm_t_binary_outcome" name="template_binary_outcome_can_combine_comparison_arms"/>
    <testcase time="0.0209999999999972" classname="tm_t_binary_outcome" name="template_binary_outcome_can_combine_comparison_arms"/>
    <testcase time="0.00700000000000145" classname="tm_t_binary_outcome" name="template_binary_outcome_can_combine_comparison_arms_when_compare_arms_is_FALSE"/>
    <testcase time="0.0199999999999996" classname="tm_t_binary_outcome" name="template_binary_outcome_can_combine_comparison_arms_when_compare_arms_is_FALSE"/>
    <testcase time="0.00499999999999901" classname="tm_t_binary_outcome" name="split_col_expr_prepare_the_right_four_possible_expressions"/>
    <testcase time="0.0200000000000031" classname="tm_t_binary_outcome" name="split_col_expr_prepare_the_right_four_possible_expressions"/>
    <testcase time="0.00799999999999912" classname="tm_t_binary_outcome" name="template_binary_outcome_can_combine_refs"/>
    <testcase time="0.0210000000000008" classname="tm_t_binary_outcome" name="template_binary_outcome_can_combine_refs"/>
  </testsuite>
  <testsuite name="tm_t_coxreg" timestamp="2025-10-16T11:17:11Z" hostname="69ce977a8e31" tests="6" skipped="0" failures="0" errors="0" time="0.087">
    <testcase time="0.0109999999999992" classname="tm_t_coxreg" name="template_coxreg_generates_correct_univariate_cox_regression_expressions"/>
    <testcase time="0.0199999999999996" classname="tm_t_coxreg" name="template_coxreg_generates_correct_univariate_cox_regression_expressions"/>
    <testcase time="0.00700000000000145" classname="tm_t_coxreg" name="template_coxreg_generates_correct_univariate_cox_regression_expressions_with_interactions"/>
    <testcase time="0.0209999999999972" classname="tm_t_coxreg" name="template_coxreg_generates_correct_univariate_cox_regression_expressions_with_interactions"/>
    <testcase time="0.00700000000000145" classname="tm_t_coxreg" name="template_coxreg_generates_correct_multivariate_cox_regression_expressions"/>
    <testcase time="0.0210000000000008" classname="tm_t_coxreg" name="template_coxreg_generates_correct_multivariate_cox_regression_expressions"/>
  </testsuite>
  <testsuite name="tm_t_events" timestamp="2025-10-16T11:17:11Z" hostname="69ce977a8e31" tests="12" skipped="0" failures="0" errors="0" time="0.186">
    <testcase time="0.0120000000000005" classname="tm_t_events" name="template_events_generates_correct_expressions"/>
    <testcase time="0.0209999999999972" classname="tm_t_events" name="template_events_generates_correct_expressions"/>
    <testcase time="0.00900000000000034" classname="tm_t_events" name="template_events_generates_correct_expressions_for_nested_columns"/>
    <testcase time="0.0199999999999996" classname="tm_t_events" name="template_events_generates_correct_expressions_for_nested_columns"/>
    <testcase time="0.00800000000000267" classname="tm_t_events" name="template_events_can_generate_customized_table"/>
    <testcase time="0.0199999999999996" classname="tm_t_events" name="template_events_can_generate_customized_table"/>
    <testcase time="0.00799999999999912" classname="tm_t_events" name="template_events_can_generate_customized_table_with_alphabetical_sorting"/>
    <testcase time="0.0210000000000008" classname="tm_t_events" name="template_events_can_generate_customized_table_with_alphabetical_sorting"/>
    <testcase time="0.00799999999999912" classname="tm_t_events" name="template_events_can_generate_customized_table_with_pruning"/>
    <testcase time="0.0289999999999999" classname="tm_t_events" name="template_events_can_generate_customized_table_with_pruning"/>
    <testcase time="0.0100000000000016" classname="tm_t_events" name="template_events_can_generate_customized_table_with_pruning_for_nested_column"/>
    <testcase time="0.0199999999999996" classname="tm_t_events" name="template_events_can_generate_customized_table_with_pruning_for_nested_column"/>
  </testsuite>
  <testsuite name="tm_t_events_by_grade" timestamp="2025-10-16T11:17:12Z" hostname="69ce977a8e31" tests="16" skipped="0" failures="0" errors="0" time="0.257">
    <testcase time="0.0129999999999981" classname="tm_t_events_by_grade" name="template_events_by_grade_generates_standard_expressions"/>
    <testcase time="0.0210000000000008" classname="tm_t_events_by_grade" name="template_events_by_grade_generates_standard_expressions"/>
    <testcase time="0.00700000000000145" classname="tm_t_events_by_grade" name="template_events_by_grade_generates_standard_expressions_with_pruning_conditions"/>
    <testcase time="0.0209999999999972" classname="tm_t_events_by_grade" name="template_events_by_grade_generates_standard_expressions_with_pruning_conditions"/>
    <testcase time="0.00700000000000145" classname="tm_t_events_by_grade" name="template_events_by_grade_without_adding_total_column_option_works_as_expected"/>
    <testcase time="0.0229999999999997" classname="tm_t_events_by_grade" name="template_events_by_grade_without_adding_total_column_option_works_as_expected"/>
    <testcase time="0.0120000000000005" classname="tm_t_events_by_grade" name="template_events_by_grade_with_hlt_only_works"/>
    <testcase time="0.0330000000000013" classname="tm_t_events_by_grade" name="template_events_by_grade_with_hlt_only_works"/>
    <testcase time="0.00999999999999801" classname="tm_t_events_by_grade" name="template_events_col_by_grade_generates_standard_expressions"/>
    <testcase time="0.022000000000002" classname="tm_t_events_by_grade" name="template_events_col_by_grade_generates_standard_expressions"/>
    <testcase time="0.00899999999999679" classname="tm_t_events_by_grade" name="template_events_col_by_grade_works_with_custom_values"/>
    <testcase time="0.0200000000000031" classname="tm_t_events_by_grade" name="template_events_col_by_grade_works_with_custom_values"/>
    <testcase time="0.00899999999999679" classname="tm_t_events_by_grade" name="template_events_col_by_grade_without_adding_total_column_option_works_as_expected"/>
    <testcase time="0.0210000000000008" classname="tm_t_events_by_grade" name="template_events_col_by_grade_without_adding_total_column_option_works_as_expected"/>
    <testcase time="0.00800000000000267" classname="tm_t_events_by_grade" name="template_events_col_by_grade_without_dropping_arm_levels_option_works_as_expected"/>
    <testcase time="0.0209999999999972" classname="tm_t_events_by_grade" name="template_events_col_by_grade_without_dropping_arm_levels_option_works_as_expected"/>
  </testsuite>
  <testsuite name="tm_t_events_patyear" timestamp="2025-10-16T11:17:12Z" hostname="69ce977a8e31" tests="6" skipped="0" failures="0" errors="0" time="0.097">
    <testcase time="0.0110000000000028" classname="tm_t_events_patyear" name="template_events_patyear_generates_standard_expressions"/>
    <testcase time="0.0209999999999972" classname="tm_t_events_patyear" name="template_events_patyear_generates_standard_expressions"/>
    <testcase time="0.00700000000000145" classname="tm_t_events_patyear" name="template_events_patyear_generates_right_expressions_with_non_default"/>
    <testcase time="0.0289999999999999" classname="tm_t_events_patyear" name="template_events_patyear_generates_right_expressions_with_non_default"/>
    <testcase time="0.00799999999999912" classname="tm_t_events_patyear" name="template_events_patyear_generates_right_expressions_with_non_default_controls"/>
    <testcase time="0.0210000000000008" classname="tm_t_events_patyear" name="template_events_patyear_generates_right_expressions_with_non_default_controls"/>
  </testsuite>
  <testsuite name="tm_t_events_summary" timestamp="2025-10-16T11:17:12Z" hostname="69ce977a8e31" tests="4" skipped="0" failures="0" errors="0" time="0.085">
    <testcase time="0.0109999999999992" classname="tm_t_events_summary" name="template_events_summary_generates_minimal_table"/>
    <testcase time="0.0210000000000008" classname="tm_t_events_summary" name="template_events_summary_generates_minimal_table"/>
    <testcase time="0.00799999999999912" classname="tm_t_events_summary" name="template_events_summary_generates_table_with_multiple_flags"/>
    <testcase time="0.0450000000000017" classname="tm_t_events_summary" name="template_events_summary_generates_table_with_multiple_flags"/>
  </testsuite>
  <testsuite name="tm_t_exposure" timestamp="2025-10-16T11:17:12Z" hostname="69ce977a8e31" tests="6" skipped="0" failures="0" errors="0" time="0.086">
    <testcase time="0.0129999999999981" classname="tm_t_exposure" name="template_exposure_generates_correct_expressions_with_default_arguments"/>
    <testcase time="0.0199999999999996" classname="tm_t_exposure" name="template_exposure_generates_correct_expressions_with_default_arguments"/>
    <testcase time="0.00600000000000023" classname="tm_t_exposure" name="template_exposure_generates_correct_expressions_with_custom_arguments"/>
    <testcase time="0.0210000000000008" classname="tm_t_exposure" name="template_exposure_generates_correct_expressions_with_custom_arguments"/>
    <testcase time="0.00499999999999901" classname="tm_t_exposure" name="template_exposure_generates_correct_expressions_with_paramcd_label"/>
    <testcase time="0.0210000000000008" classname="tm_t_exposure" name="template_exposure_generates_correct_expressions_with_paramcd_label"/>
  </testsuite>
  <testsuite name="tm_t_glm_counts" timestamp="2025-10-16T11:17:12Z" hostname="69ce977a8e31" tests="5" skipped="0" failures="0" errors="0" time="23.606">
    <testcase time="9.614" classname="tm_t_glm_counts" name="e2e_tm_t_glm_counts_Module_initializes_in_teal_without_errors_and_produces_table_output."/>
    <testcase time="0.00700000000000145" classname="tm_t_glm_counts" name="e2e_tm_t_glm_counts_Module_initializes_in_teal_without_errors_and_produces_table_output."/>
    <testcase time="2.097" classname="tm_t_glm_counts" name="e2e_tm_t_glm_counts_Module_initializes_in_teal_without_errors_and_produces_table_output."/>
    <testcase time="11.882" classname="tm_t_glm_counts" name="e2e_tm_t_glm_counts_Selecting_arm_var_changes_the_table_and_does_not_throw_validation_errors."/>
    <testcase time="0.00600000000000023" classname="tm_t_glm_counts" name="e2e_tm_t_glm_counts_Selecting_arm_var_changes_the_table_and_does_not_throw_validation_errors."/>
  </testsuite>
  <testsuite name="tm_t_logisitic" timestamp="2025-10-16T11:17:36Z" hostname="69ce977a8e31" tests="6" skipped="0" failures="0" errors="0" time="0.197">
    <testcase time="0.116" classname="tm_t_logisitic" name="template_logistic_generates_correct_expressions"/>
    <testcase time="0.0240000000000009" classname="tm_t_logisitic" name="template_logistic_generates_correct_expressions"/>
    <testcase time="0.00600000000000023" classname="tm_t_logisitic" name="template_logistic_generates_correct_expressions_for_no_arm_variable"/>
    <testcase time="0.0219999999999985" classname="tm_t_logisitic" name="template_logistic_generates_correct_expressions_for_no_arm_variable"/>
    <testcase time="0.007000000000005" classname="tm_t_logisitic" name="template_logistic_generates_correct_expressions"/>
    <testcase time="0.0219999999999985" classname="tm_t_logisitic" name="template_logistic_generates_correct_expressions"/>
  </testsuite>
  <testsuite name="tm_t_mult_events" timestamp="2025-10-16T11:17:36Z" hostname="69ce977a8e31" tests="12" skipped="0" failures="0" errors="0" time="0.183">
    <testcase time="0.0129999999999981" classname="tm_t_mult_events" name="template_mult_events_generates_correct_expressions_with_1_HLT_parameter"/>
    <testcase time="0.0219999999999985" classname="tm_t_mult_events" name="template_mult_events_generates_correct_expressions_with_1_HLT_parameter"/>
    <testcase time="0.00800000000000267" classname="tm_t_mult_events" name="template_mult_events_generates_correct_expressions_with_2_HLT_parameters_and_drop_arm_levels_FALSE"/>
    <testcase time="0.027000000000001" classname="tm_t_mult_events" name="template_mult_events_generates_correct_expressions_with_2_HLT_parameters_and_drop_arm_levels_FALSE"/>
    <testcase time="0.00800000000000267" classname="tm_t_mult_events" name="template_mult_events_generates_correct_expressions_with_3_HLT_parameters"/>
    <testcase time="0.0209999999999937" classname="tm_t_mult_events" name="template_mult_events_generates_correct_expressions_with_3_HLT_parameters"/>
    <testcase time="0.00800000000000267" classname="tm_t_mult_events" name="template_mult_events_generates_correct_expressions_with_4_HLT_parameters"/>
    <testcase time="0.0200000000000031" classname="tm_t_mult_events" name="template_mult_events_generates_correct_expressions_with_4_HLT_parameters"/>
    <testcase time="0.0069999999999979" classname="tm_t_mult_events" name="template_mult_events_generates_correct_expressions_with_no_HLT_parameters"/>
    <testcase time="0.0200000000000031" classname="tm_t_mult_events" name="template_mult_events_generates_correct_expressions_with_no_HLT_parameters"/>
    <testcase time="0.00799999999999557" classname="tm_t_mult_events" name="template_mult_events_generates_correct_expressions_with_1_HLT_parameter_and_without_All_Patients_column"/>
    <testcase time="0.0210000000000008" classname="tm_t_mult_events" name="template_mult_events_generates_correct_expressions_with_1_HLT_parameter_and_without_All_Patients_column"/>
  </testsuite>
  <testsuite name="tm_t_pp_medical_history" timestamp="2025-10-16T11:17:36Z" hostname="69ce977a8e31" tests="9" skipped="0" failures="0" errors="0" time="0.051">
    <testcase time="0.00800000000000267" classname="tm_t_pp_medical_history" name="template_medical_history_outputs_a_list_with_one_named_element"/>
    <testcase time="0.00300000000000011" classname="tm_t_pp_medical_history" name="template_medical_history_outputs_a_list_with_one_named_element"/>
    <testcase time="0.000999999999997669" classname="tm_t_pp_medical_history" name="template_medical_history_outputs_a_list_with_one_named_element"/>
    <testcase time="0.00300000000000011" classname="tm_t_pp_medical_history" name="template_medical_history_outputs_a_list_with_one_named_element"/>
    <testcase time="0.00500000000000256" classname="tm_t_pp_medical_history" name="template_medical_history_s_output_has_element_table_which_is_of_class_call"/>
    <testcase time="0.00300000000000011" classname="tm_t_pp_medical_history" name="template_medical_history_s_output_has_element_table_which_is_of_class_call"/>
    <testcase time="0.00600000000000023" classname="tm_t_pp_medical_history" name="template_medical_history_non_default_parameters"/>
    <testcase time="0.000999999999997669" classname="tm_t_pp_medical_history" name="template_medical_history_non_default_parameters"/>
    <testcase time="0.0210000000000008" classname="tm_t_pp_medical_history" name="template_medical_history_non_default_parameters"/>
  </testsuite>
  <testsuite name="tm_t_shift_by_arm" timestamp="2025-10-16T11:17:36Z" hostname="69ce977a8e31" tests="6" skipped="0" failures="0" errors="0" time="0.083">
    <testcase time="0.00900000000000034" classname="tm_t_shift_by_arm" name="template_shift_by_arm_generates_correct_expressions_with_default_arguments"/>
    <testcase time="0.0210000000000008" classname="tm_t_shift_by_arm" name="template_shift_by_arm_generates_correct_expressions_with_default_arguments"/>
    <testcase time="0.00600000000000023" classname="tm_t_shift_by_arm" name="template_shift_by_arm_generates_correct_expressions_with_add_total_being_TRUE"/>
    <testcase time="0.0210000000000008" classname="tm_t_shift_by_arm" name="template_shift_by_arm_generates_correct_expressions_with_add_total_being_TRUE"/>
    <testcase time="0.00499999999999545" classname="tm_t_shift_by_arm" name="template_shift_by_arm_generates_correct_expressions_with_na.rm_being_TRUE"/>
    <testcase time="0.0210000000000008" classname="tm_t_shift_by_arm" name="template_shift_by_arm_generates_correct_expressions_with_na.rm_being_TRUE"/>
  </testsuite>
  <testsuite name="tm_t_shift_by_arm_by_worst" timestamp="2025-10-16T11:17:36Z" hostname="69ce977a8e31" tests="6" skipped="0" failures="0" errors="0" time="0.099">
    <testcase time="0.0100000000000051" classname="tm_t_shift_by_arm_by_worst" name="template_shift_by_arm_generates_correct_expressions_with_default_arguments"/>
    <testcase time="0.0289999999999964" classname="tm_t_shift_by_arm_by_worst" name="template_shift_by_arm_generates_correct_expressions_with_default_arguments"/>
    <testcase time="0.0069999999999979" classname="tm_t_shift_by_arm_by_worst" name="template_shift_by_arm_generates_correct_expressions_with_add_total_being_TRUE"/>
    <testcase time="0.0230000000000032" classname="tm_t_shift_by_arm_by_worst" name="template_shift_by_arm_generates_correct_expressions_with_add_total_being_TRUE"/>
    <testcase time="0.00600000000000023" classname="tm_t_shift_by_arm_by_worst" name="template_shift_by_arm_generates_correct_expressions_with_na.rm_being_TRUE"/>
    <testcase time="0.0240000000000009" classname="tm_t_shift_by_arm_by_worst" name="template_shift_by_arm_generates_correct_expressions_with_na.rm_being_TRUE"/>
  </testsuite>
  <testsuite name="tm_t_shift_by_grade" timestamp="2025-10-16T11:17:36Z" hostname="69ce977a8e31" tests="8" skipped="0" failures="0" errors="0" time="0.551">
    <testcase time="0.0139999999999958" classname="tm_t_shift_by_grade" name="template_shift_by_grade_generates_correct_expressions_with_default_arguments"/>
    <testcase time="0.0220000000000056" classname="tm_t_shift_by_grade" name="template_shift_by_grade_generates_correct_expressions_with_default_arguments"/>
    <testcase time="0.00900000000000034" classname="tm_t_shift_by_grade" name="template_shift_by_grade_generates_correct_expressions_with_custom_arguments"/>
    <testcase time="0.0209999999999937" classname="tm_t_shift_by_grade" name="template_shift_by_grade_generates_correct_expressions_with_custom_arguments"/>
    <testcase time="0.00799999999999557" classname="tm_t_shift_by_grade" name="template_shift_by_grade_throws_an_error_when_worst_flag_var_is_not_one_of_WGRLOVFL_WGRLOFL_WGRHIVFL_WGRHIFL"/>
    <testcase time="0.0770000000000053" classname="tm_t_shift_by_grade" name="template_shift_by_grade_keeps_the_same_number_of_missing_data_Missing_after_preprocessing"/>
    <testcase time="0.0439999999999969" classname="tm_t_shift_by_grade" name="template_shift_by_grade_handles_empty_dataset_after_worst_flag_filtering_gracefully"/>
    <testcase time="0.356000000000002" classname="tm_t_shift_by_grade" name="template_shift_by_grade_handles_invalid_worst_flag_indicator_values"/>
  </testsuite>
  <testsuite name="tm_t_smq" timestamp="2025-10-16T11:17:37Z" hostname="69ce977a8e31" tests="4" skipped="0" failures="0" errors="0" time="0.063">
    <testcase time="0.0129999999999981" classname="tm_t_smq" name="template_smq_generates_correct_expressions_with_default_arguments"/>
    <testcase time="0.0219999999999985" classname="tm_t_smq" name="template_smq_generates_correct_expressions_with_default_arguments"/>
    <testcase time="0.007000000000005" classname="tm_t_smq" name="template_smq_generates_correct_expressions_with_custom_arguments"/>
    <testcase time="0.0209999999999937" classname="tm_t_smq" name="template_smq_generates_correct_expressions_with_custom_arguments"/>
  </testsuite>
  <testsuite name="tm_t_summary" timestamp="2025-10-16T11:17:37Z" hostname="69ce977a8e31" tests="12" skipped="0" failures="0" errors="0" time="0.18">
    <testcase time="0.0110000000000028" classname="tm_t_summary" name="template_summary_generates_correct_expressions"/>
    <testcase time="0.0210000000000008" classname="tm_t_summary" name="template_summary_generates_correct_expressions"/>
    <testcase time="0.0069999999999979" classname="tm_t_summary" name="template_summary_can_generate_customized_table"/>
    <testcase time="0.0210000000000008" classname="tm_t_summary" name="template_summary_can_generate_customized_table"/>
    <testcase time="0.00800000000000267" classname="tm_t_summary" name="template_summary_generates_correct_expressions_for_multiple_grouping_variables"/>
    <testcase time="0.0210000000000008" classname="tm_t_summary" name="template_summary_generates_correct_expressions_for_multiple_grouping_variables"/>
    <testcase time="0.00799999999999557" classname="tm_t_summary" name="template_summary_generates_correct_expressions_for_multiple_grouping_variables_and_all_patients"/>
    <testcase time="0.0210000000000008" classname="tm_t_summary" name="template_summary_generates_correct_expressions_for_multiple_grouping_variables_and_all_patients"/>
    <testcase time="0.00900000000000034" classname="tm_t_summary" name="template_summary_generates_correct_expressions_for_customized_numeric_statistics"/>
    <testcase time="0.0219999999999985" classname="tm_t_summary" name="template_summary_generates_correct_expressions_for_customized_numeric_statistics"/>
    <testcase time="0.00900000000000034" classname="tm_t_summary" name="template_summary_generates_correct_expressions_when_arm_variable_labels_are_added"/>
    <testcase time="0.0220000000000056" classname="tm_t_summary" name="template_summary_generates_correct_expressions_when_arm_variable_labels_are_added"/>
  </testsuite>
  <testsuite name="tm_t_summary_by" timestamp="2025-10-16T11:17:37Z" hostname="69ce977a8e31" tests="10" skipped="0" failures="0" errors="0" time="0.151">
    <testcase time="0.0119999999999933" classname="tm_t_summary_by" name="template_summary_by_generates_correct_expressions"/>
    <testcase time="0.027000000000001" classname="tm_t_summary_by" name="template_summary_by_generates_correct_expressions"/>
    <testcase time="0.007000000000005" classname="tm_t_summary_by" name="template_summary_by_generates_correct_expressions_when_parallel_vars_is_true"/>
    <testcase time="0.0210000000000008" classname="tm_t_summary_by" name="template_summary_by_generates_correct_expressions_when_parallel_vars_is_true"/>
    <testcase time="0.0069999999999979" classname="tm_t_summary_by" name="template_summary_by_generates_correct_expressions_when_row_groups_is_true"/>
    <testcase time="0.0210000000000008" classname="tm_t_summary_by" name="template_summary_by_generates_correct_expressions_when_row_groups_is_true"/>
    <testcase time="0.0069999999999979" classname="tm_t_summary_by" name="template_summary_by_generates_correct_expressions_for_customized_numeric_statistics"/>
    <testcase time="0.0210000000000008" classname="tm_t_summary_by" name="template_summary_by_generates_correct_expressions_for_customized_numeric_statistics"/>
    <testcase time="0.0069999999999979" classname="tm_t_summary_by" name="template_summary_by_generates_correct_expressions_for_drop_zero_levels_is_true"/>
    <testcase time="0.0210000000000008" classname="tm_t_summary_by" name="template_summary_by_generates_correct_expressions_for_drop_zero_levels_is_true"/>
  </testsuite>
  <testsuite name="tm_t_tte" timestamp="2025-10-16T11:17:37Z" hostname="69ce977a8e31" tests="8" skipped="0" failures="0" errors="0" time="0.12">
    <testcase time="0.0120000000000005" classname="tm_t_tte" name="template_tte_produces_healthy_standard_output"/>
    <testcase time="0.0210000000000008" classname="tm_t_tte" name="template_tte_produces_healthy_standard_output"/>
    <testcase time="0.0069999999999979" classname="tm_t_tte" name="template_tte_produces_correct_data_expression_when_not_comparing_arms"/>
    <testcase time="0.0210000000000008" classname="tm_t_tte" name="template_tte_produces_correct_data_expression_when_not_comparing_arms"/>
    <testcase time="0.00800000000000267" classname="tm_t_tte" name="template_tte_produces_correct_data_expression_when_comparing_and_combining_arms"/>
    <testcase time="0.0219999999999985" classname="tm_t_tte" name="template_tte_produces_correct_data_expression_when_comparing_and_combining_arms"/>
    <testcase time="0.00800000000000267" classname="tm_t_tte" name="template_tte_produces_correct_data_expression_when_comparing_arms"/>
    <testcase time="0.0209999999999937" classname="tm_t_tte" name="template_tte_produces_correct_data_expression_when_comparing_arms"/>
  </testsuite>
  <testsuite name="utils" timestamp="2025-10-16T11:17:37Z" hostname="69ce977a8e31" tests="51" skipped="0" failures="0" errors="0" time="0.478">
    <testcase time="0.0100000000000051" classname="utils" name="h_concat_expr_returns_a_string_for_long_expression"/>
    <testcase time="0.0259999999999962" classname="utils" name="h_concat_expr_returns_a_string_for_long_expression"/>
    <testcase time="0.00600000000000023" classname="utils" name="pipe_expr_concatenate_expressions_into_a_single_pipeline_"/>
    <testcase time="0.00500000000000256" classname="utils" name="add_expr_adds_expressions_to_expression_list"/>
    <testcase time="0.019999999999996" classname="utils" name="add_expr_adds_expressions_to_expression_list"/>
    <testcase time="0.00600000000000023" classname="utils" name="add_expr_manages_expression_list_which_can_be_used_by_pipe_expr"/>
    <testcase time="0.0200000000000031" classname="utils" name="add_expr_manages_expression_list_which_can_be_used_by_pipe_expr"/>
    <testcase time="0.00500000000000256" classname="utils" name="bracket_expr_concatenates_expressions_into_a_single_expression"/>
    <testcase time="0.019999999999996" classname="utils" name="bracket_expr_concatenates_expressions_into_a_single_expression"/>
    <testcase time="0.00600000000000023" classname="utils" name="bracket_expr_returns_a_single_evaluable_expression"/>
    <testcase time="0.0200000000000031" classname="utils" name="bracket_expr_returns_a_single_evaluable_expression"/>
    <testcase time="0.00600000000000023" classname="utils" name="prepare_arm_with_standard_inputs"/>
    <testcase time="0.019999999999996" classname="utils" name="prepare_arm_with_standard_inputs"/>
    <testcase time="0.00600000000000023" classname="utils" name="prepare_arm_combine_ref_arms"/>
    <testcase time="0.0200000000000031" classname="utils" name="prepare_arm_combine_ref_arms"/>
    <testcase time="0.00600000000000023" classname="utils" name="prepare_arm_combine_ref_arms_and_use_new_level"/>
    <testcase time="0.0210000000000008" classname="utils" name="prepare_arm_combine_ref_arms_and_use_new_level"/>
    <testcase time="0.00600000000000023" classname="utils" name="prepare_arm_does_not_do_anything_when_we_don_t_want_to_compare_or_drop_arms"/>
    <testcase time="0.00300000000000011" classname="utils" name="prepare_arm_does_not_do_anything_when_we_don_t_want_to_compare_or_drop_arms"/>
    <testcase time="0.00499999999999545" classname="utils" name="prepare_arm_levels_with_standard_inputs"/>
    <testcase time="0.0260000000000034" classname="utils" name="prepare_arm_levels_with_standard_inputs"/>
    <testcase time="0.00600000000000023" classname="utils" name="prepare_arm_levels_can_use_parentname_arm_levels"/>
    <testcase time="0.0210000000000008" classname="utils" name="prepare_arm_levels_can_use_parentname_arm_levels"/>
    <testcase time="0.00499999999999545" classname="utils" name="color_lab_values_main"/>
    <testcase time="0.0260000000000034" classname="utils" name="color_lab_values_main"/>
    <testcase time="0.00600000000000023" classname="utils" name="color_lab_values_neutral_for_none_characters"/>
    <testcase time="0.00300000000000011" classname="utils" name="color_lab_values_neutral_for_none_characters"/>
    <testcase time="0.00600000000000023" classname="utils" name="clean_description"/>
    <testcase time="0.00300000000000011" classname="utils" name="clean_description"/>
    <testcase time="0.0069999999999979" classname="utils" name="get_g_forest_obj_var_name"/>
    <testcase time="0.00600000000000023" classname="utils" name="cs_to_select_spec_single_choices_selected_is_converted_to_select_spec"/>
    <testcase time="0.0069999999999979" classname="utils" name="cs_to_select_spec_single_choices_selected_is_converted_to_select_spec_with_multiple_TRUE"/>
    <testcase time="0.0069999999999979" classname="utils" name="cs_to_select_spec_single_choices_selected_is_converted_to_select_spec_with_ordered_TRUE"/>
    <testcase time="0.00800000000000267" classname="utils" name="cs_to_select_spec_accepts_choices_selected_only"/>
    <testcase time="0.00900000000000034" classname="utils" name="cs_to_select_spec_accepts_multiple_as_flag_only"/>
    <testcase time="0.00999999999999801" classname="utils" name="cs_to_select_spec_accepts_ordered_as_flag_only"/>
    <testcase time="0.00800000000000267" classname="utils" name="cs_to_filter_spec_fails_if_doesn_t_have_var_choices"/>
    <testcase time="0.0129999999999981" classname="utils" name="cs_to_filter_spec_creates_filter_spec_from_choices_selected"/>
    <testcase time="0.007000000000005" classname="utils" name="cs_to_des_select_creates_data_extract_spec_with_single_select_and_no_filter"/>
    <testcase time="0.0069999999999979" classname="utils" name="cs_to_des_select_returns_the_input_if_data_extract_spec_is_provided"/>
    <testcase time="0.0069999999999979" classname="utils" name="cs_to_des_select_creates_data_extract_spec_with_multiple_TRUE"/>
    <testcase time="0.0069999999999979" classname="utils" name="cs_to_des_select_creates_data_extract_spec_with_ordered_TRUE"/>
    <testcase time="0.00600000000000023" classname="utils" name="as_numeric_from_comma_sep_str_returns_NULL_if_blank_string_or_NULL_entered"/>
    <testcase time="0.00200000000000244" classname="utils" name="as_numeric_from_comma_sep_str_returns_NULL_if_blank_string_or_NULL_entered"/>
    <testcase time="0.00600000000000023" classname="utils" name="as_numeric_from_comma_sep_str_returns_numeric_vector_of_numbers"/>
    <testcase time="0.00300000000000011" classname="utils" name="as_numeric_from_comma_sep_str_returns_numeric_vector_of_numbers"/>
    <testcase time="0.00600000000000023" classname="utils" name="as_numeric_from_comma_sep_str_respects_sep_argument"/>
    <testcase time="0.00300000000000011" classname="utils" name="as_numeric_from_comma_sep_str_respects_sep_argument"/>
    <testcase time="0.00500000000000256" classname="utils" name="default_total_label_works_properly"/>
    <testcase time="0.00300000000000011" classname="utils" name="default_total_label_works_properly"/>
    <testcase time="0.00199999999999534" classname="utils" name="default_total_label_works_properly"/>
  </testsuite>
  <testsuite name="validate_standard_inputs" timestamp="2025-10-16T11:17:38Z" hostname="69ce977a8e31" tests="6" skipped="0" failures="0" errors="0" time="0.035">
    <testcase time="0.0110000000000028" classname="validate_standard_inputs" name="validate_arm_throws_shiny_error_if_arm_vec_is_not_a_factor"/>
    <testcase time="0.00499999999999545" classname="validate_standard_inputs" name="validate_arm_throws_shiny_error_if_arm_vec_is_not_a_factor"/>
    <testcase time="0.00800000000000267" classname="validate_standard_inputs" name="validate_arm_throws_specific_shiny_error_if_arm_vec_has_just_whitespace_strings"/>
    <testcase time="0.00500000000000256" classname="validate_standard_inputs" name="validate_arm_throws_specific_shiny_error_if_arm_vec_has_just_whitespace_strings"/>
    <testcase time="0.00399999999999778" classname="validate_standard_inputs" name="validate_arm_throws_no_error_if_arm_vec_is_a_factor"/>
    <testcase time="0.00200000000000244" classname="validate_standard_inputs" name="validate_arm_throws_no_error_if_arm_vec_is_a_factor"/>
  </testsuite>
</testsuites>
