<?xml version="1.0" encoding="UTF-8"?>
<testsuites>
  <testsuite name="shinytest2-tm_t_exposure" timestamp="2024-05-08T22:04:45Z" hostname="de05b3616a8b" tests="1" skipped="0" failures="0" errors="1" time="27.121">
    <testcase time="27.121" classname="shinytest2_tm_t_exposure" name="e2e_tm_t_exposure_Deselection_of_col_by_var_variable_changes_the_table_and_does_not_throw_validation_errors.">
      <error type="error" message="Error in `app_wait_for_idle(self, private, duration = duration, timeout = timeout)`: An error occurred while waiting for Shiny to be stable ('test-shinytest2-tm_t_exposure.R:82:5')">Error in `app_wait_for_idle(self, private, duration = duration, timeout = timeout)`: An error occurred while waiting for Shiny to be stable
Backtrace:
    x
 1. \-app_driver$set_active_module_input(...) at test-shinytest2-tm_t_exposure.R:82:5
 2.   \-self$wait_for_idle()
 3.     \-shinytest2:::app_wait_for_idle(self, private, duration = duration, timeout = timeout)
 4.       \-shinytest2:::app_abort(self, private, "An error occurred while waiting for Shiny to be stable")
 5.         \-rlang::abort(..., app = self, call = call)</error>
    </testcase>
  </testsuite>
</testsuites>
