<?xml version="1.0" encoding="UTF-8"?>
<testsuites>
  <testsuite name="shinytest2-tm_t_exposure" timestamp="2024-05-09T02:59:20Z" hostname="e7cd1f068033" tests="2" skipped="0" failures="0" errors="0" time="7.8">
    <testcase time="7.779" classname="shinytest2_tm_t_exposure" name="e2e_tm_t_exposure_Deselection_of_col_by_var_variable_changes_the_table_and_does_not_throw_validation_errors."/>
    <testcase time="0.020999999999999" classname="shinytest2_tm_t_exposure" name="e2e_tm_t_exposure_Deselection_of_col_by_var_variable_changes_the_table_and_does_not_throw_validation_errors."/>
  </testsuite>
</testsuites>
