<?xml version="1.0" encoding="UTF-8"?>
<testsuites>
  <testsuite name="shinytest2-tm_t_exposure" timestamp="2024-05-09T02:31:39Z" hostname="5ce602c56b3f" tests="2" skipped="0" failures="0" errors="0" time="7.664">
    <testcase time="7.645" classname="shinytest2_tm_t_exposure" name="e2e_tm_t_exposure_Deselection_of_col_by_var_variable_changes_the_table_and_does_not_throw_validation_errors."/>
    <testcase time="0.0190000000000001" classname="shinytest2_tm_t_exposure" name="e2e_tm_t_exposure_Deselection_of_col_by_var_variable_changes_the_table_and_does_not_throw_validation_errors."/>
  </testsuite>
</testsuites>
