<?xml version="1.0" encoding="UTF-8"?>
<testsuites>
  <testsuite name="shinytest2-tm_t_exposure" timestamp="2024-05-09T01:27:01Z" hostname="9d1b27088170" tests="1" skipped="0" failures="0" errors="1" time="27.342">
    <testcase time="27.342" classname="shinytest2_tm_t_exposure" name="e2e_tm_t_exposure_Deselection_of_col_by_var_variable_changes_the_table_and_does_not_throw_validation_errors.">
      <error type="error" message="Error in `app_get_values(self, private, input = input, output = output,  ('test-shinytest2-tm_t_exposure.R:87:5')">Error in `app_get_values(self, private, input = input, output = output, 
    export = export, ..., hash_images = hash_images)`: Shiny server returned 404 for values URL: http://127.0.0.1:5092/session/841612de40789d7d2c9523369b60da3d/dataobj/shinytest?w=&amp;nonce=328661270&amp;input=teal-main_ui-root-duration_of_exposure_table-module-col_by_var-dataset_ADSL_singleextract-select&amp;&amp;&amp;format=rds&amp;sortC=1
i Is `shiny::runApp(test.mode = TRUE)` enabled?
Backtrace:
     x
  1. +-base::print(app_driver$get_active_module_input("col_by_var-dataset_ADSL_singleextract-select")) at test-shinytest2-tm_t_exposure.R:87:5
  2. \-app_driver$get_active_module_input("col_by_var-dataset_ADSL_singleextract-select")
  3.   \-self$get_value(...)
  4.     \-shinytest2:::app_get_value(...)
  5.       \-self$get_values(...)
  6.         \-shinytest2:::app_get_values(...)
  7.           \-shinytest2:::app_httr_get(...)
  8.             \-shinytest2 (local) fn_404(req)
  9.               \-shinytest2:::app_abort(...)
 10.                 \-rlang::abort(..., app = self, call = call)</error>
    </testcase>
  </testsuite>
</testsuites>
