<?xml version="1.0" encoding="UTF-8"?>
<testsuites>
  <testsuite name="examples" timestamp="2025-03-06T14:48:14Z" hostname="9ecb9d47dc4f" tests="112" skipped="112" failures="0" errors="0" time="1.638">
    <testcase time="0.0089999999999999" classname="examples" name="example_add_expr.Rd">
      <skipped message="Reason: testing depth 3 is below current testing specification 5 ('test-examples.R:127:7')"/>
    </testcase>
    <testcase time="0.0589999999999997" classname="examples" name="example_arm_ref_comp_observer.Rd">
      <skipped message="Reason: testing depth 3 is below current testing specification 5 ('test-examples.R:127:7')"/>
    </testcase>
    <testcase time="0.0330000000000004" classname="examples" name="example_as_num.Rd">
      <skipped message="Reason: testing depth 3 is below current testing specification 5 ('test-examples.R:127:7')"/>
    </testcase>
    <testcase time="0.016" classname="examples" name="example_bracket_expr.Rd">
      <skipped message="Reason: testing depth 3 is below current testing specification 5 ('test-examples.R:127:7')"/>
    </testcase>
    <testcase time="0.0149999999999997" classname="examples" name="example_call_concatenate.Rd">
      <skipped message="Reason: testing depth 3 is below current testing specification 5 ('test-examples.R:127:7')"/>
    </testcase>
    <testcase time="0.0150000000000001" classname="examples" name="example_check_arm_ref_comp.Rd">
      <skipped message="Reason: testing depth 3 is below current testing specification 5 ('test-examples.R:127:7')"/>
    </testcase>
    <testcase time="0.016" classname="examples" name="example_clean_description.Rd">
      <skipped message="Reason: testing depth 3 is below current testing specification 5 ('test-examples.R:127:7')"/>
    </testcase>
    <testcase time="0.0150000000000001" classname="examples" name="example_color_lab_values.Rd">
      <skipped message="Reason: testing depth 3 is below current testing specification 5 ('test-examples.R:127:7')"/>
    </testcase>
    <testcase time="0.016" classname="examples" name="example_column_annotation_label.Rd">
      <skipped message="Reason: testing depth 3 is below current testing specification 5 ('test-examples.R:127:7')"/>
    </testcase>
    <testcase time="0.016" classname="examples" name="example_control_tte.Rd">
      <skipped message="Reason: testing depth 3 is below current testing specification 5 ('test-examples.R:127:7')"/>
    </testcase>
    <testcase time="0.016" classname="examples" name="example_cs_to_des_filter.Rd">
      <skipped message="Reason: testing depth 3 is below current testing specification 5 ('test-examples.R:127:7')"/>
    </testcase>
    <testcase time="0.0249999999999999" classname="examples" name="example_cs_to_des_select.Rd">
      <skipped message="Reason: testing depth 3 is below current testing specification 5 ('test-examples.R:127:7')"/>
    </testcase>
    <testcase time="0.012" classname="examples" name="example_cs_to_filter_spec.Rd">
      <skipped message="Reason: testing depth 3 is below current testing specification 5 ('test-examples.R:127:7')"/>
    </testcase>
    <testcase time="0.012" classname="examples" name="example_cs_to_select_spec.Rd">
      <skipped message="Reason: testing depth 3 is below current testing specification 5 ('test-examples.R:127:7')"/>
    </testcase>
    <testcase time="0.0129999999999999" classname="examples" name="example_default_total_label.Rd">
      <skipped message="Reason: testing depth 3 is below current testing specification 5 ('test-examples.R:127:7')"/>
    </testcase>
    <testcase time="0.012" classname="examples" name="example_ex_data.Rd">
      <skipped message="Reason: testing depth 3 is below current testing specification 5 ('test-examples.R:127:7')"/>
    </testcase>
    <testcase time="0.0129999999999999" classname="examples" name="example_extract_input.Rd">
      <skipped message="Reason: testing depth 3 is below current testing specification 5 ('test-examples.R:127:7')"/>
    </testcase>
    <testcase time="0.0129999999999999" classname="examples" name="example_facet_grid_formula.Rd">
      <skipped message="Reason: testing depth 3 is below current testing specification 5 ('test-examples.R:127:7')"/>
    </testcase>
    <testcase time="0.0130000000000003" classname="examples" name="example_get_g_forest_obj_var_name.Rd">
      <skipped message="Reason: testing depth 3 is below current testing specification 5 ('test-examples.R:127:7')"/>
    </testcase>
    <testcase time="0.0129999999999999" classname="examples" name="example_get_paramcd_label.Rd">
      <skipped message="Reason: testing depth 3 is below current testing specification 5 ('test-examples.R:127:7')"/>
    </testcase>
    <testcase time="0.0129999999999999" classname="examples" name="example_get_var_labels.Rd">
      <skipped message="Reason: testing depth 3 is below current testing specification 5 ('test-examples.R:127:7')"/>
    </testcase>
    <testcase time="0.0140000000000002" classname="examples" name="example_h_concat_expr.Rd">
      <skipped message="Reason: testing depth 3 is below current testing specification 5 ('test-examples.R:127:7')"/>
    </testcase>
    <testcase time="0.0129999999999999" classname="examples" name="example_is.cs_or_des.Rd">
      <skipped message="Reason: testing depth 3 is below current testing specification 5 ('test-examples.R:127:7')"/>
    </testcase>
    <testcase time="0.0129999999999999" classname="examples" name="example_make_barchart_simple_call.Rd">
      <skipped message="Reason: testing depth 3 is below current testing specification 5 ('test-examples.R:127:7')"/>
    </testcase>
    <testcase time="0.0129999999999999" classname="examples" name="example_module_arguments.Rd">
      <skipped message="Reason: testing depth 3 is below current testing specification 5 ('test-examples.R:127:7')"/>
    </testcase>
    <testcase time="0.0129999999999999" classname="examples" name="example_pipe_expr.Rd">
      <skipped message="Reason: testing depth 3 is below current testing specification 5 ('test-examples.R:127:7')"/>
    </testcase>
    <testcase time="0.0140000000000002" classname="examples" name="example_prepare_arm.Rd">
      <skipped message="Reason: testing depth 3 is below current testing specification 5 ('test-examples.R:127:7')"/>
    </testcase>
    <testcase time="0.0129999999999999" classname="examples" name="example_prepare_arm_levels.Rd">
      <skipped message="Reason: testing depth 3 is below current testing specification 5 ('test-examples.R:127:7')"/>
    </testcase>
    <testcase time="0.0129999999999999" classname="examples" name="example_select_decorators.Rd">
      <skipped message="Reason: testing depth 3 is below current testing specification 5 ('test-examples.R:127:7')"/>
    </testcase>
    <testcase time="0.0140000000000002" classname="examples" name="example_split_choices.Rd">
      <skipped message="Reason: testing depth 3 is below current testing specification 5 ('test-examples.R:127:7')"/>
    </testcase>
    <testcase time="0.0129999999999999" classname="examples" name="example_split_col_expr.Rd">
      <skipped message="Reason: testing depth 3 is below current testing specification 5 ('test-examples.R:127:7')"/>
    </testcase>
    <testcase time="0.0140000000000002" classname="examples" name="example_split_interactions.Rd">
      <skipped message="Reason: testing depth 3 is below current testing specification 5 ('test-examples.R:127:7')"/>
    </testcase>
    <testcase time="0.0169999999999999" classname="examples" name="example_srv_decorate_teal_data.Rd">
      <skipped message="Reason: testing depth 3 is below current testing specification 5 ('test-examples.R:127:7')"/>
    </testcase>
    <testcase time="0.0129999999999999" classname="examples" name="example_substitute_names.Rd">
      <skipped message="Reason: testing depth 3 is below current testing specification 5 ('test-examples.R:127:7')"/>
    </testcase>
    <testcase time="0.0139999999999998" classname="examples" name="example_substitute_q.Rd">
      <skipped message="Reason: testing depth 3 is below current testing specification 5 ('test-examples.R:127:7')"/>
    </testcase>
    <testcase time="0.0130000000000003" classname="examples" name="example_teal.modules.clinical_package.Rd">
      <skipped message="Reason: testing depth 3 is below current testing specification 5 ('test-examples.R:127:7')"/>
    </testcase>
    <testcase time="0.0129999999999999" classname="examples" name="example_template_a_gee.Rd">
      <skipped message="Reason: testing depth 3 is below current testing specification 5 ('test-examples.R:127:7')"/>
    </testcase>
    <testcase time="0.0139999999999998" classname="examples" name="example_template_abnormality.Rd">
      <skipped message="Reason: testing depth 3 is below current testing specification 5 ('test-examples.R:127:7')"/>
    </testcase>
    <testcase time="0.0130000000000003" classname="examples" name="example_template_abnormality_by_worst_grade.Rd">
      <skipped message="Reason: testing depth 3 is below current testing specification 5 ('test-examples.R:127:7')"/>
    </testcase>
    <testcase time="0.0139999999999998" classname="examples" name="example_template_adverse_events.Rd">
      <skipped message="Reason: testing depth 3 is below current testing specification 5 ('test-examples.R:127:7')"/>
    </testcase>
    <testcase time="0.0129999999999999" classname="examples" name="example_template_ancova.Rd">
      <skipped message="Reason: testing depth 3 is below current testing specification 5 ('test-examples.R:127:7')"/>
    </testcase>
    <testcase time="0.0140000000000002" classname="examples" name="example_template_arguments.Rd">
      <skipped message="Reason: testing depth 3 is below current testing specification 5 ('test-examples.R:127:7')"/>
    </testcase>
    <testcase time="0.0129999999999999" classname="examples" name="example_template_basic_info.Rd">
      <skipped message="Reason: testing depth 3 is below current testing specification 5 ('test-examples.R:127:7')"/>
    </testcase>
    <testcase time="0.0139999999999998" classname="examples" name="example_template_binary_outcome.Rd">
      <skipped message="Reason: testing depth 3 is below current testing specification 5 ('test-examples.R:127:7')"/>
    </testcase>
    <testcase time="0.0130000000000003" classname="examples" name="example_template_coxreg_m.Rd">
      <skipped message="Reason: testing depth 3 is below current testing specification 5 ('test-examples.R:127:7')"/>
    </testcase>
    <testcase time="0.0139999999999998" classname="examples" name="example_template_coxreg_u.Rd">
      <skipped message="Reason: testing depth 3 is below current testing specification 5 ('test-examples.R:127:7')"/>
    </testcase>
    <testcase time="0.0129999999999999" classname="examples" name="example_template_events.Rd">
      <skipped message="Reason: testing depth 3 is below current testing specification 5 ('test-examples.R:127:7')"/>
    </testcase>
    <testcase time="0.0130000000000003" classname="examples" name="example_template_events_by_grade.Rd">
      <skipped message="Reason: testing depth 3 is below current testing specification 5 ('test-examples.R:127:7')"/>
    </testcase>
    <testcase time="0.0129999999999999" classname="examples" name="example_template_events_col_by_grade.Rd">
      <skipped message="Reason: testing depth 3 is below current testing specification 5 ('test-examples.R:127:7')"/>
    </testcase>
    <testcase time="0.0129999999999999" classname="examples" name="example_template_events_patyear.Rd">
      <skipped message="Reason: testing depth 3 is below current testing specification 5 ('test-examples.R:127:7')"/>
    </testcase>
    <testcase time="0.0129999999999999" classname="examples" name="example_template_events_summary.Rd">
      <skipped message="Reason: testing depth 3 is below current testing specification 5 ('test-examples.R:127:7')"/>
    </testcase>
    <testcase time="0.0130000000000003" classname="examples" name="example_template_exposure.Rd">
      <skipped message="Reason: testing depth 3 is below current testing specification 5 ('test-examples.R:127:7')"/>
    </testcase>
    <testcase time="0.0139999999999998" classname="examples" name="example_template_fit_mmrm.Rd">
      <skipped message="Reason: testing depth 3 is below current testing specification 5 ('test-examples.R:127:7')"/>
    </testcase>
    <testcase time="0.0409999999999999" classname="examples" name="example_template_forest_rsp.Rd">
      <skipped message="Reason: testing depth 3 is below current testing specification 5 ('test-examples.R:127:7')"/>
    </testcase>
    <testcase time="0.0140000000000002" classname="examples" name="example_template_forest_tte.Rd">
      <skipped message="Reason: testing depth 3 is below current testing specification 5 ('test-examples.R:127:7')"/>
    </testcase>
    <testcase time="0.0129999999999999" classname="examples" name="example_template_g_ci.Rd">
      <skipped message="Reason: testing depth 3 is below current testing specification 5 ('test-examples.R:127:7')"/>
    </testcase>
    <testcase time="0.0139999999999998" classname="examples" name="example_template_g_ipp.Rd">
      <skipped message="Reason: testing depth 3 is below current testing specification 5 ('test-examples.R:127:7')"/>
    </testcase>
    <testcase time="0.0130000000000003" classname="examples" name="example_template_g_km.Rd">
      <skipped message="Reason: testing depth 3 is below current testing specification 5 ('test-examples.R:127:7')"/>
    </testcase>
    <testcase time="0.0129999999999999" classname="examples" name="example_template_g_lineplot.Rd">
      <skipped message="Reason: testing depth 3 is below current testing specification 5 ('test-examples.R:127:7')"/>
    </testcase>
    <testcase time="0.0139999999999998" classname="examples" name="example_template_laboratory.Rd">
      <skipped message="Reason: testing depth 3 is below current testing specification 5 ('test-examples.R:127:7')"/>
    </testcase>
    <testcase time="0.0140000000000002" classname="examples" name="example_template_logistic.Rd">
      <skipped message="Reason: testing depth 3 is below current testing specification 5 ('test-examples.R:127:7')"/>
    </testcase>
    <testcase time="0.0149999999999997" classname="examples" name="example_template_medical_history.Rd">
      <skipped message="Reason: testing depth 3 is below current testing specification 5 ('test-examples.R:127:7')"/>
    </testcase>
    <testcase time="0.0140000000000002" classname="examples" name="example_template_mult_events.Rd">
      <skipped message="Reason: testing depth 3 is below current testing specification 5 ('test-examples.R:127:7')"/>
    </testcase>
    <testcase time="0.0139999999999998" classname="examples" name="example_template_patient_timeline.Rd">
      <skipped message="Reason: testing depth 3 is below current testing specification 5 ('test-examples.R:127:7')"/>
    </testcase>
    <testcase time="0.0140000000000002" classname="examples" name="example_template_prior_medication.Rd">
      <skipped message="Reason: testing depth 3 is below current testing specification 5 ('test-examples.R:127:7')"/>
    </testcase>
    <testcase time="0.0139999999999998" classname="examples" name="example_template_shift_by_arm.Rd">
      <skipped message="Reason: testing depth 3 is below current testing specification 5 ('test-examples.R:127:7')"/>
    </testcase>
    <testcase time="0.0140000000000002" classname="examples" name="example_template_shift_by_arm_by_worst.Rd">
      <skipped message="Reason: testing depth 3 is below current testing specification 5 ('test-examples.R:127:7')"/>
    </testcase>
    <testcase time="0.0139999999999998" classname="examples" name="example_template_shift_by_grade.Rd">
      <skipped message="Reason: testing depth 3 is below current testing specification 5 ('test-examples.R:127:7')"/>
    </testcase>
    <testcase time="0.0140000000000002" classname="examples" name="example_template_smq.Rd">
      <skipped message="Reason: testing depth 3 is below current testing specification 5 ('test-examples.R:127:7')"/>
    </testcase>
    <testcase time="0.0139999999999998" classname="examples" name="example_template_summary.Rd">
      <skipped message="Reason: testing depth 3 is below current testing specification 5 ('test-examples.R:127:7')"/>
    </testcase>
    <testcase time="0.0129999999999999" classname="examples" name="example_template_summary_by.Rd">
      <skipped message="Reason: testing depth 3 is below current testing specification 5 ('test-examples.R:127:7')"/>
    </testcase>
    <testcase time="0.0140000000000002" classname="examples" name="example_template_therapy.Rd">
      <skipped message="Reason: testing depth 3 is below current testing specification 5 ('test-examples.R:127:7')"/>
    </testcase>
    <testcase time="0.0129999999999999" classname="examples" name="example_template_tte.Rd">
      <skipped message="Reason: testing depth 3 is below current testing specification 5 ('test-examples.R:127:7')"/>
    </testcase>
    <testcase time="0.0180000000000002" classname="examples" name="example_template_vitals.Rd">
      <skipped message="Reason: testing depth 3 is below current testing specification 5 ('test-examples.R:127:7')"/>
    </testcase>
    <testcase time="0.0139999999999998" classname="examples" name="example_tm_a_gee.Rd">
      <skipped message="Reason: testing depth 3 is below current testing specification 5 ('test-examples.R:127:7')"/>
    </testcase>
    <testcase time="0.0129999999999999" classname="examples" name="example_tm_a_mmrm.Rd">
      <skipped message="Reason: testing depth 3 is below current testing specification 5 ('test-examples.R:127:7')"/>
    </testcase>
    <testcase time="0.0130000000000003" classname="examples" name="example_tm_g_barchart_simple.Rd">
      <skipped message="Reason: testing depth 3 is below current testing specification 5 ('test-examples.R:127:7')"/>
    </testcase>
    <testcase time="0.0139999999999998" classname="examples" name="example_tm_g_ci.Rd">
      <skipped message="Reason: testing depth 3 is below current testing specification 5 ('test-examples.R:127:7')"/>
    </testcase>
    <testcase time="0.0129999999999999" classname="examples" name="example_tm_g_forest_rsp.Rd">
      <skipped message="Reason: testing depth 3 is below current testing specification 5 ('test-examples.R:127:7')"/>
    </testcase>
    <testcase time="0.0129999999999999" classname="examples" name="example_tm_g_forest_tte.Rd">
      <skipped message="Reason: testing depth 3 is below current testing specification 5 ('test-examples.R:127:7')"/>
    </testcase>
    <testcase time="0.0140000000000002" classname="examples" name="example_tm_g_ipp.Rd">
      <skipped message="Reason: testing depth 3 is below current testing specification 5 ('test-examples.R:127:7')"/>
    </testcase>
    <testcase time="0.0139999999999998" classname="examples" name="example_tm_g_km.Rd">
      <skipped message="Reason: testing depth 3 is below current testing specification 5 ('test-examples.R:127:7')"/>
    </testcase>
    <testcase time="0.0140000000000002" classname="examples" name="example_tm_g_lineplot.Rd">
      <skipped message="Reason: testing depth 3 is below current testing specification 5 ('test-examples.R:127:7')"/>
    </testcase>
    <testcase time="0.0139999999999998" classname="examples" name="example_tm_g_pp_adverse_events.Rd">
      <skipped message="Reason: testing depth 3 is below current testing specification 5 ('test-examples.R:127:7')"/>
    </testcase>
    <testcase time="0.0130000000000003" classname="examples" name="example_tm_g_pp_patient_timeline.Rd">
      <skipped message="Reason: testing depth 3 is below current testing specification 5 ('test-examples.R:127:7')"/>
    </testcase>
    <testcase time="0.0139999999999998" classname="examples" name="example_tm_g_pp_therapy.Rd">
      <skipped message="Reason: testing depth 3 is below current testing specification 5 ('test-examples.R:127:7')"/>
    </testcase>
    <testcase time="0.0140000000000002" classname="examples" name="example_tm_g_pp_vitals.Rd">
      <skipped message="Reason: testing depth 3 is below current testing specification 5 ('test-examples.R:127:7')"/>
    </testcase>
    <testcase time="0.0129999999999999" classname="examples" name="example_tm_t_abnormality.Rd">
      <skipped message="Reason: testing depth 3 is below current testing specification 5 ('test-examples.R:127:7')"/>
    </testcase>
    <testcase time="0.0139999999999998" classname="examples" name="example_tm_t_abnormality_by_worst_grade.Rd">
      <skipped message="Reason: testing depth 3 is below current testing specification 5 ('test-examples.R:127:7')"/>
    </testcase>
    <testcase time="0.0150000000000001" classname="examples" name="example_tm_t_ancova.Rd">
      <skipped message="Reason: testing depth 3 is below current testing specification 5 ('test-examples.R:127:7')"/>
    </testcase>
    <testcase time="0.0129999999999999" classname="examples" name="example_tm_t_binary_outcome.Rd">
      <skipped message="Reason: testing depth 3 is below current testing specification 5 ('test-examples.R:127:7')"/>
    </testcase>
    <testcase time="0.0129999999999999" classname="examples" name="example_tm_t_coxreg.Rd">
      <skipped message="Reason: testing depth 3 is below current testing specification 5 ('test-examples.R:127:7')"/>
    </testcase>
    <testcase time="0.0130000000000003" classname="examples" name="example_tm_t_events.Rd">
      <skipped message="Reason: testing depth 3 is below current testing specification 5 ('test-examples.R:127:7')"/>
    </testcase>
    <testcase time="0.0129999999999999" classname="examples" name="example_tm_t_events_by_grade.Rd">
      <skipped message="Reason: testing depth 3 is below current testing specification 5 ('test-examples.R:127:7')"/>
    </testcase>
    <testcase time="0.0190000000000001" classname="examples" name="example_tm_t_events_patyear.Rd">
      <skipped message="Reason: testing depth 3 is below current testing specification 5 ('test-examples.R:127:7')"/>
    </testcase>
    <testcase time="0.0139999999999998" classname="examples" name="example_tm_t_events_summary.Rd">
      <skipped message="Reason: testing depth 3 is below current testing specification 5 ('test-examples.R:127:7')"/>
    </testcase>
    <testcase time="0.0139999999999998" classname="examples" name="example_tm_t_exposure.Rd">
      <skipped message="Reason: testing depth 3 is below current testing specification 5 ('test-examples.R:127:7')"/>
    </testcase>
    <testcase time="0.0140000000000002" classname="examples" name="example_tm_t_logistic.Rd">
      <skipped message="Reason: testing depth 3 is below current testing specification 5 ('test-examples.R:127:7')"/>
    </testcase>
    <testcase time="0.0139999999999998" classname="examples" name="example_tm_t_mult_events.Rd">
      <skipped message="Reason: testing depth 3 is below current testing specification 5 ('test-examples.R:127:7')"/>
    </testcase>
    <testcase time="0.0130000000000003" classname="examples" name="example_tm_t_pp_basic_info.Rd">
      <skipped message="Reason: testing depth 3 is below current testing specification 5 ('test-examples.R:127:7')"/>
    </testcase>
    <testcase time="0.0129999999999999" classname="examples" name="example_tm_t_pp_laboratory.Rd">
      <skipped message="Reason: testing depth 3 is below current testing specification 5 ('test-examples.R:127:7')"/>
    </testcase>
    <testcase time="0.0139999999999998" classname="examples" name="example_tm_t_pp_medical_history.Rd">
      <skipped message="Reason: testing depth 3 is below current testing specification 5 ('test-examples.R:127:7')"/>
    </testcase>
    <testcase time="0.0140000000000002" classname="examples" name="example_tm_t_pp_prior_medication.Rd">
      <skipped message="Reason: testing depth 3 is below current testing specification 5 ('test-examples.R:127:7')"/>
    </testcase>
    <testcase time="0.0129999999999999" classname="examples" name="example_tm_t_shift_by_arm.Rd">
      <skipped message="Reason: testing depth 3 is below current testing specification 5 ('test-examples.R:127:7')"/>
    </testcase>
    <testcase time="0.0150000000000001" classname="examples" name="example_tm_t_shift_by_arm_by_worst.Rd">
      <skipped message="Reason: testing depth 3 is below current testing specification 5 ('test-examples.R:127:7')"/>
    </testcase>
    <testcase time="0.0129999999999999" classname="examples" name="example_tm_t_shift_by_grade.Rd">
      <skipped message="Reason: testing depth 3 is below current testing specification 5 ('test-examples.R:127:7')"/>
    </testcase>
    <testcase time="0.0129999999999999" classname="examples" name="example_tm_t_smq.Rd">
      <skipped message="Reason: testing depth 3 is below current testing specification 5 ('test-examples.R:127:7')"/>
    </testcase>
    <testcase time="0.0129999999999999" classname="examples" name="example_tm_t_summary.Rd">
      <skipped message="Reason: testing depth 3 is below current testing specification 5 ('test-examples.R:127:7')"/>
    </testcase>
    <testcase time="0.0140000000000002" classname="examples" name="example_tm_t_summary_by.Rd">
      <skipped message="Reason: testing depth 3 is below current testing specification 5 ('test-examples.R:127:7')"/>
    </testcase>
    <testcase time="0.0129999999999999" classname="examples" name="example_tm_t_tte.Rd">
      <skipped message="Reason: testing depth 3 is below current testing specification 5 ('test-examples.R:127:7')"/>
    </testcase>
    <testcase time="0.0140000000000002" classname="examples" name="example_validate_arm.Rd">
      <skipped message="Reason: testing depth 3 is below current testing specification 5 ('test-examples.R:127:7')"/>
    </testcase>
    <testcase time="0.0129999999999999" classname="examples" name="example_validate_standard_inputs.Rd">
      <skipped message="Reason: testing depth 3 is below current testing specification 5 ('test-examples.R:127:7')"/>
    </testcase>
  </testsuite>
  <testsuite name="facet_grid_formula" timestamp="2025-03-06T14:48:16Z" hostname="9ecb9d47dc4f" tests="4" skipped="0" failures="0" errors="0" time="0.033">
    <testcase time="0.0249999999999999" classname="facet_grid_formula" name="facet_grid_formula_works"/>
    <testcase time="0.00300000000000011" classname="facet_grid_formula" name="facet_grid_formula_works"/>
    <testcase time="0.00300000000000011" classname="facet_grid_formula" name="facet_grid_formula_works"/>
    <testcase time="0.00199999999999978" classname="facet_grid_formula" name="facet_grid_formula_works"/>
  </testsuite>
  <testsuite name="shinytest2-tm_a_gee" timestamp="2025-03-06T14:48:16Z" hostname="9ecb9d47dc4f" tests="17" skipped="16" failures="0" errors="1" time="6.655">
    <testcase time="3.555" classname="shinytest2_tm_a_gee" name="e2e_tm_a_gee_Module_initializes_in_teal_without_errors_and_produces_table_output.">
      <error type="error" message="Error in `app_initialize(self, private, app_dir = app_dir, ..., load_timeout = load_timeout,  ('test-shinytest2-tm_a_gee.R:47:3')">Error in `app_initialize(self, private, app_dir = app_dir, ..., load_timeout = load_timeout, 
    timeout = timeout, wait = wait, expect_values_screenshot_args = expect_values_screenshot_args, 
    screenshot_args = screenshot_args, check_names = check_names, 
    name = name, variant = variant, view = view, height = height, 
    width = width, seed = seed, clean_logs = clean_logs, shiny_args = shiny_args, 
    render_args = render_args, options = options)`: code: -32602
  message: Target position can only be set for new windows


i You can inspect the failed AppDriver object via `rlang::last_error()$app`
i AppDriver logs:
{shinytest2} R info   14:48:17.45 Start AppDriver initialization
{shinytest2} R info   14:48:17.52 Starting Shiny app
{shinytest2} R info   14:48:19.56 Creating new ChromoteSession
{shinytest2} R info   14:48:19.59 Error while initializing AppDriver:
                                  code: -32602
                                    message: Target position can only be set for new windows
{shiny}      R stderr ----------- Loading required package: shiny
{shiny}      R stderr ----------- Attempting to load the environment ‘package:dplyr’
{shiny}      R stderr ----------- 
{shiny}      R stderr ----------- Attaching package: ‘dplyr’
{shiny}      R stderr ----------- 
{shiny}      R stderr ----------- The following objects are masked from ‘package:stats’:
{shiny}      R stderr ----------- 
{shiny}      R stderr -----------     filter, lag
{shiny}      R stderr ----------- 
{shiny}      R stderr ----------- The following objects are masked from ‘package:base’:
{shiny}      R stderr ----------- 
{shiny}      R stderr -----------     intersect, setdiff, setequal, union
{shiny}      R stderr ----------- 
{shiny}      R stderr ----------- Loading required package: teal
{shiny}      R stderr ----------- Loading required package: teal.data
{shiny}      R stderr ----------- Loading required package: teal.code
{shiny}      R stderr ----------- Loading required package: teal.slice
{shiny}      R stderr ----------- 
{shiny}      R stderr ----------- You are using teal version 0.16.0
{shiny}      R stderr ----------- 
{shiny}      R stderr ----------- Attaching package: ‘teal’
{shiny}      R stderr ----------- 
{shiny}      R stderr ----------- The following objects are masked from ‘package:teal.slice’:
{shiny}      R stderr ----------- 
{shiny}      R stderr -----------     as.teal_slices, teal_slices
{shiny}      R stderr ----------- 
{shiny}      R stderr ----------- Loading required package: teal.transform
{shiny}      R stderr ----------- Loading required package: tern
{shiny}      R stderr ----------- Loading required package: rtables
{shiny}      R stderr ----------- Loading required package: formatters
{shiny}      R stderr ----------- 
{shiny}      R stderr ----------- Attaching package: ‘formatters’
{shiny}      R stderr ----------- 
{shiny}      R stderr ----------- The following object is masked from ‘package:base’:
{shiny}      R stderr ----------- 
{shiny}      R stderr -----------     %||%
{shiny}      R stderr ----------- 
{shiny}      R stderr ----------- Loading required package: magrittr
{shiny}      R stderr ----------- 
{shiny}      R stderr ----------- Attaching package: ‘rtables’
{shiny}      R stderr ----------- 
{shiny}      R stderr ----------- The following object is masked from ‘package:utils’:
{shiny}      R stderr ----------- 
{shiny}      R stderr -----------     str
{shiny}      R stderr ----------- 
{shiny}      R stderr ----------- Running application in test mode.
{shiny}      R stderr ----------- 
{shiny}      R stderr ----------- Listening on http://127.0.0.1:4870


Caused by error in `callback()`:
! code: -32602
  message: Target position can only be set for new windows
Backtrace:
     x
  1. +-teal.modules.clinical (local) app_driver_tm_a_gee() at test-shinytest2-tm_a_gee.R:47:3
  2. | \-teal.modules.clinical:::init_teal_app_driver(...) at test-shinytest2-tm_a_gee.R:20:3
  3. |   +-testthat::with_mocked_bindings(...) at tests/testthat/helper-TealAppDriver.R:7:3
  4. |   \-TealAppDriver$new(...) at tests/testthat/helper-TealAppDriver.R:10:7
  5. |     \-teal (local) initialize(...)
  6. |       +-base::suppressWarnings(...)
  7. |       | \-base::withCallingHandlers(...)
  8. |       \-super$initialize(...)
  9. |         \-shinytest2:::app_initialize(...)
 10. |           +-base::withCallingHandlers(...)
 11. |           \-shinytest2:::app_initialize_(self, private, ..., view = view)
 12. |             \-chromote::default_chromote_object()$new_session()
 13. |               \-chromote:::create_session(...)
 14. |                 \-ChromoteSession$new(...)
 15. |                   \-chromote (local) initialize(...)
 16. |                     \-self$wait_for(p)
 17. |                       \-self$parent$wait_for(p)
 18. |                         \-chromote:::synchronize(p, loop = private$child_loop)
 19. |                           +-promises::with_promise_domain(...)
 20. |                           | \-domain$wrapSync(expr)
 21. |                           |   \-base::force(expr)
 22. |                           +-base::tryCatch(...)
 23. |                           | \-base (local) tryCatchList(expr, classes, parentenv, handlers)
 24. |                           |   \-base (local) tryCatchOne(expr, names, parentenv, handlers[[1L]])
 25. |                           |     \-base (local) doTryCatch(return(expr), name, parentenv, handler)
 26. |                           \-base::stop(value)
 27. \-shinytest2 (local) `&lt;fn&gt;`(`&lt;smplErrr&gt;`)
 28.   \-shinytest2:::app_abort(...)
 29.     \-rlang::abort(..., app = self, call = call)</error>
    </testcase>
    <testcase time="0.283" classname="shinytest2_tm_a_gee" name="e2e_tm_a_gee_Starts_with_specified_label_id_var_arm_var_visit_var_paramcd_cov_var_conf_level_and_conf_struct.">
      <skipped message="Reason: `shinytest2::AppDriver` can not be initialized as {chromote} can not be started ('test-shinytest2-tm_a_gee.R:59:5')"/>
    </testcase>
    <testcase time="0.173999999999999" classname="shinytest2_tm_a_gee" name="e2e_tm_a_gee_Selection_of_id_var_does_not_change_the_table_and_does_not_throw_validation_errors.">
      <skipped message="Reason: `shinytest2::AppDriver` can not be initialized as {chromote} can not be started ('test-shinytest2-tm_a_gee.R:113:5')"/>
    </testcase>
    <testcase time="0.173" classname="shinytest2_tm_a_gee" name="e2e_tm_a_gee_Deselection_of_id_var_throws_validation_error.">
      <skipped message="Reason: `shinytest2::AppDriver` can not be initialized as {chromote} can not be started ('test-shinytest2-tm_a_gee.R:129:3')"/>
    </testcase>
    <testcase time="0.17" classname="shinytest2_tm_a_gee" name="e2e_tm_a_gee_Change_in_arm_var_changes_the_table_and_does_not_throw_validation_errors.">
      <skipped message="Reason: `shinytest2::AppDriver` can not be initialized as {chromote} can not be started ('test-shinytest2-tm_a_gee.R:142:3')"/>
    </testcase>
    <testcase time="0.164" classname="shinytest2_tm_a_gee" name="e2e_tm_a_gee_Deselection_of_arm_var_throws_validation_error.">
      <skipped message="Reason: `shinytest2::AppDriver` can not be initialized as {chromote} can not be started ('test-shinytest2-tm_a_gee.R:158:3')"/>
    </testcase>
    <testcase time="0.171000000000001" classname="shinytest2_tm_a_gee" name="e2e_tm_a_gee_Selection_of_visit_var_does_not_change_the_table_and_does_not_throw_validation_errors.">
      <skipped message="Reason: `shinytest2::AppDriver` can not be initialized as {chromote} can not be started ('test-shinytest2-tm_a_gee.R:173:5')"/>
    </testcase>
    <testcase time="0.17" classname="shinytest2_tm_a_gee" name="e2e_tm_a_gee_Deselection_of_visit_var_throws_validation_error.">
      <skipped message="Reason: `shinytest2::AppDriver` can not be initialized as {chromote} can not be started ('test-shinytest2-tm_a_gee.R:189:3')"/>
    </testcase>
    <testcase time="0.165999999999999" classname="shinytest2_tm_a_gee" name="e2e_tm_a_gee_Selection_of_paramcd_changes_the_table_and_does_not_throw_validation_errors.">
      <skipped message="Reason: `shinytest2::AppDriver` can not be initialized as {chromote} can not be started ('test-shinytest2-tm_a_gee.R:203:3')"/>
    </testcase>
    <testcase time="0.172000000000001" classname="shinytest2_tm_a_gee" name="e2e_tm_a_gee_Deselection_of_paramcd_throws_validation_error.">
      <skipped message="Reason: `shinytest2::AppDriver` can not be initialized as {chromote} can not be started ('test-shinytest2-tm_a_gee.R:218:3')"/>
    </testcase>
    <testcase time="0.441000000000001" classname="shinytest2_tm_a_gee" name="e2e_tm_a_gee_Selection_of_cov_var_changes_the_table_and_does_not_throw_validation_errors.">
      <skipped message="Reason: `shinytest2::AppDriver` can not be initialized as {chromote} can not be started ('test-shinytest2-tm_a_gee.R:231:3')"/>
    </testcase>
    <testcase time="0.171999999999999" classname="shinytest2_tm_a_gee" name="e2e_tm_a_gee_Selection_of_conf_level_changes_the_table_and_does_not_throw_validation_errors.">
      <skipped message="Reason: `shinytest2::AppDriver` can not be initialized as {chromote} can not be started ('test-shinytest2-tm_a_gee.R:246:3')"/>
    </testcase>
    <testcase time="0.167" classname="shinytest2_tm_a_gee" name="e2e_tm_a_gee_Selection_of_conf_level_out_of_0_1_range_throws_validation_error.">
      <skipped message="Reason: `shinytest2::AppDriver` can not be initialized as {chromote} can not be started ('test-shinytest2-tm_a_gee.R:261:3')"/>
    </testcase>
    <testcase time="0.172000000000001" classname="shinytest2_tm_a_gee" name="e2e_tm_a_gee_Deselection_of_conf_level_throws_validation_error.">
      <skipped message="Reason: `shinytest2::AppDriver` can not be initialized as {chromote} can not be started ('test-shinytest2-tm_a_gee.R:275:3')"/>
    </testcase>
    <testcase time="0.170999999999999" classname="shinytest2_tm_a_gee" name="e2e_tm_a_gee_Selection_of_cor_struct_changes_the_table_and_does_not_throw_validation_errors.">
      <skipped message="Reason: `shinytest2::AppDriver` can not be initialized as {chromote} can not be started ('test-shinytest2-tm_a_gee.R:288:3')"/>
    </testcase>
    <testcase time="0.169" classname="shinytest2_tm_a_gee" name="e2e_tm_a_gee_Deselection_of_cor_struct_does_not_throw_validation_error.">
      <skipped message="Reason: `shinytest2::AppDriver` can not be initialized as {chromote} can not be started ('test-shinytest2-tm_a_gee.R:303:3')"/>
    </testcase>
    <testcase time="0.165000000000001" classname="shinytest2_tm_a_gee" name="e2e_tm_a_gee_Selection_of_output_table_changes_the_table_and_doesn_t_throw_validation_error.">
      <skipped message="Reason: `shinytest2::AppDriver` can not be initialized as {chromote} can not be started ('test-shinytest2-tm_a_gee.R:311:3')"/>
    </testcase>
  </testsuite>
  <testsuite name="shinytest2-tm_a_mmrm" timestamp="2025-03-06T14:48:22Z" hostname="9ecb9d47dc4f" tests="48" skipped="48" failures="0" errors="0" time="7.553">
    <testcase time="0.157999999999999" classname="shinytest2_tm_a_mmrm" name="e2e_tm_a_mmrm_Module_initializes_in_teal_without_errors_and_displays_a_message_to_click_Fit_Model_.">
      <skipped message="Reason: `shinytest2::AppDriver` can not be initialized as {chromote} can not be started ('test-shinytest2-tm_a_mmrm.R:84:5')"/>
    </testcase>
    <testcase time="0.172000000000001" classname="shinytest2_tm_a_mmrm" name="e2e_tm_a_mmrm_Module_initializes_with_specified_label_aval_var_paramcd_visit_var_cov_var_arm_var_buckets_combine_comp_arms_id_var_cor_struct_weights_emmeans_conf_level_method_parallel_and_output_function.">
      <skipped message="Reason: `shinytest2::AppDriver` can not be initialized as {chromote} can not be started ('test-shinytest2-tm_a_mmrm.R:102:5')"/>
    </testcase>
    <testcase time="0.154" classname="shinytest2_tm_a_mmrm" name="e2e_tm_a_mmrm_Click_on_fit_model_shows_table_for_default_selection.">
      <skipped message="Reason: `shinytest2::AppDriver` can not be initialized as {chromote} can not be started ('test-shinytest2-tm_a_mmrm.R:149:3')"/>
    </testcase>
    <testcase time="0.148" classname="shinytest2_tm_a_mmrm" name="e2e_tm_a_mmrm_Function_t_mmrm_lsmeans_selection_shows_output_settings_changing_settings_throws_no_validation_errors_and_verify_visibility_of_generated_tables.">
      <skipped message="Reason: `shinytest2::AppDriver` can not be initialized as {chromote} can not be started ('test-shinytest2-tm_a_mmrm.R:165:5')"/>
    </testcase>
    <testcase time="0.153" classname="shinytest2_tm_a_mmrm" name="e2e_tm_a_mmrm_Function_g_mmrm_lsmeans_selection_shows_output_settings_changing_settings_throws_no_validation_errors_and_verify_visibility_of_generated_plots.">
      <skipped message="Reason: `shinytest2::AppDriver` can not be initialized as {chromote} can not be started ('test-shinytest2-tm_a_mmrm.R:185:5')"/>
    </testcase>
    <testcase time="0.152999999999999" classname="shinytest2_tm_a_mmrm" name="e2e_tm_a_mmrm_Function_g_mmrm_diagnostic_selection_shows_output_settings_changing_settings_throws_no_validation_errors_and_verify_visibility_of_generated_plots.">
      <skipped message="Reason: `shinytest2::AppDriver` can not be initialized as {chromote} can not be started ('test-shinytest2-tm_a_mmrm.R:226:5')"/>
    </testcase>
    <testcase time="0.148000000000001" classname="shinytest2_tm_a_mmrm" name="e2e_tm_a_mmrm_Deselection_of_aval_var_throws_validation_error_in_method_t_mmrm_lsmeans.">
      <skipped message="Reason: `shinytest2::AppDriver` can not be initialized as {chromote} can not be started ('test-shinytest2-tm_a_mmrm.R:256:7')"/>
    </testcase>
    <testcase time="0.158999999999999" classname="shinytest2_tm_a_mmrm" name="e2e_tm_a_mmrm_Deselection_paramcd_throws_validation_error_in_method_t_mmrm_lsmeans.">
      <skipped message="Reason: `shinytest2::AppDriver` can not be initialized as {chromote} can not be started ('test-shinytest2-tm_a_mmrm.R:291:7')"/>
    </testcase>
    <testcase time="0.155000000000001" classname="shinytest2_tm_a_mmrm" name="e2e_tm_a_mmrm_Deselection_of_visit_var_throws_validation_error_in_method_t_mmrm_lsmeans.">
      <skipped message="Reason: `shinytest2::AppDriver` can not be initialized as {chromote} can not be started ('test-shinytest2-tm_a_mmrm.R:326:7')"/>
    </testcase>
    <testcase time="0.148999999999999" classname="shinytest2_tm_a_mmrm" name="e2e_tm_a_mmrm_Deselection_of_arm_var_throws_validation_error_in_method_t_mmrm_lsmeans.">
      <skipped message="Reason: `shinytest2::AppDriver` can not be initialized as {chromote} can not be started ('test-shinytest2-tm_a_mmrm.R:361:7')"/>
    </testcase>
    <testcase time="0.156000000000001" classname="shinytest2_tm_a_mmrm" name="e2e_tm_a_mmrm_Deselection_of_id_var_throws_validation_error_in_method_t_mmrm_lsmeans.">
      <skipped message="Reason: `shinytest2::AppDriver` can not be initialized as {chromote} can not be started ('test-shinytest2-tm_a_mmrm.R:396:7')"/>
    </testcase>
    <testcase time="0.148999999999999" classname="shinytest2_tm_a_mmrm" name="e2e_tm_a_mmrm_Deselection_of_conf_level_throws_validation_error_in_method_t_mmrm_lsmeans.">
      <skipped message="Reason: `shinytest2::AppDriver` can not be initialized as {chromote} can not be started ('test-shinytest2-tm_a_mmrm.R:431:7')"/>
    </testcase>
    <testcase time="0.155000000000001" classname="shinytest2_tm_a_mmrm" name="e2e_tm_a_mmrm_Deselection_of_aval_var_throws_validation_error_in_method_g_mmrm_lsmeans.">
      <skipped message="Reason: `shinytest2::AppDriver` can not be initialized as {chromote} can not be started ('test-shinytest2-tm_a_mmrm.R:256:7')"/>
    </testcase>
    <testcase time="0.155999999999999" classname="shinytest2_tm_a_mmrm" name="e2e_tm_a_mmrm_Deselection_paramcd_throws_validation_error_in_method_g_mmrm_lsmeans.">
      <skipped message="Reason: `shinytest2::AppDriver` can not be initialized as {chromote} can not be started ('test-shinytest2-tm_a_mmrm.R:291:7')"/>
    </testcase>
    <testcase time="0.15" classname="shinytest2_tm_a_mmrm" name="e2e_tm_a_mmrm_Deselection_of_visit_var_throws_validation_error_in_method_g_mmrm_lsmeans.">
      <skipped message="Reason: `shinytest2::AppDriver` can not be initialized as {chromote} can not be started ('test-shinytest2-tm_a_mmrm.R:326:7')"/>
    </testcase>
    <testcase time="0.154999999999999" classname="shinytest2_tm_a_mmrm" name="e2e_tm_a_mmrm_Deselection_of_arm_var_throws_validation_error_in_method_g_mmrm_lsmeans.">
      <skipped message="Reason: `shinytest2::AppDriver` can not be initialized as {chromote} can not be started ('test-shinytest2-tm_a_mmrm.R:361:7')"/>
    </testcase>
    <testcase time="0.157" classname="shinytest2_tm_a_mmrm" name="e2e_tm_a_mmrm_Deselection_of_id_var_throws_validation_error_in_method_g_mmrm_lsmeans.">
      <skipped message="Reason: `shinytest2::AppDriver` can not be initialized as {chromote} can not be started ('test-shinytest2-tm_a_mmrm.R:396:7')"/>
    </testcase>
    <testcase time="0.149000000000001" classname="shinytest2_tm_a_mmrm" name="e2e_tm_a_mmrm_Deselection_of_conf_level_throws_validation_error_in_method_g_mmrm_lsmeans.">
      <skipped message="Reason: `shinytest2::AppDriver` can not be initialized as {chromote} can not be started ('test-shinytest2-tm_a_mmrm.R:431:7')"/>
    </testcase>
    <testcase time="0.156000000000001" classname="shinytest2_tm_a_mmrm" name="e2e_tm_a_mmrm_Deselection_of_aval_var_throws_validation_error_in_method_t_mmrm_cov.">
      <skipped message="Reason: `shinytest2::AppDriver` can not be initialized as {chromote} can not be started ('test-shinytest2-tm_a_mmrm.R:256:7')"/>
    </testcase>
    <testcase time="0.157999999999999" classname="shinytest2_tm_a_mmrm" name="e2e_tm_a_mmrm_Deselection_paramcd_throws_validation_error_in_method_t_mmrm_cov.">
      <skipped message="Reason: `shinytest2::AppDriver` can not be initialized as {chromote} can not be started ('test-shinytest2-tm_a_mmrm.R:291:7')"/>
    </testcase>
    <testcase time="0.151" classname="shinytest2_tm_a_mmrm" name="e2e_tm_a_mmrm_Deselection_of_visit_var_throws_validation_error_in_method_t_mmrm_cov.">
      <skipped message="Reason: `shinytest2::AppDriver` can not be initialized as {chromote} can not be started ('test-shinytest2-tm_a_mmrm.R:326:7')"/>
    </testcase>
    <testcase time="0.154999999999999" classname="shinytest2_tm_a_mmrm" name="e2e_tm_a_mmrm_Deselection_of_arm_var_throws_validation_error_in_method_t_mmrm_cov.">
      <skipped message="Reason: `shinytest2::AppDriver` can not be initialized as {chromote} can not be started ('test-shinytest2-tm_a_mmrm.R:361:7')"/>
    </testcase>
    <testcase time="0.156000000000001" classname="shinytest2_tm_a_mmrm" name="e2e_tm_a_mmrm_Deselection_of_id_var_throws_validation_error_in_method_t_mmrm_cov.">
      <skipped message="Reason: `shinytest2::AppDriver` can not be initialized as {chromote} can not be started ('test-shinytest2-tm_a_mmrm.R:396:7')"/>
    </testcase>
    <testcase time="0.15" classname="shinytest2_tm_a_mmrm" name="e2e_tm_a_mmrm_Deselection_of_conf_level_throws_validation_error_in_method_t_mmrm_cov.">
      <skipped message="Reason: `shinytest2::AppDriver` can not be initialized as {chromote} can not be started ('test-shinytest2-tm_a_mmrm.R:431:7')"/>
    </testcase>
    <testcase time="0.154" classname="shinytest2_tm_a_mmrm" name="e2e_tm_a_mmrm_Deselection_of_aval_var_throws_validation_error_in_method_t_mmrm_fixed.">
      <skipped message="Reason: `shinytest2::AppDriver` can not be initialized as {chromote} can not be started ('test-shinytest2-tm_a_mmrm.R:256:7')"/>
    </testcase>
    <testcase time="0.161" classname="shinytest2_tm_a_mmrm" name="e2e_tm_a_mmrm_Deselection_paramcd_throws_validation_error_in_method_t_mmrm_fixed.">
      <skipped message="Reason: `shinytest2::AppDriver` can not be initialized as {chromote} can not be started ('test-shinytest2-tm_a_mmrm.R:291:7')"/>
    </testcase>
    <testcase time="0.157999999999999" classname="shinytest2_tm_a_mmrm" name="e2e_tm_a_mmrm_Deselection_of_visit_var_throws_validation_error_in_method_t_mmrm_fixed.">
      <skipped message="Reason: `shinytest2::AppDriver` can not be initialized as {chromote} can not be started ('test-shinytest2-tm_a_mmrm.R:326:7')"/>
    </testcase>
    <testcase time="0.173" classname="shinytest2_tm_a_mmrm" name="e2e_tm_a_mmrm_Deselection_of_arm_var_throws_validation_error_in_method_t_mmrm_fixed.">
      <skipped message="Reason: `shinytest2::AppDriver` can not be initialized as {chromote} can not be started ('test-shinytest2-tm_a_mmrm.R:361:7')"/>
    </testcase>
    <testcase time="0.179" classname="shinytest2_tm_a_mmrm" name="e2e_tm_a_mmrm_Deselection_of_id_var_throws_validation_error_in_method_t_mmrm_fixed.">
      <skipped message="Reason: `shinytest2::AppDriver` can not be initialized as {chromote} can not be started ('test-shinytest2-tm_a_mmrm.R:396:7')"/>
    </testcase>
    <testcase time="0.15" classname="shinytest2_tm_a_mmrm" name="e2e_tm_a_mmrm_Deselection_of_conf_level_throws_validation_error_in_method_t_mmrm_fixed.">
      <skipped message="Reason: `shinytest2::AppDriver` can not be initialized as {chromote} can not be started ('test-shinytest2-tm_a_mmrm.R:431:7')"/>
    </testcase>
    <testcase time="0.154999999999999" classname="shinytest2_tm_a_mmrm" name="e2e_tm_a_mmrm_Deselection_of_aval_var_throws_validation_error_in_method_t_mmrm_diagnostic.">
      <skipped message="Reason: `shinytest2::AppDriver` can not be initialized as {chromote} can not be started ('test-shinytest2-tm_a_mmrm.R:256:7')"/>
    </testcase>
    <testcase time="0.156000000000001" classname="shinytest2_tm_a_mmrm" name="e2e_tm_a_mmrm_Deselection_paramcd_throws_validation_error_in_method_t_mmrm_diagnostic.">
      <skipped message="Reason: `shinytest2::AppDriver` can not be initialized as {chromote} can not be started ('test-shinytest2-tm_a_mmrm.R:291:7')"/>
    </testcase>
    <testcase time="0.157999999999999" classname="shinytest2_tm_a_mmrm" name="e2e_tm_a_mmrm_Deselection_of_visit_var_throws_validation_error_in_method_t_mmrm_diagnostic.">
      <skipped message="Reason: `shinytest2::AppDriver` can not be initialized as {chromote} can not be started ('test-shinytest2-tm_a_mmrm.R:326:7')"/>
    </testcase>
    <testcase time="0.186" classname="shinytest2_tm_a_mmrm" name="e2e_tm_a_mmrm_Deselection_of_arm_var_throws_validation_error_in_method_t_mmrm_diagnostic.">
      <skipped message="Reason: `shinytest2::AppDriver` can not be initialized as {chromote} can not be started ('test-shinytest2-tm_a_mmrm.R:361:7')"/>
    </testcase>
    <testcase time="0.172000000000001" classname="shinytest2_tm_a_mmrm" name="e2e_tm_a_mmrm_Deselection_of_id_var_throws_validation_error_in_method_t_mmrm_diagnostic.">
      <skipped message="Reason: `shinytest2::AppDriver` can not be initialized as {chromote} can not be started ('test-shinytest2-tm_a_mmrm.R:396:7')"/>
    </testcase>
    <testcase time="0.16" classname="shinytest2_tm_a_mmrm" name="e2e_tm_a_mmrm_Deselection_of_conf_level_throws_validation_error_in_method_t_mmrm_diagnostic.">
      <skipped message="Reason: `shinytest2::AppDriver` can not be initialized as {chromote} can not be started ('test-shinytest2-tm_a_mmrm.R:431:7')"/>
    </testcase>
    <testcase time="0.148" classname="shinytest2_tm_a_mmrm" name="e2e_tm_a_mmrm_Deselection_of_aval_var_throws_validation_error_in_method_g_mmrm_diagnostic.">
      <skipped message="Reason: `shinytest2::AppDriver` can not be initialized as {chromote} can not be started ('test-shinytest2-tm_a_mmrm.R:256:7')"/>
    </testcase>
    <testcase time="0.157" classname="shinytest2_tm_a_mmrm" name="e2e_tm_a_mmrm_Deselection_paramcd_throws_validation_error_in_method_g_mmrm_diagnostic.">
      <skipped message="Reason: `shinytest2::AppDriver` can not be initialized as {chromote} can not be started ('test-shinytest2-tm_a_mmrm.R:291:7')"/>
    </testcase>
    <testcase time="0.170999999999999" classname="shinytest2_tm_a_mmrm" name="e2e_tm_a_mmrm_Deselection_of_visit_var_throws_validation_error_in_method_g_mmrm_diagnostic.">
      <skipped message="Reason: `shinytest2::AppDriver` can not be initialized as {chromote} can not be started ('test-shinytest2-tm_a_mmrm.R:326:7')"/>
    </testcase>
    <testcase time="0.150000000000002" classname="shinytest2_tm_a_mmrm" name="e2e_tm_a_mmrm_Deselection_of_arm_var_throws_validation_error_in_method_g_mmrm_diagnostic.">
      <skipped message="Reason: `shinytest2::AppDriver` can not be initialized as {chromote} can not be started ('test-shinytest2-tm_a_mmrm.R:361:7')"/>
    </testcase>
    <testcase time="0.160999999999998" classname="shinytest2_tm_a_mmrm" name="e2e_tm_a_mmrm_Deselection_of_id_var_throws_validation_error_in_method_g_mmrm_diagnostic.">
      <skipped message="Reason: `shinytest2::AppDriver` can not be initialized as {chromote} can not be started ('test-shinytest2-tm_a_mmrm.R:396:7')"/>
    </testcase>
    <testcase time="0.16" classname="shinytest2_tm_a_mmrm" name="e2e_tm_a_mmrm_Deselection_of_conf_level_throws_validation_error_in_method_g_mmrm_diagnostic.">
      <skipped message="Reason: `shinytest2::AppDriver` can not be initialized as {chromote} can not be started ('test-shinytest2-tm_a_mmrm.R:431:7')"/>
    </testcase>
    <testcase time="0.151" classname="shinytest2_tm_a_mmrm" name="e2e_tm_a_mmrm_Validate_output_on_different_selection_on_method_t_mmrm_lsmeans.">
      <skipped message="Reason: `shinytest2::AppDriver` can not be initialized as {chromote} can not be started ('test-shinytest2-tm_a_mmrm.R:498:7')"/>
    </testcase>
    <testcase time="0.16" classname="shinytest2_tm_a_mmrm" name="e2e_tm_a_mmrm_Validate_output_on_different_selection_on_method_g_mmrm_lsmeans.">
      <skipped message="Reason: `shinytest2::AppDriver` can not be initialized as {chromote} can not be started ('test-shinytest2-tm_a_mmrm.R:498:7')"/>
    </testcase>
    <testcase time="0.158000000000001" classname="shinytest2_tm_a_mmrm" name="e2e_tm_a_mmrm_Validate_output_on_different_selection_on_method_t_mmrm_cov.">
      <skipped message="Reason: `shinytest2::AppDriver` can not be initialized as {chromote} can not be started ('test-shinytest2-tm_a_mmrm.R:498:7')"/>
    </testcase>
    <testcase time="0.152000000000001" classname="shinytest2_tm_a_mmrm" name="e2e_tm_a_mmrm_Validate_output_on_different_selection_on_method_t_mmrm_fixed.">
      <skipped message="Reason: `shinytest2::AppDriver` can not be initialized as {chromote} can not be started ('test-shinytest2-tm_a_mmrm.R:498:7')"/>
    </testcase>
    <testcase time="0.16" classname="shinytest2_tm_a_mmrm" name="e2e_tm_a_mmrm_Validate_output_on_different_selection_on_method_t_mmrm_diagnostic.">
      <skipped message="Reason: `shinytest2::AppDriver` can not be initialized as {chromote} can not be started ('test-shinytest2-tm_a_mmrm.R:498:7')"/>
    </testcase>
    <testcase time="0.160999999999998" classname="shinytest2_tm_a_mmrm" name="e2e_tm_a_mmrm_Validate_output_on_different_selection_on_method_g_mmrm_diagnostic.">
      <skipped message="Reason: `shinytest2::AppDriver` can not be initialized as {chromote} can not be started ('test-shinytest2-tm_a_mmrm.R:498:7')"/>
    </testcase>
  </testsuite>
  <testsuite name="shinytest2-tm_g_barchart_simple" timestamp="2025-03-06T14:48:30Z" hostname="9ecb9d47dc4f" tests="23" skipped="23" failures="0" errors="0" time="2.696">
    <testcase time="0.120000000000001" classname="shinytest2_tm_g_barchart_simple" name="e2e_tm_g_barchart_simple_Module_initializes_in_teal_without_errors_and_produces_output.">
      <skipped message="Reason: `shinytest2::AppDriver` can not be initialized as {chromote} can not be started ('test-shinytest2-tm_g_barchart_simple.R:117:3')"/>
    </testcase>
    <testcase time="0.137999999999998" classname="shinytest2_tm_g_barchart_simple" name="e2e_tm_g_barchart_simple_Starts_with_specified_label_id_var_arm_var_visit_var_paramcd_cov_var_conf_level_and_conf_struct.">
      <skipped message="Reason: `shinytest2::AppDriver` can not be initialized as {chromote} can not be started ('test-shinytest2-tm_g_barchart_simple.R:134:5')"/>
    </testcase>
    <testcase time="0.113000000000003" classname="shinytest2_tm_g_barchart_simple" name="e2e_tm_g_barchart_simple_Selection_of_x_changes_the_element_and_does_not_throw_validation_errors.">
      <skipped message="Reason: `shinytest2::AppDriver` can not be initialized as {chromote} can not be started ('test-shinytest2-tm_g_barchart_simple.R:194:5')"/>
    </testcase>
    <testcase time="0.111999999999998" classname="shinytest2_tm_g_barchart_simple" name="e2e_tm_g_barchart_simple_Deselection_of_x_throws_validation_error.">
      <skipped message="Reason: `shinytest2::AppDriver` can not be initialized as {chromote} can not be started ('test-shinytest2-tm_g_barchart_simple.R:205:3')"/>
    </testcase>
    <testcase time="0.122" classname="shinytest2_tm_g_barchart_simple" name="e2e_tm_g_barchart_simple_Selection_of_fill_dataset_changes_the_element_and_does_not_throw_validation_errors.">
      <skipped message="Reason: `shinytest2::AppDriver` can not be initialized as {chromote} can not be started ('test-shinytest2-tm_g_barchart_simple.R:230:7')"/>
    </testcase>
    <testcase time="0.112000000000002" classname="shinytest2_tm_g_barchart_simple" name="e2e_tm_g_barchart_simple_Deselection_of_fill_dataset_changes_the_element_and_does_not_throw_validation_errors.">
      <skipped message="Reason: `shinytest2::AppDriver` can not be initialized as {chromote} can not be started ('test-shinytest2-tm_g_barchart_simple.R:253:7')"/>
    </testcase>
    <testcase time="0.131999999999998" classname="shinytest2_tm_g_barchart_simple" name="e2e_tm_g_barchart_simple_Selection_of_x_facet_dataset_changes_the_element_and_does_not_throw_validation_errors.">
      <skipped message="Reason: `shinytest2::AppDriver` can not be initialized as {chromote} can not be started ('test-shinytest2-tm_g_barchart_simple.R:230:7')"/>
    </testcase>
    <testcase time="0.111000000000001" classname="shinytest2_tm_g_barchart_simple" name="e2e_tm_g_barchart_simple_Deselection_of_x_facet_dataset_changes_the_element_and_does_not_throw_validation_errors.">
      <skipped message="Reason: `shinytest2::AppDriver` can not be initialized as {chromote} can not be started ('test-shinytest2-tm_g_barchart_simple.R:253:7')"/>
    </testcase>
    <testcase time="0.120000000000001" classname="shinytest2_tm_g_barchart_simple" name="e2e_tm_g_barchart_simple_Selection_of_y_facet_dataset_changes_the_element_and_does_not_throw_validation_errors.">
      <skipped message="Reason: `shinytest2::AppDriver` can not be initialized as {chromote} can not be started ('test-shinytest2-tm_g_barchart_simple.R:230:7')"/>
    </testcase>
    <testcase time="0.110999999999997" classname="shinytest2_tm_g_barchart_simple" name="e2e_tm_g_barchart_simple_Deselection_of_y_facet_dataset_changes_the_element_and_does_not_throw_validation_errors.">
      <skipped message="Reason: `shinytest2::AppDriver` can not be initialized as {chromote} can not be started ('test-shinytest2-tm_g_barchart_simple.R:253:7')"/>
    </testcase>
    <testcase time="0.120000000000001" classname="shinytest2_tm_g_barchart_simple" name="e2e_tm_g_barchart_simple_Duplicate_between_x_and_fill_selection_throws_validation_error.">
      <skipped message="Reason: `shinytest2::AppDriver` can not be initialized as {chromote} can not be started ('test-shinytest2-tm_g_barchart_simple.R:278:7')"/>
    </testcase>
    <testcase time="0.111000000000001" classname="shinytest2_tm_g_barchart_simple" name="e2e_tm_g_barchart_simple_Duplicate_between_x_and_x_facet_selection_throws_validation_error.">
      <skipped message="Reason: `shinytest2::AppDriver` can not be initialized as {chromote} can not be started ('test-shinytest2-tm_g_barchart_simple.R:278:7')"/>
    </testcase>
    <testcase time="0.120000000000001" classname="shinytest2_tm_g_barchart_simple" name="e2e_tm_g_barchart_simple_Duplicate_between_x_and_y_facet_selection_throws_validation_error.">
      <skipped message="Reason: `shinytest2::AppDriver` can not be initialized as {chromote} can not be started ('test-shinytest2-tm_g_barchart_simple.R:278:7')"/>
    </testcase>
    <testcase time="0.117999999999999" classname="shinytest2_tm_g_barchart_simple" name="e2e_tm_g_barchart_simple_Changing_barlayout_changes_the_plot_and_does_not_throw_validation_errors.">
      <skipped message="Reason: `shinytest2::AppDriver` can not be initialized as {chromote} can not be started ('test-shinytest2-tm_g_barchart_simple.R:319:7')"/>
    </testcase>
    <testcase time="0.121000000000002" classname="shinytest2_tm_g_barchart_simple" name="e2e_tm_g_barchart_simple_Changing_expand_y_range_changes_the_plot_and_does_not_throw_validation_errors.">
      <skipped message="Reason: `shinytest2::AppDriver` can not be initialized as {chromote} can not be started ('test-shinytest2-tm_g_barchart_simple.R:319:7')"/>
    </testcase>
    <testcase time="0.109999999999999" classname="shinytest2_tm_g_barchart_simple" name="e2e_tm_g_barchart_simple_Changing_facet_scale_x_changes_the_plot_and_does_not_throw_validation_errors.">
      <skipped message="Reason: `shinytest2::AppDriver` can not be initialized as {chromote} can not be started ('test-shinytest2-tm_g_barchart_simple.R:319:7')"/>
    </testcase>
    <testcase time="0.119" classname="shinytest2_tm_g_barchart_simple" name="e2e_tm_g_barchart_simple_Changing_facet_scale_y_changes_the_plot_and_does_not_throw_validation_errors.">
      <skipped message="Reason: `shinytest2::AppDriver` can not be initialized as {chromote} can not be started ('test-shinytest2-tm_g_barchart_simple.R:319:7')"/>
    </testcase>
    <testcase time="0.111999999999998" classname="shinytest2_tm_g_barchart_simple" name="e2e_tm_g_barchart_simple_Changing_label_bars_changes_the_plot_and_does_not_throw_validation_errors.">
      <skipped message="Reason: `shinytest2::AppDriver` can not be initialized as {chromote} can not be started ('test-shinytest2-tm_g_barchart_simple.R:319:7')"/>
    </testcase>
    <testcase time="0.111000000000001" classname="shinytest2_tm_g_barchart_simple" name="e2e_tm_g_barchart_simple_Changing_rotate_x_label_changes_the_plot_and_does_not_throw_validation_errors.">
      <skipped message="Reason: `shinytest2::AppDriver` can not be initialized as {chromote} can not be started ('test-shinytest2-tm_g_barchart_simple.R:319:7')"/>
    </testcase>
    <testcase time="0.120000000000001" classname="shinytest2_tm_g_barchart_simple" name="e2e_tm_g_barchart_simple_Changing_rotate_y_label_changes_the_plot_and_does_not_throw_validation_errors.">
      <skipped message="Reason: `shinytest2::AppDriver` can not be initialized as {chromote} can not be started ('test-shinytest2-tm_g_barchart_simple.R:319:7')"/>
    </testcase>
    <testcase time="0.111000000000001" classname="shinytest2_tm_g_barchart_simple" name="e2e_tm_g_barchart_simple_Changing_flip_axis_changes_the_plot_and_does_not_throw_validation_errors.">
      <skipped message="Reason: `shinytest2::AppDriver` can not be initialized as {chromote} can not be started ('test-shinytest2-tm_g_barchart_simple.R:319:7')"/>
    </testcase>
    <testcase time="0.119999999999997" classname="shinytest2_tm_g_barchart_simple" name="e2e_tm_g_barchart_simple_Changing_show_n_changes_the_plot_and_does_not_throw_validation_errors.">
      <skipped message="Reason: `shinytest2::AppDriver` can not be initialized as {chromote} can not be started ('test-shinytest2-tm_g_barchart_simple.R:319:7')"/>
    </testcase>
    <testcase time="0.112000000000002" classname="shinytest2_tm_g_barchart_simple" name="e2e_tm_g_barchart_simple_Changing_rotate_bar_labels_changes_the_plot_and_does_not_throw_validation_errors.">
      <skipped message="Reason: `shinytest2::AppDriver` can not be initialized as {chromote} can not be started ('test-shinytest2-tm_g_barchart_simple.R:319:7')"/>
    </testcase>
  </testsuite>
  <testsuite name="shinytest2-tm_g_ci" timestamp="2025-03-06T14:48:33Z" hostname="9ecb9d47dc4f" tests="14" skipped="14" failures="0" errors="0" time="1.345">
    <testcase time="0.117999999999999" classname="shinytest2_tm_g_ci" name="e2e_tm_g_ci_Module_initializes_in_teal_without_errors_and_produces_plot_output.">
      <skipped message="Reason: `shinytest2::AppDriver` can not be initialized as {chromote} can not be started ('test-shinytest2-tm_g_ci.R:76:3')"/>
    </testcase>
    <testcase time="0.100000000000001" classname="shinytest2_tm_g_ci" name="e2e_tm_g_ci_Module_initializes_with_specified_label_x_var_y_var_ADLB_filters_color_conf_level_and_stat.">
      <skipped message="Reason: `shinytest2::AppDriver` can not be initialized as {chromote} can not be started ('test-shinytest2-tm_g_ci.R:87:5')"/>
    </testcase>
    <testcase time="0.0889999999999986" classname="shinytest2_tm_g_ci" name="e2e_tm_g_ci_Selecting_x_var_column_changes_plot_and_doesn_t_throw_validation_errors.">
      <skipped message="Reason: `shinytest2::AppDriver` can not be initialized as {chromote} can not be started ('test-shinytest2-tm_g_ci.R:142:3')"/>
    </testcase>
    <testcase time="0.100000000000001" classname="shinytest2_tm_g_ci" name="e2e_tm_g_ci_Deselecting_x_var_column_throws_validation_error.">
      <skipped message="Reason: `shinytest2::AppDriver` can not be initialized as {chromote} can not be started ('test-shinytest2-tm_g_ci.R:157:3')"/>
    </testcase>
    <testcase time="0.0889999999999986" classname="shinytest2_tm_g_ci" name="e2e_tm_g_ci_Selecting_y_var_column_changes_plot_and_doesn_t_throw_validation_errors.">
      <skipped message="Reason: `shinytest2::AppDriver` can not be initialized as {chromote} can not be started ('test-shinytest2-tm_g_ci.R:170:3')"/>
    </testcase>
    <testcase time="0.0899999999999999" classname="shinytest2_tm_g_ci" name="e2e_tm_g_ci_Deselecting_y_var_column_throws_validation_error.">
      <skipped message="Reason: `shinytest2::AppDriver` can not be initialized as {chromote} can not be started ('test-shinytest2-tm_g_ci.R:185:3')"/>
    </testcase>
    <testcase time="0.0990000000000002" classname="shinytest2_tm_g_ci" name="e2e_tm_g_ci_Selecting_PARAMCD_filter_value_changes_plot_and_doesn_t_throw_validation_errors.">
      <skipped message="Reason: `shinytest2::AppDriver` can not be initialized as {chromote} can not be started ('test-shinytest2-tm_g_ci.R:200:5')"/>
    </testcase>
    <testcase time="0.0899999999999999" classname="shinytest2_tm_g_ci" name="e2e_tm_g_ci_Deselecting_PARAMCD_filter_value_throws_validation_error.">
      <skipped message="Reason: `shinytest2::AppDriver` can not be initialized as {chromote} can not be started ('test-shinytest2-tm_g_ci.R:216:3')"/>
    </testcase>
    <testcase time="0.0899999999999999" classname="shinytest2_tm_g_ci" name="e2e_tm_g_ci_Selecting_AVISIT_filter_value_doesn_t_throw_validation_errors.">
      <skipped message="Reason: `shinytest2::AppDriver` can not be initialized as {chromote} can not be started ('test-shinytest2-tm_g_ci.R:229:3')"/>
    </testcase>
    <testcase time="0.100000000000001" classname="shinytest2_tm_g_ci" name="e2e_tm_g_ci_Deselecting_AVISIT_filter_value_throws_validation_error.">
      <skipped message="Reason: `shinytest2::AppDriver` can not be initialized as {chromote} can not be started ('test-shinytest2-tm_g_ci.R:239:3')"/>
    </testcase>
    <testcase time="0.0899999999999999" classname="shinytest2_tm_g_ci" name="e2e_tm_g_ci_Selecting_color_column_changes_plot_output_and_doesn_t_throw_validation_errors.">
      <skipped message="Reason: `shinytest2::AppDriver` can not be initialized as {chromote} can not be started ('test-shinytest2-tm_g_ci.R:252:3')"/>
    </testcase>
    <testcase time="0.0899999999999999" classname="shinytest2_tm_g_ci" name="e2e_tm_g_ci_Deselecting_color_column_changes_plot_output_and_doesn_t_throw_validation_error.">
      <skipped message="Reason: `shinytest2::AppDriver` can not be initialized as {chromote} can not be started ('test-shinytest2-tm_g_ci.R:262:3')"/>
    </testcase>
    <testcase time="0.108999999999998" classname="shinytest2_tm_g_ci" name="e2e_tm_g_ci_Selecting_confidence_interval_value_changes_plot_and_doesn_t_throw_any_errors.">
      <skipped message="Reason: `shinytest2::AppDriver` can not be initialized as {chromote} can not be started ('test-shinytest2-tm_g_ci.R:272:3')"/>
    </testcase>
    <testcase time="0.0910000000000011" classname="shinytest2_tm_g_ci" name="e2e_tm_g_ci_Selecting_statistic_to_use_changes_a_plot_and_doesn_t_throw_any_errors.">
      <skipped message="Reason: `shinytest2::AppDriver` can not be initialized as {chromote} can not be started ('test-shinytest2-tm_g_ci.R:283:3')"/>
    </testcase>
  </testsuite>
  <testsuite name="shinytest2-tm_g_forest_rsp" timestamp="2025-03-06T14:48:34Z" hostname="9ecb9d47dc4f" tests="18" skipped="18" failures="0" errors="0" time="2.686">
    <testcase time="0.158000000000001" classname="shinytest2_tm_g_forest_rsp" name="e2e_tm_g_forest_rsp_Module_initializes_in_teal_without_errors_and_produces_plot_output.">
      <skipped message="Reason: `shinytest2::AppDriver` can not be initialized as {chromote} can not be started ('test-shinytest2-tm_g_forest_rsp.R:90:3')"/>
    </testcase>
    <testcase time="0.158999999999999" classname="shinytest2_tm_g_forest_rsp" name="e2e_tm_g_forest_rsp_Module_initializes_with_specified_label_arm_var_paramcd_aval_var_responders_subgroup_var_strata_var_conf_level_fixed_symbol_size_rel_width_forest_font_size.">
      <skipped message="Reason: `shinytest2::AppDriver` can not be initialized as {chromote} can not be started ('test-shinytest2-tm_g_forest_rsp.R:105:5')"/>
    </testcase>
    <testcase time="0.151" classname="shinytest2_tm_g_forest_rsp" name="e2e_tm_g_forest_rsp_Selecting_arm_var_changes_plot_and_doesn_t_throw_validation_errors.">
      <skipped message="Reason: `shinytest2::AppDriver` can not be initialized as {chromote} can not be started ('test-shinytest2-tm_g_forest_rsp.R:160:3')"/>
    </testcase>
    <testcase time="0.149999999999999" classname="shinytest2_tm_g_forest_rsp" name="e2e_tm_g_forest_rsp_Deselecting_arm_var_throws_validation_error.">
      <skipped message="Reason: `shinytest2::AppDriver` can not be initialized as {chromote} can not be started ('test-shinytest2-tm_g_forest_rsp.R:170:3')"/>
    </testcase>
    <testcase time="0.142000000000003" classname="shinytest2_tm_g_forest_rsp" name="e2e_tm_g_forest_rsp_Selecting_paramcd_changes_plot_and_doesn_t_throw_validation_errors.">
      <skipped message="Reason: `shinytest2::AppDriver` can not be initialized as {chromote} can not be started ('test-shinytest2-tm_g_forest_rsp.R:182:3')"/>
    </testcase>
    <testcase time="0.151999999999997" classname="shinytest2_tm_g_forest_rsp" name="e2e_tm_g_forest_rsp_Deselecting_paramcd_throws_validation_error.">
      <skipped message="Reason: `shinytest2::AppDriver` can not be initialized as {chromote} can not be started ('test-shinytest2-tm_g_forest_rsp.R:192:3')"/>
    </testcase>
    <testcase time="0.143000000000001" classname="shinytest2_tm_g_forest_rsp" name="e2e_tm_g_forest_rsp_Selecting_responders_changes_plot_and_doesn_t_throw_validation_errors.">
      <skipped message="Reason: `shinytest2::AppDriver` can not be initialized as {chromote} can not be started ('test-shinytest2-tm_g_forest_rsp.R:204:3')"/>
    </testcase>
    <testcase time="0.152000000000001" classname="shinytest2_tm_g_forest_rsp" name="e2e_tm_g_forest_rsp_Deselecting_responders_throws_validation_error.">
      <skipped message="Reason: `shinytest2::AppDriver` can not be initialized as {chromote} can not be started ('test-shinytest2-tm_g_forest_rsp.R:214:3')"/>
    </testcase>
    <testcase time="0.152999999999999" classname="shinytest2_tm_g_forest_rsp" name="e2e_tm_g_forest_rsp_Selecting_subgroup_var_changes_plot_and_doesn_t_throw_validation_errors.">
      <skipped message="Reason: `shinytest2::AppDriver` can not be initialized as {chromote} can not be started ('test-shinytest2-tm_g_forest_rsp.R:226:3')"/>
    </testcase>
    <testcase time="0.138999999999999" classname="shinytest2_tm_g_forest_rsp" name="e2e_tm_g_forest_rsp_Selecting_a_non_factors_column_in_subgroup_var_throws_validation_error.">
      <skipped message="Reason: `shinytest2::AppDriver` can not be initialized as {chromote} can not be started ('test-shinytest2-tm_g_forest_rsp.R:236:3')"/>
    </testcase>
    <testcase time="0.152000000000001" classname="shinytest2_tm_g_forest_rsp" name="e2e_tm_g_forest_rsp_Deselecting_subgroup_var_changes_plot_and_doesn_t_throw_validation_errors.">
      <skipped message="Reason: `shinytest2::AppDriver` can not be initialized as {chromote} can not be started ('test-shinytest2-tm_g_forest_rsp.R:248:3')"/>
    </testcase>
    <testcase time="0.152000000000001" classname="shinytest2_tm_g_forest_rsp" name="e2e_tm_g_forest_rsp_Selecting_strata_var_changes_plot_and_doesn_t_throw_validation_errors.">
      <skipped message="Reason: `shinytest2::AppDriver` can not be initialized as {chromote} can not be started ('test-shinytest2-tm_g_forest_rsp.R:258:3')"/>
    </testcase>
    <testcase time="0.139999999999997" classname="shinytest2_tm_g_forest_rsp" name="e2e_tm_g_forest_rsp_Deselecting_strata_var_changes_plot_and_doesn_t_throw_validation_errors.">
      <skipped message="Reason: `shinytest2::AppDriver` can not be initialized as {chromote} can not be started ('test-shinytest2-tm_g_forest_rsp.R:268:3')"/>
    </testcase>
    <testcase time="0.158000000000001" classname="shinytest2_tm_g_forest_rsp" name="e2e_tm_g_forest_rsp_Selecting_conf_level_changes_plot_and_doesn_t_throw_validation_errors.">
      <skipped message="Reason: `shinytest2::AppDriver` can not be initialized as {chromote} can not be started ('test-shinytest2-tm_g_forest_rsp.R:278:3')"/>
    </testcase>
    <testcase time="0.149000000000001" classname="shinytest2_tm_g_forest_rsp" name="e2e_tm_g_forest_rsp_Deselecting_conf_level_or_selecting_outside_the_range_of_0_1_throws_validation_error.">
      <skipped message="Reason: `shinytest2::AppDriver` can not be initialized as {chromote} can not be started ('test-shinytest2-tm_g_forest_rsp.R:288:3')"/>
    </testcase>
    <testcase time="0.141999999999999" classname="shinytest2_tm_g_forest_rsp" name="e2e_tm_g_forest_rsp_Unsetting_fixed_symbol_size_changes_plot_and_doesn_t_throw_validation_errors.">
      <skipped message="Reason: `shinytest2::AppDriver` can not be initialized as {chromote} can not be started ('test-shinytest2-tm_g_forest_rsp.R:306:3')"/>
    </testcase>
    <testcase time="0.152999999999999" classname="shinytest2_tm_g_forest_rsp" name="e2e_tm_g_forest_rsp_Changing_rel_width_forest_changes_plot_and_doesn_t_throw_validation_errors.">
      <skipped message="Reason: `shinytest2::AppDriver` can not be initialized as {chromote} can not be started ('test-shinytest2-tm_g_forest_rsp.R:316:3')"/>
    </testcase>
    <testcase time="0.141000000000002" classname="shinytest2_tm_g_forest_rsp" name="e2e_tm_g_forest_rsp_Changing_font_size_changes_plot_and_doesn_t_throw_validation_errors.">
      <skipped message="Reason: `shinytest2::AppDriver` can not be initialized as {chromote} can not be started ('test-shinytest2-tm_g_forest_rsp.R:326:3')"/>
    </testcase>
  </testsuite>
  <testsuite name="shinytest2-tm_g_forest_tte" timestamp="2025-03-06T14:48:37Z" hostname="9ecb9d47dc4f" tests="7" skipped="7" failures="0" errors="0" time="0.891">
    <testcase time="0.138999999999999" classname="shinytest2_tm_g_forest_tte" name="e2e_tm_g_forest_tte_Module_initializes_in_teal_without_errors_and_produces_output.">
      <skipped message="Reason: `shinytest2::AppDriver` can not be initialized as {chromote} can not be started ('test-shinytest2-tm_g_forest_tte.R:78:3')"/>
    </testcase>
    <testcase time="0.140999999999998" classname="shinytest2_tm_g_forest_tte" name="e2e_tm_g_forest_tte_Starts_with_specified_label_paramcd_arm_var_buckets_paramcd_subgroup_var_strata_var_and_plot_settings.">
      <skipped message="Reason: `shinytest2::AppDriver` can not be initialized as {chromote} can not be started ('test-shinytest2-tm_g_forest_tte.R:93:5')"/>
    </testcase>
    <testcase time="0.121000000000002" classname="shinytest2_tm_g_forest_tte" name="e2e_tm_g_forest_tte_Selection_of_paramcd_changes_the_element_and_does_not_throw_validation_errors.">
      <skipped message="Reason: `shinytest2::AppDriver` can not be initialized as {chromote} can not be started ('test-shinytest2-tm_g_forest_tte.R:151:5')"/>
    </testcase>
    <testcase time="0.125" classname="shinytest2_tm_g_forest_tte" name="e2e_tm_g_forest_tte_Deselection_of_paramcd_filter_throws_validation_error.">
      <skipped message="Reason: `shinytest2::AppDriver` can not be initialized as {chromote} can not be started ('test-shinytest2-tm_g_forest_tte.R:162:3')"/>
    </testcase>
    <testcase time="0.120000000000001" classname="shinytest2_tm_g_forest_tte" name="e2e_tm_g_forest_tte_Selection_of_arm_var_changes_the_element_and_does_not_throw_validation_errors.">
      <skipped message="Reason: `shinytest2::AppDriver` can not be initialized as {chromote} can not be started ('test-shinytest2-tm_g_forest_tte.R:182:5')"/>
    </testcase>
    <testcase time="0.123999999999999" classname="shinytest2_tm_g_forest_tte" name="e2e_tm_g_forest_tte_Deselection_of_paramcd_var_throws_validation_error.">
      <skipped message="Reason: `shinytest2::AppDriver` can not be initialized as {chromote} can not be started ('test-shinytest2-tm_g_forest_tte.R:193:3')"/>
    </testcase>
    <testcase time="0.120999999999999" classname="shinytest2_tm_g_forest_tte" name="e2e_tm_g_forest_tte_Selecting_conf_level_does_not_throw_validation_errors_and_changes_a_plot.">
      <skipped message="Reason: `shinytest2::AppDriver` can not be initialized as {chromote} can not be started ('test-shinytest2-tm_g_forest_tte.R:213:5')"/>
    </testcase>
  </testsuite>
  <testsuite name="shinytest2-tm_g_ipp" timestamp="2025-03-06T14:48:37Z" hostname="9ecb9d47dc4f" tests="14" skipped="14" failures="0" errors="0" time="2.676">
    <testcase time="0.201000000000001" classname="shinytest2_tm_g_ipp" name="e2e_tm_g_ipp_Module_initializes_in_teal_without_errors_and_produces_plot_output.">
      <skipped message="Reason: `shinytest2::AppDriver` can not be initialized as {chromote} can not be started ('test-shinytest2-tm_g_ipp.R:67:3')"/>
    </testcase>
    <testcase time="0.205000000000002" classname="shinytest2_tm_g_ipp" name="e2e_tm_g_ipp_Starts_with_specified_label_parentname_arm_var_paramcd_id_var_visit_var_aval_var_avalu_var_baseline_var_add_baseline_hline_separate_by_obs_suppress_legend_add_avalu.">
      <skipped message="Reason: `shinytest2::AppDriver` can not be initialized as {chromote} can not be started ('test-shinytest2-tm_g_ipp.R:83:5')"/>
    </testcase>
    <testcase time="0.189" classname="shinytest2_tm_g_ipp" name="e2e_tm_g_ipp_Selecting_arm_var_changes_plot_and_doesn_t_throw_validation_errors.">
      <skipped message="Reason: `shinytest2::AppDriver` can not be initialized as {chromote} can not be started ('test-shinytest2-tm_g_ipp.R:134:3')"/>
    </testcase>
    <testcase time="0.175999999999998" classname="shinytest2_tm_g_ipp" name="e2e_tm_g_ipp_Deselecting_arm_var_column_throws_validation_error.">
      <skipped message="Reason: `shinytest2::AppDriver` can not be initialized as {chromote} can not be started ('test-shinytest2-tm_g_ipp.R:149:3')"/>
    </testcase>
    <testcase time="0.189" classname="shinytest2_tm_g_ipp" name="e2e_tm_g_ipp_Selecting_paramcd_changes_plot_and_doesn_t_throw_validation_errors.">
      <skipped message="Reason: `shinytest2::AppDriver` can not be initialized as {chromote} can not be started ('test-shinytest2-tm_g_ipp.R:162:3')"/>
    </testcase>
    <testcase time="0.186999999999998" classname="shinytest2_tm_g_ipp" name="e2e_tm_g_ipp_Deselecting_paramcd_throws_validation_error.">
      <skipped message="Reason: `shinytest2::AppDriver` can not be initialized as {chromote} can not be started ('test-shinytest2-tm_g_ipp.R:177:3')"/>
    </testcase>
    <testcase time="0.205000000000002" classname="shinytest2_tm_g_ipp" name="e2e_tm_g_ipp_Selecting_visit_var_changes_plot_and_doesn_t_throw_validation_errors.">
      <skipped message="Reason: `shinytest2::AppDriver` can not be initialized as {chromote} can not be started ('test-shinytest2-tm_g_ipp.R:190:3')"/>
    </testcase>
    <testcase time="0.190999999999999" classname="shinytest2_tm_g_ipp" name="e2e_tm_g_ipp_Deselecting_visit_var_throws_validation_error.">
      <skipped message="Reason: `shinytest2::AppDriver` can not be initialized as {chromote} can not be started ('test-shinytest2-tm_g_ipp.R:205:3')"/>
    </testcase>
    <testcase time="0.187000000000001" classname="shinytest2_tm_g_ipp" name="e2e_tm_g_ipp_Selecting_aval_var_changes_plot_and_doesn_t_throw_validation_errors.">
      <skipped message="Reason: `shinytest2::AppDriver` can not be initialized as {chromote} can not be started ('test-shinytest2-tm_g_ipp.R:218:3')"/>
    </testcase>
    <testcase time="0.181000000000001" classname="shinytest2_tm_g_ipp" name="e2e_tm_g_ipp_Deselecting_aval_var_throws_validation_error.">
      <skipped message="Reason: `shinytest2::AppDriver` can not be initialized as {chromote} can not be started ('test-shinytest2-tm_g_ipp.R:233:3')"/>
    </testcase>
    <testcase time="0.190999999999999" classname="shinytest2_tm_g_ipp" name="e2e_tm_g_ipp_Changing_add_baseline_hline_changes_plot_and_doesn_t_throw_validation_errors.">
      <skipped message="Reason: `shinytest2::AppDriver` can not be initialized as {chromote} can not be started ('test-shinytest2-tm_g_ipp.R:246:3')"/>
    </testcase>
    <testcase time="0.190999999999999" classname="shinytest2_tm_g_ipp" name="e2e_tm_g_ipp_Changing_separate_by_obs_changes_plot_and_doesn_t_throw_validation_errors.">
      <skipped message="Reason: `shinytest2::AppDriver` can not be initialized as {chromote} can not be started ('test-shinytest2-tm_g_ipp.R:260:3')"/>
    </testcase>
    <testcase time="0.192" classname="shinytest2_tm_g_ipp" name="e2e_tm_g_ipp_Changing_suppress_legend_changes_plot_and_doesn_t_throw_validation_errors.">
      <skipped message="Reason: `shinytest2::AppDriver` can not be initialized as {chromote} can not be started ('test-shinytest2-tm_g_ipp.R:275:3')"/>
    </testcase>
    <testcase time="0.190999999999999" classname="shinytest2_tm_g_ipp" name="e2e_tm_g_ipp_Changing_add_avalu_changes_plot_and_doesn_t_throw_validation_errors.">
      <skipped message="Reason: `shinytest2::AppDriver` can not be initialized as {chromote} can not be started ('test-shinytest2-tm_g_ipp.R:290:3')"/>
    </testcase>
  </testsuite>
  <testsuite name="shinytest2-tm_g_km" timestamp="2025-03-06T14:48:40Z" hostname="9ecb9d47dc4f" tests="27" skipped="27" failures="0" errors="0" time="3.404">
    <testcase time="0.127000000000002" classname="shinytest2_tm_g_km" name="e2e_tm_g_km_Module_initializes_in_teal_without_errors_and_produces_plot_output.">
      <skipped message="Reason: `shinytest2::AppDriver` can not be initialized as {chromote} can not be started ('test-shinytest2-tm_g_km.R:79:3')"/>
    </testcase>
    <testcase time="0.145999999999997" classname="shinytest2_tm_g_km" name="e2e_tm_g_km_Starts_with_specified_paramcd_aval_var_cnsr_var_facet_var_arm_var_compare_arms_strata_var.">
      <skipped message="Reason: `shinytest2::AppDriver` can not be initialized as {chromote} can not be started ('test-shinytest2-tm_g_km.R:94:5')"/>
    </testcase>
    <testcase time="0.125" classname="shinytest2_tm_g_km" name="e2e_tm_g_km_Changing_paramcd_changes_the_plot_without_errors.">
      <skipped message="Reason: `shinytest2::AppDriver` can not be initialized as {chromote} can not be started ('test-shinytest2-tm_g_km.R:137:3')"/>
    </testcase>
    <testcase time="0.131" classname="shinytest2_tm_g_km" name="e2e_tm_g_km_Changing_facet_var_changes_the_plot_without_errors.">
      <skipped message="Reason: `shinytest2::AppDriver` can not be initialized as {chromote} can not be started ('test-shinytest2-tm_g_km.R:147:3')"/>
    </testcase>
    <testcase time="0.121000000000002" classname="shinytest2_tm_g_km" name="e2e_tm_g_km_Changing_arm_var_changes_the_plot_without_errors.">
      <skipped message="Reason: `shinytest2::AppDriver` can not be initialized as {chromote} can not be started ('test-shinytest2-tm_g_km.R:157:3')"/>
    </testcase>
    <testcase time="0.131" classname="shinytest2_tm_g_km" name="e2e_tm_g_km_Changing_compare_arms_changes_the_plot_without_errors.">
      <skipped message="Reason: `shinytest2::AppDriver` can not be initialized as {chromote} can not be started ('test-shinytest2-tm_g_km.R:167:3')"/>
    </testcase>
    <testcase time="0.120999999999999" classname="shinytest2_tm_g_km" name="e2e_tm_g_km_Changing_strata_var_changes_the_plot_without_errors.">
      <skipped message="Reason: `shinytest2::AppDriver` can not be initialized as {chromote} can not be started ('test-shinytest2-tm_g_km.R:177:3')"/>
    </testcase>
    <testcase time="0.129000000000001" classname="shinytest2_tm_g_km" name="e2e_tm_g_km_Deselecting_paramcd_throws_validation_error.">
      <skipped message="Reason: `shinytest2::AppDriver` can not be initialized as {chromote} can not be started ('test-shinytest2-tm_g_km.R:187:3')"/>
    </testcase>
    <testcase time="0.119999999999997" classname="shinytest2_tm_g_km" name="e2e_tm_g_km_Deselecting_arm_var_throws_validation_error.">
      <skipped message="Reason: `shinytest2::AppDriver` can not be initialized as {chromote} can not be started ('test-shinytest2-tm_g_km.R:205:3')"/>
    </testcase>
    <testcase time="0.130000000000003" classname="shinytest2_tm_g_km" name="e2e_tm_g_km_Deselecting_compare_arms_sets_it_to_FALSE.">
      <skipped message="Reason: `shinytest2::AppDriver` can not be initialized as {chromote} can not be started ('test-shinytest2-tm_g_km.R:219:3')"/>
    </testcase>
    <testcase time="0.120999999999999" classname="shinytest2_tm_g_km" name="e2e_tm_g_km_Deselecting_strata_var_does_not_throw_errors.">
      <skipped message="Reason: `shinytest2::AppDriver` can not be initialized as {chromote} can not be started ('test-shinytest2-tm_g_km.R:228:3')"/>
    </testcase>
    <testcase time="0.129999999999999" classname="shinytest2_tm_g_km" name="e2e_tm_g_km_Starts_with_specified_groups.">
      <skipped message="Reason: `shinytest2::AppDriver` can not be initialized as {chromote} can not be started ('test-shinytest2-tm_g_km.R:238:3')"/>
    </testcase>
    <testcase time="0.119" classname="shinytest2_tm_g_km" name="e2e_tm_g_km_Starts_with_specified_collapsed_comparison_settings.">
      <skipped message="Reason: `shinytest2::AppDriver` can not be initialized as {chromote} can not be started ('test-shinytest2-tm_g_km.R:257:3')"/>
    </testcase>
    <testcase time="0.130000000000003" classname="shinytest2_tm_g_km" name="e2e_tm_g_km_Changing_pval_method_coxph_changes_the_plot_without_errors.">
      <skipped message="Reason: `shinytest2::AppDriver` can not be initialized as {chromote} can not be started ('test-shinytest2-tm_g_km.R:278:3')"/>
    </testcase>
    <testcase time="0.119999999999997" classname="shinytest2_tm_g_km" name="e2e_tm_g_km_Changing_ties_coxph_changes_the_plot_without_errors.">
      <skipped message="Reason: `shinytest2::AppDriver` can not be initialized as {chromote} can not be started ('test-shinytest2-tm_g_km.R:288:3')"/>
    </testcase>
    <testcase time="0.130000000000003" classname="shinytest2_tm_g_km" name="e2e_tm_g_km_Deselecting_pval_method_coxph_gives_no_validation_error.">
      <skipped message="Reason: `shinytest2::AppDriver` can not be initialized as {chromote} can not be started ('test-shinytest2-tm_g_km.R:298:3')"/>
    </testcase>
    <testcase time="0.119999999999997" classname="shinytest2_tm_g_km" name="e2e_tm_g_km_Deselecting_ties_coxph_gives_no_validation_error.">
      <skipped message="Reason: `shinytest2::AppDriver` can not be initialized as {chromote} can not be started ('test-shinytest2-tm_g_km.R:306:3')"/>
    </testcase>
    <testcase time="0.131" classname="shinytest2_tm_g_km" name="e2e_tm_g_km_Starts_with_specified_collapsed_additional_plot_settings.">
      <skipped message="Reason: `shinytest2::AppDriver` can not be initialized as {chromote} can not be started ('test-shinytest2-tm_g_km.R:316:3')"/>
    </testcase>
    <testcase time="0.120000000000001" classname="shinytest2_tm_g_km" name="e2e_tm_g_km_Changing_xticks_changes_the_plot_and_does_not_throw_validation_errors.">
      <skipped message="Reason: `shinytest2::AppDriver` can not be initialized as {chromote} can not be started ('test-shinytest2-tm_g_km.R:356:7')"/>
    </testcase>
    <testcase time="0.131" classname="shinytest2_tm_g_km" name="e2e_tm_g_km_Changing_yval_changes_the_plot_and_does_not_throw_validation_errors.">
      <skipped message="Reason: `shinytest2::AppDriver` can not be initialized as {chromote} can not be started ('test-shinytest2-tm_g_km.R:356:7')"/>
    </testcase>
    <testcase time="0.120000000000001" classname="shinytest2_tm_g_km" name="e2e_tm_g_km_Changing_font_size_changes_the_plot_and_does_not_throw_validation_errors.">
      <skipped message="Reason: `shinytest2::AppDriver` can not be initialized as {chromote} can not be started ('test-shinytest2-tm_g_km.R:356:7')"/>
    </testcase>
    <testcase time="0.129999999999999" classname="shinytest2_tm_g_km" name="e2e_tm_g_km_Changing_rel_height_plot_changes_the_plot_and_does_not_throw_validation_errors.">
      <skipped message="Reason: `shinytest2::AppDriver` can not be initialized as {chromote} can not be started ('test-shinytest2-tm_g_km.R:356:7')"/>
    </testcase>
    <testcase time="0.120000000000001" classname="shinytest2_tm_g_km" name="e2e_tm_g_km_Changing_show_ci_ribbon_changes_the_plot_and_does_not_throw_validation_errors.">
      <skipped message="Reason: `shinytest2::AppDriver` can not be initialized as {chromote} can not be started ('test-shinytest2-tm_g_km.R:356:7')"/>
    </testcase>
    <testcase time="0.131" classname="shinytest2_tm_g_km" name="e2e_tm_g_km_Changing_show_km_table_changes_the_plot_and_does_not_throw_validation_errors.">
      <skipped message="Reason: `shinytest2::AppDriver` can not be initialized as {chromote} can not be started ('test-shinytest2-tm_g_km.R:356:7')"/>
    </testcase>
    <testcase time="0.119999999999997" classname="shinytest2_tm_g_km" name="e2e_tm_g_km_Changing_conf_level_changes_the_plot_and_does_not_throw_validation_errors.">
      <skipped message="Reason: `shinytest2::AppDriver` can not be initialized as {chromote} can not be started ('test-shinytest2-tm_g_km.R:356:7')"/>
    </testcase>
    <testcase time="0.131" classname="shinytest2_tm_g_km" name="e2e_tm_g_km_Changing_xlab_changes_the_plot_and_does_not_throw_validation_errors.">
      <skipped message="Reason: `shinytest2::AppDriver` can not be initialized as {chromote} can not be started ('test-shinytest2-tm_g_km.R:356:7')"/>
    </testcase>
    <testcase time="0.119" classname="shinytest2_tm_g_km" name="e2e_tm_g_km_Deselecting_conf_level_throws_validation_error.">
      <skipped message="Reason: `shinytest2::AppDriver` can not be initialized as {chromote} can not be started ('test-shinytest2-tm_g_km.R:377:3')"/>
    </testcase>
  </testsuite>
  <testsuite name="shinytest2-tm_g_lineplot" timestamp="2025-03-06T14:48:44Z" hostname="9ecb9d47dc4f" tests="10" skipped="10" failures="0" errors="0" time="1.199">
    <testcase time="0.139000000000003" classname="shinytest2_tm_g_lineplot" name="e2e_tm_g_lineplot_Module_initializes_in_teal_without_errors.">
      <skipped message="Reason: `shinytest2::AppDriver` can not be initialized as {chromote} can not be started ('test-shinytest2-tm_g_lineplot.R:67:3')"/>
    </testcase>
    <testcase time="0.120999999999999" classname="shinytest2_tm_g_lineplot" name="e2e_tm_g_lineplot_Starts_with_specified_label_param_group_var_y_x_mid_interval_incl_screen_plot_settings_and_table_settings.">
      <skipped message="Reason: `shinytest2::AppDriver` can not be initialized as {chromote} can not be started ('test-shinytest2-tm_g_lineplot.R:84:5')"/>
    </testcase>
    <testcase time="0.132000000000001" classname="shinytest2_tm_g_lineplot" name="e2e_tm_g_lineplot_Selecting_param_changes_plot_and_doesn_t_throw_validation_errors.">
      <skipped message="Reason: `shinytest2::AppDriver` can not be initialized as {chromote} can not be started ('test-shinytest2-tm_g_lineplot.R:113:3')"/>
    </testcase>
    <testcase time="0.112000000000002" classname="shinytest2_tm_g_lineplot" name="e2e_tm_g_lineplot_Deselecting_param_throws_validation_error.">
      <skipped message="Reason: `shinytest2::AppDriver` can not be initialized as {chromote} can not be started ('test-shinytest2-tm_g_lineplot.R:128:3')"/>
    </testcase>
    <testcase time="0.116" classname="shinytest2_tm_g_lineplot" name="e2e_tm_g_lineplot_Selecting_group_var_changes_plot_and_doesn_t_throw_validation_errors.">
      <skipped message="Reason: `shinytest2::AppDriver` can not be initialized as {chromote} can not be started ('test-shinytest2-tm_g_lineplot.R:143:5')"/>
    </testcase>
    <testcase time="0.116" classname="shinytest2_tm_g_lineplot" name="e2e_tm_g_lineplot_Deselecting_group_var_throws_validation_error.">
      <skipped message="Reason: `shinytest2::AppDriver` can not be initialized as {chromote} can not be started ('test-shinytest2-tm_g_lineplot.R:159:3')"/>
    </testcase>
    <testcase time="0.107999999999997" classname="shinytest2_tm_g_lineplot" name="e2e_tm_g_lineplot_Selecting_y_changes_plot_and_doesn_t_throw_validation_errors.">
      <skipped message="Reason: `shinytest2::AppDriver` can not be initialized as {chromote} can not be started ('test-shinytest2-tm_g_lineplot.R:174:3')"/>
    </testcase>
    <testcase time="0.124000000000002" classname="shinytest2_tm_g_lineplot" name="e2e_tm_g_lineplot_Deselecting_y_throws_validation_error.">
      <skipped message="Reason: `shinytest2::AppDriver` can not be initialized as {chromote} can not be started ('test-shinytest2-tm_g_lineplot.R:189:3')"/>
    </testcase>
    <testcase time="0.109999999999999" classname="shinytest2_tm_g_lineplot" name="e2e_tm_g_lineplot_Selecting_conf_level_changes_plot_and_doesn_t_throw_validation_errors.">
      <skipped message="Reason: `shinytest2::AppDriver` can not be initialized as {chromote} can not be started ('test-shinytest2-tm_g_lineplot.R:204:3')"/>
    </testcase>
    <testcase time="0.120999999999995" classname="shinytest2_tm_g_lineplot" name="e2e_tm_g_lineplot_Deselecting_conf_level_validation_error.">
      <skipped message="Reason: `shinytest2::AppDriver` can not be initialized as {chromote} can not be started ('test-shinytest2-tm_g_lineplot.R:219:3')"/>
    </testcase>
  </testsuite>
  <testsuite name="shinytest2-tm_g_pp_adverse_events" timestamp="2025-03-06T14:48:45Z" hostname="9ecb9d47dc4f" tests="16" skipped="16" failures="0" errors="0" time="2.033">
    <testcase time="0.127000000000002" classname="shinytest2_tm_g_pp_adverse_events" name="e2e_tm_g_pp_adverse_events_Module_initializes_in_teal_without_any_errors_and_produces_the_plot_and_table.">
      <skipped message="Reason: `shinytest2::AppDriver` can not be initialized as {chromote} can not be started ('test-shinytest2-tm_g_pp_adverse_events.R:57:5')"/>
    </testcase>
    <testcase time="0.146000000000001" classname="shinytest2_tm_g_pp_adverse_events" name="e2e_tm_g_pp_adverse_events_Module_initializes_with_specific_label_patient_id_aeterm_tox_grade_causality_outcome_action_time_decod.">
      <skipped message="Reason: `shinytest2::AppDriver` can not be initialized as {chromote} can not be started ('test-shinytest2-tm_g_pp_adverse_events.R:73:5')"/>
    </testcase>
    <testcase time="0.119" classname="shinytest2_tm_g_pp_adverse_events" name="e2e_tm_g_pp_adverse_events_Selecting_patient_id_doesn_t_throw_errors_and_changes_the_plot_and_table.">
      <skipped message="Reason: `shinytest2::AppDriver` can not be initialized as {chromote} can not be started ('test-shinytest2-tm_g_pp_adverse_events.R:126:5')"/>
    </testcase>
    <testcase time="0.130000000000003" classname="shinytest2_tm_g_pp_adverse_events" name="e2e_tm_g_pp_adverse_events_Deselecting_patient_id_throw_validation_error">
      <skipped message="Reason: `shinytest2::AppDriver` can not be initialized as {chromote} can not be started ('test-shinytest2-tm_g_pp_adverse_events.R:151:5')"/>
    </testcase>
    <testcase time="0.119" classname="shinytest2_tm_g_pp_adverse_events" name="e2e_tm_g_pp_adverse_events_Selecting_aeterm_column_doesn_t_throw_errors_and_changes_the_plot_and_table.">
      <skipped message="Reason: `shinytest2::AppDriver` can not be initialized as {chromote} can not be started ('test-shinytest2-tm_g_pp_adverse_events.R:167:5')"/>
    </testcase>
    <testcase time="0.131" classname="shinytest2_tm_g_pp_adverse_events" name="e2e_tm_g_pp_adverse_events_Deselecting_aeterm_column_throw_validation_error">
      <skipped message="Reason: `shinytest2::AppDriver` can not be initialized as {chromote} can not be started ('test-shinytest2-tm_g_pp_adverse_events.R:193:5')"/>
    </testcase>
    <testcase time="0.119" classname="shinytest2_tm_g_pp_adverse_events" name="e2e_tm_g_pp_adverse_events_Selecting_tox_grade_column_doesn_t_throw_errors_and_changes_the_plot_and_table.">
      <skipped message="Reason: `shinytest2::AppDriver` can not be initialized as {chromote} can not be started ('test-shinytest2-tm_g_pp_adverse_events.R:209:5')"/>
    </testcase>
    <testcase time="0.131" classname="shinytest2_tm_g_pp_adverse_events" name="e2e_tm_g_pp_adverse_events_Deselecting_tox_grade_column_throw_validation_error">
      <skipped message="Reason: `shinytest2::AppDriver` can not be initialized as {chromote} can not be started ('test-shinytest2-tm_g_pp_adverse_events.R:235:5')"/>
    </testcase>
    <testcase time="0.117999999999995" classname="shinytest2_tm_g_pp_adverse_events" name="e2e_tm_g_pp_adverse_events_Selecting_causality_column_doesn_t_throw_errors_and_changes_the_plot_and_table.">
      <skipped message="Reason: `shinytest2::AppDriver` can not be initialized as {chromote} can not be started ('test-shinytest2-tm_g_pp_adverse_events.R:251:5')"/>
    </testcase>
    <testcase time="0.135000000000005" classname="shinytest2_tm_g_pp_adverse_events" name="e2e_tm_g_pp_adverse_events_Deselecting_causality_column_throw_validation_error">
      <skipped message="Reason: `shinytest2::AppDriver` can not be initialized as {chromote} can not be started ('test-shinytest2-tm_g_pp_adverse_events.R:277:5')"/>
    </testcase>
    <testcase time="0.119" classname="shinytest2_tm_g_pp_adverse_events" name="e2e_tm_g_pp_adverse_events_Selecting_outcome_column_doesn_t_throw_errors_and_changes_the_plot_and_table.">
      <skipped message="Reason: `shinytest2::AppDriver` can not be initialized as {chromote} can not be started ('test-shinytest2-tm_g_pp_adverse_events.R:293:5')"/>
    </testcase>
    <testcase time="0.129999999999995" classname="shinytest2_tm_g_pp_adverse_events" name="e2e_tm_g_pp_adverse_events_Deselecting_outcome_column_throw_validation_error">
      <skipped message="Reason: `shinytest2::AppDriver` can not be initialized as {chromote} can not be started ('test-shinytest2-tm_g_pp_adverse_events.R:319:5')"/>
    </testcase>
    <testcase time="0.123000000000005" classname="shinytest2_tm_g_pp_adverse_events" name="e2e_tm_g_pp_adverse_events_Selecting_action_column_doesn_t_throw_errors_and_changes_the_plot_and_table.">
      <skipped message="Reason: `shinytest2::AppDriver` can not be initialized as {chromote} can not be started ('test-shinytest2-tm_g_pp_adverse_events.R:335:5')"/>
    </testcase>
    <testcase time="0.131999999999998" classname="shinytest2_tm_g_pp_adverse_events" name="e2e_tm_g_pp_adverse_events_Deselecting_action_column_throw_validation_error">
      <skipped message="Reason: `shinytest2::AppDriver` can not be initialized as {chromote} can not be started ('test-shinytest2-tm_g_pp_adverse_events.R:361:5')"/>
    </testcase>
    <testcase time="0.124000000000002" classname="shinytest2_tm_g_pp_adverse_events" name="e2e_tm_g_pp_adverse_events_Selecting_time_column_doesn_t_throw_errors_and_changes_the_plot_and_table.">
      <skipped message="Reason: `shinytest2::AppDriver` can not be initialized as {chromote} can not be started ('test-shinytest2-tm_g_pp_adverse_events.R:377:5')"/>
    </testcase>
    <testcase time="0.129999999999995" classname="shinytest2_tm_g_pp_adverse_events" name="e2e_tm_g_pp_adverse_events_Deselecting_time_column_throw_validation_error">
      <skipped message="Reason: `shinytest2::AppDriver` can not be initialized as {chromote} can not be started ('test-shinytest2-tm_g_pp_adverse_events.R:403:5')"/>
    </testcase>
  </testsuite>
  <testsuite name="shinytest2-tm_g_pp_patient_timeline" timestamp="2025-03-06T14:48:47Z" hostname="9ecb9d47dc4f" tests="26" skipped="26" failures="0" errors="0" time="4.57">
    <testcase time="0.18" classname="shinytest2_tm_g_pp_patient_timeline" name="e2e_tm_g_pp_patient_timeline_Module_initializes_in_teal_without_errors_and_produces_plot_output.">
      <skipped message="Reason: `shinytest2::AppDriver` can not be initialized as {chromote} can not be started ('test-shinytest2-tm_g_pp_patient_timeline.R:91:5')"/>
    </testcase>
    <testcase time="0.190000000000005" classname="shinytest2_tm_g_pp_patient_timeline" name="e2e_tm_g_pp_patient_timeline_Starts_with_specified_label_patient_id_cmdecod_aeterm_aetime_start_aetime_end_dstime_start_dstime_end_aerelday_start_aerelday_end_dsrelday_start_dsrelday_en.">
      <skipped message="Reason: `shinytest2::AppDriver` can not be initialized as {chromote} can not be started ('test-shinytest2-tm_g_pp_patient_timeline.R:109:5')"/>
    </testcase>
    <testcase time="0.177" classname="shinytest2_tm_g_pp_patient_timeline" name="e2e_tm_g_pp_patient_timeline_Encodings_aerelday_start_aerelday_end_dsrelday_start_dsrelday_end_are_shown_only_when_relday_x_axis_is_checked.">
      <skipped message="Reason: `shinytest2::AppDriver` can not be initialized as {chromote} can not be started ('test-shinytest2-tm_g_pp_patient_timeline.R:174:5')"/>
    </testcase>
    <testcase time="0.177" classname="shinytest2_tm_g_pp_patient_timeline" name="e2e_tm_g_pp_patient_timeline_Encodings_aetime_start_aetime_end_dstime_start_dstime_end_are_shown_only_when_relday_x_axis_is_unchecked.">
      <skipped message="Reason: `shinytest2::AppDriver` can not be initialized as {chromote} can not be started ('test-shinytest2-tm_g_pp_patient_timeline.R:205:5')"/>
    </testcase>
    <testcase time="0.176000000000002" classname="shinytest2_tm_g_pp_patient_timeline" name="e2e_tm_g_pp_patient_timeline_Selecting_patient_id_changes_plot_and_doesn_t_throw_validation_errors.">
      <skipped message="Reason: `shinytest2::AppDriver` can not be initialized as {chromote} can not be started ('test-shinytest2-tm_g_pp_patient_timeline.R:235:5')"/>
    </testcase>
    <testcase time="0.173999999999999" classname="shinytest2_tm_g_pp_patient_timeline" name="e2e_tm_g_pp_patient_timeline_Deselecting_patient_id_column_throws_validation_error.">
      <skipped message="Reason: `shinytest2::AppDriver` can not be initialized as {chromote} can not be started ('test-shinytest2-tm_g_pp_patient_timeline.R:251:3')"/>
    </testcase>
    <testcase time="0.162999999999997" classname="shinytest2_tm_g_pp_patient_timeline" name="e2e_tm_g_pp_patient_timeline_Selecting_cmdecod_changes_plot_and_doesn_t_throw_validation_errors.">
      <skipped message="Reason: `shinytest2::AppDriver` can not be initialized as {chromote} can not be started ('test-shinytest2-tm_g_pp_patient_timeline.R:266:5')"/>
    </testcase>
    <testcase time="0.176000000000002" classname="shinytest2_tm_g_pp_patient_timeline" name="e2e_tm_g_pp_patient_timeline_Deselecting_cmdecod_changes_plot_and_doesn_t_throw_validation_error.">
      <skipped message="Reason: `shinytest2::AppDriver` can not be initialized as {chromote} can not be started ('test-shinytest2-tm_g_pp_patient_timeline.R:284:5')"/>
    </testcase>
    <testcase time="0.177" classname="shinytest2_tm_g_pp_patient_timeline" name="e2e_tm_g_pp_patient_timeline_Selecting_aeterm_changes_plot_and_doesn_t_throw_validation_errors.">
      <skipped message="Reason: `shinytest2::AppDriver` can not be initialized as {chromote} can not be started ('test-shinytest2-tm_g_pp_patient_timeline.R:297:5')"/>
    </testcase>
    <testcase time="0.177" classname="shinytest2_tm_g_pp_patient_timeline" name="e2e_tm_g_pp_patient_timeline_Deselecting_aeterm_changes_plot_and_doesn_t_throw_validation_error.">
      <skipped message="Reason: `shinytest2::AppDriver` can not be initialized as {chromote} can not be started ('test-shinytest2-tm_g_pp_patient_timeline.R:315:5')"/>
    </testcase>
    <testcase time="0.177" classname="shinytest2_tm_g_pp_patient_timeline" name="e2e_tm_g_pp_patient_timeline_Selecting_aetime_start_changes_plot_and_doesn_t_throw_validation_errors.">
      <skipped message="Reason: `shinytest2::AppDriver` can not be initialized as {chromote} can not be started ('test-shinytest2-tm_g_pp_patient_timeline.R:328:5')"/>
    </testcase>
    <testcase time="0.162999999999997" classname="shinytest2_tm_g_pp_patient_timeline" name="e2e_tm_g_pp_patient_timeline_Deselecting_aetime_start_throws_validation_error.">
      <skipped message="Reason: `shinytest2::AppDriver` can not be initialized as {chromote} can not be started ('test-shinytest2-tm_g_pp_patient_timeline.R:347:5')"/>
    </testcase>
    <testcase time="0.388000000000005" classname="shinytest2_tm_g_pp_patient_timeline" name="e2e_tm_g_pp_patient_timeline_Selecting_aetime_end_changes_plot_and_doesn_t_throw_validation_errors.">
      <skipped message="Reason: `shinytest2::AppDriver` can not be initialized as {chromote} can not be started ('test-shinytest2-tm_g_pp_patient_timeline.R:364:5')"/>
    </testcase>
    <testcase time="0.161000000000001" classname="shinytest2_tm_g_pp_patient_timeline" name="e2e_tm_g_pp_patient_timeline_Deselecting_aetime_end_throws_validation_error.">
      <skipped message="Reason: `shinytest2::AppDriver` can not be initialized as {chromote} can not be started ('test-shinytest2-tm_g_pp_patient_timeline.R:383:5')"/>
    </testcase>
    <testcase time="0.158999999999999" classname="shinytest2_tm_g_pp_patient_timeline" name="e2e_tm_g_pp_patient_timeline_Selecting_aerelday_start_changes_plot_and_doesn_t_throw_validation_errors.">
      <skipped message="Reason: `shinytest2::AppDriver` can not be initialized as {chromote} can not be started ('test-shinytest2-tm_g_pp_patient_timeline.R:400:5')"/>
    </testcase>
    <testcase time="0.155999999999999" classname="shinytest2_tm_g_pp_patient_timeline" name="e2e_tm_g_pp_patient_timeline_Deselecting_aerelday_start_throws_validation_error.">
      <skipped message="Reason: `shinytest2::AppDriver` can not be initialized as {chromote} can not be started ('test-shinytest2-tm_g_pp_patient_timeline.R:418:5')"/>
    </testcase>
    <testcase time="0.159999999999997" classname="shinytest2_tm_g_pp_patient_timeline" name="e2e_tm_g_pp_patient_timeline_Selecting_aerelday_end_changes_plot_and_doesn_t_throw_validation_errors.">
      <skipped message="Reason: `shinytest2::AppDriver` can not be initialized as {chromote} can not be started ('test-shinytest2-tm_g_pp_patient_timeline.R:434:5')"/>
    </testcase>
    <testcase time="0.160000000000004" classname="shinytest2_tm_g_pp_patient_timeline" name="e2e_tm_g_pp_patient_timeline_Deselecting_aerelday_end_throws_validation_error.">
      <skipped message="Reason: `shinytest2::AppDriver` can not be initialized as {chromote} can not be started ('test-shinytest2-tm_g_pp_patient_timeline.R:452:5')"/>
    </testcase>
    <testcase time="0.159999999999997" classname="shinytest2_tm_g_pp_patient_timeline" name="e2e_tm_g_pp_patient_timeline_Selecting_dstime_start_changes_plot_and_doesn_t_throw_validation_errors.">
      <skipped message="Reason: `shinytest2::AppDriver` can not be initialized as {chromote} can not be started ('test-shinytest2-tm_g_pp_patient_timeline.R:468:5')"/>
    </testcase>
    <testcase time="0.160000000000004" classname="shinytest2_tm_g_pp_patient_timeline" name="e2e_tm_g_pp_patient_timeline_Deselecting_dstime_start_throws_validation_error.">
      <skipped message="Reason: `shinytest2::AppDriver` can not be initialized as {chromote} can not be started ('test-shinytest2-tm_g_pp_patient_timeline.R:487:5')"/>
    </testcase>
    <testcase time="0.159999999999997" classname="shinytest2_tm_g_pp_patient_timeline" name="e2e_tm_g_pp_patient_timeline_Selecting_dstime_end_changes_plot_and_doesn_t_throw_validation_errors.">
      <skipped message="Reason: `shinytest2::AppDriver` can not be initialized as {chromote} can not be started ('test-shinytest2-tm_g_pp_patient_timeline.R:504:5')"/>
    </testcase>
    <testcase time="0.161999999999999" classname="shinytest2_tm_g_pp_patient_timeline" name="e2e_tm_g_pp_patient_timeline_Deselecting_dstime_end_throws_validation_error.">
      <skipped message="Reason: `shinytest2::AppDriver` can not be initialized as {chromote} can not be started ('test-shinytest2-tm_g_pp_patient_timeline.R:523:5')"/>
    </testcase>
    <testcase time="0.160000000000004" classname="shinytest2_tm_g_pp_patient_timeline" name="e2e_tm_g_pp_patient_timeline_Selecting_dsrelday_start_changes_plot_and_doesn_t_throw_validation_errors.">
      <skipped message="Reason: `shinytest2::AppDriver` can not be initialized as {chromote} can not be started ('test-shinytest2-tm_g_pp_patient_timeline.R:540:5')"/>
    </testcase>
    <testcase time="0.155999999999999" classname="shinytest2_tm_g_pp_patient_timeline" name="e2e_tm_g_pp_patient_timeline_Deselecting_dsrelday_start_throws_validation_error.">
      <skipped message="Reason: `shinytest2::AppDriver` can not be initialized as {chromote} can not be started ('test-shinytest2-tm_g_pp_patient_timeline.R:558:5')"/>
    </testcase>
    <testcase time="0.159999999999997" classname="shinytest2_tm_g_pp_patient_timeline" name="e2e_tm_g_pp_patient_timeline_Selecting_dsrelday_end_changes_plot_and_doesn_t_throw_validation_errors.">
      <skipped message="Reason: `shinytest2::AppDriver` can not be initialized as {chromote} can not be started ('test-shinytest2-tm_g_pp_patient_timeline.R:574:5')"/>
    </testcase>
    <testcase time="0.161000000000001" classname="shinytest2_tm_g_pp_patient_timeline" name="e2e_tm_g_pp_patient_timeline_Deselecting_dsrelday_end_throws_validation_error.">
      <skipped message="Reason: `shinytest2::AppDriver` can not be initialized as {chromote} can not be started ('test-shinytest2-tm_g_pp_patient_timeline.R:592:5')"/>
    </testcase>
  </testsuite>
  <testsuite name="shinytest2-tm_g_pp_therapy" timestamp="2025-03-06T14:48:51Z" hostname="9ecb9d47dc4f" tests="23" skipped="23" failures="0" errors="0" time="5.606">
    <testcase time="0.241" classname="shinytest2_tm_g_pp_therapy" name="e2e_tm_g_pp_therapy_Module_initializes_in_teal_without_errors_and_produces_output.">
      <skipped message="Reason: `shinytest2::AppDriver` can not be initialized as {chromote} can not be started ('test-shinytest2-tm_g_pp_therapy.R:92:3')"/>
    </testcase>
    <testcase time="0.268000000000001" classname="shinytest2_tm_g_pp_therapy" name="e2e_tm_g_pp_therapy_Starts_with_specified_label_paramcd_arm_var_buckets_paramcd_subgroup_var_strata_var_and_plot_settings.">
      <skipped message="Reason: `shinytest2::AppDriver` can not be initialized as {chromote} can not be started ('test-shinytest2-tm_g_pp_therapy.R:111:5')"/>
    </testcase>
    <testcase time="0.240000000000002" classname="shinytest2_tm_g_pp_therapy" name="e2e_tm_g_pp_therapy_Selection_of_patient_id_changes_the_plot_and_table_without_any_validation_errors.">
      <skipped message="Reason: `shinytest2::AppDriver` can not be initialized as {chromote} can not be started ('test-shinytest2-tm_g_pp_therapy.R:153:7')"/>
    </testcase>
    <testcase time="0.238999999999997" classname="shinytest2_tm_g_pp_therapy" name="e2e_tm_g_pp_therapy_Selection_of_cmdecod_changes_the_plot_and_table_without_any_validation_errors.">
      <skipped message="Reason: `shinytest2::AppDriver` can not be initialized as {chromote} can not be started ('test-shinytest2-tm_g_pp_therapy.R:153:7')"/>
    </testcase>
    <testcase time="0.238" classname="shinytest2_tm_g_pp_therapy" name="e2e_tm_g_pp_therapy_Selection_of_atirel_changes_the_plot_and_table_without_any_validation_errors.">
      <skipped message="Reason: `shinytest2::AppDriver` can not be initialized as {chromote} can not be started ('test-shinytest2-tm_g_pp_therapy.R:153:7')"/>
    </testcase>
    <testcase time="0.240000000000002" classname="shinytest2_tm_g_pp_therapy" name="e2e_tm_g_pp_therapy_Selection_of_cmindc_changes_the_plot_and_table_without_any_validation_errors.">
      <skipped message="Reason: `shinytest2::AppDriver` can not be initialized as {chromote} can not be started ('test-shinytest2-tm_g_pp_therapy.R:153:7')"/>
    </testcase>
    <testcase time="0.238" classname="shinytest2_tm_g_pp_therapy" name="e2e_tm_g_pp_therapy_Selection_of_cmdose_changes_the_plot_and_table_without_any_validation_errors.">
      <skipped message="Reason: `shinytest2::AppDriver` can not be initialized as {chromote} can not be started ('test-shinytest2-tm_g_pp_therapy.R:153:7')"/>
    </testcase>
    <testcase time="0.237000000000002" classname="shinytest2_tm_g_pp_therapy" name="e2e_tm_g_pp_therapy_Selection_of_cmdosu_changes_the_plot_and_table_without_any_validation_errors.">
      <skipped message="Reason: `shinytest2::AppDriver` can not be initialized as {chromote} can not be started ('test-shinytest2-tm_g_pp_therapy.R:153:7')"/>
    </testcase>
    <testcase time="0.250999999999998" classname="shinytest2_tm_g_pp_therapy" name="e2e_tm_g_pp_therapy_Selection_of_cmroute_changes_the_plot_and_table_without_any_validation_errors.">
      <skipped message="Reason: `shinytest2::AppDriver` can not be initialized as {chromote} can not be started ('test-shinytest2-tm_g_pp_therapy.R:153:7')"/>
    </testcase>
    <testcase time="0.249000000000002" classname="shinytest2_tm_g_pp_therapy" name="e2e_tm_g_pp_therapy_Selection_of_cmdosfrq_changes_the_plot_and_table_without_any_validation_errors.">
      <skipped message="Reason: `shinytest2::AppDriver` can not be initialized as {chromote} can not be started ('test-shinytest2-tm_g_pp_therapy.R:153:7')"/>
    </testcase>
    <testcase time="0.240000000000002" classname="shinytest2_tm_g_pp_therapy" name="e2e_tm_g_pp_therapy_Selection_of_cmstdy_changes_the_plot_and_table_without_any_validation_errors.">
      <skipped message="Reason: `shinytest2::AppDriver` can not be initialized as {chromote} can not be started ('test-shinytest2-tm_g_pp_therapy.R:153:7')"/>
    </testcase>
    <testcase time="0.239999999999995" classname="shinytest2_tm_g_pp_therapy" name="e2e_tm_g_pp_therapy_Selection_of_cmendy_changes_the_plot_and_table_without_any_validation_errors.">
      <skipped message="Reason: `shinytest2::AppDriver` can not be initialized as {chromote} can not be started ('test-shinytest2-tm_g_pp_therapy.R:153:7')"/>
    </testcase>
    <testcase time="0.241" classname="shinytest2_tm_g_pp_therapy" name="e2e_tm_g_pp_therapy_Changing_font_size_changes_the_plot_and_does_not_throw_validation_errors.">
      <skipped message="Reason: `shinytest2::AppDriver` can not be initialized as {chromote} can not be started ('test-shinytest2-tm_g_pp_therapy.R:189:5')"/>
    </testcase>
    <testcase time="0.247" classname="shinytest2_tm_g_pp_therapy" name="e2e_tm_g_pp_therapy_Deselection_of_patient_id_throws_validation_error.">
      <skipped message="Reason: `shinytest2::AppDriver` can not be initialized as {chromote} can not be started ('test-shinytest2-tm_g_pp_therapy.R:208:5')"/>
    </testcase>
    <testcase time="0.241000000000007" classname="shinytest2_tm_g_pp_therapy" name="e2e_tm_g_pp_therapy_Deselection_of_cmdecod_throws_validation_error.">
      <skipped message="Reason: `shinytest2::AppDriver` can not be initialized as {chromote} can not be started ('test-shinytest2-tm_g_pp_therapy.R:208:5')"/>
    </testcase>
    <testcase time="0.244999999999997" classname="shinytest2_tm_g_pp_therapy" name="e2e_tm_g_pp_therapy_Deselection_of_atirel_throws_validation_error.">
      <skipped message="Reason: `shinytest2::AppDriver` can not be initialized as {chromote} can not be started ('test-shinytest2-tm_g_pp_therapy.R:208:5')"/>
    </testcase>
    <testcase time="0.241" classname="shinytest2_tm_g_pp_therapy" name="e2e_tm_g_pp_therapy_Deselection_of_cmindc_throws_validation_error.">
      <skipped message="Reason: `shinytest2::AppDriver` can not be initialized as {chromote} can not be started ('test-shinytest2-tm_g_pp_therapy.R:208:5')"/>
    </testcase>
    <testcase time="0.244999999999997" classname="shinytest2_tm_g_pp_therapy" name="e2e_tm_g_pp_therapy_Deselection_of_cmdose_throws_validation_error.">
      <skipped message="Reason: `shinytest2::AppDriver` can not be initialized as {chromote} can not be started ('test-shinytest2-tm_g_pp_therapy.R:208:5')"/>
    </testcase>
    <testcase time="0.242000000000004" classname="shinytest2_tm_g_pp_therapy" name="e2e_tm_g_pp_therapy_Deselection_of_cmdosu_throws_validation_error.">
      <skipped message="Reason: `shinytest2::AppDriver` can not be initialized as {chromote} can not be started ('test-shinytest2-tm_g_pp_therapy.R:208:5')"/>
    </testcase>
    <testcase time="0.244" classname="shinytest2_tm_g_pp_therapy" name="e2e_tm_g_pp_therapy_Deselection_of_cmroute_throws_validation_error.">
      <skipped message="Reason: `shinytest2::AppDriver` can not be initialized as {chromote} can not be started ('test-shinytest2-tm_g_pp_therapy.R:208:5')"/>
    </testcase>
    <testcase time="0.242999999999995" classname="shinytest2_tm_g_pp_therapy" name="e2e_tm_g_pp_therapy_Deselection_of_cmdosfrq_throws_validation_error.">
      <skipped message="Reason: `shinytest2::AppDriver` can not be initialized as {chromote} can not be started ('test-shinytest2-tm_g_pp_therapy.R:208:5')"/>
    </testcase>
    <testcase time="0.251000000000005" classname="shinytest2_tm_g_pp_therapy" name="e2e_tm_g_pp_therapy_Deselection_of_cmstdy_throws_validation_error.">
      <skipped message="Reason: `shinytest2::AppDriver` can not be initialized as {chromote} can not be started ('test-shinytest2-tm_g_pp_therapy.R:208:5')"/>
    </testcase>
    <testcase time="0.244999999999997" classname="shinytest2_tm_g_pp_therapy" name="e2e_tm_g_pp_therapy_Deselection_of_cmendy_throws_validation_error.">
      <skipped message="Reason: `shinytest2::AppDriver` can not be initialized as {chromote} can not be started ('test-shinytest2-tm_g_pp_therapy.R:208:5')"/>
    </testcase>
  </testsuite>
  <testsuite name="shinytest2-tm_g_pp_vitals" timestamp="2025-03-06T14:48:57Z" hostname="9ecb9d47dc4f" tests="11" skipped="11" failures="0" errors="0" time="1.133">
    <testcase time="0.118000000000002" classname="shinytest2_tm_g_pp_vitals" name="e2e_tm_g_pp_vitals_Module_initializes_in_teal_without_errors_and_produces_plot_output.">
      <skipped message="Reason: `shinytest2::AppDriver` can not be initialized as {chromote} can not be started ('test-shinytest2-tm_g_pp_vitals.R:38:3')"/>
    </testcase>
    <testcase time="0.110999999999997" classname="shinytest2_tm_g_pp_vitals" name="e2e_tm_g_pp_vitals_Starts_with_specified_label_patient_id_paramcd_xaxis_aval_var_font_size_parentname_patient_col.">
      <skipped message="Reason: `shinytest2::AppDriver` can not be initialized as {chromote} can not be started ('test-shinytest2-tm_g_pp_vitals.R:57:5')"/>
    </testcase>
    <testcase time="0.0970000000000013" classname="shinytest2_tm_g_pp_vitals" name="e2e_tm_g_pp_vitals_Selecting_patient_id_changes_plot_and_doesn_t_throw_validation_errors.">
      <skipped message="Reason: `shinytest2::AppDriver` can not be initialized as {chromote} can not be started ('test-shinytest2-tm_g_pp_vitals.R:93:3')"/>
    </testcase>
    <testcase time="0.0970000000000013" classname="shinytest2_tm_g_pp_vitals" name="e2e_tm_g_pp_vitals_Deselecting_patient_id_column_throws_validation_error.">
      <skipped message="Reason: `shinytest2::AppDriver` can not be initialized as {chromote} can not be started ('test-shinytest2-tm_g_pp_vitals.R:108:3')"/>
    </testcase>
    <testcase time="0.104999999999997" classname="shinytest2_tm_g_pp_vitals" name="e2e_tm_g_pp_vitals_Selecting_valid_paramcd_and_paramcd_levels_vals_changes_plot_and_doesn_t_throw_validation_errors.">
      <skipped message="Reason: `shinytest2::AppDriver` can not be initialized as {chromote} can not be started ('test-shinytest2-tm_g_pp_vitals.R:124:5')"/>
    </testcase>
    <testcase time="0.0960000000000036" classname="shinytest2_tm_g_pp_vitals" name="e2e_tm_g_pp_vitals_Deselecting_paramcd_throws_validation_error.">
      <skipped message="Reason: `shinytest2::AppDriver` can not be initialized as {chromote} can not be started ('test-shinytest2-tm_g_pp_vitals.R:160:3')"/>
    </testcase>
    <testcase time="0.0949999999999989" classname="shinytest2_tm_g_pp_vitals" name="e2e_tm_g_pp_vitals_Selecting_xaxis_changes_plot_and_doesn_t_throw_validation_errors.">
      <skipped message="Reason: `shinytest2::AppDriver` can not be initialized as {chromote} can not be started ('test-shinytest2-tm_g_pp_vitals.R:173:3')"/>
    </testcase>
    <testcase time="0.113999999999997" classname="shinytest2_tm_g_pp_vitals" name="e2e_tm_g_pp_vitals_Deselecting_xaxis_column_throws_validation_error.">
      <skipped message="Reason: `shinytest2::AppDriver` can not be initialized as {chromote} can not be started ('test-shinytest2-tm_g_pp_vitals.R:188:3')"/>
    </testcase>
    <testcase time="0.0960000000000036" classname="shinytest2_tm_g_pp_vitals" name="e2e_tm_g_pp_vitals_Selecting_aval_var_changes_plot_and_doesn_t_throw_validation_errors.">
      <skipped message="Reason: `shinytest2::AppDriver` can not be initialized as {chromote} can not be started ('test-shinytest2-tm_g_pp_vitals.R:201:3')"/>
    </testcase>
    <testcase time="0.0970000000000013" classname="shinytest2_tm_g_pp_vitals" name="e2e_tm_g_pp_vitals_Deselecting_aval_var_column_throws_validation_error.">
      <skipped message="Reason: `shinytest2::AppDriver` can not be initialized as {chromote} can not be started ('test-shinytest2-tm_g_pp_vitals.R:216:3')"/>
    </testcase>
    <testcase time="0.106999999999999" classname="shinytest2_tm_g_pp_vitals" name="e2e_tm_g_pp_vitals_Changing_font_size_changes_plot_and_doesn_t_throw_validation_error.">
      <skipped message="Reason: `shinytest2::AppDriver` can not be initialized as {chromote} can not be started ('test-shinytest2-tm_g_pp_vitals.R:229:3')"/>
    </testcase>
  </testsuite>
  <testsuite name="shinytest2-tm_t_abnormality" timestamp="2025-03-06T14:48:58Z" hostname="9ecb9d47dc4f" tests="9" skipped="9" failures="0" errors="0" time="1.168">
    <testcase time="0.126999999999995" classname="shinytest2_tm_t_abnormality" name="e2e_tm_t_abnormality_Module_initializes_in_teal_without_errors_and_produces_table_output.">
      <skipped message="Reason: `shinytest2::AppDriver` can not be initialized as {chromote} can not be started ('test-shinytest2-tm_t_abnormality.R:65:3')"/>
    </testcase>
    <testcase time="0.146000000000001" classname="shinytest2_tm_t_abnormality" name="e2e_tm_t_abnormality_Starts_with_specified_label_arm_var_by_vars_add_total_exclude_base_abn_drop_arm_levels.">
      <skipped message="Reason: `shinytest2::AppDriver` can not be initialized as {chromote} can not be started ('test-shinytest2-tm_t_abnormality.R:80:5')"/>
    </testcase>
    <testcase time="0.123000000000005" classname="shinytest2_tm_t_abnormality" name="e2e_tm_t_abnormality_Selecting_arm_var_changes_the_table_and_does_not_throw_validation_errors.">
      <skipped message="Reason: `shinytest2::AppDriver` can not be initialized as {chromote} can not be started ('test-shinytest2-tm_t_abnormality.R:113:5')"/>
    </testcase>
    <testcase time="0.131" classname="shinytest2_tm_t_abnormality" name="e2e_arm_var_Deselection_of_arm_var_throws_validation_error.">
      <skipped message="Reason: `shinytest2::AppDriver` can not be initialized as {chromote} can not be started ('test-shinytest2-tm_t_abnormality.R:129:3')"/>
    </testcase>
    <testcase time="0.129999999999995" classname="shinytest2_tm_t_abnormality" name="e2e_tm_t_abnormality_Selecting_by_vars_changes_the_table_and_does_not_throw_validation_errors.">
      <skipped message="Reason: `shinytest2::AppDriver` can not be initialized as {chromote} can not be started ('test-shinytest2-tm_t_abnormality.R:144:5')"/>
    </testcase>
    <testcase time="0.124000000000002" classname="shinytest2_tm_t_abnormality" name="e2e_tm_t_abnormality_Deselection_of_by_vars_throws_validation_error.">
      <skipped message="Reason: `shinytest2::AppDriver` can not be initialized as {chromote} can not be started ('test-shinytest2-tm_t_abnormality.R:160:3')"/>
    </testcase>
    <testcase time="0.131999999999998" classname="shinytest2_tm_t_abnormality" name="e2e_tm_t_abnormality_Changing_add_total_changes_the_table_and_does_not_throw_validation_errors.">
      <skipped message="Reason: `shinytest2::AppDriver` can not be initialized as {chromote} can not be started ('test-shinytest2-tm_t_abnormality.R:175:5')"/>
    </testcase>
    <testcase time="0.124000000000002" classname="shinytest2_tm_t_abnormality" name="e2e_tm_t_abnormality_Changing_exclude_base_abn_changes_the_table_and_does_not_throw_validation_errors.">
      <skipped message="Reason: `shinytest2::AppDriver` can not be initialized as {chromote} can not be started ('test-shinytest2-tm_t_abnormality.R:193:5')"/>
    </testcase>
    <testcase time="0.131" classname="shinytest2_tm_t_abnormality" name="e2e_tm_t_abnormality_Changing_drop_arm_levels_does_not_change_the_table_and_does_not_throw_validation_errors.">
      <skipped message="Reason: `shinytest2::AppDriver` can not be initialized as {chromote} can not be started ('test-shinytest2-tm_t_abnormality.R:211:5')"/>
    </testcase>
  </testsuite>
  <testsuite name="shinytest2-tm_t_abnormality_by_worst_grade" timestamp="2025-03-06T14:48:59Z" hostname="9ecb9d47dc4f" tests="8" skipped="8" failures="0" errors="0" time="1.392">
    <testcase time="0.192999999999998" classname="shinytest2_tm_t_abnormality_by_worst_grade" name="e2e_tm_t_abnormality_by_worst_grade_Module_initializes_in_teal_without_errors_and_produces_table_output.">
      <skipped message="Reason: `shinytest2::AppDriver` can not be initialized as {chromote} can not be started ('test-shinytest2-tm_t_abnormality_by_worst_grade.R:60:5')"/>
    </testcase>
    <testcase time="0.177" classname="shinytest2_tm_t_abnormality_by_worst_grade" name="e2e_tm_t_abnormality_by_worst_grade_Starts_with_specified_label_arm_var_paramcd_id_var_atoxgr_var_worst_high_flag_var_worst_low_flag_var_worst_flag_indicator_add_total_drop_arm_levels.">
      <skipped message="Reason: `shinytest2::AppDriver` can not be initialized as {chromote} can not be started ('test-shinytest2-tm_t_abnormality_by_worst_grade.R:76:5')"/>
    </testcase>
    <testcase time="0.170999999999999" classname="shinytest2_tm_t_abnormality_by_worst_grade" name="e2e_tm_t_abnormality_by_worst_grade_Selecting_arm_var_changes_the_table_and_does_not_throw_validation_errors.">
      <skipped message="Reason: `shinytest2::AppDriver` can not be initialized as {chromote} can not be started ('test-shinytest2-tm_t_abnormality_by_worst_grade.R:120:5')"/>
    </testcase>
    <testcase time="0.170999999999999" classname="shinytest2_tm_t_abnormality_by_worst_grade" name="e2e_tm_t_abnormality_by_worst_grade_Selecting_paramcd_changes_the_table_and_does_not_throw_validation_errors.">
      <skipped message="Reason: `shinytest2::AppDriver` can not be initialized as {chromote} can not be started ('test-shinytest2-tm_t_abnormality_by_worst_grade.R:138:5')"/>
    </testcase>
    <testcase time="0.173999999999999" classname="shinytest2_tm_t_abnormality_by_worst_grade" name="e2e_tm_t_abnormality_by_worst_grade_Deselection_of_arm_var_throws_validation_error.">
      <skipped message="Reason: `shinytest2::AppDriver` can not be initialized as {chromote} can not be started ('test-shinytest2-tm_t_abnormality_by_worst_grade.R:154:3')"/>
    </testcase>
    <testcase time="0.171000000000006" classname="shinytest2_tm_t_abnormality_by_worst_grade" name="e2e_tm_t_abnormality_by_worst_grade_Deselection_of_paramcd_throws_validation_error.">
      <skipped message="Reason: `shinytest2::AppDriver` can not be initialized as {chromote} can not be started ('test-shinytest2-tm_t_abnormality_by_worst_grade.R:167:3')"/>
    </testcase>
    <testcase time="0.170999999999999" classname="shinytest2_tm_t_abnormality_by_worst_grade" name="e2e_tm_t_abnormality_by_worst_grade_Changing_add_total_changes_the_table_and_does_not_throw_validation_errors.">
      <skipped message="Reason: `shinytest2::AppDriver` can not be initialized as {chromote} can not be started ('test-shinytest2-tm_t_abnormality_by_worst_grade.R:184:5')"/>
    </testcase>
    <testcase time="0.163999999999994" classname="shinytest2_tm_t_abnormality_by_worst_grade" name="e2e_tm_t_abnormality_by_worst_grade_Changing_drop_arm_levels_does_not_change_the_table_and_does_not_throw_validation_errors.">
      <skipped message="Reason: `shinytest2::AppDriver` can not be initialized as {chromote} can not be started ('test-shinytest2-tm_t_abnormality_by_worst_grade.R:203:5')"/>
    </testcase>
  </testsuite>
  <testsuite name="shinytest2-tm_t_ancova" timestamp="2025-03-06T14:49:01Z" hostname="9ecb9d47dc4f" tests="12" skipped="12" failures="0" errors="0" time="2.409">
    <testcase time="0.207000000000001" classname="shinytest2_tm_t_ancova" name="e2e_tm_t_ancova_Module_initializes_in_teal_without_errors_and_produces_table_output.">
      <skipped message="Reason: `shinytest2::AppDriver` can not be initialized as {chromote} can not be started ('test-shinytest2-tm_t_ancova.R:62:3')"/>
    </testcase>
    <testcase time="0.208000000000006" classname="shinytest2_tm_t_ancova" name="e2e_tm_t_ancova_Starts_with_specified_label_avisit_paramcd_aval_var_aval_var_arm_var_buckets_combine_comp_arms_interact_var_cov_var_conf_level_include_interact.">
      <skipped message="Reason: `shinytest2::AppDriver` can not be initialized as {chromote} can not be started ('test-shinytest2-tm_t_ancova.R:76:5')"/>
    </testcase>
    <testcase time="0.195999999999998" classname="shinytest2_tm_t_ancova" name="e2e_tm_t_ancova_Selecting_avisit_changes_the_table_and_does_not_throw_validation_errors.">
      <skipped message="Reason: `shinytest2::AppDriver` can not be initialized as {chromote} can not be started ('test-shinytest2-tm_t_ancova.R:131:5')"/>
    </testcase>
    <testcase time="0.195999999999998" classname="shinytest2_tm_t_ancova" name="e2e_tm_t_ancova_Deselection_of_avisit_throws_validation_error.">
      <skipped message="Reason: `shinytest2::AppDriver` can not be initialized as {chromote} can not be started ('test-shinytest2-tm_t_ancova.R:150:3')"/>
    </testcase>
    <testcase time="0.194000000000003" classname="shinytest2_tm_t_ancova" name="e2e_tm_t_ancova_Selecting_paramcd_changes_the_table_and_does_not_throw_validation_errors.">
      <skipped message="Reason: `shinytest2::AppDriver` can not be initialized as {chromote} can not be started ('test-shinytest2-tm_t_ancova.R:167:5')"/>
    </testcase>
    <testcase time="0.195" classname="shinytest2_tm_t_ancova" name="e2e_tm_t_ancova_Deselection_of_paramcd_throws_validation_error.">
      <skipped message="Reason: `shinytest2::AppDriver` can not be initialized as {chromote} can not be started ('test-shinytest2-tm_t_ancova.R:183:3')"/>
    </testcase>
    <testcase time="0.195999999999998" classname="shinytest2_tm_t_ancova" name="e2e_tm_t_ancova_Selecting_aval_var_changes_the_table_and_does_not_throw_validation_errors.">
      <skipped message="Reason: `shinytest2::AppDriver` can not be initialized as {chromote} can not be started ('test-shinytest2-tm_t_ancova.R:200:5')"/>
    </testcase>
    <testcase time="0.210000000000001" classname="shinytest2_tm_t_ancova" name="e2e_tm_t_ancova_Deselection_of_aval_var_throws_validation_error.">
      <skipped message="Reason: `shinytest2::AppDriver` can not be initialized as {chromote} can not be started ('test-shinytest2-tm_t_ancova.R:216:3')"/>
    </testcase>
    <testcase time="0.201999999999998" classname="shinytest2_tm_t_ancova" name="e2e_tm_t_ancova_Selecting_arm_var_changes_the_table_and_does_not_throw_validation_errors.">
      <skipped message="Reason: `shinytest2::AppDriver` can not be initialized as {chromote} can not be started ('test-shinytest2-tm_t_ancova.R:231:5')"/>
    </testcase>
    <testcase time="0.203000000000003" classname="shinytest2_tm_t_ancova" name="e2e_tm_t_ancova_Deselection_of_arm_var_throws_validation_error.">
      <skipped message="Reason: `shinytest2::AppDriver` can not be initialized as {chromote} can not be started ('test-shinytest2-tm_t_ancova.R:247:3')"/>
    </testcase>
    <testcase time="0.199999999999996" classname="shinytest2_tm_t_ancova" name="e2e_tm_t_ancova_Selecting_cov_var_changes_the_table_and_does_not_throw_validation_errors.">
      <skipped message="Reason: `shinytest2::AppDriver` can not be initialized as {chromote} can not be started ('test-shinytest2-tm_t_ancova.R:262:5')"/>
    </testcase>
    <testcase time="0.202000000000005" classname="shinytest2_tm_t_ancova" name="e2e_tm_t_ancova_Deselection_of_cov_var_changes_table_and_doesn_t_throw_validation_error.">
      <skipped message="Reason: `shinytest2::AppDriver` can not be initialized as {chromote} can not be started ('test-shinytest2-tm_t_ancova.R:280:5')"/>
    </testcase>
  </testsuite>
  <testsuite name="shinytest2-tm_t_binary_outcome" timestamp="2025-03-06T14:49:03Z" hostname="9ecb9d47dc4f" tests="10" skipped="10" failures="0" errors="0" time="1.447">
    <testcase time="0.150999999999996" classname="shinytest2_tm_t_binary_outcome" name="e2e_tm_t_binary_outcome_Module_initializes_in_teal_without_errors_and_produces_table_output.">
      <skipped message="Reason: `shinytest2::AppDriver` can not be initialized as {chromote} can not be started ('test-shinytest2-tm_t_binary_outcome.R:92:3')"/>
    </testcase>
    <testcase time="0.164000000000001" classname="shinytest2_tm_t_binary_outcome" name="e2e_tm_t_binary_outcome_Starts_with_specified_label_paramcd_responders_arm_var_buckets_u_diff_ci_u_diff_test_strata_var_s_diff_ci_prop_ci_method_conf_level_aval_var_compare_arms_combine_comp_arms_u_odds_ratio_show_rsp_cat.">
      <skipped message="Reason: `shinytest2::AppDriver` can not be initialized as {chromote} can not be started ('test-shinytest2-tm_t_binary_outcome.R:107:5')"/>
    </testcase>
    <testcase time="0.134" classname="shinytest2_tm_t_binary_outcome" name="e2e_tm_t_binary_outcome_Selecting_paramcd_changes_the_table_and_does_not_throw_validation_errors.">
      <skipped message="Reason: `shinytest2::AppDriver` can not be initialized as {chromote} can not be started ('test-shinytest2-tm_t_binary_outcome.R:172:5')"/>
    </testcase>
    <testcase time="0.146000000000001" classname="shinytest2_tm_t_binary_outcome" name="e2e_tm_t_binary_outcome_Deselection_of_paramcd_throws_validation_error.">
      <skipped message="Reason: `shinytest2::AppDriver` can not be initialized as {chromote} can not be started ('test-shinytest2-tm_t_binary_outcome.R:188:3')"/>
    </testcase>
    <testcase time="0.144999999999996" classname="shinytest2_tm_t_binary_outcome" name="e2e_tm_t_binary_outcome_Selecting_responders_changes_the_table_and_does_not_throw_validation_errors.">
      <skipped message="Reason: `shinytest2::AppDriver` can not be initialized as {chromote} can not be started ('test-shinytest2-tm_t_binary_outcome.R:205:5')"/>
    </testcase>
    <testcase time="0.134" classname="shinytest2_tm_t_binary_outcome" name="e2e_tm_t_binary_outcome_Deselection_of_responders_throws_validation_error.">
      <skipped message="Reason: `shinytest2::AppDriver` can not be initialized as {chromote} can not be started ('test-shinytest2-tm_t_binary_outcome.R:221:3')"/>
    </testcase>
    <testcase time="0.146000000000001" classname="shinytest2_tm_t_binary_outcome" name="e2e_tm_t_binary_outcome_Selecting_arm_var_changes_the_table_and_does_not_throw_validation_errors.">
      <skipped message="Reason: `shinytest2::AppDriver` can not be initialized as {chromote} can not be started ('test-shinytest2-tm_t_binary_outcome.R:236:5')"/>
    </testcase>
    <testcase time="0.145000000000003" classname="shinytest2_tm_t_binary_outcome" name="e2e_tm_t_binary_outcome_Deselection_of_arm_var_throws_validation_error.">
      <skipped message="Reason: `shinytest2::AppDriver` can not be initialized as {chromote} can not be started ('test-shinytest2-tm_t_binary_outcome.R:252:3')"/>
    </testcase>
    <testcase time="0.134999999999998" classname="shinytest2_tm_t_binary_outcome" name="e2e_tm_t_binary_outcome_Selecting_strata_var_changes_the_table_and_does_not_throw_validation_errors.">
      <skipped message="Reason: `shinytest2::AppDriver` can not be initialized as {chromote} can not be started ('test-shinytest2-tm_t_binary_outcome.R:267:5')"/>
    </testcase>
    <testcase time="0.146999999999998" classname="shinytest2_tm_t_binary_outcome" name="e2e_tm_t_binary_outcome_Deselection_of_strata_var_changes_the_table_and_does_not_throw_validation_errors.">
      <skipped message="Reason: `shinytest2::AppDriver` can not be initialized as {chromote} can not be started ('test-shinytest2-tm_t_binary_outcome.R:286:5')"/>
    </testcase>
  </testsuite>
  <testsuite name="shinytest2-tm_t_coxreg" timestamp="2025-03-06T14:49:04Z" hostname="9ecb9d47dc4f" tests="10" skipped="10" failures="0" errors="0" time="1.171">
    <testcase time="0.115000000000002" classname="shinytest2_tm_t_coxreg" name="e2e_tm_t_coxreg_Module_initializes_in_teal_without_errors_and_produces_table_output.">
      <skipped message="Reason: `shinytest2::AppDriver` can not be initialized as {chromote} can not be started ('test-shinytest2-tm_t_coxreg.R:61:3')"/>
    </testcase>
    <testcase time="0.133000000000003" classname="shinytest2_tm_t_coxreg" name="e2e_tm_t_coxreg_Starts_with_specified_label_type_paramcd_arm_var_buckets_cov_var_strata_var_pval_method_ties_conf_level_combine_comp_arms.">
      <skipped message="Reason: `shinytest2::AppDriver` can not be initialized as {chromote} can not be started ('test-shinytest2-tm_t_coxreg.R:75:5')"/>
    </testcase>
    <testcase time="0.108999999999995" classname="shinytest2_tm_t_coxreg" name="e2e_tm_t_coxreg_Selecting_paramcd_changes_the_table_and_does_not_throw_validation_errors.">
      <skipped message="Reason: `shinytest2::AppDriver` can not be initialized as {chromote} can not be started ('test-shinytest2-tm_t_coxreg.R:128:5')"/>
    </testcase>
    <testcase time="0.122" classname="shinytest2_tm_t_coxreg" name="e2e_tm_t_coxreg_Deselection_of_paramcd_throws_validation_error.">
      <skipped message="Reason: `shinytest2::AppDriver` can not be initialized as {chromote} can not be started ('test-shinytest2-tm_t_coxreg.R:144:3')"/>
    </testcase>
    <testcase time="0.109000000000002" classname="shinytest2_tm_t_coxreg" name="e2e_tm_t_coxreg_Selecting_arm_var_changes_the_table_and_does_not_throw_validation_errors.">
      <skipped message="Reason: `shinytest2::AppDriver` can not be initialized as {chromote} can not be started ('test-shinytest2-tm_t_coxreg.R:161:5')"/>
    </testcase>
    <testcase time="0.122999999999998" classname="shinytest2_tm_t_coxreg" name="e2e_tm_t_coxreg_Deselection_of_arm_var_throws_validation_error.">
      <skipped message="Reason: `shinytest2::AppDriver` can not be initialized as {chromote} can not be started ('test-shinytest2-tm_t_coxreg.R:177:3')"/>
    </testcase>
    <testcase time="0.108000000000004" classname="shinytest2_tm_t_coxreg" name="e2e_tm_t_coxreg_Selecting_cov_var_changes_the_table_and_does_not_throw_validation_errors.">
      <skipped message="Reason: `shinytest2::AppDriver` can not be initialized as {chromote} can not be started ('test-shinytest2-tm_t_coxreg.R:192:5')"/>
    </testcase>
    <testcase time="0.121000000000002" classname="shinytest2_tm_t_coxreg" name="e2e_tm_t_coxreg_Deselection_of_cov_var_changes_the_table_and_does_not_throw_validation_errors.">
      <skipped message="Reason: `shinytest2::AppDriver` can not be initialized as {chromote} can not be started ('test-shinytest2-tm_t_coxreg.R:210:5')"/>
    </testcase>
    <testcase time="0.108999999999995" classname="shinytest2_tm_t_coxreg" name="e2e_tm_t_coxreg_Selecting_strata_var_changes_the_table_and_does_not_throw_validation_errors.">
      <skipped message="Reason: `shinytest2::AppDriver` can not be initialized as {chromote} can not be started ('test-shinytest2-tm_t_coxreg.R:228:5')"/>
    </testcase>
    <testcase time="0.122" classname="shinytest2_tm_t_coxreg" name="e2e_tm_t_coxreg_Deselection_of_strata_var_changes_the_table_and_does_not_throw_validation_errors.">
      <skipped message="Reason: `shinytest2::AppDriver` can not be initialized as {chromote} can not be started ('test-shinytest2-tm_t_coxreg.R:246:5')"/>
    </testcase>
  </testsuite>
  <testsuite name="shinytest2-tm_t_events" timestamp="2025-03-06T14:49:06Z" hostname="9ecb9d47dc4f" tests="8" skipped="8" failures="0" errors="0" time="0.78">
    <testcase time="0.0949999999999989" classname="shinytest2_tm_t_events" name="e2e_tm_t_events_Module_initializes_in_teal_without_errors_and_produces_table_output.">
      <skipped message="Reason: `shinytest2::AppDriver` can not be initialized as {chromote} can not be started ('test-shinytest2-tm_t_events.R:43:3')"/>
    </testcase>
    <testcase time="0.111000000000004" classname="shinytest2_tm_t_events" name="e2e_tm_t_events_Starts_with_specified_label_arm_var_hlt_llt_sort_criteria_prune_freq_prune_diff_add_total_drop_arm_levels.">
      <skipped message="Reason: `shinytest2::AppDriver` can not be initialized as {chromote} can not be started ('test-shinytest2-tm_t_events.R:57:5')"/>
    </testcase>
    <testcase time="0.0919999999999987" classname="shinytest2_tm_t_events" name="e2e_tm_t_events_Selecting_arm_var_changes_the_table_and_does_not_throw_validation_errors.">
      <skipped message="Reason: `shinytest2::AppDriver` can not be initialized as {chromote} can not be started ('test-shinytest2-tm_t_events.R:97:5')"/>
    </testcase>
    <testcase time="0.0910000000000011" classname="shinytest2_tm_t_events" name="e2e_tm_t_events_Deselection_of_arm_var_throws_validation_error.">
      <skipped message="Reason: `shinytest2::AppDriver` can not be initialized as {chromote} can not be started ('test-shinytest2-tm_t_events.R:113:3')"/>
    </testcase>
    <testcase time="0.103999999999999" classname="shinytest2_tm_t_events" name="e2e_tm_t_events_Selecting_hlt_changes_the_table_and_does_not_throw_validation_errors.">
      <skipped message="Reason: `shinytest2::AppDriver` can not be initialized as {chromote} can not be started ('test-shinytest2-tm_t_events.R:128:5')"/>
    </testcase>
    <testcase time="0.0910000000000011" classname="shinytest2_tm_t_events" name="e2e_tm_t_events_Deselection_of_hlt_changes_the_table_and_does_not_throw_validation_errors.">
      <skipped message="Reason: `shinytest2::AppDriver` can not be initialized as {chromote} can not be started ('test-shinytest2-tm_t_events.R:146:5')"/>
    </testcase>
    <testcase time="0.101999999999997" classname="shinytest2_tm_t_events" name="e2e_tm_t_events_Selecting_llt_changes_the_table_and_does_not_throw_validation_errors.">
      <skipped message="Reason: `shinytest2::AppDriver` can not be initialized as {chromote} can not be started ('test-shinytest2-tm_t_events.R:164:5')"/>
    </testcase>
    <testcase time="0.0940000000000012" classname="shinytest2_tm_t_events" name="e2e_tm_t_events_Deselection_of_llt_changes_the_table_and_does_not_throw_validation_errors.">
      <skipped message="Reason: `shinytest2::AppDriver` can not be initialized as {chromote} can not be started ('test-shinytest2-tm_t_events.R:182:5')"/>
    </testcase>
  </testsuite>
  <testsuite name="shinytest2-tm_t_events_by_grade" timestamp="2025-03-06T14:49:06Z" hostname="9ecb9d47dc4f" tests="10" skipped="10" failures="0" errors="0" time="1.56">
    <testcase time="0.158000000000001" classname="shinytest2_tm_t_events_by_grade" name="e2e_tm_t_events_by_grade_Module_initializes_in_teal_without_errors_and_produces_table_output.">
      <skipped message="Reason: `shinytest2::AppDriver` can not be initialized as {chromote} can not be started ('test-shinytest2-tm_t_events_by_grade.R:55:5')"/>
    </testcase>
    <testcase time="0.155999999999999" classname="shinytest2_tm_t_events_by_grade" name="e2e_tm_t_events_by_grade_Starts_with_specified_label_arm_var_hlt_llt_grade_prune_freq_prune_diff_add_total_col_by_grade_drop_arm_levels.">
      <skipped message="Reason: `shinytest2::AppDriver` can not be initialized as {chromote} can not be started ('test-shinytest2-tm_t_events_by_grade.R:70:5')"/>
    </testcase>
    <testcase time="0.172000000000004" classname="shinytest2_tm_t_events_by_grade" name="e2e_tm_t_events_by_grade_Selecting_arm_var_changes_the_table_and_does_not_throw_validation_errors.">
      <skipped message="Reason: `shinytest2::AppDriver` can not be initialized as {chromote} can not be started ('test-shinytest2-tm_t_events_by_grade.R:110:5')"/>
    </testcase>
    <testcase time="0.156999999999996" classname="shinytest2_tm_t_events_by_grade" name="e2e_tm_t_events_by_grade_Deselection_of_arm_var_throws_validation_error.">
      <skipped message="Reason: `shinytest2::AppDriver` can not be initialized as {chromote} can not be started ('test-shinytest2-tm_t_events_by_grade.R:126:3')"/>
    </testcase>
    <testcase time="0.148000000000003" classname="shinytest2_tm_t_events_by_grade" name="e2e_tm_t_events_by_grade_Selecting_hlt_changes_the_table_and_does_not_throw_validation_errors.">
      <skipped message="Reason: `shinytest2::AppDriver` can not be initialized as {chromote} can not be started ('test-shinytest2-tm_t_events_by_grade.R:141:5')"/>
    </testcase>
    <testcase time="0.157999999999994" classname="shinytest2_tm_t_events_by_grade" name="e2e_tm_t_events_by_grade_Deselection_of_hlt_changes_the_table_and_does_not_throw_validation_errors.">
      <skipped message="Reason: `shinytest2::AppDriver` can not be initialized as {chromote} can not be started ('test-shinytest2-tm_t_events_by_grade.R:159:5')"/>
    </testcase>
    <testcase time="0.156000000000006" classname="shinytest2_tm_t_events_by_grade" name="e2e_tm_t_events_by_grade_Selecting_llt_changes_the_table_and_does_not_throw_validation_errors.">
      <skipped message="Reason: `shinytest2::AppDriver` can not be initialized as {chromote} can not be started ('test-shinytest2-tm_t_events_by_grade.R:177:5')"/>
    </testcase>
    <testcase time="0.143999999999998" classname="shinytest2_tm_t_events_by_grade" name="e2e_tm_t_events_by_grade_Deselection_of_llt_changes_the_table_and_does_not_throw_validation_errors.">
      <skipped message="Reason: `shinytest2::AppDriver` can not be initialized as {chromote} can not be started ('test-shinytest2-tm_t_events_by_grade.R:195:5')"/>
    </testcase>
    <testcase time="0.156999999999996" classname="shinytest2_tm_t_events_by_grade" name="e2e_tm_t_events_by_grade_Selecting_grade_changes_the_table_and_does_not_throw_validation_errors.">
      <skipped message="Reason: `shinytest2::AppDriver` can not be initialized as {chromote} can not be started ('test-shinytest2-tm_t_events_by_grade.R:213:5')"/>
    </testcase>
    <testcase time="0.154000000000003" classname="shinytest2_tm_t_events_by_grade" name="e2e_tm_t_events_by_grade_Deselection_of_grade_throws_validation_error.">
      <skipped message="Reason: `shinytest2::AppDriver` can not be initialized as {chromote} can not be started ('test-shinytest2-tm_t_events_by_grade.R:229:3')"/>
    </testcase>
  </testsuite>
  <testsuite name="shinytest2-tm_t_events_patyear" timestamp="2025-03-06T14:49:08Z" hostname="9ecb9d47dc4f" tests="7" skipped="7" failures="0" errors="0" time="0.955">
    <testcase time="0.131999999999998" classname="shinytest2_tm_t_events_patyear" name="e2e_tm_t_events_patyear_Module_initializes_in_teal_without_errors_and_produces_table_output.">
      <skipped message="Reason: `shinytest2::AppDriver` can not be initialized as {chromote} can not be started ('test-shinytest2-tm_t_events_patyear.R:57:3')"/>
    </testcase>
    <testcase time="0.152999999999999" classname="shinytest2_tm_t_events_patyear" name="e2e_tm_t_events_patyear_Starts_with_specified_label_arm_var_paramcd_conf_level_conf_method_num_pt_year_input_time_unit_add_total_drop_arm_levels.">
      <skipped message="Reason: `shinytest2::AppDriver` can not be initialized as {chromote} can not be started ('test-shinytest2-tm_t_events_patyear.R:71:5')"/>
    </testcase>
    <testcase time="0.131999999999998" classname="shinytest2_tm_t_events_patyear" name="e2e_tm_t_events_patyear_Selecting_paramcd_changes_the_table_and_does_not_throw_validation_errors.">
      <skipped message="Reason: `shinytest2::AppDriver` can not be initialized as {chromote} can not be started ('test-shinytest2-tm_t_events_patyear.R:110:5')"/>
    </testcase>
    <testcase time="0.131999999999998" classname="shinytest2_tm_t_events_patyear" name="e2e_tm_t_events_patyear_Deselection_of_paramcd_throws_validation_error.">
      <skipped message="Reason: `shinytest2::AppDriver` can not be initialized as {chromote} can not be started ('test-shinytest2-tm_t_events_patyear.R:126:3')"/>
    </testcase>
    <testcase time="0.137999999999998" classname="shinytest2_tm_t_events_patyear" name="e2e_tm_t_events_patyear_Selecting_arm_var_changes_the_table_and_does_not_throw_validation_errors.">
      <skipped message="Reason: `shinytest2::AppDriver` can not be initialized as {chromote} can not be started ('test-shinytest2-tm_t_events_patyear.R:146:5')"/>
    </testcase>
    <testcase time="0.128" classname="shinytest2_tm_t_events_patyear" name="e2e_tm_t_events_patyear_Deselection_of_arm_var_throws_validation_error.">
      <skipped message="Reason: `shinytest2::AppDriver` can not be initialized as {chromote} can not be started ('test-shinytest2-tm_t_events_patyear.R:162:3')"/>
    </testcase>
    <testcase time="0.140000000000001" classname="shinytest2_tm_t_events_patyear" name="e2e_tm_t_events_patyear_Selecting_2_variables_as_arm_var_changes_the_table_and_does_not_throw_validation_errors.">
      <skipped message="Reason: `shinytest2::AppDriver` can not be initialized as {chromote} can not be started ('test-shinytest2-tm_t_events_patyear.R:180:5')"/>
    </testcase>
  </testsuite>
  <testsuite name="shinytest2-tm_t_events_summary" timestamp="2025-03-06T14:49:09Z" hostname="9ecb9d47dc4f" tests="8" skipped="8" failures="0" errors="0" time="2.142">
    <testcase time="0.262" classname="shinytest2_tm_t_events_summary" name="e2e_tm_t_events_summary_Module_initializes_in_teal_without_errors_and_produces_table_output.">
      <skipped message="Reason: `shinytest2::AppDriver` can not be initialized as {chromote} can not be started ('test-shinytest2-tm_t_events_summary.R:96:3')"/>
    </testcase>
    <testcase time="0.297000000000004" classname="shinytest2_tm_t_events_summary" name="e2e_tm_t_events_summary_Starts_with_specified_label_arm_var_flag_var_anl_flag_var_aesi_add_total_count_subj_count_pt_count_events.">
      <skipped message="Reason: `shinytest2::AppDriver` can not be initialized as {chromote} can not be started ('test-shinytest2-tm_t_events_summary.R:110:5')"/>
    </testcase>
    <testcase time="0.259" classname="shinytest2_tm_t_events_summary" name="e2e_tm_t_events_summary_Selecting_arm_var_changes_the_table_and_does_not_throw_validation_errors.">
      <skipped message="Reason: `shinytest2::AppDriver` can not be initialized as {chromote} can not be started ('test-shinytest2-tm_t_events_summary.R:139:5')"/>
    </testcase>
    <testcase time="0.257999999999996" classname="shinytest2_tm_t_events_summary" name="e2e_tm_t_events_summary_Deselection_of_arm_var_throws_validation_error.">
      <skipped message="Reason: `shinytest2::AppDriver` can not be initialized as {chromote} can not be started ('test-shinytest2-tm_t_events_summary.R:155:3')"/>
    </testcase>
    <testcase time="0.276000000000003" classname="shinytest2_tm_t_events_summary" name="e2e_tm_t_events_summary_Selecting_flag_var_anl_changes_the_table_and_does_not_throw_validation_errors.">
      <skipped message="Reason: `shinytest2::AppDriver` can not be initialized as {chromote} can not be started ('test-shinytest2-tm_t_events_summary.R:170:5')"/>
    </testcase>
    <testcase time="0.258000000000003" classname="shinytest2_tm_t_events_summary" name="e2e_tm_t_events_summary_Deselection_of_flag_var_anl_changes_the_table_and_does_not_throw_validation_errors.">
      <skipped message="Reason: `shinytest2::AppDriver` can not be initialized as {chromote} can not be started ('test-shinytest2-tm_t_events_summary.R:189:5')"/>
    </testcase>
    <testcase time="0.271999999999998" classname="shinytest2_tm_t_events_summary" name="e2e_tm_t_events_summary_Selecting_flag_var_aesi_changes_the_table_and_does_not_throw_validation_errors.">
      <skipped message="Reason: `shinytest2::AppDriver` can not be initialized as {chromote} can not be started ('test-shinytest2-tm_t_events_summary.R:208:5')"/>
    </testcase>
    <testcase time="0.259999999999998" classname="shinytest2_tm_t_events_summary" name="e2e_tm_t_events_summary_Deselection_of_flag_var_aesi_changes_the_table_and_does_not_throw_validation_errors.">
      <skipped message="Reason: `shinytest2::AppDriver` can not be initialized as {chromote} can not be started ('test-shinytest2-tm_t_events_summary.R:227:5')"/>
    </testcase>
  </testsuite>
  <testsuite name="shinytest2-tm_t_exposure" timestamp="2025-03-06T14:49:11Z" hostname="9ecb9d47dc4f" tests="10" skipped="10" failures="0" errors="0" time="3.012">
    <testcase time="0.303000000000004" classname="shinytest2_tm_t_exposure" name="e2e_tm_t_exposure_Module_initializes_in_teal_without_errors_and_produces_table_output.">
      <skipped message="Reason: `shinytest2::AppDriver` can not be initialized as {chromote} can not be started ('test-shinytest2-tm_t_exposure.R:73:3')"/>
    </testcase>
    <testcase time="0.306999999999995" classname="shinytest2_tm_t_exposure" name="e2e_tm_t_exposure_Starts_with_specified_label_paramcd_parcat_col_by_var_row_by_var_add_total_row_add_total">
      <skipped message="Reason: `shinytest2::AppDriver` can not be initialized as {chromote} can not be started ('test-shinytest2-tm_t_exposure.R:87:5')"/>
    </testcase>
    <testcase time="0.292999999999999" classname="shinytest2_tm_t_exposure" name="e2e_tm_t_exposure_Selecting_paramcd_changes_the_table_and_does_not_throw_validation_errors.">
      <skipped message="Reason: `shinytest2::AppDriver` can not be initialized as {chromote} can not be started ('test-shinytest2-tm_t_exposure.R:118:5')"/>
    </testcase>
    <testcase time="0.279000000000003" classname="shinytest2_tm_t_exposure" name="e2e_tm_t_exposure_Deselection_of_paramcd_throws_validation_error.">
      <skipped message="Reason: `shinytest2::AppDriver` can not be initialized as {chromote} can not be started ('test-shinytest2-tm_t_exposure.R:134:3')"/>
    </testcase>
    <testcase time="0.293999999999997" classname="shinytest2_tm_t_exposure" name="e2e_tm_t_exposure_Selecting_parcat_changes_the_table_and_does_not_throw_validation_errors.">
      <skipped message="Reason: `shinytest2::AppDriver` can not be initialized as {chromote} can not be started ('test-shinytest2-tm_t_exposure.R:151:5')"/>
    </testcase>
    <testcase time="0.495000000000005" classname="shinytest2_tm_t_exposure" name="e2e_tm_t_exposure_Deselection_of_parcat_throws_validation_error.">
      <skipped message="Reason: `shinytest2::AppDriver` can not be initialized as {chromote} can not be started ('test-shinytest2-tm_t_exposure.R:167:3')"/>
    </testcase>
    <testcase time="0.262" classname="shinytest2_tm_t_exposure" name="e2e_tm_t_exposure_Selecting_col_by_var_changes_the_table_and_does_not_throw_validation_errors.">
      <skipped message="Reason: `shinytest2::AppDriver` can not be initialized as {chromote} can not be started ('test-shinytest2-tm_t_exposure.R:184:5')"/>
    </testcase>
    <testcase time="0.259" classname="shinytest2_tm_t_exposure" name="e2e_tm_t_exposure_Deselection_of_col_by_var_changes_the_table_and_does_not_throw_validation_errors.">
      <skipped message="Reason: `shinytest2::AppDriver` can not be initialized as {chromote} can not be started ('test-shinytest2-tm_t_exposure.R:202:5')"/>
    </testcase>
    <testcase time="0.262" classname="shinytest2_tm_t_exposure" name="e2e_tm_t_exposure_Selecting_row_by_var_changes_the_table_and_does_not_throw_validation_errors.">
      <skipped message="Reason: `shinytest2::AppDriver` can not be initialized as {chromote} can not be started ('test-shinytest2-tm_t_exposure.R:220:5')"/>
    </testcase>
    <testcase time="0.257999999999996" classname="shinytest2_tm_t_exposure" name="e2e_tm_t_exposure_Deselection_of_row_by_var_throws_validation_error.">
      <skipped message="Reason: `shinytest2::AppDriver` can not be initialized as {chromote} can not be started ('test-shinytest2-tm_t_exposure.R:236:3')"/>
    </testcase>
  </testsuite>
  <testsuite name="shinytest2-tm_t_logistic" timestamp="2025-03-06T14:49:14Z" hostname="9ecb9d47dc4f" tests="8" skipped="8" failures="0" errors="0" time="0.927">
    <testcase time="0.121000000000002" classname="shinytest2_tm_t_logistic" name="e2e_tm_t_logistic_Module_initializes_in_teal_without_errors_and_produces_table_output.">
      <skipped message="Reason: `shinytest2::AppDriver` can not be initialized as {chromote} can not be started ('test-shinytest2-tm_t_logistic.R:55:3')"/>
    </testcase>
    <testcase time="0.122" classname="shinytest2_tm_t_logistic" name="e2e_tm_t_logistic_Starts_with_specified_label_paramcd_responders_arm_var_buckets_cov_var_interaction_var_conf_level_combine_comp_arms.">
      <skipped message="Reason: `shinytest2::AppDriver` can not be initialized as {chromote} can not be started ('test-shinytest2-tm_t_logistic.R:69:5')"/>
    </testcase>
    <testcase time="0.116" classname="shinytest2_tm_t_logistic" name="e2e_tm_t_logistic_Selecting_paramcd_changes_the_table_and_does_not_throw_validation_errors.">
      <skipped message="Reason: `shinytest2::AppDriver` can not be initialized as {chromote} can not be started ('test-shinytest2-tm_t_logistic.R:111:5')"/>
    </testcase>
    <testcase time="0.112000000000002" classname="shinytest2_tm_t_logistic" name="e2e_tm_t_logistic_Deselection_of_paramcd_throws_validation_error.">
      <skipped message="Reason: `shinytest2::AppDriver` can not be initialized as {chromote} can not be started ('test-shinytest2-tm_t_logistic.R:127:3')"/>
    </testcase>
    <testcase time="0.116" classname="shinytest2_tm_t_logistic" name="e2e_tm_t_logistic_Selecting_arm_var_changes_the_table_and_does_not_throw_validation_errors.">
      <skipped message="Reason: `shinytest2::AppDriver` can not be initialized as {chromote} can not be started ('test-shinytest2-tm_t_logistic.R:144:5')"/>
    </testcase>
    <testcase time="0.111999999999995" classname="shinytest2_tm_t_logistic" name="e2e_tm_t_logistic_Deselection_of_arm_var_throws_validation_error.">
      <skipped message="Reason: `shinytest2::AppDriver` can not be initialized as {chromote} can not be started ('test-shinytest2-tm_t_logistic.R:160:3')"/>
    </testcase>
    <testcase time="0.116000000000007" classname="shinytest2_tm_t_logistic" name="e2e_tm_t_logistic_Selecting_cov_var_changes_the_table_and_does_not_throw_validation_errors.">
      <skipped message="Reason: `shinytest2::AppDriver` can not be initialized as {chromote} can not be started ('test-shinytest2-tm_t_logistic.R:175:5')"/>
    </testcase>
    <testcase time="0.111999999999995" classname="shinytest2_tm_t_logistic" name="e2e_tm_t_logistic_Deselection_of_cov_var_throws_validation_error.">
      <skipped message="Reason: `shinytest2::AppDriver` can not be initialized as {chromote} can not be started ('test-shinytest2-tm_t_logistic.R:191:3')"/>
    </testcase>
  </testsuite>
  <testsuite name="shinytest2-tm_t_mult_events" timestamp="2025-03-06T14:49:15Z" hostname="9ecb9d47dc4f" tests="7" skipped="7" failures="0" errors="0" time="0.673">
    <testcase time="0.103000000000002" classname="shinytest2_tm_t_mult_events" name="e2e_tm_t_mult_events_Module_initializes_in_teal_without_errors_and_produces_table_output.">
      <skipped message="Reason: `shinytest2::AppDriver` can not be initialized as {chromote} can not be started ('test-shinytest2-tm_t_mult_events.R:42:3')"/>
    </testcase>
    <testcase time="0.100999999999999" classname="shinytest2_tm_t_mult_events" name="e2e_tm_t_mult_events_Starts_with_specified_label_arm_var_hlt_llt_add_total_drop_arm_levels.">
      <skipped message="Reason: `shinytest2::AppDriver` can not be initialized as {chromote} can not be started ('test-shinytest2-tm_t_mult_events.R:55:5')"/>
    </testcase>
    <testcase time="0.0930000000000035" classname="shinytest2_tm_t_mult_events" name="e2e_tm_t_mult_events_Selecting_arm_var_changes_the_table_and_does_not_throw_validation_errors.">
      <skipped message="Reason: `shinytest2::AppDriver` can not be initialized as {chromote} can not be started ('test-shinytest2-tm_t_mult_events.R:82:5')"/>
    </testcase>
    <testcase time="0.0959999999999965" classname="shinytest2_tm_t_mult_events" name="e2e_tm_t_mult_events_Deselection_of_arm_var_throws_validation_error.">
      <skipped message="Reason: `shinytest2::AppDriver` can not be initialized as {chromote} can not be started ('test-shinytest2-tm_t_mult_events.R:98:3')"/>
    </testcase>
    <testcase time="0.0919999999999987" classname="shinytest2_tm_t_mult_events" name="e2e_tm_t_mult_events_Selecting_hlt_changes_the_table_and_does_not_throw_validation_errors.">
      <skipped message="Reason: `shinytest2::AppDriver` can not be initialized as {chromote} can not be started ('test-shinytest2-tm_t_mult_events.R:113:5')"/>
    </testcase>
    <testcase time="0.0970000000000013" classname="shinytest2_tm_t_mult_events" name="e2e_tm_t_mult_events_Deselection_of_hlt_changes_the_table_and_does_not_throw_validation_errors.">
      <skipped message="Reason: `shinytest2::AppDriver` can not be initialized as {chromote} can not be started ('test-shinytest2-tm_t_mult_events.R:131:5')"/>
    </testcase>
    <testcase time="0.0910000000000011" classname="shinytest2_tm_t_mult_events" name="e2e_tm_t_mult_events_Deselection_of_llt_throws_validation_error.">
      <skipped message="Reason: `shinytest2::AppDriver` can not be initialized as {chromote} can not be started ('test-shinytest2-tm_t_mult_events.R:147:3')"/>
    </testcase>
  </testsuite>
  <testsuite name="shinytest2-tm_t_pp_basic_info" timestamp="2025-03-06T14:49:16Z" hostname="9ecb9d47dc4f" tests="6" skipped="6" failures="0" errors="0" time="0.497">
    <testcase time="0.0810000000000031" classname="shinytest2_tm_t_pp_basic_info" name="e2e_tm_t_pp_basic_info_Module_initializes_in_teal_without_errors_and_produces_table_output.">
      <skipped message="Reason: `shinytest2::AppDriver` can not be initialized as {chromote} can not be started ('test-shinytest2-tm_t_pp_basic_info.R:26:3')"/>
    </testcase>
    <testcase time="0.0919999999999987" classname="shinytest2_tm_t_pp_basic_info" name="e2e_tm_t_pp_basic_info_Starts_with_specified_label_patient_id_vars.">
      <skipped message="Reason: `shinytest2::AppDriver` can not be initialized as {chromote} can not be started ('test-shinytest2-tm_t_pp_basic_info.R:37:3')"/>
    </testcase>
    <testcase time="0.0789999999999935" classname="shinytest2_tm_t_pp_basic_info" name="e2e_tm_t_pp_basic_info_Selecting_patient_id_changes_the_table_and_does_not_throw_validation_errors.">
      <skipped message="Reason: `shinytest2::AppDriver` can not be initialized as {chromote} can not be started ('test-shinytest2-tm_t_pp_basic_info.R:57:5')"/>
    </testcase>
    <testcase time="0.0790000000000077" classname="shinytest2_tm_t_pp_basic_info" name="e2e_tm_t_pp_basic_info_Deselection_of_patient_id_throws_validation_error_and_table_is_not_visible.">
      <skipped message="Reason: `shinytest2::AppDriver` can not be initialized as {chromote} can not be started ('test-shinytest2-tm_t_pp_basic_info.R:75:5')"/>
    </testcase>
    <testcase time="0.0849999999999937" classname="shinytest2_tm_t_pp_basic_info" name="e2e_tm_t_pp_basic_info_Selecting_cov_var_changes_the_table_and_does_not_throw_validation_errors.">
      <skipped message="Reason: `shinytest2::AppDriver` can not be initialized as {chromote} can not be started ('test-shinytest2-tm_t_pp_basic_info.R:96:5')"/>
    </testcase>
    <testcase time="0.0810000000000031" classname="shinytest2_tm_t_pp_basic_info" name="e2e_tm_t_pp_basic_info_Deselection_of_cov_var_throws_validation_error.">
      <skipped message="Reason: `shinytest2::AppDriver` can not be initialized as {chromote} can not be started ('test-shinytest2-tm_t_pp_basic_info.R:115:3')"/>
    </testcase>
  </testsuite>
  <testsuite name="shinytest2-tm_t_pp_laboratory" timestamp="2025-03-06T14:49:16Z" hostname="9ecb9d47dc4f" tests="16" skipped="16" failures="0" errors="0" time="1.777">
    <testcase time="0.105000000000004" classname="shinytest2_tm_t_pp_laboratory" name="e2e_tm_t_pp_laboratory_Module_initializes_in_teal_without_errors_and_produces_table_output.">
      <skipped message="Reason: `shinytest2::AppDriver` can not be initialized as {chromote} can not be started ('test-shinytest2-tm_t_pp_laboratory.R:48:3')"/>
    </testcase>
    <testcase time="0.126999999999995" classname="shinytest2_tm_t_pp_laboratory" name="e2e_tm_t_pp_laboratory_Starts_with_specified_label_patient_id_paramcd_param_timepoints_aval_var_avalu_var_anrind_round_value.">
      <skipped message="Reason: `shinytest2::AppDriver` can not be initialized as {chromote} can not be started ('test-shinytest2-tm_t_pp_laboratory.R:62:5')"/>
    </testcase>
    <testcase time="0.123000000000005" classname="shinytest2_tm_t_pp_laboratory" name="e2e_tm_t_pp_laboratory_Selecting_patient_id_changes_the_table_and_does_not_throw_validation_errors.">
      <skipped message="Reason: `shinytest2::AppDriver` can not be initialized as {chromote} can not be started ('test-shinytest2-tm_t_pp_laboratory.R:108:5')"/>
    </testcase>
    <testcase time="0.111999999999995" classname="shinytest2_tm_t_pp_laboratory" name="e2e_tm_t_pp_laboratory_Deselection_of_patient_id_throws_validation_error.">
      <skipped message="Reason: `shinytest2::AppDriver` can not be initialized as {chromote} can not be started ('test-shinytest2-tm_t_pp_laboratory.R:124:3')"/>
    </testcase>
    <testcase time="0.105000000000004" classname="shinytest2_tm_t_pp_laboratory" name="e2e_tm_t_pp_laboratory_Selecting_paramcd_changes_the_table_and_does_not_throw_validation_errors.">
      <skipped message="Reason: `shinytest2::AppDriver` can not be initialized as {chromote} can not be started ('test-shinytest2-tm_t_pp_laboratory.R:145:5')"/>
    </testcase>
    <testcase time="0.103999999999999" classname="shinytest2_tm_t_pp_laboratory" name="e2e_tm_t_pp_laboratory_Deselection_of_paramcd_throws_validation_error.">
      <skipped message="Reason: `shinytest2::AppDriver` can not be initialized as {chromote} can not be started ('test-shinytest2-tm_t_pp_laboratory.R:161:3')"/>
    </testcase>
    <testcase time="0.120000000000005" classname="shinytest2_tm_t_pp_laboratory" name="e2e_tm_t_pp_laboratory_Selecting_param_changes_the_table_and_does_not_throw_validation_errors.">
      <skipped message="Reason: `shinytest2::AppDriver` can not be initialized as {chromote} can not be started ('test-shinytest2-tm_t_pp_laboratory.R:182:5')"/>
    </testcase>
    <testcase time="0.0999999999999943" classname="shinytest2_tm_t_pp_laboratory" name="e2e_tm_t_pp_laboratory_Deselection_of_param_throws_validation_error.">
      <skipped message="Reason: `shinytest2::AppDriver` can not be initialized as {chromote} can not be started ('test-shinytest2-tm_t_pp_laboratory.R:200:5')"/>
    </testcase>
    <testcase time="0.113" classname="shinytest2_tm_t_pp_laboratory" name="e2e_tm_t_pp_laboratory_Selecting_timepoints_changes_the_table_and_does_not_throw_validation_errors.">
      <skipped message="Reason: `shinytest2::AppDriver` can not be initialized as {chromote} can not be started ('test-shinytest2-tm_t_pp_laboratory.R:222:5')"/>
    </testcase>
    <testcase time="0.102999999999994" classname="shinytest2_tm_t_pp_laboratory" name="e2e_tm_t_pp_laboratory_Deselection_of_timepoints_throws_validation_error.">
      <skipped message="Reason: `shinytest2::AppDriver` can not be initialized as {chromote} can not be started ('test-shinytest2-tm_t_pp_laboratory.R:238:3')"/>
    </testcase>
    <testcase time="0.112000000000009" classname="shinytest2_tm_t_pp_laboratory" name="e2e_tm_t_pp_laboratory_Selecting_avalu_changes_the_table_and_does_not_throw_validation_errors.">
      <skipped message="Reason: `shinytest2::AppDriver` can not be initialized as {chromote} can not be started ('test-shinytest2-tm_t_pp_laboratory.R:261:5')"/>
    </testcase>
    <testcase time="0.100999999999999" classname="shinytest2_tm_t_pp_laboratory" name="e2e_tm_t_pp_laboratory_Deselection_of_avalu_throws_validation_error.">
      <skipped message="Reason: `shinytest2::AppDriver` can not be initialized as {chromote} can not be started ('test-shinytest2-tm_t_pp_laboratory.R:277:3')"/>
    </testcase>
    <testcase time="0.113" classname="shinytest2_tm_t_pp_laboratory" name="e2e_tm_t_pp_laboratory_Selecting_aval_var_changes_the_table_and_does_not_throw_validation_errors.">
      <skipped message="Reason: `shinytest2::AppDriver` can not be initialized as {chromote} can not be started ('test-shinytest2-tm_t_pp_laboratory.R:300:5')"/>
    </testcase>
    <testcase time="0.120000000000005" classname="shinytest2_tm_t_pp_laboratory" name="e2e_tm_t_pp_laboratory_Deselection_of_aval_var_throws_validation_error.">
      <skipped message="Reason: `shinytest2::AppDriver` can not be initialized as {chromote} can not be started ('test-shinytest2-tm_t_pp_laboratory.R:316:3')"/>
    </testcase>
    <testcase time="0.10499999999999" classname="shinytest2_tm_t_pp_laboratory" name="e2e_tm_t_pp_laboratory_Selecting_arind_changes_the_table_and_does_not_throw_validation_errors.">
      <skipped message="Reason: `shinytest2::AppDriver` can not be initialized as {chromote} can not be started ('test-shinytest2-tm_t_pp_laboratory.R:337:5')"/>
    </testcase>
    <testcase time="0.114000000000004" classname="shinytest2_tm_t_pp_laboratory" name="e2e_tm_t_pp_laboratory_Deselection_of_arind_throws_validation_error.">
      <skipped message="Reason: `shinytest2::AppDriver` can not be initialized as {chromote} can not be started ('test-shinytest2-tm_t_pp_laboratory.R:353:3')"/>
    </testcase>
  </testsuite>
  <testsuite name="shinytest2-tm_t_pp_medical_history" timestamp="2025-03-06T14:49:18Z" hostname="9ecb9d47dc4f" tests="10" skipped="10" failures="0" errors="0" time="1">
    <testcase time="0.102000000000004" classname="shinytest2_tm_t_pp_medical_history" name="e2e_tm_t_pp_medical_history_Module_initializes_in_teal_without_errors_and_produces_table_output.">
      <skipped message="Reason: `shinytest2::AppDriver` can not be initialized as {chromote} can not be started ('test-shinytest2-tm_t_pp_medical_history.R:38:5')"/>
    </testcase>
    <testcase time="0.10499999999999" classname="shinytest2_tm_t_pp_medical_history" name="e2e_tm_t_pp_medical_history_Starts_with_specified_label_patient_id_mhterm_mhbodsys_mhdistat.">
      <skipped message="Reason: `shinytest2::AppDriver` can not be initialized as {chromote} can not be started ('test-shinytest2-tm_t_pp_medical_history.R:52:5')"/>
    </testcase>
    <testcase time="0.106999999999999" classname="shinytest2_tm_t_pp_medical_history" name="e2e_tm_t_pp_medical_history_Selecting_patient_id_changes_the_table_and_does_not_throw_validation_errors.">
      <skipped message="Reason: `shinytest2::AppDriver` can not be initialized as {chromote} can not be started ('test-shinytest2-tm_t_pp_medical_history.R:82:5')"/>
    </testcase>
    <testcase time="0.0950000000000131" classname="shinytest2_tm_t_pp_medical_history" name="e2e_tm_t_pp_medical_history_Deselection_of_patient_id_throws_validation_error.">
      <skipped message="Reason: `shinytest2::AppDriver` can not be initialized as {chromote} can not be started ('test-shinytest2-tm_t_pp_medical_history.R:98:3')"/>
    </testcase>
    <testcase time="0.097999999999999" classname="shinytest2_tm_t_pp_medical_history" name="e2e_tm_t_pp_medical_history_Selecting_mhterm_changes_the_table_and_does_not_throw_validation_errors.">
      <skipped message="Reason: `shinytest2::AppDriver` can not be initialized as {chromote} can not be started ('test-shinytest2-tm_t_pp_medical_history.R:113:5')"/>
    </testcase>
    <testcase time="0.0939999999999941" classname="shinytest2_tm_t_pp_medical_history" name="e2e_tm_t_pp_medical_history_Deselection_of_mhterm_throws_validation_error.">
      <skipped message="Reason: `shinytest2::AppDriver` can not be initialized as {chromote} can not be started ('test-shinytest2-tm_t_pp_medical_history.R:129:3')"/>
    </testcase>
    <testcase time="0.100999999999999" classname="shinytest2_tm_t_pp_medical_history" name="e2e_tm_t_pp_medical_history_Selecting_mhbodsys_changes_the_table_and_does_not_throw_validation_errors.">
      <skipped message="Reason: `shinytest2::AppDriver` can not be initialized as {chromote} can not be started ('test-shinytest2-tm_t_pp_medical_history.R:144:5')"/>
    </testcase>
    <testcase time="0.113" classname="shinytest2_tm_t_pp_medical_history" name="e2e_tm_t_pp_medical_history_Deselection_of_mhbodsys_throws_validation_error.">
      <skipped message="Reason: `shinytest2::AppDriver` can not be initialized as {chromote} can not be started ('test-shinytest2-tm_t_pp_medical_history.R:160:3')"/>
    </testcase>
    <testcase time="0.0880000000000081" classname="shinytest2_tm_t_pp_medical_history" name="e2e_tm_t_pp_medical_history_Selecting_mhbodsys_changes_the_table_and_does_not_throw_validation_errors.">
      <skipped message="Reason: `shinytest2::AppDriver` can not be initialized as {chromote} can not be started ('test-shinytest2-tm_t_pp_medical_history.R:175:5')"/>
    </testcase>
    <testcase time="0.0969999999999942" classname="shinytest2_tm_t_pp_medical_history" name="e2e_tm_t_pp_medical_history_Deselection_of_mhdistat_throws_validation_error.">
      <skipped message="Reason: `shinytest2::AppDriver` can not be initialized as {chromote} can not be started ('test-shinytest2-tm_t_pp_medical_history.R:191:3')"/>
    </testcase>
  </testsuite>
  <testsuite name="shinytest2-tm_t_pp_prior_medication" timestamp="2025-03-06T14:49:19Z" hostname="9ecb9d47dc4f" tests="12" skipped="12" failures="0" errors="0" time="1.542">
    <testcase time="0.132999999999996" classname="shinytest2_tm_t_pp_prior_medication" name="e2e_tm_t_pp_prior_medication_Module_initializes_in_teal_without_errors_and_produces_table_output.">
      <skipped message="Reason: `shinytest2::AppDriver` can not be initialized as {chromote} can not be started ('test-shinytest2-tm_t_pp_prior_medication.R:48:5')"/>
    </testcase>
    <testcase time="0.146000000000001" classname="shinytest2_tm_t_pp_prior_medication" name="e2e_tm_t_pp_prior_medication_Starts_with_specified_label_patient_id_cmdecod_atirel_cmindc_cmstdy.">
      <skipped message="Reason: `shinytest2::AppDriver` can not be initialized as {chromote} can not be started ('test-shinytest2-tm_t_pp_prior_medication.R:62:5')"/>
    </testcase>
    <testcase time="0.123000000000005" classname="shinytest2_tm_t_pp_prior_medication" name="e2e_tm_t_pp_prior_medication_Selecting_patient_id_changes_the_table_and_does_not_throw_validation_errors.">
      <skipped message="Reason: `shinytest2::AppDriver` can not be initialized as {chromote} can not be started ('test-shinytest2-tm_t_pp_prior_medication.R:95:5')"/>
    </testcase>
    <testcase time="0.135000000000005" classname="shinytest2_tm_t_pp_prior_medication" name="e2e_tm_t_pp_prior_medication_Deselection_of_patient_id_throws_validation_error.">
      <skipped message="Reason: `shinytest2::AppDriver` can not be initialized as {chromote} can not be started ('test-shinytest2-tm_t_pp_prior_medication.R:111:3')"/>
    </testcase>
    <testcase time="0.120999999999995" classname="shinytest2_tm_t_pp_prior_medication" name="e2e_tm_t_pp_prior_medication_Selecting_cmdecod_changes_the_table_and_does_not_throw_validation_errors.">
      <skipped message="Reason: `shinytest2::AppDriver` can not be initialized as {chromote} can not be started ('test-shinytest2-tm_t_pp_prior_medication.R:125:5')"/>
    </testcase>
    <testcase time="0.128" classname="shinytest2_tm_t_pp_prior_medication" name="e2e_tm_t_pp_prior_medication_Deselection_of_cmdecod_throws_validation_error.">
      <skipped message="Reason: `shinytest2::AppDriver` can not be initialized as {chromote} can not be started ('test-shinytest2-tm_t_pp_prior_medication.R:141:3')"/>
    </testcase>
    <testcase time="0.120999999999995" classname="shinytest2_tm_t_pp_prior_medication" name="e2e_tm_t_pp_prior_medication_Selecting_atirel_changes_the_table_and_does_not_throw_validation_errors.">
      <skipped message="Reason: `shinytest2::AppDriver` can not be initialized as {chromote} can not be started ('test-shinytest2-tm_t_pp_prior_medication.R:155:5')"/>
    </testcase>
    <testcase time="0.129999999999995" classname="shinytest2_tm_t_pp_prior_medication" name="e2e_tm_t_pp_prior_medication_Deselection_of_atirel_throws_validation_error.">
      <skipped message="Reason: `shinytest2::AppDriver` can not be initialized as {chromote} can not be started ('test-shinytest2-tm_t_pp_prior_medication.R:171:3')"/>
    </testcase>
    <testcase time="0.129000000000005" classname="shinytest2_tm_t_pp_prior_medication" name="e2e_tm_t_pp_prior_medication_Selecting_cmindc_changes_the_table_and_does_not_throw_validation_errors.">
      <skipped message="Reason: `shinytest2::AppDriver` can not be initialized as {chromote} can not be started ('test-shinytest2-tm_t_pp_prior_medication.R:185:5')"/>
    </testcase>
    <testcase time="0.125" classname="shinytest2_tm_t_pp_prior_medication" name="e2e_tm_t_pp_prior_medication_Deselection_of_cmindc_throws_validation_error.">
      <skipped message="Reason: `shinytest2::AppDriver` can not be initialized as {chromote} can not be started ('test-shinytest2-tm_t_pp_prior_medication.R:201:3')"/>
    </testcase>
    <testcase time="0.129000000000005" classname="shinytest2_tm_t_pp_prior_medication" name="e2e_tm_t_pp_prior_medication_Selecting_cmstdy_changes_the_table_and_does_not_throw_validation_errors.">
      <skipped message="Reason: `shinytest2::AppDriver` can not be initialized as {chromote} can not be started ('test-shinytest2-tm_t_pp_prior_medication.R:215:5')"/>
    </testcase>
    <testcase time="0.122" classname="shinytest2_tm_t_pp_prior_medication" name="e2e_tm_t_pp_prior_medication_Deselection_of_cmstdy_throws_validation_error.">
      <skipped message="Reason: `shinytest2::AppDriver` can not be initialized as {chromote} can not be started ('test-shinytest2-tm_t_pp_prior_medication.R:231:3')"/>
    </testcase>
  </testsuite>
  <testsuite name="shinytest2-tm_t_shift_by_arm" timestamp="2025-03-06T14:49:21Z" hostname="9ecb9d47dc4f" tests="8" skipped="8" failures="0" errors="0" time="1.423">
    <testcase time="0.180999999999997" classname="shinytest2_tm_t_shift_by_arm" name="e2e_tm_t_shift_by_arm_Module_initializes_in_teal_without_errors_and_produces_table_output.">
      <skipped message="Reason: `shinytest2::AppDriver` can not be initialized as {chromote} can not be started ('test-shinytest2-tm_t_shift_by_arm.R:53:3')"/>
    </testcase>
    <testcase time="0.182999999999993" classname="shinytest2_tm_t_shift_by_arm" name="e2e_tm_t_shift_by_arm_Starts_with_specified_label_arm_varparamcd_visit_var_useNA_treatment_flag_var_add_total.">
      <skipped message="Reason: `shinytest2::AppDriver` can not be initialized as {chromote} can not be started ('test-shinytest2-tm_t_shift_by_arm.R:67:5')"/>
    </testcase>
    <testcase time="0.186000000000007" classname="shinytest2_tm_t_shift_by_arm" name="e2e_tm_t_shift_by_arm_Selecting_arm_var_changes_the_table_and_does_not_throw_validation_errors.">
      <skipped message="Reason: `shinytest2::AppDriver` can not be initialized as {chromote} can not be started ('test-shinytest2-tm_t_shift_by_arm.R:101:5')"/>
    </testcase>
    <testcase time="0.176000000000002" classname="shinytest2_tm_t_shift_by_arm" name="e2e_tm_t_shift_by_arm_Deselection_of_arm_var_throws_validation_error.">
      <skipped message="Reason: `shinytest2::AppDriver` can not be initialized as {chromote} can not be started ('test-shinytest2-tm_t_shift_by_arm.R:117:3')"/>
    </testcase>
    <testcase time="0.174999999999997" classname="shinytest2_tm_t_shift_by_arm" name="e2e_tm_t_shift_by_arm_Selecting_paramcd_changes_the_table_and_does_not_throw_validation_errors.">
      <skipped message="Reason: `shinytest2::AppDriver` can not be initialized as {chromote} can not be started ('test-shinytest2-tm_t_shift_by_arm.R:132:5')"/>
    </testcase>
    <testcase time="0.173999999999992" classname="shinytest2_tm_t_shift_by_arm" name="e2e_tm_t_shift_by_arm_Deselection_of_paramcd_throws_validation_error.">
      <skipped message="Reason: `shinytest2::AppDriver` can not be initialized as {chromote} can not be started ('test-shinytest2-tm_t_shift_by_arm.R:148:3')"/>
    </testcase>
    <testcase time="0.174000000000007" classname="shinytest2_tm_t_shift_by_arm" name="e2e_tm_t_shift_by_arm_Selecting_visit_var_changes_the_table_and_does_not_throw_validation_errors.">
      <skipped message="Reason: `shinytest2::AppDriver` can not be initialized as {chromote} can not be started ('test-shinytest2-tm_t_shift_by_arm.R:165:5')"/>
    </testcase>
    <testcase time="0.173999999999992" classname="shinytest2_tm_t_shift_by_arm" name="e2e_tm_t_shift_by_arm_Deselection_of_visit_var_throws_validation_error.">
      <skipped message="Reason: `shinytest2::AppDriver` can not be initialized as {chromote} can not be started ('test-shinytest2-tm_t_shift_by_arm.R:181:3')"/>
    </testcase>
  </testsuite>
  <testsuite name="shinytest2-tm_t_shift_by_arm_by_worst" timestamp="2025-03-06T14:49:22Z" hostname="9ecb9d47dc4f" tests="12" skipped="12" failures="0" errors="0" time="2.092">
    <testcase time="0.178000000000011" classname="shinytest2_tm_t_shift_by_arm_by_worst" name="e2e_tm_t_shift_by_arm_by_worst_Module_initializes_in_teal_without_errors_and_produces_table_output.">
      <skipped message="Reason: `shinytest2::AppDriver` can not be initialized as {chromote} can not be started ('test-shinytest2-tm_t_shift_by_arm_by_worst.R:55:5')"/>
    </testcase>
    <testcase time="0.183999999999997" classname="shinytest2_tm_t_shift_by_arm_by_worst" name="e2e_tm_t_shift_by_arm_by_worst_Starts_with_specified_label_arm_var_paramcd_worst_flag_var_aval_var_baseline_var_useNA_treatment_flag_var_add_total.">
      <skipped message="Reason: `shinytest2::AppDriver` can not be initialized as {chromote} can not be started ('test-shinytest2-tm_t_shift_by_arm_by_worst.R:70:5')"/>
    </testcase>
    <testcase time="0.173999999999992" classname="shinytest2_tm_t_shift_by_arm_by_worst" name="e2e_tm_t_shift_by_arm_by_worst_Selecting_arm_var_changes_the_table_and_does_not_throw_validation_errors.">
      <skipped message="Reason: `shinytest2::AppDriver` can not be initialized as {chromote} can not be started ('test-shinytest2-tm_t_shift_by_arm_by_worst.R:114:5')"/>
    </testcase>
    <testcase time="0.174000000000007" classname="shinytest2_tm_t_shift_by_arm_by_worst" name="e2e_tm_t_shift_by_arm_by_worst_Deselection_of_arm_var_throws_validation_error.">
      <skipped message="Reason: `shinytest2::AppDriver` can not be initialized as {chromote} can not be started ('test-shinytest2-tm_t_shift_by_arm_by_worst.R:130:3')"/>
    </testcase>
    <testcase time="0.171999999999997" classname="shinytest2_tm_t_shift_by_arm_by_worst" name="e2e_tm_t_shift_by_arm_by_worst_Selecting_paramcd_changes_the_table_and_does_not_throw_validation_errors.">
      <skipped message="Reason: `shinytest2::AppDriver` can not be initialized as {chromote} can not be started ('test-shinytest2-tm_t_shift_by_arm_by_worst.R:145:5')"/>
    </testcase>
    <testcase time="0.165999999999997" classname="shinytest2_tm_t_shift_by_arm_by_worst" name="e2e_tm_t_shift_by_arm_by_worst_Deselection_of_paramcd_throws_validation_error.">
      <skipped message="Reason: `shinytest2::AppDriver` can not be initialized as {chromote} can not be started ('test-shinytest2-tm_t_shift_by_arm_by_worst.R:161:3')"/>
    </testcase>
    <testcase time="0.174000000000007" classname="shinytest2_tm_t_shift_by_arm_by_worst" name="e2e_tm_t_shift_by_arm_by_worst_Selecting_worst_flag_changes_the_table_and_does_not_throw_validation_errors.">
      <skipped message="Reason: `shinytest2::AppDriver` can not be initialized as {chromote} can not be started ('test-shinytest2-tm_t_shift_by_arm_by_worst.R:179:5')"/>
    </testcase>
    <testcase time="0.176000000000002" classname="shinytest2_tm_t_shift_by_arm_by_worst" name="e2e_tm_t_shift_by_arm_by_worst_Deselection_of_worst_flag_throws_validation_error.">
      <skipped message="Reason: `shinytest2::AppDriver` can not be initialized as {chromote} can not be started ('test-shinytest2-tm_t_shift_by_arm_by_worst.R:195:3')"/>
    </testcase>
    <testcase time="0.173000000000002" classname="shinytest2_tm_t_shift_by_arm_by_worst" name="e2e_tm_t_shift_by_arm_by_worst_Selecting_aval_var_changes_the_table_and_does_not_throw_validation_errors.">
      <skipped message="Reason: `shinytest2::AppDriver` can not be initialized as {chromote} can not be started ('test-shinytest2-tm_t_shift_by_arm_by_worst.R:213:5')"/>
    </testcase>
    <testcase time="0.172999999999988" classname="shinytest2_tm_t_shift_by_arm_by_worst" name="e2e_tm_t_shift_by_arm_by_worst_Deselection_of_aval_var_throws_validation_error.">
      <skipped message="Reason: `shinytest2::AppDriver` can not be initialized as {chromote} can not be started ('test-shinytest2-tm_t_shift_by_arm_by_worst.R:229:3')"/>
    </testcase>
    <testcase time="0.174000000000007" classname="shinytest2_tm_t_shift_by_arm_by_worst" name="e2e_tm_t_shift_by_arm_by_worst_Selecting_baseline_var_changes_the_table_and_does_not_throw_validation_errors.">
      <skipped message="Reason: `shinytest2::AppDriver` can not be initialized as {chromote} can not be started ('test-shinytest2-tm_t_shift_by_arm_by_worst.R:245:5')"/>
    </testcase>
    <testcase time="0.173999999999992" classname="shinytest2_tm_t_shift_by_arm_by_worst" name="e2e_tm_t_shift_by_arm_by_worst_Deselection_of_baseline_var_throws_validation_error.">
      <skipped message="Reason: `shinytest2::AppDriver` can not be initialized as {chromote} can not be started ('test-shinytest2-tm_t_shift_by_arm_by_worst.R:261:3')"/>
    </testcase>
  </testsuite>
  <testsuite name="shinytest2-tm_t_shift_by_grade" timestamp="2025-03-06T14:49:24Z" hostname="9ecb9d47dc4f" tests="8" skipped="8" failures="0" errors="0" time="1.902">
    <testcase time="0.241" classname="shinytest2_tm_t_shift_by_grade" name="e2e_tm_t_shift_by_grade_Module_initializes_in_teal_without_errors_and_produces_table_output.">
      <skipped message="Reason: `shinytest2::AppDriver` can not be initialized as {chromote} can not be started ('test-shinytest2-tm_t_shift_by_grade.R:69:5')"/>
    </testcase>
    <testcase time="0.239000000000004" classname="shinytest2_tm_t_shift_by_grade" name="e2e_tm_t_shift_by_grade_Starts_with_specified_label_arm_var_paramcd_worst_flag_var_anl_toxgrade_var_base_toxgrade_var_worst_flag_indicator_add_total_drop_arm_levels_code_missing_baseline.">
      <skipped message="Reason: `shinytest2::AppDriver` can not be initialized as {chromote} can not be started ('test-shinytest2-tm_t_shift_by_grade.R:84:5')"/>
    </testcase>
    <testcase time="0.227000000000004" classname="shinytest2_tm_t_shift_by_grade" name="e2e_tm_t_shift_by_grade_Selecting_arm_var_changes_the_table_and_does_not_throw_validation_errors.">
      <skipped message="Reason: `shinytest2::AppDriver` can not be initialized as {chromote} can not be started ('test-shinytest2-tm_t_shift_by_grade.R:124:5')"/>
    </testcase>
    <testcase time="0.253" classname="shinytest2_tm_t_shift_by_grade" name="e2e_tm_t_shift_by_grade_Deselection_of_arm_var_throws_validation_error.">
      <skipped message="Reason: `shinytest2::AppDriver` can not be initialized as {chromote} can not be started ('test-shinytest2-tm_t_shift_by_grade.R:140:3')"/>
    </testcase>
    <testcase time="0.234999999999999" classname="shinytest2_tm_t_shift_by_grade" name="e2e_tm_t_shift_by_grade_Selecting_paramcd_changes_the_table_and_does_not_throw_validation_errors.">
      <skipped message="Reason: `shinytest2::AppDriver` can not be initialized as {chromote} can not be started ('test-shinytest2-tm_t_shift_by_grade.R:155:5')"/>
    </testcase>
    <testcase time="0.230999999999995" classname="shinytest2_tm_t_shift_by_grade" name="e2e_tm_t_shift_by_grade_Deselection_of_paramcd_throws_validation_error.">
      <skipped message="Reason: `shinytest2::AppDriver` can not be initialized as {chromote} can not be started ('test-shinytest2-tm_t_shift_by_grade.R:171:3')"/>
    </testcase>
    <testcase time="0.243000000000009" classname="shinytest2_tm_t_shift_by_grade" name="e2e_tm_t_shift_by_grade_Selecting_worst_flag_changes_the_table_and_does_not_throw_validation_errors.">
      <skipped message="Reason: `shinytest2::AppDriver` can not be initialized as {chromote} can not be started ('test-shinytest2-tm_t_shift_by_grade.R:188:5')"/>
    </testcase>
    <testcase time="0.23299999999999" classname="shinytest2_tm_t_shift_by_grade" name="e2e_tm_t_shift_by_grade_Deselection_of_worst_flag_throws_validation_error.">
      <skipped message="Reason: `shinytest2::AppDriver` can not be initialized as {chromote} can not be started ('test-shinytest2-tm_t_shift_by_grade.R:204:3')"/>
    </testcase>
  </testsuite>
  <testsuite name="shinytest2-tm_t_smq" timestamp="2025-03-06T14:49:26Z" hostname="9ecb9d47dc4f" tests="8" skipped="8" failures="0" errors="0" time="1.234">
    <testcase time="0.156999999999996" classname="shinytest2_tm_t_smq" name="e2e_tm_t_smq_Module_initializes_in_teal_without_errors_and_produces_table_output.">
      <skipped message="Reason: `shinytest2::AppDriver` can not be initialized as {chromote} can not be started ('test-shinytest2-tm_t_smq.R:58:3')"/>
    </testcase>
    <testcase time="0.170000000000002" classname="shinytest2_tm_t_smq" name="e2e_tm_t_smq_Starts_with_specified_label_arm_var_llt_baskets_sort_criteria_add_total_drop_arm_levels.">
      <skipped message="Reason: `shinytest2::AppDriver` can not be initialized as {chromote} can not be started ('test-shinytest2-tm_t_smq.R:71:5')"/>
    </testcase>
    <testcase time="0.144999999999996" classname="shinytest2_tm_t_smq" name="e2e_tm_t_smq_Selecting_arm_var_changes_the_table_and_does_not_throw_validation_errors.">
      <skipped message="Reason: `shinytest2::AppDriver` can not be initialized as {chromote} can not be started ('test-shinytest2-tm_t_smq.R:102:5')"/>
    </testcase>
    <testcase time="0.156000000000006" classname="shinytest2_tm_t_smq" name="e2e_tm_t_smq_Deselection_of_arm_var_throws_validation_error.">
      <skipped message="Reason: `shinytest2::AppDriver` can not be initialized as {chromote} can not be started ('test-shinytest2-tm_t_smq.R:118:3')"/>
    </testcase>
    <testcase time="0.153000000000006" classname="shinytest2_tm_t_smq" name="e2e_tm_t_smq_Selecting_paramcd_changes_the_table_and_does_not_throw_validation_errors.">
      <skipped message="Reason: `shinytest2::AppDriver` can not be initialized as {chromote} can not be started ('test-shinytest2-tm_t_smq.R:131:3')"/>
    </testcase>
    <testcase time="0.141999999999996" classname="shinytest2_tm_t_smq" name="e2e_tm_t_smq_Deselection_of_paramcd_throws_validation_error.">
      <skipped message="Reason: `shinytest2::AppDriver` can not be initialized as {chromote} can not be started ('test-shinytest2-tm_t_smq.R:146:3')"/>
    </testcase>
    <testcase time="0.156000000000006" classname="shinytest2_tm_t_smq" name="e2e_tm_t_smq_Selecting_worst_flag_changes_the_table_and_does_not_throw_validation_errors.">
      <skipped message="Reason: `shinytest2::AppDriver` can not be initialized as {chromote} can not be started ('test-shinytest2-tm_t_smq.R:161:5')"/>
    </testcase>
    <testcase time="0.154999999999987" classname="shinytest2_tm_t_smq" name="e2e_tm_t_smq_Deselection_of_worst_flag_throws_validation_error.">
      <skipped message="Reason: `shinytest2::AppDriver` can not be initialized as {chromote} can not be started ('test-shinytest2-tm_t_smq.R:177:3')"/>
    </testcase>
  </testsuite>
  <testsuite name="shinytest2-tm_t_summary" timestamp="2025-03-06T14:49:27Z" hostname="9ecb9d47dc4f" tests="6" skipped="6" failures="0" errors="0" time="0.571">
    <testcase time="0.0910000000000082" classname="shinytest2_tm_t_summary" name="e2e_tm_t_summary_Module_initializes_in_teal_without_errors_and_produces_table_output.">
      <skipped message="Reason: `shinytest2::AppDriver` can not be initialized as {chromote} can not be started ('test-shinytest2-tm_t_summary.R:38:3')"/>
    </testcase>
    <testcase time="0.109999999999999" classname="shinytest2_tm_t_summary" name="e2e_tm_t_summary_Starts_with_specified_label_arm_var_summarize_vars_useNA_denominator.">
      <skipped message="Reason: `shinytest2::AppDriver` can not be initialized as {chromote} can not be started ('test-shinytest2-tm_t_summary.R:49:3')"/>
    </testcase>
    <testcase time="0.090999999999994" classname="shinytest2_tm_t_summary" name="e2e_tm_t_summary_Selecting_arm_var_changes_the_table_and_does_not_throw_validation_errors.">
      <skipped message="Reason: `shinytest2::AppDriver` can not be initialized as {chromote} can not be started ('test-shinytest2-tm_t_summary.R:77:5')"/>
    </testcase>
    <testcase time="0.0880000000000081" classname="shinytest2_tm_t_summary" name="e2e_tm_t_summary_Deselection_of_arm_var_throws_validation_error.">
      <skipped message="Reason: `shinytest2::AppDriver` can not be initialized as {chromote} can not be started ('test-shinytest2-tm_t_summary.R:93:3')"/>
    </testcase>
    <testcase time="0.102999999999994" classname="shinytest2_tm_t_summary" name="e2e_tm_t_summary_Selecting_summarize_vars_changes_the_table_and_does_not_throw_validation_errors.">
      <skipped message="Reason: `shinytest2::AppDriver` can not be initialized as {chromote} can not be started ('test-shinytest2-tm_t_summary.R:108:5')"/>
    </testcase>
    <testcase time="0.0880000000000081" classname="shinytest2_tm_t_summary" name="e2e_tm_t_summary_Deselection_of_summarize_vars_throws_validation_error.">
      <skipped message="Reason: `shinytest2::AppDriver` can not be initialized as {chromote} can not be started ('test-shinytest2-tm_t_summary.R:124:3')"/>
    </testcase>
  </testsuite>
  <testsuite name="shinytest2-tm_t_summary_by" timestamp="2025-03-06T14:49:28Z" hostname="9ecb9d47dc4f" tests="10" skipped="10" failures="0" errors="0" time="1.826">
    <testcase time="0.173999999999992" classname="shinytest2_tm_t_summary_by" name="e2e_tm_t_summary_by_Module_initializes_in_teal_without_errors_and_produces_table_output.">
      <skipped message="Reason: `shinytest2::AppDriver` can not be initialized as {chromote} can not be started ('test-shinytest2-tm_t_summary_by.R:56:3')"/>
    </testcase>
    <testcase time="0.183000000000007" classname="shinytest2_tm_t_summary_by" name="e2e_tm_t_summary_by_Starts_with_specified_label_arm_var_paramcd_by_vars_summarize_vars_useNA_numeric_stats_add_total_parallel_vars_row_groups_drop_zero_levels.">
      <skipped message="Reason: `shinytest2::AppDriver` can not be initialized as {chromote} can not be started ('test-shinytest2-tm_t_summary_by.R:70:5')"/>
    </testcase>
    <testcase time="0.170999999999992" classname="shinytest2_tm_t_summary_by" name="e2e_tm_t_summary_by_Selecting_arm_var_changes_the_table_and_does_not_throw_validation_errors.">
      <skipped message="Reason: `shinytest2::AppDriver` can not be initialized as {chromote} can not be started ('test-shinytest2-tm_t_summary_by.R:111:5')"/>
    </testcase>
    <testcase time="0.174000000000007" classname="shinytest2_tm_t_summary_by" name="e2e_tm_t_summary_by_Deselection_of_arm_var_throws_validation_error.">
      <skipped message="Reason: `shinytest2::AppDriver` can not be initialized as {chromote} can not be started ('test-shinytest2-tm_t_summary_by.R:127:3')"/>
    </testcase>
    <testcase time="0.171999999999997" classname="shinytest2_tm_t_summary_by" name="e2e_tm_t_summary_by_Selecting_arm_var_changes_the_table_and_does_not_throw_validation_errors.">
      <skipped message="Reason: `shinytest2::AppDriver` can not be initialized as {chromote} can not be started ('test-shinytest2-tm_t_summary_by.R:142:5')"/>
    </testcase>
    <testcase time="0.168999999999997" classname="shinytest2_tm_t_summary_by" name="e2e_tm_t_summary_by_Deselection_of_arm_var_throws_validation_error.">
      <skipped message="Reason: `shinytest2::AppDriver` can not be initialized as {chromote} can not be started ('test-shinytest2-tm_t_summary_by.R:158:3')"/>
    </testcase>
    <testcase time="0.185000000000002" classname="shinytest2_tm_t_summary_by" name="e2e_tm_t_summary_by_Selecting_arm_var_changes_the_table_and_does_not_throw_validation_errors.">
      <skipped message="Reason: `shinytest2::AppDriver` can not be initialized as {chromote} can not be started ('test-shinytest2-tm_t_summary_by.R:175:5')"/>
    </testcase>
    <testcase time="0.165000000000006" classname="shinytest2_tm_t_summary_by" name="e2e_tm_t_summary_by_Deselection_of_arm_var_changes_the_table_and_does_not_throw_validation_errors.">
      <skipped message="Reason: `shinytest2::AppDriver` can not be initialized as {chromote} can not be started ('test-shinytest2-tm_t_summary_by.R:193:5')"/>
    </testcase>
    <testcase time="0.177999999999997" classname="shinytest2_tm_t_summary_by" name="e2e_tm_t_summary_by_Selecting_summarize_vars_changes_the_table_and_does_not_throw_validation_errors.">
      <skipped message="Reason: `shinytest2::AppDriver` can not be initialized as {chromote} can not be started ('test-shinytest2-tm_t_summary_by.R:211:5')"/>
    </testcase>
    <testcase time="0.254999999999995" classname="shinytest2_tm_t_summary_by" name="e2e_tm_t_summary_by_Deselection_of_summarize_vars_throws_validation_error.">
      <skipped message="Reason: `shinytest2::AppDriver` can not be initialized as {chromote} can not be started ('test-shinytest2-tm_t_summary_by.R:227:3')"/>
    </testcase>
  </testsuite>
  <testsuite name="shinytest2-tm_t_tte" timestamp="2025-03-06T14:49:30Z" hostname="9ecb9d47dc4f" tests="8" skipped="8" failures="0" errors="0" time="1.047">
    <testcase time="0.135000000000005" classname="shinytest2_tm_t_tte" name="e2e_tm_t_tte_Module_initializes_in_teal_without_errors_and_produces_table_output.">
      <skipped message="Reason: `shinytest2::AppDriver` can not be initialized as {chromote} can not be started ('test-shinytest2-tm_t_tte.R:77:3')"/>
    </testcase>
    <testcase time="0.138999999999996" classname="shinytest2_tm_t_tte" name="e2e_tm_t_tte_Starts_with_specified_label_paramcd_event_desc_var_arm_var_buckets_strata_var_time_points_pval_method_coxph_ties_coxph_conf_level_coxph_conf_level_survfit_conf_type_survfit_probs_survfit_compare_arms_combine_comp_arms.">
      <skipped message="Reason: `shinytest2::AppDriver` can not be initialized as {chromote} can not be started ('test-shinytest2-tm_t_tte.R:92:5')"/>
    </testcase>
    <testcase time="0.135000000000005" classname="shinytest2_tm_t_tte" name="e2e_tm_t_tte_Selecting_paramcd_changes_the_table_and_does_not_throw_validation_errors.">
      <skipped message="Reason: `shinytest2::AppDriver` can not be initialized as {chromote} can not be started ('test-shinytest2-tm_t_tte.R:158:5')"/>
    </testcase>
    <testcase time="0.120999999999995" classname="shinytest2_tm_t_tte" name="e2e_tm_t_tte_Deselection_of_paramcd_throws_validation_error.">
      <skipped message="Reason: `shinytest2::AppDriver` can not be initialized as {chromote} can not be started ('test-shinytest2-tm_t_tte.R:174:3')"/>
    </testcase>
    <testcase time="0.134" classname="shinytest2_tm_t_tte" name="e2e_tm_t_tte_Selecting_arm_var_changes_the_table_and_does_not_throw_validation_errors.">
      <skipped message="Reason: `shinytest2::AppDriver` can not be initialized as {chromote} can not be started ('test-shinytest2-tm_t_tte.R:191:5')"/>
    </testcase>
    <testcase time="0.120000000000005" classname="shinytest2_tm_t_tte" name="e2e_tm_t_tte_Deselection_of_arm_var_throws_validation_error.">
      <skipped message="Reason: `shinytest2::AppDriver` can not be initialized as {chromote} can not be started ('test-shinytest2-tm_t_tte.R:207:3')"/>
    </testcase>
    <testcase time="0.137" classname="shinytest2_tm_t_tte" name="e2e_tm_t_tte_Selecting_strata_var_changes_the_table_and_does_not_throw_validation_errors.">
      <skipped message="Reason: `shinytest2::AppDriver` can not be initialized as {chromote} can not be started ('test-shinytest2-tm_t_tte.R:224:5')"/>
    </testcase>
    <testcase time="0.125999999999991" classname="shinytest2_tm_t_tte" name="e2e_tm_t_tte_Deselection_of_strata_var_changes_the_table_and_throw_validation_errors.">
      <skipped message="Reason: `shinytest2::AppDriver` can not be initialized as {chromote} can not be started ('test-shinytest2-tm_t_tte.R:242:5')"/>
    </testcase>
  </testsuite>
  <testsuite name="string_ops" timestamp="2025-03-06T14:49:31Z" hostname="9ecb9d47dc4f" tests="1" skipped="0" failures="0" errors="0" time="0.022">
    <testcase time="0.0220000000000056" classname="string_ops" name="_as_num_as_a_wide_interpretation_of_input_to_extract_numerics."/>
  </testsuite>
  <testsuite name="substitute_names" timestamp="2025-03-06T14:49:31Z" hostname="9ecb9d47dc4f" tests="9" skipped="0" failures="0" errors="0" time="0.059">
    <testcase time="0.00900000000000034" classname="substitute_names" name="substitute_q_works_as_expected"/>
    <testcase time="0.00799999999999557" classname="substitute_names" name="substitute_q_fails_on_unquoted_call"/>
    <testcase time="0.00600000000000023" classname="substitute_names" name="h_subst_lhs_names_works_as_expected"/>
    <testcase time="0.00600000000000023" classname="substitute_names" name="substitute_lhs_names_works_as_expected_with_nested_expressions"/>
    <testcase time="0.00600000000000023" classname="substitute_names" name="substitute_lhs_names_does_not_lead_to_infinite_recursion"/>
    <testcase time="0.00600000000000023" classname="substitute_names" name="substitute_rhs_works_as_expected"/>
    <testcase time="0.00600000000000023" classname="substitute_names" name="substitute_names_works_as_expected"/>
    <testcase time="0.00600000000000023" classname="substitute_names" name="substitute_names_can_also_substitute_other_expressions_if_requested"/>
    <testcase time="0.00600000000000023" classname="substitute_names" name="substitute_names_works_as_expected_with_nested_expressions"/>
  </testsuite>
  <testsuite name="tm_a_gee" timestamp="2025-03-06T14:49:31Z" hostname="9ecb9d47dc4f" tests="8" skipped="0" failures="0" errors="0" time="0.162">
    <testcase time="0.0100000000000051" classname="tm_a_gee" name="template_a_gee_t_gee_cov_table_works_as_expected_with_default_input"/>
    <testcase time="0.054000000000002" classname="tm_a_gee" name="template_a_gee_t_gee_cov_table_works_as_expected_with_default_input"/>
    <testcase time="0.00499999999999545" classname="tm_a_gee" name="template_a_gee_t_gee_coef_table_works_as_expected_with_default_input"/>
    <testcase time="0.0339999999999918" classname="tm_a_gee" name="template_a_gee_t_gee_coef_table_works_as_expected_with_default_input"/>
    <testcase time="0.00499999999999545" classname="tm_a_gee" name="template_a_gee_works_as_expected_with_non_default_reference_arm"/>
    <testcase time="0.0200000000000102" classname="tm_a_gee" name="template_a_gee_works_as_expected_with_non_default_reference_arm"/>
    <testcase time="0.00600000000000023" classname="tm_a_gee" name="template_a_gee_works_as_expected_when_arm_is_not_considered_in_the_model"/>
    <testcase time="0.0279999999999916" classname="tm_a_gee" name="template_a_gee_works_as_expected_when_arm_is_not_considered_in_the_model"/>
  </testsuite>
  <testsuite name="tm_a_mmrm" timestamp="2025-03-06T14:49:31Z" hostname="9ecb9d47dc4f" tests="10" skipped="0" failures="0" errors="0" time="0.146">
    <testcase time="0.01400000000001" classname="tm_a_mmrm" name="template_fit_mmrm_works_as_expected_when_not_combining_comparison_arms"/>
    <testcase time="0.0219999999999914" classname="tm_a_mmrm" name="template_fit_mmrm_works_as_expected_when_not_combining_comparison_arms"/>
    <testcase time="0.007000000000005" classname="tm_a_mmrm" name="template_fit_mmrm_works_as_expected_when_combining_combination_arms"/>
    <testcase time="0.0210000000000008" classname="tm_a_mmrm" name="template_fit_mmrm_works_as_expected_when_combining_combination_arms"/>
    <testcase time="0.00600000000000023" classname="tm_a_mmrm" name="template_mmrm_tables_works_as_expected"/>
    <testcase time="0.0210000000000008" classname="tm_a_mmrm" name="template_mmrm_tables_works_as_expected"/>
    <testcase time="0.00600000000000023" classname="tm_a_mmrm" name="template_mmrm_tables_works_as_expected_when_arm_is_not_considered_in_the_model"/>
    <testcase time="0.0210000000000008" classname="tm_a_mmrm" name="template_mmrm_tables_works_as_expected_when_arm_is_not_considered_in_the_model"/>
    <testcase time="0.00600000000000023" classname="tm_a_mmrm" name="template_mmrm_plots_works_as_expected"/>
    <testcase time="0.0219999999999914" classname="tm_a_mmrm" name="template_mmrm_plots_works_as_expected"/>
  </testsuite>
  <testsuite name="tm_g_ci" timestamp="2025-03-06T14:49:31Z" hostname="9ecb9d47dc4f" tests="8" skipped="0" failures="0" errors="0" time="0.119">
    <testcase time="0.00900000000000034" classname="tm_g_ci" name="1._and_2._Mean_and_95_CIs_for_mean"/>
    <testcase time="0.0190000000000055" classname="tm_g_ci" name="1._and_2._Mean_and_95_CIs_for_mean"/>
    <testcase time="0.00600000000000023" classname="tm_g_ci" name="3._Confidence_Interval_Plot_using_different_stratification_variable_"/>
    <testcase time="0.0279999999999916" classname="tm_g_ci" name="3._Confidence_Interval_Plot_using_different_stratification_variable_"/>
    <testcase time="0.00800000000000978" classname="tm_g_ci" name="4._Median_and_95_CIs_for_median"/>
    <testcase time="0.0219999999999914" classname="tm_g_ci" name="4._Median_and_95_CIs_for_median"/>
    <testcase time="0.00600000000000023" classname="tm_g_ci" name="5._Using_different_alpha_level"/>
    <testcase time="0.0210000000000008" classname="tm_g_ci" name="5._Using_different_alpha_level"/>
  </testsuite>
  <testsuite name="tm_g_forest_rsp" timestamp="2025-03-06T14:49:31Z" hostname="9ecb9d47dc4f" tests="4" skipped="0" failures="0" errors="0" time="0.063">
    <testcase time="0.0120000000000005" classname="tm_g_forest_rsp" name="template_forest_rsp_generates_correct_expressions"/>
    <testcase time="0.0210000000000008" classname="tm_g_forest_rsp" name="template_forest_rsp_generates_correct_expressions"/>
    <testcase time="0.00900000000000034" classname="tm_g_forest_rsp" name="template_forest_rsp_works_with_risk_difference_column_added"/>
    <testcase time="0.0210000000000008" classname="tm_g_forest_rsp" name="template_forest_rsp_works_with_risk_difference_column_added"/>
  </testsuite>
  <testsuite name="tm_g_forest_tte" timestamp="2025-03-06T14:49:31Z" hostname="9ecb9d47dc4f" tests="4" skipped="0" failures="0" errors="0" time="0.061">
    <testcase time="0.0120000000000005" classname="tm_g_forest_tte" name="template_forest_tte_generates_correct_expressions"/>
    <testcase time="0.0210000000000008" classname="tm_g_forest_tte" name="template_forest_tte_generates_correct_expressions"/>
    <testcase time="0.00799999999999557" classname="tm_g_forest_tte" name="template_forest_tte_works_with_risk_difference_column_added"/>
    <testcase time="0.0200000000000102" classname="tm_g_forest_tte" name="template_forest_tte_works_with_risk_difference_column_added"/>
  </testsuite>
  <testsuite name="tm_g_ipp" timestamp="2025-03-06T14:49:31Z" hostname="9ecb9d47dc4f" tests="4" skipped="0" failures="0" errors="0" time="0.068">
    <testcase time="0.0150000000000006" classname="tm_g_ipp" name="template_g_ipp_works_as_expected_with_default_arguments"/>
    <testcase time="0.0259999999999962" classname="tm_g_ipp" name="template_g_ipp_works_as_expected_with_default_arguments"/>
    <testcase time="0.00600000000000023" classname="tm_g_ipp" name="template_g_ipp_works_as_expected_with_non_default_arguments"/>
    <testcase time="0.0210000000000008" classname="tm_g_ipp" name="template_g_ipp_works_as_expected_with_non_default_arguments"/>
  </testsuite>
  <testsuite name="tm_g_km" timestamp="2025-03-06T14:49:31Z" hostname="9ecb9d47dc4f" tests="6" skipped="0" failures="0" errors="0" time="0.091">
    <testcase time="0.0109999999999957" classname="tm_g_km" name="template_g_km_works_as_expected_with_default_arguments"/>
    <testcase time="0.0220000000000056" classname="tm_g_km" name="template_g_km_works_as_expected_with_default_arguments"/>
    <testcase time="0.00699999999999079" classname="tm_g_km" name="template_g_km_gives_correct_data_expression_when_we_want_to_compare_versus_reference_arms"/>
    <testcase time="0.0210000000000008" classname="tm_g_km" name="template_g_km_gives_correct_data_expression_when_we_want_to_compare_versus_reference_arms"/>
    <testcase time="0.00800000000000978" classname="tm_g_km" name="template_g_km_gives_correct_data_expression_when_we_want_to_combine_comparison_arms"/>
    <testcase time="0.0219999999999914" classname="tm_g_km" name="template_g_km_gives_correct_data_expression_when_we_want_to_combine_comparison_arms"/>
  </testsuite>
  <testsuite name="tm_g_lineplot" timestamp="2025-03-06T14:49:31Z" hostname="9ecb9d47dc4f" tests="4" skipped="0" failures="0" errors="0" time="0.062">
    <testcase time="0.00900000000000034" classname="tm_g_lineplot" name="template_g_lineplot_works_as_expected_with_default_arguments"/>
    <testcase time="0.019999999999996" classname="tm_g_lineplot" name="template_g_lineplot_works_as_expected_with_default_arguments"/>
    <testcase time="0.00600000000000023" classname="tm_g_lineplot" name="template_g_lineplot_gives_correct_data_expression_with_custom_arguments"/>
    <testcase time="0.027000000000001" classname="tm_g_lineplot" name="template_g_lineplot_gives_correct_data_expression_with_custom_arguments"/>
  </testsuite>
  <testsuite name="tm_t_abnormality" timestamp="2025-03-06T14:49:31Z" hostname="9ecb9d47dc4f" tests="6" skipped="0" failures="0" errors="0" time="0.095">
    <testcase time="0.0150000000000006" classname="tm_t_abnormality" name="template_abnormality_generates_correct_expressions_with_default_arguments"/>
    <testcase time="0.0229999999999961" classname="tm_t_abnormality" name="template_abnormality_generates_correct_expressions_with_default_arguments"/>
    <testcase time="0.007000000000005" classname="tm_t_abnormality" name="template_abnormality_generates_correct_expressions_with_custom_arguments"/>
    <testcase time="0.0219999999999914" classname="tm_t_abnormality" name="template_abnormality_generates_correct_expressions_with_custom_arguments"/>
    <testcase time="0.007000000000005" classname="tm_t_abnormality" name="template_abnormality_generates_correct_expressions_with_customized_na_level"/>
    <testcase time="0.0210000000000008" classname="tm_t_abnormality" name="template_abnormality_generates_correct_expressions_with_customized_na_level"/>
  </testsuite>
  <testsuite name="tm_t_abnormality_by_worst_grade" timestamp="2025-03-06T14:49:32Z" hostname="9ecb9d47dc4f" tests="5" skipped="0" failures="0" errors="0" time="0.074">
    <testcase time="0.0120000000000005" classname="tm_t_abnormality_by_worst_grade" name="template_abnormality_by_worst_grade_generates_correct_expressions_with_default_arguments"/>
    <testcase time="0.0220000000000056" classname="tm_t_abnormality_by_worst_grade" name="template_abnormality_by_worst_grade_generates_correct_expressions_with_default_arguments"/>
    <testcase time="0.00699999999999079" classname="tm_t_abnormality_by_worst_grade" name="template_abnormality_by_worst_grade_generates_correct_expressions_with_custom_arguments"/>
    <testcase time="0.0210000000000008" classname="tm_t_abnormality_by_worst_grade" name="template_abnormality_by_worst_grade_generates_correct_expressions_with_custom_arguments"/>
    <testcase time="0.0120000000000005" classname="tm_t_abnormality_by_worst_grade" name="template_abnormality_by_worst_grade_throws_an_error_when_ATOXGR_contains_NA_values"/>
  </testsuite>
  <testsuite name="tm_t_ancova" timestamp="2025-03-06T14:49:32Z" hostname="9ecb9d47dc4f" tests="14" skipped="0" failures="0" errors="0" time="0.216">
    <testcase time="0.0120000000000005" classname="tm_t_ancova" name="template_ancova_generates_expressions_with_multiple_endpoints"/>
    <testcase time="0.027000000000001" classname="tm_t_ancova" name="template_ancova_generates_expressions_with_multiple_endpoints"/>
    <testcase time="0.0120000000000005" classname="tm_t_ancova" name="template_ancova_generates_expressions_with_multiple_endpoints_with_combined_comparison_arms"/>
    <testcase time="0.0220000000000056" classname="tm_t_ancova" name="template_ancova_generates_expressions_with_multiple_endpoints_with_combined_comparison_arms"/>
    <testcase time="0.00799999999999557" classname="tm_t_ancova" name="template_ancova_generates_expressions_with_multiple_endpoints_with_combined_reference_arms"/>
    <testcase time="0.0210000000000008" classname="tm_t_ancova" name="template_ancova_generates_expressions_with_multiple_endpoints_with_combined_reference_arms"/>
    <testcase time="0.00799999999999557" classname="tm_t_ancova" name="template_ancova_generates_expressions_with_single_endpoint"/>
    <testcase time="0.0210000000000008" classname="tm_t_ancova" name="template_ancova_generates_expressions_with_single_endpoint"/>
    <testcase time="0.00800000000000978" classname="tm_t_ancova" name="template_ancova_generates_expressions_with_multiple_endpoints"/>
    <testcase time="0.0209999999999866" classname="tm_t_ancova" name="template_ancova_generates_expressions_with_multiple_endpoints"/>
    <testcase time="0.00800000000000978" classname="tm_t_ancova" name="template_ancova_generates_expressions_with_discrete_interaction_variable"/>
    <testcase time="0.0210000000000008" classname="tm_t_ancova" name="template_ancova_generates_expressions_with_discrete_interaction_variable"/>
    <testcase time="0.00699999999999079" classname="tm_t_ancova" name="template_ancova_generates_expressions_with_continuous_interaction_variable"/>
    <testcase time="0.0200000000000102" classname="tm_t_ancova" name="template_ancova_generates_expressions_with_continuous_interaction_variable"/>
  </testsuite>
  <testsuite name="tm_t_binary_outcome" timestamp="2025-03-06T14:49:32Z" hostname="9ecb9d47dc4f" tests="16" skipped="0" failures="0" errors="0" time="0.254">
    <testcase time="0.0169999999999959" classname="tm_t_binary_outcome" name="template_binary_outcome_generates_standard_expressions"/>
    <testcase time="0.0280000000000058" classname="tm_t_binary_outcome" name="template_binary_outcome_generates_standard_expressions"/>
    <testcase time="0.00699999999999079" classname="tm_t_binary_outcome" name="template_binary_outcome_generates_right_expressions_with_non_default"/>
    <testcase time="0.0220000000000056" classname="tm_t_binary_outcome" name="template_binary_outcome_generates_right_expressions_with_non_default"/>
    <testcase time="0.00699999999999079" classname="tm_t_binary_outcome" name="template_binary_outcome_generates_expression_without_arm_comparison"/>
    <testcase time="0.0210000000000008" classname="tm_t_binary_outcome" name="template_binary_outcome_generates_expression_without_arm_comparison"/>
    <testcase time="0.00800000000000978" classname="tm_t_binary_outcome" name="template_binary_outcome_generates_expression_with_non_default_controls_and_strata."/>
    <testcase time="0.0219999999999914" classname="tm_t_binary_outcome" name="template_binary_outcome_generates_expression_with_non_default_controls_and_strata."/>
    <testcase time="0.00800000000000978" classname="tm_t_binary_outcome" name="template_binary_outcome_can_combine_comparison_arms"/>
    <testcase time="0.0210000000000008" classname="tm_t_binary_outcome" name="template_binary_outcome_can_combine_comparison_arms"/>
    <testcase time="0.00699999999999079" classname="tm_t_binary_outcome" name="template_binary_outcome_can_combine_comparison_arms_when_compare_arms_is_FALSE"/>
    <testcase time="0.019999999999996" classname="tm_t_binary_outcome" name="template_binary_outcome_can_combine_comparison_arms_when_compare_arms_is_FALSE"/>
    <testcase time="0.00500000000000966" classname="tm_t_binary_outcome" name="split_col_expr_prepare_the_right_four_possible_expressions"/>
    <testcase time="0.0259999999999962" classname="tm_t_binary_outcome" name="split_col_expr_prepare_the_right_four_possible_expressions"/>
    <testcase time="0.0130000000000052" classname="tm_t_binary_outcome" name="template_binary_outcome_can_combine_refs"/>
    <testcase time="0.0219999999999914" classname="tm_t_binary_outcome" name="template_binary_outcome_can_combine_refs"/>
  </testsuite>
  <testsuite name="tm_t_coxreg" timestamp="2025-03-06T14:49:32Z" hostname="9ecb9d47dc4f" tests="6" skipped="0" failures="0" errors="0" time="0.089">
    <testcase time="0.0100000000000051" classname="tm_t_coxreg" name="template_coxreg_generates_correct_univariate_cox_regression_expressions"/>
    <testcase time="0.0219999999999914" classname="tm_t_coxreg" name="template_coxreg_generates_correct_univariate_cox_regression_expressions"/>
    <testcase time="0.007000000000005" classname="tm_t_coxreg" name="template_coxreg_generates_correct_univariate_cox_regression_expressions_with_interactions"/>
    <testcase time="0.0210000000000008" classname="tm_t_coxreg" name="template_coxreg_generates_correct_univariate_cox_regression_expressions_with_interactions"/>
    <testcase time="0.00799999999999557" classname="tm_t_coxreg" name="template_coxreg_generates_correct_multivariate_cox_regression_expressions"/>
    <testcase time="0.0210000000000008" classname="tm_t_coxreg" name="template_coxreg_generates_correct_multivariate_cox_regression_expressions"/>
  </testsuite>
  <testsuite name="tm_t_events" timestamp="2025-03-06T14:49:32Z" hostname="9ecb9d47dc4f" tests="12" skipped="0" failures="0" errors="0" time="0.195">
    <testcase time="0.0130000000000052" classname="tm_t_events" name="template_events_generates_correct_expressions"/>
    <testcase time="0.0219999999999914" classname="tm_t_events" name="template_events_generates_correct_expressions"/>
    <testcase time="0.00800000000000978" classname="tm_t_events" name="template_events_generates_correct_expressions_for_nested_columns"/>
    <testcase time="0.019999999999996" classname="tm_t_events" name="template_events_generates_correct_expressions_for_nested_columns"/>
    <testcase time="0.0139999999999958" classname="tm_t_events" name="template_events_can_generate_customized_table"/>
    <testcase time="0.0259999999999962" classname="tm_t_events" name="template_events_can_generate_customized_table"/>
    <testcase time="0.00800000000000978" classname="tm_t_events" name="template_events_can_generate_customized_table_with_alphabetical_sorting"/>
    <testcase time="0.0219999999999914" classname="tm_t_events" name="template_events_can_generate_customized_table_with_alphabetical_sorting"/>
    <testcase time="0.00800000000000978" classname="tm_t_events" name="template_events_can_generate_customized_table_with_pruning"/>
    <testcase time="0.0219999999999914" classname="tm_t_events" name="template_events_can_generate_customized_table_with_pruning"/>
    <testcase time="0.0100000000000051" classname="tm_t_events" name="template_events_can_generate_customized_table_with_pruning_for_nested_column"/>
    <testcase time="0.0220000000000056" classname="tm_t_events" name="template_events_can_generate_customized_table_with_pruning_for_nested_column"/>
  </testsuite>
  <testsuite name="tm_t_events_by_grade" timestamp="2025-03-06T14:49:32Z" hostname="9ecb9d47dc4f" tests="16" skipped="0" failures="0" errors="0" time="0.254">
    <testcase time="0.012999999999991" classname="tm_t_events_by_grade" name="template_events_by_grade_generates_standard_expressions"/>
    <testcase time="0.0210000000000008" classname="tm_t_events_by_grade" name="template_events_by_grade_generates_standard_expressions"/>
    <testcase time="0.00799999999999557" classname="tm_t_events_by_grade" name="template_events_by_grade_generates_standard_expressions_with_pruning_conditions"/>
    <testcase time="0.0200000000000102" classname="tm_t_events_by_grade" name="template_events_by_grade_generates_standard_expressions_with_pruning_conditions"/>
    <testcase time="0.00799999999999557" classname="tm_t_events_by_grade" name="template_events_by_grade_without_adding_total_column_option_works_as_expected"/>
    <testcase time="0.0319999999999965" classname="tm_t_events_by_grade" name="template_events_by_grade_without_adding_total_column_option_works_as_expected"/>
    <testcase time="0.00800000000000978" classname="tm_t_events_by_grade" name="template_events_by_grade_with_hlt_only_works"/>
    <testcase time="0.0219999999999914" classname="tm_t_events_by_grade" name="template_events_by_grade_with_hlt_only_works"/>
    <testcase time="0.0100000000000051" classname="tm_t_events_by_grade" name="template_events_col_by_grade_generates_standard_expressions"/>
    <testcase time="0.0219999999999914" classname="tm_t_events_by_grade" name="template_events_col_by_grade_generates_standard_expressions"/>
    <testcase time="0.00900000000000034" classname="tm_t_events_by_grade" name="template_events_col_by_grade_works_with_custom_values"/>
    <testcase time="0.0210000000000008" classname="tm_t_events_by_grade" name="template_events_col_by_grade_works_with_custom_values"/>
    <testcase time="0.00900000000000034" classname="tm_t_events_by_grade" name="template_events_col_by_grade_without_adding_total_column_option_works_as_expected"/>
    <testcase time="0.0220000000000056" classname="tm_t_events_by_grade" name="template_events_col_by_grade_without_adding_total_column_option_works_as_expected"/>
    <testcase time="0.00799999999999557" classname="tm_t_events_by_grade" name="template_events_col_by_grade_without_dropping_arm_levels_option_works_as_expected"/>
    <testcase time="0.0210000000000008" classname="tm_t_events_by_grade" name="template_events_col_by_grade_without_dropping_arm_levels_option_works_as_expected"/>
  </testsuite>
  <testsuite name="tm_t_events_patyear" timestamp="2025-03-06T14:49:33Z" hostname="9ecb9d47dc4f" tests="6" skipped="0" failures="0" errors="0" time="0.102">
    <testcase time="0.0109999999999957" classname="tm_t_events_patyear" name="template_events_patyear_generates_standard_expressions"/>
    <testcase time="0.0310000000000059" classname="tm_t_events_patyear" name="template_events_patyear_generates_standard_expressions"/>
    <testcase time="0.00799999999999557" classname="tm_t_events_patyear" name="template_events_patyear_generates_right_expressions_with_non_default"/>
    <testcase time="0.0210000000000008" classname="tm_t_events_patyear" name="template_events_patyear_generates_right_expressions_with_non_default"/>
    <testcase time="0.00900000000000034" classname="tm_t_events_patyear" name="template_events_patyear_generates_right_expressions_with_non_default_controls"/>
    <testcase time="0.0220000000000056" classname="tm_t_events_patyear" name="template_events_patyear_generates_right_expressions_with_non_default_controls"/>
  </testsuite>
  <testsuite name="tm_t_events_summary" timestamp="2025-03-06T14:49:33Z" hostname="9ecb9d47dc4f" tests="4" skipped="0" failures="0" errors="0" time="0.064">
    <testcase time="0.0109999999999957" classname="tm_t_events_summary" name="template_events_summary_generates_minimal_table"/>
    <testcase time="0.0220000000000056" classname="tm_t_events_summary" name="template_events_summary_generates_minimal_table"/>
    <testcase time="0.00900000000000034" classname="tm_t_events_summary" name="template_events_summary_generates_table_with_multiple_flags"/>
    <testcase time="0.0219999999999914" classname="tm_t_events_summary" name="template_events_summary_generates_table_with_multiple_flags"/>
  </testsuite>
  <testsuite name="tm_t_exposure" timestamp="2025-03-06T14:49:33Z" hostname="9ecb9d47dc4f" tests="6" skipped="0" failures="0" errors="0" time="0.093">
    <testcase time="0.00900000000000034" classname="tm_t_exposure" name="template_exposure_generates_correct_expressions_with_default_arguments"/>
    <testcase time="0.0200000000000102" classname="tm_t_exposure" name="template_exposure_generates_correct_expressions_with_default_arguments"/>
    <testcase time="0.00600000000000023" classname="tm_t_exposure" name="template_exposure_generates_correct_expressions_with_custom_arguments"/>
    <testcase time="0.027000000000001" classname="tm_t_exposure" name="template_exposure_generates_correct_expressions_with_custom_arguments"/>
    <testcase time="0.00799999999999557" classname="tm_t_exposure" name="template_exposure_generates_correct_expressions_with_paramcd_label"/>
    <testcase time="0.0229999999999961" classname="tm_t_exposure" name="template_exposure_generates_correct_expressions_with_paramcd_label"/>
  </testsuite>
  <testsuite name="tm_t_logisitic" timestamp="2025-03-06T14:49:33Z" hostname="9ecb9d47dc4f" tests="6" skipped="0" failures="0" errors="0" time="0.088">
    <testcase time="0.0109999999999957" classname="tm_t_logisitic" name="template_logistic_generates_correct_expressions"/>
    <testcase time="0.0210000000000008" classname="tm_t_logisitic" name="template_logistic_generates_correct_expressions"/>
    <testcase time="0.00600000000000023" classname="tm_t_logisitic" name="template_logistic_generates_correct_expressions_for_no_arm_variable"/>
    <testcase time="0.0220000000000056" classname="tm_t_logisitic" name="template_logistic_generates_correct_expressions_for_no_arm_variable"/>
    <testcase time="0.007000000000005" classname="tm_t_logisitic" name="template_logistic_generates_correct_expressions"/>
    <testcase time="0.0210000000000008" classname="tm_t_logisitic" name="template_logistic_generates_correct_expressions"/>
  </testsuite>
  <testsuite name="tm_t_mult_events" timestamp="2025-03-06T14:49:33Z" hostname="9ecb9d47dc4f" tests="12" skipped="0" failures="0" errors="0" time="0.191">
    <testcase time="0.012999999999991" classname="tm_t_mult_events" name="template_mult_events_generates_correct_expressions_with_1_HLT_parameter"/>
    <testcase time="0.0210000000000008" classname="tm_t_mult_events" name="template_mult_events_generates_correct_expressions_with_1_HLT_parameter"/>
    <testcase time="0.00799999999999557" classname="tm_t_mult_events" name="template_mult_events_generates_correct_expressions_with_2_HLT_parameters_and_drop_arm_levels_FALSE"/>
    <testcase time="0.0200000000000102" classname="tm_t_mult_events" name="template_mult_events_generates_correct_expressions_with_2_HLT_parameters_and_drop_arm_levels_FALSE"/>
    <testcase time="0.012999999999991" classname="tm_t_mult_events" name="template_mult_events_generates_correct_expressions_with_3_HLT_parameters"/>
    <testcase time="0.0280000000000058" classname="tm_t_mult_events" name="template_mult_events_generates_correct_expressions_with_3_HLT_parameters"/>
    <testcase time="0.00799999999999557" classname="tm_t_mult_events" name="template_mult_events_generates_correct_expressions_with_4_HLT_parameters"/>
    <testcase time="0.0220000000000056" classname="tm_t_mult_events" name="template_mult_events_generates_correct_expressions_with_4_HLT_parameters"/>
    <testcase time="0.00799999999999557" classname="tm_t_mult_events" name="template_mult_events_generates_correct_expressions_with_no_HLT_parameters"/>
    <testcase time="0.0210000000000008" classname="tm_t_mult_events" name="template_mult_events_generates_correct_expressions_with_no_HLT_parameters"/>
    <testcase time="0.00799999999999557" classname="tm_t_mult_events" name="template_mult_events_generates_correct_expressions_with_1_HLT_parameter_and_without_All_Patients_column"/>
    <testcase time="0.0210000000000008" classname="tm_t_mult_events" name="template_mult_events_generates_correct_expressions_with_1_HLT_parameter_and_without_All_Patients_column"/>
  </testsuite>
  <testsuite name="tm_t_pp_medical_history" timestamp="2025-03-06T14:49:33Z" hostname="9ecb9d47dc4f" tests="9" skipped="0" failures="0" errors="0" time="0.052">
    <testcase time="0.00900000000000034" classname="tm_t_pp_medical_history" name="template_medical_history_outputs_a_list_with_one_named_element"/>
    <testcase time="0.00300000000000011" classname="tm_t_pp_medical_history" name="template_medical_history_outputs_a_list_with_one_named_element"/>
    <testcase time="0.00100000000000477" classname="tm_t_pp_medical_history" name="template_medical_history_outputs_a_list_with_one_named_element"/>
    <testcase time="0.00300000000000011" classname="tm_t_pp_medical_history" name="template_medical_history_outputs_a_list_with_one_named_element"/>
    <testcase time="0.00600000000000023" classname="tm_t_pp_medical_history" name="template_medical_history_s_output_has_element_table_which_is_of_class_call"/>
    <testcase time="0.00199999999999534" classname="tm_t_pp_medical_history" name="template_medical_history_s_output_has_element_table_which_is_of_class_call"/>
    <testcase time="0.00600000000000023" classname="tm_t_pp_medical_history" name="template_medical_history_non_default_parameters"/>
    <testcase time="0.00200000000000955" classname="tm_t_pp_medical_history" name="template_medical_history_non_default_parameters"/>
    <testcase time="0.019999999999996" classname="tm_t_pp_medical_history" name="template_medical_history_non_default_parameters"/>
  </testsuite>
  <testsuite name="tm_t_shift_by_arm" timestamp="2025-03-06T14:49:33Z" hostname="9ecb9d47dc4f" tests="6" skipped="0" failures="0" errors="0" time="0.095">
    <testcase time="0.00900000000000034" classname="tm_t_shift_by_arm" name="template_shift_by_arm_generates_correct_expressions_with_default_arguments"/>
    <testcase time="0.027000000000001" classname="tm_t_shift_by_arm" name="template_shift_by_arm_generates_correct_expressions_with_default_arguments"/>
    <testcase time="0.00699999999999079" classname="tm_t_shift_by_arm" name="template_shift_by_arm_generates_correct_expressions_with_add_total_being_TRUE"/>
    <testcase time="0.0250000000000057" classname="tm_t_shift_by_arm" name="template_shift_by_arm_generates_correct_expressions_with_add_total_being_TRUE"/>
    <testcase time="0.00600000000000023" classname="tm_t_shift_by_arm" name="template_shift_by_arm_generates_correct_expressions_with_na.rm_being_TRUE"/>
    <testcase time="0.0210000000000008" classname="tm_t_shift_by_arm" name="template_shift_by_arm_generates_correct_expressions_with_na.rm_being_TRUE"/>
  </testsuite>
  <testsuite name="tm_t_shift_by_arm_by_worst" timestamp="2025-03-06T14:49:33Z" hostname="9ecb9d47dc4f" tests="6" skipped="0" failures="0" errors="0" time="0.085">
    <testcase time="0.0100000000000051" classname="tm_t_shift_by_arm_by_worst" name="template_shift_by_arm_generates_correct_expressions_with_default_arguments"/>
    <testcase time="0.0210000000000008" classname="tm_t_shift_by_arm_by_worst" name="template_shift_by_arm_generates_correct_expressions_with_default_arguments"/>
    <testcase time="0.00600000000000023" classname="tm_t_shift_by_arm_by_worst" name="template_shift_by_arm_generates_correct_expressions_with_add_total_being_TRUE"/>
    <testcase time="0.0210000000000008" classname="tm_t_shift_by_arm_by_worst" name="template_shift_by_arm_generates_correct_expressions_with_add_total_being_TRUE"/>
    <testcase time="0.00600000000000023" classname="tm_t_shift_by_arm_by_worst" name="template_shift_by_arm_generates_correct_expressions_with_na.rm_being_TRUE"/>
    <testcase time="0.0209999999999866" classname="tm_t_shift_by_arm_by_worst" name="template_shift_by_arm_generates_correct_expressions_with_na.rm_being_TRUE"/>
  </testsuite>
  <testsuite name="tm_t_shift_by_grade" timestamp="2025-03-06T14:49:33Z" hostname="9ecb9d47dc4f" tests="6" skipped="0" failures="0" errors="0" time="0.162">
    <testcase time="0.0130000000000052" classname="tm_t_shift_by_grade" name="template_shift_by_grade_generates_correct_expressions_with_default_arguments"/>
    <testcase time="0.019999999999996" classname="tm_t_shift_by_grade" name="template_shift_by_grade_generates_correct_expressions_with_default_arguments"/>
    <testcase time="0.00800000000000978" classname="tm_t_shift_by_grade" name="template_shift_by_grade_generates_correct_expressions_with_custom_arguments"/>
    <testcase time="0.0429999999999922" classname="tm_t_shift_by_grade" name="template_shift_by_grade_generates_correct_expressions_with_custom_arguments"/>
    <testcase time="0.0110000000000099" classname="tm_t_shift_by_grade" name="template_shift_by_grade_throws_an_error_when_worst_flag_var_is_not_one_of_WGRLOVFL_WGRLOFL_WGRHIVFL_WGRHIFL"/>
    <testcase time="0.0669999999999931" classname="tm_t_shift_by_grade" name="template_shift_by_grade_keeps_the_same_number_of_missing_data_Missing_after_preprocessing"/>
  </testsuite>
  <testsuite name="tm_t_smq" timestamp="2025-03-06T14:49:34Z" hostname="9ecb9d47dc4f" tests="4" skipped="0" failures="0" errors="0" time="0.065">
    <testcase time="0.0130000000000052" classname="tm_t_smq" name="template_smq_generates_correct_expressions_with_default_arguments"/>
    <testcase time="0.0229999999999961" classname="tm_t_smq" name="template_smq_generates_correct_expressions_with_default_arguments"/>
    <testcase time="0.007000000000005" classname="tm_t_smq" name="template_smq_generates_correct_expressions_with_custom_arguments"/>
    <testcase time="0.0219999999999914" classname="tm_t_smq" name="template_smq_generates_correct_expressions_with_custom_arguments"/>
  </testsuite>
  <testsuite name="tm_t_summary" timestamp="2025-03-06T14:49:34Z" hostname="9ecb9d47dc4f" tests="12" skipped="0" failures="0" errors="0" time="0.194">
    <testcase time="0.0120000000000005" classname="tm_t_summary" name="template_summary_generates_correct_expressions"/>
    <testcase time="0.019999999999996" classname="tm_t_summary" name="template_summary_generates_correct_expressions"/>
    <testcase time="0.007000000000005" classname="tm_t_summary" name="template_summary_can_generate_customized_table"/>
    <testcase time="0.0310000000000059" classname="tm_t_summary" name="template_summary_can_generate_customized_table"/>
    <testcase time="0.0120000000000005" classname="tm_t_summary" name="template_summary_generates_correct_expressions_for_multiple_grouping_variables"/>
    <testcase time="0.0219999999999914" classname="tm_t_summary" name="template_summary_generates_correct_expressions_for_multiple_grouping_variables"/>
    <testcase time="0.00800000000000978" classname="tm_t_summary" name="template_summary_generates_correct_expressions_for_multiple_grouping_variables_and_all_patients"/>
    <testcase time="0.0219999999999914" classname="tm_t_summary" name="template_summary_generates_correct_expressions_for_multiple_grouping_variables_and_all_patients"/>
    <testcase time="0.00799999999999557" classname="tm_t_summary" name="template_summary_generates_correct_expressions_for_customized_numeric_statistics"/>
    <testcase time="0.0220000000000056" classname="tm_t_summary" name="template_summary_generates_correct_expressions_for_customized_numeric_statistics"/>
    <testcase time="0.00799999999999557" classname="tm_t_summary" name="template_summary_generates_correct_expressions_when_arm_variable_labels_are_added"/>
    <testcase time="0.0220000000000056" classname="tm_t_summary" name="template_summary_generates_correct_expressions_when_arm_variable_labels_are_added"/>
  </testsuite>
  <testsuite name="tm_t_summary_by" timestamp="2025-03-06T14:49:34Z" hostname="9ecb9d47dc4f" tests="10" skipped="0" failures="0" errors="0" time="0.159">
    <testcase time="0.0109999999999957" classname="tm_t_summary_by" name="template_summary_by_generates_correct_expressions"/>
    <testcase time="0.0210000000000008" classname="tm_t_summary_by" name="template_summary_by_generates_correct_expressions"/>
    <testcase time="0.007000000000005" classname="tm_t_summary_by" name="template_summary_by_generates_correct_expressions_when_parallel_vars_is_true"/>
    <testcase time="0.027000000000001" classname="tm_t_summary_by" name="template_summary_by_generates_correct_expressions_when_parallel_vars_is_true"/>
    <testcase time="0.00999999999999091" classname="tm_t_summary_by" name="template_summary_by_generates_correct_expressions_when_row_groups_is_true"/>
    <testcase time="0.0250000000000057" classname="tm_t_summary_by" name="template_summary_by_generates_correct_expressions_when_row_groups_is_true"/>
    <testcase time="0.007000000000005" classname="tm_t_summary_by" name="template_summary_by_generates_correct_expressions_for_customized_numeric_statistics"/>
    <testcase time="0.0219999999999914" classname="tm_t_summary_by" name="template_summary_by_generates_correct_expressions_for_customized_numeric_statistics"/>
    <testcase time="0.007000000000005" classname="tm_t_summary_by" name="template_summary_by_generates_correct_expressions_for_drop_zero_levels_is_true"/>
    <testcase time="0.0220000000000056" classname="tm_t_summary_by" name="template_summary_by_generates_correct_expressions_for_drop_zero_levels_is_true"/>
  </testsuite>
  <testsuite name="tm_t_tte" timestamp="2025-03-06T14:49:34Z" hostname="9ecb9d47dc4f" tests="8" skipped="0" failures="0" errors="0" time="0.132">
    <testcase time="0.0120000000000005" classname="tm_t_tte" name="template_tte_produces_healthy_standard_output"/>
    <testcase time="0.0209999999999866" classname="tm_t_tte" name="template_tte_produces_healthy_standard_output"/>
    <testcase time="0.00800000000000978" classname="tm_t_tte" name="template_tte_produces_correct_data_expression_when_not_comparing_arms"/>
    <testcase time="0.0210000000000008" classname="tm_t_tte" name="template_tte_produces_correct_data_expression_when_not_comparing_arms"/>
    <testcase time="0.00900000000000034" classname="tm_t_tte" name="template_tte_produces_correct_data_expression_when_comparing_and_combining_arms"/>
    <testcase time="0.019999999999996" classname="tm_t_tte" name="template_tte_produces_correct_data_expression_when_comparing_and_combining_arms"/>
    <testcase time="0.00799999999999557" classname="tm_t_tte" name="template_tte_produces_correct_data_expression_when_comparing_arms"/>
    <testcase time="0.0330000000000013" classname="tm_t_tte" name="template_tte_produces_correct_data_expression_when_comparing_arms"/>
  </testsuite>
  <testsuite name="utils" timestamp="2025-03-06T14:49:34Z" hostname="9ecb9d47dc4f" tests="51" skipped="0" failures="0" errors="0" time="0.499">
    <testcase time="0.0110000000000099" classname="utils" name="h_concat_expr_returns_a_string_for_long_expression"/>
    <testcase time="0.0209999999999866" classname="utils" name="h_concat_expr_returns_a_string_for_long_expression"/>
    <testcase time="0.00600000000000023" classname="utils" name="pipe_expr_concatenate_expressions_into_a_single_pipeline_"/>
    <testcase time="0.00500000000000966" classname="utils" name="add_expr_adds_expressions_to_expression_list"/>
    <testcase time="0.0210000000000008" classname="utils" name="add_expr_adds_expressions_to_expression_list"/>
    <testcase time="0.00499999999999545" classname="utils" name="add_expr_manages_expression_list_which_can_be_used_by_pipe_expr"/>
    <testcase time="0.0210000000000008" classname="utils" name="add_expr_manages_expression_list_which_can_be_used_by_pipe_expr"/>
    <testcase time="0.00600000000000023" classname="utils" name="bracket_expr_concatenates_expressions_into_a_single_expression"/>
    <testcase time="0.0220000000000056" classname="utils" name="bracket_expr_concatenates_expressions_into_a_single_expression"/>
    <testcase time="0.00600000000000023" classname="utils" name="bracket_expr_returns_a_single_evaluable_expression"/>
    <testcase time="0.0210000000000008" classname="utils" name="bracket_expr_returns_a_single_evaluable_expression"/>
    <testcase time="0.00599999999998602" classname="utils" name="prepare_arm_with_standard_inputs"/>
    <testcase time="0.0190000000000055" classname="utils" name="prepare_arm_with_standard_inputs"/>
    <testcase time="0.0120000000000005" classname="utils" name="prepare_arm_combine_ref_arms"/>
    <testcase time="0.0280000000000058" classname="utils" name="prepare_arm_combine_ref_arms"/>
    <testcase time="0.00600000000000023" classname="utils" name="prepare_arm_combine_ref_arms_and_use_new_level"/>
    <testcase time="0.0219999999999914" classname="utils" name="prepare_arm_combine_ref_arms_and_use_new_level"/>
    <testcase time="0.00600000000000023" classname="utils" name="prepare_arm_does_not_do_anything_when_we_don_t_want_to_compare_or_drop_arms"/>
    <testcase time="0.00300000000000011" classname="utils" name="prepare_arm_does_not_do_anything_when_we_don_t_want_to_compare_or_drop_arms"/>
    <testcase time="0.00500000000000966" classname="utils" name="prepare_arm_levels_with_standard_inputs"/>
    <testcase time="0.0219999999999914" classname="utils" name="prepare_arm_levels_with_standard_inputs"/>
    <testcase time="0.00600000000000023" classname="utils" name="prepare_arm_levels_can_use_parentname_arm_levels"/>
    <testcase time="0.0210000000000008" classname="utils" name="prepare_arm_levels_can_use_parentname_arm_levels"/>
    <testcase time="0.00499999999999545" classname="utils" name="color_lab_values_main"/>
    <testcase time="0.0210000000000008" classname="utils" name="color_lab_values_main"/>
    <testcase time="0.007000000000005" classname="utils" name="color_lab_values_neutral_for_none_characters"/>
    <testcase time="0.00300000000000011" classname="utils" name="color_lab_values_neutral_for_none_characters"/>
    <testcase time="0.007000000000005" classname="utils" name="clean_description"/>
    <testcase time="0.00300000000000011" classname="utils" name="clean_description"/>
    <testcase time="0.00600000000000023" classname="utils" name="get_g_forest_obj_var_name"/>
    <testcase time="0.00699999999999079" classname="utils" name="cs_to_select_spec_single_choices_selected_is_converted_to_select_spec"/>
    <testcase time="0.00600000000000023" classname="utils" name="cs_to_select_spec_single_choices_selected_is_converted_to_select_spec_with_multiple_TRUE"/>
    <testcase time="0.007000000000005" classname="utils" name="cs_to_select_spec_single_choices_selected_is_converted_to_select_spec_with_ordered_TRUE"/>
    <testcase time="0.00799999999999557" classname="utils" name="cs_to_select_spec_accepts_choices_selected_only"/>
    <testcase time="0.0150000000000006" classname="utils" name="cs_to_select_spec_accepts_multiple_as_flag_only"/>
    <testcase time="0.0120000000000005" classname="utils" name="cs_to_select_spec_accepts_ordered_as_flag_only"/>
    <testcase time="0.0109999999999957" classname="utils" name="cs_to_filter_spec_fails_if_doesn_t_have_var_choices"/>
    <testcase time="0.01400000000001" classname="utils" name="cs_to_filter_spec_creates_filter_spec_from_choices_selected"/>
    <testcase time="0.00699999999999079" classname="utils" name="cs_to_des_select_creates_data_extract_spec_with_single_select_and_no_filter"/>
    <testcase time="0.007000000000005" classname="utils" name="cs_to_des_select_returns_the_input_if_data_extract_spec_is_provided"/>
    <testcase time="0.007000000000005" classname="utils" name="cs_to_des_select_creates_data_extract_spec_with_multiple_TRUE"/>
    <testcase time="0.00699999999999079" classname="utils" name="cs_to_des_select_creates_data_extract_spec_with_ordered_TRUE"/>
    <testcase time="0.007000000000005" classname="utils" name="as_numeric_from_comma_sep_str_returns_NULL_if_blank_string_or_NULL_entered"/>
    <testcase time="0.00300000000000011" classname="utils" name="as_numeric_from_comma_sep_str_returns_NULL_if_blank_string_or_NULL_entered"/>
    <testcase time="0.00600000000000023" classname="utils" name="as_numeric_from_comma_sep_str_returns_numeric_vector_of_numbers"/>
    <testcase time="0.00300000000000011" classname="utils" name="as_numeric_from_comma_sep_str_returns_numeric_vector_of_numbers"/>
    <testcase time="0.007000000000005" classname="utils" name="as_numeric_from_comma_sep_str_respects_sep_argument"/>
    <testcase time="0.00300000000000011" classname="utils" name="as_numeric_from_comma_sep_str_respects_sep_argument"/>
    <testcase time="0.00499999999999545" classname="utils" name="default_total_label_works_properly"/>
    <testcase time="0.00300000000000011" classname="utils" name="default_total_label_works_properly"/>
    <testcase time="0.00100000000000477" classname="utils" name="default_total_label_works_properly"/>
  </testsuite>
  <testsuite name="validate_standard_inputs" timestamp="2025-03-06T14:49:35Z" hostname="9ecb9d47dc4f" tests="6" skipped="0" failures="0" errors="0" time="0.036">
    <testcase time="0.0120000000000005" classname="validate_standard_inputs" name="validate_arm_throws_shiny_error_if_arm_vec_is_not_a_factor"/>
    <testcase time="0.00499999999999545" classname="validate_standard_inputs" name="validate_arm_throws_shiny_error_if_arm_vec_is_not_a_factor"/>
    <testcase time="0.00799999999999557" classname="validate_standard_inputs" name="validate_arm_throws_specific_shiny_error_if_arm_vec_has_just_whitespace_strings"/>
    <testcase time="0.00499999999999545" classname="validate_standard_inputs" name="validate_arm_throws_specific_shiny_error_if_arm_vec_has_just_whitespace_strings"/>
    <testcase time="0.00500000000000966" classname="validate_standard_inputs" name="validate_arm_throws_no_error_if_arm_vec_is_a_factor"/>
    <testcase time="0.000999999999990564" classname="validate_standard_inputs" name="validate_arm_throws_no_error_if_arm_vec_is_a_factor"/>
  </testsuite>
</testsuites>
